1.NAME: CPSolver
2.PARAMS: {'break_symmetry': True}
3.INSTANCE: /home/wx350715/Kobra/rehabiliation-admission-scheduling/data/comp_study_002/instance_8_5.txt
4.REPETITION: 1
Current directory: /home/wx350715/Kobra/rehabiliation-admission-scheduling
[34m2025-01-08 14:56:17,138 - DEBUG - Solver: <class 'src.solvers.cp_or.CPSolver'>[0m
[34m2025-01-08 14:56:17,138 - DEBUG - Args: {'break_symmetry': True}[0m
[34m2025-01-08 14:56:17,138 - DEBUG - File path /home/wx350715/Kobra/rehabiliation-admission-scheduling/data/comp_study_002/instance_8_5.txt[0m
[34m2025-01-08 14:56:17,156 - DEBUG - ADD INSTANCE DATA[0m
[34m2025-01-08 14:56:17,156 - DEBUG - ADD INSTANCE DATA[0m
[34m2025-01-08 14:56:17,156 - DEBUG - ADD INSTANCE DATA[0m
[34m2025-01-08 14:56:17,156 - DEBUG - ADD INSTANCE DATA[0m
[34m2025-01-08 14:56:17,156 - DEBUG - ADD INSTANCE DATA[0m
[34m2025-01-08 14:56:17,156 - DEBUG - ADD INSTANCE DATA[0m
[34m2025-01-08 14:56:17,156 - DEBUG - ADD INSTANCE DATA[0m
[34m2025-01-08 14:56:17,156 - DEBUG - ADD INSTANCE DATA[0m
[34m2025-01-08 14:56:17,156 - DEBUG - ADD INSTANCE DATA[0m
[34m2025-01-08 14:56:17,156 - DEBUG - ADD INSTANCE DATA[0m
[34m2025-01-08 14:56:17,156 - DEBUG - ADD INSTANCE DATA[0m
[34m2025-01-08 14:56:17,156 - DEBUG - ADD RESOURCE_GROUPS[0m
[34m2025-01-08 14:56:17,156 - DEBUG - ADD RESOURCE_GROUPS[0m
[34m2025-01-08 14:56:17,157 - DEBUG - ADD RESOURCE_GROUPS[0m
[34m2025-01-08 14:56:17,157 - DEBUG - ADD RESOURCE_GROUPS[0m
[34m2025-01-08 14:56:17,157 - DEBUG - ADD RESOURCE_GROUPS[0m
[34m2025-01-08 14:56:17,157 - DEBUG - ADD RESOURCES[0m
[34m2025-01-08 14:56:17,157 - DEBUG - ADD RESOURCES[0m
[34m2025-01-08 14:56:17,157 - DEBUG - ADD RESOURCES[0m
[34m2025-01-08 14:56:17,157 - DEBUG - ADD RESOURCES[0m
[34m2025-01-08 14:56:17,157 - DEBUG - ADD RESOURCES[0m
[34m2025-01-08 14:56:17,157 - DEBUG - ADD RESOURCES[0m
[34m2025-01-08 14:56:17,157 - DEBUG - ADD RESOURCES[0m
[34m2025-01-08 14:56:17,157 - DEBUG - ADD RESOURCES[0m
[34m2025-01-08 14:56:17,157 - DEBUG - ADD RESOURCES[0m
[34m2025-01-08 14:56:17,157 - DEBUG - ADD RESOURCES[0m
[34m2025-01-08 14:56:17,158 - DEBUG - ADD TREATMENTS[0m
[34m2025-01-08 14:56:17,158 - DEBUG - ADD TREATMENTS[0m
[34m2025-01-08 14:56:17,158 - DEBUG - ADD TREATMENTS[0m
[34m2025-01-08 14:56:17,158 - DEBUG - ADD TREATMENTS[0m
[34m2025-01-08 14:56:17,158 - DEBUG - ADD TREATMENTS[0m
[34m2025-01-08 14:56:17,158 - DEBUG - ADD TREATMENTS[0m
[34m2025-01-08 14:56:17,158 - DEBUG - ADD TREATMENTS[0m
[34m2025-01-08 14:56:17,158 - DEBUG - ADD TREATMENTS[0m
[34m2025-01-08 14:56:17,158 - DEBUG - ADD TREATMENTS[0m
[34m2025-01-08 14:56:17,158 - DEBUG - ADD TREATMENTS[0m
[34m2025-01-08 14:56:17,158 - DEBUG - ADD PATIENTS[0m
[34m2025-01-08 14:56:17,159 - DEBUG - ADD PATIENTS[0m
[34m2025-01-08 14:56:17,159 - DEBUG - ADD PATIENTS[0m
[34m2025-01-08 14:56:17,159 - DEBUG - ADD PATIENTS[0m
[34m2025-01-08 14:56:17,159 - DEBUG - ADD PATIENTS[0m
[34m2025-01-08 14:56:17,159 - DEBUG - ADD PATIENTS[0m
[34m2025-01-08 14:56:17,159 - DEBUG - ADD PATIENTS[0m
[34m2025-01-08 14:56:17,159 - DEBUG - ADD PATIENTS[0m
[34m2025-01-08 14:56:17,159 - DEBUG - ADD PATIENTS[0m
[34m2025-01-08 14:56:17,159 - DEBUG - ADD PATIENTS[0m
[34m2025-01-08 14:56:17,159 - DEBUG - ADD PATIENTS[0m
[34m2025-01-08 14:56:17,160 - DEBUG - ADD PATIENTS[0m
[34m2025-01-08 14:56:17,160 - DEBUG - ADD PATIENTS[0m
[34m2025-01-08 14:56:17,160 - DEBUG - ADD PATIENTS[0m
[34m2025-01-08 14:56:17,160 - DEBUG - ADD PATIENTS[0m
[34m2025-01-08 14:56:17,160 - DEBUG - ADD PATIENTS[0m
[34m2025-01-08 14:56:17,160 - DEBUG - ADD PATIENTS[0m
[34m2025-01-08 14:56:17,160 - DEBUG - ADD PATIENTS[0m
[34m2025-01-08 14:56:17,160 - DEBUG - ADD PATIENTS[0m
[34m2025-01-08 14:56:17,160 - DEBUG - ADD PATIENTS[0m
[34m2025-01-08 14:56:17,160 - DEBUG - Instance data:[0m
[34m2025-01-08 14:56:17,161 - DEBUG - Number of patients: 19[0m
[34m2025-01-08 14:56:17,161 - DEBUG - Number of beds: 40[0m
[34m2025-01-08 14:56:17,162 - DEBUG - Average number of treatments per patient: 25.42105263157895[0m
[34m2025-01-08 14:56:17,162 - DEBUG - Average number of treatment per stayed day: 2.542105263157895[0m
[34m2025-01-08 14:56:17,162 - DEBUG - Number of treatments: 483[0m
[34m2025-01-08 14:56:17,162 - DEBUG - Number of resources: 10[0m
[34m2025-01-08 14:56:17,162 - DEBUG - Number of resource groups: 5[0m
[34m2025-01-08 14:56:17,162 - DEBUG - Number of resource hours needed per all treatment by RG(rooms): 22.09999999999998[0m
[34m2025-01-08 14:56:17,162 - DEBUG - Number of resource hours needed per all treatment by RG(physiotherapist): 9.75[0m
[34m2025-01-08 14:56:17,162 - DEBUG - Number of resource hours needed per all treatment by RG(therapists): 7.975000000000001[0m
[34m2025-01-08 14:56:17,162 - DEBUG - Number of resource hours needed per all treatment by RG(sport_room): 5.625[0m
[32m2025-01-08 14:56:17,162 - INFO - {'solver': 'CPSolver', 'args': {'break_symmetry': True, 'max_repr': 'cumulative', 'min_repr': 'cumulative', 'enforce_min_treatments_per_day': True, 'enforce_max_treatments_per_e_w': True, 'enforce_min_patients_per_treatment': True, 'log_to_console': True}}[0m
[34m2025-01-08 14:56:17,162 - DEBUG - Setting options: CPSolver[0m
[34m2025-01-08 14:56:17,162 - DEBUG -  ---- break_symmetry to True[0m
[34m2025-01-08 14:56:17,162 - DEBUG -  ---- min_repr to cumulative[0m
[34m2025-01-08 14:56:17,162 - DEBUG -  ---- max_repr to cumulative[0m
[34m2025-01-08 14:56:17,162 - DEBUG -  ---- add_knowledge to True (default)[0m
[34m2025-01-08 14:56:17,162 - DEBUG - Setting options: Solver[0m
[34m2025-01-08 14:56:17,162 - DEBUG -  ---- number_of_threads to 1 (default)[0m
[34m2025-01-08 14:56:17,162 - DEBUG -  ---- treatment_value to 0 (default)[0m
[34m2025-01-08 14:56:17,162 - DEBUG -  ---- delay_value to 1 (default)[0m
[34m2025-01-08 14:56:17,162 - DEBUG -  ---- missing_treatment_value to 4 (default)[0m
[34m2025-01-08 14:56:17,162 - DEBUG -  ---- enforce_min_treatments_per_day to True[0m
[34m2025-01-08 14:56:17,162 - DEBUG -  ---- enforce_max_treatments_per_e_w to True[0m
[34m2025-01-08 14:56:17,162 - DEBUG -  ---- enforce_min_patients_per_treatment to True[0m
[34m2025-01-08 14:56:17,162 - DEBUG -  ---- log_to_console to True[0m
[34m2025-01-08 14:56:17,162 - DEBUG -  ---- log_to_file to True (default)[0m
[32m2025-01-08 14:56:17,225 - INFO - Create model: CPSolver[0m
[32m2025-01-08 14:56:18,061 - INFO - Symmetry is being broken[0m
[32m2025-01-08 14:56:18,101 - INFO - Time to create model: 0.876[0m
[32m2025-01-08 14:56:18,102 - INFO - Solving model: CPSolver[0m

Starting CP-SAT solver v9.11.4210
Parameters: log_search_progress: true num_search_workers: 1

Initial optimization model '': (model_fingerprint: 0x5d5757919b38ba26)
#Variables: 10'526 (#bools: 4'061 #ints: 19 in objective)
  - 6'295 Booleans in [0,1]
  - 3 in [-10000,100000]
  - 1 in [0,6]
  - 1 in [0,10]
  - 1 in [0,14]
  - 301 in [0,1939]
  - 18 in [0,1940]
  - 3'890 in [0,2328]
  - 1 in [1,5]
  - 1 in [2,4]
  - 1 in [2,5]
  - 1 in [2,6]
  - 1 in [2,8]
  - 1 in [3,6]
  - 1 in [3,8]
  - 2 in [4,8]
  - 2 in [5,9]
  - 1 in [6,11]
  - 1 in [7,8]
  - 1 in [8,12]
  - 1 in [9,13]
  - 1 in [11,14]
#kBoolOr: 6'285 (#enforced: 6'285) (#literals: 6'285)
#kCumulative: 57 (#intervals: 19775, #optional: 11994, #variable_sizes: 7762)
#kInterval: 26'240 (#enforced: 18'289) (#fixed: 170)
#kLinMax: 18 (#expressions: 36)
#kLinear0: 2
#kLinear1: 41
#kLinear2: 8'478 (#enforced: 8'122)
#kLinear3: 127
#kLinearN: 1'106 (#terms: 18'589)
#kNoOverlap: 29 (#intervals: 6164, #optional: 5994, #fixed_intervals: 170)

Starting presolve at 0.01s
  6.07e-03s  0.00e+00d  [DetectDominanceRelations] 
  7.52e-02s  0.00e+00d  [PresolveToFixPoint] #num_loops=2 #num_dual_strengthening=1 
  6.75e-04s  0.00e+00d  [ExtractEncodingFromLinear] #potential_supersets=581 
[Symmetry] Graph for symmetry has 85'340 nodes and 156'731 arcs.
[Symmetry] Symmetry computation done. time: 0.0340159 dtime: 0.0957226
[Symmetry] #generators: 5, average support size: 314.4
[Symmetry] 408 orbits with sizes: 5,5,5,5,5,5,5,5,5,5,...
[Symmetry] Num fixable by binary propagation in orbit: 4 / 5
[Symmetry] Found orbitope of size 126 x 5
[SAT presolve] num removable Booleans: 0 / 6030
[SAT presolve] num trivial clauses: 0
[SAT presolve] [0s] clauses:6208 literals:14795 vars:6017 one_side_vars:3144 simple_definition:2678 singleton_clauses:0
[SAT presolve] [0.000314575s] clauses:6208 literals:14795 vars:6017 one_side_vars:3144 simple_definition:2678 singleton_clauses:0
[SAT presolve] [0.000596929s] clauses:6208 literals:14795 vars:6017 one_side_vars:3144 simple_definition:2678 singleton_clauses:0
  2.75e-03s  0.00e+00d  [DetectDuplicateConstraintsWithDifferentEnforcements] 
  1.32e+01s  2.13e-01d  [Probe] #probed=13'708 #new_binary_clauses=111'450 
  2.29e-02s  0.00e+00d  [MaxClique] Merged 6055(12478 literals) into 4284(10293 literals) at_most_ones. 
  5.55e-03s  0.00e+00d  [DetectDominanceRelations] 
  3.94e-02s  0.00e+00d  [PresolveToFixPoint] #num_loops=1 #num_dual_strengthening=1 
  4.77e-03s  0.00e+00d  [ProcessAtMostOneAndLinear] 
  2.99e-03s  0.00e+00d  [DetectDuplicateConstraints] 
  2.82e-03s  0.00e+00d  [DetectDuplicateConstraintsWithDifferentEnforcements] 
  7.21e-02s  1.49e-03d  [DetectDominatedLinearConstraints] #relevant_constraints=662 #num_inclusions=397 
  1.00e-03s  0.00e+00d  [DetectDifferentVariables] 
  3.06e-03s  1.22e-04d  [ProcessSetPPC] #relevant_constraints=5'389 #num_inclusions=2'699 
  8.95e-04s  0.00e+00d  [FindAlmostIdenticalLinearConstraints] 
  5.03e-02s  1.54e-01d  [FindBigAtMostOneAndLinearOverlap] 
  7.82e-03s  7.69e-02d  [FindBigVerticalLinearOverlap] 
  1.93e-03s  7.22e-03d  [FindBigHorizontalLinearOverlap] #linears=371 
  9.93e-04s  1.14e-05d  [MergeClauses] 
  5.90e-03s  0.00e+00d  [DetectDominanceRelations] 
  3.89e-02s  0.00e+00d  [PresolveToFixPoint] #num_loops=1 #num_dual_strengthening=1 
  5.83e-03s  0.00e+00d  [DetectDominanceRelations] 
  3.90e-02s  0.00e+00d  [PresolveToFixPoint] #num_loops=1 #num_dual_strengthening=1 
[Symmetry] Graph for symmetry has 81'112 nodes and 147'427 arcs.
[Symmetry] Symmetry computation done. time: 0.0302067 dtime: 0.0967816
[Symmetry] #generators: 1, average support size: 564
[Symmetry] 282 orbits with sizes: 2,2,2,2,2,2,2,2,2,2,...
[Symmetry] Num fixable by intersecting at_most_one with orbits: 1 largest_orbit: 2
[SAT presolve] num removable Booleans: 0 / 6020
[SAT presolve] num trivial clauses: 0
[SAT presolve] [0s] clauses:3856 literals:9677 vars:3711 one_side_vars:1300 simple_definition:2261 singleton_clauses:0
[SAT presolve] [0.000239906s] clauses:3856 literals:9677 vars:3711 one_side_vars:1300 simple_definition:2261 singleton_clauses:0
[SAT presolve] [0.000543142s] clauses:3856 literals:9677 vars:3711 one_side_vars:1300 simple_definition:2261 singleton_clauses:0
  2.81e-03s  0.00e+00d  [DetectDuplicateConstraintsWithDifferentEnforcements] 
  1.31e+01s  2.12e-01d  [Probe] #probed=13'706 #new_binary_clauses=111'450 
  2.04e-02s  0.00e+00d  [MaxClique] 
  5.84e-03s  0.00e+00d  [DetectDominanceRelations] 
  4.06e-02s  0.00e+00d  [PresolveToFixPoint] #num_loops=1 #num_dual_strengthening=1 
  4.93e-03s  0.00e+00d  [ProcessAtMostOneAndLinear] 
  3.10e-03s  0.00e+00d  [DetectDuplicateConstraints] 
  3.09e-03s  0.00e+00d  [DetectDuplicateConstraintsWithDifferentEnforcements] 
  7.54e-02s  1.49e-03d  [DetectDominatedLinearConstraints] #relevant_constraints=662 #num_inclusions=397 
  1.18e-03s  0.00e+00d  [DetectDifferentVariables] 
  2.76e-03s  1.04e-04d  [ProcessSetPPC] #relevant_constraints=4'808 #num_inclusions=2'118 
  1.03e-03s  0.00e+00d  [FindAlmostIdenticalLinearConstraints] 
  5.13e-02s  1.54e-01d  [FindBigAtMostOneAndLinearOverlap] 
  8.12e-03s  7.69e-02d  [FindBigVerticalLinearOverlap] 
  2.16e-03s  7.22e-03d  [FindBigHorizontalLinearOverlap] #linears=371 
  1.21e-03s  1.14e-05d  [MergeClauses] 
  6.17e-03s  0.00e+00d  [DetectDominanceRelations] 
  4.05e-02s  0.00e+00d  [PresolveToFixPoint] #num_loops=1 #num_dual_strengthening=1 
  6.04e-03s  0.00e+00d  [DetectDominanceRelations] 
  3.95e-02s  0.00e+00d  [PresolveToFixPoint] #num_loops=1 #num_dual_strengthening=1 
[Symmetry] Graph for symmetry has 81'111 nodes and 147'423 arcs.
[Symmetry] Symmetry computation done. time: 0.0310851 dtime: 0.099565
[SAT presolve] num removable Booleans: 0 / 6019
[SAT presolve] num trivial clauses: 0
[SAT presolve] [0s] clauses:3856 literals:9677 vars:3711 one_side_vars:1300 simple_definition:2261 singleton_clauses:0
[SAT presolve] [0.000232209s] clauses:3856 literals:9677 vars:3711 one_side_vars:1300 simple_definition:2261 singleton_clauses:0
[SAT presolve] [0.000554379s] clauses:3856 literals:9677 vars:3711 one_side_vars:1300 simple_definition:2261 singleton_clauses:0
  2.80e-03s  0.00e+00d  [DetectDuplicateConstraintsWithDifferentEnforcements] 
  1.31e+01s  2.12e-01d  [Probe] #probed=13'706 #new_binary_clauses=111'450 
  1.90e-02s  0.00e+00d  [MaxClique] 
  5.81e-03s  0.00e+00d  [DetectDominanceRelations] 
  4.03e-02s  0.00e+00d  [PresolveToFixPoint] #num_loops=1 #num_dual_strengthening=1 
  5.34e-03s  0.00e+00d  [ProcessAtMostOneAndLinear] 
  3.29e-03s  0.00e+00d  [DetectDuplicateConstraints] 
  2.92e-03s  0.00e+00d  [DetectDuplicateConstraintsWithDifferentEnforcements] 
  7.22e-02s  1.49e-03d  [DetectDominatedLinearConstraints] #relevant_constraints=662 #num_inclusions=397 
  1.05e-03s  0.00e+00d  [DetectDifferentVariables] 
  2.61e-03s  1.04e-04d  [ProcessSetPPC] #relevant_constraints=4'808 #num_inclusions=2'118 
  1.05e-03s  0.00e+00d  [FindAlmostIdenticalLinearConstraints] 
  4.84e-02s  1.54e-01d  [FindBigAtMostOneAndLinearOverlap] 
  7.85e-03s  7.69e-02d  [FindBigVerticalLinearOverlap] 
  2.13e-03s  7.22e-03d  [FindBigHorizontalLinearOverlap] #linears=371 
  1.16e-03s  1.14e-05d  [MergeClauses] 
  5.78e-03s  0.00e+00d  [DetectDominanceRelations] 
  3.77e-02s  0.00e+00d  [PresolveToFixPoint] #num_loops=1 #num_dual_strengthening=1 
  2.59e-03s  0.00e+00d  [ExpandObjective] #entries=14'392 #tight_variables=2'886 #tight_constraints=581 #expands=46 

Presolve summary:
  - 7839 affine relations were detected.
  - rule 'TODO dual: only one blocking constraint?' was applied 144 times.
  - rule 'TODO linear2: contains a Boolean.' was applied 7'650 times.
  - rule 'affine: new relation' was applied 7'839 times.
  - rule 'at_most_one: transformed into max clique.' was applied 1 time.
  - rule 'bool_and: x => x' was applied 64 times.
  - rule 'bool_or: always true' was applied 189 times.
  - rule 'bool_or: implications' was applied 6'083 times.
  - rule 'bool_or: only one literal' was applied 202 times.
  - rule 'cumulative: max profile is always under the min capacity' was applied 3 times.
  - rule 'deductions: 4061 stored' was applied 1 time.
  - rule 'enforcement: false literal' was applied 593 times.
  - rule 'exactly_one: removed literals' was applied 5 times.
  - rule 'intervals: change duplicate index across constraints' was applied 7'297 times.
  - rule 'intervals: removed unused interval' was applied 318 times.
  - rule 'lin_max: affine_max target domain reduced' was applied 18 times.
  - rule 'lin_max: fixed affine_max target' was applied 18 times.
  - rule 'linear1: always true' was applied 18 times.
  - rule 'linear: always true' was applied 8'036 times.
  - rule 'linear: divide by GCD' was applied 2 times.
  - rule 'linear: empty' was applied 6 times.
  - rule 'linear: extracted enforcement literal' was applied 100 times.
  - rule 'linear: fixed or dup variables' was applied 4'723 times.
  - rule 'linear: negative clause' was applied 199 times.
  - rule 'linear: negative equal one' was applied 535 times.
  - rule 'linear: positive at most one' was applied 46 times.
  - rule 'linear: reduced variable domains' was applied 3'913 times.
  - rule 'linear: remapped using affine relations' was applied 6'929 times.
  - rule 'linear: simplified rhs' was applied 4'899 times.
  - rule 'linear: singleton column' was applied 1 time.
  - rule 'linear: variable substitution 0' was applied 1 time.
  - rule 'no_overlap: no intervals' was applied 1 time.
  - rule 'no_overlap: removed absent intervals' was applied 15 times.
  - rule 'objective: expanded via tight equality' was applied 46 times.
  - rule 'objective: variable not used elsewhere' was applied 190 times.
  - rule 'presolve: 242 unused variables removed.' was applied 1 time.
  - rule 'presolve: iteration' was applied 3 times.
  - rule 'setppc: bool_or in at_most_one.' was applied 581 times.
  - rule 'symmetry: fixed all but one to false in orbitope row' was applied 4 times.
  - rule 'symmetry: fixed to false in general orbit' was applied 1 time.
  - rule 'variables with 2 values: create encoding literal' was applied 1 time.
  - rule 'variables with 2 values: new affine relation' was applied 1 time.
  - rule 'variables: canonicalize affine domain' was applied 1 time.
  - rule 'variables: canonicalize domain' was applied 3'885 times.

Presolved optimization model '': (model_fingerprint: 0xc771a0b43c8bb039)
#Variables: 6'331 (#bools: 3'460 #ints: 14 in objective)
  - 6'018 Booleans in [0,1]
  - 2 in [0,2]
  - 7 in [0,3]
  - 1 in [0,4]
  - 2 in [0,5]
  - 2 in [0,9]
  - 299 in [0,1939]
#kBoolAnd: 298 (#enforced: 298) (#literals: 4'001)
#kBoolOr: 153 (#literals: 2'271)
#kCumulative: 54 (#intervals: 19378, #optional: 11616, #variable_sizes: 7760, #fixed_intervals: 2)
#kExactlyOne: 581 (#literals: 2'886)
#kInterval: 18'032 (#enforced: 17'397) (#fixed: 21)
#kLinear1: 472 (#enforced: 472)
#kLinear2: 3'691 (#enforced: 3'400)
#kLinearN: 371 (#enforced: 100) (#terms: 11'372)
#kNoOverlap: 28 (#intervals: 5951, #optional: 5781, #fixed_intervals: 170)

Preloading model.
#Bound  40.53s best:inf   next:[-11900,1991] initial_domain
[Symmetry] Graph for symmetry has 58'586 nodes and 125'985 arcs.
[Symmetry] Symmetry computation done. time: 0.0206675 dtime: 0.0676103

Starting search at 40.56s with 1 workers.
1 full problem subsolver: [main]

[Encoding] 0 literals associated to VAR >= value, and 472 half-associations.
[Precedences] num_relations=3400 num_clauses=734
[Precedences] Added 26 GreaterThanAtLeastOneOf() constraints.
[Probing] deterministic_time: 0.239197 (limit: 1) wall_time: 19.4936 (6789/6789)
[Probing]  - new binary clause: 102103
[EncodingLinearRelaxation] #tight_equality:0 #loose_equality:0 #inequality:299
[LinearRelaxationBeforeCliqueExpansion] #linear:1278 #at_most_ones:535
[FinalLinearRelaxation] #linear:680 #cut_generators:0
Initial num_bool: 6789
#Bound  60.20s best:inf   next:[-988,1991] main

Starting subsolver 'main' hint search at 60.20s
Starting subsolver 'main' search at 60.20s
#Bound  60.22s best:inf   next:[112,1991] main
