1.NAME: LBBDSolver
2.PARAMS: {'break_symmetry': True, 'add_constraints_to_symmetrc_days': True, 'subsolver_cls': 'CPSubSolver2'}
3.INSTANCE: /home/wx350715/Kobra/rehabiliation-admission-scheduling/data/comp_study_002/instance_1_more_resources_30.txt
4.REPETITION: 1
Current directory: /home/wx350715/Kobra/rehabiliation-admission-scheduling
[34m2025-01-08 16:42:31,639 - DEBUG - Solver: <class 'src.solvers.benders.LBBDSolver'>[0m
[34m2025-01-08 16:42:31,639 - DEBUG - Args: {'break_symmetry': True, 'add_constraints_to_symmetrc_days': True, 'subsolver_cls': 'CPSubSolver2'}[0m
[34m2025-01-08 16:42:31,639 - DEBUG - File path /home/wx350715/Kobra/rehabiliation-admission-scheduling/data/comp_study_002/instance_1_more_resources_30.txt[0m
[34m2025-01-08 16:42:31,640 - DEBUG - ADD INSTANCE DATA[0m
[34m2025-01-08 16:42:31,640 - DEBUG - ADD INSTANCE DATA[0m
[34m2025-01-08 16:42:31,640 - DEBUG - ADD INSTANCE DATA[0m
[34m2025-01-08 16:42:31,640 - DEBUG - ADD INSTANCE DATA[0m
[34m2025-01-08 16:42:31,640 - DEBUG - ADD INSTANCE DATA[0m
[34m2025-01-08 16:42:31,640 - DEBUG - ADD INSTANCE DATA[0m
[34m2025-01-08 16:42:31,640 - DEBUG - ADD INSTANCE DATA[0m
[34m2025-01-08 16:42:31,640 - DEBUG - ADD INSTANCE DATA[0m
[34m2025-01-08 16:42:31,640 - DEBUG - ADD INSTANCE DATA[0m
[34m2025-01-08 16:42:31,640 - DEBUG - ADD INSTANCE DATA[0m
[34m2025-01-08 16:42:31,640 - DEBUG - ADD INSTANCE DATA[0m
[34m2025-01-08 16:42:31,640 - DEBUG - ADD RESOURCE_GROUPS[0m
[34m2025-01-08 16:42:31,640 - DEBUG - ADD RESOURCE_GROUPS[0m
[34m2025-01-08 16:42:31,640 - DEBUG - ADD RESOURCE_GROUPS[0m
[34m2025-01-08 16:42:31,640 - DEBUG - ADD RESOURCE_GROUPS[0m
[34m2025-01-08 16:42:31,641 - DEBUG - ADD RESOURCES[0m
[34m2025-01-08 16:42:31,641 - DEBUG - ADD RESOURCES[0m
[34m2025-01-08 16:42:31,641 - DEBUG - ADD RESOURCES[0m
[34m2025-01-08 16:42:31,641 - DEBUG - ADD RESOURCES[0m
[34m2025-01-08 16:42:31,641 - DEBUG - ADD RESOURCES[0m
[34m2025-01-08 16:42:31,641 - DEBUG - ADD RESOURCES[0m
[34m2025-01-08 16:42:31,641 - DEBUG - ADD RESOURCES[0m
[34m2025-01-08 16:42:31,641 - DEBUG - ADD RESOURCES[0m
[34m2025-01-08 16:42:31,641 - DEBUG - ADD RESOURCES[0m
[34m2025-01-08 16:42:31,641 - DEBUG - ADD RESOURCES[0m
[34m2025-01-08 16:42:31,641 - DEBUG - ADD RESOURCES[0m
[34m2025-01-08 16:42:31,641 - DEBUG - ADD RESOURCES[0m
[34m2025-01-08 16:42:31,641 - DEBUG - ADD RESOURCES[0m
[34m2025-01-08 16:42:31,641 - DEBUG - ADD RESOURCES[0m
[34m2025-01-08 16:42:31,642 - DEBUG - ADD TREATMENTS[0m
[34m2025-01-08 16:42:31,642 - DEBUG - ADD TREATMENTS[0m
[34m2025-01-08 16:42:31,642 - DEBUG - ADD TREATMENTS[0m
[34m2025-01-08 16:42:31,642 - DEBUG - ADD TREATMENTS[0m
[34m2025-01-08 16:42:31,642 - DEBUG - ADD TREATMENTS[0m
[34m2025-01-08 16:42:31,642 - DEBUG - ADD TREATMENTS[0m
[34m2025-01-08 16:42:31,642 - DEBUG - ADD TREATMENTS[0m
[34m2025-01-08 16:42:31,642 - DEBUG - ADD TREATMENTS[0m
[34m2025-01-08 16:42:31,642 - DEBUG - ADD PATIENTS[0m
[34m2025-01-08 16:42:31,643 - DEBUG - ADD PATIENTS[0m
[34m2025-01-08 16:42:31,643 - DEBUG - ADD PATIENTS[0m
[34m2025-01-08 16:42:31,643 - DEBUG - ADD PATIENTS[0m
[34m2025-01-08 16:42:31,643 - DEBUG - ADD PATIENTS[0m
[34m2025-01-08 16:42:31,643 - DEBUG - ADD PATIENTS[0m
[34m2025-01-08 16:42:31,643 - DEBUG - ADD PATIENTS[0m
[34m2025-01-08 16:42:31,643 - DEBUG - ADD PATIENTS[0m
[34m2025-01-08 16:42:31,643 - DEBUG - ADD PATIENTS[0m
[34m2025-01-08 16:42:31,643 - DEBUG - ADD PATIENTS[0m
[34m2025-01-08 16:42:31,643 - DEBUG - ADD PATIENTS[0m
[34m2025-01-08 16:42:31,644 - DEBUG - ADD PATIENTS[0m
[34m2025-01-08 16:42:31,644 - DEBUG - ADD PATIENTS[0m
[34m2025-01-08 16:42:31,644 - DEBUG - ADD PATIENTS[0m
[34m2025-01-08 16:42:31,644 - DEBUG - ADD PATIENTS[0m
[34m2025-01-08 16:42:31,644 - DEBUG - ADD PATIENTS[0m
[34m2025-01-08 16:42:31,644 - DEBUG - ADD PATIENTS[0m
[34m2025-01-08 16:42:31,644 - DEBUG - ADD PATIENTS[0m
[34m2025-01-08 16:42:31,644 - DEBUG - ADD PATIENTS[0m
[34m2025-01-08 16:42:31,646 - DEBUG - ADD PATIENTS[0m
[34m2025-01-08 16:42:31,646 - DEBUG - ADD PATIENTS[0m
[34m2025-01-08 16:42:31,646 - DEBUG - ADD PATIENTS[0m
[34m2025-01-08 16:42:31,646 - DEBUG - ADD PATIENTS[0m
[34m2025-01-08 16:42:31,647 - DEBUG - ADD PATIENTS[0m
[34m2025-01-08 16:42:31,647 - DEBUG - ADD PATIENTS[0m
[34m2025-01-08 16:42:31,647 - DEBUG - ADD PATIENTS[0m
[34m2025-01-08 16:42:31,647 - DEBUG - ADD PATIENTS[0m
[34m2025-01-08 16:42:31,647 - DEBUG - ADD PATIENTS[0m
[34m2025-01-08 16:42:31,647 - DEBUG - ADD PATIENTS[0m
[34m2025-01-08 16:42:31,647 - DEBUG - ADD PATIENTS[0m
[34m2025-01-08 16:42:31,647 - DEBUG - ADD PATIENTS[0m
[34m2025-01-08 16:42:31,647 - DEBUG - ADD PATIENTS[0m
[34m2025-01-08 16:42:31,647 - DEBUG - ADD PATIENTS[0m
[34m2025-01-08 16:42:31,648 - DEBUG - ADD PATIENTS[0m
[34m2025-01-08 16:42:31,648 - DEBUG - ADD PATIENTS[0m
[34m2025-01-08 16:42:31,648 - DEBUG - ADD PATIENTS[0m
[34m2025-01-08 16:42:31,648 - DEBUG - ADD PATIENTS[0m
[34m2025-01-08 16:42:31,648 - DEBUG - ADD PATIENTS[0m
[34m2025-01-08 16:42:31,648 - DEBUG - ADD PATIENTS[0m
[34m2025-01-08 16:42:31,648 - DEBUG - ADD PATIENTS[0m
[34m2025-01-08 16:42:31,648 - DEBUG - Instance data:[0m
[34m2025-01-08 16:42:31,649 - DEBUG - Number of patients: 40[0m
[34m2025-01-08 16:42:31,649 - DEBUG - Number of beds: 40[0m
[34m2025-01-08 16:42:31,649 - DEBUG - Average number of treatments per patient: 29.525[0m
[34m2025-01-08 16:42:31,649 - DEBUG - Average number of treatment per stayed day: 2.135623869801085[0m
[34m2025-01-08 16:42:31,649 - DEBUG - Number of treatments: 1181[0m
[34m2025-01-08 16:42:31,649 - DEBUG - Number of resources: 12[0m
[34m2025-01-08 16:42:31,649 - DEBUG - Number of resource groups: 4[0m
[34m2025-01-08 16:42:31,649 - DEBUG - Number of resource hours needed per all treatment by RG(therapists): 38.3375[0m
[34m2025-01-08 16:42:31,649 - DEBUG - Number of resource hours needed per all treatment by RG(rooms): 74.50000000000004[0m
[34m2025-01-08 16:42:31,649 - DEBUG - Number of resource hours needed per all treatment by RG(physiotherapist): 26.0[0m
[34m2025-01-08 16:42:31,649 - DEBUG - Number of resource hours needed per all treatment by RG(sport_room): 18.9375[0m
[32m2025-01-08 16:42:31,649 - INFO - {'solver': 'LBBDSolver', 'args': {'break_symmetry': False, 'subsolver_cls': <class 'src.solvers.subsolvers.cp_subsolver.CPSubsolver'>, 'subsolver.store_results': True, 'subsolver.store_results_method': 'hash', 'use_helper_constraints': True, 'enforce_min_treatments_per_day': True, 'enforce_max_treatments_per_e_w': True, 'enforce_min_patients_per_treatment': True, 'log_to_console': True}}[0m
[34m2025-01-08 16:42:31,649 - DEBUG - Setting options: LBBDSolver[0m
[34m2025-01-08 16:42:31,649 - DEBUG -  ---- break_symmetry to False[0m
[34m2025-01-08 16:42:31,649 - DEBUG -  ---- subsolver_cls to <class 'src.solvers.subsolvers.cp_subsolver.CPSubsolver'>[0m
[34m2025-01-08 16:42:31,649 - DEBUG -  ---- use_helper_constraints to True[0m
[34m2025-01-08 16:42:31,649 - DEBUG -  ---- add_constraints_to_symmetric_days to True (default)[0m
[34m2025-01-08 16:42:31,649 - DEBUG - Setting options: Solver[0m
[34m2025-01-08 16:42:31,649 - DEBUG -  ---- number_of_threads to 1 (default)[0m
[34m2025-01-08 16:42:31,649 - DEBUG -  ---- treatment_value to 0 (default)[0m
[34m2025-01-08 16:42:31,649 - DEBUG -  ---- delay_value to 1 (default)[0m
[34m2025-01-08 16:42:31,649 - DEBUG -  ---- missing_treatment_value to 4 (default)[0m
[34m2025-01-08 16:42:31,649 - DEBUG -  ---- enforce_min_treatments_per_day to True[0m
[34m2025-01-08 16:42:31,649 - DEBUG -  ---- enforce_max_treatments_per_e_w to True[0m
[34m2025-01-08 16:42:31,649 - DEBUG -  ---- enforce_min_patients_per_treatment to True[0m
[34m2025-01-08 16:42:31,650 - DEBUG -  ---- log_to_console to True[0m
[34m2025-01-08 16:42:31,650 - DEBUG -  ---- log_to_file to True (default)[0m
[34m2025-01-08 16:42:31,670 - DEBUG - Setting options: CPSubsolver[0m
[34m2025-01-08 16:42:31,670 - DEBUG -  ---- estimated_needed_treatments to True (default)[0m
[34m2025-01-08 16:42:31,670 - DEBUG -  ---- add_patient_symmetry to False (default)[0m
[34m2025-01-08 16:42:31,670 - DEBUG - Setting Subsolver options: SubSolver[0m
[34m2025-01-08 16:42:31,670 - DEBUG -  ---- store_results to True[0m
[34m2025-01-08 16:42:31,670 - DEBUG -  ---- store_results_method to hash[0m
[34m2025-01-08 16:42:31,670 - DEBUG -  ---- enforce_min_patients_per_treatment to True[0m
[34m2025-01-08 16:42:31,670 - DEBUG -  ---- use_day_symmetry to True (default)[0m
[32m2025-01-08 16:42:31,687 - INFO - Create model: LBBDSolver[0m
Set parameter TSPort to value 50039
Set parameter TokenServer to value "license.itc.rwth-aachen.de"
Set parameter Threads to value 1
Set parameter LazyConstraints to value 1
[34m2025-01-08 16:42:32,890 - DEBUG - Variables created.[0m
[34m2025-01-08 16:42:37,059 - DEBUG - Constraint (not too many treatments) created.[0m
[34m2025-01-08 16:42:40,080 - DEBUG - Constraint (no_treatments_outside admittance) created.[0m
[34m2025-01-08 16:42:40,084 - DEBUG - Constraint (bed_usage) created.[0m
[34m2025-01-08 16:42:40,084 - DEBUG - Constraint (must be admitted) created.[0m
[34m2025-01-08 16:42:40,539 - DEBUG - Constraint (e_w_ub) created.[0m
[34m2025-01-08 16:42:40,681 - DEBUG - Constraint (day_ub) created.[0m
[34m2025-01-08 16:42:40,828 - DEBUG - Constraint (Day always) created.[0m
[34m2025-01-08 16:42:40,828 - DEBUG - Constraint (already_admitted) created.[0m
[32m2025-01-08 16:42:49,603 - INFO - Time to create model: 17.916[0m
[32m2025-01-08 16:42:49,603 - INFO - Solving model: LBBDSolver[0m
Gurobi Optimizer version 10.0.0 build v10.0.0rc2 (linux64)

CPU model: Intel(R) Xeon(R) Platinum 8468, instruction set [SSE2|AVX|AVX2|AVX512]
Thread count: 96 physical cores, 96 logical processors, using up to 1 threads

Optimize a model with 656310 rows, 274104 columns and 5551957 nonzeros
Model fingerprint: 0x1095dab0
Variable types: 3 continuous, 274101 integer (274101 binary)
Coefficient statistics:
  Matrix range     [1e+00, 1e+01]
  Objective range  [1e+00, 1e+01]
  Bounds range     [1e+00, 1e+00]
  RHS range        [1e+00, 5e+03]
Presolve removed 338266 rows and 14 columns (presolve time = 5s) ...
Presolve removed 342405 rows and 21 columns (presolve time = 10s) ...
Presolve added 0 rows and 4244 columns
Presolve removed 338140 rows and 0 columns
Presolve time: 10.09s
Presolved: 318170 rows, 278348 columns, 4154786 nonzeros
Variable types: 1 continuous, 278347 integer (276367 binary)
Root relaxation presolved: 317384 rows, 278014 columns, 3983129 nonzeros


Root simplex log...

Iteration    Objective       Primal Inf.    Dual Inf.      Time
       0   -7.9554480e+03   4.267241e+03   0.000000e+00     17s
    9164    8.3000000e+02   0.000000e+00   0.000000e+00     18s
    9164    8.3000000e+02   0.000000e+00   0.000000e+00     18s

Use crossover to convert LP symmetric solution to basic solution...

Root crossover log...

       0 DPushes remaining with DInf 0.0000000e+00                18s

   46138 PPushes remaining with PInf 0.0000000e+00                18s
       0 PPushes remaining with PInf 0.0000000e+00                20s

  Push phase complete: Pinf 0.0000000e+00, Dinf 1.7233333e+02     20s


Root simplex log...

Iteration    Objective       Primal Inf.    Dual Inf.      Time
   55314    8.3000000e+02   0.000000e+00   1.723333e+02     20s
   55315    8.3000000e+02   0.000000e+00   0.000000e+00     20s
   55315    8.3000000e+02   0.000000e+00   0.000000e+00     20s

Root relaxation: objective 8.300000e+02, 55315 iterations, 4.02 seconds (6.00 work units)

    Nodes    |    Current Node    |     Objective Bounds      |     Work
 Expl Unexpl |  Obj  Depth IntInf | Incumbent    BestBd   Gap | It/Node Time

     0     0  830.00000    0 7582          -  830.00000      -     -   49s
H    0     0                     836.0000000  830.00000  0.72%     -  953s
     0     0  830.00000    0 5097  836.00000  830.00000  0.72%     - 1112s
H    0     0                     832.0000000  830.00000  0.24%     - 1122s
     0     0  830.00000    0 3828  832.00000  830.00000  0.24%     - 1274s

Cutting planes:
  Gomory: 17
  Implied bound: 235
  MIR: 52
  StrongCG: 1
  Flow cover: 21
  Zero half: 128
  RLT: 10

Explored 1 nodes (109500 simplex iterations) in 1274.70 seconds (535.66 work units)
Thread count was 1 (of 96 available processors)

Solution count 2: 832 836 

Optimal solution found (tolerance 1.00e-04)
Best objective 8.320000000000e+02, best bound 8.320000000000e+02, gap 0.0000%

User-callback calls 10457, time in user-callback 900.95 sec
[34m2025-01-08 17:04:04,592 - DEBUG - Finished optimization[0m
[34m2025-01-08 17:04:04,593 - DEBUG - Subsolver stats:[0m
[32m2025-01-08 17:04:04,593 - INFO - Number of cuts added: 0 (bad=0, good=0)[0m
[32m2025-01-08 17:04:04,593 - INFO - Unnecessary comps: (0 / 0)[0m
[32m2025-01-08 17:04:04,593 - INFO - Calls to is_day_infeasible: cp_solver=15/ total=28 stored=13[0m
[32m2025-01-08 17:04:04,593 - INFO - Is feasible: 900.6306874752045 0.9997360474494231[0m
[32m2025-01-08 17:04:04,593 - INFO - Subsolver: Solve Model: 899.6481440067291/0.9989179473293123[0m
[32m2025-01-08 17:04:04,593 - INFO - Subsolver: Create Model: 0.9745211601257324/0.0010820526706877699[0m
[32m2025-01-08 17:04:04,593 - INFO - Num_constraints-added: 0[0m
[32m2025-01-08 17:04:04,593 - INFO - Optimal solution found.[0m
[34m2025-01-08 17:04:04,593 - DEBUG - Sub Objectives:[0m
[34m2025-01-08 17:04:04,593 - DEBUG - (SOLVER):Minimize Delay: 0.0[0m
[34m2025-01-08 17:04:04,593 - DEBUG - (SOLVER):Minimize Missing Treatments: 832.0[0m
[32m2025-01-08 17:04:04,593 - INFO - All cuts [][0m
[32m2025-01-08 17:04:04,593 - INFO - All cuts [][0m
[34m2025-01-08 17:23:29,357 - DEBUG - Patient 0 is admitted at day 0.[0m
[34m2025-01-08 17:23:29,360 - DEBUG - Patient 1 is admitted at day 1.[0m
[34m2025-01-08 17:23:29,360 - DEBUG - Patient 2 is admitted at day 2.[0m
[34m2025-01-08 17:23:29,360 - DEBUG - Patient 3 is admitted at day 2.[0m
[34m2025-01-08 17:23:29,360 - DEBUG - Patient 4 is admitted at day 3.[0m
[34m2025-01-08 17:23:29,360 - DEBUG - Patient 5 is admitted at day 4.[0m
[34m2025-01-08 17:23:29,360 - DEBUG - Patient 6 is admitted at day 5.[0m
[34m2025-01-08 17:23:29,360 - DEBUG - Patient 7 is admitted at day 2.[0m
[34m2025-01-08 17:23:29,360 - DEBUG - Patient 8 is admitted at day 7.[0m
[34m2025-01-08 17:23:29,360 - DEBUG - Patient 9 is admitted at day 9.[0m
[34m2025-01-08 17:23:29,360 - DEBUG - Patient 10 is admitted at day 1.[0m
[34m2025-01-08 17:23:29,360 - DEBUG - Patient 11 is admitted at day 2.[0m
[34m2025-01-08 17:23:29,360 - DEBUG - Patient 12 is admitted at day 3.[0m
[34m2025-01-08 17:23:29,360 - DEBUG - Patient 13 is admitted at day 8.[0m
[34m2025-01-08 17:23:29,360 - DEBUG - Patient 14 is admitted at day 6.[0m
[34m2025-01-08 17:23:29,360 - DEBUG - Patient 15 is admitted at day 11.[0m
[34m2025-01-08 17:23:29,360 - DEBUG - Patient 16 is admitted at day 4.[0m
[34m2025-01-08 17:23:29,360 - DEBUG - Patient 17 is admitted at day 5.[0m
[34m2025-01-08 17:23:29,360 - DEBUG - Patient 18 is admitted at day 0.[0m
[34m2025-01-08 17:23:29,360 - DEBUG - Patient 19 is admitted at day 0.[0m
[34m2025-01-08 17:23:29,360 - DEBUG - Patient 20 is admitted at day 3.[0m
[34m2025-01-08 17:23:29,360 - DEBUG - Patient 21 is admitted at day 4.[0m
[34m2025-01-08 17:23:29,360 - DEBUG - Patient 22 is admitted at day 7.[0m
[34m2025-01-08 17:23:29,360 - DEBUG - Patient 23 is admitted at day 7.[0m
[34m2025-01-08 17:23:29,361 - DEBUG - Patient 24 is admitted at day 6.[0m
[34m2025-01-08 17:23:29,361 - DEBUG - Patient 25 is admitted at day 1.[0m
[34m2025-01-08 17:23:29,361 - DEBUG - Patient 26 is admitted at day 5.[0m
[34m2025-01-08 17:23:29,361 - DEBUG - Patient 27 is admitted at day 2.[0m
[34m2025-01-08 17:23:29,361 - DEBUG - Patient 28 is admitted at day 4.[0m
[34m2025-01-08 17:23:29,361 - DEBUG - Patient 29 is admitted at day 1.[0m
[34m2025-01-08 17:23:29,361 - DEBUG - Patient 30 is admitted at day 8.[0m
[34m2025-01-08 17:23:29,361 - DEBUG - Patient 31 is admitted at day 7.[0m
[34m2025-01-08 17:23:29,361 - DEBUG - Patient 32 is admitted at day 5.[0m
[34m2025-01-08 17:23:29,361 - DEBUG - Patient 33 is admitted at day 4.[0m
[34m2025-01-08 17:23:29,361 - DEBUG - Patient 34 is admitted at day 4.[0m
[34m2025-01-08 17:23:29,361 - DEBUG - Patient 35 is admitted at day 3.[0m
[34m2025-01-08 17:23:29,361 - DEBUG - Patient 36 is admitted at day 10.[0m
[34m2025-01-08 17:23:29,361 - DEBUG - Patient 37 is admitted at day 7.[0m
[34m2025-01-08 17:23:29,361 - DEBUG - Patient 38 is admitted at day 1.[0m
[34m2025-01-08 17:23:29,361 - DEBUG - Patient 39 is admitted at day 3.[0m
[34m2025-01-08 17:23:29,361 - DEBUG - Patients [18] have treatment 1 starting at day 0, hour 8.0 using resources [9].[0m
[34m2025-01-08 17:23:29,361 - DEBUG - Patients [18] have treatment 1 starting at day 0, hour 8.5 using resources [8].[0m
[34m2025-01-08 17:23:29,361 - DEBUG - Patients [0, 18] have treatment 3 starting at day 0, hour 9.0 using resources [4, 8].[0m
[34m2025-01-08 17:23:29,361 - DEBUG - Patients [0, 19] have treatment 7 starting at day 0, hour 8.0 using resources [13, 11, 5].[0m
[34m2025-01-08 17:23:29,361 - DEBUG - Patients [0, 19] have treatment 7 starting at day 0, hour 11.0 using resources [13, 8, 5].[0m
[34m2025-01-08 17:23:29,361 - DEBUG - Patients [19] have treatment 7 starting at day 0, hour 13.0 using resources [13, 8, 5].[0m
[34m2025-01-08 17:23:29,361 - DEBUG - Patients [0, 19, 25, 38] have treatment 0 starting at day 1, hour 9.0 using resources [1, 2, 11].[0m
[34m2025-01-08 17:23:29,361 - DEBUG - Patients [25] have treatment 1 starting at day 1, hour 12.0 using resources [8].[0m
[34m2025-01-08 17:23:29,361 - DEBUG - Patients [10] have treatment 1 starting at day 1, hour 12.5 using resources [8].[0m
[34m2025-01-08 17:23:29,361 - DEBUG - Patients [18, 29] have treatment 4 starting at day 1, hour 8.0 using resources [2, 8].[0m
[34m2025-01-08 17:23:29,361 - DEBUG - Patients [18, 29] have treatment 4 starting at day 1, hour 9.0 using resources [0, 8].[0m
[34m2025-01-08 17:23:29,361 - DEBUG - Patients [18, 29] have treatment 4 starting at day 1, hour 11.5 using resources [0, 8].[0m
[34m2025-01-08 17:23:29,362 - DEBUG - Patients [1] have treatment 4 starting at day 1, hour 14.0 using resources [1, 8].[0m
[34m2025-01-08 17:23:29,362 - DEBUG - Patients [10, 38] have treatment 5 starting at day 1, hour 8.5 using resources [5, 8].[0m
[34m2025-01-08 17:23:29,362 - DEBUG - Patients [1, 10] have treatment 5 starting at day 1, hour 9.5 using resources [5, 8].[0m
[34m2025-01-08 17:23:29,362 - DEBUG - Patients [1, 10] have treatment 5 starting at day 1, hour 10.0 using resources [5, 8].[0m
[34m2025-01-08 17:23:29,362 - DEBUG - Patients [1, 19] have treatment 7 starting at day 1, hour 10.5 using resources [13, 8, 5].[0m
[34m2025-01-08 17:23:29,362 - DEBUG - Patients [19] have treatment 7 starting at day 1, hour 13.0 using resources [13, 8, 5].[0m
[34m2025-01-08 17:23:29,362 - DEBUG - Patients [27] have treatment 1 starting at day 2, hour 8.0 using resources [13].[0m
[34m2025-01-08 17:23:29,362 - DEBUG - Patients [27] have treatment 1 starting at day 2, hour 8.5 using resources [13].[0m
[34m2025-01-08 17:23:29,362 - DEBUG - Patients [19] have treatment 1 starting at day 2, hour 9.0 using resources [8].[0m
[34m2025-01-08 17:23:29,362 - DEBUG - Patients [7] have treatment 1 starting at day 2, hour 10.0 using resources [8].[0m
[34m2025-01-08 17:23:29,362 - DEBUG - Patients [2] have treatment 1 starting at day 2, hour 11.5 using resources [8].[0m
[34m2025-01-08 17:23:29,362 - DEBUG - Patients [2] have treatment 1 starting at day 2, hour 12.0 using resources [8].[0m
[34m2025-01-08 17:23:29,362 - DEBUG - Patients [2] have treatment 1 starting at day 2, hour 12.5 using resources [8].[0m
[34m2025-01-08 17:23:29,362 - DEBUG - Patients [29, 38] have treatment 4 starting at day 2, hour 11.0 using resources [0, 8].[0m
[34m2025-01-08 17:23:29,362 - DEBUG - Patients [3, 10] have treatment 4 starting at day 2, hour 14.0 using resources [0, 8].[0m
[34m2025-01-08 17:23:29,362 - DEBUG - Patients [1, 2] have treatment 4 starting at day 2, hour 14.5 using resources [0, 8].[0m
[34m2025-01-08 17:23:29,362 - DEBUG - Patients [18, 19] have treatment 5 starting at day 2, hour 8.0 using resources [5, 8].[0m
[34m2025-01-08 17:23:29,362 - DEBUG - Patients [7, 11] have treatment 5 starting at day 2, hour 8.5 using resources [5, 8].[0m
[34m2025-01-08 17:23:29,362 - DEBUG - Patients [3, 11] have treatment 5 starting at day 2, hour 9.5 using resources [5, 8].[0m
[34m2025-01-08 17:23:29,362 - DEBUG - Patients [1, 3] have treatment 5 starting at day 2, hour 10.5 using resources [4, 8].[0m
[34m2025-01-08 17:23:29,362 - DEBUG - Patients [0, 1] have treatment 5 starting at day 2, hour 13.0 using resources [4, 8].[0m
[34m2025-01-08 17:23:29,362 - DEBUG - Patients [0] have treatment 5 starting at day 2, hour 13.5 using resources [4, 8].[0m
[34m2025-01-08 17:23:29,362 - DEBUG - Patients [35] have treatment 1 starting at day 3, hour 12.0 using resources [13].[0m
[34m2025-01-08 17:23:29,362 - DEBUG - Patients [35] have treatment 1 starting at day 3, hour 12.5 using resources [13].[0m
[34m2025-01-08 17:23:29,362 - DEBUG - Patients [10] have treatment 1 starting at day 3, hour 12.5 using resources [9].[0m
[34m2025-01-08 17:23:29,362 - DEBUG - Patients [7] have treatment 1 starting at day 3, hour 12.5 using resources [10].[0m
[34m2025-01-08 17:23:29,362 - DEBUG - Patients [3] have treatment 1 starting at day 3, hour 15.5 using resources [13].[0m
[34m2025-01-08 17:23:29,362 - DEBUG - Patients [3, 12, 20] have treatment 3 starting at day 3, hour 8.0 using resources [4, 11].[0m
[34m2025-01-08 17:23:29,362 - DEBUG - Patients [0, 3, 29, 39] have treatment 3 starting at day 3, hour 10.0 using resources [2, 10].[0m
[34m2025-01-08 17:23:29,363 - DEBUG - Patients [0, 29] have treatment 3 starting at day 3, hour 13.0 using resources [3, 11].[0m
[34m2025-01-08 17:23:29,363 - DEBUG - Patients [38, 39] have treatment 3 starting at day 3, hour 13.0 using resources [0, 9].[0m
[34m2025-01-08 17:23:29,363 - DEBUG - Patients [11, 38] have treatment 4 starting at day 3, hour 8.0 using resources [2, 10].[0m
[34m2025-01-08 17:23:29,363 - DEBUG - Patients [1, 4] have treatment 4 starting at day 3, hour 14.5 using resources [1, 13].[0m
[34m2025-01-08 17:23:29,363 - DEBUG - Patients [0, 4] have treatment 4 starting at day 3, hour 15.0 using resources [1, 9].[0m
[34m2025-01-08 17:23:29,363 - DEBUG - Patients [4] have treatment 4 starting at day 3, hour 15.5 using resources [0, 11].[0m
[34m2025-01-08 17:23:29,363 - DEBUG - Patients [2, 20] have treatment 5 starting at day 3, hour 11.0 using resources [4, 9].[0m
[34m2025-01-08 17:23:29,363 - DEBUG - Patients [12, 20] have treatment 5 starting at day 3, hour 14.0 using resources [5, 13].[0m
[34m2025-01-08 17:23:29,363 - DEBUG - Patients [12, 19] have treatment 5 starting at day 3, hour 14.5 using resources [5, 10].[0m
[34m2025-01-08 17:23:29,363 - DEBUG - Patients [1, 12] have treatment 5 starting at day 3, hour 15.0 using resources [5, 13].[0m
[34m2025-01-08 17:23:29,363 - DEBUG - Patients [1, 7] have treatment 5 starting at day 3, hour 15.5 using resources [5, 9].[0m
[34m2025-01-08 17:23:29,363 - DEBUG - Patients [35, 39] have treatment 7 starting at day 3, hour 8.0 using resources [12, 8, 5].[0m
[34m2025-01-08 17:23:29,363 - DEBUG - Patients [27, 39] have treatment 7 starting at day 3, hour 9.0 using resources [13, 8, 5].[0m
[34m2025-01-08 17:23:29,363 - DEBUG - Patients [19, 27] have treatment 7 starting at day 3, hour 10.0 using resources [13, 11, 4].[0m
[34m2025-01-08 17:23:29,363 - DEBUG - Patients [11, 18] have treatment 7 starting at day 3, hour 10.0 using resources [12, 8, 5].[0m
[34m2025-01-08 17:23:29,363 - DEBUG - Patients [11, 18] have treatment 7 starting at day 3, hour 11.0 using resources [13, 11, 5].[0m
[34m2025-01-08 17:23:29,363 - DEBUG - Patients [3, 4] have treatment 7 starting at day 3, hour 13.0 using resources [13, 10, 5].[0m
[34m2025-01-08 17:23:29,363 - DEBUG - Patients [1, 2] have treatment 7 starting at day 3, hour 13.0 using resources [12, 8, 4].[0m
[34m2025-01-08 17:23:29,363 - DEBUG - Patients [2] have treatment 7 starting at day 3, hour 14.0 using resources [12, 8, 4].[0m
[34m2025-01-08 17:23:29,363 - DEBUG - Patients [2] have treatment 7 starting at day 3, hour 15.0 using resources [12, 8, 4].[0m
[34m2025-01-08 17:23:29,363 - DEBUG - Patients [33, 35, 39] have treatment 0 starting at day 4, hour 11.0 using resources [1, 3, 11].[0m
[34m2025-01-08 17:23:29,363 - DEBUG - Patients [1, 28, 29, 34] have treatment 0 starting at day 4, hour 11.0 using resources [2, 4, 13].[0m
[34m2025-01-08 17:23:29,363 - DEBUG - Patients [1, 4, 5, 33, 39] have treatment 0 starting at day 4, hour 13.0 using resources [3, 4, 9].[0m
[34m2025-01-08 17:23:29,363 - DEBUG - Patients [1, 5] have treatment 0 starting at day 4, hour 14.0 using resources [2, 3, 10].[0m
[34m2025-01-08 17:23:29,363 - DEBUG - Patients [4, 10] have treatment 0 starting at day 4, hour 15.0 using resources [2, 3, 11].[0m
[34m2025-01-08 17:23:29,363 - DEBUG - Patients [29, 33] have treatment 0 starting at day 4, hour 15.0 using resources [1, 4, 9].[0m
[34m2025-01-08 17:23:29,363 - DEBUG - Patients [5] have treatment 1 starting at day 4, hour 8.0 using resources [10].[0m
[34m2025-01-08 17:23:29,363 - DEBUG - Patients [16, 18, 21, 28, 34] have treatment 2 starting at day 4, hour 10.0 using resources [0, 9].[0m
[34m2025-01-08 17:23:29,363 - DEBUG - Patients [3, 7, 16, 33, 39] have treatment 2 starting at day 4, hour 14.0 using resources [0, 9].[0m
[34m2025-01-08 17:23:29,363 - DEBUG - Patients [11, 35] have treatment 4 starting at day 4, hour 9.5 using resources [3, 9].[0m
[34m2025-01-08 17:23:29,364 - DEBUG - Patients [35, 38] have treatment 4 starting at day 4, hour 10.0 using resources [2, 13].[0m
[34m2025-01-08 17:23:29,364 - DEBUG - Patients [4, 35] have treatment 4 starting at day 4, hour 10.5 using resources [4, 8].[0m
[34m2025-01-08 17:23:29,364 - DEBUG - Patients [2, 20] have treatment 4 starting at day 4, hour 11.0 using resources [0, 8].[0m
[34m2025-01-08 17:23:29,364 - DEBUG - Patients [20, 38] have treatment 4 starting at day 4, hour 11.5 using resources [0, 10].[0m
[34m2025-01-08 17:23:29,364 - DEBUG - Patients [20, 29] have treatment 4 starting at day 4, hour 13.0 using resources [0, 12].[0m
[34m2025-01-08 17:23:29,364 - DEBUG - Patients [7] have treatment 4 starting at day 4, hour 13.5 using resources [0, 8].[0m
[34m2025-01-08 17:23:29,364 - DEBUG - Patients [0, 2] have treatment 4 starting at day 4, hour 15.0 using resources [0, 12].[0m
[34m2025-01-08 17:23:29,364 - DEBUG - Patients [0, 12] have treatment 4 starting at day 4, hour 15.5 using resources [0, 8].[0m
[34m2025-01-08 17:23:29,364 - DEBUG - Patients [19] have treatment 5 starting at day 4, hour 10.0 using resources [5, 10].[0m
[34m2025-01-08 17:23:29,364 - DEBUG - Patients [12] have treatment 5 starting at day 4, hour 10.0 using resources [4, 8].[0m
[34m2025-01-08 17:23:29,364 - DEBUG - Patients [21] have treatment 5 starting at day 4, hour 11.0 using resources [5, 10].[0m
[34m2025-01-08 17:23:29,364 - DEBUG - Patients [3] have treatment 5 starting at day 4, hour 13.0 using resources [5, 11].[0m
[34m2025-01-08 17:23:29,364 - DEBUG - Patients [16, 34] have treatment 7 starting at day 4, hour 8.0 using resources [13, 8, 5].[0m
[34m2025-01-08 17:23:29,364 - DEBUG - Patients [4, 28] have treatment 7 starting at day 4, hour 9.0 using resources [12, 11, 5].[0m
[34m2025-01-08 17:23:29,364 - DEBUG - Patients [27, 38] have treatment 7 starting at day 4, hour 9.0 using resources [13, 8, 4].[0m
[34m2025-01-08 17:23:29,364 - DEBUG - Patients [18, 21] have treatment 7 starting at day 4, hour 14.0 using resources [12, 8, 5].[0m
[34m2025-01-08 17:23:29,364 - DEBUG - Patients [21, 34, 35] have treatment 0 starting at day 5, hour 10.0 using resources [1, 4, 11].[0m
[34m2025-01-08 17:23:29,364 - DEBUG - Patients [1, 3, 10, 17, 35] have treatment 0 starting at day 5, hour 11.0 using resources [0, 1, 11].[0m
[34m2025-01-08 17:23:29,364 - DEBUG - Patients [20] have treatment 1 starting at day 5, hour 10.0 using resources [8].[0m
[34m2025-01-08 17:23:29,364 - DEBUG - Patients [28] have treatment 1 starting at day 5, hour 10.0 using resources [12].[0m
[34m2025-01-08 17:23:29,364 - DEBUG - Patients [34] have treatment 1 starting at day 5, hour 11.5 using resources [9].[0m
[34m2025-01-08 17:23:29,364 - DEBUG - Patients [33] have treatment 1 starting at day 5, hour 13.5 using resources [8].[0m
[34m2025-01-08 17:23:29,364 - DEBUG - Patients [1, 7, 33, 35, 39] have treatment 2 starting at day 5, hour 8.0 using resources [1, 11].[0m
[34m2025-01-08 17:23:29,364 - DEBUG - Patients [16, 17, 26, 32, 33] have treatment 2 starting at day 5, hour 10.0 using resources [2, 10].[0m
[34m2025-01-08 17:23:29,364 - DEBUG - Patients [0, 6, 11, 27, 33] have treatment 2 starting at day 5, hour 11.0 using resources [4, 12].[0m
[34m2025-01-08 17:23:29,364 - DEBUG - Patients [3, 11, 17, 29, 38] have treatment 3 starting at day 5, hour 8.0 using resources [2, 8].[0m
[34m2025-01-08 17:23:29,364 - DEBUG - Patients [0, 18, 34] have treatment 3 starting at day 5, hour 8.0 using resources [0, 12].[0m
[34m2025-01-08 17:23:29,364 - DEBUG - Patients [7] have treatment 4 starting at day 5, hour 9.5 using resources [4, 10].[0m
[34m2025-01-08 17:23:29,364 - DEBUG - Patients [21, 35] have treatment 4 starting at day 5, hour 9.5 using resources [1, 9].[0m
[34m2025-01-08 17:23:29,365 - DEBUG - Patients [32] have treatment 4 starting at day 5, hour 11.5 using resources [2, 13].[0m
[34m2025-01-08 17:23:29,365 - DEBUG - Patients [38] have treatment 4 starting at day 5, hour 11.5 using resources [3, 10].[0m
[34m2025-01-08 17:23:29,365 - DEBUG - Patients [21, 32] have treatment 5 starting at day 5, hour 8.0 using resources [5, 10].[0m
[34m2025-01-08 17:23:29,365 - DEBUG - Patients [12, 26] have treatment 5 starting at day 5, hour 8.0 using resources [4, 9].[0m
[34m2025-01-08 17:23:29,365 - DEBUG - Patients [12, 26] have treatment 5 starting at day 5, hour 8.5 using resources [4, 10].[0m
[34m2025-01-08 17:23:29,365 - DEBUG - Patients [27, 28] have treatment 5 starting at day 5, hour 8.5 using resources [5, 9].[0m
[34m2025-01-08 17:23:29,365 - DEBUG - Patients [5, 39] have treatment 5 starting at day 5, hour 9.0 using resources [5, 9].[0m
[34m2025-01-08 17:23:29,365 - DEBUG - Patients [20, 28] have treatment 5 starting at day 5, hour 9.0 using resources [4, 10].[0m
[34m2025-01-08 17:23:29,365 - DEBUG - Patients [27] have treatment 5 starting at day 5, hour 9.5 using resources [5, 11].[0m
[34m2025-01-08 17:23:29,365 - DEBUG - Patients [3, 18] have treatment 5 starting at day 5, hour 10.0 using resources [5, 9].[0m
[34m2025-01-08 17:23:29,365 - DEBUG - Patients [2, 4, 6, 10, 16, 19, 25] have treatment 6 starting at day 5, hour 8.0 using resources [3, 13].[0m
[34m2025-01-08 17:23:29,365 - DEBUG - Patients [2, 4, 5, 10, 19] have treatment 6 starting at day 5, hour 9.5 using resources [3, 13].[0m
[34m2025-01-08 17:23:29,365 - DEBUG - Patients [4, 7, 10, 11, 16, 19, 25, 38] have treatment 6 starting at day 5, hour 13.0 using resources [0, 13].[0m
[34m2025-01-08 17:23:29,365 - DEBUG - Patients [16, 33] have treatment 0 starting at day 6, hour 9.0 using resources [1, 3, 12].[0m
[34m2025-01-08 17:23:29,365 - DEBUG - Patients [4, 39] have treatment 0 starting at day 6, hour 9.0 using resources [2, 4, 11].[0m
[34m2025-01-08 17:23:29,365 - DEBUG - Patients [5, 7, 14] have treatment 0 starting at day 6, hour 15.0 using resources [0, 1, 10].[0m
[34m2025-01-08 17:23:29,365 - DEBUG - Patients [26] have treatment 1 starting at day 6, hour 8.0 using resources [11].[0m
[34m2025-01-08 17:23:29,365 - DEBUG - Patients [14] have treatment 1 starting at day 6, hour 8.5 using resources [13].[0m
[34m2025-01-08 17:23:29,365 - DEBUG - Patients [32] have treatment 1 starting at day 6, hour 8.5 using resources [8].[0m
[34m2025-01-08 17:23:29,365 - DEBUG - Patients [6] have treatment 1 starting at day 6, hour 8.5 using resources [11].[0m
[34m2025-01-08 17:23:29,365 - DEBUG - Patients [1] have treatment 1 starting at day 6, hour 10.5 using resources [9].[0m
[34m2025-01-08 17:23:29,365 - DEBUG - Patients [26] have treatment 1 starting at day 6, hour 12.0 using resources [13].[0m
[34m2025-01-08 17:23:29,365 - DEBUG - Patients [10, 21, 24, 34, 39] have treatment 2 starting at day 6, hour 8.0 using resources [2, 10].[0m
[34m2025-01-08 17:23:29,365 - DEBUG - Patients [0, 1, 5, 7, 10, 26] have treatment 2 starting at day 6, hour 9.0 using resources [0, 8].[0m
[34m2025-01-08 17:23:29,365 - DEBUG - Patients [0, 2, 3, 7, 10, 14] have treatment 3 starting at day 6, hour 10.0 using resources [2, 10].[0m
[34m2025-01-08 17:23:29,365 - DEBUG - Patients [7, 10] have treatment 3 starting at day 6, hour 13.0 using resources [4, 10].[0m
[34m2025-01-08 17:23:29,365 - DEBUG - Patients [0, 2] have treatment 3 starting at day 6, hour 13.0 using resources [1, 11].[0m
[34m2025-01-08 17:23:29,365 - DEBUG - Patients [4, 38] have treatment 3 starting at day 6, hour 13.0 using resources [0, 9].[0m
[34m2025-01-08 17:23:29,365 - DEBUG - Patients [3, 25] have treatment 3 starting at day 6, hour 13.0 using resources [3, 12].[0m
[34m2025-01-08 17:23:29,366 - DEBUG - Patients [12, 33] have treatment 3 starting at day 6, hour 14.0 using resources [2, 13].[0m
[34m2025-01-08 17:23:29,366 - DEBUG - Patients [12, 38] have treatment 4 starting at day 6, hour 8.0 using resources [3, 13].[0m
[34m2025-01-08 17:23:29,366 - DEBUG - Patients [1, 17] have treatment 4 starting at day 6, hour 8.0 using resources [4, 9].[0m
[34m2025-01-08 17:23:29,366 - DEBUG - Patients [12] have treatment 4 starting at day 6, hour 10.0 using resources [4, 13].[0m
[34m2025-01-08 17:23:29,366 - DEBUG - Patients [1, 25] have treatment 4 starting at day 6, hour 10.0 using resources [3, 11].[0m
[34m2025-01-08 17:23:29,366 - DEBUG - Patients [20] have treatment 4 starting at day 6, hour 10.5 using resources [4, 13].[0m
[34m2025-01-08 17:23:29,366 - DEBUG - Patients [3] have treatment 4 starting at day 6, hour 15.5 using resources [3, 9].[0m
[34m2025-01-08 17:23:29,366 - DEBUG - Patients [27, 35] have treatment 5 starting at day 6, hour 8.0 using resources [5, 8].[0m
[34m2025-01-08 17:23:29,366 - DEBUG - Patients [28] have treatment 5 starting at day 6, hour 8.5 using resources [5, 12].[0m
[34m2025-01-08 17:23:29,366 - DEBUG - Patients [16, 35] have treatment 5 starting at day 6, hour 8.5 using resources [4, 9].[0m
[34m2025-01-08 17:23:29,366 - DEBUG - Patients [14, 20] have treatment 5 starting at day 6, hour 9.0 using resources [5, 13].[0m
[34m2025-01-08 17:23:29,366 - DEBUG - Patients [17, 18] have treatment 5 starting at day 6, hour 9.5 using resources [5, 13].[0m
[34m2025-01-08 17:23:29,366 - DEBUG - Patients [12, 17] have treatment 5 starting at day 6, hour 11.0 using resources [4, 11].[0m
[34m2025-01-08 17:23:29,366 - DEBUG - Patients [14, 24] have treatment 5 starting at day 6, hour 14.0 using resources [5, 8].[0m
[34m2025-01-08 17:23:29,366 - DEBUG - Patients [5, 6] have treatment 5 starting at day 6, hour 14.5 using resources [5, 8].[0m
[34m2025-01-08 17:23:29,366 - DEBUG - Patients [2, 28] have treatment 5 starting at day 6, hour 15.0 using resources [5, 9].[0m
[34m2025-01-08 17:23:29,366 - DEBUG - Patients [2, 4] have treatment 5 starting at day 6, hour 15.5 using resources [5, 11].[0m
[34m2025-01-08 17:23:29,366 - DEBUG - Patients [29, 39] have treatment 7 starting at day 6, hour 10.0 using resources [12, 8, 5].[0m
[34m2025-01-08 17:23:29,366 - DEBUG - Patients [19, 33] have treatment 7 starting at day 6, hour 11.0 using resources [13, 9, 5].[0m
[34m2025-01-08 17:23:29,366 - DEBUG - Patients [16, 19] have treatment 7 starting at day 6, hour 13.0 using resources [13, 8, 5].[0m
[34m2025-01-08 17:23:29,366 - DEBUG - Patients [11, 29] have treatment 7 starting at day 6, hour 15.0 using resources [12, 8, 4].[0m
[34m2025-01-08 17:23:29,366 - DEBUG - Patients [22, 23, 27, 28, 35] have treatment 0 starting at day 7, hour 10.0 using resources [1, 2, 11].[0m
[34m2025-01-08 17:23:29,366 - DEBUG - Patients [16, 20, 27, 35] have treatment 0 starting at day 7, hour 11.0 using resources [1, 2, 10].[0m
[34m2025-01-08 17:23:29,366 - DEBUG - Patients [4, 5, 14, 18] have treatment 0 starting at day 7, hour 13.0 using resources [1, 2, 10].[0m
[34m2025-01-08 17:23:29,366 - DEBUG - Patients [0, 1, 3, 5] have treatment 0 starting at day 7, hour 14.0 using resources [1, 2, 10].[0m
[34m2025-01-08 17:23:29,366 - DEBUG - Patients [0, 5] have treatment 0 starting at day 7, hour 15.0 using resources [0, 1, 10].[0m
[34m2025-01-08 17:23:29,366 - DEBUG - Patients [37] have treatment 1 starting at day 7, hour 8.0 using resources [12].[0m
[34m2025-01-08 17:23:29,366 - DEBUG - Patients [32] have treatment 1 starting at day 7, hour 9.0 using resources [9].[0m
[34m2025-01-08 17:23:29,366 - DEBUG - Patients [32] have treatment 1 starting at day 7, hour 9.5 using resources [9].[0m
[34m2025-01-08 17:23:29,367 - DEBUG - Patients [23] have treatment 1 starting at day 7, hour 9.5 using resources [11].[0m
[34m2025-01-08 17:23:29,367 - DEBUG - Patients [19] have treatment 1 starting at day 7, hour 10.0 using resources [9].[0m
[34m2025-01-08 17:23:29,367 - DEBUG - Patients [19] have treatment 1 starting at day 7, hour 10.5 using resources [9].[0m
[34m2025-01-08 17:23:29,367 - DEBUG - Patients [10] have treatment 1 starting at day 7, hour 11.0 using resources [9].[0m
[34m2025-01-08 17:23:29,367 - DEBUG - Patients [8] have treatment 1 starting at day 7, hour 12.0 using resources [9].[0m
[34m2025-01-08 17:23:29,367 - DEBUG - Patients [8] have treatment 1 starting at day 7, hour 12.5 using resources [9].[0m
[34m2025-01-08 17:23:29,367 - DEBUG - Patients [6] have treatment 1 starting at day 7, hour 13.5 using resources [9].[0m
[34m2025-01-08 17:23:29,367 - DEBUG - Patients [7, 23, 25, 26, 31, 34, 39] have treatment 2 starting at day 7, hour 14.0 using resources [0, 9].[0m
[34m2025-01-08 17:23:29,367 - DEBUG - Patients [2, 4, 7, 14, 22] have treatment 2 starting at day 7, hour 15.0 using resources [3, 9].[0m
[34m2025-01-08 17:23:29,367 - DEBUG - Patients [31, 32] have treatment 4 starting at day 7, hour 8.0 using resources [0, 9].[0m
[34m2025-01-08 17:23:29,367 - DEBUG - Patients [21, 23] have treatment 4 starting at day 7, hour 11.5 using resources [0, 9].[0m
[34m2025-01-08 17:23:29,367 - DEBUG - Patients [17, 20] have treatment 4 starting at day 7, hour 13.0 using resources [0, 9].[0m
[34m2025-01-08 17:23:29,367 - DEBUG - Patients [3, 11] have treatment 4 starting at day 7, hour 13.5 using resources [0, 11].[0m
[34m2025-01-08 17:23:29,367 - DEBUG - Patients [24, 26] have treatment 5 starting at day 7, hour 8.0 using resources [4, 8].[0m
[34m2025-01-08 17:23:29,367 - DEBUG - Patients [16, 19] have treatment 5 starting at day 7, hour 8.0 using resources [5, 10].[0m
[34m2025-01-08 17:23:29,367 - DEBUG - Patients [8, 14] have treatment 5 starting at day 7, hour 8.5 using resources [5, 8].[0m
[34m2025-01-08 17:23:29,367 - DEBUG - Patients [2, 14] have treatment 5 starting at day 7, hour 9.0 using resources [4, 8].[0m
[34m2025-01-08 17:23:29,367 - DEBUG - Patients [1, 2] have treatment 5 starting at day 7, hour 9.5 using resources [4, 8].[0m
[34m2025-01-08 17:23:29,367 - DEBUG - Patients [3, 12, 18, 20, 21, 22, 27, 33, 37, 38] have treatment 6 starting at day 7, hour 8.5 using resources [0, 13].[0m
[34m2025-01-08 17:23:29,367 - DEBUG - Patients [2, 3, 11, 12, 18] have treatment 6 starting at day 7, hour 10.0 using resources [0, 12].[0m
[34m2025-01-08 17:23:29,367 - DEBUG - Patients [33, 39] have treatment 7 starting at day 7, hour 10.0 using resources [13, 8, 5].[0m
[34m2025-01-08 17:23:29,367 - DEBUG - Patients [31, 33] have treatment 7 starting at day 7, hour 11.0 using resources [13, 8, 5].[0m
[34m2025-01-08 17:23:29,367 - DEBUG - Patients [26, 29] have treatment 7 starting at day 7, hour 13.0 using resources [12, 8, 4].[0m
[34m2025-01-08 17:23:29,367 - DEBUG - Patients [16, 24] have treatment 7 starting at day 7, hour 14.0 using resources [12, 8, 4].[0m
[34m2025-01-08 17:23:29,367 - DEBUG - Patients [1] have treatment 7 starting at day 7, hour 15.0 using resources [12, 8, 4].[0m
[34m2025-01-08 17:23:29,367 - DEBUG - Patients [17, 24, 33, 34, 38] have treatment 0 starting at day 8, hour 10.0 using resources [2, 3, 12].[0m
[34m2025-01-08 17:23:29,367 - DEBUG - Patients [12, 20, 28, 33] have treatment 0 starting at day 8, hour 13.0 using resources [1, 4, 12].[0m
[34m2025-01-08 17:23:29,367 - DEBUG - Patients [3, 4, 7, 17, 28] have treatment 0 starting at day 8, hour 14.5 using resources [1, 3, 10].[0m
[34m2025-01-08 17:23:29,367 - DEBUG - Patients [39] have treatment 1 starting at day 8, hour 8.0 using resources [8].[0m
[34m2025-01-08 17:23:29,368 - DEBUG - Patients [37] have treatment 1 starting at day 8, hour 8.0 using resources [10].[0m
[34m2025-01-08 17:23:29,368 - DEBUG - Patients [32] have treatment 1 starting at day 8, hour 8.0 using resources [13].[0m
[34m2025-01-08 17:23:29,368 - DEBUG - Patients [32] have treatment 1 starting at day 8, hour 8.5 using resources [13].[0m
[34m2025-01-08 17:23:29,368 - DEBUG - Patients [31] have treatment 1 starting at day 8, hour 8.5 using resources [10].[0m
[34m2025-01-08 17:23:29,368 - DEBUG - Patients [31] have treatment 1 starting at day 8, hour 9.0 using resources [11].[0m
[34m2025-01-08 17:23:29,368 - DEBUG - Patients [8] have treatment 1 starting at day 8, hour 9.0 using resources [13].[0m
[34m2025-01-08 17:23:29,368 - DEBUG - Patients [23] have treatment 1 starting at day 8, hour 9.0 using resources [10].[0m
[34m2025-01-08 17:23:29,368 - DEBUG - Patients [23] have treatment 1 starting at day 8, hour 9.5 using resources [11].[0m
[34m2025-01-08 17:23:29,368 - DEBUG - Patients [22] have treatment 1 starting at day 8, hour 9.5 using resources [13].[0m
[34m2025-01-08 17:23:29,368 - DEBUG - Patients [22] have treatment 1 starting at day 8, hour 10.0 using resources [10].[0m
[34m2025-01-08 17:23:29,368 - DEBUG - Patients [19] have treatment 1 starting at day 8, hour 10.0 using resources [13].[0m
[34m2025-01-08 17:23:29,368 - DEBUG - Patients [18] have treatment 1 starting at day 8, hour 10.0 using resources [11].[0m
[34m2025-01-08 17:23:29,368 - DEBUG - Patients [18] have treatment 1 starting at day 8, hour 10.5 using resources [11].[0m
[34m2025-01-08 17:23:29,368 - DEBUG - Patients [13] have treatment 1 starting at day 8, hour 10.5 using resources [10].[0m
[34m2025-01-08 17:23:29,368 - DEBUG - Patients [13] have treatment 1 starting at day 8, hour 11.0 using resources [10].[0m
[34m2025-01-08 17:23:29,368 - DEBUG - Patients [13] have treatment 1 starting at day 8, hour 11.5 using resources [10].[0m
[34m2025-01-08 17:23:29,368 - DEBUG - Patients [13] have treatment 1 starting at day 8, hour 12.0 using resources [9].[0m
[34m2025-01-08 17:23:29,368 - DEBUG - Patients [10] have treatment 1 starting at day 8, hour 12.5 using resources [9].[0m
[34m2025-01-08 17:23:29,368 - DEBUG - Patients [10] have treatment 1 starting at day 8, hour 13.0 using resources [9].[0m
[34m2025-01-08 17:23:29,368 - DEBUG - Patients [8] have treatment 1 starting at day 8, hour 13.5 using resources [9].[0m
[34m2025-01-08 17:23:29,368 - DEBUG - Patients [30] have treatment 1 starting at day 8, hour 14.0 using resources [9].[0m
[34m2025-01-08 17:23:29,368 - DEBUG - Patients [1] have treatment 1 starting at day 8, hour 14.5 using resources [9].[0m
[34m2025-01-08 17:23:29,368 - DEBUG - Patients [1] have treatment 1 starting at day 8, hour 15.0 using resources [9].[0m
[34m2025-01-08 17:23:29,368 - DEBUG - Patients [0] have treatment 1 starting at day 8, hour 15.5 using resources [9].[0m
[34m2025-01-08 17:23:29,368 - DEBUG - Patients [3, 4, 10, 12, 14, 20, 27, 30, 34] have treatment 2 starting at day 8, hour 8.0 using resources [1, 9].[0m
[34m2025-01-08 17:23:29,368 - DEBUG - Patients [3, 4, 11, 12, 14, 27] have treatment 2 starting at day 8, hour 9.0 using resources [1, 9].[0m
[34m2025-01-08 17:23:29,368 - DEBUG - Patients [11, 14, 20, 23, 39] have treatment 2 starting at day 8, hour 10.0 using resources [0, 9].[0m
[34m2025-01-08 17:23:29,368 - DEBUG - Patients [1, 3, 4, 10, 11] have treatment 2 starting at day 8, hour 13.5 using resources [0, 10].[0m
[34m2025-01-08 17:23:29,368 - DEBUG - Patients [32, 37] have treatment 4 starting at day 8, hour 11.0 using resources [0, 9].[0m
[34m2025-01-08 17:23:29,368 - DEBUG - Patients [21, 26] have treatment 4 starting at day 8, hour 11.5 using resources [0, 11].[0m
[34m2025-01-08 17:23:29,369 - DEBUG - Patients [17] have treatment 4 starting at day 8, hour 13.0 using resources [0, 11].[0m
[34m2025-01-08 17:23:29,369 - DEBUG - Patients [1, 5] have treatment 4 starting at day 8, hour 13.0 using resources [3, 10].[0m
[34m2025-01-08 17:23:29,369 - DEBUG - Patients [12] have treatment 4 starting at day 8, hour 14.0 using resources [1, 11].[0m
[34m2025-01-08 17:23:29,369 - DEBUG - Patients [35] have treatment 5 starting at day 8, hour 8.5 using resources [5, 8].[0m
[34m2025-01-08 17:23:29,369 - DEBUG - Patients [35] have treatment 5 starting at day 8, hour 9.0 using resources [5, 8].[0m
[34m2025-01-08 17:23:29,369 - DEBUG - Patients [35] have treatment 5 starting at day 8, hour 9.5 using resources [5, 8].[0m
[34m2025-01-08 17:23:29,369 - DEBUG - Patients [2] have treatment 5 starting at day 8, hour 9.5 using resources [4, 12].[0m
[34m2025-01-08 17:23:29,369 - DEBUG - Patients [16] have treatment 5 starting at day 8, hour 10.0 using resources [4, 8].[0m
[34m2025-01-08 17:23:29,369 - DEBUG - Patients [22] have treatment 5 starting at day 8, hour 10.5 using resources [4, 8].[0m
[34m2025-01-08 17:23:29,369 - DEBUG - Patients [2] have treatment 5 starting at day 8, hour 10.5 using resources [5, 13].[0m
[34m2025-01-08 17:23:29,369 - DEBUG - Patients [23] have treatment 5 starting at day 8, hour 14.0 using resources [5, 13].[0m
[34m2025-01-08 17:23:29,369 - DEBUG - Patients [39] have treatment 5 starting at day 8, hour 14.5 using resources [5, 11].[0m
[34m2025-01-08 17:23:29,369 - DEBUG - Patients [33] have treatment 5 starting at day 8, hour 15.0 using resources [5, 11].[0m
[34m2025-01-08 17:23:29,369 - DEBUG - Patients [24] have treatment 5 starting at day 8, hour 15.5 using resources [5, 10].[0m
[34m2025-01-08 17:23:29,369 - DEBUG - Patients [2, 7, 26, 29, 38] have treatment 6 starting at day 8, hour 8.0 using resources [0, 12].[0m
[34m2025-01-08 17:23:29,369 - DEBUG - Patients [2, 6, 14, 30, 34] have treatment 6 starting at day 8, hour 14.5 using resources [0, 13].[0m
[34m2025-01-08 17:23:29,369 - DEBUG - Patients [38, 39] have treatment 7 starting at day 8, hour 11.0 using resources [13, 8, 4].[0m
[34m2025-01-08 17:23:29,369 - DEBUG - Patients [14, 31] have treatment 7 starting at day 8, hour 13.0 using resources [13, 8, 5].[0m
[34m2025-01-08 17:23:29,369 - DEBUG - Patients [19, 26] have treatment 7 starting at day 8, hour 14.0 using resources [12, 8, 4].[0m
[34m2025-01-08 17:23:29,369 - DEBUG - Patients [8, 29] have treatment 7 starting at day 8, hour 15.0 using resources [12, 8, 4].[0m
[34m2025-01-08 17:23:29,369 - DEBUG - Patients [32] have treatment 1 starting at day 9, hour 8.0 using resources [12].[0m
[34m2025-01-08 17:23:29,369 - DEBUG - Patients [22] have treatment 1 starting at day 9, hour 8.0 using resources [10].[0m
[34m2025-01-08 17:23:29,369 - DEBUG - Patients [22] have treatment 1 starting at day 9, hour 8.5 using resources [10].[0m
[34m2025-01-08 17:23:29,369 - DEBUG - Patients [20] have treatment 1 starting at day 9, hour 10.0 using resources [10].[0m
[34m2025-01-08 17:23:29,369 - DEBUG - Patients [16] have treatment 1 starting at day 9, hour 10.5 using resources [10].[0m
[34m2025-01-08 17:23:29,369 - DEBUG - Patients [13] have treatment 1 starting at day 9, hour 11.0 using resources [10].[0m
[34m2025-01-08 17:23:29,369 - DEBUG - Patients [13] have treatment 1 starting at day 9, hour 11.5 using resources [10].[0m
[34m2025-01-08 17:23:29,369 - DEBUG - Patients [13] have treatment 1 starting at day 9, hour 12.0 using resources [10].[0m
[34m2025-01-08 17:23:29,369 - DEBUG - Patients [13] have treatment 1 starting at day 9, hour 12.5 using resources [10].[0m
[34m2025-01-08 17:23:29,370 - DEBUG - Patients [12] have treatment 1 starting at day 9, hour 13.0 using resources [10].[0m
[34m2025-01-08 17:23:29,370 - DEBUG - Patients [12] have treatment 1 starting at day 9, hour 13.5 using resources [10].[0m
[34m2025-01-08 17:23:29,370 - DEBUG - Patients [7] have treatment 1 starting at day 9, hour 14.0 using resources [10].[0m
[34m2025-01-08 17:23:29,370 - DEBUG - Patients [5] have treatment 1 starting at day 9, hour 14.5 using resources [10].[0m
[34m2025-01-08 17:23:29,370 - DEBUG - Patients [2] have treatment 1 starting at day 9, hour 15.0 using resources [10].[0m
[34m2025-01-08 17:23:29,370 - DEBUG - Patients [1] have treatment 1 starting at day 9, hour 15.5 using resources [10].[0m
[34m2025-01-08 17:23:29,370 - DEBUG - Patients [4, 8, 10, 21, 27, 34] have treatment 2 starting at day 9, hour 13.0 using resources [1, 11].[0m
[34m2025-01-08 17:23:29,370 - DEBUG - Patients [0, 4, 5, 8, 9] have treatment 2 starting at day 9, hour 15.0 using resources [1, 9].[0m
[34m2025-01-08 17:23:29,370 - DEBUG - Patients [16, 17, 20, 31, 34] have treatment 3 starting at day 9, hour 8.0 using resources [1, 11].[0m
[34m2025-01-08 17:23:29,370 - DEBUG - Patients [2, 3, 11, 21] have treatment 3 starting at day 9, hour 8.0 using resources [0, 9].[0m
[34m2025-01-08 17:23:29,370 - DEBUG - Patients [6, 21] have treatment 3 starting at day 9, hour 14.0 using resources [4, 13].[0m
[34m2025-01-08 17:23:29,370 - DEBUG - Patients [26, 33] have treatment 4 starting at day 9, hour 10.0 using resources [0, 9].[0m
[34m2025-01-08 17:23:29,370 - DEBUG - Patients [23, 25] have treatment 4 starting at day 9, hour 10.5 using resources [0, 9].[0m
[34m2025-01-08 17:23:29,370 - DEBUG - Patients [14, 18] have treatment 4 starting at day 9, hour 11.0 using resources [0, 9].[0m
[34m2025-01-08 17:23:29,370 - DEBUG - Patients [5, 14] have treatment 4 starting at day 9, hour 11.5 using resources [0, 9].[0m
[34m2025-01-08 17:23:29,370 - DEBUG - Patients [3] have treatment 4 starting at day 9, hour 13.5 using resources [0, 9].[0m
[34m2025-01-08 17:23:29,370 - DEBUG - Patients [38, 39] have treatment 5 starting at day 9, hour 13.0 using resources [5, 9].[0m
[34m2025-01-08 17:23:29,370 - DEBUG - Patients [33, 35] have treatment 5 starting at day 9, hour 14.0 using resources [5, 8].[0m
[34m2025-01-08 17:23:29,370 - DEBUG - Patients [33, 35] have treatment 5 starting at day 9, hour 14.5 using resources [5, 8].[0m
[34m2025-01-08 17:23:29,370 - DEBUG - Patients [30, 35] have treatment 5 starting at day 9, hour 15.0 using resources [5, 8].[0m
[34m2025-01-08 17:23:29,370 - DEBUG - Patients [22] have treatment 5 starting at day 9, hour 15.5 using resources [5, 8].[0m
[34m2025-01-08 17:23:29,370 - DEBUG - Patients [37, 39] have treatment 7 starting at day 9, hour 8.0 using resources [13, 8, 5].[0m
[34m2025-01-08 17:23:29,370 - DEBUG - Patients [29, 33] have treatment 7 starting at day 9, hour 9.0 using resources [12, 10, 5].[0m
[34m2025-01-08 17:23:29,370 - DEBUG - Patients [19, 28] have treatment 7 starting at day 9, hour 9.0 using resources [13, 8, 4].[0m
[34m2025-01-08 17:23:29,370 - DEBUG - Patients [9, 28] have treatment 7 starting at day 9, hour 10.0 using resources [12, 8, 4].[0m
[34m2025-01-08 17:23:29,370 - DEBUG - Patients [1, 7] have treatment 7 starting at day 9, hour 11.0 using resources [12, 8, 4].[0m
[34m2025-01-08 17:23:29,370 - DEBUG - Patients [1] have treatment 7 starting at day 9, hour 13.0 using resources [12, 8, 4].[0m
[34m2025-01-08 17:23:29,370 - DEBUG - Patients [35] have treatment 1 starting at day 10, hour 8.0 using resources [13].[0m
[34m2025-01-08 17:23:29,370 - DEBUG - Patients [38] have treatment 1 starting at day 10, hour 8.0 using resources [11].[0m
[34m2025-01-08 17:23:29,371 - DEBUG - Patients [38] have treatment 1 starting at day 10, hour 8.5 using resources [12].[0m
[34m2025-01-08 17:23:29,371 - DEBUG - Patients [36] have treatment 1 starting at day 10, hour 8.5 using resources [11].[0m
[34m2025-01-08 17:23:29,371 - DEBUG - Patients [35] have treatment 1 starting at day 10, hour 8.5 using resources [10].[0m
[34m2025-01-08 17:23:29,371 - DEBUG - Patients [35] have treatment 1 starting at day 10, hour 9.0 using resources [10].[0m
[34m2025-01-08 17:23:29,371 - DEBUG - Patients [32] have treatment 1 starting at day 10, hour 9.0 using resources [9].[0m
[34m2025-01-08 17:23:29,371 - DEBUG - Patients [32] have treatment 1 starting at day 10, hour 9.5 using resources [9].[0m
[34m2025-01-08 17:23:29,371 - DEBUG - Patients [31] have treatment 1 starting at day 10, hour 9.5 using resources [12].[0m
[34m2025-01-08 17:23:29,371 - DEBUG - Patients [31] have treatment 1 starting at day 10, hour 10.0 using resources [12].[0m
[34m2025-01-08 17:23:29,371 - DEBUG - Patients [30] have treatment 1 starting at day 10, hour 10.0 using resources [11].[0m
[34m2025-01-08 17:23:29,371 - DEBUG - Patients [30] have treatment 1 starting at day 10, hour 10.5 using resources [9].[0m
[34m2025-01-08 17:23:29,371 - DEBUG - Patients [28] have treatment 1 starting at day 10, hour 10.5 using resources [13].[0m
[34m2025-01-08 17:23:29,371 - DEBUG - Patients [27] have treatment 1 starting at day 10, hour 10.5 using resources [11].[0m
[34m2025-01-08 17:23:29,371 - DEBUG - Patients [27] have treatment 1 starting at day 10, hour 11.0 using resources [9].[0m
[34m2025-01-08 17:23:29,371 - DEBUG - Patients [22] have treatment 1 starting at day 10, hour 11.0 using resources [13].[0m
[34m2025-01-08 17:23:29,371 - DEBUG - Patients [22] have treatment 1 starting at day 10, hour 11.5 using resources [9].[0m
[34m2025-01-08 17:23:29,371 - DEBUG - Patients [20] have treatment 1 starting at day 10, hour 11.5 using resources [13].[0m
[34m2025-01-08 17:23:29,371 - DEBUG - Patients [20] have treatment 1 starting at day 10, hour 12.0 using resources [9].[0m
[34m2025-01-08 17:23:29,371 - DEBUG - Patients [16] have treatment 1 starting at day 10, hour 12.0 using resources [10].[0m
[34m2025-01-08 17:23:29,371 - DEBUG - Patients [16] have treatment 1 starting at day 10, hour 12.5 using resources [9].[0m
[34m2025-01-08 17:23:29,371 - DEBUG - Patients [13] have treatment 1 starting at day 10, hour 12.5 using resources [13].[0m
[34m2025-01-08 17:23:29,371 - DEBUG - Patients [12] have treatment 1 starting at day 10, hour 12.5 using resources [12].[0m
[34m2025-01-08 17:23:29,371 - DEBUG - Patients [10] have treatment 1 starting at day 10, hour 12.5 using resources [11].[0m
[34m2025-01-08 17:23:29,371 - DEBUG - Patients [9] have treatment 1 starting at day 10, hour 12.5 using resources [10].[0m
[34m2025-01-08 17:23:29,371 - DEBUG - Patients [9] have treatment 1 starting at day 10, hour 13.0 using resources [13].[0m
[34m2025-01-08 17:23:29,371 - DEBUG - Patients [9] have treatment 1 starting at day 10, hour 13.5 using resources [11].[0m
[34m2025-01-08 17:23:29,371 - DEBUG - Patients [7] have treatment 1 starting at day 10, hour 13.5 using resources [10].[0m
[34m2025-01-08 17:23:29,371 - DEBUG - Patients [5] have treatment 1 starting at day 10, hour 13.5 using resources [13].[0m
[34m2025-01-08 17:23:29,371 - DEBUG - Patients [5] have treatment 1 starting at day 10, hour 14.0 using resources [11].[0m
[34m2025-01-08 17:23:29,371 - DEBUG - Patients [4] have treatment 1 starting at day 10, hour 14.0 using resources [13].[0m
[34m2025-01-08 17:23:29,371 - DEBUG - Patients [4] have treatment 1 starting at day 10, hour 14.5 using resources [11].[0m
[34m2025-01-08 17:23:29,372 - DEBUG - Patients [0] have treatment 1 starting at day 10, hour 14.5 using resources [13].[0m
[34m2025-01-08 17:23:29,372 - DEBUG - Patients [0] have treatment 1 starting at day 10, hour 15.0 using resources [9].[0m
[34m2025-01-08 17:23:29,372 - DEBUG - Patients [0] have treatment 1 starting at day 10, hour 15.5 using resources [9].[0m
[34m2025-01-08 17:23:29,372 - DEBUG - Patients [2, 19, 26, 33, 34] have treatment 2 starting at day 10, hour 13.0 using resources [4, 9].[0m
[34m2025-01-08 17:23:29,372 - DEBUG - Patients [1, 7, 11, 18, 23, 24, 26, 39] have treatment 2 starting at day 10, hour 14.0 using resources [1, 9].[0m
[34m2025-01-08 17:23:29,372 - DEBUG - Patients [17, 33] have treatment 3 starting at day 10, hour 8.0 using resources [0, 8].[0m
[34m2025-01-08 17:23:29,372 - DEBUG - Patients [33, 39] have treatment 3 starting at day 10, hour 10.0 using resources [4, 10].[0m
[34m2025-01-08 17:23:29,372 - DEBUG - Patients [12, 36] have treatment 3 starting at day 10, hour 13.0 using resources [3, 12].[0m
[34m2025-01-08 17:23:29,372 - DEBUG - Patients [16, 26] have treatment 4 starting at day 10, hour 10.0 using resources [0, 8].[0m
[34m2025-01-08 17:23:29,372 - DEBUG - Patients [21, 30] have treatment 4 starting at day 10, hour 13.0 using resources [0, 8].[0m
[34m2025-01-08 17:23:29,372 - DEBUG - Patients [8, 35] have treatment 4 starting at day 10, hour 13.5 using resources [0, 8].[0m
[34m2025-01-08 17:23:29,372 - DEBUG - Patients [20, 39] have treatment 5 starting at day 10, hour 8.5 using resources [4, 13].[0m
[34m2025-01-08 17:23:29,372 - DEBUG - Patients [17, 32] have treatment 5 starting at day 10, hour 10.5 using resources [5, 8].[0m
[34m2025-01-08 17:23:29,372 - DEBUG - Patients [37] have treatment 5 starting at day 10, hour 11.0 using resources [5, 8].[0m
[34m2025-01-08 17:23:29,372 - DEBUG - Patients [17, 29] have treatment 5 starting at day 10, hour 11.5 using resources [5, 8].[0m
[34m2025-01-08 17:23:29,372 - DEBUG - Patients [3, 14] have treatment 5 starting at day 10, hour 14.0 using resources [4, 8].[0m
[34m2025-01-08 17:23:29,372 - DEBUG - Patients [13, 14] have treatment 5 starting at day 10, hour 14.5 using resources [5, 8].[0m
[34m2025-01-08 17:23:29,372 - DEBUG - Patients [6, 33] have treatment 5 starting at day 10, hour 15.0 using resources [4, 8].[0m
[34m2025-01-08 17:23:29,372 - DEBUG - Patients [3, 29] have treatment 5 starting at day 10, hour 15.5 using resources [5, 8].[0m
[34m2025-01-08 17:23:29,372 - DEBUG - Patients [1, 11] have treatment 5 starting at day 10, hour 15.5 using resources [4, 13].[0m
[34m2025-01-08 17:23:29,372 - DEBUG - Patients [4, 25, 27, 34, 38] have treatment 6 starting at day 10, hour 9.0 using resources [1, 13].[0m
[34m2025-01-08 17:23:29,372 - DEBUG - Patients [2, 3, 4, 6, 19] have treatment 6 starting at day 10, hour 10.5 using resources [2, 12].[0m
[34m2025-01-08 17:23:29,372 - DEBUG - Patients [15] have treatment 1 starting at day 11, hour 12.0 using resources [9].[0m
[34m2025-01-08 17:23:29,372 - DEBUG - Patients [15] have treatment 1 starting at day 11, hour 12.5 using resources [10].[0m
[34m2025-01-08 17:23:29,372 - DEBUG - Patients [3, 7, 12, 13, 33] have treatment 2 starting at day 11, hour 13.0 using resources [3, 10].[0m
[34m2025-01-08 17:23:29,372 - DEBUG - Patients [2, 13, 30, 31, 38] have treatment 3 starting at day 11, hour 8.0 using resources [1, 11].[0m
[34m2025-01-08 17:23:29,372 - DEBUG - Patients [10, 16, 19, 22, 26, 37] have treatment 3 starting at day 11, hour 8.0 using resources [0, 10].[0m
[34m2025-01-08 17:23:29,372 - DEBUG - Patients [4, 13, 35] have treatment 3 starting at day 11, hour 10.0 using resources [3, 11].[0m
[34m2025-01-08 17:23:29,372 - DEBUG - Patients [2, 3, 22, 31] have treatment 3 starting at day 11, hour 10.0 using resources [4, 10].[0m
[34m2025-01-08 17:23:29,372 - DEBUG - Patients [2, 4, 5, 38] have treatment 3 starting at day 11, hour 13.0 using resources [4, 11].[0m
[34m2025-01-08 17:23:29,373 - DEBUG - Patients [18, 26, 30, 35, 39] have treatment 3 starting at day 11, hour 13.0 using resources [2, 8].[0m
[34m2025-01-08 17:23:29,373 - DEBUG - Patients [36, 37] have treatment 4 starting at day 11, hour 10.0 using resources [1, 9].[0m
[34m2025-01-08 17:23:29,373 - DEBUG - Patients [26, 30] have treatment 4 starting at day 11, hour 10.5 using resources [0, 8].[0m
[34m2025-01-08 17:23:29,373 - DEBUG - Patients [24] have treatment 4 starting at day 11, hour 11.0 using resources [0, 8].[0m
[34m2025-01-08 17:23:29,373 - DEBUG - Patients [20, 23] have treatment 4 starting at day 11, hour 11.5 using resources [2, 8].[0m
[34m2025-01-08 17:23:29,373 - DEBUG - Patients [17, 19] have treatment 4 starting at day 11, hour 11.5 using resources [0, 9].[0m
[34m2025-01-08 17:23:29,373 - DEBUG - Patients [16, 25] have treatment 4 starting at day 11, hour 14.0 using resources [1, 9].[0m
[34m2025-01-08 17:23:29,373 - DEBUG - Patients [8, 9] have treatment 4 starting at day 11, hour 15.0 using resources [2, 9].[0m
[34m2025-01-08 17:23:29,373 - DEBUG - Patients [15] have treatment 4 starting at day 11, hour 15.5 using resources [2, 8].[0m
[34m2025-01-08 17:23:29,373 - DEBUG - Patients [4] have treatment 4 starting at day 11, hour 15.5 using resources [4, 9].[0m
[34m2025-01-08 17:23:29,373 - DEBUG - Patients [5, 14] have treatment 5 starting at day 11, hour 8.0 using resources [4, 12].[0m
[34m2025-01-08 17:23:29,373 - DEBUG - Patients [20, 33] have treatment 5 starting at day 11, hour 9.0 using resources [5, 9].[0m
[34m2025-01-08 17:23:29,373 - DEBUG - Patients [7] have treatment 5 starting at day 11, hour 9.5 using resources [4, 9].[0m
[34m2025-01-08 17:23:29,373 - DEBUG - Patients [12, 39] have treatment 5 starting at day 11, hour 11.5 using resources [5, 13].[0m
[34m2025-01-08 17:23:29,373 - DEBUG - Patients [19, 36] have treatment 5 starting at day 11, hour 15.0 using resources [4, 8].[0m
[34m2025-01-08 17:23:29,373 - DEBUG - Patients [0, 14, 18, 24, 28] have treatment 6 starting at day 11, hour 9.0 using resources [2, 13].[0m
[34m2025-01-08 17:23:29,373 - DEBUG - Patients [10, 14, 16, 18, 27, 28, 38] have treatment 6 starting at day 11, hour 10.5 using resources [1, 12].[0m
[34m2025-01-08 17:23:29,373 - DEBUG - Patients [0, 1, 6, 10, 14, 31] have treatment 6 starting at day 11, hour 13.0 using resources [0, 13].[0m
[34m2025-01-08 17:23:29,373 - DEBUG - Patients [0, 1, 3, 6, 10, 14, 21] have treatment 6 starting at day 11, hour 14.5 using resources [1, 13].[0m
[34m2025-01-08 17:23:29,373 - DEBUG - Patients [4, 23] have treatment 7 starting at day 11, hour 8.0 using resources [13, 9, 5].[0m
[34m2025-01-08 17:23:29,373 - DEBUG - Patients [1, 34] have treatment 7 starting at day 11, hour 8.5 using resources [12, 8, 4].[0m
[34m2025-01-08 17:23:29,373 - DEBUG - Patients [17, 32] have treatment 7 starting at day 11, hour 9.5 using resources [12, 8, 5].[0m
[34m2025-01-08 17:23:29,373 - DEBUG - Patients [21, 23] have treatment 7 starting at day 11, hour 10.5 using resources [13, 9, 5].[0m
[34m2025-01-08 17:23:29,373 - DEBUG - Patients [23, 29] have treatment 7 starting at day 11, hour 13.0 using resources [12, 9, 5].[0m
[34m2025-01-08 17:23:29,373 - DEBUG - Patients [11, 34] have treatment 7 starting at day 11, hour 14.0 using resources [12, 10, 5].[0m
[34m2025-01-08 17:23:29,373 - DEBUG - Patients [2, 17] have treatment 7 starting at day 11, hour 15.0 using resources [12, 11, 5].[0m
[34m2025-01-08 17:23:29,373 - DEBUG - Patients [1, 3, 19, 37, 38] have treatment 0 starting at day 12, hour 13.0 using resources [2, 4, 12].[0m
[34m2025-01-08 17:23:29,373 - DEBUG - Patients [7, 11, 19, 30, 31] have treatment 0 starting at day 12, hour 14.0 using resources [0, 2, 9].[0m
[34m2025-01-08 17:23:29,373 - DEBUG - Patients [8, 9, 23, 34, 37] have treatment 0 starting at day 12, hour 15.0 using resources [0, 2, 11].[0m
[34m2025-01-08 17:23:29,373 - DEBUG - Patients [36] have treatment 1 starting at day 12, hour 9.5 using resources [9].[0m
[34m2025-01-08 17:23:29,374 - DEBUG - Patients [15] have treatment 1 starting at day 12, hour 10.0 using resources [11].[0m
[34m2025-01-08 17:23:29,374 - DEBUG - Patients [15] have treatment 1 starting at day 12, hour 11.5 using resources [11].[0m
[34m2025-01-08 17:23:29,374 - DEBUG - Patients [14] have treatment 1 starting at day 12, hour 12.0 using resources [8].[0m
[34m2025-01-08 17:23:29,374 - DEBUG - Patients [15] have treatment 1 starting at day 12, hour 12.0 using resources [9].[0m
[34m2025-01-08 17:23:29,374 - DEBUG - Patients [28] have treatment 1 starting at day 12, hour 12.5 using resources [9].[0m
[34m2025-01-08 17:23:29,374 - DEBUG - Patients [2, 17, 18, 23, 24] have treatment 2 starting at day 12, hour 14.0 using resources [3, 12].[0m
[34m2025-01-08 17:23:29,374 - DEBUG - Patients [1, 2, 5, 7, 11, 12, 14, 20, 35] have treatment 2 starting at day 12, hour 15.0 using resources [3, 9].[0m
[34m2025-01-08 17:23:29,374 - DEBUG - Patients [9, 13, 20, 30, 32] have treatment 3 starting at day 12, hour 8.0 using resources [0, 8].[0m
[34m2025-01-08 17:23:29,374 - DEBUG - Patients [1, 12, 21, 31, 33, 39] have treatment 3 starting at day 12, hour 8.0 using resources [3, 11].[0m
[34m2025-01-08 17:23:29,374 - DEBUG - Patients [8, 10, 22] have treatment 3 starting at day 12, hour 9.0 using resources [1, 10].[0m
[34m2025-01-08 17:23:29,374 - DEBUG - Patients [5, 13, 20, 30, 33, 39] have treatment 3 starting at day 12, hour 10.0 using resources [0, 8].[0m
[34m2025-01-08 17:23:29,374 - DEBUG - Patients [5, 12, 13, 22, 33] have treatment 3 starting at day 12, hour 13.0 using resources [1, 8].[0m
[34m2025-01-08 17:23:29,374 - DEBUG - Patients [2, 36] have treatment 4 starting at day 12, hour 9.0 using resources [4, 9].[0m
[34m2025-01-08 17:23:29,374 - DEBUG - Patients [14, 32] have treatment 4 starting at day 12, hour 10.0 using resources [4, 12].[0m
[34m2025-01-08 17:23:29,374 - DEBUG - Patients [3, 38] have treatment 4 starting at day 12, hour 10.0 using resources [3, 9].[0m
[34m2025-01-08 17:23:29,374 - DEBUG - Patients [16, 25] have treatment 4 starting at day 12, hour 10.5 using resources [4, 11].[0m
[34m2025-01-08 17:23:29,374 - DEBUG - Patients [10, 19] have treatment 4 starting at day 12, hour 11.0 using resources [1, 11].[0m
[34m2025-01-08 17:23:29,374 - DEBUG - Patients [8, 22] have treatment 4 starting at day 12, hour 11.0 using resources [4, 10].[0m
[34m2025-01-08 17:23:29,374 - DEBUG - Patients [1, 7] have treatment 4 starting at day 12, hour 11.5 using resources [1, 10].[0m
[34m2025-01-08 17:23:29,374 - DEBUG - Patients [23] have treatment 4 starting at day 12, hour 11.5 using resources [4, 9].[0m
[34m2025-01-08 17:23:29,374 - DEBUG - Patients [26, 39] have treatment 4 starting at day 12, hour 14.0 using resources [4, 11].[0m
[34m2025-01-08 17:23:29,374 - DEBUG - Patients [10, 28] have treatment 4 starting at day 12, hour 14.5 using resources [4, 11].[0m
[34m2025-01-08 17:23:29,374 - DEBUG - Patients [6, 35] have treatment 5 starting at day 12, hour 9.0 using resources [5, 12].[0m
[34m2025-01-08 17:23:29,374 - DEBUG - Patients [24] have treatment 5 starting at day 12, hour 9.5 using resources [5, 12].[0m
[34m2025-01-08 17:23:29,374 - DEBUG - Patients [0, 16, 18, 25, 26] have treatment 6 starting at day 12, hour 9.0 using resources [2, 13].[0m
[34m2025-01-08 17:23:29,374 - DEBUG - Patients [14, 18, 27, 31, 32] have treatment 6 starting at day 12, hour 10.5 using resources [3, 13].[0m
[34m2025-01-08 17:23:29,374 - DEBUG - Patients [0, 2, 9, 12, 26] have treatment 6 starting at day 12, hour 10.5 using resources [2, 12].[0m
[34m2025-01-08 17:23:29,374 - DEBUG - Patients [4, 23] have treatment 7 starting at day 12, hour 8.0 using resources [12, 9, 4].[0m
[34m2025-01-08 17:23:29,374 - DEBUG - Patients [3, 28] have treatment 7 starting at day 12, hour 8.0 using resources [13, 10, 5].[0m
[34m2025-01-08 17:23:29,374 - DEBUG - Patients [11, 29] have treatment 7 starting at day 12, hour 13.0 using resources [13, 11, 5].[0m
[34m2025-01-08 17:23:29,375 - DEBUG - Patients [4, 34] have treatment 7 starting at day 12, hour 14.0 using resources [13, 10, 5].[0m
[34m2025-01-08 17:23:29,375 - DEBUG - Patients [3, 29] have treatment 7 starting at day 12, hour 15.0 using resources [12, 10, 5].[0m
[34m2025-01-08 17:23:29,375 - DEBUG - Patients [27, 38] have treatment 7 starting at day 12, hour 15.0 using resources [13, 8, 4].[0m
[34m2025-01-08 17:23:29,375 - DEBUG - Patients [27, 34, 38, 39] have treatment 0 starting at day 13, hour 8.5 using resources [1, 4, 9].[0m
[34m2025-01-08 17:23:29,375 - DEBUG - Patients [1, 8, 13, 14] have treatment 0 starting at day 13, hour 9.0 using resources [2, 3, 12].[0m
[34m2025-01-08 17:23:29,375 - DEBUG - Patients [12, 33] have treatment 0 starting at day 13, hour 15.0 using resources [2, 4, 10].[0m
[34m2025-01-08 17:23:29,375 - DEBUG - Patients [4] have treatment 1 starting at day 13, hour 9.0 using resources [8].[0m
[34m2025-01-08 17:23:29,375 - DEBUG - Patients [2] have treatment 1 starting at day 13, hour 9.0 using resources [10].[0m
[34m2025-01-08 17:23:29,375 - DEBUG - Patients [28] have treatment 1 starting at day 13, hour 9.5 using resources [9].[0m
[34m2025-01-08 17:23:29,375 - DEBUG - Patients [2] have treatment 1 starting at day 13, hour 9.5 using resources [11].[0m
[34m2025-01-08 17:23:29,375 - DEBUG - Patients [28] have treatment 1 starting at day 13, hour 10.0 using resources [11].[0m
[34m2025-01-08 17:23:29,375 - DEBUG - Patients [14] have treatment 1 starting at day 13, hour 10.5 using resources [11].[0m
[34m2025-01-08 17:23:29,375 - DEBUG - Patients [14] have treatment 1 starting at day 13, hour 11.0 using resources [9].[0m
[34m2025-01-08 17:23:29,375 - DEBUG - Patients [22] have treatment 1 starting at day 13, hour 11.0 using resources [11].[0m
[34m2025-01-08 17:23:29,375 - DEBUG - Patients [14] have treatment 1 starting at day 13, hour 12.0 using resources [11].[0m
[34m2025-01-08 17:23:29,375 - DEBUG - Patients [23] have treatment 1 starting at day 13, hour 12.0 using resources [13].[0m
[34m2025-01-08 17:23:29,375 - DEBUG - Patients [4] have treatment 1 starting at day 13, hour 12.0 using resources [10].[0m
[34m2025-01-08 17:23:29,375 - DEBUG - Patients [2] have treatment 1 starting at day 13, hour 12.0 using resources [12].[0m
[34m2025-01-08 17:23:29,375 - DEBUG - Patients [23] have treatment 1 starting at day 13, hour 12.5 using resources [12].[0m
[34m2025-01-08 17:23:29,375 - DEBUG - Patients [3, 12, 15, 20, 30, 31] have treatment 3 starting at day 13, hour 8.0 using resources [0, 13].[0m
[34m2025-01-08 17:23:29,375 - DEBUG - Patients [26, 36, 37] have treatment 3 starting at day 13, hour 9.5 using resources [4, 8].[0m
[34m2025-01-08 17:23:29,375 - DEBUG - Patients [5, 33] have treatment 3 starting at day 13, hour 9.5 using resources [1, 10].[0m
[34m2025-01-08 17:23:29,375 - DEBUG - Patients [3, 5, 19, 26] have treatment 3 starting at day 13, hour 13.0 using resources [1, 13].[0m
[34m2025-01-08 17:23:29,375 - DEBUG - Patients [9, 22] have treatment 3 starting at day 13, hour 13.0 using resources [4, 11].[0m
[34m2025-01-08 17:23:29,375 - DEBUG - Patients [18, 37] have treatment 3 starting at day 13, hour 13.0 using resources [3, 9].[0m
[34m2025-01-08 17:23:29,375 - DEBUG - Patients [23, 39] have treatment 4 starting at day 13, hour 8.0 using resources [2, 11].[0m
[34m2025-01-08 17:23:29,375 - DEBUG - Patients [32] have treatment 4 starting at day 13, hour 8.0 using resources [1, 9].[0m
[34m2025-01-08 17:23:29,375 - DEBUG - Patients [0, 7] have treatment 4 starting at day 13, hour 8.5 using resources [3, 10].[0m
[34m2025-01-08 17:23:29,375 - DEBUG - Patients [18, 24] have treatment 4 starting at day 13, hour 10.0 using resources [3, 9].[0m
[34m2025-01-08 17:23:29,375 - DEBUG - Patients [22, 38] have treatment 4 starting at day 13, hour 11.5 using resources [2, 11].[0m
[34m2025-01-08 17:23:29,375 - DEBUG - Patients [19, 33] have treatment 4 starting at day 13, hour 11.5 using resources [3, 9].[0m
[34m2025-01-08 17:23:29,376 - DEBUG - Patients [16, 17] have treatment 4 starting at day 13, hour 11.5 using resources [0, 10].[0m
[34m2025-01-08 17:23:29,376 - DEBUG - Patients [10, 26] have treatment 4 starting at day 13, hour 11.5 using resources [1, 8].[0m
[34m2025-01-08 17:23:29,376 - DEBUG - Patients [3, 21] have treatment 4 starting at day 13, hour 11.5 using resources [4, 13].[0m
[34m2025-01-08 17:23:29,376 - DEBUG - Patients [11, 25] have treatment 4 starting at day 13, hour 13.0 using resources [2, 8].[0m
[34m2025-01-08 17:23:29,376 - DEBUG - Patients [28, 31] have treatment 5 starting at day 13, hour 13.0 using resources [5, 10].[0m
[34m2025-01-08 17:23:29,376 - DEBUG - Patients [16, 24] have treatment 5 starting at day 13, hour 13.5 using resources [5, 10].[0m
[34m2025-01-08 17:23:29,376 - DEBUG - Patients [8, 9, 10, 11, 12, 15, 17, 20, 27, 31, 34] have treatment 6 starting at day 13, hour 10.0 using resources [2, 12].[0m
[34m2025-01-08 17:23:29,376 - DEBUG - Patients [1, 3, 6, 7, 13, 21, 29, 30, 32, 35, 39] have treatment 6 starting at day 13, hour 10.0 using resources [0, 13].[0m
[34m2025-01-08 17:23:29,376 - DEBUG - Patients [1, 4, 7, 8, 12, 13, 14, 15, 29, 32, 34, 35, 39] have treatment 6 starting at day 13, hour 13.0 using resources [0, 12].[0m
[34m2025-01-08 17:23:29,376 - DEBUG - Patients [0, 1, 4, 7, 11, 13, 17, 20, 21, 27, 29, 30, 36] have treatment 6 starting at day 13, hour 14.5 using resources [0, 12].[0m
[34m2025-01-08 17:23:29,376 - DEBUG - Patients [2, 33] have treatment 7 starting at day 13, hour 8.0 using resources [12, 8, 5].[0m
[34m2025-01-08 17:23:29,376 - DEBUG - Patients [16, 23] have treatment 7 starting at day 13, hour 15.0 using resources [13, 8, 5].[0m
[34m2025-01-08 17:23:29,387 - DEBUG - Checking solution value.[0m
[34m2025-01-08 17:23:29,387 - DEBUG - Solvers objective function value: 832.0[0m
[34m2025-01-08 17:23:29,392 - DEBUG - (VERIFIER):Treatment value: 0[0m
[34m2025-01-08 17:23:29,393 - DEBUG - (VERIFIER):Delay value: 0[0m
[34m2025-01-08 17:23:29,393 - DEBUG - (VERIFIER):Missing treatment value: 832[0m
[34m2025-01-08 17:23:29,393 - DEBUG - Correct objective function value: 832[0m
[34m2025-01-08 17:23:29,393 - DEBUG - Solution is valid.[0m
[34m2025-01-08 17:23:29,393 - DEBUG - All solvers accepted the solution.[0m
[32m2025-01-08 17:23:29,393 - INFO - Time to find solution: 2439.789s with value 832.000000[0m
[32m2025-01-08 17:23:29,393 - INFO - Total Time: 2457.706s[0m
