1.NAME: LBBDSolver
2.PARAMS: {'break_symmetry': False, 'add_constraints_to_symmetrc_days': False, 'subsolver_cls': 'CPSubSolver'}
3.INSTANCE: /home/wx350715/Kobra/rehabiliation-admission-scheduling/data/comp_study_002/instance_1_more_resources_30.txt
4.REPETITION: 1
Current directory: /home/wx350715/Kobra/rehabiliation-admission-scheduling
[34m2025-01-08 16:24:39,623 - DEBUG - Solver: <class 'src.solvers.benders.LBBDSolver'>[0m
[34m2025-01-08 16:24:39,623 - DEBUG - Args: {'break_symmetry': False, 'add_constraints_to_symmetrc_days': False, 'subsolver_cls': 'CPSubSolver'}[0m
[34m2025-01-08 16:24:39,623 - DEBUG - File path /home/wx350715/Kobra/rehabiliation-admission-scheduling/data/comp_study_002/instance_1_more_resources_30.txt[0m
[34m2025-01-08 16:24:39,623 - DEBUG - ADD INSTANCE DATA[0m
[34m2025-01-08 16:24:39,623 - DEBUG - ADD INSTANCE DATA[0m
[34m2025-01-08 16:24:39,623 - DEBUG - ADD INSTANCE DATA[0m
[34m2025-01-08 16:24:39,624 - DEBUG - ADD INSTANCE DATA[0m
[34m2025-01-08 16:24:39,624 - DEBUG - ADD INSTANCE DATA[0m
[34m2025-01-08 16:24:39,624 - DEBUG - ADD INSTANCE DATA[0m
[34m2025-01-08 16:24:39,624 - DEBUG - ADD INSTANCE DATA[0m
[34m2025-01-08 16:24:39,624 - DEBUG - ADD INSTANCE DATA[0m
[34m2025-01-08 16:24:39,624 - DEBUG - ADD INSTANCE DATA[0m
[34m2025-01-08 16:24:39,624 - DEBUG - ADD INSTANCE DATA[0m
[34m2025-01-08 16:24:39,624 - DEBUG - ADD INSTANCE DATA[0m
[34m2025-01-08 16:24:39,624 - DEBUG - ADD RESOURCE_GROUPS[0m
[34m2025-01-08 16:24:39,624 - DEBUG - ADD RESOURCE_GROUPS[0m
[34m2025-01-08 16:24:39,624 - DEBUG - ADD RESOURCE_GROUPS[0m
[34m2025-01-08 16:24:39,624 - DEBUG - ADD RESOURCE_GROUPS[0m
[34m2025-01-08 16:24:39,624 - DEBUG - ADD RESOURCES[0m
[34m2025-01-08 16:24:39,625 - DEBUG - ADD RESOURCES[0m
[34m2025-01-08 16:24:39,625 - DEBUG - ADD RESOURCES[0m
[34m2025-01-08 16:24:39,625 - DEBUG - ADD RESOURCES[0m
[34m2025-01-08 16:24:39,625 - DEBUG - ADD RESOURCES[0m
[34m2025-01-08 16:24:39,625 - DEBUG - ADD RESOURCES[0m
[34m2025-01-08 16:24:39,625 - DEBUG - ADD RESOURCES[0m
[34m2025-01-08 16:24:39,625 - DEBUG - ADD RESOURCES[0m
[34m2025-01-08 16:24:39,625 - DEBUG - ADD RESOURCES[0m
[34m2025-01-08 16:24:39,625 - DEBUG - ADD RESOURCES[0m
[34m2025-01-08 16:24:39,625 - DEBUG - ADD RESOURCES[0m
[34m2025-01-08 16:24:39,625 - DEBUG - ADD RESOURCES[0m
[34m2025-01-08 16:24:39,625 - DEBUG - ADD RESOURCES[0m
[34m2025-01-08 16:24:39,625 - DEBUG - ADD RESOURCES[0m
[34m2025-01-08 16:24:39,626 - DEBUG - ADD TREATMENTS[0m
[34m2025-01-08 16:24:39,626 - DEBUG - ADD TREATMENTS[0m
[34m2025-01-08 16:24:39,626 - DEBUG - ADD TREATMENTS[0m
[34m2025-01-08 16:24:39,626 - DEBUG - ADD TREATMENTS[0m
[34m2025-01-08 16:24:39,626 - DEBUG - ADD TREATMENTS[0m
[34m2025-01-08 16:24:39,626 - DEBUG - ADD TREATMENTS[0m
[34m2025-01-08 16:24:39,626 - DEBUG - ADD TREATMENTS[0m
[34m2025-01-08 16:24:39,626 - DEBUG - ADD TREATMENTS[0m
[34m2025-01-08 16:24:39,626 - DEBUG - ADD PATIENTS[0m
[34m2025-01-08 16:24:39,627 - DEBUG - ADD PATIENTS[0m
[34m2025-01-08 16:24:39,627 - DEBUG - ADD PATIENTS[0m
[34m2025-01-08 16:24:39,627 - DEBUG - ADD PATIENTS[0m
[34m2025-01-08 16:24:39,627 - DEBUG - ADD PATIENTS[0m
[34m2025-01-08 16:24:39,627 - DEBUG - ADD PATIENTS[0m
[34m2025-01-08 16:24:39,627 - DEBUG - ADD PATIENTS[0m
[34m2025-01-08 16:24:39,627 - DEBUG - ADD PATIENTS[0m
[34m2025-01-08 16:24:39,627 - DEBUG - ADD PATIENTS[0m
[34m2025-01-08 16:24:39,628 - DEBUG - ADD PATIENTS[0m
[34m2025-01-08 16:24:39,628 - DEBUG - ADD PATIENTS[0m
[34m2025-01-08 16:24:39,628 - DEBUG - ADD PATIENTS[0m
[34m2025-01-08 16:24:39,628 - DEBUG - ADD PATIENTS[0m
[34m2025-01-08 16:24:39,628 - DEBUG - ADD PATIENTS[0m
[34m2025-01-08 16:24:39,628 - DEBUG - ADD PATIENTS[0m
[34m2025-01-08 16:24:39,628 - DEBUG - ADD PATIENTS[0m
[34m2025-01-08 16:24:39,628 - DEBUG - ADD PATIENTS[0m
[34m2025-01-08 16:24:39,628 - DEBUG - ADD PATIENTS[0m
[34m2025-01-08 16:24:39,629 - DEBUG - ADD PATIENTS[0m
[34m2025-01-08 16:24:39,632 - DEBUG - ADD PATIENTS[0m
[34m2025-01-08 16:24:39,632 - DEBUG - ADD PATIENTS[0m
[34m2025-01-08 16:24:39,632 - DEBUG - ADD PATIENTS[0m
[34m2025-01-08 16:24:39,633 - DEBUG - ADD PATIENTS[0m
[34m2025-01-08 16:24:39,633 - DEBUG - ADD PATIENTS[0m
[34m2025-01-08 16:24:39,633 - DEBUG - ADD PATIENTS[0m
[34m2025-01-08 16:24:39,633 - DEBUG - ADD PATIENTS[0m
[34m2025-01-08 16:24:39,633 - DEBUG - ADD PATIENTS[0m
[34m2025-01-08 16:24:39,633 - DEBUG - ADD PATIENTS[0m
[34m2025-01-08 16:24:39,633 - DEBUG - ADD PATIENTS[0m
[34m2025-01-08 16:24:39,633 - DEBUG - ADD PATIENTS[0m
[34m2025-01-08 16:24:39,633 - DEBUG - ADD PATIENTS[0m
[34m2025-01-08 16:24:39,633 - DEBUG - ADD PATIENTS[0m
[34m2025-01-08 16:24:39,634 - DEBUG - ADD PATIENTS[0m
[34m2025-01-08 16:24:39,634 - DEBUG - ADD PATIENTS[0m
[34m2025-01-08 16:24:39,634 - DEBUG - ADD PATIENTS[0m
[34m2025-01-08 16:24:39,634 - DEBUG - ADD PATIENTS[0m
[34m2025-01-08 16:24:39,634 - DEBUG - ADD PATIENTS[0m
[34m2025-01-08 16:24:39,634 - DEBUG - ADD PATIENTS[0m
[34m2025-01-08 16:24:39,634 - DEBUG - ADD PATIENTS[0m
[34m2025-01-08 16:24:39,635 - DEBUG - ADD PATIENTS[0m
[34m2025-01-08 16:24:39,635 - DEBUG - Instance data:[0m
[34m2025-01-08 16:24:39,635 - DEBUG - Number of patients: 40[0m
[34m2025-01-08 16:24:39,635 - DEBUG - Number of beds: 40[0m
[34m2025-01-08 16:24:39,635 - DEBUG - Average number of treatments per patient: 29.525[0m
[34m2025-01-08 16:24:39,635 - DEBUG - Average number of treatment per stayed day: 2.135623869801085[0m
[34m2025-01-08 16:24:39,635 - DEBUG - Number of treatments: 1181[0m
[34m2025-01-08 16:24:39,635 - DEBUG - Number of resources: 12[0m
[34m2025-01-08 16:24:39,635 - DEBUG - Number of resource groups: 4[0m
[34m2025-01-08 16:24:39,635 - DEBUG - Number of resource hours needed per all treatment by RG(therapists): 38.3375[0m
[34m2025-01-08 16:24:39,635 - DEBUG - Number of resource hours needed per all treatment by RG(rooms): 74.50000000000004[0m
[34m2025-01-08 16:24:39,635 - DEBUG - Number of resource hours needed per all treatment by RG(physiotherapist): 26.0[0m
[34m2025-01-08 16:24:39,635 - DEBUG - Number of resource hours needed per all treatment by RG(sport_room): 18.9375[0m
[32m2025-01-08 16:24:39,635 - INFO - {'solver': 'LBBDSolver', 'args': {'break_symmetry': False, 'subsolver_cls': <class 'src.solvers.subsolvers.cp_subsolver.CPSubsolver'>, 'subsolver.store_results': True, 'subsolver.store_results_method': 'hash', 'use_helper_constraints': True, 'enforce_min_treatments_per_day': True, 'enforce_max_treatments_per_e_w': True, 'enforce_min_patients_per_treatment': True, 'log_to_console': True}}[0m
[34m2025-01-08 16:24:39,635 - DEBUG - Setting options: LBBDSolver[0m
[34m2025-01-08 16:24:39,635 - DEBUG -  ---- break_symmetry to False[0m
[34m2025-01-08 16:24:39,636 - DEBUG -  ---- subsolver_cls to <class 'src.solvers.subsolvers.cp_subsolver.CPSubsolver'>[0m
[34m2025-01-08 16:24:39,636 - DEBUG -  ---- use_helper_constraints to True[0m
[34m2025-01-08 16:24:39,636 - DEBUG -  ---- add_constraints_to_symmetric_days to True (default)[0m
[34m2025-01-08 16:24:39,636 - DEBUG - Setting options: Solver[0m
[34m2025-01-08 16:24:39,636 - DEBUG -  ---- number_of_threads to 1 (default)[0m
[34m2025-01-08 16:24:39,636 - DEBUG -  ---- treatment_value to 0 (default)[0m
[34m2025-01-08 16:24:39,636 - DEBUG -  ---- delay_value to 1 (default)[0m
[34m2025-01-08 16:24:39,636 - DEBUG -  ---- missing_treatment_value to 4 (default)[0m
[34m2025-01-08 16:24:39,636 - DEBUG -  ---- enforce_min_treatments_per_day to True[0m
[34m2025-01-08 16:24:39,636 - DEBUG -  ---- enforce_max_treatments_per_e_w to True[0m
[34m2025-01-08 16:24:39,636 - DEBUG -  ---- enforce_min_patients_per_treatment to True[0m
[34m2025-01-08 16:24:39,636 - DEBUG -  ---- log_to_console to True[0m
[34m2025-01-08 16:24:39,636 - DEBUG -  ---- log_to_file to True (default)[0m
[34m2025-01-08 16:24:39,657 - DEBUG - Setting options: CPSubsolver[0m
[34m2025-01-08 16:24:39,658 - DEBUG -  ---- estimated_needed_treatments to True (default)[0m
[34m2025-01-08 16:24:39,658 - DEBUG -  ---- add_patient_symmetry to False (default)[0m
[34m2025-01-08 16:24:39,658 - DEBUG - Setting Subsolver options: SubSolver[0m
[34m2025-01-08 16:24:39,658 - DEBUG -  ---- store_results to True[0m
[34m2025-01-08 16:24:39,658 - DEBUG -  ---- store_results_method to hash[0m
[34m2025-01-08 16:24:39,658 - DEBUG -  ---- enforce_min_patients_per_treatment to True[0m
[34m2025-01-08 16:24:39,658 - DEBUG -  ---- use_day_symmetry to True (default)[0m
[32m2025-01-08 16:24:39,677 - INFO - Create model: LBBDSolver[0m
Set parameter TSPort to value 50039
Set parameter TokenServer to value "license.itc.rwth-aachen.de"
Set parameter Threads to value 1
Set parameter LazyConstraints to value 1
[34m2025-01-08 16:24:41,204 - DEBUG - Variables created.[0m
[34m2025-01-08 16:24:46,328 - DEBUG - Constraint (not too many treatments) created.[0m
[34m2025-01-08 16:24:49,864 - DEBUG - Constraint (no_treatments_outside admittance) created.[0m
[34m2025-01-08 16:24:49,866 - DEBUG - Constraint (bed_usage) created.[0m
[34m2025-01-08 16:24:49,866 - DEBUG - Constraint (must be admitted) created.[0m
[34m2025-01-08 16:24:50,445 - DEBUG - Constraint (e_w_ub) created.[0m
[34m2025-01-08 16:24:50,631 - DEBUG - Constraint (day_ub) created.[0m
[34m2025-01-08 16:24:50,818 - DEBUG - Constraint (Day always) created.[0m
[34m2025-01-08 16:24:50,819 - DEBUG - Constraint (already_admitted) created.[0m
[32m2025-01-08 16:25:04,294 - INFO - Time to create model: 24.617[0m
[32m2025-01-08 16:25:04,295 - INFO - Solving model: LBBDSolver[0m
Gurobi Optimizer version 10.0.0 build v10.0.0rc2 (linux64)

CPU model: Intel(R) Xeon(R) Platinum 8468, instruction set [SSE2|AVX|AVX2|AVX512]
Thread count: 96 physical cores, 96 logical processors, using up to 1 threads

Optimize a model with 656310 rows, 274104 columns and 5551957 nonzeros
Model fingerprint: 0x857483b1
Variable types: 3 continuous, 274101 integer (274101 binary)
Coefficient statistics:
  Matrix range     [1e+00, 1e+01]
  Objective range  [1e+00, 1e+01]
  Bounds range     [1e+00, 1e+00]
  RHS range        [1e+00, 5e+03]
Presolve removed 335942 rows and 5 columns (presolve time = 5s) ...
Presolve removed 338300 rows and 21 columns (presolve time = 10s) ...
Presolve added 0 rows and 4244 columns
Presolve removed 338140 rows and 0 columns
Presolve time: 14.22s
Presolved: 318170 rows, 278348 columns, 4154786 nonzeros
Variable types: 1 continuous, 278347 integer (276367 binary)
Root relaxation presolved: 317384 rows, 278014 columns, 3983129 nonzeros


Root simplex log...

Iteration    Objective       Primal Inf.    Dual Inf.      Time
       0   -7.9554480e+03   4.267241e+03   0.000000e+00     24s
    9164    8.3000000e+02   0.000000e+00   0.000000e+00     25s
    9164    8.3000000e+02   0.000000e+00   0.000000e+00     25s

Use crossover to convert LP symmetric solution to basic solution...

Root crossover log...

    1422 DPushes remaining with DInf 0.0000000e+00                25s
       0 DPushes remaining with DInf 0.0000000e+00                25s

   46138 PPushes remaining with PInf 0.0000000e+00                25s
       0 PPushes remaining with PInf 0.0000000e+00                27s

  Push phase complete: Pinf 0.0000000e+00, Dinf 1.7233333e+02     27s


Root simplex log...

Iteration    Objective       Primal Inf.    Dual Inf.      Time
   55314    8.3000000e+02   0.000000e+00   1.723333e+02     27s
   55315    8.3000000e+02   0.000000e+00   0.000000e+00     28s
   55315    8.3000000e+02   0.000000e+00   0.000000e+00     28s

Root relaxation: objective 8.300000e+02, 55315 iterations, 5.44 seconds (6.00 work units)

    Nodes    |    Current Node    |     Objective Bounds      |     Work
 Expl Unexpl |  Obj  Depth IntInf | Incumbent    BestBd   Gap | It/Node Time

     0     0  830.00000    0 7582          -  830.00000      -     -   73s
[32m2025-01-08 16:36:08,004 - INFO - d_prime: 11 d: 11[0m
[32m2025-01-08 16:36:08,013 - INFO - d_prime: 12 d: 11[0m
[32m2025-01-08 16:36:08,018 - INFO - d_prime: 13 d: 11[0m
[32m2025-01-08 16:36:08,022 - INFO - forbidden_vars: ([{4:1},{4:1},{4:1},{4:1},{6:1},{7:1},{7:1},{2:1,7:1},{3:1,5:1},{3:1,6:1},{3:2},{3:2},{3:1,4:1},{3:1,5:1},{4:1,7:1},{4:1,6:1},{4:1,5:1},{6:2},{6:1,7:1},{7:2},{1:3},{2:2,5:1},{2:1,3:1,5:1},{2:1,3:2},{2:2,6:1},{2:2,5:1},{3:1,4:1,6:1},{3:1,4:1,5:1},{3:2,4:1},{3:2,4:1},{3:1,6:1,7:1},{6:3},{6:2,7:1},{6:3},{2:1,3:1,6:1,7:1},{3:3,7:1},{3:2,4:1,7:1},{3:1,6:3},{4:1,7:3},{5:1,6:4}])[0m
[32m2025-01-08 16:36:08,022 - INFO - False[0m
     0     0  830.00000    0 7582          -  830.00000      -     -  867s
H    0     0                     836.0000000  830.00000  0.72%     - 1894s
H    0     0                     832.0000000  830.00000  0.24%     - 2519s

Cutting planes:
  Gomory: 24
  Implied bound: 244
  MIR: 66
  StrongCG: 1
  Flow cover: 40
  Zero half: 468
  Lazy constraints: 3

Explored 1 nodes (62997 simplex iterations) in 2533.38 seconds (112.48 work units)
Thread count was 1 (of 96 available processors)

Solution count 2: 832 836 

Optimal solution found (tolerance 1.00e-04)
Best objective 8.320000000000e+02, best bound 8.320000000000e+02, gap 0.0000%

User-callback calls 9438, time in user-callback 2427.33 sec
[34m2025-01-08 17:07:18,055 - DEBUG - Finished optimization[0m
[34m2025-01-08 17:07:18,055 - DEBUG - Subsolver stats:[0m
[32m2025-01-08 17:07:18,055 - INFO - Number of cuts added: 1 (bad=0, good=1)[0m
[32m2025-01-08 17:07:18,055 - INFO - Unnecessary comps: (0 / 1)[0m
[32m2025-01-08 17:07:18,055 - INFO - Calls to is_day_infeasible: cp_solver=41/ total=42 stored=1[0m
[32m2025-01-08 17:07:18,055 - INFO - Is feasible: 2426.750815629959 0.9998051798764076[0m
[32m2025-01-08 17:07:18,055 - INFO - Subsolver: Solve Model: 2423.5545942783356/0.9987349359106225[0m
[32m2025-01-08 17:07:18,055 - INFO - Subsolver: Create Model: 3.0698354244232178/0.001265064089377542[0m
[32m2025-01-08 17:07:18,056 - INFO - Num_constraints-added: 3[0m
[32m2025-01-08 17:07:18,056 - INFO - Optimal solution found.[0m
[34m2025-01-08 17:07:18,056 - DEBUG - Sub Objectives:[0m
[34m2025-01-08 17:07:18,056 - DEBUG - (SOLVER):Minimize Delay: 0.0[0m
[34m2025-01-08 17:07:18,056 - DEBUG - (SOLVER):Minimize Missing Treatments: 832.0[0m
[32m2025-01-08 17:07:18,056 - INFO - All cuts [defaultdict(<class 'dict'>, {P(patient15): {T(bath): 3}, P(patient3): {T(group_therapy): 1, T(knitting): 1, T(sport): 1, T(physio): 1}, P(patient7): {T(group_therapy): 2, T(massage): 1}, P(patient11): {T(group_therapy): 1, T(physio): 1}, P(patient12): {T(group_therapy): 1, T(knitting): 1, T(massage): 1}, P(patient13): {T(group_therapy): 1, T(knitting): 2}, P(patient31): {T(group_therapy): 2, T(sport): 1}, P(patient33): {T(group_therapy): 2, T(massage): 1}, P(patient2): {T(knitting): 3, T(physio): 1}, P(patient4): {T(knitting): 2, T(trust_exercise): 1, T(physio): 1}, P(patient5): {T(knitting): 1, T(massage): 1}, P(patient10): {T(knitting): 1, T(sport): 3}, P(patient16): {T(knitting): 1, T(trust_exercise): 1, T(sport): 1}, P(patient18): {T(knitting): 1, T(sport): 1}, P(patient19): {T(knitting): 1, T(trust_exercise): 1, T(massage): 1}, P(patient22): {T(knitting): 2}, P(patient26): {T(knitting): 2, T(trust_exercise): 1}, P(patient30): {T(knitting): 2, T(trust_exercise): 1}, P(patient35): {T(knitting): 2}, P(patient37): {T(knitting): 1, T(trust_exercise): 1}, P(patient38): {T(knitting): 1, T(sport): 1, T(physio): 1}, P(patient39): {T(knitting): 1, T(massage): 1}, P(patient8): {T(trust_exercise): 1}, P(patient9): {T(trust_exercise): 1}, P(patient17): {T(trust_exercise): 1, T(physio): 1}, P(patient20): {T(trust_exercise): 1}, P(patient23): {T(trust_exercise): 1, T(physio): 3}, P(patient24): {T(trust_exercise): 1, T(sport): 1}, P(patient25): {T(trust_exercise): 1}, P(patient36): {T(trust_exercise): 1, T(massage): 1}, P(patient14): {T(massage): 1, T(sport): 4}, P(patient0): {T(sport): 3}, P(patient1): {T(sport): 2, T(physio): 1}, P(patient6): {T(sport): 2}, P(patient21): {T(sport): 1, T(physio): 1}, P(patient27): {T(sport): 1}, P(patient28): {T(sport): 3}, P(patient29): {T(physio): 1}, P(patient32): {T(physio): 1}, P(patient34): {T(physio): 2}})][0m
[32m2025-01-08 17:07:18,056 - INFO - All cuts ['([{4:1},{4:1},{4:1},{4:1},{6:1},{7:1},{7:1},{2:1,7:1},{3:1,5:1},{3:1,6:1},{3:2},{3:2},{3:1,4:1},{3:1,5:1},{4:1,7:1},{4:1,6:1},{4:1,5:1},{6:2},{6:1,7:1},{7:2},{1:3},{2:2,5:1},{2:1,3:1,5:1},{2:1,3:2},{2:2,6:1},{2:2,5:1},{3:1,4:1,6:1},{3:1,4:1,5:1},{3:2,4:1},{3:2,4:1},{3:1,6:1,7:1},{6:3},{6:2,7:1},{6:3},{2:1,3:1,6:1,7:1},{3:3,7:1},{3:2,4:1,7:1},{3:1,6:3},{4:1,7:3},{5:1,6:4}])'][0m
[34m2025-01-08 17:19:51,025 - DEBUG - Patient 0 is admitted at day 0.[0m
[34m2025-01-08 17:19:51,026 - DEBUG - Patient 1 is admitted at day 1.[0m
[34m2025-01-08 17:19:51,027 - DEBUG - Patient 2 is admitted at day 2.[0m
[34m2025-01-08 17:19:51,027 - DEBUG - Patient 3 is admitted at day 2.[0m
[34m2025-01-08 17:19:51,027 - DEBUG - Patient 4 is admitted at day 3.[0m
[34m2025-01-08 17:19:51,027 - DEBUG - Patient 5 is admitted at day 4.[0m
[34m2025-01-08 17:19:51,027 - DEBUG - Patient 6 is admitted at day 5.[0m
[34m2025-01-08 17:19:51,027 - DEBUG - Patient 7 is admitted at day 2.[0m
[34m2025-01-08 17:19:51,027 - DEBUG - Patient 8 is admitted at day 7.[0m
[34m2025-01-08 17:19:51,027 - DEBUG - Patient 9 is admitted at day 9.[0m
[34m2025-01-08 17:19:51,027 - DEBUG - Patient 10 is admitted at day 1.[0m
[34m2025-01-08 17:19:51,027 - DEBUG - Patient 11 is admitted at day 2.[0m
[34m2025-01-08 17:19:51,027 - DEBUG - Patient 12 is admitted at day 3.[0m
[34m2025-01-08 17:19:51,027 - DEBUG - Patient 13 is admitted at day 8.[0m
[34m2025-01-08 17:19:51,027 - DEBUG - Patient 14 is admitted at day 6.[0m
[34m2025-01-08 17:19:51,027 - DEBUG - Patient 15 is admitted at day 11.[0m
[34m2025-01-08 17:19:51,027 - DEBUG - Patient 16 is admitted at day 4.[0m
[34m2025-01-08 17:19:51,027 - DEBUG - Patient 17 is admitted at day 5.[0m
[34m2025-01-08 17:19:51,027 - DEBUG - Patient 18 is admitted at day 0.[0m
[34m2025-01-08 17:19:51,027 - DEBUG - Patient 19 is admitted at day 0.[0m
[34m2025-01-08 17:19:51,027 - DEBUG - Patient 20 is admitted at day 3.[0m
[34m2025-01-08 17:19:51,027 - DEBUG - Patient 21 is admitted at day 4.[0m
[34m2025-01-08 17:19:51,027 - DEBUG - Patient 22 is admitted at day 7.[0m
[34m2025-01-08 17:19:51,027 - DEBUG - Patient 23 is admitted at day 7.[0m
[34m2025-01-08 17:19:51,027 - DEBUG - Patient 24 is admitted at day 6.[0m
[34m2025-01-08 17:19:51,027 - DEBUG - Patient 25 is admitted at day 1.[0m
[34m2025-01-08 17:19:51,027 - DEBUG - Patient 26 is admitted at day 5.[0m
[34m2025-01-08 17:19:51,028 - DEBUG - Patient 27 is admitted at day 2.[0m
[34m2025-01-08 17:19:51,028 - DEBUG - Patient 28 is admitted at day 4.[0m
[34m2025-01-08 17:19:51,028 - DEBUG - Patient 29 is admitted at day 1.[0m
[34m2025-01-08 17:19:51,028 - DEBUG - Patient 30 is admitted at day 8.[0m
[34m2025-01-08 17:19:51,028 - DEBUG - Patient 31 is admitted at day 7.[0m
[34m2025-01-08 17:19:51,028 - DEBUG - Patient 32 is admitted at day 5.[0m
[34m2025-01-08 17:19:51,028 - DEBUG - Patient 33 is admitted at day 4.[0m
[34m2025-01-08 17:19:51,028 - DEBUG - Patient 34 is admitted at day 4.[0m
[34m2025-01-08 17:19:51,028 - DEBUG - Patient 35 is admitted at day 3.[0m
[34m2025-01-08 17:19:51,028 - DEBUG - Patient 36 is admitted at day 10.[0m
[34m2025-01-08 17:19:51,028 - DEBUG - Patient 37 is admitted at day 7.[0m
[34m2025-01-08 17:19:51,028 - DEBUG - Patient 38 is admitted at day 1.[0m
[34m2025-01-08 17:19:51,028 - DEBUG - Patient 39 is admitted at day 3.[0m
[34m2025-01-08 17:19:51,028 - DEBUG - Patients [0, 18] have treatment 3 starting at day 0, hour 9.0 using resources [4, 11].[0m
[34m2025-01-08 17:19:51,028 - DEBUG - Patients [0, 19] have treatment 7 starting at day 0, hour 8.0 using resources [13, 10, 5].[0m
[34m2025-01-08 17:19:51,028 - DEBUG - Patients [0, 19] have treatment 7 starting at day 0, hour 11.0 using resources [13, 8, 5].[0m
[34m2025-01-08 17:19:51,028 - DEBUG - Patients [19] have treatment 7 starting at day 0, hour 13.0 using resources [13, 8, 5].[0m
[34m2025-01-08 17:19:51,028 - DEBUG - Patients [0, 1, 19, 25, 38] have treatment 0 starting at day 1, hour 10.5 using resources [1, 2, 11].[0m
[34m2025-01-08 17:19:51,028 - DEBUG - Patients [25] have treatment 1 starting at day 1, hour 8.0 using resources [8].[0m
[34m2025-01-08 17:19:51,028 - DEBUG - Patients [19] have treatment 1 starting at day 1, hour 8.5 using resources [8].[0m
[34m2025-01-08 17:19:51,028 - DEBUG - Patients [18] have treatment 1 starting at day 1, hour 10.5 using resources [8].[0m
[34m2025-01-08 17:19:51,028 - DEBUG - Patients [10] have treatment 1 starting at day 1, hour 11.0 using resources [8].[0m
[34m2025-01-08 17:19:51,028 - DEBUG - Patients [29, 38] have treatment 4 starting at day 1, hour 9.0 using resources [2, 8].[0m
[34m2025-01-08 17:19:51,028 - DEBUG - Patients [18, 29] have treatment 4 starting at day 1, hour 11.5 using resources [0, 8].[0m
[34m2025-01-08 17:19:51,028 - DEBUG - Patients [1, 18] have treatment 4 starting at day 1, hour 13.0 using resources [1, 8].[0m
[34m2025-01-08 17:19:51,029 - DEBUG - Patients [1, 10] have treatment 5 starting at day 1, hour 13.5 using resources [5, 8].[0m
[34m2025-01-08 17:19:51,029 - DEBUG - Patients [1, 10] have treatment 5 starting at day 1, hour 14.0 using resources [5, 8].[0m
[34m2025-01-08 17:19:51,029 - DEBUG - Patients [19] have treatment 7 starting at day 1, hour 9.5 using resources [13, 8, 5].[0m
[34m2025-01-08 17:19:51,029 - DEBUG - Patients [3, 38] have treatment 0 starting at day 2, hour 8.5 using resources [1, 2, 13].[0m
[34m2025-01-08 17:19:51,029 - DEBUG - Patients [27] have treatment 1 starting at day 2, hour 9.0 using resources [8].[0m
[34m2025-01-08 17:19:51,029 - DEBUG - Patients [27] have treatment 1 starting at day 2, hour 10.0 using resources [8].[0m
[34m2025-01-08 17:19:51,029 - DEBUG - Patients [19] have treatment 1 starting at day 2, hour 11.0 using resources [8].[0m
[34m2025-01-08 17:19:51,029 - DEBUG - Patients [7] have treatment 1 starting at day 2, hour 12.0 using resources [8].[0m
[34m2025-01-08 17:19:51,029 - DEBUG - Patients [2] have treatment 1 starting at day 2, hour 12.5 using resources [8].[0m
[34m2025-01-08 17:19:51,029 - DEBUG - Patients [1] have treatment 1 starting at day 2, hour 14.5 using resources [8].[0m
[34m2025-01-08 17:19:51,029 - DEBUG - Patients [29, 38] have treatment 4 starting at day 2, hour 8.0 using resources [2, 11].[0m
[34m2025-01-08 17:19:51,029 - DEBUG - Patients [3, 10] have treatment 4 starting at day 2, hour 13.0 using resources [4, 8].[0m
[34m2025-01-08 17:19:51,029 - DEBUG - Patients [1, 2] have treatment 4 starting at day 2, hour 13.5 using resources [0, 8].[0m
[34m2025-01-08 17:19:51,029 - DEBUG - Patients [18, 19] have treatment 5 starting at day 2, hour 8.0 using resources [5, 8].[0m
[34m2025-01-08 17:19:51,029 - DEBUG - Patients [7, 11] have treatment 5 starting at day 2, hour 8.5 using resources [5, 8].[0m
[34m2025-01-08 17:19:51,029 - DEBUG - Patients [3, 11] have treatment 5 starting at day 2, hour 9.5 using resources [5, 8].[0m
[34m2025-01-08 17:19:51,029 - DEBUG - Patients [1, 2] have treatment 5 starting at day 2, hour 10.5 using resources [4, 8].[0m
[34m2025-01-08 17:19:51,029 - DEBUG - Patients [1, 2] have treatment 5 starting at day 2, hour 11.5 using resources [4, 8].[0m
[34m2025-01-08 17:19:51,029 - DEBUG - Patients [0] have treatment 5 starting at day 2, hour 14.0 using resources [4, 8].[0m
[34m2025-01-08 17:19:51,029 - DEBUG - Patients [0] have treatment 5 starting at day 2, hour 15.0 using resources [4, 8].[0m
[34m2025-01-08 17:19:51,029 - DEBUG - Patients [35] have treatment 1 starting at day 3, hour 11.5 using resources [13].[0m
[34m2025-01-08 17:19:51,029 - DEBUG - Patients [35] have treatment 1 starting at day 3, hour 12.0 using resources [8].[0m
[34m2025-01-08 17:19:51,029 - DEBUG - Patients [3] have treatment 1 starting at day 3, hour 12.5 using resources [12].[0m
[34m2025-01-08 17:19:51,029 - DEBUG - Patients [2] have treatment 1 starting at day 3, hour 15.0 using resources [11].[0m
[34m2025-01-08 17:19:51,030 - DEBUG - Patients [0, 2, 3, 29, 35, 39] have treatment 3 starting at day 3, hour 8.0 using resources [3, 11].[0m
[34m2025-01-08 17:19:51,030 - DEBUG - Patients [0, 3, 10, 20, 29, 39] have treatment 3 starting at day 3, hour 13.0 using resources [1, 9].[0m
[34m2025-01-08 17:19:51,030 - DEBUG - Patients [1, 38] have treatment 4 starting at day 3, hour 8.0 using resources [0, 10].[0m
[34m2025-01-08 17:19:51,030 - DEBUG - Patients [0, 4] have treatment 4 starting at day 3, hour 10.0 using resources [1, 12].[0m
[34m2025-01-08 17:19:51,030 - DEBUG - Patients [7, 11] have treatment 4 starting at day 3, hour 10.0 using resources [2, 11].[0m
[34m2025-01-08 17:19:51,030 - DEBUG - Patients [18] have treatment 4 starting at day 3, hour 10.0 using resources [4, 9].[0m
[34m2025-01-08 17:19:51,030 - DEBUG - Patients [12, 20] have treatment 5 starting at day 3, hour 8.0 using resources [5, 12].[0m
[34m2025-01-08 17:19:51,030 - DEBUG - Patients [19] have treatment 5 starting at day 3, hour 8.0 using resources [4, 13].[0m
[34m2025-01-08 17:19:51,030 - DEBUG - Patients [7, 12] have treatment 5 starting at day 3, hour 8.5 using resources [5, 13].[0m
[34m2025-01-08 17:19:51,030 - DEBUG - Patients [1, 2] have treatment 5 starting at day 3, hour 11.0 using resources [5, 8].[0m
[34m2025-01-08 17:19:51,030 - DEBUG - Patients [10, 18] have treatment 5 starting at day 3, hour 11.5 using resources [4, 9].[0m
[34m2025-01-08 17:19:51,030 - DEBUG - Patients [12] have treatment 5 starting at day 3, hour 13.0 using resources [5, 13].[0m
[34m2025-01-08 17:19:51,030 - DEBUG - Patients [12, 20, 27, 29, 38] have treatment 6 starting at day 3, hour 10.5 using resources [0, 12].[0m
[34m2025-01-08 17:19:51,030 - DEBUG - Patients [4, 27] have treatment 7 starting at day 3, hour 9.0 using resources [12, 8, 5].[0m
[34m2025-01-08 17:19:51,030 - DEBUG - Patients [11] have treatment 7 starting at day 3, hour 9.0 using resources [13, 9, 4].[0m
[34m2025-01-08 17:19:51,030 - DEBUG - Patients [1, 39] have treatment 7 starting at day 3, hour 10.0 using resources [13, 8, 5].[0m
[34m2025-01-08 17:19:51,030 - DEBUG - Patients [11, 19] have treatment 7 starting at day 3, hour 13.0 using resources [12, 10, 4].[0m
[34m2025-01-08 17:19:51,030 - DEBUG - Patients [2, 27] have treatment 7 starting at day 3, hour 14.0 using resources [12, 11, 5].[0m
[34m2025-01-08 17:19:51,030 - DEBUG - Patients [4, 18] have treatment 7 starting at day 3, hour 14.0 using resources [13, 10, 4].[0m
[34m2025-01-08 17:19:51,030 - DEBUG - Patients [4, 39] have treatment 7 starting at day 3, hour 15.0 using resources [13, 10, 4].[0m
[34m2025-01-08 17:19:51,030 - DEBUG - Patients [3] have treatment 7 starting at day 3, hour 15.0 using resources [12, 9, 5].[0m
[34m2025-01-08 17:19:51,030 - DEBUG - Patients [21, 34] have treatment 0 starting at day 4, hour 8.0 using resources [1, 3, 11].[0m
[34m2025-01-08 17:19:51,030 - DEBUG - Patients [1, 10, 29, 33, 39] have treatment 0 starting at day 4, hour 8.0 using resources [0, 4, 13].[0m
[34m2025-01-08 17:19:51,030 - DEBUG - Patients [4, 5, 29, 33, 39] have treatment 0 starting at day 4, hour 10.0 using resources [1, 2, 9].[0m
[34m2025-01-08 17:19:51,030 - DEBUG - Patients [1, 3, 4, 5, 16] have treatment 0 starting at day 4, hour 13.0 using resources [1, 2, 9].[0m
[34m2025-01-08 17:19:51,030 - DEBUG - Patients [7, 10, 16, 18, 21, 28, 34] have treatment 2 starting at day 4, hour 14.0 using resources [0, 9].[0m
[34m2025-01-08 17:19:51,030 - DEBUG - Patients [3, 5, 7, 16, 28] have treatment 2 starting at day 4, hour 15.0 using resources [0, 9].[0m
[34m2025-01-08 17:19:51,031 - DEBUG - Patients [35, 38] have treatment 4 starting at day 4, hour 8.0 using resources [2, 9].[0m
[34m2025-01-08 17:19:51,031 - DEBUG - Patients [35, 38] have treatment 4 starting at day 4, hour 8.5 using resources [2, 8].[0m
[34m2025-01-08 17:19:51,031 - DEBUG - Patients [33, 35] have treatment 4 starting at day 4, hour 9.0 using resources [0, 8].[0m
[34m2025-01-08 17:19:51,031 - DEBUG - Patients [20, 33] have treatment 4 starting at day 4, hour 9.5 using resources [0, 8].[0m
[34m2025-01-08 17:19:51,031 - DEBUG - Patients [12, 20] have treatment 4 starting at day 4, hour 10.0 using resources [0, 13].[0m
[34m2025-01-08 17:19:51,031 - DEBUG - Patients [10, 11] have treatment 4 starting at day 4, hour 10.5 using resources [0, 13].[0m
[34m2025-01-08 17:19:51,031 - DEBUG - Patients [7, 10] have treatment 4 starting at day 4, hour 11.0 using resources [0, 8].[0m
[34m2025-01-08 17:19:51,031 - DEBUG - Patients [2, 4] have treatment 4 starting at day 4, hour 11.5 using resources [0, 8].[0m
[34m2025-01-08 17:19:51,031 - DEBUG - Patients [0, 2] have treatment 4 starting at day 4, hour 13.0 using resources [0, 8].[0m
[34m2025-01-08 17:19:51,031 - DEBUG - Patients [0] have treatment 4 starting at day 4, hour 13.5 using resources [0, 8].[0m
[34m2025-01-08 17:19:51,031 - DEBUG - Patients [21, 39] have treatment 5 starting at day 4, hour 9.0 using resources [4, 9].[0m
[34m2025-01-08 17:19:51,031 - DEBUG - Patients [19, 20] have treatment 5 starting at day 4, hour 9.0 using resources [5, 10].[0m
[34m2025-01-08 17:19:51,031 - DEBUG - Patients [3, 12] have treatment 5 starting at day 4, hour 9.5 using resources [4, 11].[0m
[34m2025-01-08 17:19:51,031 - DEBUG - Patients [34, 38] have treatment 7 starting at day 4, hour 10.0 using resources [12, 8, 5].[0m
[34m2025-01-08 17:19:51,031 - DEBUG - Patients [4, 27] have treatment 7 starting at day 4, hour 14.0 using resources [13, 8, 4].[0m
[34m2025-01-08 17:19:51,031 - DEBUG - Patients [1, 16, 17, 28, 33] have treatment 0 starting at day 5, hour 13.0 using resources [1, 2, 12].[0m
[34m2025-01-08 17:19:51,031 - DEBUG - Patients [1, 34] have treatment 0 starting at day 5, hour 14.0 using resources [1, 2, 9].[0m
[34m2025-01-08 17:19:51,031 - DEBUG - Patients [1, 35] have treatment 0 starting at day 5, hour 15.0 using resources [1, 3, 9].[0m
[34m2025-01-08 17:19:51,031 - DEBUG - Patients [34] have treatment 1 starting at day 5, hour 10.0 using resources [9].[0m
[34m2025-01-08 17:19:51,031 - DEBUG - Patients [32] have treatment 1 starting at day 5, hour 10.5 using resources [9].[0m
[34m2025-01-08 17:19:51,031 - DEBUG - Patients [20] have treatment 1 starting at day 5, hour 11.0 using resources [9].[0m
[34m2025-01-08 17:19:51,031 - DEBUG - Patients [16] have treatment 1 starting at day 5, hour 12.0 using resources [8].[0m
[34m2025-01-08 17:19:51,031 - DEBUG - Patients [0, 6, 11, 16, 17, 26, 27, 32, 33, 39] have treatment 2 starting at day 5, hour 14.5 using resources [0, 8].[0m
[34m2025-01-08 17:19:51,031 - DEBUG - Patients [18, 29, 34, 39] have treatment 3 starting at day 5, hour 8.0 using resources [1, 9].[0m
[34m2025-01-08 17:19:51,031 - DEBUG - Patients [0, 3, 4, 11, 17, 33] have treatment 3 starting at day 5, hour 8.0 using resources [2, 12].[0m
[34m2025-01-08 17:19:51,031 - DEBUG - Patients [33, 38] have treatment 3 starting at day 5, hour 10.0 using resources [4, 13].[0m
[34m2025-01-08 17:19:51,032 - DEBUG - Patients [32, 35] have treatment 4 starting at day 5, hour 8.0 using resources [0, 8].[0m
[34m2025-01-08 17:19:51,032 - DEBUG - Patients [20, 21] have treatment 4 starting at day 5, hour 10.0 using resources [0, 8].[0m
[34m2025-01-08 17:19:51,032 - DEBUG - Patients [5] have treatment 4 starting at day 5, hour 15.5 using resources [0, 12].[0m
[34m2025-01-08 17:19:51,032 - DEBUG - Patients [28, 39] have treatment 5 starting at day 5, hour 10.5 using resources [5, 8].[0m
[34m2025-01-08 17:19:51,032 - DEBUG - Patients [27, 28] have treatment 5 starting at day 5, hour 11.0 using resources [5, 8].[0m
[34m2025-01-08 17:19:51,032 - DEBUG - Patients [26, 27] have treatment 5 starting at day 5, hour 11.5 using resources [5, 8].[0m
[34m2025-01-08 17:19:51,032 - DEBUG - Patients [21, 26] have treatment 5 starting at day 5, hour 13.0 using resources [5, 8].[0m
[34m2025-01-08 17:19:51,032 - DEBUG - Patients [5, 20] have treatment 5 starting at day 5, hour 13.5 using resources [4, 8].[0m
[34m2025-01-08 17:19:51,032 - DEBUG - Patients [3] have treatment 5 starting at day 5, hour 14.0 using resources [5, 12].[0m
[34m2025-01-08 17:19:51,032 - DEBUG - Patients [2, 5, 6, 7, 12, 25, 38] have treatment 6 starting at day 5, hour 8.5 using resources [0, 13].[0m
[34m2025-01-08 17:19:51,032 - DEBUG - Patients [2, 4, 10, 11, 19] have treatment 6 starting at day 5, hour 10.5 using resources [0, 12].[0m
[34m2025-01-08 17:19:51,032 - DEBUG - Patients [2, 4, 10, 12, 19] have treatment 6 starting at day 5, hour 13.0 using resources [0, 13].[0m
[34m2025-01-08 17:19:51,032 - DEBUG - Patients [4, 7, 10, 19, 25] have treatment 6 starting at day 5, hour 14.5 using resources [4, 13].[0m
[34m2025-01-08 17:19:51,032 - DEBUG - Patients [6, 10, 14, 33, 39] have treatment 0 starting at day 6, hour 10.0 using resources [2, 3, 11].[0m
[34m2025-01-08 17:19:51,032 - DEBUG - Patients [4, 5, 33] have treatment 0 starting at day 6, hour 11.0 using resources [2, 3, 9].[0m
[34m2025-01-08 17:19:51,032 - DEBUG - Patients [3, 4] have treatment 0 starting at day 6, hour 15.0 using resources [1, 3, 11].[0m
[34m2025-01-08 17:19:51,032 - DEBUG - Patients [1] have treatment 1 starting at day 6, hour 10.0 using resources [9].[0m
[34m2025-01-08 17:19:51,032 - DEBUG - Patients [32] have treatment 1 starting at day 6, hour 12.0 using resources [8].[0m
[34m2025-01-08 17:19:51,032 - DEBUG - Patients [32] have treatment 1 starting at day 6, hour 12.5 using resources [8].[0m
[34m2025-01-08 17:19:51,032 - DEBUG - Patients [1, 14, 21, 24, 34, 39] have treatment 2 starting at day 6, hour 8.0 using resources [1, 12].[0m
[34m2025-01-08 17:19:51,032 - DEBUG - Patients [0, 1, 3, 5, 14] have treatment 2 starting at day 6, hour 9.0 using resources [4, 12].[0m
[34m2025-01-08 17:19:51,032 - DEBUG - Patients [10, 12, 25, 26, 35, 38] have treatment 3 starting at day 6, hour 8.0 using resources [0, 9].[0m
[34m2025-01-08 17:19:51,032 - DEBUG - Patients [0, 2, 3, 7, 26] have treatment 3 starting at day 6, hour 10.0 using resources [4, 10].[0m
[34m2025-01-08 17:19:51,032 - DEBUG - Patients [0, 2, 3, 7] have treatment 3 starting at day 6, hour 13.0 using resources [2, 11].[0m
[34m2025-01-08 17:19:51,032 - DEBUG - Patients [26, 32] have treatment 4 starting at day 6, hour 13.0 using resources [3, 13].[0m
[34m2025-01-08 17:19:51,032 - DEBUG - Patients [20, 25] have treatment 4 starting at day 6, hour 13.5 using resources [3, 13].[0m
[34m2025-01-08 17:19:51,033 - DEBUG - Patients [14, 17] have treatment 4 starting at day 6, hour 14.0 using resources [0, 9].[0m
[34m2025-01-08 17:19:51,033 - DEBUG - Patients [1, 12] have treatment 4 starting at day 6, hour 14.5 using resources [0, 13].[0m
[34m2025-01-08 17:19:51,033 - DEBUG - Patients [12] have treatment 4 starting at day 6, hour 15.5 using resources [0, 9].[0m
[34m2025-01-08 17:19:51,033 - DEBUG - Patients [28, 35] have treatment 5 starting at day 6, hour 13.0 using resources [5, 9].[0m
[34m2025-01-08 17:19:51,033 - DEBUG - Patients [24, 27] have treatment 5 starting at day 6, hour 13.5 using resources [5, 10].[0m
[34m2025-01-08 17:19:51,033 - DEBUG - Patients [19, 20] have treatment 5 starting at day 6, hour 14.0 using resources [5, 10].[0m
[34m2025-01-08 17:19:51,033 - DEBUG - Patients [17, 18] have treatment 5 starting at day 6, hour 14.5 using resources [5, 9].[0m
[34m2025-01-08 17:19:51,033 - DEBUG - Patients [12, 17] have treatment 5 starting at day 6, hour 15.0 using resources [5, 9].[0m
[34m2025-01-08 17:19:51,033 - DEBUG - Patients [5, 6] have treatment 5 starting at day 6, hour 15.0 using resources [4, 8].[0m
[34m2025-01-08 17:19:51,033 - DEBUG - Patients [2] have treatment 5 starting at day 6, hour 15.5 using resources [4, 8].[0m
[34m2025-01-08 17:19:51,033 - DEBUG - Patients [28, 29] have treatment 7 starting at day 6, hour 8.0 using resources [13, 8, 5].[0m
[34m2025-01-08 17:19:51,033 - DEBUG - Patients [19, 29] have treatment 7 starting at day 6, hour 9.0 using resources [13, 8, 5].[0m
[34m2025-01-08 17:19:51,033 - DEBUG - Patients [18, 19] have treatment 7 starting at day 6, hour 10.0 using resources [13, 8, 5].[0m
[34m2025-01-08 17:19:51,033 - DEBUG - Patients [16, 18] have treatment 7 starting at day 6, hour 11.0 using resources [12, 8, 5].[0m
[34m2025-01-08 17:19:51,033 - DEBUG - Patients [14, 16] have treatment 7 starting at day 6, hour 13.0 using resources [12, 8, 4].[0m
[34m2025-01-08 17:19:51,033 - DEBUG - Patients [11, 16] have treatment 7 starting at day 6, hour 14.0 using resources [12, 8, 4].[0m
[34m2025-01-08 17:19:51,033 - DEBUG - Patients [28, 35] have treatment 0 starting at day 7, hour 8.0 using resources [1, 3, 11].[0m
[34m2025-01-08 17:19:51,033 - DEBUG - Patients [3, 18, 22, 27] have treatment 0 starting at day 7, hour 8.0 using resources [2, 4, 10].[0m
[34m2025-01-08 17:19:51,033 - DEBUG - Patients [22, 23, 27, 28, 35] have treatment 0 starting at day 7, hour 11.0 using resources [1, 2, 13].[0m
[34m2025-01-08 17:19:51,033 - DEBUG - Patients [1, 16, 23, 35] have treatment 0 starting at day 7, hour 13.0 using resources [1, 2, 11].[0m
[34m2025-01-08 17:19:51,033 - DEBUG - Patients [0, 5, 7] have treatment 0 starting at day 7, hour 14.0 using resources [1, 2, 10].[0m
[34m2025-01-08 17:19:51,033 - DEBUG - Patients [0, 5] have treatment 0 starting at day 7, hour 15.0 using resources [2, 3, 11].[0m
[34m2025-01-08 17:19:51,033 - DEBUG - Patients [19] have treatment 1 starting at day 7, hour 10.5 using resources [9].[0m
[34m2025-01-08 17:19:51,033 - DEBUG - Patients [6] have treatment 1 starting at day 7, hour 11.0 using resources [9].[0m
[34m2025-01-08 17:19:51,033 - DEBUG - Patients [10] have treatment 1 starting at day 7, hour 11.5 using resources [9].[0m
[34m2025-01-08 17:19:51,033 - DEBUG - Patients [8] have treatment 1 starting at day 7, hour 12.0 using resources [9].[0m
[34m2025-01-08 17:19:51,034 - DEBUG - Patients [8] have treatment 1 starting at day 7, hour 12.5 using resources [9].[0m
[34m2025-01-08 17:19:51,034 - DEBUG - Patients [31] have treatment 1 starting at day 7, hour 12.5 using resources [8].[0m
[34m2025-01-08 17:19:51,034 - DEBUG - Patients [2] have treatment 1 starting at day 7, hour 12.5 using resources [11].[0m
[34m2025-01-08 17:19:51,034 - DEBUG - Patients [7, 14, 26, 31, 34, 39] have treatment 2 starting at day 7, hour 10.0 using resources [0, 11].[0m
[34m2025-01-08 17:19:51,034 - DEBUG - Patients [2, 7, 14, 25, 32] have treatment 2 starting at day 7, hour 11.0 using resources [0, 10].[0m
[34m2025-01-08 17:19:51,034 - DEBUG - Patients [38] have treatment 4 starting at day 7, hour 9.0 using resources [4, 9].[0m
[34m2025-01-08 17:19:51,034 - DEBUG - Patients [21, 23] have treatment 4 starting at day 7, hour 9.0 using resources [1, 12].[0m
[34m2025-01-08 17:19:51,034 - DEBUG - Patients [17, 20] have treatment 4 starting at day 7, hour 9.0 using resources [0, 10].[0m
[34m2025-01-08 17:19:51,034 - DEBUG - Patients [11, 23] have treatment 4 starting at day 7, hour 9.5 using resources [0, 11].[0m
[34m2025-01-08 17:19:51,034 - DEBUG - Patients [37, 38] have treatment 5 starting at day 7, hour 10.0 using resources [5, 9].[0m
[34m2025-01-08 17:19:51,034 - DEBUG - Patients [3, 35] have treatment 5 starting at day 7, hour 14.0 using resources [5, 8].[0m
[34m2025-01-08 17:19:51,034 - DEBUG - Patients [16, 24] have treatment 5 starting at day 7, hour 14.5 using resources [5, 8].[0m
[34m2025-01-08 17:19:51,034 - DEBUG - Patients [8, 12] have treatment 5 starting at day 7, hour 15.0 using resources [5, 8].[0m
[34m2025-01-08 17:19:51,034 - DEBUG - Patients [1, 12] have treatment 5 starting at day 7, hour 15.5 using resources [4, 9].[0m
[34m2025-01-08 17:19:51,034 - DEBUG - Patients [2, 14, 18, 20, 21, 22, 26, 27, 33, 34, 37] have treatment 6 starting at day 7, hour 13.0 using resources [0, 13].[0m
[34m2025-01-08 17:19:51,034 - DEBUG - Patients [2, 3, 4, 11, 18] have treatment 6 starting at day 7, hour 14.5 using resources [0, 13].[0m
[34m2025-01-08 17:19:51,034 - DEBUG - Patients [33, 39] have treatment 7 starting at day 7, hour 8.0 using resources [13, 8, 5].[0m
[34m2025-01-08 17:19:51,034 - DEBUG - Patients [31, 33] have treatment 7 starting at day 7, hour 9.0 using resources [13, 8, 5].[0m
[34m2025-01-08 17:19:51,034 - DEBUG - Patients [28, 29] have treatment 7 starting at day 7, hour 10.0 using resources [12, 8, 4].[0m
[34m2025-01-08 17:19:51,034 - DEBUG - Patients [24, 26] have treatment 7 starting at day 7, hour 11.0 using resources [12, 8, 4].[0m
[34m2025-01-08 17:19:51,034 - DEBUG - Patients [4] have treatment 7 starting at day 7, hour 13.0 using resources [12, 8, 4].[0m
[34m2025-01-08 17:19:51,034 - DEBUG - Patients [1, 14] have treatment 7 starting at day 7, hour 14.5 using resources [12, 9, 4].[0m
[34m2025-01-08 17:19:51,034 - DEBUG - Patients [23, 28, 33] have treatment 0 starting at day 8, hour 8.0 using resources [0, 1, 11].[0m
[34m2025-01-08 17:19:51,034 - DEBUG - Patients [12, 14, 17, 20, 34] have treatment 0 starting at day 8, hour 8.0 using resources [2, 3, 10].[0m
[34m2025-01-08 17:19:51,034 - DEBUG - Patients [4, 7, 24, 33, 34] have treatment 0 starting at day 8, hour 9.5 using resources [3, 4, 9].[0m
[34m2025-01-08 17:19:51,035 - DEBUG - Patients [39] have treatment 1 starting at day 8, hour 9.0 using resources [10].[0m
[34m2025-01-08 17:19:51,035 - DEBUG - Patients [32] have treatment 1 starting at day 8, hour 9.0 using resources [13].[0m
[34m2025-01-08 17:19:51,035 - DEBUG - Patients [30] have treatment 1 starting at day 8, hour 9.0 using resources [9].[0m
[34m2025-01-08 17:19:51,035 - DEBUG - Patients [18] have treatment 1 starting at day 8, hour 9.0 using resources [11].[0m
[34m2025-01-08 17:19:51,035 - DEBUG - Patients [23] have treatment 1 starting at day 8, hour 9.0 using resources [12].[0m
[34m2025-01-08 17:19:51,035 - DEBUG - Patients [23] have treatment 1 starting at day 8, hour 9.5 using resources [13].[0m
[34m2025-01-08 17:19:51,035 - DEBUG - Patients [31] have treatment 1 starting at day 8, hour 9.5 using resources [12].[0m
[34m2025-01-08 17:19:51,035 - DEBUG - Patients [19] have treatment 1 starting at day 8, hour 9.5 using resources [10].[0m
[34m2025-01-08 17:19:51,035 - DEBUG - Patients [19] have treatment 1 starting at day 8, hour 10.0 using resources [10].[0m
[34m2025-01-08 17:19:51,035 - DEBUG - Patients [18] have treatment 1 starting at day 8, hour 10.5 using resources [10].[0m
[34m2025-01-08 17:19:51,035 - DEBUG - Patients [22] have treatment 1 starting at day 8, hour 11.0 using resources [10].[0m
[34m2025-01-08 17:19:51,035 - DEBUG - Patients [13] have treatment 1 starting at day 8, hour 11.5 using resources [10].[0m
[34m2025-01-08 17:19:51,035 - DEBUG - Patients [13] have treatment 1 starting at day 8, hour 12.0 using resources [10].[0m
[34m2025-01-08 17:19:51,035 - DEBUG - Patients [13] have treatment 1 starting at day 8, hour 12.5 using resources [10].[0m
[34m2025-01-08 17:19:51,035 - DEBUG - Patients [10] have treatment 1 starting at day 8, hour 13.0 using resources [10].[0m
[34m2025-01-08 17:19:51,035 - DEBUG - Patients [10] have treatment 1 starting at day 8, hour 13.5 using resources [10].[0m
[34m2025-01-08 17:19:51,035 - DEBUG - Patients [8] have treatment 1 starting at day 8, hour 14.0 using resources [10].[0m
[34m2025-01-08 17:19:51,035 - DEBUG - Patients [8] have treatment 1 starting at day 8, hour 14.5 using resources [10].[0m
[34m2025-01-08 17:19:51,035 - DEBUG - Patients [1] have treatment 1 starting at day 8, hour 14.5 using resources [9].[0m
[34m2025-01-08 17:19:51,035 - DEBUG - Patients [1] have treatment 1 starting at day 8, hour 15.0 using resources [9].[0m
[34m2025-01-08 17:19:51,035 - DEBUG - Patients [0] have treatment 1 starting at day 8, hour 15.5 using resources [9].[0m
[34m2025-01-08 17:19:51,035 - DEBUG - Patients [10, 11, 12, 13, 14, 20, 23, 27, 30, 39] have treatment 2 starting at day 8, hour 10.0 using resources [2, 11].[0m
[34m2025-01-08 17:19:51,035 - DEBUG - Patients [1, 3, 4, 8, 10, 11, 12, 14, 20, 27] have treatment 2 starting at day 8, hour 11.0 using resources [1, 9].[0m
[34m2025-01-08 17:19:51,035 - DEBUG - Patients [3, 4, 11, 12, 14] have treatment 2 starting at day 8, hour 13.0 using resources [0, 9].[0m
[34m2025-01-08 17:19:51,035 - DEBUG - Patients [17, 32] have treatment 4 starting at day 8, hour 10.0 using resources [0, 13].[0m
[34m2025-01-08 17:19:51,035 - DEBUG - Patients [21, 31] have treatment 4 starting at day 8, hour 10.5 using resources [1, 9].[0m
[34m2025-01-08 17:19:51,036 - DEBUG - Patients [18, 37] have treatment 4 starting at day 8, hour 11.0 using resources [0, 12].[0m
[34m2025-01-08 17:19:51,036 - DEBUG - Patients [16, 26] have treatment 4 starting at day 8, hour 11.5 using resources [0, 13].[0m
[34m2025-01-08 17:19:51,036 - DEBUG - Patients [1, 5] have treatment 4 starting at day 8, hour 14.0 using resources [0, 9].[0m
[34m2025-01-08 17:19:51,036 - DEBUG - Patients [16, 24] have treatment 5 starting at day 8, hour 8.0 using resources [4, 9].[0m
[34m2025-01-08 17:19:51,036 - DEBUG - Patients [32, 35] have treatment 5 starting at day 8, hour 8.5 using resources [4, 9].[0m
[34m2025-01-08 17:19:51,036 - DEBUG - Patients [31, 35] have treatment 5 starting at day 8, hour 9.0 using resources [5, 8].[0m
[34m2025-01-08 17:19:51,036 - DEBUG - Patients [2, 35] have treatment 5 starting at day 8, hour 9.5 using resources [5, 8].[0m
[34m2025-01-08 17:19:51,036 - DEBUG - Patients [3, 22] have treatment 5 starting at day 8, hour 10.0 using resources [5, 8].[0m
[34m2025-01-08 17:19:51,036 - DEBUG - Patients [3, 35] have treatment 5 starting at day 8, hour 10.5 using resources [4, 12].[0m
[34m2025-01-08 17:19:51,036 - DEBUG - Patients [22] have treatment 5 starting at day 8, hour 11.5 using resources [5, 12].[0m
[34m2025-01-08 17:19:51,036 - DEBUG - Patients [2] have treatment 5 starting at day 8, hour 11.5 using resources [4, 8].[0m
[34m2025-01-08 17:19:51,036 - DEBUG - Patients [14, 39] have treatment 5 starting at day 8, hour 15.0 using resources [5, 10].[0m
[34m2025-01-08 17:19:51,036 - DEBUG - Patients [2, 4, 6, 7, 17, 19, 26, 29, 30, 37, 38] have treatment 6 starting at day 8, hour 14.5 using resources [0, 13].[0m
[34m2025-01-08 17:19:51,036 - DEBUG - Patients [38, 39] have treatment 7 starting at day 8, hour 8.0 using resources [13, 8, 5].[0m
[34m2025-01-08 17:19:51,036 - DEBUG - Patients [26, 29] have treatment 7 starting at day 8, hour 10.5 using resources [13, 8, 5].[0m
[34m2025-01-08 17:19:51,036 - DEBUG - Patients [2, 29] have treatment 7 starting at day 8, hour 13.0 using resources [12, 8, 5].[0m
[34m2025-01-08 17:19:51,036 - DEBUG - Patients [21, 33] have treatment 7 starting at day 8, hour 14.0 using resources [12, 8, 4].[0m
[34m2025-01-08 17:19:51,036 - DEBUG - Patients [33] have treatment 7 starting at day 8, hour 15.0 using resources [12, 8, 4].[0m
[34m2025-01-08 17:19:51,036 - DEBUG - Patients [28] have treatment 1 starting at day 9, hour 8.0 using resources [10].[0m
[34m2025-01-08 17:19:51,036 - DEBUG - Patients [22] have treatment 1 starting at day 9, hour 8.5 using resources [10].[0m
[34m2025-01-08 17:19:51,036 - DEBUG - Patients [22] have treatment 1 starting at day 9, hour 9.0 using resources [10].[0m
[34m2025-01-08 17:19:51,036 - DEBUG - Patients [20] have treatment 1 starting at day 9, hour 10.0 using resources [10].[0m
[34m2025-01-08 17:19:51,036 - DEBUG - Patients [16] have treatment 1 starting at day 9, hour 10.5 using resources [10].[0m
[34m2025-01-08 17:19:51,036 - DEBUG - Patients [13] have treatment 1 starting at day 9, hour 11.0 using resources [10].[0m
[34m2025-01-08 17:19:51,036 - DEBUG - Patients [13] have treatment 1 starting at day 9, hour 11.5 using resources [10].[0m
[34m2025-01-08 17:19:51,036 - DEBUG - Patients [13] have treatment 1 starting at day 9, hour 12.0 using resources [10].[0m
[34m2025-01-08 17:19:51,037 - DEBUG - Patients [12] have treatment 1 starting at day 9, hour 12.5 using resources [10].[0m
[34m2025-01-08 17:19:51,037 - DEBUG - Patients [12] have treatment 1 starting at day 9, hour 13.0 using resources [10].[0m
[34m2025-01-08 17:19:51,037 - DEBUG - Patients [7] have treatment 1 starting at day 9, hour 13.5 using resources [10].[0m
[34m2025-01-08 17:19:51,037 - DEBUG - Patients [5] have treatment 1 starting at day 9, hour 14.0 using resources [10].[0m
[34m2025-01-08 17:19:51,037 - DEBUG - Patients [2] have treatment 1 starting at day 9, hour 14.5 using resources [10].[0m
[34m2025-01-08 17:19:51,037 - DEBUG - Patients [2] have treatment 1 starting at day 9, hour 15.0 using resources [10].[0m
[34m2025-01-08 17:19:51,037 - DEBUG - Patients [5, 8, 9, 10, 18, 21, 23, 27, 32, 34] have treatment 2 starting at day 9, hour 13.0 using resources [1, 9].[0m
[34m2025-01-08 17:19:51,037 - DEBUG - Patients [0, 3, 4, 10, 21, 34] have treatment 2 starting at day 9, hour 14.0 using resources [1, 12].[0m
[34m2025-01-08 17:19:51,037 - DEBUG - Patients [16, 17, 20, 21, 31] have treatment 3 starting at day 9, hour 8.0 using resources [1, 11].[0m
[34m2025-01-08 17:19:51,037 - DEBUG - Patients [6, 11] have treatment 3 starting at day 9, hour 8.5 using resources [0, 9].[0m
[34m2025-01-08 17:19:51,037 - DEBUG - Patients [26, 33] have treatment 4 starting at day 9, hour 8.0 using resources [0, 9].[0m
[34m2025-01-08 17:19:51,037 - DEBUG - Patients [14, 25] have treatment 4 starting at day 9, hour 10.5 using resources [0, 9].[0m
[34m2025-01-08 17:19:51,037 - DEBUG - Patients [9, 14] have treatment 4 starting at day 9, hour 14.5 using resources [0, 9].[0m
[34m2025-01-08 17:19:51,037 - DEBUG - Patients [3, 8] have treatment 4 starting at day 9, hour 15.0 using resources [0, 9].[0m
[34m2025-01-08 17:19:51,037 - DEBUG - Patients [3] have treatment 4 starting at day 9, hour 15.5 using resources [0, 9].[0m
[34m2025-01-08 17:19:51,037 - DEBUG - Patients [38, 39] have treatment 5 starting at day 9, hour 11.0 using resources [5, 9].[0m
[34m2025-01-08 17:19:51,037 - DEBUG - Patients [33, 35] have treatment 5 starting at day 9, hour 11.5 using resources [5, 9].[0m
[34m2025-01-08 17:19:51,037 - DEBUG - Patients [33, 35] have treatment 5 starting at day 9, hour 14.0 using resources [5, 9].[0m
[34m2025-01-08 17:19:51,037 - DEBUG - Patients [22, 30] have treatment 5 starting at day 9, hour 14.0 using resources [4, 8].[0m
[34m2025-01-08 17:19:51,037 - DEBUG - Patients [16, 20] have treatment 5 starting at day 9, hour 14.5 using resources [4, 8].[0m
[34m2025-01-08 17:19:51,037 - DEBUG - Patients [4, 5] have treatment 5 starting at day 9, hour 15.0 using resources [4, 8].[0m
[34m2025-01-08 17:19:51,037 - DEBUG - Patients [1] have treatment 5 starting at day 9, hour 15.5 using resources [4, 8].[0m
[34m2025-01-08 17:19:51,037 - DEBUG - Patients [37, 39] have treatment 7 starting at day 9, hour 8.0 using resources [13, 8, 5].[0m
[34m2025-01-08 17:19:51,037 - DEBUG - Patients [29, 33] have treatment 7 starting at day 9, hour 9.0 using resources [13, 8, 5].[0m
[34m2025-01-08 17:19:51,037 - DEBUG - Patients [19, 28] have treatment 7 starting at day 9, hour 10.0 using resources [12, 8, 4].[0m
[34m2025-01-08 17:19:51,038 - DEBUG - Patients [7, 9] have treatment 7 starting at day 9, hour 11.0 using resources [12, 8, 4].[0m
[34m2025-01-08 17:19:51,038 - DEBUG - Patients [1] have treatment 7 starting at day 9, hour 13.0 using resources [12, 8, 4].[0m
[34m2025-01-08 17:19:51,038 - DEBUG - Patients [33] have treatment 1 starting at day 10, hour 8.0 using resources [12].[0m
[34m2025-01-08 17:19:51,038 - DEBUG - Patients [38] have treatment 1 starting at day 10, hour 8.0 using resources [13].[0m
[34m2025-01-08 17:19:51,038 - DEBUG - Patients [36] have treatment 1 starting at day 10, hour 8.0 using resources [10].[0m
[34m2025-01-08 17:19:51,038 - DEBUG - Patients [35] have treatment 1 starting at day 10, hour 8.0 using resources [9].[0m
[34m2025-01-08 17:19:51,038 - DEBUG - Patients [27] have treatment 1 starting at day 10, hour 8.5 using resources [12].[0m
[34m2025-01-08 17:19:51,038 - DEBUG - Patients [35] have treatment 1 starting at day 10, hour 8.5 using resources [10].[0m
[34m2025-01-08 17:19:51,038 - DEBUG - Patients [38] have treatment 1 starting at day 10, hour 8.5 using resources [11].[0m
[34m2025-01-08 17:19:51,038 - DEBUG - Patients [31] have treatment 1 starting at day 10, hour 8.5 using resources [13].[0m
[34m2025-01-08 17:19:51,038 - DEBUG - Patients [31] have treatment 1 starting at day 10, hour 9.0 using resources [10].[0m
[34m2025-01-08 17:19:51,038 - DEBUG - Patients [35] have treatment 1 starting at day 10, hour 9.0 using resources [13].[0m
[34m2025-01-08 17:19:51,038 - DEBUG - Patients [13] have treatment 1 starting at day 10, hour 9.5 using resources [10].[0m
[34m2025-01-08 17:19:51,038 - DEBUG - Patients [12] have treatment 1 starting at day 10, hour 10.0 using resources [10].[0m
[34m2025-01-08 17:19:51,038 - DEBUG - Patients [22] have treatment 1 starting at day 10, hour 10.0 using resources [11].[0m
[34m2025-01-08 17:19:51,038 - DEBUG - Patients [22] have treatment 1 starting at day 10, hour 10.5 using resources [10].[0m
[34m2025-01-08 17:19:51,038 - DEBUG - Patients [20] have treatment 1 starting at day 10, hour 10.5 using resources [9].[0m
[34m2025-01-08 17:19:51,038 - DEBUG - Patients [20] have treatment 1 starting at day 10, hour 11.0 using resources [11].[0m
[34m2025-01-08 17:19:51,038 - DEBUG - Patients [16] have treatment 1 starting at day 10, hour 11.0 using resources [9].[0m
[34m2025-01-08 17:19:51,038 - DEBUG - Patients [16] have treatment 1 starting at day 10, hour 11.5 using resources [11].[0m
[34m2025-01-08 17:19:51,038 - DEBUG - Patients [27] have treatment 1 starting at day 10, hour 11.5 using resources [9].[0m
[34m2025-01-08 17:19:51,038 - DEBUG - Patients [13] have treatment 1 starting at day 10, hour 12.0 using resources [11].[0m
[34m2025-01-08 17:19:51,038 - DEBUG - Patients [9] have treatment 1 starting at day 10, hour 12.0 using resources [10].[0m
[34m2025-01-08 17:19:51,038 - DEBUG - Patients [28] have treatment 1 starting at day 10, hour 12.0 using resources [9].[0m
[34m2025-01-08 17:19:51,038 - DEBUG - Patients [10] have treatment 1 starting at day 10, hour 12.5 using resources [11].[0m
[34m2025-01-08 17:19:51,039 - DEBUG - Patients [7] have treatment 1 starting at day 10, hour 12.5 using resources [12].[0m
[34m2025-01-08 17:19:51,039 - DEBUG - Patients [7] have treatment 1 starting at day 10, hour 13.0 using resources [11].[0m
[34m2025-01-08 17:19:51,039 - DEBUG - Patients [4] have treatment 1 starting at day 10, hour 13.0 using resources [12].[0m
[34m2025-01-08 17:19:51,039 - DEBUG - Patients [4] have treatment 1 starting at day 10, hour 13.5 using resources [9].[0m
[34m2025-01-08 17:19:51,039 - DEBUG - Patients [4] have treatment 1 starting at day 10, hour 14.0 using resources [10].[0m
[34m2025-01-08 17:19:51,039 - DEBUG - Patients [4] have treatment 1 starting at day 10, hour 14.5 using resources [12].[0m
[34m2025-01-08 17:19:51,039 - DEBUG - Patients [0] have treatment 1 starting at day 10, hour 14.5 using resources [9].[0m
[34m2025-01-08 17:19:51,039 - DEBUG - Patients [0] have treatment 1 starting at day 10, hour 15.0 using resources [9].[0m
[34m2025-01-08 17:19:51,039 - DEBUG - Patients [0] have treatment 1 starting at day 10, hour 15.5 using resources [8].[0m
[34m2025-01-08 17:19:51,039 - DEBUG - Patients [1, 24, 30, 33, 34, 39] have treatment 2 starting at day 10, hour 13.0 using resources [4, 10].[0m
[34m2025-01-08 17:19:51,039 - DEBUG - Patients [2, 7, 19, 23, 26] have treatment 2 starting at day 10, hour 15.0 using resources [0, 12].[0m
[34m2025-01-08 17:19:51,039 - DEBUG - Patients [2, 17, 18, 36, 39] have treatment 3 starting at day 10, hour 8.5 using resources [0, 9].[0m
[34m2025-01-08 17:19:51,039 - DEBUG - Patients [2, 3] have treatment 3 starting at day 10, hour 13.0 using resources [0, 8].[0m
[34m2025-01-08 17:19:51,039 - DEBUG - Patients [29, 30] have treatment 4 starting at day 10, hour 10.5 using resources [2, 8].[0m
[34m2025-01-08 17:19:51,039 - DEBUG - Patients [26, 28] have treatment 4 starting at day 10, hour 11.0 using resources [0, 8].[0m
[34m2025-01-08 17:19:51,039 - DEBUG - Patients [5, 8] have treatment 4 starting at day 10, hour 11.5 using resources [0, 8].[0m
[34m2025-01-08 17:19:51,039 - DEBUG - Patients [17, 39] have treatment 5 starting at day 10, hour 8.0 using resources [4, 11].[0m
[34m2025-01-08 17:19:51,039 - DEBUG - Patients [30, 32] have treatment 5 starting at day 10, hour 8.0 using resources [5, 8].[0m
[34m2025-01-08 17:19:51,039 - DEBUG - Patients [26, 29] have treatment 5 starting at day 10, hour 8.5 using resources [5, 8].[0m
[34m2025-01-08 17:19:51,039 - DEBUG - Patients [19, 29] have treatment 5 starting at day 10, hour 9.0 using resources [4, 8].[0m
[34m2025-01-08 17:19:51,039 - DEBUG - Patients [14] have treatment 5 starting at day 10, hour 9.5 using resources [4, 8].[0m
[34m2025-01-08 17:19:51,039 - DEBUG - Patients [11, 13] have treatment 5 starting at day 10, hour 10.0 using resources [4, 8].[0m
[34m2025-01-08 17:19:51,039 - DEBUG - Patients [12, 17] have treatment 5 starting at day 10, hour 14.0 using resources [4, 11].[0m
[34m2025-01-08 17:19:51,039 - DEBUG - Patients [6, 9] have treatment 5 starting at day 10, hour 15.0 using resources [4, 8].[0m
[34m2025-01-08 17:19:51,039 - DEBUG - Patients [1] have treatment 5 starting at day 10, hour 15.5 using resources [4, 10].[0m
[34m2025-01-08 17:19:51,039 - DEBUG - Patients [37] have treatment 5 starting at day 10, hour 15.5 using resources [5, 13].[0m
[34m2025-01-08 17:19:51,040 - DEBUG - Patients [21, 25, 27, 32, 34] have treatment 6 starting at day 10, hour 9.0 using resources [1, 12].[0m
[34m2025-01-08 17:19:51,040 - DEBUG - Patients [1, 3, 14, 32, 34, 38] have treatment 6 starting at day 10, hour 10.5 using resources [4, 12].[0m
[34m2025-01-08 17:19:51,040 - DEBUG - Patients [9] have treatment 1 starting at day 11, hour 12.5 using resources [13].[0m
[34m2025-01-08 17:19:51,040 - DEBUG - Patients [7, 11, 13, 33, 35] have treatment 2 starting at day 11, hour 13.0 using resources [4, 10].[0m
[34m2025-01-08 17:19:51,040 - DEBUG - Patients [7, 11, 12, 13, 33] have treatment 2 starting at day 11, hour 14.0 using resources [4, 9].[0m
[34m2025-01-08 17:19:51,040 - DEBUG - Patients [10, 19, 31, 38] have treatment 3 starting at day 11, hour 8.0 using resources [1, 8].[0m
[34m2025-01-08 17:19:51,040 - DEBUG - Patients [22, 26, 30, 32, 37, 39] have treatment 3 starting at day 11, hour 9.5 using resources [0, 9].[0m
[34m2025-01-08 17:19:51,040 - DEBUG - Patients [3, 4, 6, 12, 13, 31] have treatment 3 starting at day 11, hour 10.0 using resources [2, 8].[0m
[34m2025-01-08 17:19:51,040 - DEBUG - Patients [21, 22, 26, 30, 38, 39] have treatment 3 starting at day 11, hour 13.0 using resources [3, 8].[0m
[34m2025-01-08 17:19:51,040 - DEBUG - Patients [2, 3, 4, 5, 16, 18] have treatment 3 starting at day 11, hour 14.0 using resources [2, 10].[0m
[34m2025-01-08 17:19:51,040 - DEBUG - Patients [16, 25] have treatment 4 starting at day 11, hour 10.5 using resources [1, 10].[0m
[34m2025-01-08 17:19:51,040 - DEBUG - Patients [15, 17] have treatment 4 starting at day 11, hour 11.0 using resources [1, 11].[0m
[34m2025-01-08 17:19:51,040 - DEBUG - Patients [26, 37] have treatment 4 starting at day 11, hour 11.5 using resources [1, 11].[0m
[34m2025-01-08 17:19:51,040 - DEBUG - Patients [15, 23] have treatment 4 starting at day 11, hour 13.0 using resources [0, 9].[0m
[34m2025-01-08 17:19:51,040 - DEBUG - Patients [3, 4] have treatment 4 starting at day 11, hour 13.5 using resources [0, 9].[0m
[34m2025-01-08 17:19:51,040 - DEBUG - Patients [8, 24] have treatment 4 starting at day 11, hour 15.0 using resources [0, 9].[0m
[34m2025-01-08 17:19:51,040 - DEBUG - Patients [20, 36] have treatment 4 starting at day 11, hour 15.0 using resources [3, 11].[0m
[34m2025-01-08 17:19:51,040 - DEBUG - Patients [7, 30] have treatment 4 starting at day 11, hour 15.5 using resources [0, 11].[0m
[34m2025-01-08 17:19:51,040 - DEBUG - Patients [5, 7] have treatment 5 starting at day 11, hour 11.5 using resources [4, 9].[0m
[34m2025-01-08 17:19:51,040 - DEBUG - Patients [15, 33] have treatment 5 starting at day 11, hour 15.5 using resources [5, 9].[0m
[34m2025-01-08 17:19:51,040 - DEBUG - Patients [4, 14, 16, 18, 28] have treatment 6 starting at day 11, hour 8.0 using resources [3, 13].[0m
[34m2025-01-08 17:19:51,040 - DEBUG - Patients [0, 1, 10, 14, 18, 24, 28, 38] have treatment 6 starting at day 11, hour 10.5 using resources [3, 13].[0m
[34m2025-01-08 17:19:51,040 - DEBUG - Patients [0, 1, 6, 10, 14, 27, 28, 36] have treatment 6 starting at day 11, hour 13.0 using resources [1, 13].[0m
[34m2025-01-08 17:19:51,040 - DEBUG - Patients [0, 10, 14, 31, 35] have treatment 6 starting at day 11, hour 14.5 using resources [1, 13].[0m
[34m2025-01-08 17:19:51,040 - DEBUG - Patients [2, 32] have treatment 7 starting at day 11, hour 8.0 using resources [12, 10, 5].[0m
[34m2025-01-08 17:19:51,041 - DEBUG - Patients [29, 34] have treatment 7 starting at day 11, hour 9.0 using resources [12, 11, 4].[0m
[34m2025-01-08 17:19:51,041 - DEBUG - Patients [23] have treatment 7 starting at day 11, hour 9.5 using resources [13, 10, 5].[0m
[34m2025-01-08 17:19:51,041 - DEBUG - Patients [19, 34] have treatment 7 starting at day 11, hour 10.0 using resources [12, 11, 4].[0m
[34m2025-01-08 17:19:51,041 - DEBUG - Patients [21, 23] have treatment 7 starting at day 11, hour 11.0 using resources [12, 10, 5].[0m
[34m2025-01-08 17:19:51,041 - DEBUG - Patients [2, 20] have treatment 7 starting at day 11, hour 13.0 using resources [12, 11, 5].[0m
[34m2025-01-08 17:19:51,041 - DEBUG - Patients [17, 23] have treatment 7 starting at day 11, hour 14.0 using resources [12, 11, 5].[0m
[34m2025-01-08 17:19:51,041 - DEBUG - Patients [1, 11] have treatment 7 starting at day 11, hour 15.0 using resources [12, 8, 4].[0m
[34m2025-01-08 17:19:51,041 - DEBUG - Patients [11, 17, 22, 31, 39] have treatment 0 starting at day 12, hour 8.5 using resources [2, 3, 11].[0m
[34m2025-01-08 17:19:51,041 - DEBUG - Patients [7, 20, 22, 23] have treatment 0 starting at day 12, hour 10.0 using resources [0, 2, 8].[0m
[34m2025-01-08 17:19:51,041 - DEBUG - Patients [9, 13, 19, 34, 39] have treatment 0 starting at day 12, hour 11.0 using resources [0, 4, 8].[0m
[34m2025-01-08 17:19:51,041 - DEBUG - Patients [4, 30, 37, 38] have treatment 0 starting at day 12, hour 13.0 using resources [2, 4, 9].[0m
[34m2025-01-08 17:19:51,041 - DEBUG - Patients [14] have treatment 1 starting at day 12, hour 8.0 using resources [11].[0m
[34m2025-01-08 17:19:51,041 - DEBUG - Patients [28] have treatment 1 starting at day 12, hour 10.5 using resources [10].[0m
[34m2025-01-08 17:19:51,041 - DEBUG - Patients [28] have treatment 1 starting at day 12, hour 12.0 using resources [9].[0m
[34m2025-01-08 17:19:51,041 - DEBUG - Patients [15] have treatment 1 starting at day 12, hour 12.0 using resources [10].[0m
[34m2025-01-08 17:19:51,041 - DEBUG - Patients [15] have treatment 1 starting at day 12, hour 12.5 using resources [11].[0m
[34m2025-01-08 17:19:51,041 - DEBUG - Patients [10] have treatment 1 starting at day 12, hour 12.5 using resources [8].[0m
[34m2025-01-08 17:19:51,041 - DEBUG - Patients [36] have treatment 1 starting at day 12, hour 12.5 using resources [12].[0m
[34m2025-01-08 17:19:51,041 - DEBUG - Patients [2, 5, 12, 17, 18, 20, 23, 32, 33] have treatment 2 starting at day 12, hour 13.0 using resources [0, 10].[0m
[34m2025-01-08 17:19:51,041 - DEBUG - Patients [1, 2, 4, 7, 26, 35] have treatment 2 starting at day 12, hour 14.5 using resources [4, 11].[0m
[34m2025-01-08 17:19:51,041 - DEBUG - Patients [9, 12, 13, 30, 33, 37] have treatment 3 starting at day 12, hour 8.0 using resources [1, 8].[0m
[34m2025-01-08 17:19:51,041 - DEBUG - Patients [1, 5, 8, 12, 30, 31] have treatment 3 starting at day 12, hour 10.0 using resources [1, 9].[0m
[34m2025-01-08 17:19:51,041 - DEBUG - Patients [5, 8, 13] have treatment 3 starting at day 12, hour 14.0 using resources [0, 9].[0m
[34m2025-01-08 17:19:51,041 - DEBUG - Patients [20, 33] have treatment 3 starting at day 12, hour 14.0 using resources [1, 8].[0m
[34m2025-01-08 17:19:51,041 - DEBUG - Patients [22, 38] have treatment 4 starting at day 12, hour 8.0 using resources [4, 13].[0m
[34m2025-01-08 17:19:51,041 - DEBUG - Patients [23, 32] have treatment 4 starting at day 12, hour 8.0 using resources [2, 12].[0m
[34m2025-01-08 17:19:51,042 - DEBUG - Patients [2, 3] have treatment 4 starting at day 12, hour 8.0 using resources [0, 9].[0m
[34m2025-01-08 17:19:51,042 - DEBUG - Patients [8, 28] have treatment 4 starting at day 12, hour 8.0 using resources [3, 10].[0m
[34m2025-01-08 17:19:51,042 - DEBUG - Patients [1] have treatment 4 starting at day 12, hour 13.0 using resources [1, 8].[0m
[34m2025-01-08 17:19:51,042 - DEBUG - Patients [15, 39] have treatment 4 starting at day 12, hour 13.5 using resources [1, 8].[0m
[34m2025-01-08 17:19:51,042 - DEBUG - Patients [3, 19] have treatment 4 starting at day 12, hour 14.0 using resources [4, 11].[0m
[34m2025-01-08 17:19:51,042 - DEBUG - Patients [21, 25] have treatment 4 starting at day 12, hour 14.0 using resources [2, 10].[0m
[34m2025-01-08 17:19:51,042 - DEBUG - Patients [16, 23] have treatment 4 starting at day 12, hour 15.5 using resources [4, 10].[0m
[34m2025-01-08 17:19:51,042 - DEBUG - Patients [33, 35] have treatment 5 starting at day 12, hour 11.5 using resources [5, 10].[0m
[34m2025-01-08 17:19:51,042 - DEBUG - Patients [6, 14] have treatment 5 starting at day 12, hour 14.5 using resources [5, 10].[0m
[34m2025-01-08 17:19:51,042 - DEBUG - Patients [14] have treatment 5 starting at day 12, hour 15.0 using resources [5, 10].[0m
[34m2025-01-08 17:19:51,042 - DEBUG - Patients [2, 14] have treatment 5 starting at day 12, hour 15.5 using resources [5, 11].[0m
[34m2025-01-08 17:19:51,042 - DEBUG - Patients [0, 14, 18, 25, 26] have treatment 6 starting at day 12, hour 10.5 using resources [3, 13].[0m
[34m2025-01-08 17:19:51,042 - DEBUG - Patients [7, 16, 24, 26, 27] have treatment 6 starting at day 12, hour 13.0 using resources [3, 13].[0m
[34m2025-01-08 17:19:51,042 - DEBUG - Patients [0, 9, 12, 18, 31] have treatment 6 starting at day 12, hour 14.5 using resources [2, 13].[0m
[34m2025-01-08 17:19:51,042 - DEBUG - Patients [1, 38] have treatment 7 starting at day 12, hour 8.5 using resources [12, 9, 4].[0m
[34m2025-01-08 17:19:51,042 - DEBUG - Patients [34, 35] have treatment 7 starting at day 12, hour 8.5 using resources [13, 10, 5].[0m
[34m2025-01-08 17:19:51,042 - DEBUG - Patients [19, 27] have treatment 7 starting at day 12, hour 9.5 using resources [12, 10, 4].[0m
[34m2025-01-08 17:19:51,042 - DEBUG - Patients [3, 24] have treatment 7 starting at day 12, hour 9.5 using resources [13, 11, 5].[0m
[34m2025-01-08 17:19:51,042 - DEBUG - Patients [11, 36] have treatment 7 starting at day 12, hour 10.5 using resources [12, 11, 5].[0m
[34m2025-01-08 17:19:51,042 - DEBUG - Patients [3, 29] have treatment 7 starting at day 12, hour 13.0 using resources [12, 11, 5].[0m
[34m2025-01-08 17:19:51,042 - DEBUG - Patients [8, 14, 37, 38] have treatment 0 starting at day 13, hour 8.0 using resources [2, 4, 8].[0m
[34m2025-01-08 17:19:51,042 - DEBUG - Patients [27, 31, 34, 35] have treatment 0 starting at day 13, hour 13.5 using resources [1, 3, 10].[0m
[34m2025-01-08 17:19:51,042 - DEBUG - Patients [4, 12, 13, 33, 39] have treatment 0 starting at day 13, hour 15.0 using resources [0, 3, 10].[0m
[34m2025-01-08 17:19:51,042 - DEBUG - Patients [32] have treatment 1 starting at day 13, hour 12.0 using resources [12].[0m
[34m2025-01-08 17:19:51,042 - DEBUG - Patients [14] have treatment 1 starting at day 13, hour 12.0 using resources [8].[0m
[34m2025-01-08 17:19:51,042 - DEBUG - Patients [23] have treatment 1 starting at day 13, hour 12.5 using resources [12].[0m
[34m2025-01-08 17:19:51,043 - DEBUG - Patients [18] have treatment 1 starting at day 13, hour 12.5 using resources [9].[0m
[34m2025-01-08 17:19:51,043 - DEBUG - Patients [23] have treatment 1 starting at day 13, hour 14.0 using resources [12].[0m
[34m2025-01-08 17:19:51,043 - DEBUG - Patients [14] have treatment 1 starting at day 13, hour 14.0 using resources [11].[0m
[34m2025-01-08 17:19:51,043 - DEBUG - Patients [4] have treatment 1 starting at day 13, hour 14.0 using resources [8].[0m
[34m2025-01-08 17:19:51,043 - DEBUG - Patients [2] have treatment 1 starting at day 13, hour 14.5 using resources [11].[0m
[34m2025-01-08 17:19:51,043 - DEBUG - Patients [5] have treatment 1 starting at day 13, hour 15.0 using resources [8].[0m
[34m2025-01-08 17:19:51,043 - DEBUG - Patients [2] have treatment 1 starting at day 13, hour 15.0 using resources [11].[0m
[34m2025-01-08 17:19:51,043 - DEBUG - Patients [14] have treatment 1 starting at day 13, hour 15.5 using resources [8].[0m
[34m2025-01-08 17:19:51,043 - DEBUG - Patients [22] have treatment 1 starting at day 13, hour 15.5 using resources [11].[0m
[34m2025-01-08 17:19:51,043 - DEBUG - Patients [3, 20, 31, 36] have treatment 3 starting at day 13, hour 8.0 using resources [3, 11].[0m
[34m2025-01-08 17:19:51,043 - DEBUG - Patients [10, 22, 31, 38] have treatment 3 starting at day 13, hour 10.0 using resources [1, 11].[0m
[34m2025-01-08 17:19:51,043 - DEBUG - Patients [5, 12, 19, 20, 26, 37] have treatment 3 starting at day 13, hour 10.0 using resources [3, 8].[0m
[34m2025-01-08 17:19:51,043 - DEBUG - Patients [5, 9, 24, 33] have treatment 3 starting at day 13, hour 13.0 using resources [0, 9].[0m
[34m2025-01-08 17:19:51,043 - DEBUG - Patients [19, 26] have treatment 4 starting at day 13, hour 8.0 using resources [1, 9].[0m
[34m2025-01-08 17:19:51,043 - DEBUG - Patients [22] have treatment 4 starting at day 13, hour 8.5 using resources [1, 9].[0m
[34m2025-01-08 17:19:51,043 - DEBUG - Patients [25, 38] have treatment 4 starting at day 13, hour 9.0 using resources [4, 8].[0m
[34m2025-01-08 17:19:51,043 - DEBUG - Patients [11, 16] have treatment 4 starting at day 13, hour 9.0 using resources [1, 9].[0m
[34m2025-01-08 17:19:51,043 - DEBUG - Patients [19] have treatment 4 starting at day 13, hour 9.5 using resources [0, 9].[0m
[34m2025-01-08 17:19:51,043 - DEBUG - Patients [1, 18] have treatment 4 starting at day 13, hour 9.5 using resources [4, 8].[0m
[34m2025-01-08 17:19:51,043 - DEBUG - Patients [0] have treatment 4 starting at day 13, hour 10.0 using resources [0, 9].[0m
[34m2025-01-08 17:19:51,043 - DEBUG - Patients [32] have treatment 4 starting at day 13, hour 10.5 using resources [0, 10].[0m
[34m2025-01-08 17:19:51,043 - DEBUG - Patients [7] have treatment 4 starting at day 13, hour 11.0 using resources [0, 10].[0m
[34m2025-01-08 17:19:51,043 - DEBUG - Patients [10] have treatment 4 starting at day 13, hour 13.0 using resources [3, 11].[0m
[34m2025-01-08 17:19:51,043 - DEBUG - Patients [21] have treatment 4 starting at day 13, hour 13.0 using resources [1, 10].[0m
[34m2025-01-08 17:19:51,043 - DEBUG - Patients [29] have treatment 4 starting at day 13, hour 13.5 using resources [2, 11].[0m
[34m2025-01-08 17:19:51,043 - DEBUG - Patients [17, 35] have treatment 4 starting at day 13, hour 14.5 using resources [2, 12].[0m
[34m2025-01-08 17:19:51,043 - DEBUG - Patients [36] have treatment 4 starting at day 13, hour 14.5 using resources [4, 8].[0m
[34m2025-01-08 17:19:51,044 - DEBUG - Patients [12] have treatment 4 starting at day 13, hour 14.5 using resources [3, 10].[0m
[34m2025-01-08 17:19:51,044 - DEBUG - Patients [24, 28] have treatment 5 starting at day 13, hour 10.5 using resources [5, 9].[0m
[34m2025-01-08 17:19:51,044 - DEBUG - Patients [15, 23] have treatment 5 starting at day 13, hour 11.0 using resources [5, 9].[0m
[34m2025-01-08 17:19:51,044 - DEBUG - Patients [2] have treatment 5 starting at day 13, hour 11.5 using resources [5, 9].[0m
[34m2025-01-08 17:19:51,044 - DEBUG - Patients [4, 10, 12, 27, 32, 34, 35] have treatment 6 starting at day 13, hour 8.0 using resources [0, 13].[0m
[34m2025-01-08 17:19:51,044 - DEBUG - Patients [13, 14, 15, 17, 21, 29, 30, 39] have treatment 6 starting at day 13, hour 9.0 using resources [2, 12].[0m
[34m2025-01-08 17:19:51,044 - DEBUG - Patients [1, 3, 4, 13, 16, 17, 21, 29, 30, 39] have treatment 6 starting at day 13, hour 10.5 using resources [4, 12].[0m
[34m2025-01-08 17:19:51,044 - DEBUG - Patients [0, 6, 8, 9, 11] have treatment 6 starting at day 13, hour 10.5 using resources [2, 13].[0m
[34m2025-01-08 17:19:51,044 - DEBUG - Patients [3, 11, 13, 15, 20, 30] have treatment 6 starting at day 13, hour 13.0 using resources [4, 13].[0m
[34m2025-01-08 17:19:51,044 - DEBUG - Patients [1, 3, 6, 7, 8] have treatment 6 starting at day 13, hour 14.5 using resources [1, 13].[0m
[34m2025-01-08 17:19:51,044 - DEBUG - Patients [33, 39] have treatment 7 starting at day 13, hour 8.0 using resources [12, 10, 5].[0m
[34m2025-01-08 17:19:51,044 - DEBUG - Patients [2, 33] have treatment 7 starting at day 13, hour 9.5 using resources [13, 10, 5].[0m
[34m2025-01-08 17:19:51,044 - DEBUG - Patients [1, 16] have treatment 7 starting at day 13, hour 13.0 using resources [12, 8, 5].[0m
[34m2025-01-08 17:19:51,044 - DEBUG - Patients [23, 26] have treatment 7 starting at day 13, hour 15.0 using resources [12, 9, 4].[0m
[34m2025-01-08 17:19:51,057 - DEBUG - Checking solution value.[0m
[34m2025-01-08 17:19:51,057 - DEBUG - Solvers objective function value: 832.0[0m
[34m2025-01-08 17:19:51,062 - DEBUG - (VERIFIER):Treatment value: 0[0m
[34m2025-01-08 17:19:51,062 - DEBUG - (VERIFIER):Delay value: 0[0m
[34m2025-01-08 17:19:51,062 - DEBUG - (VERIFIER):Missing treatment value: 832[0m
[34m2025-01-08 17:19:51,062 - DEBUG - Correct objective function value: 832[0m
[34m2025-01-08 17:19:51,062 - DEBUG - Solution is valid.[0m
[34m2025-01-08 17:19:51,063 - DEBUG - All solvers accepted the solution.[0m
[32m2025-01-08 17:19:51,063 - INFO - Time to find solution: 3286.768s with value 832.000000[0m
[32m2025-01-08 17:19:51,063 - INFO - Total Time: 3311.386s[0m
