1.NAME: LBBDSolver
2.PARAMS: {'break_symmetry': False, 'add_constraints_to_symmetrc_days': True, 'subsolver_cls': 'CPSubSolver2'}
3.INSTANCE: /home/wx350715/Kobra/rehabiliation-admission-scheduling/data/comp_study_002/instance_3_5.txt
4.REPETITION: 1
Current directory: /home/wx350715/Kobra/rehabiliation-admission-scheduling
[34m2025-01-08 16:24:40,071 - DEBUG - Solver: <class 'src.solvers.benders.LBBDSolver'>[0m
[34m2025-01-08 16:24:40,071 - DEBUG - Args: {'break_symmetry': False, 'add_constraints_to_symmetrc_days': True, 'subsolver_cls': 'CPSubSolver2'}[0m
[34m2025-01-08 16:24:40,071 - DEBUG - File path /home/wx350715/Kobra/rehabiliation-admission-scheduling/data/comp_study_002/instance_3_5.txt[0m
[34m2025-01-08 16:24:40,071 - DEBUG - ADD INSTANCE DATA[0m
[34m2025-01-08 16:24:40,071 - DEBUG - ADD INSTANCE DATA[0m
[34m2025-01-08 16:24:40,071 - DEBUG - ADD INSTANCE DATA[0m
[34m2025-01-08 16:24:40,071 - DEBUG - ADD INSTANCE DATA[0m
[34m2025-01-08 16:24:40,071 - DEBUG - ADD INSTANCE DATA[0m
[34m2025-01-08 16:24:40,071 - DEBUG - ADD INSTANCE DATA[0m
[34m2025-01-08 16:24:40,071 - DEBUG - ADD INSTANCE DATA[0m
[34m2025-01-08 16:24:40,071 - DEBUG - ADD INSTANCE DATA[0m
[34m2025-01-08 16:24:40,071 - DEBUG - ADD INSTANCE DATA[0m
[34m2025-01-08 16:24:40,072 - DEBUG - ADD INSTANCE DATA[0m
[34m2025-01-08 16:24:40,072 - DEBUG - ADD INSTANCE DATA[0m
[34m2025-01-08 16:24:40,072 - DEBUG - ADD RESOURCE_GROUPS[0m
[34m2025-01-08 16:24:40,072 - DEBUG - ADD RESOURCE_GROUPS[0m
[34m2025-01-08 16:24:40,072 - DEBUG - ADD RESOURCE_GROUPS[0m
[34m2025-01-08 16:24:40,072 - DEBUG - ADD RESOURCE_GROUPS[0m
[34m2025-01-08 16:24:40,072 - DEBUG - ADD RESOURCES[0m
[34m2025-01-08 16:24:40,072 - DEBUG - ADD RESOURCES[0m
[34m2025-01-08 16:24:40,072 - DEBUG - ADD RESOURCES[0m
[34m2025-01-08 16:24:40,072 - DEBUG - ADD RESOURCES[0m
[34m2025-01-08 16:24:40,072 - DEBUG - ADD RESOURCES[0m
[34m2025-01-08 16:24:40,073 - DEBUG - ADD RESOURCES[0m
[34m2025-01-08 16:24:40,073 - DEBUG - ADD RESOURCES[0m
[34m2025-01-08 16:24:40,073 - DEBUG - ADD RESOURCES[0m
[34m2025-01-08 16:24:40,073 - DEBUG - ADD RESOURCES[0m
[34m2025-01-08 16:24:40,073 - DEBUG - ADD TREATMENTS[0m
[34m2025-01-08 16:24:40,073 - DEBUG - ADD TREATMENTS[0m
[34m2025-01-08 16:24:40,073 - DEBUG - ADD TREATMENTS[0m
[34m2025-01-08 16:24:40,073 - DEBUG - ADD TREATMENTS[0m
[34m2025-01-08 16:24:40,073 - DEBUG - ADD TREATMENTS[0m
[34m2025-01-08 16:24:40,073 - DEBUG - ADD TREATMENTS[0m
[34m2025-01-08 16:24:40,073 - DEBUG - ADD TREATMENTS[0m
[34m2025-01-08 16:24:40,074 - DEBUG - ADD TREATMENTS[0m
[34m2025-01-08 16:24:40,074 - DEBUG - ADD PATIENTS[0m
[34m2025-01-08 16:24:40,074 - DEBUG - ADD PATIENTS[0m
[34m2025-01-08 16:24:40,074 - DEBUG - ADD PATIENTS[0m
[34m2025-01-08 16:24:40,074 - DEBUG - ADD PATIENTS[0m
[34m2025-01-08 16:24:40,074 - DEBUG - ADD PATIENTS[0m
[34m2025-01-08 16:24:40,074 - DEBUG - ADD PATIENTS[0m
[34m2025-01-08 16:24:40,074 - DEBUG - ADD PATIENTS[0m
[34m2025-01-08 16:24:40,075 - DEBUG - ADD PATIENTS[0m
[34m2025-01-08 16:24:40,075 - DEBUG - ADD PATIENTS[0m
[34m2025-01-08 16:24:40,075 - DEBUG - ADD PATIENTS[0m
[34m2025-01-08 16:24:40,075 - DEBUG - ADD PATIENTS[0m
[34m2025-01-08 16:24:40,075 - DEBUG - ADD PATIENTS[0m
[34m2025-01-08 16:24:40,075 - DEBUG - ADD PATIENTS[0m
[34m2025-01-08 16:24:40,075 - DEBUG - ADD PATIENTS[0m
[34m2025-01-08 16:24:40,075 - DEBUG - ADD PATIENTS[0m
[34m2025-01-08 16:24:40,075 - DEBUG - ADD PATIENTS[0m
[34m2025-01-08 16:24:40,076 - DEBUG - ADD PATIENTS[0m
[34m2025-01-08 16:24:40,076 - DEBUG - ADD PATIENTS[0m
[34m2025-01-08 16:24:40,076 - DEBUG - ADD PATIENTS[0m
[34m2025-01-08 16:24:40,076 - DEBUG - ADD PATIENTS[0m
[34m2025-01-08 16:24:40,076 - DEBUG - ADD PATIENTS[0m
[34m2025-01-08 16:24:40,076 - DEBUG - ADD PATIENTS[0m
[34m2025-01-08 16:24:40,076 - DEBUG - ADD PATIENTS[0m
[34m2025-01-08 16:24:40,076 - DEBUG - ADD PATIENTS[0m
[34m2025-01-08 16:24:40,076 - DEBUG - ADD PATIENTS[0m
[34m2025-01-08 16:24:40,078 - DEBUG - ADD PATIENTS[0m
[34m2025-01-08 16:24:40,078 - DEBUG - ADD PATIENTS[0m
[34m2025-01-08 16:24:40,078 - DEBUG - ADD PATIENTS[0m
[34m2025-01-08 16:24:40,078 - DEBUG - ADD PATIENTS[0m
[34m2025-01-08 16:24:40,078 - DEBUG - ADD PATIENTS[0m
[34m2025-01-08 16:24:40,078 - DEBUG - ADD PATIENTS[0m
[34m2025-01-08 16:24:40,078 - DEBUG - ADD PATIENTS[0m
[34m2025-01-08 16:24:40,078 - DEBUG - ADD PATIENTS[0m
[34m2025-01-08 16:24:40,078 - DEBUG - ADD PATIENTS[0m
[34m2025-01-08 16:24:40,079 - DEBUG - ADD PATIENTS[0m
[34m2025-01-08 16:24:40,079 - DEBUG - ADD PATIENTS[0m
[34m2025-01-08 16:24:40,079 - DEBUG - ADD PATIENTS[0m
[34m2025-01-08 16:24:40,079 - DEBUG - ADD PATIENTS[0m
[34m2025-01-08 16:24:40,079 - DEBUG - ADD PATIENTS[0m
[34m2025-01-08 16:24:40,079 - DEBUG - ADD PATIENTS[0m
[34m2025-01-08 16:24:40,079 - DEBUG - Instance data:[0m
[34m2025-01-08 16:24:40,079 - DEBUG - Number of patients: 40[0m
[34m2025-01-08 16:24:40,080 - DEBUG - Number of beds: 40[0m
[34m2025-01-08 16:24:40,080 - DEBUG - Average number of treatments per patient: 29.275[0m
[34m2025-01-08 16:24:40,080 - DEBUG - Average number of treatment per stayed day: 2.11754068716094[0m
[34m2025-01-08 16:24:40,080 - DEBUG - Number of treatments: 1171[0m
[34m2025-01-08 16:24:40,080 - DEBUG - Number of resources: 9[0m
[34m2025-01-08 16:24:40,080 - DEBUG - Number of resource groups: 4[0m
[34m2025-01-08 16:24:40,080 - DEBUG - Number of resource hours needed per all treatment by RG(therapists): 37.824999999999996[0m
[34m2025-01-08 16:24:40,080 - DEBUG - Number of resource hours needed per all treatment by RG(rooms): 73.20000000000003[0m
[34m2025-01-08 16:24:40,080 - DEBUG - Number of resource hours needed per all treatment by RG(physiotherapist): 25.5[0m
[34m2025-01-08 16:24:40,080 - DEBUG - Number of resource hours needed per all treatment by RG(sport_room): 18.375[0m
[32m2025-01-08 16:24:40,080 - INFO - {'solver': 'LBBDSolver', 'args': {'break_symmetry': False, 'subsolver_cls': <class 'src.solvers.subsolvers.cp_subsolver.CPSubsolver'>, 'subsolver.store_results': True, 'subsolver.store_results_method': 'hash', 'use_helper_constraints': True, 'enforce_min_treatments_per_day': True, 'enforce_max_treatments_per_e_w': True, 'enforce_min_patients_per_treatment': True, 'log_to_console': True}}[0m
[34m2025-01-08 16:24:40,080 - DEBUG - Setting options: LBBDSolver[0m
[34m2025-01-08 16:24:40,080 - DEBUG -  ---- break_symmetry to False[0m
[34m2025-01-08 16:24:40,080 - DEBUG -  ---- subsolver_cls to <class 'src.solvers.subsolvers.cp_subsolver.CPSubsolver'>[0m
[34m2025-01-08 16:24:40,080 - DEBUG -  ---- use_helper_constraints to True[0m
[34m2025-01-08 16:24:40,080 - DEBUG -  ---- add_constraints_to_symmetric_days to True (default)[0m
[34m2025-01-08 16:24:40,080 - DEBUG - Setting options: Solver[0m
[34m2025-01-08 16:24:40,080 - DEBUG -  ---- number_of_threads to 1 (default)[0m
[34m2025-01-08 16:24:40,080 - DEBUG -  ---- treatment_value to 0 (default)[0m
[34m2025-01-08 16:24:40,080 - DEBUG -  ---- delay_value to 1 (default)[0m
[34m2025-01-08 16:24:40,080 - DEBUG -  ---- missing_treatment_value to 4 (default)[0m
[34m2025-01-08 16:24:40,080 - DEBUG -  ---- enforce_min_treatments_per_day to True[0m
[34m2025-01-08 16:24:40,080 - DEBUG -  ---- enforce_max_treatments_per_e_w to True[0m
[34m2025-01-08 16:24:40,080 - DEBUG -  ---- enforce_min_patients_per_treatment to True[0m
[34m2025-01-08 16:24:40,080 - DEBUG -  ---- log_to_console to True[0m
[34m2025-01-08 16:24:40,081 - DEBUG -  ---- log_to_file to True (default)[0m
[34m2025-01-08 16:24:40,130 - DEBUG - Setting options: CPSubsolver[0m
[34m2025-01-08 16:24:40,130 - DEBUG -  ---- estimated_needed_treatments to True (default)[0m
[34m2025-01-08 16:24:40,130 - DEBUG -  ---- add_patient_symmetry to False (default)[0m
[34m2025-01-08 16:24:40,131 - DEBUG - Setting Subsolver options: SubSolver[0m
[34m2025-01-08 16:24:40,131 - DEBUG -  ---- store_results to True[0m
[34m2025-01-08 16:24:40,131 - DEBUG -  ---- store_results_method to hash[0m
[34m2025-01-08 16:24:40,131 - DEBUG -  ---- enforce_min_patients_per_treatment to True[0m
[34m2025-01-08 16:24:40,131 - DEBUG -  ---- use_day_symmetry to True (default)[0m
[32m2025-01-08 16:24:40,155 - INFO - Create model: LBBDSolver[0m
Set parameter TSPort to value 50039
Set parameter TokenServer to value "license.itc.rwth-aachen.de"
Set parameter Threads to value 1
Set parameter LazyConstraints to value 1
[34m2025-01-08 16:24:40,490 - DEBUG - Variables created.[0m
[34m2025-01-08 16:24:41,601 - DEBUG - Constraint (not too many treatments) created.[0m
[34m2025-01-08 16:24:42,438 - DEBUG - Constraint (no_treatments_outside admittance) created.[0m
[34m2025-01-08 16:24:42,439 - DEBUG - Constraint (bed_usage) created.[0m
[34m2025-01-08 16:24:42,439 - DEBUG - Constraint (must be admitted) created.[0m
[34m2025-01-08 16:24:42,530 - DEBUG - Constraint (e_w_ub) created.[0m
[34m2025-01-08 16:24:42,566 - DEBUG - Constraint (day_ub) created.[0m
[34m2025-01-08 16:24:42,605 - DEBUG - Constraint (Day always) created.[0m
[34m2025-01-08 16:24:42,605 - DEBUG - Constraint (already_admitted) created.[0m
[32m2025-01-08 16:24:44,679 - INFO - Time to create model: 4.523[0m
[32m2025-01-08 16:24:44,679 - INFO - Solving model: LBBDSolver[0m
Gurobi Optimizer version 10.0.0 build v10.0.0rc2 (linux64)

CPU model: Intel(R) Xeon(R) Platinum 8468, instruction set [SSE2|AVX|AVX2|AVX512]
Thread count: 96 physical cores, 96 logical processors, using up to 1 threads

Optimize a model with 173809 rows, 71246 columns and 1292224 nonzeros
Model fingerprint: 0xbf5c5130
Variable types: 3 continuous, 71243 integer (71243 binary)
Coefficient statistics:
  Matrix range     [1e+00, 2e+01]
  Objective range  [1e+00, 1e+01]
  Bounds range     [1e+00, 1e+00]
  RHS range        [1e+00, 5e+03]
Found heuristic solution: objective 4384.0000000
Presolve added 0 rows and 944 columns
Presolve removed 92056 rows and 0 columns
Presolve time: 2.04s
Presolved: 81753 rows, 72190 columns, 866470 nonzeros
Variable types: 1 continuous, 72189 integer (71509 binary)
Found heuristic solution: objective 4163.0000000
Root relaxation presolved: 81712 rows, 72231 columns, 846765 nonzeros


Root simplex log...

Iteration    Objective       Primal Inf.    Dual Inf.      Time
       0   -2.2408840e+03   2.051163e+03   0.000000e+00     17s
    2648    2.9585000e+03   0.000000e+00   0.000000e+00     18s
    2648    2.9585000e+03   0.000000e+00   0.000000e+00     18s

Use crossover to convert LP symmetric solution to basic solution...

Root crossover log...

       0 DPushes remaining with DInf 0.0000000e+00                18s

   15215 PPushes remaining with PInf 0.0000000e+00                18s
       0 PPushes remaining with PInf 0.0000000e+00                18s

  Push phase complete: Pinf 0.0000000e+00, Dinf 1.7675000e+02     18s


Root simplex log...

Iteration    Objective       Primal Inf.    Dual Inf.      Time
   17871    2.9585000e+03   0.000000e+00   1.767500e+02     18s
   17915    2.9585000e+03   0.000000e+00   0.000000e+00     18s
   17915    2.9585000e+03   0.000000e+00   0.000000e+00     18s

Root relaxation: objective 2.958500e+03, 17915 iterations, 0.61 seconds (0.75 work units)
Total elapsed time = 22.23s
Total elapsed time = 25.38s

    Nodes    |    Current Node    |     Objective Bounds      |     Work
 Expl Unexpl |  Obj  Depth IntInf | Incumbent    BestBd   Gap | It/Node Time

     0     0 2958.50000    0   47 4163.00000 2958.50000  28.9%     -   26s
