1.NAME: LBBDSolver
2.PARAMS: {'break_symmetry': True, 'add_constraints_to_symmetrc_days': True, 'subsolver_cls': 'CPSubSolver2'}
3.INSTANCE: /home/wx350715/Kobra/rehabiliation-admission-scheduling/data/comp_study_002/instance_4_5.txt
4.REPETITION: 1
Current directory: /home/wx350715/Kobra/rehabiliation-admission-scheduling
[34m2025-01-08 14:48:35,675 - DEBUG - Solver: <class 'src.solvers.benders.LBBDSolver'>[0m
[34m2025-01-08 14:48:35,675 - DEBUG - Args: {'break_symmetry': True, 'add_constraints_to_symmetrc_days': True, 'subsolver_cls': 'CPSubSolver2'}[0m
[34m2025-01-08 14:48:35,675 - DEBUG - File path /home/wx350715/Kobra/rehabiliation-admission-scheduling/data/comp_study_002/instance_4_5.txt[0m
[34m2025-01-08 14:48:35,675 - DEBUG - ADD INSTANCE DATA[0m
[34m2025-01-08 14:48:35,675 - DEBUG - ADD INSTANCE DATA[0m
[34m2025-01-08 14:48:35,675 - DEBUG - ADD INSTANCE DATA[0m
[34m2025-01-08 14:48:35,675 - DEBUG - ADD INSTANCE DATA[0m
[34m2025-01-08 14:48:35,675 - DEBUG - ADD INSTANCE DATA[0m
[34m2025-01-08 14:48:35,675 - DEBUG - ADD INSTANCE DATA[0m
[34m2025-01-08 14:48:35,675 - DEBUG - ADD INSTANCE DATA[0m
[34m2025-01-08 14:48:35,676 - DEBUG - ADD INSTANCE DATA[0m
[34m2025-01-08 14:48:35,676 - DEBUG - ADD INSTANCE DATA[0m
[34m2025-01-08 14:48:35,676 - DEBUG - ADD INSTANCE DATA[0m
[34m2025-01-08 14:48:35,676 - DEBUG - ADD INSTANCE DATA[0m
[34m2025-01-08 14:48:35,676 - DEBUG - ADD RESOURCE_GROUPS[0m
[34m2025-01-08 14:48:35,676 - DEBUG - ADD RESOURCE_GROUPS[0m
[34m2025-01-08 14:48:35,676 - DEBUG - ADD RESOURCE_GROUPS[0m
[34m2025-01-08 14:48:35,676 - DEBUG - ADD RESOURCE_GROUPS[0m
[34m2025-01-08 14:48:35,676 - DEBUG - ADD RESOURCES[0m
[34m2025-01-08 14:48:35,676 - DEBUG - ADD RESOURCES[0m
[34m2025-01-08 14:48:35,676 - DEBUG - ADD RESOURCES[0m
[34m2025-01-08 14:48:35,676 - DEBUG - ADD RESOURCES[0m
[34m2025-01-08 14:48:35,676 - DEBUG - ADD RESOURCES[0m
[34m2025-01-08 14:48:35,677 - DEBUG - ADD RESOURCES[0m
[34m2025-01-08 14:48:35,677 - DEBUG - ADD RESOURCES[0m
[34m2025-01-08 14:48:35,677 - DEBUG - ADD RESOURCES[0m
[34m2025-01-08 14:48:35,677 - DEBUG - ADD RESOURCES[0m
[34m2025-01-08 14:48:35,677 - DEBUG - ADD RESOURCES[0m
[34m2025-01-08 14:48:35,677 - DEBUG - ADD TREATMENTS[0m
[34m2025-01-08 14:48:35,677 - DEBUG - ADD TREATMENTS[0m
[34m2025-01-08 14:48:35,677 - DEBUG - ADD TREATMENTS[0m
[34m2025-01-08 14:48:35,677 - DEBUG - ADD TREATMENTS[0m
[34m2025-01-08 14:48:35,677 - DEBUG - ADD TREATMENTS[0m
[34m2025-01-08 14:48:35,677 - DEBUG - ADD TREATMENTS[0m
[34m2025-01-08 14:48:35,678 - DEBUG - ADD TREATMENTS[0m
[34m2025-01-08 14:48:35,678 - DEBUG - ADD TREATMENTS[0m
[34m2025-01-08 14:48:35,678 - DEBUG - ADD PATIENTS[0m
[34m2025-01-08 14:48:35,678 - DEBUG - ADD PATIENTS[0m
[34m2025-01-08 14:48:35,678 - DEBUG - ADD PATIENTS[0m
[34m2025-01-08 14:48:35,678 - DEBUG - ADD PATIENTS[0m
[34m2025-01-08 14:48:35,678 - DEBUG - ADD PATIENTS[0m
[34m2025-01-08 14:48:35,678 - DEBUG - ADD PATIENTS[0m
[34m2025-01-08 14:48:35,679 - DEBUG - ADD PATIENTS[0m
[34m2025-01-08 14:48:35,679 - DEBUG - ADD PATIENTS[0m
[34m2025-01-08 14:48:35,679 - DEBUG - ADD PATIENTS[0m
[34m2025-01-08 14:48:35,679 - DEBUG - ADD PATIENTS[0m
[34m2025-01-08 14:48:35,679 - DEBUG - ADD PATIENTS[0m
[34m2025-01-08 14:48:35,679 - DEBUG - ADD PATIENTS[0m
[34m2025-01-08 14:48:35,679 - DEBUG - ADD PATIENTS[0m
[34m2025-01-08 14:48:35,679 - DEBUG - ADD PATIENTS[0m
[34m2025-01-08 14:48:35,679 - DEBUG - ADD PATIENTS[0m
[34m2025-01-08 14:48:35,680 - DEBUG - ADD PATIENTS[0m
[34m2025-01-08 14:48:35,680 - DEBUG - ADD PATIENTS[0m
[34m2025-01-08 14:48:35,680 - DEBUG - ADD PATIENTS[0m
[34m2025-01-08 14:48:35,680 - DEBUG - ADD PATIENTS[0m
[34m2025-01-08 14:48:35,680 - DEBUG - ADD PATIENTS[0m
[34m2025-01-08 14:48:35,680 - DEBUG - ADD PATIENTS[0m
[34m2025-01-08 14:48:35,680 - DEBUG - ADD PATIENTS[0m
[34m2025-01-08 14:48:35,680 - DEBUG - ADD PATIENTS[0m
[34m2025-01-08 14:48:35,680 - DEBUG - ADD PATIENTS[0m
[34m2025-01-08 14:48:35,681 - DEBUG - ADD PATIENTS[0m
[34m2025-01-08 14:48:35,681 - DEBUG - ADD PATIENTS[0m
[34m2025-01-08 14:48:35,682 - DEBUG - ADD PATIENTS[0m
[34m2025-01-08 14:48:35,682 - DEBUG - ADD PATIENTS[0m
[34m2025-01-08 14:48:35,682 - DEBUG - ADD PATIENTS[0m
[34m2025-01-08 14:48:35,682 - DEBUG - ADD PATIENTS[0m
[34m2025-01-08 14:48:35,682 - DEBUG - Instance data:[0m
[34m2025-01-08 14:48:35,682 - DEBUG - Number of patients: 30[0m
[34m2025-01-08 14:48:35,682 - DEBUG - Number of beds: 40[0m
[34m2025-01-08 14:48:35,682 - DEBUG - Average number of treatments per patient: 26.5[0m
[34m2025-01-08 14:48:35,682 - DEBUG - Average number of treatment per stayed day: 2.2910662824207493[0m
[34m2025-01-08 14:48:35,682 - DEBUG - Number of treatments: 795[0m
[34m2025-01-08 14:48:35,682 - DEBUG - Number of resources: 10[0m
[34m2025-01-08 14:48:35,682 - DEBUG - Number of resource groups: 4[0m
[34m2025-01-08 14:48:35,683 - DEBUG - Number of resource hours needed per all treatment by RG(therapists): 22.441666666666695[0m
[34m2025-01-08 14:48:35,683 - DEBUG - Number of resource hours needed per all treatment by RG(rooms): 41.99166666666666[0m
[34m2025-01-08 14:48:35,683 - DEBUG - Number of resource hours needed per all treatment by RG(physiotherapist): 15.5[0m
[34m2025-01-08 14:48:35,683 - DEBUG - Number of resource hours needed per all treatment by RG(sport_room): 6.75[0m
[32m2025-01-08 14:48:35,683 - INFO - {'solver': 'LBBDSolver', 'args': {'break_symmetry': False, 'subsolver_cls': <class 'src.solvers.subsolvers.cp_subsolver.CPSubsolver'>, 'subsolver.store_results': True, 'subsolver.store_results_method': 'hash', 'use_helper_constraints': True, 'enforce_min_treatments_per_day': True, 'enforce_max_treatments_per_e_w': True, 'enforce_min_patients_per_treatment': True, 'log_to_console': True}}[0m
[34m2025-01-08 14:48:35,683 - DEBUG - Setting options: LBBDSolver[0m
[34m2025-01-08 14:48:35,683 - DEBUG -  ---- break_symmetry to False[0m
[34m2025-01-08 14:48:35,683 - DEBUG -  ---- subsolver_cls to <class 'src.solvers.subsolvers.cp_subsolver.CPSubsolver'>[0m
[34m2025-01-08 14:48:35,683 - DEBUG -  ---- use_helper_constraints to True[0m
[34m2025-01-08 14:48:35,683 - DEBUG -  ---- add_constraints_to_symmetric_days to True (default)[0m
[34m2025-01-08 14:48:35,683 - DEBUG - Setting options: Solver[0m
[34m2025-01-08 14:48:35,683 - DEBUG -  ---- number_of_threads to 1 (default)[0m
[34m2025-01-08 14:48:35,683 - DEBUG -  ---- treatment_value to 0 (default)[0m
[34m2025-01-08 14:48:35,683 - DEBUG -  ---- delay_value to 1 (default)[0m
[34m2025-01-08 14:48:35,683 - DEBUG -  ---- missing_treatment_value to 4 (default)[0m
[34m2025-01-08 14:48:35,683 - DEBUG -  ---- enforce_min_treatments_per_day to True[0m
[34m2025-01-08 14:48:35,683 - DEBUG -  ---- enforce_max_treatments_per_e_w to True[0m
[34m2025-01-08 14:48:35,683 - DEBUG -  ---- enforce_min_patients_per_treatment to True[0m
[34m2025-01-08 14:48:35,683 - DEBUG -  ---- log_to_console to True[0m
[34m2025-01-08 14:48:35,683 - DEBUG -  ---- log_to_file to True (default)[0m
[34m2025-01-08 14:48:35,779 - DEBUG - Setting options: CPSubsolver[0m
[34m2025-01-08 14:48:35,780 - DEBUG -  ---- estimated_needed_treatments to True (default)[0m
[34m2025-01-08 14:48:35,780 - DEBUG -  ---- add_patient_symmetry to False (default)[0m
[34m2025-01-08 14:48:35,780 - DEBUG - Setting Subsolver options: SubSolver[0m
[34m2025-01-08 14:48:35,780 - DEBUG -  ---- store_results to True[0m
[34m2025-01-08 14:48:35,780 - DEBUG -  ---- store_results_method to hash[0m
[34m2025-01-08 14:48:35,780 - DEBUG -  ---- enforce_min_patients_per_treatment to True[0m
[34m2025-01-08 14:48:35,780 - DEBUG -  ---- use_day_symmetry to True (default)[0m
[32m2025-01-08 14:48:35,860 - INFO - Create model: LBBDSolver[0m
Set parameter TSPort to value 50039
Set parameter TokenServer to value "license.itc.rwth-aachen.de"
Set parameter Threads to value 1
Set parameter LazyConstraints to value 1
[34m2025-01-08 14:48:36,367 - DEBUG - Variables created.[0m
[34m2025-01-08 14:48:38,112 - DEBUG - Constraint (not too many treatments) created.[0m
[34m2025-01-08 14:48:39,352 - DEBUG - Constraint (no_treatments_outside admittance) created.[0m
[34m2025-01-08 14:48:39,353 - DEBUG - Constraint (bed_usage) created.[0m
[34m2025-01-08 14:48:39,353 - DEBUG - Constraint (must be admitted) created.[0m
[34m2025-01-08 14:48:39,547 - DEBUG - Constraint (e_w_ub) created.[0m
[34m2025-01-08 14:48:39,610 - DEBUG - Constraint (day_ub) created.[0m
[34m2025-01-08 14:48:39,671 - DEBUG - Constraint (Day always) created.[0m
[34m2025-01-08 14:48:39,671 - DEBUG - Constraint (already_admitted) created.[0m
[32m2025-01-08 14:48:42,428 - INFO - Time to create model: 6.568[0m
[32m2025-01-08 14:48:42,428 - INFO - Solving model: LBBDSolver[0m
Gurobi Optimizer version 10.0.0 build v10.0.0rc2 (linux64)

CPU model: Intel(R) Xeon(R) Platinum 8468, instruction set [SSE2|AVX|AVX2|AVX512]
Thread count: 96 physical cores, 96 logical processors, using up to 1 threads

Optimize a model with 286687 rows, 120381 columns and 2306264 nonzeros
Model fingerprint: 0x23acc261
Variable types: 3 continuous, 120378 integer (120378 binary)
Coefficient statistics:
  Matrix range     [1e+00, 5e+01]
  Objective range  [1e+00, 1e+01]
  Bounds range     [1e+00, 1e+00]
  RHS range        [1e+00, 3e+03]
Presolve added 0 rows and 2240 columns
Presolve removed 182801 rows and 0 columns
Presolve time: 3.46s
Presolved: 103886 rows, 122621 columns, 1511618 nonzeros
Variable types: 1 continuous, 122620 integer (121676 binary)
Root relaxation presolved: 103430 rows, 122473 columns, 1430762 nonzeros


Root simplex log...

Iteration    Objective       Primal Inf.    Dual Inf.      Time
       0   -3.9920930e+03   3.771573e+03   0.000000e+00      6s
    6690    6.8400000e+02   0.000000e+00   0.000000e+00      6s
    6690    6.8400000e+02   0.000000e+00   0.000000e+00      6s

Use crossover to convert LP symmetric solution to basic solution...

Root crossover log...

       0 DPushes remaining with DInf 0.0000000e+00                 6s

   24013 PPushes remaining with PInf 0.0000000e+00                 6s
       0 PPushes remaining with PInf 0.0000000e+00                 7s

  Push phase complete: Pinf 0.0000000e+00, Dinf 1.0425856e-10      7s


Root simplex log...

Iteration    Objective       Primal Inf.    Dual Inf.      Time
   30725    6.8400000e+02   0.000000e+00   0.000000e+00      7s
   30725    6.8400000e+02   0.000000e+00   0.000000e+00      7s

Root relaxation: objective 6.840000e+02, 30725 iterations, 1.39 seconds (1.74 work units)

    Nodes    |    Current Node    |     Objective Bounds      |     Work
 Expl Unexpl |  Obj  Depth IntInf | Incumbent    BestBd   Gap | It/Node Time

     0     0  684.00000    0 4161          -  684.00000      -     -   19s
     0     0  684.00000    0 2775          -  684.00000      -     -   53s
     0     0  684.00000    0 2470          -  684.00000      -     -   76s
     0     0  684.00000    0   19          -  684.00000      -     -  115s
[32m2025-01-08 14:55:24,013 - INFO - d_prime: 7 d: 7[0m
[32m2025-01-08 14:55:24,018 - INFO - d_prime: 8 d: 7[0m
[32m2025-01-08 14:55:24,023 - INFO - forbidden_vars: ([{0:1},{0:1},{0:1},{2:1},{2:1},{2:1},{3:1},{3:1},{0:2},{0:2},{1:1,2:1},{1:2},{0:1,4:1,5:1},{0:1,3:1,4:1},{2:1,3:1,7:1},{0:1,2:1,3:1,7:1},{0:1,1:1,3:1,4:1},{0:3,3:1},{1:3,3:1},{2:1,3:2,7:1},{2:1,3:1,4:1,7:1},{2:1,3:1,4:1,7:1},{3:3,4:1},{0:1,3:1,4:1,7:2},{1:1,2:1,3:3}])[0m
[32m2025-01-08 14:55:24,023 - INFO - False[0m
     0     0  684.00000    0   19          -  684.00000      -     -  484s
[32m2025-01-08 15:01:00,227 - INFO - d_prime: 7 d: 7[0m
[32m2025-01-08 15:01:00,232 - INFO - d_prime: 8 d: 7[0m
[32m2025-01-08 15:01:00,238 - INFO - forbidden_vars: ([{0:1},{0:1},{0:1},{2:1},{2:1},{2:1},{3:1},{3:1},{0:2},{0:2},{1:1,2:1},{1:2},{0:1,2:1,7:1},{0:1,4:1,5:1},{0:1,3:1,4:1},{2:1,3:1,7:1},{0:1,1:1,3:1,4:1},{0:3,3:1},{1:3,3:1},{2:1,3:2,7:1},{2:1,3:1,4:1,7:1},{2:1,3:1,4:1,7:1},{3:3,4:1},{0:1,3:1,4:1,7:2},{1:1,2:1,3:3}])[0m
[32m2025-01-08 15:01:00,238 - INFO - False[0m
     0     0  684.00000    0   19          -  684.00000      -     -  737s
[32m2025-01-08 15:04:27,820 - INFO - d_prime: 7 d: 7[0m
[32m2025-01-08 15:04:27,824 - INFO - d_prime: 8 d: 7[0m
[32m2025-01-08 15:04:27,830 - INFO - forbidden_vars: ([{0:1},{0:1},{0:1},{2:1},{2:1},{2:1},{3:1},{3:1},{0:1,5:1},{0:2},{0:2},{1:1,2:1},{1:2},{0:1,3:1,4:1},{2:1,3:1,7:1},{0:1,2:1,3:1,7:1},{0:1,1:1,3:1,4:1},{0:3,3:1},{1:3,3:1},{2:1,3:2,7:1},{2:1,3:1,4:1,7:1},{2:1,3:1,4:1,7:1},{3:3,4:1},{0:1,3:1,4:1,7:2},{1:1,2:1,3:3}])[0m
[32m2025-01-08 15:04:27,831 - INFO - False[0m
     0     0  684.00000    0   19          -  684.00000      -     -  945s
[32m2025-01-08 15:07:44,387 - INFO - d_prime: 7 d: 7[0m
[32m2025-01-08 15:07:44,390 - INFO - d_prime: 8 d: 7[0m
[32m2025-01-08 15:07:44,396 - INFO - forbidden_vars: ([{0:1},{0:1},{0:1},{2:1},{2:1},{2:1},{3:1},{3:1},{0:2},{0:2},{1:1,2:1},{1:2},{2:1,7:1},{0:1,4:1,5:1},{0:1,3:1,4:1},{0:1,2:1,3:1,7:1},{0:1,1:1,3:1,4:1},{0:3,3:1},{1:3,3:1},{2:1,3:2,7:1},{2:1,3:1,4:1,7:1},{2:1,3:1,4:1,7:1},{3:3,4:1},{0:1,3:1,4:1,7:2},{1:1,2:1,3:3}])[0m
[32m2025-01-08 15:07:44,397 - INFO - False[0m
     0     0  684.00000    0   19          -  684.00000      -     - 1141s
[32m2025-01-08 15:15:14,859 - INFO - d_prime: 7 d: 7[0m
[32m2025-01-08 15:15:14,864 - INFO - d_prime: 8 d: 7[0m
[32m2025-01-08 15:15:14,870 - INFO - forbidden_vars: ([{0:1},{0:1},{0:1},{2:1},{2:1},{2:1},{3:1},{3:1},{0:2},{0:2},{1:1,2:1},{1:2},{0:1,4:1,5:1},{0:1,3:1,4:1},{2:1,3:1,7:1},{3:2,4:1},{0:1,2:1,3:1,7:1},{0:1,1:1,3:1,4:1},{0:3,3:1},{1:3,3:1},{2:1,3:2,7:1},{2:1,3:1,4:1,7:1},{2:1,3:1,4:1,7:1},{0:1,3:1,4:1,7:2},{1:1,2:1,3:3}])[0m
[32m2025-01-08 15:15:14,870 - INFO - False[0m
[32m2025-01-08 15:15:14,870 - INFO - Number of cuts added: 5 (bad=0, good=5)[0m
[32m2025-01-08 15:15:14,870 - INFO - Unnecessary comps: (0 / 5)[0m
[32m2025-01-08 15:15:14,871 - INFO - Calls to is_day_infeasible: cp_solver=18/ total=70 stored=52[0m
[32m2025-01-08 15:15:14,871 - INFO - Is feasible: 1475.658123254776 0.9997952365525594[0m
[32m2025-01-08 15:15:14,871 - INFO - Subsolver: Solve Model: 1474.9629085063934/0.9995353839025357[0m
[32m2025-01-08 15:15:14,871 - INFO - Subsolver: Create Model: 0.6856100559234619/0.0004646160974643424[0m
[32m2025-01-08 15:15:14,871 - INFO - Num_constraints-added: 10[0m
     0     0  684.00000    0   19          -  684.00000      -     - 1592s
[32m2025-01-08 15:19:29,030 - INFO - d_prime: 7 d: 7[0m
[32m2025-01-08 15:19:29,036 - INFO - d_prime: 8 d: 7[0m
[32m2025-01-08 15:19:29,042 - INFO - forbidden_vars: ([{0:1},{0:1},{0:1},{1:1},{2:1},{2:1},{2:1},{3:1},{3:1},{0:2},{1:2},{0:1,2:1,5:1},{0:1,3:1,4:1},{0:3},{2:1,3:1,7:1},{0:1,2:1,3:1,7:1},{0:1,1:1,3:1,4:1},{0:3,3:1},{1:3,3:1},{2:1,3:2,7:1},{2:1,3:1,4:1,7:1},{2:1,3:1,4:1,7:1},{3:3,4:1},{0:1,3:1,4:1,7:2},{1:1,2:1,3:3}])[0m
[32m2025-01-08 15:19:29,043 - INFO - False[0m
     0     0  684.00000    0   19          -  684.00000      -     - 1936s
[32m2025-01-08 15:25:49,523 - INFO - d_prime: 7 d: 7[0m
[32m2025-01-08 15:25:49,528 - INFO - d_prime: 8 d: 7[0m
[32m2025-01-08 15:25:49,534 - INFO - forbidden_vars: ([{0:1},{0:1},{2:1},{2:1},{2:1},{3:1},{3:1},{0:2},{1:1,2:1},{0:1,2:1,5:1},{0:1,3:1,4:1},{0:3},{0:1,1:2},{2:1,3:1,7:1},{0:1,2:1,3:1,7:1},{0:1,1:1,3:1,4:1},{0:3,3:1},{1:3,3:1},{2:1,3:2,7:1},{2:1,3:1,4:1,7:1},{2:1,3:1,4:1,7:1},{3:3,4:1},{0:1,3:1,4:1,7:2},{1:1,2:1,3:3}])[0m
[32m2025-01-08 15:25:49,534 - INFO - False[0m
     0     0  684.00000    0   19          -  684.00000      -     - 2292s
[32m2025-01-08 15:32:35,263 - INFO - d_prime: 7 d: 7[0m
[32m2025-01-08 15:32:35,268 - INFO - d_prime: 8 d: 7[0m
[32m2025-01-08 15:32:35,275 - INFO - forbidden_vars: ([{0:1},{0:1},{0:1},{1:1},{2:1},{2:1},{2:1},{3:1},{3:1},{0:2},{0:2},{1:2},{0:1,2:1,5:1},{0:1,3:1,4:1},{2:1,3:1,7:1},{0:1,2:1,3:1,7:1},{0:1,1:1,3:1,4:1},{0:3,3:1},{1:3,3:1},{2:1,3:2,7:1},{2:1,3:1,4:1,7:1},{2:1,3:1,4:1,7:1},{3:3,4:1},{0:1,3:1,4:1,7:2},{1:1,2:1,3:3}])[0m
[32m2025-01-08 15:32:35,275 - INFO - False[0m
     0     0  684.00000    0   19          -  684.00000      -     - 2658s
[32m2025-01-08 15:40:31,470 - INFO - d_prime: 7 d: 7[0m
[32m2025-01-08 15:40:31,488 - INFO - d_prime: 8 d: 7[0m
[32m2025-01-08 15:40:31,495 - INFO - forbidden_vars: ([{0:1},{0:1},{1:1},{2:1},{2:1},{2:1},{3:1},{3:1},{0:2},{0:2},{1:2},{0:1,2:1,5:1},{0:1,3:1,4:1},{2:1,3:1,7:1},{0:1,2:1,3:1,7:1},{0:1,1:1,3:1,4:1},{0:3,3:1},{1:3,3:1},{2:1,3:2,7:1},{2:1,3:1,4:1,7:1},{2:1,3:1,4:1,7:1},{3:3,4:1},{0:1,3:1,4:1,7:2},{1:1,2:1,3:3}])[0m
[32m2025-01-08 15:40:31,501 - INFO - False[0m
     0     0  684.00000    0   19          -  684.00000      -     - 3162s
[32m2025-01-08 15:47:49,041 - INFO - d_prime: 7 d: 7[0m
[32m2025-01-08 15:47:49,046 - INFO - d_prime: 8 d: 7[0m
[32m2025-01-08 15:47:49,052 - INFO - forbidden_vars: ([{0:1},{0:1},{0:1},{1:1},{2:1},{2:1},{2:1},{3:1},{3:1},{0:1,5:1},{0:2},{0:1,3:1,4:1},{0:3},{1:2,2:1},{2:1,3:1,7:1},{0:1,2:1,3:1,7:1},{0:1,1:1,3:1,4:1},{0:3,3:1},{1:3,3:1},{2:1,3:2,7:1},{2:1,3:1,4:1,7:1},{2:1,3:1,4:1,7:1},{3:3,4:1},{0:1,3:1,4:1,7:2},{1:1,2:1,3:3}])[0m
[32m2025-01-08 15:47:49,053 - INFO - False[0m
