1.NAME: LBBDSolver
2.PARAMS: {'break_symmetry': False, 'add_constraints_to_symmetrc_days': False, 'subsolver_cls': 'CPSubSolver'}
3.INSTANCE: /home/wx350715/Kobra/rehabiliation-admission-scheduling/data/comp_study_002/instance_1_15.txt
4.REPETITION: 1
Current directory: /home/wx350715/Kobra/rehabiliation-admission-scheduling
[34m2025-01-08 16:06:03,859 - DEBUG - Solver: <class 'src.solvers.benders.LBBDSolver'>[0m
[34m2025-01-08 16:06:03,859 - DEBUG - Args: {'break_symmetry': False, 'add_constraints_to_symmetrc_days': False, 'subsolver_cls': 'CPSubSolver'}[0m
[34m2025-01-08 16:06:03,859 - DEBUG - File path /home/wx350715/Kobra/rehabiliation-admission-scheduling/data/comp_study_002/instance_1_15.txt[0m
[34m2025-01-08 16:06:03,859 - DEBUG - ADD INSTANCE DATA[0m
[34m2025-01-08 16:06:03,859 - DEBUG - ADD INSTANCE DATA[0m
[34m2025-01-08 16:06:03,860 - DEBUG - ADD INSTANCE DATA[0m
[34m2025-01-08 16:06:03,860 - DEBUG - ADD INSTANCE DATA[0m
[34m2025-01-08 16:06:03,860 - DEBUG - ADD INSTANCE DATA[0m
[34m2025-01-08 16:06:03,860 - DEBUG - ADD INSTANCE DATA[0m
[34m2025-01-08 16:06:03,860 - DEBUG - ADD INSTANCE DATA[0m
[34m2025-01-08 16:06:03,860 - DEBUG - ADD INSTANCE DATA[0m
[34m2025-01-08 16:06:03,860 - DEBUG - ADD INSTANCE DATA[0m
[34m2025-01-08 16:06:03,860 - DEBUG - ADD INSTANCE DATA[0m
[34m2025-01-08 16:06:03,860 - DEBUG - ADD INSTANCE DATA[0m
[34m2025-01-08 16:06:03,860 - DEBUG - ADD RESOURCE_GROUPS[0m
[34m2025-01-08 16:06:03,860 - DEBUG - ADD RESOURCE_GROUPS[0m
[34m2025-01-08 16:06:03,860 - DEBUG - ADD RESOURCE_GROUPS[0m
[34m2025-01-08 16:06:03,860 - DEBUG - ADD RESOURCE_GROUPS[0m
[34m2025-01-08 16:06:03,860 - DEBUG - ADD RESOURCES[0m
[34m2025-01-08 16:06:03,860 - DEBUG - ADD RESOURCES[0m
[34m2025-01-08 16:06:03,861 - DEBUG - ADD RESOURCES[0m
[34m2025-01-08 16:06:03,861 - DEBUG - ADD RESOURCES[0m
[34m2025-01-08 16:06:03,861 - DEBUG - ADD RESOURCES[0m
[34m2025-01-08 16:06:03,861 - DEBUG - ADD RESOURCES[0m
[34m2025-01-08 16:06:03,861 - DEBUG - ADD RESOURCES[0m
[34m2025-01-08 16:06:03,861 - DEBUG - ADD RESOURCES[0m
[34m2025-01-08 16:06:03,861 - DEBUG - ADD RESOURCES[0m
[34m2025-01-08 16:06:03,861 - DEBUG - ADD TREATMENTS[0m
[34m2025-01-08 16:06:03,861 - DEBUG - ADD TREATMENTS[0m
[34m2025-01-08 16:06:03,861 - DEBUG - ADD TREATMENTS[0m
[34m2025-01-08 16:06:03,861 - DEBUG - ADD TREATMENTS[0m
[34m2025-01-08 16:06:03,861 - DEBUG - ADD TREATMENTS[0m
[34m2025-01-08 16:06:03,862 - DEBUG - ADD TREATMENTS[0m
[34m2025-01-08 16:06:03,862 - DEBUG - ADD TREATMENTS[0m
[34m2025-01-08 16:06:03,862 - DEBUG - ADD TREATMENTS[0m
[34m2025-01-08 16:06:03,862 - DEBUG - ADD PATIENTS[0m
[34m2025-01-08 16:06:03,862 - DEBUG - ADD PATIENTS[0m
[34m2025-01-08 16:06:03,862 - DEBUG - ADD PATIENTS[0m
[34m2025-01-08 16:06:03,862 - DEBUG - ADD PATIENTS[0m
[34m2025-01-08 16:06:03,862 - DEBUG - ADD PATIENTS[0m
[34m2025-01-08 16:06:03,862 - DEBUG - ADD PATIENTS[0m
[34m2025-01-08 16:06:03,863 - DEBUG - ADD PATIENTS[0m
[34m2025-01-08 16:06:03,863 - DEBUG - ADD PATIENTS[0m
[34m2025-01-08 16:06:03,863 - DEBUG - ADD PATIENTS[0m
[34m2025-01-08 16:06:03,863 - DEBUG - ADD PATIENTS[0m
[34m2025-01-08 16:06:03,863 - DEBUG - ADD PATIENTS[0m
[34m2025-01-08 16:06:03,863 - DEBUG - ADD PATIENTS[0m
[34m2025-01-08 16:06:03,863 - DEBUG - ADD PATIENTS[0m
[34m2025-01-08 16:06:03,863 - DEBUG - ADD PATIENTS[0m
[34m2025-01-08 16:06:03,863 - DEBUG - ADD PATIENTS[0m
[34m2025-01-08 16:06:03,864 - DEBUG - ADD PATIENTS[0m
[34m2025-01-08 16:06:03,864 - DEBUG - ADD PATIENTS[0m
[34m2025-01-08 16:06:03,864 - DEBUG - ADD PATIENTS[0m
[34m2025-01-08 16:06:03,864 - DEBUG - ADD PATIENTS[0m
[34m2025-01-08 16:06:03,864 - DEBUG - ADD PATIENTS[0m
[34m2025-01-08 16:06:03,864 - DEBUG - ADD PATIENTS[0m
[34m2025-01-08 16:06:03,864 - DEBUG - ADD PATIENTS[0m
[34m2025-01-08 16:06:03,864 - DEBUG - ADD PATIENTS[0m
[34m2025-01-08 16:06:03,864 - DEBUG - ADD PATIENTS[0m
[34m2025-01-08 16:06:03,865 - DEBUG - Instance data:[0m
[34m2025-01-08 16:06:03,867 - DEBUG - Number of patients: 24[0m
[34m2025-01-08 16:06:03,867 - DEBUG - Number of beds: 40[0m
[34m2025-01-08 16:06:03,867 - DEBUG - Average number of treatments per patient: 27.875[0m
[34m2025-01-08 16:06:03,867 - DEBUG - Average number of treatment per stayed day: 1.9970149253731344[0m
[34m2025-01-08 16:06:03,867 - DEBUG - Number of treatments: 669[0m
[34m2025-01-08 16:06:03,867 - DEBUG - Number of resources: 9[0m
[34m2025-01-08 16:06:03,868 - DEBUG - Number of resource groups: 4[0m
[34m2025-01-08 16:06:03,868 - DEBUG - Number of resource hours needed per all treatment by RG(therapists): 22.554166666666664[0m
[34m2025-01-08 16:06:03,868 - DEBUG - Number of resource hours needed per all treatment by RG(rooms): 44.96666666666667[0m
[34m2025-01-08 16:06:03,868 - DEBUG - Number of resource hours needed per all treatment by RG(physiotherapist): 16.5[0m
[34m2025-01-08 16:06:03,868 - DEBUG - Number of resource hours needed per all treatment by RG(sport_room): 12.4375[0m
[32m2025-01-08 16:06:03,868 - INFO - {'solver': 'LBBDSolver', 'args': {'break_symmetry': False, 'subsolver_cls': <class 'src.solvers.subsolvers.cp_subsolver.CPSubsolver'>, 'subsolver.store_results': True, 'subsolver.store_results_method': 'hash', 'use_helper_constraints': True, 'enforce_min_treatments_per_day': True, 'enforce_max_treatments_per_e_w': True, 'enforce_min_patients_per_treatment': True, 'log_to_console': True}}[0m
[34m2025-01-08 16:06:03,868 - DEBUG - Setting options: LBBDSolver[0m
[34m2025-01-08 16:06:03,868 - DEBUG -  ---- break_symmetry to False[0m
[34m2025-01-08 16:06:03,868 - DEBUG -  ---- subsolver_cls to <class 'src.solvers.subsolvers.cp_subsolver.CPSubsolver'>[0m
[34m2025-01-08 16:06:03,868 - DEBUG -  ---- use_helper_constraints to True[0m
[34m2025-01-08 16:06:03,868 - DEBUG -  ---- add_constraints_to_symmetric_days to True (default)[0m
[34m2025-01-08 16:06:03,868 - DEBUG - Setting options: Solver[0m
[34m2025-01-08 16:06:03,868 - DEBUG -  ---- number_of_threads to 1 (default)[0m
[34m2025-01-08 16:06:03,868 - DEBUG -  ---- treatment_value to 0 (default)[0m
[34m2025-01-08 16:06:03,868 - DEBUG -  ---- delay_value to 1 (default)[0m
[34m2025-01-08 16:06:03,868 - DEBUG -  ---- missing_treatment_value to 4 (default)[0m
[34m2025-01-08 16:06:03,868 - DEBUG -  ---- enforce_min_treatments_per_day to True[0m
[34m2025-01-08 16:06:03,868 - DEBUG -  ---- enforce_max_treatments_per_e_w to True[0m
[34m2025-01-08 16:06:03,868 - DEBUG -  ---- enforce_min_patients_per_treatment to True[0m
[34m2025-01-08 16:06:03,868 - DEBUG -  ---- log_to_console to True[0m
[34m2025-01-08 16:06:03,868 - DEBUG -  ---- log_to_file to True (default)[0m
[34m2025-01-08 16:06:03,897 - DEBUG - Setting options: CPSubsolver[0m
[34m2025-01-08 16:06:03,897 - DEBUG -  ---- estimated_needed_treatments to True (default)[0m
[34m2025-01-08 16:06:03,897 - DEBUG -  ---- add_patient_symmetry to False (default)[0m
[34m2025-01-08 16:06:03,897 - DEBUG - Setting Subsolver options: SubSolver[0m
[34m2025-01-08 16:06:03,897 - DEBUG -  ---- store_results to True[0m
[34m2025-01-08 16:06:03,897 - DEBUG -  ---- store_results_method to hash[0m
[34m2025-01-08 16:06:03,898 - DEBUG -  ---- enforce_min_patients_per_treatment to True[0m
[34m2025-01-08 16:06:03,898 - DEBUG -  ---- use_day_symmetry to True (default)[0m
[32m2025-01-08 16:06:03,924 - INFO - Create model: LBBDSolver[0m
Set parameter TSPort to value 50039
Set parameter TokenServer to value "license.itc.rwth-aachen.de"
Set parameter Threads to value 1
Set parameter LazyConstraints to value 1
[34m2025-01-08 16:06:04,377 - DEBUG - Variables created.[0m
[34m2025-01-08 16:06:05,916 - DEBUG - Constraint (not too many treatments) created.[0m
[34m2025-01-08 16:06:07,070 - DEBUG - Constraint (no_treatments_outside admittance) created.[0m
[34m2025-01-08 16:06:07,071 - DEBUG - Constraint (bed_usage) created.[0m
[34m2025-01-08 16:06:07,071 - DEBUG - Constraint (must be admitted) created.[0m
[34m2025-01-08 16:06:07,232 - DEBUG - Constraint (e_w_ub) created.[0m
[34m2025-01-08 16:06:07,285 - DEBUG - Constraint (day_ub) created.[0m
[34m2025-01-08 16:06:07,341 - DEBUG - Constraint (Day always) created.[0m
[34m2025-01-08 16:06:07,341 - DEBUG - Constraint (already_admitted) created.[0m
[32m2025-01-08 16:06:09,506 - INFO - Time to create model: 5.582[0m
[32m2025-01-08 16:06:09,507 - INFO - Solving model: LBBDSolver[0m
Gurobi Optimizer version 10.0.0 build v10.0.0rc2 (linux64)

CPU model: Intel(R) Xeon(R) Platinum 8468, instruction set [SSE2|AVX|AVX2|AVX512]
Thread count: 96 physical cores, 96 logical processors, using up to 1 threads

Optimize a model with 244757 rows, 99967 columns and 2039017 nonzeros
Model fingerprint: 0x2b97da74
Variable types: 3 continuous, 99964 integer (99964 binary)
Coefficient statistics:
  Matrix range     [1e+00, 1e+01]
  Objective range  [1e+00, 1e+01]
  Bounds range     [1e+00, 1e+00]
  RHS range        [1e+00, 3e+03]
Presolve added 0 rows and 1429 columns
Presolve removed 114727 rows and 0 columns
Presolve time: 3.36s
Presolved: 130030 rows, 101396 columns, 1544275 nonzeros
Variable types: 1 continuous, 101395 integer (100363 binary)
Root relaxation presolved: 129915 rows, 101511 columns, 1491204 nonzeros


Root simplex log...

Iteration    Objective       Primal Inf.    Dual Inf.      Time
       0   -4.3867680e+03   2.523620e+03   0.000000e+00      6s
    4332    5.0800000e+02   0.000000e+00   0.000000e+00      6s
    4332    5.0800000e+02   0.000000e+00   0.000000e+00      6s

Use crossover to convert LP symmetric solution to basic solution...

Root crossover log...

       0 DPushes remaining with DInf 0.0000000e+00                 6s

   16687 PPushes remaining with PInf 0.0000000e+00                 6s
       0 PPushes remaining with PInf 0.0000000e+00                 7s

  Push phase complete: Pinf 0.0000000e+00, Dinf 1.9504398e-12      7s


Root simplex log...

Iteration    Objective       Primal Inf.    Dual Inf.      Time
   21026    5.0800000e+02   0.000000e+00   0.000000e+00      7s
   21026    5.0800000e+02   0.000000e+00   0.000000e+00      7s

Root relaxation: objective 5.080000e+02, 21026 iterations, 1.00 seconds (1.15 work units)
Total elapsed time = 14.40s
Total elapsed time = 18.18s
Total elapsed time = 21.60s
Total elapsed time = 25.26s

    Nodes    |    Current Node    |     Objective Bounds      |     Work
 Expl Unexpl |  Obj  Depth IntInf | Incumbent    BestBd   Gap | It/Node Time

     0     0  508.00000    0   55          -  508.00000      -     -   26s
H    0     0                     516.0000000  508.00000  1.55%     -   66s
[32m2025-01-08 16:07:31,653 - INFO - d_prime: 5 d: 5[0m
[32m2025-01-08 16:07:31,656 - INFO - d_prime: 6 d: 5[0m
[32m2025-01-08 16:07:31,658 - INFO - d_prime: 7 d: 5[0m
[32m2025-01-08 16:07:31,659 - INFO - d_prime: 8 d: 5[0m
[32m2025-01-08 16:07:31,661 - INFO - d_prime: 9 d: 5[0m
[32m2025-01-08 16:07:31,662 - INFO - d_prime: 10 d: 5[0m
[32m2025-01-08 16:07:31,664 - INFO - d_prime: 11 d: 5[0m
[32m2025-01-08 16:07:31,666 - INFO - d_prime: 12 d: 5[0m
[32m2025-01-08 16:07:31,667 - INFO - d_prime: 13 d: 5[0m
[32m2025-01-08 16:07:31,668 - INFO - forbidden_vars: ([{4:1},{1:1,7:1},{1:1,6:1},{2:1,4:1},{4:1,6:1},{4:2},{1:1,2:1,6:1},{1:1,2:1,6:1},{2:1,3:2},{3:1,4:1,6:1},{3:3},{4:1,5:1,7:1},{5:1,6:2},{5:2,6:1},{2:1,4:1,5:1,6:1},{3:3,6:1}])[0m
[32m2025-01-08 16:07:31,668 - INFO - False[0m
     0     0  508.00000    0   55  516.00000  508.00000  1.55%     -  108s
[32m2025-01-08 16:08:12,221 - INFO - d_prime: 5 d: 5[0m
[32m2025-01-08 16:08:12,223 - INFO - d_prime: 6 d: 5[0m
[32m2025-01-08 16:08:12,225 - INFO - d_prime: 7 d: 5[0m
[32m2025-01-08 16:08:12,226 - INFO - d_prime: 8 d: 5[0m
[32m2025-01-08 16:08:12,228 - INFO - d_prime: 9 d: 5[0m
[32m2025-01-08 16:08:12,229 - INFO - d_prime: 10 d: 5[0m
[32m2025-01-08 16:08:12,231 - INFO - d_prime: 11 d: 5[0m
[32m2025-01-08 16:08:12,233 - INFO - d_prime: 12 d: 5[0m
[32m2025-01-08 16:08:12,234 - INFO - d_prime: 13 d: 5[0m
[32m2025-01-08 16:08:12,235 - INFO - forbidden_vars: ([{4:1},{1:1,7:1},{2:1,4:1},{4:1,6:1},{4:2},{1:1,2:1,6:1},{1:1,2:1,6:1},{1:1,2:1,6:1},{2:1,4:1,5:1},{3:1,4:1,6:1},{3:1,6:2},{3:3},{4:1,5:1,7:1},{5:1,6:2},{5:2,6:1},{3:3,6:1}])[0m
[32m2025-01-08 16:08:12,235 - INFO - False[0m
     0     0  508.00000    0   55  516.00000  508.00000  1.55%     -  154s
[32m2025-01-08 16:08:59,367 - INFO - d_prime: 5 d: 5[0m
[32m2025-01-08 16:08:59,369 - INFO - d_prime: 6 d: 5[0m
[32m2025-01-08 16:08:59,371 - INFO - d_prime: 7 d: 5[0m
[32m2025-01-08 16:08:59,372 - INFO - d_prime: 8 d: 5[0m
[32m2025-01-08 16:08:59,374 - INFO - d_prime: 9 d: 5[0m
[32m2025-01-08 16:08:59,376 - INFO - d_prime: 10 d: 5[0m
[32m2025-01-08 16:08:59,378 - INFO - d_prime: 11 d: 5[0m
[32m2025-01-08 16:08:59,379 - INFO - d_prime: 12 d: 5[0m
[32m2025-01-08 16:08:59,381 - INFO - d_prime: 13 d: 5[0m
[32m2025-01-08 16:08:59,382 - INFO - forbidden_vars: ([{4:1},{1:1,7:1},{2:1,4:1},{4:2},{1:1,2:1,6:1},{1:1,2:1,6:1},{2:1,4:1,6:1},{3:1,4:1,6:1},{3:2,6:1},{3:3},{4:1,5:1,7:1},{4:1,5:2},{5:1,6:2},{5:2,6:1},{2:1,4:1,5:1,6:1},{3:3,6:1}])[0m
[32m2025-01-08 16:08:59,382 - INFO - False[0m
     0     0  508.00000    0   55  516.00000  508.00000  1.55%     -  212s
[32m2025-01-08 16:10:05,598 - INFO - d_prime: 5 d: 5[0m
[32m2025-01-08 16:10:05,600 - INFO - d_prime: 6 d: 5[0m
[32m2025-01-08 16:10:05,602 - INFO - d_prime: 7 d: 5[0m
[32m2025-01-08 16:10:05,603 - INFO - d_prime: 8 d: 5[0m
[32m2025-01-08 16:10:05,605 - INFO - d_prime: 9 d: 5[0m
[32m2025-01-08 16:10:05,607 - INFO - d_prime: 10 d: 5[0m
[32m2025-01-08 16:10:05,608 - INFO - d_prime: 11 d: 5[0m
[32m2025-01-08 16:10:05,610 - INFO - d_prime: 12 d: 5[0m
[32m2025-01-08 16:10:05,612 - INFO - d_prime: 13 d: 5[0m
[32m2025-01-08 16:10:05,613 - INFO - forbidden_vars: ([{6:1},{1:1,7:1},{2:1,4:1},{3:1,4:1},{4:2},{1:1,2:1,6:1},{1:1,2:1,6:1},{2:1,4:1,6:1},{2:1,4:1,5:1},{3:1,4:1,6:1},{3:2,6:1},{3:3},{4:1,5:1,7:1},{4:1,5:2},{5:1,6:2},{5:2,6:1},{3:3,6:1}])[0m
[32m2025-01-08 16:10:05,613 - INFO - False[0m
[32m2025-01-08 16:10:34,716 - INFO - Number of cuts added: 4 (bad=0, good=4)[0m
[32m2025-01-08 16:10:34,716 - INFO - Unnecessary comps: (0 / 4)[0m
[32m2025-01-08 16:10:34,716 - INFO - Calls to is_day_infeasible: cp_solver=60/ total=70 stored=10[0m
[32m2025-01-08 16:10:34,716 - INFO - Is feasible: 234.74000692367554 0.9989332141780325[0m
[32m2025-01-08 16:10:34,716 - INFO - Subsolver: Solve Model: 233.068528175354/0.9929622170978327[0m
[32m2025-01-08 16:10:34,716 - INFO - Subsolver: Create Model: 1.6519114971160889/0.007037782902167247[0m
[32m2025-01-08 16:10:34,716 - INFO - Num_constraints-added: 36[0m
     0     0  508.00000    0   55  516.00000  508.00000  1.55%     -  265s
[32m2025-01-08 16:11:03,473 - INFO - d_prime: 5 d: 5[0m
[32m2025-01-08 16:11:03,475 - INFO - d_prime: 6 d: 5[0m
[32m2025-01-08 16:11:03,477 - INFO - d_prime: 7 d: 5[0m
[32m2025-01-08 16:11:03,479 - INFO - d_prime: 8 d: 5[0m
[32m2025-01-08 16:11:03,480 - INFO - d_prime: 9 d: 5[0m
[32m2025-01-08 16:11:03,482 - INFO - d_prime: 10 d: 5[0m
[32m2025-01-08 16:11:03,484 - INFO - d_prime: 11 d: 5[0m
[32m2025-01-08 16:11:03,485 - INFO - d_prime: 12 d: 5[0m
[32m2025-01-08 16:11:03,487 - INFO - d_prime: 13 d: 5[0m
[32m2025-01-08 16:11:03,488 - INFO - forbidden_vars: ([{1:1,7:1},{1:1,6:1},{2:1,4:1},{3:1,4:1},{4:2},{1:1,2:1,6:1},{2:1,4:1,6:1},{2:1,3:2},{2:1,4:1,5:1},{3:1,4:1,6:1},{3:2,6:1},{3:1,4:1,6:1},{4:1,5:1,7:1},{5:1,6:2},{5:2,6:1},{3:3,6:1}])[0m
[32m2025-01-08 16:11:03,488 - INFO - False[0m
     0     0  508.00000    0   55  516.00000  508.00000  1.55%     -  322s
     0     0  508.00000    0   81  516.00000  508.00000  1.55%     -  324s
H    0     0                     508.0000000  508.00000  0.00%     -  370s
     0     0  508.00000    0   81  508.00000  508.00000  0.00%     -  370s

Cutting planes:
  Gomory: 4
  Implied bound: 6
  MIR: 5
  Zero half: 5
  RLT: 6
  Lazy constraints: 45

Explored 1 nodes (124684 simplex iterations) in 370.17 seconds (59.41 work units)
Thread count was 1 (of 96 available processors)

Solution count 2: 508 516 

Optimal solution found (tolerance 1.00e-04)
Best objective 5.080000000000e+02, best bound 5.080000000000e+02, gap 0.0000%

User-callback calls 3108, time in user-callback 337.53 sec
[34m2025-01-08 16:12:19,772 - DEBUG - Finished optimization[0m
[34m2025-01-08 16:12:19,772 - DEBUG - Subsolver stats:[0m
[32m2025-01-08 16:12:19,772 - INFO - Number of cuts added: 5 (bad=0, good=5)[0m
[32m2025-01-08 16:12:19,772 - INFO - Unnecessary comps: (0 / 5)[0m
[32m2025-01-08 16:12:19,772 - INFO - Calls to is_day_infeasible: cp_solver=78/ total=98 stored=20[0m
[32m2025-01-08 16:12:19,772 - INFO - Is feasible: 337.16871523857117 0.9990006066920599[0m
[32m2025-01-08 16:12:19,773 - INFO - Subsolver: Solve Model: 334.9337763786316/0.9934520181432873[0m
[32m2025-01-08 16:12:19,773 - INFO - Subsolver: Create Model: 2.2075955867767334/0.006547981856712736[0m
[32m2025-01-08 16:12:19,773 - INFO - Num_constraints-added: 45[0m
[32m2025-01-08 16:12:19,773 - INFO - Optimal solution found.[0m
[34m2025-01-08 16:12:19,773 - DEBUG - Sub Objectives:[0m
[34m2025-01-08 16:12:19,773 - DEBUG - (SOLVER):Minimize Delay: 0.0[0m
[34m2025-01-08 16:12:19,773 - DEBUG - (SOLVER):Minimize Missing Treatments: 508.0[0m
[32m2025-01-08 16:12:19,773 - INFO - All cuts [defaultdict(<class 'dict'>, {P(patient16): {T(bath): 1, T(group_therapy): 1, T(sport): 1}, P(patient19): {T(bath): 1, T(physio): 1}, P(patient27): {T(bath): 1, T(sport): 1}, P(patient32): {T(bath): 1, T(group_therapy): 1, T(sport): 1}, P(patient34): {T(group_therapy): 1, T(knitting): 2}, P(patient35): {T(group_therapy): 1, T(trust_exercise): 1, T(massage): 1, T(sport): 1}, P(patient39): {T(group_therapy): 1, T(trust_exercise): 1}, P(patient18): {T(knitting): 1, T(trust_exercise): 1, T(sport): 1}, P(patient20): {T(knitting): 3}, P(patient33): {T(knitting): 3, T(sport): 1}, P(patient17): {T(trust_exercise): 1, T(massage): 1, T(physio): 1}, P(patient21): {T(trust_exercise): 1, T(sport): 1}, P(patient29): {T(trust_exercise): 1}, P(patient38): {T(trust_exercise): 2}, P(patient26): {T(massage): 1, T(sport): 2}, P(patient28): {T(massage): 2, T(sport): 1}}), defaultdict(<class 'dict'>, {P(patient16): {T(bath): 1, T(group_therapy): 1, T(sport): 1}, P(patient19): {T(bath): 1, T(physio): 1}, P(patient27): {T(bath): 1, T(group_therapy): 1, T(sport): 1}, P(patient32): {T(bath): 1, T(group_therapy): 1, T(sport): 1}, P(patient35): {T(group_therapy): 1, T(trust_exercise): 1, T(massage): 1}, P(patient39): {T(group_therapy): 1, T(trust_exercise): 1}, P(patient18): {T(knitting): 1, T(trust_exercise): 1, T(sport): 1}, P(patient20): {T(knitting): 1, T(sport): 2}, P(patient33): {T(knitting): 3, T(sport): 1}, P(patient34): {T(knitting): 3}, P(patient17): {T(trust_exercise): 1, T(massage): 1, T(physio): 1}, P(patient21): {T(trust_exercise): 1, T(sport): 1}, P(patient29): {T(trust_exercise): 1}, P(patient38): {T(trust_exercise): 2}, P(patient26): {T(massage): 1, T(sport): 2}, P(patient28): {T(massage): 2, T(sport): 1}}), defaultdict(<class 'dict'>, {P(patient16): {T(bath): 1, T(group_therapy): 1, T(sport): 1}, P(patient19): {T(bath): 1, T(physio): 1}, P(patient27): {T(bath): 1, T(group_therapy): 1, T(sport): 1}, P(patient32): {T(group_therapy): 1, T(trust_exercise): 1, T(sport): 1}, P(patient35): {T(group_therapy): 1, T(trust_exercise): 1, T(massage): 1, T(sport): 1}, P(patient39): {T(group_therapy): 1, T(trust_exercise): 1}, P(patient18): {T(knitting): 1, T(trust_exercise): 1, T(sport): 1}, P(patient20): {T(knitting): 2, T(sport): 1}, P(patient33): {T(knitting): 3, T(sport): 1}, P(patient34): {T(knitting): 3}, P(patient17): {T(trust_exercise): 1, T(massage): 1, T(physio): 1}, P(patient21): {T(trust_exercise): 1, T(massage): 2}, P(patient29): {T(trust_exercise): 1}, P(patient38): {T(trust_exercise): 2}, P(patient26): {T(massage): 1, T(sport): 2}, P(patient28): {T(massage): 2, T(sport): 1}}), defaultdict(<class 'dict'>, {P(patient16): {T(bath): 1, T(group_therapy): 1, T(sport): 1}, P(patient19): {T(bath): 1, T(physio): 1}, P(patient27): {T(bath): 1, T(group_therapy): 1, T(sport): 1}, P(patient32): {T(group_therapy): 1, T(trust_exercise): 1, T(sport): 1}, P(patient35): {T(group_therapy): 1, T(trust_exercise): 1, T(massage): 1}, P(patient39): {T(group_therapy): 1, T(trust_exercise): 1}, P(patient18): {T(knitting): 1, T(trust_exercise): 1, T(sport): 1}, P(patient20): {T(knitting): 2, T(sport): 1}, P(patient29): {T(knitting): 1, T(trust_exercise): 1}, P(patient33): {T(knitting): 3, T(sport): 1}, P(patient34): {T(knitting): 3}, P(patient17): {T(trust_exercise): 1, T(massage): 1, T(physio): 1}, P(patient21): {T(trust_exercise): 1, T(massage): 2}, P(patient38): {T(trust_exercise): 2}, P(patient26): {T(massage): 1, T(sport): 2}, P(patient28): {T(massage): 2, T(sport): 1}, P(patient25): {T(sport): 1}}), defaultdict(<class 'dict'>, {P(patient16): {T(bath): 1, T(group_therapy): 1, T(sport): 1}, P(patient19): {T(bath): 1, T(physio): 1}, P(patient27): {T(bath): 1, T(sport): 1}, P(patient32): {T(group_therapy): 1, T(trust_exercise): 1, T(sport): 1}, P(patient34): {T(group_therapy): 1, T(knitting): 2}, P(patient35): {T(group_therapy): 1, T(trust_exercise): 1, T(massage): 1}, P(patient39): {T(group_therapy): 1, T(trust_exercise): 1}, P(patient18): {T(knitting): 1, T(trust_exercise): 1, T(sport): 1}, P(patient20): {T(knitting): 2, T(sport): 1}, P(patient21): {T(knitting): 1, T(trust_exercise): 1, T(sport): 1}, P(patient29): {T(knitting): 1, T(trust_exercise): 1}, P(patient33): {T(knitting): 3, T(sport): 1}, P(patient17): {T(trust_exercise): 1, T(massage): 1, T(physio): 1}, P(patient38): {T(trust_exercise): 2}, P(patient26): {T(massage): 1, T(sport): 2}, P(patient28): {T(massage): 2, T(sport): 1}})][0m
[32m2025-01-08 16:12:19,773 - INFO - All cuts ['([{4:1},{1:1,7:1},{1:1,6:1},{2:1,4:1},{4:1,6:1},{4:2},{1:1,2:1,6:1},{1:1,2:1,6:1},{2:1,3:2},{3:1,4:1,6:1},{3:3},{4:1,5:1,7:1},{5:1,6:2},{5:2,6:1},{2:1,4:1,5:1,6:1},{3:3,6:1}])', '([{4:1},{1:1,7:1},{2:1,4:1},{4:1,6:1},{4:2},{1:1,2:1,6:1},{1:1,2:1,6:1},{1:1,2:1,6:1},{2:1,4:1,5:1},{3:1,4:1,6:1},{3:1,6:2},{3:3},{4:1,5:1,7:1},{5:1,6:2},{5:2,6:1},{3:3,6:1}])', '([{4:1},{1:1,7:1},{2:1,4:1},{4:2},{1:1,2:1,6:1},{1:1,2:1,6:1},{2:1,4:1,6:1},{3:1,4:1,6:1},{3:2,6:1},{3:3},{4:1,5:1,7:1},{4:1,5:2},{5:1,6:2},{5:2,6:1},{2:1,4:1,5:1,6:1},{3:3,6:1}])', '([{6:1},{1:1,7:1},{2:1,4:1},{3:1,4:1},{4:2},{1:1,2:1,6:1},{1:1,2:1,6:1},{2:1,4:1,6:1},{2:1,4:1,5:1},{3:1,4:1,6:1},{3:2,6:1},{3:3},{4:1,5:1,7:1},{4:1,5:2},{5:1,6:2},{5:2,6:1},{3:3,6:1}])', '([{1:1,7:1},{1:1,6:1},{2:1,4:1},{3:1,4:1},{4:2},{1:1,2:1,6:1},{2:1,4:1,6:1},{2:1,3:2},{2:1,4:1,5:1},{3:1,4:1,6:1},{3:2,6:1},{3:1,4:1,6:1},{4:1,5:1,7:1},{5:1,6:2},{5:2,6:1},{3:3,6:1}])'][0m
[34m2025-01-08 16:13:17,905 - DEBUG - Patient 16 is admitted at day 4.[0m
[34m2025-01-08 16:13:17,905 - DEBUG - Patient 17 is admitted at day 5.[0m
[34m2025-01-08 16:13:17,905 - DEBUG - Patient 18 is admitted at day 0.[0m
[34m2025-01-08 16:13:17,905 - DEBUG - Patient 19 is admitted at day 0.[0m
[34m2025-01-08 16:13:17,905 - DEBUG - Patient 20 is admitted at day 3.[0m
[34m2025-01-08 16:13:17,905 - DEBUG - Patient 21 is admitted at day 4.[0m
[34m2025-01-08 16:13:17,905 - DEBUG - Patient 22 is admitted at day 7.[0m
[34m2025-01-08 16:13:17,905 - DEBUG - Patient 23 is admitted at day 7.[0m
[34m2025-01-08 16:13:17,905 - DEBUG - Patient 24 is admitted at day 6.[0m
[34m2025-01-08 16:13:17,906 - DEBUG - Patient 25 is admitted at day 1.[0m
[34m2025-01-08 16:13:17,906 - DEBUG - Patient 26 is admitted at day 5.[0m
[34m2025-01-08 16:13:17,906 - DEBUG - Patient 27 is admitted at day 2.[0m
[34m2025-01-08 16:13:17,906 - DEBUG - Patient 28 is admitted at day 4.[0m
[34m2025-01-08 16:13:17,906 - DEBUG - Patient 29 is admitted at day 1.[0m
[34m2025-01-08 16:13:17,906 - DEBUG - Patient 30 is admitted at day 8.[0m
[34m2025-01-08 16:13:17,906 - DEBUG - Patient 31 is admitted at day 7.[0m
[34m2025-01-08 16:13:17,906 - DEBUG - Patient 32 is admitted at day 5.[0m
[34m2025-01-08 16:13:17,906 - DEBUG - Patient 33 is admitted at day 4.[0m
[34m2025-01-08 16:13:17,906 - DEBUG - Patient 34 is admitted at day 4.[0m
[34m2025-01-08 16:13:17,906 - DEBUG - Patient 35 is admitted at day 3.[0m
[34m2025-01-08 16:13:17,906 - DEBUG - Patient 36 is admitted at day 10.[0m
[34m2025-01-08 16:13:17,906 - DEBUG - Patient 37 is admitted at day 7.[0m
[34m2025-01-08 16:13:17,906 - DEBUG - Patient 38 is admitted at day 1.[0m
[34m2025-01-08 16:13:17,906 - DEBUG - Patient 39 is admitted at day 3.[0m
[34m2025-01-08 16:13:17,906 - DEBUG - Patients [18] have treatment 1 starting at day 0, hour 10.5 using resources [8].[0m
[34m2025-01-08 16:13:17,906 - DEBUG - Patients [18] have treatment 4 starting at day 0, hour 10.0 using resources [4, 6].[0m
[34m2025-01-08 16:13:17,906 - DEBUG - Patients [18, 19] have treatment 7 starting at day 0, hour 8.0 using resources [8, 6, 5].[0m
[34m2025-01-08 16:13:17,906 - DEBUG - Patients [19] have treatment 7 starting at day 0, hour 9.0 using resources [8, 6, 5].[0m
[34m2025-01-08 16:13:17,906 - DEBUG - Patients [19, 25, 38] have treatment 0 starting at day 1, hour 11.25 using resources [1, 2, 8].[0m
[34m2025-01-08 16:13:17,906 - DEBUG - Patients [29] have treatment 4 starting at day 1, hour 11.25 using resources [4, 6].[0m
[34m2025-01-08 16:13:17,906 - DEBUG - Patients [18, 19, 25, 29, 38] have treatment 6 starting at day 1, hour 8.0 using resources [0, 8].[0m
[34m2025-01-08 16:13:17,906 - DEBUG - Patients [19] have treatment 7 starting at day 1, hour 9.25 using resources [8, 6, 5].[0m
[34m2025-01-08 16:13:17,906 - DEBUG - Patients [38] have treatment 7 starting at day 1, hour 10.25 using resources [8, 6, 4].[0m
[34m2025-01-08 16:13:17,906 - DEBUG - Patients [18, 38] have treatment 0 starting at day 2, hour 15.0 using resources [1, 2, 8].[0m
[34m2025-01-08 16:13:17,906 - DEBUG - Patients [25] have treatment 1 starting at day 2, hour 12.0 using resources [6].[0m
[34m2025-01-08 16:13:17,906 - DEBUG - Patients [29, 38] have treatment 3 starting at day 2, hour 8.0 using resources [2, 6].[0m
[34m2025-01-08 16:13:17,906 - DEBUG - Patients [18, 38] have treatment 3 starting at day 2, hour 10.0 using resources [0, 6].[0m
[34m2025-01-08 16:13:17,907 - DEBUG - Patients [19] have treatment 5 starting at day 2, hour 15.0 using resources [5, 6].[0m
[34m2025-01-08 16:13:17,907 - DEBUG - Patients [27] have treatment 5 starting at day 2, hour 15.5 using resources [4, 6].[0m
[34m2025-01-08 16:13:17,907 - DEBUG - Patients [19] have treatment 7 starting at day 2, hour 13.0 using resources [8, 6, 5].[0m
[34m2025-01-08 16:13:17,907 - DEBUG - Patients [27] have treatment 7 starting at day 2, hour 14.0 using resources [8, 6, 4].[0m
[34m2025-01-08 16:13:17,907 - DEBUG - Patients [27] have treatment 1 starting at day 3, hour 8.5 using resources [6].[0m
[34m2025-01-08 16:13:17,907 - DEBUG - Patients [27] have treatment 1 starting at day 3, hour 9.0 using resources [6].[0m
[34m2025-01-08 16:13:17,907 - DEBUG - Patients [20, 39] have treatment 3 starting at day 3, hour 10.0 using resources [3, 7].[0m
[34m2025-01-08 16:13:17,907 - DEBUG - Patients [38, 39] have treatment 3 starting at day 3, hour 14.0 using resources [4, 7].[0m
[34m2025-01-08 16:13:17,907 - DEBUG - Patients [20] have treatment 4 starting at day 3, hour 8.0 using resources [1, 6].[0m
[34m2025-01-08 16:13:17,907 - DEBUG - Patients [35] have treatment 4 starting at day 3, hour 9.5 using resources [2, 6].[0m
[34m2025-01-08 16:13:17,907 - DEBUG - Patients [18, 19, 25, 38, 39] have treatment 6 starting at day 3, hour 8.0 using resources [0, 8].[0m
[34m2025-01-08 16:13:17,907 - DEBUG - Patients [18, 19, 25, 27, 35] have treatment 6 starting at day 3, hour 10.0 using resources [1, 8].[0m
[34m2025-01-08 16:13:17,907 - DEBUG - Patients [29, 39] have treatment 7 starting at day 3, hour 13.0 using resources [8, 6, 5].[0m
[34m2025-01-08 16:13:17,907 - DEBUG - Patients [20, 29] have treatment 7 starting at day 3, hour 14.0 using resources [8, 6, 5].[0m
[34m2025-01-08 16:13:17,907 - DEBUG - Patients [19, 29] have treatment 7 starting at day 3, hour 15.0 using resources [8, 6, 5].[0m
[34m2025-01-08 16:13:17,907 - DEBUG - Patients [16, 20, 34, 35] have treatment 0 starting at day 4, hour 13.0 using resources [1, 2, 7].[0m
[34m2025-01-08 16:13:17,907 - DEBUG - Patients [35] have treatment 1 starting at day 4, hour 10.0 using resources [7].[0m
[34m2025-01-08 16:13:17,907 - DEBUG - Patients [34] have treatment 1 starting at day 4, hour 11.0 using resources [7].[0m
[34m2025-01-08 16:13:17,907 - DEBUG - Patients [27] have treatment 1 starting at day 4, hour 12.0 using resources [7].[0m
[34m2025-01-08 16:13:17,907 - DEBUG - Patients [21, 28, 33, 34, 35] have treatment 2 starting at day 4, hour 13.75 using resources [1, 7].[0m
[34m2025-01-08 16:13:17,907 - DEBUG - Patients [20, 35] have treatment 3 starting at day 4, hour 8.0 using resources [2, 7].[0m
[34m2025-01-08 16:13:17,907 - DEBUG - Patients [33, 39] have treatment 4 starting at day 4, hour 10.5 using resources [0, 7].[0m
[34m2025-01-08 16:13:17,907 - DEBUG - Patients [28, 33] have treatment 4 starting at day 4, hour 11.5 using resources [3, 7].[0m
[34m2025-01-08 16:13:17,907 - DEBUG - Patients [20] have treatment 4 starting at day 4, hour 11.5 using resources [4, 6].[0m
[34m2025-01-08 16:13:17,907 - DEBUG - Patients [28, 39] have treatment 5 starting at day 4, hour 11.0 using resources [5, 6].[0m
[34m2025-01-08 16:13:17,907 - DEBUG - Patients [19, 39] have treatment 5 starting at day 4, hour 11.5 using resources [5, 8].[0m
[34m2025-01-08 16:13:17,907 - DEBUG - Patients [16] have treatment 5 starting at day 4, hour 15.0 using resources [5, 6].[0m
[34m2025-01-08 16:13:17,907 - DEBUG - Patients [16] have treatment 5 starting at day 4, hour 15.5 using resources [4, 6].[0m
[34m2025-01-08 16:13:17,908 - DEBUG - Patients [38, 39] have treatment 7 starting at day 4, hour 8.0 using resources [8, 6, 5].[0m
[34m2025-01-08 16:13:17,908 - DEBUG - Patients [33, 38] have treatment 7 starting at day 4, hour 9.0 using resources [8, 6, 5].[0m
[34m2025-01-08 16:13:17,908 - DEBUG - Patients [21, 29] have treatment 7 starting at day 4, hour 10.0 using resources [8, 6, 5].[0m
[34m2025-01-08 16:13:17,908 - DEBUG - Patients [18, 29] have treatment 7 starting at day 4, hour 13.0 using resources [8, 6, 4].[0m
[34m2025-01-08 16:13:17,908 - DEBUG - Patients [18] have treatment 7 starting at day 4, hour 14.0 using resources [8, 6, 4].[0m
[34m2025-01-08 16:13:17,908 - DEBUG - Patients [35] have treatment 1 starting at day 5, hour 8.0 using resources [8].[0m
[34m2025-01-08 16:13:17,908 - DEBUG - Patients [33] have treatment 1 starting at day 5, hour 12.0 using resources [7].[0m
[34m2025-01-08 16:13:17,908 - DEBUG - Patients [32] have treatment 1 starting at day 5, hour 12.0 using resources [6].[0m
[34m2025-01-08 16:13:17,908 - DEBUG - Patients [20] have treatment 1 starting at day 5, hour 12.0 using resources [8].[0m
[34m2025-01-08 16:13:17,908 - DEBUG - Patients [19] have treatment 1 starting at day 5, hour 12.5 using resources [8].[0m
[34m2025-01-08 16:13:17,908 - DEBUG - Patients [16] have treatment 1 starting at day 5, hour 12.5 using resources [6].[0m
[34m2025-01-08 16:13:17,908 - DEBUG - Patients [16, 27, 32, 35, 39] have treatment 2 starting at day 5, hour 9.0 using resources [3, 8].[0m
[34m2025-01-08 16:13:17,908 - DEBUG - Patients [20, 33, 34] have treatment 3 starting at day 5, hour 8.0 using resources [1, 7].[0m
[34m2025-01-08 16:13:17,908 - DEBUG - Patients [18, 33, 34] have treatment 3 starting at day 5, hour 10.0 using resources [4, 7].[0m
[34m2025-01-08 16:13:17,908 - DEBUG - Patients [25, 34] have treatment 3 starting at day 5, hour 13.0 using resources [4, 6].[0m
[34m2025-01-08 16:13:17,908 - DEBUG - Patients [38, 39] have treatment 4 starting at day 5, hour 8.0 using resources [0, 6].[0m
[34m2025-01-08 16:13:17,908 - DEBUG - Patients [29, 35] have treatment 4 starting at day 5, hour 8.5 using resources [0, 6].[0m
[34m2025-01-08 16:13:17,908 - DEBUG - Patients [17, 21] have treatment 4 starting at day 5, hour 9.0 using resources [0, 6].[0m
[34m2025-01-08 16:13:17,908 - DEBUG - Patients [18] have treatment 4 starting at day 5, hour 15.5 using resources [0, 8].[0m
[34m2025-01-08 16:13:17,908 - DEBUG - Patients [28, 35] have treatment 5 starting at day 5, hour 14.25 using resources [5, 7].[0m
[34m2025-01-08 16:13:17,908 - DEBUG - Patients [26, 28] have treatment 5 starting at day 5, hour 15.5 using resources [4, 6].[0m
[34m2025-01-08 16:13:17,908 - DEBUG - Patients [17] have treatment 5 starting at day 5, hour 15.5 using resources [5, 7].[0m
[34m2025-01-08 16:13:17,908 - DEBUG - Patients [21, 26, 27, 28, 32, 33] have treatment 6 starting at day 5, hour 13.0 using resources [0, 8].[0m
[34m2025-01-08 16:13:17,908 - DEBUG - Patients [16, 18, 20, 26, 27] have treatment 6 starting at day 5, hour 14.25 using resources [0, 8].[0m
[34m2025-01-08 16:13:17,908 - DEBUG - Patients [17] have treatment 7 starting at day 5, hour 10.0 using resources [8, 6, 5].[0m
[34m2025-01-08 16:13:17,908 - DEBUG - Patients [19] have treatment 7 starting at day 5, hour 11.0 using resources [8, 6, 5].[0m
[34m2025-01-08 16:13:17,908 - DEBUG - Patients [19, 38] have treatment 0 starting at day 6, hour 8.5 using resources [3, 4, 6].[0m
[34m2025-01-08 16:13:17,908 - DEBUG - Patients [16] have treatment 1 starting at day 6, hour 11.75 using resources [8].[0m
[34m2025-01-08 16:13:17,908 - DEBUG - Patients [20] have treatment 1 starting at day 6, hour 12.5 using resources [7].[0m
[34m2025-01-08 16:13:17,909 - DEBUG - Patients [16] have treatment 1 starting at day 6, hour 12.5 using resources [6].[0m
[34m2025-01-08 16:13:17,909 - DEBUG - Patients [26] have treatment 1 starting at day 6, hour 12.5 using resources [8].[0m
[34m2025-01-08 16:13:17,909 - DEBUG - Patients [20] have treatment 1 starting at day 6, hour 13.5 using resources [8].[0m
[34m2025-01-08 16:13:17,909 - DEBUG - Patients [21, 26, 32, 33, 38] have treatment 3 starting at day 6, hour 9.25 using resources [4, 7].[0m
[34m2025-01-08 16:13:17,909 - DEBUG - Patients [17, 18, 21, 26, 29, 38] have treatment 3 starting at day 6, hour 13.25 using resources [0, 6].[0m
[34m2025-01-08 16:13:17,909 - DEBUG - Patients [18, 39] have treatment 4 starting at day 6, hour 8.0 using resources [3, 7].[0m
[34m2025-01-08 16:13:17,909 - DEBUG - Patients [17, 21] have treatment 4 starting at day 6, hour 11.25 using resources [4, 7].[0m
[34m2025-01-08 16:13:17,909 - DEBUG - Patients [25, 32] have treatment 4 starting at day 6, hour 11.25 using resources [0, 8].[0m
[34m2025-01-08 16:13:17,909 - DEBUG - Patients [24] have treatment 5 starting at day 6, hour 8.0 using resources [5, 6].[0m
[34m2025-01-08 16:13:17,909 - DEBUG - Patients [20, 33] have treatment 5 starting at day 6, hour 8.5 using resources [5, 7].[0m
[34m2025-01-08 16:13:17,909 - DEBUG - Patients [29, 35] have treatment 5 starting at day 6, hour 11.5 using resources [5, 6].[0m
[34m2025-01-08 16:13:17,909 - DEBUG - Patients [16, 17, 25, 34, 35] have treatment 6 starting at day 6, hour 8.0 using resources [2, 8].[0m
[34m2025-01-08 16:13:17,909 - DEBUG - Patients [19, 24, 27, 34, 39] have treatment 6 starting at day 6, hour 9.25 using resources [1, 8].[0m
[34m2025-01-08 16:13:17,909 - DEBUG - Patients [19, 28] have treatment 7 starting at day 6, hour 14.0 using resources [8, 7, 5].[0m
[34m2025-01-08 16:13:17,909 - DEBUG - Patients [33, 34, 35, 37, 39] have treatment 0 starting at day 7, hour 13.0 using resources [1, 2, 7].[0m
[34m2025-01-08 16:13:17,909 - DEBUG - Patients [23, 24, 28, 33, 39] have treatment 0 starting at day 7, hour 13.75 using resources [1, 3, 7].[0m
[34m2025-01-08 16:13:17,909 - DEBUG - Patients [17, 19, 22, 23, 33] have treatment 0 starting at day 7, hour 14.5 using resources [0, 1, 7].[0m
[34m2025-01-08 16:13:17,909 - DEBUG - Patients [16, 23] have treatment 0 starting at day 7, hour 15.25 using resources [0, 1, 7].[0m
[34m2025-01-08 16:13:17,909 - DEBUG - Patients [32] have treatment 1 starting at day 7, hour 8.5 using resources [7].[0m
[34m2025-01-08 16:13:17,909 - DEBUG - Patients [31] have treatment 1 starting at day 7, hour 9.0 using resources [7].[0m
[34m2025-01-08 16:13:17,909 - DEBUG - Patients [26] have treatment 1 starting at day 7, hour 9.5 using resources [7].[0m
[34m2025-01-08 16:13:17,909 - DEBUG - Patients [26] have treatment 1 starting at day 7, hour 10.0 using resources [7].[0m
[34m2025-01-08 16:13:17,909 - DEBUG - Patients [26] have treatment 1 starting at day 7, hour 12.0 using resources [6].[0m
[34m2025-01-08 16:13:17,909 - DEBUG - Patients [16, 19, 37] have treatment 3 starting at day 7, hour 9.0 using resources [2, 6].[0m
[34m2025-01-08 16:13:17,909 - DEBUG - Patients [31, 33] have treatment 4 starting at day 7, hour 8.0 using resources [0, 6].[0m
[34m2025-01-08 16:13:17,909 - DEBUG - Patients [22, 23] have treatment 4 starting at day 7, hour 8.0 using resources [2, 8].[0m
[34m2025-01-08 16:13:17,909 - DEBUG - Patients [20, 22] have treatment 4 starting at day 7, hour 14.0 using resources [0, 6].[0m
[34m2025-01-08 16:13:17,909 - DEBUG - Patients [32, 38] have treatment 5 starting at day 7, hour 8.0 using resources [5, 7].[0m
[34m2025-01-08 16:13:17,910 - DEBUG - Patients [24, 31] have treatment 5 starting at day 7, hour 8.5 using resources [5, 6].[0m
[34m2025-01-08 16:13:17,910 - DEBUG - Patients [18, 21] have treatment 5 starting at day 7, hour 14.5 using resources [4, 6].[0m
[34m2025-01-08 16:13:17,910 - DEBUG - Patients [17] have treatment 5 starting at day 7, hour 15.25 using resources [4, 6].[0m
[34m2025-01-08 16:13:17,910 - DEBUG - Patients [29, 35] have treatment 7 starting at day 7, hour 11.0 using resources [8, 6, 5].[0m
[34m2025-01-08 16:13:17,910 - DEBUG - Patients [16, 27] have treatment 7 starting at day 7, hour 13.0 using resources [8, 6, 5].[0m
[34m2025-01-08 16:13:17,910 - DEBUG - Patients [28, 30, 34, 35, 39] have treatment 0 starting at day 8, hour 9.0 using resources [1, 2, 8].[0m
[34m2025-01-08 16:13:17,910 - DEBUG - Patients [22, 27, 39] have treatment 0 starting at day 8, hour 10.25 using resources [2, 3, 7].[0m
[34m2025-01-08 16:13:17,910 - DEBUG - Patients [20, 23, 28, 33] have treatment 0 starting at day 8, hour 11.0 using resources [1, 2, 7].[0m
[34m2025-01-08 16:13:17,910 - DEBUG - Patients [38] have treatment 1 starting at day 8, hour 9.0 using resources [7].[0m
[34m2025-01-08 16:13:17,910 - DEBUG - Patients [18] have treatment 1 starting at day 8, hour 9.5 using resources [7].[0m
[34m2025-01-08 16:13:17,910 - DEBUG - Patients [22] have treatment 1 starting at day 8, hour 9.75 using resources [8].[0m
[34m2025-01-08 16:13:17,910 - DEBUG - Patients [33] have treatment 1 starting at day 8, hour 11.75 using resources [7].[0m
[34m2025-01-08 16:13:17,910 - DEBUG - Patients [33] have treatment 1 starting at day 8, hour 12.25 using resources [8].[0m
[34m2025-01-08 16:13:17,910 - DEBUG - Patients [22] have treatment 1 starting at day 8, hour 12.25 using resources [6].[0m
[34m2025-01-08 16:13:17,910 - DEBUG - Patients [37] have treatment 1 starting at day 8, hour 12.25 using resources [7].[0m
[34m2025-01-08 16:13:17,910 - DEBUG - Patients [26, 27, 31, 34, 39] have treatment 2 starting at day 8, hour 8.0 using resources [1, 7].[0m
[34m2025-01-08 16:13:17,910 - DEBUG - Patients [17, 21, 23, 24, 26, 31] have treatment 2 starting at day 8, hour 9.5 using resources [0, 6].[0m
[34m2025-01-08 16:13:17,910 - DEBUG - Patients [16, 21, 23, 25, 26] have treatment 2 starting at day 8, hour 10.25 using resources [0, 6].[0m
[34m2025-01-08 16:13:17,910 - DEBUG - Patients [19, 20, 23, 39] have treatment 3 starting at day 8, hour 14.0 using resources [0, 7].[0m
[34m2025-01-08 16:13:17,910 - DEBUG - Patients [38] have treatment 4 starting at day 8, hour 8.0 using resources [0, 6].[0m
[34m2025-01-08 16:13:17,910 - DEBUG - Patients [30, 38] have treatment 4 starting at day 8, hour 8.5 using resources [0, 6].[0m
[34m2025-01-08 16:13:17,910 - DEBUG - Patients [19, 29] have treatment 4 starting at day 8, hour 9.0 using resources [0, 6].[0m
[34m2025-01-08 16:13:17,910 - DEBUG - Patients [17, 28] have treatment 4 starting at day 8, hour 10.5 using resources [4, 8].[0m
[34m2025-01-08 16:13:17,910 - DEBUG - Patients [25, 32] have treatment 4 starting at day 8, hour 13.5 using resources [0, 6].[0m
[34m2025-01-08 16:13:17,910 - DEBUG - Patients [20, 32] have treatment 5 starting at day 8, hour 8.0 using resources [5, 8].[0m
[34m2025-01-08 16:13:17,910 - DEBUG - Patients [29, 30] have treatment 5 starting at day 8, hour 13.0 using resources [4, 6].[0m
[34m2025-01-08 16:13:17,910 - DEBUG - Patients [24] have treatment 5 starting at day 8, hour 15.0 using resources [5, 6].[0m
[34m2025-01-08 16:13:17,910 - DEBUG - Patients [18, 35] have treatment 5 starting at day 8, hour 15.5 using resources [4, 6].[0m
[34m2025-01-08 16:13:17,910 - DEBUG - Patients [19, 32] have treatment 7 starting at day 8, hour 11.0 using resources [8, 6, 5].[0m
[34m2025-01-08 16:13:17,910 - DEBUG - Patients [37] have treatment 7 starting at day 8, hour 13.0 using resources [8, 7, 5].[0m
[34m2025-01-08 16:13:17,911 - DEBUG - Patients [31] have treatment 7 starting at day 8, hour 14.0 using resources [8, 6, 4].[0m
[34m2025-01-08 16:13:17,911 - DEBUG - Patients [34, 35, 37, 38, 39] have treatment 0 starting at day 9, hour 10.75 using resources [1, 2, 7].[0m
[34m2025-01-08 16:13:17,911 - DEBUG - Patients [23, 29, 33] have treatment 0 starting at day 9, hour 13.75 using resources [1, 2, 7].[0m
[34m2025-01-08 16:13:17,911 - DEBUG - Patients [23, 29] have treatment 0 starting at day 9, hour 14.5 using resources [1, 2, 7].[0m
[34m2025-01-08 16:13:17,911 - DEBUG - Patients [28] have treatment 1 starting at day 9, hour 8.0 using resources [7].[0m
[34m2025-01-08 16:13:17,911 - DEBUG - Patients [28] have treatment 1 starting at day 9, hour 8.5 using resources [7].[0m
[34m2025-01-08 16:13:17,911 - DEBUG - Patients [28] have treatment 1 starting at day 9, hour 9.0 using resources [7].[0m
[34m2025-01-08 16:13:17,911 - DEBUG - Patients [23] have treatment 1 starting at day 9, hour 9.5 using resources [7].[0m
[34m2025-01-08 16:13:17,911 - DEBUG - Patients [19] have treatment 1 starting at day 9, hour 11.75 using resources [6].[0m
[34m2025-01-08 16:13:17,911 - DEBUG - Patients [20, 30, 32, 33, 39] have treatment 2 starting at day 9, hour 10.0 using resources [0, 7].[0m
[34m2025-01-08 16:13:17,911 - DEBUG - Patients [18, 20, 30, 33, 39] have treatment 2 starting at day 9, hour 13.0 using resources [3, 7].[0m
[34m2025-01-08 16:13:17,911 - DEBUG - Patients [18, 20, 22, 27, 39] have treatment 2 starting at day 9, hour 15.25 using resources [0, 7].[0m
[34m2025-01-08 16:13:17,911 - DEBUG - Patients [22, 31, 33] have treatment 3 starting at day 9, hour 8.0 using resources [2, 8].[0m
[34m2025-01-08 16:13:17,911 - DEBUG - Patients [16, 31] have treatment 3 starting at day 9, hour 13.0 using resources [0, 6].[0m
[34m2025-01-08 16:13:17,911 - DEBUG - Patients [37, 38] have treatment 4 starting at day 9, hour 8.0 using resources [0, 6].[0m
[34m2025-01-08 16:13:17,911 - DEBUG - Patients [30, 38] have treatment 4 starting at day 9, hour 8.5 using resources [0, 6].[0m
[34m2025-01-08 16:13:17,911 - DEBUG - Patients [26, 29] have treatment 4 starting at day 9, hour 9.0 using resources [0, 6].[0m
[34m2025-01-08 16:13:17,911 - DEBUG - Patients [22, 25] have treatment 4 starting at day 9, hour 10.75 using resources [0, 6].[0m
[34m2025-01-08 16:13:17,911 - DEBUG - Patients [16, 21] have treatment 4 starting at day 9, hour 11.25 using resources [0, 6].[0m
[34m2025-01-08 16:13:17,911 - DEBUG - Patients [17, 35] have treatment 5 starting at day 9, hour 9.5 using resources [5, 6].[0m
[34m2025-01-08 16:13:17,911 - DEBUG - Patients [16] have treatment 5 starting at day 9, hour 10.0 using resources [5, 6].[0m
[34m2025-01-08 16:13:17,911 - DEBUG - Patients [27, 33, 34, 37, 39] have treatment 0 starting at day 10, hour 8.75 using resources [1, 2, 8].[0m
[34m2025-01-08 16:13:17,911 - DEBUG - Patients [17, 21, 23, 27, 33] have treatment 0 starting at day 10, hour 13.5 using resources [1, 2, 7].[0m
[34m2025-01-08 16:13:17,911 - DEBUG - Patients [16, 23] have treatment 0 starting at day 10, hour 14.25 using resources [1, 2, 7].[0m
[34m2025-01-08 16:13:17,911 - DEBUG - Patients [32] have treatment 1 starting at day 10, hour 9.5 using resources [8].[0m
[34m2025-01-08 16:13:17,911 - DEBUG - Patients [36] have treatment 1 starting at day 10, hour 9.5 using resources [7].[0m
[34m2025-01-08 16:13:17,911 - DEBUG - Patients [28] have treatment 1 starting at day 10, hour 10.0 using resources [7].[0m
[34m2025-01-08 16:13:17,911 - DEBUG - Patients [22] have treatment 1 starting at day 10, hour 10.5 using resources [7].[0m
[34m2025-01-08 16:13:17,911 - DEBUG - Patients [22] have treatment 1 starting at day 10, hour 11.0 using resources [7].[0m
[34m2025-01-08 16:13:17,912 - DEBUG - Patients [22] have treatment 1 starting at day 10, hour 11.5 using resources [7].[0m
[34m2025-01-08 16:13:17,912 - DEBUG - Patients [27] have treatment 1 starting at day 10, hour 12.0 using resources [7].[0m
[34m2025-01-08 16:13:17,912 - DEBUG - Patients [19, 21, 30, 31, 34] have treatment 2 starting at day 10, hour 14.25 using resources [0, 6].[0m
[34m2025-01-08 16:13:17,912 - DEBUG - Patients [16, 18, 26, 30] have treatment 3 starting at day 10, hour 9.5 using resources [1, 6].[0m
[34m2025-01-08 16:13:17,912 - DEBUG - Patients [36, 38] have treatment 4 starting at day 10, hour 8.0 using resources [2, 8].[0m
[34m2025-01-08 16:13:17,912 - DEBUG - Patients [26] have treatment 4 starting at day 10, hour 8.0 using resources [1, 7].[0m
[34m2025-01-08 16:13:17,912 - DEBUG - Patients [25, 35] have treatment 4 starting at day 10, hour 8.0 using resources [0, 6].[0m
[34m2025-01-08 16:13:17,912 - DEBUG - Patients [24, 35] have treatment 4 starting at day 10, hour 8.5 using resources [0, 6].[0m
[34m2025-01-08 16:13:17,912 - DEBUG - Patients [18, 35] have treatment 4 starting at day 10, hour 9.0 using resources [0, 6].[0m
[34m2025-01-08 16:13:17,912 - DEBUG - Patients [17, 20] have treatment 4 starting at day 10, hour 15.0 using resources [0, 6].[0m
[34m2025-01-08 16:13:17,912 - DEBUG - Patients [16, 17] have treatment 4 starting at day 10, hour 15.5 using resources [0, 6].[0m
[34m2025-01-08 16:13:17,912 - DEBUG - Patients [38, 39] have treatment 5 starting at day 10, hour 11.5 using resources [5, 6].[0m
[34m2025-01-08 16:13:17,912 - DEBUG - Patients [30, 33] have treatment 5 starting at day 10, hour 13.0 using resources [5, 6].[0m
[34m2025-01-08 16:13:17,912 - DEBUG - Patients [19, 26] have treatment 5 starting at day 10, hour 13.5 using resources [4, 6].[0m
[34m2025-01-08 16:13:17,912 - DEBUG - Patients [29, 31, 32, 34, 38] have treatment 6 starting at day 10, hour 10.0 using resources [0, 8].[0m
[34m2025-01-08 16:13:17,912 - DEBUG - Patients [18, 20, 28, 31, 32] have treatment 6 starting at day 10, hour 13.0 using resources [0, 8].[0m
[34m2025-01-08 16:13:17,912 - DEBUG - Patients [32] have treatment 1 starting at day 11, hour 8.5 using resources [8].[0m
[34m2025-01-08 16:13:17,912 - DEBUG - Patients [36] have treatment 1 starting at day 11, hour 9.0 using resources [8].[0m
[34m2025-01-08 16:13:17,912 - DEBUG - Patients [36] have treatment 1 starting at day 11, hour 10.0 using resources [7].[0m
[34m2025-01-08 16:13:17,912 - DEBUG - Patients [32] have treatment 1 starting at day 11, hour 10.5 using resources [7].[0m
[34m2025-01-08 16:13:17,912 - DEBUG - Patients [30] have treatment 1 starting at day 11, hour 11.0 using resources [7].[0m
[34m2025-01-08 16:13:17,912 - DEBUG - Patients [23] have treatment 1 starting at day 11, hour 12.0 using resources [8].[0m
[34m2025-01-08 16:13:17,912 - DEBUG - Patients [22] have treatment 1 starting at day 11, hour 12.0 using resources [7].[0m
[34m2025-01-08 16:13:17,912 - DEBUG - Patients [19] have treatment 1 starting at day 11, hour 12.0 using resources [6].[0m
[34m2025-01-08 16:13:17,912 - DEBUG - Patients [18] have treatment 1 starting at day 11, hour 12.5 using resources [7].[0m
[34m2025-01-08 16:13:17,912 - DEBUG - Patients [29, 31, 33, 34, 39] have treatment 3 starting at day 11, hour 8.0 using resources [4, 7].[0m
[34m2025-01-08 16:13:17,912 - DEBUG - Patients [17, 24, 35, 39] have treatment 3 starting at day 11, hour 10.0 using resources [0, 8].[0m
[34m2025-01-08 16:13:17,912 - DEBUG - Patients [16, 17, 20] have treatment 3 starting at day 11, hour 13.0 using resources [0, 6].[0m
[34m2025-01-08 16:13:17,912 - DEBUG - Patients [26, 38] have treatment 4 starting at day 11, hour 8.0 using resources [0, 8].[0m
[34m2025-01-08 16:13:17,912 - DEBUG - Patients [25, 26] have treatment 4 starting at day 11, hour 8.5 using resources [0, 6].[0m
[34m2025-01-08 16:13:17,913 - DEBUG - Patients [21, 24] have treatment 4 starting at day 11, hour 9.0 using resources [0, 6].[0m
[34m2025-01-08 16:13:17,913 - DEBUG - Patients [16] have treatment 4 starting at day 11, hour 9.5 using resources [0, 6].[0m
[34m2025-01-08 16:13:17,913 - DEBUG - Patients [35, 37] have treatment 5 starting at day 11, hour 8.0 using resources [5, 6].[0m
[34m2025-01-08 16:13:17,913 - DEBUG - Patients [28, 33] have treatment 5 starting at day 11, hour 10.5 using resources [5, 6].[0m
[34m2025-01-08 16:13:17,913 - DEBUG - Patients [26, 27] have treatment 5 starting at day 11, hour 11.0 using resources [5, 6].[0m
[34m2025-01-08 16:13:17,913 - DEBUG - Patients [20, 27] have treatment 5 starting at day 11, hour 11.5 using resources [4, 6].[0m
[34m2025-01-08 16:13:17,913 - DEBUG - Patients [19, 20] have treatment 5 starting at day 11, hour 15.0 using resources [4, 6].[0m
[34m2025-01-08 16:13:17,913 - DEBUG - Patients [17, 18] have treatment 5 starting at day 11, hour 15.5 using resources [4, 6].[0m
[34m2025-01-08 16:13:17,913 - DEBUG - Patients [28, 31, 33] have treatment 0 starting at day 12, hour 8.5 using resources [1, 2, 7].[0m
[34m2025-01-08 16:13:17,913 - DEBUG - Patients [35] have treatment 1 starting at day 12, hour 8.0 using resources [7].[0m
[34m2025-01-08 16:13:17,913 - DEBUG - Patients [31] have treatment 1 starting at day 12, hour 9.5 using resources [6].[0m
[34m2025-01-08 16:13:17,913 - DEBUG - Patients [35] have treatment 1 starting at day 12, hour 12.0 using resources [6].[0m
[34m2025-01-08 16:13:17,913 - DEBUG - Patients [23] have treatment 1 starting at day 12, hour 12.5 using resources [7].[0m
[34m2025-01-08 16:13:17,913 - DEBUG - Patients [26] have treatment 1 starting at day 12, hour 12.5 using resources [8].[0m
[34m2025-01-08 16:13:17,913 - DEBUG - Patients [35] have treatment 1 starting at day 12, hour 15.0 using resources [6].[0m
[34m2025-01-08 16:13:17,913 - DEBUG - Patients [37] have treatment 1 starting at day 12, hour 15.5 using resources [6].[0m
[34m2025-01-08 16:13:17,913 - DEBUG - Patients [21, 22, 23, 33, 34] have treatment 3 starting at day 12, hour 13.0 using resources [3, 7].[0m
[34m2025-01-08 16:13:17,913 - DEBUG - Patients [32] have treatment 4 starting at day 12, hour 8.0 using resources [1, 6].[0m
[34m2025-01-08 16:13:17,913 - DEBUG - Patients [18, 32] have treatment 4 starting at day 12, hour 9.5 using resources [0, 7].[0m
[34m2025-01-08 16:13:17,913 - DEBUG - Patients [19, 20] have treatment 4 starting at day 12, hour 10.0 using resources [1, 6].[0m
[34m2025-01-08 16:13:17,913 - DEBUG - Patients [19, 23] have treatment 4 starting at day 12, hour 10.5 using resources [0, 7].[0m
[34m2025-01-08 16:13:17,913 - DEBUG - Patients [16, 24] have treatment 5 starting at day 12, hour 8.5 using resources [5, 6].[0m
[34m2025-01-08 16:13:17,913 - DEBUG - Patients [24, 36] have treatment 5 starting at day 12, hour 10.0 using resources [5, 7].[0m
[34m2025-01-08 16:13:17,913 - DEBUG - Patients [20] have treatment 5 starting at day 12, hour 10.5 using resources [5, 6].[0m
[34m2025-01-08 16:13:17,913 - DEBUG - Patients [28, 33] have treatment 5 starting at day 12, hour 11.0 using resources [4, 7].[0m
[34m2025-01-08 16:13:17,913 - DEBUG - Patients [33, 35] have treatment 5 starting at day 12, hour 11.5 using resources [5, 7].[0m
[34m2025-01-08 16:13:17,913 - DEBUG - Patients [22, 39] have treatment 5 starting at day 12, hour 11.5 using resources [4, 6].[0m
[34m2025-01-08 16:13:17,913 - DEBUG - Patients [17, 21, 22, 26, 29, 30, 36, 38] have treatment 6 starting at day 12, hour 8.0 using resources [0, 8].[0m
[34m2025-01-08 16:13:17,913 - DEBUG - Patients [16, 17, 27, 30, 37] have treatment 6 starting at day 12, hour 9.5 using resources [4, 8].[0m
[34m2025-01-08 16:13:17,913 - DEBUG - Patients [16, 21, 26, 29, 30, 31, 34, 38] have treatment 6 starting at day 12, hour 10.75 using resources [3, 8].[0m
[34m2025-01-08 16:13:17,914 - DEBUG - Patients [27, 39] have treatment 7 starting at day 12, hour 13.0 using resources [8, 6, 5].[0m
[34m2025-01-08 16:13:17,914 - DEBUG - Patients [19, 27] have treatment 7 starting at day 12, hour 14.0 using resources [8, 6, 5].[0m
[34m2025-01-08 16:13:17,914 - DEBUG - Patients [23, 34] have treatment 7 starting at day 12, hour 15.0 using resources [8, 7, 4].[0m
[34m2025-01-08 16:13:17,914 - DEBUG - Patients [31, 35] have treatment 0 starting at day 13, hour 13.0 using resources [0, 1, 6].[0m
[34m2025-01-08 16:13:17,914 - DEBUG - Patients [18] have treatment 1 starting at day 13, hour 8.5 using resources [7].[0m
[34m2025-01-08 16:13:17,914 - DEBUG - Patients [17] have treatment 1 starting at day 13, hour 9.25 using resources [8].[0m
[34m2025-01-08 16:13:17,914 - DEBUG - Patients [23] have treatment 1 starting at day 13, hour 11.25 using resources [6].[0m
[34m2025-01-08 16:13:17,914 - DEBUG - Patients [19] have treatment 1 starting at day 13, hour 11.5 using resources [7].[0m
[34m2025-01-08 16:13:17,914 - DEBUG - Patients [39] have treatment 1 starting at day 13, hour 11.75 using resources [6].[0m
[34m2025-01-08 16:13:17,914 - DEBUG - Patients [19] have treatment 1 starting at day 13, hour 12.0 using resources [7].[0m
[34m2025-01-08 16:13:17,914 - DEBUG - Patients [28] have treatment 1 starting at day 13, hour 12.0 using resources [8].[0m
[34m2025-01-08 16:13:17,914 - DEBUG - Patients [36] have treatment 1 starting at day 13, hour 12.25 using resources [6].[0m
[34m2025-01-08 16:13:17,914 - DEBUG - Patients [20] have treatment 1 starting at day 13, hour 12.5 using resources [7].[0m
[34m2025-01-08 16:13:17,914 - DEBUG - Patients [30] have treatment 1 starting at day 13, hour 12.5 using resources [8].[0m
[34m2025-01-08 16:13:17,914 - DEBUG - Patients [38] have treatment 1 starting at day 13, hour 14.25 using resources [6].[0m
[34m2025-01-08 16:13:17,914 - DEBUG - Patients [23] have treatment 1 starting at day 13, hour 14.75 using resources [6].[0m
[34m2025-01-08 16:13:17,914 - DEBUG - Patients [22, 26, 31, 32, 33, 34, 36, 39] have treatment 2 starting at day 13, hour 10.0 using resources [2, 6].[0m
[34m2025-01-08 16:13:17,914 - DEBUG - Patients [16, 22, 26, 30, 33, 34] have treatment 2 starting at day 13, hour 11.25 using resources [0, 8].[0m
[34m2025-01-08 16:13:17,914 - DEBUG - Patients [18, 23, 24, 27, 28, 31, 32, 33, 34] have treatment 2 starting at day 13, hour 15.25 using resources [1, 6].[0m
[34m2025-01-08 16:13:17,914 - DEBUG - Patients [16, 21] have treatment 4 starting at day 13, hour 8.0 using resources [3, 8].[0m
[34m2025-01-08 16:13:17,914 - DEBUG - Patients [32, 38] have treatment 4 starting at day 13, hour 8.5 using resources [1, 6].[0m
[34m2025-01-08 16:13:17,914 - DEBUG - Patients [20, 23] have treatment 4 starting at day 13, hour 8.5 using resources [4, 8].[0m
[34m2025-01-08 16:13:17,914 - DEBUG - Patients [29] have treatment 4 starting at day 13, hour 9.5 using resources [2, 6].[0m
[34m2025-01-08 16:13:17,914 - DEBUG - Patients [26, 30] have treatment 4 starting at day 13, hour 9.5 using resources [1, 7].[0m
[34m2025-01-08 16:13:17,914 - DEBUG - Patients [19, 39] have treatment 5 starting at day 13, hour 8.0 using resources [4, 7].[0m
[34m2025-01-08 16:13:17,914 - DEBUG - Patients [24, 35] have treatment 5 starting at day 13, hour 8.0 using resources [5, 6].[0m
[34m2025-01-08 16:13:17,914 - DEBUG - Patients [37] have treatment 5 starting at day 13, hour 9.0 using resources [4, 7].[0m
[34m2025-01-08 16:13:17,914 - DEBUG - Patients [22, 35] have treatment 5 starting at day 13, hour 9.0 using resources [5, 6].[0m
[34m2025-01-08 16:13:17,914 - DEBUG - Patients [20, 35] have treatment 5 starting at day 13, hour 10.0 using resources [4, 7].[0m
[34m2025-01-08 16:13:17,914 - DEBUG - Patients [18, 21, 27, 28, 37] have treatment 6 starting at day 13, hour 10.0 using resources [3, 8].[0m
[34m2025-01-08 16:13:17,915 - DEBUG - Patients [29, 33] have treatment 7 starting at day 13, hour 13.0 using resources [8, 7, 5].[0m
[34m2025-01-08 16:13:17,915 - DEBUG - Patients [17, 21] have treatment 7 starting at day 13, hour 14.0 using resources [8, 7, 5].[0m
[34m2025-01-08 16:13:17,915 - DEBUG - Patients [29, 39] have treatment 7 starting at day 13, hour 15.0 using resources [8, 7, 4].[0m
[34m2025-01-08 16:13:17,925 - DEBUG - Checking solution value.[0m
[34m2025-01-08 16:13:17,925 - DEBUG - Solvers objective function value: 508.0[0m
[34m2025-01-08 16:13:17,927 - DEBUG - (VERIFIER):Treatment value: 0[0m
[34m2025-01-08 16:13:17,927 - DEBUG - (VERIFIER):Delay value: 0[0m
[34m2025-01-08 16:13:17,927 - DEBUG - (VERIFIER):Missing treatment value: 508[0m
[34m2025-01-08 16:13:17,927 - DEBUG - Correct objective function value: 508[0m
[34m2025-01-08 16:13:17,927 - DEBUG - Solution is valid.[0m
[34m2025-01-08 16:13:17,927 - DEBUG - All solvers accepted the solution.[0m
[32m2025-01-08 16:13:17,927 - INFO - Time to find solution: 428.421s with value 508.000000[0m
[32m2025-01-08 16:13:17,927 - INFO - Total Time: 434.003s[0m
