1.NAME: LBBDSolver
2.PARAMS: {'break_symmetry': True, 'add_constraints_to_symmetrc_days': True, 'subsolver_cls': 'CPSubSolver'}
3.INSTANCE: /home/wx350715/Kobra/rehabiliation-admission-scheduling/data/comp_study_002/instance_4_30.txt
4.REPETITION: 1
Current directory: /home/wx350715/Kobra/rehabiliation-admission-scheduling
[34m2025-01-08 16:01:48,468 - DEBUG - Solver: <class 'src.solvers.benders.LBBDSolver'>[0m
[34m2025-01-08 16:01:48,469 - DEBUG - Args: {'break_symmetry': True, 'add_constraints_to_symmetrc_days': True, 'subsolver_cls': 'CPSubSolver'}[0m
[34m2025-01-08 16:01:48,469 - DEBUG - File path /home/wx350715/Kobra/rehabiliation-admission-scheduling/data/comp_study_002/instance_4_30.txt[0m
[34m2025-01-08 16:01:48,482 - DEBUG - ADD INSTANCE DATA[0m
[34m2025-01-08 16:01:48,483 - DEBUG - ADD INSTANCE DATA[0m
[34m2025-01-08 16:01:48,483 - DEBUG - ADD INSTANCE DATA[0m
[34m2025-01-08 16:01:48,483 - DEBUG - ADD INSTANCE DATA[0m
[34m2025-01-08 16:01:48,483 - DEBUG - ADD INSTANCE DATA[0m
[34m2025-01-08 16:01:48,483 - DEBUG - ADD INSTANCE DATA[0m
[34m2025-01-08 16:01:48,483 - DEBUG - ADD INSTANCE DATA[0m
[34m2025-01-08 16:01:48,483 - DEBUG - ADD INSTANCE DATA[0m
[34m2025-01-08 16:01:48,483 - DEBUG - ADD INSTANCE DATA[0m
[34m2025-01-08 16:01:48,483 - DEBUG - ADD INSTANCE DATA[0m
[34m2025-01-08 16:01:48,483 - DEBUG - ADD INSTANCE DATA[0m
[34m2025-01-08 16:01:48,483 - DEBUG - ADD RESOURCE_GROUPS[0m
[34m2025-01-08 16:01:48,483 - DEBUG - ADD RESOURCE_GROUPS[0m
[34m2025-01-08 16:01:48,483 - DEBUG - ADD RESOURCE_GROUPS[0m
[34m2025-01-08 16:01:48,483 - DEBUG - ADD RESOURCE_GROUPS[0m
[34m2025-01-08 16:01:48,483 - DEBUG - ADD RESOURCES[0m
[34m2025-01-08 16:01:48,484 - DEBUG - ADD RESOURCES[0m
[34m2025-01-08 16:01:48,484 - DEBUG - ADD RESOURCES[0m
[34m2025-01-08 16:01:48,484 - DEBUG - ADD RESOURCES[0m
[34m2025-01-08 16:01:48,484 - DEBUG - ADD RESOURCES[0m
[34m2025-01-08 16:01:48,484 - DEBUG - ADD RESOURCES[0m
[34m2025-01-08 16:01:48,484 - DEBUG - ADD RESOURCES[0m
[34m2025-01-08 16:01:48,484 - DEBUG - ADD RESOURCES[0m
[34m2025-01-08 16:01:48,484 - DEBUG - ADD RESOURCES[0m
[34m2025-01-08 16:01:48,484 - DEBUG - ADD RESOURCES[0m
[34m2025-01-08 16:01:48,484 - DEBUG - ADD TREATMENTS[0m
[34m2025-01-08 16:01:48,484 - DEBUG - ADD TREATMENTS[0m
[34m2025-01-08 16:01:48,485 - DEBUG - ADD TREATMENTS[0m
[34m2025-01-08 16:01:48,485 - DEBUG - ADD TREATMENTS[0m
[34m2025-01-08 16:01:48,485 - DEBUG - ADD TREATMENTS[0m
[34m2025-01-08 16:01:48,485 - DEBUG - ADD TREATMENTS[0m
[34m2025-01-08 16:01:48,485 - DEBUG - ADD TREATMENTS[0m
[34m2025-01-08 16:01:48,485 - DEBUG - ADD TREATMENTS[0m
[34m2025-01-08 16:01:48,485 - DEBUG - ADD PATIENTS[0m
[34m2025-01-08 16:01:48,485 - DEBUG - ADD PATIENTS[0m
[34m2025-01-08 16:01:48,485 - DEBUG - ADD PATIENTS[0m
[34m2025-01-08 16:01:48,486 - DEBUG - ADD PATIENTS[0m
[34m2025-01-08 16:01:48,486 - DEBUG - ADD PATIENTS[0m
[34m2025-01-08 16:01:48,486 - DEBUG - ADD PATIENTS[0m
[34m2025-01-08 16:01:48,486 - DEBUG - ADD PATIENTS[0m
[34m2025-01-08 16:01:48,486 - DEBUG - ADD PATIENTS[0m
[34m2025-01-08 16:01:48,486 - DEBUG - ADD PATIENTS[0m
[34m2025-01-08 16:01:48,486 - DEBUG - ADD PATIENTS[0m
[34m2025-01-08 16:01:48,486 - DEBUG - ADD PATIENTS[0m
[34m2025-01-08 16:01:48,486 - DEBUG - ADD PATIENTS[0m
[34m2025-01-08 16:01:48,487 - DEBUG - ADD PATIENTS[0m
[34m2025-01-08 16:01:48,487 - DEBUG - ADD PATIENTS[0m
[34m2025-01-08 16:01:48,487 - DEBUG - ADD PATIENTS[0m
[34m2025-01-08 16:01:48,487 - DEBUG - ADD PATIENTS[0m
[34m2025-01-08 16:01:48,487 - DEBUG - ADD PATIENTS[0m
[34m2025-01-08 16:01:48,487 - DEBUG - ADD PATIENTS[0m
[34m2025-01-08 16:01:48,487 - DEBUG - ADD PATIENTS[0m
[34m2025-01-08 16:01:48,487 - DEBUG - ADD PATIENTS[0m
[34m2025-01-08 16:01:48,487 - DEBUG - ADD PATIENTS[0m
[34m2025-01-08 16:01:48,488 - DEBUG - ADD PATIENTS[0m
[34m2025-01-08 16:01:48,488 - DEBUG - ADD PATIENTS[0m
[34m2025-01-08 16:01:48,488 - DEBUG - ADD PATIENTS[0m
[34m2025-01-08 16:01:48,489 - DEBUG - ADD PATIENTS[0m
[34m2025-01-08 16:01:48,489 - DEBUG - ADD PATIENTS[0m
[34m2025-01-08 16:01:48,489 - DEBUG - ADD PATIENTS[0m
[34m2025-01-08 16:01:48,489 - DEBUG - ADD PATIENTS[0m
[34m2025-01-08 16:01:48,489 - DEBUG - ADD PATIENTS[0m
[34m2025-01-08 16:01:48,489 - DEBUG - ADD PATIENTS[0m
[34m2025-01-08 16:01:48,490 - DEBUG - Instance data:[0m
[34m2025-01-08 16:01:48,490 - DEBUG - Number of patients: 30[0m
[34m2025-01-08 16:01:48,490 - DEBUG - Number of beds: 40[0m
[34m2025-01-08 16:01:48,490 - DEBUG - Average number of treatments per patient: 26.5[0m
[34m2025-01-08 16:01:48,490 - DEBUG - Average number of treatment per stayed day: 2.2910662824207493[0m
[34m2025-01-08 16:01:48,490 - DEBUG - Number of treatments: 795[0m
[34m2025-01-08 16:01:48,490 - DEBUG - Number of resources: 10[0m
[34m2025-01-08 16:01:48,490 - DEBUG - Number of resource groups: 4[0m
[34m2025-01-08 16:01:48,490 - DEBUG - Number of resource hours needed per all treatment by RG(therapists): 22.441666666666695[0m
[34m2025-01-08 16:01:48,490 - DEBUG - Number of resource hours needed per all treatment by RG(rooms): 41.99166666666666[0m
[34m2025-01-08 16:01:48,490 - DEBUG - Number of resource hours needed per all treatment by RG(physiotherapist): 15.5[0m
[34m2025-01-08 16:01:48,490 - DEBUG - Number of resource hours needed per all treatment by RG(sport_room): 6.75[0m
[32m2025-01-08 16:01:48,490 - INFO - {'solver': 'LBBDSolver', 'args': {'break_symmetry': False, 'subsolver_cls': <class 'src.solvers.subsolvers.cp_subsolver.CPSubsolver'>, 'subsolver.store_results': True, 'subsolver.store_results_method': 'hash', 'use_helper_constraints': True, 'enforce_min_treatments_per_day': True, 'enforce_max_treatments_per_e_w': True, 'enforce_min_patients_per_treatment': True, 'log_to_console': True}}[0m
[34m2025-01-08 16:01:48,490 - DEBUG - Setting options: LBBDSolver[0m
[34m2025-01-08 16:01:48,490 - DEBUG -  ---- break_symmetry to False[0m
[34m2025-01-08 16:01:48,490 - DEBUG -  ---- subsolver_cls to <class 'src.solvers.subsolvers.cp_subsolver.CPSubsolver'>[0m
[34m2025-01-08 16:01:48,490 - DEBUG -  ---- use_helper_constraints to True[0m
[34m2025-01-08 16:01:48,490 - DEBUG -  ---- add_constraints_to_symmetric_days to True (default)[0m
[34m2025-01-08 16:01:48,490 - DEBUG - Setting options: Solver[0m
[34m2025-01-08 16:01:48,490 - DEBUG -  ---- number_of_threads to 1 (default)[0m
[34m2025-01-08 16:01:48,490 - DEBUG -  ---- treatment_value to 0 (default)[0m
[34m2025-01-08 16:01:48,490 - DEBUG -  ---- delay_value to 1 (default)[0m
[34m2025-01-08 16:01:48,490 - DEBUG -  ---- missing_treatment_value to 4 (default)[0m
[34m2025-01-08 16:01:48,491 - DEBUG -  ---- enforce_min_treatments_per_day to True[0m
[34m2025-01-08 16:01:48,491 - DEBUG -  ---- enforce_max_treatments_per_e_w to True[0m
[34m2025-01-08 16:01:48,491 - DEBUG -  ---- enforce_min_patients_per_treatment to True[0m
[34m2025-01-08 16:01:48,491 - DEBUG -  ---- log_to_console to True[0m
[34m2025-01-08 16:01:48,491 - DEBUG -  ---- log_to_file to True (default)[0m
[34m2025-01-08 16:01:48,509 - DEBUG - Setting options: CPSubsolver[0m
[34m2025-01-08 16:01:48,509 - DEBUG -  ---- estimated_needed_treatments to True (default)[0m
[34m2025-01-08 16:01:48,509 - DEBUG -  ---- add_patient_symmetry to False (default)[0m
[34m2025-01-08 16:01:48,509 - DEBUG - Setting Subsolver options: SubSolver[0m
[34m2025-01-08 16:01:48,509 - DEBUG -  ---- store_results to True[0m
[34m2025-01-08 16:01:48,509 - DEBUG -  ---- store_results_method to hash[0m
[34m2025-01-08 16:01:48,509 - DEBUG -  ---- enforce_min_patients_per_treatment to True[0m
[34m2025-01-08 16:01:48,509 - DEBUG -  ---- use_day_symmetry to True (default)[0m
[32m2025-01-08 16:01:48,523 - INFO - Create model: LBBDSolver[0m
Set parameter TSPort to value 50039
Set parameter TokenServer to value "license.itc.rwth-aachen.de"
Set parameter Threads to value 1
Set parameter LazyConstraints to value 1
[34m2025-01-08 16:01:49,031 - DEBUG - Variables created.[0m
[34m2025-01-08 16:01:50,805 - DEBUG - Constraint (not too many treatments) created.[0m
[34m2025-01-08 16:01:52,057 - DEBUG - Constraint (no_treatments_outside admittance) created.[0m
[34m2025-01-08 16:01:52,058 - DEBUG - Constraint (bed_usage) created.[0m
[34m2025-01-08 16:01:52,058 - DEBUG - Constraint (must be admitted) created.[0m
[34m2025-01-08 16:01:52,246 - DEBUG - Constraint (e_w_ub) created.[0m
[34m2025-01-08 16:01:52,309 - DEBUG - Constraint (day_ub) created.[0m
[34m2025-01-08 16:01:52,367 - DEBUG - Constraint (Day always) created.[0m
[34m2025-01-08 16:01:52,368 - DEBUG - Constraint (already_admitted) created.[0m
[32m2025-01-08 16:01:54,954 - INFO - Time to create model: 6.43[0m
[32m2025-01-08 16:01:54,954 - INFO - Solving model: LBBDSolver[0m
Gurobi Optimizer version 10.0.0 build v10.0.0rc2 (linux64)

CPU model: Intel(R) Xeon(R) Platinum 8468, instruction set [SSE2|AVX|AVX2|AVX512]
Thread count: 96 physical cores, 96 logical processors, using up to 1 threads

Optimize a model with 276321 rows, 115925 columns and 2219621 nonzeros
Model fingerprint: 0x35f517da
Variable types: 3 continuous, 115922 integer (115922 binary)
Coefficient statistics:
  Matrix range     [1e+00, 1e+01]
  Objective range  [1e+00, 1e+01]
  Bounds range     [1e+00, 1e+00]
  RHS range        [1e+00, 3e+03]
Presolve added 0 rows and 1978 columns
Presolve removed 176694 rows and 0 columns
Presolve time: 3.12s
Presolved: 99627 rows, 117903 columns, 1459548 nonzeros
Variable types: 1 continuous, 117902 integer (117014 binary)
Root relaxation presolved: 99171 rows, 117755 columns, 1381801 nonzeros


Root simplex log...

Iteration    Objective       Primal Inf.    Dual Inf.      Time
       0   -3.5484880e+03   3.147961e+03   0.000000e+00      5s
    6411    6.8400000e+02   0.000000e+00   0.000000e+00      5s
    6411    6.8400000e+02   0.000000e+00   0.000000e+00      5s

Use crossover to convert LP symmetric solution to basic solution...

Root crossover log...

     647 DPushes remaining with DInf 0.0000000e+00                 6s
       0 DPushes remaining with DInf 0.0000000e+00                 6s

   20572 PPushes remaining with PInf 0.0000000e+00                 6s
       0 PPushes remaining with PInf 0.0000000e+00                 6s

  Push phase complete: Pinf 0.0000000e+00, Dinf 9.5949915e-12      6s


Root simplex log...

Iteration    Objective       Primal Inf.    Dual Inf.      Time
   26994    6.8400000e+02   0.000000e+00   0.000000e+00      6s
   26994    6.8400000e+02   0.000000e+00   0.000000e+00      6s

Root relaxation: objective 6.840000e+02, 26994 iterations, 1.15 seconds (1.48 work units)

    Nodes    |    Current Node    |     Objective Bounds      |     Work
 Expl Unexpl |  Obj  Depth IntInf | Incumbent    BestBd   Gap | It/Node Time

     0     0  684.00000    0 3478          -  684.00000      -     -   17s
     0     0  684.00000    0 2372          -  684.00000      -     -   41s
     0     0  684.00000    0 1881          -  684.00000      -     -   49s
     0     0  684.00000    0   38          -  684.00000      -     -   82s
[32m2025-01-08 16:03:19,887 - INFO - d_prime: 1 d: 1[0m
[32m2025-01-08 16:03:19,888 - INFO - d_prime: 2 d: 1[0m
[32m2025-01-08 16:03:19,888 - INFO - d_prime: 3 d: 1[0m
[32m2025-01-08 16:03:19,889 - INFO - d_prime: 4 d: 1[0m
[32m2025-01-08 16:03:19,889 - INFO - d_prime: 5 d: 1[0m
[32m2025-01-08 16:03:19,890 - INFO - d_prime: 6 d: 1[0m
[32m2025-01-08 16:03:19,890 - INFO - d_prime: 7 d: 1[0m
[32m2025-01-08 16:03:19,891 - INFO - d_prime: 8 d: 1[0m
[32m2025-01-08 16:03:19,892 - INFO - d_prime: 9 d: 1[0m
[32m2025-01-08 16:03:19,892 - INFO - d_prime: 10 d: 1[0m
[32m2025-01-08 16:03:19,893 - INFO - forbidden_vars: ([{0:2},{3:3},{0:2,1:2},{1:1,3:3,7:1}])[0m
[32m2025-01-08 16:03:19,893 - INFO - False[0m
[32m2025-01-08 16:03:59,002 - INFO - d_prime: 7 d: 7[0m
[32m2025-01-08 16:03:59,005 - INFO - d_prime: 8 d: 7[0m
[32m2025-01-08 16:03:59,009 - INFO - forbidden_vars: ([{0:1},{0:1},{0:1},{2:1},{5:1},{0:2},{0:2},{0:1,1:1},{1:1,2:1},{0:3},{0:1,2:1,4:1},{0:2,2:1},{1:1,2:1,4:1},{1:3},{2:1,5:2},{5:1,7:2},{0:1,2:1,5:1,7:1},{0:1,4:1,5:1,7:1},{0:1,2:1,4:1,5:1},{1:2,2:1,4:1},{2:1,7:3},{2:1,4:2,5:1},{4:1,7:3},{0:2,5:2,7:1}])[0m
[32m2025-01-08 16:03:59,009 - INFO - False[0m
[32m2025-01-08 16:09:39,736 - INFO - d_prime: 9 d: 10[0m
[32m2025-01-08 16:09:39,739 - INFO - d_prime: 10 d: 10[0m
[32m2025-01-08 16:09:39,742 - INFO - d_prime: 11 d: 10[0m
[32m2025-01-08 16:09:39,744 - INFO - d_prime: 12 d: 10[0m
[32m2025-01-08 16:09:39,746 - INFO - forbidden_vars: ([{0:1},{2:1},{3:1},{5:1},{5:1},{0:1,4:1},{0:1,2:1},{1:1,7:1},{1:1,2:1},{2:1,3:1},{2:2},{2:2},{2:2},{3:1,4:1},{3:1,5:1},{4:1,5:1},{4:1,7:1},{1:1,3:1,7:1},{2:2,3:1},{2:2,4:1},{2:2,7:1},{0:1,2:2,4:1},{2:2,3:3}])[0m
[32m2025-01-08 16:09:39,746 - INFO - False[0m
     0     0  684.00000    0   38          -  684.00000      -     -  638s
[32m2025-01-08 16:12:36,329 - INFO - d_prime: 1 d: 1[0m
[32m2025-01-08 16:12:36,329 - INFO - d_prime: 2 d: 1[0m
[32m2025-01-08 16:12:36,330 - INFO - d_prime: 3 d: 1[0m
[32m2025-01-08 16:12:36,330 - INFO - d_prime: 4 d: 1[0m
[32m2025-01-08 16:12:36,331 - INFO - d_prime: 5 d: 1[0m
[32m2025-01-08 16:12:36,331 - INFO - d_prime: 6 d: 1[0m
[32m2025-01-08 16:12:36,332 - INFO - d_prime: 7 d: 1[0m
[32m2025-01-08 16:12:36,332 - INFO - d_prime: 8 d: 1[0m
[32m2025-01-08 16:12:36,333 - INFO - d_prime: 9 d: 1[0m
[32m2025-01-08 16:12:36,333 - INFO - d_prime: 10 d: 1[0m
[32m2025-01-08 16:12:36,334 - INFO - forbidden_vars: ([{0:2},{0:2,1:1},{3:3},{1:1,3:3,7:1}])[0m
[32m2025-01-08 16:12:36,334 - INFO - False[0m
[32m2025-01-08 16:13:30,395 - INFO - d_prime: 7 d: 7[0m
[32m2025-01-08 16:13:30,398 - INFO - d_prime: 8 d: 7[0m
[32m2025-01-08 16:13:30,402 - INFO - forbidden_vars: ([{0:1},{0:1},{0:1},{2:1},{5:1},{0:2},{0:2},{0:1,1:1},{1:1,2:1},{0:3},{0:1,2:1,4:1},{0:2,2:1},{1:1,2:1,4:1},{1:3},{2:1,5:2},{5:1,7:2},{0:1,2:1,5:1,7:1},{0:1,4:1,5:1,7:1},{0:1,2:1,4:1,5:1},{1:2,2:1,4:1},{2:1,7:3},{2:1,4:2,5:1},{4:1,7:3},{0:3,5:2}])[0m
[32m2025-01-08 16:13:30,402 - INFO - False[0m
[32m2025-01-08 16:16:58,276 - INFO - d_prime: 9 d: 10[0m
[32m2025-01-08 16:16:58,280 - INFO - d_prime: 10 d: 10[0m
[32m2025-01-08 16:16:58,282 - INFO - d_prime: 11 d: 10[0m
[32m2025-01-08 16:16:58,284 - INFO - d_prime: 12 d: 10[0m
[32m2025-01-08 16:16:58,286 - INFO - forbidden_vars: ([{0:1},{0:1},{2:1},{3:1},{5:1},{5:1},{0:1,2:1},{1:1,7:1},{1:1,2:1},{2:1,3:1},{2:2},{2:2},{2:2},{3:1,4:1},{3:1,5:1},{4:1,5:1},{4:1,7:1},{1:1,3:1,7:1},{2:2,3:1},{2:2,4:1},{2:2,7:1},{0:1,2:2,4:1},{2:2,3:3}])[0m
[32m2025-01-08 16:16:58,286 - INFO - False[0m
     0     0  684.00000    0   38          -  684.00000      -     -  903s
[32m2025-01-08 16:17:30,339 - INFO - d_prime: 7 d: 7[0m
[32m2025-01-08 16:17:30,342 - INFO - d_prime: 8 d: 7[0m
[32m2025-01-08 16:17:30,346 - INFO - forbidden_vars: ([{0:1},{0:1},{0:1},{2:1},{5:1},{0:2},{0:2},{0:1,1:1},{1:1,2:1},{0:3},{0:1,2:1,4:1},{0:2,2:1},{1:1,2:1,4:1},{1:3},{2:1,5:2},{5:1,7:2},{0:1,2:1,5:1,7:1},{0:2,5:1,7:1},{0:1,4:1,5:1,7:1},{0:1,2:1,4:1,5:1},{1:2,2:1,4:1},{2:1,7:3},{2:1,4:2,5:1},{4:1,7:3}])[0m
[32m2025-01-08 16:17:30,346 - INFO - False[0m
[32m2025-01-08 16:21:25,370 - INFO - d_prime: 9 d: 10[0m
[32m2025-01-08 16:21:25,373 - INFO - d_prime: 10 d: 10[0m
[32m2025-01-08 16:21:25,375 - INFO - d_prime: 11 d: 10[0m
[32m2025-01-08 16:21:25,377 - INFO - d_prime: 12 d: 10[0m
[32m2025-01-08 16:21:25,379 - INFO - forbidden_vars: ([{0:1},{2:1},{3:1},{5:1},{5:1},{7:1},{0:1,4:1},{0:1,2:1},{1:1,7:1},{1:1,2:1},{2:1,3:1},{2:2},{2:2},{2:2},{3:1,4:1},{3:1,5:1},{4:1,5:1},{1:1,3:1,7:1},{2:2,3:1},{2:2,4:1},{2:2,7:1},{0:1,2:2,4:1},{2:2,3:3}])[0m
[32m2025-01-08 16:21:25,379 - INFO - False[0m
     0     0  684.00000    0   38          -  684.00000      -     - 1170s
[32m2025-01-08 16:22:02,226 - INFO - d_prime: 7 d: 7[0m
[32m2025-01-08 16:22:02,229 - INFO - d_prime: 8 d: 7[0m
[32m2025-01-08 16:22:02,233 - INFO - forbidden_vars: ([{0:1},{0:1},{0:1},{2:1},{5:1},{0:2},{0:2},{0:1,1:1},{1:1,2:1},{0:3},{0:1,2:1,4:1},{0:2,2:1},{1:1,2:1,4:1},{1:3},{2:1,5:2},{5:1,7:2},{0:1,2:1,5:1,7:1},{0:2,5:2},{0:1,4:1,5:1,7:1},{0:1,2:1,4:1,5:1},{1:2,2:1,4:1},{2:1,7:3},{2:1,4:2,5:1},{4:1,7:3}])[0m
[32m2025-01-08 16:22:02,234 - INFO - False[0m
[32m2025-01-08 16:26:07,391 - INFO - d_prime: 9 d: 10[0m
[32m2025-01-08 16:26:07,394 - INFO - d_prime: 10 d: 10[0m
[32m2025-01-08 16:26:07,397 - INFO - d_prime: 11 d: 10[0m
[32m2025-01-08 16:26:07,399 - INFO - d_prime: 12 d: 10[0m
[32m2025-01-08 16:26:07,401 - INFO - forbidden_vars: ([{0:1},{2:1},{3:1},{5:1},{5:1},{0:1,4:1},{0:1,2:1},{1:1,7:1},{1:1,3:1},{1:1,2:1},{2:1,3:1},{2:2},{2:2},{2:2},{3:1,4:1},{3:1,5:1},{4:1,5:1},{4:1,7:1},{2:2,3:1},{2:2,4:1},{2:2,7:1},{0:1,2:2,4:1},{2:2,3:3}])[0m
[32m2025-01-08 16:26:07,401 - INFO - False[0m
     0     0  684.00000    0   38          -  684.00000      -     - 1452s
[32m2025-01-08 16:26:53,390 - INFO - d_prime: 7 d: 7[0m
[32m2025-01-08 16:26:53,393 - INFO - d_prime: 8 d: 7[0m
[32m2025-01-08 16:26:53,397 - INFO - forbidden_vars: ([{0:1},{0:1},{0:1},{2:1},{5:1},{0:2},{0:2},{0:1,1:1},{1:1,2:1},{0:3},{0:1,2:1,4:1},{0:2,2:1},{1:1,2:1,4:1},{1:3},{2:1,5:2},{5:1,7:2},{0:1,2:1,5:1,7:1},{0:1,5:2,7:1},{0:1,4:1,5:1,7:1},{0:1,2:1,4:1,5:1},{1:2,2:1,4:1},{2:1,7:3},{2:1,4:2,5:1},{4:1,7:3}])[0m
[32m2025-01-08 16:26:53,398 - INFO - False[0m
[32m2025-01-08 16:30:39,233 - INFO - d_prime: 9 d: 10[0m
[32m2025-01-08 16:30:39,237 - INFO - d_prime: 10 d: 10[0m
[32m2025-01-08 16:30:39,239 - INFO - d_prime: 11 d: 10[0m
[32m2025-01-08 16:30:39,241 - INFO - d_prime: 12 d: 10[0m
[32m2025-01-08 16:30:39,243 - INFO - forbidden_vars: ([{0:1},{2:1},{3:1},{5:1},{5:1},{0:1,4:1},{0:1,2:1},{1:1,7:1},{1:1,2:1},{2:1,3:1},{2:2},{2:2},{2:2},{2:2},{3:1,4:1},{3:1,5:1},{4:1,5:1},{4:1,7:1},{1:1,3:1,7:1},{2:2,3:1},{2:2,4:1},{0:1,2:2,4:1},{2:2,3:3}])[0m
[32m2025-01-08 16:30:39,243 - INFO - False[0m
[32m2025-01-08 16:30:39,243 - INFO - Number of cuts added: 12 (bad=0, good=12)[0m
[32m2025-01-08 16:30:39,243 - INFO - Unnecessary comps: (0 / 12)[0m
[32m2025-01-08 16:30:39,243 - INFO - Calls to is_day_infeasible: cp_solver=26/ total=70 stored=44[0m
[32m2025-01-08 16:30:39,243 - INFO - Is feasible: 1641.1823723316193 0.9997953190313862[0m
[32m2025-01-08 16:30:39,243 - INFO - Subsolver: Solve Model: 1640.3020524978638/0.9994761049773608[0m
[32m2025-01-08 16:30:39,244 - INFO - Subsolver: Create Model: 0.8597965240478516/0.0005238950226391548[0m
[32m2025-01-08 16:30:39,244 - INFO - Num_constraints-added: 50[0m
     0     0  684.00000    0   38          -  684.00000      -     - 1724s
[32m2025-01-08 16:30:42,039 - INFO - d_prime: 1 d: 1[0m
[32m2025-01-08 16:30:42,040 - INFO - d_prime: 2 d: 1[0m
[32m2025-01-08 16:30:42,040 - INFO - d_prime: 3 d: 1[0m
[32m2025-01-08 16:30:42,041 - INFO - d_prime: 4 d: 1[0m
[32m2025-01-08 16:30:42,041 - INFO - d_prime: 5 d: 1[0m
[32m2025-01-08 16:30:42,042 - INFO - d_prime: 6 d: 1[0m
[32m2025-01-08 16:30:42,042 - INFO - d_prime: 7 d: 1[0m
[32m2025-01-08 16:30:42,042 - INFO - d_prime: 8 d: 1[0m
[32m2025-01-08 16:30:42,043 - INFO - d_prime: 9 d: 1[0m
[32m2025-01-08 16:30:42,043 - INFO - d_prime: 10 d: 1[0m
[32m2025-01-08 16:30:42,044 - INFO - forbidden_vars: ([{0:1},{0:1,1:2},{3:3},{1:1,3:3,7:1}])[0m
[32m2025-01-08 16:30:42,044 - INFO - False[0m
[32m2025-01-08 16:31:20,400 - INFO - d_prime: 7 d: 7[0m
[32m2025-01-08 16:31:20,403 - INFO - d_prime: 8 d: 7[0m
[32m2025-01-08 16:31:20,407 - INFO - forbidden_vars: ([{0:1},{0:1},{0:1},{2:1},{5:1},{0:2},{0:2},{0:1,1:1},{1:1,2:1},{0:3},{0:1,1:1,2:1},{0:2,2:1},{0:1,2:1,5:1},{0:2,2:1},{1:3},{5:1,7:2},{7:3},{0:1,2:1,5:1,7:1},{0:1,5:2,7:1},{0:2,4:1,7:1},{0:2,2:1,4:1},{0:1,1:2,2:1},{0:1,7:3},{2:1,4:2,7:1}])[0m
[32m2025-01-08 16:31:20,407 - INFO - False[0m
[32m2025-01-08 16:33:12,018 - INFO - d_prime: 9 d: 10[0m
[32m2025-01-08 16:33:12,020 - INFO - d_prime: 10 d: 10[0m
[32m2025-01-08 16:33:12,021 - INFO - d_prime: 11 d: 10[0m
[32m2025-01-08 16:33:12,023 - INFO - d_prime: 12 d: 10[0m
[32m2025-01-08 16:33:12,025 - INFO - forbidden_vars: ([{0:1},{3:1},{5:1},{5:1},{0:1,4:1},{0:1,2:1},{1:1,7:1},{2:1,6:1},{2:2},{2:2},{2:2},{3:1,4:1},{3:1,6:1},{4:1,6:1},{6:1,7:1},{1:1,3:1,7:1},{1:1,2:2},{2:1,3:1,6:1},{2:2,6:1},{2:2,3:1},{0:1,2:2,7:1},{2:2,6:1,7:1},{2:2,3:3}])[0m
[32m2025-01-08 16:33:12,025 - INFO - False[0m
[32m2025-01-08 16:34:07,452 - INFO - d_prime: 9 d: 11[0m
[32m2025-01-08 16:34:07,454 - INFO - d_prime: 10 d: 11[0m
[32m2025-01-08 16:34:07,456 - INFO - d_prime: 11 d: 11[0m
[32m2025-01-08 16:34:07,458 - INFO - d_prime: 12 d: 11[0m
[32m2025-01-08 16:34:07,460 - INFO - forbidden_vars: ([{1:1},{1:1},{1:1},{4:1},{6:1},{6:1},{6:1},{6:1},{6:1},{1:2},{3:1,6:1},{3:1,4:1},{4:1,6:1},{5:1,6:1},{5:1,6:1},{6:1,7:1},{1:1,4:1,5:1},{1:3,7:1},{3:2,6:1,7:1},{3:2,6:2},{1:1,3:3,5:1},{1:5}])[0m
[32m2025-01-08 16:34:07,460 - INFO - False[0m
[32m2025-01-08 16:34:42,180 - INFO - d_prime: 9 d: 13[0m
[32m2025-01-08 16:34:42,183 - INFO - d_prime: 10 d: 13[0m
[32m2025-01-08 16:34:42,185 - INFO - d_prime: 11 d: 13[0m
[32m2025-01-08 16:34:42,187 - INFO - d_prime: 12 d: 13[0m
[32m2025-01-08 16:34:42,189 - INFO - d_prime: 13 d: 13[0m
[32m2025-01-08 16:34:42,191 - INFO - forbidden_vars: ([{1:1},{1:1},{3:1},{1:1,3:1},{1:1,5:1},{3:2},{1:3},{1:1,3:2},{1:3},{3:1,4:1,6:1},{3:3},{3:2,5:1},{3:3},{1:2,3:2},{1:1,4:1,5:1,6:1},{1:4},{1:3,3:1},{3:2,6:1,7:1},{3:2,6:1,7:1},{3:3,6:1},{1:2,3:3}])[0m
[32m2025-01-08 16:34:42,191 - INFO - False[0m
     0     0  684.00000    0   38          -  684.00000      -     - 1967s
     0     0  684.00000    0    4          -  684.00000      -     - 1975s
[32m2025-01-08 16:34:57,177 - INFO - d_prime: 1 d: 1[0m
[32m2025-01-08 16:34:57,178 - INFO - d_prime: 2 d: 1[0m
[32m2025-01-08 16:34:57,178 - INFO - d_prime: 3 d: 1[0m
[32m2025-01-08 16:34:57,179 - INFO - d_prime: 4 d: 1[0m
[32m2025-01-08 16:34:57,179 - INFO - d_prime: 5 d: 1[0m
[32m2025-01-08 16:34:57,180 - INFO - d_prime: 6 d: 1[0m
[32m2025-01-08 16:34:57,180 - INFO - d_prime: 7 d: 1[0m
[32m2025-01-08 16:34:57,181 - INFO - d_prime: 8 d: 1[0m
[32m2025-01-08 16:34:57,181 - INFO - d_prime: 9 d: 1[0m
[32m2025-01-08 16:34:57,181 - INFO - d_prime: 10 d: 1[0m
[32m2025-01-08 16:34:57,182 - INFO - forbidden_vars: ([{0:2},{3:3},{0:2,1:2},{0:1,3:3,7:1}])[0m
[32m2025-01-08 16:34:57,182 - INFO - False[0m
[32m2025-01-08 16:35:39,518 - INFO - d_prime: 7 d: 7[0m
[32m2025-01-08 16:35:39,521 - INFO - d_prime: 8 d: 7[0m
[32m2025-01-08 16:35:39,525 - INFO - forbidden_vars: ([{0:1},{0:1},{0:1},{2:1},{5:1},{0:2},{0:2},{0:1,1:1},{1:1,2:1},{0:3},{0:1,2:1,4:1},{0:2,2:1},{1:1,2:1,4:1},{1:3},{2:1,5:1,7:1},{2:1,5:2},{5:1,7:2},{0:1,5:2,7:1},{0:1,4:1,5:1,7:1},{0:1,2:1,4:1,5:1},{1:2,2:1,4:1},{2:1,7:3},{2:1,4:2,5:1},{4:1,7:3}])[0m
[32m2025-01-08 16:35:39,525 - INFO - False[0m
[32m2025-01-08 16:41:34,887 - INFO - d_prime: 9 d: 10[0m
[32m2025-01-08 16:41:34,916 - INFO - d_prime: 10 d: 10[0m
[32m2025-01-08 16:41:34,918 - INFO - d_prime: 11 d: 10[0m
[32m2025-01-08 16:41:34,920 - INFO - d_prime: 12 d: 10[0m
[32m2025-01-08 16:41:34,922 - INFO - forbidden_vars: ([{3:1},{5:1},{5:1},{0:1,4:1},{0:1,2:1},{0:1,2:1},{1:1,7:1},{1:1,2:1},{2:1,3:1},{2:2},{2:1,4:1},{2:2},{2:2},{3:1,4:1},{3:1,5:1},{4:1,7:1},{7:2},{1:1,3:1,7:1},{2:2,3:1},{2:2,7:1},{0:1,2:2,4:1},{1:1,2:1,4:1,5:1},{2:2,3:3}])[0m
[32m2025-01-08 16:41:34,923 - INFO - False[0m
[32m2025-01-08 16:41:42,104 - INFO - d_prime: 9 d: 13[0m
[32m2025-01-08 16:41:42,107 - INFO - d_prime: 10 d: 13[0m
[32m2025-01-08 16:41:42,110 - INFO - d_prime: 11 d: 13[0m
[32m2025-01-08 16:41:42,112 - INFO - d_prime: 12 d: 13[0m
[32m2025-01-08 16:41:42,115 - INFO - d_prime: 13 d: 13[0m
[32m2025-01-08 16:41:42,116 - INFO - forbidden_vars: ([{1:1},{1:1},{3:1},{5:1},{1:1,3:1},{1:1,5:1},{3:1,6:1},{1:3},{1:1,3:2},{1:3},{1:2,3:2},{1:1,4:1,5:1,6:1},{1:4},{1:3,3:1},{3:1,4:1,5:1,6:1},{3:3,5:1},{3:2,6:1,7:1},{3:3,4:1},{3:3,5:1},{1:2,3:3},{3:3,6:1,7:1}])[0m
[32m2025-01-08 16:41:42,116 - INFO - False[0m
     0     0  684.00000    0    4          -  684.00000      -     - 2387s
[32m2025-01-08 16:41:46,677 - INFO - d_prime: 1 d: 1[0m
[32m2025-01-08 16:41:46,678 - INFO - d_prime: 2 d: 1[0m
[32m2025-01-08 16:41:46,678 - INFO - d_prime: 3 d: 1[0m
[32m2025-01-08 16:41:46,679 - INFO - d_prime: 4 d: 1[0m
[32m2025-01-08 16:41:46,679 - INFO - d_prime: 5 d: 1[0m
[32m2025-01-08 16:41:46,680 - INFO - d_prime: 6 d: 1[0m
[32m2025-01-08 16:41:46,680 - INFO - d_prime: 7 d: 1[0m
[32m2025-01-08 16:41:46,680 - INFO - d_prime: 8 d: 1[0m
[32m2025-01-08 16:41:46,681 - INFO - d_prime: 9 d: 1[0m
[32m2025-01-08 16:41:46,681 - INFO - d_prime: 10 d: 1[0m
[32m2025-01-08 16:41:46,682 - INFO - forbidden_vars: ([{0:1},{3:3},{0:2,1:2},{0:1,3:3,7:1}])[0m
[32m2025-01-08 16:41:46,682 - INFO - False[0m
[32m2025-01-08 16:42:34,963 - INFO - d_prime: 7 d: 7[0m
[32m2025-01-08 16:42:34,966 - INFO - d_prime: 8 d: 7[0m
[32m2025-01-08 16:42:34,970 - INFO - forbidden_vars: ([{0:1},{0:1},{0:1},{2:1},{5:1},{0:2},{0:2},{0:1,1:1},{1:1,2:1},{0:3},{0:1,2:1,4:1},{0:2,2:1},{1:1,2:1,4:1},{1:3},{2:1,5:1,7:1},{2:1,5:2},{4:1,7:2},{5:1,7:2},{0:1,5:2,7:1},{0:1,4:1,5:1,7:1},{0:1,2:1,4:1,5:1},{1:2,2:1,4:1},{2:1,7:3},{2:1,4:2,5:1}])[0m
[32m2025-01-08 16:42:34,970 - INFO - False[0m
[32m2025-01-08 16:46:18,074 - INFO - d_prime: 9 d: 10[0m
[32m2025-01-08 16:46:18,079 - INFO - d_prime: 10 d: 10[0m
[32m2025-01-08 16:46:18,081 - INFO - d_prime: 11 d: 10[0m
[32m2025-01-08 16:46:18,083 - INFO - d_prime: 12 d: 10[0m
[32m2025-01-08 16:46:18,086 - INFO - forbidden_vars: ([{3:1},{4:1},{5:1},{5:1},{0:1,4:1},{0:1,2:1},{0:1,2:1},{1:1,7:1},{1:1,2:1},{2:1,3:1},{2:2},{2:1,4:1},{2:2},{2:2},{3:1,4:1},{3:1,5:1},{7:2},{1:1,3:1,7:1},{2:2,3:1},{2:2,7:1},{0:1,2:2,4:1},{1:1,2:1,4:1,5:1},{2:2,3:3}])[0m
[32m2025-01-08 16:46:18,086 - INFO - False[0m
[32m2025-01-08 16:46:23,850 - INFO - d_prime: 9 d: 13[0m
[32m2025-01-08 16:46:23,852 - INFO - d_prime: 10 d: 13[0m
[32m2025-01-08 16:46:23,855 - INFO - d_prime: 11 d: 13[0m
[32m2025-01-08 16:46:23,857 - INFO - d_prime: 12 d: 13[0m
[32m2025-01-08 16:46:23,860 - INFO - d_prime: 13 d: 13[0m
[32m2025-01-08 16:46:23,861 - INFO - forbidden_vars: ([{1:1},{1:1},{3:1},{5:1},{1:1,3:1},{1:1,5:1},{3:1,6:1},{1:3},{1:1,3:2},{1:3},{3:3},{1:2,3:2},{1:1,4:1,5:1,6:1},{1:4},{1:3,3:1},{3:1,4:1,5:1,6:1},{3:3,5:1},{3:2,6:1,7:1},{3:3,5:1},{1:2,3:3},{3:3,6:1,7:1}])[0m
[32m2025-01-08 16:46:23,861 - INFO - False[0m
     0     0  684.00000    0    4          -  684.00000      -     - 2668s
[32m2025-01-08 16:47:08,118 - INFO - d_prime: 7 d: 7[0m
[32m2025-01-08 16:47:08,121 - INFO - d_prime: 8 d: 7[0m
[32m2025-01-08 16:47:08,125 - INFO - forbidden_vars: ([{0:1},{0:1},{0:1},{2:1},{5:1},{0:2},{0:2},{0:1,1:1},{1:1,2:1},{0:3},{0:1,5:1,7:1},{0:1,2:1,4:1},{0:2,2:1},{1:1,2:1,4:1},{1:3},{2:1,5:1,7:1},{2:1,5:2},{5:1,7:2},{0:1,5:2,7:1},{0:1,2:1,4:1,5:1},{1:2,2:1,4:1},{2:1,7:3},{2:1,4:2,5:1},{4:1,7:3}])[0m
[32m2025-01-08 16:47:08,125 - INFO - False[0m
[32m2025-01-08 16:50:28,989 - INFO - d_prime: 9 d: 10[0m
[32m2025-01-08 16:50:29,025 - INFO - d_prime: 10 d: 10[0m
[32m2025-01-08 16:50:29,027 - INFO - d_prime: 11 d: 10[0m
[32m2025-01-08 16:50:29,029 - INFO - d_prime: 12 d: 10[0m
[32m2025-01-08 16:50:29,031 - INFO - forbidden_vars: ([{3:1},{5:1},{5:1},{0:1,4:1},{0:1,2:1},{0:1,2:1},{1:1,7:1},{1:1,2:1},{2:1,3:1},{2:2},{2:1,4:1},{2:2},{2:2},{2:2},{3:1,4:1},{3:1,5:1},{4:1,7:1},{7:2},{1:1,3:1,7:1},{2:2,3:1},{0:1,2:2,4:1},{1:1,2:1,4:1,5:1},{2:2,3:3}])[0m
[32m2025-01-08 16:50:29,031 - INFO - False[0m
[32m2025-01-08 16:50:33,391 - INFO - d_prime: 9 d: 13[0m
[32m2025-01-08 16:50:33,393 - INFO - d_prime: 10 d: 13[0m
[32m2025-01-08 16:50:33,396 - INFO - d_prime: 11 d: 13[0m
[32m2025-01-08 16:50:33,398 - INFO - d_prime: 12 d: 13[0m
[32m2025-01-08 16:50:33,401 - INFO - d_prime: 13 d: 13[0m
[32m2025-01-08 16:50:33,402 - INFO - forbidden_vars: ([{1:1},{1:1},{3:1},{5:1},{1:1,3:1},{1:2},{1:1,5:1},{3:1,6:1},{1:1,3:2},{1:3},{1:2,3:2},{1:1,4:1,5:1,6:1},{1:4},{1:3,3:1},{3:1,4:1,5:1,6:1},{3:3,5:1},{3:2,6:1,7:1},{3:3,4:1},{3:3,5:1},{1:2,3:3},{3:3,6:1,7:1}])[0m
[32m2025-01-08 16:50:33,402 - INFO - False[0m
     0     0  684.00000    0    4          -  684.00000      -     - 2918s
[32m2025-01-08 16:50:38,081 - INFO - d_prime: 1 d: 1[0m
[32m2025-01-08 16:50:38,082 - INFO - d_prime: 2 d: 1[0m
[32m2025-01-08 16:50:38,082 - INFO - d_prime: 3 d: 1[0m
[32m2025-01-08 16:50:38,083 - INFO - d_prime: 4 d: 1[0m
[32m2025-01-08 16:50:38,083 - INFO - d_prime: 5 d: 1[0m
[32m2025-01-08 16:50:38,084 - INFO - d_prime: 6 d: 1[0m
[32m2025-01-08 16:50:38,084 - INFO - d_prime: 7 d: 1[0m
[32m2025-01-08 16:50:38,085 - INFO - d_prime: 8 d: 1[0m
[32m2025-01-08 16:50:38,085 - INFO - d_prime: 9 d: 1[0m
[32m2025-01-08 16:50:38,085 - INFO - d_prime: 10 d: 1[0m
[32m2025-01-08 16:50:38,086 - INFO - forbidden_vars: ([{0:2},{0:1,1:2},{3:3},{0:1,3:3,7:1}])[0m
[32m2025-01-08 16:50:38,086 - INFO - False[0m
[32m2025-01-08 16:51:08,327 - INFO - d_prime: 7 d: 7[0m
[32m2025-01-08 16:51:08,330 - INFO - d_prime: 8 d: 7[0m
[32m2025-01-08 16:51:08,334 - INFO - forbidden_vars: ([{0:1},{0:1},{0:1},{2:1},{5:1},{0:2},{0:2},{0:1,1:1},{1:1,2:1},{0:3},{0:1,2:1,4:1},{0:2,2:1},{1:1,2:1,4:1},{1:3},{2:1,5:1,7:1},{2:1,5:2},{5:1,7:2},{7:3},{0:1,5:2,7:1},{0:1,4:1,5:1,7:1},{0:1,2:1,4:1,5:1},{1:2,2:1,4:1},{2:1,7:3},{2:1,4:2,5:1}])[0m
[32m2025-01-08 16:51:08,334 - INFO - False[0m
[32m2025-01-08 16:54:13,706 - INFO - d_prime: 9 d: 10[0m
[32m2025-01-08 16:54:13,708 - INFO - d_prime: 10 d: 10[0m
[32m2025-01-08 16:54:13,710 - INFO - d_prime: 11 d: 10[0m
[32m2025-01-08 16:54:13,712 - INFO - d_prime: 12 d: 10[0m
[32m2025-01-08 16:54:13,715 - INFO - forbidden_vars: ([{3:1},{5:1},{5:1},{7:1},{0:1,4:1},{0:1,2:1},{0:1,2:1},{1:1,7:1},{1:1,2:1},{2:1,3:1},{2:2},{2:1,4:1},{2:2},{2:2},{3:1,4:1},{3:1,5:1},{4:1,7:1},{1:1,3:1,7:1},{2:2,3:1},{2:2,7:1},{0:1,2:2,4:1},{1:1,2:1,4:1,5:1},{2:2,3:3}])[0m
[32m2025-01-08 16:54:13,715 - INFO - False[0m
[32m2025-01-08 16:54:18,749 - INFO - d_prime: 9 d: 13[0m
[32m2025-01-08 16:54:18,752 - INFO - d_prime: 10 d: 13[0m
[32m2025-01-08 16:54:18,754 - INFO - d_prime: 11 d: 13[0m
[32m2025-01-08 16:54:18,757 - INFO - d_prime: 12 d: 13[0m
[32m2025-01-08 16:54:18,759 - INFO - d_prime: 13 d: 13[0m
[32m2025-01-08 16:54:18,761 - INFO - forbidden_vars: ([{1:1},{1:1},{3:1},{5:1},{1:1,3:1},{1:1,5:1},{3:1,6:1},{1:3},{1:2,3:1},{1:1,3:2},{1:3},{1:1,4:1,5:1,6:1},{1:4},{1:3,3:1},{3:1,4:1,5:1,6:1},{3:3,5:1},{3:2,6:1,7:1},{3:3,4:1},{3:3,5:1},{1:2,3:3},{3:3,6:1,7:1}])[0m
[32m2025-01-08 16:54:18,761 - INFO - False[0m
[32m2025-01-08 16:54:18,761 - INFO - Number of cuts added: 32 (bad=0, good=32)[0m
[32m2025-01-08 16:54:18,761 - INFO - Unnecessary comps: (0 / 32)[0m
[32m2025-01-08 16:54:18,761 - INFO - Calls to is_day_infeasible: cp_solver=59/ total=140 stored=81[0m
[32m2025-01-08 16:54:18,761 - INFO - Is feasible: 3051.7069144248962 0.9997292898032764[0m
[32m2025-01-08 16:54:18,761 - INFO - Subsolver: Solve Model: 3049.383091211319/0.999255181406634[0m
[32m2025-01-08 16:54:18,761 - INFO - Subsolver: Create Model: 2.272930145263672/0.0007448185933659928[0m
[32m2025-01-08 16:54:18,761 - INFO - Num_constraints-added: 149[0m
     0     0  684.00000    0    4          -  684.00000      -     - 3143s
[32m2025-01-08 16:54:54,455 - INFO - d_prime: 7 d: 7[0m
[32m2025-01-08 16:54:54,458 - INFO - d_prime: 8 d: 7[0m
[32m2025-01-08 16:54:54,462 - INFO - forbidden_vars: ([{0:1},{0:1},{0:1},{2:1},{5:1},{0:2},{0:2},{0:1,1:1},{1:1,2:1},{0:3},{0:1,2:1,4:1},{0:2,2:1},{1:1,2:1,4:1},{1:3},{2:1,5:1,7:1},{2:1,5:2},{2:1,4:1,5:1},{5:1,7:2},{0:1,5:2,7:1},{0:1,4:1,5:1,7:1},{0:1,2:1,4:1,5:1},{1:2,2:1,4:1},{2:1,7:3},{4:1,7:3}])[0m
[32m2025-01-08 16:54:54,462 - INFO - False[0m
[32m2025-01-08 16:56:36,917 - INFO - d_prime: 9 d: 10[0m
[32m2025-01-08 16:56:36,952 - INFO - d_prime: 10 d: 10[0m
[32m2025-01-08 16:56:36,954 - INFO - d_prime: 11 d: 10[0m
[32m2025-01-08 16:56:36,956 - INFO - d_prime: 12 d: 10[0m
[32m2025-01-08 16:56:36,958 - INFO - forbidden_vars: ([{0:1},{3:1},{5:1},{5:1},{0:1,2:1},{0:1,2:1},{1:1,7:1},{1:1,2:1},{2:1,3:1},{2:2},{2:1,4:1},{2:2},{2:2},{3:1,4:1},{3:1,5:1},{4:1,7:1},{7:2},{1:1,3:1,7:1},{2:2,3:1},{2:2,7:1},{0:1,2:2,4:1},{1:1,2:1,4:1,5:1},{2:2,3:3}])[0m
[32m2025-01-08 16:56:36,958 - INFO - False[0m
[32m2025-01-08 16:56:41,448 - INFO - d_prime: 9 d: 13[0m
[32m2025-01-08 16:56:41,451 - INFO - d_prime: 10 d: 13[0m
[32m2025-01-08 16:56:41,454 - INFO - d_prime: 11 d: 13[0m
[32m2025-01-08 16:56:41,456 - INFO - d_prime: 12 d: 13[0m
[32m2025-01-08 16:56:41,458 - INFO - d_prime: 13 d: 13[0m
[32m2025-01-08 16:56:41,460 - INFO - forbidden_vars: ([{1:1},{1:1},{3:1},{5:1},{1:1,3:1},{1:1,5:1},{3:1,6:1},{1:3},{1:1,3:2},{1:3},{3:2,4:1},{1:2,3:2},{1:1,4:1,5:1,6:1},{1:4},{1:3,3:1},{3:1,4:1,5:1,6:1},{3:3,5:1},{3:2,6:1,7:1},{3:3,5:1},{1:2,3:3},{3:3,6:1,7:1}])[0m
[32m2025-01-08 16:56:41,460 - INFO - False[0m
     0     0  684.00000    0    4          -  684.00000      -     - 3286s
[32m2025-01-08 16:56:45,125 - INFO - d_prime: 1 d: 1[0m
[32m2025-01-08 16:56:45,126 - INFO - d_prime: 2 d: 1[0m
[32m2025-01-08 16:56:45,126 - INFO - d_prime: 3 d: 1[0m
[32m2025-01-08 16:56:45,127 - INFO - d_prime: 4 d: 1[0m
[32m2025-01-08 16:56:45,127 - INFO - d_prime: 5 d: 1[0m
[32m2025-01-08 16:56:45,128 - INFO - d_prime: 6 d: 1[0m
[32m2025-01-08 16:56:45,128 - INFO - d_prime: 7 d: 1[0m
[32m2025-01-08 16:56:45,129 - INFO - d_prime: 8 d: 1[0m
[32m2025-01-08 16:56:45,129 - INFO - d_prime: 9 d: 1[0m
[32m2025-01-08 16:56:45,130 - INFO - d_prime: 10 d: 1[0m
[32m2025-01-08 16:56:45,130 - INFO - forbidden_vars: ([{0:1,1:1},{0:2,1:1},{3:3},{0:1,3:3,7:1}])[0m
[32m2025-01-08 16:56:45,130 - INFO - False[0m
[32m2025-01-08 16:57:28,450 - INFO - d_prime: 7 d: 7[0m
[32m2025-01-08 16:57:28,452 - INFO - d_prime: 8 d: 7[0m
[32m2025-01-08 16:57:28,458 - INFO - forbidden_vars: ([{0:1},{2:1},{2:1},{2:1},{5:1},{0:2},{0:2},{0:2},{0:2},{1:1,2:1},{2:1,5:1},{0:3},{0:1,1:1,4:1},{0:3},{1:1,2:1,5:1},{2:1,5:1,7:1},{0:1,5:2,7:1},{0:1,2:1,4:2},{0:2,2:1,5:1},{0:1,1:1,5:2},{1:4},{2:1,7:3},{4:1,5:2,7:1},{7:4}])[0m
[32m2025-01-08 16:57:28,458 - INFO - False[0m
[32m2025-01-08 16:58:22,900 - INFO - d_prime: 9 d: 13[0m
[32m2025-01-08 16:58:22,903 - INFO - d_prime: 10 d: 13[0m
[32m2025-01-08 16:58:22,906 - INFO - d_prime: 11 d: 13[0m
[32m2025-01-08 16:58:22,908 - INFO - d_prime: 12 d: 13[0m
[32m2025-01-08 16:58:22,911 - INFO - d_prime: 13 d: 13[0m
[32m2025-01-08 16:58:22,912 - INFO - forbidden_vars: ([{1:1},{1:1},{1:1},{3:1},{4:1},{1:1,3:1},{1:2},{1:1,3:1,6:1},{1:2,6:1},{3:2,6:1},{1:1,3:2,6:1},{1:4},{1:1,3:1,4:1,6:1},{1:4},{1:2,3:2},{3:1,4:1,5:1,6:1},{3:3,5:1},{3:2,6:1,7:1},{3:2,5:2},{1:2,3:2,5:1},{3:3,6:1,7:1}])[0m
[32m2025-01-08 16:58:22,913 - INFO - False[0m
     0     0  684.00000    0    4          -  684.00000      -     - 3387s
[32m2025-01-08 16:58:28,064 - INFO - d_prime: 1 d: 1[0m
[32m2025-01-08 16:58:28,065 - INFO - d_prime: 2 d: 1[0m
[32m2025-01-08 16:58:28,065 - INFO - d_prime: 3 d: 1[0m
[32m2025-01-08 16:58:28,065 - INFO - d_prime: 4 d: 1[0m
[32m2025-01-08 16:58:28,066 - INFO - d_prime: 5 d: 1[0m
[32m2025-01-08 16:58:28,066 - INFO - d_prime: 6 d: 1[0m
[32m2025-01-08 16:58:28,067 - INFO - d_prime: 7 d: 1[0m
[32m2025-01-08 16:58:28,067 - INFO - d_prime: 8 d: 1[0m
[32m2025-01-08 16:58:28,067 - INFO - d_prime: 9 d: 1[0m
[32m2025-01-08 16:58:28,068 - INFO - d_prime: 10 d: 1[0m
[32m2025-01-08 16:58:28,068 - INFO - forbidden_vars: ([{0:2},{0:1,1:2},{3:3},{0:1,3:3,7:1}])[0m
[32m2025-01-08 16:58:28,068 - INFO - True[0m
[32m2025-01-08 16:59:25,674 - INFO - d_prime: 7 d: 7[0m
[32m2025-01-08 16:59:25,677 - INFO - d_prime: 8 d: 7[0m
[32m2025-01-08 16:59:25,682 - INFO - forbidden_vars: ([{1:1},{2:1},{2:1},{2:1},{5:1},{0:2},{0:2},{0:1,5:1},{0:1,1:1},{0:2},{0:2},{1:1,2:1},{0:3},{0:1,2:1,4:1},{0:2,5:1},{2:1,5:1,7:1},{4:2,7:1},{0:1,5:2,7:1},{0:2,4:2},{0:1,1:2,7:1},{0:2,7:2},{1:3,2:1},{2:1,7:3},{2:1,4:2,5:1},{2:1,5:2,7:1}])[0m
[32m2025-01-08 16:59:25,682 - INFO - False[0m
[32m2025-01-08 17:01:02,406 - INFO - d_prime: 9 d: 13[0m
[32m2025-01-08 17:01:02,416 - INFO - d_prime: 10 d: 13[0m
[32m2025-01-08 17:01:02,418 - INFO - d_prime: 11 d: 13[0m
[32m2025-01-08 17:01:02,421 - INFO - d_prime: 12 d: 13[0m
[32m2025-01-08 17:01:02,423 - INFO - d_prime: 13 d: 13[0m
[32m2025-01-08 17:01:02,424 - INFO - forbidden_vars: ([{1:1},{1:1},{3:1},{6:1},{1:1,3:1},{1:2},{4:1,5:1},{1:2,3:1},{1:2,5:1},{1:1,4:1,5:1},{1:4},{1:4},{1:1,3:3},{1:4},{3:1,4:1,5:1,6:1},{3:3,5:1},{3:2,6:1,7:1},{3:2,5:1,6:1},{3:3,6:1},{3:4},{3:3,6:1,7:1}])[0m
[32m2025-01-08 17:01:02,424 - INFO - False[0m
     0     0  684.00000    0    4          -  684.00000      -     - 3547s
[32m2025-01-08 17:01:07,551 - INFO - d_prime: 1 d: 1[0m
[32m2025-01-08 17:01:07,552 - INFO - d_prime: 2 d: 1[0m
[32m2025-01-08 17:01:07,552 - INFO - d_prime: 3 d: 1[0m
[32m2025-01-08 17:01:07,553 - INFO - d_prime: 4 d: 1[0m
[32m2025-01-08 17:01:07,553 - INFO - d_prime: 5 d: 1[0m
[32m2025-01-08 17:01:07,554 - INFO - d_prime: 6 d: 1[0m
[32m2025-01-08 17:01:07,554 - INFO - d_prime: 7 d: 1[0m
[32m2025-01-08 17:01:07,555 - INFO - d_prime: 8 d: 1[0m
[32m2025-01-08 17:01:07,555 - INFO - d_prime: 9 d: 1[0m
[32m2025-01-08 17:01:07,556 - INFO - d_prime: 10 d: 1[0m
[32m2025-01-08 17:01:07,556 - INFO - forbidden_vars: ([{0:1,1:1},{0:2,1:1},{3:3},{0:1,3:3,7:1}])[0m
[32m2025-01-08 17:01:07,556 - INFO - True[0m
