1.NAME: LBBDSolver
2.PARAMS: {'break_symmetry': True, 'add_constraints_to_symmetrc_days': True, 'subsolver_cls': 'CPSubSolver'}
3.INSTANCE: /home/wx350715/Kobra/rehabiliation-admission-scheduling/data/comp_study_002/instance_8_5.txt
4.REPETITION: 1
Current directory: /home/wx350715/Kobra/rehabiliation-admission-scheduling
[34m2025-01-08 17:08:18,733 - DEBUG - Solver: <class 'src.solvers.benders.LBBDSolver'>[0m
[34m2025-01-08 17:08:18,733 - DEBUG - Args: {'break_symmetry': True, 'add_constraints_to_symmetrc_days': True, 'subsolver_cls': 'CPSubSolver'}[0m
[34m2025-01-08 17:08:18,733 - DEBUG - File path /home/wx350715/Kobra/rehabiliation-admission-scheduling/data/comp_study_002/instance_8_5.txt[0m
[34m2025-01-08 17:08:18,733 - DEBUG - ADD INSTANCE DATA[0m
[34m2025-01-08 17:08:18,733 - DEBUG - ADD INSTANCE DATA[0m
[34m2025-01-08 17:08:18,733 - DEBUG - ADD INSTANCE DATA[0m
[34m2025-01-08 17:08:18,733 - DEBUG - ADD INSTANCE DATA[0m
[34m2025-01-08 17:08:18,733 - DEBUG - ADD INSTANCE DATA[0m
[34m2025-01-08 17:08:18,733 - DEBUG - ADD INSTANCE DATA[0m
[34m2025-01-08 17:08:18,733 - DEBUG - ADD INSTANCE DATA[0m
[34m2025-01-08 17:08:18,733 - DEBUG - ADD INSTANCE DATA[0m
[34m2025-01-08 17:08:18,734 - DEBUG - ADD INSTANCE DATA[0m
[34m2025-01-08 17:08:18,734 - DEBUG - ADD INSTANCE DATA[0m
[34m2025-01-08 17:08:18,734 - DEBUG - ADD INSTANCE DATA[0m
[34m2025-01-08 17:08:18,734 - DEBUG - ADD RESOURCE_GROUPS[0m
[34m2025-01-08 17:08:18,734 - DEBUG - ADD RESOURCE_GROUPS[0m
[34m2025-01-08 17:08:18,734 - DEBUG - ADD RESOURCE_GROUPS[0m
[34m2025-01-08 17:08:18,734 - DEBUG - ADD RESOURCE_GROUPS[0m
[34m2025-01-08 17:08:18,734 - DEBUG - ADD RESOURCE_GROUPS[0m
[34m2025-01-08 17:08:18,734 - DEBUG - ADD RESOURCES[0m
[34m2025-01-08 17:08:18,734 - DEBUG - ADD RESOURCES[0m
[34m2025-01-08 17:08:18,734 - DEBUG - ADD RESOURCES[0m
[34m2025-01-08 17:08:18,734 - DEBUG - ADD RESOURCES[0m
[34m2025-01-08 17:08:18,734 - DEBUG - ADD RESOURCES[0m
[34m2025-01-08 17:08:18,735 - DEBUG - ADD RESOURCES[0m
[34m2025-01-08 17:08:18,735 - DEBUG - ADD RESOURCES[0m
[34m2025-01-08 17:08:18,735 - DEBUG - ADD RESOURCES[0m
[34m2025-01-08 17:08:18,735 - DEBUG - ADD RESOURCES[0m
[34m2025-01-08 17:08:18,735 - DEBUG - ADD RESOURCES[0m
[34m2025-01-08 17:08:18,735 - DEBUG - ADD TREATMENTS[0m
[34m2025-01-08 17:08:18,735 - DEBUG - ADD TREATMENTS[0m
[34m2025-01-08 17:08:18,735 - DEBUG - ADD TREATMENTS[0m
[34m2025-01-08 17:08:18,735 - DEBUG - ADD TREATMENTS[0m
[34m2025-01-08 17:08:18,735 - DEBUG - ADD TREATMENTS[0m
[34m2025-01-08 17:08:18,735 - DEBUG - ADD TREATMENTS[0m
[34m2025-01-08 17:08:18,736 - DEBUG - ADD TREATMENTS[0m
[34m2025-01-08 17:08:18,736 - DEBUG - ADD TREATMENTS[0m
[34m2025-01-08 17:08:18,736 - DEBUG - ADD TREATMENTS[0m
[34m2025-01-08 17:08:18,736 - DEBUG - ADD TREATMENTS[0m
[34m2025-01-08 17:08:18,736 - DEBUG - ADD PATIENTS[0m
[34m2025-01-08 17:08:18,736 - DEBUG - ADD PATIENTS[0m
[34m2025-01-08 17:08:18,736 - DEBUG - ADD PATIENTS[0m
[34m2025-01-08 17:08:18,736 - DEBUG - ADD PATIENTS[0m
[34m2025-01-08 17:08:18,736 - DEBUG - ADD PATIENTS[0m
[34m2025-01-08 17:08:18,737 - DEBUG - ADD PATIENTS[0m
[34m2025-01-08 17:08:18,737 - DEBUG - ADD PATIENTS[0m
[34m2025-01-08 17:08:18,737 - DEBUG - ADD PATIENTS[0m
[34m2025-01-08 17:08:18,737 - DEBUG - ADD PATIENTS[0m
[34m2025-01-08 17:08:18,737 - DEBUG - ADD PATIENTS[0m
[34m2025-01-08 17:08:18,737 - DEBUG - ADD PATIENTS[0m
[34m2025-01-08 17:08:18,737 - DEBUG - ADD PATIENTS[0m
[34m2025-01-08 17:08:18,737 - DEBUG - ADD PATIENTS[0m
[34m2025-01-08 17:08:18,737 - DEBUG - ADD PATIENTS[0m
[34m2025-01-08 17:08:18,737 - DEBUG - ADD PATIENTS[0m
[34m2025-01-08 17:08:18,738 - DEBUG - ADD PATIENTS[0m
[34m2025-01-08 17:08:18,738 - DEBUG - ADD PATIENTS[0m
[34m2025-01-08 17:08:18,738 - DEBUG - ADD PATIENTS[0m
[34m2025-01-08 17:08:18,738 - DEBUG - ADD PATIENTS[0m
[34m2025-01-08 17:08:18,738 - DEBUG - ADD PATIENTS[0m
[34m2025-01-08 17:08:18,738 - DEBUG - Instance data:[0m
[34m2025-01-08 17:08:18,739 - DEBUG - Number of patients: 19[0m
[34m2025-01-08 17:08:18,740 - DEBUG - Number of beds: 40[0m
[34m2025-01-08 17:08:18,740 - DEBUG - Average number of treatments per patient: 25.42105263157895[0m
[34m2025-01-08 17:08:18,740 - DEBUG - Average number of treatment per stayed day: 2.542105263157895[0m
[34m2025-01-08 17:08:18,740 - DEBUG - Number of treatments: 483[0m
[34m2025-01-08 17:08:18,740 - DEBUG - Number of resources: 10[0m
[34m2025-01-08 17:08:18,740 - DEBUG - Number of resource groups: 5[0m
[34m2025-01-08 17:08:18,740 - DEBUG - Number of resource hours needed per all treatment by RG(rooms): 22.09999999999998[0m
[34m2025-01-08 17:08:18,740 - DEBUG - Number of resource hours needed per all treatment by RG(physiotherapist): 9.75[0m
[34m2025-01-08 17:08:18,740 - DEBUG - Number of resource hours needed per all treatment by RG(therapists): 7.975000000000001[0m
[34m2025-01-08 17:08:18,740 - DEBUG - Number of resource hours needed per all treatment by RG(sport_room): 5.625[0m
[32m2025-01-08 17:08:18,740 - INFO - {'solver': 'LBBDSolver', 'args': {'break_symmetry': False, 'subsolver_cls': <class 'src.solvers.subsolvers.cp_subsolver.CPSubsolver'>, 'subsolver.store_results': True, 'subsolver.store_results_method': 'hash', 'use_helper_constraints': True, 'enforce_min_treatments_per_day': True, 'enforce_max_treatments_per_e_w': True, 'enforce_min_patients_per_treatment': True, 'log_to_console': True}}[0m
[34m2025-01-08 17:08:18,740 - DEBUG - Setting options: LBBDSolver[0m
[34m2025-01-08 17:08:18,740 - DEBUG -  ---- break_symmetry to False[0m
[34m2025-01-08 17:08:18,740 - DEBUG -  ---- subsolver_cls to <class 'src.solvers.subsolvers.cp_subsolver.CPSubsolver'>[0m
[34m2025-01-08 17:08:18,740 - DEBUG -  ---- use_helper_constraints to True[0m
[34m2025-01-08 17:08:18,740 - DEBUG -  ---- add_constraints_to_symmetric_days to True (default)[0m
[34m2025-01-08 17:08:18,740 - DEBUG - Setting options: Solver[0m
[34m2025-01-08 17:08:18,740 - DEBUG -  ---- number_of_threads to 1 (default)[0m
[34m2025-01-08 17:08:18,740 - DEBUG -  ---- treatment_value to 0 (default)[0m
[34m2025-01-08 17:08:18,740 - DEBUG -  ---- delay_value to 1 (default)[0m
[34m2025-01-08 17:08:18,740 - DEBUG -  ---- missing_treatment_value to 4 (default)[0m
[34m2025-01-08 17:08:18,741 - DEBUG -  ---- enforce_min_treatments_per_day to True[0m
[34m2025-01-08 17:08:18,741 - DEBUG -  ---- enforce_max_treatments_per_e_w to True[0m
[34m2025-01-08 17:08:18,741 - DEBUG -  ---- enforce_min_patients_per_treatment to True[0m
[34m2025-01-08 17:08:18,741 - DEBUG -  ---- log_to_console to True[0m
[34m2025-01-08 17:08:18,741 - DEBUG -  ---- log_to_file to True (default)[0m
[34m2025-01-08 17:08:18,815 - DEBUG - Setting options: CPSubsolver[0m
[34m2025-01-08 17:08:18,815 - DEBUG -  ---- estimated_needed_treatments to True (default)[0m
[34m2025-01-08 17:08:18,815 - DEBUG -  ---- add_patient_symmetry to False (default)[0m
[34m2025-01-08 17:08:18,815 - DEBUG - Setting Subsolver options: SubSolver[0m
[34m2025-01-08 17:08:18,815 - DEBUG -  ---- store_results to True[0m
[34m2025-01-08 17:08:18,815 - DEBUG -  ---- store_results_method to hash[0m
[34m2025-01-08 17:08:18,815 - DEBUG -  ---- enforce_min_patients_per_treatment to True[0m
[34m2025-01-08 17:08:18,815 - DEBUG -  ---- use_day_symmetry to True (default)[0m
[32m2025-01-08 17:08:18,861 - INFO - Create model: LBBDSolver[0m
Set parameter TSPort to value 50039
Set parameter TokenServer to value "license.itc.rwth-aachen.de"
Set parameter Threads to value 1
Set parameter LazyConstraints to value 1
[34m2025-01-08 17:08:19,045 - DEBUG - Variables created.[0m
[34m2025-01-08 17:08:19,604 - DEBUG - Constraint (not too many treatments) created.[0m
[34m2025-01-08 17:08:20,053 - DEBUG - Constraint (no_treatments_outside admittance) created.[0m
[34m2025-01-08 17:08:20,054 - DEBUG - Constraint (bed_usage) created.[0m
[34m2025-01-08 17:08:20,054 - DEBUG - Constraint (must be admitted) created.[0m
[34m2025-01-08 17:08:20,111 - DEBUG - Constraint (e_w_ub) created.[0m
[34m2025-01-08 17:08:20,130 - DEBUG - Constraint (day_ub) created.[0m
[34m2025-01-08 17:08:20,148 - DEBUG - Constraint (Day always) created.[0m
[34m2025-01-08 17:08:20,149 - DEBUG - Constraint (already_admitted) created.[0m
[32m2025-01-08 17:08:20,613 - INFO - Time to create model: 1.752[0m
[32m2025-01-08 17:08:20,613 - INFO - Solving model: LBBDSolver[0m
Gurobi Optimizer version 10.0.0 build v10.0.0rc2 (linux64)

CPU model: Intel(R) Xeon(R) Platinum 8468, instruction set [SSE2|AVX|AVX2|AVX512]
Thread count: 96 physical cores, 96 logical processors, using up to 1 threads

Optimize a model with 84503 rows, 35363 columns and 680706 nonzeros
Model fingerprint: 0x195c4b44
Variable types: 3 continuous, 35360 integer (35360 binary)
Coefficient statistics:
  Matrix range     [1e+00, 2e+01]
  Objective range  [1e+00, 1e+01]
  Bounds range     [1e+00, 1e+00]
  RHS range        [1e+00, 2e+03]
Presolve added 0 rows and 290 columns
Presolve removed 43380 rows and 0 columns
Presolve time: 0.96s
Presolved: 41123 rows, 35653 columns, 486957 nonzeros
Variable types: 1 continuous, 35652 integer (35504 binary)
Root relaxation presolved: 41069 rows, 35707 columns, 469740 nonzeros


Use crossover to convert LP symmetric solution to basic solution...

Root relaxation: objective 5.400000e+02, 9624 iterations, 0.32 seconds (0.31 work units)

    Nodes    |    Current Node    |     Objective Bounds      |     Work
 Expl Unexpl |  Obj  Depth IntInf | Incumbent    BestBd   Gap | It/Node Time

     0     0  540.00000    0   22          -  540.00000      -     -    3s
[32m2025-01-08 17:08:31,951 - INFO - d_prime: 3 d: 3[0m
[32m2025-01-08 17:08:31,953 - INFO - d_prime: 4 d: 3[0m
[32m2025-01-08 17:08:31,954 - INFO - d_prime: 5 d: 3[0m
[32m2025-01-08 17:08:31,955 - INFO - d_prime: 6 d: 3[0m
[32m2025-01-08 17:08:31,956 - INFO - d_prime: 7 d: 3[0m
[32m2025-01-08 17:08:31,957 - INFO - d_prime: 8 d: 3[0m
[32m2025-01-08 17:08:31,958 - INFO - d_prime: 9 d: 3[0m
[32m2025-01-08 17:08:31,959 - INFO - forbidden_vars: ([{3:1,4:1},{3:2},{5:1,6:1},{5:1,6:1},{1:1,5:1,6:1},{1:2,7:1},{3:3},{1:1,6:1,7:2},{3:4},{5:3,6:1}])[0m
[32m2025-01-08 17:08:31,959 - INFO - False[0m
     0     0  540.00000    0   22          -  540.00000      -     -   25s
[32m2025-01-08 17:08:54,551 - INFO - d_prime: 3 d: 3[0m
[32m2025-01-08 17:08:54,551 - INFO - d_prime: 4 d: 3[0m
[32m2025-01-08 17:08:54,552 - INFO - d_prime: 5 d: 3[0m
[32m2025-01-08 17:08:54,553 - INFO - d_prime: 6 d: 3[0m
[32m2025-01-08 17:08:54,554 - INFO - d_prime: 7 d: 3[0m
[32m2025-01-08 17:08:54,554 - INFO - d_prime: 8 d: 3[0m
[32m2025-01-08 17:08:54,555 - INFO - d_prime: 9 d: 3[0m
[32m2025-01-08 17:08:54,556 - INFO - forbidden_vars: ([{1:1,6:1},{3:1,4:1},{3:2},{5:1,6:1},{5:1,6:1},{1:2,7:1},{3:3},{1:1,6:1,7:2},{3:4},{5:3,6:1}])[0m
[32m2025-01-08 17:08:54,556 - INFO - False[0m
[32m2025-01-08 17:09:01,353 - INFO - d_prime: 3 d: 3[0m
[32m2025-01-08 17:09:01,354 - INFO - d_prime: 4 d: 3[0m
[32m2025-01-08 17:09:01,355 - INFO - d_prime: 5 d: 3[0m
[32m2025-01-08 17:09:01,356 - INFO - d_prime: 6 d: 3[0m
[32m2025-01-08 17:09:01,357 - INFO - d_prime: 7 d: 3[0m
[32m2025-01-08 17:09:01,358 - INFO - d_prime: 8 d: 3[0m
[32m2025-01-08 17:09:01,359 - INFO - d_prime: 9 d: 3[0m
[32m2025-01-08 17:09:01,360 - INFO - forbidden_vars: ([{3:1,4:1},{3:2},{5:1,6:1},{5:1,6:1},{1:1,5:1,6:1},{1:2,7:1},{3:3},{5:2,6:1},{1:1,6:1,7:2},{3:4}])[0m
[32m2025-01-08 17:09:01,360 - INFO - False[0m
[32m2025-01-08 17:09:06,385 - INFO - d_prime: 3 d: 3[0m
[32m2025-01-08 17:09:06,386 - INFO - d_prime: 4 d: 3[0m
[32m2025-01-08 17:09:06,387 - INFO - d_prime: 5 d: 3[0m
[32m2025-01-08 17:09:06,388 - INFO - d_prime: 6 d: 3[0m
[32m2025-01-08 17:09:06,388 - INFO - d_prime: 7 d: 3[0m
[32m2025-01-08 17:09:06,389 - INFO - d_prime: 8 d: 3[0m
[32m2025-01-08 17:09:06,390 - INFO - d_prime: 9 d: 3[0m
[32m2025-01-08 17:09:06,391 - INFO - forbidden_vars: ([{3:1,4:1},{3:2},{5:1,6:1},{5:1,6:1},{1:1,5:1,6:1},{1:2,7:1},{3:3},{6:1,7:2},{3:4},{5:3,6:1}])[0m
[32m2025-01-08 17:09:06,391 - INFO - False[0m
     0     0  540.00000    0   22          -  540.00000      -     -   45s
[32m2025-01-08 17:09:15,829 - INFO - d_prime: 3 d: 3[0m
[32m2025-01-08 17:09:15,830 - INFO - d_prime: 4 d: 3[0m
[32m2025-01-08 17:09:15,831 - INFO - d_prime: 5 d: 3[0m
[32m2025-01-08 17:09:15,832 - INFO - d_prime: 6 d: 3[0m
[32m2025-01-08 17:09:15,832 - INFO - d_prime: 7 d: 3[0m
[32m2025-01-08 17:09:15,833 - INFO - d_prime: 8 d: 3[0m
[32m2025-01-08 17:09:15,834 - INFO - d_prime: 9 d: 3[0m
[32m2025-01-08 17:09:15,835 - INFO - forbidden_vars: ([{1:1,7:1},{3:1,4:1},{3:2},{5:1,6:1},{5:1,6:1},{1:1,5:1,6:1},{3:3},{1:1,6:1,7:2},{3:4},{5:3,6:1}])[0m
[32m2025-01-08 17:09:15,835 - INFO - False[0m
[32m2025-01-08 17:09:15,835 - INFO - Number of cuts added: 5 (bad=0, good=5)[0m
[32m2025-01-08 17:09:15,835 - INFO - Unnecessary comps: (0 / 5)[0m
[32m2025-01-08 17:09:15,835 - INFO - Calls to is_day_infeasible: cp_solver=14/ total=50 stored=36[0m
[32m2025-01-08 17:09:15,835 - INFO - Is feasible: 51.25035786628723 0.9981087344170632[0m
[32m2025-01-08 17:09:15,835 - INFO - Subsolver: Solve Model: 50.91558480262756/0.9935604454305283[0m
[32m2025-01-08 17:09:15,835 - INFO - Subsolver: Create Model: 0.3299987316131592/0.006439554569471615[0m
[32m2025-01-08 17:09:15,835 - INFO - Num_constraints-added: 35[0m
     0     0  540.00000    0   37          -  540.00000      -     -   55s
     0     0  540.00000    0   37          -  540.00000      -     -   55s
[32m2025-01-08 17:09:25,782 - INFO - d_prime: 3 d: 3[0m
[32m2025-01-08 17:09:25,783 - INFO - d_prime: 4 d: 3[0m
[32m2025-01-08 17:09:25,784 - INFO - d_prime: 5 d: 3[0m
[32m2025-01-08 17:09:25,785 - INFO - d_prime: 6 d: 3[0m
[32m2025-01-08 17:09:25,785 - INFO - d_prime: 7 d: 3[0m
[32m2025-01-08 17:09:25,786 - INFO - d_prime: 8 d: 3[0m
[32m2025-01-08 17:09:25,787 - INFO - d_prime: 9 d: 3[0m
[32m2025-01-08 17:09:25,788 - INFO - forbidden_vars: ([{3:1,4:1},{3:2},{5:1,6:1},{5:1,6:1},{1:1,5:1,6:1},{3:3},{1:2,7:2},{1:2,6:1,7:1},{3:4},{5:3,6:1}])[0m
[32m2025-01-08 17:09:25,788 - INFO - False[0m
     0     0  540.00000    0    -          -  540.00000      -     -   87s
     0     0  540.00000    0   14          -  540.00000      -     -   87s
[32m2025-01-08 17:09:55,063 - INFO - d_prime: 3 d: 3[0m
[32m2025-01-08 17:09:55,064 - INFO - d_prime: 4 d: 3[0m
[32m2025-01-08 17:09:55,065 - INFO - d_prime: 5 d: 3[0m
[32m2025-01-08 17:09:55,066 - INFO - d_prime: 6 d: 3[0m
[32m2025-01-08 17:09:55,067 - INFO - d_prime: 7 d: 3[0m
[32m2025-01-08 17:09:55,068 - INFO - d_prime: 8 d: 3[0m
[32m2025-01-08 17:09:55,069 - INFO - d_prime: 9 d: 3[0m
[32m2025-01-08 17:09:55,069 - INFO - forbidden_vars: ([{3:1,4:1},{3:2},{5:1,6:1},{5:1,6:1},{1:1,5:1,6:1},{3:3},{1:1,5:2,6:1},{1:2,7:2},{1:2,6:1,7:1},{3:4}])[0m
[32m2025-01-08 17:09:55,069 - INFO - False[0m
     0     0  540.00000    0   14          -  540.00000      -     -  112s
[32m2025-01-08 17:10:20,501 - INFO - d_prime: 3 d: 3[0m
[32m2025-01-08 17:10:20,502 - INFO - d_prime: 4 d: 3[0m
[32m2025-01-08 17:10:20,503 - INFO - d_prime: 5 d: 3[0m
[32m2025-01-08 17:10:20,504 - INFO - d_prime: 6 d: 3[0m
[32m2025-01-08 17:10:20,504 - INFO - d_prime: 7 d: 3[0m
[32m2025-01-08 17:10:20,505 - INFO - d_prime: 8 d: 3[0m
[32m2025-01-08 17:10:20,506 - INFO - d_prime: 9 d: 3[0m
[32m2025-01-08 17:10:20,507 - INFO - forbidden_vars: ([{3:1,4:1},{3:2},{5:1,6:1},{5:1,6:1},{3:3},{5:2,6:1},{1:1,5:2,6:1},{1:2,7:2},{1:2,6:1,7:1},{3:4}])[0m
[32m2025-01-08 17:10:20,507 - INFO - False[0m
[32m2025-01-08 17:10:31,203 - INFO - d_prime: 3 d: 3[0m
[32m2025-01-08 17:10:31,205 - INFO - d_prime: 4 d: 3[0m
[32m2025-01-08 17:10:31,205 - INFO - d_prime: 5 d: 3[0m
[32m2025-01-08 17:10:31,207 - INFO - d_prime: 6 d: 3[0m
[32m2025-01-08 17:10:31,208 - INFO - d_prime: 7 d: 3[0m
[32m2025-01-08 17:10:31,209 - INFO - d_prime: 8 d: 3[0m
[32m2025-01-08 17:10:31,209 - INFO - d_prime: 9 d: 3[0m
[32m2025-01-08 17:10:31,210 - INFO - forbidden_vars: ([{3:1,4:1},{3:2},{5:1,6:1},{5:1,6:1},{1:1,5:1,6:1},{3:3},{5:2,6:1},{1:2,7:2},{1:2,6:1,7:1},{3:4}])[0m
[32m2025-01-08 17:10:31,210 - INFO - False[0m
[32m2025-01-08 17:10:38,551 - INFO - d_prime: 3 d: 3[0m
[32m2025-01-08 17:10:38,553 - INFO - d_prime: 4 d: 3[0m
[32m2025-01-08 17:10:38,554 - INFO - d_prime: 5 d: 3[0m
[32m2025-01-08 17:10:38,554 - INFO - d_prime: 6 d: 3[0m
[32m2025-01-08 17:10:38,555 - INFO - d_prime: 7 d: 3[0m
[32m2025-01-08 17:10:38,556 - INFO - d_prime: 8 d: 3[0m
[32m2025-01-08 17:10:38,557 - INFO - d_prime: 9 d: 3[0m
[32m2025-01-08 17:10:38,557 - INFO - forbidden_vars: ([{3:1,4:1},{3:2},{5:1,6:1},{5:1,6:1},{1:1,5:1,6:1},{1:2,6:1},{3:3},{1:2,7:2},{3:4},{5:3,6:1}])[0m
[32m2025-01-08 17:10:38,558 - INFO - False[0m
[32m2025-01-08 17:10:38,558 - INFO - Number of cuts added: 10 (bad=0, good=10)[0m
[32m2025-01-08 17:10:38,558 - INFO - Unnecessary comps: (0 / 10)[0m
[32m2025-01-08 17:10:38,558 - INFO - Calls to is_day_infeasible: cp_solver=28/ total=100 stored=72[0m
[32m2025-01-08 17:10:38,558 - INFO - Is feasible: 132.65232133865356 0.9985560386101211[0m
[32m2025-01-08 17:10:38,558 - INFO - Subsolver: Solve Model: 131.95800638198853/0.9948929694630848[0m
[32m2025-01-08 17:10:38,558 - INFO - Subsolver: Create Model: 0.677372932434082/0.005107030536915164[0m
[32m2025-01-08 17:10:38,558 - INFO - Num_constraints-added: 70[0m
     0     0  540.00000    0   14          -  540.00000      -     -  137s
[32m2025-01-08 17:10:49,779 - INFO - d_prime: 3 d: 3[0m
[32m2025-01-08 17:10:49,780 - INFO - d_prime: 4 d: 3[0m
[32m2025-01-08 17:10:49,782 - INFO - d_prime: 5 d: 3[0m
[32m2025-01-08 17:10:49,782 - INFO - d_prime: 6 d: 3[0m
[32m2025-01-08 17:10:49,783 - INFO - d_prime: 7 d: 3[0m
[32m2025-01-08 17:10:49,784 - INFO - d_prime: 8 d: 3[0m
[32m2025-01-08 17:10:49,785 - INFO - d_prime: 9 d: 3[0m
[32m2025-01-08 17:10:49,786 - INFO - forbidden_vars: ([{3:1,4:1},{3:2},{5:1,6:1},{5:1,6:1},{1:1,5:1,6:1},{1:2,7:1},{3:3},{1:2,6:1,7:1},{3:4},{5:3,6:1}])[0m
[32m2025-01-08 17:10:49,786 - INFO - False[0m
[32m2025-01-08 17:10:56,839 - INFO - d_prime: 3 d: 3[0m
[32m2025-01-08 17:10:56,840 - INFO - d_prime: 4 d: 3[0m
[32m2025-01-08 17:10:56,841 - INFO - d_prime: 5 d: 3[0m
[32m2025-01-08 17:10:56,842 - INFO - d_prime: 6 d: 3[0m
[32m2025-01-08 17:10:56,843 - INFO - d_prime: 7 d: 3[0m
[32m2025-01-08 17:10:56,843 - INFO - d_prime: 8 d: 3[0m
[32m2025-01-08 17:10:56,844 - INFO - d_prime: 9 d: 3[0m
[32m2025-01-08 17:10:56,845 - INFO - forbidden_vars: ([{3:1,4:1},{3:2},{5:1,6:1},{5:1,6:1},{1:1,5:1,6:1},{3:3},{1:1,5:1,6:1,7:1},{1:2,7:2},{1:2,6:1,7:1},{3:4}])[0m
[32m2025-01-08 17:10:56,845 - INFO - False[0m
     0     0  540.00000    0    -          -  540.00000      -     -  168s
     0     0  540.00000    0   98          -  540.00000      -     -  168s
[32m2025-01-08 17:11:16,497 - INFO - d_prime: 3 d: 3[0m
[32m2025-01-08 17:11:16,498 - INFO - d_prime: 4 d: 3[0m
[32m2025-01-08 17:11:16,499 - INFO - d_prime: 5 d: 3[0m
[32m2025-01-08 17:11:16,500 - INFO - d_prime: 6 d: 3[0m
[32m2025-01-08 17:11:16,501 - INFO - d_prime: 7 d: 3[0m
[32m2025-01-08 17:11:16,502 - INFO - d_prime: 8 d: 3[0m
[32m2025-01-08 17:11:16,503 - INFO - d_prime: 9 d: 3[0m
[32m2025-01-08 17:11:16,504 - INFO - forbidden_vars: ([{3:1,4:1},{3:2},{5:1,6:1},{1:1,5:1,6:1},{1:1,5:1,6:1},{1:1,7:2},{3:3},{1:1,5:1,6:1,7:1},{1:2,6:1,7:1},{3:4}])[0m
[32m2025-01-08 17:11:16,504 - INFO - False[0m
     0     0  540.00000    0   98          -  540.00000      -     -  180s
[32m2025-01-08 17:11:29,198 - INFO - d_prime: 3 d: 3[0m
[32m2025-01-08 17:11:29,200 - INFO - d_prime: 4 d: 3[0m
[32m2025-01-08 17:11:29,201 - INFO - d_prime: 5 d: 3[0m
[32m2025-01-08 17:11:29,201 - INFO - d_prime: 6 d: 3[0m
[32m2025-01-08 17:11:29,202 - INFO - d_prime: 7 d: 3[0m
[32m2025-01-08 17:11:29,203 - INFO - d_prime: 8 d: 3[0m
[32m2025-01-08 17:11:29,204 - INFO - d_prime: 9 d: 3[0m
[32m2025-01-08 17:11:29,205 - INFO - forbidden_vars: ([{3:1,4:1},{3:2},{5:1,6:1},{5:1,6:1},{1:1,5:1,6:1},{3:3},{5:1,6:1,7:1},{1:2,7:2},{1:2,6:1,7:1},{3:4}])[0m
[32m2025-01-08 17:11:29,205 - INFO - False[0m
     0     0  540.00000    0    -          -  540.00000      -     -  192s
     0     0  540.00000    0    8          -  540.00000      -     -  192s
[32m2025-01-08 17:11:42,021 - INFO - d_prime: 3 d: 3[0m
[32m2025-01-08 17:11:42,022 - INFO - d_prime: 4 d: 3[0m
[32m2025-01-08 17:11:42,023 - INFO - d_prime: 5 d: 3[0m
[32m2025-01-08 17:11:42,024 - INFO - d_prime: 6 d: 3[0m
[32m2025-01-08 17:11:42,024 - INFO - d_prime: 7 d: 3[0m
[32m2025-01-08 17:11:42,025 - INFO - d_prime: 8 d: 3[0m
[32m2025-01-08 17:11:42,026 - INFO - d_prime: 9 d: 3[0m
[32m2025-01-08 17:11:42,027 - INFO - forbidden_vars: ([{3:1,4:1},{3:2},{5:1,6:1},{1:1,5:1,6:1},{1:2,6:1},{3:3},{5:2,6:1},{5:1,6:1,7:1},{1:2,7:2},{3:4}])[0m
[32m2025-01-08 17:11:42,027 - INFO - False[0m
[32m2025-01-08 17:11:44,119 - INFO - Number of cuts added: 15 (bad=0, good=15)[0m
[32m2025-01-08 17:11:44,120 - INFO - Unnecessary comps: (0 / 15)[0m
[32m2025-01-08 17:11:44,120 - INFO - Calls to is_day_infeasible: cp_solver=39/ total=150 stored=111[0m
[32m2025-01-08 17:11:44,120 - INFO - Is feasible: 197.01150250434875 0.9985462675049077[0m
[32m2025-01-08 17:11:44,120 - INFO - Subsolver: Solve Model: 196.02952218055725/0.9951250350691574[0m
[32m2025-01-08 17:11:44,120 - INFO - Subsolver: Create Model: 0.9603185653686523/0.004874964930842574[0m
[32m2025-01-08 17:11:44,120 - INFO - Num_constraints-added: 105[0m
     0     0  540.00000    0    8          -  540.00000      -     -  203s
[32m2025-01-08 17:11:51,864 - INFO - d_prime: 3 d: 3[0m
[32m2025-01-08 17:11:51,865 - INFO - d_prime: 4 d: 3[0m
[32m2025-01-08 17:11:51,866 - INFO - d_prime: 5 d: 3[0m
[32m2025-01-08 17:11:51,867 - INFO - d_prime: 6 d: 3[0m
[32m2025-01-08 17:11:51,868 - INFO - d_prime: 7 d: 3[0m
[32m2025-01-08 17:11:51,869 - INFO - d_prime: 8 d: 3[0m
[32m2025-01-08 17:11:51,870 - INFO - d_prime: 9 d: 3[0m
[32m2025-01-08 17:11:51,870 - INFO - forbidden_vars: ([{1:1,6:1},{3:1,4:1},{3:2},{5:1,6:1},{3:3},{5:2,6:1},{5:1,6:1,7:1},{1:2,7:2},{1:2,6:1,7:1},{3:4}])[0m
[32m2025-01-08 17:11:51,870 - INFO - False[0m
[32m2025-01-08 17:12:00,503 - INFO - d_prime: 3 d: 3[0m
[32m2025-01-08 17:12:00,505 - INFO - d_prime: 4 d: 3[0m
[32m2025-01-08 17:12:00,506 - INFO - d_prime: 5 d: 3[0m
[32m2025-01-08 17:12:00,506 - INFO - d_prime: 6 d: 3[0m
[32m2025-01-08 17:12:00,507 - INFO - d_prime: 7 d: 3[0m
[32m2025-01-08 17:12:00,508 - INFO - d_prime: 8 d: 3[0m
[32m2025-01-08 17:12:00,509 - INFO - d_prime: 9 d: 3[0m
[32m2025-01-08 17:12:00,509 - INFO - forbidden_vars: ([{3:1,4:1},{3:2},{5:1,6:1},{6:1,7:1},{1:1,5:1,6:1},{3:3},{5:2,6:1},{1:2,7:2},{1:2,6:1,7:1},{3:4}])[0m
[32m2025-01-08 17:12:00,509 - INFO - False[0m
[32m2025-01-08 17:12:08,938 - INFO - d_prime: 3 d: 3[0m
[32m2025-01-08 17:12:08,939 - INFO - d_prime: 4 d: 3[0m
[32m2025-01-08 17:12:08,939 - INFO - d_prime: 5 d: 3[0m
[32m2025-01-08 17:12:08,940 - INFO - d_prime: 6 d: 3[0m
[32m2025-01-08 17:12:08,941 - INFO - d_prime: 7 d: 3[0m
[32m2025-01-08 17:12:08,942 - INFO - d_prime: 8 d: 3[0m
[32m2025-01-08 17:12:08,942 - INFO - d_prime: 9 d: 3[0m
[32m2025-01-08 17:12:08,943 - INFO - forbidden_vars: ([{6:1},{3:1,4:1},{3:2},{1:1,5:1,6:1},{3:3},{5:2,6:1},{5:1,6:1,7:1},{1:2,7:2},{1:2,6:1,7:1},{3:4}])[0m
[32m2025-01-08 17:12:08,943 - INFO - False[0m
     0     0  540.00000    0    8          -  540.00000      -     -  228s
[32m2025-01-08 17:12:15,411 - INFO - d_prime: 3 d: 3[0m
[32m2025-01-08 17:12:15,412 - INFO - d_prime: 4 d: 3[0m
[32m2025-01-08 17:12:15,413 - INFO - d_prime: 5 d: 3[0m
[32m2025-01-08 17:12:15,414 - INFO - d_prime: 6 d: 3[0m
[32m2025-01-08 17:12:15,415 - INFO - d_prime: 7 d: 3[0m
[32m2025-01-08 17:12:15,416 - INFO - d_prime: 8 d: 3[0m
[32m2025-01-08 17:12:15,417 - INFO - d_prime: 9 d: 3[0m
[32m2025-01-08 17:12:15,418 - INFO - forbidden_vars: ([{3:1,4:1},{3:2},{5:1,6:1},{1:1,5:1,6:1},{1:2,7:1},{3:3},{5:2,6:1},{5:1,6:1,7:1},{1:2,6:1,7:1},{3:4}])[0m
[32m2025-01-08 17:12:15,418 - INFO - False[0m
[32m2025-01-08 17:12:20,257 - INFO - d_prime: 3 d: 3[0m
[32m2025-01-08 17:12:20,258 - INFO - d_prime: 4 d: 3[0m
[32m2025-01-08 17:12:20,259 - INFO - d_prime: 5 d: 3[0m
[32m2025-01-08 17:12:20,260 - INFO - d_prime: 6 d: 3[0m
[32m2025-01-08 17:12:20,261 - INFO - d_prime: 7 d: 3[0m
[32m2025-01-08 17:12:20,261 - INFO - d_prime: 8 d: 3[0m
[32m2025-01-08 17:12:20,262 - INFO - d_prime: 9 d: 3[0m
[32m2025-01-08 17:12:20,263 - INFO - forbidden_vars: ([{3:1,4:1},{3:2},{5:1,6:1},{5:1,6:1},{1:1,5:1,6:1},{3:3},{5:1,6:1,7:1},{1:2,7:2},{1:1,6:1,7:2},{3:4}])[0m
[32m2025-01-08 17:12:20,263 - INFO - False[0m
[32m2025-01-08 17:12:20,263 - INFO - Number of cuts added: 20 (bad=0, good=20)[0m
[32m2025-01-08 17:12:20,263 - INFO - Unnecessary comps: (0 / 20)[0m
[32m2025-01-08 17:12:20,263 - INFO - Calls to is_day_infeasible: cp_solver=44/ total=200 stored=156[0m
[32m2025-01-08 17:12:20,263 - INFO - Is feasible: 232.90875387191772 0.9983722575998257[0m
[32m2025-01-08 17:12:20,263 - INFO - Subsolver: Solve Model: 231.8433494567871/0.9955270292289983[0m
[32m2025-01-08 17:12:20,264 - INFO - Subsolver: Create Model: 1.0416879653930664/0.004472970771001774[0m
[32m2025-01-08 17:12:20,264 - INFO - Num_constraints-added: 140[0m
     0     0  540.00000    0    -          -  540.00000      -     -  239s
     0     0  540.00000    0  133          -  540.00000      -     -  239s
     0     0  540.00000    0    5          -  540.00000      -     -  240s
[32m2025-01-08 17:12:27,021 - INFO - d_prime: 3 d: 3[0m
[32m2025-01-08 17:12:27,023 - INFO - d_prime: 4 d: 3[0m
[32m2025-01-08 17:12:27,023 - INFO - d_prime: 5 d: 3[0m
[32m2025-01-08 17:12:27,024 - INFO - d_prime: 6 d: 3[0m
[32m2025-01-08 17:12:27,025 - INFO - d_prime: 7 d: 3[0m
[32m2025-01-08 17:12:27,026 - INFO - d_prime: 8 d: 3[0m
[32m2025-01-08 17:12:27,027 - INFO - d_prime: 9 d: 3[0m
[32m2025-01-08 17:12:27,027 - INFO - forbidden_vars: ([{3:1,4:1},{3:2},{5:1,6:1},{5:1,6:1},{1:1,5:1,6:1},{1:1,6:1,7:1},{3:3},{5:1,6:1,7:1},{1:2,7:2},{3:4}])[0m
[32m2025-01-08 17:12:27,027 - INFO - False[0m
     0     0  540.00000    0    5          -  540.00000      -     -  246s
[32m2025-01-08 17:12:33,356 - INFO - d_prime: 3 d: 3[0m
[32m2025-01-08 17:12:33,358 - INFO - d_prime: 4 d: 3[0m
[32m2025-01-08 17:12:33,359 - INFO - d_prime: 5 d: 3[0m
[32m2025-01-08 17:12:33,360 - INFO - d_prime: 6 d: 3[0m
[32m2025-01-08 17:12:33,361 - INFO - d_prime: 7 d: 3[0m
[32m2025-01-08 17:12:33,362 - INFO - d_prime: 8 d: 3[0m
[32m2025-01-08 17:12:33,362 - INFO - d_prime: 9 d: 3[0m
[32m2025-01-08 17:12:33,363 - INFO - forbidden_vars: ([{3:1,4:1},{3:2},{5:1,6:1},{5:1,6:1},{1:1,5:1,6:1},{1:2,7:1},{3:3},{5:1,6:1,7:1},{1:1,6:1,7:2},{3:4}])[0m
[32m2025-01-08 17:12:33,363 - INFO - False[0m
[32m2025-01-08 17:12:40,477 - INFO - d_prime: 3 d: 3[0m
[32m2025-01-08 17:12:40,478 - INFO - d_prime: 4 d: 3[0m
[32m2025-01-08 17:12:40,479 - INFO - d_prime: 5 d: 3[0m
[32m2025-01-08 17:12:40,480 - INFO - d_prime: 6 d: 3[0m
[32m2025-01-08 17:12:40,481 - INFO - d_prime: 7 d: 3[0m
[32m2025-01-08 17:12:40,481 - INFO - d_prime: 8 d: 3[0m
[32m2025-01-08 17:12:40,482 - INFO - d_prime: 9 d: 3[0m
[32m2025-01-08 17:12:40,483 - INFO - forbidden_vars: ([{3:1,4:1},{3:2},{5:1,6:1},{5:1,6:1},{1:1,5:1,6:1},{1:1,7:2},{3:3},{5:1,6:1,7:1},{1:1,6:1,7:2},{3:4}])[0m
[32m2025-01-08 17:12:40,483 - INFO - False[0m
[32m2025-01-08 17:12:44,973 - INFO - d_prime: 3 d: 3[0m
[32m2025-01-08 17:12:44,974 - INFO - d_prime: 4 d: 3[0m
[32m2025-01-08 17:12:44,975 - INFO - d_prime: 5 d: 3[0m
[32m2025-01-08 17:12:44,976 - INFO - d_prime: 6 d: 3[0m
[32m2025-01-08 17:12:44,977 - INFO - d_prime: 7 d: 3[0m
[32m2025-01-08 17:12:44,977 - INFO - d_prime: 8 d: 3[0m
[32m2025-01-08 17:12:44,978 - INFO - d_prime: 9 d: 3[0m
[32m2025-01-08 17:12:44,979 - INFO - forbidden_vars: ([{3:1,4:1},{3:2},{5:1,6:1},{5:1,6:1},{6:1,7:1},{1:1,5:1,6:1},{3:3},{1:2,7:2},{1:1,6:1,7:2},{3:4}])[0m
[32m2025-01-08 17:12:44,979 - INFO - False[0m
     0     0  540.00000    0    5          -  540.00000      -     -  264s
[32m2025-01-08 17:12:49,476 - INFO - d_prime: 3 d: 3[0m
[32m2025-01-08 17:12:49,477 - INFO - d_prime: 4 d: 3[0m
[32m2025-01-08 17:12:49,478 - INFO - d_prime: 5 d: 3[0m
[32m2025-01-08 17:12:49,479 - INFO - d_prime: 6 d: 3[0m
[32m2025-01-08 17:12:49,480 - INFO - d_prime: 7 d: 3[0m
[32m2025-01-08 17:12:49,481 - INFO - d_prime: 8 d: 3[0m
[32m2025-01-08 17:12:49,482 - INFO - d_prime: 9 d: 3[0m
[32m2025-01-08 17:12:49,483 - INFO - forbidden_vars: ([{6:1},{3:1,4:1},{3:2},{5:1,6:1},{1:1,5:1,6:1},{3:3},{5:1,6:1,7:1},{1:2,7:2},{1:1,6:1,7:2},{3:4}])[0m
[32m2025-01-08 17:12:49,483 - INFO - False[0m
[32m2025-01-08 17:12:49,483 - INFO - Number of cuts added: 25 (bad=0, good=25)[0m
[32m2025-01-08 17:12:49,483 - INFO - Unnecessary comps: (0 / 25)[0m
[32m2025-01-08 17:12:49,483 - INFO - Calls to is_day_infeasible: cp_solver=49/ total=250 stored=201[0m
[32m2025-01-08 17:12:49,483 - INFO - Is feasible: 260.98783898353577 0.9981857133895581[0m
[32m2025-01-08 17:12:49,483 - INFO - Subsolver: Solve Model: 259.8370463848114/0.995689508596366[0m
[32m2025-01-08 17:12:49,483 - INFO - Subsolver: Create Model: 1.1248741149902344/0.004310491403634077[0m
[32m2025-01-08 17:12:49,483 - INFO - Num_constraints-added: 175[0m
     0     0  540.00000    0    4          -  540.00000      -     -  269s
[32m2025-01-08 17:12:54,306 - INFO - d_prime: 3 d: 3[0m
[32m2025-01-08 17:12:54,308 - INFO - d_prime: 4 d: 3[0m
[32m2025-01-08 17:12:54,308 - INFO - d_prime: 5 d: 3[0m
[32m2025-01-08 17:12:54,309 - INFO - d_prime: 6 d: 3[0m
[32m2025-01-08 17:12:54,310 - INFO - d_prime: 7 d: 3[0m
[32m2025-01-08 17:12:54,311 - INFO - d_prime: 8 d: 3[0m
[32m2025-01-08 17:12:54,311 - INFO - d_prime: 9 d: 3[0m
[32m2025-01-08 17:12:54,312 - INFO - forbidden_vars: ([{3:1,4:1},{3:2},{5:1,6:1},{5:1,6:1},{1:1,5:1,6:1},{3:3},{5:1,6:1,7:1},{6:1,7:2},{1:2,7:2},{3:4}])[0m
[32m2025-01-08 17:12:54,312 - INFO - False[0m
     0     0  540.00000    0    4          -  540.00000      -     -  273s
[32m2025-01-08 17:13:04,702 - INFO - d_prime: 3 d: 3[0m
[32m2025-01-08 17:13:04,704 - INFO - d_prime: 4 d: 3[0m
[32m2025-01-08 17:13:04,705 - INFO - d_prime: 5 d: 3[0m
[32m2025-01-08 17:13:04,705 - INFO - d_prime: 6 d: 3[0m
[32m2025-01-08 17:13:04,706 - INFO - d_prime: 7 d: 3[0m
[32m2025-01-08 17:13:04,707 - INFO - d_prime: 8 d: 3[0m
[32m2025-01-08 17:13:04,708 - INFO - d_prime: 9 d: 3[0m
[32m2025-01-08 17:13:04,708 - INFO - forbidden_vars: ([{3:1,4:1},{3:2},{5:1,6:1},{5:1,6:1},{5:1,6:1},{3:3},{5:1,6:1,7:1},{1:2,7:2},{1:1,6:1,7:2},{3:4}])[0m
[32m2025-01-08 17:13:04,708 - INFO - False[0m
[32m2025-01-08 17:13:12,777 - INFO - d_prime: 3 d: 3[0m
[32m2025-01-08 17:13:12,778 - INFO - d_prime: 4 d: 3[0m
[32m2025-01-08 17:13:12,779 - INFO - d_prime: 5 d: 3[0m
[32m2025-01-08 17:13:12,780 - INFO - d_prime: 6 d: 3[0m
[32m2025-01-08 17:13:12,781 - INFO - d_prime: 7 d: 3[0m
[32m2025-01-08 17:13:12,782 - INFO - d_prime: 8 d: 3[0m
[32m2025-01-08 17:13:12,783 - INFO - d_prime: 9 d: 3[0m
[32m2025-01-08 17:13:12,783 - INFO - forbidden_vars: ([{3:1,4:1},{3:2},{5:1,6:1},{5:1,6:1},{5:1,6:1},{1:1,5:1,6:1},{3:3},{1:2,7:2},{1:1,6:1,7:2},{3:4}])[0m
[32m2025-01-08 17:13:12,783 - INFO - False[0m
[32m2025-01-08 17:13:22,208 - INFO - d_prime: 3 d: 3[0m
[32m2025-01-08 17:13:22,210 - INFO - d_prime: 4 d: 3[0m
[32m2025-01-08 17:13:22,210 - INFO - d_prime: 5 d: 3[0m
[32m2025-01-08 17:13:22,211 - INFO - d_prime: 6 d: 3[0m
[32m2025-01-08 17:13:22,212 - INFO - d_prime: 7 d: 3[0m
[32m2025-01-08 17:13:22,213 - INFO - d_prime: 8 d: 3[0m
[32m2025-01-08 17:13:22,214 - INFO - d_prime: 9 d: 3[0m
[32m2025-01-08 17:13:22,214 - INFO - forbidden_vars: ([{1:1,6:1},{3:1,4:1},{3:2},{5:1,6:1},{5:1,6:1},{3:3},{5:1,6:1,7:1},{1:2,7:2},{1:1,6:1,7:2},{3:4}])[0m
[32m2025-01-08 17:13:22,214 - INFO - False[0m
     0     0  540.00000    0    4          -  540.00000      -     -  301s
[32m2025-01-08 17:13:28,747 - INFO - d_prime: 3 d: 3[0m
[32m2025-01-08 17:13:28,748 - INFO - d_prime: 4 d: 3[0m
[32m2025-01-08 17:13:28,749 - INFO - d_prime: 5 d: 3[0m
[32m2025-01-08 17:13:28,750 - INFO - d_prime: 6 d: 3[0m
[32m2025-01-08 17:13:28,751 - INFO - d_prime: 7 d: 3[0m
[32m2025-01-08 17:13:28,752 - INFO - d_prime: 8 d: 3[0m
[32m2025-01-08 17:13:28,753 - INFO - d_prime: 9 d: 3[0m
[32m2025-01-08 17:13:28,753 - INFO - forbidden_vars: ([{1:1,6:1},{3:1,4:1},{3:2},{5:1,6:1},{5:1,6:1},{6:1,7:1},{3:3},{1:2,7:2},{1:1,6:1,7:2},{3:4}])[0m
[32m2025-01-08 17:13:28,753 - INFO - False[0m
[32m2025-01-08 17:13:28,754 - INFO - Number of cuts added: 30 (bad=0, good=30)[0m
[32m2025-01-08 17:13:28,754 - INFO - Unnecessary comps: (0 / 30)[0m
[32m2025-01-08 17:13:28,754 - INFO - Calls to is_day_infeasible: cp_solver=54/ total=300 stored=246[0m
[32m2025-01-08 17:13:28,754 - INFO - Is feasible: 299.5350260734558 0.998099009495176[0m
[32m2025-01-08 17:13:28,754 - INFO - Subsolver: Solve Model: 298.30392050743103/0.9959836422865913[0m
[32m2025-01-08 17:13:28,754 - INFO - Subsolver: Create Model: 1.2029266357421875/0.004016357713408645[0m
[32m2025-01-08 17:13:28,754 - INFO - Num_constraints-added: 210[0m
     0     0  540.00000    0    9          -  540.00000      -     -  308s
     0     0  540.00000    0    9          -  540.00000      -     -  308s
H    0     0                     548.0000000  540.00000  1.46%     -  309s
[32m2025-01-08 17:13:39,836 - INFO - d_prime: 3 d: 3[0m
[32m2025-01-08 17:13:39,837 - INFO - d_prime: 4 d: 3[0m
[32m2025-01-08 17:13:39,838 - INFO - d_prime: 5 d: 3[0m
[32m2025-01-08 17:13:39,839 - INFO - d_prime: 6 d: 3[0m
[32m2025-01-08 17:13:39,840 - INFO - d_prime: 7 d: 3[0m
[32m2025-01-08 17:13:39,841 - INFO - d_prime: 8 d: 3[0m
[32m2025-01-08 17:13:39,841 - INFO - d_prime: 9 d: 3[0m
[32m2025-01-08 17:13:39,842 - INFO - forbidden_vars: ([{3:2},{5:1,6:1},{1:1,5:1,6:1},{1:1,6:1,7:1},{1:1,7:2},{3:2,4:1},{3:3},{1:1,6:1,7:2},{3:4},{5:3,6:1}])[0m
[32m2025-01-08 17:13:39,842 - INFO - False[0m
     0     0  540.00000    0    9  548.00000  540.00000  1.46%     -  348s
[32m2025-01-08 17:14:14,875 - INFO - d_prime: 3 d: 3[0m
[32m2025-01-08 17:14:14,876 - INFO - d_prime: 4 d: 3[0m
[32m2025-01-08 17:14:14,877 - INFO - d_prime: 5 d: 3[0m
[32m2025-01-08 17:14:14,878 - INFO - d_prime: 6 d: 3[0m
[32m2025-01-08 17:14:14,879 - INFO - d_prime: 7 d: 3[0m
[32m2025-01-08 17:14:14,880 - INFO - d_prime: 8 d: 3[0m
[32m2025-01-08 17:14:14,880 - INFO - d_prime: 9 d: 3[0m
[32m2025-01-08 17:14:14,881 - INFO - forbidden_vars: ([{3:2},{5:1,6:1},{1:1,6:1,7:1},{1:1,7:2},{3:2,4:1},{3:3},{5:2,6:1},{1:1,5:2,6:1},{1:1,6:1,7:2},{3:4}])[0m
[32m2025-01-08 17:14:14,881 - INFO - False[0m
     0     0  540.00000    0    9  548.00000  540.00000  1.46%     -  368s
[32m2025-01-08 17:14:34,753 - INFO - d_prime: 3 d: 3[0m
[32m2025-01-08 17:14:34,755 - INFO - d_prime: 4 d: 3[0m
[32m2025-01-08 17:14:34,756 - INFO - d_prime: 5 d: 3[0m
[32m2025-01-08 17:14:34,757 - INFO - d_prime: 6 d: 3[0m
[32m2025-01-08 17:14:34,757 - INFO - d_prime: 7 d: 3[0m
[32m2025-01-08 17:14:34,758 - INFO - d_prime: 8 d: 3[0m
[32m2025-01-08 17:14:34,760 - INFO - d_prime: 9 d: 3[0m
[32m2025-01-08 17:14:34,760 - INFO - forbidden_vars: ([{3:2},{5:1,6:1},{5:1,6:1},{1:1,6:1,7:1},{1:1,7:2},{3:2,4:1},{3:3},{1:1,5:2,6:1},{1:1,6:1,7:2},{3:4}])[0m
[32m2025-01-08 17:14:34,761 - INFO - False[0m
     0     0  540.00000    0    9  548.00000  540.00000  1.46%     -  389s
[32m2025-01-08 17:15:02,290 - INFO - d_prime: 3 d: 3[0m
[32m2025-01-08 17:15:02,292 - INFO - d_prime: 4 d: 3[0m
[32m2025-01-08 17:15:02,292 - INFO - d_prime: 5 d: 3[0m
[32m2025-01-08 17:15:02,293 - INFO - d_prime: 6 d: 3[0m
[32m2025-01-08 17:15:02,294 - INFO - d_prime: 7 d: 3[0m
[32m2025-01-08 17:15:02,295 - INFO - d_prime: 8 d: 3[0m
[32m2025-01-08 17:15:02,296 - INFO - d_prime: 9 d: 3[0m
[32m2025-01-08 17:15:02,297 - INFO - forbidden_vars: ([{3:2},{5:1,6:1},{3:2,4:1},{3:3},{5:1,6:1,7:1},{7:2,9:1},{1:1,5:1,6:1,9:1},{1:1,6:1,7:2},{3:4},{5:2,6:1,7:1}])[0m
[32m2025-01-08 17:15:02,297 - INFO - False[0m
[32m2025-01-08 17:15:26,153 - INFO - Number of cuts added: 34 (bad=0, good=34)[0m
[32m2025-01-08 17:15:26,154 - INFO - Unnecessary comps: (0 / 34)[0m
[32m2025-01-08 17:15:26,154 - INFO - Calls to is_day_infeasible: cp_solver=82/ total=350 stored=268[0m
[32m2025-01-08 17:15:26,154 - INFO - Is feasible: 415.13079476356506 0.9984080870955859[0m
[32m2025-01-08 17:15:26,154 - INFO - Subsolver: Solve Model: 413.1995174884796/0.9954438862149911[0m
[32m2025-01-08 17:15:26,154 - INFO - Subsolver: Create Model: 1.8912005424499512/0.004556113785008877[0m
[32m2025-01-08 17:15:26,154 - INFO - Num_constraints-added: 238[0m
     0     0  540.00000    0    9  548.00000  540.00000  1.46%     -  425s
[32m2025-01-08 17:15:38,779 - INFO - d_prime: 3 d: 3[0m
[32m2025-01-08 17:15:38,780 - INFO - d_prime: 4 d: 3[0m
[32m2025-01-08 17:15:38,781 - INFO - d_prime: 5 d: 3[0m
[32m2025-01-08 17:15:38,782 - INFO - d_prime: 6 d: 3[0m
[32m2025-01-08 17:15:38,782 - INFO - d_prime: 7 d: 3[0m
[32m2025-01-08 17:15:38,783 - INFO - d_prime: 8 d: 3[0m
[32m2025-01-08 17:15:38,784 - INFO - d_prime: 9 d: 3[0m
[32m2025-01-08 17:15:38,785 - INFO - forbidden_vars: ([{3:2},{5:1,6:1},{6:1,7:1},{1:1,7:2},{3:2,4:1},{3:3},{5:1,6:1,7:1},{1:1,5:2,6:1},{1:1,6:1,7:2},{3:4}])[0m
[32m2025-01-08 17:15:38,785 - INFO - False[0m
     0     0  540.00000    0    9  548.00000  540.00000  1.46%     -  466s
     0     2  540.00000    0    9  548.00000  540.00000  1.46%     -  466s
[32m2025-01-08 17:16:14,290 - INFO - d_prime: 3 d: 3[0m
[32m2025-01-08 17:16:14,292 - INFO - d_prime: 4 d: 3[0m
[32m2025-01-08 17:16:14,293 - INFO - d_prime: 5 d: 3[0m
[32m2025-01-08 17:16:14,294 - INFO - d_prime: 6 d: 3[0m
[32m2025-01-08 17:16:14,294 - INFO - d_prime: 7 d: 3[0m
[32m2025-01-08 17:16:14,295 - INFO - d_prime: 8 d: 3[0m
[32m2025-01-08 17:16:14,296 - INFO - d_prime: 9 d: 3[0m
[32m2025-01-08 17:16:14,297 - INFO - forbidden_vars: ([{3:1,4:1},{3:1,5:1},{5:1,6:1},{5:1,6:1},{1:1,5:1,6:1},{3:3},{5:1,6:1,7:1},{1:2,7:2},{1:1,6:1,7:2},{3:4}])[0m
[32m2025-01-08 17:16:14,297 - INFO - False[0m
    14    16  540.00000    9   55  548.00000  540.00000  1.46%  72.6  474s
    22    24  540.00000   14    5  548.00000  540.00000  1.46%   301  475s
H   26    26                     544.0000000  540.00000  0.74%   258  476s
[32m2025-01-08 17:16:21,572 - INFO - d_prime: 3 d: 3[0m
[32m2025-01-08 17:16:21,573 - INFO - d_prime: 4 d: 3[0m
[32m2025-01-08 17:16:21,574 - INFO - d_prime: 5 d: 3[0m
[32m2025-01-08 17:16:21,575 - INFO - d_prime: 6 d: 3[0m
[32m2025-01-08 17:16:21,576 - INFO - d_prime: 7 d: 3[0m
[32m2025-01-08 17:16:21,577 - INFO - d_prime: 8 d: 3[0m
[32m2025-01-08 17:16:21,578 - INFO - d_prime: 9 d: 3[0m
[32m2025-01-08 17:16:21,578 - INFO - forbidden_vars: ([{3:1,4:1},{3:1,5:1},{5:1,6:1},{5:1,6:1},{1:1,5:1,6:1},{3:3},{5:1,6:1,7:1},{1:2,7:2},{3:4},{6:1,7:3}])[0m
[32m2025-01-08 17:16:21,578 - INFO - False[0m
[32m2025-01-08 17:16:33,961 - INFO - d_prime: 4 d: 4[0m
[32m2025-01-08 17:16:33,963 - INFO - d_prime: 5 d: 4[0m
[32m2025-01-08 17:16:33,964 - INFO - d_prime: 6 d: 4[0m
[32m2025-01-08 17:16:33,965 - INFO - d_prime: 7 d: 4[0m
[32m2025-01-08 17:16:33,966 - INFO - d_prime: 8 d: 4[0m
[32m2025-01-08 17:16:33,967 - INFO - d_prime: 9 d: 4[0m
[32m2025-01-08 17:16:33,968 - INFO - forbidden_vars: ([{1:1,7:1},{6:2},{3:2,4:1},{3:2,4:1},{5:1,6:2},{6:3},{1:2,6:2},{3:2,5:2},{3:2,4:1,5:1},{3:4},{5:1,6:3},{5:1,6:3}])[0m
[32m2025-01-08 17:16:33,968 - INFO - False[0m
[32m2025-01-08 17:17:37,344 - INFO - Number of cuts added: 38 (bad=0, good=38)[0m
[32m2025-01-08 17:17:37,345 - INFO - Unnecessary comps: (0 / 38)[0m
[32m2025-01-08 17:17:37,345 - INFO - Calls to is_day_infeasible: cp_solver=110/ total=400 stored=290[0m
[32m2025-01-08 17:17:37,345 - INFO - Is feasible: 543.6852009296417 0.9986039178531295[0m
[32m2025-01-08 17:17:37,345 - INFO - Subsolver: Solve Model: 541.016928434372/0.9951911558598707[0m
[32m2025-01-08 17:17:37,345 - INFO - Subsolver: Create Model: 2.6142375469207764/0.004808844140129259[0m
[32m2025-01-08 17:17:37,345 - INFO - Num_constraints-added: 265[0m
H   27     2                     540.0000000  540.00000  0.00%   249  556s

Cutting planes:
  Cover: 1
  MIR: 10
  Zero half: 16
  RLT: 28
  Lazy constraints: 265

Explored 28 nodes (54610 simplex iterations) in 556.71 seconds (15.46 work units)
Thread count was 1 (of 96 available processors)

Solution count 3: 540 544 548 

Optimal solution found (tolerance 1.00e-04)
Best objective 5.400000000000e+02, best bound 5.400000000000e+02, gap 0.0000%

User-callback calls 2357, time in user-callback 544.48 sec
[34m2025-01-08 17:17:37,369 - DEBUG - Finished optimization[0m
[34m2025-01-08 17:17:37,369 - DEBUG - Subsolver stats:[0m
[32m2025-01-08 17:17:37,369 - INFO - Number of cuts added: 38 (bad=0, good=38)[0m
[32m2025-01-08 17:17:37,369 - INFO - Unnecessary comps: (0 / 38)[0m
[32m2025-01-08 17:17:37,369 - INFO - Calls to is_day_infeasible: cp_solver=110/ total=400 stored=290[0m
[32m2025-01-08 17:17:37,369 - INFO - Is feasible: 543.6852009296417 0.9986039178531295[0m
[32m2025-01-08 17:17:37,369 - INFO - Subsolver: Solve Model: 541.016928434372/0.9951911558598707[0m
[32m2025-01-08 17:17:37,369 - INFO - Subsolver: Create Model: 2.6142375469207764/0.004808844140129259[0m
[32m2025-01-08 17:17:37,370 - INFO - Num_constraints-added: 265[0m
[32m2025-01-08 17:17:37,370 - INFO - Optimal solution found.[0m
[34m2025-01-08 17:17:37,370 - DEBUG - Sub Objectives:[0m
[34m2025-01-08 17:17:37,370 - DEBUG - (SOLVER):Minimize Delay: 0.0[0m
[34m2025-01-08 17:17:37,370 - DEBUG - (SOLVER):Minimize Missing Treatments: 540.0[0m
[32m2025-01-08 17:17:37,371 - INFO - All cuts [defaultdict(<class 'dict'>, {P(patient1): {T(bath): 1, T(massage): 1, T(sport): 1}, P(patient3): {T(bath): 2, T(physio): 1}, P(patient4): {T(bath): 1, T(sport): 1, T(physio): 2}, P(patient10): {T(knitting): 1, T(trust_exercise): 1}, P(patient11): {T(knitting): 3}, P(patient12): {T(knitting): 4}, P(patient19): {T(knitting): 2}, P(patient0): {T(massage): 1, T(sport): 1}, P(patient2): {T(massage): 3, T(sport): 1}, P(patient7): {T(massage): 1, T(sport): 1}}), defaultdict(<class 'dict'>, {P(patient1): {T(bath): 1, T(sport): 1}, P(patient3): {T(bath): 2, T(physio): 1}, P(patient4): {T(bath): 1, T(sport): 1, T(physio): 2}, P(patient10): {T(knitting): 1, T(trust_exercise): 1}, P(patient11): {T(knitting): 3}, P(patient12): {T(knitting): 4}, P(patient19): {T(knitting): 2}, P(patient0): {T(massage): 1, T(sport): 1}, P(patient2): {T(massage): 3, T(sport): 1}, P(patient7): {T(massage): 1, T(sport): 1}}), defaultdict(<class 'dict'>, {P(patient1): {T(bath): 1, T(massage): 1, T(sport): 1}, P(patient3): {T(bath): 2, T(physio): 1}, P(patient4): {T(bath): 1, T(sport): 1, T(physio): 2}, P(patient10): {T(knitting): 1, T(trust_exercise): 1}, P(patient11): {T(knitting): 3}, P(patient12): {T(knitting): 4}, P(patient19): {T(knitting): 2}, P(patient0): {T(massage): 1, T(sport): 1}, P(patient2): {T(massage): 2, T(sport): 1}, P(patient7): {T(massage): 1, T(sport): 1}}), defaultdict(<class 'dict'>, {P(patient1): {T(bath): 1, T(massage): 1, T(sport): 1}, P(patient3): {T(bath): 2, T(physio): 1}, P(patient10): {T(knitting): 1, T(trust_exercise): 1}, P(patient11): {T(knitting): 3}, P(patient12): {T(knitting): 4}, P(patient19): {T(knitting): 2}, P(patient0): {T(massage): 1, T(sport): 1}, P(patient2): {T(massage): 3, T(sport): 1}, P(patient7): {T(massage): 1, T(sport): 1}, P(patient4): {T(sport): 1, T(physio): 2}}), defaultdict(<class 'dict'>, {P(patient1): {T(bath): 1, T(massage): 1, T(sport): 1}, P(patient3): {T(bath): 1, T(physio): 1}, P(patient4): {T(bath): 1, T(sport): 1, T(physio): 2}, P(patient10): {T(knitting): 1, T(trust_exercise): 1}, P(patient11): {T(knitting): 3}, P(patient12): {T(knitting): 4}, P(patient19): {T(knitting): 2}, P(patient0): {T(massage): 1, T(sport): 1}, P(patient2): {T(massage): 3, T(sport): 1}, P(patient7): {T(massage): 1, T(sport): 1}}), defaultdict(<class 'dict'>, {P(patient1): {T(bath): 1, T(massage): 1, T(sport): 1}, P(patient3): {T(bath): 2, T(physio): 2}, P(patient4): {T(bath): 2, T(sport): 1, T(physio): 1}, P(patient10): {T(knitting): 1, T(trust_exercise): 1}, P(patient11): {T(knitting): 3}, P(patient12): {T(knitting): 4}, P(patient19): {T(knitting): 2}, P(patient0): {T(massage): 1, T(sport): 1}, P(patient2): {T(massage): 3, T(sport): 1}, P(patient7): {T(massage): 1, T(sport): 1}}), defaultdict(<class 'dict'>, {P(patient1): {T(bath): 1, T(massage): 1, T(sport): 1}, P(patient2): {T(bath): 1, T(massage): 2, T(sport): 1}, P(patient3): {T(bath): 2, T(physio): 2}, P(patient4): {T(bath): 2, T(sport): 1, T(physio): 1}, P(patient10): {T(knitting): 1, T(trust_exercise): 1}, P(patient11): {T(knitting): 3}, P(patient12): {T(knitting): 4}, P(patient19): {T(knitting): 2}, P(patient0): {T(massage): 1, T(sport): 1}, P(patient7): {T(massage): 1, T(sport): 1}}), defaultdict(<class 'dict'>, {P(patient1): {T(bath): 1, T(massage): 2, T(sport): 1}, P(patient3): {T(bath): 2, T(physio): 2}, P(patient4): {T(bath): 2, T(sport): 1, T(physio): 1}, P(patient10): {T(knitting): 1, T(trust_exercise): 1}, P(patient11): {T(knitting): 3}, P(patient12): {T(knitting): 4}, P(patient19): {T(knitting): 2}, P(patient0): {T(massage): 1, T(sport): 1}, P(patient2): {T(massage): 2, T(sport): 1}, P(patient7): {T(massage): 1, T(sport): 1}}), defaultdict(<class 'dict'>, {P(patient1): {T(bath): 1, T(massage): 1, T(sport): 1}, P(patient3): {T(bath): 2, T(physio): 2}, P(patient4): {T(bath): 2, T(sport): 1, T(physio): 1}, P(patient10): {T(knitting): 1, T(trust_exercise): 1}, P(patient11): {T(knitting): 3}, P(patient12): {T(knitting): 4}, P(patient19): {T(knitting): 2}, P(patient0): {T(massage): 1, T(sport): 1}, P(patient2): {T(massage): 2, T(sport): 1}, P(patient7): {T(massage): 1, T(sport): 1}}), defaultdict(<class 'dict'>, {P(patient1): {T(bath): 1, T(massage): 1, T(sport): 1}, P(patient3): {T(bath): 2, T(physio): 2}, P(patient4): {T(bath): 2, T(sport): 1}, P(patient10): {T(knitting): 1, T(trust_exercise): 1}, P(patient11): {T(knitting): 3}, P(patient12): {T(knitting): 4}, P(patient19): {T(knitting): 2}, P(patient0): {T(massage): 1, T(sport): 1}, P(patient2): {T(massage): 3, T(sport): 1}, P(patient7): {T(massage): 1, T(sport): 1}}), defaultdict(<class 'dict'>, {P(patient1): {T(bath): 1, T(massage): 1, T(sport): 1}, P(patient3): {T(bath): 2, T(physio): 1}, P(patient4): {T(bath): 2, T(sport): 1, T(physio): 1}, P(patient10): {T(knitting): 1, T(trust_exercise): 1}, P(patient11): {T(knitting): 3}, P(patient12): {T(knitting): 4}, P(patient19): {T(knitting): 2}, P(patient0): {T(massage): 1, T(sport): 1}, P(patient2): {T(massage): 3, T(sport): 1}, P(patient7): {T(massage): 1, T(sport): 1}}), defaultdict(<class 'dict'>, {P(patient1): {T(bath): 1, T(massage): 1, T(sport): 1}, P(patient2): {T(bath): 1, T(massage): 1, T(sport): 1, T(physio): 1}, P(patient3): {T(bath): 2, T(physio): 2}, P(patient4): {T(bath): 2, T(sport): 1, T(physio): 1}, P(patient10): {T(knitting): 1, T(trust_exercise): 1}, P(patient11): {T(knitting): 3}, P(patient12): {T(knitting): 4}, P(patient19): {T(knitting): 2}, P(patient0): {T(massage): 1, T(sport): 1}, P(patient7): {T(massage): 1, T(sport): 1}}), defaultdict(<class 'dict'>, {P(patient0): {T(bath): 1, T(massage): 1, T(sport): 1}, P(patient1): {T(bath): 1, T(massage): 1, T(sport): 1}, P(patient2): {T(bath): 1, T(massage): 1, T(sport): 1, T(physio): 1}, P(patient3): {T(bath): 1, T(physio): 2}, P(patient4): {T(bath): 2, T(sport): 1, T(physio): 1}, P(patient10): {T(knitting): 1, T(trust_exercise): 1}, P(patient11): {T(knitting): 3}, P(patient12): {T(knitting): 4}, P(patient19): {T(knitting): 2}, P(patient7): {T(massage): 1, T(sport): 1}}), defaultdict(<class 'dict'>, {P(patient1): {T(bath): 1, T(massage): 1, T(sport): 1}, P(patient3): {T(bath): 2, T(physio): 2}, P(patient4): {T(bath): 2, T(sport): 1, T(physio): 1}, P(patient10): {T(knitting): 1, T(trust_exercise): 1}, P(patient11): {T(knitting): 3}, P(patient12): {T(knitting): 4}, P(patient19): {T(knitting): 2}, P(patient0): {T(massage): 1, T(sport): 1}, P(patient2): {T(massage): 1, T(sport): 1, T(physio): 1}, P(patient7): {T(massage): 1, T(sport): 1}}), defaultdict(<class 'dict'>, {P(patient1): {T(bath): 1, T(massage): 1, T(sport): 1}, P(patient3): {T(bath): 2, T(physio): 2}, P(patient4): {T(bath): 2, T(sport): 1}, P(patient10): {T(knitting): 1, T(trust_exercise): 1}, P(patient11): {T(knitting): 3}, P(patient12): {T(knitting): 4}, P(patient19): {T(knitting): 2}, P(patient0): {T(massage): 2, T(sport): 1}, P(patient2): {T(massage): 1, T(sport): 1, T(physio): 1}, P(patient7): {T(massage): 1, T(sport): 1}}), defaultdict(<class 'dict'>, {P(patient1): {T(bath): 1, T(sport): 1}, P(patient3): {T(bath): 2, T(physio): 2}, P(patient4): {T(bath): 2, T(sport): 1, T(physio): 1}, P(patient10): {T(knitting): 1, T(trust_exercise): 1}, P(patient11): {T(knitting): 3}, P(patient12): {T(knitting): 4}, P(patient19): {T(knitting): 2}, P(patient0): {T(massage): 2, T(sport): 1}, P(patient2): {T(massage): 1, T(sport): 1, T(physio): 1}, P(patient7): {T(massage): 1, T(sport): 1}}), defaultdict(<class 'dict'>, {P(patient1): {T(bath): 1, T(massage): 1, T(sport): 1}, P(patient3): {T(bath): 2, T(physio): 2}, P(patient4): {T(bath): 2, T(sport): 1, T(physio): 1}, P(patient10): {T(knitting): 1, T(trust_exercise): 1}, P(patient11): {T(knitting): 3}, P(patient12): {T(knitting): 4}, P(patient19): {T(knitting): 2}, P(patient0): {T(massage): 2, T(sport): 1}, P(patient7): {T(massage): 1, T(sport): 1}, P(patient2): {T(sport): 1, T(physio): 1}}), defaultdict(<class 'dict'>, {P(patient1): {T(bath): 1, T(massage): 1, T(sport): 1}, P(patient3): {T(bath): 2, T(physio): 2}, P(patient4): {T(bath): 2, T(sport): 1, T(physio): 1}, P(patient10): {T(knitting): 1, T(trust_exercise): 1}, P(patient11): {T(knitting): 3}, P(patient12): {T(knitting): 4}, P(patient19): {T(knitting): 2}, P(patient0): {T(massage): 2, T(sport): 1}, P(patient2): {T(massage): 1, T(sport): 1, T(physio): 1}, P(patient7): {T(sport): 1}}), defaultdict(<class 'dict'>, {P(patient1): {T(bath): 1, T(massage): 1, T(sport): 1}, P(patient3): {T(bath): 2, T(physio): 1}, P(patient4): {T(bath): 2, T(sport): 1, T(physio): 1}, P(patient10): {T(knitting): 1, T(trust_exercise): 1}, P(patient11): {T(knitting): 3}, P(patient12): {T(knitting): 4}, P(patient19): {T(knitting): 2}, P(patient0): {T(massage): 2, T(sport): 1}, P(patient2): {T(massage): 1, T(sport): 1, T(physio): 1}, P(patient7): {T(massage): 1, T(sport): 1}}), defaultdict(<class 'dict'>, {P(patient1): {T(bath): 1, T(massage): 1, T(sport): 1}, P(patient3): {T(bath): 2, T(physio): 2}, P(patient4): {T(bath): 1, T(sport): 1, T(physio): 2}, P(patient10): {T(knitting): 1, T(trust_exercise): 1}, P(patient11): {T(knitting): 3}, P(patient12): {T(knitting): 4}, P(patient19): {T(knitting): 2}, P(patient0): {T(massage): 1, T(sport): 1}, P(patient2): {T(massage): 1, T(sport): 1, T(physio): 1}, P(patient7): {T(massage): 1, T(sport): 1}}), defaultdict(<class 'dict'>, {P(patient1): {T(bath): 1, T(massage): 1, T(sport): 1}, P(patient3): {T(bath): 2, T(physio): 2}, P(patient4): {T(bath): 1, T(sport): 1, T(physio): 1}, P(patient10): {T(knitting): 1, T(trust_exercise): 1}, P(patient11): {T(knitting): 3}, P(patient12): {T(knitting): 4}, P(patient19): {T(knitting): 2}, P(patient0): {T(massage): 1, T(sport): 1}, P(patient2): {T(massage): 1, T(sport): 1, T(physio): 1}, P(patient7): {T(massage): 1, T(sport): 1}}), defaultdict(<class 'dict'>, {P(patient1): {T(bath): 1, T(massage): 1, T(sport): 1}, P(patient3): {T(bath): 2, T(physio): 1}, P(patient4): {T(bath): 1, T(sport): 1, T(physio): 2}, P(patient10): {T(knitting): 1, T(trust_exercise): 1}, P(patient11): {T(knitting): 3}, P(patient12): {T(knitting): 4}, P(patient19): {T(knitting): 2}, P(patient0): {T(massage): 1, T(sport): 1}, P(patient2): {T(massage): 1, T(sport): 1, T(physio): 1}, P(patient7): {T(massage): 1, T(sport): 1}}), defaultdict(<class 'dict'>, {P(patient1): {T(bath): 1, T(massage): 1, T(sport): 1}, P(patient3): {T(bath): 1, T(physio): 2}, P(patient4): {T(bath): 1, T(sport): 1, T(physio): 2}, P(patient10): {T(knitting): 1, T(trust_exercise): 1}, P(patient11): {T(knitting): 3}, P(patient12): {T(knitting): 4}, P(patient19): {T(knitting): 2}, P(patient0): {T(massage): 1, T(sport): 1}, P(patient2): {T(massage): 1, T(sport): 1, T(physio): 1}, P(patient7): {T(massage): 1, T(sport): 1}}), defaultdict(<class 'dict'>, {P(patient1): {T(bath): 1, T(massage): 1, T(sport): 1}, P(patient3): {T(bath): 2, T(physio): 2}, P(patient4): {T(bath): 1, T(sport): 1, T(physio): 2}, P(patient10): {T(knitting): 1, T(trust_exercise): 1}, P(patient11): {T(knitting): 3}, P(patient12): {T(knitting): 4}, P(patient19): {T(knitting): 2}, P(patient0): {T(massage): 1, T(sport): 1}, P(patient7): {T(massage): 1, T(sport): 1}, P(patient2): {T(sport): 1, T(physio): 1}}), defaultdict(<class 'dict'>, {P(patient1): {T(bath): 1, T(massage): 1, T(sport): 1}, P(patient3): {T(bath): 2, T(physio): 2}, P(patient4): {T(bath): 1, T(sport): 1, T(physio): 2}, P(patient10): {T(knitting): 1, T(trust_exercise): 1}, P(patient11): {T(knitting): 3}, P(patient12): {T(knitting): 4}, P(patient19): {T(knitting): 2}, P(patient0): {T(massage): 1, T(sport): 1}, P(patient2): {T(massage): 1, T(sport): 1, T(physio): 1}, P(patient7): {T(sport): 1}}), defaultdict(<class 'dict'>, {P(patient1): {T(bath): 1, T(massage): 1, T(sport): 1}, P(patient3): {T(bath): 2, T(physio): 2}, P(patient10): {T(knitting): 1, T(trust_exercise): 1}, P(patient11): {T(knitting): 3}, P(patient12): {T(knitting): 4}, P(patient19): {T(knitting): 2}, P(patient0): {T(massage): 1, T(sport): 1}, P(patient2): {T(massage): 1, T(sport): 1, T(physio): 1}, P(patient7): {T(massage): 1, T(sport): 1}, P(patient4): {T(sport): 1, T(physio): 2}}), defaultdict(<class 'dict'>, {P(patient3): {T(bath): 2, T(physio): 2}, P(patient4): {T(bath): 1, T(sport): 1, T(physio): 2}, P(patient10): {T(knitting): 1, T(trust_exercise): 1}, P(patient11): {T(knitting): 3}, P(patient12): {T(knitting): 4}, P(patient19): {T(knitting): 2}, P(patient0): {T(massage): 1, T(sport): 1}, P(patient1): {T(massage): 1, T(sport): 1}, P(patient2): {T(massage): 1, T(sport): 1, T(physio): 1}, P(patient7): {T(massage): 1, T(sport): 1}}), defaultdict(<class 'dict'>, {P(patient1): {T(bath): 1, T(massage): 1, T(sport): 1}, P(patient3): {T(bath): 2, T(physio): 2}, P(patient4): {T(bath): 1, T(sport): 1, T(physio): 2}, P(patient10): {T(knitting): 1, T(trust_exercise): 1}, P(patient11): {T(knitting): 3}, P(patient12): {T(knitting): 4}, P(patient19): {T(knitting): 2}, P(patient0): {T(massage): 1, T(sport): 1}, P(patient2): {T(massage): 1, T(sport): 1}, P(patient7): {T(massage): 1, T(sport): 1}}), defaultdict(<class 'dict'>, {P(patient1): {T(bath): 1, T(sport): 1}, P(patient3): {T(bath): 2, T(physio): 2}, P(patient4): {T(bath): 1, T(sport): 1, T(physio): 2}, P(patient10): {T(knitting): 1, T(trust_exercise): 1}, P(patient11): {T(knitting): 3}, P(patient12): {T(knitting): 4}, P(patient19): {T(knitting): 2}, P(patient0): {T(massage): 1, T(sport): 1}, P(patient2): {T(massage): 1, T(sport): 1, T(physio): 1}, P(patient7): {T(massage): 1, T(sport): 1}}), defaultdict(<class 'dict'>, {P(patient1): {T(bath): 1, T(sport): 1}, P(patient3): {T(bath): 2, T(physio): 2}, P(patient4): {T(bath): 1, T(sport): 1, T(physio): 2}, P(patient10): {T(knitting): 1, T(trust_exercise): 1}, P(patient11): {T(knitting): 3}, P(patient12): {T(knitting): 4}, P(patient19): {T(knitting): 2}, P(patient0): {T(massage): 1, T(sport): 1}, P(patient7): {T(massage): 1, T(sport): 1}, P(patient2): {T(sport): 1, T(physio): 1}}), defaultdict(<class 'dict'>, {P(patient1): {T(bath): 1, T(massage): 1, T(sport): 1}, P(patient2): {T(bath): 1, T(sport): 1, T(physio): 1}, P(patient3): {T(bath): 1, T(physio): 2}, P(patient4): {T(bath): 1, T(sport): 1, T(physio): 2}, P(patient10): {T(knitting): 2, T(trust_exercise): 1}, P(patient11): {T(knitting): 3}, P(patient12): {T(knitting): 4}, P(patient19): {T(knitting): 2}, P(patient0): {T(massage): 3, T(sport): 1}, P(patient7): {T(massage): 1, T(sport): 1}}), defaultdict(<class 'dict'>, {P(patient1): {T(bath): 1, T(massage): 2, T(sport): 1}, P(patient2): {T(bath): 1, T(sport): 1, T(physio): 1}, P(patient3): {T(bath): 1, T(physio): 2}, P(patient4): {T(bath): 1, T(sport): 1, T(physio): 2}, P(patient10): {T(knitting): 2, T(trust_exercise): 1}, P(patient11): {T(knitting): 3}, P(patient12): {T(knitting): 4}, P(patient19): {T(knitting): 2}, P(patient0): {T(massage): 2, T(sport): 1}, P(patient7): {T(massage): 1, T(sport): 1}}), defaultdict(<class 'dict'>, {P(patient1): {T(bath): 1, T(massage): 2, T(sport): 1}, P(patient2): {T(bath): 1, T(sport): 1, T(physio): 1}, P(patient3): {T(bath): 1, T(physio): 2}, P(patient4): {T(bath): 1, T(sport): 1, T(physio): 2}, P(patient10): {T(knitting): 2, T(trust_exercise): 1}, P(patient11): {T(knitting): 3}, P(patient12): {T(knitting): 4}, P(patient19): {T(knitting): 2}, P(patient0): {T(massage): 1, T(sport): 1}, P(patient7): {T(massage): 1, T(sport): 1}}), defaultdict(<class 'dict'>, {P(patient1): {T(bath): 1, T(massage): 1, T(sport): 1, T(board_games): 1}, P(patient4): {T(bath): 1, T(sport): 1, T(physio): 2}, P(patient10): {T(knitting): 2, T(trust_exercise): 1}, P(patient11): {T(knitting): 3}, P(patient12): {T(knitting): 4}, P(patient19): {T(knitting): 2}, P(patient0): {T(massage): 2, T(sport): 1, T(physio): 1}, P(patient2): {T(massage): 1, T(sport): 1, T(physio): 1}, P(patient7): {T(massage): 1, T(sport): 1}, P(patient3): {T(physio): 2, T(board_games): 1}}), defaultdict(<class 'dict'>, {P(patient1): {T(bath): 1, T(massage): 2, T(sport): 1}, P(patient3): {T(bath): 1, T(physio): 2}, P(patient4): {T(bath): 1, T(sport): 1, T(physio): 2}, P(patient10): {T(knitting): 2, T(trust_exercise): 1}, P(patient11): {T(knitting): 3}, P(patient12): {T(knitting): 4}, P(patient19): {T(knitting): 2}, P(patient2): {T(massage): 1, T(sport): 1, T(physio): 1}, P(patient7): {T(massage): 1, T(sport): 1}, P(patient0): {T(sport): 1, T(physio): 1}}), defaultdict(<class 'dict'>, {P(patient1): {T(bath): 1, T(massage): 1, T(sport): 1}, P(patient3): {T(bath): 2, T(physio): 2}, P(patient4): {T(bath): 1, T(sport): 1, T(physio): 2}, P(patient10): {T(knitting): 1, T(trust_exercise): 1}, P(patient11): {T(knitting): 3}, P(patient12): {T(knitting): 4}, P(patient19): {T(knitting): 1, T(massage): 1}, P(patient0): {T(massage): 1, T(sport): 1}, P(patient2): {T(massage): 1, T(sport): 1, T(physio): 1}, P(patient7): {T(massage): 1, T(sport): 1}}), defaultdict(<class 'dict'>, {P(patient1): {T(bath): 1, T(massage): 1, T(sport): 1}, P(patient3): {T(bath): 2, T(physio): 2}, P(patient10): {T(knitting): 1, T(trust_exercise): 1}, P(patient11): {T(knitting): 3}, P(patient12): {T(knitting): 4}, P(patient19): {T(knitting): 1, T(massage): 1}, P(patient0): {T(massage): 1, T(sport): 1}, P(patient2): {T(massage): 1, T(sport): 1, T(physio): 1}, P(patient7): {T(massage): 1, T(sport): 1}, P(patient4): {T(sport): 1, T(physio): 3}}), defaultdict(<class 'dict'>, {P(patient0): {T(bath): 1, T(physio): 1}, P(patient5): {T(bath): 2, T(sport): 2}, P(patient10): {T(knitting): 2, T(trust_exercise): 1}, P(patient11): {T(knitting): 2, T(trust_exercise): 1}, P(patient12): {T(knitting): 2, T(massage): 2}, P(patient16): {T(knitting): 2, T(trust_exercise): 1, T(massage): 1}, P(patient19): {T(knitting): 4}, P(patient2): {T(massage): 1, T(sport): 2}, P(patient4): {T(massage): 1, T(sport): 3}, P(patient7): {T(massage): 1, T(sport): 3}, P(patient1): {T(sport): 2}, P(patient3): {T(sport): 3}})][0m
[32m2025-01-08 17:17:37,371 - INFO - All cuts ['([{3:1,4:1},{3:2},{5:1,6:1},{5:1,6:1},{1:1,5:1,6:1},{1:2,7:1},{3:3},{1:1,6:1,7:2},{3:4},{5:3,6:1}])', '([{1:1,6:1},{3:1,4:1},{3:2},{5:1,6:1},{5:1,6:1},{1:2,7:1},{3:3},{1:1,6:1,7:2},{3:4},{5:3,6:1}])', '([{3:1,4:1},{3:2},{5:1,6:1},{5:1,6:1},{1:1,5:1,6:1},{1:2,7:1},{3:3},{5:2,6:1},{1:1,6:1,7:2},{3:4}])', '([{3:1,4:1},{3:2},{5:1,6:1},{5:1,6:1},{1:1,5:1,6:1},{1:2,7:1},{3:3},{6:1,7:2},{3:4},{5:3,6:1}])', '([{1:1,7:1},{3:1,4:1},{3:2},{5:1,6:1},{5:1,6:1},{1:1,5:1,6:1},{3:3},{1:1,6:1,7:2},{3:4},{5:3,6:1}])', '([{3:1,4:1},{3:2},{5:1,6:1},{5:1,6:1},{1:1,5:1,6:1},{3:3},{1:2,7:2},{1:2,6:1,7:1},{3:4},{5:3,6:1}])', '([{3:1,4:1},{3:2},{5:1,6:1},{5:1,6:1},{1:1,5:1,6:1},{3:3},{1:1,5:2,6:1},{1:2,7:2},{1:2,6:1,7:1},{3:4}])', '([{3:1,4:1},{3:2},{5:1,6:1},{5:1,6:1},{3:3},{5:2,6:1},{1:1,5:2,6:1},{1:2,7:2},{1:2,6:1,7:1},{3:4}])', '([{3:1,4:1},{3:2},{5:1,6:1},{5:1,6:1},{1:1,5:1,6:1},{3:3},{5:2,6:1},{1:2,7:2},{1:2,6:1,7:1},{3:4}])', '([{3:1,4:1},{3:2},{5:1,6:1},{5:1,6:1},{1:1,5:1,6:1},{1:2,6:1},{3:3},{1:2,7:2},{3:4},{5:3,6:1}])', '([{3:1,4:1},{3:2},{5:1,6:1},{5:1,6:1},{1:1,5:1,6:1},{1:2,7:1},{3:3},{1:2,6:1,7:1},{3:4},{5:3,6:1}])', '([{3:1,4:1},{3:2},{5:1,6:1},{5:1,6:1},{1:1,5:1,6:1},{3:3},{1:1,5:1,6:1,7:1},{1:2,7:2},{1:2,6:1,7:1},{3:4}])', '([{3:1,4:1},{3:2},{5:1,6:1},{1:1,5:1,6:1},{1:1,5:1,6:1},{1:1,7:2},{3:3},{1:1,5:1,6:1,7:1},{1:2,6:1,7:1},{3:4}])', '([{3:1,4:1},{3:2},{5:1,6:1},{5:1,6:1},{1:1,5:1,6:1},{3:3},{5:1,6:1,7:1},{1:2,7:2},{1:2,6:1,7:1},{3:4}])', '([{3:1,4:1},{3:2},{5:1,6:1},{1:1,5:1,6:1},{1:2,6:1},{3:3},{5:2,6:1},{5:1,6:1,7:1},{1:2,7:2},{3:4}])', '([{1:1,6:1},{3:1,4:1},{3:2},{5:1,6:1},{3:3},{5:2,6:1},{5:1,6:1,7:1},{1:2,7:2},{1:2,6:1,7:1},{3:4}])', '([{3:1,4:1},{3:2},{5:1,6:1},{6:1,7:1},{1:1,5:1,6:1},{3:3},{5:2,6:1},{1:2,7:2},{1:2,6:1,7:1},{3:4}])', '([{6:1},{3:1,4:1},{3:2},{1:1,5:1,6:1},{3:3},{5:2,6:1},{5:1,6:1,7:1},{1:2,7:2},{1:2,6:1,7:1},{3:4}])', '([{3:1,4:1},{3:2},{5:1,6:1},{1:1,5:1,6:1},{1:2,7:1},{3:3},{5:2,6:1},{5:1,6:1,7:1},{1:2,6:1,7:1},{3:4}])', '([{3:1,4:1},{3:2},{5:1,6:1},{5:1,6:1},{1:1,5:1,6:1},{3:3},{5:1,6:1,7:1},{1:2,7:2},{1:1,6:1,7:2},{3:4}])', '([{3:1,4:1},{3:2},{5:1,6:1},{5:1,6:1},{1:1,5:1,6:1},{1:1,6:1,7:1},{3:3},{5:1,6:1,7:1},{1:2,7:2},{3:4}])', '([{3:1,4:1},{3:2},{5:1,6:1},{5:1,6:1},{1:1,5:1,6:1},{1:2,7:1},{3:3},{5:1,6:1,7:1},{1:1,6:1,7:2},{3:4}])', '([{3:1,4:1},{3:2},{5:1,6:1},{5:1,6:1},{1:1,5:1,6:1},{1:1,7:2},{3:3},{5:1,6:1,7:1},{1:1,6:1,7:2},{3:4}])', '([{3:1,4:1},{3:2},{5:1,6:1},{5:1,6:1},{6:1,7:1},{1:1,5:1,6:1},{3:3},{1:2,7:2},{1:1,6:1,7:2},{3:4}])', '([{6:1},{3:1,4:1},{3:2},{5:1,6:1},{1:1,5:1,6:1},{3:3},{5:1,6:1,7:1},{1:2,7:2},{1:1,6:1,7:2},{3:4}])', '([{3:1,4:1},{3:2},{5:1,6:1},{5:1,6:1},{1:1,5:1,6:1},{3:3},{5:1,6:1,7:1},{6:1,7:2},{1:2,7:2},{3:4}])', '([{3:1,4:1},{3:2},{5:1,6:1},{5:1,6:1},{5:1,6:1},{3:3},{5:1,6:1,7:1},{1:2,7:2},{1:1,6:1,7:2},{3:4}])', '([{3:1,4:1},{3:2},{5:1,6:1},{5:1,6:1},{5:1,6:1},{1:1,5:1,6:1},{3:3},{1:2,7:2},{1:1,6:1,7:2},{3:4}])', '([{1:1,6:1},{3:1,4:1},{3:2},{5:1,6:1},{5:1,6:1},{3:3},{5:1,6:1,7:1},{1:2,7:2},{1:1,6:1,7:2},{3:4}])', '([{1:1,6:1},{3:1,4:1},{3:2},{5:1,6:1},{5:1,6:1},{6:1,7:1},{3:3},{1:2,7:2},{1:1,6:1,7:2},{3:4}])', '([{3:2},{5:1,6:1},{1:1,5:1,6:1},{1:1,6:1,7:1},{1:1,7:2},{3:2,4:1},{3:3},{1:1,6:1,7:2},{3:4},{5:3,6:1}])', '([{3:2},{5:1,6:1},{1:1,6:1,7:1},{1:1,7:2},{3:2,4:1},{3:3},{5:2,6:1},{1:1,5:2,6:1},{1:1,6:1,7:2},{3:4}])', '([{3:2},{5:1,6:1},{5:1,6:1},{1:1,6:1,7:1},{1:1,7:2},{3:2,4:1},{3:3},{1:1,5:2,6:1},{1:1,6:1,7:2},{3:4}])', '([{3:2},{5:1,6:1},{3:2,4:1},{3:3},{5:1,6:1,7:1},{7:2,9:1},{1:1,5:1,6:1,9:1},{1:1,6:1,7:2},{3:4},{5:2,6:1,7:1}])', '([{3:2},{5:1,6:1},{6:1,7:1},{1:1,7:2},{3:2,4:1},{3:3},{5:1,6:1,7:1},{1:1,5:2,6:1},{1:1,6:1,7:2},{3:4}])', '([{3:1,4:1},{3:1,5:1},{5:1,6:1},{5:1,6:1},{1:1,5:1,6:1},{3:3},{5:1,6:1,7:1},{1:2,7:2},{1:1,6:1,7:2},{3:4}])', '([{3:1,4:1},{3:1,5:1},{5:1,6:1},{5:1,6:1},{1:1,5:1,6:1},{3:3},{5:1,6:1,7:1},{1:2,7:2},{3:4},{6:1,7:3}])', '([{1:1,7:1},{6:2},{3:2,4:1},{3:2,4:1},{5:1,6:2},{6:3},{1:2,6:2},{3:2,5:2},{3:2,4:1,5:1},{3:4},{5:1,6:3},{5:1,6:3}])'][0m
[34m2025-01-08 17:18:15,236 - DEBUG - Patient 0 is admitted at day 0.[0m
[34m2025-01-08 17:18:15,236 - DEBUG - Patient 1 is admitted at day 1.[0m
[34m2025-01-08 17:18:15,236 - DEBUG - Patient 2 is admitted at day 2.[0m
[34m2025-01-08 17:18:15,236 - DEBUG - Patient 3 is admitted at day 2.[0m
[34m2025-01-08 17:18:15,236 - DEBUG - Patient 4 is admitted at day 3.[0m
[34m2025-01-08 17:18:15,237 - DEBUG - Patient 5 is admitted at day 4.[0m
[34m2025-01-08 17:18:15,237 - DEBUG - Patient 6 is admitted at day 5.[0m
[34m2025-01-08 17:18:15,237 - DEBUG - Patient 7 is admitted at day 2.[0m
[34m2025-01-08 17:18:15,237 - DEBUG - Patient 8 is admitted at day 7.[0m
[34m2025-01-08 17:18:15,237 - DEBUG - Patient 9 is admitted at day 9.[0m
[34m2025-01-08 17:18:15,237 - DEBUG - Patient 10 is admitted at day 0.[0m
[34m2025-01-08 17:18:15,237 - DEBUG - Patient 11 is admitted at day 2.[0m
[34m2025-01-08 17:18:15,237 - DEBUG - Patient 12 is admitted at day 3.[0m
[34m2025-01-08 17:18:15,237 - DEBUG - Patient 13 is admitted at day 8.[0m
[34m2025-01-08 17:18:15,237 - DEBUG - Patient 14 is admitted at day 6.[0m
[34m2025-01-08 17:18:15,237 - DEBUG - Patient 15 is admitted at day 11.[0m
[34m2025-01-08 17:18:15,237 - DEBUG - Patient 16 is admitted at day 4.[0m
[34m2025-01-08 17:18:15,237 - DEBUG - Patient 17 is admitted at day 5.[0m
[34m2025-01-08 17:18:15,237 - DEBUG - Patient 19 is admitted at day 0.[0m
[34m2025-01-08 17:18:15,237 - DEBUG - Patients [10] have treatment 4 starting at day 0, hour 11.500000000000025 using resources [3, 8].[0m
[34m2025-01-08 17:18:15,237 - DEBUG - Patients [0, 19] have treatment 5 starting at day 0, hour 11.500000000000025 using resources [5, 6].[0m
[34m2025-01-08 17:18:15,237 - DEBUG - Patients [19] have treatment 5 starting at day 0, hour 13.000000000000036 using resources [5, 6].[0m
[34m2025-01-08 17:18:15,237 - DEBUG - Patients [0] have treatment 7 starting at day 0, hour 9.50000000000001 using resources [8, 6, 5].[0m
[34m2025-01-08 17:18:15,237 - DEBUG - Patients [0] have treatment 7 starting at day 0, hour 10.500000000000018 using resources [8, 6, 5].[0m
[34m2025-01-08 17:18:15,237 - DEBUG - Patients [10, 19] have treatment 9 starting at day 0, hour 8.0 using resources [9, 6].[0m
[34m2025-01-08 17:18:15,237 - DEBUG - Patients [1] have treatment 1 starting at day 1, hour 11.500000000000025 using resources [8].[0m
[34m2025-01-08 17:18:15,237 - DEBUG - Patients [10] have treatment 4 starting at day 1, hour 14.500000000000046 using resources [0, 6].[0m
[34m2025-01-08 17:18:15,237 - DEBUG - Patients [19] have treatment 5 starting at day 1, hour 11.500000000000025 using resources [5, 6].[0m
[34m2025-01-08 17:18:15,237 - DEBUG - Patients [0] have treatment 7 starting at day 1, hour 9.50000000000001 using resources [8, 6, 5].[0m
[34m2025-01-08 17:18:15,237 - DEBUG - Patients [0] have treatment 7 starting at day 1, hour 10.500000000000018 using resources [8, 6, 5].[0m
[34m2025-01-08 17:18:15,237 - DEBUG - Patients [1, 19] have treatment 9 starting at day 1, hour 8.0 using resources [9, 6].[0m
[34m2025-01-08 17:18:15,238 - DEBUG - Patients [1, 10] have treatment 9 starting at day 1, hour 9.50000000000001 using resources [1, 7].[0m
[34m2025-01-08 17:18:15,238 - DEBUG - Patients [1, 10] have treatment 9 starting at day 1, hour 13.000000000000036 using resources [0, 7].[0m
[34m2025-01-08 17:18:15,238 - DEBUG - Patients [7] have treatment 1 starting at day 2, hour 11.500000000000025 using resources [8].[0m
[34m2025-01-08 17:18:15,238 - DEBUG - Patients [3] have treatment 1 starting at day 2, hour 12.083333333333362 using resources [6].[0m
[34m2025-01-08 17:18:15,238 - DEBUG - Patients [10, 19] have treatment 3 starting at day 2, hour 8.0 using resources [9, 7].[0m
[34m2025-01-08 17:18:15,238 - DEBUG - Patients [10, 19] have treatment 3 starting at day 2, hour 10.000000000000014 using resources [0, 7].[0m
[34m2025-01-08 17:18:15,238 - DEBUG - Patients [0, 1] have treatment 5 starting at day 2, hour 8.0 using resources [5, 6].[0m
[34m2025-01-08 17:18:15,238 - DEBUG - Patients [2, 11] have treatment 5 starting at day 2, hour 8.0 using resources [4, 8].[0m
[34m2025-01-08 17:18:15,238 - DEBUG - Patients [0, 1, 2, 3, 7] have treatment 6 starting at day 2, hour 14.500000000000046 using resources [1, 8].[0m
[34m2025-01-08 17:18:15,238 - DEBUG - Patients [1, 7] have treatment 7 starting at day 2, hour 8.500000000000004 using resources [8, 6, 5].[0m
[34m2025-01-08 17:18:15,238 - DEBUG - Patients [2, 7] have treatment 7 starting at day 2, hour 9.50000000000001 using resources [8, 6, 4].[0m
[34m2025-01-08 17:18:15,238 - DEBUG - Patients [0, 2] have treatment 7 starting at day 2, hour 13.000000000000036 using resources [8, 6, 5].[0m
[34m2025-01-08 17:18:15,238 - DEBUG - Patients [1, 3, 11] have treatment 9 starting at day 2, hour 10.500000000000018 using resources [1, 6].[0m
[34m2025-01-08 17:18:15,238 - DEBUG - Patients [3, 10, 11] have treatment 9 starting at day 2, hour 13.000000000000036 using resources [4, 7].[0m
[34m2025-01-08 17:18:15,238 - DEBUG - Patients [1] have treatment 1 starting at day 3, hour 12.000000000000028 using resources [6].[0m
[34m2025-01-08 17:18:15,238 - DEBUG - Patients [3] have treatment 1 starting at day 3, hour 12.000000000000028 using resources [7].[0m
[34m2025-01-08 17:18:15,238 - DEBUG - Patients [3] have treatment 1 starting at day 3, hour 12.500000000000032 using resources [6].[0m
[34m2025-01-08 17:18:15,238 - DEBUG - Patients [12, 19] have treatment 3 starting at day 3, hour 8.0 using resources [9, 7].[0m
[34m2025-01-08 17:18:15,238 - DEBUG - Patients [11, 19] have treatment 3 starting at day 3, hour 10.000000000000014 using resources [0, 7].[0m
[34m2025-01-08 17:18:15,238 - DEBUG - Patients [10, 12] have treatment 3 starting at day 3, hour 10.000000000000014 using resources [3, 6].[0m
[34m2025-01-08 17:18:15,238 - DEBUG - Patients [11, 12] have treatment 3 starting at day 3, hour 13.500000000000039 using resources [0, 7].[0m
[34m2025-01-08 17:18:15,238 - DEBUG - Patients [11] have treatment 4 starting at day 3, hour 15.500000000000053 using resources [0, 6].[0m
[34m2025-01-08 17:18:15,238 - DEBUG - Patients [10, 12] have treatment 5 starting at day 3, hour 13.000000000000036 using resources [5, 6].[0m
[34m2025-01-08 17:18:15,238 - DEBUG - Patients [2, 7] have treatment 5 starting at day 3, hour 14.500000000000046 using resources [5, 6].[0m
[34m2025-01-08 17:18:15,238 - DEBUG - Patients [0, 1] have treatment 5 starting at day 3, hour 15.00000000000005 using resources [4, 6].[0m
[34m2025-01-08 17:18:15,239 - DEBUG - Patients [0, 1, 2, 4, 7] have treatment 6 starting at day 3, hour 10.000000000000014 using resources [1, 8].[0m
[34m2025-01-08 17:18:15,239 - DEBUG - Patients [3, 4] have treatment 7 starting at day 3, hour 8.0 using resources [8, 6, 5].[0m
[34m2025-01-08 17:18:15,239 - DEBUG - Patients [3, 4] have treatment 7 starting at day 3, hour 9.000000000000007 using resources [8, 6, 5].[0m
[34m2025-01-08 17:18:15,239 - DEBUG - Patients [2, 4] have treatment 7 starting at day 3, hour 13.500000000000039 using resources [8, 6, 5].[0m
[34m2025-01-08 17:18:15,239 - DEBUG - Patients [5] have treatment 1 starting at day 4, hour 8.0 using resources [8].[0m
[34m2025-01-08 17:18:15,239 - DEBUG - Patients [2] have treatment 1 starting at day 4, hour 12.000000000000028 using resources [7].[0m
[34m2025-01-08 17:18:15,239 - DEBUG - Patients [0] have treatment 1 starting at day 4, hour 12.500000000000032 using resources [7].[0m
[34m2025-01-08 17:18:15,239 - DEBUG - Patients [10, 11, 12, 16, 19] have treatment 3 starting at day 4, hour 8.0 using resources [9, 7].[0m
[34m2025-01-08 17:18:15,239 - DEBUG - Patients [11, 16, 19] have treatment 3 starting at day 4, hour 10.000000000000014 using resources [9, 7].[0m
[34m2025-01-08 17:18:15,239 - DEBUG - Patients [10, 11] have treatment 3 starting at day 4, hour 13.000000000000036 using resources [9, 6].[0m
[34m2025-01-08 17:18:15,239 - DEBUG - Patients [10] have treatment 4 starting at day 4, hour 10.000000000000014 using resources [3, 6].[0m
[34m2025-01-08 17:18:15,239 - DEBUG - Patients [12] have treatment 4 starting at day 4, hour 10.500000000000018 using resources [2, 6].[0m
[34m2025-01-08 17:18:15,239 - DEBUG - Patients [12, 16] have treatment 5 starting at day 4, hour 13.000000000000036 using resources [4, 7].[0m
[34m2025-01-08 17:18:15,239 - DEBUG - Patients [12, 16] have treatment 5 starting at day 4, hour 15.00000000000005 using resources [5, 6].[0m
[34m2025-01-08 17:18:15,239 - DEBUG - Patients [5, 7] have treatment 5 starting at day 4, hour 15.00000000000005 using resources [4, 7].[0m
[34m2025-01-08 17:18:15,239 - DEBUG - Patients [4] have treatment 5 starting at day 4, hour 15.500000000000053 using resources [5, 6].[0m
[34m2025-01-08 17:18:15,239 - DEBUG - Patients [2, 3, 4, 5, 7] have treatment 6 starting at day 4, hour 9.50000000000001 using resources [0, 8].[0m
[34m2025-01-08 17:18:15,239 - DEBUG - Patients [1, 3, 4, 5, 7] have treatment 6 starting at day 4, hour 10.75000000000002 using resources [0, 8].[0m
[34m2025-01-08 17:18:15,239 - DEBUG - Patients [1, 2, 3, 4, 7] have treatment 6 starting at day 4, hour 13.000000000000036 using resources [0, 8].[0m
[34m2025-01-08 17:18:15,239 - DEBUG - Patients [0] have treatment 7 starting at day 4, hour 8.500000000000004 using resources [8, 6, 5].[0m
[34m2025-01-08 17:18:15,239 - DEBUG - Patients [7] have treatment 1 starting at day 5, hour 8.0 using resources [7].[0m
[34m2025-01-08 17:18:15,239 - DEBUG - Patients [6] have treatment 1 starting at day 5, hour 12.000000000000028 using resources [7].[0m
[34m2025-01-08 17:18:15,239 - DEBUG - Patients [5] have treatment 1 starting at day 5, hour 12.500000000000032 using resources [7].[0m
[34m2025-01-08 17:18:15,239 - DEBUG - Patients [2] have treatment 1 starting at day 5, hour 13.08333333333337 using resources [7].[0m
[34m2025-01-08 17:18:15,239 - DEBUG - Patients [1] have treatment 1 starting at day 5, hour 13.08333333333337 using resources [8].[0m
[34m2025-01-08 17:18:15,239 - DEBUG - Patients [1] have treatment 1 starting at day 5, hour 13.583333333333373 using resources [8].[0m
[34m2025-01-08 17:18:15,240 - DEBUG - Patients [1] have treatment 1 starting at day 5, hour 14.083333333333377 using resources [8].[0m
[34m2025-01-08 17:18:15,240 - DEBUG - Patients [0] have treatment 1 starting at day 5, hour 14.500000000000046 using resources [6].[0m
[34m2025-01-08 17:18:15,240 - DEBUG - Patients [10, 12, 16, 17, 19] have treatment 2 starting at day 5, hour 10.083333333333348 using resources [9, 7].[0m
[34m2025-01-08 17:18:15,240 - DEBUG - Patients [10, 12, 16, 17, 19] have treatment 2 starting at day 5, hour 14.500000000000046 using resources [0, 7].[0m
[34m2025-01-08 17:18:15,240 - DEBUG - Patients [10, 11, 16, 17, 19] have treatment 2 starting at day 5, hour 15.250000000000052 using resources [0, 7].[0m
[34m2025-01-08 17:18:15,240 - DEBUG - Patients [12] have treatment 4 starting at day 5, hour 9.50000000000001 using resources [0, 7].[0m
[34m2025-01-08 17:18:15,240 - DEBUG - Patients [3] have treatment 5 starting at day 5, hour 8.0 using resources [5, 8].[0m
[34m2025-01-08 17:18:15,240 - DEBUG - Patients [4, 6] have treatment 7 starting at day 5, hour 8.500000000000004 using resources [8, 7, 5].[0m
[34m2025-01-08 17:18:15,240 - DEBUG - Patients [3, 6] have treatment 7 starting at day 5, hour 9.50000000000001 using resources [8, 6, 5].[0m
[34m2025-01-08 17:18:15,240 - DEBUG - Patients [2] have treatment 7 starting at day 5, hour 15.00000000000005 using resources [8, 6, 4].[0m
[34m2025-01-08 17:18:15,240 - DEBUG - Patients [0, 19] have treatment 9 starting at day 5, hour 8.0 using resources [1, 6].[0m
[34m2025-01-08 17:18:15,240 - DEBUG - Patients [0, 6] have treatment 9 starting at day 5, hour 10.500000000000018 using resources [0, 6].[0m
[34m2025-01-08 17:18:15,240 - DEBUG - Patients [0, 5] have treatment 9 starting at day 5, hour 13.000000000000036 using resources [0, 6].[0m
[34m2025-01-08 17:18:15,240 - DEBUG - Patients [6] have treatment 1 starting at day 6, hour 9.250000000000009 using resources [8].[0m
[34m2025-01-08 17:18:15,240 - DEBUG - Patients [5] have treatment 1 starting at day 6, hour 12.000000000000028 using resources [6].[0m
[34m2025-01-08 17:18:15,240 - DEBUG - Patients [0] have treatment 1 starting at day 6, hour 12.500000000000032 using resources [6].[0m
[34m2025-01-08 17:18:15,240 - DEBUG - Patients [10, 12, 14, 16, 17] have treatment 2 starting at day 6, hour 13.000000000000036 using resources [9, 6].[0m
[34m2025-01-08 17:18:15,240 - DEBUG - Patients [10, 11, 12, 16, 17] have treatment 2 starting at day 6, hour 13.75000000000004 using resources [1, 6].[0m
[34m2025-01-08 17:18:15,240 - DEBUG - Patients [16, 17] have treatment 3 starting at day 6, hour 8.0 using resources [0, 6].[0m
[34m2025-01-08 17:18:15,240 - DEBUG - Patients [14, 19] have treatment 5 starting at day 6, hour 8.0 using resources [5, 7].[0m
[34m2025-01-08 17:18:15,240 - DEBUG - Patients [3, 19] have treatment 5 starting at day 6, hour 11.500000000000025 using resources [5, 6].[0m
[34m2025-01-08 17:18:15,240 - DEBUG - Patients [1, 19] have treatment 5 starting at day 6, hour 15.500000000000053 using resources [5, 6].[0m
[34m2025-01-08 17:18:15,240 - DEBUG - Patients [2, 4, 5, 6, 7] have treatment 6 starting at day 6, hour 8.0 using resources [9, 8].[0m
[34m2025-01-08 17:18:15,240 - DEBUG - Patients [0, 4, 5, 6, 7] have treatment 6 starting at day 6, hour 10.000000000000014 using resources [0, 8].[0m
[34m2025-01-08 17:18:15,240 - DEBUG - Patients [0, 1, 4, 6, 7] have treatment 6 starting at day 6, hour 13.000000000000036 using resources [0, 8].[0m
[34m2025-01-08 17:18:15,240 - DEBUG - Patients [0, 1, 2, 4, 5] have treatment 6 starting at day 6, hour 14.250000000000044 using resources [0, 8].[0m
[34m2025-01-08 17:18:15,241 - DEBUG - Patients [14, 19] have treatment 9 starting at day 6, hour 10.000000000000014 using resources [1, 6].[0m
[34m2025-01-08 17:18:15,241 - DEBUG - Patients [1] have treatment 1 starting at day 7, hour 8.0 using resources [6].[0m
[34m2025-01-08 17:18:15,241 - DEBUG - Patients [6] have treatment 1 starting at day 7, hour 12.000000000000028 using resources [7].[0m
[34m2025-01-08 17:18:15,241 - DEBUG - Patients [2] have treatment 1 starting at day 7, hour 12.333333333333364 using resources [6].[0m
[34m2025-01-08 17:18:15,241 - DEBUG - Patients [8] have treatment 1 starting at day 7, hour 12.333333333333364 using resources [8].[0m
[34m2025-01-08 17:18:15,241 - DEBUG - Patients [2] have treatment 1 starting at day 7, hour 13.500000000000039 using resources [6].[0m
[34m2025-01-08 17:18:15,241 - DEBUG - Patients [0] have treatment 1 starting at day 7, hour 14.500000000000046 using resources [7].[0m
[34m2025-01-08 17:18:15,241 - DEBUG - Patients [10, 11, 14, 16, 17] have treatment 2 starting at day 7, hour 8.500000000000004 using resources [9, 7].[0m
[34m2025-01-08 17:18:15,241 - DEBUG - Patients [10, 11, 16, 17, 19] have treatment 2 starting at day 7, hour 11.000000000000021 using resources [1, 6].[0m
[34m2025-01-08 17:18:15,241 - DEBUG - Patients [14, 19] have treatment 3 starting at day 7, hour 13.666666666666707 using resources [3, 8].[0m
[34m2025-01-08 17:18:15,241 - DEBUG - Patients [16] have treatment 4 starting at day 7, hour 13.000000000000036 using resources [9, 8].[0m
[34m2025-01-08 17:18:15,241 - DEBUG - Patients [11, 19] have treatment 4 starting at day 7, hour 13.000000000000036 using resources [2, 6].[0m
[34m2025-01-08 17:18:15,241 - DEBUG - Patients [4, 16] have treatment 5 starting at day 7, hour 8.0 using resources [5, 8].[0m
[34m2025-01-08 17:18:15,241 - DEBUG - Patients [14, 17] have treatment 5 starting at day 7, hour 8.0 using resources [4, 7].[0m
[34m2025-01-08 17:18:15,241 - DEBUG - Patients [2, 17] have treatment 5 starting at day 7, hour 9.50000000000001 using resources [5, 7].[0m
[34m2025-01-08 17:18:15,241 - DEBUG - Patients [7] have treatment 5 starting at day 7, hour 9.50000000000001 using resources [4, 6].[0m
[34m2025-01-08 17:18:15,241 - DEBUG - Patients [3, 5] have treatment 5 starting at day 7, hour 11.000000000000021 using resources [4, 8].[0m
[34m2025-01-08 17:18:15,241 - DEBUG - Patients [1, 3] have treatment 7 starting at day 7, hour 8.500000000000004 using resources [8, 6, 5].[0m
[34m2025-01-08 17:18:15,241 - DEBUG - Patients [1, 7] have treatment 7 starting at day 7, hour 10.000000000000014 using resources [8, 6, 5].[0m
[34m2025-01-08 17:18:15,241 - DEBUG - Patients [2, 6, 8] have treatment 9 starting at day 7, hour 10.416666666666684 using resources [0, 7].[0m
[34m2025-01-08 17:18:15,241 - DEBUG - Patients [0, 8, 12] have treatment 9 starting at day 7, hour 13.000000000000036 using resources [0, 7].[0m
[34m2025-01-08 17:18:15,241 - DEBUG - Patients [3, 5, 8, 10] have treatment 9 starting at day 7, hour 14.500000000000046 using resources [1, 6].[0m
[34m2025-01-08 17:18:15,241 - DEBUG - Patients [4] have treatment 1 starting at day 8, hour 11.666666666666693 using resources [6].[0m
[34m2025-01-08 17:18:15,241 - DEBUG - Patients [8] have treatment 1 starting at day 8, hour 11.750000000000027 using resources [7].[0m
[34m2025-01-08 17:18:15,241 - DEBUG - Patients [6] have treatment 1 starting at day 8, hour 12.25000000000003 using resources [7].[0m
[34m2025-01-08 17:18:15,241 - DEBUG - Patients [4] have treatment 1 starting at day 8, hour 12.583333333333366 using resources [6].[0m
[34m2025-01-08 17:18:15,242 - DEBUG - Patients [6] have treatment 1 starting at day 8, hour 13.75000000000004 using resources [6].[0m
[34m2025-01-08 17:18:15,242 - DEBUG - Patients [8] have treatment 1 starting at day 8, hour 15.00000000000005 using resources [7].[0m
[34m2025-01-08 17:18:15,242 - DEBUG - Patients [10, 11, 14, 16, 17] have treatment 2 starting at day 8, hour 10.75000000000002 using resources [9, 7].[0m
[34m2025-01-08 17:18:15,242 - DEBUG - Patients [13, 16] have treatment 4 starting at day 8, hour 8.0 using resources [3, 8].[0m
[34m2025-01-08 17:18:15,242 - DEBUG - Patients [11, 19] have treatment 4 starting at day 8, hour 8.0 using resources [1, 7].[0m
[34m2025-01-08 17:18:15,242 - DEBUG - Patients [13] have treatment 4 starting at day 8, hour 10.000000000000014 using resources [3, 6].[0m
[34m2025-01-08 17:18:15,242 - DEBUG - Patients [12, 14] have treatment 5 starting at day 8, hour 8.0 using resources [5, 6].[0m
[34m2025-01-08 17:18:15,242 - DEBUG - Patients [11, 12] have treatment 5 starting at day 8, hour 8.500000000000004 using resources [5, 7].[0m
[34m2025-01-08 17:18:15,242 - DEBUG - Patients [10, 14] have treatment 5 starting at day 8, hour 9.50000000000001 using resources [5, 6].[0m
[34m2025-01-08 17:18:15,242 - DEBUG - Patients [12] have treatment 5 starting at day 8, hour 10.916666666666687 using resources [4, 6].[0m
[34m2025-01-08 17:18:15,242 - DEBUG - Patients [0, 1, 2, 3, 4] have treatment 6 starting at day 8, hour 9.50000000000001 using resources [9, 8].[0m
[34m2025-01-08 17:18:15,242 - DEBUG - Patients [0, 1, 2, 3, 5, 7] have treatment 6 starting at day 8, hour 10.75000000000002 using resources [1, 8].[0m
[34m2025-01-08 17:18:15,242 - DEBUG - Patients [0, 1, 2, 5, 8] have treatment 6 starting at day 8, hour 13.08333333333337 using resources [3, 8].[0m
[34m2025-01-08 17:18:15,242 - DEBUG - Patients [1, 3, 4, 6, 7] have treatment 6 starting at day 8, hour 14.666666666666714 using resources [2, 8].[0m
[34m2025-01-08 17:18:15,242 - DEBUG - Patients [3] have treatment 7 starting at day 8, hour 8.500000000000004 using resources [8, 6, 4].[0m
[34m2025-01-08 17:18:15,242 - DEBUG - Patients [5, 6, 7, 8, 17] have treatment 9 starting at day 8, hour 9.000000000000007 using resources [0, 7].[0m
[34m2025-01-08 17:18:15,242 - DEBUG - Patients [7, 12, 13, 17, 19] have treatment 9 starting at day 8, hour 13.166666666666703 using resources [0, 7].[0m
[34m2025-01-08 17:18:15,242 - DEBUG - Patients [7] have treatment 1 starting at day 9, hour 8.0 using resources [6].[0m
[34m2025-01-08 17:18:15,242 - DEBUG - Patients [5] have treatment 1 starting at day 9, hour 8.0 using resources [7].[0m
[34m2025-01-08 17:18:15,242 - DEBUG - Patients [9] have treatment 1 starting at day 9, hour 8.500000000000004 using resources [7].[0m
[34m2025-01-08 17:18:15,242 - DEBUG - Patients [9] have treatment 1 starting at day 9, hour 12.500000000000032 using resources [6].[0m
[34m2025-01-08 17:18:15,242 - DEBUG - Patients [1] have treatment 1 starting at day 9, hour 12.500000000000032 using resources [7].[0m
[34m2025-01-08 17:18:15,242 - DEBUG - Patients [9] have treatment 1 starting at day 9, hour 13.000000000000036 using resources [6].[0m
[34m2025-01-08 17:18:15,242 - DEBUG - Patients [3] have treatment 1 starting at day 9, hour 13.500000000000039 using resources [7].[0m
[34m2025-01-08 17:18:15,242 - DEBUG - Patients [4] have treatment 1 starting at day 9, hour 14.500000000000046 using resources [6].[0m
[34m2025-01-08 17:18:15,242 - DEBUG - Patients [3] have treatment 1 starting at day 9, hour 15.250000000000052 using resources [7].[0m
[34m2025-01-08 17:18:15,243 - DEBUG - Patients [12, 17] have treatment 3 starting at day 9, hour 8.0 using resources [9, 8].[0m
[34m2025-01-08 17:18:15,243 - DEBUG - Patients [11, 16] have treatment 4 starting at day 9, hour 9.250000000000009 using resources [0, 7].[0m
[34m2025-01-08 17:18:15,243 - DEBUG - Patients [10, 14] have treatment 4 starting at day 9, hour 9.583333333333345 using resources [3, 6].[0m
[34m2025-01-08 17:18:15,243 - DEBUG - Patients [0, 5] have treatment 5 starting at day 9, hour 8.500000000000004 using resources [4, 6].[0m
[34m2025-01-08 17:18:15,243 - DEBUG - Patients [8, 13] have treatment 5 starting at day 9, hour 9.000000000000007 using resources [4, 6].[0m
[34m2025-01-08 17:18:15,243 - DEBUG - Patients [3, 4] have treatment 5 starting at day 9, hour 13.000000000000036 using resources [4, 7].[0m
[34m2025-01-08 17:18:15,243 - DEBUG - Patients [14, 17] have treatment 5 starting at day 9, hour 13.500000000000039 using resources [4, 6].[0m
[34m2025-01-08 17:18:15,243 - DEBUG - Patients [9, 17] have treatment 5 starting at day 9, hour 14.000000000000043 using resources [5, 6].[0m
[34m2025-01-08 17:18:15,243 - DEBUG - Patients [1] have treatment 5 starting at day 9, hour 14.16666666666671 using resources [4, 7].[0m
[34m2025-01-08 17:18:15,243 - DEBUG - Patients [12, 19] have treatment 5 starting at day 9, hour 14.500000000000046 using resources [5, 8].[0m
[34m2025-01-08 17:18:15,243 - DEBUG - Patients [8, 16] have treatment 5 starting at day 9, hour 14.666666666666714 using resources [4, 7].[0m
[34m2025-01-08 17:18:15,243 - DEBUG - Patients [7, 8] have treatment 7 starting at day 9, hour 10.000000000000014 using resources [8, 7, 5].[0m
[34m2025-01-08 17:18:15,243 - DEBUG - Patients [7, 8] have treatment 7 starting at day 9, hour 11.000000000000021 using resources [8, 7, 5].[0m
[34m2025-01-08 17:18:15,243 - DEBUG - Patients [2, 4] have treatment 7 starting at day 9, hour 15.00000000000005 using resources [8, 6, 5].[0m
[34m2025-01-08 17:18:15,243 - DEBUG - Patients [1, 2, 4, 5, 6, 10, 11, 12, 13, 14, 16] have treatment 9 starting at day 9, hour 10.500000000000018 using resources [9, 6].[0m
[34m2025-01-08 17:18:15,243 - DEBUG - Patients [0, 2, 5, 6, 7, 11, 12, 13, 16, 19] have treatment 9 starting at day 9, hour 13.000000000000036 using resources [2, 8].[0m
[34m2025-01-08 17:18:15,266 - DEBUG - Checking solution value.[0m
[34m2025-01-08 17:18:15,267 - DEBUG - Solvers objective function value: 540.0[0m
[34m2025-01-08 17:18:15,268 - DEBUG - (VERIFIER):Treatment value: 0[0m
[34m2025-01-08 17:18:15,268 - DEBUG - (VERIFIER):Delay value: 0[0m
[34m2025-01-08 17:18:15,268 - DEBUG - (VERIFIER):Missing treatment value: 540[0m
[34m2025-01-08 17:18:15,268 - DEBUG - Correct objective function value: 540[0m
[34m2025-01-08 17:18:15,268 - DEBUG - Solution is valid.[0m
[34m2025-01-08 17:18:15,268 - DEBUG - All solvers accepted the solution.[0m
[32m2025-01-08 17:18:15,268 - INFO - Time to find solution: 594.655s with value 540.000000[0m
[32m2025-01-08 17:18:15,268 - INFO - Total Time: 596.407s[0m
