1.NAME: LBBDSolver
2.PARAMS: {'break_symmetry': False, 'add_constraints_to_symmetrc_days': False, 'subsolver_cls': 'CPSubSolver'}
3.INSTANCE: /home/wx350715/Kobra/rehabiliation-admission-scheduling/data/comp_study_002/instance_1_less_prescriptions_5.txt
4.REPETITION: 1
Current directory: /home/wx350715/Kobra/rehabiliation-admission-scheduling
[34m2025-01-08 16:13:01,247 - DEBUG - Solver: <class 'src.solvers.benders.LBBDSolver'>[0m
[34m2025-01-08 16:13:01,248 - DEBUG - Args: {'break_symmetry': False, 'add_constraints_to_symmetrc_days': False, 'subsolver_cls': 'CPSubSolver'}[0m
[34m2025-01-08 16:13:01,248 - DEBUG - File path /home/wx350715/Kobra/rehabiliation-admission-scheduling/data/comp_study_002/instance_1_less_prescriptions_5.txt[0m
[34m2025-01-08 16:13:01,248 - DEBUG - ADD INSTANCE DATA[0m
[34m2025-01-08 16:13:01,248 - DEBUG - ADD INSTANCE DATA[0m
[34m2025-01-08 16:13:01,248 - DEBUG - ADD INSTANCE DATA[0m
[34m2025-01-08 16:13:01,248 - DEBUG - ADD INSTANCE DATA[0m
[34m2025-01-08 16:13:01,248 - DEBUG - ADD INSTANCE DATA[0m
[34m2025-01-08 16:13:01,248 - DEBUG - ADD INSTANCE DATA[0m
[34m2025-01-08 16:13:01,248 - DEBUG - ADD INSTANCE DATA[0m
[34m2025-01-08 16:13:01,248 - DEBUG - ADD INSTANCE DATA[0m
[34m2025-01-08 16:13:01,248 - DEBUG - ADD INSTANCE DATA[0m
[34m2025-01-08 16:13:01,248 - DEBUG - ADD INSTANCE DATA[0m
[34m2025-01-08 16:13:01,249 - DEBUG - ADD INSTANCE DATA[0m
[34m2025-01-08 16:13:01,249 - DEBUG - ADD RESOURCE_GROUPS[0m
[34m2025-01-08 16:13:01,249 - DEBUG - ADD RESOURCE_GROUPS[0m
[34m2025-01-08 16:13:01,249 - DEBUG - ADD RESOURCE_GROUPS[0m
[34m2025-01-08 16:13:01,249 - DEBUG - ADD RESOURCE_GROUPS[0m
[34m2025-01-08 16:13:01,249 - DEBUG - ADD RESOURCES[0m
[34m2025-01-08 16:13:01,249 - DEBUG - ADD RESOURCES[0m
[34m2025-01-08 16:13:01,249 - DEBUG - ADD RESOURCES[0m
[34m2025-01-08 16:13:01,249 - DEBUG - ADD RESOURCES[0m
[34m2025-01-08 16:13:01,249 - DEBUG - ADD RESOURCES[0m
[34m2025-01-08 16:13:01,249 - DEBUG - ADD RESOURCES[0m
[34m2025-01-08 16:13:01,250 - DEBUG - ADD RESOURCES[0m
[34m2025-01-08 16:13:01,250 - DEBUG - ADD RESOURCES[0m
[34m2025-01-08 16:13:01,250 - DEBUG - ADD RESOURCES[0m
[34m2025-01-08 16:13:01,250 - DEBUG - ADD TREATMENTS[0m
[34m2025-01-08 16:13:01,250 - DEBUG - ADD TREATMENTS[0m
[34m2025-01-08 16:13:01,250 - DEBUG - ADD TREATMENTS[0m
[34m2025-01-08 16:13:01,250 - DEBUG - ADD TREATMENTS[0m
[34m2025-01-08 16:13:01,250 - DEBUG - ADD TREATMENTS[0m
[34m2025-01-08 16:13:01,250 - DEBUG - ADD TREATMENTS[0m
[34m2025-01-08 16:13:01,250 - DEBUG - ADD TREATMENTS[0m
[34m2025-01-08 16:13:01,250 - DEBUG - ADD TREATMENTS[0m
[34m2025-01-08 16:13:01,251 - DEBUG - ADD PATIENTS[0m
[34m2025-01-08 16:13:01,251 - DEBUG - ADD PATIENTS[0m
[34m2025-01-08 16:13:01,251 - DEBUG - ADD PATIENTS[0m
[34m2025-01-08 16:13:01,251 - DEBUG - ADD PATIENTS[0m
[34m2025-01-08 16:13:01,251 - DEBUG - ADD PATIENTS[0m
[34m2025-01-08 16:13:01,251 - DEBUG - ADD PATIENTS[0m
[34m2025-01-08 16:13:01,251 - DEBUG - ADD PATIENTS[0m
[34m2025-01-08 16:13:01,251 - DEBUG - ADD PATIENTS[0m
[34m2025-01-08 16:13:01,252 - DEBUG - ADD PATIENTS[0m
[34m2025-01-08 16:13:01,252 - DEBUG - ADD PATIENTS[0m
[34m2025-01-08 16:13:01,252 - DEBUG - ADD PATIENTS[0m
[34m2025-01-08 16:13:01,252 - DEBUG - ADD PATIENTS[0m
[34m2025-01-08 16:13:01,252 - DEBUG - ADD PATIENTS[0m
[34m2025-01-08 16:13:01,252 - DEBUG - ADD PATIENTS[0m
[34m2025-01-08 16:13:01,252 - DEBUG - ADD PATIENTS[0m
[34m2025-01-08 16:13:01,252 - DEBUG - ADD PATIENTS[0m
[34m2025-01-08 16:13:01,252 - DEBUG - ADD PATIENTS[0m
[34m2025-01-08 16:13:01,253 - DEBUG - ADD PATIENTS[0m
[34m2025-01-08 16:13:01,253 - DEBUG - ADD PATIENTS[0m
[34m2025-01-08 16:13:01,253 - DEBUG - ADD PATIENTS[0m
[34m2025-01-08 16:13:01,253 - DEBUG - Instance data:[0m
[34m2025-01-08 16:13:01,253 - DEBUG - Number of patients: 20[0m
[34m2025-01-08 16:13:01,253 - DEBUG - Number of beds: 40[0m
[34m2025-01-08 16:13:01,253 - DEBUG - Average number of treatments per patient: 22.05[0m
[34m2025-01-08 16:13:01,255 - DEBUG - Average number of treatment per stayed day: 1.5806451612903225[0m
[34m2025-01-08 16:13:01,255 - DEBUG - Number of treatments: 441[0m
[34m2025-01-08 16:13:01,255 - DEBUG - Number of resources: 9[0m
[34m2025-01-08 16:13:01,255 - DEBUG - Number of resource groups: 4[0m
[34m2025-01-08 16:13:01,255 - DEBUG - Number of resource hours needed per all treatment by RG(therapists): 19.395833333333332[0m
[34m2025-01-08 16:13:01,255 - DEBUG - Number of resource hours needed per all treatment by RG(rooms): 35.60833333333331[0m
[34m2025-01-08 16:13:01,255 - DEBUG - Number of resource hours needed per all treatment by RG(physiotherapist): 12.25[0m
[34m2025-01-08 16:13:01,255 - DEBUG - Number of resource hours needed per all treatment by RG(sport_room): 8.6875[0m
[32m2025-01-08 16:13:01,255 - INFO - {'solver': 'LBBDSolver', 'args': {'break_symmetry': False, 'subsolver_cls': <class 'src.solvers.subsolvers.cp_subsolver.CPSubsolver'>, 'subsolver.store_results': True, 'subsolver.store_results_method': 'hash', 'use_helper_constraints': True, 'enforce_min_treatments_per_day': True, 'enforce_max_treatments_per_e_w': True, 'enforce_min_patients_per_treatment': True, 'log_to_console': True}}[0m
[34m2025-01-08 16:13:01,255 - DEBUG - Setting options: LBBDSolver[0m
[34m2025-01-08 16:13:01,255 - DEBUG -  ---- break_symmetry to False[0m
[34m2025-01-08 16:13:01,255 - DEBUG -  ---- subsolver_cls to <class 'src.solvers.subsolvers.cp_subsolver.CPSubsolver'>[0m
[34m2025-01-08 16:13:01,255 - DEBUG -  ---- use_helper_constraints to True[0m
[34m2025-01-08 16:13:01,255 - DEBUG -  ---- add_constraints_to_symmetric_days to True (default)[0m
[34m2025-01-08 16:13:01,255 - DEBUG - Setting options: Solver[0m
[34m2025-01-08 16:13:01,255 - DEBUG -  ---- number_of_threads to 1 (default)[0m
[34m2025-01-08 16:13:01,255 - DEBUG -  ---- treatment_value to 0 (default)[0m
[34m2025-01-08 16:13:01,255 - DEBUG -  ---- delay_value to 1 (default)[0m
[34m2025-01-08 16:13:01,255 - DEBUG -  ---- missing_treatment_value to 4 (default)[0m
[34m2025-01-08 16:13:01,256 - DEBUG -  ---- enforce_min_treatments_per_day to True[0m
[34m2025-01-08 16:13:01,256 - DEBUG -  ---- enforce_max_treatments_per_e_w to True[0m
[34m2025-01-08 16:13:01,256 - DEBUG -  ---- enforce_min_patients_per_treatment to True[0m
[34m2025-01-08 16:13:01,256 - DEBUG -  ---- log_to_console to True[0m
[34m2025-01-08 16:13:01,256 - DEBUG -  ---- log_to_file to True (default)[0m
[34m2025-01-08 16:13:01,340 - DEBUG - Setting options: CPSubsolver[0m
[34m2025-01-08 16:13:01,340 - DEBUG -  ---- estimated_needed_treatments to True (default)[0m
[34m2025-01-08 16:13:01,340 - DEBUG -  ---- add_patient_symmetry to False (default)[0m
[34m2025-01-08 16:13:01,341 - DEBUG - Setting Subsolver options: SubSolver[0m
[34m2025-01-08 16:13:01,341 - DEBUG -  ---- store_results to True[0m
[34m2025-01-08 16:13:01,341 - DEBUG -  ---- store_results_method to hash[0m
[34m2025-01-08 16:13:01,341 - DEBUG -  ---- enforce_min_patients_per_treatment to True[0m
[34m2025-01-08 16:13:01,341 - DEBUG -  ---- use_day_symmetry to True (default)[0m
[32m2025-01-08 16:13:01,424 - INFO - Create model: LBBDSolver[0m
Set parameter TSPort to value 50039
Set parameter TokenServer to value "license.itc.rwth-aachen.de"
Set parameter Threads to value 1
Set parameter LazyConstraints to value 1
[34m2025-01-08 16:13:01,782 - DEBUG - Variables created.[0m
[34m2025-01-08 16:13:03,035 - DEBUG - Constraint (not too many treatments) created.[0m
[34m2025-01-08 16:13:03,945 - DEBUG - Constraint (no_treatments_outside admittance) created.[0m
[34m2025-01-08 16:13:03,947 - DEBUG - Constraint (bed_usage) created.[0m
[34m2025-01-08 16:13:03,947 - DEBUG - Constraint (must be admitted) created.[0m
[34m2025-01-08 16:13:04,079 - DEBUG - Constraint (e_w_ub) created.[0m
[34m2025-01-08 16:13:04,123 - DEBUG - Constraint (day_ub) created.[0m
[34m2025-01-08 16:13:04,166 - DEBUG - Constraint (Day always) created.[0m
[34m2025-01-08 16:13:04,167 - DEBUG - Constraint (already_admitted) created.[0m
[32m2025-01-08 16:13:05,665 - INFO - Time to create model: 4.24[0m
[32m2025-01-08 16:13:05,665 - INFO - Solving model: LBBDSolver[0m
Gurobi Optimizer version 10.0.0 build v10.0.0rc2 (linux64)

CPU model: Intel(R) Xeon(R) Platinum 8468, instruction set [SSE2|AVX|AVX2|AVX512]
Thread count: 96 physical cores, 96 logical processors, using up to 1 threads

Optimize a model with 174291 rows, 69846 columns and 1430035 nonzeros
Model fingerprint: 0xc8947dd0
Variable types: 3 continuous, 69843 integer (69843 binary)
Coefficient statistics:
  Matrix range     [1e+00, 2e+01]
  Objective range  [1e+00, 1e+01]
  Bounds range     [1e+00, 1e+00]
  RHS range        [1e+00, 2e+03]
Presolve added 0 rows and 302 columns
Presolve removed 78665 rows and 0 columns
Presolve time: 2.78s
Presolved: 95626 rows, 70148 columns, 1134415 nonzeros
Variable types: 1 continuous, 70147 integer (70067 binary)
Root relaxation presolved: 95526 rows, 70248 columns, 1096387 nonzeros


Root simplex log...

Iteration    Objective       Primal Inf.    Dual Inf.      Time
       0   -3.7407640e+03   1.984624e+03   0.000000e+00      6s
    3359    2.6800000e+02   0.000000e+00   0.000000e+00      7s
    3359    2.6800000e+02   0.000000e+00   0.000000e+00      7s

Use crossover to convert LP symmetric solution to basic solution...

Root crossover log...

       0 DPushes remaining with DInf 0.0000000e+00                 7s

   13287 PPushes remaining with PInf 0.0000000e+00                 7s
       0 PPushes remaining with PInf 0.0000000e+00                 7s

  Push phase complete: Pinf 0.0000000e+00, Dinf 8.6433083e-12      7s


Root simplex log...

Iteration    Objective       Primal Inf.    Dual Inf.      Time
   16650    2.6800000e+02   0.000000e+00   0.000000e+00      7s
   16650    2.6800000e+02   0.000000e+00   0.000000e+00      7s

Root relaxation: objective 2.680000e+02, 16650 iterations, 0.99 seconds (0.86 work units)
Total elapsed time = 11.53s
Total elapsed time = 16.24s

    Nodes    |    Current Node    |     Objective Bounds      |     Work
 Expl Unexpl |  Obj  Depth IntInf | Incumbent    BestBd   Gap | It/Node Time

     0     0  268.00000    0   20          -  268.00000      -     -   17s
H    0     0                     276.0000000  268.00000  2.90%     -   25s
H    0     0                     268.0000000  268.00000  0.00%     -   35s
     0     0  268.00000    0   20  268.00000  268.00000  0.00%     -   35s

Explored 1 nodes (70673 simplex iterations) in 35.40 seconds (28.17 work units)
Thread count was 1 (of 96 available processors)

Solution count 2: 268 276 

Optimal solution found (tolerance 1.00e-04)
Best objective 2.680000000000e+02, best bound 2.680000000000e+02, gap 0.0000%

User-callback calls 2115, time in user-callback 16.64 sec
[34m2025-01-08 16:13:41,159 - DEBUG - Finished optimization[0m
[34m2025-01-08 16:13:41,159 - DEBUG - Subsolver stats:[0m
[32m2025-01-08 16:13:41,160 - INFO - Number of cuts added: 0 (bad=0, good=0)[0m
[32m2025-01-08 16:13:41,160 - INFO - Unnecessary comps: (0 / 0)[0m
[32m2025-01-08 16:13:41,160 - INFO - Calls to is_day_infeasible: cp_solver=27/ total=28 stored=1[0m
[32m2025-01-08 16:13:41,160 - INFO - Is feasible: 16.549697160720825 0.9958972559478261[0m
[32m2025-01-08 16:13:41,160 - INFO - Subsolver: Solve Model: 16.04937195777893/0.970249902107966[0m
[32m2025-01-08 16:13:41,160 - INFO - Subsolver: Create Model: 0.4921107292175293/0.02975009789203394[0m
[32m2025-01-08 16:13:41,160 - INFO - Num_constraints-added: 0[0m
[32m2025-01-08 16:13:41,160 - INFO - Optimal solution found.[0m
[34m2025-01-08 16:13:41,160 - DEBUG - Sub Objectives:[0m
[34m2025-01-08 16:13:41,160 - DEBUG - (SOLVER):Minimize Delay: 0.0[0m
[34m2025-01-08 16:13:41,160 - DEBUG - (SOLVER):Minimize Missing Treatments: 268.0[0m
[32m2025-01-08 16:13:41,160 - INFO - All cuts [][0m
[32m2025-01-08 16:13:41,160 - INFO - All cuts [][0m
[34m2025-01-08 16:13:49,260 - DEBUG - Patient 10 is admitted at day 1.[0m
[34m2025-01-08 16:13:49,262 - DEBUG - Patient 11 is admitted at day 2.[0m
[34m2025-01-08 16:13:49,262 - DEBUG - Patient 12 is admitted at day 3.[0m
[34m2025-01-08 16:13:49,262 - DEBUG - Patient 13 is admitted at day 8.[0m
[34m2025-01-08 16:13:49,262 - DEBUG - Patient 14 is admitted at day 6.[0m
[34m2025-01-08 16:13:49,262 - DEBUG - Patient 15 is admitted at day 11.[0m
[34m2025-01-08 16:13:49,262 - DEBUG - Patient 16 is admitted at day 4.[0m
[34m2025-01-08 16:13:49,262 - DEBUG - Patient 17 is admitted at day 5.[0m
[34m2025-01-08 16:13:49,262 - DEBUG - Patient 18 is admitted at day 0.[0m
[34m2025-01-08 16:13:49,262 - DEBUG - Patient 19 is admitted at day 0.[0m
[34m2025-01-08 16:13:49,262 - DEBUG - Patient 20 is admitted at day 3.[0m
[34m2025-01-08 16:13:49,262 - DEBUG - Patient 21 is admitted at day 4.[0m
[34m2025-01-08 16:13:49,262 - DEBUG - Patient 22 is admitted at day 7.[0m
[34m2025-01-08 16:13:49,262 - DEBUG - Patient 23 is admitted at day 7.[0m
[34m2025-01-08 16:13:49,262 - DEBUG - Patient 24 is admitted at day 6.[0m
[34m2025-01-08 16:13:49,262 - DEBUG - Patient 25 is admitted at day 1.[0m
[34m2025-01-08 16:13:49,262 - DEBUG - Patient 26 is admitted at day 5.[0m
[34m2025-01-08 16:13:49,262 - DEBUG - Patient 27 is admitted at day 2.[0m
[34m2025-01-08 16:13:49,263 - DEBUG - Patient 28 is admitted at day 4.[0m
[34m2025-01-08 16:13:49,263 - DEBUG - Patient 29 is admitted at day 1.[0m
[34m2025-01-08 16:13:49,263 - DEBUG - Patients [18] have treatment 4 starting at day 0, hour 11.000000000000021 using resources [4, 8].[0m
[34m2025-01-08 16:13:49,263 - DEBUG - Patients [19] have treatment 7 starting at day 0, hour 8.0 using resources [8, 6, 5].[0m
[34m2025-01-08 16:13:49,263 - DEBUG - Patients [19] have treatment 7 starting at day 0, hour 9.000000000000007 using resources [8, 6, 5].[0m
[34m2025-01-08 16:13:49,263 - DEBUG - Patients [19] have treatment 7 starting at day 0, hour 10.000000000000014 using resources [8, 6, 5].[0m
[34m2025-01-08 16:13:49,263 - DEBUG - Patients [10] have treatment 4 starting at day 1, hour 10.500000000000018 using resources [4, 7].[0m
[34m2025-01-08 16:13:49,263 - DEBUG - Patients [19] have treatment 4 starting at day 1, hour 10.500000000000018 using resources [1, 6].[0m
[34m2025-01-08 16:13:49,263 - DEBUG - Patients [10, 18, 19, 25, 29] have treatment 6 starting at day 1, hour 8.0 using resources [4, 8].[0m
[34m2025-01-08 16:13:49,263 - DEBUG - Patients [10, 18, 19, 25, 29] have treatment 6 starting at day 1, hour 9.250000000000009 using resources [0, 8].[0m
[34m2025-01-08 16:13:49,263 - DEBUG - Patients [27] have treatment 1 starting at day 2, hour 8.0 using resources [7].[0m
[34m2025-01-08 16:13:49,263 - DEBUG - Patients [25, 29] have treatment 4 starting at day 2, hour 8.0 using resources [0, 6].[0m
[34m2025-01-08 16:13:49,263 - DEBUG - Patients [19, 29] have treatment 4 starting at day 2, hour 8.500000000000004 using resources [0, 6].[0m
[34m2025-01-08 16:13:49,263 - DEBUG - Patients [11, 18] have treatment 4 starting at day 2, hour 11.000000000000021 using resources [0, 6].[0m
[34m2025-01-08 16:13:49,263 - DEBUG - Patients [10, 18] have treatment 4 starting at day 2, hour 11.500000000000025 using resources [0, 6].[0m
[34m2025-01-08 16:13:49,263 - DEBUG - Patients [11, 27] have treatment 7 starting at day 2, hour 9.000000000000007 using resources [8, 6, 5].[0m
[34m2025-01-08 16:13:49,263 - DEBUG - Patients [27] have treatment 7 starting at day 2, hour 10.000000000000014 using resources [8, 6, 5].[0m
[34m2025-01-08 16:13:49,263 - DEBUG - Patients [25] have treatment 1 starting at day 3, hour 8.0 using resources [8].[0m
[34m2025-01-08 16:13:49,263 - DEBUG - Patients [11, 12, 20, 25, 27] have treatment 2 starting at day 3, hour 13.000000000000036 using resources [4, 6].[0m
[34m2025-01-08 16:13:49,263 - DEBUG - Patients [10, 11, 12, 18, 20] have treatment 2 starting at day 3, hour 13.75000000000004 using resources [0, 6].[0m
[34m2025-01-08 16:13:49,263 - DEBUG - Patients [12, 20] have treatment 3 starting at day 3, hour 8.0 using resources [0, 6].[0m
[34m2025-01-08 16:13:49,263 - DEBUG - Patients [10] have treatment 4 starting at day 3, hour 15.00000000000005 using resources [0, 6].[0m
[34m2025-01-08 16:13:49,264 - DEBUG - Patients [27] have treatment 5 starting at day 3, hour 14.500000000000046 using resources [5, 6].[0m
[34m2025-01-08 16:13:49,264 - DEBUG - Patients [19] have treatment 7 starting at day 3, hour 10.000000000000014 using resources [8, 6, 5].[0m
[34m2025-01-08 16:13:49,264 - DEBUG - Patients [29] have treatment 7 starting at day 3, hour 11.000000000000021 using resources [8, 6, 4].[0m
[34m2025-01-08 16:13:49,264 - DEBUG - Patients [20] have treatment 1 starting at day 4, hour 8.0 using resources [7].[0m
[34m2025-01-08 16:13:49,264 - DEBUG - Patients [20] have treatment 1 starting at day 4, hour 12.000000000000028 using resources [6].[0m
[34m2025-01-08 16:13:49,264 - DEBUG - Patients [27] have treatment 1 starting at day 4, hour 12.500000000000032 using resources [6].[0m
[34m2025-01-08 16:13:49,264 - DEBUG - Patients [25, 29] have treatment 3 starting at day 4, hour 8.500000000000004 using resources [4, 6].[0m
[34m2025-01-08 16:13:49,265 - DEBUG - Patients [16, 21] have treatment 4 starting at day 4, hour 11.500000000000025 using resources [0, 6].[0m
[34m2025-01-08 16:13:49,265 - DEBUG - Patients [12, 16] have treatment 4 starting at day 4, hour 13.000000000000036 using resources [0, 6].[0m
[34m2025-01-08 16:13:49,265 - DEBUG - Patients [11] have treatment 4 starting at day 4, hour 14.000000000000043 using resources [0, 6].[0m
[34m2025-01-08 16:13:49,265 - DEBUG - Patients [21, 28] have treatment 5 starting at day 4, hour 8.0 using resources [5, 6].[0m
[34m2025-01-08 16:13:49,265 - DEBUG - Patients [12, 18] have treatment 5 starting at day 4, hour 10.500000000000018 using resources [5, 6].[0m
[34m2025-01-08 16:13:49,265 - DEBUG - Patients [11, 18] have treatment 5 starting at day 4, hour 11.000000000000021 using resources [5, 6].[0m
[34m2025-01-08 16:13:49,265 - DEBUG - Patients [10] have treatment 5 starting at day 4, hour 13.500000000000039 using resources [4, 6].[0m
[34m2025-01-08 16:13:49,265 - DEBUG - Patients [10] have treatment 5 starting at day 4, hour 14.500000000000046 using resources [4, 6].[0m
[34m2025-01-08 16:13:49,265 - DEBUG - Patients [10, 12, 16, 19, 21] have treatment 6 starting at day 4, hour 8.500000000000004 using resources [0, 8].[0m
[34m2025-01-08 16:13:49,265 - DEBUG - Patients [16, 19] have treatment 0 starting at day 5, hour 8.500000000000004 using resources [1, 2, 7].[0m
[34m2025-01-08 16:13:49,265 - DEBUG - Patients [16] have treatment 1 starting at day 5, hour 8.0 using resources [7].[0m
[34m2025-01-08 16:13:49,265 - DEBUG - Patients [16] have treatment 1 starting at day 5, hour 10.500000000000018 using resources [6].[0m
[34m2025-01-08 16:13:49,265 - DEBUG - Patients [10] have treatment 1 starting at day 5, hour 12.000000000000028 using resources [6].[0m
[34m2025-01-08 16:13:49,265 - DEBUG - Patients [10] have treatment 1 starting at day 5, hour 12.500000000000032 using resources [6].[0m
[34m2025-01-08 16:13:49,265 - DEBUG - Patients [12, 20, 28, 29] have treatment 3 starting at day 5, hour 10.000000000000014 using resources [2, 7].[0m
[34m2025-01-08 16:13:49,265 - DEBUG - Patients [21, 26] have treatment 4 starting at day 5, hour 10.000000000000014 using resources [0, 6].[0m
[34m2025-01-08 16:13:49,265 - DEBUG - Patients [19, 26] have treatment 4 starting at day 5, hour 14.000000000000043 using resources [0, 6].[0m
[34m2025-01-08 16:13:49,265 - DEBUG - Patients [17] have treatment 4 starting at day 5, hour 14.500000000000046 using resources [0, 6].[0m
[34m2025-01-08 16:13:49,265 - DEBUG - Patients [17, 27] have treatment 5 starting at day 5, hour 15.00000000000005 using resources [5, 6].[0m
[34m2025-01-08 16:13:49,265 - DEBUG - Patients [11] have treatment 5 starting at day 5, hour 15.500000000000053 using resources [5, 6].[0m
[34m2025-01-08 16:13:49,265 - DEBUG - Patients [26, 28] have treatment 7 starting at day 5, hour 8.0 using resources [8, 6, 5].[0m
[34m2025-01-08 16:13:49,265 - DEBUG - Patients [18, 28] have treatment 7 starting at day 5, hour 9.000000000000007 using resources [8, 6, 5].[0m
[34m2025-01-08 16:13:49,265 - DEBUG - Patients [17, 18] have treatment 7 starting at day 5, hour 11.000000000000021 using resources [8, 6, 5].[0m
[34m2025-01-08 16:13:49,265 - DEBUG - Patients [18] have treatment 7 starting at day 5, hour 13.000000000000036 using resources [8, 6, 4].[0m
[34m2025-01-08 16:13:49,266 - DEBUG - Patients [17, 20, 21, 29] have treatment 0 starting at day 6, hour 8.500000000000004 using resources [1, 2, 8].[0m
[34m2025-01-08 16:13:49,266 - DEBUG - Patients [10, 17] have treatment 0 starting at day 6, hour 9.250000000000009 using resources [0, 1, 7].[0m
[34m2025-01-08 16:13:49,266 - DEBUG - Patients [20] have treatment 1 starting at day 6, hour 8.0 using resources [6].[0m
[34m2025-01-08 16:13:49,266 - DEBUG - Patients [27] have treatment 1 starting at day 6, hour 8.500000000000004 using resources [6].[0m
[34m2025-01-08 16:13:49,266 - DEBUG - Patients [19] have treatment 1 starting at day 6, hour 9.000000000000007 using resources [6].[0m
[34m2025-01-08 16:13:49,266 - DEBUG - Patients [19] have treatment 1 starting at day 6, hour 11.500000000000025 using resources [6].[0m
[34m2025-01-08 16:13:49,266 - DEBUG - Patients [18] have treatment 1 starting at day 6, hour 12.000000000000028 using resources [6].[0m
[34m2025-01-08 16:13:49,266 - DEBUG - Patients [12] have treatment 1 starting at day 6, hour 12.500000000000032 using resources [6].[0m
[34m2025-01-08 16:13:49,266 - DEBUG - Patients [10, 17, 21, 24, 28] have treatment 2 starting at day 6, hour 14.000000000000043 using resources [1, 6].[0m
[34m2025-01-08 16:13:49,266 - DEBUG - Patients [10, 12, 14, 16, 24] have treatment 2 starting at day 6, hour 14.750000000000048 using resources [0, 6].[0m
[34m2025-01-08 16:13:49,266 - DEBUG - Patients [14, 26] have treatment 3 starting at day 6, hour 9.50000000000001 using resources [2, 6].[0m
[34m2025-01-08 16:13:49,266 - DEBUG - Patients [14] have treatment 4 starting at day 6, hour 15.500000000000053 using resources [0, 6].[0m
[34m2025-01-08 16:13:49,266 - DEBUG - Patients [11] have treatment 7 starting at day 6, hour 13.000000000000036 using resources [8, 6, 5].[0m
[34m2025-01-08 16:13:49,266 - DEBUG - Patients [14, 19, 22, 23, 27] have treatment 0 starting at day 7, hour 8.0 using resources [1, 2, 7].[0m
[34m2025-01-08 16:13:49,266 - DEBUG - Patients [12, 22, 23, 27] have treatment 0 starting at day 7, hour 8.750000000000005 using resources [0, 1, 7].[0m
[34m2025-01-08 16:13:49,266 - DEBUG - Patients [26] have treatment 1 starting at day 7, hour 8.0 using resources [6].[0m
[34m2025-01-08 16:13:49,266 - DEBUG - Patients [26] have treatment 1 starting at day 7, hour 9.000000000000007 using resources [6].[0m
[34m2025-01-08 16:13:49,266 - DEBUG - Patients [18] have treatment 1 starting at day 7, hour 11.500000000000025 using resources [6].[0m
[34m2025-01-08 16:13:49,266 - DEBUG - Patients [14] have treatment 1 starting at day 7, hour 12.000000000000028 using resources [6].[0m
[34m2025-01-08 16:13:49,266 - DEBUG - Patients [10] have treatment 1 starting at day 7, hour 12.500000000000032 using resources [6].[0m
[34m2025-01-08 16:13:49,266 - DEBUG - Patients [10, 11, 12, 16, 21, 24] have treatment 3 starting at day 7, hour 9.50000000000001 using resources [1, 6].[0m
[34m2025-01-08 16:13:49,266 - DEBUG - Patients [17, 21] have treatment 4 starting at day 7, hour 14.000000000000043 using resources [0, 6].[0m
[34m2025-01-08 16:13:49,266 - DEBUG - Patients [17] have treatment 4 starting at day 7, hour 15.00000000000005 using resources [2, 6].[0m
[34m2025-01-08 16:13:49,266 - DEBUG - Patients [28, 29] have treatment 5 starting at day 7, hour 8.500000000000004 using resources [5, 6].[0m
[34m2025-01-08 16:13:49,266 - DEBUG - Patients [20, 24] have treatment 5 starting at day 7, hour 13.000000000000036 using resources [5, 6].[0m
[34m2025-01-08 16:13:49,267 - DEBUG - Patients [14, 19] have treatment 5 starting at day 7, hour 13.500000000000039 using resources [4, 6].[0m
[34m2025-01-08 16:13:49,267 - DEBUG - Patients [11, 19] have treatment 5 starting at day 7, hour 14.500000000000046 using resources [4, 6].[0m
[34m2025-01-08 16:13:49,267 - DEBUG - Patients [12, 25] have treatment 0 starting at day 8, hour 13.75000000000004 using resources [1, 2, 8].[0m
[34m2025-01-08 16:13:49,267 - DEBUG - Patients [28] have treatment 1 starting at day 8, hour 9.000000000000007 using resources [8].[0m
[34m2025-01-08 16:13:49,267 - DEBUG - Patients [27] have treatment 1 starting at day 8, hour 9.000000000000007 using resources [7].[0m
[34m2025-01-08 16:13:49,267 - DEBUG - Patients [18] have treatment 1 starting at day 8, hour 9.50000000000001 using resources [7].[0m
[34m2025-01-08 16:13:49,267 - DEBUG - Patients [18] have treatment 1 starting at day 8, hour 10.000000000000014 using resources [7].[0m
[34m2025-01-08 16:13:49,267 - DEBUG - Patients [10, 13, 14, 18, 20, 21, 22, 23, 26, 27] have treatment 2 starting at day 8, hour 13.000000000000036 using resources [2, 6].[0m
[34m2025-01-08 16:13:49,267 - DEBUG - Patients [10, 12, 13, 14, 16] have treatment 2 starting at day 8, hour 14.750000000000048 using resources [0, 6].[0m
[34m2025-01-08 16:13:49,267 - DEBUG - Patients [28, 29] have treatment 4 starting at day 8, hour 8.0 using resources [0, 6].[0m
[34m2025-01-08 16:13:49,267 - DEBUG - Patients [25, 29] have treatment 4 starting at day 8, hour 9.000000000000007 using resources [0, 6].[0m
[34m2025-01-08 16:13:49,267 - DEBUG - Patients [17, 21] have treatment 4 starting at day 8, hour 13.75000000000004 using resources [0, 6].[0m
[34m2025-01-08 16:13:49,267 - DEBUG - Patients [13, 16] have treatment 4 starting at day 8, hour 14.250000000000044 using resources [0, 6].[0m
[34m2025-01-08 16:13:49,267 - DEBUG - Patients [12] have treatment 4 starting at day 8, hour 15.500000000000053 using resources [0, 6].[0m
[34m2025-01-08 16:13:49,267 - DEBUG - Patients [24] have treatment 5 starting at day 8, hour 8.500000000000004 using resources [4, 6].[0m
[34m2025-01-08 16:13:49,267 - DEBUG - Patients [24, 26] have treatment 5 starting at day 8, hour 9.50000000000001 using resources [5, 6].[0m
[34m2025-01-08 16:13:49,267 - DEBUG - Patients [22, 23] have treatment 5 starting at day 8, hour 10.000000000000014 using resources [4, 6].[0m
[34m2025-01-08 16:13:49,267 - DEBUG - Patients [16, 17] have treatment 5 starting at day 8, hour 10.500000000000018 using resources [5, 6].[0m
[34m2025-01-08 16:13:49,267 - DEBUG - Patients [11, 14, 19, 20, 28] have treatment 6 starting at day 8, hour 9.583333333333345 using resources [0, 8].[0m
[34m2025-01-08 16:13:49,267 - DEBUG - Patients [20, 26] have treatment 7 starting at day 8, hour 8.0 using resources [8, 7, 5].[0m
[34m2025-01-08 16:13:49,267 - DEBUG - Patients [11] have treatment 7 starting at day 8, hour 11.000000000000021 using resources [8, 6, 5].[0m
[34m2025-01-08 16:13:49,267 - DEBUG - Patients [22, 29] have treatment 0 starting at day 9, hour 10.000000000000014 using resources [1, 2, 7].[0m
[34m2025-01-08 16:13:49,267 - DEBUG - Patients [13] have treatment 1 starting at day 9, hour 10.75000000000002 using resources [7].[0m
[34m2025-01-08 16:13:49,267 - DEBUG - Patients [10] have treatment 1 starting at day 9, hour 11.250000000000023 using resources [7].[0m
[34m2025-01-08 16:13:49,267 - DEBUG - Patients [17, 18, 21, 22, 26] have treatment 2 starting at day 9, hour 10.75000000000002 using resources [4, 8].[0m
[34m2025-01-08 16:13:49,268 - DEBUG - Patients [12, 23] have treatment 3 starting at day 9, hour 8.0 using resources [1, 7].[0m
[34m2025-01-08 16:13:49,268 - DEBUG - Patients [12, 19] have treatment 3 starting at day 9, hour 10.000000000000014 using resources [0, 6].[0m
[34m2025-01-08 16:13:49,268 - DEBUG - Patients [12, 18] have treatment 3 starting at day 9, hour 13.000000000000036 using resources [2, 6].[0m
[34m2025-01-08 16:13:49,268 - DEBUG - Patients [20, 21] have treatment 4 starting at day 9, hour 15.00000000000005 using resources [0, 6].[0m
[34m2025-01-08 16:13:49,268 - DEBUG - Patients [10, 14] have treatment 4 starting at day 9, hour 15.500000000000053 using resources [0, 6].[0m
[34m2025-01-08 16:13:49,268 - DEBUG - Patients [11, 25, 27, 28, 29] have treatment 6 starting at day 9, hour 13.000000000000036 using resources [0, 8].[0m
[34m2025-01-08 16:13:49,268 - DEBUG - Patients [16, 27] have treatment 7 starting at day 9, hour 8.0 using resources [8, 6, 5].[0m
[34m2025-01-08 16:13:49,268 - DEBUG - Patients [11] have treatment 7 starting at day 9, hour 9.000000000000007 using resources [8, 6, 5].[0m
[34m2025-01-08 16:13:49,268 - DEBUG - Patients [13, 24] have treatment 0 starting at day 10, hour 13.000000000000036 using resources [1, 2, 7].[0m
[34m2025-01-08 16:13:49,268 - DEBUG - Patients [26] have treatment 1 starting at day 10, hour 8.0 using resources [7].[0m
[34m2025-01-08 16:13:49,268 - DEBUG - Patients [17] have treatment 1 starting at day 10, hour 10.000000000000014 using resources [7].[0m
[34m2025-01-08 16:13:49,268 - DEBUG - Patients [16] have treatment 1 starting at day 10, hour 10.500000000000018 using resources [7].[0m
[34m2025-01-08 16:13:49,268 - DEBUG - Patients [16] have treatment 1 starting at day 10, hour 11.000000000000021 using resources [7].[0m
[34m2025-01-08 16:13:49,268 - DEBUG - Patients [12] have treatment 1 starting at day 10, hour 11.500000000000025 using resources [7].[0m
[34m2025-01-08 16:13:49,268 - DEBUG - Patients [10] have treatment 1 starting at day 10, hour 12.000000000000028 using resources [7].[0m
[34m2025-01-08 16:13:49,268 - DEBUG - Patients [19, 20, 21, 22, 23, 29] have treatment 3 starting at day 10, hour 8.0 using resources [1, 8].[0m
[34m2025-01-08 16:13:49,268 - DEBUG - Patients [10, 11, 16, 17, 18] have treatment 3 starting at day 10, hour 8.0 using resources [0, 6].[0m
[34m2025-01-08 16:13:49,268 - DEBUG - Patients [10, 18] have treatment 3 starting at day 10, hour 10.000000000000014 using resources [0, 6].[0m
[34m2025-01-08 16:13:49,268 - DEBUG - Patients [17] have treatment 4 starting at day 10, hour 13.000000000000036 using resources [0, 6].[0m
[34m2025-01-08 16:13:49,268 - DEBUG - Patients [25] have treatment 4 starting at day 10, hour 14.000000000000043 using resources [0, 6].[0m
[34m2025-01-08 16:13:49,268 - DEBUG - Patients [27, 28] have treatment 5 starting at day 10, hour 13.500000000000039 using resources [5, 6].[0m
[34m2025-01-08 16:13:49,268 - DEBUG - Patients [14, 19] have treatment 5 starting at day 10, hour 14.500000000000046 using resources [5, 6].[0m
[34m2025-01-08 16:13:49,268 - DEBUG - Patients [10, 14, 16, 17] have treatment 0 starting at day 11, hour 10.000000000000014 using resources [1, 2, 7].[0m
[34m2025-01-08 16:13:49,268 - DEBUG - Patients [14, 16] have treatment 0 starting at day 11, hour 10.75000000000002 using resources [0, 1, 7].[0m
[34m2025-01-08 16:13:49,268 - DEBUG - Patients [28] have treatment 1 starting at day 11, hour 11.500000000000025 using resources [7].[0m
[34m2025-01-08 16:13:49,268 - DEBUG - Patients [23] have treatment 1 starting at day 11, hour 12.000000000000028 using resources [7].[0m
[34m2025-01-08 16:13:49,269 - DEBUG - Patients [15] have treatment 1 starting at day 11, hour 12.500000000000032 using resources [7].[0m
[34m2025-01-08 16:13:49,269 - DEBUG - Patients [14] have treatment 1 starting at day 11, hour 12.500000000000032 using resources [6].[0m
[34m2025-01-08 16:13:49,269 - DEBUG - Patients [21, 22, 24, 27, 28] have treatment 2 starting at day 11, hour 13.000000000000036 using resources [1, 7].[0m
[34m2025-01-08 16:13:49,269 - DEBUG - Patients [12, 15, 16, 19, 27] have treatment 2 starting at day 11, hour 13.75000000000004 using resources [0, 7].[0m
[34m2025-01-08 16:13:49,269 - DEBUG - Patients [10, 13, 15, 17] have treatment 3 starting at day 11, hour 8.0 using resources [1, 7].[0m
[34m2025-01-08 16:13:49,269 - DEBUG - Patients [21, 26] have treatment 3 starting at day 11, hour 9.000000000000007 using resources [4, 8].[0m
[34m2025-01-08 16:13:49,269 - DEBUG - Patients [26, 28] have treatment 4 starting at day 11, hour 8.0 using resources [0, 6].[0m
[34m2025-01-08 16:13:49,269 - DEBUG - Patients [24, 25] have treatment 4 starting at day 11, hour 9.50000000000001 using resources [0, 6].[0m
[34m2025-01-08 16:13:49,269 - DEBUG - Patients [12, 25] have treatment 4 starting at day 11, hour 10.000000000000014 using resources [0, 6].[0m
[34m2025-01-08 16:13:49,269 - DEBUG - Patients [26, 29] have treatment 5 starting at day 11, hour 8.500000000000004 using resources [5, 6].[0m
[34m2025-01-08 16:13:49,269 - DEBUG - Patients [18, 20] have treatment 5 starting at day 11, hour 9.000000000000007 using resources [5, 6].[0m
[34m2025-01-08 16:13:49,269 - DEBUG - Patients [13] have treatment 5 starting at day 11, hour 13.000000000000036 using resources [4, 6].[0m
[34m2025-01-08 16:13:49,269 - DEBUG - Patients [13] have treatment 5 starting at day 11, hour 14.500000000000046 using resources [4, 6].[0m
[34m2025-01-08 16:13:49,269 - DEBUG - Patients [21, 27] have treatment 7 starting at day 11, hour 11.000000000000021 using resources [8, 6, 5].[0m
[34m2025-01-08 16:13:49,269 - DEBUG - Patients [11, 17] have treatment 7 starting at day 11, hour 13.500000000000039 using resources [8, 6, 5].[0m
[34m2025-01-08 16:13:49,269 - DEBUG - Patients [18, 19, 20, 27] have treatment 0 starting at day 12, hour 10.833333333333353 using resources [1, 2, 7].[0m
[34m2025-01-08 16:13:49,269 - DEBUG - Patients [11, 15] have treatment 0 starting at day 12, hour 15.00000000000005 using resources [0, 1, 7].[0m
[34m2025-01-08 16:13:49,269 - DEBUG - Patients [22] have treatment 1 starting at day 12, hour 8.083333333333334 using resources [7].[0m
[34m2025-01-08 16:13:49,269 - DEBUG - Patients [19] have treatment 1 starting at day 12, hour 11.583333333333359 using resources [7].[0m
[34m2025-01-08 16:13:49,269 - DEBUG - Patients [14] have treatment 1 starting at day 12, hour 11.583333333333359 using resources [6].[0m
[34m2025-01-08 16:13:49,269 - DEBUG - Patients [14] have treatment 1 starting at day 12, hour 12.083333333333362 using resources [6].[0m
[34m2025-01-08 16:13:49,269 - DEBUG - Patients [12] have treatment 1 starting at day 12, hour 13.500000000000039 using resources [6].[0m
[34m2025-01-08 16:13:49,269 - DEBUG - Patients [13, 15, 18, 20, 26] have treatment 3 starting at day 12, hour 8.583333333333337 using resources [0, 7].[0m
[34m2025-01-08 16:13:49,269 - DEBUG - Patients [15, 20] have treatment 3 starting at day 12, hour 13.000000000000036 using resources [0, 7].[0m
[34m2025-01-08 16:13:49,269 - DEBUG - Patients [23, 29] have treatment 4 starting at day 12, hour 8.083333333333334 using resources [0, 6].[0m
[34m2025-01-08 16:13:49,269 - DEBUG - Patients [12, 23] have treatment 4 starting at day 12, hour 10.583333333333352 using resources [0, 6].[0m
[34m2025-01-08 16:13:49,270 - DEBUG - Patients [11] have treatment 4 starting at day 12, hour 11.083333333333355 using resources [0, 6].[0m
[34m2025-01-08 16:13:49,270 - DEBUG - Patients [24, 28] have treatment 5 starting at day 12, hour 8.583333333333337 using resources [5, 6].[0m
[34m2025-01-08 16:13:49,270 - DEBUG - Patients [22, 24] have treatment 5 starting at day 12, hour 9.083333333333341 using resources [5, 6].[0m
[34m2025-01-08 16:13:49,270 - DEBUG - Patients [19, 21] have treatment 5 starting at day 12, hour 13.000000000000036 using resources [4, 6].[0m
[34m2025-01-08 16:13:49,270 - DEBUG - Patients [16, 17] have treatment 5 starting at day 12, hour 15.00000000000005 using resources [4, 6].[0m
[34m2025-01-08 16:13:49,270 - DEBUG - Patients [10] have treatment 5 starting at day 12, hour 15.500000000000053 using resources [4, 6].[0m
[34m2025-01-08 16:13:49,270 - DEBUG - Patients [14] have treatment 7 starting at day 12, hour 9.583333333333345 using resources [8, 6, 5].[0m
[34m2025-01-08 16:13:49,270 - DEBUG - Patients [26] have treatment 7 starting at day 12, hour 14.000000000000043 using resources [8, 6, 4].[0m
[34m2025-01-08 16:13:49,270 - DEBUG - Patients [20] have treatment 1 starting at day 13, hour 11.750000000000027 using resources [8].[0m
[34m2025-01-08 16:13:49,270 - DEBUG - Patients [19] have treatment 1 starting at day 13, hour 11.750000000000027 using resources [7].[0m
[34m2025-01-08 16:13:49,270 - DEBUG - Patients [10] have treatment 1 starting at day 13, hour 13.75000000000004 using resources [7].[0m
[34m2025-01-08 16:13:49,270 - DEBUG - Patients [28] have treatment 1 starting at day 13, hour 14.250000000000044 using resources [7].[0m
[34m2025-01-08 16:13:49,270 - DEBUG - Patients [13] have treatment 1 starting at day 13, hour 15.00000000000005 using resources [7].[0m
[34m2025-01-08 16:13:49,270 - DEBUG - Patients [14, 15, 22, 26] have treatment 3 starting at day 13, hour 10.000000000000014 using resources [4, 6].[0m
[34m2025-01-08 16:13:49,270 - DEBUG - Patients [11, 23] have treatment 4 starting at day 13, hour 8.0 using resources [0, 6].[0m
[34m2025-01-08 16:13:49,270 - DEBUG - Patients [14, 18] have treatment 4 starting at day 13, hour 8.583333333333337 using resources [4, 6].[0m
[34m2025-01-08 16:13:49,270 - DEBUG - Patients [18, 22] have treatment 4 starting at day 13, hour 9.416666666666677 using resources [1, 7].[0m
[34m2025-01-08 16:13:49,270 - DEBUG - Patients [15, 23] have treatment 4 starting at day 13, hour 9.416666666666677 using resources [0, 6].[0m
[34m2025-01-08 16:13:49,270 - DEBUG - Patients [13, 19] have treatment 5 starting at day 13, hour 8.0 using resources [4, 7].[0m
[34m2025-01-08 16:13:49,270 - DEBUG - Patients [26, 28] have treatment 5 starting at day 13, hour 8.0 using resources [5, 8].[0m
[34m2025-01-08 16:13:49,270 - DEBUG - Patients [13] have treatment 5 starting at day 13, hour 8.583333333333337 using resources [5, 7].[0m
[34m2025-01-08 16:13:49,270 - DEBUG - Patients [12, 16, 17, 21, 24, 27, 29] have treatment 6 starting at day 13, hour 8.83333333333334 using resources [2, 8].[0m
[34m2025-01-08 16:13:49,270 - DEBUG - Patients [11, 12, 16, 17, 20, 21, 25, 27, 28] have treatment 6 starting at day 13, hour 10.250000000000016 using resources [0, 8].[0m
[34m2025-01-08 16:13:49,270 - DEBUG - Patients [12, 15, 16, 17, 20, 21, 24, 26, 27] have treatment 6 starting at day 13, hour 14.083333333333377 using resources [3, 8].[0m
[34m2025-01-08 16:13:49,270 - DEBUG - Patients [14, 29] have treatment 7 starting at day 13, hour 13.08333333333337 using resources [8, 6, 4].[0m
[34m2025-01-08 16:13:49,293 - DEBUG - Checking solution value.[0m
[34m2025-01-08 16:13:49,293 - DEBUG - Solvers objective function value: 268.0[0m
[34m2025-01-08 16:13:49,295 - DEBUG - (VERIFIER):Treatment value: 0[0m
[34m2025-01-08 16:13:49,295 - DEBUG - (VERIFIER):Delay value: 0[0m
[34m2025-01-08 16:13:49,295 - DEBUG - (VERIFIER):Missing treatment value: 268[0m
[34m2025-01-08 16:13:49,295 - DEBUG - Correct objective function value: 268[0m
[34m2025-01-08 16:13:49,295 - DEBUG - Solution is valid.[0m
[34m2025-01-08 16:13:49,295 - DEBUG - All solvers accepted the solution.[0m
[32m2025-01-08 16:13:49,295 - INFO - Time to find solution: 43.63s with value 268.000000[0m
[32m2025-01-08 16:13:49,295 - INFO - Total Time: 47.871s[0m
