1.NAME: LBBDSolver
2.PARAMS: {'break_symmetry': True, 'add_constraints_to_symmetrc_days': False, 'subsolver_cls': 'CPSubSolver'}
3.INSTANCE: /home/wx350715/Kobra/rehabiliation-admission-scheduling/data/comp_study_002/instance_8_30.txt
4.REPETITION: 1
Current directory: /home/wx350715/Kobra/rehabiliation-admission-scheduling
[34m2025-01-08 16:06:04,045 - DEBUG - Solver: <class 'src.solvers.benders.LBBDSolver'>[0m
[34m2025-01-08 16:06:04,045 - DEBUG - Args: {'break_symmetry': True, 'add_constraints_to_symmetrc_days': False, 'subsolver_cls': 'CPSubSolver'}[0m
[34m2025-01-08 16:06:04,045 - DEBUG - File path /home/wx350715/Kobra/rehabiliation-admission-scheduling/data/comp_study_002/instance_8_30.txt[0m
[34m2025-01-08 16:06:04,046 - DEBUG - ADD INSTANCE DATA[0m
[34m2025-01-08 16:06:04,046 - DEBUG - ADD INSTANCE DATA[0m
[34m2025-01-08 16:06:04,046 - DEBUG - ADD INSTANCE DATA[0m
[34m2025-01-08 16:06:04,046 - DEBUG - ADD INSTANCE DATA[0m
[34m2025-01-08 16:06:04,046 - DEBUG - ADD INSTANCE DATA[0m
[34m2025-01-08 16:06:04,046 - DEBUG - ADD INSTANCE DATA[0m
[34m2025-01-08 16:06:04,046 - DEBUG - ADD INSTANCE DATA[0m
[34m2025-01-08 16:06:04,046 - DEBUG - ADD INSTANCE DATA[0m
[34m2025-01-08 16:06:04,046 - DEBUG - ADD INSTANCE DATA[0m
[34m2025-01-08 16:06:04,046 - DEBUG - ADD INSTANCE DATA[0m
[34m2025-01-08 16:06:04,046 - DEBUG - ADD INSTANCE DATA[0m
[34m2025-01-08 16:06:04,046 - DEBUG - ADD RESOURCE_GROUPS[0m
[34m2025-01-08 16:06:04,046 - DEBUG - ADD RESOURCE_GROUPS[0m
[34m2025-01-08 16:06:04,046 - DEBUG - ADD RESOURCE_GROUPS[0m
[34m2025-01-08 16:06:04,046 - DEBUG - ADD RESOURCE_GROUPS[0m
[34m2025-01-08 16:06:04,046 - DEBUG - ADD RESOURCE_GROUPS[0m
[34m2025-01-08 16:06:04,047 - DEBUG - ADD RESOURCES[0m
[34m2025-01-08 16:06:04,047 - DEBUG - ADD RESOURCES[0m
[34m2025-01-08 16:06:04,047 - DEBUG - ADD RESOURCES[0m
[34m2025-01-08 16:06:04,047 - DEBUG - ADD RESOURCES[0m
[34m2025-01-08 16:06:04,047 - DEBUG - ADD RESOURCES[0m
[34m2025-01-08 16:06:04,047 - DEBUG - ADD RESOURCES[0m
[34m2025-01-08 16:06:04,047 - DEBUG - ADD RESOURCES[0m
[34m2025-01-08 16:06:04,047 - DEBUG - ADD RESOURCES[0m
[34m2025-01-08 16:06:04,047 - DEBUG - ADD RESOURCES[0m
[34m2025-01-08 16:06:04,047 - DEBUG - ADD RESOURCES[0m
[34m2025-01-08 16:06:04,047 - DEBUG - ADD TREATMENTS[0m
[34m2025-01-08 16:06:04,048 - DEBUG - ADD TREATMENTS[0m
[34m2025-01-08 16:06:04,048 - DEBUG - ADD TREATMENTS[0m
[34m2025-01-08 16:06:04,048 - DEBUG - ADD TREATMENTS[0m
[34m2025-01-08 16:06:04,048 - DEBUG - ADD TREATMENTS[0m
[34m2025-01-08 16:06:04,048 - DEBUG - ADD TREATMENTS[0m
[34m2025-01-08 16:06:04,048 - DEBUG - ADD TREATMENTS[0m
[34m2025-01-08 16:06:04,048 - DEBUG - ADD TREATMENTS[0m
[34m2025-01-08 16:06:04,048 - DEBUG - ADD TREATMENTS[0m
[34m2025-01-08 16:06:04,048 - DEBUG - ADD TREATMENTS[0m
[34m2025-01-08 16:06:04,048 - DEBUG - ADD PATIENTS[0m
[34m2025-01-08 16:06:04,049 - DEBUG - ADD PATIENTS[0m
[34m2025-01-08 16:06:04,049 - DEBUG - ADD PATIENTS[0m
[34m2025-01-08 16:06:04,049 - DEBUG - ADD PATIENTS[0m
[34m2025-01-08 16:06:04,049 - DEBUG - ADD PATIENTS[0m
[34m2025-01-08 16:06:04,049 - DEBUG - ADD PATIENTS[0m
[34m2025-01-08 16:06:04,049 - DEBUG - ADD PATIENTS[0m
[34m2025-01-08 16:06:04,049 - DEBUG - ADD PATIENTS[0m
[34m2025-01-08 16:06:04,049 - DEBUG - ADD PATIENTS[0m
[34m2025-01-08 16:06:04,049 - DEBUG - ADD PATIENTS[0m
[34m2025-01-08 16:06:04,049 - DEBUG - ADD PATIENTS[0m
[34m2025-01-08 16:06:04,050 - DEBUG - ADD PATIENTS[0m
[34m2025-01-08 16:06:04,050 - DEBUG - ADD PATIENTS[0m
[34m2025-01-08 16:06:04,050 - DEBUG - ADD PATIENTS[0m
[34m2025-01-08 16:06:04,050 - DEBUG - ADD PATIENTS[0m
[34m2025-01-08 16:06:04,050 - DEBUG - ADD PATIENTS[0m
[34m2025-01-08 16:06:04,050 - DEBUG - ADD PATIENTS[0m
[34m2025-01-08 16:06:04,050 - DEBUG - ADD PATIENTS[0m
[34m2025-01-08 16:06:04,050 - DEBUG - ADD PATIENTS[0m
[34m2025-01-08 16:06:04,050 - DEBUG - ADD PATIENTS[0m
[34m2025-01-08 16:06:04,052 - DEBUG - Instance data:[0m
[34m2025-01-08 16:06:04,052 - DEBUG - Number of patients: 19[0m
[34m2025-01-08 16:06:04,052 - DEBUG - Number of beds: 40[0m
[34m2025-01-08 16:06:04,052 - DEBUG - Average number of treatments per patient: 25.42105263157895[0m
[34m2025-01-08 16:06:04,052 - DEBUG - Average number of treatment per stayed day: 2.542105263157895[0m
[34m2025-01-08 16:06:04,052 - DEBUG - Number of treatments: 483[0m
[34m2025-01-08 16:06:04,052 - DEBUG - Number of resources: 10[0m
[34m2025-01-08 16:06:04,052 - DEBUG - Number of resource groups: 5[0m
[34m2025-01-08 16:06:04,052 - DEBUG - Number of resource hours needed per all treatment by RG(rooms): 22.09999999999998[0m
[34m2025-01-08 16:06:04,052 - DEBUG - Number of resource hours needed per all treatment by RG(physiotherapist): 9.75[0m
[34m2025-01-08 16:06:04,052 - DEBUG - Number of resource hours needed per all treatment by RG(therapists): 7.975000000000001[0m
[34m2025-01-08 16:06:04,052 - DEBUG - Number of resource hours needed per all treatment by RG(sport_room): 5.625[0m
[32m2025-01-08 16:06:04,052 - INFO - {'solver': 'LBBDSolver', 'args': {'break_symmetry': False, 'subsolver_cls': <class 'src.solvers.subsolvers.cp_subsolver.CPSubsolver'>, 'subsolver.store_results': True, 'subsolver.store_results_method': 'hash', 'use_helper_constraints': True, 'enforce_min_treatments_per_day': True, 'enforce_max_treatments_per_e_w': True, 'enforce_min_patients_per_treatment': True, 'log_to_console': True}}[0m
[34m2025-01-08 16:06:04,052 - DEBUG - Setting options: LBBDSolver[0m
[34m2025-01-08 16:06:04,052 - DEBUG -  ---- break_symmetry to False[0m
[34m2025-01-08 16:06:04,052 - DEBUG -  ---- subsolver_cls to <class 'src.solvers.subsolvers.cp_subsolver.CPSubsolver'>[0m
[34m2025-01-08 16:06:04,052 - DEBUG -  ---- use_helper_constraints to True[0m
[34m2025-01-08 16:06:04,053 - DEBUG -  ---- add_constraints_to_symmetric_days to True (default)[0m
[34m2025-01-08 16:06:04,053 - DEBUG - Setting options: Solver[0m
[34m2025-01-08 16:06:04,053 - DEBUG -  ---- number_of_threads to 1 (default)[0m
[34m2025-01-08 16:06:04,053 - DEBUG -  ---- treatment_value to 0 (default)[0m
[34m2025-01-08 16:06:04,053 - DEBUG -  ---- delay_value to 1 (default)[0m
[34m2025-01-08 16:06:04,053 - DEBUG -  ---- missing_treatment_value to 4 (default)[0m
[34m2025-01-08 16:06:04,053 - DEBUG -  ---- enforce_min_treatments_per_day to True[0m
[34m2025-01-08 16:06:04,053 - DEBUG -  ---- enforce_max_treatments_per_e_w to True[0m
[34m2025-01-08 16:06:04,053 - DEBUG -  ---- enforce_min_patients_per_treatment to True[0m
[34m2025-01-08 16:06:04,053 - DEBUG -  ---- log_to_console to True[0m
[34m2025-01-08 16:06:04,053 - DEBUG -  ---- log_to_file to True (default)[0m
[34m2025-01-08 16:06:04,066 - DEBUG - Setting options: CPSubsolver[0m
[34m2025-01-08 16:06:04,066 - DEBUG -  ---- estimated_needed_treatments to True (default)[0m
[34m2025-01-08 16:06:04,066 - DEBUG -  ---- add_patient_symmetry to False (default)[0m
[34m2025-01-08 16:06:04,066 - DEBUG - Setting Subsolver options: SubSolver[0m
[34m2025-01-08 16:06:04,066 - DEBUG -  ---- store_results to True[0m
[34m2025-01-08 16:06:04,066 - DEBUG -  ---- store_results_method to hash[0m
[34m2025-01-08 16:06:04,066 - DEBUG -  ---- enforce_min_patients_per_treatment to True[0m
[34m2025-01-08 16:06:04,066 - DEBUG -  ---- use_day_symmetry to True (default)[0m
[32m2025-01-08 16:06:04,074 - INFO - Create model: LBBDSolver[0m
Set parameter TSPort to value 50039
Set parameter TokenServer to value "license.itc.rwth-aachen.de"
Set parameter Threads to value 1
Set parameter LazyConstraints to value 1
[34m2025-01-08 16:06:04,227 - DEBUG - Variables created.[0m
[34m2025-01-08 16:06:04,739 - DEBUG - Constraint (not too many treatments) created.[0m
[34m2025-01-08 16:06:05,135 - DEBUG - Constraint (no_treatments_outside admittance) created.[0m
[34m2025-01-08 16:06:05,135 - DEBUG - Constraint (bed_usage) created.[0m
[34m2025-01-08 16:06:05,136 - DEBUG - Constraint (must be admitted) created.[0m
[34m2025-01-08 16:06:05,185 - DEBUG - Constraint (e_w_ub) created.[0m
[34m2025-01-08 16:06:05,201 - DEBUG - Constraint (day_ub) created.[0m
[34m2025-01-08 16:06:05,216 - DEBUG - Constraint (Day always) created.[0m
[34m2025-01-08 16:06:05,216 - DEBUG - Constraint (already_admitted) created.[0m
[32m2025-01-08 16:06:05,580 - INFO - Time to create model: 1.506[0m
[32m2025-01-08 16:06:05,580 - INFO - Solving model: LBBDSolver[0m
Gurobi Optimizer version 10.0.0 build v10.0.0rc2 (linux64)

CPU model: Intel(R) Xeon(R) Platinum 8468, instruction set [SSE2|AVX|AVX2|AVX512]
Thread count: 96 physical cores, 96 logical processors, using up to 1 threads

Optimize a model with 84097 rows, 35182 columns and 677108 nonzeros
Model fingerprint: 0xad047cfd
Variable types: 3 continuous, 35179 integer (35179 binary)
Coefficient statistics:
  Matrix range     [1e+00, 1e+01]
  Objective range  [1e+00, 1e+01]
  Bounds range     [1e+00, 1e+00]
  RHS range        [1e+00, 2e+03]
Presolve added 0 rows and 290 columns
Presolve removed 43162 rows and 0 columns
Presolve time: 0.86s
Presolved: 40935 rows, 35472 columns, 484318 nonzeros
Variable types: 1 continuous, 35471 integer (35323 binary)
Root relaxation presolved: 40881 rows, 35526 columns, 467245 nonzeros


Use crossover to convert LP symmetric solution to basic solution...

Root relaxation: objective 5.400000e+02, 9734 iterations, 0.31 seconds (0.30 work units)

    Nodes    |    Current Node    |     Objective Bounds      |     Work
 Expl Unexpl |  Obj  Depth IntInf | Incumbent    BestBd   Gap | It/Node Time

     0     0  540.00000    0   21          -  540.00000      -     -    3s
H    0     0                     540.0000000  540.00000  0.00%     -   30s
     0     0  540.00000    0   21  540.00000  540.00000  0.00%     -   30s

Explored 1 nodes (28840 simplex iterations) in 30.30 seconds (6.74 work units)
Thread count was 1 (of 96 available processors)

Solution count 1: 540 

Optimal solution found (tolerance 1.00e-04)
Best objective 5.400000000000e+02, best bound 5.400000000000e+02, gap 0.0000%

User-callback calls 992, time in user-callback 26.25 sec
[34m2025-01-08 16:06:35,897 - DEBUG - Finished optimization[0m
[34m2025-01-08 16:06:35,898 - DEBUG - Subsolver stats:[0m
[32m2025-01-08 16:06:35,898 - INFO - Number of cuts added: 0 (bad=0, good=0)[0m
[32m2025-01-08 16:06:35,898 - INFO - Unnecessary comps: (0 / 0)[0m
[32m2025-01-08 16:06:35,898 - INFO - Calls to is_day_infeasible: cp_solver=10/ total=10 stored=0[0m
[32m2025-01-08 16:06:35,898 - INFO - Is feasible: 26.22742748260498 0.9994467536402337[0m
[32m2025-01-08 16:06:35,898 - INFO - Subsolver: Solve Model: 26.00650405883789/0.9916916564287466[0m
[32m2025-01-08 16:06:35,898 - INFO - Subsolver: Create Model: 0.2178812026977539/0.00830834357125347[0m
[32m2025-01-08 16:06:35,898 - INFO - Num_constraints-added: 0[0m
[32m2025-01-08 16:06:35,898 - INFO - Optimal solution found.[0m
[34m2025-01-08 16:06:35,898 - DEBUG - Sub Objectives:[0m
[34m2025-01-08 16:06:35,898 - DEBUG - (SOLVER):Minimize Delay: 0.0[0m
[34m2025-01-08 16:06:35,898 - DEBUG - (SOLVER):Minimize Missing Treatments: 540.0[0m
[32m2025-01-08 16:06:35,898 - INFO - All cuts [][0m
[32m2025-01-08 16:06:35,898 - INFO - All cuts [][0m
[34m2025-01-08 16:06:53,298 - DEBUG - Patient 0 is admitted at day 0.[0m
[34m2025-01-08 16:06:53,298 - DEBUG - Patient 1 is admitted at day 1.[0m
[34m2025-01-08 16:06:53,298 - DEBUG - Patient 2 is admitted at day 2.[0m
[34m2025-01-08 16:06:53,298 - DEBUG - Patient 3 is admitted at day 2.[0m
[34m2025-01-08 16:06:53,299 - DEBUG - Patient 4 is admitted at day 3.[0m
[34m2025-01-08 16:06:53,299 - DEBUG - Patient 5 is admitted at day 4.[0m
[34m2025-01-08 16:06:53,299 - DEBUG - Patient 6 is admitted at day 5.[0m
[34m2025-01-08 16:06:53,299 - DEBUG - Patient 7 is admitted at day 2.[0m
[34m2025-01-08 16:06:53,299 - DEBUG - Patient 8 is admitted at day 7.[0m
[34m2025-01-08 16:06:53,299 - DEBUG - Patient 9 is admitted at day 9.[0m
[34m2025-01-08 16:06:53,299 - DEBUG - Patient 10 is admitted at day 0.[0m
[34m2025-01-08 16:06:53,299 - DEBUG - Patient 11 is admitted at day 2.[0m
[34m2025-01-08 16:06:53,299 - DEBUG - Patient 12 is admitted at day 3.[0m
[34m2025-01-08 16:06:53,299 - DEBUG - Patient 13 is admitted at day 8.[0m
[34m2025-01-08 16:06:53,299 - DEBUG - Patient 14 is admitted at day 6.[0m
[34m2025-01-08 16:06:53,299 - DEBUG - Patient 15 is admitted at day 11.[0m
[34m2025-01-08 16:06:53,299 - DEBUG - Patient 16 is admitted at day 4.[0m
[34m2025-01-08 16:06:53,299 - DEBUG - Patient 17 is admitted at day 5.[0m
[34m2025-01-08 16:06:53,299 - DEBUG - Patient 19 is admitted at day 0.[0m
[34m2025-01-08 16:06:53,299 - DEBUG - Patients [10] have treatment 4 starting at day 0, hour 13.0 using resources [9, 8].[0m
[34m2025-01-08 16:06:53,299 - DEBUG - Patients [19] have treatment 4 starting at day 0, hour 14.0 using resources [9, 7].[0m
[34m2025-01-08 16:06:53,299 - DEBUG - Patients [19] have treatment 5 starting at day 0, hour 13.0 using resources [5, 6].[0m
[34m2025-01-08 16:06:53,299 - DEBUG - Patients [19] have treatment 5 starting at day 0, hour 13.5 using resources [5, 6].[0m
[34m2025-01-08 16:06:53,299 - DEBUG - Patients [0] have treatment 7 starting at day 0, hour 11.0 using resources [8, 6, 5].[0m
[34m2025-01-08 16:06:53,299 - DEBUG - Patients [0] have treatment 7 starting at day 0, hour 14.0 using resources [8, 6, 5].[0m
[34m2025-01-08 16:06:53,299 - DEBUG - Patients [0] have treatment 7 starting at day 0, hour 15.0 using resources [8, 6, 5].[0m
[34m2025-01-08 16:06:53,299 - DEBUG - Patients [10, 19] have treatment 9 starting at day 0, hour 8.0 using resources [3, 6].[0m
[34m2025-01-08 16:06:53,299 - DEBUG - Patients [0, 10] have treatment 9 starting at day 0, hour 9.5 using resources [0, 6].[0m
[34m2025-01-08 16:06:53,299 - DEBUG - Patients [0] have treatment 1 starting at day 1, hour 8.0 using resources [8].[0m
[34m2025-01-08 16:06:53,299 - DEBUG - Patients [1] have treatment 1 starting at day 1, hour 12.0 using resources [6].[0m
[34m2025-01-08 16:06:53,299 - DEBUG - Patients [1] have treatment 1 starting at day 1, hour 12.5 using resources [6].[0m
[34m2025-01-08 16:06:53,299 - DEBUG - Patients [1] have treatment 1 starting at day 1, hour 13.0 using resources [6].[0m
[34m2025-01-08 16:06:53,299 - DEBUG - Patients [10, 19] have treatment 3 starting at day 1, hour 8.0 using resources [9, 6].[0m
[34m2025-01-08 16:06:53,299 - DEBUG - Patients [10, 19] have treatment 3 starting at day 1, hour 10.0 using resources [1, 6].[0m
[34m2025-01-08 16:06:53,300 - DEBUG - Patients [1, 19] have treatment 5 starting at day 1, hour 14.5 using resources [5, 6].[0m
[34m2025-01-08 16:06:53,300 - DEBUG - Patients [19] have treatment 5 starting at day 1, hour 15.0 using resources [5, 6].[0m
[34m2025-01-08 16:06:53,300 - DEBUG - Patients [0] have treatment 7 starting at day 1, hour 13.5 using resources [8, 6, 5].[0m
[34m2025-01-08 16:06:53,300 - DEBUG - Patients [10, 19] have treatment 3 starting at day 2, hour 8.0 using resources [9, 6].[0m
[34m2025-01-08 16:06:53,300 - DEBUG - Patients [11] have treatment 4 starting at day 2, hour 10.5 using resources [4, 7].[0m
[34m2025-01-08 16:06:53,300 - DEBUG - Patients [11] have treatment 4 starting at day 2, hour 11.5 using resources [0, 7].[0m
[34m2025-01-08 16:06:53,300 - DEBUG - Patients [7, 19] have treatment 5 starting at day 2, hour 10.0 using resources [4, 7].[0m
[34m2025-01-08 16:06:53,300 - DEBUG - Patients [3, 7] have treatment 5 starting at day 2, hour 11.0 using resources [5, 7].[0m
[34m2025-01-08 16:06:53,300 - DEBUG - Patients [0] have treatment 5 starting at day 2, hour 14.0 using resources [5, 7].[0m
[34m2025-01-08 16:06:53,300 - DEBUG - Patients [0] have treatment 5 starting at day 2, hour 14.5 using resources [4, 7].[0m
[34m2025-01-08 16:06:53,300 - DEBUG - Patients [3, 7] have treatment 7 starting at day 2, hour 8.0 using resources [8, 7, 5].[0m
[34m2025-01-08 16:06:53,300 - DEBUG - Patients [2, 3] have treatment 7 starting at day 2, hour 9.0 using resources [8, 7, 5].[0m
[34m2025-01-08 16:06:53,300 - DEBUG - Patients [1, 2] have treatment 7 starting at day 2, hour 10.0 using resources [8, 6, 5].[0m
[34m2025-01-08 16:06:53,300 - DEBUG - Patients [0, 1] have treatment 7 starting at day 2, hour 11.0 using resources [8, 6, 4].[0m
[34m2025-01-08 16:06:53,300 - DEBUG - Patients [0] have treatment 7 starting at day 2, hour 13.0 using resources [8, 6, 4].[0m
[34m2025-01-08 16:06:53,300 - DEBUG - Patients [1, 2, 3, 10, 11] have treatment 9 starting at day 2, hour 14.0 using resources [1, 6].[0m
[34m2025-01-08 16:06:53,300 - DEBUG - Patients [7] have treatment 1 starting at day 3, hour 9.0 using resources [8].[0m
[34m2025-01-08 16:06:53,300 - DEBUG - Patients [7] have treatment 1 starting at day 3, hour 10.5 using resources [7].[0m
[34m2025-01-08 16:06:53,300 - DEBUG - Patients [4] have treatment 1 starting at day 3, hour 12.0 using resources [7].[0m
[34m2025-01-08 16:06:53,300 - DEBUG - Patients [3] have treatment 1 starting at day 3, hour 12.5 using resources [7].[0m
[34m2025-01-08 16:06:53,300 - DEBUG - Patients [3] have treatment 1 starting at day 3, hour 13.0 using resources [8].[0m
[34m2025-01-08 16:06:53,300 - DEBUG - Patients [2] have treatment 1 starting at day 3, hour 13.0 using resources [7].[0m
[34m2025-01-08 16:06:53,300 - DEBUG - Patients [1] have treatment 1 starting at day 3, hour 13.5 using resources [8].[0m
[34m2025-01-08 16:06:53,300 - DEBUG - Patients [11, 12] have treatment 3 starting at day 3, hour 8.5 using resources [9, 7].[0m
[34m2025-01-08 16:06:53,300 - DEBUG - Patients [11, 12] have treatment 3 starting at day 3, hour 13.5 using resources [2, 7].[0m
[34m2025-01-08 16:06:53,300 - DEBUG - Patients [10] have treatment 4 starting at day 3, hour 8.0 using resources [4, 7].[0m
[34m2025-01-08 16:06:53,300 - DEBUG - Patients [12] have treatment 4 starting at day 3, hour 11.0 using resources [9, 7].[0m
[34m2025-01-08 16:06:53,300 - DEBUG - Patients [11, 12] have treatment 5 starting at day 3, hour 8.0 using resources [5, 6].[0m
[34m2025-01-08 16:06:53,300 - DEBUG - Patients [7, 10] have treatment 5 starting at day 3, hour 8.5 using resources [5, 6].[0m
[34m2025-01-08 16:06:53,300 - DEBUG - Patients [1, 2] have treatment 5 starting at day 3, hour 9.0 using resources [4, 6].[0m
[34m2025-01-08 16:06:53,301 - DEBUG - Patients [0] have treatment 5 starting at day 3, hour 15.5 using resources [4, 6].[0m
[34m2025-01-08 16:06:53,301 - DEBUG - Patients [3, 4] have treatment 7 starting at day 3, hour 9.5 using resources [8, 6, 5].[0m
[34m2025-01-08 16:06:53,301 - DEBUG - Patients [4] have treatment 7 starting at day 3, hour 14.5 using resources [8, 6, 5].[0m
[34m2025-01-08 16:06:53,301 - DEBUG - Patients [2, 4, 19] have treatment 9 starting at day 3, hour 10.5 using resources [0, 6].[0m
[34m2025-01-08 16:06:53,301 - DEBUG - Patients [0, 19] have treatment 9 starting at day 3, hour 13.0 using resources [0, 6].[0m
[34m2025-01-08 16:06:53,301 - DEBUG - Patients [5] have treatment 1 starting at day 4, hour 11.0 using resources [7].[0m
[34m2025-01-08 16:06:53,301 - DEBUG - Patients [3] have treatment 1 starting at day 4, hour 12.0 using resources [6].[0m
[34m2025-01-08 16:06:53,301 - DEBUG - Patients [10, 11, 12, 16, 19] have treatment 2 starting at day 4, hour 9.5 using resources [9, 6].[0m
[34m2025-01-08 16:06:53,301 - DEBUG - Patients [10, 11, 12, 16, 19] have treatment 2 starting at day 4, hour 10.5 using resources [1, 6].[0m
[34m2025-01-08 16:06:53,301 - DEBUG - Patients [12] have treatment 4 starting at day 4, hour 11.5 using resources [0, 6].[0m
[34m2025-01-08 16:06:53,301 - DEBUG - Patients [11] have treatment 5 starting at day 4, hour 13.0 using resources [5, 6].[0m
[34m2025-01-08 16:06:53,301 - DEBUG - Patients [16] have treatment 5 starting at day 4, hour 13.5 using resources [4, 6].[0m
[34m2025-01-08 16:06:53,301 - DEBUG - Patients [0, 1, 2, 3, 4, 5, 7] have treatment 6 starting at day 4, hour 8.0 using resources [0, 8].[0m
[34m2025-01-08 16:06:53,301 - DEBUG - Patients [0, 1, 2, 3, 4, 5, 7] have treatment 6 starting at day 4, hour 9.5 using resources [0, 8].[0m
[34m2025-01-08 16:06:53,301 - DEBUG - Patients [1, 2, 3, 4, 5, 7] have treatment 6 starting at day 4, hour 13.0 using resources [0, 8].[0m
[34m2025-01-08 16:06:53,301 - DEBUG - Patients [0, 1, 2, 4, 7] have treatment 6 starting at day 4, hour 14.5 using resources [0, 8].[0m
[34m2025-01-08 16:06:53,301 - DEBUG - Patients [12, 16] have treatment 9 starting at day 4, hour 8.0 using resources [1, 6].[0m
[34m2025-01-08 16:06:53,301 - DEBUG - Patients [0] have treatment 1 starting at day 5, hour 12.0 using resources [6].[0m
[34m2025-01-08 16:06:53,301 - DEBUG - Patients [6] have treatment 1 starting at day 5, hour 12.0 using resources [7].[0m
[34m2025-01-08 16:06:53,301 - DEBUG - Patients [6] have treatment 1 starting at day 5, hour 12.5 using resources [7].[0m
[34m2025-01-08 16:06:53,301 - DEBUG - Patients [10, 12, 16, 17, 19] have treatment 2 starting at day 5, hour 9.0 using resources [9, 6].[0m
[34m2025-01-08 16:06:53,301 - DEBUG - Patients [10, 12, 16, 17, 19] have treatment 2 starting at day 5, hour 10.5 using resources [0, 6].[0m
[34m2025-01-08 16:06:53,301 - DEBUG - Patients [17] have treatment 5 starting at day 5, hour 11.5 using resources [4, 8].[0m
[34m2025-01-08 16:06:53,301 - DEBUG - Patients [5, 12] have treatment 5 starting at day 5, hour 11.5 using resources [5, 6].[0m
[34m2025-01-08 16:06:53,301 - DEBUG - Patients [12] have treatment 5 starting at day 5, hour 14.5 using resources [5, 7].[0m
[34m2025-01-08 16:06:53,301 - DEBUG - Patients [0, 1, 2, 6, 7] have treatment 6 starting at day 5, hour 9.0 using resources [0, 8].[0m
[34m2025-01-08 16:06:53,301 - DEBUG - Patients [3] have treatment 7 starting at day 5, hour 8.0 using resources [8, 6, 5].[0m
[34m2025-01-08 16:06:53,301 - DEBUG - Patients [6, 7] have treatment 7 starting at day 5, hour 13.0 using resources [8, 6, 5].[0m
[34m2025-01-08 16:06:53,301 - DEBUG - Patients [5, 7] have treatment 7 starting at day 5, hour 14.0 using resources [8, 6, 4].[0m
[34m2025-01-08 16:06:53,302 - DEBUG - Patients [2] have treatment 7 starting at day 5, hour 15.0 using resources [8, 7, 5].[0m
[34m2025-01-08 16:06:53,302 - DEBUG - Patients [4, 11] have treatment 9 starting at day 5, hour 8.0 using resources [3, 7].[0m
[34m2025-01-08 16:06:53,302 - DEBUG - Patients [1, 10, 17] have treatment 9 starting at day 5, hour 13.0 using resources [9, 7].[0m
[34m2025-01-08 16:06:53,302 - DEBUG - Patients [2] have treatment 1 starting at day 6, hour 12.0 using resources [7].[0m
[34m2025-01-08 16:06:53,302 - DEBUG - Patients [2] have treatment 1 starting at day 6, hour 12.5 using resources [6].[0m
[34m2025-01-08 16:06:53,302 - DEBUG - Patients [3] have treatment 1 starting at day 6, hour 12.5 using resources [7].[0m
[34m2025-01-08 16:06:53,302 - DEBUG - Patients [10, 11, 12, 14, 16, 17] have treatment 3 starting at day 6, hour 8.0 using resources [4, 7].[0m
[34m2025-01-08 16:06:53,302 - DEBUG - Patients [10, 14] have treatment 3 starting at day 6, hour 10.0 using resources [0, 7].[0m
[34m2025-01-08 16:06:53,302 - DEBUG - Patients [14, 17] have treatment 5 starting at day 6, hour 13.0 using resources [4, 6].[0m
[34m2025-01-08 16:06:53,302 - DEBUG - Patients [6, 10] have treatment 5 starting at day 6, hour 13.5 using resources [5, 6].[0m
[34m2025-01-08 16:06:53,302 - DEBUG - Patients [4, 5] have treatment 5 starting at day 6, hour 14.0 using resources [4, 6].[0m
[34m2025-01-08 16:06:53,302 - DEBUG - Patients [1, 4] have treatment 5 starting at day 6, hour 14.5 using resources [4, 7].[0m
[34m2025-01-08 16:06:53,302 - DEBUG - Patients [0] have treatment 5 starting at day 6, hour 15.0 using resources [4, 7].[0m
[34m2025-01-08 16:06:53,302 - DEBUG - Patients [4] have treatment 7 starting at day 6, hour 8.0 using resources [8, 6, 5].[0m
[34m2025-01-08 16:06:53,302 - DEBUG - Patients [0, 1, 3, 5, 6, 7, 16, 17, 19] have treatment 9 starting at day 6, hour 10.0 using resources [1, 6].[0m
[34m2025-01-08 16:06:53,302 - DEBUG - Patients [6, 17, 19] have treatment 9 starting at day 6, hour 14.5 using resources [0, 6].[0m
[34m2025-01-08 16:06:53,302 - DEBUG - Patients [8] have treatment 1 starting at day 7, hour 9.5 using resources [8].[0m
[34m2025-01-08 16:06:53,302 - DEBUG - Patients [6] have treatment 1 starting at day 7, hour 11.5 using resources [7].[0m
[34m2025-01-08 16:06:53,302 - DEBUG - Patients [6] have treatment 1 starting at day 7, hour 12.0 using resources [6].[0m
[34m2025-01-08 16:06:53,302 - DEBUG - Patients [6] have treatment 1 starting at day 7, hour 12.5 using resources [8].[0m
[34m2025-01-08 16:06:53,302 - DEBUG - Patients [3] have treatment 1 starting at day 7, hour 12.5 using resources [7].[0m
[34m2025-01-08 16:06:53,302 - DEBUG - Patients [2] have treatment 1 starting at day 7, hour 12.5 using resources [6].[0m
[34m2025-01-08 16:06:53,302 - DEBUG - Patients [5] have treatment 1 starting at day 7, hour 15.0 using resources [6].[0m
[34m2025-01-08 16:06:53,302 - DEBUG - Patients [11, 19] have treatment 3 starting at day 7, hour 8.0 using resources [9, 7].[0m
[34m2025-01-08 16:06:53,302 - DEBUG - Patients [12, 19] have treatment 3 starting at day 7, hour 10.0 using resources [0, 6].[0m
[34m2025-01-08 16:06:53,302 - DEBUG - Patients [16, 19] have treatment 3 starting at day 7, hour 13.0 using resources [4, 7].[0m
[34m2025-01-08 16:06:53,302 - DEBUG - Patients [17] have treatment 4 starting at day 7, hour 8.0 using resources [1, 6].[0m
[34m2025-01-08 16:06:53,302 - DEBUG - Patients [14, 16] have treatment 4 starting at day 7, hour 8.5 using resources [0, 6].[0m
[34m2025-01-08 16:06:53,302 - DEBUG - Patients [16] have treatment 4 starting at day 7, hour 9.0 using resources [0, 6].[0m
[34m2025-01-08 16:06:53,302 - DEBUG - Patients [14, 16] have treatment 4 starting at day 7, hour 9.5 using resources [0, 6].[0m
[34m2025-01-08 16:06:53,303 - DEBUG - Patients [10, 11] have treatment 4 starting at day 7, hour 14.5 using resources [2, 6].[0m
[34m2025-01-08 16:06:53,303 - DEBUG - Patients [19] have treatment 4 starting at day 7, hour 15.0 using resources [9, 7].[0m
[34m2025-01-08 16:06:53,303 - DEBUG - Patients [14] have treatment 4 starting at day 7, hour 15.5 using resources [9, 6].[0m
[34m2025-01-08 16:06:53,303 - DEBUG - Patients [11] have treatment 4 starting at day 7, hour 15.5 using resources [3, 7].[0m
[34m2025-01-08 16:06:53,303 - DEBUG - Patients [5] have treatment 5 starting at day 7, hour 11.0 using resources [5, 7].[0m
[34m2025-01-08 16:06:53,303 - DEBUG - Patients [1, 2, 4, 6, 7, 8] have treatment 6 starting at day 7, hour 8.0 using resources [2, 8].[0m
[34m2025-01-08 16:06:53,303 - DEBUG - Patients [1, 3, 4, 5, 8] have treatment 6 starting at day 7, hour 13.0 using resources [0, 8].[0m
[34m2025-01-08 16:06:53,303 - DEBUG - Patients [0, 1, 2, 7, 8] have treatment 6 starting at day 7, hour 14.5 using resources [0, 8].[0m
[34m2025-01-08 16:06:53,303 - DEBUG - Patients [1, 5] have treatment 7 starting at day 7, hour 10.0 using resources [8, 7, 5].[0m
[34m2025-01-08 16:06:53,303 - DEBUG - Patients [0, 7, 10, 17] have treatment 9 starting at day 7, hour 13.0 using resources [9, 6].[0m
[34m2025-01-08 16:06:53,303 - DEBUG - Patients [5] have treatment 1 starting at day 8, hour 8.5 using resources [6].[0m
[34m2025-01-08 16:06:53,303 - DEBUG - Patients [0] have treatment 1 starting at day 8, hour 9.0 using resources [6].[0m
[34m2025-01-08 16:06:53,303 - DEBUG - Patients [7] have treatment 1 starting at day 8, hour 9.5 using resources [6].[0m
[34m2025-01-08 16:06:53,303 - DEBUG - Patients [1] have treatment 1 starting at day 8, hour 10.0 using resources [6].[0m
[34m2025-01-08 16:06:53,303 - DEBUG - Patients [1] have treatment 1 starting at day 8, hour 12.0 using resources [7].[0m
[34m2025-01-08 16:06:53,303 - DEBUG - Patients [0] have treatment 1 starting at day 8, hour 12.0 using resources [6].[0m
[34m2025-01-08 16:06:53,303 - DEBUG - Patients [8] have treatment 1 starting at day 8, hour 12.0 using resources [8].[0m
[34m2025-01-08 16:06:53,303 - DEBUG - Patients [5] have treatment 1 starting at day 8, hour 12.5 using resources [8].[0m
[34m2025-01-08 16:06:53,303 - DEBUG - Patients [8] have treatment 1 starting at day 8, hour 12.5 using resources [6].[0m
[34m2025-01-08 16:06:53,303 - DEBUG - Patients [1] have treatment 1 starting at day 8, hour 14.5 using resources [6].[0m
[34m2025-01-08 16:06:53,303 - DEBUG - Patients [10, 11, 13, 14, 17] have treatment 2 starting at day 8, hour 8.5 using resources [9, 8].[0m
[34m2025-01-08 16:06:53,303 - DEBUG - Patients [10, 13] have treatment 4 starting at day 8, hour 8.0 using resources [3, 8].[0m
[34m2025-01-08 16:06:53,303 - DEBUG - Patients [14, 17] have treatment 5 starting at day 8, hour 8.0 using resources [4, 6].[0m
[34m2025-01-08 16:06:53,303 - DEBUG - Patients [3, 16] have treatment 5 starting at day 8, hour 8.0 using resources [5, 7].[0m
[34m2025-01-08 16:06:53,303 - DEBUG - Patients [1, 12] have treatment 5 starting at day 8, hour 9.5 using resources [4, 8].[0m
[34m2025-01-08 16:06:53,303 - DEBUG - Patients [2, 12] have treatment 5 starting at day 8, hour 10.0 using resources [5, 7].[0m
[34m2025-01-08 16:06:53,303 - DEBUG - Patients [5, 8] have treatment 5 starting at day 8, hour 10.5 using resources [4, 8].[0m
[34m2025-01-08 16:06:53,303 - DEBUG - Patients [13, 16] have treatment 5 starting at day 8, hour 10.5 using resources [5, 7].[0m
[34m2025-01-08 16:06:53,303 - DEBUG - Patients [3, 12] have treatment 5 starting at day 8, hour 13.0 using resources [5, 8].[0m
[34m2025-01-08 16:06:53,303 - DEBUG - Patients [2, 19] have treatment 5 starting at day 8, hour 13.0 using resources [4, 6].[0m
[34m2025-01-08 16:06:53,304 - DEBUG - Patients [12, 16] have treatment 5 starting at day 8, hour 14.5 using resources [5, 8].[0m
[34m2025-01-08 16:06:53,304 - DEBUG - Patients [4, 6] have treatment 5 starting at day 8, hour 14.5 using resources [4, 7].[0m
[34m2025-01-08 16:06:53,304 - DEBUG - Patients [2, 7] have treatment 7 starting at day 8, hour 11.0 using resources [8, 7, 4].[0m
[34m2025-01-08 16:06:53,304 - DEBUG - Patients [3, 4] have treatment 7 starting at day 8, hour 13.5 using resources [8, 6, 5].[0m
[34m2025-01-08 16:06:53,304 - DEBUG - Patients [4, 7] have treatment 7 starting at day 8, hour 15.0 using resources [8, 7, 5].[0m
[34m2025-01-08 16:06:53,304 - DEBUG - Patients [3, 4, 6, 11, 19] have treatment 9 starting at day 8, hour 10.5 using resources [1, 6].[0m
[34m2025-01-08 16:06:53,304 - DEBUG - Patients [0, 8, 11, 14, 16] have treatment 9 starting at day 8, hour 13.0 using resources [2, 7].[0m
[34m2025-01-08 16:06:53,304 - DEBUG - Patients [9] have treatment 1 starting at day 9, hour 9.5 using resources [8].[0m
[34m2025-01-08 16:06:53,304 - DEBUG - Patients [9] have treatment 1 starting at day 9, hour 10.0 using resources [7].[0m
[34m2025-01-08 16:06:53,304 - DEBUG - Patients [9] have treatment 1 starting at day 9, hour 10.5 using resources [7].[0m
[34m2025-01-08 16:06:53,304 - DEBUG - Patients [6] have treatment 1 starting at day 9, hour 11.5 using resources [8].[0m
[34m2025-01-08 16:06:53,304 - DEBUG - Patients [4] have treatment 1 starting at day 9, hour 12.0 using resources [8].[0m
[34m2025-01-08 16:06:53,304 - DEBUG - Patients [4] have treatment 1 starting at day 9, hour 12.5 using resources [6].[0m
[34m2025-01-08 16:06:53,304 - DEBUG - Patients [10, 13, 14, 16, 17] have treatment 2 starting at day 9, hour 8.0 using resources [4, 6].[0m
[34m2025-01-08 16:06:53,304 - DEBUG - Patients [10, 11, 13, 14, 16, 17] have treatment 2 starting at day 9, hour 11.0 using resources [3, 7].[0m
[34m2025-01-08 16:06:53,304 - DEBUG - Patients [10, 11, 13, 14, 17] have treatment 2 starting at day 9, hour 13.0 using resources [1, 6].[0m
[34m2025-01-08 16:06:53,304 - DEBUG - Patients [11, 12, 19] have treatment 3 starting at day 9, hour 8.0 using resources [2, 7].[0m
[34m2025-01-08 16:06:53,304 - DEBUG - Patients [3] have treatment 5 starting at day 9, hour 9.5 using resources [5, 6].[0m
[34m2025-01-08 16:06:53,304 - DEBUG - Patients [19] have treatment 5 starting at day 9, hour 11.5 using resources [5, 6].[0m
[34m2025-01-08 16:06:53,304 - DEBUG - Patients [0, 1, 2, 3, 4, 5, 6, 7, 8, 9] have treatment 6 starting at day 9, hour 8.0 using resources [1, 8].[0m
[34m2025-01-08 16:06:53,304 - DEBUG - Patients [0, 2, 3, 4, 7] have treatment 6 starting at day 9, hour 13.0 using resources [9, 8].[0m
[34m2025-01-08 16:06:53,304 - DEBUG - Patients [0, 1, 2, 3, 5, 7, 8] have treatment 6 starting at day 9, hour 14.5 using resources [0, 8].[0m
[34m2025-01-08 16:06:53,304 - DEBUG - Patients [1, 2, 6, 7] have treatment 9 starting at day 9, hour 10.0 using resources [2, 6].[0m
[34m2025-01-08 16:06:53,304 - DEBUG - Patients [5, 8, 12] have treatment 9 starting at day 9, hour 10.0 using resources [0, 8].[0m
[34m2025-01-08 16:06:53,304 - DEBUG - Patients [1, 5, 8, 12, 16] have treatment 9 starting at day 9, hour 13.0 using resources [0, 7].[0m
[34m2025-01-08 16:06:53,304 - DEBUG - Patients [10, 12, 16, 17] have treatment 9 starting at day 9, hour 14.5 using resources [9, 7].[0m
[34m2025-01-08 16:06:53,309 - DEBUG - Checking solution value.[0m
[34m2025-01-08 16:06:53,309 - DEBUG - Solvers objective function value: 540.0[0m
[34m2025-01-08 16:06:53,310 - DEBUG - (VERIFIER):Treatment value: 0[0m
[34m2025-01-08 16:06:53,310 - DEBUG - (VERIFIER):Delay value: 0[0m
[34m2025-01-08 16:06:53,310 - DEBUG - (VERIFIER):Missing treatment value: 540[0m
[34m2025-01-08 16:06:53,310 - DEBUG - Correct objective function value: 540[0m
[34m2025-01-08 16:06:53,310 - DEBUG - Solution is valid.[0m
[34m2025-01-08 16:06:53,310 - DEBUG - All solvers accepted the solution.[0m
[32m2025-01-08 16:06:53,310 - INFO - Time to find solution: 47.73s with value 540.000000[0m
[32m2025-01-08 16:06:53,310 - INFO - Total Time: 49.236s[0m
