1.NAME: LBBDSolver
2.PARAMS: {'break_symmetry': False, 'add_constraints_to_symmetrc_days': True, 'subsolver_cls': 'CPSubSolver'}
3.INSTANCE: /home/wx350715/Kobra/rehabiliation-admission-scheduling/data/comp_study_002/instance_6_5.txt
4.REPETITION: 1
Current directory: /home/wx350715/Kobra/rehabiliation-admission-scheduling
[34m2025-01-08 13:22:20,625 - DEBUG - Solver: <class 'src.solvers.benders.LBBDSolver'>[0m
[34m2025-01-08 13:22:20,625 - DEBUG - Args: {'break_symmetry': False, 'add_constraints_to_symmetrc_days': True, 'subsolver_cls': 'CPSubSolver'}[0m
[34m2025-01-08 13:22:20,625 - DEBUG - File path /home/wx350715/Kobra/rehabiliation-admission-scheduling/data/comp_study_002/instance_6_5.txt[0m
[34m2025-01-08 13:22:20,638 - DEBUG - ADD INSTANCE DATA[0m
[34m2025-01-08 13:22:20,638 - DEBUG - ADD INSTANCE DATA[0m
[34m2025-01-08 13:22:20,638 - DEBUG - ADD INSTANCE DATA[0m
[34m2025-01-08 13:22:20,638 - DEBUG - ADD INSTANCE DATA[0m
[34m2025-01-08 13:22:20,638 - DEBUG - ADD INSTANCE DATA[0m
[34m2025-01-08 13:22:20,638 - DEBUG - ADD INSTANCE DATA[0m
[34m2025-01-08 13:22:20,638 - DEBUG - ADD INSTANCE DATA[0m
[34m2025-01-08 13:22:20,638 - DEBUG - ADD INSTANCE DATA[0m
[34m2025-01-08 13:22:20,638 - DEBUG - ADD INSTANCE DATA[0m
[34m2025-01-08 13:22:20,639 - DEBUG - ADD INSTANCE DATA[0m
[34m2025-01-08 13:22:20,639 - DEBUG - ADD INSTANCE DATA[0m
[34m2025-01-08 13:22:20,639 - DEBUG - ADD RESOURCE_GROUPS[0m
[34m2025-01-08 13:22:20,639 - DEBUG - ADD RESOURCE_GROUPS[0m
[34m2025-01-08 13:22:20,639 - DEBUG - ADD RESOURCE_GROUPS[0m
[34m2025-01-08 13:22:20,639 - DEBUG - ADD RESOURCE_GROUPS[0m
[34m2025-01-08 13:22:20,639 - DEBUG - ADD RESOURCES[0m
[34m2025-01-08 13:22:20,639 - DEBUG - ADD RESOURCES[0m
[34m2025-01-08 13:22:20,639 - DEBUG - ADD RESOURCES[0m
[34m2025-01-08 13:22:20,639 - DEBUG - ADD RESOURCES[0m
[34m2025-01-08 13:22:20,639 - DEBUG - ADD RESOURCES[0m
[34m2025-01-08 13:22:20,640 - DEBUG - ADD RESOURCES[0m
[34m2025-01-08 13:22:20,640 - DEBUG - ADD RESOURCES[0m
[34m2025-01-08 13:22:20,640 - DEBUG - ADD RESOURCES[0m
[34m2025-01-08 13:22:20,640 - DEBUG - ADD RESOURCES[0m
[34m2025-01-08 13:22:20,640 - DEBUG - ADD RESOURCES[0m
[34m2025-01-08 13:22:20,640 - DEBUG - ADD TREATMENTS[0m
[34m2025-01-08 13:22:20,640 - DEBUG - ADD TREATMENTS[0m
[34m2025-01-08 13:22:20,640 - DEBUG - ADD TREATMENTS[0m
[34m2025-01-08 13:22:20,640 - DEBUG - ADD TREATMENTS[0m
[34m2025-01-08 13:22:20,640 - DEBUG - ADD TREATMENTS[0m
[34m2025-01-08 13:22:20,641 - DEBUG - ADD TREATMENTS[0m
[34m2025-01-08 13:22:20,641 - DEBUG - ADD TREATMENTS[0m
[34m2025-01-08 13:22:20,641 - DEBUG - ADD TREATMENTS[0m
[34m2025-01-08 13:22:20,641 - DEBUG - ADD PATIENTS[0m
[34m2025-01-08 13:22:20,641 - DEBUG - ADD PATIENTS[0m
[34m2025-01-08 13:22:20,641 - DEBUG - ADD PATIENTS[0m
[34m2025-01-08 13:22:20,641 - DEBUG - ADD PATIENTS[0m
[34m2025-01-08 13:22:20,641 - DEBUG - ADD PATIENTS[0m
[34m2025-01-08 13:22:20,642 - DEBUG - ADD PATIENTS[0m
[34m2025-01-08 13:22:20,642 - DEBUG - ADD PATIENTS[0m
[34m2025-01-08 13:22:20,642 - DEBUG - ADD PATIENTS[0m
[34m2025-01-08 13:22:20,642 - DEBUG - ADD PATIENTS[0m
[34m2025-01-08 13:22:20,642 - DEBUG - ADD PATIENTS[0m
[34m2025-01-08 13:22:20,642 - DEBUG - ADD PATIENTS[0m
[34m2025-01-08 13:22:20,642 - DEBUG - ADD PATIENTS[0m
[34m2025-01-08 13:22:20,642 - DEBUG - ADD PATIENTS[0m
[34m2025-01-08 13:22:20,643 - DEBUG - ADD PATIENTS[0m
[34m2025-01-08 13:22:20,643 - DEBUG - ADD PATIENTS[0m
[34m2025-01-08 13:22:20,643 - DEBUG - ADD PATIENTS[0m
[34m2025-01-08 13:22:20,643 - DEBUG - ADD PATIENTS[0m
[34m2025-01-08 13:22:20,643 - DEBUG - ADD PATIENTS[0m
[34m2025-01-08 13:22:20,643 - DEBUG - ADD PATIENTS[0m
[34m2025-01-08 13:22:20,643 - DEBUG - ADD PATIENTS[0m
[34m2025-01-08 13:22:20,643 - DEBUG - ADD PATIENTS[0m
[34m2025-01-08 13:22:20,644 - DEBUG - Instance data:[0m
[34m2025-01-08 13:22:20,644 - DEBUG - Number of patients: 21[0m
[34m2025-01-08 13:22:20,647 - DEBUG - Number of beds: 36[0m
[34m2025-01-08 13:22:20,648 - DEBUG - Average number of treatments per patient: 32.38095238095238[0m
[34m2025-01-08 13:22:20,648 - DEBUG - Average number of treatment per stayed day: 2.3859649122807016[0m
[34m2025-01-08 13:22:20,648 - DEBUG - Number of treatments: 680[0m
[34m2025-01-08 13:22:20,648 - DEBUG - Number of resources: 10[0m
[34m2025-01-08 13:22:20,648 - DEBUG - Number of resource groups: 4[0m
[34m2025-01-08 13:22:20,648 - DEBUG - Number of resource hours needed per all treatment by RG(therapists): 19.704166666666676[0m
[34m2025-01-08 13:22:20,648 - DEBUG - Number of resource hours needed per all treatment by RG(rooms): 35.95416666666666[0m
[34m2025-01-08 13:22:20,648 - DEBUG - Number of resource hours needed per all treatment by RG(physiotherapist): 15.5[0m
[34m2025-01-08 13:22:20,648 - DEBUG - Number of resource hours needed per all treatment by RG(sport_room): 6.75[0m
[32m2025-01-08 13:22:20,648 - INFO - {'solver': 'LBBDSolver', 'args': {'break_symmetry': False, 'subsolver_cls': <class 'src.solvers.subsolvers.cp_subsolver.CPSubsolver'>, 'subsolver.store_results': True, 'subsolver.store_results_method': 'hash', 'use_helper_constraints': True, 'enforce_min_treatments_per_day': True, 'enforce_max_treatments_per_e_w': True, 'enforce_min_patients_per_treatment': True, 'log_to_console': True}}[0m
[34m2025-01-08 13:22:20,648 - DEBUG - Setting options: LBBDSolver[0m
[34m2025-01-08 13:22:20,648 - DEBUG -  ---- break_symmetry to False[0m
[34m2025-01-08 13:22:20,648 - DEBUG -  ---- subsolver_cls to <class 'src.solvers.subsolvers.cp_subsolver.CPSubsolver'>[0m
[34m2025-01-08 13:22:20,648 - DEBUG -  ---- use_helper_constraints to True[0m
[34m2025-01-08 13:22:20,648 - DEBUG -  ---- add_constraints_to_symmetric_days to True (default)[0m
[34m2025-01-08 13:22:20,648 - DEBUG - Setting options: Solver[0m
[34m2025-01-08 13:22:20,648 - DEBUG -  ---- number_of_threads to 1 (default)[0m
[34m2025-01-08 13:22:20,648 - DEBUG -  ---- treatment_value to 0 (default)[0m
[34m2025-01-08 13:22:20,649 - DEBUG -  ---- delay_value to 1 (default)[0m
[34m2025-01-08 13:22:20,649 - DEBUG -  ---- missing_treatment_value to 4 (default)[0m
[34m2025-01-08 13:22:20,649 - DEBUG -  ---- enforce_min_treatments_per_day to True[0m
[34m2025-01-08 13:22:20,649 - DEBUG -  ---- enforce_max_treatments_per_e_w to True[0m
[34m2025-01-08 13:22:20,649 - DEBUG -  ---- enforce_min_patients_per_treatment to True[0m
[34m2025-01-08 13:22:20,649 - DEBUG -  ---- log_to_console to True[0m
[34m2025-01-08 13:22:20,649 - DEBUG -  ---- log_to_file to True (default)[0m
[34m2025-01-08 13:22:20,759 - DEBUG - Setting options: CPSubsolver[0m
[34m2025-01-08 13:22:20,759 - DEBUG -  ---- estimated_needed_treatments to True (default)[0m
[34m2025-01-08 13:22:20,759 - DEBUG -  ---- add_patient_symmetry to False (default)[0m
[34m2025-01-08 13:22:20,759 - DEBUG - Setting Subsolver options: SubSolver[0m
[34m2025-01-08 13:22:20,759 - DEBUG -  ---- store_results to True[0m
[34m2025-01-08 13:22:20,759 - DEBUG -  ---- store_results_method to hash[0m
[34m2025-01-08 13:22:20,759 - DEBUG -  ---- enforce_min_patients_per_treatment to True[0m
[34m2025-01-08 13:22:20,759 - DEBUG -  ---- use_day_symmetry to True (default)[0m
[32m2025-01-08 13:22:20,851 - INFO - Create model: LBBDSolver[0m
Set parameter TSPort to value 50039
Set parameter TokenServer to value "license.itc.rwth-aachen.de"
Set parameter Threads to value 1
Set parameter LazyConstraints to value 1
[34m2025-01-08 13:22:21,425 - DEBUG - Variables created.[0m
[34m2025-01-08 13:22:23,209 - DEBUG - Constraint (not too many treatments) created.[0m
[34m2025-01-08 13:22:24,453 - DEBUG - Constraint (no_treatments_outside admittance) created.[0m
[34m2025-01-08 13:22:24,454 - DEBUG - Constraint (bed_usage) created.[0m
[34m2025-01-08 13:22:24,455 - DEBUG - Constraint (must be admitted) created.[0m
[34m2025-01-08 13:22:24,641 - DEBUG - Constraint (e_w_ub) created.[0m
[34m2025-01-08 13:22:24,703 - DEBUG - Constraint (day_ub) created.[0m
[34m2025-01-08 13:22:24,765 - DEBUG - Constraint (Day always) created.[0m
[34m2025-01-08 13:22:24,765 - DEBUG - Constraint (already_admitted) created.[0m
[32m2025-01-08 13:22:27,193 - INFO - Time to create model: 6.342[0m
[32m2025-01-08 13:22:27,194 - INFO - Solving model: LBBDSolver[0m
Gurobi Optimizer version 10.0.0 build v10.0.0rc2 (linux64)

CPU model: Intel(R) Xeon(R) Platinum 8468, instruction set [SSE2|AVX|AVX2|AVX512]
Thread count: 96 physical cores, 96 logical processors, using up to 1 threads

Optimize a model with 231537 rows, 97384 columns and 1866352 nonzeros
Model fingerprint: 0xc23c4d2d
Variable types: 3 continuous, 97381 integer (97381 binary)
Coefficient statistics:
  Matrix range     [1e+00, 5e+01]
  Objective range  [1e+00, 1e+01]
  Bounds range     [1e+00, 1e+00]
  RHS range        [1e+00, 3e+03]
Presolve added 0 rows and 1697 columns
Presolve removed 149009 rows and 0 columns
Presolve time: 4.06s
Presolved: 82528 rows, 99081 columns, 1227214 nonzeros
Variable types: 1 continuous, 99080 integer (98224 binary)
Root relaxation presolved: 82145 rows, 98944 columns, 1155729 nonzeros


Root simplex log...

Iteration    Objective       Primal Inf.    Dual Inf.      Time
       0   -2.5598020e+03   3.214492e+03   0.000000e+00      5s
    4550    6.6825000e+02   0.000000e+00   0.000000e+00      6s
    4550    6.6825000e+02   0.000000e+00   0.000000e+00      6s

Use crossover to convert LP symmetric solution to basic solution...

Root crossover log...

       0 DPushes remaining with DInf 0.0000000e+00                 6s

   18546 PPushes remaining with PInf 0.0000000e+00                 6s
       0 PPushes remaining with PInf 0.0000000e+00                 6s

  Push phase complete: Pinf 0.0000000e+00, Dinf 9.0341800e-11      6s


Root simplex log...

Iteration    Objective       Primal Inf.    Dual Inf.      Time
   23151    6.6825000e+02   0.000000e+00   0.000000e+00      6s
   23151    6.6825000e+02   0.000000e+00   0.000000e+00      6s

Root relaxation: objective 6.682500e+02, 23151 iterations, 1.20 seconds (1.05 work units)
Total elapsed time = 12.11s
Total elapsed time = 17.49s
Total elapsed time = 20.11s

    Nodes    |    Current Node    |     Objective Bounds      |     Work
 Expl Unexpl |  Obj  Depth IntInf | Incumbent    BestBd   Gap | It/Node Time

     0     0  668.25000    0  407          -  668.25000      -     -   24s
     0     0  669.50000    0  554          -  669.50000      -     -   34s
     0     0  669.50000    0  549          -  669.50000      -     -   35s
     0     0  670.03922    0  954          -  670.03922      -     -   45s
[32m2025-01-08 13:59:15,952 - INFO - d_prime: 9 d: 13[0m
[32m2025-01-08 13:59:15,958 - INFO - d_prime: 10 d: 13[0m
[32m2025-01-08 13:59:15,961 - INFO - d_prime: 11 d: 13[0m
[32m2025-01-08 13:59:15,965 - INFO - d_prime: 12 d: 13[0m
[32m2025-01-08 13:59:15,968 - INFO - d_prime: 13 d: 13[0m
[32m2025-01-08 13:59:15,970 - INFO - forbidden_vars: ([{2:1},{4:1},{0:1,3:1},{2:1,4:1},{2:2},{3:1,4:1},{1:1,2:1,3:1},{2:1,3:1,7:1},{2:2,4:1},{0:1,2:1,3:2},{0:2,3:1,4:1},{0:1,1:2,2:1},{0:1,2:1,4:2},{0:2,2:1,3:1},{2:1,3:1,5:1,7:1},{2:2,3:1,4:1},{2:2,4:1,5:1},{2:1,3:2,4:1},{0:1,2:2,3:2},{0:1,3:3,4:1}])[0m
[32m2025-01-08 13:59:15,970 - INFO - False[0m
     0     0  670.03922    0  954          -  670.03922      -     - 2208s
     0     0  670.03922    0  900          -  670.03922      -     - 2210s
     0     0  670.15625    0  712          -  670.15625      -     - 2214s
[32m2025-01-08 13:59:53,332 - INFO - d_prime: 3 d: 3[0m
[32m2025-01-08 13:59:53,333 - INFO - d_prime: 4 d: 3[0m
[32m2025-01-08 13:59:53,334 - INFO - d_prime: 5 d: 3[0m
[32m2025-01-08 13:59:53,334 - INFO - d_prime: 6 d: 3[0m
[32m2025-01-08 13:59:53,335 - INFO - d_prime: 7 d: 3[0m
[32m2025-01-08 13:59:53,336 - INFO - d_prime: 8 d: 3[0m
[32m2025-01-08 13:59:53,337 - INFO - d_prime: 9 d: 3[0m
[32m2025-01-08 13:59:53,338 - INFO - d_prime: 10 d: 3[0m
[32m2025-01-08 13:59:53,340 - INFO - forbidden_vars: ([{0:1,1:1},{1:2},{3:2},{0:1,1:1,7:2},{3:1,4:1,7:2},{3:3,4:1,7:1},{3:1,7:4}])[0m
[32m2025-01-08 13:59:53,340 - INFO - False[0m
[32m2025-01-08 14:21:42,573 - INFO - d_prime: 9 d: 13[0m
[32m2025-01-08 14:21:42,580 - INFO - d_prime: 10 d: 13[0m
[32m2025-01-08 14:21:42,584 - INFO - d_prime: 11 d: 13[0m
[32m2025-01-08 14:21:42,588 - INFO - d_prime: 12 d: 13[0m
[32m2025-01-08 14:21:42,592 - INFO - d_prime: 13 d: 13[0m
[32m2025-01-08 14:21:42,594 - INFO - forbidden_vars: ([{0:1},{2:1},{3:1},{4:1},{2:1,4:1},{3:1,4:1},{1:1,3:1,7:1},{1:1,3:2},{1:1,2:1,4:1},{0:1,2:1,3:2},{0:2,3:1,4:1},{0:1,1:1,2:1,3:1},{0:1,2:1,4:2},{0:2,1:1,3:1},{2:1,4:2,5:1},{2:1,3:2,4:1},{3:1,4:3},{0:1,1:1,2:1,3:2},{0:1,3:3,4:1},{1:1,2:1,3:1,5:2}])[0m
[32m2025-01-08 14:21:42,594 - INFO - False[0m
     0     0  670.15625    0  712          -  670.15625      -     - 3555s
     0     0  670.15625    0  689          -  670.15625      -     - 3557s
     0     0  670.20000    0  584          -  670.20000      -     - 3561s
