1.NAME: LBBDSolver
2.PARAMS: {'break_symmetry': False, 'add_constraints_to_symmetrc_days': True, 'subsolver_cls': 'CPSubSolver2'}
3.INSTANCE: /home/wx350715/Kobra/rehabiliation-admission-scheduling/data/comp_study_002/instance_5_5.txt
4.REPETITION: 1
Current directory: /home/wx350715/Kobra/rehabiliation-admission-scheduling
[34m2025-01-08 14:51:40,283 - DEBUG - Solver: <class 'src.solvers.benders.LBBDSolver'>[0m
[34m2025-01-08 14:51:40,283 - DEBUG - Args: {'break_symmetry': False, 'add_constraints_to_symmetrc_days': True, 'subsolver_cls': 'CPSubSolver2'}[0m
[34m2025-01-08 14:51:40,283 - DEBUG - File path /home/wx350715/Kobra/rehabiliation-admission-scheduling/data/comp_study_002/instance_5_5.txt[0m
[34m2025-01-08 14:51:40,284 - DEBUG - ADD INSTANCE DATA[0m
[34m2025-01-08 14:51:40,284 - DEBUG - ADD INSTANCE DATA[0m
[34m2025-01-08 14:51:40,284 - DEBUG - ADD INSTANCE DATA[0m
[34m2025-01-08 14:51:40,284 - DEBUG - ADD INSTANCE DATA[0m
[34m2025-01-08 14:51:40,284 - DEBUG - ADD INSTANCE DATA[0m
[34m2025-01-08 14:51:40,284 - DEBUG - ADD INSTANCE DATA[0m
[34m2025-01-08 14:51:40,284 - DEBUG - ADD INSTANCE DATA[0m
[34m2025-01-08 14:51:40,284 - DEBUG - ADD INSTANCE DATA[0m
[34m2025-01-08 14:51:40,284 - DEBUG - ADD INSTANCE DATA[0m
[34m2025-01-08 14:51:40,284 - DEBUG - ADD INSTANCE DATA[0m
[34m2025-01-08 14:51:40,284 - DEBUG - ADD INSTANCE DATA[0m
[34m2025-01-08 14:51:40,284 - DEBUG - ADD RESOURCE_GROUPS[0m
[34m2025-01-08 14:51:40,284 - DEBUG - ADD RESOURCE_GROUPS[0m
[34m2025-01-08 14:51:40,284 - DEBUG - ADD RESOURCE_GROUPS[0m
[34m2025-01-08 14:51:40,284 - DEBUG - ADD RESOURCE_GROUPS[0m
[34m2025-01-08 14:51:40,284 - DEBUG - ADD RESOURCES[0m
[34m2025-01-08 14:51:40,285 - DEBUG - ADD RESOURCES[0m
[34m2025-01-08 14:51:40,285 - DEBUG - ADD RESOURCES[0m
[34m2025-01-08 14:51:40,285 - DEBUG - ADD RESOURCES[0m
[34m2025-01-08 14:51:40,285 - DEBUG - ADD RESOURCES[0m
[34m2025-01-08 14:51:40,285 - DEBUG - ADD RESOURCES[0m
[34m2025-01-08 14:51:40,285 - DEBUG - ADD RESOURCES[0m
[34m2025-01-08 14:51:40,285 - DEBUG - ADD RESOURCES[0m
[34m2025-01-08 14:51:40,285 - DEBUG - ADD RESOURCES[0m
[34m2025-01-08 14:51:40,285 - DEBUG - ADD RESOURCES[0m
[34m2025-01-08 14:51:40,285 - DEBUG - ADD TREATMENTS[0m
[34m2025-01-08 14:51:40,285 - DEBUG - ADD TREATMENTS[0m
[34m2025-01-08 14:51:40,285 - DEBUG - ADD TREATMENTS[0m
[34m2025-01-08 14:51:40,286 - DEBUG - ADD TREATMENTS[0m
[34m2025-01-08 14:51:40,286 - DEBUG - ADD TREATMENTS[0m
[34m2025-01-08 14:51:40,286 - DEBUG - ADD TREATMENTS[0m
[34m2025-01-08 14:51:40,286 - DEBUG - ADD TREATMENTS[0m
[34m2025-01-08 14:51:40,286 - DEBUG - ADD TREATMENTS[0m
[34m2025-01-08 14:51:40,286 - DEBUG - ADD PATIENTS[0m
[34m2025-01-08 14:51:40,286 - DEBUG - ADD PATIENTS[0m
[34m2025-01-08 14:51:40,286 - DEBUG - ADD PATIENTS[0m
[34m2025-01-08 14:51:40,286 - DEBUG - ADD PATIENTS[0m
[34m2025-01-08 14:51:40,286 - DEBUG - ADD PATIENTS[0m
[34m2025-01-08 14:51:40,287 - DEBUG - ADD PATIENTS[0m
[34m2025-01-08 14:51:40,287 - DEBUG - ADD PATIENTS[0m
[34m2025-01-08 14:51:40,287 - DEBUG - ADD PATIENTS[0m
[34m2025-01-08 14:51:40,287 - DEBUG - ADD PATIENTS[0m
[34m2025-01-08 14:51:40,287 - DEBUG - ADD PATIENTS[0m
[34m2025-01-08 14:51:40,287 - DEBUG - ADD PATIENTS[0m
[34m2025-01-08 14:51:40,287 - DEBUG - ADD PATIENTS[0m
[34m2025-01-08 14:51:40,287 - DEBUG - ADD PATIENTS[0m
[34m2025-01-08 14:51:40,287 - DEBUG - ADD PATIENTS[0m
[34m2025-01-08 14:51:40,287 - DEBUG - ADD PATIENTS[0m
[34m2025-01-08 14:51:40,288 - DEBUG - ADD PATIENTS[0m
[34m2025-01-08 14:51:40,288 - DEBUG - ADD PATIENTS[0m
[34m2025-01-08 14:51:40,288 - DEBUG - ADD PATIENTS[0m
[34m2025-01-08 14:51:40,288 - DEBUG - ADD PATIENTS[0m
[34m2025-01-08 14:51:40,288 - DEBUG - ADD PATIENTS[0m
[34m2025-01-08 14:51:40,288 - DEBUG - ADD PATIENTS[0m
[34m2025-01-08 14:51:40,288 - DEBUG - ADD PATIENTS[0m
[34m2025-01-08 14:51:40,288 - DEBUG - ADD PATIENTS[0m
[34m2025-01-08 14:51:40,288 - DEBUG - ADD PATIENTS[0m
[34m2025-01-08 14:51:40,290 - DEBUG - ADD PATIENTS[0m
[34m2025-01-08 14:51:40,290 - DEBUG - ADD PATIENTS[0m
[34m2025-01-08 14:51:40,290 - DEBUG - ADD PATIENTS[0m
[34m2025-01-08 14:51:40,290 - DEBUG - ADD PATIENTS[0m
[34m2025-01-08 14:51:40,290 - DEBUG - ADD PATIENTS[0m
[34m2025-01-08 14:51:40,290 - DEBUG - ADD PATIENTS[0m
[34m2025-01-08 14:51:40,290 - DEBUG - ADD PATIENTS[0m
[34m2025-01-08 14:51:40,291 - DEBUG - ADD PATIENTS[0m
[34m2025-01-08 14:51:40,291 - DEBUG - ADD PATIENTS[0m
[34m2025-01-08 14:51:40,291 - DEBUG - ADD PATIENTS[0m
[34m2025-01-08 14:51:40,291 - DEBUG - ADD PATIENTS[0m
[34m2025-01-08 14:51:40,291 - DEBUG - ADD PATIENTS[0m
[34m2025-01-08 14:51:40,291 - DEBUG - ADD PATIENTS[0m
[34m2025-01-08 14:51:40,291 - DEBUG - ADD PATIENTS[0m
[34m2025-01-08 14:51:40,291 - DEBUG - ADD PATIENTS[0m
[34m2025-01-08 14:51:40,291 - DEBUG - ADD PATIENTS[0m
[34m2025-01-08 14:51:40,292 - DEBUG - Instance data:[0m
[34m2025-01-08 14:51:40,292 - DEBUG - Number of patients: 40[0m
[34m2025-01-08 14:51:40,292 - DEBUG - Number of beds: 40[0m
[34m2025-01-08 14:51:40,292 - DEBUG - Average number of treatments per patient: 23.325[0m
[34m2025-01-08 14:51:40,292 - DEBUG - Average number of treatment per stayed day: 2.2004716981132075[0m
[34m2025-01-08 14:51:40,292 - DEBUG - Number of treatments: 933[0m
[34m2025-01-08 14:51:40,292 - DEBUG - Number of resources: 10[0m
[34m2025-01-08 14:51:40,292 - DEBUG - Number of resource groups: 4[0m
[34m2025-01-08 14:51:40,292 - DEBUG - Number of resource hours needed per all treatment by RG(therapists): 25.816666666666716[0m
[34m2025-01-08 14:51:40,292 - DEBUG - Number of resource hours needed per all treatment by RG(rooms): 48.36666666666666[0m
[34m2025-01-08 14:51:40,292 - DEBUG - Number of resource hours needed per all treatment by RG(physiotherapist): 15.5[0m
[34m2025-01-08 14:51:40,292 - DEBUG - Number of resource hours needed per all treatment by RG(sport_room): 6.75[0m
[32m2025-01-08 14:51:40,292 - INFO - {'solver': 'LBBDSolver', 'args': {'break_symmetry': False, 'subsolver_cls': <class 'src.solvers.subsolvers.cp_subsolver.CPSubsolver'>, 'subsolver.store_results': True, 'subsolver.store_results_method': 'hash', 'use_helper_constraints': True, 'enforce_min_treatments_per_day': True, 'enforce_max_treatments_per_e_w': True, 'enforce_min_patients_per_treatment': True, 'log_to_console': True}}[0m
[34m2025-01-08 14:51:40,292 - DEBUG - Setting options: LBBDSolver[0m
[34m2025-01-08 14:51:40,292 - DEBUG -  ---- break_symmetry to False[0m
[34m2025-01-08 14:51:40,292 - DEBUG -  ---- subsolver_cls to <class 'src.solvers.subsolvers.cp_subsolver.CPSubsolver'>[0m
[34m2025-01-08 14:51:40,292 - DEBUG -  ---- use_helper_constraints to True[0m
[34m2025-01-08 14:51:40,292 - DEBUG -  ---- add_constraints_to_symmetric_days to True (default)[0m
[34m2025-01-08 14:51:40,292 - DEBUG - Setting options: Solver[0m
[34m2025-01-08 14:51:40,292 - DEBUG -  ---- number_of_threads to 1 (default)[0m
[34m2025-01-08 14:51:40,292 - DEBUG -  ---- treatment_value to 0 (default)[0m
[34m2025-01-08 14:51:40,292 - DEBUG -  ---- delay_value to 1 (default)[0m
[34m2025-01-08 14:51:40,292 - DEBUG -  ---- missing_treatment_value to 4 (default)[0m
[34m2025-01-08 14:51:40,292 - DEBUG -  ---- enforce_min_treatments_per_day to True[0m
[34m2025-01-08 14:51:40,293 - DEBUG -  ---- enforce_max_treatments_per_e_w to True[0m
[34m2025-01-08 14:51:40,293 - DEBUG -  ---- enforce_min_patients_per_treatment to True[0m
[34m2025-01-08 14:51:40,293 - DEBUG -  ---- log_to_console to True[0m
[34m2025-01-08 14:51:40,293 - DEBUG -  ---- log_to_file to True (default)[0m
[34m2025-01-08 14:51:40,386 - DEBUG - Setting options: CPSubsolver[0m
[34m2025-01-08 14:51:40,386 - DEBUG -  ---- estimated_needed_treatments to True (default)[0m
[34m2025-01-08 14:51:40,386 - DEBUG -  ---- add_patient_symmetry to False (default)[0m
[34m2025-01-08 14:51:40,386 - DEBUG - Setting Subsolver options: SubSolver[0m
[34m2025-01-08 14:51:40,386 - DEBUG -  ---- store_results to True[0m
[34m2025-01-08 14:51:40,386 - DEBUG -  ---- store_results_method to hash[0m
[34m2025-01-08 14:51:40,386 - DEBUG -  ---- enforce_min_patients_per_treatment to True[0m
[34m2025-01-08 14:51:40,386 - DEBUG -  ---- use_day_symmetry to True (default)[0m
[32m2025-01-08 14:51:40,465 - INFO - Create model: LBBDSolver[0m
Set parameter TSPort to value 50039
Set parameter TokenServer to value "license.itc.rwth-aachen.de"
Set parameter Threads to value 1
Set parameter LazyConstraints to value 1
[34m2025-01-08 14:51:41,132 - DEBUG - Variables created.[0m
[34m2025-01-08 14:51:43,156 - DEBUG - Constraint (not too many treatments) created.[0m
[34m2025-01-08 14:51:44,646 - DEBUG - Constraint (no_treatments_outside admittance) created.[0m
[34m2025-01-08 14:51:44,647 - DEBUG - Constraint (bed_usage) created.[0m
[34m2025-01-08 14:51:44,647 - DEBUG - Constraint (must be admitted) created.[0m
[34m2025-01-08 14:51:44,867 - DEBUG - Constraint (e_w_ub) created.[0m
[34m2025-01-08 14:51:44,937 - DEBUG - Constraint (day_ub) created.[0m
[34m2025-01-08 14:51:45,008 - DEBUG - Constraint (Day always) created.[0m
[34m2025-01-08 14:51:45,009 - DEBUG - Constraint (already_admitted) created.[0m
[32m2025-01-08 14:51:49,427 - INFO - Time to create model: 8.962[0m
[32m2025-01-08 14:51:49,428 - INFO - Solving model: LBBDSolver[0m
Gurobi Optimizer version 10.0.0 build v10.0.0rc2 (linux64)

CPU model: Intel(R) Xeon(R) Platinum 8468, instruction set [SSE2|AVX|AVX2|AVX512]
Thread count: 96 physical cores, 96 logical processors, using up to 1 threads

Optimize a model with 334025 rows, 140160 columns and 2657247 nonzeros
Model fingerprint: 0x9ff124ce
Variable types: 3 continuous, 140157 integer (140157 binary)
Coefficient statistics:
  Matrix range     [1e+00, 5e+01]
  Objective range  [1e+00, 1e+01]
  Bounds range     [1e+00, 1e+00]
  RHS range        [1e+00, 4e+03]
Presolve added 0 rows and 2509 columns
Presolve removed 220125 rows and 0 columns
Presolve time: 4.08s
Presolved: 113900 rows, 142669 columns, 1706706 nonzeros
Variable types: 1 continuous, 142668 integer (141689 binary)
Root relaxation presolved: 113341 rows, 142508 columns, 1611631 nonzeros


Root simplex log...

Iteration    Objective       Primal Inf.    Dual Inf.      Time
       0   -4.9117530e+03   3.927239e+03   0.000000e+00      7s
    6494    6.8800000e+02   0.000000e+00   0.000000e+00      7s
    6494    6.8800000e+02   0.000000e+00   0.000000e+00      7s

Use crossover to convert LP symmetric solution to basic solution...

Root crossover log...

       0 DPushes remaining with DInf 0.0000000e+00                 7s

   27851 PPushes remaining with PInf 0.0000000e+00                 7s
       0 PPushes remaining with PInf 0.0000000e+00                 8s

  Push phase complete: Pinf 0.0000000e+00, Dinf 6.5941063e-11      8s


Root simplex log...

Iteration    Objective       Primal Inf.    Dual Inf.      Time
   34357    6.8800000e+02   0.000000e+00   0.000000e+00      8s
   34357    6.8800000e+02   0.000000e+00   0.000000e+00      8s

Root relaxation: objective 6.880000e+02, 34357 iterations, 1.49 seconds (1.76 work units)

    Nodes    |    Current Node    |     Objective Bounds      |     Work
 Expl Unexpl |  Obj  Depth IntInf | Incumbent    BestBd   Gap | It/Node Time

     0     0  688.00000    0 5438          -  688.00000      -     -   23s
     0     0  688.00000    0 3187          -  688.00000      -     -   85s
     0     0  688.00000    0 2624          -  688.00000      -     -  134s
     0     0  688.00000    0   48          -  688.00000      -     -  209s
[32m2025-01-08 14:55:52,705 - INFO - d_prime: 2 d: 2[0m
[32m2025-01-08 14:55:52,707 - INFO - d_prime: 3 d: 2[0m
[32m2025-01-08 14:55:52,707 - INFO - d_prime: 4 d: 2[0m
[32m2025-01-08 14:55:52,708 - INFO - d_prime: 5 d: 2[0m
[32m2025-01-08 14:55:52,709 - INFO - d_prime: 6 d: 2[0m
[32m2025-01-08 14:55:52,710 - INFO - d_prime: 7 d: 2[0m
[32m2025-01-08 14:55:52,710 - INFO - d_prime: 8 d: 2[0m
[32m2025-01-08 14:55:52,712 - INFO - forbidden_vars: ([{0:1},{1:1},{1:1},{3:1},{0:1,1:1},{1:2},{3:3},{3:3,7:1},{3:3,7:1},{3:3,7:2}])[0m
[32m2025-01-08 14:55:52,712 - INFO - False[0m
[32m2025-01-08 14:58:17,972 - INFO - d_prime: 3 d: 3[0m
[32m2025-01-08 14:58:17,974 - INFO - d_prime: 4 d: 3[0m
[32m2025-01-08 14:58:17,974 - INFO - d_prime: 5 d: 3[0m
[32m2025-01-08 14:58:17,975 - INFO - d_prime: 6 d: 3[0m
[32m2025-01-08 14:58:17,975 - INFO - d_prime: 7 d: 3[0m
[32m2025-01-08 14:58:17,976 - INFO - d_prime: 8 d: 3[0m
[32m2025-01-08 14:58:17,977 - INFO - forbidden_vars: ([{2:1},{2:1},{2:2},{2:2},{2:2},{2:2},{2:2},{1:1,2:2},{1:1,2:2,3:1},{2:2,3:1,7:1},{2:2,3:3},{3:1,7:4}])[0m
[32m2025-01-08 14:58:17,977 - INFO - False[0m
[32m2025-01-08 15:15:25,379 - INFO - d_prime: 9 d: 12[0m
[32m2025-01-08 15:15:25,385 - INFO - d_prime: 10 d: 12[0m
[32m2025-01-08 15:15:25,388 - INFO - d_prime: 11 d: 12[0m
[32m2025-01-08 15:15:25,391 - INFO - d_prime: 12 d: 12[0m
[32m2025-01-08 15:15:25,394 - INFO - forbidden_vars: ([{0:1},{0:1},{0:1},{2:1},{2:1},{2:1},{2:1},{2:1},{3:1},{4:1},{0:2},{0:2},{0:1,2:1},{2:1,5:1},{2:1,5:1},{2:2},{3:1,4:1},{3:1,4:1},{5:2},{2:1,5:2},{2:2,4:1},{2:1,4:1,5:1},{5:3},{0:1,1:1,3:2},{0:1,2:2,5:1},{2:1,4:1,5:2},{2:1,4:1,5:2},{2:1,5:3},{3:1,4:1,5:2},{4:2,5:2},{2:1,3:3,5:1}])[0m
[32m2025-01-08 15:15:25,394 - INFO - False[0m
     0     0  688.00000    0   48          -  688.00000      -     - 1819s
[32m2025-01-08 15:25:00,389 - INFO - d_prime: 3 d: 3[0m
[32m2025-01-08 15:25:00,392 - INFO - d_prime: 4 d: 3[0m
[32m2025-01-08 15:25:00,392 - INFO - d_prime: 5 d: 3[0m
[32m2025-01-08 15:25:00,393 - INFO - d_prime: 6 d: 3[0m
[32m2025-01-08 15:25:00,394 - INFO - d_prime: 7 d: 3[0m
[32m2025-01-08 15:25:00,395 - INFO - d_prime: 8 d: 3[0m
[32m2025-01-08 15:25:00,396 - INFO - forbidden_vars: ([{2:1},{2:1},{2:2},{2:2},{2:2},{2:2},{2:2},{1:1,2:2},{1:1,2:2,3:1},{2:2,3:1,7:1},{3:1,7:3},{2:2,3:3}])[0m
[32m2025-01-08 15:25:00,396 - INFO - False[0m
[32m2025-01-08 15:37:21,314 - INFO - d_prime: 9 d: 12[0m
[32m2025-01-08 15:37:21,335 - INFO - d_prime: 10 d: 12[0m
[32m2025-01-08 15:37:21,338 - INFO - d_prime: 11 d: 12[0m
[32m2025-01-08 15:37:21,342 - INFO - d_prime: 12 d: 12[0m
[32m2025-01-08 15:37:21,345 - INFO - forbidden_vars: ([{0:1},{0:1},{0:1},{0:1},{2:1},{2:1},{2:1},{2:1},{2:1},{3:1},{4:1},{0:2},{0:1,2:1},{2:1,5:1},{2:2},{3:1,4:1},{3:1,4:1},{5:2},{2:1,3:1,5:1},{2:1,5:2},{2:2,4:1},{2:1,4:1,5:1},{5:3},{0:1,1:1,3:2},{0:1,2:2,5:1},{2:1,4:1,5:2},{2:1,4:1,5:2},{2:1,5:3},{3:1,4:1,5:2},{4:2,5:2},{2:1,3:3,5:1}])[0m
[32m2025-01-08 15:37:21,345 - INFO - False[0m
     0     0  688.00000    0   48          -  688.00000      -     - 2731s
[32m2025-01-08 15:40:03,467 - INFO - d_prime: 3 d: 3[0m
[32m2025-01-08 15:40:03,470 - INFO - d_prime: 4 d: 3[0m
[32m2025-01-08 15:40:03,471 - INFO - d_prime: 5 d: 3[0m
[32m2025-01-08 15:40:03,471 - INFO - d_prime: 6 d: 3[0m
[32m2025-01-08 15:40:03,472 - INFO - d_prime: 7 d: 3[0m
[32m2025-01-08 15:40:03,472 - INFO - d_prime: 8 d: 3[0m
[32m2025-01-08 15:40:03,474 - INFO - forbidden_vars: ([{2:1},{2:1},{2:2},{2:2},{2:2},{2:2},{2:2},{2:2},{1:1,2:2,3:1},{2:2,3:1,7:1},{2:2,3:3},{3:1,7:4}])[0m
[32m2025-01-08 15:40:03,474 - INFO - False[0m
