1.NAME: LBBDSolver
2.PARAMS: {'break_symmetry': False, 'add_constraints_to_symmetrc_days': False, 'subsolver_cls': 'CPSubSolver2'}
3.INSTANCE: /home/wx350715/Kobra/rehabiliation-admission-scheduling/data/comp_study_002/instance_1_short_timeframe_30.txt
4.REPETITION: 1
Current directory: /home/wx350715/Kobra/rehabiliation-admission-scheduling
[34m2025-01-08 16:07:07,937 - DEBUG - Solver: <class 'src.solvers.benders.LBBDSolver'>[0m
[34m2025-01-08 16:07:07,937 - DEBUG - Args: {'break_symmetry': False, 'add_constraints_to_symmetrc_days': False, 'subsolver_cls': 'CPSubSolver2'}[0m
[34m2025-01-08 16:07:07,937 - DEBUG - File path /home/wx350715/Kobra/rehabiliation-admission-scheduling/data/comp_study_002/instance_1_short_timeframe_30.txt[0m
[34m2025-01-08 16:07:07,942 - DEBUG - ADD INSTANCE DATA[0m
[34m2025-01-08 16:07:07,942 - DEBUG - ADD INSTANCE DATA[0m
[34m2025-01-08 16:07:07,942 - DEBUG - ADD INSTANCE DATA[0m
[34m2025-01-08 16:07:07,942 - DEBUG - ADD INSTANCE DATA[0m
[34m2025-01-08 16:07:07,942 - DEBUG - ADD INSTANCE DATA[0m
[34m2025-01-08 16:07:07,942 - DEBUG - ADD INSTANCE DATA[0m
[34m2025-01-08 16:07:07,942 - DEBUG - ADD INSTANCE DATA[0m
[34m2025-01-08 16:07:07,943 - DEBUG - ADD INSTANCE DATA[0m
[34m2025-01-08 16:07:07,943 - DEBUG - ADD INSTANCE DATA[0m
[34m2025-01-08 16:07:07,943 - DEBUG - ADD INSTANCE DATA[0m
[34m2025-01-08 16:07:07,943 - DEBUG - ADD INSTANCE DATA[0m
[34m2025-01-08 16:07:07,943 - DEBUG - ADD RESOURCE_GROUPS[0m
[34m2025-01-08 16:07:07,943 - DEBUG - ADD RESOURCE_GROUPS[0m
[34m2025-01-08 16:07:07,943 - DEBUG - ADD RESOURCE_GROUPS[0m
[34m2025-01-08 16:07:07,943 - DEBUG - ADD RESOURCE_GROUPS[0m
[34m2025-01-08 16:07:07,943 - DEBUG - ADD RESOURCES[0m
[34m2025-01-08 16:07:07,943 - DEBUG - ADD RESOURCES[0m
[34m2025-01-08 16:07:07,943 - DEBUG - ADD RESOURCES[0m
[34m2025-01-08 16:07:07,943 - DEBUG - ADD RESOURCES[0m
[34m2025-01-08 16:07:07,943 - DEBUG - ADD RESOURCES[0m
[34m2025-01-08 16:07:07,944 - DEBUG - ADD RESOURCES[0m
[34m2025-01-08 16:07:07,944 - DEBUG - ADD RESOURCES[0m
[34m2025-01-08 16:07:07,944 - DEBUG - ADD RESOURCES[0m
[34m2025-01-08 16:07:07,944 - DEBUG - ADD RESOURCES[0m
[34m2025-01-08 16:07:07,944 - DEBUG - ADD TREATMENTS[0m
[34m2025-01-08 16:07:07,944 - DEBUG - ADD TREATMENTS[0m
[34m2025-01-08 16:07:07,944 - DEBUG - ADD TREATMENTS[0m
[34m2025-01-08 16:07:07,944 - DEBUG - ADD TREATMENTS[0m
[34m2025-01-08 16:07:07,944 - DEBUG - ADD TREATMENTS[0m
[34m2025-01-08 16:07:07,944 - DEBUG - ADD TREATMENTS[0m
[34m2025-01-08 16:07:07,944 - DEBUG - ADD TREATMENTS[0m
[34m2025-01-08 16:07:07,945 - DEBUG - ADD TREATMENTS[0m
[34m2025-01-08 16:07:07,945 - DEBUG - ADD PATIENTS[0m
[34m2025-01-08 16:07:07,945 - DEBUG - ADD PATIENTS[0m
[34m2025-01-08 16:07:07,945 - DEBUG - ADD PATIENTS[0m
[34m2025-01-08 16:07:07,945 - DEBUG - ADD PATIENTS[0m
[34m2025-01-08 16:07:07,945 - DEBUG - ADD PATIENTS[0m
[34m2025-01-08 16:07:07,945 - DEBUG - ADD PATIENTS[0m
[34m2025-01-08 16:07:07,945 - DEBUG - ADD PATIENTS[0m
[34m2025-01-08 16:07:07,946 - DEBUG - ADD PATIENTS[0m
[34m2025-01-08 16:07:07,946 - DEBUG - ADD PATIENTS[0m
[34m2025-01-08 16:07:07,946 - DEBUG - ADD PATIENTS[0m
[34m2025-01-08 16:07:07,946 - DEBUG - ADD PATIENTS[0m
[34m2025-01-08 16:07:07,946 - DEBUG - ADD PATIENTS[0m
[34m2025-01-08 16:07:07,946 - DEBUG - ADD PATIENTS[0m
[34m2025-01-08 16:07:07,946 - DEBUG - ADD PATIENTS[0m
[34m2025-01-08 16:07:07,946 - DEBUG - ADD PATIENTS[0m
[34m2025-01-08 16:07:07,946 - DEBUG - ADD PATIENTS[0m
[34m2025-01-08 16:07:07,947 - DEBUG - ADD PATIENTS[0m
[34m2025-01-08 16:07:07,947 - DEBUG - ADD PATIENTS[0m
[34m2025-01-08 16:07:07,947 - DEBUG - ADD PATIENTS[0m
[34m2025-01-08 16:07:07,947 - DEBUG - ADD PATIENTS[0m
[34m2025-01-08 16:07:07,947 - DEBUG - ADD PATIENTS[0m
[34m2025-01-08 16:07:07,947 - DEBUG - ADD PATIENTS[0m
[34m2025-01-08 16:07:07,947 - DEBUG - ADD PATIENTS[0m
[34m2025-01-08 16:07:07,947 - DEBUG - ADD PATIENTS[0m
[34m2025-01-08 16:07:07,948 - DEBUG - ADD PATIENTS[0m
[34m2025-01-08 16:07:07,948 - DEBUG - ADD PATIENTS[0m
[34m2025-01-08 16:07:07,948 - DEBUG - ADD PATIENTS[0m
[34m2025-01-08 16:07:07,948 - DEBUG - ADD PATIENTS[0m
[34m2025-01-08 16:07:07,949 - DEBUG - ADD PATIENTS[0m
[34m2025-01-08 16:07:07,949 - DEBUG - ADD PATIENTS[0m
[34m2025-01-08 16:07:07,949 - DEBUG - ADD PATIENTS[0m
[34m2025-01-08 16:07:07,949 - DEBUG - ADD PATIENTS[0m
[34m2025-01-08 16:07:07,949 - DEBUG - ADD PATIENTS[0m
[34m2025-01-08 16:07:07,949 - DEBUG - ADD PATIENTS[0m
[34m2025-01-08 16:07:07,949 - DEBUG - ADD PATIENTS[0m
[34m2025-01-08 16:07:07,949 - DEBUG - ADD PATIENTS[0m
[34m2025-01-08 16:07:07,949 - DEBUG - ADD PATIENTS[0m
[34m2025-01-08 16:07:07,950 - DEBUG - ADD PATIENTS[0m
[34m2025-01-08 16:07:07,950 - DEBUG - ADD PATIENTS[0m
[34m2025-01-08 16:07:07,950 - DEBUG - ADD PATIENTS[0m
[34m2025-01-08 16:07:07,950 - DEBUG - Instance data:[0m
[34m2025-01-08 16:07:07,950 - DEBUG - Number of patients: 40[0m
[34m2025-01-08 16:07:07,950 - DEBUG - Number of beds: 40[0m
[34m2025-01-08 16:07:07,950 - DEBUG - Average number of treatments per patient: 29.525[0m
[34m2025-01-08 16:07:07,950 - DEBUG - Average number of treatment per stayed day: 2.135623869801085[0m
[34m2025-01-08 16:07:07,950 - DEBUG - Number of treatments: 1181[0m
[34m2025-01-08 16:07:07,950 - DEBUG - Number of resources: 9[0m
[34m2025-01-08 16:07:07,950 - DEBUG - Number of resource groups: 4[0m
[34m2025-01-08 16:07:07,950 - DEBUG - Number of resource hours needed per all treatment by RG(therapists): 38.3375[0m
[34m2025-01-08 16:07:07,950 - DEBUG - Number of resource hours needed per all treatment by RG(rooms): 74.50000000000004[0m
[34m2025-01-08 16:07:07,950 - DEBUG - Number of resource hours needed per all treatment by RG(physiotherapist): 26.0[0m
[34m2025-01-08 16:07:07,950 - DEBUG - Number of resource hours needed per all treatment by RG(sport_room): 18.9375[0m
[32m2025-01-08 16:07:07,951 - INFO - {'solver': 'LBBDSolver', 'args': {'break_symmetry': False, 'subsolver_cls': <class 'src.solvers.subsolvers.cp_subsolver.CPSubsolver'>, 'subsolver.store_results': True, 'subsolver.store_results_method': 'hash', 'use_helper_constraints': True, 'enforce_min_treatments_per_day': True, 'enforce_max_treatments_per_e_w': True, 'enforce_min_patients_per_treatment': True, 'log_to_console': True}}[0m
[34m2025-01-08 16:07:07,951 - DEBUG - Setting options: LBBDSolver[0m
[34m2025-01-08 16:07:07,951 - DEBUG -  ---- break_symmetry to False[0m
[34m2025-01-08 16:07:07,951 - DEBUG -  ---- subsolver_cls to <class 'src.solvers.subsolvers.cp_subsolver.CPSubsolver'>[0m
[34m2025-01-08 16:07:07,951 - DEBUG -  ---- use_helper_constraints to True[0m
[34m2025-01-08 16:07:07,951 - DEBUG -  ---- add_constraints_to_symmetric_days to True (default)[0m
[34m2025-01-08 16:07:07,951 - DEBUG - Setting options: Solver[0m
[34m2025-01-08 16:07:07,951 - DEBUG -  ---- number_of_threads to 1 (default)[0m
[34m2025-01-08 16:07:07,951 - DEBUG -  ---- treatment_value to 0 (default)[0m
[34m2025-01-08 16:07:07,951 - DEBUG -  ---- delay_value to 1 (default)[0m
[34m2025-01-08 16:07:07,951 - DEBUG -  ---- missing_treatment_value to 4 (default)[0m
[34m2025-01-08 16:07:07,951 - DEBUG -  ---- enforce_min_treatments_per_day to True[0m
[34m2025-01-08 16:07:07,951 - DEBUG -  ---- enforce_max_treatments_per_e_w to True[0m
[34m2025-01-08 16:07:07,951 - DEBUG -  ---- enforce_min_patients_per_treatment to True[0m
[34m2025-01-08 16:07:07,951 - DEBUG -  ---- log_to_console to True[0m
[34m2025-01-08 16:07:07,951 - DEBUG -  ---- log_to_file to True (default)[0m
[34m2025-01-08 16:07:07,960 - DEBUG - Setting options: CPSubsolver[0m
[34m2025-01-08 16:07:07,960 - DEBUG -  ---- estimated_needed_treatments to True (default)[0m
[34m2025-01-08 16:07:07,960 - DEBUG -  ---- add_patient_symmetry to False (default)[0m
[34m2025-01-08 16:07:07,960 - DEBUG - Setting Subsolver options: SubSolver[0m
[34m2025-01-08 16:07:07,960 - DEBUG -  ---- store_results to True[0m
[34m2025-01-08 16:07:07,960 - DEBUG -  ---- store_results_method to hash[0m
[34m2025-01-08 16:07:07,960 - DEBUG -  ---- enforce_min_patients_per_treatment to True[0m
[34m2025-01-08 16:07:07,960 - DEBUG -  ---- use_day_symmetry to True (default)[0m
[32m2025-01-08 16:07:07,963 - INFO - Create model: LBBDSolver[0m
Set parameter TSPort to value 50039
Set parameter TokenServer to value "license.itc.rwth-aachen.de"
Set parameter Threads to value 1
Set parameter LazyConstraints to value 1
[34m2025-01-08 16:07:08,219 - DEBUG - Variables created.[0m
[34m2025-01-08 16:07:09,055 - DEBUG - Constraint (not too many treatments) created.[0m
[34m2025-01-08 16:07:09,693 - DEBUG - Constraint (no_treatments_outside admittance) created.[0m
[34m2025-01-08 16:07:09,694 - DEBUG - Constraint (bed_usage) created.[0m
[34m2025-01-08 16:07:09,695 - DEBUG - Constraint (must be admitted) created.[0m
[34m2025-01-08 16:07:09,772 - DEBUG - Constraint (e_w_ub) created.[0m
[34m2025-01-08 16:07:09,800 - DEBUG - Constraint (day_ub) created.[0m
[34m2025-01-08 16:07:09,827 - DEBUG - Constraint (Day always) created.[0m
[34m2025-01-08 16:07:09,827 - DEBUG - Constraint (already_admitted) created.[0m
[32m2025-01-08 16:07:11,904 - INFO - Time to create model: 3.941[0m
[32m2025-01-08 16:07:11,905 - INFO - Solving model: LBBDSolver[0m
Gurobi Optimizer version 10.0.0 build v10.0.0rc2 (linux64)

CPU model: Intel(R) Xeon(R) Platinum 8468, instruction set [SSE2|AVX|AVX2|AVX512]
Thread count: 96 physical cores, 96 logical processors, using up to 1 threads

Optimize a model with 141246 rows, 58597 columns and 1045016 nonzeros
Model fingerprint: 0xea5d9a51
Variable types: 3 continuous, 58594 integer (58594 binary)
Coefficient statistics:
  Matrix range     [1e+00, 1e+01]
  Objective range  [1e+00, 1e+01]
  Bounds range     [1e+00, 1e+00]
  RHS range        [1e+00, 5e+03]
Presolve added 0 rows and 840 columns
Presolve removed 75700 rows and 0 columns
Presolve time: 1.69s
Presolved: 65546 rows, 59437 columns, 679813 nonzeros
Variable types: 1 continuous, 59436 integer (58891 binary)
Root relaxation presolved: 65521 rows, 59462 columns, 666133 nonzeros


Use crossover to convert LP symmetric solution to basic solution...

Root relaxation: objective 3.320000e+03, 14431 iterations, 0.42 seconds (0.47 work units)
Total elapsed time = 5.22s

    Nodes    |    Current Node    |     Objective Bounds      |     Work
 Expl Unexpl |  Obj  Depth IntInf | Incumbent    BestBd   Gap | It/Node Time

H    0     0                    3320.0000000 -224676.00  6867%     -  149s
     0     0          -    0      3320.00000 3320.00000  0.00%     -  150s

Explored 1 nodes (51643 simplex iterations) in 150.32 seconds (11.82 work units)
Thread count was 1 (of 96 available processors)

Solution count 1: 3320 

Optimal solution found (tolerance 1.00e-04)
Best objective 3.320000000000e+03, best bound 3.320000000000e+03, gap 0.0000%

User-callback calls 1016, time in user-callback 143.54 sec
[34m2025-01-08 16:09:42,273 - DEBUG - Finished optimization[0m
[34m2025-01-08 16:09:42,273 - DEBUG - Subsolver stats:[0m
[32m2025-01-08 16:09:42,273 - INFO - Number of cuts added: 0 (bad=0, good=0)[0m
[32m2025-01-08 16:09:42,273 - INFO - Unnecessary comps: (0 / 0)[0m
[32m2025-01-08 16:09:42,273 - INFO - Calls to is_day_infeasible: cp_solver=7/ total=7 stored=0[0m
[32m2025-01-08 16:09:42,273 - INFO - Is feasible: 143.51342058181763 0.999823368759585[0m
[32m2025-01-08 16:09:42,273 - INFO - Subsolver: Solve Model: 143.26200580596924/0.9982634798427372[0m
[32m2025-01-08 16:09:42,273 - INFO - Subsolver: Create Model: 0.24921011924743652/0.0017365201572628252[0m
[32m2025-01-08 16:09:42,273 - INFO - Num_constraints-added: 0[0m
[32m2025-01-08 16:09:42,273 - INFO - Optimal solution found.[0m
[34m2025-01-08 16:09:42,274 - DEBUG - Sub Objectives:[0m
[34m2025-01-08 16:09:42,274 - DEBUG - (SOLVER):Minimize Delay: 0.0[0m
[34m2025-01-08 16:09:42,274 - DEBUG - (SOLVER):Minimize Missing Treatments: 3320.0[0m
[32m2025-01-08 16:09:42,274 - INFO - All cuts [][0m
[32m2025-01-08 16:09:42,274 - INFO - All cuts [][0m
[34m2025-01-08 16:12:40,510 - DEBUG - Patient 0 is admitted at day 0.[0m
[34m2025-01-08 16:12:40,510 - DEBUG - Patient 1 is admitted at day 1.[0m
[34m2025-01-08 16:12:40,510 - DEBUG - Patient 2 is admitted at day 2.[0m
[34m2025-01-08 16:12:40,510 - DEBUG - Patient 3 is admitted at day 2.[0m
[34m2025-01-08 16:12:40,510 - DEBUG - Patient 4 is admitted at day 3.[0m
[34m2025-01-08 16:12:40,510 - DEBUG - Patient 5 is admitted at day 4.[0m
[34m2025-01-08 16:12:40,511 - DEBUG - Patient 6 is admitted at day 5.[0m
[34m2025-01-08 16:12:40,511 - DEBUG - Patient 7 is admitted at day 2.[0m
[34m2025-01-08 16:12:40,511 - DEBUG - Patient 8 is admitted at day 7.[0m
[34m2025-01-08 16:12:40,511 - DEBUG - Patient 9 is admitted at day 9.[0m
[34m2025-01-08 16:12:40,511 - DEBUG - Patient 10 is admitted at day 1.[0m
[34m2025-01-08 16:12:40,511 - DEBUG - Patient 11 is admitted at day 2.[0m
[34m2025-01-08 16:12:40,511 - DEBUG - Patient 12 is admitted at day 3.[0m
[34m2025-01-08 16:12:40,511 - DEBUG - Patient 13 is admitted at day 8.[0m
[34m2025-01-08 16:12:40,511 - DEBUG - Patient 14 is admitted at day 6.[0m
[34m2025-01-08 16:12:40,511 - DEBUG - Patient 15 is admitted at day 11.[0m
[34m2025-01-08 16:12:40,511 - DEBUG - Patient 16 is admitted at day 4.[0m
[34m2025-01-08 16:12:40,511 - DEBUG - Patient 17 is admitted at day 5.[0m
[34m2025-01-08 16:12:40,511 - DEBUG - Patient 18 is admitted at day 0.[0m
[34m2025-01-08 16:12:40,511 - DEBUG - Patient 19 is admitted at day 0.[0m
[34m2025-01-08 16:12:40,511 - DEBUG - Patient 20 is admitted at day 3.[0m
[34m2025-01-08 16:12:40,511 - DEBUG - Patient 21 is admitted at day 4.[0m
[34m2025-01-08 16:12:40,511 - DEBUG - Patient 22 is admitted at day 7.[0m
[34m2025-01-08 16:12:40,511 - DEBUG - Patient 23 is admitted at day 7.[0m
[34m2025-01-08 16:12:40,511 - DEBUG - Patient 24 is admitted at day 6.[0m
[34m2025-01-08 16:12:40,511 - DEBUG - Patient 25 is admitted at day 1.[0m
[34m2025-01-08 16:12:40,511 - DEBUG - Patient 26 is admitted at day 5.[0m
[34m2025-01-08 16:12:40,511 - DEBUG - Patient 27 is admitted at day 2.[0m
[34m2025-01-08 16:12:40,511 - DEBUG - Patient 28 is admitted at day 4.[0m
[34m2025-01-08 16:12:40,511 - DEBUG - Patient 29 is admitted at day 1.[0m
[34m2025-01-08 16:12:40,512 - DEBUG - Patient 30 is admitted at day 8.[0m
[34m2025-01-08 16:12:40,512 - DEBUG - Patient 31 is admitted at day 7.[0m
[34m2025-01-08 16:12:40,512 - DEBUG - Patient 32 is admitted at day 5.[0m
[34m2025-01-08 16:12:40,512 - DEBUG - Patient 33 is admitted at day 4.[0m
[34m2025-01-08 16:12:40,512 - DEBUG - Patient 34 is admitted at day 4.[0m
[34m2025-01-08 16:12:40,512 - DEBUG - Patient 35 is admitted at day 3.[0m
[34m2025-01-08 16:12:40,512 - DEBUG - Patient 36 is admitted at day 10.[0m
[34m2025-01-08 16:12:40,512 - DEBUG - Patient 37 is admitted at day 7.[0m
[34m2025-01-08 16:12:40,512 - DEBUG - Patient 38 is admitted at day 1.[0m
[34m2025-01-08 16:12:40,512 - DEBUG - Patient 39 is admitted at day 3.[0m
[34m2025-01-08 16:12:40,512 - DEBUG - Patients [19] have treatment 1 starting at day 0, hour 8.0 using resources [8].[0m
[34m2025-01-08 16:12:40,512 - DEBUG - Patients [19] have treatment 1 starting at day 0, hour 8.5 using resources [7].[0m
[34m2025-01-08 16:12:40,512 - DEBUG - Patients [0, 18] have treatment 4 starting at day 0, hour 8.0 using resources [4, 6].[0m
[34m2025-01-08 16:12:40,512 - DEBUG - Patients [0, 18] have treatment 4 starting at day 0, hour 8.5 using resources [1, 6].[0m
[34m2025-01-08 16:12:40,512 - DEBUG - Patients [18, 19] have treatment 5 starting at day 0, hour 9.0 using resources [5, 6].[0m
[34m2025-01-08 16:12:40,512 - DEBUG - Patients [0] have treatment 5 starting at day 0, hour 9.5 using resources [5, 6].[0m
[34m2025-01-08 16:12:40,512 - DEBUG - Patients [0, 1, 18, 38] have treatment 0 starting at day 1, hour 10.5 using resources [1, 2, 8].[0m
[34m2025-01-08 16:12:40,512 - DEBUG - Patients [38] have treatment 1 starting at day 1, hour 8.0 using resources [7].[0m
[34m2025-01-08 16:12:40,512 - DEBUG - Patients [19] have treatment 1 starting at day 1, hour 8.5 using resources [7].[0m
[34m2025-01-08 16:12:40,512 - DEBUG - Patients [10] have treatment 1 starting at day 1, hour 9.0 using resources [7].[0m
[34m2025-01-08 16:12:40,512 - DEBUG - Patients [10] have treatment 1 starting at day 1, hour 10.5 using resources [6].[0m
[34m2025-01-08 16:12:40,512 - DEBUG - Patients [10] have treatment 1 starting at day 1, hour 11.5 using resources [6].[0m
[34m2025-01-08 16:12:40,512 - DEBUG - Patients [10] have treatment 1 starting at day 1, hour 12.0 using resources [6].[0m
[34m2025-01-08 16:12:40,512 - DEBUG - Patients [0] have treatment 1 starting at day 1, hour 12.5 using resources [6].[0m
[34m2025-01-08 16:12:40,512 - DEBUG - Patients [1, 38] have treatment 3 starting at day 1, hour 8.5 using resources [1, 6].[0m
[34m2025-01-08 16:12:40,512 - DEBUG - Patients [25, 29] have treatment 4 starting at day 1, hour 8.0 using resources [0, 6].[0m
[34m2025-01-08 16:12:40,512 - DEBUG - Patients [25, 29] have treatment 4 starting at day 1, hour 11.0 using resources [0, 6].[0m
[34m2025-01-08 16:12:40,512 - DEBUG - Patients [1, 18] have treatment 4 starting at day 1, hour 15.0 using resources [0, 6].[0m
[34m2025-01-08 16:12:40,513 - DEBUG - Patients [1, 18] have treatment 4 starting at day 1, hour 15.5 using resources [0, 6].[0m
[34m2025-01-08 16:12:40,513 - DEBUG - Patients [19, 29] have treatment 7 starting at day 1, hour 13.0 using resources [8, 6, 5].[0m
[34m2025-01-08 16:12:40,513 - DEBUG - Patients [0, 19] have treatment 7 starting at day 1, hour 14.0 using resources [8, 6, 5].[0m
[34m2025-01-08 16:12:40,513 - DEBUG - Patients [0, 29] have treatment 0 starting at day 2, hour 11.0 using resources [0, 2, 6].[0m
[34m2025-01-08 16:12:40,513 - DEBUG - Patients [1, 3, 19, 25] have treatment 0 starting at day 2, hour 15.0 using resources [1, 2, 8].[0m
[34m2025-01-08 16:12:40,513 - DEBUG - Patients [10] have treatment 1 starting at day 2, hour 8.0 using resources [6].[0m
[34m2025-01-08 16:12:40,513 - DEBUG - Patients [18] have treatment 1 starting at day 2, hour 8.0 using resources [7].[0m
[34m2025-01-08 16:12:40,513 - DEBUG - Patients [2] have treatment 1 starting at day 2, hour 8.0 using resources [8].[0m
[34m2025-01-08 16:12:40,513 - DEBUG - Patients [0] have treatment 1 starting at day 2, hour 8.5 using resources [6].[0m
[34m2025-01-08 16:12:40,513 - DEBUG - Patients [1] have treatment 1 starting at day 2, hour 8.5 using resources [7].[0m
[34m2025-01-08 16:12:40,513 - DEBUG - Patients [27] have treatment 1 starting at day 2, hour 8.5 using resources [8].[0m
[34m2025-01-08 16:12:40,513 - DEBUG - Patients [2] have treatment 1 starting at day 2, hour 9.0 using resources [7].[0m
[34m2025-01-08 16:12:40,513 - DEBUG - Patients [27] have treatment 1 starting at day 2, hour 9.0 using resources [6].[0m
[34m2025-01-08 16:12:40,513 - DEBUG - Patients [1] have treatment 1 starting at day 2, hour 12.0 using resources [7].[0m
[34m2025-01-08 16:12:40,513 - DEBUG - Patients [0] have treatment 1 starting at day 2, hour 12.0 using resources [8].[0m
[34m2025-01-08 16:12:40,513 - DEBUG - Patients [2] have treatment 1 starting at day 2, hour 12.5 using resources [8].[0m
[34m2025-01-08 16:12:40,513 - DEBUG - Patients [18] have treatment 1 starting at day 2, hour 12.5 using resources [6].[0m
[34m2025-01-08 16:12:40,513 - DEBUG - Patients [1] have treatment 1 starting at day 2, hour 12.5 using resources [7].[0m
[34m2025-01-08 16:12:40,513 - DEBUG - Patients [2] have treatment 1 starting at day 2, hour 15.0 using resources [7].[0m
[34m2025-01-08 16:12:40,513 - DEBUG - Patients [38] have treatment 1 starting at day 2, hour 15.5 using resources [7].[0m
[34m2025-01-08 16:12:40,513 - DEBUG - Patients [3, 10, 25] have treatment 3 starting at day 2, hour 10.0 using resources [3, 7].[0m
[34m2025-01-08 16:12:40,513 - DEBUG - Patients [10, 29] have treatment 3 starting at day 2, hour 13.0 using resources [2, 6].[0m
[34m2025-01-08 16:12:40,513 - DEBUG - Patients [7, 11] have treatment 4 starting at day 2, hour 9.5 using resources [3, 8].[0m
[34m2025-01-08 16:12:40,513 - DEBUG - Patients [38] have treatment 4 starting at day 2, hour 9.5 using resources [0, 6].[0m
[34m2025-01-08 16:12:40,513 - DEBUG - Patients [3, 11] have treatment 5 starting at day 2, hour 9.0 using resources [5, 8].[0m
[34m2025-01-08 16:12:40,513 - DEBUG - Patients [19] have treatment 5 starting at day 2, hour 9.5 using resources [5, 7].[0m
[34m2025-01-08 16:12:40,513 - DEBUG - Patients [19, 29] have treatment 7 starting at day 2, hour 10.0 using resources [8, 6, 4].[0m
[34m2025-01-08 16:12:40,513 - DEBUG - Patients [3, 27] have treatment 7 starting at day 2, hour 13.0 using resources [8, 7, 4].[0m
[34m2025-01-08 16:12:40,514 - DEBUG - Patients [7] have treatment 7 starting at day 2, hour 14.0 using resources [8, 7, 5].[0m
[34m2025-01-08 16:12:40,514 - DEBUG - Patients [4] have treatment 1 starting at day 3, hour 8.0 using resources [8].[0m
[34m2025-01-08 16:12:40,514 - DEBUG - Patients [35] have treatment 1 starting at day 3, hour 9.5 using resources [7].[0m
[34m2025-01-08 16:12:40,514 - DEBUG - Patients [7] have treatment 1 starting at day 3, hour 9.5 using resources [6].[0m
[34m2025-01-08 16:12:40,514 - DEBUG - Patients [12] have treatment 1 starting at day 3, hour 10.5 using resources [7].[0m
[34m2025-01-08 16:12:40,514 - DEBUG - Patients [35] have treatment 1 starting at day 3, hour 12.0 using resources [7].[0m
[34m2025-01-08 16:12:40,514 - DEBUG - Patients [12] have treatment 1 starting at day 3, hour 12.0 using resources [6].[0m
[34m2025-01-08 16:12:40,514 - DEBUG - Patients [4] have treatment 1 starting at day 3, hour 12.0 using resources [8].[0m
[34m2025-01-08 16:12:40,514 - DEBUG - Patients [35] have treatment 1 starting at day 3, hour 13.5 using resources [7].[0m
[34m2025-01-08 16:12:40,514 - DEBUG - Patients [1, 3] have treatment 4 starting at day 3, hour 8.5 using resources [3, 7].[0m
[34m2025-01-08 16:12:40,514 - DEBUG - Patients [0, 25] have treatment 4 starting at day 3, hour 9.0 using resources [0, 7].[0m
[34m2025-01-08 16:12:40,514 - DEBUG - Patients [10, 38] have treatment 4 starting at day 3, hour 10.0 using resources [3, 6].[0m
[34m2025-01-08 16:12:40,514 - DEBUG - Patients [2, 20] have treatment 4 starting at day 3, hour 10.0 using resources [1, 8].[0m
[34m2025-01-08 16:12:40,514 - DEBUG - Patients [3, 4] have treatment 4 starting at day 3, hour 10.0 using resources [0, 7].[0m
[34m2025-01-08 16:12:40,514 - DEBUG - Patients [20] have treatment 4 starting at day 3, hour 11.0 using resources [1, 6].[0m
[34m2025-01-08 16:12:40,514 - DEBUG - Patients [12] have treatment 4 starting at day 3, hour 11.5 using resources [0, 7].[0m
[34m2025-01-08 16:12:40,514 - DEBUG - Patients [20] have treatment 4 starting at day 3, hour 11.5 using resources [2, 6].[0m
[34m2025-01-08 16:12:40,514 - DEBUG - Patients [35, 39] have treatment 5 starting at day 3, hour 8.0 using resources [4, 6].[0m
[34m2025-01-08 16:12:40,514 - DEBUG - Patients [19, 27] have treatment 5 starting at day 3, hour 8.0 using resources [5, 7].[0m
[34m2025-01-08 16:12:40,514 - DEBUG - Patients [3, 39] have treatment 5 starting at day 3, hour 9.5 using resources [4, 8].[0m
[34m2025-01-08 16:12:40,514 - DEBUG - Patients [10] have treatment 5 starting at day 3, hour 10.5 using resources [5, 6].[0m
[34m2025-01-08 16:12:40,514 - DEBUG - Patients [12] have treatment 5 starting at day 3, hour 11.0 using resources [5, 7].[0m
[34m2025-01-08 16:12:40,514 - DEBUG - Patients [2, 3, 4, 7, 38] have treatment 6 starting at day 3, hour 10.5 using resources [4, 8].[0m
[34m2025-01-08 16:12:40,514 - DEBUG - Patients [11, 39] have treatment 7 starting at day 3, hour 8.5 using resources [8, 6, 5].[0m
[34m2025-01-08 16:12:40,514 - DEBUG - Patients [11, 38] have treatment 7 starting at day 3, hour 13.0 using resources [8, 6, 5].[0m
[34m2025-01-08 16:12:40,514 - DEBUG - Patients [1, 39] have treatment 7 starting at day 3, hour 14.0 using resources [8, 6, 4].[0m
[34m2025-01-08 16:12:40,514 - DEBUG - Patients [18, 29] have treatment 7 starting at day 3, hour 15.0 using resources [8, 7, 4].[0m
[34m2025-01-08 16:12:40,514 - DEBUG - Patients [10] have treatment 1 starting at day 4, hour 12.0 using resources [8].[0m
[34m2025-01-08 16:12:40,514 - DEBUG - Patients [27] have treatment 1 starting at day 4, hour 12.0 using resources [7].[0m
[34m2025-01-08 16:12:40,515 - DEBUG - Patients [4] have treatment 1 starting at day 4, hour 12.0 using resources [6].[0m
[34m2025-01-08 16:12:40,515 - DEBUG - Patients [18] have treatment 1 starting at day 4, hour 12.5 using resources [6].[0m
[34m2025-01-08 16:12:40,515 - DEBUG - Patients [4] have treatment 1 starting at day 4, hour 12.5 using resources [7].[0m
[34m2025-01-08 16:12:40,515 - DEBUG - Patients [4] have treatment 1 starting at day 4, hour 15.5 using resources [8].[0m
[34m2025-01-08 16:12:40,515 - DEBUG - Patients [12, 20, 25, 28, 33, 34, 35] have treatment 2 starting at day 4, hour 10.5 using resources [3, 7].[0m
[34m2025-01-08 16:12:40,515 - DEBUG - Patients [2, 16, 39] have treatment 3 starting at day 4, hour 14.0 using resources [4, 6].[0m
[34m2025-01-08 16:12:40,515 - DEBUG - Patients [1, 38] have treatment 4 starting at day 4, hour 8.5 using resources [2, 6].[0m
[34m2025-01-08 16:12:40,515 - DEBUG - Patients [33] have treatment 4 starting at day 4, hour 9.0 using resources [2, 7].[0m
[34m2025-01-08 16:12:40,515 - DEBUG - Patients [3, 38] have treatment 4 starting at day 4, hour 9.5 using resources [3, 7].[0m
[34m2025-01-08 16:12:40,515 - DEBUG - Patients [2, 29] have treatment 4 starting at day 4, hour 10.0 using resources [2, 7].[0m
[34m2025-01-08 16:12:40,515 - DEBUG - Patients [11, 16] have treatment 4 starting at day 4, hour 11.5 using resources [2, 7].[0m
[34m2025-01-08 16:12:40,515 - DEBUG - Patients [1, 33] have treatment 4 starting at day 4, hour 13.0 using resources [3, 6].[0m
[34m2025-01-08 16:12:40,515 - DEBUG - Patients [0, 3] have treatment 4 starting at day 4, hour 13.0 using resources [1, 8].[0m
[34m2025-01-08 16:12:40,515 - DEBUG - Patients [5, 39] have treatment 4 starting at day 4, hour 13.0 using resources [0, 7].[0m
[34m2025-01-08 16:12:40,515 - DEBUG - Patients [16, 21] have treatment 4 starting at day 4, hour 13.5 using resources [3, 6].[0m
[34m2025-01-08 16:12:40,515 - DEBUG - Patients [7, 35] have treatment 5 starting at day 4, hour 8.0 using resources [5, 6].[0m
[34m2025-01-08 16:12:40,515 - DEBUG - Patients [20, 35] have treatment 5 starting at day 4, hour 9.0 using resources [4, 6].[0m
[34m2025-01-08 16:12:40,515 - DEBUG - Patients [5, 12] have treatment 5 starting at day 4, hour 9.5 using resources [5, 6].[0m
[34m2025-01-08 16:12:40,515 - DEBUG - Patients [21, 27] have treatment 5 starting at day 4, hour 11.5 using resources [5, 8].[0m
[34m2025-01-08 16:12:40,515 - DEBUG - Patients [12, 39] have treatment 5 starting at day 4, hour 11.5 using resources [4, 6].[0m
[34m2025-01-08 16:12:40,515 - DEBUG - Patients [7, 27] have treatment 5 starting at day 4, hour 13.5 using resources [5, 8].[0m
[34m2025-01-08 16:12:40,515 - DEBUG - Patients [19, 35] have treatment 5 starting at day 4, hour 13.5 using resources [4, 7].[0m
[34m2025-01-08 16:12:40,515 - DEBUG - Patients [0, 7, 21, 28, 34, 39] have treatment 6 starting at day 4, hour 9.0 using resources [0, 8].[0m
[34m2025-01-08 16:12:40,515 - DEBUG - Patients [4, 5, 7, 12, 20, 34] have treatment 6 starting at day 4, hour 14.0 using resources [3, 8].[0m
[34m2025-01-08 16:12:40,515 - DEBUG - Patients [28, 33] have treatment 7 starting at day 4, hour 8.0 using resources [8, 7, 4].[0m
[34m2025-01-08 16:12:40,515 - DEBUG - Patients [2, 18] have treatment 7 starting at day 4, hour 10.5 using resources [8, 6, 5].[0m
[34m2025-01-08 16:12:40,515 - DEBUG - Patients [4, 21, 34] have treatment 0 starting at day 5, hour 8.0 using resources [1, 2, 6].[0m
[34m2025-01-08 16:12:40,516 - DEBUG - Patients [4, 7, 10, 19, 28] have treatment 0 starting at day 5, hour 9.5 using resources [1, 3, 6].[0m
[34m2025-01-08 16:12:40,516 - DEBUG - Patients [7, 10, 11, 27, 34] have treatment 0 starting at day 5, hour 10.5 using resources [3, 4, 7].[0m
[34m2025-01-08 16:12:40,516 - DEBUG - Patients [27] have treatment 1 starting at day 5, hour 9.0 using resources [8].[0m
[34m2025-01-08 16:12:40,516 - DEBUG - Patients [0, 2, 18, 20, 33] have treatment 2 starting at day 5, hour 13.0 using resources [2, 6].[0m
[34m2025-01-08 16:12:40,516 - DEBUG - Patients [5, 17] have treatment 4 starting at day 5, hour 9.0 using resources [0, 6].[0m
[34m2025-01-08 16:12:40,516 - DEBUG - Patients [32, 39] have treatment 4 starting at day 5, hour 9.5 using resources [2, 8].[0m
[34m2025-01-08 16:12:40,516 - DEBUG - Patients [11, 28] have treatment 4 starting at day 5, hour 11.5 using resources [3, 6].[0m
[34m2025-01-08 16:12:40,516 - DEBUG - Patients [39] have treatment 4 starting at day 5, hour 14.0 using resources [3, 6].[0m
[34m2025-01-08 16:12:40,516 - DEBUG - Patients [4, 19] have treatment 4 starting at day 5, hour 14.5 using resources [2, 6].[0m
[34m2025-01-08 16:12:40,516 - DEBUG - Patients [26] have treatment 4 starting at day 5, hour 15.0 using resources [3, 6].[0m
[34m2025-01-08 16:12:40,516 - DEBUG - Patients [26, 29] have treatment 4 starting at day 5, hour 15.5 using resources [4, 6].[0m
[34m2025-01-08 16:12:40,516 - DEBUG - Patients [16, 17] have treatment 5 starting at day 5, hour 8.0 using resources [5, 7].[0m
[34m2025-01-08 16:12:40,516 - DEBUG - Patients [1] have treatment 5 starting at day 5, hour 8.0 using resources [4, 8].[0m
[34m2025-01-08 16:12:40,516 - DEBUG - Patients [26, 38] have treatment 5 starting at day 5, hour 8.5 using resources [5, 8].[0m
[34m2025-01-08 16:12:40,516 - DEBUG - Patients [20, 35] have treatment 5 starting at day 5, hour 8.5 using resources [4, 7].[0m
[34m2025-01-08 16:12:40,516 - DEBUG - Patients [2, 35] have treatment 5 starting at day 5, hour 9.0 using resources [5, 7].[0m
[34m2025-01-08 16:12:40,516 - DEBUG - Patients [5, 33] have treatment 5 starting at day 5, hour 9.5 using resources [4, 7].[0m
[34m2025-01-08 16:12:40,516 - DEBUG - Patients [1, 2] have treatment 5 starting at day 5, hour 10.0 using resources [4, 8].[0m
[34m2025-01-08 16:12:40,516 - DEBUG - Patients [0, 33] have treatment 5 starting at day 5, hour 10.0 using resources [5, 7].[0m
[34m2025-01-08 16:12:40,516 - DEBUG - Patients [12, 20] have treatment 5 starting at day 5, hour 10.5 using resources [5, 6].[0m
[34m2025-01-08 16:12:40,516 - DEBUG - Patients [4, 19] have treatment 5 starting at day 5, hour 11.0 using resources [5, 6].[0m
[34m2025-01-08 16:12:40,516 - DEBUG - Patients [32, 33] have treatment 5 starting at day 5, hour 11.5 using resources [5, 7].[0m
[34m2025-01-08 16:12:40,516 - DEBUG - Patients [3, 10] have treatment 5 starting at day 5, hour 13.0 using resources [4, 8].[0m
[34m2025-01-08 16:12:40,516 - DEBUG - Patients [1, 7] have treatment 5 starting at day 5, hour 13.0 using resources [5, 7].[0m
[34m2025-01-08 16:12:40,516 - DEBUG - Patients [32, 38] have treatment 5 starting at day 5, hour 13.5 using resources [4, 7].[0m
[34m2025-01-08 16:12:40,516 - DEBUG - Patients [5, 6] have treatment 5 starting at day 5, hour 13.5 using resources [5, 8].[0m
[34m2025-01-08 16:12:40,516 - DEBUG - Patients [2, 28] have treatment 5 starting at day 5, hour 14.0 using resources [5, 8].[0m
[34m2025-01-08 16:12:40,516 - DEBUG - Patients [35] have treatment 5 starting at day 5, hour 14.0 using resources [4, 7].[0m
[34m2025-01-08 16:12:40,517 - DEBUG - Patients [10, 16] have treatment 5 starting at day 5, hour 14.5 using resources [4, 7].[0m
[34m2025-01-08 16:12:40,517 - DEBUG - Patients [1, 12] have treatment 5 starting at day 5, hour 15.0 using resources [5, 7].[0m
[34m2025-01-08 16:12:40,517 - DEBUG - Patients [3, 35] have treatment 5 starting at day 5, hour 15.5 using resources [5, 7].[0m
[34m2025-01-08 16:12:40,517 - DEBUG - Patients [0, 6, 16, 17, 18, 21, 29] have treatment 6 starting at day 5, hour 10.5 using resources [0, 8].[0m
[34m2025-01-08 16:12:40,517 - DEBUG - Patients [11, 18, 21, 27, 34, 38, 39] have treatment 6 starting at day 5, hour 14.5 using resources [1, 8].[0m
[34m2025-01-08 16:12:40,517 - DEBUG - Patients [12, 14, 17, 28, 34] have treatment 0 starting at day 6, hour 13.0 using resources [2, 3, 6].[0m
[34m2025-01-08 16:12:40,517 - DEBUG - Patients [20] have treatment 1 starting at day 6, hour 8.5 using resources [6].[0m
[34m2025-01-08 16:12:40,517 - DEBUG - Patients [0] have treatment 1 starting at day 6, hour 12.0 using resources [6].[0m
[34m2025-01-08 16:12:40,517 - DEBUG - Patients [28] have treatment 1 starting at day 6, hour 12.0 using resources [7].[0m
[34m2025-01-08 16:12:40,517 - DEBUG - Patients [5] have treatment 1 starting at day 6, hour 12.0 using resources [8].[0m
[34m2025-01-08 16:12:40,517 - DEBUG - Patients [20] have treatment 1 starting at day 6, hour 12.5 using resources [8].[0m
[34m2025-01-08 16:12:40,517 - DEBUG - Patients [5] have treatment 1 starting at day 6, hour 12.5 using resources [7].[0m
[34m2025-01-08 16:12:40,517 - DEBUG - Patients [33] have treatment 1 starting at day 6, hour 12.5 using resources [6].[0m
[34m2025-01-08 16:12:40,517 - DEBUG - Patients [33] have treatment 1 starting at day 6, hour 14.5 using resources [7].[0m
[34m2025-01-08 16:12:40,517 - DEBUG - Patients [0, 4, 6, 10, 20, 27, 32, 34, 35, 39] have treatment 2 starting at day 6, hour 15.0 using resources [1, 6].[0m
[34m2025-01-08 16:12:40,517 - DEBUG - Patients [0, 5, 11, 18, 19, 34] have treatment 3 starting at day 6, hour 10.0 using resources [4, 8].[0m
[34m2025-01-08 16:12:40,517 - DEBUG - Patients [1, 2] have treatment 4 starting at day 6, hour 8.0 using resources [0, 8].[0m
[34m2025-01-08 16:12:40,517 - DEBUG - Patients [7, 17] have treatment 4 starting at day 6, hour 8.0 using resources [1, 6].[0m
[34m2025-01-08 16:12:40,517 - DEBUG - Patients [19, 26] have treatment 4 starting at day 6, hour 8.0 using resources [2, 7].[0m
[34m2025-01-08 16:12:40,517 - DEBUG - Patients [4, 12] have treatment 4 starting at day 6, hour 8.5 using resources [3, 8].[0m
[34m2025-01-08 16:12:40,517 - DEBUG - Patients [21, 38] have treatment 4 starting at day 6, hour 8.5 using resources [2, 7].[0m
[34m2025-01-08 16:12:40,517 - DEBUG - Patients [10, 38] have treatment 4 starting at day 6, hour 9.0 using resources [0, 7].[0m
[34m2025-01-08 16:12:40,517 - DEBUG - Patients [18, 19] have treatment 4 starting at day 6, hour 9.0 using resources [3, 8].[0m
[34m2025-01-08 16:12:40,517 - DEBUG - Patients [11, 29] have treatment 4 starting at day 6, hour 9.0 using resources [2, 6].[0m
[34m2025-01-08 16:12:40,517 - DEBUG - Patients [24, 25] have treatment 4 starting at day 6, hour 9.5 using resources [0, 8].[0m
[34m2025-01-08 16:12:40,517 - DEBUG - Patients [16, 35] have treatment 4 starting at day 6, hour 9.5 using resources [4, 6].[0m
[34m2025-01-08 16:12:40,517 - DEBUG - Patients [4, 12] have treatment 4 starting at day 6, hour 9.5 using resources [3, 7].[0m
[34m2025-01-08 16:12:40,518 - DEBUG - Patients [7, 21] have treatment 4 starting at day 6, hour 10.0 using resources [3, 6].[0m
[34m2025-01-08 16:12:40,518 - DEBUG - Patients [12, 38] have treatment 4 starting at day 6, hour 10.5 using resources [1, 6].[0m
[34m2025-01-08 16:12:40,518 - DEBUG - Patients [2, 7] have treatment 4 starting at day 6, hour 11.0 using resources [0, 6].[0m
[34m2025-01-08 16:12:40,518 - DEBUG - Patients [10, 25] have treatment 4 starting at day 6, hour 11.5 using resources [1, 7].[0m
[34m2025-01-08 16:12:40,518 - DEBUG - Patients [4, 35] have treatment 4 starting at day 6, hour 11.5 using resources [0, 6].[0m
[34m2025-01-08 16:12:40,518 - DEBUG - Patients [3, 32] have treatment 4 starting at day 6, hour 13.5 using resources [1, 8].[0m
[34m2025-01-08 16:12:40,518 - DEBUG - Patients [10, 32] have treatment 4 starting at day 6, hour 14.0 using resources [4, 8].[0m
[34m2025-01-08 16:12:40,518 - DEBUG - Patients [3] have treatment 4 starting at day 6, hour 14.0 using resources [0, 7].[0m
[34m2025-01-08 16:12:40,518 - DEBUG - Patients [14, 28] have treatment 5 starting at day 6, hour 10.0 using resources [5, 7].[0m
[34m2025-01-08 16:12:40,518 - DEBUG - Patients [2, 26] have treatment 5 starting at day 6, hour 10.5 using resources [5, 7].[0m
[34m2025-01-08 16:12:40,518 - DEBUG - Patients [17, 39] have treatment 5 starting at day 6, hour 11.0 using resources [5, 7].[0m
[34m2025-01-08 16:12:40,518 - DEBUG - Patients [6, 21] have treatment 5 starting at day 6, hour 13.0 using resources [5, 8].[0m
[34m2025-01-08 16:12:40,518 - DEBUG - Patients [3, 29] have treatment 5 starting at day 6, hour 13.0 using resources [4, 7].[0m
[34m2025-01-08 16:12:40,518 - DEBUG - Patients [16, 24] have treatment 5 starting at day 6, hour 13.5 using resources [4, 7].[0m
[34m2025-01-08 16:12:40,518 - DEBUG - Patients [18, 33] have treatment 5 starting at day 6, hour 14.0 using resources [5, 6].[0m
[34m2025-01-08 16:12:40,518 - DEBUG - Patients [16, 39] have treatment 5 starting at day 6, hour 14.5 using resources [5, 8].[0m
[34m2025-01-08 16:12:40,518 - DEBUG - Patients [1, 14] have treatment 5 starting at day 6, hour 14.5 using resources [4, 6].[0m
[34m2025-01-08 16:12:40,518 - DEBUG - Patients [14, 29] have treatment 5 starting at day 6, hour 15.0 using resources [4, 7].[0m
[34m2025-01-08 16:12:40,518 - DEBUG - Patients [1, 26] have treatment 5 starting at day 6, hour 15.0 using resources [5, 8].[0m
[34m2025-01-08 16:12:40,518 - DEBUG - Patients [14, 33] have treatment 5 starting at day 6, hour 15.5 using resources [5, 8].[0m
[34m2025-01-08 16:12:40,518 - DEBUG - Patients [1, 3] have treatment 5 starting at day 6, hour 15.5 using resources [4, 7].[0m
[34m2025-01-08 16:12:40,523 - DEBUG - Checking solution value.[0m
[34m2025-01-08 16:12:40,523 - DEBUG - Solvers objective function value: 3320.0[0m
[34m2025-01-08 16:12:40,528 - DEBUG - (VERIFIER):Treatment value: 0[0m
[34m2025-01-08 16:12:40,528 - DEBUG - (VERIFIER):Delay value: 0[0m
[34m2025-01-08 16:12:40,528 - DEBUG - (VERIFIER):Missing treatment value: 3320[0m
[34m2025-01-08 16:12:40,528 - DEBUG - Correct objective function value: 3320[0m
[34m2025-01-08 16:12:40,528 - DEBUG - Solution is valid.[0m
[34m2025-01-08 16:12:40,528 - DEBUG - All solvers accepted the solution.[0m
[32m2025-01-08 16:12:40,528 - INFO - Time to find solution: 328.624s with value 3320.000000[0m
[32m2025-01-08 16:12:40,529 - INFO - Total Time: 332.565s[0m
