1.NAME: LBBDSolver
2.PARAMS: {'break_symmetry': True, 'add_constraints_to_symmetrc_days': True, 'subsolver_cls': 'CPSubSolver2'}
3.INSTANCE: /home/wx350715/Kobra/rehabiliation-admission-scheduling/data/comp_study_002/instance_8_30.txt
4.REPETITION: 1
Current directory: /home/wx350715/Kobra/rehabiliation-admission-scheduling
[34m2025-01-08 16:10:22,004 - DEBUG - Solver: <class 'src.solvers.benders.LBBDSolver'>[0m
[34m2025-01-08 16:10:22,004 - DEBUG - Args: {'break_symmetry': True, 'add_constraints_to_symmetrc_days': True, 'subsolver_cls': 'CPSubSolver2'}[0m
[34m2025-01-08 16:10:22,004 - DEBUG - File path /home/wx350715/Kobra/rehabiliation-admission-scheduling/data/comp_study_002/instance_8_30.txt[0m
[34m2025-01-08 16:10:22,004 - DEBUG - ADD INSTANCE DATA[0m
[34m2025-01-08 16:10:22,004 - DEBUG - ADD INSTANCE DATA[0m
[34m2025-01-08 16:10:22,004 - DEBUG - ADD INSTANCE DATA[0m
[34m2025-01-08 16:10:22,004 - DEBUG - ADD INSTANCE DATA[0m
[34m2025-01-08 16:10:22,004 - DEBUG - ADD INSTANCE DATA[0m
[34m2025-01-08 16:10:22,004 - DEBUG - ADD INSTANCE DATA[0m
[34m2025-01-08 16:10:22,004 - DEBUG - ADD INSTANCE DATA[0m
[34m2025-01-08 16:10:22,005 - DEBUG - ADD INSTANCE DATA[0m
[34m2025-01-08 16:10:22,005 - DEBUG - ADD INSTANCE DATA[0m
[34m2025-01-08 16:10:22,005 - DEBUG - ADD INSTANCE DATA[0m
[34m2025-01-08 16:10:22,005 - DEBUG - ADD INSTANCE DATA[0m
[34m2025-01-08 16:10:22,005 - DEBUG - ADD RESOURCE_GROUPS[0m
[34m2025-01-08 16:10:22,005 - DEBUG - ADD RESOURCE_GROUPS[0m
[34m2025-01-08 16:10:22,005 - DEBUG - ADD RESOURCE_GROUPS[0m
[34m2025-01-08 16:10:22,005 - DEBUG - ADD RESOURCE_GROUPS[0m
[34m2025-01-08 16:10:22,005 - DEBUG - ADD RESOURCE_GROUPS[0m
[34m2025-01-08 16:10:22,005 - DEBUG - ADD RESOURCES[0m
[34m2025-01-08 16:10:22,005 - DEBUG - ADD RESOURCES[0m
[34m2025-01-08 16:10:22,005 - DEBUG - ADD RESOURCES[0m
[34m2025-01-08 16:10:22,005 - DEBUG - ADD RESOURCES[0m
[34m2025-01-08 16:10:22,006 - DEBUG - ADD RESOURCES[0m
[34m2025-01-08 16:10:22,006 - DEBUG - ADD RESOURCES[0m
[34m2025-01-08 16:10:22,006 - DEBUG - ADD RESOURCES[0m
[34m2025-01-08 16:10:22,006 - DEBUG - ADD RESOURCES[0m
[34m2025-01-08 16:10:22,006 - DEBUG - ADD RESOURCES[0m
[34m2025-01-08 16:10:22,006 - DEBUG - ADD RESOURCES[0m
[34m2025-01-08 16:10:22,006 - DEBUG - ADD TREATMENTS[0m
[34m2025-01-08 16:10:22,006 - DEBUG - ADD TREATMENTS[0m
[34m2025-01-08 16:10:22,006 - DEBUG - ADD TREATMENTS[0m
[34m2025-01-08 16:10:22,006 - DEBUG - ADD TREATMENTS[0m
[34m2025-01-08 16:10:22,006 - DEBUG - ADD TREATMENTS[0m
[34m2025-01-08 16:10:22,007 - DEBUG - ADD TREATMENTS[0m
[34m2025-01-08 16:10:22,007 - DEBUG - ADD TREATMENTS[0m
[34m2025-01-08 16:10:22,007 - DEBUG - ADD TREATMENTS[0m
[34m2025-01-08 16:10:22,007 - DEBUG - ADD TREATMENTS[0m
[34m2025-01-08 16:10:22,007 - DEBUG - ADD TREATMENTS[0m
[34m2025-01-08 16:10:22,007 - DEBUG - ADD PATIENTS[0m
[34m2025-01-08 16:10:22,007 - DEBUG - ADD PATIENTS[0m
[34m2025-01-08 16:10:22,007 - DEBUG - ADD PATIENTS[0m
[34m2025-01-08 16:10:22,007 - DEBUG - ADD PATIENTS[0m
[34m2025-01-08 16:10:22,008 - DEBUG - ADD PATIENTS[0m
[34m2025-01-08 16:10:22,008 - DEBUG - ADD PATIENTS[0m
[34m2025-01-08 16:10:22,008 - DEBUG - ADD PATIENTS[0m
[34m2025-01-08 16:10:22,008 - DEBUG - ADD PATIENTS[0m
[34m2025-01-08 16:10:22,008 - DEBUG - ADD PATIENTS[0m
[34m2025-01-08 16:10:22,008 - DEBUG - ADD PATIENTS[0m
[34m2025-01-08 16:10:22,008 - DEBUG - ADD PATIENTS[0m
[34m2025-01-08 16:10:22,008 - DEBUG - ADD PATIENTS[0m
[34m2025-01-08 16:10:22,008 - DEBUG - ADD PATIENTS[0m
[34m2025-01-08 16:10:22,008 - DEBUG - ADD PATIENTS[0m
[34m2025-01-08 16:10:22,009 - DEBUG - ADD PATIENTS[0m
[34m2025-01-08 16:10:22,009 - DEBUG - ADD PATIENTS[0m
[34m2025-01-08 16:10:22,009 - DEBUG - ADD PATIENTS[0m
[34m2025-01-08 16:10:22,009 - DEBUG - ADD PATIENTS[0m
[34m2025-01-08 16:10:22,009 - DEBUG - ADD PATIENTS[0m
[34m2025-01-08 16:10:22,009 - DEBUG - ADD PATIENTS[0m
[34m2025-01-08 16:10:22,012 - DEBUG - Instance data:[0m
[34m2025-01-08 16:10:22,012 - DEBUG - Number of patients: 19[0m
[34m2025-01-08 16:10:22,012 - DEBUG - Number of beds: 40[0m
[34m2025-01-08 16:10:22,012 - DEBUG - Average number of treatments per patient: 25.42105263157895[0m
[34m2025-01-08 16:10:22,012 - DEBUG - Average number of treatment per stayed day: 2.542105263157895[0m
[34m2025-01-08 16:10:22,012 - DEBUG - Number of treatments: 483[0m
[34m2025-01-08 16:10:22,012 - DEBUG - Number of resources: 10[0m
[34m2025-01-08 16:10:22,012 - DEBUG - Number of resource groups: 5[0m
[34m2025-01-08 16:10:22,012 - DEBUG - Number of resource hours needed per all treatment by RG(rooms): 22.09999999999998[0m
[34m2025-01-08 16:10:22,012 - DEBUG - Number of resource hours needed per all treatment by RG(physiotherapist): 9.75[0m
[34m2025-01-08 16:10:22,012 - DEBUG - Number of resource hours needed per all treatment by RG(therapists): 7.975000000000001[0m
[34m2025-01-08 16:10:22,012 - DEBUG - Number of resource hours needed per all treatment by RG(sport_room): 5.625[0m
[32m2025-01-08 16:10:22,012 - INFO - {'solver': 'LBBDSolver', 'args': {'break_symmetry': False, 'subsolver_cls': <class 'src.solvers.subsolvers.cp_subsolver.CPSubsolver'>, 'subsolver.store_results': True, 'subsolver.store_results_method': 'hash', 'use_helper_constraints': True, 'enforce_min_treatments_per_day': True, 'enforce_max_treatments_per_e_w': True, 'enforce_min_patients_per_treatment': True, 'log_to_console': True}}[0m
[34m2025-01-08 16:10:22,013 - DEBUG - Setting options: LBBDSolver[0m
[34m2025-01-08 16:10:22,013 - DEBUG -  ---- break_symmetry to False[0m
[34m2025-01-08 16:10:22,013 - DEBUG -  ---- subsolver_cls to <class 'src.solvers.subsolvers.cp_subsolver.CPSubsolver'>[0m
[34m2025-01-08 16:10:22,013 - DEBUG -  ---- use_helper_constraints to True[0m
[34m2025-01-08 16:10:22,013 - DEBUG -  ---- add_constraints_to_symmetric_days to True (default)[0m
[34m2025-01-08 16:10:22,013 - DEBUG - Setting options: Solver[0m
[34m2025-01-08 16:10:22,013 - DEBUG -  ---- number_of_threads to 1 (default)[0m
[34m2025-01-08 16:10:22,013 - DEBUG -  ---- treatment_value to 0 (default)[0m
[34m2025-01-08 16:10:22,013 - DEBUG -  ---- delay_value to 1 (default)[0m
[34m2025-01-08 16:10:22,013 - DEBUG -  ---- missing_treatment_value to 4 (default)[0m
[34m2025-01-08 16:10:22,013 - DEBUG -  ---- enforce_min_treatments_per_day to True[0m
[34m2025-01-08 16:10:22,013 - DEBUG -  ---- enforce_max_treatments_per_e_w to True[0m
[34m2025-01-08 16:10:22,013 - DEBUG -  ---- enforce_min_patients_per_treatment to True[0m
[34m2025-01-08 16:10:22,013 - DEBUG -  ---- log_to_console to True[0m
[34m2025-01-08 16:10:22,013 - DEBUG -  ---- log_to_file to True (default)[0m
[34m2025-01-08 16:10:22,027 - DEBUG - Setting options: CPSubsolver[0m
[34m2025-01-08 16:10:22,027 - DEBUG -  ---- estimated_needed_treatments to True (default)[0m
[34m2025-01-08 16:10:22,027 - DEBUG -  ---- add_patient_symmetry to False (default)[0m
[34m2025-01-08 16:10:22,027 - DEBUG - Setting Subsolver options: SubSolver[0m
[34m2025-01-08 16:10:22,027 - DEBUG -  ---- store_results to True[0m
[34m2025-01-08 16:10:22,027 - DEBUG -  ---- store_results_method to hash[0m
[34m2025-01-08 16:10:22,027 - DEBUG -  ---- enforce_min_patients_per_treatment to True[0m
[34m2025-01-08 16:10:22,027 - DEBUG -  ---- use_day_symmetry to True (default)[0m
[32m2025-01-08 16:10:22,035 - INFO - Create model: LBBDSolver[0m
Set parameter TSPort to value 50039
Set parameter TokenServer to value "license.itc.rwth-aachen.de"
Set parameter Threads to value 1
Set parameter LazyConstraints to value 1
[34m2025-01-08 16:10:22,203 - DEBUG - Variables created.[0m
[34m2025-01-08 16:10:22,790 - DEBUG - Constraint (not too many treatments) created.[0m
[34m2025-01-08 16:10:23,269 - DEBUG - Constraint (no_treatments_outside admittance) created.[0m
[34m2025-01-08 16:10:23,270 - DEBUG - Constraint (bed_usage) created.[0m
[34m2025-01-08 16:10:23,270 - DEBUG - Constraint (must be admitted) created.[0m
[34m2025-01-08 16:10:23,327 - DEBUG - Constraint (e_w_ub) created.[0m
[34m2025-01-08 16:10:23,345 - DEBUG - Constraint (day_ub) created.[0m
[34m2025-01-08 16:10:23,363 - DEBUG - Constraint (Day always) created.[0m
[34m2025-01-08 16:10:23,363 - DEBUG - Constraint (already_admitted) created.[0m
[32m2025-01-08 16:10:23,817 - INFO - Time to create model: 1.781[0m
[32m2025-01-08 16:10:23,817 - INFO - Solving model: LBBDSolver[0m
Gurobi Optimizer version 10.0.0 build v10.0.0rc2 (linux64)

CPU model: Intel(R) Xeon(R) Platinum 8468, instruction set [SSE2|AVX|AVX2|AVX512]
Thread count: 96 physical cores, 96 logical processors, using up to 1 threads

Optimize a model with 84097 rows, 35182 columns and 677108 nonzeros
Model fingerprint: 0xf0e6305d
Variable types: 3 continuous, 35179 integer (35179 binary)
Coefficient statistics:
  Matrix range     [1e+00, 1e+01]
  Objective range  [1e+00, 1e+01]
  Bounds range     [1e+00, 1e+00]
  RHS range        [1e+00, 2e+03]
Presolve added 0 rows and 290 columns
Presolve removed 43162 rows and 0 columns
Presolve time: 0.94s
Presolved: 40935 rows, 35472 columns, 484318 nonzeros
Variable types: 1 continuous, 35471 integer (35323 binary)
Root relaxation presolved: 40881 rows, 35526 columns, 467245 nonzeros


Use crossover to convert LP symmetric solution to basic solution...

Root relaxation: objective 5.400000e+02, 12359 iterations, 0.39 seconds (0.37 work units)
Total elapsed time = 5.43s

    Nodes    |    Current Node    |     Objective Bounds      |     Work
 Expl Unexpl |  Obj  Depth IntInf | Incumbent    BestBd   Gap | It/Node Time

     0     0  540.00000    0   72          -  540.00000      -     -    6s
[32m2025-01-08 16:10:33,687 - INFO - d_prime: 3 d: 3[0m
[32m2025-01-08 16:10:33,689 - INFO - d_prime: 4 d: 3[0m
[32m2025-01-08 16:10:33,690 - INFO - d_prime: 5 d: 3[0m
[32m2025-01-08 16:10:33,691 - INFO - d_prime: 6 d: 3[0m
[32m2025-01-08 16:10:33,692 - INFO - d_prime: 7 d: 3[0m
[32m2025-01-08 16:10:33,693 - INFO - d_prime: 8 d: 3[0m
[32m2025-01-08 16:10:33,694 - INFO - d_prime: 9 d: 3[0m
[32m2025-01-08 16:10:33,695 - INFO - forbidden_vars: ([{3:2},{3:2,9:1},{9:3},{1:1,6:2,7:1},{1:1,5:1,9:2},{1:1,6:2,9:1},{3:4},{5:1,6:2,7:1},{5:1,6:2,7:1},{6:2,7:1,9:1}])[0m
[32m2025-01-08 16:10:33,695 - INFO - False[0m
     0     0  540.00000    0   72          -  540.00000      -     -   28s
[32m2025-01-08 16:10:57,353 - INFO - d_prime: 3 d: 3[0m
[32m2025-01-08 16:10:57,354 - INFO - d_prime: 4 d: 3[0m
[32m2025-01-08 16:10:57,355 - INFO - d_prime: 5 d: 3[0m
[32m2025-01-08 16:10:57,356 - INFO - d_prime: 6 d: 3[0m
[32m2025-01-08 16:10:57,356 - INFO - d_prime: 7 d: 3[0m
[32m2025-01-08 16:10:57,357 - INFO - d_prime: 8 d: 3[0m
[32m2025-01-08 16:10:57,358 - INFO - d_prime: 9 d: 3[0m
[32m2025-01-08 16:10:57,359 - INFO - forbidden_vars: ([{1:1,7:1},{1:1,9:1},{3:2},{5:1,7:1},{5:1,7:1},{7:1,9:1},{3:2,9:1},{9:3},{1:1,5:1,9:2},{3:4}])[0m
[32m2025-01-08 16:10:57,359 - INFO - False[0m
[32m2025-01-08 16:11:09,654 - INFO - d_prime: 3 d: 3[0m
[32m2025-01-08 16:11:09,656 - INFO - d_prime: 4 d: 3[0m
[32m2025-01-08 16:11:09,657 - INFO - d_prime: 5 d: 3[0m
[32m2025-01-08 16:11:09,658 - INFO - d_prime: 6 d: 3[0m
[32m2025-01-08 16:11:09,658 - INFO - d_prime: 7 d: 3[0m
[32m2025-01-08 16:11:09,659 - INFO - d_prime: 8 d: 3[0m
[32m2025-01-08 16:11:09,660 - INFO - d_prime: 9 d: 3[0m
[32m2025-01-08 16:11:09,661 - INFO - forbidden_vars: ([{3:2},{3:2,9:1},{6:2,9:1},{9:3},{1:1,6:2,7:1},{1:1,5:1,9:2},{1:1,6:2,9:1},{3:4},{5:1,6:2,7:1},{5:1,6:2,7:1}])[0m
[32m2025-01-08 16:11:09,661 - INFO - False[0m
     0     0  540.00000    0   72          -  540.00000      -     -   46s
[32m2025-01-08 16:11:12,505 - INFO - d_prime: 3 d: 3[0m
[32m2025-01-08 16:11:12,506 - INFO - d_prime: 4 d: 3[0m
[32m2025-01-08 16:11:12,507 - INFO - d_prime: 5 d: 3[0m
[32m2025-01-08 16:11:12,508 - INFO - d_prime: 6 d: 3[0m
[32m2025-01-08 16:11:12,509 - INFO - d_prime: 7 d: 3[0m
[32m2025-01-08 16:11:12,510 - INFO - d_prime: 8 d: 3[0m
[32m2025-01-08 16:11:12,511 - INFO - d_prime: 9 d: 3[0m
[32m2025-01-08 16:11:12,512 - INFO - forbidden_vars: ([{3:2},{3:2,9:1},{5:1,6:2},{9:3},{1:1,6:2,7:1},{1:1,5:1,9:2},{1:1,6:2,9:1},{3:4},{5:1,6:2,7:1},{6:2,7:1,9:1}])[0m
[32m2025-01-08 16:11:12,512 - INFO - False[0m
[32m2025-01-08 16:11:26,574 - INFO - d_prime: 3 d: 3[0m
[32m2025-01-08 16:11:26,575 - INFO - d_prime: 4 d: 3[0m
[32m2025-01-08 16:11:26,576 - INFO - d_prime: 5 d: 3[0m
[32m2025-01-08 16:11:26,576 - INFO - d_prime: 6 d: 3[0m
[32m2025-01-08 16:11:26,577 - INFO - d_prime: 7 d: 3[0m
[32m2025-01-08 16:11:26,578 - INFO - d_prime: 8 d: 3[0m
[32m2025-01-08 16:11:26,579 - INFO - d_prime: 9 d: 3[0m
[32m2025-01-08 16:11:26,580 - INFO - forbidden_vars: ([{3:2},{3:2,9:1},{6:2,9:1},{6:2,7:1},{9:3},{1:1,6:2,7:1},{1:1,5:1,9:2},{1:1,6:2,9:1},{3:4},{5:1,6:2,7:1}])[0m
[32m2025-01-08 16:11:26,580 - INFO - False[0m
[32m2025-01-08 16:11:26,580 - INFO - Number of cuts added: 5 (bad=0, good=5)[0m
[32m2025-01-08 16:11:26,581 - INFO - Unnecessary comps: (0 / 5)[0m
[32m2025-01-08 16:11:26,581 - INFO - Calls to is_day_infeasible: cp_solver=18/ total=50 stored=32[0m
[32m2025-01-08 16:11:26,581 - INFO - Is feasible: 55.50393104553223 0.9980799937412592[0m
[32m2025-01-08 16:11:26,581 - INFO - Subsolver: Solve Model: 55.00456428527832/0.9911161391303352[0m
[32m2025-01-08 16:11:26,581 - INFO - Subsolver: Create Model: 0.49303293228149414/0.008883860869664735[0m
[32m2025-01-08 16:11:26,581 - INFO - Num_constraints-added: 35[0m
     0     0  540.00000    0   72          -  540.00000      -     -   62s
     0     0  540.00000    0  122          -  540.00000      -     -   63s
[32m2025-01-08 16:11:49,035 - INFO - d_prime: 3 d: 3[0m
[32m2025-01-08 16:11:49,037 - INFO - d_prime: 4 d: 3[0m
[32m2025-01-08 16:11:49,038 - INFO - d_prime: 5 d: 3[0m
[32m2025-01-08 16:11:49,039 - INFO - d_prime: 6 d: 3[0m
[32m2025-01-08 16:11:49,040 - INFO - d_prime: 7 d: 3[0m
[32m2025-01-08 16:11:49,041 - INFO - d_prime: 8 d: 3[0m
[32m2025-01-08 16:11:49,042 - INFO - d_prime: 9 d: 3[0m
[32m2025-01-08 16:11:49,043 - INFO - forbidden_vars: ([{3:2},{3:2,9:1},{9:3},{1:1,6:2,7:1},{1:1,5:1,9:2},{1:1,6:2,9:1},{3:3,9:1},{5:1,6:2,7:1},{5:1,6:2,7:1},{6:2,7:1,9:1}])[0m
[32m2025-01-08 16:11:49,043 - INFO - False[0m
     0     0  540.00000    0  122          -  540.00000      -     -   96s
     0     0  540.00000    0  121          -  540.00000      -     -   96s
[32m2025-01-08 16:12:14,168 - INFO - d_prime: 3 d: 3[0m
[32m2025-01-08 16:12:14,169 - INFO - d_prime: 4 d: 3[0m
[32m2025-01-08 16:12:14,170 - INFO - d_prime: 5 d: 3[0m
[32m2025-01-08 16:12:14,171 - INFO - d_prime: 6 d: 3[0m
[32m2025-01-08 16:12:14,172 - INFO - d_prime: 7 d: 3[0m
[32m2025-01-08 16:12:14,173 - INFO - d_prime: 8 d: 3[0m
[32m2025-01-08 16:12:14,174 - INFO - d_prime: 9 d: 3[0m
[32m2025-01-08 16:12:14,175 - INFO - forbidden_vars: ([{3:2},{3:2,9:1},{9:3},{1:1,6:2,7:1},{1:1,5:1,6:2},{1:1,6:2,9:1},{3:3,9:1},{5:1,6:1,9:2},{5:1,6:2,7:1},{6:2,7:1,9:1}])[0m
[32m2025-01-08 16:12:14,175 - INFO - False[0m
     0     0  540.00000    0    -          -  540.00000      -     -  117s
[32m2025-01-08 16:12:35,726 - INFO - d_prime: 3 d: 3[0m
[32m2025-01-08 16:12:35,727 - INFO - d_prime: 4 d: 3[0m
[32m2025-01-08 16:12:35,728 - INFO - d_prime: 5 d: 3[0m
[32m2025-01-08 16:12:35,728 - INFO - d_prime: 6 d: 3[0m
[32m2025-01-08 16:12:35,729 - INFO - d_prime: 7 d: 3[0m
[32m2025-01-08 16:12:35,730 - INFO - d_prime: 8 d: 3[0m
[32m2025-01-08 16:12:35,731 - INFO - d_prime: 9 d: 3[0m
[32m2025-01-08 16:12:35,732 - INFO - forbidden_vars: ([{3:2},{3:2,9:1},{6:2,9:1},{9:3},{1:1,6:2,7:1},{1:1,5:1,6:2},{1:1,6:2,9:1},{3:3,9:1},{5:1,6:1,9:2},{5:1,6:2,7:1}])[0m
[32m2025-01-08 16:12:35,732 - INFO - False[0m
     0     0  540.00000    0    -          -  540.00000      -     -  132s
[32m2025-01-08 16:12:49,669 - INFO - d_prime: 3 d: 3[0m
[32m2025-01-08 16:12:49,670 - INFO - d_prime: 4 d: 3[0m
[32m2025-01-08 16:12:49,671 - INFO - d_prime: 5 d: 3[0m
[32m2025-01-08 16:12:49,671 - INFO - d_prime: 6 d: 3[0m
[32m2025-01-08 16:12:49,672 - INFO - d_prime: 7 d: 3[0m
[32m2025-01-08 16:12:49,673 - INFO - d_prime: 8 d: 3[0m
[32m2025-01-08 16:12:49,674 - INFO - d_prime: 9 d: 3[0m
[32m2025-01-08 16:12:49,675 - INFO - forbidden_vars: ([{3:2},{3:2,9:1},{9:3},{1:1,6:2,7:1},{1:1,5:1,6:1,7:1},{1:1,6:2,9:1},{3:3,9:1},{5:1,6:1,9:2},{5:1,6:2,7:1},{6:2,7:1,9:1}])[0m
[32m2025-01-08 16:12:49,675 - INFO - False[0m
     0     0  540.00000    0    -          -  540.00000      -     -  145s
[32m2025-01-08 16:13:04,980 - INFO - d_prime: 3 d: 3[0m
[32m2025-01-08 16:13:04,981 - INFO - d_prime: 4 d: 3[0m
[32m2025-01-08 16:13:04,983 - INFO - d_prime: 5 d: 3[0m
[32m2025-01-08 16:13:04,983 - INFO - d_prime: 6 d: 3[0m
[32m2025-01-08 16:13:04,984 - INFO - d_prime: 7 d: 3[0m
[32m2025-01-08 16:13:04,985 - INFO - d_prime: 8 d: 3[0m
[32m2025-01-08 16:13:04,986 - INFO - d_prime: 9 d: 3[0m
[32m2025-01-08 16:13:04,987 - INFO - forbidden_vars: ([{3:2},{3:2,9:1},{6:2,9:1},{9:3},{1:1,6:2,7:1},{1:1,5:1,6:1,7:1},{1:1,6:2,9:1},{3:3,9:1},{5:1,6:1,9:2},{5:1,6:2,7:1}])[0m
[32m2025-01-08 16:13:04,987 - INFO - False[0m
[32m2025-01-08 16:13:04,987 - INFO - Number of cuts added: 10 (bad=0, good=10)[0m
[32m2025-01-08 16:13:04,987 - INFO - Unnecessary comps: (0 / 10)[0m
[32m2025-01-08 16:13:04,988 - INFO - Calls to is_day_infeasible: cp_solver=36/ total=100 stored=64[0m
[32m2025-01-08 16:13:04,988 - INFO - Is feasible: 152.09562802314758 0.998634651275288[0m
[32m2025-01-08 16:13:04,988 - INFO - Subsolver: Solve Model: 151.16683912277222/0.9939864744057391[0m
[32m2025-01-08 16:13:04,988 - INFO - Subsolver: Create Model: 0.9145452976226807/0.0060135255942609335[0m
[32m2025-01-08 16:13:04,988 - INFO - Num_constraints-added: 70[0m
     0     0  540.00000    0    -          -  540.00000      -     -  161s
     0     0  540.00000    0   15          -  540.00000      -     -  161s
[32m2025-01-08 16:13:16,421 - INFO - d_prime: 3 d: 3[0m
[32m2025-01-08 16:13:16,422 - INFO - d_prime: 4 d: 3[0m
[32m2025-01-08 16:13:16,423 - INFO - d_prime: 5 d: 3[0m
[32m2025-01-08 16:13:16,424 - INFO - d_prime: 6 d: 3[0m
[32m2025-01-08 16:13:16,424 - INFO - d_prime: 7 d: 3[0m
[32m2025-01-08 16:13:16,425 - INFO - d_prime: 8 d: 3[0m
[32m2025-01-08 16:13:16,426 - INFO - d_prime: 9 d: 3[0m
[32m2025-01-08 16:13:16,427 - INFO - forbidden_vars: ([{3:2},{3:2,9:1},{9:3},{1:1,6:2,7:1},{1:1,6:2,9:1},{3:3,9:1},{5:1,6:2,7:1},{5:1,6:1,9:2},{5:1,6:2,7:1},{6:2,7:1,9:1}])[0m
[32m2025-01-08 16:13:16,427 - INFO - False[0m
     0     0  540.00000    0   15          -  540.00000      -     -  185s
[32m2025-01-08 16:13:39,501 - INFO - d_prime: 3 d: 3[0m
[32m2025-01-08 16:13:39,503 - INFO - d_prime: 4 d: 3[0m
[32m2025-01-08 16:13:39,504 - INFO - d_prime: 5 d: 3[0m
[32m2025-01-08 16:13:39,504 - INFO - d_prime: 6 d: 3[0m
[32m2025-01-08 16:13:39,505 - INFO - d_prime: 7 d: 3[0m
[32m2025-01-08 16:13:39,506 - INFO - d_prime: 8 d: 3[0m
[32m2025-01-08 16:13:39,507 - INFO - d_prime: 9 d: 3[0m
[32m2025-01-08 16:13:39,508 - INFO - forbidden_vars: ([{3:2},{3:2,9:1},{9:3},{1:1,6:2,7:1},{1:1,6:1,9:2},{1:1,6:2,9:1},{3:3,9:1},{5:1,6:2,7:1},{5:1,6:2,7:1},{6:2,7:1,9:1}])[0m
[32m2025-01-08 16:13:39,508 - INFO - False[0m
[32m2025-01-08 16:13:53,170 - INFO - d_prime: 3 d: 3[0m
[32m2025-01-08 16:13:53,171 - INFO - d_prime: 4 d: 3[0m
[32m2025-01-08 16:13:53,172 - INFO - d_prime: 5 d: 3[0m
[32m2025-01-08 16:13:53,173 - INFO - d_prime: 6 d: 3[0m
[32m2025-01-08 16:13:53,174 - INFO - d_prime: 7 d: 3[0m
[32m2025-01-08 16:13:53,175 - INFO - d_prime: 8 d: 3[0m
[32m2025-01-08 16:13:53,175 - INFO - d_prime: 9 d: 3[0m
[32m2025-01-08 16:13:53,176 - INFO - forbidden_vars: ([{3:2},{3:2,9:1},{9:3},{1:1,6:2,7:1},{1:1,6:2,7:1},{1:1,6:2,9:1},{3:3,9:1},{5:1,6:1,9:2},{5:1,6:2,7:1},{6:2,7:1,9:1}])[0m
[32m2025-01-08 16:13:53,176 - INFO - False[0m
[32m2025-01-08 16:14:07,746 - INFO - d_prime: 3 d: 3[0m
[32m2025-01-08 16:14:07,747 - INFO - d_prime: 4 d: 3[0m
[32m2025-01-08 16:14:07,747 - INFO - d_prime: 5 d: 3[0m
[32m2025-01-08 16:14:07,748 - INFO - d_prime: 6 d: 3[0m
[32m2025-01-08 16:14:07,749 - INFO - d_prime: 7 d: 3[0m
[32m2025-01-08 16:14:07,750 - INFO - d_prime: 8 d: 3[0m
[32m2025-01-08 16:14:07,750 - INFO - d_prime: 9 d: 3[0m
[32m2025-01-08 16:14:07,751 - INFO - forbidden_vars: ([{3:2},{3:2,9:1},{6:1,9:2},{9:3},{1:1,6:2,7:1},{1:1,6:2,7:1},{1:1,6:2,9:1},{3:3,9:1},{5:1,6:2,7:1},{6:2,7:1,9:1}])[0m
[32m2025-01-08 16:14:07,751 - INFO - False[0m
     0     0  540.00000    0   15          -  540.00000      -     -  223s
[32m2025-01-08 16:14:18,227 - INFO - d_prime: 3 d: 3[0m
[32m2025-01-08 16:14:18,231 - INFO - d_prime: 4 d: 3[0m
[32m2025-01-08 16:14:18,232 - INFO - d_prime: 5 d: 3[0m
[32m2025-01-08 16:14:18,233 - INFO - d_prime: 6 d: 3[0m
[32m2025-01-08 16:14:18,233 - INFO - d_prime: 7 d: 3[0m
[32m2025-01-08 16:14:18,234 - INFO - d_prime: 8 d: 3[0m
[32m2025-01-08 16:14:18,235 - INFO - d_prime: 9 d: 3[0m
[32m2025-01-08 16:14:18,236 - INFO - forbidden_vars: ([{3:2},{3:2,9:1},{6:1,9:2},{9:3},{1:1,6:2,7:1},{1:1,5:1,6:2},{1:1,6:2,9:1},{3:3,9:1},{5:1,6:2,7:1},{6:2,7:1,9:1}])[0m
[32m2025-01-08 16:14:18,236 - INFO - False[0m
[32m2025-01-08 16:14:18,236 - INFO - Number of cuts added: 15 (bad=0, good=15)[0m
[32m2025-01-08 16:14:18,236 - INFO - Unnecessary comps: (0 / 15)[0m
[32m2025-01-08 16:14:18,236 - INFO - Calls to is_day_infeasible: cp_solver=44/ total=150 stored=106[0m
[32m2025-01-08 16:14:18,236 - INFO - Is feasible: 225.05374574661255 0.9986329509388877[0m
[32m2025-01-08 16:14:18,236 - INFO - Subsolver: Solve Model: 223.89255285263062/0.9949187275773025[0m
[32m2025-01-08 16:14:18,236 - INFO - Subsolver: Create Model: 1.1434693336486816/0.00508127242269749[0m
[32m2025-01-08 16:14:18,236 - INFO - Num_constraints-added: 105[0m
     0     0  540.00000    0    4          -  540.00000      -     -  235s
[32m2025-01-08 16:14:33,508 - INFO - d_prime: 3 d: 3[0m
[32m2025-01-08 16:14:33,509 - INFO - d_prime: 4 d: 3[0m
[32m2025-01-08 16:14:33,510 - INFO - d_prime: 5 d: 3[0m
[32m2025-01-08 16:14:33,511 - INFO - d_prime: 6 d: 3[0m
[32m2025-01-08 16:14:33,512 - INFO - d_prime: 7 d: 3[0m
[32m2025-01-08 16:14:33,512 - INFO - d_prime: 8 d: 3[0m
[32m2025-01-08 16:14:33,513 - INFO - d_prime: 9 d: 3[0m
[32m2025-01-08 16:14:33,514 - INFO - forbidden_vars: ([{3:2},{3:2},{9:3},{1:1,6:2,7:1},{1:1,6:2,9:1},{3:3,9:1},{5:1,6:2,7:1},{5:1,6:1,9:2},{5:1,6:2,7:1},{6:2,7:1,9:1}])[0m
[32m2025-01-08 16:14:33,514 - INFO - False[0m
     0     0  540.00000    0    4          -  540.00000      -     -  249s
H    0     0                     544.0000000  540.00000  0.74%     -  251s
[32m2025-01-08 16:15:01,708 - INFO - d_prime: 8 d: 8[0m
[32m2025-01-08 16:15:01,710 - INFO - d_prime: 9 d: 8[0m
[32m2025-01-08 16:15:01,712 - INFO - forbidden_vars: ([{3:2},{3:1,5:1},{3:2},{4:1,9:1},{5:1,7:1},{5:1,6:1},{5:1,9:1},{3:1,4:1,5:1},{4:2,9:1},{4:1,5:2},{1:1,6:2,7:1},{1:2,5:1,6:1},{1:1,5:1,6:2},{1:1,5:2,6:1},{3:3,9:1},{5:1,6:2,7:1},{5:2,6:2}])[0m
[32m2025-01-08 16:15:01,712 - INFO - False[0m
     0     0  540.00000    0    4  544.00000  540.00000  0.74%     -  282s
[32m2025-01-08 16:15:26,304 - INFO - d_prime: 8 d: 8[0m
[32m2025-01-08 16:15:26,306 - INFO - d_prime: 9 d: 8[0m
[32m2025-01-08 16:15:26,308 - INFO - forbidden_vars: ([{1:1,5:1},{1:1,9:1},{3:2},{3:2},{4:1,9:1},{5:1,6:1},{1:1,6:1,7:1},{3:1,4:1,5:1},{3:3},{4:2,9:1},{4:1,5:2},{1:2,5:1,7:1},{1:1,5:1,6:2},{3:3,9:1},{5:1,6:2,7:1},{5:2,6:2},{5:2,6:2}])[0m
[32m2025-01-08 16:15:26,308 - INFO - False[0m
     0     0  540.00000    0    4  544.00000  540.00000  0.74%     -  312s
[32m2025-01-08 16:16:03,394 - INFO - Number of cuts added: 18 (bad=0, good=18)[0m
[32m2025-01-08 16:16:03,394 - INFO - Unnecessary comps: (0 / 18)[0m
[32m2025-01-08 16:16:03,394 - INFO - Calls to is_day_infeasible: cp_solver=71/ total=200 stored=129[0m
[32m2025-01-08 16:16:03,394 - INFO - Is feasible: 328.88660526275635 0.9988175233456539[0m
[32m2025-01-08 16:16:03,394 - INFO - Subsolver: Solve Model: 327.0261447429657/0.9944332138222369[0m
[32m2025-01-08 16:16:03,394 - INFO - Subsolver: Create Model: 1.8306756019592285/0.0055667861777630315[0m
[32m2025-01-08 16:16:03,394 - INFO - Num_constraints-added: 116[0m
H    0     0                     540.0000000  540.00000  0.00%     -  339s
     0     0  540.00000    0    4  540.00000  540.00000  0.00%     -  339s

Cutting planes:
  Gomory: 8
  Lift-and-project: 7
  Clique: 1
  MIR: 25
  StrongCG: 1
  Zero half: 23
  RLT: 22
  Lazy constraints: 116

Explored 1 nodes (55879 simplex iterations) in 339.54 seconds (14.10 work units)
Thread count was 1 (of 96 available processors)

Solution count 2: 540 544 

Optimal solution found (tolerance 1.00e-04)
Best objective 5.400000000000e+02, best bound 5.400000000000e+02, gap 0.0000%

User-callback calls 1603, time in user-callback 329.29 sec
[34m2025-01-08 16:16:03,400 - DEBUG - Finished optimization[0m
[34m2025-01-08 16:16:03,400 - DEBUG - Subsolver stats:[0m
[32m2025-01-08 16:16:03,400 - INFO - Number of cuts added: 18 (bad=0, good=18)[0m
[32m2025-01-08 16:16:03,401 - INFO - Unnecessary comps: (0 / 18)[0m
[32m2025-01-08 16:16:03,401 - INFO - Calls to is_day_infeasible: cp_solver=71/ total=200 stored=129[0m
[32m2025-01-08 16:16:03,401 - INFO - Is feasible: 328.88660526275635 0.9988175233456539[0m
[32m2025-01-08 16:16:03,401 - INFO - Subsolver: Solve Model: 327.0261447429657/0.9944332138222369[0m
[32m2025-01-08 16:16:03,401 - INFO - Subsolver: Create Model: 1.8306756019592285/0.0055667861777630315[0m
[32m2025-01-08 16:16:03,401 - INFO - Num_constraints-added: 116[0m
[32m2025-01-08 16:16:03,401 - INFO - Optimal solution found.[0m
[34m2025-01-08 16:16:03,401 - DEBUG - Sub Objectives:[0m
[34m2025-01-08 16:16:03,401 - DEBUG - (SOLVER):Minimize Delay: 0.0[0m
[34m2025-01-08 16:16:03,401 - DEBUG - (SOLVER):Minimize Missing Treatments: 540.0[0m
[32m2025-01-08 16:16:03,401 - INFO - All cuts [defaultdict(<class 'dict'>, {P(patient0): {T(bath): 1, T(sport): 2, T(physio): 1}, P(patient3): {T(bath): 1, T(massage): 1, T(board_games): 2}, P(patient4): {T(bath): 1, T(sport): 2, T(board_games): 1}, P(patient11): {T(knitting): 2, T(board_games): 1}, P(patient12): {T(knitting): 4}, P(patient19): {T(knitting): 2}, P(patient2): {T(massage): 1, T(sport): 2, T(physio): 1}, P(patient7): {T(massage): 1, T(sport): 2, T(physio): 1}, P(patient1): {T(sport): 2, T(physio): 1, T(board_games): 1}, P(patient10): {T(board_games): 3}}), defaultdict(<class 'dict'>, {P(patient0): {T(bath): 1, T(physio): 1}, P(patient3): {T(bath): 1, T(massage): 1, T(board_games): 2}, P(patient4): {T(bath): 1, T(board_games): 1}, P(patient11): {T(knitting): 2, T(board_games): 1}, P(patient12): {T(knitting): 4}, P(patient19): {T(knitting): 2}, P(patient2): {T(massage): 1, T(physio): 1}, P(patient7): {T(massage): 1, T(physio): 1}, P(patient1): {T(physio): 1, T(board_games): 1}, P(patient10): {T(board_games): 3}}), defaultdict(<class 'dict'>, {P(patient0): {T(bath): 1, T(sport): 2, T(physio): 1}, P(patient3): {T(bath): 1, T(massage): 1, T(board_games): 2}, P(patient4): {T(bath): 1, T(sport): 2, T(board_games): 1}, P(patient11): {T(knitting): 2, T(board_games): 1}, P(patient12): {T(knitting): 4}, P(patient19): {T(knitting): 2}, P(patient2): {T(massage): 1, T(sport): 2, T(physio): 1}, P(patient7): {T(massage): 1, T(sport): 2, T(physio): 1}, P(patient1): {T(sport): 2, T(board_games): 1}, P(patient10): {T(board_games): 3}}), defaultdict(<class 'dict'>, {P(patient0): {T(bath): 1, T(sport): 2, T(physio): 1}, P(patient3): {T(bath): 1, T(massage): 1, T(board_games): 2}, P(patient4): {T(bath): 1, T(sport): 2, T(board_games): 1}, P(patient11): {T(knitting): 2, T(board_games): 1}, P(patient12): {T(knitting): 4}, P(patient19): {T(knitting): 2}, P(patient2): {T(massage): 1, T(sport): 2}, P(patient7): {T(massage): 1, T(sport): 2, T(physio): 1}, P(patient1): {T(sport): 2, T(physio): 1, T(board_games): 1}, P(patient10): {T(board_games): 3}}), defaultdict(<class 'dict'>, {P(patient0): {T(bath): 1, T(sport): 2, T(physio): 1}, P(patient3): {T(bath): 1, T(massage): 1, T(board_games): 2}, P(patient4): {T(bath): 1, T(sport): 2, T(board_games): 1}, P(patient11): {T(knitting): 2, T(board_games): 1}, P(patient12): {T(knitting): 4}, P(patient19): {T(knitting): 2}, P(patient2): {T(massage): 1, T(sport): 2, T(physio): 1}, P(patient1): {T(sport): 2, T(board_games): 1}, P(patient7): {T(sport): 2, T(physio): 1}, P(patient10): {T(board_games): 3}}), defaultdict(<class 'dict'>, {P(patient0): {T(bath): 1, T(sport): 2, T(physio): 1}, P(patient3): {T(bath): 1, T(massage): 1, T(board_games): 2}, P(patient4): {T(bath): 1, T(sport): 2, T(board_games): 1}, P(patient11): {T(knitting): 2, T(board_games): 1}, P(patient12): {T(knitting): 3, T(board_games): 1}, P(patient19): {T(knitting): 2}, P(patient2): {T(massage): 1, T(sport): 2, T(physio): 1}, P(patient7): {T(massage): 1, T(sport): 2, T(physio): 1}, P(patient1): {T(sport): 2, T(physio): 1, T(board_games): 1}, P(patient10): {T(board_games): 3}}), defaultdict(<class 'dict'>, {P(patient0): {T(bath): 1, T(sport): 2, T(physio): 1}, P(patient2): {T(bath): 1, T(massage): 1, T(sport): 2}, P(patient4): {T(bath): 1, T(sport): 2, T(board_games): 1}, P(patient11): {T(knitting): 2, T(board_games): 1}, P(patient12): {T(knitting): 3, T(board_games): 1}, P(patient19): {T(knitting): 2}, P(patient3): {T(massage): 1, T(sport): 1, T(board_games): 2}, P(patient7): {T(massage): 1, T(sport): 2, T(physio): 1}, P(patient1): {T(sport): 2, T(physio): 1, T(board_games): 1}, P(patient10): {T(board_games): 3}}), defaultdict(<class 'dict'>, {P(patient0): {T(bath): 1, T(sport): 2, T(physio): 1}, P(patient2): {T(bath): 1, T(massage): 1, T(sport): 2}, P(patient4): {T(bath): 1, T(sport): 2, T(board_games): 1}, P(patient11): {T(knitting): 2, T(board_games): 1}, P(patient12): {T(knitting): 3, T(board_games): 1}, P(patient19): {T(knitting): 2}, P(patient3): {T(massage): 1, T(sport): 1, T(board_games): 2}, P(patient7): {T(massage): 1, T(sport): 2, T(physio): 1}, P(patient1): {T(sport): 2, T(board_games): 1}, P(patient10): {T(board_games): 3}}), defaultdict(<class 'dict'>, {P(patient0): {T(bath): 1, T(sport): 2, T(physio): 1}, P(patient2): {T(bath): 1, T(massage): 1, T(sport): 1, T(physio): 1}, P(patient4): {T(bath): 1, T(sport): 2, T(board_games): 1}, P(patient11): {T(knitting): 2, T(board_games): 1}, P(patient12): {T(knitting): 3, T(board_games): 1}, P(patient19): {T(knitting): 2}, P(patient3): {T(massage): 1, T(sport): 1, T(board_games): 2}, P(patient7): {T(massage): 1, T(sport): 2, T(physio): 1}, P(patient1): {T(sport): 2, T(physio): 1, T(board_games): 1}, P(patient10): {T(board_games): 3}}), defaultdict(<class 'dict'>, {P(patient0): {T(bath): 1, T(sport): 2, T(physio): 1}, P(patient2): {T(bath): 1, T(massage): 1, T(sport): 1, T(physio): 1}, P(patient4): {T(bath): 1, T(sport): 2, T(board_games): 1}, P(patient11): {T(knitting): 2, T(board_games): 1}, P(patient12): {T(knitting): 3, T(board_games): 1}, P(patient19): {T(knitting): 2}, P(patient3): {T(massage): 1, T(sport): 1, T(board_games): 2}, P(patient7): {T(massage): 1, T(sport): 2, T(physio): 1}, P(patient1): {T(sport): 2, T(board_games): 1}, P(patient10): {T(board_games): 3}}), defaultdict(<class 'dict'>, {P(patient0): {T(bath): 1, T(sport): 2, T(physio): 1}, P(patient4): {T(bath): 1, T(sport): 2, T(board_games): 1}, P(patient11): {T(knitting): 2, T(board_games): 1}, P(patient12): {T(knitting): 3, T(board_games): 1}, P(patient19): {T(knitting): 2}, P(patient2): {T(massage): 1, T(sport): 2, T(physio): 1}, P(patient3): {T(massage): 1, T(sport): 1, T(board_games): 2}, P(patient7): {T(massage): 1, T(sport): 2, T(physio): 1}, P(patient1): {T(sport): 2, T(physio): 1, T(board_games): 1}, P(patient10): {T(board_games): 3}}), defaultdict(<class 'dict'>, {P(patient0): {T(bath): 1, T(sport): 2, T(physio): 1}, P(patient3): {T(bath): 1, T(sport): 1, T(board_games): 2}, P(patient4): {T(bath): 1, T(sport): 2, T(board_games): 1}, P(patient11): {T(knitting): 2, T(board_games): 1}, P(patient12): {T(knitting): 3, T(board_games): 1}, P(patient19): {T(knitting): 2}, P(patient2): {T(massage): 1, T(sport): 2, T(physio): 1}, P(patient7): {T(massage): 1, T(sport): 2, T(physio): 1}, P(patient1): {T(sport): 2, T(physio): 1, T(board_games): 1}, P(patient10): {T(board_games): 3}}), defaultdict(<class 'dict'>, {P(patient0): {T(bath): 1, T(sport): 2, T(physio): 1}, P(patient2): {T(bath): 1, T(sport): 2, T(physio): 1}, P(patient4): {T(bath): 1, T(sport): 2, T(board_games): 1}, P(patient11): {T(knitting): 2, T(board_games): 1}, P(patient12): {T(knitting): 3, T(board_games): 1}, P(patient19): {T(knitting): 2}, P(patient3): {T(massage): 1, T(sport): 1, T(board_games): 2}, P(patient7): {T(massage): 1, T(sport): 2, T(physio): 1}, P(patient1): {T(sport): 2, T(physio): 1, T(board_games): 1}, P(patient10): {T(board_games): 3}}), defaultdict(<class 'dict'>, {P(patient0): {T(bath): 1, T(sport): 2, T(physio): 1}, P(patient2): {T(bath): 1, T(sport): 2, T(physio): 1}, P(patient4): {T(bath): 1, T(sport): 2, T(board_games): 1}, P(patient11): {T(knitting): 2, T(board_games): 1}, P(patient12): {T(knitting): 3, T(board_games): 1}, P(patient19): {T(knitting): 2}, P(patient7): {T(massage): 1, T(sport): 2, T(physio): 1}, P(patient1): {T(sport): 2, T(physio): 1, T(board_games): 1}, P(patient3): {T(sport): 1, T(board_games): 2}, P(patient10): {T(board_games): 3}}), defaultdict(<class 'dict'>, {P(patient0): {T(bath): 1, T(sport): 2, T(physio): 1}, P(patient2): {T(bath): 1, T(massage): 1, T(sport): 2}, P(patient4): {T(bath): 1, T(sport): 2, T(board_games): 1}, P(patient11): {T(knitting): 2, T(board_games): 1}, P(patient12): {T(knitting): 3, T(board_games): 1}, P(patient19): {T(knitting): 2}, P(patient7): {T(massage): 1, T(sport): 2, T(physio): 1}, P(patient1): {T(sport): 2, T(physio): 1, T(board_games): 1}, P(patient3): {T(sport): 1, T(board_games): 2}, P(patient10): {T(board_games): 3}}), defaultdict(<class 'dict'>, {P(patient0): {T(bath): 1, T(sport): 2, T(physio): 1}, P(patient4): {T(bath): 1, T(sport): 2, T(board_games): 1}, P(patient11): {T(knitting): 2}, P(patient12): {T(knitting): 3, T(board_games): 1}, P(patient19): {T(knitting): 2}, P(patient2): {T(massage): 1, T(sport): 2, T(physio): 1}, P(patient3): {T(massage): 1, T(sport): 1, T(board_games): 2}, P(patient7): {T(massage): 1, T(sport): 2, T(physio): 1}, P(patient1): {T(sport): 2, T(physio): 1, T(board_games): 1}, P(patient10): {T(board_games): 3}}), defaultdict(<class 'dict'>, {P(patient2): {T(bath): 1, T(sport): 2, T(physio): 1}, P(patient3): {T(bath): 2, T(massage): 1, T(sport): 1}, P(patient4): {T(bath): 1, T(massage): 1, T(sport): 2}, P(patient7): {T(bath): 1, T(massage): 2, T(sport): 1}, P(patient10): {T(knitting): 2}, P(patient11): {T(knitting): 1, T(trust_exercise): 1, T(massage): 1}, P(patient12): {T(knitting): 3, T(board_games): 1}, P(patient16): {T(knitting): 1, T(massage): 1}, P(patient19): {T(knitting): 2}, P(patient13): {T(trust_exercise): 2, T(board_games): 1}, P(patient14): {T(trust_exercise): 1, T(massage): 2}, P(patient17): {T(trust_exercise): 1, T(board_games): 1}, P(patient0): {T(massage): 1, T(physio): 1}, P(patient1): {T(massage): 1, T(sport): 2, T(physio): 1}, P(patient5): {T(massage): 1, T(sport): 1}, P(patient6): {T(massage): 1, T(board_games): 1}, P(patient8): {T(massage): 2, T(sport): 2}}), defaultdict(<class 'dict'>, {P(patient0): {T(bath): 1, T(massage): 1}, P(patient2): {T(bath): 1, T(sport): 1, T(physio): 1}, P(patient3): {T(bath): 2, T(massage): 1, T(physio): 1}, P(patient4): {T(bath): 1, T(massage): 1, T(sport): 2}, P(patient6): {T(bath): 1, T(board_games): 1}, P(patient10): {T(knitting): 2}, P(patient11): {T(knitting): 1, T(trust_exercise): 1, T(massage): 1}, P(patient12): {T(knitting): 3, T(board_games): 1}, P(patient16): {T(knitting): 3}, P(patient19): {T(knitting): 2}, P(patient13): {T(trust_exercise): 2, T(board_games): 1}, P(patient14): {T(trust_exercise): 1, T(massage): 2}, P(patient17): {T(trust_exercise): 1, T(board_games): 1}, P(patient1): {T(massage): 1, T(sport): 2, T(physio): 1}, P(patient5): {T(massage): 1, T(sport): 1}, P(patient7): {T(massage): 2, T(sport): 2}, P(patient8): {T(massage): 2, T(sport): 2}})][0m
[32m2025-01-08 16:16:03,402 - INFO - All cuts ['([{3:2},{3:2,9:1},{9:3},{1:1,6:2,7:1},{1:1,5:1,9:2},{1:1,6:2,9:1},{3:4},{5:1,6:2,7:1},{5:1,6:2,7:1},{6:2,7:1,9:1}])', '([{1:1,7:1},{1:1,9:1},{3:2},{5:1,7:1},{5:1,7:1},{7:1,9:1},{3:2,9:1},{9:3},{1:1,5:1,9:2},{3:4}])', '([{3:2},{3:2,9:1},{6:2,9:1},{9:3},{1:1,6:2,7:1},{1:1,5:1,9:2},{1:1,6:2,9:1},{3:4},{5:1,6:2,7:1},{5:1,6:2,7:1}])', '([{3:2},{3:2,9:1},{5:1,6:2},{9:3},{1:1,6:2,7:1},{1:1,5:1,9:2},{1:1,6:2,9:1},{3:4},{5:1,6:2,7:1},{6:2,7:1,9:1}])', '([{3:2},{3:2,9:1},{6:2,9:1},{6:2,7:1},{9:3},{1:1,6:2,7:1},{1:1,5:1,9:2},{1:1,6:2,9:1},{3:4},{5:1,6:2,7:1}])', '([{3:2},{3:2,9:1},{9:3},{1:1,6:2,7:1},{1:1,5:1,9:2},{1:1,6:2,9:1},{3:3,9:1},{5:1,6:2,7:1},{5:1,6:2,7:1},{6:2,7:1,9:1}])', '([{3:2},{3:2,9:1},{9:3},{1:1,6:2,7:1},{1:1,5:1,6:2},{1:1,6:2,9:1},{3:3,9:1},{5:1,6:1,9:2},{5:1,6:2,7:1},{6:2,7:1,9:1}])', '([{3:2},{3:2,9:1},{6:2,9:1},{9:3},{1:1,6:2,7:1},{1:1,5:1,6:2},{1:1,6:2,9:1},{3:3,9:1},{5:1,6:1,9:2},{5:1,6:2,7:1}])', '([{3:2},{3:2,9:1},{9:3},{1:1,6:2,7:1},{1:1,5:1,6:1,7:1},{1:1,6:2,9:1},{3:3,9:1},{5:1,6:1,9:2},{5:1,6:2,7:1},{6:2,7:1,9:1}])', '([{3:2},{3:2,9:1},{6:2,9:1},{9:3},{1:1,6:2,7:1},{1:1,5:1,6:1,7:1},{1:1,6:2,9:1},{3:3,9:1},{5:1,6:1,9:2},{5:1,6:2,7:1}])', '([{3:2},{3:2,9:1},{9:3},{1:1,6:2,7:1},{1:1,6:2,9:1},{3:3,9:1},{5:1,6:2,7:1},{5:1,6:1,9:2},{5:1,6:2,7:1},{6:2,7:1,9:1}])', '([{3:2},{3:2,9:1},{9:3},{1:1,6:2,7:1},{1:1,6:1,9:2},{1:1,6:2,9:1},{3:3,9:1},{5:1,6:2,7:1},{5:1,6:2,7:1},{6:2,7:1,9:1}])', '([{3:2},{3:2,9:1},{9:3},{1:1,6:2,7:1},{1:1,6:2,7:1},{1:1,6:2,9:1},{3:3,9:1},{5:1,6:1,9:2},{5:1,6:2,7:1},{6:2,7:1,9:1}])', '([{3:2},{3:2,9:1},{6:1,9:2},{9:3},{1:1,6:2,7:1},{1:1,6:2,7:1},{1:1,6:2,9:1},{3:3,9:1},{5:1,6:2,7:1},{6:2,7:1,9:1}])', '([{3:2},{3:2,9:1},{6:1,9:2},{9:3},{1:1,6:2,7:1},{1:1,5:1,6:2},{1:1,6:2,9:1},{3:3,9:1},{5:1,6:2,7:1},{6:2,7:1,9:1}])', '([{3:2},{3:2},{9:3},{1:1,6:2,7:1},{1:1,6:2,9:1},{3:3,9:1},{5:1,6:2,7:1},{5:1,6:1,9:2},{5:1,6:2,7:1},{6:2,7:1,9:1}])', '([{3:2},{3:1,5:1},{3:2},{4:1,9:1},{5:1,7:1},{5:1,6:1},{5:1,9:1},{3:1,4:1,5:1},{4:2,9:1},{4:1,5:2},{1:1,6:2,7:1},{1:2,5:1,6:1},{1:1,5:1,6:2},{1:1,5:2,6:1},{3:3,9:1},{5:1,6:2,7:1},{5:2,6:2}])', '([{1:1,5:1},{1:1,9:1},{3:2},{3:2},{4:1,9:1},{5:1,6:1},{1:1,6:1,7:1},{3:1,4:1,5:1},{3:3},{4:2,9:1},{4:1,5:2},{1:2,5:1,7:1},{1:1,5:1,6:2},{3:3,9:1},{5:1,6:2,7:1},{5:2,6:2},{5:2,6:2}])'][0m
[34m2025-01-08 16:16:31,799 - DEBUG - Patient 0 is admitted at day 0.[0m
[34m2025-01-08 16:16:31,800 - DEBUG - Patient 1 is admitted at day 1.[0m
[34m2025-01-08 16:16:31,800 - DEBUG - Patient 2 is admitted at day 2.[0m
[34m2025-01-08 16:16:31,800 - DEBUG - Patient 3 is admitted at day 2.[0m
[34m2025-01-08 16:16:31,800 - DEBUG - Patient 4 is admitted at day 3.[0m
[34m2025-01-08 16:16:31,800 - DEBUG - Patient 5 is admitted at day 4.[0m
[34m2025-01-08 16:16:31,800 - DEBUG - Patient 6 is admitted at day 5.[0m
[34m2025-01-08 16:16:31,800 - DEBUG - Patient 7 is admitted at day 2.[0m
[34m2025-01-08 16:16:31,800 - DEBUG - Patient 8 is admitted at day 7.[0m
[34m2025-01-08 16:16:31,800 - DEBUG - Patient 9 is admitted at day 9.[0m
[34m2025-01-08 16:16:31,800 - DEBUG - Patient 10 is admitted at day 0.[0m
[34m2025-01-08 16:16:31,800 - DEBUG - Patient 11 is admitted at day 2.[0m
[34m2025-01-08 16:16:31,800 - DEBUG - Patient 12 is admitted at day 3.[0m
[34m2025-01-08 16:16:31,800 - DEBUG - Patient 13 is admitted at day 8.[0m
[34m2025-01-08 16:16:31,800 - DEBUG - Patient 14 is admitted at day 6.[0m
[34m2025-01-08 16:16:31,800 - DEBUG - Patient 15 is admitted at day 11.[0m
[34m2025-01-08 16:16:31,800 - DEBUG - Patient 16 is admitted at day 4.[0m
[34m2025-01-08 16:16:31,800 - DEBUG - Patient 17 is admitted at day 5.[0m
[34m2025-01-08 16:16:31,800 - DEBUG - Patient 19 is admitted at day 0.[0m
[34m2025-01-08 16:16:31,800 - DEBUG - Patients [0] have treatment 1 starting at day 0, hour 8.0 using resources [8].[0m
[34m2025-01-08 16:16:31,800 - DEBUG - Patients [10, 19] have treatment 3 starting at day 0, hour 8.0 using resources [9, 6].[0m
[34m2025-01-08 16:16:31,800 - DEBUG - Patients [10] have treatment 4 starting at day 0, hour 14.0 using resources [1, 6].[0m
[34m2025-01-08 16:16:31,800 - DEBUG - Patients [10] have treatment 4 starting at day 0, hour 14.5 using resources [2, 6].[0m
[34m2025-01-08 16:16:31,800 - DEBUG - Patients [19] have treatment 5 starting at day 0, hour 13.0 using resources [5, 6].[0m
[34m2025-01-08 16:16:31,801 - DEBUG - Patients [19] have treatment 5 starting at day 0, hour 13.5 using resources [5, 6].[0m
[34m2025-01-08 16:16:31,801 - DEBUG - Patients [0] have treatment 7 starting at day 0, hour 10.0 using resources [8, 6, 5].[0m
[34m2025-01-08 16:16:31,801 - DEBUG - Patients [0] have treatment 7 starting at day 0, hour 11.0 using resources [8, 6, 5].[0m
[34m2025-01-08 16:16:31,801 - DEBUG - Patients [1] have treatment 1 starting at day 1, hour 8.0 using resources [8].[0m
[34m2025-01-08 16:16:31,801 - DEBUG - Patients [0] have treatment 1 starting at day 1, hour 8.0 using resources [7].[0m
[34m2025-01-08 16:16:31,801 - DEBUG - Patients [10, 19] have treatment 3 starting at day 1, hour 8.0 using resources [9, 6].[0m
[34m2025-01-08 16:16:31,801 - DEBUG - Patients [1, 19] have treatment 5 starting at day 1, hour 11.5 using resources [5, 6].[0m
[34m2025-01-08 16:16:31,801 - DEBUG - Patients [0] have treatment 5 starting at day 1, hour 13.0 using resources [5, 6].[0m
[34m2025-01-08 16:16:31,801 - DEBUG - Patients [1, 10, 19] have treatment 9 starting at day 1, hour 10.0 using resources [3, 6].[0m
[34m2025-01-08 16:16:31,801 - DEBUG - Patients [11, 19] have treatment 3 starting at day 2, hour 8.0 using resources [1, 6].[0m
[34m2025-01-08 16:16:31,801 - DEBUG - Patients [10, 11] have treatment 3 starting at day 2, hour 13.0 using resources [1, 6].[0m
[34m2025-01-08 16:16:31,801 - DEBUG - Patients [11] have treatment 4 starting at day 2, hour 11.5 using resources [0, 6].[0m
[34m2025-01-08 16:16:31,801 - DEBUG - Patients [10, 19] have treatment 5 starting at day 2, hour 10.0 using resources [5, 6].[0m
[34m2025-01-08 16:16:31,801 - DEBUG - Patients [19] have treatment 5 starting at day 2, hour 10.5 using resources [5, 6].[0m
[34m2025-01-08 16:16:31,801 - DEBUG - Patients [19] have treatment 5 starting at day 2, hour 11.0 using resources [5, 6].[0m
[34m2025-01-08 16:16:31,801 - DEBUG - Patients [0, 1, 2, 3, 7] have treatment 6 starting at day 2, hour 8.0 using resources [0, 8].[0m
[34m2025-01-08 16:16:31,801 - DEBUG - Patients [0, 1, 2, 3, 7] have treatment 6 starting at day 2, hour 9.5 using resources [0, 8].[0m
[34m2025-01-08 16:16:31,801 - DEBUG - Patients [0, 1, 2, 3, 7] have treatment 6 starting at day 2, hour 13.0 using resources [0, 8].[0m
[34m2025-01-08 16:16:31,801 - DEBUG - Patients [0, 1, 2, 3, 7] have treatment 6 starting at day 2, hour 14.5 using resources [0, 8].[0m
[34m2025-01-08 16:16:31,801 - DEBUG - Patients [4] have treatment 1 starting at day 3, hour 8.0 using resources [8].[0m
[34m2025-01-08 16:16:31,801 - DEBUG - Patients [0] have treatment 1 starting at day 3, hour 8.0 using resources [7].[0m
[34m2025-01-08 16:16:31,801 - DEBUG - Patients [11, 12, 19] have treatment 3 starting at day 3, hour 10.0 using resources [4, 7].[0m
[34m2025-01-08 16:16:31,801 - DEBUG - Patients [11, 12] have treatment 3 starting at day 3, hour 13.0 using resources [3, 6].[0m
[34m2025-01-08 16:16:31,801 - DEBUG - Patients [2, 12] have treatment 5 starting at day 3, hour 8.0 using resources [4, 6].[0m
[34m2025-01-08 16:16:31,801 - DEBUG - Patients [2, 7] have treatment 5 starting at day 3, hour 8.5 using resources [5, 6].[0m
[34m2025-01-08 16:16:31,801 - DEBUG - Patients [0, 1, 2, 4, 7] have treatment 6 starting at day 3, hour 9.0 using resources [3, 8].[0m
[34m2025-01-08 16:16:31,801 - DEBUG - Patients [0, 1, 2, 4, 7] have treatment 6 starting at day 3, hour 10.5 using resources [0, 8].[0m
[34m2025-01-08 16:16:31,802 - DEBUG - Patients [1, 3] have treatment 7 starting at day 3, hour 13.5 using resources [8, 7, 5].[0m
[34m2025-01-08 16:16:31,802 - DEBUG - Patients [3, 7] have treatment 7 starting at day 3, hour 15.0 using resources [8, 6, 4].[0m
[34m2025-01-08 16:16:31,802 - DEBUG - Patients [3, 10, 11, 12, 19] have treatment 9 starting at day 3, hour 8.5 using resources [1, 7].[0m
[34m2025-01-08 16:16:31,802 - DEBUG - Patients [3, 10] have treatment 9 starting at day 3, hour 10.5 using resources [9, 6].[0m
[34m2025-01-08 16:16:31,802 - DEBUG - Patients [0, 1, 4, 10] have treatment 9 starting at day 3, hour 14.5 using resources [2, 7].[0m
[34m2025-01-08 16:16:31,802 - DEBUG - Patients [1] have treatment 1 starting at day 4, hour 9.0 using resources [8].[0m
[34m2025-01-08 16:16:31,802 - DEBUG - Patients [10, 11, 12, 16, 19] have treatment 2 starting at day 4, hour 8.0 using resources [4, 7].[0m
[34m2025-01-08 16:16:31,802 - DEBUG - Patients [10, 11, 12, 16, 19] have treatment 2 starting at day 4, hour 10.5 using resources [3, 7].[0m
[34m2025-01-08 16:16:31,802 - DEBUG - Patients [12] have treatment 4 starting at day 4, hour 11.5 using resources [1, 7].[0m
[34m2025-01-08 16:16:31,802 - DEBUG - Patients [3] have treatment 5 starting at day 4, hour 10.5 using resources [4, 8].[0m
[34m2025-01-08 16:16:31,802 - DEBUG - Patients [10] have treatment 5 starting at day 4, hour 13.0 using resources [5, 7].[0m
[34m2025-01-08 16:16:31,802 - DEBUG - Patients [1, 16] have treatment 5 starting at day 4, hour 13.0 using resources [4, 8].[0m
[34m2025-01-08 16:16:31,802 - DEBUG - Patients [2, 4] have treatment 7 starting at day 4, hour 8.0 using resources [8, 6, 5].[0m
[34m2025-01-08 16:16:31,802 - DEBUG - Patients [7] have treatment 7 starting at day 4, hour 9.5 using resources [8, 7, 4].[0m
[34m2025-01-08 16:16:31,802 - DEBUG - Patients [4, 5] have treatment 7 starting at day 4, hour 11.0 using resources [8, 6, 4].[0m
[34m2025-01-08 16:16:31,802 - DEBUG - Patients [0, 4] have treatment 7 starting at day 4, hour 13.5 using resources [8, 7, 4].[0m
[34m2025-01-08 16:16:31,802 - DEBUG - Patients [4] have treatment 7 starting at day 4, hour 14.5 using resources [8, 6, 4].[0m
[34m2025-01-08 16:16:31,802 - DEBUG - Patients [0, 5, 11, 12, 16, 19] have treatment 9 starting at day 4, hour 9.0 using resources [9, 6].[0m
[34m2025-01-08 16:16:31,802 - DEBUG - Patients [2, 5] have treatment 9 starting at day 4, hour 13.0 using resources [0, 6].[0m
[34m2025-01-08 16:16:31,802 - DEBUG - Patients [3, 5, 7] have treatment 9 starting at day 4, hour 14.5 using resources [2, 7].[0m
[34m2025-01-08 16:16:31,802 - DEBUG - Patients [6] have treatment 1 starting at day 5, hour 10.0 using resources [8].[0m
[34m2025-01-08 16:16:31,802 - DEBUG - Patients [6] have treatment 1 starting at day 5, hour 11.5 using resources [7].[0m
[34m2025-01-08 16:16:31,802 - DEBUG - Patients [1] have treatment 1 starting at day 5, hour 12.0 using resources [7].[0m
[34m2025-01-08 16:16:31,802 - DEBUG - Patients [5] have treatment 1 starting at day 5, hour 12.5 using resources [7].[0m
[34m2025-01-08 16:16:31,802 - DEBUG - Patients [5] have treatment 1 starting at day 5, hour 14.0 using resources [7].[0m
[34m2025-01-08 16:16:31,802 - DEBUG - Patients [2] have treatment 1 starting at day 5, hour 14.5 using resources [7].[0m
[34m2025-01-08 16:16:31,803 - DEBUG - Patients [5] have treatment 1 starting at day 5, hour 15.0 using resources [7].[0m
[34m2025-01-08 16:16:31,803 - DEBUG - Patients [1] have treatment 1 starting at day 5, hour 15.5 using resources [7].[0m
[34m2025-01-08 16:16:31,803 - DEBUG - Patients [10, 12, 16, 17, 19] have treatment 2 starting at day 5, hour 13.0 using resources [9, 6].[0m
[34m2025-01-08 16:16:31,803 - DEBUG - Patients [10, 11, 12, 16, 17] have treatment 2 starting at day 5, hour 14.5 using resources [0, 6].[0m
[34m2025-01-08 16:16:31,803 - DEBUG - Patients [16, 19] have treatment 4 starting at day 5, hour 9.5 using resources [0, 7].[0m
[34m2025-01-08 16:16:31,803 - DEBUG - Patients [19] have treatment 4 starting at day 5, hour 10.0 using resources [0, 6].[0m
[34m2025-01-08 16:16:31,803 - DEBUG - Patients [12, 17] have treatment 5 starting at day 5, hour 11.5 using resources [5, 6].[0m
[34m2025-01-08 16:16:31,803 - DEBUG - Patients [6, 12] have treatment 5 starting at day 5, hour 14.0 using resources [5, 6].[0m
[34m2025-01-08 16:16:31,803 - DEBUG - Patients [5, 6] have treatment 5 starting at day 5, hour 15.5 using resources [5, 6].[0m
[34m2025-01-08 16:16:31,803 - DEBUG - Patients [4] have treatment 7 starting at day 5, hour 8.0 using resources [8, 6, 5].[0m
[34m2025-01-08 16:16:31,803 - DEBUG - Patients [2] have treatment 7 starting at day 5, hour 9.0 using resources [8, 6, 5].[0m
[34m2025-01-08 16:16:31,803 - DEBUG - Patients [3] have treatment 7 starting at day 5, hour 10.5 using resources [8, 7, 5].[0m
[34m2025-01-08 16:16:31,803 - DEBUG - Patients [0] have treatment 7 starting at day 5, hour 13.0 using resources [8, 7, 5].[0m
[34m2025-01-08 16:16:31,803 - DEBUG - Patients [0, 7, 17] have treatment 9 starting at day 5, hour 8.0 using resources [2, 7].[0m
[34m2025-01-08 16:16:31,803 - DEBUG - Patients [7] have treatment 1 starting at day 6, hour 12.0 using resources [6].[0m
[34m2025-01-08 16:16:31,803 - DEBUG - Patients [6] have treatment 1 starting at day 6, hour 12.0 using resources [7].[0m
[34m2025-01-08 16:16:31,803 - DEBUG - Patients [2] have treatment 1 starting at day 6, hour 12.5 using resources [7].[0m
[34m2025-01-08 16:16:31,803 - DEBUG - Patients [1] have treatment 1 starting at day 6, hour 14.0 using resources [7].[0m
[34m2025-01-08 16:16:31,803 - DEBUG - Patients [10, 11, 14, 16, 17] have treatment 2 starting at day 6, hour 8.0 using resources [9, 6].[0m
[34m2025-01-08 16:16:31,803 - DEBUG - Patients [12, 19] have treatment 3 starting at day 6, hour 8.0 using resources [2, 7].[0m
[34m2025-01-08 16:16:31,803 - DEBUG - Patients [14] have treatment 4 starting at day 6, hour 9.0 using resources [1, 6].[0m
[34m2025-01-08 16:16:31,803 - DEBUG - Patients [5] have treatment 5 starting at day 6, hour 9.5 using resources [5, 6].[0m
[34m2025-01-08 16:16:31,803 - DEBUG - Patients [17] have treatment 5 starting at day 6, hour 10.0 using resources [4, 6].[0m
[34m2025-01-08 16:16:31,803 - DEBUG - Patients [0, 3, 4, 5, 6, 7] have treatment 6 starting at day 6, hour 8.0 using resources [0, 8].[0m
[34m2025-01-08 16:16:31,803 - DEBUG - Patients [0, 3, 4, 6, 7] have treatment 6 starting at day 6, hour 9.5 using resources [0, 8].[0m
[34m2025-01-08 16:16:31,803 - DEBUG - Patients [1, 3] have treatment 7 starting at day 6, hour 11.0 using resources [8, 6, 4].[0m
[34m2025-01-08 16:16:31,803 - DEBUG - Patients [0] have treatment 7 starting at day 6, hour 13.0 using resources [8, 7, 5].[0m
[34m2025-01-08 16:16:31,804 - DEBUG - Patients [2, 6, 10, 14, 16, 17, 19] have treatment 9 starting at day 6, hour 13.0 using resources [0, 6].[0m
[34m2025-01-08 16:16:31,804 - DEBUG - Patients [10, 16] have treatment 9 starting at day 6, hour 14.5 using resources [0, 6].[0m
[34m2025-01-08 16:16:31,804 - DEBUG - Patients [1] have treatment 1 starting at day 7, hour 8.0 using resources [8].[0m
[34m2025-01-08 16:16:31,804 - DEBUG - Patients [3] have treatment 1 starting at day 7, hour 9.5 using resources [8].[0m
[34m2025-01-08 16:16:31,804 - DEBUG - Patients [6] have treatment 1 starting at day 7, hour 9.5 using resources [6].[0m
[34m2025-01-08 16:16:31,804 - DEBUG - Patients [4] have treatment 1 starting at day 7, hour 9.5 using resources [7].[0m
[34m2025-01-08 16:16:31,804 - DEBUG - Patients [8] have treatment 1 starting at day 7, hour 12.0 using resources [6].[0m
[34m2025-01-08 16:16:31,804 - DEBUG - Patients [5] have treatment 1 starting at day 7, hour 12.0 using resources [7].[0m
[34m2025-01-08 16:16:31,804 - DEBUG - Patients [3] have treatment 1 starting at day 7, hour 12.0 using resources [8].[0m
[34m2025-01-08 16:16:31,804 - DEBUG - Patients [7] have treatment 1 starting at day 7, hour 12.5 using resources [6].[0m
[34m2025-01-08 16:16:31,804 - DEBUG - Patients [10] have treatment 4 starting at day 7, hour 9.0 using resources [9, 6].[0m
[34m2025-01-08 16:16:31,804 - DEBUG - Patients [10, 11] have treatment 4 starting at day 7, hour 10.0 using resources [0, 6].[0m
[34m2025-01-08 16:16:31,804 - DEBUG - Patients [14, 17] have treatment 5 starting at day 7, hour 8.0 using resources [5, 6].[0m
[34m2025-01-08 16:16:31,804 - DEBUG - Patients [3, 16] have treatment 5 starting at day 7, hour 8.0 using resources [4, 7].[0m
[34m2025-01-08 16:16:31,804 - DEBUG - Patients [6, 16] have treatment 5 starting at day 7, hour 8.5 using resources [4, 6].[0m
[34m2025-01-08 16:16:31,804 - DEBUG - Patients [0, 14] have treatment 5 starting at day 7, hour 10.0 using resources [5, 7].[0m
[34m2025-01-08 16:16:31,804 - DEBUG - Patients [16, 17] have treatment 5 starting at day 7, hour 10.0 using resources [4, 8].[0m
[34m2025-01-08 16:16:31,804 - DEBUG - Patients [1, 2, 3, 4, 5] have treatment 6 starting at day 7, hour 10.5 using resources [9, 8].[0m
[34m2025-01-08 16:16:31,804 - DEBUG - Patients [1, 2, 4, 5, 6, 7] have treatment 6 starting at day 7, hour 13.0 using resources [1, 8].[0m
[34m2025-01-08 16:16:31,804 - DEBUG - Patients [2, 7] have treatment 7 starting at day 7, hour 8.5 using resources [8, 7, 5].[0m
[34m2025-01-08 16:16:31,804 - DEBUG - Patients [8, 11, 14, 19] have treatment 9 starting at day 7, hour 10.5 using resources [4, 7].[0m
[34m2025-01-08 16:16:31,804 - DEBUG - Patients [0, 8, 11, 17, 19] have treatment 9 starting at day 7, hour 13.0 using resources [2, 6].[0m
[34m2025-01-08 16:16:31,804 - DEBUG - Patients [0, 2, 6, 8, 17] have treatment 9 starting at day 7, hour 14.5 using resources [0, 8].[0m
[34m2025-01-08 16:16:31,804 - DEBUG - Patients [1, 12] have treatment 9 starting at day 7, hour 14.5 using resources [1, 6].[0m
[34m2025-01-08 16:16:31,804 - DEBUG - Patients [0] have treatment 1 starting at day 8, hour 12.0 using resources [6].[0m
[34m2025-01-08 16:16:31,804 - DEBUG - Patients [3] have treatment 1 starting at day 8, hour 12.0 using resources [8].[0m
[34m2025-01-08 16:16:31,804 - DEBUG - Patients [2] have treatment 1 starting at day 8, hour 12.0 using resources [7].[0m
[34m2025-01-08 16:16:31,804 - DEBUG - Patients [7] have treatment 1 starting at day 8, hour 12.5 using resources [6].[0m
[34m2025-01-08 16:16:31,805 - DEBUG - Patients [4] have treatment 1 starting at day 8, hour 12.5 using resources [8].[0m
[34m2025-01-08 16:16:31,805 - DEBUG - Patients [3] have treatment 1 starting at day 8, hour 13.0 using resources [8].[0m
[34m2025-01-08 16:16:31,805 - DEBUG - Patients [10, 16] have treatment 3 starting at day 8, hour 8.0 using resources [9, 6].[0m
[34m2025-01-08 16:16:31,805 - DEBUG - Patients [12, 16, 19] have treatment 3 starting at day 8, hour 10.0 using resources [1, 6].[0m
[34m2025-01-08 16:16:31,805 - DEBUG - Patients [10, 11, 12, 16, 19] have treatment 3 starting at day 8, hour 14.0 using resources [4, 6].[0m
[34m2025-01-08 16:16:31,805 - DEBUG - Patients [11, 14] have treatment 4 starting at day 8, hour 9.0 using resources [0, 7].[0m
[34m2025-01-08 16:16:31,805 - DEBUG - Patients [13, 17] have treatment 4 starting at day 8, hour 9.5 using resources [1, 7].[0m
[34m2025-01-08 16:16:31,805 - DEBUG - Patients [13] have treatment 4 starting at day 8, hour 10.5 using resources [0, 7].[0m
[34m2025-01-08 16:16:31,805 - DEBUG - Patients [7, 8] have treatment 5 starting at day 8, hour 8.0 using resources [4, 7].[0m
[34m2025-01-08 16:16:31,805 - DEBUG - Patients [1] have treatment 5 starting at day 8, hour 8.5 using resources [4, 7].[0m
[34m2025-01-08 16:16:31,805 - DEBUG - Patients [3, 14] have treatment 5 starting at day 8, hour 10.0 using resources [5, 7].[0m
[34m2025-01-08 16:16:31,805 - DEBUG - Patients [4, 8] have treatment 5 starting at day 8, hour 13.0 using resources [5, 6].[0m
[34m2025-01-08 16:16:31,805 - DEBUG - Patients [7, 12] have treatment 5 starting at day 8, hour 13.0 using resources [4, 7].[0m
[34m2025-01-08 16:16:31,805 - DEBUG - Patients [0, 11] have treatment 5 starting at day 8, hour 13.5 using resources [5, 7].[0m
[34m2025-01-08 16:16:31,805 - DEBUG - Patients [5, 14] have treatment 5 starting at day 8, hour 13.5 using resources [4, 6].[0m
[34m2025-01-08 16:16:31,805 - DEBUG - Patients [1, 2, 4, 5, 8] have treatment 6 starting at day 8, hour 9.5 using resources [2, 8].[0m
[34m2025-01-08 16:16:31,805 - DEBUG - Patients [1, 2, 4, 7, 8] have treatment 6 starting at day 8, hour 13.5 using resources [0, 8].[0m
[34m2025-01-08 16:16:31,805 - DEBUG - Patients [2] have treatment 7 starting at day 8, hour 11.0 using resources [8, 7, 4].[0m
[34m2025-01-08 16:16:31,805 - DEBUG - Patients [1, 6] have treatment 7 starting at day 8, hour 15.0 using resources [8, 7, 5].[0m
[34m2025-01-08 16:16:31,805 - DEBUG - Patients [6, 12, 13, 17] have treatment 9 starting at day 8, hour 8.0 using resources [3, 8].[0m
[34m2025-01-08 16:16:31,805 - DEBUG - Patients [9] have treatment 1 starting at day 9, hour 8.5 using resources [8].[0m
[34m2025-01-08 16:16:31,805 - DEBUG - Patients [9] have treatment 1 starting at day 9, hour 9.0 using resources [8].[0m
[34m2025-01-08 16:16:31,805 - DEBUG - Patients [9] have treatment 1 starting at day 9, hour 12.0 using resources [7].[0m
[34m2025-01-08 16:16:31,805 - DEBUG - Patients [5] have treatment 1 starting at day 9, hour 12.0 using resources [8].[0m
[34m2025-01-08 16:16:31,805 - DEBUG - Patients [8] have treatment 1 starting at day 9, hour 12.5 using resources [8].[0m
[34m2025-01-08 16:16:31,805 - DEBUG - Patients [6] have treatment 1 starting at day 9, hour 13.0 using resources [8].[0m
[34m2025-01-08 16:16:31,805 - DEBUG - Patients [6] have treatment 1 starting at day 9, hour 13.5 using resources [7].[0m
[34m2025-01-08 16:16:31,805 - DEBUG - Patients [9] have treatment 1 starting at day 9, hour 14.0 using resources [7].[0m
[34m2025-01-08 16:16:31,806 - DEBUG - Patients [2] have treatment 1 starting at day 9, hour 14.5 using resources [7].[0m
[34m2025-01-08 16:16:31,806 - DEBUG - Patients [3] have treatment 1 starting at day 9, hour 15.0 using resources [7].[0m
[34m2025-01-08 16:16:31,806 - DEBUG - Patients [1] have treatment 1 starting at day 9, hour 15.5 using resources [7].[0m
[34m2025-01-08 16:16:31,806 - DEBUG - Patients [10, 11, 13, 16, 17] have treatment 2 starting at day 9, hour 8.5 using resources [9, 7].[0m
[34m2025-01-08 16:16:31,806 - DEBUG - Patients [10, 13, 14, 16, 17] have treatment 2 starting at day 9, hour 11.0 using resources [9, 7].[0m
[34m2025-01-08 16:16:31,806 - DEBUG - Patients [10, 14, 16, 17, 19] have treatment 2 starting at day 9, hour 14.5 using resources [2, 8].[0m
[34m2025-01-08 16:16:31,806 - DEBUG - Patients [11] have treatment 4 starting at day 9, hour 9.5 using resources [9, 8].[0m
[34m2025-01-08 16:16:31,806 - DEBUG - Patients [12] have treatment 4 starting at day 9, hour 9.5 using resources [2, 7].[0m
[34m2025-01-08 16:16:31,806 - DEBUG - Patients [13, 19] have treatment 5 starting at day 9, hour 8.0 using resources [4, 7].[0m
[34m2025-01-08 16:16:31,806 - DEBUG - Patients [11, 12] have treatment 5 starting at day 9, hour 8.0 using resources [5, 8].[0m
[34m2025-01-08 16:16:31,806 - DEBUG - Patients [8, 12] have treatment 5 starting at day 9, hour 13.0 using resources [5, 7].[0m
[34m2025-01-08 16:16:31,806 - DEBUG - Patients [5] have treatment 5 starting at day 9, hour 13.0 using resources [4, 6].[0m
[34m2025-01-08 16:16:31,806 - DEBUG - Patients [3, 4] have treatment 5 starting at day 9, hour 14.5 using resources [4, 6].[0m
[34m2025-01-08 16:16:31,806 - DEBUG - Patients [1, 4] have treatment 5 starting at day 9, hour 15.0 using resources [5, 6].[0m
[34m2025-01-08 16:16:31,806 - DEBUG - Patients [0] have treatment 5 starting at day 9, hour 15.5 using resources [4, 6].[0m
[34m2025-01-08 16:16:31,806 - DEBUG - Patients [12] have treatment 5 starting at day 9, hour 15.5 using resources [5, 8].[0m
[34m2025-01-08 16:16:31,806 - DEBUG - Patients [3, 7] have treatment 7 starting at day 9, hour 10.0 using resources [8, 7, 5].[0m
[34m2025-01-08 16:16:31,806 - DEBUG - Patients [2] have treatment 7 starting at day 9, hour 11.0 using resources [8, 6, 5].[0m
[34m2025-01-08 16:16:31,806 - DEBUG - Patients [0, 7] have treatment 7 starting at day 9, hour 13.5 using resources [8, 6, 5].[0m
[34m2025-01-08 16:16:31,806 - DEBUG - Patients [1, 4, 5, 7, 8, 14] have treatment 9 starting at day 9, hour 8.0 using resources [0, 6].[0m
[34m2025-01-08 16:16:31,806 - DEBUG - Patients [1, 4, 5, 8, 16] have treatment 9 starting at day 9, hour 9.5 using resources [3, 6].[0m
[34m2025-01-08 16:16:31,811 - DEBUG - Checking solution value.[0m
[34m2025-01-08 16:16:31,811 - DEBUG - Solvers objective function value: 540.0[0m
[34m2025-01-08 16:16:31,812 - DEBUG - (VERIFIER):Treatment value: 0[0m
[34m2025-01-08 16:16:31,812 - DEBUG - (VERIFIER):Delay value: 0[0m
[34m2025-01-08 16:16:31,812 - DEBUG - (VERIFIER):Missing treatment value: 540[0m
[34m2025-01-08 16:16:31,812 - DEBUG - Correct objective function value: 540[0m
[34m2025-01-08 16:16:31,812 - DEBUG - Solution is valid.[0m
[34m2025-01-08 16:16:31,813 - DEBUG - All solvers accepted the solution.[0m
[32m2025-01-08 16:16:31,813 - INFO - Time to find solution: 367.995s with value 540.000000[0m
[32m2025-01-08 16:16:31,813 - INFO - Total Time: 369.778s[0m
