1.NAME: LBBDSolver
2.PARAMS: {'break_symmetry': False, 'add_constraints_to_symmetrc_days': False, 'subsolver_cls': 'CPSubSolver'}
3.INSTANCE: /home/wx350715/Kobra/rehabiliation-admission-scheduling/data/comp_study_002/instance_5_15.txt
4.REPETITION: 1
Current directory: /home/wx350715/Kobra/rehabiliation-admission-scheduling
[34m2025-01-08 15:17:00,149 - DEBUG - Solver: <class 'src.solvers.benders.LBBDSolver'>[0m
[34m2025-01-08 15:17:00,149 - DEBUG - Args: {'break_symmetry': False, 'add_constraints_to_symmetrc_days': False, 'subsolver_cls': 'CPSubSolver'}[0m
[34m2025-01-08 15:17:00,149 - DEBUG - File path /home/wx350715/Kobra/rehabiliation-admission-scheduling/data/comp_study_002/instance_5_15.txt[0m
[34m2025-01-08 15:17:00,149 - DEBUG - ADD INSTANCE DATA[0m
[34m2025-01-08 15:17:00,150 - DEBUG - ADD INSTANCE DATA[0m
[34m2025-01-08 15:17:00,150 - DEBUG - ADD INSTANCE DATA[0m
[34m2025-01-08 15:17:00,150 - DEBUG - ADD INSTANCE DATA[0m
[34m2025-01-08 15:17:00,150 - DEBUG - ADD INSTANCE DATA[0m
[34m2025-01-08 15:17:00,150 - DEBUG - ADD INSTANCE DATA[0m
[34m2025-01-08 15:17:00,150 - DEBUG - ADD INSTANCE DATA[0m
[34m2025-01-08 15:17:00,150 - DEBUG - ADD INSTANCE DATA[0m
[34m2025-01-08 15:17:00,150 - DEBUG - ADD INSTANCE DATA[0m
[34m2025-01-08 15:17:00,150 - DEBUG - ADD INSTANCE DATA[0m
[34m2025-01-08 15:17:00,150 - DEBUG - ADD INSTANCE DATA[0m
[34m2025-01-08 15:17:00,150 - DEBUG - ADD RESOURCE_GROUPS[0m
[34m2025-01-08 15:17:00,150 - DEBUG - ADD RESOURCE_GROUPS[0m
[34m2025-01-08 15:17:00,150 - DEBUG - ADD RESOURCE_GROUPS[0m
[34m2025-01-08 15:17:00,150 - DEBUG - ADD RESOURCE_GROUPS[0m
[34m2025-01-08 15:17:00,150 - DEBUG - ADD RESOURCES[0m
[34m2025-01-08 15:17:00,150 - DEBUG - ADD RESOURCES[0m
[34m2025-01-08 15:17:00,151 - DEBUG - ADD RESOURCES[0m
[34m2025-01-08 15:17:00,151 - DEBUG - ADD RESOURCES[0m
[34m2025-01-08 15:17:00,151 - DEBUG - ADD RESOURCES[0m
[34m2025-01-08 15:17:00,151 - DEBUG - ADD RESOURCES[0m
[34m2025-01-08 15:17:00,151 - DEBUG - ADD RESOURCES[0m
[34m2025-01-08 15:17:00,151 - DEBUG - ADD RESOURCES[0m
[34m2025-01-08 15:17:00,151 - DEBUG - ADD RESOURCES[0m
[34m2025-01-08 15:17:00,151 - DEBUG - ADD RESOURCES[0m
[34m2025-01-08 15:17:00,151 - DEBUG - ADD TREATMENTS[0m
[34m2025-01-08 15:17:00,151 - DEBUG - ADD TREATMENTS[0m
[34m2025-01-08 15:17:00,151 - DEBUG - ADD TREATMENTS[0m
[34m2025-01-08 15:17:00,152 - DEBUG - ADD TREATMENTS[0m
[34m2025-01-08 15:17:00,152 - DEBUG - ADD TREATMENTS[0m
[34m2025-01-08 15:17:00,152 - DEBUG - ADD TREATMENTS[0m
[34m2025-01-08 15:17:00,152 - DEBUG - ADD TREATMENTS[0m
[34m2025-01-08 15:17:00,152 - DEBUG - ADD TREATMENTS[0m
[34m2025-01-08 15:17:00,152 - DEBUG - ADD PATIENTS[0m
[34m2025-01-08 15:17:00,152 - DEBUG - ADD PATIENTS[0m
[34m2025-01-08 15:17:00,152 - DEBUG - ADD PATIENTS[0m
[34m2025-01-08 15:17:00,152 - DEBUG - ADD PATIENTS[0m
[34m2025-01-08 15:17:00,153 - DEBUG - ADD PATIENTS[0m
[34m2025-01-08 15:17:00,153 - DEBUG - ADD PATIENTS[0m
[34m2025-01-08 15:17:00,153 - DEBUG - ADD PATIENTS[0m
[34m2025-01-08 15:17:00,153 - DEBUG - ADD PATIENTS[0m
[34m2025-01-08 15:17:00,153 - DEBUG - ADD PATIENTS[0m
[34m2025-01-08 15:17:00,153 - DEBUG - ADD PATIENTS[0m
[34m2025-01-08 15:17:00,153 - DEBUG - ADD PATIENTS[0m
[34m2025-01-08 15:17:00,153 - DEBUG - ADD PATIENTS[0m
[34m2025-01-08 15:17:00,153 - DEBUG - ADD PATIENTS[0m
[34m2025-01-08 15:17:00,154 - DEBUG - ADD PATIENTS[0m
[34m2025-01-08 15:17:00,154 - DEBUG - ADD PATIENTS[0m
[34m2025-01-08 15:17:00,154 - DEBUG - ADD PATIENTS[0m
[34m2025-01-08 15:17:00,154 - DEBUG - ADD PATIENTS[0m
[34m2025-01-08 15:17:00,154 - DEBUG - ADD PATIENTS[0m
[34m2025-01-08 15:17:00,154 - DEBUG - ADD PATIENTS[0m
[34m2025-01-08 15:17:00,154 - DEBUG - ADD PATIENTS[0m
[34m2025-01-08 15:17:00,154 - DEBUG - ADD PATIENTS[0m
[34m2025-01-08 15:17:00,154 - DEBUG - ADD PATIENTS[0m
[34m2025-01-08 15:17:00,154 - DEBUG - ADD PATIENTS[0m
[34m2025-01-08 15:17:00,155 - DEBUG - ADD PATIENTS[0m
[34m2025-01-08 15:17:00,156 - DEBUG - ADD PATIENTS[0m
[34m2025-01-08 15:17:00,156 - DEBUG - ADD PATIENTS[0m
[34m2025-01-08 15:17:00,156 - DEBUG - ADD PATIENTS[0m
[34m2025-01-08 15:17:00,156 - DEBUG - ADD PATIENTS[0m
[34m2025-01-08 15:17:00,156 - DEBUG - ADD PATIENTS[0m
[34m2025-01-08 15:17:00,156 - DEBUG - ADD PATIENTS[0m
[34m2025-01-08 15:17:00,156 - DEBUG - ADD PATIENTS[0m
[34m2025-01-08 15:17:00,156 - DEBUG - ADD PATIENTS[0m
[34m2025-01-08 15:17:00,156 - DEBUG - ADD PATIENTS[0m
[34m2025-01-08 15:17:00,156 - DEBUG - ADD PATIENTS[0m
[34m2025-01-08 15:17:00,157 - DEBUG - ADD PATIENTS[0m
[34m2025-01-08 15:17:00,157 - DEBUG - ADD PATIENTS[0m
[34m2025-01-08 15:17:00,157 - DEBUG - ADD PATIENTS[0m
[34m2025-01-08 15:17:00,157 - DEBUG - ADD PATIENTS[0m
[34m2025-01-08 15:17:00,157 - DEBUG - ADD PATIENTS[0m
[34m2025-01-08 15:17:00,157 - DEBUG - ADD PATIENTS[0m
[34m2025-01-08 15:17:00,157 - DEBUG - Instance data:[0m
[34m2025-01-08 15:17:00,157 - DEBUG - Number of patients: 40[0m
[34m2025-01-08 15:17:00,157 - DEBUG - Number of beds: 40[0m
[34m2025-01-08 15:17:00,158 - DEBUG - Average number of treatments per patient: 23.325[0m
[34m2025-01-08 15:17:00,158 - DEBUG - Average number of treatment per stayed day: 2.2004716981132075[0m
[34m2025-01-08 15:17:00,158 - DEBUG - Number of treatments: 933[0m
[34m2025-01-08 15:17:00,158 - DEBUG - Number of resources: 10[0m
[34m2025-01-08 15:17:00,158 - DEBUG - Number of resource groups: 4[0m
[34m2025-01-08 15:17:00,158 - DEBUG - Number of resource hours needed per all treatment by RG(therapists): 25.816666666666716[0m
[34m2025-01-08 15:17:00,158 - DEBUG - Number of resource hours needed per all treatment by RG(rooms): 48.36666666666666[0m
[34m2025-01-08 15:17:00,158 - DEBUG - Number of resource hours needed per all treatment by RG(physiotherapist): 15.5[0m
[34m2025-01-08 15:17:00,158 - DEBUG - Number of resource hours needed per all treatment by RG(sport_room): 6.75[0m
[32m2025-01-08 15:17:00,158 - INFO - {'solver': 'LBBDSolver', 'args': {'break_symmetry': False, 'subsolver_cls': <class 'src.solvers.subsolvers.cp_subsolver.CPSubsolver'>, 'subsolver.store_results': True, 'subsolver.store_results_method': 'hash', 'use_helper_constraints': True, 'enforce_min_treatments_per_day': True, 'enforce_max_treatments_per_e_w': True, 'enforce_min_patients_per_treatment': True, 'log_to_console': True}}[0m
[34m2025-01-08 15:17:00,158 - DEBUG - Setting options: LBBDSolver[0m
[34m2025-01-08 15:17:00,158 - DEBUG -  ---- break_symmetry to False[0m
[34m2025-01-08 15:17:00,158 - DEBUG -  ---- subsolver_cls to <class 'src.solvers.subsolvers.cp_subsolver.CPSubsolver'>[0m
[34m2025-01-08 15:17:00,158 - DEBUG -  ---- use_helper_constraints to True[0m
[34m2025-01-08 15:17:00,158 - DEBUG -  ---- add_constraints_to_symmetric_days to True (default)[0m
[34m2025-01-08 15:17:00,158 - DEBUG - Setting options: Solver[0m
[34m2025-01-08 15:17:00,158 - DEBUG -  ---- number_of_threads to 1 (default)[0m
[34m2025-01-08 15:17:00,158 - DEBUG -  ---- treatment_value to 0 (default)[0m
[34m2025-01-08 15:17:00,158 - DEBUG -  ---- delay_value to 1 (default)[0m
[34m2025-01-08 15:17:00,158 - DEBUG -  ---- missing_treatment_value to 4 (default)[0m
[34m2025-01-08 15:17:00,158 - DEBUG -  ---- enforce_min_treatments_per_day to True[0m
[34m2025-01-08 15:17:00,158 - DEBUG -  ---- enforce_max_treatments_per_e_w to True[0m
[34m2025-01-08 15:17:00,158 - DEBUG -  ---- enforce_min_patients_per_treatment to True[0m
[34m2025-01-08 15:17:00,158 - DEBUG -  ---- log_to_console to True[0m
[34m2025-01-08 15:17:00,158 - DEBUG -  ---- log_to_file to True (default)[0m
[34m2025-01-08 15:17:00,195 - DEBUG - Setting options: CPSubsolver[0m
[34m2025-01-08 15:17:00,195 - DEBUG -  ---- estimated_needed_treatments to True (default)[0m
[34m2025-01-08 15:17:00,195 - DEBUG -  ---- add_patient_symmetry to False (default)[0m
[34m2025-01-08 15:17:00,195 - DEBUG - Setting Subsolver options: SubSolver[0m
[34m2025-01-08 15:17:00,195 - DEBUG -  ---- store_results to True[0m
[34m2025-01-08 15:17:00,195 - DEBUG -  ---- store_results_method to hash[0m
[34m2025-01-08 15:17:00,195 - DEBUG -  ---- enforce_min_patients_per_treatment to True[0m
[34m2025-01-08 15:17:00,195 - DEBUG -  ---- use_day_symmetry to True (default)[0m
[32m2025-01-08 15:17:00,223 - INFO - Create model: LBBDSolver[0m
Set parameter TSPort to value 50039
Set parameter TokenServer to value "license.itc.rwth-aachen.de"
Set parameter Threads to value 1
Set parameter LazyConstraints to value 1
[34m2025-01-08 15:17:00,845 - DEBUG - Variables created.[0m
[34m2025-01-08 15:17:02,902 - DEBUG - Constraint (not too many treatments) created.[0m
[34m2025-01-08 15:17:04,331 - DEBUG - Constraint (no_treatments_outside admittance) created.[0m
[34m2025-01-08 15:17:04,332 - DEBUG - Constraint (bed_usage) created.[0m
[34m2025-01-08 15:17:04,332 - DEBUG - Constraint (must be admitted) created.[0m
[34m2025-01-08 15:17:04,542 - DEBUG - Constraint (e_w_ub) created.[0m
[34m2025-01-08 15:17:04,614 - DEBUG - Constraint (day_ub) created.[0m
[34m2025-01-08 15:17:04,685 - DEBUG - Constraint (Day always) created.[0m
[34m2025-01-08 15:17:04,685 - DEBUG - Constraint (already_admitted) created.[0m
[32m2025-01-08 15:17:09,076 - INFO - Time to create model: 8.852[0m
[32m2025-01-08 15:17:09,076 - INFO - Solving model: LBBDSolver[0m
Gurobi Optimizer version 10.0.0 build v10.0.0rc2 (linux64)

CPU model: Intel(R) Xeon(R) Platinum 8468, instruction set [SSE2|AVX|AVX2|AVX512]
Thread count: 96 physical cores, 96 logical processors, using up to 1 threads

Optimize a model with 334025 rows, 140160 columns and 2657247 nonzeros
Model fingerprint: 0x9f823341
Variable types: 3 continuous, 140157 integer (140157 binary)
Coefficient statistics:
  Matrix range     [1e+00, 2e+01]
  Objective range  [1e+00, 1e+01]
  Bounds range     [1e+00, 1e+00]
  RHS range        [1e+00, 4e+03]
Presolve added 0 rows and 2509 columns
Presolve removed 220125 rows and 0 columns
Presolve time: 4.26s
Presolved: 113900 rows, 142669 columns, 1706706 nonzeros
Variable types: 1 continuous, 142668 integer (141689 binary)
Root relaxation presolved: 113341 rows, 142508 columns, 1611631 nonzeros


Root simplex log...

Iteration    Objective       Primal Inf.    Dual Inf.      Time
       0   -4.9117530e+03   3.925563e+03   0.000000e+00      7s
    6820    6.8800000e+02   0.000000e+00   0.000000e+00      7s
    6820    6.8800000e+02   0.000000e+00   0.000000e+00      7s

Use crossover to convert LP symmetric solution to basic solution...

Root crossover log...

       0 DPushes remaining with DInf 0.0000000e+00                 7s

   23790 PPushes remaining with PInf 0.0000000e+00                 7s
       0 PPushes remaining with PInf 0.0000000e+00                 8s

  Push phase complete: Pinf 0.0000000e+00, Dinf 1.6877610e-11      8s


Root simplex log...

Iteration    Objective       Primal Inf.    Dual Inf.      Time
   30619    6.8800000e+02   0.000000e+00   0.000000e+00      8s
   30619    6.8800000e+02   0.000000e+00   0.000000e+00      8s

Root relaxation: objective 6.880000e+02, 30619 iterations, 1.40 seconds (1.74 work units)

    Nodes    |    Current Node    |     Objective Bounds      |     Work
 Expl Unexpl |  Obj  Depth IntInf | Incumbent    BestBd   Gap | It/Node Time

     0     0  688.00000    0 4719          -  688.00000      -     -   20s
     0     0  688.00000    0 3108          -  688.00000      -     -   70s
     0     0  688.00000    0 2520          -  688.00000      -     -   98s
     0     0  688.00000    0   33          -  688.00000      -     -  150s
[32m2025-01-08 15:20:39,121 - INFO - d_prime: 3 d: 3[0m
[32m2025-01-08 15:20:39,124 - INFO - d_prime: 4 d: 3[0m
[32m2025-01-08 15:20:39,126 - INFO - d_prime: 5 d: 3[0m
[32m2025-01-08 15:20:39,127 - INFO - d_prime: 6 d: 3[0m
[32m2025-01-08 15:20:39,128 - INFO - d_prime: 7 d: 3[0m
[32m2025-01-08 15:20:39,129 - INFO - d_prime: 8 d: 3[0m
[32m2025-01-08 15:20:39,131 - INFO - forbidden_vars: ([{0:1},{3:1},{0:1,2:1},{1:1,2:1},{1:1,2:1},{2:1,3:1},{0:2,2:1},{0:1,1:1,2:1},{2:1,7:3},{2:1,3:2,7:1},{2:1,3:3,4:1},{2:1,3:1,7:3}])[0m
[32m2025-01-08 15:20:39,131 - INFO - False[0m
     0     0  688.00000    0   33          -  688.00000      -     -  506s
[32m2025-01-08 15:26:39,549 - INFO - d_prime: 3 d: 3[0m
[32m2025-01-08 15:26:39,550 - INFO - d_prime: 4 d: 3[0m
[32m2025-01-08 15:26:39,551 - INFO - d_prime: 5 d: 3[0m
[32m2025-01-08 15:26:39,552 - INFO - d_prime: 6 d: 3[0m
[32m2025-01-08 15:26:39,553 - INFO - d_prime: 7 d: 3[0m
[32m2025-01-08 15:26:39,554 - INFO - d_prime: 8 d: 3[0m
[32m2025-01-08 15:26:39,555 - INFO - forbidden_vars: ([{0:1},{3:1},{0:1,2:1},{1:1,2:1},{1:1,2:1},{2:1,3:1},{0:2,2:1},{0:1,1:1,2:1},{2:1,7:2},{2:1,3:2,7:1},{2:1,3:3,4:1},{2:1,3:1,7:3}])[0m
[32m2025-01-08 15:26:39,555 - INFO - False[0m
     0     0  688.00000    0   33          -  688.00000      -     -  600s
[32m2025-01-08 15:28:53,802 - INFO - d_prime: 3 d: 3[0m
[32m2025-01-08 15:28:53,804 - INFO - d_prime: 4 d: 3[0m
[32m2025-01-08 15:28:53,805 - INFO - d_prime: 5 d: 3[0m
[32m2025-01-08 15:28:53,806 - INFO - d_prime: 6 d: 3[0m
[32m2025-01-08 15:28:53,807 - INFO - d_prime: 7 d: 3[0m
[32m2025-01-08 15:28:53,808 - INFO - d_prime: 8 d: 3[0m
[32m2025-01-08 15:28:53,809 - INFO - forbidden_vars: ([{0:1},{3:1},{0:1,2:1},{0:1,2:1},{1:1,2:1},{1:1,2:1},{2:1,3:1},{0:1,1:1,2:1},{2:1,7:3},{2:1,3:2,7:1},{2:1,3:3,4:1},{2:1,3:1,7:3}])[0m
[32m2025-01-08 15:28:53,809 - INFO - False[0m
     0     0  688.00000    0   33          -  688.00000      -     -  704s
[32m2025-01-08 15:31:12,047 - INFO - d_prime: 3 d: 3[0m
[32m2025-01-08 15:31:12,048 - INFO - d_prime: 4 d: 3[0m
[32m2025-01-08 15:31:12,049 - INFO - d_prime: 5 d: 3[0m
[32m2025-01-08 15:31:12,050 - INFO - d_prime: 6 d: 3[0m
[32m2025-01-08 15:31:12,051 - INFO - d_prime: 7 d: 3[0m
[32m2025-01-08 15:31:12,052 - INFO - d_prime: 8 d: 3[0m
[32m2025-01-08 15:31:12,054 - INFO - forbidden_vars: ([{0:1},{2:1},{3:1},{0:1,2:1},{1:1,2:1},{2:1,3:1},{0:2,2:1},{0:1,1:1,2:1},{2:1,7:3},{2:1,3:2,7:1},{2:1,3:3,4:1},{2:1,3:1,7:3}])[0m
[32m2025-01-08 15:31:12,054 - INFO - False[0m
     0     0  688.00000    0   33          -  688.00000      -     -  842s
[32m2025-01-08 15:33:29,596 - INFO - d_prime: 3 d: 3[0m
[32m2025-01-08 15:33:29,597 - INFO - d_prime: 4 d: 3[0m
[32m2025-01-08 15:33:29,598 - INFO - d_prime: 5 d: 3[0m
[32m2025-01-08 15:33:29,599 - INFO - d_prime: 6 d: 3[0m
[32m2025-01-08 15:33:29,600 - INFO - d_prime: 7 d: 3[0m
[32m2025-01-08 15:33:29,602 - INFO - d_prime: 8 d: 3[0m
[32m2025-01-08 15:33:29,603 - INFO - forbidden_vars: ([{0:1},{3:1},{0:1,2:1},{1:1,2:1},{1:1,2:1},{2:1,3:1},{0:2,2:1},{0:1,1:1,2:1},{2:1,7:3},{2:1,3:1,7:2},{2:1,3:2,7:1},{2:1,3:3,4:1}])[0m
[32m2025-01-08 15:33:29,603 - INFO - False[0m
[32m2025-01-08 15:33:29,603 - INFO - Number of cuts added: 5 (bad=0, good=5)[0m
[32m2025-01-08 15:33:29,603 - INFO - Unnecessary comps: (0 / 5)[0m
[32m2025-01-08 15:33:29,603 - INFO - Calls to is_day_infeasible: cp_solver=19/ total=70 stored=51[0m
[32m2025-01-08 15:33:29,603 - INFO - Is feasible: 829.4140472412109 0.9996474504729784[0m
[32m2025-01-08 15:33:29,603 - INFO - Subsolver: Solve Model: 828.5207459926605/0.9989583054771346[0m
[32m2025-01-08 15:33:29,603 - INFO - Subsolver: Create Model: 0.8639655113220215/0.0010416945228654277[0m
[32m2025-01-08 15:33:29,604 - INFO - Num_constraints-added: 30[0m
     0     0  688.00000    0   33          -  688.00000      -     -  980s
[32m2025-01-08 15:35:10,850 - INFO - d_prime: 3 d: 3[0m
[32m2025-01-08 15:35:10,870 - INFO - d_prime: 4 d: 3[0m
[32m2025-01-08 15:35:10,871 - INFO - d_prime: 5 d: 3[0m
[32m2025-01-08 15:35:10,872 - INFO - d_prime: 6 d: 3[0m
[32m2025-01-08 15:35:10,873 - INFO - d_prime: 7 d: 3[0m
[32m2025-01-08 15:35:10,875 - INFO - d_prime: 8 d: 3[0m
[32m2025-01-08 15:35:10,877 - INFO - forbidden_vars: ([{0:1},{2:1},{3:1},{0:1,2:1},{1:1,2:1},{2:1,3:1},{0:1,1:1,2:1},{0:1,1:1,2:1},{2:1,7:3},{2:1,3:2,7:1},{2:1,3:3,4:1},{2:1,3:1,7:3}])[0m
[32m2025-01-08 15:35:10,877 - INFO - False[0m
     0     0  688.00000    0    -          -  688.00000      -     - 1112s
     0     0  688.00000    0   89          -  688.00000      -     - 1113s
[32m2025-01-08 15:38:07,622 - INFO - d_prime: 3 d: 3[0m
[32m2025-01-08 15:38:07,638 - INFO - d_prime: 4 d: 3[0m
[32m2025-01-08 15:38:07,640 - INFO - d_prime: 5 d: 3[0m
[32m2025-01-08 15:38:07,641 - INFO - d_prime: 6 d: 3[0m
[32m2025-01-08 15:38:07,642 - INFO - d_prime: 7 d: 3[0m
[32m2025-01-08 15:38:07,643 - INFO - d_prime: 8 d: 3[0m
[32m2025-01-08 15:38:07,645 - INFO - forbidden_vars: ([{0:1},{2:1},{3:1},{0:1,2:1},{1:1,2:1},{2:1,3:1},{0:1,1:1,2:1},{0:1,1:1,2:1},{1:1,2:1,3:2},{2:1,7:3},{2:1,3:3,4:1},{2:1,3:1,7:3}])[0m
[32m2025-01-08 15:38:07,645 - INFO - False[0m
     0     0  688.00000    0   89          -  688.00000      -     - 1726s
[32m2025-01-08 15:48:09,238 - INFO - d_prime: 3 d: 3[0m
[32m2025-01-08 15:48:09,239 - INFO - d_prime: 4 d: 3[0m
[32m2025-01-08 15:48:09,240 - INFO - d_prime: 5 d: 3[0m
[32m2025-01-08 15:48:09,241 - INFO - d_prime: 6 d: 3[0m
[32m2025-01-08 15:48:09,242 - INFO - d_prime: 7 d: 3[0m
[32m2025-01-08 15:48:09,243 - INFO - d_prime: 8 d: 3[0m
[32m2025-01-08 15:48:09,245 - INFO - forbidden_vars: ([{0:1},{2:1},{3:1},{0:1,2:1},{1:1,2:1},{2:1,3:1},{0:1,1:1,2:1},{0:1,1:1,2:1},{2:1,3:2},{2:1,7:3},{2:1,3:3,4:1},{2:1,3:1,7:3}])[0m
[32m2025-01-08 15:48:09,245 - INFO - False[0m
     0     0  688.00000    0   89          -  688.00000      -     - 1860s
H    0     0                     692.0000000  688.00000  0.58%     - 1860s
[32m2025-01-08 15:48:11,231 - INFO - Number of cuts added: 8 (bad=0, good=8)[0m
[32m2025-01-08 15:48:11,231 - INFO - Unnecessary comps: (0 / 8)[0m
[32m2025-01-08 15:48:11,231 - INFO - Calls to is_day_infeasible: cp_solver=36/ total=140 stored=104[0m
[32m2025-01-08 15:48:11,231 - INFO - Is feasible: 1704.8795766830444 0.9996545590423725[0m
[32m2025-01-08 15:48:11,231 - INFO - Subsolver: Solve Model: 1703.211902141571/0.9990743602679539[0m
[32m2025-01-08 15:48:11,231 - INFO - Subsolver: Create Model: 1.5780212879180908/0.0009256397320460573[0m
[32m2025-01-08 15:48:11,231 - INFO - Num_constraints-added: 48[0m
H    0     0                     688.0000000  688.00000  0.00%     - 1862s
     0     0  688.00000    0   89  688.00000  688.00000  0.00%     - 1862s

Cutting planes:
  Gomory: 10
  Cover: 1
  Implied bound: 200
  Clique: 3
  MIR: 39
  Flow cover: 7
  Zero half: 112
  RLT: 23
  Lazy constraints: 48

Explored 1 nodes (200473 simplex iterations) in 1862.04 seconds (219.19 work units)
Thread count was 1 (of 96 available processors)

Solution count 2: 688 692 

Optimal solution found (tolerance 1.00e-04)
Best objective 6.880000000000e+02, best bound 6.880000000000e+02, gap 0.0000%

User-callback calls 5212, time in user-callback 1705.52 sec
[34m2025-01-08 15:48:11,250 - DEBUG - Finished optimization[0m
[34m2025-01-08 15:48:11,250 - DEBUG - Subsolver stats:[0m
[32m2025-01-08 15:48:11,250 - INFO - Number of cuts added: 8 (bad=0, good=8)[0m
[32m2025-01-08 15:48:11,250 - INFO - Unnecessary comps: (0 / 8)[0m
[32m2025-01-08 15:48:11,250 - INFO - Calls to is_day_infeasible: cp_solver=36/ total=140 stored=104[0m
[32m2025-01-08 15:48:11,250 - INFO - Is feasible: 1704.8795766830444 0.9996545590423725[0m
[32m2025-01-08 15:48:11,250 - INFO - Subsolver: Solve Model: 1703.211902141571/0.9990743602679539[0m
[32m2025-01-08 15:48:11,250 - INFO - Subsolver: Create Model: 1.5780212879180908/0.0009256397320460573[0m
[32m2025-01-08 15:48:11,250 - INFO - Num_constraints-added: 48[0m
[32m2025-01-08 15:48:11,251 - INFO - Optimal solution found.[0m
[34m2025-01-08 15:48:11,251 - DEBUG - Sub Objectives:[0m
[34m2025-01-08 15:48:11,251 - DEBUG - (SOLVER):Minimize Delay: 0.0[0m
[34m2025-01-08 15:48:11,251 - DEBUG - (SOLVER):Minimize Missing Treatments: 688.0[0m
[32m2025-01-08 15:48:11,251 - INFO - All cuts [defaultdict(<class 'dict'>, {P(patient20): {T(music_therapy): 1, T(group_therapy): 1}, P(patient21): {T(music_therapy): 1}, P(patient23): {T(music_therapy): 2, T(group_therapy): 1}, P(patient27): {T(music_therapy): 1, T(bath): 1, T(group_therapy): 1}, P(patient22): {T(bath): 1, T(group_therapy): 1}, P(patient24): {T(bath): 1, T(group_therapy): 1}, P(patient0): {T(group_therapy): 1, T(knitting): 1}, P(patient1): {T(group_therapy): 1, T(knitting): 3, T(trust_exercise): 1}, P(patient2): {T(group_therapy): 1, T(physio): 3}, P(patient3): {T(group_therapy): 1, T(knitting): 1, T(physio): 3}, P(patient4): {T(group_therapy): 1, T(knitting): 2, T(physio): 1}, P(patient7): {T(knitting): 1}}), defaultdict(<class 'dict'>, {P(patient20): {T(music_therapy): 1, T(group_therapy): 1}, P(patient21): {T(music_therapy): 1}, P(patient23): {T(music_therapy): 2, T(group_therapy): 1}, P(patient27): {T(music_therapy): 1, T(bath): 1, T(group_therapy): 1}, P(patient22): {T(bath): 1, T(group_therapy): 1}, P(patient24): {T(bath): 1, T(group_therapy): 1}, P(patient0): {T(group_therapy): 1, T(knitting): 1}, P(patient1): {T(group_therapy): 1, T(knitting): 3, T(trust_exercise): 1}, P(patient2): {T(group_therapy): 1, T(physio): 2}, P(patient3): {T(group_therapy): 1, T(knitting): 1, T(physio): 3}, P(patient4): {T(group_therapy): 1, T(knitting): 2, T(physio): 1}, P(patient7): {T(knitting): 1}}), defaultdict(<class 'dict'>, {P(patient20): {T(music_therapy): 1, T(group_therapy): 1}, P(patient21): {T(music_therapy): 1}, P(patient23): {T(music_therapy): 1, T(group_therapy): 1}, P(patient27): {T(music_therapy): 1, T(bath): 1, T(group_therapy): 1}, P(patient22): {T(bath): 1, T(group_therapy): 1}, P(patient24): {T(bath): 1, T(group_therapy): 1}, P(patient0): {T(group_therapy): 1, T(knitting): 1}, P(patient1): {T(group_therapy): 1, T(knitting): 3, T(trust_exercise): 1}, P(patient2): {T(group_therapy): 1, T(physio): 3}, P(patient3): {T(group_therapy): 1, T(knitting): 1, T(physio): 3}, P(patient4): {T(group_therapy): 1, T(knitting): 2, T(physio): 1}, P(patient7): {T(knitting): 1}}), defaultdict(<class 'dict'>, {P(patient20): {T(music_therapy): 1, T(group_therapy): 1}, P(patient21): {T(music_therapy): 1}, P(patient23): {T(music_therapy): 2, T(group_therapy): 1}, P(patient27): {T(music_therapy): 1, T(bath): 1, T(group_therapy): 1}, P(patient24): {T(bath): 1, T(group_therapy): 1}, P(patient0): {T(group_therapy): 1, T(knitting): 1}, P(patient1): {T(group_therapy): 1, T(knitting): 3, T(trust_exercise): 1}, P(patient2): {T(group_therapy): 1, T(physio): 3}, P(patient3): {T(group_therapy): 1, T(knitting): 1, T(physio): 3}, P(patient4): {T(group_therapy): 1, T(knitting): 2, T(physio): 1}, P(patient22): {T(group_therapy): 1}, P(patient7): {T(knitting): 1}}), defaultdict(<class 'dict'>, {P(patient20): {T(music_therapy): 1, T(group_therapy): 1}, P(patient21): {T(music_therapy): 1}, P(patient23): {T(music_therapy): 2, T(group_therapy): 1}, P(patient27): {T(music_therapy): 1, T(bath): 1, T(group_therapy): 1}, P(patient22): {T(bath): 1, T(group_therapy): 1}, P(patient24): {T(bath): 1, T(group_therapy): 1}, P(patient0): {T(group_therapy): 1, T(knitting): 1}, P(patient1): {T(group_therapy): 1, T(knitting): 3, T(trust_exercise): 1}, P(patient2): {T(group_therapy): 1, T(physio): 3}, P(patient3): {T(group_therapy): 1, T(knitting): 1, T(physio): 2}, P(patient4): {T(group_therapy): 1, T(knitting): 2, T(physio): 1}, P(patient7): {T(knitting): 1}}), defaultdict(<class 'dict'>, {P(patient20): {T(music_therapy): 1, T(bath): 1, T(group_therapy): 1}, P(patient21): {T(music_therapy): 1}, P(patient23): {T(music_therapy): 1, T(group_therapy): 1}, P(patient27): {T(music_therapy): 1, T(bath): 1, T(group_therapy): 1}, P(patient24): {T(bath): 1, T(group_therapy): 1}, P(patient0): {T(group_therapy): 1, T(knitting): 1}, P(patient1): {T(group_therapy): 1, T(knitting): 3, T(trust_exercise): 1}, P(patient2): {T(group_therapy): 1, T(physio): 3}, P(patient3): {T(group_therapy): 1, T(knitting): 1, T(physio): 3}, P(patient4): {T(group_therapy): 1, T(knitting): 2, T(physio): 1}, P(patient22): {T(group_therapy): 1}, P(patient7): {T(knitting): 1}}), defaultdict(<class 'dict'>, {P(patient20): {T(music_therapy): 1, T(bath): 1, T(group_therapy): 1}, P(patient21): {T(music_therapy): 1}, P(patient23): {T(music_therapy): 1, T(group_therapy): 1}, P(patient27): {T(music_therapy): 1, T(bath): 1, T(group_therapy): 1}, P(patient4): {T(bath): 1, T(group_therapy): 1, T(knitting): 2}, P(patient24): {T(bath): 1, T(group_therapy): 1}, P(patient0): {T(group_therapy): 1, T(knitting): 1}, P(patient1): {T(group_therapy): 1, T(knitting): 3, T(trust_exercise): 1}, P(patient2): {T(group_therapy): 1, T(physio): 3}, P(patient3): {T(group_therapy): 1, T(knitting): 1, T(physio): 3}, P(patient22): {T(group_therapy): 1}, P(patient7): {T(knitting): 1}}), defaultdict(<class 'dict'>, {P(patient20): {T(music_therapy): 1, T(bath): 1, T(group_therapy): 1}, P(patient21): {T(music_therapy): 1}, P(patient23): {T(music_therapy): 1, T(group_therapy): 1}, P(patient27): {T(music_therapy): 1, T(bath): 1, T(group_therapy): 1}, P(patient24): {T(bath): 1, T(group_therapy): 1}, P(patient0): {T(group_therapy): 1, T(knitting): 1}, P(patient1): {T(group_therapy): 1, T(knitting): 3, T(trust_exercise): 1}, P(patient2): {T(group_therapy): 1, T(physio): 3}, P(patient3): {T(group_therapy): 1, T(knitting): 1, T(physio): 3}, P(patient4): {T(group_therapy): 1, T(knitting): 2}, P(patient22): {T(group_therapy): 1}, P(patient7): {T(knitting): 1}})][0m
[32m2025-01-08 15:48:11,258 - INFO - All cuts ['([{0:1},{3:1},{0:1,2:1},{1:1,2:1},{1:1,2:1},{2:1,3:1},{0:2,2:1},{0:1,1:1,2:1},{2:1,7:3},{2:1,3:2,7:1},{2:1,3:3,4:1},{2:1,3:1,7:3}])', '([{0:1},{3:1},{0:1,2:1},{1:1,2:1},{1:1,2:1},{2:1,3:1},{0:2,2:1},{0:1,1:1,2:1},{2:1,7:2},{2:1,3:2,7:1},{2:1,3:3,4:1},{2:1,3:1,7:3}])', '([{0:1},{3:1},{0:1,2:1},{0:1,2:1},{1:1,2:1},{1:1,2:1},{2:1,3:1},{0:1,1:1,2:1},{2:1,7:3},{2:1,3:2,7:1},{2:1,3:3,4:1},{2:1,3:1,7:3}])', '([{0:1},{2:1},{3:1},{0:1,2:1},{1:1,2:1},{2:1,3:1},{0:2,2:1},{0:1,1:1,2:1},{2:1,7:3},{2:1,3:2,7:1},{2:1,3:3,4:1},{2:1,3:1,7:3}])', '([{0:1},{3:1},{0:1,2:1},{1:1,2:1},{1:1,2:1},{2:1,3:1},{0:2,2:1},{0:1,1:1,2:1},{2:1,7:3},{2:1,3:1,7:2},{2:1,3:2,7:1},{2:1,3:3,4:1}])', '([{0:1},{2:1},{3:1},{0:1,2:1},{1:1,2:1},{2:1,3:1},{0:1,1:1,2:1},{0:1,1:1,2:1},{2:1,7:3},{2:1,3:2,7:1},{2:1,3:3,4:1},{2:1,3:1,7:3}])', '([{0:1},{2:1},{3:1},{0:1,2:1},{1:1,2:1},{2:1,3:1},{0:1,1:1,2:1},{0:1,1:1,2:1},{1:1,2:1,3:2},{2:1,7:3},{2:1,3:3,4:1},{2:1,3:1,7:3}])', '([{0:1},{2:1},{3:1},{0:1,2:1},{1:1,2:1},{2:1,3:1},{0:1,1:1,2:1},{0:1,1:1,2:1},{2:1,3:2},{2:1,7:3},{2:1,3:3,4:1},{2:1,3:1,7:3}])'][0m
[34m2025-01-08 15:55:40,795 - DEBUG - Patient 0 is admitted at day 0.[0m
[34m2025-01-08 15:55:40,796 - DEBUG - Patient 1 is admitted at day 1.[0m
[34m2025-01-08 15:55:40,796 - DEBUG - Patient 2 is admitted at day 2.[0m
[34m2025-01-08 15:55:40,796 - DEBUG - Patient 3 is admitted at day 2.[0m
[34m2025-01-08 15:55:40,796 - DEBUG - Patient 4 is admitted at day 3.[0m
[34m2025-01-08 15:55:40,796 - DEBUG - Patient 5 is admitted at day 4.[0m
[34m2025-01-08 15:55:40,796 - DEBUG - Patient 6 is admitted at day 5.[0m
[34m2025-01-08 15:55:40,796 - DEBUG - Patient 7 is admitted at day 2.[0m
[34m2025-01-08 15:55:40,796 - DEBUG - Patient 8 is admitted at day 7.[0m
[34m2025-01-08 15:55:40,796 - DEBUG - Patient 9 is admitted at day 9.[0m
[34m2025-01-08 15:55:40,796 - DEBUG - Patient 10 is admitted at day 8.[0m
[34m2025-01-08 15:55:40,796 - DEBUG - Patient 11 is admitted at day 7.[0m
[34m2025-01-08 15:55:40,796 - DEBUG - Patient 12 is admitted at day 7.[0m
[34m2025-01-08 15:55:40,796 - DEBUG - Patient 13 is admitted at day 8.[0m
[34m2025-01-08 15:55:40,797 - DEBUG - Patient 14 is admitted at day 7.[0m
[34m2025-01-08 15:55:40,797 - DEBUG - Patient 15 is admitted at day 7.[0m
[34m2025-01-08 15:55:40,797 - DEBUG - Patient 16 is admitted at day 7.[0m
[34m2025-01-08 15:55:40,797 - DEBUG - Patient 17 is admitted at day 7.[0m
[34m2025-01-08 15:55:40,797 - DEBUG - Patient 18 is admitted at day 7.[0m
[34m2025-01-08 15:55:40,797 - DEBUG - Patient 19 is admitted at day 7.[0m
[34m2025-01-08 15:55:40,797 - DEBUG - Patient 20 is admitted at day 0.[0m
[34m2025-01-08 15:55:40,797 - DEBUG - Patient 21 is admitted at day 1.[0m
[34m2025-01-08 15:55:40,797 - DEBUG - Patient 22 is admitted at day 2.[0m
[34m2025-01-08 15:55:40,797 - DEBUG - Patient 23 is admitted at day 2.[0m
[34m2025-01-08 15:55:40,797 - DEBUG - Patient 24 is admitted at day 3.[0m
[34m2025-01-08 15:55:40,797 - DEBUG - Patient 25 is admitted at day 4.[0m
[34m2025-01-08 15:55:40,828 - DEBUG - Patient 26 is admitted at day 5.[0m
[34m2025-01-08 15:55:40,829 - DEBUG - Patient 27 is admitted at day 2.[0m
[34m2025-01-08 15:55:40,829 - DEBUG - Patient 28 is admitted at day 7.[0m
[34m2025-01-08 15:55:40,829 - DEBUG - Patient 29 is admitted at day 9.[0m
[34m2025-01-08 15:55:40,829 - DEBUG - Patient 30 is admitted at day 8.[0m
[34m2025-01-08 15:55:40,829 - DEBUG - Patient 31 is admitted at day 7.[0m
[34m2025-01-08 15:55:40,829 - DEBUG - Patient 32 is admitted at day 7.[0m
[34m2025-01-08 15:55:40,829 - DEBUG - Patient 33 is admitted at day 8.[0m
[34m2025-01-08 15:55:40,829 - DEBUG - Patient 34 is admitted at day 7.[0m
[34m2025-01-08 15:55:40,829 - DEBUG - Patient 35 is admitted at day 7.[0m
[34m2025-01-08 15:55:40,829 - DEBUG - Patient 36 is admitted at day 7.[0m
[34m2025-01-08 15:55:40,829 - DEBUG - Patient 37 is admitted at day 7.[0m
[34m2025-01-08 15:55:40,829 - DEBUG - Patient 38 is admitted at day 7.[0m
[34m2025-01-08 15:55:40,829 - DEBUG - Patient 39 is admitted at day 7.[0m
[34m2025-01-08 15:55:40,829 - DEBUG - Patients [0, 20] have treatment 0 starting at day 0, hour 8.0 using resources [1, 2, 7].[0m
[34m2025-01-08 15:55:40,829 - DEBUG - Patients [0] have treatment 1 starting at day 0, hour 13.0 using resources [3].[0m
[34m2025-01-08 15:55:40,829 - DEBUG - Patients [0] have treatment 1 starting at day 0, hour 13.5 using resources [5].[0m
[34m2025-01-08 15:55:40,829 - DEBUG - Patients [20] have treatment 1 starting at day 0, hour 14.0 using resources [5].[0m
[34m2025-01-08 15:55:40,829 - DEBUG - Patients [20] have treatment 1 starting at day 0, hour 14.5 using resources [5].[0m
[34m2025-01-08 15:55:40,829 - DEBUG - Patients [20, 21] have treatment 0 starting at day 1, hour 8.0 using resources [1, 2, 7].[0m
[34m2025-01-08 15:55:40,829 - DEBUG - Patients [0, 20] have treatment 0 starting at day 1, hour 10.0 using resources [1, 6, 3].[0m
[34m2025-01-08 15:55:40,829 - DEBUG - Patients [20] have treatment 1 starting at day 1, hour 10.75 using resources [3].[0m
[34m2025-01-08 15:55:40,829 - DEBUG - Patients [0, 1] have treatment 3 starting at day 1, hour 8.0 using resources [8, 3].[0m
[34m2025-01-08 15:55:40,829 - DEBUG - Patients [0] have treatment 5 starting at day 1, hour 10.75 using resources [6, 9, 5].[0m
[34m2025-01-08 15:55:40,829 - DEBUG - Patients [1] have treatment 5 starting at day 1, hour 11.25 using resources [6, 9, 5].[0m
[34m2025-01-08 15:55:40,829 - DEBUG - Patients [1] have treatment 5 starting at day 1, hour 13.0 using resources [6, 9, 3].[0m
[34m2025-01-08 15:55:40,829 - DEBUG - Patients [1] have treatment 5 starting at day 1, hour 13.5 using resources [6, 9, 7].[0m
[34m2025-01-08 15:55:40,829 - DEBUG - Patients [22] have treatment 1 starting at day 2, hour 8.0 using resources [5].[0m
[34m2025-01-08 15:55:40,829 - DEBUG - Patients [21] have treatment 1 starting at day 2, hour 8.5 using resources [5].[0m
[34m2025-01-08 15:55:40,830 - DEBUG - Patients [21] have treatment 1 starting at day 2, hour 9.0 using resources [5].[0m
[34m2025-01-08 15:55:40,830 - DEBUG - Patients [20] have treatment 1 starting at day 2, hour 9.5 using resources [5].[0m
[34m2025-01-08 15:55:40,830 - DEBUG - Patients [1] have treatment 1 starting at day 2, hour 9.5 using resources [4].[0m
[34m2025-01-08 15:55:40,830 - DEBUG - Patients [0, 1, 2, 3, 7, 20, 21, 22, 23, 27] have treatment 2 starting at day 2, hour 15.25 using resources [6, 4].[0m
[34m2025-01-08 15:55:40,830 - DEBUG - Patients [1, 3, 7] have treatment 3 starting at day 2, hour 10.0 using resources [0, 5].[0m
[34m2025-01-08 15:55:40,830 - DEBUG - Patients [1, 7] have treatment 3 starting at day 2, hour 13.25 using resources [6, 3].[0m
[34m2025-01-08 15:55:40,830 - DEBUG - Patients [1, 3] have treatment 7 starting at day 2, hour 8.0 using resources [7, 3, 9].[0m
[34m2025-01-08 15:55:40,830 - DEBUG - Patients [2, 3] have treatment 7 starting at day 2, hour 9.0 using resources [7, 3, 9].[0m
[34m2025-01-08 15:55:40,830 - DEBUG - Patients [2] have treatment 7 starting at day 2, hour 10.0 using resources [7, 3, 9].[0m
[34m2025-01-08 15:55:40,836 - DEBUG - Patients [2] have treatment 7 starting at day 2, hour 11.0 using resources [7, 3, 9].[0m
[34m2025-01-08 15:55:40,836 - DEBUG - Patients [3] have treatment 7 starting at day 2, hour 13.0 using resources [7, 5, 9].[0m
[34m2025-01-08 15:55:40,836 - DEBUG - Patients [20, 21, 23, 27] have treatment 0 starting at day 3, hour 10.0 using resources [1, 6, 5].[0m
[34m2025-01-08 15:55:40,836 - DEBUG - Patients [24] have treatment 1 starting at day 3, hour 8.0 using resources [4].[0m
[34m2025-01-08 15:55:40,836 - DEBUG - Patients [20] have treatment 1 starting at day 3, hour 13.0 using resources [3].[0m
[34m2025-01-08 15:55:40,837 - DEBUG - Patients [27] have treatment 1 starting at day 3, hour 13.5 using resources [3].[0m
[34m2025-01-08 15:55:40,837 - DEBUG - Patients [0, 1, 2, 3, 4, 20, 22, 23, 24, 27] have treatment 2 starting at day 3, hour 15.0 using resources [1, 5].[0m
[34m2025-01-08 15:55:40,837 - DEBUG - Patients [1, 7] have treatment 3 starting at day 3, hour 8.0 using resources [0, 5].[0m
[34m2025-01-08 15:55:40,837 - DEBUG - Patients [1, 4] have treatment 3 starting at day 3, hour 10.0 using resources [0, 4].[0m
[34m2025-01-08 15:55:40,837 - DEBUG - Patients [0, 4] have treatment 3 starting at day 3, hour 13.0 using resources [0, 5].[0m
[34m2025-01-08 15:55:40,837 - DEBUG - Patients [1, 3] have treatment 3 starting at day 3, hour 13.0 using resources [8, 7].[0m
[34m2025-01-08 15:55:40,837 - DEBUG - Patients [3, 4] have treatment 7 starting at day 3, hour 8.0 using resources [7, 3, 9].[0m
[34m2025-01-08 15:55:40,837 - DEBUG - Patients [2, 3] have treatment 7 starting at day 3, hour 9.0 using resources [7, 3, 9].[0m
[34m2025-01-08 15:55:40,837 - DEBUG - Patients [2, 3] have treatment 7 starting at day 3, hour 10.0 using resources [7, 3, 9].[0m
[34m2025-01-08 15:55:40,837 - DEBUG - Patients [2] have treatment 7 starting at day 3, hour 11.0 using resources [7, 3, 9].[0m
[34m2025-01-08 15:55:40,837 - DEBUG - Patients [5, 7, 20, 23, 27] have treatment 0 starting at day 4, hour 9.0 using resources [1, 8, 5].[0m
[34m2025-01-08 15:55:40,837 - DEBUG - Patients [3, 4, 20, 23] have treatment 0 starting at day 4, hour 10.25 using resources [0, 1, 5].[0m
[34m2025-01-08 15:55:40,837 - DEBUG - Patients [3, 20] have treatment 0 starting at day 4, hour 11.0 using resources [0, 1, 5].[0m
[34m2025-01-08 15:55:40,837 - DEBUG - Patients [3, 4] have treatment 0 starting at day 4, hour 13.25 using resources [8, 6, 5].[0m
[34m2025-01-08 15:55:40,837 - DEBUG - Patients [27] have treatment 1 starting at day 4, hour 8.0 using resources [5].[0m
[34m2025-01-08 15:55:40,837 - DEBUG - Patients [25] have treatment 1 starting at day 4, hour 8.25 using resources [3].[0m
[34m2025-01-08 15:55:40,837 - DEBUG - Patients [24] have treatment 1 starting at day 4, hour 8.75 using resources [3].[0m
[34m2025-01-08 15:55:40,837 - DEBUG - Patients [21] have treatment 1 starting at day 4, hour 8.75 using resources [4].[0m
[34m2025-01-08 15:55:40,837 - DEBUG - Patients [22] have treatment 1 starting at day 4, hour 13.0 using resources [3].[0m
[34m2025-01-08 15:55:40,837 - DEBUG - Patients [22] have treatment 1 starting at day 4, hour 14.0 using resources [3].[0m
[34m2025-01-08 15:55:40,837 - DEBUG - Patients [0, 2, 3, 4, 5, 20, 21, 22, 24, 25] have treatment 2 starting at day 4, hour 14.5 using resources [8, 3].[0m
[34m2025-01-08 15:55:40,837 - DEBUG - Patients [1] have treatment 4 starting at day 4, hour 10.25 using resources [2, 3].[0m
[34m2025-01-08 15:55:40,837 - DEBUG - Patients [2] have treatment 4 starting at day 4, hour 13.5 using resources [0, 3].[0m
[34m2025-01-08 15:55:40,837 - DEBUG - Patients [1, 4] have treatment 7 starting at day 4, hour 9.25 using resources [7, 3, 9].[0m
[34m2025-01-08 15:55:40,837 - DEBUG - Patients [1] have treatment 7 starting at day 4, hour 10.75 using resources [7, 3, 9].[0m
[34m2025-01-08 15:55:40,837 - DEBUG - Patients [6, 7, 24, 25, 26] have treatment 0 starting at day 5, hour 9.0 using resources [1, 2, 5].[0m
[34m2025-01-08 15:55:40,887 - DEBUG - Patients [0, 24] have treatment 0 starting at day 5, hour 9.75 using resources [0, 1, 5].[0m
[34m2025-01-08 15:55:40,887 - DEBUG - Patients [27] have treatment 1 starting at day 5, hour 8.0 using resources [5].[0m
[34m2025-01-08 15:55:40,887 - DEBUG - Patients [24] have treatment 1 starting at day 5, hour 8.5 using resources [5].[0m
[34m2025-01-08 15:55:40,887 - DEBUG - Patients [23] have treatment 1 starting at day 5, hour 9.0 using resources [3].[0m
[34m2025-01-08 15:55:40,887 - DEBUG - Patients [23] have treatment 1 starting at day 5, hour 9.5 using resources [3].[0m
[34m2025-01-08 15:55:40,887 - DEBUG - Patients [22] have treatment 1 starting at day 5, hour 10.0 using resources [3].[0m
[34m2025-01-08 15:55:40,887 - DEBUG - Patients [21] have treatment 1 starting at day 5, hour 11.5 using resources [3].[0m
[34m2025-01-08 15:55:40,887 - DEBUG - Patients [20] have treatment 1 starting at day 5, hour 15.5 using resources [3].[0m
[34m2025-01-08 15:55:40,887 - DEBUG - Patients [1, 2, 4, 20, 21, 22, 23, 24, 25, 26] have treatment 2 starting at day 5, hour 13.0 using resources [0, 3].[0m
[34m2025-01-08 15:55:40,887 - DEBUG - Patients [0, 1, 2, 3, 4, 5, 6, 20, 21, 22] have treatment 2 starting at day 5, hour 13.75 using resources [0, 3].[0m
[34m2025-01-08 15:55:40,887 - DEBUG - Patients [4] have treatment 4 starting at day 5, hour 14.5 using resources [0, 3].[0m
[34m2025-01-08 15:55:40,887 - DEBUG - Patients [5] have treatment 4 starting at day 5, hour 15.0 using resources [0, 3].[0m
[34m2025-01-08 15:55:40,887 - DEBUG - Patients [3, 4] have treatment 7 starting at day 5, hour 8.0 using resources [7, 3, 9].[0m
[34m2025-01-08 15:55:40,887 - DEBUG - Patients [1] have treatment 7 starting at day 5, hour 10.5 using resources [7, 3, 9].[0m
[34m2025-01-08 15:55:40,887 - DEBUG - Patients [6, 7, 21, 24, 26] have treatment 0 starting at day 6, hour 10.0 using resources [1, 2, 4].[0m
[34m2025-01-08 15:55:40,887 - DEBUG - Patients [1, 5, 6, 21, 24] have treatment 0 starting at day 6, hour 13.0 using resources [0, 1, 5].[0m
[34m2025-01-08 15:55:40,887 - DEBUG - Patients [1, 5, 21, 24] have treatment 0 starting at day 6, hour 13.75 using resources [0, 1, 5].[0m
[34m2025-01-08 15:55:40,887 - DEBUG - Patients [0, 24] have treatment 0 starting at day 6, hour 14.5 using resources [0, 1, 5].[0m
[34m2025-01-08 15:55:40,887 - DEBUG - Patients [23] have treatment 1 starting at day 6, hour 8.0 using resources [5].[0m
[34m2025-01-08 15:55:40,887 - DEBUG - Patients [27] have treatment 1 starting at day 6, hour 8.5 using resources [5].[0m
[34m2025-01-08 15:55:40,887 - DEBUG - Patients [25] have treatment 1 starting at day 6, hour 9.0 using resources [5].[0m
[34m2025-01-08 15:55:40,888 - DEBUG - Patients [25] have treatment 1 starting at day 6, hour 9.5 using resources [5].[0m
[34m2025-01-08 15:55:40,888 - DEBUG - Patients [23] have treatment 1 starting at day 6, hour 10.0 using resources [5].[0m
[34m2025-01-08 15:55:40,888 - DEBUG - Patients [22] have treatment 1 starting at day 6, hour 10.5 using resources [5].[0m
[34m2025-01-08 15:55:40,888 - DEBUG - Patients [4] have treatment 1 starting at day 6, hour 11.0 using resources [5].[0m
[34m2025-01-08 15:55:40,888 - DEBUG - Patients [3] have treatment 1 starting at day 6, hour 11.5 using resources [5].[0m
[34m2025-01-08 15:55:40,888 - DEBUG - Patients [3] have treatment 1 starting at day 6, hour 13.0 using resources [3].[0m
[34m2025-01-08 15:55:40,888 - DEBUG - Patients [3] have treatment 1 starting at day 6, hour 13.5 using resources [3].[0m
[34m2025-01-08 15:55:40,888 - DEBUG - Patients [2] have treatment 1 starting at day 6, hour 14.0 using resources [3].[0m
[34m2025-01-08 15:55:40,888 - DEBUG - Patients [2] have treatment 1 starting at day 6, hour 14.5 using resources [3].[0m
[34m2025-01-08 15:55:40,888 - DEBUG - Patients [2] have treatment 1 starting at day 6, hour 15.0 using resources [3].[0m
[34m2025-01-08 15:55:40,888 - DEBUG - Patients [0] have treatment 1 starting at day 6, hour 15.5 using resources [3].[0m
[34m2025-01-08 15:55:40,895 - DEBUG - Patients [0, 4] have treatment 3 starting at day 6, hour 8.0 using resources [2, 3].[0m
[34m2025-01-08 15:55:40,895 - DEBUG - Patients [1, 4] have treatment 7 starting at day 6, hour 10.0 using resources [7, 3, 9].[0m
[34m2025-01-08 15:55:40,895 - DEBUG - Patients [1] have treatment 7 starting at day 6, hour 11.0 using resources [7, 3, 9].[0m
[34m2025-01-08 15:55:40,895 - DEBUG - Patients [1, 14, 17, 23, 24] have treatment 0 starting at day 7, hour 11.25 using resources [3, 6, 7].[0m
[34m2025-01-08 15:55:40,895 - DEBUG - Patients [4, 19, 23, 26] have treatment 0 starting at day 7, hour 13.5 using resources [8, 6, 5].[0m
[34m2025-01-08 15:55:40,895 - DEBUG - Patients [1, 16, 19, 23, 25] have treatment 0 starting at day 7, hour 15.0 using resources [1, 8, 4].[0m
[34m2025-01-08 15:55:40,895 - DEBUG - Patients [26, 27, 31, 32, 36] have treatment 0 starting at day 7, hour 15.0 using resources [0, 6, 7].[0m
[34m2025-01-08 15:55:40,895 - DEBUG - Patients [17] have treatment 1 starting at day 7, hour 9.5 using resources [4].[0m
[34m2025-01-08 15:55:40,895 - DEBUG - Patients [34] have treatment 1 starting at day 7, hour 9.5 using resources [5].[0m
[34m2025-01-08 15:55:40,895 - DEBUG - Patients [37] have treatment 1 starting at day 7, hour 13.0 using resources [5].[0m
[34m2025-01-08 15:55:40,895 - DEBUG - Patients [7] have treatment 1 starting at day 7, hour 14.0 using resources [7].[0m
[34m2025-01-08 15:55:40,895 - DEBUG - Patients [34] have treatment 1 starting at day 7, hour 15.0 using resources [5].[0m
[34m2025-01-08 15:55:40,895 - DEBUG - Patients [3] have treatment 1 starting at day 7, hour 15.5 using resources [5].[0m
[34m2025-01-08 15:55:40,895 - DEBUG - Patients [11, 12, 14, 15, 18, 19, 21, 35, 36, 39] have treatment 2 starting at day 7, hour 8.0 using resources [6, 4].[0m
[34m2025-01-08 15:55:40,895 - DEBUG - Patients [0, 1, 7, 8, 11, 16, 32, 36, 38, 39] have treatment 2 starting at day 7, hour 13.0 using resources [2, 3].[0m
[34m2025-01-08 15:55:40,895 - DEBUG - Patients [11, 14, 15, 19, 21, 22, 24, 28, 31, 35, 37] have treatment 2 starting at day 7, hour 14.25 using resources [8, 5].[0m
[34m2025-01-08 15:55:40,895 - DEBUG - Patients [8, 16, 18] have treatment 3 starting at day 7, hour 10.0 using resources [1, 5].[0m
[34m2025-01-08 15:55:40,895 - DEBUG - Patients [17, 18] have treatment 3 starting at day 7, hour 13.0 using resources [1, 4].[0m
[34m2025-01-08 15:55:40,895 - DEBUG - Patients [0] have treatment 4 starting at day 7, hour 8.0 using resources [0, 7].[0m
[34m2025-01-08 15:55:40,895 - DEBUG - Patients [0, 8] have treatment 4 starting at day 7, hour 8.5 using resources [0, 3].[0m
[34m2025-01-08 15:55:40,895 - DEBUG - Patients [11, 12] have treatment 4 starting at day 7, hour 9.0 using resources [8, 4].[0m
[34m2025-01-08 15:55:40,895 - DEBUG - Patients [12, 15] have treatment 4 starting at day 7, hour 11.25 using resources [0, 4].[0m
[34m2025-01-08 15:55:40,895 - DEBUG - Patients [2, 3] have treatment 4 starting at day 7, hour 13.0 using resources [0, 7].[0m
[34m2025-01-08 15:55:40,895 - DEBUG - Patients [2, 3] have treatment 4 starting at day 7, hour 13.5 using resources [0, 7].[0m
[34m2025-01-08 15:55:40,895 - DEBUG - Patients [2, 3] have treatment 4 starting at day 7, hour 14.0 using resources [0, 3].[0m
[34m2025-01-08 15:55:40,895 - DEBUG - Patients [1, 2] have treatment 4 starting at day 7, hour 14.5 using resources [0, 3].[0m
[34m2025-01-08 15:55:40,895 - DEBUG - Patients [5] have treatment 4 starting at day 7, hour 15.0 using resources [2, 3].[0m
[34m2025-01-08 15:55:40,895 - DEBUG - Patients [17, 18] have treatment 4 starting at day 7, hour 15.5 using resources [2, 3].[0m
[34m2025-01-08 15:55:40,895 - DEBUG - Patients [1, 3, 4, 6, 12] have treatment 6 starting at day 7, hour 10.0 using resources [0, 7].[0m
[34m2025-01-08 15:55:40,896 - DEBUG - Patients [16] have treatment 7 starting at day 7, hour 9.0 using resources [7, 3, 6].[0m
[34m2025-01-08 15:55:40,896 - DEBUG - Patients [4, 7, 10, 11, 21] have treatment 0 starting at day 8, hour 8.0 using resources [1, 8, 4].[0m
[34m2025-01-08 15:55:40,903 - DEBUG - Patients [11, 18, 27, 33] have treatment 0 starting at day 8, hour 10.25 using resources [0, 8, 3].[0m
[34m2025-01-08 15:55:40,903 - DEBUG - Patients [1, 7, 18, 27, 33] have treatment 0 starting at day 8, hour 13.0 using resources [0, 3, 5].[0m
[34m2025-01-08 15:55:40,903 - DEBUG - Patients [11, 15, 23, 30, 39] have treatment 0 starting at day 8, hour 13.0 using resources [8, 6, 7].[0m
[34m2025-01-08 15:55:40,903 - DEBUG - Patients [24] have treatment 1 starting at day 8, hour 8.0 using resources [3].[0m
[34m2025-01-08 15:55:40,903 - DEBUG - Patients [5] have treatment 1 starting at day 8, hour 8.0 using resources [7].[0m
[34m2025-01-08 15:55:40,903 - DEBUG - Patients [2] have treatment 1 starting at day 8, hour 8.0 using resources [5].[0m
[34m2025-01-08 15:55:40,903 - DEBUG - Patients [26] have treatment 1 starting at day 8, hour 8.5 using resources [3].[0m
[34m2025-01-08 15:55:40,903 - DEBUG - Patients [19] have treatment 1 starting at day 8, hour 8.5 using resources [5].[0m
[34m2025-01-08 15:55:40,903 - DEBUG - Patients [23] have treatment 1 starting at day 8, hour 9.0 using resources [4].[0m
[34m2025-01-08 15:55:40,903 - DEBUG - Patients [24] have treatment 1 starting at day 8, hour 9.5 using resources [5].[0m
[34m2025-01-08 15:55:40,903 - DEBUG - Patients [23] have treatment 1 starting at day 8, hour 9.75 using resources [7].[0m
[34m2025-01-08 15:55:40,903 - DEBUG - Patients [24] have treatment 1 starting at day 8, hour 10.25 using resources [5].[0m
[34m2025-01-08 15:55:40,903 - DEBUG - Patients [12] have treatment 1 starting at day 8, hour 10.75 using resources [5].[0m
[34m2025-01-08 15:55:40,903 - DEBUG - Patients [38] have treatment 1 starting at day 8, hour 11.0 using resources [3].[0m
[34m2025-01-08 15:55:40,903 - DEBUG - Patients [30] have treatment 1 starting at day 8, hour 11.0 using resources [4].[0m
[34m2025-01-08 15:55:40,903 - DEBUG - Patients [6] have treatment 1 starting at day 8, hour 13.75 using resources [7].[0m
[34m2025-01-08 15:55:40,903 - DEBUG - Patients [19] have treatment 1 starting at day 8, hour 13.75 using resources [5].[0m
[34m2025-01-08 15:55:40,904 - DEBUG - Patients [28] have treatment 1 starting at day 8, hour 13.75 using resources [3].[0m
[34m2025-01-08 15:55:40,904 - DEBUG - Patients [39] have treatment 1 starting at day 8, hour 14.25 using resources [5].[0m
[34m2025-01-08 15:55:40,904 - DEBUG - Patients [8] have treatment 1 starting at day 8, hour 14.25 using resources [3].[0m
[34m2025-01-08 15:55:40,904 - DEBUG - Patients [26] have treatment 1 starting at day 8, hour 15.0 using resources [3].[0m
[34m2025-01-08 15:55:40,904 - DEBUG - Patients [2] have treatment 1 starting at day 8, hour 15.0 using resources [4].[0m
[34m2025-01-08 15:55:40,904 - DEBUG - Patients [8, 12, 13, 16, 17, 28, 32, 33, 34, 35, 37] have treatment 2 starting at day 8, hour 8.75 using resources [8, 7].[0m
[34m2025-01-08 15:55:40,904 - DEBUG - Patients [1, 3, 12, 13, 14, 16, 19, 30, 31, 34, 36, 38, 39] have treatment 2 starting at day 8, hour 9.5 using resources [8, 3].[0m
[34m2025-01-08 15:55:40,904 - DEBUG - Patients [8, 13, 14, 15, 17, 32, 34, 35, 37, 38] have treatment 2 starting at day 8, hour 10.25 using resources [2, 4].[0m
[34m2025-01-08 15:55:40,904 - DEBUG - Patients [2, 3, 4, 10, 12, 13] have treatment 3 starting at day 8, hour 13.0 using resources [1, 4].[0m
[34m2025-01-08 15:55:40,904 - DEBUG - Patients [3, 18] have treatment 4 starting at day 8, hour 9.0 using resources [2, 3].[0m
[34m2025-01-08 15:55:40,904 - DEBUG - Patients [16] have treatment 4 starting at day 8, hour 11.5 using resources [1, 3].[0m
[34m2025-01-08 15:55:40,904 - DEBUG - Patients [3, 11] have treatment 4 starting at day 8, hour 11.5 using resources [0, 7].[0m
[34m2025-01-08 15:55:40,904 - DEBUG - Patients [15, 17] have treatment 4 starting at day 8, hour 11.5 using resources [2, 5].[0m
[34m2025-01-08 15:55:40,904 - DEBUG - Patients [14, 19] have treatment 4 starting at day 8, hour 11.5 using resources [8, 4].[0m
[34m2025-01-08 15:55:40,911 - DEBUG - Patients [4] have treatment 5 starting at day 8, hour 15.5 using resources [6, 9, 3].[0m
[34m2025-01-08 15:55:40,911 - DEBUG - Patients [1, 2, 3, 4, 16] have treatment 6 starting at day 8, hour 10.25 using resources [6, 7].[0m
[34m2025-01-08 15:55:40,911 - DEBUG - Patients [0, 1, 6, 17, 18] have treatment 6 starting at day 8, hour 14.25 using resources [8, 7].[0m
[34m2025-01-08 15:55:40,911 - DEBUG - Patients [31, 35, 36, 37, 38] have treatment 0 starting at day 9, hour 8.5 using resources [2, 6, 3].[0m
[34m2025-01-08 15:55:40,911 - DEBUG - Patients [10, 35, 36, 37, 38] have treatment 0 starting at day 9, hour 9.25 using resources [8, 6, 3].[0m
[34m2025-01-08 15:55:40,911 - DEBUG - Patients [16, 18, 29] have treatment 0 starting at day 9, hour 14.5 using resources [1, 8, 4].[0m
[34m2025-01-08 15:55:40,911 - DEBUG - Patients [0, 4, 12, 18, 21] have treatment 0 starting at day 9, hour 15.25 using resources [2, 8, 4].[0m
[34m2025-01-08 15:55:40,911 - DEBUG - Patients [16, 34] have treatment 0 starting at day 9, hour 15.25 using resources [1, 6, 7].[0m
[34m2025-01-08 15:55:40,911 - DEBUG - Patients [26] have treatment 1 starting at day 9, hour 8.0 using resources [3].[0m
[34m2025-01-08 15:55:40,912 - DEBUG - Patients [4] have treatment 1 starting at day 9, hour 8.0 using resources [4].[0m
[34m2025-01-08 15:55:40,912 - DEBUG - Patients [33] have treatment 1 starting at day 9, hour 8.0 using resources [7].[0m
[34m2025-01-08 15:55:40,912 - DEBUG - Patients [33] have treatment 1 starting at day 9, hour 8.5 using resources [7].[0m
[34m2025-01-08 15:55:40,912 - DEBUG - Patients [33] have treatment 1 starting at day 9, hour 9.0 using resources [7].[0m
[34m2025-01-08 15:55:40,912 - DEBUG - Patients [32] have treatment 1 starting at day 9, hour 9.0 using resources [4].[0m
[34m2025-01-08 15:55:40,912 - DEBUG - Patients [32] have treatment 1 starting at day 9, hour 9.5 using resources [7].[0m
[34m2025-01-08 15:55:40,912 - DEBUG - Patients [32] have treatment 1 starting at day 9, hour 10.0 using resources [3].[0m
[34m2025-01-08 15:55:40,912 - DEBUG - Patients [30] have treatment 1 starting at day 9, hour 10.0 using resources [4].[0m
[34m2025-01-08 15:55:40,912 - DEBUG - Patients [30] have treatment 1 starting at day 9, hour 10.5 using resources [4].[0m
[34m2025-01-08 15:55:40,912 - DEBUG - Patients [29] have treatment 1 starting at day 9, hour 10.5 using resources [5].[0m
[34m2025-01-08 15:55:40,912 - DEBUG - Patients [29] have treatment 1 starting at day 9, hour 11.0 using resources [5].[0m
[34m2025-01-08 15:55:40,912 - DEBUG - Patients [39] have treatment 1 starting at day 9, hour 11.0 using resources [3].[0m
[34m2025-01-08 15:55:40,912 - DEBUG - Patients [21] have treatment 1 starting at day 9, hour 11.0 using resources [4].[0m
[34m2025-01-08 15:55:40,912 - DEBUG - Patients [21] have treatment 1 starting at day 9, hour 11.5 using resources [3].[0m
[34m2025-01-08 15:55:40,912 - DEBUG - Patients [17] have treatment 1 starting at day 9, hour 11.5 using resources [4].[0m
[34m2025-01-08 15:55:40,912 - DEBUG - Patients [14] have treatment 1 starting at day 9, hour 11.5 using resources [5].[0m
[34m2025-01-08 15:55:40,912 - DEBUG - Patients [13] have treatment 1 starting at day 9, hour 11.5 using resources [7].[0m
[34m2025-01-08 15:55:40,912 - DEBUG - Patients [13] have treatment 1 starting at day 9, hour 13.0 using resources [4].[0m
[34m2025-01-08 15:55:40,912 - DEBUG - Patients [13] have treatment 1 starting at day 9, hour 13.5 using resources [7].[0m
[34m2025-01-08 15:55:40,912 - DEBUG - Patients [10] have treatment 1 starting at day 9, hour 13.5 using resources [5].[0m
[34m2025-01-08 15:55:40,912 - DEBUG - Patients [9] have treatment 1 starting at day 9, hour 13.5 using resources [4].[0m
[34m2025-01-08 15:55:40,912 - DEBUG - Patients [9] have treatment 1 starting at day 9, hour 14.0 using resources [4].[0m
[34m2025-01-08 15:55:40,912 - DEBUG - Patients [28] have treatment 1 starting at day 9, hour 14.0 using resources [5].[0m
[34m2025-01-08 15:55:40,920 - DEBUG - Patients [1] have treatment 1 starting at day 9, hour 14.5 using resources [5].[0m
[34m2025-01-08 15:55:40,920 - DEBUG - Patients [1] have treatment 1 starting at day 9, hour 15.0 using resources [5].[0m
[34m2025-01-08 15:55:40,920 - DEBUG - Patients [1] have treatment 1 starting at day 9, hour 15.5 using resources [5].[0m
[34m2025-01-08 15:55:40,920 - DEBUG - Patients [3, 5, 14, 17, 19] have treatment 3 starting at day 9, hour 8.0 using resources [1, 5].[0m
[34m2025-01-08 15:55:40,920 - DEBUG - Patients [14, 17, 19] have treatment 3 starting at day 9, hour 14.0 using resources [0, 3].[0m
[34m2025-01-08 15:55:40,920 - DEBUG - Patients [16] have treatment 4 starting at day 9, hour 8.5 using resources [0, 4].[0m
[34m2025-01-08 15:55:40,920 - DEBUG - Patients [8, 16] have treatment 4 starting at day 9, hour 9.5 using resources [0, 4].[0m
[34m2025-01-08 15:55:40,920 - DEBUG - Patients [3] have treatment 4 starting at day 9, hour 10.5 using resources [8, 3].[0m
[34m2025-01-08 15:55:40,920 - DEBUG - Patients [2] have treatment 4 starting at day 9, hour 13.0 using resources [0, 3].[0m
[34m2025-01-08 15:55:40,920 - DEBUG - Patients [2] have treatment 4 starting at day 9, hour 13.5 using resources [0, 3].[0m
[34m2025-01-08 15:55:40,920 - DEBUG - Patients [11] have treatment 4 starting at day 9, hour 14.0 using resources [1, 7].[0m
[34m2025-01-08 15:55:40,920 - DEBUG - Patients [4] have treatment 4 starting at day 9, hour 14.5 using resources [6, 7].[0m
[34m2025-01-08 15:55:40,920 - DEBUG - Patients [7] have treatment 5 starting at day 9, hour 13.0 using resources [6, 9, 7].[0m
[34m2025-01-08 15:55:40,920 - DEBUG - Patients [0, 4, 5, 12, 15] have treatment 6 starting at day 9, hour 10.0 using resources [0, 7].[0m
[34m2025-01-08 15:55:40,920 - DEBUG - Patients [17, 35, 36, 37, 38] have treatment 0 starting at day 10, hour 8.0 using resources [2, 8, 7].[0m
[34m2025-01-08 15:55:40,920 - DEBUG - Patients [31, 33, 34, 35, 37] have treatment 0 starting at day 10, hour 8.75 using resources [2, 8, 4].[0m
[34m2025-01-08 15:55:40,920 - DEBUG - Patients [28, 29, 30, 31, 34] have treatment 0 starting at day 10, hour 9.5 using resources [2, 8, 4].[0m
[34m2025-01-08 15:55:40,920 - DEBUG - Patients [25, 26, 29, 34] have treatment 0 starting at day 10, hour 13.0 using resources [1, 8, 4].[0m
[34m2025-01-08 15:55:40,920 - DEBUG - Patients [3, 17, 39] have treatment 0 starting at day 10, hour 13.0 using resources [2, 6, 5].[0m
[34m2025-01-08 15:55:40,920 - DEBUG - Patients [3, 16] have treatment 0 starting at day 10, hour 13.75 using resources [2, 6, 4].[0m
[34m2025-01-08 15:55:40,920 - DEBUG - Patients [3, 13] have treatment 0 starting at day 10, hour 14.5 using resources [2, 6, 4].[0m
[34m2025-01-08 15:55:40,920 - DEBUG - Patients [3, 13] have treatment 0 starting at day 10, hour 15.25 using resources [0, 1, 4].[0m
[34m2025-01-08 15:55:40,920 - DEBUG - Patients [32] have treatment 1 starting at day 10, hour 10.0 using resources [5].[0m
[34m2025-01-08 15:55:40,920 - DEBUG - Patients [9] have treatment 1 starting at day 10, hour 10.5 using resources [5].[0m
[34m2025-01-08 15:55:40,920 - DEBUG - Patients [0] have treatment 1 starting at day 10, hour 10.5 using resources [4].[0m
[34m2025-01-08 15:55:40,920 - DEBUG - Patients [7] have treatment 1 starting at day 10, hour 11.0 using resources [5].[0m
[34m2025-01-08 15:55:40,921 - DEBUG - Patients [0] have treatment 1 starting at day 10, hour 11.25 using resources [7].[0m
[34m2025-01-08 15:55:40,921 - DEBUG - Patients [7] have treatment 1 starting at day 10, hour 11.5 using resources [5].[0m
[34m2025-01-08 15:55:40,921 - DEBUG - Patients [0] have treatment 1 starting at day 10, hour 13.0 using resources [7].[0m
[34m2025-01-08 15:55:40,921 - DEBUG - Patients [9, 11, 12, 15] have treatment 3 starting at day 10, hour 8.0 using resources [1, 5].[0m
[34m2025-01-08 15:55:40,921 - DEBUG - Patients [2, 8, 15, 17, 18] have treatment 3 starting at day 10, hour 10.0 using resources [1, 3].[0m
[34m2025-01-08 15:55:40,962 - DEBUG - Patients [1, 15] have treatment 3 starting at day 10, hour 13.0 using resources [0, 3].[0m
[34m2025-01-08 15:55:40,962 - DEBUG - Patients [17, 18] have treatment 3 starting at day 10, hour 13.75 using resources [8, 5].[0m
[34m2025-01-08 15:55:40,962 - DEBUG - Patients [14, 19] have treatment 4 starting at day 10, hour 8.0 using resources [0, 3].[0m
[34m2025-01-08 15:55:40,962 - DEBUG - Patients [9, 12] have treatment 4 starting at day 10, hour 11.0 using resources [6, 4].[0m
[34m2025-01-08 15:55:40,962 - DEBUG - Patients [4, 6] have treatment 4 starting at day 10, hour 11.5 using resources [0, 4].[0m
[34m2025-01-08 15:55:40,962 - DEBUG - Patients [4, 10, 13, 16, 17] have treatment 6 starting at day 10, hour 8.75 using resources [0, 7].[0m
[34m2025-01-08 15:55:40,962 - DEBUG - Patients [1, 4, 5, 10, 11] have treatment 6 starting at day 10, hour 10.0 using resources [0, 7].[0m
[34m2025-01-08 15:55:40,962 - DEBUG - Patients [2] have treatment 7 starting at day 10, hour 15.0 using resources [7, 3, 9].[0m
[34m2025-01-08 15:55:40,962 - DEBUG - Patients [9, 13, 32, 39] have treatment 0 starting at day 11, hour 13.0 using resources [1, 8, 4].[0m
[34m2025-01-08 15:55:40,962 - DEBUG - Patients [1, 29] have treatment 0 starting at day 11, hour 13.75 using resources [1, 8, 4].[0m
[34m2025-01-08 15:55:40,962 - DEBUG - Patients [6] have treatment 1 starting at day 11, hour 8.0 using resources [3].[0m
[34m2025-01-08 15:55:40,962 - DEBUG - Patients [36] have treatment 1 starting at day 11, hour 8.0 using resources [5].[0m
[34m2025-01-08 15:55:40,962 - DEBUG - Patients [4] have treatment 1 starting at day 11, hour 8.5 using resources [3].[0m
[34m2025-01-08 15:55:40,962 - DEBUG - Patients [36] have treatment 1 starting at day 11, hour 8.5 using resources [5].[0m
[34m2025-01-08 15:55:40,962 - DEBUG - Patients [36] have treatment 1 starting at day 11, hour 9.0 using resources [5].[0m
[34m2025-01-08 15:55:40,963 - DEBUG - Patients [35] have treatment 1 starting at day 11, hour 9.0 using resources [4].[0m
[34m2025-01-08 15:55:40,963 - DEBUG - Patients [30] have treatment 1 starting at day 11, hour 9.0 using resources [7].[0m
[34m2025-01-08 15:55:40,963 - DEBUG - Patients [33] have treatment 1 starting at day 11, hour 9.5 using resources [7].[0m
[34m2025-01-08 15:55:40,963 - DEBUG - Patients [38] have treatment 1 starting at day 11, hour 9.5 using resources [4].[0m
[34m2025-01-08 15:55:40,963 - DEBUG - Patients [10] have treatment 1 starting at day 11, hour 10.0 using resources [4].[0m
[34m2025-01-08 15:55:40,963 - DEBUG - Patients [7] have treatment 1 starting at day 11, hour 10.5 using resources [4].[0m
[34m2025-01-08 15:55:40,963 - DEBUG - Patients [37] have treatment 1 starting at day 11, hour 10.5 using resources [5].[0m
[34m2025-01-08 15:55:40,963 - DEBUG - Patients [34] have treatment 1 starting at day 11, hour 11.0 using resources [5].[0m
[34m2025-01-08 15:55:40,963 - DEBUG - Patients [29] have treatment 1 starting at day 11, hour 11.5 using resources [5].[0m
[34m2025-01-08 15:55:40,963 - DEBUG - Patients [4] have treatment 1 starting at day 11, hour 13.0 using resources [5].[0m
[34m2025-01-08 15:55:40,963 - DEBUG - Patients [5] have treatment 1 starting at day 11, hour 13.5 using resources [5].[0m
[34m2025-01-08 15:55:40,963 - DEBUG - Patients [5] have treatment 1 starting at day 11, hour 14.0 using resources [5].[0m
[34m2025-01-08 15:55:40,963 - DEBUG - Patients [33] have treatment 1 starting at day 11, hour 14.5 using resources [5].[0m
[34m2025-01-08 15:55:40,963 - DEBUG - Patients [3] have treatment 1 starting at day 11, hour 15.0 using resources [5].[0m
[34m2025-01-08 15:55:40,963 - DEBUG - Patients [28] have treatment 1 starting at day 11, hour 15.5 using resources [5].[0m
[34m2025-01-08 15:55:40,963 - DEBUG - Patients [15, 18, 19, 28, 32, 33, 35, 37, 38, 39] have treatment 2 starting at day 11, hour 11.0 using resources [0, 4].[0m
[34m2025-01-08 15:55:40,963 - DEBUG - Patients [16, 19] have treatment 4 starting at day 11, hour 9.5 using resources [8, 5].[0m
[34m2025-01-08 15:55:40,970 - DEBUG - Patients [13] have treatment 4 starting at day 11, hour 10.0 using resources [0, 7].[0m
[34m2025-01-08 15:55:40,970 - DEBUG - Patients [2, 6] have treatment 4 starting at day 11, hour 15.5 using resources [1, 4].[0m
[34m2025-01-08 15:55:40,970 - DEBUG - Patients [12] have treatment 4 starting at day 11, hour 15.5 using resources [8, 3].[0m
[34m2025-01-08 15:55:40,970 - DEBUG - Patients [0, 17] have treatment 5 starting at day 11, hour 9.0 using resources [6, 9, 3].[0m
[34m2025-01-08 15:55:40,970 - DEBUG - Patients [17, 18] have treatment 5 starting at day 11, hour 9.5 using resources [6, 9, 3].[0m
[34m2025-01-08 15:55:40,970 - DEBUG - Patients [3, 12] have treatment 5 starting at day 11, hour 10.0 using resources [6, 9, 3].[0m
[34m2025-01-08 15:55:40,970 - DEBUG - Patients [15, 16] have treatment 5 starting at day 11, hour 10.5 using resources [6, 9, 7].[0m
[34m2025-01-08 15:55:40,970 - DEBUG - Patients [1, 18] have treatment 5 starting at day 11, hour 13.0 using resources [6, 9, 3].[0m
[34m2025-01-08 15:55:40,970 - DEBUG - Patients [2, 18] have treatment 5 starting at day 11, hour 13.5 using resources [6, 9, 3].[0m
[34m2025-01-08 15:55:40,970 - DEBUG - Patients [0, 3] have treatment 5 starting at day 11, hour 14.0 using resources [6, 9, 3].[0m
[34m2025-01-08 15:55:40,970 - DEBUG - Patients [1, 17] have treatment 5 starting at day 11, hour 14.5 using resources [6, 9, 3].[0m
[34m2025-01-08 15:55:40,970 - DEBUG - Patients [0, 1] have treatment 5 starting at day 11, hour 15.0 using resources [6, 9, 3].[0m
[34m2025-01-08 15:55:40,970 - DEBUG - Patients [4] have treatment 5 starting at day 11, hour 15.5 using resources [6, 9, 7].[0m
[34m2025-01-08 15:55:40,970 - DEBUG - Patients [7, 8, 11, 14, 19] have treatment 6 starting at day 11, hour 13.0 using resources [2, 7].[0m
[34m2025-01-08 15:55:40,970 - DEBUG - Patients [2, 4, 7, 9, 14, 15] have treatment 6 starting at day 11, hour 14.25 using resources [0, 7].[0m
[34m2025-01-08 15:55:40,970 - DEBUG - Patients [8, 11] have treatment 7 starting at day 11, hour 8.0 using resources [7, 4, 6].[0m
[34m2025-01-08 15:55:40,970 - DEBUG - Patients [1] have treatment 7 starting at day 11, hour 11.0 using resources [7, 3, 9].[0m
[34m2025-01-08 15:55:40,970 - DEBUG - Patients [15, 29, 31, 38] have treatment 0 starting at day 12, hour 8.0 using resources [1, 8, 4].[0m
[34m2025-01-08 15:55:40,970 - DEBUG - Patients [39] have treatment 1 starting at day 12, hour 8.0 using resources [5].[0m
[34m2025-01-08 15:55:40,970 - DEBUG - Patients [1] have treatment 1 starting at day 12, hour 8.0 using resources [7].[0m
[34m2025-01-08 15:55:40,970 - DEBUG - Patients [19] have treatment 1 starting at day 12, hour 9.75 using resources [4].[0m
[34m2025-01-08 15:55:40,970 - DEBUG - Patients [17] have treatment 1 starting at day 12, hour 10.25 using resources [4].[0m
[34m2025-01-08 15:55:40,970 - DEBUG - Patients [16] have treatment 1 starting at day 12, hour 10.75 using resources [4].[0m
[34m2025-01-08 15:55:40,970 - DEBUG - Patients [14] have treatment 1 starting at day 12, hour 11.0 using resources [5].[0m
[34m2025-01-08 15:55:40,970 - DEBUG - Patients [8] have treatment 1 starting at day 12, hour 11.5 using resources [5].[0m
[34m2025-01-08 15:55:40,970 - DEBUG - Patients [6] have treatment 1 starting at day 12, hour 13.75 using resources [5].[0m
[34m2025-01-08 15:55:40,970 - DEBUG - Patients [1] have treatment 1 starting at day 12, hour 14.25 using resources [5].[0m
[34m2025-01-08 15:55:40,970 - DEBUG - Patients [4] have treatment 1 starting at day 12, hour 14.75 using resources [5].[0m
[34m2025-01-08 15:55:40,971 - DEBUG - Patients [35] have treatment 1 starting at day 12, hour 14.75 using resources [7].[0m
[34m2025-01-08 15:55:40,971 - DEBUG - Patients [12, 17, 30, 31, 32, 33, 34, 36, 37, 38, 39] have treatment 2 starting at day 12, hour 13.0 using resources [0, 5].[0m
[34m2025-01-08 15:55:40,971 - DEBUG - Patients [9, 12, 16, 17, 18, 28, 30, 32, 34, 36] have treatment 2 starting at day 12, hour 13.75 using resources [0, 4].[0m
[34m2025-01-08 15:55:40,978 - DEBUG - Patients [2, 3, 8, 9, 12, 15, 16, 17, 28, 32] have treatment 2 starting at day 12, hour 15.25 using resources [0, 5].[0m
[34m2025-01-08 15:55:40,978 - DEBUG - Patients [16, 18] have treatment 4 starting at day 12, hour 8.5 using resources [0, 5].[0m
[34m2025-01-08 15:55:40,978 - DEBUG - Patients [15, 18] have treatment 4 starting at day 12, hour 9.0 using resources [0, 5].[0m
[34m2025-01-08 15:55:40,978 - DEBUG - Patients [13, 14] have treatment 4 starting at day 12, hour 9.5 using resources [0, 5].[0m
[34m2025-01-08 15:55:40,978 - DEBUG - Patients [11, 13] have treatment 4 starting at day 12, hour 10.0 using resources [0, 5].[0m
[34m2025-01-08 15:55:40,978 - DEBUG - Patients [7, 10] have treatment 4 starting at day 12, hour 10.5 using resources [0, 5].[0m
[34m2025-01-08 15:55:40,978 - DEBUG - Patients [2, 4] have treatment 4 starting at day 12, hour 11.5 using resources [0, 3].[0m
[34m2025-01-08 15:55:40,978 - DEBUG - Patients [14, 19] have treatment 5 starting at day 12, hour 8.0 using resources [6, 9, 3].[0m
[34m2025-01-08 15:55:40,978 - DEBUG - Patients [12, 19] have treatment 5 starting at day 12, hour 8.5 using resources [6, 9, 3].[0m
[34m2025-01-08 15:55:40,978 - DEBUG - Patients [11, 19] have treatment 5 starting at day 12, hour 9.0 using resources [6, 9, 3].[0m
[34m2025-01-08 15:55:40,978 - DEBUG - Patients [3, 11] have treatment 5 starting at day 12, hour 10.5 using resources [6, 9, 3].[0m
[34m2025-01-08 15:55:40,978 - DEBUG - Patients [9, 11] have treatment 5 starting at day 12, hour 11.0 using resources [6, 9, 3].[0m
[34m2025-01-08 15:55:40,978 - DEBUG - Patients [6, 8] have treatment 5 starting at day 12, hour 13.0 using resources [6, 9, 3].[0m
[34m2025-01-08 15:55:40,978 - DEBUG - Patients [3, 10] have treatment 5 starting at day 12, hour 13.5 using resources [6, 9, 3].[0m
[34m2025-01-08 15:55:40,978 - DEBUG - Patients [2, 3] have treatment 5 starting at day 12, hour 14.0 using resources [6, 9, 3].[0m
[34m2025-01-08 15:55:40,978 - DEBUG - Patients [2, 3] have treatment 5 starting at day 12, hour 14.5 using resources [6, 9, 3].[0m
[34m2025-01-08 15:55:40,978 - DEBUG - Patients [1, 5] have treatment 5 starting at day 12, hour 15.0 using resources [6, 9, 3].[0m
[34m2025-01-08 15:55:40,978 - DEBUG - Patients [0, 1] have treatment 5 starting at day 12, hour 15.5 using resources [6, 9, 3].[0m
[34m2025-01-08 15:55:40,979 - DEBUG - Patients [18] have treatment 7 starting at day 12, hour 9.5 using resources [7, 3, 9].[0m
[34m2025-01-08 15:55:40,979 - DEBUG - Patients [1, 8, 12, 13, 33] have treatment 0 starting at day 13, hour 10.0 using resources [2, 8, 4].[0m
[34m2025-01-08 15:55:40,979 - DEBUG - Patients [11, 15, 19, 30, 33] have treatment 0 starting at day 13, hour 13.0 using resources [2, 3, 7].[0m
[34m2025-01-08 15:55:40,979 - DEBUG - Patients [11, 29, 31, 32, 33] have treatment 0 starting at day 13, hour 13.75 using resources [0, 2, 7].[0m
[34m2025-01-08 15:55:40,979 - DEBUG - Patients [4, 10, 12, 14, 15] have treatment 0 starting at day 13, hour 13.75 using resources [1, 6, 3].[0m
[34m2025-01-08 15:55:40,979 - DEBUG - Patients [0, 9, 14, 17, 29] have treatment 0 starting at day 13, hour 14.5 using resources [0, 2, 3].[0m
[34m2025-01-08 15:55:40,979 - DEBUG - Patients [0, 4, 6, 9, 11] have treatment 0 starting at day 13, hour 15.25 using resources [0, 2, 3].[0m
[34m2025-01-08 15:55:40,979 - DEBUG - Patients [35] have treatment 1 starting at day 13, hour 8.0 using resources [7].[0m
[34m2025-01-08 15:55:40,979 - DEBUG - Patients [39] have treatment 1 starting at day 13, hour 8.0 using resources [4].[0m
[34m2025-01-08 15:55:40,979 - DEBUG - Patients [39] have treatment 1 starting at day 13, hour 8.5 using resources [7].[0m
[34m2025-01-08 15:55:40,979 - DEBUG - Patients [38] have treatment 1 starting at day 13, hour 8.5 using resources [4].[0m
[34m2025-01-08 15:55:40,979 - DEBUG - Patients [38] have treatment 1 starting at day 13, hour 9.0 using resources [4].[0m
[34m2025-01-08 15:55:40,986 - DEBUG - Patients [36] have treatment 1 starting at day 13, hour 9.0 using resources [7].[0m
[34m2025-01-08 15:55:40,986 - DEBUG - Patients [37] have treatment 1 starting at day 13, hour 9.0 using resources [5].[0m
[34m2025-01-08 15:55:40,986 - DEBUG - Patients [37] have treatment 1 starting at day 13, hour 9.5 using resources [7].[0m
[34m2025-01-08 15:55:40,987 - DEBUG - Patients [38] have treatment 1 starting at day 13, hour 9.5 using resources [4].[0m
[34m2025-01-08 15:55:40,987 - DEBUG - Patients [36] have treatment 1 starting at day 13, hour 9.5 using resources [5].[0m
[34m2025-01-08 15:55:40,987 - DEBUG - Patients [37] have treatment 1 starting at day 13, hour 10.0 using resources [5].[0m
[34m2025-01-08 15:55:40,987 - DEBUG - Patients [35] have treatment 1 starting at day 13, hour 10.0 using resources [3].[0m
[34m2025-01-08 15:55:40,987 - DEBUG - Patients [35] have treatment 1 starting at day 13, hour 10.5 using resources [3].[0m
[34m2025-01-08 15:55:40,987 - DEBUG - Patients [34] have treatment 1 starting at day 13, hour 10.5 using resources [5].[0m
[34m2025-01-08 15:55:40,987 - DEBUG - Patients [34] have treatment 1 starting at day 13, hour 11.0 using resources [5].[0m
[34m2025-01-08 15:55:40,987 - DEBUG - Patients [18] have treatment 1 starting at day 13, hour 11.0 using resources [4].[0m
[34m2025-01-08 15:55:40,987 - DEBUG - Patients [18] have treatment 1 starting at day 13, hour 11.5 using resources [3].[0m
[34m2025-01-08 15:55:40,987 - DEBUG - Patients [18] have treatment 1 starting at day 13, hour 13.0 using resources [4].[0m
[34m2025-01-08 15:55:40,987 - DEBUG - Patients [16] have treatment 1 starting at day 13, hour 13.0 using resources [5].[0m
[34m2025-01-08 15:55:40,987 - DEBUG - Patients [17] have treatment 1 starting at day 13, hour 13.5 using resources [5].[0m
[34m2025-01-08 15:55:40,987 - DEBUG - Patients [3] have treatment 1 starting at day 13, hour 14.0 using resources [5].[0m
[34m2025-01-08 15:55:40,987 - DEBUG - Patients [1, 2, 3, 16, 17, 19] have treatment 3 starting at day 13, hour 8.0 using resources [0, 3].[0m
[34m2025-01-08 15:55:40,987 - DEBUG - Patients [2, 3, 4, 16, 17, 19] have treatment 3 starting at day 13, hour 10.0 using resources [1, 7].[0m
[34m2025-01-08 15:55:40,987 - DEBUG - Patients [1, 2, 5, 8, 13, 16] have treatment 3 starting at day 13, hour 13.5 using resources [8, 4].[0m
[34m2025-01-08 15:55:40,987 - DEBUG - Patients [19] have treatment 4 starting at day 13, hour 14.5 using resources [1, 7].[0m
[34m2025-01-08 15:55:40,987 - DEBUG - Patients [10, 12] have treatment 4 starting at day 13, hour 15.0 using resources [1, 7].[0m
[34m2025-01-08 15:55:40,987 - DEBUG - Patients [7, 18] have treatment 4 starting at day 13, hour 15.0 using resources [6, 5].[0m
[34m2025-01-08 15:55:40,987 - DEBUG - Patients [1, 13] have treatment 4 starting at day 13, hour 15.5 using resources [8, 4].[0m
[34m2025-01-08 15:55:40,987 - DEBUG - Patients [4, 13] have treatment 5 starting at day 13, hour 8.0 using resources [6, 9, 5].[0m
[34m2025-01-08 15:55:40,987 - DEBUG - Patients [12, 15] have treatment 5 starting at day 13, hour 8.5 using resources [6, 9, 5].[0m
[34m2025-01-08 15:55:40,987 - DEBUG - Patients [8, 11] have treatment 5 starting at day 13, hour 11.0 using resources [6, 9, 3].[0m
[34m2025-01-08 15:55:40,987 - DEBUG - Patients [1, 5] have treatment 5 starting at day 13, hour 11.5 using resources [6, 9, 4].[0m
[34m2025-01-08 15:55:40,987 - DEBUG - Patients [6, 7] have treatment 5 starting at day 13, hour 14.5 using resources [6, 9, 5].[0m
[34m2025-01-08 15:55:40,987 - DEBUG - Patients [2, 14] have treatment 5 starting at day 13, hour 15.5 using resources [6, 9, 5].[0m
[34m2025-01-08 15:55:41,001 - DEBUG - Checking solution value.[0m
[34m2025-01-08 15:55:41,001 - DEBUG - Solvers objective function value: 688.0[0m
[34m2025-01-08 15:55:41,004 - DEBUG - (VERIFIER):Treatment value: 0[0m
[34m2025-01-08 15:55:41,004 - DEBUG - (VERIFIER):Delay value: 0[0m
[34m2025-01-08 15:55:41,012 - DEBUG - (VERIFIER):Missing treatment value: 688[0m
[34m2025-01-08 15:55:41,012 - DEBUG - Correct objective function value: 688[0m
[34m2025-01-08 15:55:41,012 - DEBUG - Solution is valid.[0m
[34m2025-01-08 15:55:41,012 - DEBUG - All solvers accepted the solution.[0m
[32m2025-01-08 15:55:41,012 - INFO - Time to find solution: 2311.936s with value 688.000000[0m
[32m2025-01-08 15:55:41,012 - INFO - Total Time: 2320.789s[0m
