1.NAME: LBBDSolver
2.PARAMS: {'break_symmetry': True, 'add_constraints_to_symmetrc_days': True, 'subsolver_cls': 'CPSubSolver'}
3.INSTANCE: /home/wx350715/Kobra/rehabiliation-admission-scheduling/data/comp_study_002/instance_2_30.txt
4.REPETITION: 1
Current directory: /home/wx350715/Kobra/rehabiliation-admission-scheduling
[34m2025-01-08 16:07:07,916 - DEBUG - Solver: <class 'src.solvers.benders.LBBDSolver'>[0m
[34m2025-01-08 16:07:07,916 - DEBUG - Args: {'break_symmetry': True, 'add_constraints_to_symmetrc_days': True, 'subsolver_cls': 'CPSubSolver'}[0m
[34m2025-01-08 16:07:07,916 - DEBUG - File path /home/wx350715/Kobra/rehabiliation-admission-scheduling/data/comp_study_002/instance_2_30.txt[0m
[34m2025-01-08 16:07:07,922 - DEBUG - ADD INSTANCE DATA[0m
[34m2025-01-08 16:07:07,922 - DEBUG - ADD INSTANCE DATA[0m
[34m2025-01-08 16:07:07,922 - DEBUG - ADD INSTANCE DATA[0m
[34m2025-01-08 16:07:07,923 - DEBUG - ADD INSTANCE DATA[0m
[34m2025-01-08 16:07:07,923 - DEBUG - ADD INSTANCE DATA[0m
[34m2025-01-08 16:07:07,923 - DEBUG - ADD INSTANCE DATA[0m
[34m2025-01-08 16:07:07,923 - DEBUG - ADD INSTANCE DATA[0m
[34m2025-01-08 16:07:07,923 - DEBUG - ADD INSTANCE DATA[0m
[34m2025-01-08 16:07:07,923 - DEBUG - ADD INSTANCE DATA[0m
[34m2025-01-08 16:07:07,923 - DEBUG - ADD INSTANCE DATA[0m
[34m2025-01-08 16:07:07,923 - DEBUG - ADD INSTANCE DATA[0m
[34m2025-01-08 16:07:07,923 - DEBUG - ADD RESOURCE_GROUPS[0m
[34m2025-01-08 16:07:07,923 - DEBUG - ADD RESOURCE_GROUPS[0m
[34m2025-01-08 16:07:07,923 - DEBUG - ADD RESOURCE_GROUPS[0m
[34m2025-01-08 16:07:07,923 - DEBUG - ADD RESOURCE_GROUPS[0m
[34m2025-01-08 16:07:07,923 - DEBUG - ADD RESOURCE_GROUPS[0m
[34m2025-01-08 16:07:07,923 - DEBUG - ADD RESOURCES[0m
[34m2025-01-08 16:07:07,923 - DEBUG - ADD RESOURCES[0m
[34m2025-01-08 16:07:07,924 - DEBUG - ADD RESOURCES[0m
[34m2025-01-08 16:07:07,924 - DEBUG - ADD RESOURCES[0m
[34m2025-01-08 16:07:07,924 - DEBUG - ADD RESOURCES[0m
[34m2025-01-08 16:07:07,924 - DEBUG - ADD RESOURCES[0m
[34m2025-01-08 16:07:07,924 - DEBUG - ADD RESOURCES[0m
[34m2025-01-08 16:07:07,924 - DEBUG - ADD RESOURCES[0m
[34m2025-01-08 16:07:07,924 - DEBUG - ADD RESOURCES[0m
[34m2025-01-08 16:07:07,924 - DEBUG - ADD RESOURCES[0m
[34m2025-01-08 16:07:07,924 - DEBUG - ADD TREATMENTS[0m
[34m2025-01-08 16:07:07,924 - DEBUG - ADD TREATMENTS[0m
[34m2025-01-08 16:07:07,924 - DEBUG - ADD TREATMENTS[0m
[34m2025-01-08 16:07:07,925 - DEBUG - ADD TREATMENTS[0m
[34m2025-01-08 16:07:07,925 - DEBUG - ADD TREATMENTS[0m
[34m2025-01-08 16:07:07,925 - DEBUG - ADD TREATMENTS[0m
[34m2025-01-08 16:07:07,925 - DEBUG - ADD TREATMENTS[0m
[34m2025-01-08 16:07:07,925 - DEBUG - ADD TREATMENTS[0m
[34m2025-01-08 16:07:07,925 - DEBUG - ADD TREATMENTS[0m
[34m2025-01-08 16:07:07,925 - DEBUG - ADD TREATMENTS[0m
[34m2025-01-08 16:07:07,925 - DEBUG - ADD PATIENTS[0m
[34m2025-01-08 16:07:07,925 - DEBUG - ADD PATIENTS[0m
[34m2025-01-08 16:07:07,925 - DEBUG - ADD PATIENTS[0m
[34m2025-01-08 16:07:07,926 - DEBUG - ADD PATIENTS[0m
[34m2025-01-08 16:07:07,926 - DEBUG - ADD PATIENTS[0m
[34m2025-01-08 16:07:07,926 - DEBUG - ADD PATIENTS[0m
[34m2025-01-08 16:07:07,926 - DEBUG - ADD PATIENTS[0m
[34m2025-01-08 16:07:07,926 - DEBUG - ADD PATIENTS[0m
[34m2025-01-08 16:07:07,926 - DEBUG - ADD PATIENTS[0m
[34m2025-01-08 16:07:07,926 - DEBUG - ADD PATIENTS[0m
[34m2025-01-08 16:07:07,926 - DEBUG - ADD PATIENTS[0m
[34m2025-01-08 16:07:07,926 - DEBUG - ADD PATIENTS[0m
[34m2025-01-08 16:07:07,926 - DEBUG - ADD PATIENTS[0m
[34m2025-01-08 16:07:07,927 - DEBUG - ADD PATIENTS[0m
[34m2025-01-08 16:07:07,927 - DEBUG - ADD PATIENTS[0m
[34m2025-01-08 16:07:07,927 - DEBUG - ADD PATIENTS[0m
[34m2025-01-08 16:07:07,927 - DEBUG - ADD PATIENTS[0m
[34m2025-01-08 16:07:07,927 - DEBUG - ADD PATIENTS[0m
[34m2025-01-08 16:07:07,927 - DEBUG - ADD PATIENTS[0m
[34m2025-01-08 16:07:07,927 - DEBUG - ADD PATIENTS[0m
[34m2025-01-08 16:07:07,927 - DEBUG - ADD PATIENTS[0m
[34m2025-01-08 16:07:07,928 - DEBUG - ADD PATIENTS[0m
[34m2025-01-08 16:07:07,928 - DEBUG - ADD PATIENTS[0m
[34m2025-01-08 16:07:07,928 - DEBUG - ADD PATIENTS[0m
[34m2025-01-08 16:07:07,929 - DEBUG - ADD PATIENTS[0m
[34m2025-01-08 16:07:07,929 - DEBUG - ADD PATIENTS[0m
[34m2025-01-08 16:07:07,929 - DEBUG - ADD PATIENTS[0m
[34m2025-01-08 16:07:07,929 - DEBUG - ADD PATIENTS[0m
[34m2025-01-08 16:07:07,929 - DEBUG - ADD PATIENTS[0m
[34m2025-01-08 16:07:07,929 - DEBUG - ADD PATIENTS[0m
[34m2025-01-08 16:07:07,929 - DEBUG - ADD PATIENTS[0m
[34m2025-01-08 16:07:07,929 - DEBUG - ADD PATIENTS[0m
[34m2025-01-08 16:07:07,929 - DEBUG - ADD PATIENTS[0m
[34m2025-01-08 16:07:07,929 - DEBUG - ADD PATIENTS[0m
[34m2025-01-08 16:07:07,930 - DEBUG - ADD PATIENTS[0m
[34m2025-01-08 16:07:07,930 - DEBUG - ADD PATIENTS[0m
[34m2025-01-08 16:07:07,930 - DEBUG - ADD PATIENTS[0m
[34m2025-01-08 16:07:07,930 - DEBUG - ADD PATIENTS[0m
[34m2025-01-08 16:07:07,930 - DEBUG - ADD PATIENTS[0m
[34m2025-01-08 16:07:07,930 - DEBUG - ADD PATIENTS[0m
[34m2025-01-08 16:07:07,930 - DEBUG - Instance data:[0m
[34m2025-01-08 16:07:07,930 - DEBUG - Number of patients: 40[0m
[34m2025-01-08 16:07:07,930 - DEBUG - Number of beds: 40[0m
[34m2025-01-08 16:07:07,931 - DEBUG - Average number of treatments per patient: 24.5[0m
[34m2025-01-08 16:07:07,931 - DEBUG - Average number of treatment per stayed day: 1.3611111111111112[0m
[34m2025-01-08 16:07:07,931 - DEBUG - Number of treatments: 980[0m
[34m2025-01-08 16:07:07,931 - DEBUG - Number of resources: 10[0m
[34m2025-01-08 16:07:07,931 - DEBUG - Number of resource groups: 5[0m
[34m2025-01-08 16:07:07,931 - DEBUG - Number of resource hours needed per all treatment by RG(rooms): 52.50000000000001[0m
[34m2025-01-08 16:07:07,931 - DEBUG - Number of resource hours needed per all treatment by RG(physiotherapist): 20.0[0m
[34m2025-01-08 16:07:07,931 - DEBUG - Number of resource hours needed per all treatment by RG(therapists): 24.374999999999986[0m
[34m2025-01-08 16:07:07,931 - DEBUG - Number of resource hours needed per all treatment by RG(sport_room): 11.875[0m
[34m2025-01-08 16:07:07,931 - DEBUG - Number of resource hours needed per all treatment by RG(language_therapist): 1.4999999999999998[0m
[32m2025-01-08 16:07:07,931 - INFO - {'solver': 'LBBDSolver', 'args': {'break_symmetry': False, 'subsolver_cls': <class 'src.solvers.subsolvers.cp_subsolver.CPSubsolver'>, 'subsolver.store_results': True, 'subsolver.store_results_method': 'hash', 'use_helper_constraints': True, 'enforce_min_treatments_per_day': True, 'enforce_max_treatments_per_e_w': True, 'enforce_min_patients_per_treatment': True, 'log_to_console': True}}[0m
[34m2025-01-08 16:07:07,931 - DEBUG - Setting options: LBBDSolver[0m
[34m2025-01-08 16:07:07,931 - DEBUG -  ---- break_symmetry to False[0m
[34m2025-01-08 16:07:07,931 - DEBUG -  ---- subsolver_cls to <class 'src.solvers.subsolvers.cp_subsolver.CPSubsolver'>[0m
[34m2025-01-08 16:07:07,931 - DEBUG -  ---- use_helper_constraints to True[0m
[34m2025-01-08 16:07:07,931 - DEBUG -  ---- add_constraints_to_symmetric_days to True (default)[0m
[34m2025-01-08 16:07:07,931 - DEBUG - Setting options: Solver[0m
[34m2025-01-08 16:07:07,931 - DEBUG -  ---- number_of_threads to 1 (default)[0m
[34m2025-01-08 16:07:07,931 - DEBUG -  ---- treatment_value to 0 (default)[0m
[34m2025-01-08 16:07:07,931 - DEBUG -  ---- delay_value to 1 (default)[0m
[34m2025-01-08 16:07:07,931 - DEBUG -  ---- missing_treatment_value to 4 (default)[0m
[34m2025-01-08 16:07:07,931 - DEBUG -  ---- enforce_min_treatments_per_day to True[0m
[34m2025-01-08 16:07:07,931 - DEBUG -  ---- enforce_max_treatments_per_e_w to True[0m
[34m2025-01-08 16:07:07,931 - DEBUG -  ---- enforce_min_patients_per_treatment to True[0m
[34m2025-01-08 16:07:07,931 - DEBUG -  ---- log_to_console to True[0m
[34m2025-01-08 16:07:07,931 - DEBUG -  ---- log_to_file to True (default)[0m
[34m2025-01-08 16:07:07,950 - DEBUG - Setting options: CPSubsolver[0m
[34m2025-01-08 16:07:07,950 - DEBUG -  ---- estimated_needed_treatments to True (default)[0m
[34m2025-01-08 16:07:07,950 - DEBUG -  ---- add_patient_symmetry to False (default)[0m
[34m2025-01-08 16:07:07,950 - DEBUG - Setting Subsolver options: SubSolver[0m
[34m2025-01-08 16:07:07,951 - DEBUG -  ---- store_results to True[0m
[34m2025-01-08 16:07:07,951 - DEBUG -  ---- store_results_method to hash[0m
[34m2025-01-08 16:07:07,951 - DEBUG -  ---- enforce_min_patients_per_treatment to True[0m
[34m2025-01-08 16:07:07,951 - DEBUG -  ---- use_day_symmetry to True (default)[0m
[32m2025-01-08 16:07:07,965 - INFO - Create model: LBBDSolver[0m
Set parameter TSPort to value 50039
Set parameter TokenServer to value "license.itc.rwth-aachen.de"
Set parameter Threads to value 1
Set parameter LazyConstraints to value 1
[34m2025-01-08 16:07:08,297 - DEBUG - Variables created.[0m
[34m2025-01-08 16:07:09,537 - DEBUG - Constraint (not too many treatments) created.[0m
[34m2025-01-08 16:07:10,443 - DEBUG - Constraint (no_treatments_outside admittance) created.[0m
[34m2025-01-08 16:07:10,450 - DEBUG - Constraint (bed_usage) created.[0m
[34m2025-01-08 16:07:10,450 - DEBUG - Constraint (must be admitted) created.[0m
[34m2025-01-08 16:07:10,582 - DEBUG - Constraint (e_w_ub) created.[0m
[34m2025-01-08 16:07:10,621 - DEBUG - Constraint (day_ub) created.[0m
[34m2025-01-08 16:07:10,661 - DEBUG - Constraint (Day always) created.[0m
[34m2025-01-08 16:07:10,661 - DEBUG - Constraint (already_admitted) created.[0m
[32m2025-01-08 16:07:12,863 - INFO - Time to create model: 4.898[0m
[32m2025-01-08 16:07:12,864 - INFO - Solving model: LBBDSolver[0m
Gurobi Optimizer version 10.0.0 build v10.0.0rc2 (linux64)

CPU model: Intel(R) Xeon(R) Platinum 8468, instruction set [SSE2|AVX|AVX2|AVX512]
Thread count: 96 physical cores, 96 logical processors, using up to 1 threads

Optimize a model with 204717 rows, 79045 columns and 1559765 nonzeros
Model fingerprint: 0xb3f7d0d2
Variable types: 3 continuous, 79042 integer (79042 binary)
Coefficient statistics:
  Matrix range     [1e+00, 1e+01]
  Objective range  [1e+00, 1e+01]
  Bounds range     [1e+00, 1e+00]
  RHS range        [1e+00, 4e+03]
Found heuristic solution: objective 2796.0000000
Presolve added 0 rows and 636 columns
Presolve removed 95515 rows and 0 columns
Presolve time: 2.27s
Presolved: 109202 rows, 79681 columns, 1214918 nonzeros
Variable types: 1 continuous, 79680 integer (79025 binary)
Found heuristic solution: objective 2328.0000000
Root relaxation presolved: 108963 rows, 79920 columns, 1166139 nonzeros


Root simplex log...

Iteration    Objective       Primal Inf.    Dual Inf.      Time
       0   -3.0342400e+03   1.837648e+03   0.000000e+00     21s
    3768    1.3000000e+03   0.000000e+00   0.000000e+00     21s
    3768    1.3000000e+03   0.000000e+00   0.000000e+00     21s

Use crossover to convert LP symmetric solution to basic solution...

Root crossover log...

       0 DPushes remaining with DInf 0.0000000e+00                21s

   12387 PPushes remaining with PInf 0.0000000e+00                21s
       0 PPushes remaining with PInf 0.0000000e+00                21s

  Push phase complete: Pinf 0.0000000e+00, Dinf 7.5273121e-13     21s


Root simplex log...

Iteration    Objective       Primal Inf.    Dual Inf.      Time
   16166    1.3000000e+03   0.000000e+00   0.000000e+00     21s
   16166    1.3000000e+03   0.000000e+00   0.000000e+00     21s

Root relaxation: objective 1.300000e+03, 16166 iterations, 0.70 seconds (0.75 work units)
Total elapsed time = 25.19s
Total elapsed time = 30.03s

    Nodes    |    Current Node    |     Objective Bounds      |     Work
 Expl Unexpl |  Obj  Depth IntInf | Incumbent    BestBd   Gap | It/Node Time

     0     0 1300.00000    0   46 2328.00000 1300.00000  44.2%     -   34s
[32m2025-01-08 16:59:43,603 - INFO - d_prime: 8 d: 8[0m
[32m2025-01-08 16:59:43,608 - INFO - d_prime: 9 d: 8[0m
[32m2025-01-08 16:59:43,611 - INFO - d_prime: 10 d: 8[0m
[32m2025-01-08 16:59:43,613 - INFO - d_prime: 11 d: 8[0m
[32m2025-01-08 16:59:43,616 - INFO - d_prime: 12 d: 8[0m
[32m2025-01-08 16:59:43,618 - INFO - d_prime: 13 d: 8[0m
[32m2025-01-08 16:59:43,621 - INFO - forbidden_vars: ([{2:1},{3:1},{5:1},{5:1},{5:1},{5:1},{5:1},{5:1},{7:1},{7:1},{7:1},{8:1},{2:1,5:1},{2:1,3:1},{2:1,3:1},{2:1,5:1},{2:1,4:1},{3:2},{3:1,5:1},{3:2},{3:1,8:1},{3:1,8:1},{3:1,4:1},{4:1,5:1},{4:1,7:1},{4:1,5:1},{4:1,5:1},{5:1,7:1},{5:1,7:1},{5:2},{5:2},{5:1,8:1},{5:1,8:1},{5:1,8:1},{5:1,8:1},{5:2},{7:2}])[0m
[32m2025-01-08 16:59:43,621 - INFO - False[0m
     0     0 1300.00000    0   46 2328.00000 1300.00000  44.2%     - 3231s
