1.NAME: MIPSolver3
2.PARAMS: {'break_symmetry': True, 'break_symmetry_strong': False}
3.INSTANCE: /home/wx350715/Kobra/rehabiliation-admission-scheduling/data/comp_study_002/instance_1_less_prescriptions_30.txt
4.REPETITION: 1
Current directory: /home/wx350715/Kobra/rehabiliation-admission-scheduling
[34m2025-01-08 17:15:27,384 - DEBUG - Solver: <class 'src.solvers.mip3.MIPSolver3'>[0m
[34m2025-01-08 17:15:27,384 - DEBUG - Args: {'break_symmetry': True, 'break_symmetry_strong': False}[0m
[34m2025-01-08 17:15:27,384 - DEBUG - File path /home/wx350715/Kobra/rehabiliation-admission-scheduling/data/comp_study_002/instance_1_less_prescriptions_30.txt[0m
[34m2025-01-08 17:15:27,384 - DEBUG - ADD INSTANCE DATA[0m
[34m2025-01-08 17:15:27,384 - DEBUG - ADD INSTANCE DATA[0m
[34m2025-01-08 17:15:27,384 - DEBUG - ADD INSTANCE DATA[0m
[34m2025-01-08 17:15:27,384 - DEBUG - ADD INSTANCE DATA[0m
[34m2025-01-08 17:15:27,384 - DEBUG - ADD INSTANCE DATA[0m
[34m2025-01-08 17:15:27,384 - DEBUG - ADD INSTANCE DATA[0m
[34m2025-01-08 17:15:27,384 - DEBUG - ADD INSTANCE DATA[0m
[34m2025-01-08 17:15:27,384 - DEBUG - ADD INSTANCE DATA[0m
[34m2025-01-08 17:15:27,384 - DEBUG - ADD INSTANCE DATA[0m
[34m2025-01-08 17:15:27,384 - DEBUG - ADD INSTANCE DATA[0m
[34m2025-01-08 17:15:27,385 - DEBUG - ADD INSTANCE DATA[0m
[34m2025-01-08 17:15:27,385 - DEBUG - ADD RESOURCE_GROUPS[0m
[34m2025-01-08 17:15:27,385 - DEBUG - ADD RESOURCE_GROUPS[0m
[34m2025-01-08 17:15:27,385 - DEBUG - ADD RESOURCE_GROUPS[0m
[34m2025-01-08 17:15:27,385 - DEBUG - ADD RESOURCE_GROUPS[0m
[34m2025-01-08 17:15:27,385 - DEBUG - ADD RESOURCES[0m
[34m2025-01-08 17:15:27,385 - DEBUG - ADD RESOURCES[0m
[34m2025-01-08 17:15:27,385 - DEBUG - ADD RESOURCES[0m
[34m2025-01-08 17:15:27,385 - DEBUG - ADD RESOURCES[0m
[34m2025-01-08 17:15:27,385 - DEBUG - ADD RESOURCES[0m
[34m2025-01-08 17:15:27,385 - DEBUG - ADD RESOURCES[0m
[34m2025-01-08 17:15:27,385 - DEBUG - ADD RESOURCES[0m
[34m2025-01-08 17:15:27,385 - DEBUG - ADD RESOURCES[0m
[34m2025-01-08 17:15:27,386 - DEBUG - ADD RESOURCES[0m
[34m2025-01-08 17:15:27,386 - DEBUG - ADD TREATMENTS[0m
[34m2025-01-08 17:15:27,386 - DEBUG - ADD TREATMENTS[0m
[34m2025-01-08 17:15:27,386 - DEBUG - ADD TREATMENTS[0m
[34m2025-01-08 17:15:27,386 - DEBUG - ADD TREATMENTS[0m
[34m2025-01-08 17:15:27,386 - DEBUG - ADD TREATMENTS[0m
[34m2025-01-08 17:15:27,386 - DEBUG - ADD TREATMENTS[0m
[34m2025-01-08 17:15:27,386 - DEBUG - ADD TREATMENTS[0m
[34m2025-01-08 17:15:27,386 - DEBUG - ADD TREATMENTS[0m
[34m2025-01-08 17:15:27,386 - DEBUG - ADD PATIENTS[0m
[34m2025-01-08 17:15:27,387 - DEBUG - ADD PATIENTS[0m
[34m2025-01-08 17:15:27,387 - DEBUG - ADD PATIENTS[0m
[34m2025-01-08 17:15:27,387 - DEBUG - ADD PATIENTS[0m
[34m2025-01-08 17:15:27,387 - DEBUG - ADD PATIENTS[0m
[34m2025-01-08 17:15:27,387 - DEBUG - ADD PATIENTS[0m
[34m2025-01-08 17:15:27,387 - DEBUG - ADD PATIENTS[0m
[34m2025-01-08 17:15:27,387 - DEBUG - ADD PATIENTS[0m
[34m2025-01-08 17:15:27,387 - DEBUG - ADD PATIENTS[0m
[34m2025-01-08 17:15:27,387 - DEBUG - ADD PATIENTS[0m
[34m2025-01-08 17:15:27,388 - DEBUG - ADD PATIENTS[0m
[34m2025-01-08 17:15:27,388 - DEBUG - ADD PATIENTS[0m
[34m2025-01-08 17:15:27,388 - DEBUG - ADD PATIENTS[0m
[34m2025-01-08 17:15:27,388 - DEBUG - ADD PATIENTS[0m
[34m2025-01-08 17:15:27,388 - DEBUG - ADD PATIENTS[0m
[34m2025-01-08 17:15:27,388 - DEBUG - ADD PATIENTS[0m
[34m2025-01-08 17:15:27,388 - DEBUG - ADD PATIENTS[0m
[34m2025-01-08 17:15:27,388 - DEBUG - ADD PATIENTS[0m
[34m2025-01-08 17:15:27,388 - DEBUG - ADD PATIENTS[0m
[34m2025-01-08 17:15:27,389 - DEBUG - ADD PATIENTS[0m
[34m2025-01-08 17:15:27,389 - DEBUG - Instance data:[0m
[34m2025-01-08 17:15:27,389 - DEBUG - Number of patients: 20[0m
[34m2025-01-08 17:15:27,389 - DEBUG - Number of beds: 40[0m
[34m2025-01-08 17:15:27,389 - DEBUG - Average number of treatments per patient: 22.05[0m
[34m2025-01-08 17:15:27,389 - DEBUG - Average number of treatment per stayed day: 1.5806451612903225[0m
[34m2025-01-08 17:15:27,390 - DEBUG - Number of treatments: 441[0m
[34m2025-01-08 17:15:27,391 - DEBUG - Number of resources: 9[0m
[34m2025-01-08 17:15:27,391 - DEBUG - Number of resource groups: 4[0m
[34m2025-01-08 17:15:27,391 - DEBUG - Number of resource hours needed per all treatment by RG(therapists): 19.395833333333332[0m
[34m2025-01-08 17:15:27,391 - DEBUG - Number of resource hours needed per all treatment by RG(rooms): 35.60833333333331[0m
[34m2025-01-08 17:15:27,391 - DEBUG - Number of resource hours needed per all treatment by RG(physiotherapist): 12.25[0m
[34m2025-01-08 17:15:27,391 - DEBUG - Number of resource hours needed per all treatment by RG(sport_room): 8.6875[0m
[32m2025-01-08 17:15:27,391 - INFO - {'solver': 'MIPSolver3', 'args': {'break_symmetry': True, 'break_symmetry_strong': True, 'enforce_min_treatments_per_day': True, 'enforce_max_treatments_per_e_w': True, 'enforce_min_patients_per_treatment': True, 'log_to_console': True}}[0m
[34m2025-01-08 17:15:27,391 - DEBUG - Setting options: MIPSolver3[0m
[34m2025-01-08 17:15:27,391 - DEBUG -  ---- break_symmetry to True[0m
[34m2025-01-08 17:15:27,391 - DEBUG -  ---- break_symmetry_strong to True[0m
[34m2025-01-08 17:15:27,391 - DEBUG - Setting options: Solver[0m
[34m2025-01-08 17:15:27,391 - DEBUG -  ---- number_of_threads to 1 (default)[0m
[34m2025-01-08 17:15:27,391 - DEBUG -  ---- treatment_value to 0 (default)[0m
[34m2025-01-08 17:15:27,391 - DEBUG -  ---- delay_value to 1 (default)[0m
[34m2025-01-08 17:15:27,391 - DEBUG -  ---- missing_treatment_value to 4 (default)[0m
[34m2025-01-08 17:15:27,391 - DEBUG -  ---- enforce_min_treatments_per_day to True[0m
[34m2025-01-08 17:15:27,391 - DEBUG -  ---- enforce_max_treatments_per_e_w to True[0m
[34m2025-01-08 17:15:27,391 - DEBUG -  ---- enforce_min_patients_per_treatment to True[0m
[34m2025-01-08 17:15:27,391 - DEBUG -  ---- log_to_console to True[0m
[34m2025-01-08 17:15:27,391 - DEBUG -  ---- log_to_file to True (default)[0m
[32m2025-01-08 17:15:27,408 - INFO - Create model: MIPSolver3[0m
Set parameter TSPort to value 50039
Set parameter TokenServer to value "license.itc.rwth-aachen.de"
Set parameter Threads to value 1
Set parameter Cuts to value 0
[34m2025-01-08 17:15:35,519 - DEBUG - Variables created.[0m
[34m2025-01-08 17:15:36,334 - DEBUG - Constraint (p1) created.[0m
[34m2025-01-08 17:15:47,804 - DEBUG - Constraint (when_admitted) created.[0m
[34m2025-01-08 17:15:48,930 - DEBUG - Constraint (p3) created.[0m
[34m2025-01-08 17:15:48,931 - DEBUG - Constraint (r1) created.[0m
[34m2025-01-08 17:15:50,426 - DEBUG - Constraint (r2) created.[0m
[34m2025-01-08 17:15:52,024 - DEBUG - Constraint (r3) created.[0m
[34m2025-01-08 17:15:59,524 - DEBUG - Constraint (r4) created.[0m
[34m2025-01-08 17:15:59,564 - DEBUG - Constraint (r5) created.[0m
[34m2025-01-08 17:16:00,928 - DEBUG - Constraint (r6) created.[0m
[34m2025-01-08 17:16:00,928 - DEBUG - Constraint (r7) created.[0m
[34m2025-01-08 17:16:02,989 - DEBUG - Constraint (a4) created.[0m
[34m2025-01-08 17:16:03,578 - DEBUG - Constraint (a5) created.[0m
[34m2025-01-08 17:16:04,216 - DEBUG - Constraint (a5) created.[0m
[34m2025-01-08 17:16:04,502 - DEBUG - Constraint (strong symmetry) created.[0m
[34m2025-01-08 17:16:04,573 - DEBUG - Constraint (symmetry) created.[0m
[32m2025-01-08 17:16:23,575 - INFO - Time to create model: 56.167[0m
[32m2025-01-08 17:16:23,575 - INFO - Solving model: MIPSolver3[0m
Gurobi Optimizer version 10.0.0 build v10.0.0rc2 (linux64)

CPU model: Intel(R) Xeon(R) Platinum 8468, instruction set [SSE2|AVX|AVX2|AVX512]
Thread count: 96 physical cores, 96 logical processors, using up to 1 threads

Optimize a model with 2007068 rows, 1395078 columns and 17126308 nonzeros
Model fingerprint: 0x236f5817
Variable types: 2 continuous, 1395076 integer (1395076 binary)
Coefficient statistics:
  Matrix range     [1e+00, 1e+01]
  Objective range  [1e+00, 1e+01]
  Bounds range     [1e+00, 1e+00]
  RHS range        [1e+00, 2e+03]
Presolve removed 479265 rows and 340489 columns (presolve time = 6s) ...
Presolve removed 479266 rows and 340494 columns (presolve time = 10s) ...
Presolve removed 479266 rows and 340494 columns (presolve time = 15s) ...
Presolve removed 614914 rows and 340494 columns (presolve time = 20s) ...
Presolve removed 694348 rows and 340494 columns (presolve time = 25s) ...
Presolve removed 694348 rows and 340494 columns (presolve time = 30s) ...
Presolve removed 714724 rows and 340494 columns (presolve time = 35s) ...
Presolve removed 714724 rows and 340494 columns (presolve time = 40s) ...
Presolve removed 715199 rows and 340494 columns (presolve time = 45s) ...
Presolve removed 715199 rows and 340494 columns (presolve time = 50s) ...
Presolve removed 715199 rows and 340494 columns (presolve time = 55s) ...
Presolve removed 715199 rows and 340494 columns (presolve time = 60s) ...
Presolve removed 715199 rows and 340494 columns (presolve time = 65s) ...
Presolve removed 715199 rows and 340494 columns (presolve time = 70s) ...
Presolve removed 715199 rows and 340494 columns (presolve time = 75s) ...
Presolve removed 715199 rows and 340494 columns (presolve time = 80s) ...
Presolve removed 715199 rows and 340494 columns (presolve time = 85s) ...
Presolve removed 715199 rows and 340494 columns (presolve time = 90s) ...
Presolve removed 715199 rows and 340494 columns (presolve time = 95s) ...
Presolve removed 715199 rows and 340494 columns (presolve time = 100s) ...
Presolve removed 715199 rows and 340494 columns (presolve time = 105s) ...
Presolve removed 715199 rows and 340494 columns (presolve time = 110s) ...
Presolve removed 715199 rows and 340494 columns (presolve time = 115s) ...
Presolve removed 715199 rows and 340494 columns (presolve time = 120s) ...
Presolve removed 715199 rows and 340494 columns (presolve time = 125s) ...
Presolve removed 715199 rows and 340494 columns (presolve time = 130s) ...
Presolve removed 715199 rows and 340494 columns (presolve time = 135s) ...
Presolve removed 715199 rows and 340494 columns (presolve time = 140s) ...
Presolve removed 715199 rows and 340494 columns (presolve time = 145s) ...
Presolve removed 715199 rows and 340494 columns (presolve time = 150s) ...
Presolve removed 715199 rows and 340494 columns (presolve time = 155s) ...
Presolve removed 715199 rows and 340494 columns (presolve time = 160s) ...
Presolve removed 715199 rows and 340494 columns (presolve time = 165s) ...
Presolve removed 715199 rows and 340494 columns (presolve time = 170s) ...
Presolve removed 715199 rows and 340494 columns (presolve time = 175s) ...
Presolve removed 715199 rows and 340494 columns (presolve time = 180s) ...
Presolve removed 715199 rows and 340494 columns (presolve time = 185s) ...
Presolve removed 715199 rows and 340494 columns (presolve time = 190s) ...
Presolve removed 715199 rows and 340494 columns (presolve time = 195s) ...
Presolve removed 715199 rows and 340494 columns (presolve time = 200s) ...
Presolve removed 715199 rows and 340494 columns (presolve time = 205s) ...
Presolve removed 715199 rows and 340494 columns (presolve time = 210s) ...
Presolve removed 715199 rows and 340494 columns (presolve time = 215s) ...
Presolve removed 715199 rows and 340494 columns (presolve time = 220s) ...
Presolve removed 715199 rows and 340494 columns (presolve time = 225s) ...
Presolve removed 715199 rows and 340494 columns (presolve time = 230s) ...
Presolve removed 715199 rows and 340494 columns (presolve time = 235s) ...
Presolve removed 715199 rows and 340494 columns (presolve time = 240s) ...
Presolve removed 715199 rows and 340494 columns (presolve time = 245s) ...
Presolve removed 715199 rows and 340494 columns (presolve time = 250s) ...
Presolve removed 715199 rows and 340494 columns (presolve time = 255s) ...
Presolve removed 715199 rows and 340494 columns (presolve time = 260s) ...
Presolve removed 715199 rows and 340494 columns (presolve time = 265s) ...
Presolve removed 715199 rows and 340494 columns (presolve time = 270s) ...
Presolve removed 715199 rows and 340494 columns (presolve time = 275s) ...
Presolve removed 715199 rows and 340494 columns (presolve time = 280s) ...
Presolve removed 715199 rows and 340494 columns (presolve time = 285s) ...
Presolve removed 715199 rows and 340494 columns (presolve time = 290s) ...
Presolve removed 715199 rows and 340494 columns (presolve time = 295s) ...
Presolve removed 715199 rows and 340494 columns (presolve time = 300s) ...
Presolve removed 715199 rows and 340494 columns (presolve time = 305s) ...
Presolve removed 715199 rows and 340494 columns (presolve time = 310s) ...
Presolve removed 715199 rows and 340494 columns (presolve time = 315s) ...
Presolve removed 715199 rows and 340494 columns (presolve time = 320s) ...
Presolve removed 715199 rows and 340494 columns (presolve time = 325s) ...
Presolve removed 715199 rows and 340494 columns (presolve time = 330s) ...
Presolve removed 715199 rows and 340494 columns (presolve time = 335s) ...
Presolve removed 715199 rows and 340494 columns (presolve time = 340s) ...
Presolve removed 715199 rows and 340494 columns (presolve time = 345s) ...
Presolve removed 715199 rows and 340494 columns (presolve time = 350s) ...
Presolve removed 715199 rows and 340494 columns (presolve time = 355s) ...
Presolve removed 715199 rows and 340494 columns (presolve time = 360s) ...
Presolve removed 715199 rows and 340494 columns (presolve time = 365s) ...
Presolve removed 715199 rows and 340494 columns (presolve time = 370s) ...
Presolve removed 715199 rows and 340494 columns (presolve time = 375s) ...
Presolve removed 715199 rows and 340494 columns (presolve time = 380s) ...
Presolve removed 715199 rows and 340494 columns (presolve time = 385s) ...
Presolve removed 715199 rows and 340494 columns (presolve time = 390s) ...
Presolve removed 715199 rows and 340494 columns (presolve time = 395s) ...
Presolve removed 715199 rows and 340494 columns (presolve time = 400s) ...
Presolve removed 715199 rows and 340494 columns (presolve time = 405s) ...
Presolve removed 715199 rows and 340494 columns (presolve time = 410s) ...
Presolve removed 715199 rows and 340494 columns (presolve time = 415s) ...
Presolve removed 715199 rows and 340494 columns (presolve time = 420s) ...
Presolve removed 715202 rows and 347382 columns (presolve time = 425s) ...
Presolve removed 715202 rows and 347382 columns (presolve time = 431s) ...
Presolve removed 714729 rows and 346909 columns
Presolve time: 433.55s
Presolved: 1292339 rows, 1048169 columns, 9009766 nonzeros
Variable types: 0 continuous, 1048169 integer (1047989 binary)

Root simplex log...

Iteration    Objective       Primal Inf.    Dual Inf.      Time
       0    0.0000000e+00   1.465750e+03   0.000000e+00    454s
    3380    2.6400000e+02   1.655386e+03   0.000000e+00    455s
   20147    2.6800012e+02   1.071420e+03   0.000000e+00    460s
   28523    2.6800017e+02   8.477937e+02   0.000000e+00    465s
   33248    2.6800020e+02   6.354668e+02   0.000000e+00    470s
   37243    2.6800021e+02   4.476610e+03   0.000000e+00    476s
   39403    2.6800022e+02   6.844966e+02   0.000000e+00    480s
   40695    2.6800023e+02   1.303219e+03   0.000000e+00    486s
   42097    2.6800023e+02   1.057318e+03   0.000000e+00    491s
   43691    2.6800024e+02   2.001966e+03   0.000000e+00    495s
   45011    2.6800024e+02   1.772547e+03   0.000000e+00    500s
   47085    2.6800025e+02   8.706358e+02   0.000000e+00    506s
   47815    2.6800025e+02   1.986304e+03   0.000000e+00    511s
   49301    2.6800025e+02   1.702961e+03   0.000000e+00    516s
   50481    2.6800026e+02   1.936713e+03   0.000000e+00    521s
   52197    2.6800026e+02   6.990995e+03   0.000000e+00    525s
   53517    2.6800027e+02   6.812538e+03   0.000000e+00    531s
   55177    2.6800027e+02   5.504194e+02   0.000000e+00    536s
   58078    2.6800032e+02   2.473092e+03   0.000000e+00    541s
   60618    2.6800038e+02   5.889788e+02   0.000000e+00    545s
   63056    2.6800042e+02   5.063245e+02   0.000000e+00    551s
   64148    2.6800044e+02   1.195731e+03   0.000000e+00    556s
   64988    2.6800045e+02   7.220600e+02   0.000000e+00    561s
   66120    2.6800046e+02   3.169087e+03   0.000000e+00    565s
   67756    2.6800049e+02   2.839956e+03   0.000000e+00    571s
   68868    2.6800050e+02   9.302783e+02   0.000000e+00    575s
   69868    2.6800051e+02   1.612426e+03   0.000000e+00    580s
   70918    2.6800053e+02   1.732909e+03   0.000000e+00    586s
   71758    2.6800054e+02   3.511151e+03   0.000000e+00    591s
   73182    2.6800057e+02   2.248169e+03   0.000000e+00    596s
   73892    2.6800057e+02   2.616169e+03   0.000000e+00    601s
   74572    2.6800058e+02   4.364273e+03   0.000000e+00    605s
   75412    2.6800059e+02   1.405318e+03   0.000000e+00    611s
   76092    2.6800059e+02   6.996333e+03   0.000000e+00    616s
   77052    2.6800060e+02   1.271131e+03   0.000000e+00    621s
   77872    2.6800061e+02   2.823753e+03   0.000000e+00    625s
   78812    2.6800062e+02   1.981990e+03   0.000000e+00    631s
   79542    2.6800062e+02   1.239608e+03   0.000000e+00    636s
   80222    2.6800063e+02   6.592437e+03   0.000000e+00    641s
   80762    2.6800063e+02   1.145588e+04   0.000000e+00    646s
   81502    2.6800064e+02   1.787029e+03   0.000000e+00    651s
   82022    2.6800064e+02   5.995700e+02   0.000000e+00    655s
   82822    2.6800065e+02   2.226272e+03   0.000000e+00    661s
   83502    2.6800065e+02   1.992899e+03   0.000000e+00    666s
   84202    2.6800066e+02   4.731025e+03   0.000000e+00    671s
   84832    2.6800066e+02   1.705139e+04   0.000000e+00    676s
   85632    2.6800067e+02   9.078662e+03   0.000000e+00    681s
   86412    2.6800068e+02   6.054612e+03   0.000000e+00    686s
   86852    2.6800068e+02   3.145581e+03   0.000000e+00    690s
   87562    2.6800069e+02   3.018753e+03   0.000000e+00    695s
   88242    2.6800069e+02   9.361856e+02   0.000000e+00    701s
   88892    2.6800070e+02   2.312787e+03   0.000000e+00    707s
   89282    2.6800070e+02   9.263109e+02   0.000000e+00    710s
   89992    2.6800070e+02   2.717074e+03   0.000000e+00    716s
   90782    2.6800071e+02   5.122595e+02   0.000000e+00    721s
   91232    2.6800071e+02   7.692970e+02   0.000000e+00    725s
   92514    2.6800072e+02   4.953232e+03   0.000000e+00    732s
   93004    2.6800072e+02   8.596420e+02   0.000000e+00    735s
   93764    2.6800073e+02   7.473806e+03   0.000000e+00    741s
   94414    2.6800073e+02   2.197753e+04   0.000000e+00    746s
   94994    2.6800074e+02   3.359068e+03   0.000000e+00    752s
   95364    2.6800074e+02   3.038747e+03   0.000000e+00    755s
   95954    2.6800074e+02   1.838213e+03   0.000000e+00    761s
   96604    2.6800075e+02   7.029179e+02   0.000000e+00    767s
   96904    2.6800075e+02   6.495028e+03   0.000000e+00    770s
   97454    2.6800075e+02   1.713640e+03   0.000000e+00    775s
   98184    2.6800075e+02   1.140623e+03   0.000000e+00    781s
   98764    2.6800076e+02   7.514750e+03   0.000000e+00    785s
   99384    2.6800076e+02   1.932741e+03   0.000000e+00    791s
   99744    2.6800076e+02   6.613478e+02   0.000000e+00    795s
  100274    2.6800076e+02   3.819758e+03   0.000000e+00    801s
  100834    2.6800076e+02   1.203399e+03   0.000000e+00    806s
  101334    2.6800077e+02   6.034033e+03   0.000000e+00    812s
  101624    2.6800077e+02   3.034091e+03   0.000000e+00    815s
  102094    2.6800077e+02   4.871480e+03   0.000000e+00    820s
  102564    2.6800077e+02   1.014410e+03   0.000000e+00    826s
  103044    2.6800077e+02   5.537318e+02   0.000000e+00    832s
  103384    2.6800077e+02   9.664387e+02   0.000000e+00    836s
  103854    2.6800077e+02   9.268401e+02   0.000000e+00    841s
  104314    2.6800078e+02   1.523988e+03   0.000000e+00    847s
  104674    2.6800078e+02   2.488339e+03   0.000000e+00    851s
  105124    2.6800078e+02   5.789529e+02   0.000000e+00    856s
  105544    2.6800078e+02   2.972418e+03   0.000000e+00    862s
  105894    2.6800078e+02   9.100303e+02   0.000000e+00    865s
  106324    2.6800078e+02   6.552528e+02   0.000000e+00    871s
  106704    2.6800078e+02   2.784786e+03   0.000000e+00    877s
  106994    2.6800078e+02   3.362704e+03   0.000000e+00    880s
  107434    2.6800079e+02   5.922008e+02   0.000000e+00    886s
  107844    2.6800079e+02   8.205521e+03   0.000000e+00    891s
  108124    2.6800079e+02   8.338589e+02   0.000000e+00    895s
  108554    2.6800079e+02   6.935078e+03   0.000000e+00    901s
  109034    2.6800079e+02   8.210668e+02   0.000000e+00    906s
  109464    2.6800079e+02   7.704947e+02   0.000000e+00    912s
  109724    2.6800079e+02   1.312493e+03   0.000000e+00    915s
  110134    2.6800080e+02   1.047796e+03   0.000000e+00    921s
  110594    2.6800080e+02   1.578723e+03   0.000000e+00    927s
  110874    2.6800080e+02   1.948208e+03   0.000000e+00    931s
  111344    2.6800080e+02   3.738554e+03   0.000000e+00    937s
  111614    2.6800080e+02   7.244378e+03   0.000000e+00    940s
  112014    2.6800080e+02   4.836588e+03   0.000000e+00    946s
  112394    2.6800080e+02   1.039597e+04   0.000000e+00    952s
  112674    2.6800080e+02   3.473309e+04   0.000000e+00    956s
  113064    2.6800080e+02   1.832448e+03   0.000000e+00    961s
  113304    2.6800080e+02   1.729267e+03   0.000000e+00    965s
  113704    2.6800080e+02   3.693622e+02   0.000000e+00    971s
  114074    2.6800081e+02   2.819579e+02   0.000000e+00    977s
  114354    2.6800081e+02   3.057314e+03   0.000000e+00    981s
  114734    2.6800081e+02   1.198597e+03   0.000000e+00    986s
  114994    2.6800081e+02   1.902826e+03   0.000000e+00    990s
  115404    2.6800081e+02   1.362143e+03   0.000000e+00    996s
  115784    2.6800081e+02   2.700485e+03   0.000000e+00   1002s
  116064    2.6800081e+02   1.668765e+03   0.000000e+00   1006s
  116504    2.6800081e+02   2.281417e+03   0.000000e+00   1011s
  116774    2.6800081e+02   1.342644e+03   0.000000e+00   1015s
  117164    2.6800081e+02   3.062177e+02   0.000000e+00   1021s
  117444    2.6800081e+02   1.769697e+03   0.000000e+00   1025s
  117814    2.6800081e+02   2.811169e+04   0.000000e+00   1031s
  118214    2.6800082e+02   6.893598e+02   0.000000e+00   1037s
  118494    2.6800082e+02   9.378193e+02   0.000000e+00   1041s
  118864    2.6800082e+02   1.644513e+03   0.000000e+00   1046s
  119084    2.6800082e+02   1.224168e+03   0.000000e+00   1050s
  119414    2.6800082e+02   6.794623e+02   0.000000e+00   1056s
  119764    2.6800082e+02   2.319567e+03   0.000000e+00   1062s
  120014    2.6800082e+02   9.143303e+03   0.000000e+00   1066s
  120364    2.6800082e+02   1.500274e+04   0.000000e+00   1072s
  120614    2.6800082e+02   2.102428e+03   0.000000e+00   1075s
  120994    2.6800082e+02   3.276108e+02   0.000000e+00   1081s
  121244    2.6800082e+02   4.424835e+02   0.000000e+00   1085s
  121594    2.6800082e+02   3.505046e+02   0.000000e+00   1091s
  121804    2.6800082e+02   8.598232e+02   0.000000e+00   1095s
  122194    2.6800083e+02   6.792787e+02   0.000000e+00   1101s
  122464    2.6800084e+02   2.777309e+02   0.000000e+00   1105s
  122864    2.6800085e+02   5.009259e+02   0.000000e+00   1111s
  123304    2.6800085e+02   2.004251e+03   0.000000e+00   1117s
  123614    2.6800086e+02   3.310874e+03   0.000000e+00   1121s
  124074    2.6800087e+02   6.296367e+02   0.000000e+00   1127s
  124384    2.6800087e+02   2.863733e+02   0.000000e+00   1131s
  124874    2.6800088e+02   5.238932e+02   0.000000e+00   1136s
  125154    2.6800088e+02   4.104126e+03   0.000000e+00   1140s
  125574    2.6800089e+02   1.375309e+03   0.000000e+00   1146s
  125844    2.6800089e+02   4.281810e+03   0.000000e+00   1150s
  126224    2.6800089e+02   7.563148e+02   0.000000e+00   1156s
  126654    2.6800090e+02   2.161720e+03   0.000000e+00   1161s
  127104    2.6800091e+02   3.545599e+02   0.000000e+00   1167s
  127394    2.6800091e+02   3.394303e+02   0.000000e+00   1171s
  127814    2.6800091e+02   9.828162e+02   0.000000e+00   1177s
  128074    2.6800092e+02   2.479454e+03   0.000000e+00   1181s
  128444    2.6800092e+02   1.246622e+03   0.000000e+00   1187s
  128704    2.6800092e+02   8.188925e+02   0.000000e+00   1191s
  129154    2.6800092e+02   6.780656e+03   0.000000e+00   1197s
  129424    2.6800092e+02   1.804913e+03   0.000000e+00   1201s
  129674    2.6800093e+02   2.669311e+03   0.000000e+00   1205s
  130034    2.6800093e+02   1.087622e+03   0.000000e+00   1211s
  130274    2.6800093e+02   8.104958e+02   0.000000e+00   1215s
  130624    2.6800093e+02   2.440350e+02   0.000000e+00   1221s
  130864    2.6800093e+02   1.567218e+02   0.000000e+00   1225s
  131214    2.6800094e+02   4.745878e+02   0.000000e+00   1232s
  131454    2.6800094e+02   3.679863e+03   0.000000e+00   1236s
  131794    2.6800094e+02   5.035161e+02   0.000000e+00   1242s
  132014    2.6800094e+02   8.714252e+02   0.000000e+00   1246s
  132364    2.6800094e+02   1.734127e+03   0.000000e+00   1252s
  132604    2.6800094e+02   4.721186e+02   0.000000e+00   1256s
  132944    2.6800094e+02   3.082679e+02   0.000000e+00   1262s
  133174    2.6800095e+02   7.647239e+02   0.000000e+00   1266s
  133414    2.6800095e+02   5.652361e+02   0.000000e+00   1270s
  133744    2.6800095e+02   1.688551e+02   0.000000e+00   1276s
  133984    2.6800095e+02   3.165074e+03   0.000000e+00   1281s
  134314    2.6800095e+02   3.248568e+02   0.000000e+00   1287s
  134544    2.6800095e+02   6.779659e+02   0.000000e+00   1291s
  134764    2.6800095e+02   6.656191e+02   0.000000e+00   1295s
  135094    2.6800095e+02   1.598726e+02   0.000000e+00   1301s
  135314    2.6800096e+02   6.551005e+02   0.000000e+00   1305s
  135664    2.6800096e+02   6.159255e+02   0.000000e+00   1311s
  135884    2.6800096e+02   2.801257e+02   0.000000e+00   1315s
  136224    2.6800096e+02   1.517758e+03   0.000000e+00   1322s
  136454    2.6800096e+02   2.897866e+02   0.000000e+00   1326s
  136764    2.6800096e+02   1.057084e+03   0.000000e+00   1332s
  136984    2.6800096e+02   1.195638e+02   0.000000e+00   1336s
  137184    2.6800096e+02   1.234347e+03   0.000000e+00   1340s
  137484    2.6800096e+02   1.482123e+02   0.000000e+00   1346s
  137774    2.6800096e+02   8.185650e+03   0.000000e+00   1352s
  137974    2.6800097e+02   4.505060e+02   0.000000e+00   1356s
  138174    2.6800097e+02   2.116009e+02   0.000000e+00   1360s
  138474    2.6800097e+02   5.972977e+02   0.000000e+00   1366s
  138674    2.6800097e+02   1.292805e+02   0.000000e+00   1371s
  138974    2.6800097e+02   2.678298e+02   0.000000e+00   1377s
  139174    2.6800097e+02   8.528770e+02   0.000000e+00   1381s
  139564    2.6800097e+02   1.516034e+03   0.000000e+00   1388s
  139664    2.6800097e+02   6.862092e+02   0.000000e+00   1391s
  139954    2.6800097e+02   8.176567e+02   0.000000e+00   1397s
  140144    2.6800097e+02   1.253612e+02   0.000000e+00   1401s
  140344    2.6800097e+02   3.958814e+02   0.000000e+00   1406s
  140634    2.6800097e+02   2.151371e+03   0.000000e+00   1412s
  140834    2.6800097e+02   1.183980e+02   0.000000e+00   1416s
  141034    2.6800097e+02   1.902273e+03   0.000000e+00   1420s
  141314    2.6800097e+02   3.158500e+02   0.000000e+00   1427s
  141494    2.6800097e+02   5.719190e+02   0.000000e+00   1431s
  141684    2.6800097e+02   3.712384e+03   0.000000e+00   1435s
  141984    2.6800097e+02   1.500921e+02   0.000000e+00   1442s
  142194    2.6800098e+02   8.681471e+02   0.000000e+00   1446s
  142414    2.6800098e+02   7.847332e+02   0.000000e+00   1451s
  142614    2.6800098e+02   2.039077e+02   0.000000e+00   1455s
  142904    2.6800098e+02   1.967804e+02   0.000000e+00   1461s
  143104    2.6800098e+02   3.297781e+02   0.000000e+00   1466s
  143304    2.6800098e+02   6.154077e+02   0.000000e+00   1470s
  143604    2.6800098e+02   5.447478e+02   0.000000e+00   1477s
  143884    2.6800098e+02   3.752126e+02   0.000000e+00   1483s
  143984    2.6800098e+02   5.510883e+02   0.000000e+00   1486s
  144274    2.6800098e+02   2.513271e+02   0.000000e+00   1492s
  144474    2.6800098e+02   1.187951e+02   0.000000e+00   1497s
  144664    2.6800098e+02   3.833696e+01   0.000000e+00   1501s
  144944    2.6800098e+02   6.839434e+01   0.000000e+00   1507s
  145144    2.6800098e+02   1.878464e+02   0.000000e+00   1512s
  145434    2.6800098e+02   1.274639e+02   0.000000e+00   1518s
  145624    2.6800098e+02   5.253410e+02   0.000000e+00   1523s
  145814    2.6800098e+02   1.171264e+02   0.000000e+00   1527s
  145994    2.6800098e+02   1.293932e+03   0.000000e+00   1531s
  146274    2.6800098e+02   4.499170e+02   0.000000e+00   1538s
  146464    2.6800098e+02   1.054124e+02   0.000000e+00   1542s
  146644    2.6800098e+02   7.087613e+02   0.000000e+00   1546s
  146824    2.6800098e+02   7.000742e+01   0.000000e+00   1551s
  147184    2.6800098e+02   1.163568e+02   0.000000e+00   1559s
  147364    2.6800098e+02   6.391683e+01   0.000000e+00   1563s
  147544    2.6800098e+02   4.575264e+01   0.000000e+00   1568s
  147724    2.6800098e+02   1.738156e+02   0.000000e+00   1572s
  147904    2.6800098e+02   7.438162e+01   0.000000e+00   1576s
  148084    2.6800099e+02   4.800741e+01   0.000000e+00   1581s
  148454    2.6800099e+02   2.450029e+02   0.000000e+00   1589s
  148644    2.6800099e+02   5.304038e+01   0.000000e+00   1594s
  148744    2.6800099e+02   2.413817e+02   0.000000e+00   1596s
  148924    2.6800099e+02   4.948755e+01   0.000000e+00   1600s
  149284    2.6800099e+02   3.796372e+02   0.000000e+00   1609s
  149464    2.6800099e+02   7.340818e+02   0.000000e+00   1613s
  149644    2.6800099e+02   4.764477e+01   0.000000e+00   1617s
  149824    2.6800099e+02   1.982848e+02   0.000000e+00   1621s
  150004    2.6800099e+02   3.234267e+02   0.000000e+00   1625s
  150364    2.6800099e+02   1.266944e+02   0.000000e+00   1634s
  150544    2.6800099e+02   2.486650e+01   0.000000e+00   1638s
  150724    2.6800099e+02   1.077174e+02   0.000000e+00   1642s
  150904    2.6800099e+02   6.026632e+01   0.000000e+00   1646s
  151084    2.6800099e+02   9.811408e+01   0.000000e+00   1651s
  151444    2.6800099e+02   2.958818e+02   0.000000e+00   1659s
  151624    2.6800099e+02   9.485843e+02   0.000000e+00   1663s
  151804    2.6800099e+02   1.603467e+01   0.000000e+00   1667s
  151984    2.6800099e+02   2.084984e+01   0.000000e+00   1671s
  152164    2.6800099e+02   8.021399e+02   0.000000e+00   1675s
  152524    2.6800099e+02   4.136327e+01   0.000000e+00   1684s
  152704    2.6800099e+02   1.802178e+02   0.000000e+00   1688s
  152884    2.6800099e+02   3.048982e+01   0.000000e+00   1692s
  153064    2.6800099e+02   4.126724e+01   0.000000e+00   1697s
  153244    2.6800099e+02   7.695837e+01   0.000000e+00   1701s
  153424    2.6800099e+02   3.477168e+01   0.000000e+00   1705s
  153784    2.6800099e+02   2.163256e+01   0.000000e+00   1714s
  153964    2.6800099e+02   6.871119e+01   0.000000e+00   1718s
  154144    2.6800099e+02   1.788619e+01   0.000000e+00   1722s
  154324    2.6800099e+02   2.676061e+01   0.000000e+00   1727s
  154504    2.6800099e+02   1.296868e+01   0.000000e+00   1731s
  154864    2.6800099e+02   2.478342e+02   0.000000e+00   1739s
  155044    2.6800099e+02   3.478680e+01   0.000000e+00   1743s
  155224    2.6800099e+02   8.263412e+01   0.000000e+00   1748s
  155404    2.6800099e+02   1.828189e+01   0.000000e+00   1752s
  155584    2.6800099e+02   1.185532e+02   0.000000e+00   1756s
  155774    2.6800099e+02   7.923741e+00   0.000000e+00   1761s
  156064    2.6800099e+02   5.907909e+00   0.000000e+00   1767s
  156264    2.6800099e+02   1.238854e+01   0.000000e+00   1772s
  156464    2.6800099e+02   5.810641e+00   0.000000e+00   1776s
  156664    2.6800099e+02   6.033863e+00   0.000000e+00   1781s
  156964    2.6800099e+02   1.648134e+01   0.000000e+00   1787s
  157164    2.6800099e+02   1.349475e+01   0.000000e+00   1792s
  157364    2.6800099e+02   5.255261e-01   0.000000e+00   1796s
  157564    2.6800099e+02   1.186261e+01   0.000000e+00   1800s
  157864    2.6800099e+02   3.104607e-01   0.000000e+00   1807s
  158064    2.6800099e+02   1.600743e+00   0.000000e+00   1811s
  158264    2.6800099e+02   2.866168e-01   0.000000e+00   1816s
  158464    2.6800099e+02   6.852196e-02   0.000000e+00   1820s
  158512    2.6800000e+02   0.000000e+00   0.000000e+00   1822s
  158512    2.6800000e+02   0.000000e+00   0.000000e+00   1822s

Use crossover to convert LP symmetric solution to basic solution...

Root crossover log...

      19 DPushes remaining with DInf 0.0000000e+00              1823s
       0 DPushes remaining with DInf 0.0000000e+00              1823s

   13357 PPushes remaining with PInf 0.0000000e+00              1823s
       0 PPushes remaining with PInf 0.0000000e+00              1825s

  Push phase complete: Pinf 0.0000000e+00, Dinf 9.5890391e-11   1825s


Root simplex log...

Iteration    Objective       Primal Inf.    Dual Inf.      Time
  171875    2.6800000e+02   0.000000e+00   0.000000e+00   1825s
  171875    2.6800000e+02   0.000000e+00   0.000000e+00   1826s

Root relaxation: objective 2.680000e+02, 171875 iterations, 1379.05 seconds (2326.59 work units)
