1.NAME: MIPSolver3
2.PARAMS: {'break_symmetry': False, 'break_symmetry_strong': False}
3.INSTANCE: /home/wx350715/Kobra/rehabiliation-admission-scheduling/data/comp_study_002/instance_7_5.txt
4.REPETITION: 1
Current directory: /home/wx350715/Kobra/rehabiliation-admission-scheduling
[34m2025-01-08 14:37:15,582 - DEBUG - Solver: <class 'src.solvers.mip3.MIPSolver3'>[0m
[34m2025-01-08 14:37:15,582 - DEBUG - Args: {'break_symmetry': False, 'break_symmetry_strong': False}[0m
[34m2025-01-08 14:37:15,582 - DEBUG - File path /home/wx350715/Kobra/rehabiliation-admission-scheduling/data/comp_study_002/instance_7_5.txt[0m
[34m2025-01-08 14:37:15,603 - DEBUG - ADD INSTANCE DATA[0m
[34m2025-01-08 14:37:15,603 - DEBUG - ADD INSTANCE DATA[0m
[34m2025-01-08 14:37:15,603 - DEBUG - ADD INSTANCE DATA[0m
[34m2025-01-08 14:37:15,603 - DEBUG - ADD INSTANCE DATA[0m
[34m2025-01-08 14:37:15,603 - DEBUG - ADD INSTANCE DATA[0m
[34m2025-01-08 14:37:15,603 - DEBUG - ADD INSTANCE DATA[0m
[34m2025-01-08 14:37:15,603 - DEBUG - ADD INSTANCE DATA[0m
[34m2025-01-08 14:37:15,603 - DEBUG - ADD INSTANCE DATA[0m
[34m2025-01-08 14:37:15,604 - DEBUG - ADD INSTANCE DATA[0m
[34m2025-01-08 14:37:15,604 - DEBUG - ADD INSTANCE DATA[0m
[34m2025-01-08 14:37:15,604 - DEBUG - ADD INSTANCE DATA[0m
[34m2025-01-08 14:37:15,604 - DEBUG - ADD RESOURCE_GROUPS[0m
[34m2025-01-08 14:37:15,604 - DEBUG - ADD RESOURCE_GROUPS[0m
[34m2025-01-08 14:37:15,604 - DEBUG - ADD RESOURCE_GROUPS[0m
[34m2025-01-08 14:37:15,604 - DEBUG - ADD RESOURCE_GROUPS[0m
[34m2025-01-08 14:37:15,604 - DEBUG - ADD RESOURCE_GROUPS[0m
[34m2025-01-08 14:37:15,604 - DEBUG - ADD RESOURCES[0m
[34m2025-01-08 14:37:15,604 - DEBUG - ADD RESOURCES[0m
[34m2025-01-08 14:37:15,604 - DEBUG - ADD RESOURCES[0m
[34m2025-01-08 14:37:15,604 - DEBUG - ADD RESOURCES[0m
[34m2025-01-08 14:37:15,605 - DEBUG - ADD RESOURCES[0m
[34m2025-01-08 14:37:15,605 - DEBUG - ADD RESOURCES[0m
[34m2025-01-08 14:37:15,605 - DEBUG - ADD RESOURCES[0m
[34m2025-01-08 14:37:15,605 - DEBUG - ADD RESOURCES[0m
[34m2025-01-08 14:37:15,605 - DEBUG - ADD RESOURCES[0m
[34m2025-01-08 14:37:15,605 - DEBUG - ADD RESOURCES[0m
[34m2025-01-08 14:37:15,605 - DEBUG - ADD TREATMENTS[0m
[34m2025-01-08 14:37:15,605 - DEBUG - ADD TREATMENTS[0m
[34m2025-01-08 14:37:15,605 - DEBUG - ADD TREATMENTS[0m
[34m2025-01-08 14:37:15,605 - DEBUG - ADD TREATMENTS[0m
[34m2025-01-08 14:37:15,605 - DEBUG - ADD TREATMENTS[0m
[34m2025-01-08 14:37:15,606 - DEBUG - ADD TREATMENTS[0m
[34m2025-01-08 14:37:15,606 - DEBUG - ADD TREATMENTS[0m
[34m2025-01-08 14:37:15,606 - DEBUG - ADD TREATMENTS[0m
[34m2025-01-08 14:37:15,606 - DEBUG - ADD TREATMENTS[0m
[34m2025-01-08 14:37:15,606 - DEBUG - ADD TREATMENTS[0m
[34m2025-01-08 14:37:15,606 - DEBUG - ADD PATIENTS[0m
[34m2025-01-08 14:37:15,606 - DEBUG - ADD PATIENTS[0m
[34m2025-01-08 14:37:15,606 - DEBUG - ADD PATIENTS[0m
[34m2025-01-08 14:37:15,606 - DEBUG - ADD PATIENTS[0m
[34m2025-01-08 14:37:15,607 - DEBUG - ADD PATIENTS[0m
[34m2025-01-08 14:37:15,607 - DEBUG - ADD PATIENTS[0m
[34m2025-01-08 14:37:15,607 - DEBUG - ADD PATIENTS[0m
[34m2025-01-08 14:37:15,607 - DEBUG - ADD PATIENTS[0m
[34m2025-01-08 14:37:15,607 - DEBUG - ADD PATIENTS[0m
[34m2025-01-08 14:37:15,607 - DEBUG - ADD PATIENTS[0m
[34m2025-01-08 14:37:15,607 - DEBUG - ADD PATIENTS[0m
[34m2025-01-08 14:37:15,607 - DEBUG - ADD PATIENTS[0m
[34m2025-01-08 14:37:15,608 - DEBUG - ADD PATIENTS[0m
[34m2025-01-08 14:37:15,608 - DEBUG - ADD PATIENTS[0m
[34m2025-01-08 14:37:15,608 - DEBUG - ADD PATIENTS[0m
[34m2025-01-08 14:37:15,608 - DEBUG - ADD PATIENTS[0m
[34m2025-01-08 14:37:15,608 - DEBUG - ADD PATIENTS[0m
[34m2025-01-08 14:37:15,608 - DEBUG - ADD PATIENTS[0m
[34m2025-01-08 14:37:15,608 - DEBUG - ADD PATIENTS[0m
[34m2025-01-08 14:37:15,608 - DEBUG - ADD PATIENTS[0m
[34m2025-01-08 14:37:15,608 - DEBUG - Instance data:[0m
[34m2025-01-08 14:37:15,609 - DEBUG - Number of patients: 19[0m
[34m2025-01-08 14:37:15,616 - DEBUG - Number of beds: 40[0m
[34m2025-01-08 14:37:15,616 - DEBUG - Average number of treatments per patient: 25.42105263157895[0m
[34m2025-01-08 14:37:15,616 - DEBUG - Average number of treatment per stayed day: 2.542105263157895[0m
[34m2025-01-08 14:37:15,616 - DEBUG - Number of treatments: 483[0m
[34m2025-01-08 14:37:15,616 - DEBUG - Number of resources: 10[0m
[34m2025-01-08 14:37:15,616 - DEBUG - Number of resource groups: 5[0m
[34m2025-01-08 14:37:15,616 - DEBUG - Number of resource hours needed per all treatment by RG(rooms): 22.09999999999998[0m
[34m2025-01-08 14:37:15,616 - DEBUG - Number of resource hours needed per all treatment by RG(physiotherapist): 9.75[0m
[34m2025-01-08 14:37:15,616 - DEBUG - Number of resource hours needed per all treatment by RG(therapists): 7.975000000000001[0m
[34m2025-01-08 14:37:15,616 - DEBUG - Number of resource hours needed per all treatment by RG(sport_room): 5.625[0m
[32m2025-01-08 14:37:15,616 - INFO - {'solver': 'MIPSolver3', 'args': {'break_symmetry': True, 'break_symmetry_strong': True, 'enforce_min_treatments_per_day': True, 'enforce_max_treatments_per_e_w': True, 'enforce_min_patients_per_treatment': True, 'log_to_console': True}}[0m
[34m2025-01-08 14:37:15,616 - DEBUG - Setting options: MIPSolver3[0m
[34m2025-01-08 14:37:15,616 - DEBUG -  ---- break_symmetry to True[0m
[34m2025-01-08 14:37:15,616 - DEBUG -  ---- break_symmetry_strong to True[0m
[34m2025-01-08 14:37:15,616 - DEBUG - Setting options: Solver[0m
[34m2025-01-08 14:37:15,616 - DEBUG -  ---- number_of_threads to 1 (default)[0m
[34m2025-01-08 14:37:15,616 - DEBUG -  ---- treatment_value to 0 (default)[0m
[34m2025-01-08 14:37:15,616 - DEBUG -  ---- delay_value to 1 (default)[0m
[34m2025-01-08 14:37:15,617 - DEBUG -  ---- missing_treatment_value to 4 (default)[0m
[34m2025-01-08 14:37:15,617 - DEBUG -  ---- enforce_min_treatments_per_day to True[0m
[34m2025-01-08 14:37:15,617 - DEBUG -  ---- enforce_max_treatments_per_e_w to True[0m
[34m2025-01-08 14:37:15,617 - DEBUG -  ---- enforce_min_patients_per_treatment to True[0m
[34m2025-01-08 14:37:15,617 - DEBUG -  ---- log_to_console to True[0m
[34m2025-01-08 14:37:15,617 - DEBUG -  ---- log_to_file to True (default)[0m
[32m2025-01-08 14:37:15,716 - INFO - Create model: MIPSolver3[0m
Set parameter TSPort to value 50039
Set parameter TokenServer to value "license.itc.rwth-aachen.de"
Set parameter Threads to value 1
Set parameter Cuts to value 0
[34m2025-01-08 14:38:03,460 - DEBUG - Variables created.[0m
[34m2025-01-08 14:38:07,505 - DEBUG - Constraint (p1) created.[0m
[34m2025-01-08 14:39:05,434 - DEBUG - Constraint (when_admitted) created.[0m
[34m2025-01-08 14:39:27,512 - DEBUG - Constraint (p3) created.[0m
[34m2025-01-08 14:39:27,513 - DEBUG - Constraint (r1) created.[0m
[34m2025-01-08 14:40:21,684 - DEBUG - Constraint (r2) created.[0m
[34m2025-01-08 14:40:35,249 - DEBUG - Constraint (r3) created.[0m
[34m2025-01-08 14:41:11,013 - DEBUG - Constraint (r4) created.[0m
[34m2025-01-08 14:41:11,268 - DEBUG - Constraint (r5) created.[0m
[34m2025-01-08 14:41:18,744 - DEBUG - Constraint (r6) created.[0m
[34m2025-01-08 14:41:18,745 - DEBUG - Constraint (r7) created.[0m
[34m2025-01-08 14:41:29,106 - DEBUG - Constraint (a4) created.[0m
[34m2025-01-08 14:41:31,742 - DEBUG - Constraint (a5) created.[0m
[34m2025-01-08 14:41:34,601 - DEBUG - Constraint (a5) created.[0m
[34m2025-01-08 14:41:36,224 - DEBUG - Constraint (strong symmetry) created.[0m
[34m2025-01-08 14:41:36,677 - DEBUG - Constraint (symmetry) created.[0m
[32m2025-01-08 14:43:01,892 - INFO - Time to create model: 346.176[0m
[32m2025-01-08 14:43:01,894 - INFO - Solving model: MIPSolver3[0m
Gurobi Optimizer version 10.0.0 build v10.0.0rc2 (linux64)

CPU model: Intel(R) Xeon(R) Platinum 8468, instruction set [SSE2|AVX|AVX2|AVX512]
Thread count: 96 physical cores, 96 logical processors, using up to 1 threads

Optimize a model with 9216511 rows, 7009603 columns and 136274302 nonzeros
Model fingerprint: 0x6db4230c
Variable types: 2 continuous, 7009601 integer (7009601 binary)
Coefficient statistics:
  Matrix range     [1e+00, 1e+01]
  Objective range  [1e+00, 1e+01]
  Bounds range     [1e+00, 1e+00]
  RHS range        [1e+00, 2e+03]
