1.NAME: MIPSolver3
2.PARAMS: {'break_symmetry': True, 'break_symmetry_strong': False}
3.INSTANCE: /home/wx350715/Kobra/rehabiliation-admission-scheduling/data/comp_study_002/instance_8_5.txt
4.REPETITION: 1
Current directory: /home/wx350715/Kobra/rehabiliation-admission-scheduling
[34m2025-01-08 15:00:26,314 - DEBUG - Solver: <class 'src.solvers.mip3.MIPSolver3'>[0m
[34m2025-01-08 15:00:26,315 - DEBUG - Args: {'break_symmetry': True, 'break_symmetry_strong': False}[0m
[34m2025-01-08 15:00:26,315 - DEBUG - File path /home/wx350715/Kobra/rehabiliation-admission-scheduling/data/comp_study_002/instance_8_5.txt[0m
[34m2025-01-08 15:00:26,315 - DEBUG - ADD INSTANCE DATA[0m
[34m2025-01-08 15:00:26,315 - DEBUG - ADD INSTANCE DATA[0m
[34m2025-01-08 15:00:26,315 - DEBUG - ADD INSTANCE DATA[0m
[34m2025-01-08 15:00:26,315 - DEBUG - ADD INSTANCE DATA[0m
[34m2025-01-08 15:00:26,315 - DEBUG - ADD INSTANCE DATA[0m
[34m2025-01-08 15:00:26,315 - DEBUG - ADD INSTANCE DATA[0m
[34m2025-01-08 15:00:26,315 - DEBUG - ADD INSTANCE DATA[0m
[34m2025-01-08 15:00:26,315 - DEBUG - ADD INSTANCE DATA[0m
[34m2025-01-08 15:00:26,315 - DEBUG - ADD INSTANCE DATA[0m
[34m2025-01-08 15:00:26,315 - DEBUG - ADD INSTANCE DATA[0m
[34m2025-01-08 15:00:26,315 - DEBUG - ADD INSTANCE DATA[0m
[34m2025-01-08 15:00:26,315 - DEBUG - ADD RESOURCE_GROUPS[0m
[34m2025-01-08 15:00:26,315 - DEBUG - ADD RESOURCE_GROUPS[0m
[34m2025-01-08 15:00:26,315 - DEBUG - ADD RESOURCE_GROUPS[0m
[34m2025-01-08 15:00:26,315 - DEBUG - ADD RESOURCE_GROUPS[0m
[34m2025-01-08 15:00:26,315 - DEBUG - ADD RESOURCE_GROUPS[0m
[34m2025-01-08 15:00:26,316 - DEBUG - ADD RESOURCES[0m
[34m2025-01-08 15:00:26,316 - DEBUG - ADD RESOURCES[0m
[34m2025-01-08 15:00:26,316 - DEBUG - ADD RESOURCES[0m
[34m2025-01-08 15:00:26,316 - DEBUG - ADD RESOURCES[0m
[34m2025-01-08 15:00:26,316 - DEBUG - ADD RESOURCES[0m
[34m2025-01-08 15:00:26,316 - DEBUG - ADD RESOURCES[0m
[34m2025-01-08 15:00:26,316 - DEBUG - ADD RESOURCES[0m
[34m2025-01-08 15:00:26,316 - DEBUG - ADD RESOURCES[0m
[34m2025-01-08 15:00:26,316 - DEBUG - ADD RESOURCES[0m
[34m2025-01-08 15:00:26,316 - DEBUG - ADD RESOURCES[0m
[34m2025-01-08 15:00:26,316 - DEBUG - ADD TREATMENTS[0m
[34m2025-01-08 15:00:26,317 - DEBUG - ADD TREATMENTS[0m
[34m2025-01-08 15:00:26,317 - DEBUG - ADD TREATMENTS[0m
[34m2025-01-08 15:00:26,317 - DEBUG - ADD TREATMENTS[0m
[34m2025-01-08 15:00:26,317 - DEBUG - ADD TREATMENTS[0m
[34m2025-01-08 15:00:26,317 - DEBUG - ADD TREATMENTS[0m
[34m2025-01-08 15:00:26,317 - DEBUG - ADD TREATMENTS[0m
[34m2025-01-08 15:00:26,317 - DEBUG - ADD TREATMENTS[0m
[34m2025-01-08 15:00:26,317 - DEBUG - ADD TREATMENTS[0m
[34m2025-01-08 15:00:26,317 - DEBUG - ADD TREATMENTS[0m
[34m2025-01-08 15:00:26,317 - DEBUG - ADD PATIENTS[0m
[34m2025-01-08 15:00:26,317 - DEBUG - ADD PATIENTS[0m
[34m2025-01-08 15:00:26,318 - DEBUG - ADD PATIENTS[0m
[34m2025-01-08 15:00:26,318 - DEBUG - ADD PATIENTS[0m
[34m2025-01-08 15:00:26,318 - DEBUG - ADD PATIENTS[0m
[34m2025-01-08 15:00:26,318 - DEBUG - ADD PATIENTS[0m
[34m2025-01-08 15:00:26,318 - DEBUG - ADD PATIENTS[0m
[34m2025-01-08 15:00:26,318 - DEBUG - ADD PATIENTS[0m
[34m2025-01-08 15:00:26,318 - DEBUG - ADD PATIENTS[0m
[34m2025-01-08 15:00:26,318 - DEBUG - ADD PATIENTS[0m
[34m2025-01-08 15:00:26,318 - DEBUG - ADD PATIENTS[0m
[34m2025-01-08 15:00:26,318 - DEBUG - ADD PATIENTS[0m
[34m2025-01-08 15:00:26,318 - DEBUG - ADD PATIENTS[0m
[34m2025-01-08 15:00:26,319 - DEBUG - ADD PATIENTS[0m
[34m2025-01-08 15:00:26,319 - DEBUG - ADD PATIENTS[0m
[34m2025-01-08 15:00:26,319 - DEBUG - ADD PATIENTS[0m
[34m2025-01-08 15:00:26,319 - DEBUG - ADD PATIENTS[0m
[34m2025-01-08 15:00:26,319 - DEBUG - ADD PATIENTS[0m
[34m2025-01-08 15:00:26,319 - DEBUG - ADD PATIENTS[0m
[34m2025-01-08 15:00:26,319 - DEBUG - ADD PATIENTS[0m
[34m2025-01-08 15:00:26,319 - DEBUG - Instance data:[0m
[34m2025-01-08 15:00:26,319 - DEBUG - Number of patients: 19[0m
[34m2025-01-08 15:00:26,321 - DEBUG - Number of beds: 40[0m
[34m2025-01-08 15:00:26,321 - DEBUG - Average number of treatments per patient: 25.42105263157895[0m
[34m2025-01-08 15:00:26,321 - DEBUG - Average number of treatment per stayed day: 2.542105263157895[0m
[34m2025-01-08 15:00:26,321 - DEBUG - Number of treatments: 483[0m
[34m2025-01-08 15:00:26,321 - DEBUG - Number of resources: 10[0m
[34m2025-01-08 15:00:26,321 - DEBUG - Number of resource groups: 5[0m
[34m2025-01-08 15:00:26,321 - DEBUG - Number of resource hours needed per all treatment by RG(rooms): 22.09999999999998[0m
[34m2025-01-08 15:00:26,321 - DEBUG - Number of resource hours needed per all treatment by RG(physiotherapist): 9.75[0m
[34m2025-01-08 15:00:26,321 - DEBUG - Number of resource hours needed per all treatment by RG(therapists): 7.975000000000001[0m
[34m2025-01-08 15:00:26,321 - DEBUG - Number of resource hours needed per all treatment by RG(sport_room): 5.625[0m
[32m2025-01-08 15:00:26,321 - INFO - {'solver': 'MIPSolver3', 'args': {'break_symmetry': True, 'break_symmetry_strong': True, 'enforce_min_treatments_per_day': True, 'enforce_max_treatments_per_e_w': True, 'enforce_min_patients_per_treatment': True, 'log_to_console': True}}[0m
[34m2025-01-08 15:00:26,321 - DEBUG - Setting options: MIPSolver3[0m
[34m2025-01-08 15:00:26,321 - DEBUG -  ---- break_symmetry to True[0m
[34m2025-01-08 15:00:26,321 - DEBUG -  ---- break_symmetry_strong to True[0m
[34m2025-01-08 15:00:26,321 - DEBUG - Setting options: Solver[0m
[34m2025-01-08 15:00:26,321 - DEBUG -  ---- number_of_threads to 1 (default)[0m
[34m2025-01-08 15:00:26,321 - DEBUG -  ---- treatment_value to 0 (default)[0m
[34m2025-01-08 15:00:26,322 - DEBUG -  ---- delay_value to 1 (default)[0m
[34m2025-01-08 15:00:26,322 - DEBUG -  ---- missing_treatment_value to 4 (default)[0m
[34m2025-01-08 15:00:26,322 - DEBUG -  ---- enforce_min_treatments_per_day to True[0m
[34m2025-01-08 15:00:26,322 - DEBUG -  ---- enforce_max_treatments_per_e_w to True[0m
[34m2025-01-08 15:00:26,322 - DEBUG -  ---- enforce_min_patients_per_treatment to True[0m
[34m2025-01-08 15:00:26,322 - DEBUG -  ---- log_to_console to True[0m
[34m2025-01-08 15:00:26,322 - DEBUG -  ---- log_to_file to True (default)[0m
[32m2025-01-08 15:00:26,385 - INFO - Create model: MIPSolver3[0m
Set parameter TSPort to value 50039
Set parameter TokenServer to value "license.itc.rwth-aachen.de"
Set parameter Threads to value 1
Set parameter Cuts to value 0
[34m2025-01-08 15:00:52,820 - DEBUG - Variables created.[0m
[34m2025-01-08 15:00:55,065 - DEBUG - Constraint (p1) created.[0m
[34m2025-01-08 15:01:24,719 - DEBUG - Constraint (when_admitted) created.[0m
[34m2025-01-08 15:01:36,204 - DEBUG - Constraint (p3) created.[0m
[34m2025-01-08 15:01:36,205 - DEBUG - Constraint (r1) created.[0m
[34m2025-01-08 15:02:08,894 - DEBUG - Constraint (r2) created.[0m
[34m2025-01-08 15:02:14,893 - DEBUG - Constraint (r3) created.[0m
[34m2025-01-08 15:02:33,915 - DEBUG - Constraint (r4) created.[0m
[34m2025-01-08 15:02:34,063 - DEBUG - Constraint (r5) created.[0m
[34m2025-01-08 15:02:37,951 - DEBUG - Constraint (r6) created.[0m
[34m2025-01-08 15:02:37,951 - DEBUG - Constraint (r7) created.[0m
[34m2025-01-08 15:02:41,763 - DEBUG - Constraint (a4) created.[0m
[34m2025-01-08 15:02:43,145 - DEBUG - Constraint (a5) created.[0m
[34m2025-01-08 15:02:44,647 - DEBUG - Constraint (a5) created.[0m
[34m2025-01-08 15:02:45,403 - DEBUG - Constraint (strong symmetry) created.[0m
[34m2025-01-08 15:02:45,675 - DEBUG - Constraint (symmetry) created.[0m
[32m2025-01-08 15:03:29,202 - INFO - Time to create model: 182.817[0m
[32m2025-01-08 15:03:29,203 - INFO - Solving model: MIPSolver3[0m
Gurobi Optimizer version 10.0.0 build v10.0.0rc2 (linux64)

CPU model: Intel(R) Xeon(R) Platinum 8468, instruction set [SSE2|AVX|AVX2|AVX512]
Thread count: 96 physical cores, 96 logical processors, using up to 1 threads

Optimize a model with 5784434 rows, 4608368 columns and 84379041 nonzeros
Model fingerprint: 0x89b89c48
Variable types: 2 continuous, 4608366 integer (4608366 binary)
Coefficient statistics:
  Matrix range     [1e+00, 1e+01]
  Objective range  [1e+00, 1e+01]
  Bounds range     [1e+00, 1e+00]
  RHS range        [1e+00, 2e+03]
Presolve removed 1946 rows and 3 columns (presolve time = 6s) ...
Presolve removed 146441 rows and 39345 columns (presolve time = 11s) ...
Presolve removed 2065926 rows and 1523929 columns (presolve time = 15s) ...
Presolve removed 2087746 rows and 1567769 columns (presolve time = 20s) ...
Presolve removed 2087746 rows and 1567772 columns (presolve time = 28s) ...
Presolve removed 2087746 rows and 1567772 columns (presolve time = 31s) ...
Presolve removed 2087746 rows and 1567772 columns (presolve time = 36s) ...
Presolve removed 2087746 rows and 1569812 columns (presolve time = 42s) ...
Presolve removed 2087747 rows and 1569813 columns (presolve time = 47s) ...
Presolve removed 2087747 rows and 1570493 columns (presolve time = 52s) ...
Presolve removed 2087747 rows and 1570493 columns (presolve time = 55s) ...
Presolve removed 2087747 rows and 1570493 columns (presolve time = 60s) ...
Presolve removed 2087747 rows and 1570493 columns (presolve time = 65s) ...
Presolve removed 2087747 rows and 1570493 columns (presolve time = 70s) ...
Presolve removed 2096122 rows and 1570493 columns (presolve time = 77s) ...
Presolve removed 2096122 rows and 1570493 columns (presolve time = 80s) ...
Presolve removed 2096122 rows and 1570493 columns (presolve time = 85s) ...
Presolve removed 2096122 rows and 1570493 columns (presolve time = 90s) ...
Presolve removed 2096122 rows and 1570493 columns (presolve time = 95s) ...
Presolve removed 2096122 rows and 1570493 columns (presolve time = 100s) ...
Presolve removed 2096122 rows and 1570493 columns (presolve time = 105s) ...
Presolve removed 2096122 rows and 1570493 columns (presolve time = 110s) ...
Presolve removed 2096122 rows and 1570493 columns (presolve time = 115s) ...
Presolve removed 2596902 rows and 1570493 columns (presolve time = 120s) ...
Presolve removed 2596902 rows and 1570493 columns (presolve time = 125s) ...
Presolve removed 2596902 rows and 1570493 columns (presolve time = 130s) ...
Presolve removed 2596902 rows and 1570493 columns (presolve time = 135s) ...
Presolve removed 2597127 rows and 1570493 columns (presolve time = 141s) ...
Presolve removed 2597808 rows and 1570493 columns (presolve time = 148s) ...
Presolve removed 2597808 rows and 1570493 columns (presolve time = 151s) ...
Presolve removed 2597808 rows and 1570493 columns (presolve time = 156s) ...
Presolve removed 2597808 rows and 1570493 columns (presolve time = 160s) ...
Presolve removed 2597809 rows and 1570494 columns (presolve time = 166s) ...
Presolve removed 2597809 rows and 1570494 columns (presolve time = 170s) ...
Presolve removed 2597809 rows and 1570494 columns (presolve time = 175s) ...
Presolve removed 2598215 rows and 1570494 columns (presolve time = 181s) ...
Presolve removed 2598215 rows and 1570494 columns (presolve time = 185s) ...
Presolve removed 2598215 rows and 1570494 columns (presolve time = 190s) ...
Presolve removed 2598215 rows and 1570494 columns (presolve time = 195s) ...
Presolve removed 2598215 rows and 1570494 columns (presolve time = 200s) ...
Presolve removed 2598215 rows and 1570494 columns (presolve time = 205s) ...
Presolve removed 2598215 rows and 1570494 columns (presolve time = 210s) ...
Presolve removed 2598215 rows and 1570494 columns (presolve time = 215s) ...
Presolve removed 2598215 rows and 1570494 columns (presolve time = 220s) ...
Presolve removed 2598215 rows and 1570494 columns (presolve time = 225s) ...
Presolve removed 2598215 rows and 1570494 columns (presolve time = 230s) ...
Presolve removed 2598215 rows and 1570494 columns (presolve time = 235s) ...
Presolve removed 2598215 rows and 1570494 columns (presolve time = 240s) ...
Presolve removed 2598215 rows and 1570494 columns (presolve time = 245s) ...
Presolve removed 2598215 rows and 1570494 columns (presolve time = 250s) ...
Presolve removed 2598215 rows and 1570494 columns (presolve time = 255s) ...
Presolve removed 2598215 rows and 1570494 columns (presolve time = 260s) ...
Presolve removed 2598215 rows and 1570494 columns (presolve time = 265s) ...
Presolve removed 2598215 rows and 1570494 columns (presolve time = 270s) ...
Presolve removed 2598215 rows and 1570494 columns (presolve time = 275s) ...
Presolve removed 2598215 rows and 1570494 columns (presolve time = 280s) ...
Presolve removed 2598215 rows and 1570494 columns (presolve time = 285s) ...
Presolve removed 2598215 rows and 1570494 columns (presolve time = 290s) ...
Presolve removed 2598215 rows and 1570494 columns (presolve time = 295s) ...
Presolve removed 2598215 rows and 1570494 columns (presolve time = 300s) ...
