1.NAME: MIPSolver
2.PARAMS: {'use_lazy_constraints': False}
3.INSTANCE: /home/wx350715/Kobra/rehabiliation-admission-scheduling/data/comp_study_002/instance_5_5.txt
4.REPETITION: 1
Current directory: /home/wx350715/Kobra/rehabiliation-admission-scheduling
[34m2025-01-08 14:46:30,123 - DEBUG - Solver: <class 'src.solvers.mip.MIPSolver'>[0m
[34m2025-01-08 14:46:30,123 - DEBUG - Args: {'use_lazy_constraints': False}[0m
[34m2025-01-08 14:46:30,123 - DEBUG - File path /home/wx350715/Kobra/rehabiliation-admission-scheduling/data/comp_study_002/instance_5_5.txt[0m
[34m2025-01-08 14:46:30,148 - DEBUG - ADD INSTANCE DATA[0m
[34m2025-01-08 14:46:30,148 - DEBUG - ADD INSTANCE DATA[0m
[34m2025-01-08 14:46:30,148 - DEBUG - ADD INSTANCE DATA[0m
[34m2025-01-08 14:46:30,148 - DEBUG - ADD INSTANCE DATA[0m
[34m2025-01-08 14:46:30,148 - DEBUG - ADD INSTANCE DATA[0m
[34m2025-01-08 14:46:30,148 - DEBUG - ADD INSTANCE DATA[0m
[34m2025-01-08 14:46:30,148 - DEBUG - ADD INSTANCE DATA[0m
[34m2025-01-08 14:46:30,148 - DEBUG - ADD INSTANCE DATA[0m
[34m2025-01-08 14:46:30,148 - DEBUG - ADD INSTANCE DATA[0m
[34m2025-01-08 14:46:30,148 - DEBUG - ADD INSTANCE DATA[0m
[34m2025-01-08 14:46:30,148 - DEBUG - ADD INSTANCE DATA[0m
[34m2025-01-08 14:46:30,148 - DEBUG - ADD RESOURCE_GROUPS[0m
[34m2025-01-08 14:46:30,148 - DEBUG - ADD RESOURCE_GROUPS[0m
[34m2025-01-08 14:46:30,148 - DEBUG - ADD RESOURCE_GROUPS[0m
[34m2025-01-08 14:46:30,149 - DEBUG - ADD RESOURCE_GROUPS[0m
[34m2025-01-08 14:46:30,149 - DEBUG - ADD RESOURCES[0m
[34m2025-01-08 14:46:30,149 - DEBUG - ADD RESOURCES[0m
[34m2025-01-08 14:46:30,149 - DEBUG - ADD RESOURCES[0m
[34m2025-01-08 14:46:30,149 - DEBUG - ADD RESOURCES[0m
[34m2025-01-08 14:46:30,149 - DEBUG - ADD RESOURCES[0m
[34m2025-01-08 14:46:30,149 - DEBUG - ADD RESOURCES[0m
[34m2025-01-08 14:46:30,149 - DEBUG - ADD RESOURCES[0m
[34m2025-01-08 14:46:30,149 - DEBUG - ADD RESOURCES[0m
[34m2025-01-08 14:46:30,149 - DEBUG - ADD RESOURCES[0m
[34m2025-01-08 14:46:30,149 - DEBUG - ADD RESOURCES[0m
[34m2025-01-08 14:46:30,150 - DEBUG - ADD TREATMENTS[0m
[34m2025-01-08 14:46:30,150 - DEBUG - ADD TREATMENTS[0m
[34m2025-01-08 14:46:30,150 - DEBUG - ADD TREATMENTS[0m
[34m2025-01-08 14:46:30,150 - DEBUG - ADD TREATMENTS[0m
[34m2025-01-08 14:46:30,150 - DEBUG - ADD TREATMENTS[0m
[34m2025-01-08 14:46:30,150 - DEBUG - ADD TREATMENTS[0m
[34m2025-01-08 14:46:30,150 - DEBUG - ADD TREATMENTS[0m
[34m2025-01-08 14:46:30,150 - DEBUG - ADD TREATMENTS[0m
[34m2025-01-08 14:46:30,150 - DEBUG - ADD PATIENTS[0m
[34m2025-01-08 14:46:30,150 - DEBUG - ADD PATIENTS[0m
[34m2025-01-08 14:46:30,150 - DEBUG - ADD PATIENTS[0m
[34m2025-01-08 14:46:30,151 - DEBUG - ADD PATIENTS[0m
[34m2025-01-08 14:46:30,151 - DEBUG - ADD PATIENTS[0m
[34m2025-01-08 14:46:30,151 - DEBUG - ADD PATIENTS[0m
[34m2025-01-08 14:46:30,151 - DEBUG - ADD PATIENTS[0m
[34m2025-01-08 14:46:30,151 - DEBUG - ADD PATIENTS[0m
[34m2025-01-08 14:46:30,151 - DEBUG - ADD PATIENTS[0m
[34m2025-01-08 14:46:30,151 - DEBUG - ADD PATIENTS[0m
[34m2025-01-08 14:46:30,151 - DEBUG - ADD PATIENTS[0m
[34m2025-01-08 14:46:30,151 - DEBUG - ADD PATIENTS[0m
[34m2025-01-08 14:46:30,151 - DEBUG - ADD PATIENTS[0m
[34m2025-01-08 14:46:30,152 - DEBUG - ADD PATIENTS[0m
[34m2025-01-08 14:46:30,152 - DEBUG - ADD PATIENTS[0m
[34m2025-01-08 14:46:30,152 - DEBUG - ADD PATIENTS[0m
[34m2025-01-08 14:46:30,152 - DEBUG - ADD PATIENTS[0m
[34m2025-01-08 14:46:30,152 - DEBUG - ADD PATIENTS[0m
[34m2025-01-08 14:46:30,152 - DEBUG - ADD PATIENTS[0m
[34m2025-01-08 14:46:30,152 - DEBUG - ADD PATIENTS[0m
[34m2025-01-08 14:46:30,152 - DEBUG - ADD PATIENTS[0m
[34m2025-01-08 14:46:30,152 - DEBUG - ADD PATIENTS[0m
[34m2025-01-08 14:46:30,152 - DEBUG - ADD PATIENTS[0m
[34m2025-01-08 14:46:30,152 - DEBUG - ADD PATIENTS[0m
[34m2025-01-08 14:46:30,153 - DEBUG - ADD PATIENTS[0m
[34m2025-01-08 14:46:30,153 - DEBUG - ADD PATIENTS[0m
[34m2025-01-08 14:46:30,154 - DEBUG - ADD PATIENTS[0m
[34m2025-01-08 14:46:30,154 - DEBUG - ADD PATIENTS[0m
[34m2025-01-08 14:46:30,154 - DEBUG - ADD PATIENTS[0m
[34m2025-01-08 14:46:30,154 - DEBUG - ADD PATIENTS[0m
[34m2025-01-08 14:46:30,154 - DEBUG - ADD PATIENTS[0m
[34m2025-01-08 14:46:30,154 - DEBUG - ADD PATIENTS[0m
[34m2025-01-08 14:46:30,154 - DEBUG - ADD PATIENTS[0m
[34m2025-01-08 14:46:30,154 - DEBUG - ADD PATIENTS[0m
[34m2025-01-08 14:46:30,154 - DEBUG - ADD PATIENTS[0m
[34m2025-01-08 14:46:30,155 - DEBUG - ADD PATIENTS[0m
[34m2025-01-08 14:46:30,155 - DEBUG - ADD PATIENTS[0m
[34m2025-01-08 14:46:30,155 - DEBUG - ADD PATIENTS[0m
[34m2025-01-08 14:46:30,155 - DEBUG - ADD PATIENTS[0m
[34m2025-01-08 14:46:30,155 - DEBUG - ADD PATIENTS[0m
[34m2025-01-08 14:46:30,155 - DEBUG - Instance data:[0m
[34m2025-01-08 14:46:30,155 - DEBUG - Number of patients: 40[0m
[34m2025-01-08 14:46:30,155 - DEBUG - Number of beds: 40[0m
[34m2025-01-08 14:46:30,155 - DEBUG - Average number of treatments per patient: 23.325[0m
[34m2025-01-08 14:46:30,155 - DEBUG - Average number of treatment per stayed day: 2.2004716981132075[0m
[34m2025-01-08 14:46:30,155 - DEBUG - Number of treatments: 933[0m
[34m2025-01-08 14:46:30,155 - DEBUG - Number of resources: 10[0m
[34m2025-01-08 14:46:30,155 - DEBUG - Number of resource groups: 4[0m
[34m2025-01-08 14:46:30,156 - DEBUG - Number of resource hours needed per all treatment by RG(therapists): 25.816666666666716[0m
[34m2025-01-08 14:46:30,156 - DEBUG - Number of resource hours needed per all treatment by RG(rooms): 48.36666666666666[0m
[34m2025-01-08 14:46:30,156 - DEBUG - Number of resource hours needed per all treatment by RG(physiotherapist): 15.5[0m
[34m2025-01-08 14:46:30,156 - DEBUG - Number of resource hours needed per all treatment by RG(sport_room): 6.75[0m
[32m2025-01-08 14:46:30,156 - INFO - {'solver': 'MIPSolver', 'args': {'use_lazy_constraints': True, 'enforce_min_treatments_per_day': True, 'enforce_max_treatments_per_e_w': True, 'enforce_min_patients_per_treatment': True, 'log_to_console': True}}[0m
[34m2025-01-08 14:46:30,156 - DEBUG - Setting options: MIPSolver[0m
[34m2025-01-08 14:46:30,156 - DEBUG -  ---- use_lazy_constraints to True[0m
[34m2025-01-08 14:46:30,156 - DEBUG - Setting options: Solver[0m
[34m2025-01-08 14:46:30,156 - DEBUG -  ---- number_of_threads to 1 (default)[0m
[34m2025-01-08 14:46:30,156 - DEBUG -  ---- treatment_value to 0 (default)[0m
[34m2025-01-08 14:46:30,156 - DEBUG -  ---- delay_value to 1 (default)[0m
[34m2025-01-08 14:46:30,156 - DEBUG -  ---- missing_treatment_value to 4 (default)[0m
[34m2025-01-08 14:46:30,156 - DEBUG -  ---- enforce_min_treatments_per_day to True[0m
[34m2025-01-08 14:46:30,156 - DEBUG -  ---- enforce_max_treatments_per_e_w to True[0m
[34m2025-01-08 14:46:30,156 - DEBUG -  ---- enforce_min_patients_per_treatment to True[0m
[34m2025-01-08 14:46:30,156 - DEBUG -  ---- log_to_console to True[0m
[34m2025-01-08 14:46:30,156 - DEBUG -  ---- log_to_file to True (default)[0m
[32m2025-01-08 14:46:30,245 - INFO - Create model: MIPSolver[0m
Set parameter TSPort to value 50039
Set parameter TokenServer to value "license.itc.rwth-aachen.de"
Set parameter Threads to value 1
Set parameter Cuts to value 0
Set parameter LazyConstraints to value 1
[34m2025-01-08 14:46:40,365 - DEBUG - Variables created.[0m
[34m2025-01-08 14:46:52,695 - DEBUG - Constraint (p1) created.[0m
[34m2025-01-08 14:46:54,327 - DEBUG - Constraint (when_admitted) created.[0m
[34m2025-01-08 14:46:57,216 - DEBUG - Constraint (p3) created.[0m
[34m2025-01-08 14:46:57,218 - DEBUG - Constraint (p4) created.[0m
[34m2025-01-08 14:46:57,218 - DEBUG - Constraint (p7) created.[0m
[34m2025-01-08 14:46:58,760 - DEBUG - Constraint (r3) created.[0m
[34m2025-01-08 14:47:02,520 - DEBUG - Constraint (r4) created.[0m
[34m2025-01-08 14:47:08,739 - DEBUG - Constraint (a1) created.[0m
[34m2025-01-08 14:47:09,106 - DEBUG - Constraint (a4) created.[0m
[34m2025-01-08 14:47:09,194 - DEBUG - Constraint (a5) created.[0m
[34m2025-01-08 14:47:09,281 - DEBUG - Constraint (a5) created.[0m
[34m2025-01-08 14:47:09,281 - DEBUG - Constraint (already_admitted) created.[0m
[32m2025-01-08 14:47:15,866 - INFO - Time to create model: 45.62[0m
[32m2025-01-08 14:47:15,866 - INFO - Solving model: MIPSolver[0m
Gurobi Optimizer version 10.0.0 build v10.0.0rc2 (linux64)

CPU model: Intel(R) Xeon(R) Platinum 8468, instruction set [SSE2|AVX|AVX2|AVX512]
Thread count: 96 physical cores, 96 logical processors, using up to 1 threads

Optimize a model with 2074749 rows, 1623338 columns and 11711445 nonzeros
Model fingerprint: 0x3d6ae7b5
Variable types: 2 continuous, 1623336 integer (1623336 binary)
Coefficient statistics:
  Matrix range     [1e+00, 1e+01]
  Objective range  [1e+00, 1e+01]
  Bounds range     [1e+00, 1e+00]
  RHS range        [1e+00, 4e+03]
Presolve removed 783877 rows and 591353 columns (presolve time = 5s) ...
Presolve removed 905281 rows and 591353 columns (presolve time = 10s) ...
Presolve removed 909683 rows and 591609 columns (presolve time = 15s) ...
Presolve removed 909789 rows and 602489 columns (presolve time = 20s) ...
Presolve removed 909789 rows and 602489 columns (presolve time = 25s) ...
Presolve removed 909789 rows and 602489 columns (presolve time = 30s) ...
Presolve removed 909789 rows and 602489 columns (presolve time = 35s) ...
Presolve removed 909789 rows and 602489 columns (presolve time = 40s) ...
Presolve removed 909789 rows and 602489 columns (presolve time = 45s) ...
Presolve removed 909789 rows and 602489 columns (presolve time = 50s) ...
Presolve removed 909789 rows and 602489 columns (presolve time = 55s) ...
Presolve removed 909789 rows and 602489 columns (presolve time = 60s) ...
Presolve removed 909789 rows and 602489 columns (presolve time = 65s) ...
Presolve removed 909789 rows and 602489 columns (presolve time = 70s) ...
Presolve removed 909789 rows and 602489 columns (presolve time = 75s) ...
Presolve removed 909789 rows and 602489 columns (presolve time = 80s) ...
Presolve removed 909789 rows and 602489 columns (presolve time = 85s) ...
Presolve removed 909789 rows and 602489 columns (presolve time = 90s) ...
Presolve removed 909789 rows and 602489 columns (presolve time = 95s) ...
Presolve removed 909789 rows and 602489 columns (presolve time = 100s) ...
Presolve removed 909789 rows and 602489 columns (presolve time = 105s) ...
Presolve removed 909789 rows and 602489 columns (presolve time = 110s) ...
Presolve removed 909789 rows and 602489 columns (presolve time = 115s) ...
Presolve removed 909789 rows and 609061 columns (presolve time = 120s) ...
Presolve removed 931715 rows and 609779 columns (presolve time = 125s) ...
Presolve removed 931715 rows and 609779 columns (presolve time = 130s) ...
Presolve removed 931609 rows and 609673 columns
Presolve time: 130.92s
Presolved: 1143140 rows, 1013665 columns, 6542689 nonzeros
Variable types: 0 continuous, 1013665 integer (1013558 binary)
Root relaxation presolved: 1142941 rows, 1013864 columns, 6468654 nonzeros


Root simplex log...

Iteration    Objective       Primal Inf.    Dual Inf.      Time
       0   -1.4610000e+04   5.886644e+05   0.000000e+00    157s
   49096    4.0803070e+02   1.702188e+04   0.000000e+00    160s
   64301    6.2403121e+02   1.256411e+04   0.000000e+00    165s
   71416    6.2403131e+02   1.178655e+04   0.000000e+00    170s
   77681    6.2403137e+02   1.337233e+04   0.000000e+00    175s
   84188    6.2803144e+02   1.277215e+04   0.000000e+00    180s
   88064    6.2803147e+02   1.420249e+04   0.000000e+00    185s
   92774    6.2803151e+02   5.939009e+04   0.000000e+00    191s
   94658    6.2803152e+02   4.574295e+04   0.000000e+00    195s
   98897    6.2803156e+02   3.611621e+04   0.000000e+00    200s
  102194    6.2803158e+02   2.604085e+04   0.000000e+00    205s
  105491    6.2803160e+02   3.867113e+04   0.000000e+00    211s
  108317    6.2803162e+02   1.244111e+04   0.000000e+00    215s
  111614    6.2803163e+02   2.686671e+04   0.000000e+00    221s
  114911    6.2803165e+02   2.574775e+04   0.000000e+00    226s
  117266    6.2803167e+02   1.578337e+04   0.000000e+00    230s
  120563    6.2803168e+02   1.492290e+04   0.000000e+00    236s
  121976    6.2803169e+02   6.274880e+04   0.000000e+00    241s
  123389    6.2803170e+02   1.380685e+04   0.000000e+00    246s
  125744    6.2803171e+02   1.212042e+04   0.000000e+00    250s
  128099    6.2803173e+02   5.017054e+04   0.000000e+00    255s
  130454    6.2803174e+02   1.167532e+04   0.000000e+00    260s
  133280    6.2803177e+02   1.137976e+04   0.000000e+00    266s
  135164    6.2803177e+02   1.358815e+04   0.000000e+00    270s
  138461    6.2803179e+02   1.166592e+04   0.000000e+00    275s
  142229    6.2803182e+02   9.997669e+03   0.000000e+00    282s
  144584    6.2803183e+02   1.017632e+04   0.000000e+00    286s
  146468    6.2803183e+02   4.349981e+04   0.000000e+00    291s
  147881    6.2803184e+02   2.023755e+04   0.000000e+00    296s
  150707    6.2803186e+02   4.516784e+04   0.000000e+00    301s
  152591    6.2803187e+02   1.899928e+04   0.000000e+00    305s
  155417    6.2803188e+02   9.975299e+03   0.000000e+00    310s
  157772    6.2803189e+02   5.176978e+04   0.000000e+00    315s
  160598    6.2803190e+02   2.566912e+05   0.000000e+00    320s
  163424    6.2803191e+02   2.802438e+04   0.000000e+00    325s
  165779    6.2803192e+02   1.496593e+04   0.000000e+00    332s
  167192    6.2803192e+02   3.070988e+04   0.000000e+00    337s
  169076    6.2803193e+02   2.455420e+04   0.000000e+00    341s
  170489    6.2803194e+02   8.197808e+04   0.000000e+00    346s
  171902    6.2803194e+02   7.618409e+03   0.000000e+00    351s
  173315    6.2803195e+02   4.413442e+04   0.000000e+00    356s
  174728    6.2803195e+02   7.705030e+03   0.000000e+00    362s
  175670    6.2803195e+02   7.859119e+03   0.000000e+00    367s
  176612    6.2803195e+02   5.522407e+03   0.000000e+00    372s
  177083    6.2803196e+02   5.838245e+03   0.000000e+00    375s
  179909    6.2803196e+02   3.417241e+04   0.000000e+00    381s
  181793    6.5203197e+02   2.185133e+04   0.000000e+00    386s
  183206    6.5203197e+02   9.185724e+04   0.000000e+00    391s
  184148    6.5203197e+02   8.394053e+03   0.000000e+00    395s
  185090    6.5203199e+02   1.818592e+04   0.000000e+00    401s
  186974    6.5203202e+02   1.038700e+04   0.000000e+00    407s
  188387    6.5203205e+02   1.484533e+04   0.000000e+00    410s
  189329    6.5203206e+02   3.679355e+04   0.000000e+00    416s
  190271    6.5203207e+02   1.161831e+04   0.000000e+00    421s
  191213    6.5203208e+02   1.620548e+05   0.000000e+00    427s
  192155    6.5203209e+02   3.996831e+04   0.000000e+00    430s
  194039    6.5203211e+02   1.601030e+04   0.000000e+00    437s
  194981    6.5203212e+02   4.628650e+03   0.000000e+00    443s
  195452    6.5203212e+02   1.639475e+04   0.000000e+00    446s
  196394    6.5203213e+02   6.181964e+04   0.000000e+00    453s
  196865    6.5203213e+02   4.093556e+03   0.000000e+00    457s
  197807    6.5203215e+02   7.596308e+03   0.000000e+00    461s
  198749    6.5203216e+02   8.903883e+03   0.000000e+00    468s
  199220    6.5203217e+02   4.324976e+03   0.000000e+00    472s
  200162    6.5203218e+02   1.259895e+04   0.000000e+00    477s
  200633    6.5203218e+02   8.275929e+04   0.000000e+00    481s
  201575    6.5203220e+02   1.841528e+04   0.000000e+00    489s
  202046    6.5203220e+02   3.015040e+03   0.000000e+00    492s
  202988    6.5203221e+02   2.042912e+04   0.000000e+00    496s
  203459    6.5203222e+02   3.575596e+04   0.000000e+00    500s
  204401    6.5203222e+02   2.598525e+04   0.000000e+00    507s
  205343    6.5203224e+02   7.506817e+03   0.000000e+00    511s
  206285    6.5203226e+02   2.309473e+03   0.000000e+00    516s
  207227    6.5203226e+02   8.115945e+03   0.000000e+00    522s
  208169    6.5203227e+02   3.703936e+04   0.000000e+00    528s
  208640    6.5203228e+02   1.245648e+04   0.000000e+00    531s
  209582    6.5203229e+02   3.950972e+03   0.000000e+00    536s
  210524    6.5203230e+02   2.515249e+04   0.000000e+00    543s
  211415    6.5203230e+02   1.432150e+04   0.000000e+00    549s
  211886    6.5203231e+02   1.844415e+04   0.000000e+00    553s
  212357    6.5203231e+02   1.464488e+04   0.000000e+00    556s
  212828    6.5203231e+02   6.896533e+03   0.000000e+00    560s
  213729    6.5203232e+02   1.117341e+04   0.000000e+00    568s
  214179    6.5203232e+02   5.751957e+03   0.000000e+00    572s
  214650    6.5203232e+02   1.126498e+04   0.000000e+00    576s
  215592    6.5203233e+02   2.938705e+03   0.000000e+00    583s
  216063    6.5203234e+02   8.843734e+03   0.000000e+00    586s
  216913    6.5203234e+02   9.109306e+03   0.000000e+00    594s
  217384    6.5203234e+02   2.964508e+03   0.000000e+00    598s
  217814    6.5203234e+02   1.098724e+04   0.000000e+00    602s
  218264    6.5203235e+02   1.124677e+04   0.000000e+00    606s
  219206    6.5203235e+02   4.211239e+03   0.000000e+00    613s
  219677    6.5203235e+02   5.578779e+03   0.000000e+00    617s
  220148    6.6003233e+02   1.387548e+04   0.000000e+00    620s
  221058    6.6803233e+02   4.264214e+04   0.000000e+00    629s
  221438    6.6803233e+02   6.006439e+03   0.000000e+00    634s
  221909    6.6803234e+02   3.844252e+03   0.000000e+00    638s
  222380    6.6803234e+02   3.918219e+03   0.000000e+00    640s
  223281    6.6803234e+02   8.172143e+03   0.000000e+00    649s
  223691    6.6803235e+02   1.368087e+05   0.000000e+00    654s
  224162    6.6803235e+02   4.420520e+04   0.000000e+00    657s
  224633    6.6803235e+02   1.224652e+04   0.000000e+00    660s
  225575    6.6803236e+02   3.520930e+03   0.000000e+00    665s
  226517    6.6803236e+02   4.708963e+03   0.000000e+00    671s
  227459    6.6803237e+02   1.533516e+04   0.000000e+00    679s
  227899    6.6803237e+02   1.326426e+04   0.000000e+00    683s
  228370    6.6803237e+02   1.005087e+04   0.000000e+00    686s
  228841    6.6803238e+02   9.123494e+03   0.000000e+00    691s
  229722    6.6803239e+02   4.876413e+03   0.000000e+00    697s
  230653    6.6803240e+02   3.536120e+03   0.000000e+00    704s
  231103    6.6803240e+02   8.103209e+03   0.000000e+00    709s
  231503    6.6803240e+02   1.377487e+04   0.000000e+00    713s
  231974    6.8803240e+02   3.280571e+04   0.000000e+00    717s
  232445    6.8803240e+02   1.163274e+04   0.000000e+00    721s
  233387    6.8803240e+02   1.058842e+04   0.000000e+00    727s
  233858    6.8803241e+02   5.685725e+03   0.000000e+00    731s
  234328    6.8803241e+02   1.104774e+04   0.000000e+00    735s
  235229    6.8803241e+02   8.565495e+03   0.000000e+00    743s
  235700    6.8803242e+02   8.011325e+03   0.000000e+00    746s
  236642    6.8803242e+02   7.433742e+03   0.000000e+00    755s
  237052    6.8803242e+02   7.875651e+03   0.000000e+00    759s
  237462    6.8803242e+02   2.852818e+03   0.000000e+00    764s
  237912    6.8803243e+02   2.209201e+04   0.000000e+00    769s
  238322    6.8803243e+02   4.024037e+03   0.000000e+00    773s
  238722    6.8803243e+02   7.888925e+03   0.000000e+00    778s
  239122    6.8803243e+02   1.833283e+03   0.000000e+00    783s
  239572    6.8803243e+02   1.274150e+04   0.000000e+00    788s
  239992    6.8803243e+02   4.414221e+03   0.000000e+00    793s
  240463    6.8803244e+02   1.630988e+04   0.000000e+00    798s
  240934    6.8803244e+02   4.962305e+03   0.000000e+00    802s
  241374    6.8803244e+02   1.439633e+04   0.000000e+00    806s
  241714    6.8803244e+02   1.993049e+03   0.000000e+00    812s
  242054    6.8803244e+02   1.119851e+04   0.000000e+00    816s
  242404    6.8803244e+02   1.906727e+03   0.000000e+00    821s
  242734    6.8803244e+02   2.606583e+03   0.000000e+00    826s
  243134    6.8803244e+02   2.830289e+03   0.000000e+00    831s
  243524    6.8803245e+02   1.522519e+04   0.000000e+00    836s
  244385    6.8803245e+02   1.821608e+03   0.000000e+00    845s
  244755    6.8803245e+02   1.609786e+04   0.000000e+00    850s
  245226    6.8803245e+02   1.304291e+04   0.000000e+00    855s
  246127    6.8803245e+02   5.765928e+03   0.000000e+00    865s
  246598    6.8803246e+02   2.818966e+03   0.000000e+00    868s
  247058    6.8803246e+02   1.857043e+04   0.000000e+00    872s
  247408    6.8803246e+02   1.098207e+03   0.000000e+00    877s
  247768    6.8803246e+02   2.209465e+03   0.000000e+00    882s
  248128    6.8803246e+02   3.127421e+03   0.000000e+00    887s
  248558    6.8803246e+02   2.360602e+03   0.000000e+00    892s
  248988    6.8803246e+02   3.632596e+03   0.000000e+00    897s
  249459    6.8803247e+02   3.781350e+03   0.000000e+00    902s
  249899    6.8803247e+02   2.669571e+03   0.000000e+00    907s
  250370    6.8803247e+02   4.056005e+03   0.000000e+00    912s
  250820    6.8803247e+02   8.783408e+03   0.000000e+00    917s
  251230    6.8803247e+02   4.688373e+03   0.000000e+00    922s
  251600    6.8803247e+02   1.123569e+04   0.000000e+00    927s
  252000    6.8803247e+02   1.523217e+03   0.000000e+00    932s
  252320    6.8803247e+02   1.832244e+04   0.000000e+00    937s
  252690    6.8803247e+02   4.493895e+04   0.000000e+00    942s
  253120    6.8803248e+02   5.754540e+03   0.000000e+00    947s
  253500    6.8803248e+02   3.157514e+03   0.000000e+00    952s
  253810    6.8803248e+02   4.271546e+03   0.000000e+00    957s
  254110    6.8803248e+02   3.257051e+03   0.000000e+00    962s
  254410    6.8803248e+02   8.887345e+03   0.000000e+00    968s
  254700    6.8803248e+02   5.920624e+03   0.000000e+00    973s
  254980    6.8803248e+02   3.224823e+03   0.000000e+00    978s
  255280    6.8803248e+02   2.074082e+03   0.000000e+00    983s
  255540    6.8803248e+02   9.636974e+02   0.000000e+00    988s
  255860    6.8803249e+02   1.705426e+03   0.000000e+00    994s
  256270    6.8803250e+02   4.435850e+03   0.000000e+00    999s
  256741    6.8803252e+02   1.030444e+04   0.000000e+00   1003s
  257171    6.8803253e+02   2.634423e+03   0.000000e+00   1008s
  257642    6.8803254e+02   1.041535e+04   0.000000e+00   1013s
  258092    6.8803255e+02   4.020911e+03   0.000000e+00   1018s
  258522    6.8803256e+02   8.128236e+03   0.000000e+00   1024s
  258942    6.8803256e+02   2.245589e+03   0.000000e+00   1029s
  259352    6.8803257e+02   1.342669e+04   0.000000e+00   1035s
  259762    6.8803257e+02   9.888669e+04   0.000000e+00   1040s
  260222    6.8803258e+02   1.826085e+04   0.000000e+00   1045s
  260693    6.8803259e+02   1.958995e+04   0.000000e+00   1050s
  261043    6.8803259e+02   3.155341e+03   0.000000e+00   1056s
  261443    6.8803259e+02   8.458036e+03   0.000000e+00   1061s
  261813    6.8803260e+02   4.286170e+03   0.000000e+00   1066s
  262163    6.8803260e+02   3.576948e+03   0.000000e+00   1072s
  262533    6.8803260e+02   2.950979e+03   0.000000e+00   1077s
  262943    6.8803261e+02   3.382779e+03   0.000000e+00   1082s
  263323    6.8803261e+02   5.809369e+03   0.000000e+00   1087s
  263794    6.8803262e+02   7.697928e+03   0.000000e+00   1091s
  264234    6.8803263e+02   1.861779e+03   0.000000e+00   1096s
  264704    6.8803263e+02   5.805687e+03   0.000000e+00   1101s
  265154    6.8803264e+02   1.150918e+03   0.000000e+00   1107s
  265544    6.8803264e+02   8.883021e+02   0.000000e+00   1112s
  266014    6.8803264e+02   8.840711e+02   0.000000e+00   1117s
  266444    6.8803265e+02   1.538811e+04   0.000000e+00   1122s
  266915    6.8803266e+02   1.943463e+03   0.000000e+00   1127s
  267255    6.8803266e+02   2.337896e+04   0.000000e+00   1133s
  267675    6.8803266e+02   6.923704e+02   0.000000e+00   1138s
  268055    6.8803267e+02   5.302178e+03   0.000000e+00   1143s
  268415    6.8803267e+02   1.173815e+04   0.000000e+00   1149s
  268825    6.8803268e+02   1.768485e+03   0.000000e+00   1154s
  269225    6.8803268e+02   9.487050e+03   0.000000e+00   1160s
  269675    6.8803268e+02   1.702701e+04   0.000000e+00   1165s
  270135    6.8803269e+02   1.296413e+04   0.000000e+00   1171s
  270606    6.8803269e+02   1.354240e+03   0.000000e+00   1176s
  271056    6.8803270e+02   4.297525e+03   0.000000e+00   1181s
  271486    6.8803270e+02   4.693505e+03   0.000000e+00   1187s
  271866    6.8803270e+02   4.966691e+03   0.000000e+00   1192s
  272256    6.8803270e+02   2.984358e+03   0.000000e+00   1197s
  272666    6.8803271e+02   6.364025e+03   0.000000e+00   1202s
  273056    6.8803271e+02   5.713011e+03   0.000000e+00   1207s
  273456    6.8803271e+02   3.723605e+03   0.000000e+00   1212s
  273826    6.8803272e+02   4.726487e+03   0.000000e+00   1218s
  274266    6.8803272e+02   1.065797e+04   0.000000e+00   1223s
  274636    6.8803272e+02   1.957330e+03   0.000000e+00   1228s
  275086    6.8803273e+02   7.489542e+02   0.000000e+00   1234s
  275426    6.8803273e+02   3.106337e+03   0.000000e+00   1239s
  275816    6.8803273e+02   3.387981e+04   0.000000e+00   1245s
  276216    6.8803273e+02   1.221162e+03   0.000000e+00   1250s
  276556    6.8803274e+02   1.044853e+03   0.000000e+00   1255s
  276936    6.8803274e+02   1.218202e+03   0.000000e+00   1261s
  277316    6.8803274e+02   1.013646e+03   0.000000e+00   1266s
  277666    6.8803274e+02   3.498726e+03   0.000000e+00   1271s
  278006    6.8803275e+02   2.332365e+03   0.000000e+00   1277s
  278336    6.8803275e+02   5.788520e+03   0.000000e+00   1282s
  278626    6.8803275e+02   4.439886e+03   0.000000e+00   1287s
  278966    6.8803275e+02   2.177303e+03   0.000000e+00   1293s
  279256    6.8803275e+02   1.577162e+03   0.000000e+00   1298s
  279576    6.8803275e+02   2.907168e+03   0.000000e+00   1304s
  279866    6.8803276e+02   4.278960e+03   0.000000e+00   1309s
  280256    6.8803276e+02   8.839406e+02   0.000000e+00   1315s
  280686    6.8803276e+02   6.017840e+03   0.000000e+00   1320s
  281026    6.8803277e+02   2.349659e+03   0.000000e+00   1325s
  281396    6.8803277e+02   6.205052e+03   0.000000e+00   1331s
  281756    6.8803277e+02   2.404251e+04   0.000000e+00   1337s
  282136    6.8803277e+02   1.539547e+04   0.000000e+00   1342s
  282526    6.8803278e+02   5.031477e+03   0.000000e+00   1348s
  282896    6.8803278e+02   1.597523e+04   0.000000e+00   1353s
  283246    6.8803278e+02   5.284117e+03   0.000000e+00   1359s
  283656    6.8803279e+02   1.112102e+03   0.000000e+00   1364s
  284076    6.8803279e+02   5.115392e+04   0.000000e+00   1370s
  284456    6.8803279e+02   1.498673e+03   0.000000e+00   1375s
  284906    6.8803280e+02   9.402280e+03   0.000000e+00   1381s
  285256    6.8803280e+02   1.582026e+04   0.000000e+00   1386s
  285616    6.8803280e+02   1.449280e+03   0.000000e+00   1392s
  285976    6.8803280e+02   5.794280e+03   0.000000e+00   1398s
  286336    6.8803281e+02   1.258692e+03   0.000000e+00   1403s
  286706    6.8803281e+02   1.158257e+03   0.000000e+00   1409s
  287056    6.8803281e+02   7.015480e+03   0.000000e+00   1415s
  287416    6.8803281e+02   3.374464e+03   0.000000e+00   1420s
  287776    6.8803281e+02   2.282286e+03   0.000000e+00   1426s
  288136    6.8803282e+02   1.396591e+03   0.000000e+00   1431s
  288486    6.8803282e+02   1.838116e+03   0.000000e+00   1437s
  288866    6.8803282e+02   1.027755e+03   0.000000e+00   1443s
  289186    6.8803282e+02   3.099240e+03   0.000000e+00   1448s
  289566    6.8803283e+02   3.313347e+03   0.000000e+00   1454s
  289866    6.8803283e+02   1.486848e+03   0.000000e+00   1459s
  290186    6.8803283e+02   2.551974e+03   0.000000e+00   1465s
  290536    6.8803283e+02   1.571033e+04   0.000000e+00   1471s
  290896    6.8803283e+02   1.538988e+03   0.000000e+00   1477s
  291316    6.8803283e+02   2.494273e+03   0.000000e+00   1482s
  291696    6.8803284e+02   5.498308e+03   0.000000e+00   1488s
  292056    6.8803284e+02   2.811450e+03   0.000000e+00   1493s
  292446    6.8803284e+02   6.560640e+03   0.000000e+00   1499s
  292866    6.8803284e+02   1.991817e+03   0.000000e+00   1505s
  293296    6.8803285e+02   1.113843e+04   0.000000e+00   1510s
  293706    6.8803285e+02   4.632622e+03   0.000000e+00   1516s
  294106    6.8803285e+02   4.572576e+03   0.000000e+00   1521s
  294466    6.8803285e+02   3.072516e+03   0.000000e+00   1527s
  294826    6.8803286e+02   2.319141e+04   0.000000e+00   1532s
  295246    6.8803286e+02   2.031010e+04   0.000000e+00   1538s
  295566    6.8803286e+02   1.105349e+04   0.000000e+00   1544s
  295916    6.8803286e+02   2.126574e+03   0.000000e+00   1549s
  296226    6.8803286e+02   9.686740e+02   0.000000e+00   1555s
  296596    6.8803287e+02   6.396408e+04   0.000000e+00   1560s
  296946    6.8803287e+02   8.193640e+03   0.000000e+00   1566s
  297276    6.8803287e+02   1.826265e+03   0.000000e+00   1571s
  297666    6.8803287e+02   5.770524e+02   0.000000e+00   1577s
  297976    6.8803288e+02   3.122526e+03   0.000000e+00   1582s
  298286    6.8803288e+02   5.615820e+03   0.000000e+00   1588s
  298666    6.8803288e+02   7.334519e+03   0.000000e+00   1593s
  299026    6.8803288e+02   2.737964e+03   0.000000e+00   1599s
  299426    6.8803289e+02   6.824004e+03   0.000000e+00   1605s
  299806    6.8803289e+02   2.807616e+03   0.000000e+00   1610s
  300196    6.8803289e+02   3.037047e+03   0.000000e+00   1615s
  300576    6.8803289e+02   7.309392e+02   0.000000e+00   1621s
  300896    6.8803289e+02   6.173974e+03   0.000000e+00   1626s
  301336    6.8803290e+02   3.263846e+03   0.000000e+00   1631s
  301716    6.8803290e+02   8.160749e+03   0.000000e+00   1637s
  302096    6.8803290e+02   1.304686e+04   0.000000e+00   1642s
  302506    6.8803291e+02   3.497693e+03   0.000000e+00   1647s
  302886    6.8803291e+02   5.924135e+03   0.000000e+00   1653s
  303256    6.8803291e+02   1.028411e+03   0.000000e+00   1658s
  303576    6.8803291e+02   8.352862e+02   0.000000e+00   1663s
  303866    6.8803291e+02   9.014614e+02   0.000000e+00   1669s
  304186    6.8803291e+02   1.125422e+03   0.000000e+00   1674s
  304556    6.8803292e+02   1.053143e+03   0.000000e+00   1680s
  304846    6.8803292e+02   2.670060e+03   0.000000e+00   1685s
  305176    6.8803292e+02   4.561927e+03   0.000000e+00   1690s
  305486    6.8803292e+02   1.159902e+03   0.000000e+00   1696s
  305786    6.8803292e+02   1.754568e+03   0.000000e+00   1701s
  306136    6.8803292e+02   5.023930e+03   0.000000e+00   1706s
  306496    6.8803293e+02   1.928029e+03   0.000000e+00   1712s
  306836    6.8803293e+02   9.783164e+02   0.000000e+00   1717s
  307146    6.8803293e+02   3.931088e+03   0.000000e+00   1723s
  307456    6.8803293e+02   4.789045e+03   0.000000e+00   1729s
  307746    6.8803293e+02   7.761347e+03   0.000000e+00   1734s
  308086    6.8803293e+02   4.392501e+03   0.000000e+00   1739s
  308386    6.8803294e+02   2.723243e+03   0.000000e+00   1745s
  308696    6.8803294e+02   2.612959e+03   0.000000e+00   1750s
  309016    6.8803294e+02   6.122674e+02   0.000000e+00   1755s
  309386    6.8803294e+02   1.007785e+04   0.000000e+00   1761s
  309786    6.8803294e+02   6.171695e+03   0.000000e+00   1766s
  310146    6.8803295e+02   7.601857e+03   0.000000e+00   1771s
  310566    6.8803295e+02   3.043930e+03   0.000000e+00   1776s
  310886    6.8803295e+02   5.539109e+04   0.000000e+00   1782s
  311226    6.8803295e+02   2.647664e+03   0.000000e+00   1787s
  311596    6.8803295e+02   3.244598e+03   0.000000e+00   1792s
  311956    6.8803296e+02   4.804883e+03   0.000000e+00   1798s
  312276    6.8803296e+02   5.106705e+02   0.000000e+00   1803s
  312586    6.8803296e+02   4.317658e+02   0.000000e+00   1809s
  312886    6.8803296e+02   1.651656e+03   0.000000e+00   1814s
  313186    6.8803296e+02   5.700436e+03   0.000000e+00   1820s
  313496    6.8803296e+02   1.062332e+03   0.000000e+00   1825s
  313806    6.8803296e+02   1.255116e+03   0.000000e+00   1831s
  314126    6.8803296e+02   1.267140e+03   0.000000e+00   1836s
  314416    6.8803297e+02   1.396505e+03   0.000000e+00   1842s
  314706    6.8803297e+02   2.233470e+03   0.000000e+00   1847s
  314966    6.8803297e+02   1.050081e+03   0.000000e+00   1853s
  315246    6.8803297e+02   1.681889e+03   0.000000e+00   1859s
  315526    6.8803297e+02   2.108169e+04   0.000000e+00   1864s
  315816    6.8803297e+02   7.073305e+03   0.000000e+00   1869s
  316086    6.8803297e+02   2.114862e+03   0.000000e+00   1875s
  316346    6.8803297e+02   1.390461e+03   0.000000e+00   1880s
  316586    6.8803297e+02   5.167555e+03   0.000000e+00   1886s
  316846    6.8803298e+02   1.665411e+03   0.000000e+00   1891s
  317146    6.8803298e+02   4.385989e+03   0.000000e+00   1897s
  317426    6.8803298e+02   1.173140e+04   0.000000e+00   1902s
  317686    6.8803298e+02   4.231168e+03   0.000000e+00   1908s
  317926    6.8803298e+02   1.043564e+03   0.000000e+00   1914s
  318196    6.8803298e+02   8.849437e+02   0.000000e+00   1919s
  318456    6.8803298e+02   2.521487e+03   0.000000e+00   1925s
  318726    6.8803298e+02   2.783166e+03   0.000000e+00   1931s
  319006    6.8803299e+02   2.223469e+03   0.000000e+00   1936s
  319276    6.8803299e+02   3.819358e+03   0.000000e+00   1942s
  319546    6.8803299e+02   4.251727e+03   0.000000e+00   1948s
  319816    6.8803299e+02   7.059842e+03   0.000000e+00   1953s
  320076    6.8803299e+02   1.046154e+03   0.000000e+00   1959s
  320346    6.8803299e+02   3.584110e+04   0.000000e+00   1965s
  320586    6.8803299e+02   1.753904e+03   0.000000e+00   1970s
  320826    6.8803299e+02   4.649747e+02   0.000000e+00   1976s
  321086    6.8803300e+02   3.162979e+03   0.000000e+00   1982s
  321336    6.8803300e+02   2.508982e+03   0.000000e+00   1988s
  321586    6.8803300e+02   9.921874e+02   0.000000e+00   1993s
  321836    6.8803300e+02   3.685229e+03   0.000000e+00   1999s
  322106    6.8803300e+02   7.924141e+03   0.000000e+00   2005s
  322366    6.8803300e+02   4.097609e+03   0.000000e+00   2011s
  322616    6.8803300e+02   2.592998e+03   0.000000e+00   2017s
  322856    6.8803300e+02   1.383733e+03   0.000000e+00   2023s
  323116    6.8803300e+02   2.636203e+03   0.000000e+00   2028s
  323386    6.8803300e+02   1.384822e+04   0.000000e+00   2034s
  323626    6.8803300e+02   1.337033e+03   0.000000e+00   2040s
  323876    6.8803301e+02   1.163597e+03   0.000000e+00   2045s
  324106    6.8803301e+02   7.379562e+02   0.000000e+00   2051s
  324356    6.8803301e+02   9.733199e+03   0.000000e+00   2057s
  324606    6.8803301e+02   9.513821e+03   0.000000e+00   2063s
  324906    6.8803301e+02   3.137186e+03   0.000000e+00   2069s
  325176    6.8803301e+02   4.666465e+03   0.000000e+00   2074s
  325466    6.8803301e+02   3.787351e+03   0.000000e+00   2079s
  325746    6.8803301e+02   3.997077e+03   0.000000e+00   2085s
  325996    6.8803301e+02   3.680716e+03   0.000000e+00   2090s
  326316    6.8803301e+02   1.155633e+04   0.000000e+00   2095s
  326606    6.8803302e+02   6.573639e+03   0.000000e+00   2101s
  326846    6.8803302e+02   1.714235e+03   0.000000e+00   2107s
  327106    6.8803302e+02   1.838403e+03   0.000000e+00   2112s
  327386    6.8803302e+02   7.651113e+03   0.000000e+00   2117s
  327656    6.8803302e+02   1.192006e+03   0.000000e+00   2123s
  327976    6.8803302e+02   2.670545e+03   0.000000e+00   2128s
  328256    6.8803302e+02   4.304776e+03   0.000000e+00   2134s
  328506    6.8803302e+02   6.264118e+03   0.000000e+00   2139s
  328756    6.8803302e+02   3.113217e+03   0.000000e+00   2145s
  329046    6.8803302e+02   6.054293e+03   0.000000e+00   2150s
  329336    6.8803303e+02   4.901601e+03   0.000000e+00   2156s
  329626    6.8803303e+02   6.170758e+03   0.000000e+00   2161s
  329936    6.8803303e+02   1.392413e+03   0.000000e+00   2166s
  330226    6.8803303e+02   9.911448e+02   0.000000e+00   2171s
  330516    6.8803303e+02   3.420241e+03   0.000000e+00   2177s
  330786    6.8803303e+02   3.629624e+03   0.000000e+00   2182s
  331076    6.8803303e+02   1.866435e+04   0.000000e+00   2187s
  331356    6.8803303e+02   5.123145e+02   0.000000e+00   2193s
  331656    6.8803303e+02   1.451855e+03   0.000000e+00   2198s
  331946    6.8803304e+02   5.137720e+02   0.000000e+00   2203s
  332236    6.8803304e+02   1.117649e+03   0.000000e+00   2208s
  332506    6.8803304e+02   7.827955e+03   0.000000e+00   2214s
  332796    6.8803304e+02   3.378088e+03   0.000000e+00   2219s
  333086    6.8803304e+02   2.785153e+03   0.000000e+00   2224s
  333376    6.8803304e+02   5.160467e+02   0.000000e+00   2229s
  333646    6.8803304e+02   4.635306e+03   0.000000e+00   2234s
  333916    6.8803304e+02   5.822830e+02   0.000000e+00   2240s
  334176    6.8803304e+02   7.231961e+02   0.000000e+00   2245s
  334466    6.8803304e+02   6.114517e+03   0.000000e+00   2251s
  334776    6.8803304e+02   1.386309e+04   0.000000e+00   2257s
  335056    6.8803305e+02   1.107778e+03   0.000000e+00   2262s
  335326    6.8803305e+02   4.194403e+03   0.000000e+00   2268s
  335596    6.8803305e+02   1.955131e+03   0.000000e+00   2274s
  335866    6.8803305e+02   2.543356e+03   0.000000e+00   2279s
  336126    6.8803305e+02   1.675568e+04   0.000000e+00   2285s
  336416    6.8803305e+02   8.716288e+02   0.000000e+00   2291s
  336676    6.8803305e+02   1.851171e+03   0.000000e+00   2297s
  336926    6.8803305e+02   2.963732e+03   0.000000e+00   2302s
  337186    6.8803305e+02   1.880571e+03   0.000000e+00   2308s
  337446    6.8803305e+02   2.633667e+03   0.000000e+00   2314s
  337726    6.8803305e+02   7.475114e+02   0.000000e+00   2319s
  338006    6.8803306e+02   2.398501e+03   0.000000e+00   2325s
  338276    6.8803306e+02   2.839421e+03   0.000000e+00   2331s
  338556    6.8803306e+02   3.266145e+03   0.000000e+00   2337s
  338846    6.8803306e+02   4.320503e+03   0.000000e+00   2342s
  339116    6.8803306e+02   1.355646e+03   0.000000e+00   2348s
  339396    6.8803306e+02   1.592935e+03   0.000000e+00   2354s
  339686    6.8803306e+02   1.431652e+03   0.000000e+00   2359s
  339936    6.8803306e+02   5.543575e+03   0.000000e+00   2365s
  340196    6.8803306e+02   1.559133e+03   0.000000e+00   2370s
  340456    6.8803306e+02   2.236179e+03   0.000000e+00   2376s
  340706    6.8803306e+02   2.543011e+03   0.000000e+00   2382s
  340966    6.8803306e+02   3.056612e+03   0.000000e+00   2388s
  341236    6.8803306e+02   1.923142e+03   0.000000e+00   2394s
  341496    6.8803307e+02   2.730940e+03   0.000000e+00   2399s
  341736    6.8803307e+02   1.472013e+03   0.000000e+00   2405s
  341976    6.8803307e+02   2.630221e+03   0.000000e+00   2411s
  342216    6.8803307e+02   4.912414e+03   0.000000e+00   2416s
  342456    6.8803307e+02   7.903252e+02   0.000000e+00   2422s
  342676    6.8803307e+02   1.027097e+03   0.000000e+00   2427s
  342906    6.8803307e+02   1.543878e+03   0.000000e+00   2433s
  343156    6.8803307e+02   9.468366e+02   0.000000e+00   2439s
  343376    6.8803307e+02   3.312790e+03   0.000000e+00   2444s
  343586    6.8803307e+02   2.736253e+03   0.000000e+00   2450s
  343826    6.8803307e+02   8.538308e+02   0.000000e+00   2455s
  344046    6.8803307e+02   1.535403e+03   0.000000e+00   2461s
  344276    6.8803307e+02   5.433594e+04   0.000000e+00   2467s
  344536    6.8803307e+02   2.253494e+04   0.000000e+00   2472s
  344776    6.8803307e+02   6.162669e+02   0.000000e+00   2478s
  345006    6.8803307e+02   3.157176e+02   0.000000e+00   2483s
  345236    6.8803307e+02   3.133698e+03   0.000000e+00   2489s
  345486    6.8803308e+02   1.703565e+03   0.000000e+00   2494s
  345726    6.8803308e+02   7.827484e+02   0.000000e+00   2501s
  345956    6.8803308e+02   3.009992e+03   0.000000e+00   2507s
  346176    6.8803308e+02   3.035473e+02   0.000000e+00   2513s
  346406    6.8803308e+02   5.449044e+02   0.000000e+00   2519s
  346626    6.8803308e+02   3.091088e+03   0.000000e+00   2524s
  346856    6.8803308e+02   2.178550e+03   0.000000e+00   2530s
  347076    6.8803308e+02   1.536808e+03   0.000000e+00   2535s
  347306    6.8803308e+02   4.057701e+02   0.000000e+00   2541s
  347516    6.8803308e+02   1.728912e+03   0.000000e+00   2547s
  347736    6.8803308e+02   2.993836e+02   0.000000e+00   2553s
  347956    6.8803308e+02   3.603434e+02   0.000000e+00   2558s
  348156    6.8803308e+02   6.276080e+02   0.000000e+00   2564s
  348376    6.8803308e+02   3.396728e+02   0.000000e+00   2569s
  348586    6.8803308e+02   4.925263e+02   0.000000e+00   2575s
  348806    6.8803308e+02   2.902127e+03   0.000000e+00   2581s
  349036    6.8803308e+02   1.275755e+03   0.000000e+00   2586s
  349236    6.8803308e+02   8.874978e+02   0.000000e+00   2592s
  349436    6.8803308e+02   9.198330e+02   0.000000e+00   2598s
  349636    6.8803308e+02   2.776855e+02   0.000000e+00   2603s
  349846    6.8803308e+02   1.143187e+03   0.000000e+00   2609s
  350046    6.8803308e+02   4.112821e+02   0.000000e+00   2614s
  350246    6.8803308e+02   5.661223e+02   0.000000e+00   2620s
  350446    6.8803309e+02   2.462595e+02   0.000000e+00   2626s
  350646    6.8803309e+02   1.201441e+03   0.000000e+00   2632s
  350876    6.8803309e+02   1.152670e+03   0.000000e+00   2637s
  351096    6.8803309e+02   1.529738e+03   0.000000e+00   2643s
  351336    6.8803309e+02   9.406464e+02   0.000000e+00   2649s
  351546    6.8803309e+02   9.091997e+02   0.000000e+00   2654s
  351756    6.8803309e+02   1.253681e+03   0.000000e+00   2660s
  351976    6.8803309e+02   5.125754e+02   0.000000e+00   2666s
  352186    6.8803309e+02   8.338029e+02   0.000000e+00   2671s
  352386    6.8803309e+02   1.940167e+02   0.000000e+00   2677s
  352576    6.8803309e+02   4.505112e+03   0.000000e+00   2683s
  352776    6.8803309e+02   7.935667e+02   0.000000e+00   2688s
  352976    6.8803309e+02   4.356839e+02   0.000000e+00   2694s
  353176    6.8803309e+02   5.862921e+02   0.000000e+00   2700s
  353386    6.8803309e+02   5.939338e+02   0.000000e+00   2706s
  353586    6.8803309e+02   1.052866e+03   0.000000e+00   2711s
  353786    6.8803309e+02   9.439560e+02   0.000000e+00   2717s
  353996    6.8803309e+02   4.588656e+03   0.000000e+00   2723s
  354206    6.8803309e+02   7.506326e+02   0.000000e+00   2728s
  354426    6.8803309e+02   4.183834e+02   0.000000e+00   2734s
  354626    6.8803309e+02   8.040603e+02   0.000000e+00   2739s
  354836    6.8803309e+02   8.207227e+02   0.000000e+00   2745s
  355046    6.8803309e+02   7.947391e+02   0.000000e+00   2750s
  355256    6.8803309e+02   2.152689e+02   0.000000e+00   2756s
  355456    6.8803309e+02   9.423398e+01   0.000000e+00   2761s
  355666    6.8803309e+02   2.719531e+02   0.000000e+00   2767s
  355876    6.8803309e+02   8.893461e+02   0.000000e+00   2772s
  356086    6.8803309e+02   2.939546e+02   0.000000e+00   2778s
  356286    6.8803309e+02   2.013652e+02   0.000000e+00   2783s
  356486    6.8803309e+02   1.611035e+02   0.000000e+00   2788s
  356686    6.8803309e+02   1.255892e+02   0.000000e+00   2794s
  356876    6.8803309e+02   1.062880e+02   0.000000e+00   2799s
  357066    6.8803309e+02   2.524724e+02   0.000000e+00   2804s
  357256    6.8803309e+02   1.057569e+02   0.000000e+00   2810s
  357456    6.8803309e+02   6.386621e+02   0.000000e+00   2815s
  357646    6.8803309e+02   2.722372e+03   0.000000e+00   2821s
  357846    6.8803310e+02   1.864321e+02   0.000000e+00   2826s
  358036    6.8803310e+02   7.440126e+02   0.000000e+00   2832s
  358226    6.8803310e+02   1.957520e+02   0.000000e+00   2838s
  358416    6.8803310e+02   4.014238e+02   0.000000e+00   2843s
  358606    6.8803310e+02   5.378324e+03   0.000000e+00   2849s
  358796    6.8803310e+02   3.871697e+02   0.000000e+00   2855s
  358996    6.8803310e+02   1.136414e+02   0.000000e+00   2861s
  359196    6.8803310e+02   1.326074e+02   0.000000e+00   2867s
  359396    6.8803310e+02   3.817371e+02   0.000000e+00   2872s
  359596    6.8803310e+02   1.080428e+02   0.000000e+00   2878s
  359796    6.8803310e+02   7.113381e+03   0.000000e+00   2885s
  359986    6.8803310e+02   2.503355e+03   0.000000e+00   2891s
  360176    6.8803310e+02   1.874201e+02   0.000000e+00   2897s
  360376    6.8803310e+02   2.113507e+02   0.000000e+00   2902s
  360586    6.8803310e+02   8.665867e+01   0.000000e+00   2909s
  360786    6.8803310e+02   3.503928e+02   0.000000e+00   2915s
  360986    6.8803310e+02   2.780128e+02   0.000000e+00   2921s
  361186    6.8803310e+02   1.874310e+02   0.000000e+00   2926s
  361396    6.8803310e+02   3.587660e+02   0.000000e+00   2932s
  361606    6.8803310e+02   2.111773e+02   0.000000e+00   2937s
  361806    6.8803310e+02   4.934941e+01   0.000000e+00   2943s
  362006    6.8803310e+02   3.172435e+02   0.000000e+00   2948s
  362206    6.8803310e+02   3.143243e+02   0.000000e+00   2954s
  362406    6.8803310e+02   3.469433e+02   0.000000e+00   2959s
  362606    6.8803310e+02   3.015986e+02   0.000000e+00   2965s
  362806    6.8803310e+02   6.973191e+01   0.000000e+00   2970s
  363006    6.8803310e+02   2.453575e+02   0.000000e+00   2975s
  363206    6.8803310e+02   2.474705e+02   0.000000e+00   2981s
  363406    6.8803310e+02   1.267644e+03   0.000000e+00   2987s
  363606    6.8803310e+02   8.712977e+02   0.000000e+00   2992s
  363786    6.8803310e+02   4.943786e+02   0.000000e+00   2998s
  363976    6.8803310e+02   7.898939e+01   0.000000e+00   3003s
  364176    6.8803310e+02   8.514665e+01   0.000000e+00   3009s
  364376    6.8803310e+02   9.264098e+02   0.000000e+00   3015s
  364576    6.8803310e+02   6.053470e+01   0.000000e+00   3020s
  364776    6.8803310e+02   2.060810e+01   0.000000e+00   3026s
  364986    6.8803310e+02   4.069858e+01   0.000000e+00   3032s
  365186    6.8803310e+02   4.937258e+02   0.000000e+00   3037s
  365386    6.8803310e+02   7.275314e+01   0.000000e+00   3043s
  365586    6.8803310e+02   4.217566e+01   0.000000e+00   3049s
  365786    6.8803310e+02   1.390313e+02   0.000000e+00   3054s
  365986    6.8803310e+02   3.217971e+01   0.000000e+00   3060s
  366186    6.8803310e+02   1.421453e+02   0.000000e+00   3065s
  366376    6.8803310e+02   4.493344e+01   0.000000e+00   3071s
  366576    6.8803310e+02   2.116827e+02   0.000000e+00   3076s
  366776    6.8803310e+02   3.314701e+01   0.000000e+00   3082s
  366986    6.8803310e+02   2.679021e+01   0.000000e+00   3088s
  367186    6.8803310e+02   6.913215e+01   0.000000e+00   3093s
  367376    6.8803310e+02   8.881137e+01   0.000000e+00   3099s
  367566    6.8803310e+02   2.820538e+01   0.000000e+00   3104s
  367756    6.8803310e+02   2.851789e+02   0.000000e+00   3110s
  367946    6.8803310e+02   9.520665e+01   0.000000e+00   3115s
  368136    6.8803310e+02   2.973739e+02   0.000000e+00   3121s
  368326    6.8803310e+02   2.382996e+02   0.000000e+00   3127s
  368516    6.8803310e+02   4.028976e+01   0.000000e+00   3132s
  368696    6.8803310e+02   5.538117e+01   0.000000e+00   3138s
  368876    6.8803310e+02   1.150364e+01   0.000000e+00   3143s
  369056    6.8803310e+02   4.683202e+02   0.000000e+00   3149s
  369236    6.8803310e+02   1.839983e+01   0.000000e+00   3154s
  369416    6.8803310e+02   4.203889e+00   0.000000e+00   3159s
  369596    6.8803310e+02   1.310325e+01   0.000000e+00   3165s
  369776    6.8803310e+02   2.088993e+01   0.000000e+00   3170s
  369956    6.8803310e+02   1.122619e+01   0.000000e+00   3176s
  370136    6.8803310e+02   2.824127e+00   0.000000e+00   3182s
  370326    6.8803310e+02   1.591831e+00   0.000000e+00   3188s
  370516    6.8803310e+02   4.984363e-01   0.000000e+00   3193s
  370696    6.8803310e+02   6.600432e+00   0.000000e+00   3199s
  370876    6.8803310e+02   9.456260e-01   0.000000e+00   3204s
  371009    6.8803310e+02   0.000000e+00   0.000000e+00   3208s
  371009    6.8800000e+02   0.000000e+00   0.000000e+00   3209s

Use crossover to convert LP symmetric solution to basic solution...

Root crossover log...

    3905 DPushes remaining with DInf 0.0000000e+00              3210s

    7933 PPushes remaining with PInf 0.0000000e+00              3211s
       0 PPushes remaining with PInf 0.0000000e+00              3212s

  Push phase complete: Pinf 0.0000000e+00, Dinf 2.0928972e-10   3212s


Root simplex log...

Iteration    Objective       Primal Inf.    Dual Inf.      Time
  378945    6.8800000e+02   0.000000e+00   0.000000e+00   3212s
  378945    6.8800000e+02   0.000000e+00   0.000000e+00   3213s

Root relaxation: objective 6.880000e+02, 378945 iterations, 3060.47 seconds (2433.77 work units)
