1.NAME: CPSolver
2.PARAMS: {'break_symmetry': False}
3.INSTANCE: /home/wx350715/Kobra/rehabiliation-admission-scheduling/data/comp_study_002/instance_7_30.txt
4.REPETITION: 1
Current directory: /home/wx350715/Kobra/rehabiliation-admission-scheduling
[34m2025-01-02 11:00:08,428 - DEBUG - Solver: <class 'src.solvers.cp_or.CPSolver'>[0m
[34m2025-01-02 11:00:08,428 - DEBUG - Args: {'break_symmetry': False}[0m
[34m2025-01-02 11:00:08,428 - DEBUG - File path /home/wx350715/Kobra/rehabiliation-admission-scheduling/data/comp_study_002/instance_7_30.txt[0m
[34m2025-01-02 11:00:08,446 - DEBUG - ADD INSTANCE DATA[0m
[34m2025-01-02 11:00:08,446 - DEBUG - ADD INSTANCE DATA[0m
[34m2025-01-02 11:00:08,446 - DEBUG - ADD INSTANCE DATA[0m
[34m2025-01-02 11:00:08,446 - DEBUG - ADD INSTANCE DATA[0m
[34m2025-01-02 11:00:08,446 - DEBUG - ADD INSTANCE DATA[0m
[34m2025-01-02 11:00:08,446 - DEBUG - ADD INSTANCE DATA[0m
[34m2025-01-02 11:00:08,446 - DEBUG - ADD INSTANCE DATA[0m
[34m2025-01-02 11:00:08,446 - DEBUG - ADD INSTANCE DATA[0m
[34m2025-01-02 11:00:08,446 - DEBUG - ADD INSTANCE DATA[0m
[34m2025-01-02 11:00:08,446 - DEBUG - ADD INSTANCE DATA[0m
[34m2025-01-02 11:00:08,446 - DEBUG - ADD INSTANCE DATA[0m
[34m2025-01-02 11:00:08,446 - DEBUG - ADD RESOURCE_GROUPS[0m
[34m2025-01-02 11:00:08,446 - DEBUG - ADD RESOURCE_GROUPS[0m
[34m2025-01-02 11:00:08,447 - DEBUG - ADD RESOURCE_GROUPS[0m
[34m2025-01-02 11:00:08,447 - DEBUG - ADD RESOURCE_GROUPS[0m
[34m2025-01-02 11:00:08,447 - DEBUG - ADD RESOURCE_GROUPS[0m
[34m2025-01-02 11:00:08,447 - DEBUG - ADD RESOURCES[0m
[34m2025-01-02 11:00:08,447 - DEBUG - ADD RESOURCES[0m
[34m2025-01-02 11:00:08,447 - DEBUG - ADD RESOURCES[0m
[34m2025-01-02 11:00:08,447 - DEBUG - ADD RESOURCES[0m
[34m2025-01-02 11:00:08,447 - DEBUG - ADD RESOURCES[0m
[34m2025-01-02 11:00:08,447 - DEBUG - ADD RESOURCES[0m
[34m2025-01-02 11:00:08,447 - DEBUG - ADD RESOURCES[0m
[34m2025-01-02 11:00:08,447 - DEBUG - ADD RESOURCES[0m
[34m2025-01-02 11:00:08,447 - DEBUG - ADD RESOURCES[0m
[34m2025-01-02 11:00:08,447 - DEBUG - ADD RESOURCES[0m
[34m2025-01-02 11:00:08,448 - DEBUG - ADD TREATMENTS[0m
[34m2025-01-02 11:00:08,448 - DEBUG - ADD TREATMENTS[0m
[34m2025-01-02 11:00:08,448 - DEBUG - ADD TREATMENTS[0m
[34m2025-01-02 11:00:08,448 - DEBUG - ADD TREATMENTS[0m
[34m2025-01-02 11:00:08,448 - DEBUG - ADD TREATMENTS[0m
[34m2025-01-02 11:00:08,448 - DEBUG - ADD TREATMENTS[0m
[34m2025-01-02 11:00:08,448 - DEBUG - ADD TREATMENTS[0m
[34m2025-01-02 11:00:08,448 - DEBUG - ADD TREATMENTS[0m
[34m2025-01-02 11:00:08,448 - DEBUG - ADD TREATMENTS[0m
[34m2025-01-02 11:00:08,448 - DEBUG - ADD TREATMENTS[0m
[34m2025-01-02 11:00:08,449 - DEBUG - ADD PATIENTS[0m
[34m2025-01-02 11:00:08,449 - DEBUG - ADD PATIENTS[0m
[34m2025-01-02 11:00:08,449 - DEBUG - ADD PATIENTS[0m
[34m2025-01-02 11:00:08,449 - DEBUG - ADD PATIENTS[0m
[34m2025-01-02 11:00:08,449 - DEBUG - ADD PATIENTS[0m
[34m2025-01-02 11:00:08,449 - DEBUG - ADD PATIENTS[0m
[34m2025-01-02 11:00:08,449 - DEBUG - ADD PATIENTS[0m
[34m2025-01-02 11:00:08,449 - DEBUG - ADD PATIENTS[0m
[34m2025-01-02 11:00:08,449 - DEBUG - ADD PATIENTS[0m
[34m2025-01-02 11:00:08,450 - DEBUG - ADD PATIENTS[0m
[34m2025-01-02 11:00:08,450 - DEBUG - ADD PATIENTS[0m
[34m2025-01-02 11:00:08,450 - DEBUG - ADD PATIENTS[0m
[34m2025-01-02 11:00:08,450 - DEBUG - ADD PATIENTS[0m
[34m2025-01-02 11:00:08,450 - DEBUG - ADD PATIENTS[0m
[34m2025-01-02 11:00:08,450 - DEBUG - ADD PATIENTS[0m
[34m2025-01-02 11:00:08,450 - DEBUG - ADD PATIENTS[0m
[34m2025-01-02 11:00:08,450 - DEBUG - ADD PATIENTS[0m
[34m2025-01-02 11:00:08,450 - DEBUG - ADD PATIENTS[0m
[34m2025-01-02 11:00:08,450 - DEBUG - ADD PATIENTS[0m
[34m2025-01-02 11:00:08,451 - DEBUG - ADD PATIENTS[0m
[34m2025-01-02 11:00:08,451 - DEBUG - Instance data:[0m
[34m2025-01-02 11:00:08,451 - DEBUG - Number of patients: 19[0m
[34m2025-01-02 11:00:08,451 - DEBUG - Number of beds: 40[0m
[34m2025-01-02 11:00:08,453 - DEBUG - Average number of treatments per patient: 23.526315789473685[0m
[34m2025-01-02 11:00:08,453 - DEBUG - Average number of treatment per stayed day: 2.3526315789473684[0m
[34m2025-01-02 11:00:08,453 - DEBUG - Number of treatments: 447[0m
[34m2025-01-02 11:00:08,453 - DEBUG - Number of resources: 10[0m
[34m2025-01-02 11:00:08,453 - DEBUG - Number of resource groups: 5[0m
[34m2025-01-02 11:00:08,453 - DEBUG - Number of resource hours needed per all treatment by RG(rooms): 22.09999999999998[0m
[34m2025-01-02 11:00:08,453 - DEBUG - Number of resource hours needed per all treatment by RG(physiotherapist): 9.75[0m
[34m2025-01-02 11:00:08,453 - DEBUG - Number of resource hours needed per all treatment by RG(therapists): 7.975000000000001[0m
[34m2025-01-02 11:00:08,453 - DEBUG - Number of resource hours needed per all treatment by RG(sport_room): 5.625[0m
[32m2025-01-02 11:00:08,453 - INFO - {'solver': 'CPSolver', 'args': {'break_symmetry': True, 'max_repr': 'cumulative', 'min_repr': 'cumulative', 'enforce_min_treatments_per_day': True, 'enforce_max_treatments_per_e_w': True, 'enforce_min_patients_per_treatment': True, 'log_to_console': True}}[0m
[34m2025-01-02 11:00:08,454 - DEBUG - Setting options: CPSolver[0m
[34m2025-01-02 11:00:08,454 - DEBUG -  ---- break_symmetry to True[0m
[34m2025-01-02 11:00:08,454 - DEBUG -  ---- min_repr to cumulative[0m
[34m2025-01-02 11:00:08,454 - DEBUG -  ---- max_repr to cumulative[0m
[34m2025-01-02 11:00:08,454 - DEBUG -  ---- add_knowledge to True (default)[0m
[34m2025-01-02 11:00:08,454 - DEBUG - Setting options: Solver[0m
[34m2025-01-02 11:00:08,454 - DEBUG -  ---- number_of_threads to 4 (default)[0m
[34m2025-01-02 11:00:08,454 - DEBUG -  ---- treatment_value to 0 (default)[0m
[34m2025-01-02 11:00:08,454 - DEBUG -  ---- delay_value to 1 (default)[0m
[34m2025-01-02 11:00:08,454 - DEBUG -  ---- missing_treatment_value to 4 (default)[0m
[34m2025-01-02 11:00:08,454 - DEBUG -  ---- enforce_min_treatments_per_day to True[0m
[34m2025-01-02 11:00:08,454 - DEBUG -  ---- enforce_max_treatments_per_e_w to True[0m
[34m2025-01-02 11:00:08,454 - DEBUG -  ---- enforce_min_patients_per_treatment to True[0m
[34m2025-01-02 11:00:08,454 - DEBUG -  ---- log_to_console to True[0m
[34m2025-01-02 11:00:08,454 - DEBUG -  ---- log_to_file to True (default)[0m
[34m2025-01-02 11:00:08,454 - DEBUG -  ---- no_rel_heur_time to 1 (default)[0m
[32m2025-01-02 11:00:08,472 - INFO - Create model: CPSolver[0m
[32m2025-01-02 11:00:09,197 - INFO - Symmetry is being broken[0m
[32m2025-01-02 11:00:09,265 - INFO - Time to create model: 0.793[0m
[32m2025-01-02 11:00:09,265 - INFO - Solving model: CPSolver[0m

Starting CP-SAT solver v9.11.4210
Parameters: log_search_progress: true num_search_workers: 4

Initial optimization model '': (model_fingerprint: 0x40e675e015b31bcb)
#Variables: 8'672 (#bools: 3'187 #ints: 19 in objective)
  - 5'170 Booleans in [0,1]
  - 3 in [-10000,100000]
  - 1 in [0,6]
  - 1 in [0,10]
  - 1 in [0,14]
  - 255 in [0,475]
  - 19 in [0,476]
  - 3'206 in [0,544]
  - 1 in [1,5]
  - 1 in [2,4]
  - 1 in [2,5]
  - 1 in [2,6]
  - 1 in [2,8]
  - 1 in [3,6]
  - 1 in [3,8]
  - 2 in [4,8]
  - 2 in [5,9]
  - 1 in [6,11]
  - 1 in [7,8]
  - 1 in [8,12]
  - 1 in [9,13]
  - 1 in [11,14]
#kBoolOr: 5'160 (#enforced: 5'160) (#literals: 5'160)
#kCumulative: 58 (#intervals: 15973, #optional: 9561, #variable_sizes: 6393)
#kInterval: 21'381 (#enforced: 14'731) (#fixed: 238)
#kLinMax: 19 (#expressions: 38)
#kLinear0: 2
#kLinear1: 41
#kLinear2: 6'690 (#enforced: 6'374)
#kLinear3: 98
#kLinearN: 964 (#terms: 14'844)
#kNoOverlap: 29 (#intervals: 5153, #optional: 4915, #fixed_intervals: 238)

Starting presolve at 0.02s
  7.00e-03s  0.00e+00d  [DetectDominanceRelations] 
  8.01e-02s  0.00e+00d  [PresolveToFixPoint] #num_loops=3 #num_dual_strengthening=1 
  7.54e-04s  0.00e+00d  [ExtractEncodingFromLinear] #potential_supersets=486 
[Symmetry] Graph for symmetry has 72'597 nodes and 135'537 arcs.
[Symmetry] Symmetry computation done. time: 0.0322441 dtime: 0.0690894
[Symmetry] #generators: 5, average support size: 293.2
[Symmetry] 358 orbits with sizes: 5,5,5,5,5,5,5,5,5,5,...
[Symmetry] Num fixable by binary propagation in orbit: 4 / 5
[Symmetry] Found orbitope of size 125 x 5
[SAT presolve] num removable Booleans: 0 / 5090
[SAT presolve] num trivial clauses: 0
[SAT presolve] [0s] clauses:5231 literals:12334 vars:5075 one_side_vars:2790 simple_definition:2125 singleton_clauses:0
[SAT presolve] [0.00039256s] clauses:5231 literals:12334 vars:5075 one_side_vars:2790 simple_definition:2125 singleton_clauses:0
[SAT presolve] [0.000685918s] clauses:5231 literals:12334 vars:5075 one_side_vars:2790 simple_definition:2125 singleton_clauses:0
  2.88e-03s  0.00e+00d  [DetectDuplicateConstraintsWithDifferentEnforcements] 
  8.56e+00s  1.17e-01d  [Probe] #probed=11'164 #new_bounds=2 #new_binary_clauses=61'520 
  1.58e-02s  0.00e+00d  [MaxClique] Merged 5097(10434 literals) into 3618(8685 literals) at_most_ones. 
  6.03e-03s  0.00e+00d  [DetectDominanceRelations] 
  4.33e-02s  0.00e+00d  [PresolveToFixPoint] #num_loops=2 #num_dual_strengthening=1 
  5.39e-03s  0.00e+00d  [ProcessAtMostOneAndLinear] 
  3.65e-03s  0.00e+00d  [DetectDuplicateConstraints] #duplicates=1'698 
  2.77e-03s  0.00e+00d  [DetectDuplicateConstraintsWithDifferentEnforcements] 
  1.13e-03s  2.10e-05d  [DetectDominatedLinearConstraints] #relevant_constraints=594 #num_inclusions=22 
  8.73e-04s  0.00e+00d  [DetectDifferentVariables] 
  2.87e-03s  9.30e-05d  [ProcessSetPPC] #relevant_constraints=4'578 #num_inclusions=2'222 
  8.76e-04s  0.00e+00d  [FindAlmostIdenticalLinearConstraints] 
  2.92e-03s  2.55e-03d  [FindBigAtMostOneAndLinearOverlap] 
  2.00e-03s  1.36e-03d  [FindBigVerticalLinearOverlap] 
  5.33e-04s  3.14e-05d  [FindBigHorizontalLinearOverlap] #linears=340 
  9.03e-04s  9.35e-06d  [MergeClauses] 
  5.50e-03s  0.00e+00d  [DetectDominanceRelations] 
  3.89e-02s  0.00e+00d  [PresolveToFixPoint] #num_loops=1 #num_dual_strengthening=1 
  5.28e-03s  0.00e+00d  [DetectDominanceRelations] 
  3.88e-02s  0.00e+00d  [PresolveToFixPoint] #num_loops=1 #num_dual_strengthening=1 
[Symmetry] Graph for symmetry has 67'268 nodes and 119'436 arcs.
[Symmetry] Symmetry computation done. time: 0.0222373 dtime: 0.0538414
[Symmetry] #generators: 1, average support size: 466
[Symmetry] 233 orbits with sizes: 2,2,2,2,2,2,2,2,2,2,...
[Symmetry] Num fixable by intersecting at_most_one with orbits: 1 largest_orbit: 2
[SAT presolve] num removable Booleans: 0 / 5080
[SAT presolve] num trivial clauses: 0
[SAT presolve] [0s] clauses:3266 literals:8134 vars:3140 one_side_vars:1157 simple_definition:1852 singleton_clauses:0
[SAT presolve] [0.000252996s] clauses:3266 literals:8134 vars:3140 one_side_vars:1157 simple_definition:1852 singleton_clauses:0
[SAT presolve] [0.000546973s] clauses:3266 literals:8134 vars:3140 one_side_vars:1157 simple_definition:1852 singleton_clauses:0
  3.35e-03s  0.00e+00d  [DetectDuplicateConstraintsWithDifferentEnforcements] 
  8.69e+00s  1.17e-01d  [Probe] #probed=11'162 #new_binary_clauses=61'520 
  1.37e-02s  0.00e+00d  [MaxClique] 
  6.50e-03s  0.00e+00d  [DetectDominanceRelations] 
  4.50e-02s  0.00e+00d  [PresolveToFixPoint] #num_loops=1 #num_dual_strengthening=1 
  4.92e-03s  0.00e+00d  [ProcessAtMostOneAndLinear] 
  3.83e-03s  0.00e+00d  [DetectDuplicateConstraints] 
  3.60e-03s  0.00e+00d  [DetectDuplicateConstraintsWithDifferentEnforcements] 
  1.64e-03s  2.10e-05d  [DetectDominatedLinearConstraints] #relevant_constraints=594 #num_inclusions=22 
  1.37e-03s  0.00e+00d  [DetectDifferentVariables] 
  3.45e-03s  7.84e-05d  [ProcessSetPPC] #relevant_constraints=4'092 #num_inclusions=1'736 
  1.78e-03s  0.00e+00d  [FindAlmostIdenticalLinearConstraints] 
  3.40e-03s  2.55e-03d  [FindBigAtMostOneAndLinearOverlap] 
  2.79e-03s  1.36e-03d  [FindBigVerticalLinearOverlap] 
  7.64e-04s  3.14e-05d  [FindBigHorizontalLinearOverlap] #linears=340 
  1.37e-03s  9.35e-06d  [MergeClauses] 
  7.33e-03s  0.00e+00d  [DetectDominanceRelations] 
  4.69e-02s  0.00e+00d  [PresolveToFixPoint] #num_loops=1 #num_dual_strengthening=1 
  6.83e-03s  0.00e+00d  [DetectDominanceRelations] 
  4.56e-02s  0.00e+00d  [PresolveToFixPoint] #num_loops=1 #num_dual_strengthening=1 
[Symmetry] Graph for symmetry has 67'267 nodes and 119'432 arcs.
[Symmetry] Symmetry computation done. time: 0.0237695 dtime: 0.0542984
[SAT presolve] num removable Booleans: 0 / 5079
[SAT presolve] num trivial clauses: 0
[SAT presolve] [0s] clauses:3266 literals:8134 vars:3140 one_side_vars:1157 simple_definition:1852 singleton_clauses:0
[SAT presolve] [0.000287844s] clauses:3266 literals:8134 vars:3140 one_side_vars:1157 simple_definition:1852 singleton_clauses:0
[SAT presolve] [0.000594148s] clauses:3266 literals:8134 vars:3140 one_side_vars:1157 simple_definition:1852 singleton_clauses:0
  2.93e-03s  0.00e+00d  [DetectDuplicateConstraintsWithDifferentEnforcements] 
  8.72e+00s  1.17e-01d  [Probe] #probed=11'162 #new_binary_clauses=61'520 
  1.33e-02s  0.00e+00d  [MaxClique] 
  5.52e-03s  0.00e+00d  [DetectDominanceRelations] 
  4.25e-02s  0.00e+00d  [PresolveToFixPoint] #num_loops=1 #num_dual_strengthening=1 
  4.94e-03s  0.00e+00d  [ProcessAtMostOneAndLinear] 
  3.31e-03s  0.00e+00d  [DetectDuplicateConstraints] 
  3.23e-03s  0.00e+00d  [DetectDuplicateConstraintsWithDifferentEnforcements] 
  1.59e-03s  2.10e-05d  [DetectDominatedLinearConstraints] #relevant_constraints=594 #num_inclusions=22 
  1.33e-03s  0.00e+00d  [DetectDifferentVariables] 
  2.92e-03s  7.84e-05d  [ProcessSetPPC] #relevant_constraints=4'092 #num_inclusions=1'736 
  1.33e-03s  0.00e+00d  [FindAlmostIdenticalLinearConstraints] 
  3.26e-03s  2.55e-03d  [FindBigAtMostOneAndLinearOverlap] 
  2.37e-03s  1.36e-03d  [FindBigVerticalLinearOverlap] 
  6.95e-04s  3.14e-05d  [FindBigHorizontalLinearOverlap] #linears=340 
  1.22e-03s  9.35e-06d  [MergeClauses] 
  5.62e-03s  0.00e+00d  [DetectDominanceRelations] 
  3.98e-02s  0.00e+00d  [PresolveToFixPoint] #num_loops=1 #num_dual_strengthening=1 
  2.80e-03s  0.00e+00d  [ExpandObjective] #entries=11'854 #tight_variables=2'433 #tight_constraints=493 #expands=30 

Presolve summary:
  - 6467 affine relations were detected.
  - rule 'TODO dual: only one blocking constraint?' was applied 72 times.
  - rule 'TODO linear2: contains a Boolean.' was applied 3'982 times.
  - rule 'affine: new relation' was applied 6'467 times.
  - rule 'at_most_one: transformed into max clique.' was applied 1 time.
  - rule 'bool_and: x => x' was applied 70 times.
  - rule 'bool_or: implications' was applied 5'147 times.
  - rule 'bool_or: only one literal' was applied 13 times.
  - rule 'cumulative: max profile is always under the min capacity' was applied 1 time.
  - rule 'deductions: 2700 stored' was applied 1 time.
  - rule 'duplicate: merged rhs of linear constraint' was applied 1'698 times.
  - rule 'duplicate: removed constraint' was applied 1'698 times.
  - rule 'enforcement: false literal' was applied 26 times.
  - rule 'exactly_one: removed literals' was applied 5 times.
  - rule 'intervals: change duplicate index across constraints' was applied 6'078 times.
  - rule 'intervals: removed unused interval' was applied 272 times.
  - rule 'lin_max: affine_max target domain reduced' was applied 19 times.
  - rule 'lin_max: converted to equality' was applied 1 time.
  - rule 'lin_max: fixed affine_max target' was applied 9 times.
  - rule 'linear + amo: trivial linear constraint' was applied 1 time.
  - rule 'linear1: always true' was applied 18 times.
  - rule 'linear: always true' was applied 4'768 times.
  - rule 'linear: divide by GCD' was applied 3 times.
  - rule 'linear: empty' was applied 6 times.
  - rule 'linear: extracted enforcement literal' was applied 89 times.
  - rule 'linear: fixed or dup variables' was applied 3'400 times.
  - rule 'linear: negative clause' was applied 164 times.
  - rule 'linear: negative equal one' was applied 456 times.
  - rule 'linear: positive at most one' was applied 30 times.
  - rule 'linear: reduced variable domains' was applied 3'230 times.
  - rule 'linear: remapped using affine relations' was applied 5'070 times.
  - rule 'linear: simplified rhs' was applied 5'774 times.
  - rule 'linear: singleton column' was applied 1 time.
  - rule 'linear: variable substitution 0' was applied 1 time.
  - rule 'no_overlap: removed absent intervals' was applied 14 times.
  - rule 'objective: expanded via tight equality' was applied 30 times.
  - rule 'presolve: 43 unused variables removed.' was applied 1 time.
  - rule 'presolve: iteration' was applied 3 times.
  - rule 'setppc: bool_or in at_most_one.' was applied 486 times.
  - rule 'symmetry: fixed all but one to false in orbitope row' was applied 4 times.
  - rule 'symmetry: fixed to false in general orbit' was applied 1 time.
  - rule 'variables with 2 values: create encoding literal' was applied 4 times.
  - rule 'variables with 2 values: new affine relation' was applied 4 times.
  - rule 'variables: canonicalize affine domain' was applied 2 times.
  - rule 'variables: canonicalize domain' was applied 3'195 times.

Presolved optimization model '': (model_fingerprint: 0x9c0713463347f9e3)
#Variables: 5'363 (#bools: 2'918 #ints: 17 in objective)
  - 5'077 Booleans in [0,1]
  - 1 in [0,2]
  - 6 in [0,3]
  - 1 in [0,4]
  - 1 in [0,5]
  - 1 in [0,9]
  - 1 in [0,13]
  - 253 in [0,475]
  - 1 in [1,4]
  - 1 in [2,4]
  - 1 in [2,5]
  - 1 in [2,7]
  - 1 in [3,5]
  - 1 in [3,7]
  - 1 in [18,19][52,53][86,87][120,121][154,155][1 ... 290,291][324,325][358,359][392,393][426,427][460]
  - 1 in [19][53][87][121][154,155][188,189][222,2 ... 290,291][324,325][358,359][392,393][426,427][460]
  - 1 in [155][189][222,223][256,257][290,291][324,325][358,359][392]
  - 1 in [155][189][223][257][290,291][324,325][358,359][392,393][426,427][460]
  - 1 in [222,223][256,257][290,291][324,325]
  - 1 in [223][257][290,291][324,325][358,359][392]
  - 1 in [223][257][291][324,325][358,359][392,393][426]
  - 1 in [257][291][324,325][358,359][392]
  - 1 in [290,291][324,325]
  - 3 in [341][375][409][443][476]
  - 1 in [375][409][443][476]
  - 3 in [409][443][476]
#kBoolAnd: 252 (#enforced: 252) (#literals: 3'384)
#kBoolOr: 134 (#literals: 1'870)
#kCumulative: 57 (#intervals: 15954, #optional: 9561, #variable_sizes: 6391, #fixed_intervals: 1)
#kExactlyOne: 486 (#literals: 2'420)
#kInterval: 15'005 (#enforced: 14'452) (#fixed: 29)
#kLinMax: 9 (#expressions: 18)
#kLinear1: 181 (#enforced: 181)
#kLinear2: 3'251 (#enforced: 3'006)
#kLinear3: 9
#kLinearN: 340 (#enforced: 89) (#terms: 6'272)
#kNoOverlap: 29 (#intervals: 5129, #optional: 4891, #fixed_intervals: 238)

Preloading model.
#Bound  26.81s best:inf   next:[-9880,1859] initial_domain
[Symmetry] Graph for symmetry has 48'811 nodes and 101'828 arcs.
[Symmetry] Symmetry computation done. time: 0.0162294 dtime: 0.044187
#Model  26.85s var:5363/5363 constraints:19753/19753

Starting search at 26.85s with 4 workers.
3 full problem subsolvers: [core, default_lp, fixed]
1 first solution subsolver: [fj]
13 interleaved subsolvers: [feasibility_pump, graph_arc_lns, graph_cst_lns, graph_dec_lns, graph_var_lns, ls, rins/rens, rnd_cst_lns, rnd_var_lns, scheduling_intervals_lns, scheduling_precedences_lns, scheduling_resource_windows_lns, scheduling_time_window_lns]
3 helper subsolvers: [neighborhood_helper, synchronization_agent, update_gap_integral]

#Bound  99.55s best:inf   next:[-676,1859] default_lp (initial_propagation)
#Bound  99.59s best:inf   next:[0,1859]   default_lp
