1.NAME: LBBDSolver
2.PARAMS: {'break_symmetry': False, 'add_constraints_to_symmetrc_days': False, 'subsolver_cls': 'CPSubSolver2'}
3.INSTANCE: /home/wx350715/Kobra/rehabiliation-admission-scheduling/data/comp_study_002/instance_1_more_resources_5.txt
4.REPETITION: 1
Current directory: /home/wx350715/Kobra/rehabiliation-admission-scheduling
[34m2025-01-01 14:51:53,993 - DEBUG - Solver: <class 'src.solvers.benders.LBBDSolver'>[0m
[34m2025-01-01 14:51:53,993 - DEBUG - Args: {'break_symmetry': False, 'add_constraints_to_symmetrc_days': False, 'subsolver_cls': 'CPSubSolver2'}[0m
[34m2025-01-01 14:51:53,994 - DEBUG - File path /home/wx350715/Kobra/rehabiliation-admission-scheduling/data/comp_study_002/instance_1_more_resources_5.txt[0m
[34m2025-01-01 14:51:53,994 - DEBUG - ADD INSTANCE DATA[0m
[34m2025-01-01 14:51:53,994 - DEBUG - ADD INSTANCE DATA[0m
[34m2025-01-01 14:51:53,994 - DEBUG - ADD INSTANCE DATA[0m
[34m2025-01-01 14:51:53,994 - DEBUG - ADD INSTANCE DATA[0m
[34m2025-01-01 14:51:53,994 - DEBUG - ADD INSTANCE DATA[0m
[34m2025-01-01 14:51:53,994 - DEBUG - ADD INSTANCE DATA[0m
[34m2025-01-01 14:51:53,994 - DEBUG - ADD INSTANCE DATA[0m
[34m2025-01-01 14:51:53,994 - DEBUG - ADD INSTANCE DATA[0m
[34m2025-01-01 14:51:53,994 - DEBUG - ADD INSTANCE DATA[0m
[34m2025-01-01 14:51:53,994 - DEBUG - ADD INSTANCE DATA[0m
[34m2025-01-01 14:51:53,994 - DEBUG - ADD INSTANCE DATA[0m
[34m2025-01-01 14:51:53,994 - DEBUG - ADD RESOURCE_GROUPS[0m
[34m2025-01-01 14:51:53,995 - DEBUG - ADD RESOURCE_GROUPS[0m
[34m2025-01-01 14:51:53,995 - DEBUG - ADD RESOURCE_GROUPS[0m
[34m2025-01-01 14:51:53,995 - DEBUG - ADD RESOURCE_GROUPS[0m
[34m2025-01-01 14:51:53,995 - DEBUG - ADD RESOURCES[0m
[34m2025-01-01 14:51:53,995 - DEBUG - ADD RESOURCES[0m
[34m2025-01-01 14:51:53,995 - DEBUG - ADD RESOURCES[0m
[34m2025-01-01 14:51:53,995 - DEBUG - ADD RESOURCES[0m
[34m2025-01-01 14:51:53,995 - DEBUG - ADD RESOURCES[0m
[34m2025-01-01 14:51:53,995 - DEBUG - ADD RESOURCES[0m
[34m2025-01-01 14:51:53,995 - DEBUG - ADD RESOURCES[0m
[34m2025-01-01 14:51:53,995 - DEBUG - ADD RESOURCES[0m
[34m2025-01-01 14:51:53,995 - DEBUG - ADD RESOURCES[0m
[34m2025-01-01 14:51:53,996 - DEBUG - ADD RESOURCES[0m
[34m2025-01-01 14:51:53,996 - DEBUG - ADD RESOURCES[0m
[34m2025-01-01 14:51:53,996 - DEBUG - ADD RESOURCES[0m
[34m2025-01-01 14:51:53,996 - DEBUG - ADD RESOURCES[0m
[34m2025-01-01 14:51:53,996 - DEBUG - ADD RESOURCES[0m
[34m2025-01-01 14:51:53,996 - DEBUG - ADD TREATMENTS[0m
[34m2025-01-01 14:51:53,996 - DEBUG - ADD TREATMENTS[0m
[34m2025-01-01 14:51:53,996 - DEBUG - ADD TREATMENTS[0m
[34m2025-01-01 14:51:53,996 - DEBUG - ADD TREATMENTS[0m
[34m2025-01-01 14:51:53,996 - DEBUG - ADD TREATMENTS[0m
[34m2025-01-01 14:51:53,996 - DEBUG - ADD TREATMENTS[0m
[34m2025-01-01 14:51:53,996 - DEBUG - ADD TREATMENTS[0m
[34m2025-01-01 14:51:53,997 - DEBUG - ADD TREATMENTS[0m
[34m2025-01-01 14:51:53,997 - DEBUG - ADD PATIENTS[0m
[34m2025-01-01 14:51:53,997 - DEBUG - ADD PATIENTS[0m
[34m2025-01-01 14:51:53,997 - DEBUG - ADD PATIENTS[0m
[34m2025-01-01 14:51:53,997 - DEBUG - ADD PATIENTS[0m
[34m2025-01-01 14:51:53,997 - DEBUG - ADD PATIENTS[0m
[34m2025-01-01 14:51:53,997 - DEBUG - ADD PATIENTS[0m
[34m2025-01-01 14:51:53,997 - DEBUG - ADD PATIENTS[0m
[34m2025-01-01 14:51:53,998 - DEBUG - ADD PATIENTS[0m
[34m2025-01-01 14:51:53,998 - DEBUG - ADD PATIENTS[0m
[34m2025-01-01 14:51:53,998 - DEBUG - ADD PATIENTS[0m
[34m2025-01-01 14:51:53,998 - DEBUG - ADD PATIENTS[0m
[34m2025-01-01 14:51:53,998 - DEBUG - ADD PATIENTS[0m
[34m2025-01-01 14:51:53,998 - DEBUG - ADD PATIENTS[0m
[34m2025-01-01 14:51:53,998 - DEBUG - ADD PATIENTS[0m
[34m2025-01-01 14:51:53,998 - DEBUG - ADD PATIENTS[0m
[34m2025-01-01 14:51:53,998 - DEBUG - ADD PATIENTS[0m
[34m2025-01-01 14:51:53,999 - DEBUG - ADD PATIENTS[0m
[34m2025-01-01 14:51:53,999 - DEBUG - ADD PATIENTS[0m
[34m2025-01-01 14:51:53,999 - DEBUG - ADD PATIENTS[0m
[34m2025-01-01 14:51:54,000 - DEBUG - ADD PATIENTS[0m
[34m2025-01-01 14:51:54,001 - DEBUG - ADD PATIENTS[0m
[34m2025-01-01 14:51:54,001 - DEBUG - ADD PATIENTS[0m
[34m2025-01-01 14:51:54,001 - DEBUG - ADD PATIENTS[0m
[34m2025-01-01 14:51:54,001 - DEBUG - ADD PATIENTS[0m
[34m2025-01-01 14:51:54,001 - DEBUG - ADD PATIENTS[0m
[34m2025-01-01 14:51:54,001 - DEBUG - ADD PATIENTS[0m
[34m2025-01-01 14:51:54,001 - DEBUG - ADD PATIENTS[0m
[34m2025-01-01 14:51:54,001 - DEBUG - ADD PATIENTS[0m
[34m2025-01-01 14:51:54,001 - DEBUG - ADD PATIENTS[0m
[34m2025-01-01 14:51:54,002 - DEBUG - ADD PATIENTS[0m
[34m2025-01-01 14:51:54,002 - DEBUG - ADD PATIENTS[0m
[34m2025-01-01 14:51:54,002 - DEBUG - ADD PATIENTS[0m
[34m2025-01-01 14:51:54,002 - DEBUG - ADD PATIENTS[0m
[34m2025-01-01 14:51:54,002 - DEBUG - ADD PATIENTS[0m
[34m2025-01-01 14:51:54,002 - DEBUG - ADD PATIENTS[0m
[34m2025-01-01 14:51:54,002 - DEBUG - ADD PATIENTS[0m
[34m2025-01-01 14:51:54,002 - DEBUG - ADD PATIENTS[0m
[34m2025-01-01 14:51:54,002 - DEBUG - ADD PATIENTS[0m
[34m2025-01-01 14:51:54,003 - DEBUG - ADD PATIENTS[0m
[34m2025-01-01 14:51:54,003 - DEBUG - ADD PATIENTS[0m
[34m2025-01-01 14:51:54,003 - DEBUG - Instance data:[0m
[34m2025-01-01 14:51:54,003 - DEBUG - Number of patients: 40[0m
[34m2025-01-01 14:51:54,003 - DEBUG - Number of beds: 40[0m
[34m2025-01-01 14:51:54,003 - DEBUG - Average number of treatments per patient: 29.525[0m
[34m2025-01-01 14:51:54,003 - DEBUG - Average number of treatment per stayed day: 2.135623869801085[0m
[34m2025-01-01 14:51:54,003 - DEBUG - Number of treatments: 1181[0m
[34m2025-01-01 14:51:54,003 - DEBUG - Number of resources: 12[0m
[34m2025-01-01 14:51:54,003 - DEBUG - Number of resource groups: 4[0m
[34m2025-01-01 14:51:54,003 - DEBUG - Number of resource hours needed per all treatment by RG(therapists): 38.3375[0m
[34m2025-01-01 14:51:54,003 - DEBUG - Number of resource hours needed per all treatment by RG(rooms): 74.50000000000004[0m
[34m2025-01-01 14:51:54,003 - DEBUG - Number of resource hours needed per all treatment by RG(physiotherapist): 26.0[0m
[34m2025-01-01 14:51:54,003 - DEBUG - Number of resource hours needed per all treatment by RG(sport_room): 18.9375[0m
[32m2025-01-01 14:51:54,004 - INFO - {'solver': 'LBBDSolver', 'args': {'break_symmetry': False, 'subsolver_cls': <class 'src.solvers.subsolvers.cp_subsolver.CPSubsolver'>, 'subsolver.store_results': True, 'subsolver.store_results_method': 'hash', 'use_helper_constraints': True, 'enforce_min_treatments_per_day': True, 'enforce_max_treatments_per_e_w': True, 'enforce_min_patients_per_treatment': True, 'log_to_console': True}}[0m
[34m2025-01-01 14:51:54,004 - DEBUG - Setting options: LBBDSolver[0m
[34m2025-01-01 14:51:54,004 - DEBUG -  ---- break_symmetry to False[0m
[34m2025-01-01 14:51:54,004 - DEBUG -  ---- subsolver_cls to <class 'src.solvers.subsolvers.cp_subsolver.CPSubsolver'>[0m
[34m2025-01-01 14:51:54,004 - DEBUG -  ---- use_helper_constraints to True[0m
[34m2025-01-01 14:51:54,004 - DEBUG -  ---- add_constraints_to_symmetric_days to True (default)[0m
[34m2025-01-01 14:51:54,004 - DEBUG - Setting options: Solver[0m
[34m2025-01-01 14:51:54,004 - DEBUG -  ---- number_of_threads to 4 (default)[0m
[34m2025-01-01 14:51:54,004 - DEBUG -  ---- treatment_value to 0 (default)[0m
[34m2025-01-01 14:51:54,004 - DEBUG -  ---- delay_value to 1 (default)[0m
[34m2025-01-01 14:51:54,004 - DEBUG -  ---- missing_treatment_value to 4 (default)[0m
[34m2025-01-01 14:51:54,004 - DEBUG -  ---- enforce_min_treatments_per_day to True[0m
[34m2025-01-01 14:51:54,004 - DEBUG -  ---- enforce_max_treatments_per_e_w to True[0m
[34m2025-01-01 14:51:54,004 - DEBUG -  ---- enforce_min_patients_per_treatment to True[0m
[34m2025-01-01 14:51:54,004 - DEBUG -  ---- log_to_console to True[0m
[34m2025-01-01 14:51:54,004 - DEBUG -  ---- log_to_file to True (default)[0m
[34m2025-01-01 14:51:54,004 - DEBUG -  ---- no_rel_heur_time to 1 (default)[0m
[34m2025-01-01 14:51:54,111 - DEBUG - Setting options: CPSubsolver[0m
[34m2025-01-01 14:51:54,111 - DEBUG -  ---- estimated_needed_treatments to True (default)[0m
[34m2025-01-01 14:51:54,111 - DEBUG -  ---- add_patient_symmetry to False (default)[0m
[34m2025-01-01 14:51:54,111 - DEBUG - Setting Subsolver options: SubSolver[0m
[34m2025-01-01 14:51:54,111 - DEBUG -  ---- store_results to True[0m
[34m2025-01-01 14:51:54,111 - DEBUG -  ---- store_results_method to hash[0m
[34m2025-01-01 14:51:54,111 - DEBUG -  ---- enforce_min_patients_per_treatment to True[0m
[34m2025-01-01 14:51:54,111 - DEBUG -  ---- use_day_symmetry to True (default)[0m
[32m2025-01-01 14:51:54,215 - INFO - Create model: LBBDSolver[0m
Set parameter TSPort to value 50039
Set parameter TokenServer to value "license.itc.rwth-aachen.de"
Set parameter Threads to value 4
Set parameter Cuts to value 0
Set parameter LazyConstraints to value 1
Set parameter NoRelHeurTime to value 1
[34m2025-01-01 14:51:55,754 - DEBUG - Variables created.[0m
[34m2025-01-01 14:52:00,432 - DEBUG - Constraint (not too many treatments) created.[0m
[34m2025-01-01 14:52:03,795 - DEBUG - Constraint (no_treatments_outside admittance) created.[0m
[34m2025-01-01 14:52:03,797 - DEBUG - Constraint (bed_usage) created.[0m
[34m2025-01-01 14:52:03,797 - DEBUG - Constraint (must be admitted) created.[0m
[34m2025-01-01 14:52:04,341 - DEBUG - Constraint (e_w_ub) created.[0m
[34m2025-01-01 14:52:04,510 - DEBUG - Constraint (day_ub) created.[0m
[34m2025-01-01 14:52:04,680 - DEBUG - Constraint (Day always) created.[0m
[34m2025-01-01 14:52:04,681 - DEBUG - Constraint (already_admitted) created.[0m
[32m2025-01-01 14:52:15,914 - INFO - Time to create model: 21.698[0m
[32m2025-01-01 14:52:15,914 - INFO - Solving model: LBBDSolver[0m
Gurobi Optimizer version 10.0.0 build v10.0.0rc2 (linux64)

CPU model: Intel(R) Xeon(R) Platinum 8468, instruction set [SSE2|AVX|AVX2|AVX512]
Thread count: 96 physical cores, 96 logical processors, using up to 4 threads

Optimize a model with 674190 rows, 281662 columns and 5705411 nonzeros
Model fingerprint: 0xfd5ffbe0
Variable types: 3 continuous, 281659 integer (281659 binary)
Coefficient statistics:
  Matrix range     [1e+00, 2e+01]
  Objective range  [1e+00, 1e+01]
  Bounds range     [1e+00, 1e+00]
  RHS range        [1e+00, 5e+03]
[32m2025-01-01 14:53:35,515 - INFO - d_prime: 7 d: 7[0m
[32m2025-01-01 14:53:35,519 - INFO - d_prime: 8 d: 7[0m
[32m2025-01-01 14:53:35,522 - INFO - d_prime: 9 d: 7[0m
[32m2025-01-01 14:53:35,526 - INFO - d_prime: 10 d: 7[0m
[32m2025-01-01 14:53:35,529 - INFO - d_prime: 11 d: 7[0m
[32m2025-01-01 14:53:35,532 - INFO - d_prime: 12 d: 7[0m
[32m2025-01-01 14:53:35,536 - INFO - d_prime: 13 d: 7[0m
[32m2025-01-01 14:53:35,537 - INFO - forbidden_vars: ([{0:1},{0:1},{1:1},{1:1},{3:1},{3:1},{3:1},{3:1},{4:1},{6:1},{6:1},{6:1},{0:1,1:1},{0:1,5:1},{1:1,6:1},{1:1,4:1},{1:1,3:1},{3:1,4:1},{3:1,4:1},{4:1,6:1},{0:3},{1:1,3:1,5:1},{3:2,4:1},{3:4}])[0m
[32m2025-01-01 14:53:35,537 - INFO - False[0m
Presolve removed 344034 rows and 5 columns (presolve time = 5s) ...
Presolve removed 346406 rows and 21 columns (presolve time = 10s) ...
Presolve added 0 rows and 4324 columns
Presolve removed 346246 rows and 0 columns
Presolve time: 12.76s
Presolved: 327944 rows, 285986 columns, 4299685 nonzeros
Variable types: 1 continuous, 285985 integer (283925 binary)
Starting NoRel heuristic
Found phase-1 solution: relaxation 54
Found phase-1 solution: relaxation 46
Found phase-1 solution: relaxation 37
Root relaxation presolved: 327158 rows, 285652 columns, 4123250 nonzeros

Deterministic concurrent LP optimizer: primal simplex, dual simplex, and barrier
Showing barrier log only...

Root barrier log...

Ordering time: 0.91s

Barrier statistics:
 Dense cols : 139
 AA' NZ     : 3.504e+05
 Factor NZ  : 1.817e+06 (roughly 26 MB of memory)
 Factor Ops : 7.952e+08 (less than 1 second per iteration)
 Threads    : 2

                  Objective                Residual
Iter       Primal          Dual         Primal    Dual     Compl     Time
   0  -5.36961480e+06 -3.02986552e+04  6.57e+04 1.29e+00  2.54e+02   128s
   1  -2.46462096e+06 -7.29339259e+04  3.02e+04 3.62e+00  1.13e+02   129s
   2  -1.54522110e+06 -1.06776552e+05  1.89e+04 1.23e-02  7.05e+01   129s
   3  -2.10438997e+05 -8.60951034e+04  2.58e+03 2.79e-02  1.10e+01   129s
   4  -9.27486805e+04 -5.14110925e+04  1.14e+03 8.46e-03  4.76e+00   129s
   5  -4.15624558e+04 -3.23485085e+04  5.17e+02 3.36e-03  2.23e+00   130s
   6  -1.05898737e+04 -1.84891142e+04  1.39e+02 1.41e-03  8.17e-01   130s
   7  -2.68437938e+03 -4.74045467e+03  4.29e+01 4.41e-04  2.11e-01   130s
   8   2.25378602e+02 -5.68915136e+02  7.51e+00 8.41e-05  4.24e-02   130s
   9   7.92238787e+02  2.11540594e+02  5.15e-01 8.30e-05  1.65e-02   131s

Barrier performed 9 iterations in 130.65 seconds (43.95 work units)
Barrier solve interrupted - model solved by another algorithm

Concurrent spin time: 0.63s (can be avoided by choosing Method=3)

Solved with dual simplex

Root simplex log...

Iteration    Objective       Primal Inf.    Dual Inf.      Time
    8013    8.3000000e+02   0.000000e+00   0.000000e+00    131s

Use crossover to convert LP symmetric solution to basic solution...

Root crossover log...

    1366 DPushes remaining with DInf 0.0000000e+00               132s
       0 DPushes remaining with DInf 0.0000000e+00               132s

   42844 PPushes remaining with PInf 0.0000000e+00               132s
       0 PPushes remaining with PInf 0.0000000e+00               133s

  Push phase complete: Pinf 0.0000000e+00, Dinf 1.0631901e+04    133s


Root simplex log...

Iteration    Objective       Primal Inf.    Dual Inf.      Time
   50866    8.3000000e+02   0.000000e+00   1.063190e+04    133s
   50877    8.3000000e+02   0.000000e+00   0.000000e+00    133s
   50877    8.3000000e+02   0.000000e+00   0.000000e+00    133s

Root relaxation: objective 8.300000e+02, 50877 iterations, 8.83 seconds (4.74 work units)

    Nodes    |    Current Node    |     Objective Bounds      |     Work
 Expl Unexpl |  Obj  Depth IntInf | Incumbent    BestBd   Gap | It/Node Time

     0     0  830.00000    0 6615          -  830.00000      -     -  171s
     0     0  830.00000    0 6615          -  830.00000      -     -  214s
[32m2025-01-01 15:04:26,625 - INFO - d_prime: 11 d: 12[0m
[32m2025-01-01 15:04:26,635 - INFO - d_prime: 12 d: 12[0m
[32m2025-01-01 15:04:26,643 - INFO - d_prime: 13 d: 12[0m
[32m2025-01-01 15:04:26,646 - INFO - forbidden_vars: ([{3:1},{6:1},{1:1,3:1},{1:1,3:1},{1:1,7:1},{1:2},{1:1,3:1},{1:1,3:1},{1:2},{3:1,6:1},{3:1,7:1},{3:1,7:1},{3:1,7:1},{3:1,4:1},{3:1,7:1},{6:1,7:1},{7:2},{1:2,6:1},{1:1,4:1,6:1},{1:3},{1:1,4:1,6:1},{1:2,3:1},{1:1,3:1,6:1},{1:2,4:1},{3:1,6:2},{3:3},{3:1,6:1,7:1},{4:2,6:1},{5:1,6:1,7:1},{6:1,7:2},{7:3},{1:1,4:1,5:1,7:1},{1:4},{1:1,3:1,6:2},{1:3,3:1},{1:3,3:1},{1:1,3:1,7:2},{3:2,7:2},{6:1,7:3},{1:3,4:1,6:1}])[0m
[32m2025-01-01 15:04:26,646 - INFO - False[0m
     0     2  830.00000    0 6615          -  830.00000      -     -  991s
     1     4  849.00000    1 3942          -  832.00000      - 80972 1195s
     3     8  849.00000    2 2446          -  832.00000      - 38083 1342s
     7    12  849.00000    3 2406          -  832.00000      - 20057 1348s
    11    16  849.00000    4 2372          -  832.00000      - 12823 1357s
    15    20  849.00000    5 2413          -  832.00000      -  9560 1360s
    23    31  849.00000    7 2384          -  832.00000      -  6396 1366s
    30    37  849.00000    9 1579          -  832.00000      -  5290 1396s
    36    59  849.00000   10 1549          -  832.00000      -  4465 1408s
    58    93  849.00000   17 1459          -  832.00000      -  2946 1425s
    92   136  849.00000   30 1347          -  832.00000      -  2042 1452s
   135   177  849.00000   46 1280          -  832.00000      -  1592 1488s
   176   243  849.00000   57 1046          -  832.00000      -  1434 1553s
   242   358  849.00000   79  834          -  832.00000      -  1201 1651s
   357   513  849.00000  129  423          -  832.00000      -   908 1737s
   512   717  849.00000  177  327          -  832.00000      -   690 1770s
   716   921  849.00000  226  232          -  832.00000      -   506 1791s
   920  1125  849.00000  277  225          -  832.00000      -   401 1809s
  1124  1327  849.00000  326  183          -  832.00000      -   332 1828s
  1328  1531  849.00000  375  182          -  832.00000      -   285 1849s
  1532  1733  849.00000  425  114          -  832.00000      -   252 1869s
  1736  1931  849.00000  475   75          -  832.00000      -   225 1892s
[32m2025-01-01 15:35:33,463 - INFO - d_prime: 11 d: 11[0m
[32m2025-01-01 15:35:33,469 - INFO - d_prime: 12 d: 11[0m
[32m2025-01-01 15:35:33,475 - INFO - d_prime: 13 d: 11[0m
[32m2025-01-01 15:35:33,478 - INFO - forbidden_vars: ([{3:1},{4:1},{5:1},{5:1},{6:1},{7:1},{0:1,1:1},{0:1,7:1},{0:1,6:1},{0:1,3:1},{1:2},{1:2},{1:1,4:1},{1:2},{1:1,6:1},{3:2},{4:2},{4:1,6:1},{4:2},{5:1,6:1},{5:1,6:1},{7:2},{7:2},{7:2},{0:1,4:1,6:1},{0:1,1:1,6:1},{0:1,3:1,4:1},{1:2,6:1},{1:2,4:1},{1:2,4:1},{1:2,5:1},{3:1,7:2},{4:1,6:2},{5:1,7:2},{5:1,6:2},{6:1,7:2},{6:3},{7:3},{7:4}])[0m
[32m2025-01-01 15:35:33,479 - INFO - False[0m
[32m2025-01-01 15:35:52,918 - INFO - d_prime: 11 d: 12[0m
[32m2025-01-01 15:35:52,927 - INFO - d_prime: 12 d: 12[0m
[32m2025-01-01 15:35:52,936 - INFO - d_prime: 13 d: 12[0m
[32m2025-01-01 15:35:52,940 - INFO - forbidden_vars: ([{4:1},{6:1},{6:1},{7:1},{7:1},{0:1,6:1},{1:1,4:1},{1:2},{1:2},{3:1,4:1},{4:1,6:1},{6:1,7:1},{0:1,1:2},{1:2,6:1},{1:1,3:1,4:1},{1:3},{1:2,3:1},{1:2,7:1},{1:1,4:1,6:1},{1:1,3:2},{1:3},{1:1,3:2},{1:1,3:1,6:1},{1:2,4:1},{3:2,4:1},{3:2,4:1},{3:1,6:1,7:1},{3:1,4:1,7:1},{4:2,7:1},{4:1,7:2},{6:1,7:2},{1:1,3:1,4:2},{1:3,7:1},{1:1,4:3},{1:1,4:3},{1:1,3:1,4:2},{3:1,7:3},{4:2,7:2},{7:4},{1:1,4:3,6:1}])[0m
[32m2025-01-01 15:35:52,940 - INFO - False[0m
