1.NAME: LBBDSolver
2.PARAMS: {'break_symmetry': True, 'add_constraints_to_symmetrc_days': False, 'subsolver_cls': 'CPSubSolver2'}
3.INSTANCE: /home/wx350715/Kobra/rehabiliation-admission-scheduling/data/comp_study_002/instance_2_30.txt
4.REPETITION: 1
Current directory: /home/wx350715/Kobra/rehabiliation-admission-scheduling
[34m2025-01-01 14:45:31,989 - DEBUG - Solver: <class 'src.solvers.benders.LBBDSolver'>[0m
[34m2025-01-01 14:45:31,989 - DEBUG - Args: {'break_symmetry': True, 'add_constraints_to_symmetrc_days': False, 'subsolver_cls': 'CPSubSolver2'}[0m
[34m2025-01-01 14:45:31,989 - DEBUG - File path /home/wx350715/Kobra/rehabiliation-admission-scheduling/data/comp_study_002/instance_2_30.txt[0m
[34m2025-01-01 14:45:31,990 - DEBUG - ADD INSTANCE DATA[0m
[34m2025-01-01 14:45:31,990 - DEBUG - ADD INSTANCE DATA[0m
[34m2025-01-01 14:45:31,990 - DEBUG - ADD INSTANCE DATA[0m
[34m2025-01-01 14:45:31,990 - DEBUG - ADD INSTANCE DATA[0m
[34m2025-01-01 14:45:31,990 - DEBUG - ADD INSTANCE DATA[0m
[34m2025-01-01 14:45:31,990 - DEBUG - ADD INSTANCE DATA[0m
[34m2025-01-01 14:45:31,990 - DEBUG - ADD INSTANCE DATA[0m
[34m2025-01-01 14:45:31,990 - DEBUG - ADD INSTANCE DATA[0m
[34m2025-01-01 14:45:31,990 - DEBUG - ADD INSTANCE DATA[0m
[34m2025-01-01 14:45:31,990 - DEBUG - ADD INSTANCE DATA[0m
[34m2025-01-01 14:45:31,990 - DEBUG - ADD INSTANCE DATA[0m
[34m2025-01-01 14:45:31,990 - DEBUG - ADD RESOURCE_GROUPS[0m
[34m2025-01-01 14:45:31,990 - DEBUG - ADD RESOURCE_GROUPS[0m
[34m2025-01-01 14:45:31,990 - DEBUG - ADD RESOURCE_GROUPS[0m
[34m2025-01-01 14:45:31,990 - DEBUG - ADD RESOURCE_GROUPS[0m
[34m2025-01-01 14:45:31,990 - DEBUG - ADD RESOURCE_GROUPS[0m
[34m2025-01-01 14:45:31,990 - DEBUG - ADD RESOURCES[0m
[34m2025-01-01 14:45:31,991 - DEBUG - ADD RESOURCES[0m
[34m2025-01-01 14:45:31,991 - DEBUG - ADD RESOURCES[0m
[34m2025-01-01 14:45:31,991 - DEBUG - ADD RESOURCES[0m
[34m2025-01-01 14:45:31,991 - DEBUG - ADD RESOURCES[0m
[34m2025-01-01 14:45:31,991 - DEBUG - ADD RESOURCES[0m
[34m2025-01-01 14:45:31,991 - DEBUG - ADD RESOURCES[0m
[34m2025-01-01 14:45:31,991 - DEBUG - ADD RESOURCES[0m
[34m2025-01-01 14:45:31,991 - DEBUG - ADD RESOURCES[0m
[34m2025-01-01 14:45:31,991 - DEBUG - ADD RESOURCES[0m
[34m2025-01-01 14:45:31,991 - DEBUG - ADD TREATMENTS[0m
[34m2025-01-01 14:45:31,991 - DEBUG - ADD TREATMENTS[0m
[34m2025-01-01 14:45:31,992 - DEBUG - ADD TREATMENTS[0m
[34m2025-01-01 14:45:31,992 - DEBUG - ADD TREATMENTS[0m
[34m2025-01-01 14:45:31,992 - DEBUG - ADD TREATMENTS[0m
[34m2025-01-01 14:45:31,992 - DEBUG - ADD TREATMENTS[0m
[34m2025-01-01 14:45:31,992 - DEBUG - ADD TREATMENTS[0m
[34m2025-01-01 14:45:31,992 - DEBUG - ADD TREATMENTS[0m
[34m2025-01-01 14:45:31,992 - DEBUG - ADD TREATMENTS[0m
[34m2025-01-01 14:45:31,992 - DEBUG - ADD TREATMENTS[0m
[34m2025-01-01 14:45:31,992 - DEBUG - ADD PATIENTS[0m
[34m2025-01-01 14:45:31,992 - DEBUG - ADD PATIENTS[0m
[34m2025-01-01 14:45:31,993 - DEBUG - ADD PATIENTS[0m
[34m2025-01-01 14:45:31,993 - DEBUG - ADD PATIENTS[0m
[34m2025-01-01 14:45:31,993 - DEBUG - ADD PATIENTS[0m
[34m2025-01-01 14:45:31,993 - DEBUG - ADD PATIENTS[0m
[34m2025-01-01 14:45:31,993 - DEBUG - ADD PATIENTS[0m
[34m2025-01-01 14:45:31,993 - DEBUG - ADD PATIENTS[0m
[34m2025-01-01 14:45:31,993 - DEBUG - ADD PATIENTS[0m
[34m2025-01-01 14:45:31,993 - DEBUG - ADD PATIENTS[0m
[34m2025-01-01 14:45:31,993 - DEBUG - ADD PATIENTS[0m
[34m2025-01-01 14:45:31,993 - DEBUG - ADD PATIENTS[0m
[34m2025-01-01 14:45:31,994 - DEBUG - ADD PATIENTS[0m
[34m2025-01-01 14:45:31,994 - DEBUG - ADD PATIENTS[0m
[34m2025-01-01 14:45:31,994 - DEBUG - ADD PATIENTS[0m
[34m2025-01-01 14:45:31,994 - DEBUG - ADD PATIENTS[0m
[34m2025-01-01 14:45:31,994 - DEBUG - ADD PATIENTS[0m
[34m2025-01-01 14:45:31,994 - DEBUG - ADD PATIENTS[0m
[34m2025-01-01 14:45:31,994 - DEBUG - ADD PATIENTS[0m
[34m2025-01-01 14:45:31,994 - DEBUG - ADD PATIENTS[0m
[34m2025-01-01 14:45:31,995 - DEBUG - ADD PATIENTS[0m
[34m2025-01-01 14:45:31,995 - DEBUG - ADD PATIENTS[0m
[34m2025-01-01 14:45:31,996 - DEBUG - ADD PATIENTS[0m
[34m2025-01-01 14:45:31,996 - DEBUG - ADD PATIENTS[0m
[34m2025-01-01 14:45:31,996 - DEBUG - ADD PATIENTS[0m
[34m2025-01-01 14:45:31,996 - DEBUG - ADD PATIENTS[0m
[34m2025-01-01 14:45:31,996 - DEBUG - ADD PATIENTS[0m
[34m2025-01-01 14:45:31,996 - DEBUG - ADD PATIENTS[0m
[34m2025-01-01 14:45:31,996 - DEBUG - ADD PATIENTS[0m
[34m2025-01-01 14:45:31,996 - DEBUG - ADD PATIENTS[0m
[34m2025-01-01 14:45:31,996 - DEBUG - ADD PATIENTS[0m
[34m2025-01-01 14:45:31,996 - DEBUG - ADD PATIENTS[0m
[34m2025-01-01 14:45:31,997 - DEBUG - ADD PATIENTS[0m
[34m2025-01-01 14:45:31,997 - DEBUG - ADD PATIENTS[0m
[34m2025-01-01 14:45:31,997 - DEBUG - ADD PATIENTS[0m
[34m2025-01-01 14:45:31,997 - DEBUG - ADD PATIENTS[0m
[34m2025-01-01 14:45:31,997 - DEBUG - ADD PATIENTS[0m
[34m2025-01-01 14:45:31,997 - DEBUG - ADD PATIENTS[0m
[34m2025-01-01 14:45:31,997 - DEBUG - ADD PATIENTS[0m
[34m2025-01-01 14:45:31,997 - DEBUG - ADD PATIENTS[0m
[34m2025-01-01 14:45:31,998 - DEBUG - Instance data:[0m
[34m2025-01-01 14:45:31,998 - DEBUG - Number of patients: 40[0m
[34m2025-01-01 14:45:31,998 - DEBUG - Number of beds: 40[0m
[34m2025-01-01 14:45:31,998 - DEBUG - Average number of treatments per patient: 24.5[0m
[34m2025-01-01 14:45:31,998 - DEBUG - Average number of treatment per stayed day: 1.3611111111111112[0m
[34m2025-01-01 14:45:31,998 - DEBUG - Number of treatments: 980[0m
[34m2025-01-01 14:45:31,998 - DEBUG - Number of resources: 10[0m
[34m2025-01-01 14:45:31,998 - DEBUG - Number of resource groups: 5[0m
[34m2025-01-01 14:45:31,998 - DEBUG - Number of resource hours needed per all treatment by RG(rooms): 52.50000000000001[0m
[34m2025-01-01 14:45:31,998 - DEBUG - Number of resource hours needed per all treatment by RG(physiotherapist): 20.0[0m
[34m2025-01-01 14:45:31,998 - DEBUG - Number of resource hours needed per all treatment by RG(therapists): 24.374999999999986[0m
[34m2025-01-01 14:45:31,998 - DEBUG - Number of resource hours needed per all treatment by RG(sport_room): 11.875[0m
[34m2025-01-01 14:45:31,998 - DEBUG - Number of resource hours needed per all treatment by RG(language_therapist): 1.4999999999999998[0m
[32m2025-01-01 14:45:31,998 - INFO - {'solver': 'LBBDSolver', 'args': {'break_symmetry': False, 'subsolver_cls': <class 'src.solvers.subsolvers.cp_subsolver.CPSubsolver'>, 'subsolver.store_results': True, 'subsolver.store_results_method': 'hash', 'use_helper_constraints': True, 'enforce_min_treatments_per_day': True, 'enforce_max_treatments_per_e_w': True, 'enforce_min_patients_per_treatment': True, 'log_to_console': True}}[0m
[34m2025-01-01 14:45:31,998 - DEBUG - Setting options: LBBDSolver[0m
[34m2025-01-01 14:45:31,998 - DEBUG -  ---- break_symmetry to False[0m
[34m2025-01-01 14:45:31,998 - DEBUG -  ---- subsolver_cls to <class 'src.solvers.subsolvers.cp_subsolver.CPSubsolver'>[0m
[34m2025-01-01 14:45:31,998 - DEBUG -  ---- use_helper_constraints to True[0m
[34m2025-01-01 14:45:31,998 - DEBUG -  ---- add_constraints_to_symmetric_days to True (default)[0m
[34m2025-01-01 14:45:31,998 - DEBUG - Setting options: Solver[0m
[34m2025-01-01 14:45:31,998 - DEBUG -  ---- number_of_threads to 4 (default)[0m
[34m2025-01-01 14:45:31,999 - DEBUG -  ---- treatment_value to 0 (default)[0m
[34m2025-01-01 14:45:31,999 - DEBUG -  ---- delay_value to 1 (default)[0m
[34m2025-01-01 14:45:31,999 - DEBUG -  ---- missing_treatment_value to 4 (default)[0m
[34m2025-01-01 14:45:31,999 - DEBUG -  ---- enforce_min_treatments_per_day to True[0m
[34m2025-01-01 14:45:31,999 - DEBUG -  ---- enforce_max_treatments_per_e_w to True[0m
[34m2025-01-01 14:45:31,999 - DEBUG -  ---- enforce_min_patients_per_treatment to True[0m
[34m2025-01-01 14:45:31,999 - DEBUG -  ---- log_to_console to True[0m
[34m2025-01-01 14:45:31,999 - DEBUG -  ---- log_to_file to True (default)[0m
[34m2025-01-01 14:45:31,999 - DEBUG -  ---- no_rel_heur_time to 1 (default)[0m
[34m2025-01-01 14:45:32,017 - DEBUG - Setting options: CPSubsolver[0m
[34m2025-01-01 14:45:32,017 - DEBUG -  ---- estimated_needed_treatments to True (default)[0m
[34m2025-01-01 14:45:32,017 - DEBUG -  ---- add_patient_symmetry to False (default)[0m
[34m2025-01-01 14:45:32,017 - DEBUG - Setting Subsolver options: SubSolver[0m
[34m2025-01-01 14:45:32,017 - DEBUG -  ---- store_results to True[0m
[34m2025-01-01 14:45:32,017 - DEBUG -  ---- store_results_method to hash[0m
[34m2025-01-01 14:45:32,017 - DEBUG -  ---- enforce_min_patients_per_treatment to True[0m
[34m2025-01-01 14:45:32,017 - DEBUG -  ---- use_day_symmetry to True (default)[0m
[32m2025-01-01 14:45:32,032 - INFO - Create model: LBBDSolver[0m
Set parameter TSPort to value 50039
Set parameter TokenServer to value "license.itc.rwth-aachen.de"
Set parameter Threads to value 4
Set parameter Cuts to value 0
Set parameter LazyConstraints to value 1
Set parameter NoRelHeurTime to value 1
[34m2025-01-01 14:45:32,399 - DEBUG - Variables created.[0m
[34m2025-01-01 14:45:33,740 - DEBUG - Constraint (not too many treatments) created.[0m
[34m2025-01-01 14:45:34,695 - DEBUG - Constraint (no_treatments_outside admittance) created.[0m
[34m2025-01-01 14:45:34,697 - DEBUG - Constraint (bed_usage) created.[0m
[34m2025-01-01 14:45:34,697 - DEBUG - Constraint (must be admitted) created.[0m
[34m2025-01-01 14:45:34,829 - DEBUG - Constraint (e_w_ub) created.[0m
[34m2025-01-01 14:45:34,869 - DEBUG - Constraint (day_ub) created.[0m
[34m2025-01-01 14:45:34,910 - DEBUG - Constraint (Day always) created.[0m
[34m2025-01-01 14:45:34,910 - DEBUG - Constraint (already_admitted) created.[0m
[32m2025-01-01 14:45:37,182 - INFO - Time to create model: 5.15[0m
[32m2025-01-01 14:45:37,183 - INFO - Solving model: LBBDSolver[0m
Gurobi Optimizer version 10.0.0 build v10.0.0rc2 (linux64)

CPU model: Intel(R) Xeon(R) Platinum 8468, instruction set [SSE2|AVX|AVX2|AVX512]
Thread count: 96 physical cores, 96 logical processors, using up to 4 threads

Optimize a model with 204717 rows, 79045 columns and 1559765 nonzeros
Model fingerprint: 0xbf2d3a2d
Variable types: 3 continuous, 79042 integer (79042 binary)
Coefficient statistics:
  Matrix range     [1e+00, 1e+01]
  Objective range  [1e+00, 1e+01]
  Bounds range     [1e+00, 1e+00]
  RHS range        [1e+00, 4e+03]
Presolve added 0 rows and 636 columns
Presolve removed 95502 rows and 0 columns
Presolve time: 2.65s
Presolved: 109215 rows, 79681 columns, 1216712 nonzeros
Variable types: 1 continuous, 79680 integer (79025 binary)
Starting NoRel heuristic
Found heuristic solution: objective 2890.0000000
Elapsed time for NoRel heuristic: 9s (best bound -303920)
Root relaxation presolved: 108976 rows, 79920 columns, 1167933 nonzeros

Deterministic concurrent LP optimizer: primal simplex, dual simplex, and barrier
Showing barrier log only...

Root barrier log...

Ordering time: 0.46s

Barrier statistics:
 Dense cols : 90
 AA' NZ     : 2.299e+05
 Factor NZ  : 1.367e+06 (roughly 18 MB of memory)
 Factor Ops : 6.187e+08 (less than 1 second per iteration)
 Threads    : 2

                  Objective                Residual
Iter       Primal          Dual         Primal    Dual     Compl     Time
   0  -2.79579450e+06 -2.53347783e+04  3.78e+04 2.59e+00  3.81e+02    16s
   1  -1.49817552e+06 -5.42805820e+04  2.02e+04 2.10e+00  2.00e+02    16s

Barrier performed 1 iterations in 16.43 seconds (9.16 work units)
Barrier solve interrupted - model solved by another algorithm

Concurrent spin time: 0.22s (can be avoided by choosing Method=3)

Solved with dual simplex

Root simplex log...

Iteration    Objective       Primal Inf.    Dual Inf.      Time
    3933    1.3000000e+03   0.000000e+00   0.000000e+00     16s

Use crossover to convert LP symmetric solution to basic solution...

Root crossover log...

       0 DPushes remaining with DInf 0.0000000e+00                17s

   13974 PPushes remaining with PInf 0.0000000e+00                17s
       0 PPushes remaining with PInf 0.0000000e+00                18s

  Push phase complete: Pinf 0.0000000e+00, Dinf 6.0884631e-13     18s


Root simplex log...

Iteration    Objective       Primal Inf.    Dual Inf.      Time
   17916    1.3000000e+03   0.000000e+00   0.000000e+00     18s
   17916    1.3000000e+03   0.000000e+00   0.000000e+00     18s

Root relaxation: objective 1.300000e+03, 17916 iterations, 2.66 seconds (0.87 work units)
Total elapsed time = 26.75s
Total elapsed time = 31.68s
[32m2025-01-01 14:46:48,026 - INFO - d_prime: 11 d: 13[0m
[32m2025-01-01 14:46:48,030 - INFO - d_prime: 12 d: 13[0m
[32m2025-01-01 14:46:48,033 - INFO - d_prime: 13 d: 13[0m
[32m2025-01-01 14:46:48,035 - INFO - forbidden_vars: ([{4:1},{5:1},{7:1},{8:1},{0:1,4:1},{0:1,1:1},{0:1,2:1},{0:2},{1:1,5:1},{1:1,5:1},{2:1,4:1},{2:1,3:1},{2:1,4:1},{2:1,5:1},{2:1,7:1},{2:1,5:1},{3:1,5:1},{3:1,4:1},{3:1,8:1},{3:1,8:1},{3:1,8:1},{4:2},{4:1,5:1},{4:1,5:1},{5:1,7:1},{5:2},{5:1,7:1},{5:1,7:1},{5:2},{5:1,8:1},{5:2},{5:1,8:1},{5:2},{5:1,7:1},{7:2},{7:2},{7:2},{8:2},{8:2},{8:2}])[0m
[32m2025-01-01 14:46:48,035 - INFO - False[0m

    Nodes    |    Current Node    |     Objective Bounds      |     Work
 Expl Unexpl |  Obj  Depth IntInf | Incumbent    BestBd   Gap | It/Node Time

     0     0 1300.00000    0    - 2890.00000 1300.00000  55.0%     -   71s
     0     0 1300.00000    0   10 2890.00000 1300.00000  55.0%     -   71s
[32m2025-01-01 14:46:57,872 - INFO - d_prime: 11 d: 13[0m
[32m2025-01-01 14:46:57,874 - INFO - d_prime: 12 d: 13[0m
[32m2025-01-01 14:46:57,877 - INFO - d_prime: 13 d: 13[0m
[32m2025-01-01 14:46:57,879 - INFO - forbidden_vars: ([{4:1},{5:1},{7:1},{8:1},{0:1,4:1},{0:1,1:1},{0:1,2:1},{0:2},{1:1,5:1},{1:1,5:1},{2:1,4:1},{2:1,3:1},{2:1,4:1},{2:1,5:1},{2:1,7:1},{2:1,5:1},{3:1,5:1},{3:1,4:1},{3:1,8:1},{3:1,8:1},{3:1,5:1},{4:2},{4:1,5:1},{5:1,7:1},{5:2},{5:1,7:1},{5:1,7:1},{5:2},{5:1,8:1},{5:2},{5:1,8:1},{5:2},{5:1,7:1},{7:2},{7:2},{7:2},{8:2},{8:2},{8:2},{8:2}])[0m
[32m2025-01-01 14:46:57,879 - INFO - False[0m
     0     0 1300.00000    0   10 2890.00000 1300.00000  55.0%     -   80s
[32m2025-01-01 14:47:06,617 - INFO - d_prime: 11 d: 13[0m
[32m2025-01-01 14:47:06,620 - INFO - d_prime: 12 d: 13[0m
[32m2025-01-01 14:47:06,623 - INFO - d_prime: 13 d: 13[0m
[32m2025-01-01 14:47:06,625 - INFO - forbidden_vars: ([{4:1},{5:1},{7:1},{8:1},{0:1,4:1},{0:1,1:1},{0:1,2:1},{0:2},{1:1,5:1},{1:1,5:1},{2:1,4:1},{2:1,3:1},{2:1,4:1},{2:1,5:1},{2:1,7:1},{2:1,5:1},{3:1,5:1},{3:1,4:1},{3:1,8:1},{3:1,8:1},{3:1,4:1},{4:2},{4:1,5:1},{5:1,7:1},{5:2},{5:1,7:1},{5:1,7:1},{5:2},{5:1,8:1},{5:2},{5:1,8:1},{5:2},{5:1,7:1},{7:2},{7:2},{7:2},{8:2},{8:2},{8:2},{8:2}])[0m
[32m2025-01-01 14:47:06,625 - INFO - False[0m
[32m2025-01-01 14:47:13,545 - INFO - d_prime: 11 d: 13[0m
[32m2025-01-01 14:47:13,548 - INFO - d_prime: 12 d: 13[0m
[32m2025-01-01 14:47:13,551 - INFO - d_prime: 13 d: 13[0m
[32m2025-01-01 14:47:13,554 - INFO - forbidden_vars: ([{4:1},{5:1},{7:1},{8:1},{0:1,4:1},{0:1,1:1},{0:1,2:1},{0:2},{1:1,5:1},{1:1,5:1},{2:1,4:1},{2:1,3:1},{2:1,4:1},{2:1,5:1},{2:1,7:1},{2:1,5:1},{3:1,5:1},{3:1,4:1},{3:1,8:1},{3:1,8:1},{4:2},{4:1,5:1},{4:1,5:1},{5:1,7:1},{5:2},{5:1,7:1},{5:1,7:1},{5:2},{5:1,8:1},{5:2},{5:1,8:1},{5:2},{5:1,7:1},{7:2},{7:2},{7:2},{8:2},{8:2},{8:2},{8:2}])[0m
[32m2025-01-01 14:47:13,554 - INFO - False[0m
     0     0 1300.00000    0   10 2890.00000 1300.00000  55.0%     -   96s
[32m2025-01-01 14:47:20,842 - INFO - d_prime: 11 d: 13[0m
[32m2025-01-01 14:47:20,845 - INFO - d_prime: 12 d: 13[0m
[32m2025-01-01 14:47:20,848 - INFO - d_prime: 13 d: 13[0m
[32m2025-01-01 14:47:20,850 - INFO - forbidden_vars: ([{4:1},{5:1},{7:1},{7:1},{8:1},{0:1,4:1},{0:1,1:1},{0:1,2:1},{0:2},{1:1,5:1},{1:1,5:1},{2:1,4:1},{2:1,3:1},{2:1,4:1},{2:1,5:1},{2:1,5:1},{3:1,5:1},{3:1,4:1},{3:1,8:1},{3:1,8:1},{3:1,4:1},{4:2},{4:1,5:1},{5:1,7:1},{5:2},{5:1,7:1},{5:1,7:1},{5:2},{5:1,8:1},{5:2},{5:1,8:1},{5:2},{5:1,7:1},{7:2},{7:2},{7:2},{8:2},{8:2},{8:2},{8:2}])[0m
[32m2025-01-01 14:47:20,850 - INFO - False[0m
[32m2025-01-01 14:47:27,574 - INFO - d_prime: 11 d: 13[0m
[32m2025-01-01 14:47:27,577 - INFO - d_prime: 12 d: 13[0m
[32m2025-01-01 14:47:27,579 - INFO - d_prime: 13 d: 13[0m
[32m2025-01-01 14:47:27,581 - INFO - forbidden_vars: ([{4:1},{4:1},{5:1},{7:1},{8:1},{0:1,4:1},{0:1,1:1},{0:1,2:1},{0:2},{1:1,5:1},{1:1,5:1},{2:1,3:1},{2:1,4:1},{2:1,5:1},{2:1,7:1},{2:1,5:1},{3:1,5:1},{3:1,4:1},{3:1,8:1},{3:1,8:1},{3:1,4:1},{4:2},{4:1,5:1},{5:1,7:1},{5:2},{5:1,7:1},{5:1,7:1},{5:2},{5:1,8:1},{5:2},{5:1,8:1},{5:2},{5:1,7:1},{7:2},{7:2},{7:2},{8:2},{8:2},{8:2},{8:2}])[0m
[32m2025-01-01 14:47:27,582 - INFO - False[0m
     0     0 1300.00000    0   10 2890.00000 1300.00000  55.0%     -  110s
[32m2025-01-01 14:56:58,803 - INFO - d_prime: 11 d: 12[0m
[32m2025-01-01 14:56:58,806 - INFO - d_prime: 12 d: 12[0m
[32m2025-01-01 14:56:58,808 - INFO - d_prime: 13 d: 12[0m
[32m2025-01-01 14:56:58,811 - INFO - forbidden_vars: ([{2:1},{4:1},{5:1},{6:1},{6:1},{8:1},{1:1,7:1},{1:2},{2:1,4:1},{2:2},{2:1,4:1},{2:2},{2:1,4:1},{2:2},{2:1,6:1},{2:1,6:1},{2:1,5:1},{2:1,4:1},{2:1,4:1},{2:1,5:1},{2:1,6:1},{3:1,4:1},{3:1,8:1},{3:2},{4:1,9:1},{4:1,9:1},{4:1,6:1},{5:1,6:1},{5:1,8:1},{5:1,9:1},{6:1,7:1},{6:2},{6:2},{6:2},{6:1,7:1},{6:1,8:1},{8:2},{8:2},{8:2},{8:2}])[0m
[32m2025-01-01 14:56:58,811 - INFO - False[0m
[32m2025-01-01 14:57:07,451 - INFO - d_prime: 11 d: 13[0m
[32m2025-01-01 14:57:07,454 - INFO - d_prime: 12 d: 13[0m
[32m2025-01-01 14:57:07,458 - INFO - d_prime: 13 d: 13[0m
[32m2025-01-01 14:57:07,460 - INFO - forbidden_vars: ([{4:1},{4:1},{5:1},{5:1},{5:1},{5:1},{7:1},{8:1},{0:1,5:1},{0:1,5:1},{1:1,5:1},{1:1,5:1},{1:1,5:1},{2:1,4:1},{2:1,3:1},{2:1,4:1},{2:1,5:1},{2:1,7:1},{2:1,4:1},{3:1,5:1},{3:1,4:1},{3:1,5:1},{3:1,8:1},{3:1,8:1},{4:2},{4:1,5:1},{5:1,7:1},{5:2},{5:1,7:1},{5:1,7:1},{5:2},{5:1,8:1},{5:1,8:1},{5:1,7:1},{7:2},{7:2},{7:2},{8:2},{8:2},{8:2}])[0m
[32m2025-01-01 14:57:07,460 - INFO - False[0m
     0     0 1300.00000    0   10 2890.00000 1300.00000  55.0%     -  690s
[32m2025-01-01 14:57:50,552 - INFO - d_prime: 11 d: 13[0m
[32m2025-01-01 14:57:50,555 - INFO - d_prime: 12 d: 13[0m
[32m2025-01-01 14:57:50,558 - INFO - d_prime: 13 d: 13[0m
[32m2025-01-01 14:57:50,560 - INFO - forbidden_vars: ([{0:1},{2:1},{4:1},{5:1},{7:1},{8:1},{0:1,2:1},{0:1,4:1},{0:1,1:1},{1:1,5:1},{1:1,5:1},{2:1,4:1},{2:1,3:1},{2:1,4:1},{2:1,5:1},{2:1,4:1},{3:1,5:1},{3:1,4:1},{3:1,5:1},{3:1,5:1},{4:2},{4:1,5:1},{4:1,7:1},{5:1,7:1},{5:2},{5:1,7:1},{5:1,7:1},{5:2},{5:1,8:1},{5:1,8:1},{5:1,8:1},{5:1,8:1},{5:2},{5:2},{7:2},{7:2},{7:2},{8:2},{8:2},{8:2}])[0m
[32m2025-01-01 14:57:50,560 - INFO - False[0m
     0     0 1300.00000    0   10 2890.00000 1300.00000  55.0%     -  733s
[32m2025-01-01 14:58:30,992 - INFO - d_prime: 11 d: 13[0m
[32m2025-01-01 14:58:30,995 - INFO - d_prime: 12 d: 13[0m
[32m2025-01-01 14:58:30,998 - INFO - d_prime: 13 d: 13[0m
[32m2025-01-01 14:58:31,000 - INFO - forbidden_vars: ([{0:1},{0:1},{3:1},{4:1},{5:1},{5:1},{7:1},{8:1},{0:1,4:1},{0:1,5:1},{1:1,5:1},{1:1,5:1},{1:1,5:1},{2:1,4:1},{2:1,3:1},{2:1,4:1},{2:1,5:1},{2:1,5:1},{3:1,5:1},{3:1,4:1},{3:1,8:1},{3:1,8:1},{4:2},{4:1,5:1},{5:1,7:1},{5:2},{5:1,7:1},{5:1,7:1},{5:2},{5:1,8:1},{5:1,8:1},{5:1,8:1},{5:1,7:1},{5:2},{7:2},{7:2},{7:2},{8:2},{8:2},{8:2}])[0m
[32m2025-01-01 14:58:31,000 - INFO - False[0m
     0     0 1300.00000    0   10 2890.00000 1300.00000  55.0%     -  773s
[32m2025-01-01 14:59:05,908 - INFO - d_prime: 11 d: 13[0m
[32m2025-01-01 14:59:05,911 - INFO - d_prime: 12 d: 13[0m
[32m2025-01-01 14:59:05,913 - INFO - d_prime: 13 d: 13[0m
[32m2025-01-01 14:59:05,916 - INFO - forbidden_vars: ([{1:1},{4:1},{5:1},{5:1},{7:1},{0:1,4:1},{0:2},{0:2},{0:1,5:1},{1:1,5:1},{1:1,5:1},{2:1,4:1},{2:1,3:1},{2:1,4:1},{2:1,5:1},{2:1,3:1},{2:1,4:1},{3:1,5:1},{3:1,4:1},{3:1,8:1},{3:1,8:1},{4:2},{4:1,5:1},{5:1,7:1},{5:2},{5:1,7:1},{5:1,7:1},{5:2},{5:1,8:1},{5:1,8:1},{5:2},{5:1,8:1},{5:2},{5:1,7:1},{7:2},{7:2},{7:2},{8:2},{8:2},{8:2}])[0m
[32m2025-01-01 14:59:05,916 - INFO - False[0m
     0     0 1300.00000    0   10 2890.00000 1300.00000  55.0%     -  808s
[32m2025-01-01 14:59:55,619 - INFO - d_prime: 11 d: 13[0m
[32m2025-01-01 14:59:55,622 - INFO - d_prime: 12 d: 13[0m
[32m2025-01-01 14:59:55,625 - INFO - d_prime: 13 d: 13[0m
[32m2025-01-01 14:59:55,627 - INFO - forbidden_vars: ([{3:1},{4:1},{5:1},{5:1},{7:1},{7:1},{0:1,2:1},{0:1,5:1},{0:2},{0:2},{0:1,4:1},{1:1,5:1},{1:1,5:1},{1:1,5:1},{2:1,4:1},{2:1,3:1},{2:1,4:1},{2:1,5:1},{3:1,5:1},{3:1,4:1},{3:1,8:1},{3:1,8:1},{4:2},{4:1,5:1},{4:2},{5:1,7:1},{5:2},{5:1,7:1},{5:1,7:1},{5:2},{5:1,8:1},{5:1,8:1},{5:1,8:1},{5:1,8:1},{5:1,8:1},{5:1,7:1},{7:2},{7:2},{7:2},{8:2}])[0m
[32m2025-01-01 14:59:55,627 - INFO - False[0m
     0     0 1300.00000    0   10 2890.00000 1300.00000  55.0%     -  858s
H    0     0                    2452.0000000 1300.00000  47.0%     -  889s
[32m2025-01-01 15:00:36,053 - INFO - d_prime: 11 d: 13[0m
[32m2025-01-01 15:00:36,056 - INFO - d_prime: 12 d: 13[0m
[32m2025-01-01 15:00:36,059 - INFO - d_prime: 13 d: 13[0m
[32m2025-01-01 15:00:36,061 - INFO - forbidden_vars: ([{1:1},{4:1},{7:1},{8:1},{0:1,4:1},{0:1,4:1},{0:1,2:1},{0:2},{1:1,5:1},{1:1,5:1},{2:1,4:1},{2:1,3:1},{2:1,4:1},{2:1,5:1},{2:1,7:1},{2:1,5:1},{3:1,5:1},{3:1,4:1},{3:1,8:1},{3:1,8:1},{3:1,8:1},{4:2},{4:1,5:1},{4:1,5:1},{5:1,7:1},{5:2},{5:1,7:1},{5:1,7:1},{5:2},{5:1,8:1},{5:2},{5:1,8:1},{5:2},{5:1,7:1},{7:2},{7:2},{7:2},{8:2},{8:2},{8:2}])[0m
[32m2025-01-01 15:00:36,061 - INFO - False[0m
     0     0 1300.00000    0    - 2452.00000 1300.00000  47.0%     -  899s
     0     0 1300.00000    0   12 2452.00000 1300.00000  47.0%     -  899s
[32m2025-01-01 15:01:25,316 - INFO - d_prime: 11 d: 13[0m
[32m2025-01-01 15:01:25,319 - INFO - d_prime: 12 d: 13[0m
[32m2025-01-01 15:01:25,321 - INFO - d_prime: 13 d: 13[0m
[32m2025-01-01 15:01:25,324 - INFO - forbidden_vars: ([{4:1},{5:1},{5:1},{7:1},{8:1},{8:1},{0:1,5:1},{0:1,7:1},{0:1,4:1},{0:1,4:1},{0:1,2:1},{0:2},{1:2},{1:1,5:1},{2:1,4:1},{2:1,3:1},{2:1,4:1},{2:1,5:1},{2:1,4:1},{2:1,5:1},{3:1,5:1},{3:1,4:1},{3:1,8:1},{3:1,8:1},{3:1,8:1},{4:2},{4:1,5:1},{4:1,5:1},{4:1,5:1},{5:1,7:1},{5:2},{5:1,7:1},{5:1,8:1},{5:1,8:1},{5:2},{7:2},{7:2},{7:2},{8:2},{8:2}])[0m
[32m2025-01-01 15:01:25,324 - INFO - False[0m
     0     0 1300.00000    0   12 2452.00000 1300.00000  47.0%     -  948s
[32m2025-01-01 15:01:39,362 - INFO - d_prime: 8 d: 11[0m
[32m2025-01-01 15:01:39,364 - INFO - d_prime: 9 d: 11[0m
[32m2025-01-01 15:01:39,366 - INFO - d_prime: 10 d: 11[0m
[32m2025-01-01 15:01:39,368 - INFO - d_prime: 11 d: 11[0m
[32m2025-01-01 15:01:39,369 - INFO - d_prime: 12 d: 11[0m
[32m2025-01-01 15:01:39,371 - INFO - d_prime: 13 d: 11[0m
[32m2025-01-01 15:01:39,373 - INFO - forbidden_vars: ([{1:1},{2:1},{2:1},{2:1},{3:1},{3:1},{3:1},{4:1},{4:1},{5:1},{6:1},{7:1},{8:1},{0:1,7:1},{0:1,2:1},{1:2},{1:1,2:1},{2:1,3:1},{2:1,4:1},{2:2},{2:1,4:1},{2:1,7:1},{3:1,6:1},{3:1,6:1},{3:1,8:1},{4:1,9:1},{5:1,9:1},{6:1,9:1},{6:1,9:1},{6:1,8:1},{7:1,9:1},{7:2},{7:1,9:1},{8:1,9:1},{9:2},{9:2}])[0m
[32m2025-01-01 15:01:39,373 - INFO - False[0m
[32m2025-01-01 15:01:51,212 - INFO - d_prime: 11 d: 13[0m
[32m2025-01-01 15:01:51,215 - INFO - d_prime: 12 d: 13[0m
[32m2025-01-01 15:01:51,217 - INFO - d_prime: 13 d: 13[0m
[32m2025-01-01 15:01:51,219 - INFO - forbidden_vars: ([{4:1},{8:1},{1:1,6:1},{1:1,6:1},{1:1,7:1},{1:1,7:1},{1:1,5:1},{1:1,7:1},{1:1,2:1},{2:2},{2:1,3:1},{2:2},{2:1,4:1},{2:2},{2:1,3:1},{2:1,4:1},{2:1,4:1},{2:1,4:1},{2:1,5:1},{2:2},{2:1,7:1},{2:2},{3:1,8:1},{4:2},{4:2},{4:1,6:1},{4:2},{4:2},{5:1,6:1},{5:1,9:1},{6:2},{6:1,7:1},{6:1,9:1},{6:2},{6:1,9:1},{8:1,9:1},{8:1,9:1},{8:1,9:1},{8:2},{8:1,9:1}])[0m
[32m2025-01-01 15:01:51,220 - INFO - False[0m
     0     0 1300.00000    0   12 2452.00000 1300.00000  47.0%     -  973s
[32m2025-01-01 15:02:00,559 - INFO - d_prime: 11 d: 13[0m
[32m2025-01-01 15:02:00,562 - INFO - d_prime: 12 d: 13[0m
[32m2025-01-01 15:02:00,565 - INFO - d_prime: 13 d: 13[0m
[32m2025-01-01 15:02:00,567 - INFO - forbidden_vars: ([{1:1},{4:1},{7:1},{8:1},{0:1,4:1},{0:1,4:1},{0:1,2:1},{0:2},{1:1,5:1},{1:1,5:1},{2:1,4:1},{2:1,3:1},{2:1,4:1},{2:1,5:1},{2:1,7:1},{2:1,5:1},{3:1,5:1},{3:1,4:1},{3:1,5:1},{3:1,8:1},{3:1,8:1},{4:2},{4:1,5:1},{4:1,5:1},{5:1,7:1},{5:2},{5:1,7:1},{5:1,7:1},{5:2},{5:1,8:1},{5:2},{5:1,8:1},{5:2},{5:1,7:1},{7:2},{7:2},{7:2},{8:2},{8:2},{8:2}])[0m
[32m2025-01-01 15:02:00,567 - INFO - False[0m
[32m2025-01-01 15:02:18,254 - INFO - d_prime: 11 d: 13[0m
[32m2025-01-01 15:02:18,257 - INFO - d_prime: 12 d: 13[0m
[32m2025-01-01 15:02:18,259 - INFO - d_prime: 13 d: 13[0m
[32m2025-01-01 15:02:18,262 - INFO - forbidden_vars: ([{1:1},{4:1},{5:1},{7:1},{8:1},{0:1,4:1},{0:1,4:1},{0:1,2:1},{0:2},{1:1,5:1},{1:1,5:1},{2:1,4:1},{2:1,3:1},{2:1,4:1},{2:1,5:1},{2:1,7:1},{2:1,5:1},{3:1,5:1},{3:1,4:1},{3:1,5:1},{3:1,8:1},{3:1,8:1},{4:2},{4:1,5:1},{4:1,5:1},{5:1,7:1},{5:1,7:1},{5:1,7:1},{5:2},{5:1,8:1},{5:2},{5:1,8:1},{5:2},{5:1,7:1},{7:2},{7:2},{7:2},{8:2},{8:2},{8:2}])[0m
[32m2025-01-01 15:02:18,262 - INFO - False[0m
     0     2 1300.00000    0    7 2452.00000 1300.00000  47.0%     - 1001s
[32m2025-01-01 15:02:31,190 - INFO - d_prime: 11 d: 13[0m
[32m2025-01-01 15:02:31,193 - INFO - d_prime: 12 d: 13[0m
[32m2025-01-01 15:02:31,195 - INFO - d_prime: 13 d: 13[0m
[32m2025-01-01 15:02:31,198 - INFO - forbidden_vars: ([{1:1},{4:1},{5:1},{7:1},{8:1},{0:1,4:1},{0:1,4:1},{0:1,2:1},{0:2},{1:1,5:1},{1:1,5:1},{2:1,4:1},{2:1,3:1},{2:1,4:1},{2:1,4:1},{2:1,5:1},{2:1,7:1},{2:1,5:1},{3:1,5:1},{3:1,4:1},{3:1,5:1},{3:1,8:1},{3:1,8:1},{4:1,5:1},{4:1,5:1},{5:1,7:1},{5:1,7:1},{5:1,7:1},{5:2},{5:1,8:1},{5:2},{5:1,8:1},{5:2},{5:1,7:1},{7:2},{7:2},{7:2},{8:2},{8:2},{8:2}])[0m
[32m2025-01-01 15:02:31,198 - INFO - False[0m
    22    23 1300.00000    6   28 2452.00000 1300.00000  47.0%  73.6 1013s
[32m2025-01-01 15:03:16,051 - INFO - d_prime: 11 d: 13[0m
[32m2025-01-01 15:03:16,054 - INFO - d_prime: 12 d: 13[0m
[32m2025-01-01 15:03:16,057 - INFO - d_prime: 13 d: 13[0m
[32m2025-01-01 15:03:16,059 - INFO - forbidden_vars: ([{1:1},{4:1},{5:1},{5:1},{7:1},{8:1},{0:1,4:1},{0:1,4:1},{0:1,2:1},{0:2},{1:1,5:1},{2:1,4:1},{2:1,3:1},{2:1,4:1},{2:1,5:1},{2:1,7:1},{2:1,5:1},{3:1,5:1},{3:1,4:1},{3:1,5:1},{3:1,8:1},{3:1,8:1},{4:2},{4:1,5:1},{4:1,5:1},{5:1,7:1},{5:1,7:1},{5:1,7:1},{5:2},{5:1,8:1},{5:2},{5:1,8:1},{5:2},{5:1,7:1},{7:2},{7:2},{7:2},{8:2},{8:2},{8:2}])[0m
[32m2025-01-01 15:03:16,059 - INFO - False[0m
    27    31 1300.00000    6   11 2452.00000 1300.00000  47.0%   110 1058s
[32m2025-01-01 15:04:33,622 - INFO - d_prime: 11 d: 13[0m
[32m2025-01-01 15:04:33,625 - INFO - d_prime: 12 d: 13[0m
[32m2025-01-01 15:04:33,628 - INFO - d_prime: 13 d: 13[0m
[32m2025-01-01 15:04:33,630 - INFO - forbidden_vars: ([{1:1},{0:1,4:1},{0:1,2:1},{0:1,2:1},{0:2},{0:1,4:1},{1:1,6:1},{1:1,6:1},{1:1,6:1},{1:1,5:1},{1:1,4:1},{1:1,2:1},{2:1,3:1},{2:1,3:1},{2:1,3:1},{2:1,5:1},{2:1,4:1},{2:1,3:1},{2:1,5:1},{2:1,3:1},{3:1,4:1},{3:1,8:1},{3:1,6:1},{3:1,8:1},{3:1,8:1},{3:1,6:1},{3:1,8:1},{3:1,4:1},{4:1,5:1},{4:2},{4:1,6:1},{5:1,6:1},{5:1,7:1},{5:1,7:1},{6:1,7:1},{6:1,8:1},{6:1,8:1},{7:2},{8:2},{8:2}])[0m
[32m2025-01-01 15:04:33,630 - INFO - False[0m
[32m2025-01-01 15:05:46,481 - INFO - d_prime: 11 d: 13[0m
[32m2025-01-01 15:05:46,484 - INFO - d_prime: 12 d: 13[0m
[32m2025-01-01 15:05:46,486 - INFO - d_prime: 13 d: 13[0m
[32m2025-01-01 15:05:46,488 - INFO - forbidden_vars: ([{1:1},{1:1},{1:1},{2:1},{3:1},{0:1,2:1},{0:1,7:1},{0:1,3:1},{0:1,2:1},{0:1,2:1},{1:1,6:1},{1:2},{1:1,2:1},{1:1,5:1},{2:1,9:1},{2:1,9:1},{2:1,3:1},{2:1,5:1},{2:2},{2:1,5:1},{2:1,5:1},{2:1,7:1},{2:1,5:1},{3:1,8:1},{3:1,8:1},{4:2},{4:1,9:1},{4:1,5:1},{5:1,7:1},{5:1,7:1},{5:1,8:1},{5:1,9:1},{5:1,8:1},{5:1,8:1},{6:1,7:1},{6:1,7:1},{6:1,8:1},{6:1,8:1},{7:2},{8:2}])[0m
[32m2025-01-01 15:05:46,488 - INFO - False[0m
[32m2025-01-01 15:06:21,546 - INFO - d_prime: 11 d: 12[0m
[32m2025-01-01 15:06:21,548 - INFO - d_prime: 12 d: 12[0m
[32m2025-01-01 15:06:21,550 - INFO - d_prime: 13 d: 12[0m
[32m2025-01-01 15:06:21,551 - INFO - forbidden_vars: ([{2:1},{2:1},{6:1},{7:1},{1:2},{1:2},{2:1,4:1},{2:1,4:1},{2:2},{2:1,3:1},{2:1,4:1},{2:2},{2:1,3:1},{2:1,9:1},{2:2},{2:1,6:1},{2:1,4:1},{2:1,4:1},{2:1,4:1},{3:1,8:1},{3:1,8:1},{4:2},{4:2},{5:1,6:1},{5:1,6:1},{5:1,9:1},{5:2},{6:2},{6:2},{6:1,8:1},{6:1,8:1},{6:1,8:1},{7:2},{7:2},{7:2},{8:2},{8:2},{8:2},{8:2},{8:2}])[0m
[32m2025-01-01 15:06:21,552 - INFO - False[0m
    30    31 1300.00000    7  464 2452.00000 1300.00000  47.0%   844 1261s
[32m2025-01-01 15:06:48,669 - INFO - d_prime: 11 d: 13[0m
[32m2025-01-01 15:06:48,672 - INFO - d_prime: 12 d: 13[0m
[32m2025-01-01 15:06:48,674 - INFO - d_prime: 13 d: 13[0m
[32m2025-01-01 15:06:48,677 - INFO - forbidden_vars: ([{1:1},{4:1},{5:1},{7:1},{8:1},{0:1,4:1},{0:1,4:1},{0:1,2:1},{0:2},{1:1,5:1},{2:1,4:1},{2:1,3:1},{2:1,4:1},{2:1,5:1},{2:1,7:1},{2:1,5:1},{3:1,5:1},{3:1,4:1},{3:1,5:1},{3:1,8:1},{3:1,8:1},{4:2},{4:1,5:1},{4:1,5:1},{5:1,7:1},{5:1,7:1},{5:1,7:1},{5:2},{5:1,8:1},{5:2},{5:1,8:1},{5:2},{5:2},{5:1,7:1},{7:2},{7:2},{7:2},{8:2},{8:2},{8:2}])[0m
[32m2025-01-01 15:06:48,677 - INFO - False[0m
[32m2025-01-01 15:07:19,398 - INFO - d_prime: 11 d: 13[0m
[32m2025-01-01 15:07:19,401 - INFO - d_prime: 12 d: 13[0m
[32m2025-01-01 15:07:19,404 - INFO - d_prime: 13 d: 13[0m
[32m2025-01-01 15:07:19,406 - INFO - forbidden_vars: ([{1:1},{4:1},{5:1},{7:1},{8:1},{0:1,4:1},{0:1,4:1},{0:1,2:1},{0:2},{1:1,5:1},{1:1,5:1},{2:1,4:1},{2:1,3:1},{2:1,4:1},{2:1,5:1},{2:1,7:1},{2:1,5:1},{3:1,5:1},{3:1,4:1},{3:1,4:1},{3:1,5:1},{3:1,8:1},{4:1,5:1},{4:1,5:1},{5:1,7:1},{5:1,7:1},{5:1,7:1},{5:2},{5:1,8:1},{5:2},{5:1,8:1},{5:1,8:1},{5:2},{5:1,7:1},{7:2},{7:2},{7:2},{8:2},{8:2},{8:2}])[0m
[32m2025-01-01 15:07:19,406 - INFO - False[0m
    46    57 1300.00000    9   94 2452.00000 1300.00000  47.0%   580 1314s
[32m2025-01-01 15:07:35,052 - INFO - d_prime: 7 d: 7[0m
[32m2025-01-01 15:07:35,055 - INFO - d_prime: 8 d: 7[0m
[32m2025-01-01 15:07:35,057 - INFO - d_prime: 9 d: 7[0m
[32m2025-01-01 15:07:35,059 - INFO - d_prime: 10 d: 7[0m
[32m2025-01-01 15:07:35,061 - INFO - d_prime: 11 d: 7[0m
[32m2025-01-01 15:07:35,062 - INFO - d_prime: 12 d: 7[0m
[32m2025-01-01 15:07:35,064 - INFO - d_prime: 13 d: 7[0m
[32m2025-01-01 15:07:35,066 - INFO - forbidden_vars: ([{3:1},{3:1},{4:1},{4:1},{7:1},{7:1},{7:1},{9:1},{0:1,7:1},{0:1,3:1},{1:1,7:1},{3:1,5:1},{3:2},{3:2},{3:2},{3:2},{3:1,4:1},{5:1,7:1},{7:2},{7:2},{7:1,9:1},{8:2}])[0m
[32m2025-01-01 15:07:35,067 - INFO - False[0m
[32m2025-01-01 15:07:49,682 - INFO - d_prime: 9 d: 12[0m
[32m2025-01-01 15:07:49,684 - INFO - d_prime: 10 d: 12[0m
[32m2025-01-01 15:07:49,687 - INFO - d_prime: 11 d: 12[0m
[32m2025-01-01 15:07:49,689 - INFO - d_prime: 12 d: 12[0m
[32m2025-01-01 15:07:49,691 - INFO - d_prime: 13 d: 12[0m
[32m2025-01-01 15:07:49,693 - INFO - forbidden_vars: ([{1:1},{1:1},{1:1},{1:1},{1:1},{2:1},{2:1},{4:1},{5:1},{7:1},{8:1},{8:1},{0:1,3:1},{0:1,1:1},{0:1,2:1},{0:1,3:1},{1:2},{1:1,7:1},{1:1,7:1},{1:1,5:1},{1:1,7:1},{1:1,4:1},{2:1,4:1},{2:1,4:1},{2:1,7:1},{3:1,8:1},{4:2},{4:2},{4:2},{4:2},{7:2},{8:2},{8:2},{8:2},{8:2},{8:2},{8:2}])[0m
[32m2025-01-01 15:07:49,694 - INFO - False[0m
    57    57 1300.00000   10   13 2452.00000 1300.00000  47.0%   966 1353s
[32m2025-01-01 15:08:25,686 - INFO - d_prime: 11 d: 13[0m
[32m2025-01-01 15:08:25,689 - INFO - d_prime: 12 d: 13[0m
[32m2025-01-01 15:08:25,692 - INFO - d_prime: 13 d: 13[0m
[32m2025-01-01 15:08:25,694 - INFO - forbidden_vars: ([{1:1},{4:1},{5:1},{5:1},{7:1},{8:1},{0:1,4:1},{0:1,4:1},{0:1,2:1},{0:2},{1:1,7:1},{1:1,5:1},{2:1,4:1},{2:1,3:1},{2:1,4:1},{2:1,5:1},{2:1,7:1},{2:1,5:1},{3:1,5:1},{3:1,4:1},{3:1,5:1},{3:1,8:1},{3:1,8:1},{4:2},{4:1,5:1},{4:1,5:1},{5:1,7:1},{5:1,7:1},{5:2},{5:1,8:1},{5:2},{5:1,8:1},{5:2},{5:1,7:1},{7:2},{7:2},{7:2},{8:2},{8:2},{8:2}])[0m
[32m2025-01-01 15:08:25,694 - INFO - False[0m
[32m2025-01-01 15:08:38,159 - INFO - d_prime: 11 d: 13[0m
[32m2025-01-01 15:08:38,162 - INFO - d_prime: 12 d: 13[0m
[32m2025-01-01 15:08:38,165 - INFO - d_prime: 13 d: 13[0m
[32m2025-01-01 15:08:38,167 - INFO - forbidden_vars: ([{1:1},{4:1},{5:1},{7:1},{8:1},{0:1,4:1},{0:1,4:1},{0:1,2:1},{0:2},{1:1,5:1},{1:1,5:1},{2:1,4:1},{2:1,3:1},{2:1,4:1},{2:1,4:1},{2:1,5:1},{2:1,7:1},{2:1,5:1},{3:1,5:1},{3:1,4:1},{3:1,5:1},{3:1,8:1},{4:1,5:1},{4:1,5:1},{5:1,7:1},{5:1,7:1},{5:1,7:1},{5:2},{5:1,8:1},{5:2},{5:1,8:1},{5:1,8:1},{5:2},{5:1,7:1},{7:2},{7:2},{7:2},{8:2},{8:2},{8:2}])[0m
[32m2025-01-01 15:08:38,167 - INFO - False[0m
[32m2025-01-01 15:09:18,198 - INFO - d_prime: 11 d: 13[0m
[32m2025-01-01 15:09:18,201 - INFO - d_prime: 12 d: 13[0m
[32m2025-01-01 15:09:18,204 - INFO - d_prime: 13 d: 13[0m
[32m2025-01-01 15:09:18,206 - INFO - forbidden_vars: ([{1:1},{4:1},{5:1},{7:1},{8:1},{0:1,5:1},{0:1,4:1},{0:1,4:1},{0:1,2:1},{0:2},{1:1,5:1},{1:1,5:1},{2:1,4:1},{2:1,3:1},{2:1,4:1},{2:1,5:1},{2:1,4:1},{2:1,7:1},{2:1,5:1},{3:1,5:1},{3:1,5:1},{3:1,8:1},{4:2},{4:1,5:1},{4:1,5:1},{5:1,7:1},{5:1,7:1},{5:1,7:1},{5:1,7:1},{5:2},{5:1,8:1},{5:2},{5:1,8:1},{5:1,8:1},{5:1,8:1},{5:2},{7:2},{7:2},{8:2},{8:2}])[0m
[32m2025-01-01 15:09:18,206 - INFO - False[0m
[32m2025-01-01 15:12:18,582 - INFO - d_prime: 7 d: 7[0m
[32m2025-01-01 15:12:18,585 - INFO - d_prime: 8 d: 7[0m
[32m2025-01-01 15:12:18,587 - INFO - d_prime: 9 d: 7[0m
[32m2025-01-01 15:12:18,588 - INFO - d_prime: 10 d: 7[0m
[32m2025-01-01 15:12:18,590 - INFO - d_prime: 11 d: 7[0m
[32m2025-01-01 15:12:18,592 - INFO - d_prime: 12 d: 7[0m
[32m2025-01-01 15:12:18,594 - INFO - d_prime: 13 d: 7[0m
[32m2025-01-01 15:12:18,596 - INFO - forbidden_vars: ([{2:1},{2:1},{5:1},{7:1},{7:1},{7:1},{1:1,4:1},{2:2},{2:1,4:1},{2:1,3:1},{2:1,9:1},{2:1,9:1},{2:1,3:1},{2:1,3:1},{3:1,9:1},{3:2},{3:1,6:1},{3:2},{3:1,8:1},{3:1,5:1},{3:2},{3:2},{3:1,6:1},{4:1,5:1},{5:1,7:1},{5:2},{5:2},{6:1,7:1},{6:1,7:1},{6:1,9:1},{6:1,8:1},{6:1,9:1},{7:1,9:1},{7:1,9:1},{8:1,9:1}])[0m
[32m2025-01-01 15:12:18,596 - INFO - False[0m
[32m2025-01-01 15:12:25,227 - INFO - d_prime: 8 d: 8[0m
[32m2025-01-01 15:12:25,230 - INFO - d_prime: 9 d: 8[0m
[32m2025-01-01 15:12:25,232 - INFO - d_prime: 10 d: 8[0m
[32m2025-01-01 15:12:25,235 - INFO - d_prime: 11 d: 8[0m
[32m2025-01-01 15:12:25,237 - INFO - d_prime: 12 d: 8[0m
[32m2025-01-01 15:12:25,240 - INFO - d_prime: 13 d: 8[0m
[32m2025-01-01 15:12:25,242 - INFO - forbidden_vars: ([{1:1},{1:1},{1:1},{5:1},{7:1},{8:1},{1:2},{1:1,6:1},{1:2},{2:1,4:1},{2:1,9:1},{2:1,4:1},{2:1,7:1},{2:1,5:1},{4:1,5:1},{4:2},{4:1,5:1},{5:2},{5:2},{5:1,8:1},{5:1,9:1},{5:1,8:1},{5:1,8:1},{5:1,8:1},{5:1,9:1},{5:1,9:1},{6:1,7:1},{6:1,9:1},{6:1,9:1},{6:1,9:1},{6:1,9:1},{7:2},{7:2},{7:1,9:1},{8:1,9:1},{9:2},{9:2}])[0m
[32m2025-01-01 15:12:25,242 - INFO - False[0m
[32m2025-01-01 15:12:37,276 - INFO - d_prime: 11 d: 12[0m
[32m2025-01-01 15:12:37,279 - INFO - d_prime: 12 d: 12[0m
[32m2025-01-01 15:12:37,281 - INFO - d_prime: 13 d: 12[0m
[32m2025-01-01 15:12:37,283 - INFO - forbidden_vars: ([{2:1},{3:1},{3:1},{4:1},{5:1},{1:2},{1:1,4:1},{1:1,3:1},{2:1,4:1},{2:1,9:1},{2:2},{2:1,4:1},{2:1,9:1},{2:2},{2:2},{2:1,7:1},{2:1,4:1},{2:1,5:1},{3:1,4:1},{3:1,6:1},{3:1,8:1},{3:1,9:1},{3:1,9:1},{3:1,6:1},{5:1,6:1},{5:1,9:1},{5:1,6:1},{6:1,7:1},{6:2},{6:1,7:1},{6:1,7:1},{6:1,7:1},{6:1,9:1},{6:1,8:1},{7:2},{7:2},{8:2},{8:2},{8:2},{8:2}])[0m
[32m2025-01-01 15:12:37,283 - INFO - False[0m
    65    64 1300.00000   14   10 2452.00000 1300.00000  47.0%  1075 1629s
[32m2025-01-01 15:15:54,463 - INFO - d_prime: 11 d: 12[0m
[32m2025-01-01 15:15:54,466 - INFO - d_prime: 12 d: 12[0m
[32m2025-01-01 15:15:54,467 - INFO - d_prime: 13 d: 12[0m
[32m2025-01-01 15:15:54,469 - INFO - forbidden_vars: ([{1:1},{3:1},{4:1},{5:1},{6:1},{7:1},{1:1,9:1},{1:1,2:1},{1:1,3:1},{2:2},{2:2},{2:1,3:1},{2:1,3:1},{2:2},{2:1,4:1},{2:1,4:1},{2:1,4:1},{2:2},{2:1,6:1},{3:1,4:1},{3:1,8:1},{3:1,4:1},{4:1,9:1},{5:1,8:1},{6:2},{6:2},{6:1,7:1},{6:1,7:1},{6:2},{6:1,7:1},{6:1,7:1},{6:1,8:1},{6:1,8:1},{6:1,8:1},{6:1,7:1},{8:2},{8:2},{8:2},{8:2},{8:2}])[0m
[32m2025-01-01 15:15:54,469 - INFO - False[0m
[32m2025-01-01 15:16:00,005 - INFO - d_prime: 11 d: 13[0m
[32m2025-01-01 15:16:00,008 - INFO - d_prime: 12 d: 13[0m
[32m2025-01-01 15:16:00,010 - INFO - d_prime: 13 d: 13[0m
[32m2025-01-01 15:16:00,013 - INFO - forbidden_vars: ([{2:1},{5:1},{5:1},{8:1},{0:1,4:1},{0:1,2:1},{0:1,7:1},{0:1,2:1},{1:1,5:1},{1:2},{1:1,5:1},{1:1,5:1},{1:1,5:1},{1:1,5:1},{1:1,5:1},{1:1,2:1},{2:2},{2:1,3:1},{2:2},{2:1,4:1},{2:2},{2:1,3:1},{2:1,3:1},{2:1,7:1},{2:1,3:1},{3:1,8:1},{3:1,8:1},{4:2},{4:1,5:1},{5:2},{5:2},{5:1,8:1},{5:1,8:1},{5:1,8:1},{5:1,7:1},{7:2},{8:2},{8:2},{8:2},{8:2}])[0m
[32m2025-01-01 15:16:00,013 - INFO - False[0m
[32m2025-01-01 15:18:27,911 - INFO - d_prime: 10 d: 10[0m
[32m2025-01-01 15:18:27,913 - INFO - d_prime: 11 d: 10[0m
[32m2025-01-01 15:18:27,915 - INFO - d_prime: 12 d: 10[0m
[32m2025-01-01 15:18:27,916 - INFO - d_prime: 13 d: 10[0m
[32m2025-01-01 15:18:27,918 - INFO - forbidden_vars: ([{0:1},{1:1},{2:1},{2:1},{3:1},{3:1},{3:1},{3:1},{5:1},{6:1},{6:1},{7:1},{7:1},{7:1},{7:1},{8:1},{8:1},{8:1},{9:1},{9:1},{0:1,3:1},{0:1,6:1},{1:1,7:1},{2:1,5:1},{2:1,9:1},{2:1,3:1},{2:1,9:1},{3:1,8:1},{3:1,7:1},{4:2},{4:1,9:1},{4:1,6:1},{5:2},{5:1,6:1},{7:2},{8:2},{8:2},{8:2},{8:2}])[0m
[32m2025-01-01 15:18:27,918 - INFO - False[0m
[32m2025-01-01 15:18:49,845 - INFO - d_prime: 11 d: 13[0m
[32m2025-01-01 15:18:49,848 - INFO - d_prime: 12 d: 13[0m
[32m2025-01-01 15:18:49,850 - INFO - d_prime: 13 d: 13[0m
[32m2025-01-01 15:18:49,852 - INFO - forbidden_vars: ([{2:1},{2:1},{5:1},{8:1},{8:1},{0:1,2:1},{0:1,4:1},{1:1,7:1},{1:1,5:1},{1:1,7:1},{1:1,2:1},{2:1,3:1},{2:1,4:1},{2:2},{2:2},{2:2},{2:1,3:1},{2:1,3:1},{2:1,5:1},{2:1,4:1},{2:1,5:1},{2:1,4:1},{3:1,5:1},{3:1,8:1},{3:1,8:1},{4:2},{4:1,7:1},{5:2},{5:1,7:1},{5:1,7:1},{5:1,7:1},{5:1,8:1},{5:1,8:1},{5:2},{7:2},{7:2},{7:2},{8:2},{8:2},{8:2}])[0m
[32m2025-01-01 15:18:49,852 - INFO - False[0m
    67    64 1300.00000   10    9 2452.00000 1300.00000  47.0%  1177 1992s
[32m2025-01-01 15:20:12,687 - INFO - d_prime: 11 d: 13[0m
[32m2025-01-01 15:20:12,690 - INFO - d_prime: 12 d: 13[0m
[32m2025-01-01 15:20:12,693 - INFO - d_prime: 13 d: 13[0m
[32m2025-01-01 15:20:12,695 - INFO - forbidden_vars: ([{3:1},{5:1},{5:1},{6:1},{0:1,2:1},{0:1,2:1},{0:1,6:1},{0:1,6:1},{1:1,5:1},{1:1,7:1},{1:1,5:1},{1:1,5:1},{1:1,5:1},{1:1,5:1},{2:1,3:1},{2:1,4:1},{2:1,4:1},{2:2},{2:1,3:1},{2:2},{2:1,4:1},{2:1,3:1},{2:1,7:1},{2:1,7:1},{3:1,4:1},{3:1,8:1},{3:1,8:1},{3:1,8:1},{3:1,5:1},{4:1,7:1},{5:1,7:1},{5:1,6:1},{5:1,8:1},{5:1,8:1},{5:1,8:1},{5:1,8:1},{6:1,7:1},{7:2},{8:2},{8:2}])[0m
[32m2025-01-01 15:20:12,695 - INFO - False[0m
    69   125 1300.00000   15    8 2452.00000 1300.00000  47.0%  1144 2087s
[32m2025-01-01 15:20:34,734 - INFO - d_prime: 11 d: 13[0m
[32m2025-01-01 15:20:34,737 - INFO - d_prime: 12 d: 13[0m
[32m2025-01-01 15:20:34,739 - INFO - d_prime: 13 d: 13[0m
[32m2025-01-01 15:20:34,741 - INFO - forbidden_vars: ([{4:1},{5:1},{5:1},{7:1},{8:1},{0:1,4:1},{0:1,4:1},{0:1,2:1},{0:2},{1:1,5:1},{1:1,5:1},{2:1,4:1},{2:1,3:1},{2:1,4:1},{2:1,5:1},{2:1,7:1},{2:1,5:1},{3:1,5:1},{3:1,4:1},{3:1,8:1},{3:1,8:1},{4:2},{4:1,5:1},{4:1,5:1},{5:1,7:1},{5:1,7:1},{5:1,7:1},{5:2},{5:1,8:1},{5:2},{5:2},{5:1,8:1},{5:2},{5:1,7:1},{7:2},{7:2},{7:2},{8:2},{8:2},{8:2}])[0m
[32m2025-01-01 15:20:34,741 - INFO - False[0m
[32m2025-01-01 15:20:43,990 - INFO - d_prime: 11 d: 13[0m
[32m2025-01-01 15:20:43,993 - INFO - d_prime: 12 d: 13[0m
[32m2025-01-01 15:20:43,995 - INFO - d_prime: 13 d: 13[0m
[32m2025-01-01 15:20:43,997 - INFO - forbidden_vars: ([{4:1},{5:1},{5:1},{7:1},{8:1},{0:1,4:1},{0:1,4:1},{0:1,2:1},{0:2},{1:1,5:1},{1:1,5:1},{2:1,4:1},{2:1,3:1},{2:1,4:1},{2:1,5:1},{2:1,7:1},{2:1,5:1},{3:1,5:1},{3:1,4:1},{3:1,5:1},{3:1,8:1},{3:1,8:1},{4:2},{4:1,5:1},{4:1,5:1},{5:1,7:1},{5:1,7:1},{5:1,7:1},{5:2},{5:1,8:1},{5:2},{5:1,8:1},{5:2},{5:1,7:1},{7:2},{7:2},{7:2},{8:2},{8:2},{8:2}])[0m
[32m2025-01-01 15:20:43,998 - INFO - False[0m
[32m2025-01-01 15:20:52,159 - INFO - d_prime: 11 d: 13[0m
[32m2025-01-01 15:20:52,162 - INFO - d_prime: 12 d: 13[0m
[32m2025-01-01 15:20:52,165 - INFO - d_prime: 13 d: 13[0m
[32m2025-01-01 15:20:52,167 - INFO - forbidden_vars: ([{4:1},{5:1},{5:1},{7:1},{8:1},{0:1,4:1},{0:1,4:1},{0:1,2:1},{0:2},{1:1,5:1},{1:1,5:1},{1:1,5:1},{2:1,4:1},{2:1,3:1},{2:1,4:1},{2:1,5:1},{2:1,7:1},{2:1,5:1},{3:1,5:1},{3:1,4:1},{3:1,8:1},{3:1,8:1},{4:2},{4:1,5:1},{4:1,5:1},{5:1,7:1},{5:1,7:1},{5:1,7:1},{5:2},{5:1,8:1},{5:2},{5:2},{5:1,8:1},{5:1,7:1},{7:2},{7:2},{7:2},{8:2},{8:2},{8:2}])[0m
[32m2025-01-01 15:20:52,167 - INFO - False[0m
[32m2025-01-01 15:20:59,907 - INFO - d_prime: 11 d: 13[0m
[32m2025-01-01 15:20:59,910 - INFO - d_prime: 12 d: 13[0m
[32m2025-01-01 15:20:59,913 - INFO - d_prime: 13 d: 13[0m
[32m2025-01-01 15:20:59,915 - INFO - forbidden_vars: ([{4:1},{5:1},{5:1},{7:1},{8:1},{0:1,4:1},{0:1,4:1},{0:1,2:1},{0:2},{1:1,5:1},{1:1,5:1},{1:1,5:1},{2:1,4:1},{2:1,3:1},{2:1,4:1},{2:1,5:1},{2:1,7:1},{2:1,5:1},{3:1,5:1},{3:1,4:1},{3:1,5:1},{3:1,8:1},{3:1,8:1},{4:2},{4:1,5:1},{4:1,5:1},{5:1,7:1},{5:1,7:1},{5:1,7:1},{5:2},{5:1,8:1},{5:2},{5:1,8:1},{5:1,7:1},{7:2},{7:2},{7:2},{8:2},{8:2},{8:2}])[0m
[32m2025-01-01 15:20:59,915 - INFO - False[0m
[32m2025-01-01 15:21:08,086 - INFO - d_prime: 11 d: 13[0m
[32m2025-01-01 15:21:08,089 - INFO - d_prime: 12 d: 13[0m
[32m2025-01-01 15:21:08,092 - INFO - d_prime: 13 d: 13[0m
[32m2025-01-01 15:21:08,094 - INFO - forbidden_vars: ([{1:1},{4:1},{5:1},{5:1},{7:1},{8:1},{0:1,4:1},{0:1,4:1},{0:1,2:1},{0:2},{1:1,5:1},{2:1,4:1},{2:1,3:1},{2:1,4:1},{2:1,4:1},{2:1,5:1},{2:1,7:1},{2:1,5:1},{3:1,5:1},{3:1,4:1},{3:1,5:1},{3:1,8:1},{3:1,8:1},{4:1,5:1},{4:1,5:1},{5:1,7:1},{5:1,7:1},{5:1,7:1},{5:2},{5:1,8:1},{5:2},{5:1,8:1},{5:2},{5:1,7:1},{7:2},{7:2},{7:2},{8:2},{8:2},{8:2}])[0m
[32m2025-01-01 15:21:08,094 - INFO - False[0m
[32m2025-01-01 15:21:15,193 - INFO - d_prime: 11 d: 13[0m
[32m2025-01-01 15:21:15,196 - INFO - d_prime: 12 d: 13[0m
[32m2025-01-01 15:21:15,199 - INFO - d_prime: 13 d: 13[0m
[32m2025-01-01 15:21:15,201 - INFO - forbidden_vars: ([{1:1},{4:1},{5:1},{7:1},{8:1},{0:1,4:1},{0:1,4:1},{0:1,2:1},{0:2},{1:1,5:1},{1:1,5:1},{2:1,4:1},{2:1,3:1},{2:1,4:1},{2:1,5:1},{2:1,7:1},{2:1,5:1},{3:1,5:1},{3:1,4:1},{3:1,4:1},{3:1,5:1},{3:1,8:1},{4:1,5:1},{4:1,5:1},{5:1,7:1},{5:1,7:1},{5:1,7:1},{5:2},{5:1,8:1},{5:2},{5:1,8:1},{5:2},{5:1,7:1},{7:2},{7:2},{7:2},{8:2},{8:2},{8:2},{8:2}])[0m
[32m2025-01-01 15:21:15,201 - INFO - False[0m
[32m2025-01-01 15:24:37,236 - INFO - d_prime: 9 d: 11[0m
[32m2025-01-01 15:24:37,238 - INFO - d_prime: 10 d: 11[0m
[32m2025-01-01 15:24:37,239 - INFO - d_prime: 11 d: 11[0m
[32m2025-01-01 15:24:37,241 - INFO - d_prime: 12 d: 11[0m
[32m2025-01-01 15:24:37,242 - INFO - d_prime: 13 d: 11[0m
[32m2025-01-01 15:24:37,244 - INFO - forbidden_vars: ([{0:1},{1:1},{2:1},{3:1},{3:1},{3:1},{4:1},{4:1},{5:1},{5:1},{6:1},{7:1},{7:1},{8:1},{8:1},{0:1,2:1},{0:1,1:1},{0:1,6:1},{0:1,2:1},{1:1,7:1},{2:1,9:1},{2:2},{2:1,4:1},{2:2},{2:1,6:1},{3:1,6:1},{3:1,9:1},{3:2},{3:2},{5:1,6:1},{6:1,7:1},{6:1,9:1},{6:1,9:1},{6:2},{6:1,9:1},{7:1,9:1},{8:2}])[0m
[32m2025-01-01 15:24:37,244 - INFO - False[0m
[32m2025-01-01 15:24:40,729 - INFO - d_prime: 9 d: 12[0m
[32m2025-01-01 15:24:40,731 - INFO - d_prime: 10 d: 12[0m
[32m2025-01-01 15:24:40,734 - INFO - d_prime: 11 d: 12[0m
[32m2025-01-01 15:24:40,736 - INFO - d_prime: 12 d: 12[0m
[32m2025-01-01 15:24:40,738 - INFO - d_prime: 13 d: 12[0m
[32m2025-01-01 15:24:40,739 - INFO - forbidden_vars: ([{1:1},{1:1},{1:1},{1:1},{2:1},{2:1},{5:1},{7:1},{0:1,1:1},{0:1,4:1},{0:1,1:1},{0:2},{1:1,7:1},{1:1,7:1},{1:2},{1:1,7:1},{1:1,7:1},{2:1,4:1},{2:1,3:1},{2:1,4:1},{2:1,3:1},{2:1,3:1},{2:1,3:1},{2:1,3:1},{3:1,8:1},{3:2},{3:1,7:1},{4:2},{5:1,8:1},{7:2},{8:2},{8:2},{8:2},{8:2},{8:2},{8:2},{8:2}])[0m
[32m2025-01-01 15:24:40,739 - INFO - False[0m
[32m2025-01-01 15:25:15,780 - INFO - d_prime: 11 d: 13[0m
[32m2025-01-01 15:25:15,783 - INFO - d_prime: 12 d: 13[0m
[32m2025-01-01 15:25:15,785 - INFO - d_prime: 13 d: 13[0m
[32m2025-01-01 15:25:15,787 - INFO - forbidden_vars: ([{1:1},{4:1},{5:1},{5:1},{7:1},{8:1},{0:1,4:1},{0:1,4:1},{0:1,2:1},{0:2},{2:1,4:1},{2:1,3:1},{2:1,4:1},{2:1,5:1},{2:1,7:1},{2:1,5:1},{3:1,5:1},{3:1,4:1},{3:1,5:1},{3:1,8:1},{3:1,8:1},{4:2},{4:1,5:1},{4:1,5:1},{5:1,7:1},{5:1,7:1},{5:1,7:1},{5:2},{5:1,8:1},{5:2},{5:1,8:1},{5:2},{5:2},{5:1,7:1},{7:2},{7:2},{7:2},{8:2},{8:2},{8:2}])[0m
[32m2025-01-01 15:25:15,787 - INFO - False[0m
[32m2025-01-01 15:25:29,507 - INFO - d_prime: 11 d: 13[0m
[32m2025-01-01 15:25:29,510 - INFO - d_prime: 12 d: 13[0m
[32m2025-01-01 15:25:29,513 - INFO - d_prime: 13 d: 13[0m
[32m2025-01-01 15:25:29,515 - INFO - forbidden_vars: ([{1:1},{4:1},{5:1},{7:1},{8:1},{0:1,5:1},{0:1,4:1},{0:1,4:1},{0:1,2:1},{0:2},{1:1,5:1},{1:1,5:1},{2:1,4:1},{2:1,3:1},{2:1,4:1},{2:1,5:1},{2:1,4:1},{2:1,7:1},{2:1,5:1},{3:1,5:1},{3:1,8:1},{4:2},{4:1,5:1},{4:1,5:1},{5:1,7:1},{5:1,7:1},{5:1,7:1},{5:1,7:1},{5:2},{5:1,8:1},{5:2},{5:1,8:1},{5:1,8:1},{5:1,8:1},{5:1,8:1},{5:2},{7:2},{7:2},{8:2},{8:2}])[0m
[32m2025-01-01 15:25:29,515 - INFO - False[0m
   134   136 1300.00000   11  106 2452.00000 1300.00000  47.0%   648 2392s
[32m2025-01-01 15:25:37,033 - INFO - d_prime: 11 d: 13[0m
[32m2025-01-01 15:25:37,036 - INFO - d_prime: 12 d: 13[0m
[32m2025-01-01 15:25:37,038 - INFO - d_prime: 13 d: 13[0m
[32m2025-01-01 15:25:37,040 - INFO - forbidden_vars: ([{1:1},{4:1},{5:1},{5:1},{7:1},{8:1},{0:1,4:1},{0:1,4:1},{0:1,2:1},{0:2},{1:1,5:1},{2:1,4:1},{2:1,3:1},{2:1,4:1},{2:1,5:1},{2:1,5:1},{2:1,5:1},{3:1,5:1},{3:1,4:1},{3:1,5:1},{3:1,8:1},{3:1,8:1},{4:2},{4:1,5:1},{4:1,5:1},{5:1,7:1},{5:1,7:1},{5:2},{5:1,8:1},{5:2},{5:1,8:1},{5:2},{5:1,7:1},{7:2},{7:2},{7:2},{7:2},{8:2},{8:2},{8:2}])[0m
[32m2025-01-01 15:25:37,040 - INFO - False[0m
[32m2025-01-01 15:26:10,732 - INFO - d_prime: 11 d: 13[0m
[32m2025-01-01 15:26:10,735 - INFO - d_prime: 12 d: 13[0m
[32m2025-01-01 15:26:10,737 - INFO - d_prime: 13 d: 13[0m
[32m2025-01-01 15:26:10,740 - INFO - forbidden_vars: ([{1:1},{4:1},{5:1},{5:1},{7:1},{8:1},{0:1,4:1},{0:1,4:1},{0:1,2:1},{0:2},{1:1,7:1},{1:1,7:1},{1:1,5:1},{2:1,4:1},{2:1,3:1},{2:1,4:1},{2:1,5:1},{2:1,7:1},{2:1,5:1},{3:1,5:1},{3:1,4:1},{3:1,5:1},{3:1,8:1},{3:1,8:1},{4:2},{4:1,5:1},{4:1,5:1},{5:1,7:1},{5:1,7:1},{5:2},{5:1,8:1},{5:2},{5:1,8:1},{5:2},{5:1,7:1},{7:2},{7:2},{8:2},{8:2},{8:2}])[0m
[32m2025-01-01 15:26:10,740 - INFO - False[0m
   148   138 1300.00000   13  107 2452.00000 1300.00000  47.0%   639 2433s
[32m2025-01-01 15:26:32,889 - INFO - d_prime: 11 d: 13[0m
[32m2025-01-01 15:26:32,893 - INFO - d_prime: 12 d: 13[0m
[32m2025-01-01 15:26:32,896 - INFO - d_prime: 13 d: 13[0m
[32m2025-01-01 15:26:32,898 - INFO - forbidden_vars: ([{1:1},{4:1},{5:1},{7:1},{8:1},{0:1,4:1},{0:1,4:1},{0:1,2:1},{0:2},{1:1,5:1},{1:1,5:1},{2:1,4:1},{2:1,3:1},{2:1,4:1},{2:1,5:1},{2:1,7:1},{2:1,5:1},{3:1,5:1},{3:1,4:1},{3:1,5:1},{3:1,8:1},{4:1,5:1},{4:1,5:1},{4:1,5:1},{5:1,7:1},{5:1,7:1},{5:1,7:1},{5:2},{5:1,8:1},{5:2},{5:1,8:1},{5:1,8:1},{5:2},{5:1,7:1},{7:2},{7:2},{7:2},{8:2},{8:2},{8:2}])[0m
[32m2025-01-01 15:26:32,898 - INFO - False[0m
[32m2025-01-01 15:27:17,341 - INFO - d_prime: 11 d: 13[0m
[32m2025-01-01 15:27:17,344 - INFO - d_prime: 12 d: 13[0m
[32m2025-01-01 15:27:17,347 - INFO - d_prime: 13 d: 13[0m
[32m2025-01-01 15:27:17,349 - INFO - forbidden_vars: ([{4:1},{5:1},{7:1},{8:1},{0:1,4:1},{0:1,4:1},{0:1,2:1},{0:2},{1:1,5:1},{1:1,5:1},{1:1,5:1},{2:1,4:1},{2:1,3:1},{2:1,4:1},{2:1,5:1},{2:1,7:1},{2:1,5:1},{3:1,5:1},{3:1,4:1},{3:1,4:1},{4:1,5:1},{4:1,5:1},{5:1,7:1},{5:1,7:1},{5:1,7:1},{5:2},{5:1,8:1},{5:2},{5:1,8:1},{5:1,8:1},{5:1,8:1},{5:2},{5:1,7:1},{7:2},{7:2},{7:2},{8:2},{8:2},{8:2},{8:2}])[0m
[32m2025-01-01 15:27:17,349 - INFO - False[0m
   162   330 1300.00000   10    - 2452.00000 1300.00000  47.0%   696 2500s
[32m2025-01-01 15:27:27,247 - INFO - d_prime: 11 d: 13[0m
[32m2025-01-01 15:27:27,250 - INFO - d_prime: 12 d: 13[0m
[32m2025-01-01 15:27:27,253 - INFO - d_prime: 13 d: 13[0m
[32m2025-01-01 15:27:27,255 - INFO - forbidden_vars: ([{1:1},{4:1},{5:1},{7:1},{8:1},{0:1,4:1},{0:1,4:1},{0:1,2:1},{0:2},{1:1,5:1},{1:1,5:1},{2:1,4:1},{2:1,4:1},{2:1,4:1},{2:1,5:1},{2:1,7:1},{2:1,5:1},{3:1,5:1},{3:1,4:1},{3:1,4:1},{3:1,5:1},{3:1,8:1},{3:1,8:1},{4:1,5:1},{4:1,5:1},{5:1,7:1},{5:1,7:1},{5:1,7:1},{5:2},{5:1,8:1},{5:2},{5:1,8:1},{5:2},{5:1,7:1},{7:2},{7:2},{7:2},{8:2},{8:2},{8:2}])[0m
[32m2025-01-01 15:27:27,255 - INFO - False[0m
[32m2025-01-01 15:27:37,901 - INFO - d_prime: 11 d: 13[0m
[32m2025-01-01 15:27:37,904 - INFO - d_prime: 12 d: 13[0m
[32m2025-01-01 15:27:37,907 - INFO - d_prime: 13 d: 13[0m
[32m2025-01-01 15:27:37,909 - INFO - forbidden_vars: ([{4:1},{5:1},{7:1},{0:1,4:1},{0:1,4:1},{0:1,2:1},{0:2},{1:1,5:1},{1:1,6:1},{1:1,5:1},{2:1,4:1},{2:1,3:1},{2:1,4:1},{2:1,5:1},{2:1,5:1},{3:1,5:1},{3:1,4:1},{3:1,4:1},{4:1,5:1},{4:1,5:1},{5:1,7:1},{5:1,7:1},{5:1,7:1},{5:2},{5:1,8:1},{5:2},{5:1,6:1},{5:1,8:1},{5:1,8:1},{5:2},{5:1,7:1},{6:1,8:1},{6:1,8:1},{6:1,7:1},{7:2},{7:2},{7:2},{8:2},{8:2},{8:2}])[0m
[32m2025-01-01 15:27:37,909 - INFO - False[0m
[32m2025-01-01 15:27:44,716 - INFO - d_prime: 11 d: 13[0m
[32m2025-01-01 15:27:44,719 - INFO - d_prime: 12 d: 13[0m
[32m2025-01-01 15:27:44,722 - INFO - d_prime: 13 d: 13[0m
[32m2025-01-01 15:27:44,724 - INFO - forbidden_vars: ([{1:1},{4:1},{5:1},{7:1},{8:1},{0:1,4:1},{0:1,4:1},{0:1,2:1},{0:2},{1:1,5:1},{1:1,5:1},{2:1,4:1},{2:1,3:1},{2:1,4:1},{2:1,5:1},{2:1,7:1},{2:1,5:1},{3:1,5:1},{3:1,4:1},{3:1,4:1},{3:1,8:1},{3:1,8:1},{4:1,5:1},{4:1,5:1},{5:1,7:1},{5:1,7:1},{5:1,7:1},{5:2},{5:1,8:1},{5:2},{5:2},{5:1,8:1},{5:2},{5:1,7:1},{7:2},{7:2},{7:2},{8:2},{8:2},{8:2}])[0m
[32m2025-01-01 15:27:44,724 - INFO - False[0m
   169   334 1300.00000   11   14 2452.00000 1300.00000  47.0%   753 2527s
[32m2025-01-01 15:28:01,217 - INFO - d_prime: 11 d: 13[0m
[32m2025-01-01 15:28:01,220 - INFO - d_prime: 12 d: 13[0m
[32m2025-01-01 15:28:01,222 - INFO - d_prime: 13 d: 13[0m
[32m2025-01-01 15:28:01,225 - INFO - forbidden_vars: ([{1:1},{4:1},{5:1},{5:1},{7:1},{8:1},{0:1,4:1},{0:1,4:1},{0:1,2:1},{0:2},{1:1,7:1},{1:1,5:1},{2:1,4:1},{2:1,3:1},{2:1,4:1},{2:1,5:1},{2:1,7:1},{2:1,5:1},{3:1,5:1},{3:1,4:1},{3:1,5:1},{3:1,8:1},{4:2},{4:1,5:1},{4:1,5:1},{5:1,7:1},{5:1,7:1},{5:2},{5:1,8:1},{5:2},{5:1,8:1},{5:1,8:1},{5:2},{5:1,7:1},{7:2},{7:2},{7:2},{8:2},{8:2},{8:2}])[0m
[32m2025-01-01 15:28:01,225 - INFO - False[0m
[32m2025-01-01 15:28:08,633 - INFO - d_prime: 11 d: 13[0m
[32m2025-01-01 15:28:08,636 - INFO - d_prime: 12 d: 13[0m
[32m2025-01-01 15:28:08,639 - INFO - d_prime: 13 d: 13[0m
[32m2025-01-01 15:28:08,641 - INFO - forbidden_vars: ([{1:1},{4:1},{5:1},{5:1},{7:1},{8:1},{0:1,4:1},{0:1,4:1},{0:1,2:1},{0:2},{1:1,7:1},{1:1,5:1},{2:1,4:1},{2:1,3:1},{2:1,4:1},{2:1,5:1},{2:1,7:1},{2:1,5:1},{3:1,5:1},{3:1,4:1},{3:1,8:1},{3:1,8:1},{4:2},{4:1,5:1},{4:1,5:1},{5:1,7:1},{5:1,7:1},{5:2},{5:1,8:1},{5:2},{5:2},{5:1,8:1},{5:2},{5:1,7:1},{7:2},{7:2},{7:2},{8:2},{8:2},{8:2}])[0m
[32m2025-01-01 15:28:08,641 - INFO - False[0m
[32m2025-01-01 15:33:35,059 - INFO - d_prime: 7 d: 7[0m
[32m2025-01-01 15:33:35,062 - INFO - d_prime: 8 d: 7[0m
[32m2025-01-01 15:33:35,063 - INFO - d_prime: 9 d: 7[0m
[32m2025-01-01 15:33:35,065 - INFO - d_prime: 10 d: 7[0m
[32m2025-01-01 15:33:35,067 - INFO - d_prime: 11 d: 7[0m
[32m2025-01-01 15:33:35,068 - INFO - d_prime: 12 d: 7[0m
[32m2025-01-01 15:33:35,070 - INFO - d_prime: 13 d: 7[0m
[32m2025-01-01 15:33:35,072 - INFO - forbidden_vars: ([{2:1},{2:1},{3:1},{3:1},{4:1},{5:1},{6:1},{6:1},{7:1},{1:1,9:1},{1:1,7:1},{2:2},{2:2},{2:1,9:1},{2:2},{2:1,7:1},{3:1,9:1},{4:2},{5:2},{5:1,7:1},{5:1,9:1},{5:1,6:1},{5:2},{6:1,7:1},{6:1,9:1},{6:1,8:1},{6:1,8:1},{6:1,9:1},{7:2},{8:2},{8:1,9:1},{8:1,9:1},{8:1,9:1},{9:2},{9:2}])[0m
[32m2025-01-01 15:33:35,072 - INFO - False[0m
[32m2025-01-01 15:33:58,554 - INFO - d_prime: 11 d: 13[0m
[32m2025-01-01 15:33:58,557 - INFO - d_prime: 12 d: 13[0m
[32m2025-01-01 15:33:58,560 - INFO - d_prime: 13 d: 13[0m
[32m2025-01-01 15:33:58,562 - INFO - forbidden_vars: ([{1:1},{4:1},{5:1},{5:1},{5:1},{8:1},{0:1,4:1},{0:1,4:1},{0:1,2:1},{0:2},{1:1,7:1},{1:1,5:1},{2:1,4:1},{2:1,4:1},{2:1,4:1},{2:1,5:1},{2:1,7:1},{2:1,5:1},{3:1,4:1},{3:1,5:1},{3:1,8:1},{3:1,8:1},{4:2},{4:1,5:1},{4:1,5:1},{4:1,5:1},{5:1,7:1},{5:1,7:1},{5:2},{5:2},{5:1,8:1},{5:2},{5:2},{7:2},{7:2},{7:2},{8:2},{8:2},{8:2},{8:2}])[0m
[32m2025-01-01 15:33:58,562 - INFO - False[0m
[32m2025-01-01 15:34:07,459 - INFO - d_prime: 11 d: 13[0m
[32m2025-01-01 15:34:07,462 - INFO - d_prime: 12 d: 13[0m
[32m2025-01-01 15:34:07,464 - INFO - d_prime: 13 d: 13[0m
[32m2025-01-01 15:34:07,466 - INFO - forbidden_vars: ([{1:1},{4:1},{5:1},{5:1},{7:1},{8:1},{0:1,4:1},{0:1,4:1},{0:1,2:1},{0:2},{1:1,7:1},{1:1,5:1},{2:1,4:1},{2:1,3:1},{2:1,4:1},{2:1,5:1},{2:1,7:1},{2:1,5:1},{3:1,4:1},{3:1,5:1},{3:1,8:1},{3:1,8:1},{4:2},{4:1,5:1},{4:1,5:1},{5:1,7:1},{5:1,7:1},{5:2},{5:2},{5:1,8:1},{5:2},{5:1,8:1},{5:2},{5:1,7:1},{7:2},{7:2},{7:2},{8:2},{8:2},{8:2}])[0m
[32m2025-01-01 15:34:07,467 - INFO - False[0m
[32m2025-01-01 15:34:24,558 - INFO - d_prime: 11 d: 13[0m
[32m2025-01-01 15:34:24,561 - INFO - d_prime: 12 d: 13[0m
[32m2025-01-01 15:34:24,564 - INFO - d_prime: 13 d: 13[0m
[32m2025-01-01 15:34:24,566 - INFO - forbidden_vars: ([{1:1},{4:1},{5:1},{5:1},{7:1},{8:1},{0:1,4:1},{0:1,4:1},{0:1,2:1},{0:2},{1:1,7:1},{1:1,5:1},{2:1,4:1},{2:1,3:1},{2:1,4:1},{2:1,5:1},{2:1,7:1},{2:1,5:1},{3:1,5:1},{3:1,4:1},{3:1,5:1},{3:1,8:1},{4:2},{4:1,5:1},{4:1,5:1},{5:1,7:1},{5:1,7:1},{5:2},{5:1,8:1},{5:2},{5:1,8:1},{5:1,8:1},{5:2},{5:1,7:1},{7:2},{7:2},{7:2},{8:2},{8:2},{8:2}])[0m
[32m2025-01-01 15:34:24,566 - INFO - True[0m
[32m2025-01-01 15:34:35,265 - INFO - d_prime: 11 d: 13[0m
[32m2025-01-01 15:34:35,268 - INFO - d_prime: 12 d: 13[0m
[32m2025-01-01 15:34:35,270 - INFO - d_prime: 13 d: 13[0m
[32m2025-01-01 15:34:35,272 - INFO - forbidden_vars: ([{1:1},{4:1},{5:1},{5:1},{7:1},{8:1},{0:1,4:1},{0:1,4:1},{0:1,2:1},{0:2},{1:1,7:1},{1:1,5:1},{2:1,4:1},{2:1,5:1},{2:1,4:1},{2:1,5:1},{2:1,7:1},{2:1,5:1},{3:1,5:1},{3:1,4:1},{3:1,5:1},{3:1,8:1},{4:2},{4:1,5:1},{4:1,5:1},{5:1,7:1},{5:1,7:1},{5:2},{5:1,8:1},{5:2},{5:1,8:1},{5:1,8:1},{5:2},{5:1,7:1},{7:2},{7:2},{7:2},{8:2},{8:2},{8:2}])[0m
[32m2025-01-01 15:34:35,272 - INFO - False[0m
[32m2025-01-01 15:34:56,676 - INFO - d_prime: 11 d: 13[0m
[32m2025-01-01 15:34:56,679 - INFO - d_prime: 12 d: 13[0m
[32m2025-01-01 15:34:56,682 - INFO - d_prime: 13 d: 13[0m
[32m2025-01-01 15:34:56,684 - INFO - forbidden_vars: ([{1:1},{4:1},{5:1},{5:1},{5:1},{7:1},{8:1},{0:1,4:1},{0:1,4:1},{0:1,2:1},{0:2},{1:1,7:1},{1:1,5:1},{2:1,4:1},{2:1,5:1},{2:1,4:1},{2:1,5:1},{2:1,7:1},{2:1,5:1},{3:1,5:1},{3:1,4:1},{3:1,5:1},{3:1,8:1},{4:2},{4:1,5:1},{4:1,5:1},{5:1,7:1},{5:1,7:1},{5:2},{5:1,8:1},{5:2},{5:1,8:1},{5:1,8:1},{5:1,7:1},{7:2},{7:2},{7:2},{8:2},{8:2},{8:2}])[0m
[32m2025-01-01 15:34:56,684 - INFO - False[0m
[32m2025-01-01 15:35:04,671 - INFO - d_prime: 11 d: 13[0m
[32m2025-01-01 15:35:04,674 - INFO - d_prime: 12 d: 13[0m
[32m2025-01-01 15:35:04,677 - INFO - d_prime: 13 d: 13[0m
[32m2025-01-01 15:35:04,679 - INFO - forbidden_vars: ([{1:1},{4:1},{5:1},{7:1},{8:1},{0:1,4:1},{0:1,4:1},{0:1,2:1},{0:2},{1:1,5:1},{1:1,5:1},{2:1,4:1},{2:1,3:1},{2:1,4:1},{2:1,4:1},{2:1,5:1},{2:1,7:1},{2:1,5:1},{3:1,4:1},{3:1,5:1},{3:1,8:1},{4:1,5:1},{4:1,5:1},{4:1,5:1},{5:1,7:1},{5:1,7:1},{5:1,7:1},{5:2},{5:1,8:1},{5:2},{5:1,8:1},{5:1,8:1},{5:2},{5:1,7:1},{7:2},{7:2},{7:2},{8:2},{8:2},{8:2}])[0m
[32m2025-01-01 15:35:04,679 - INFO - False[0m
[32m2025-01-01 15:35:12,103 - INFO - d_prime: 11 d: 13[0m
[32m2025-01-01 15:35:12,106 - INFO - d_prime: 12 d: 13[0m
[32m2025-01-01 15:35:12,109 - INFO - d_prime: 13 d: 13[0m
[32m2025-01-01 15:35:12,111 - INFO - forbidden_vars: ([{1:1},{4:1},{5:1},{7:1},{8:1},{0:1,4:1},{0:1,4:1},{0:1,2:1},{0:2},{1:1,5:1},{1:1,5:1},{2:1,4:1},{2:1,3:1},{2:1,5:1},{2:1,4:1},{2:1,4:1},{2:1,5:1},{2:1,7:1},{2:1,5:1},{3:1,4:1},{3:1,5:1},{3:1,8:1},{4:1,5:1},{4:1,5:1},{5:1,7:1},{5:1,7:1},{5:1,7:1},{5:2},{5:1,8:1},{5:2},{5:1,8:1},{5:1,8:1},{5:2},{5:1,7:1},{7:2},{7:2},{7:2},{8:2},{8:2},{8:2}])[0m
[32m2025-01-01 15:35:12,111 - INFO - False[0m
H  281   355                    2319.0000000 1300.00000  43.9%   573 3016s
[32m2025-01-01 15:36:25,254 - INFO - d_prime: 11 d: 13[0m
[32m2025-01-01 15:36:25,257 - INFO - d_prime: 12 d: 13[0m
[32m2025-01-01 15:36:25,260 - INFO - d_prime: 13 d: 13[0m
[32m2025-01-01 15:36:25,262 - INFO - forbidden_vars: ([{1:1},{4:1},{5:1},{5:1},{7:1},{8:1},{0:1,4:1},{0:1,4:1},{0:1,2:1},{0:2},{1:1,5:1},{1:1,5:1},{1:1,5:1},{2:1,4:1},{2:1,3:1},{2:1,4:1},{2:1,5:1},{2:1,7:1},{2:1,5:1},{3:1,5:1},{3:1,4:1},{3:1,5:1},{3:1,8:1},{3:1,5:1},{4:1,5:1},{4:1,5:1},{4:1,5:1},{5:1,7:1},{5:1,7:1},{5:2},{5:1,8:1},{5:1,8:1},{5:1,8:1},{5:2},{7:2},{7:2},{7:2},{8:2},{8:2},{8:2}])[0m
[32m2025-01-01 15:36:25,262 - INFO - False[0m
[32m2025-01-01 15:36:37,007 - INFO - d_prime: 11 d: 13[0m
[32m2025-01-01 15:36:37,010 - INFO - d_prime: 12 d: 13[0m
[32m2025-01-01 15:36:37,013 - INFO - d_prime: 13 d: 13[0m
[32m2025-01-01 15:36:37,015 - INFO - forbidden_vars: ([{1:1},{4:1},{5:1},{7:1},{8:1},{0:1,4:1},{0:1,4:1},{0:1,2:1},{0:2},{1:1,5:1},{1:1,5:1},{2:1,4:1},{2:1,3:1},{2:1,4:1},{2:1,5:1},{2:1,7:1},{2:1,5:1},{3:1,4:1},{3:1,5:1},{3:1,8:1},{4:1,5:1},{4:1,5:1},{4:1,5:1},{4:1,5:1},{5:1,7:1},{5:1,7:1},{5:1,7:1},{5:2},{5:1,8:1},{5:2},{5:1,8:1},{5:1,8:1},{5:2},{5:1,7:1},{7:2},{7:2},{7:2},{8:2},{8:2},{8:2}])[0m
[32m2025-01-01 15:36:37,015 - INFO - False[0m
[32m2025-01-01 15:36:50,729 - INFO - d_prime: 11 d: 13[0m
[32m2025-01-01 15:36:50,732 - INFO - d_prime: 12 d: 13[0m
[32m2025-01-01 15:36:50,734 - INFO - d_prime: 13 d: 13[0m
[32m2025-01-01 15:36:50,737 - INFO - forbidden_vars: ([{4:1},{5:1},{5:1},{7:1},{8:1},{0:1,4:1},{0:1,4:1},{0:1,2:1},{0:2},{1:1,5:1},{1:1,5:1},{2:1,4:1},{2:1,3:1},{2:1,4:1},{2:1,5:1},{2:1,7:1},{2:1,5:1},{3:1,5:1},{3:1,4:1},{3:1,5:1},{3:1,8:1},{3:1,5:1},{4:2},{4:1,5:1},{4:1,5:1},{5:1,7:1},{5:1,7:1},{5:1,7:1},{5:2},{5:1,8:1},{5:2},{5:1,8:1},{5:2},{5:1,7:1},{7:2},{7:2},{7:2},{8:2},{8:2},{8:2}])[0m
[32m2025-01-01 15:36:50,737 - INFO - False[0m
[32m2025-01-01 15:37:24,820 - INFO - d_prime: 11 d: 13[0m
[32m2025-01-01 15:37:24,823 - INFO - d_prime: 12 d: 13[0m
[32m2025-01-01 15:37:24,826 - INFO - d_prime: 13 d: 13[0m
[32m2025-01-01 15:37:24,828 - INFO - forbidden_vars: ([{1:1},{4:1},{5:1},{7:1},{8:1},{0:1,4:1},{0:1,4:1},{0:1,2:1},{0:2},{1:1,5:1},{1:1,5:1},{2:1,4:1},{2:1,3:1},{2:1,4:1},{2:1,5:1},{2:1,7:1},{2:1,5:1},{3:1,5:1},{3:1,4:1},{3:1,4:1},{3:1,8:1},{3:1,8:1},{4:1,5:1},{4:1,5:1},{5:1,7:1},{5:1,7:1},{5:1,7:1},{5:2},{5:1,8:1},{5:2},{5:1,8:1},{5:1,8:1},{5:2},{5:1,7:1},{7:2},{7:2},{7:2},{8:2},{8:2},{8:2}])[0m
[32m2025-01-01 15:37:24,828 - INFO - False[0m
   415   553 1300.00000   10    - 2319.00000 1300.00000  43.9%   404 3107s
[32m2025-01-01 15:37:35,511 - INFO - d_prime: 11 d: 13[0m
[32m2025-01-01 15:37:35,513 - INFO - d_prime: 12 d: 13[0m
[32m2025-01-01 15:37:35,516 - INFO - d_prime: 13 d: 13[0m
[32m2025-01-01 15:37:35,518 - INFO - forbidden_vars: ([{1:1},{4:1},{5:1},{7:1},{8:1},{0:1,4:1},{0:1,4:1},{0:1,2:1},{0:2},{1:1,5:1},{1:1,5:1},{2:1,4:1},{2:1,3:1},{2:1,4:1},{2:1,5:1},{2:1,7:1},{2:1,5:1},{3:1,5:1},{3:1,4:1},{3:1,4:1},{3:1,5:1},{3:1,8:1},{4:1,5:1},{4:1,5:1},{5:1,7:1},{5:1,7:1},{5:1,7:1},{5:2},{5:2},{5:1,8:1},{5:2},{5:1,7:1},{7:2},{7:2},{7:2},{8:2},{8:2},{8:2},{8:2},{8:2}])[0m
[32m2025-01-01 15:37:35,518 - INFO - False[0m
[32m2025-01-01 15:37:56,746 - INFO - d_prime: 11 d: 13[0m
[32m2025-01-01 15:37:56,749 - INFO - d_prime: 12 d: 13[0m
[32m2025-01-01 15:37:56,752 - INFO - d_prime: 13 d: 13[0m
[32m2025-01-01 15:37:56,754 - INFO - forbidden_vars: ([{1:1},{4:1},{5:1},{7:1},{8:1},{0:1,4:1},{0:1,4:1},{0:1,2:1},{0:2},{1:1,5:1},{1:1,5:1},{2:1,4:1},{2:1,3:1},{2:1,4:1},{2:1,5:1},{2:1,7:1},{2:1,5:1},{3:1,5:1},{3:1,4:1},{3:1,4:1},{3:1,5:1},{3:1,8:1},{4:1,5:1},{4:1,5:1},{5:1,7:1},{5:1,7:1},{5:1,7:1},{5:2},{5:1,8:1},{5:2},{5:1,8:1},{5:2},{5:1,7:1},{7:2},{7:2},{7:2},{8:2},{8:2},{8:2},{8:2}])[0m
[32m2025-01-01 15:37:56,754 - INFO - True[0m
[32m2025-01-01 15:38:53,284 - INFO - d_prime: 11 d: 13[0m
[32m2025-01-01 15:38:53,287 - INFO - d_prime: 12 d: 13[0m
[32m2025-01-01 15:38:53,289 - INFO - d_prime: 13 d: 13[0m
[32m2025-01-01 15:38:53,291 - INFO - forbidden_vars: ([{4:1},{8:1},{0:1,2:1},{0:1,9:1},{0:1,2:1},{0:1,2:1},{1:1,7:1},{1:2},{1:1,5:1},{2:1,9:1},{2:1,3:1},{2:1,3:1},{2:1,4:1},{2:1,4:1},{2:1,4:1},{2:1,3:1},{2:1,3:1},{2:1,7:1},{2:1,3:1},{3:1,9:1},{3:1,9:1},{3:1,8:1},{4:1,5:1},{4:1,9:1},{4:2},{5:1,7:1},{5:2},{5:2},{5:1,7:1},{5:1,7:1},{5:2},{5:2},{5:1,8:1},{5:1,8:1},{5:1,8:1},{7:2},{7:1,9:1},{8:1,9:1},{8:1,9:1},{8:2}])[0m
[32m2025-01-01 15:38:53,291 - INFO - False[0m
[32m2025-01-01 15:39:07,558 - INFO - d_prime: 11 d: 13[0m
[32m2025-01-01 15:39:07,561 - INFO - d_prime: 12 d: 13[0m
[32m2025-01-01 15:39:07,564 - INFO - d_prime: 13 d: 13[0m
[32m2025-01-01 15:39:07,566 - INFO - forbidden_vars: ([{1:1},{5:1},{7:1},{8:1},{8:1},{0:1,4:1},{0:1,4:1},{0:1,2:1},{0:2},{1:1,5:1},{1:1,5:1},{2:1,4:1},{2:1,3:1},{2:1,4:1},{2:1,4:1},{2:1,5:1},{2:1,7:1},{2:1,5:1},{3:1,5:1},{3:1,4:1},{3:1,5:1},{4:1,5:1},{4:1,5:1},{4:1,5:1},{5:1,7:1},{5:1,7:1},{5:1,7:1},{5:2},{5:1,8:1},{5:2},{5:1,8:1},{5:1,8:1},{5:2},{5:1,7:1},{7:2},{7:2},{7:2},{8:2},{8:2},{8:2}])[0m
[32m2025-01-01 15:39:07,566 - INFO - False[0m
[32m2025-01-01 15:39:19,266 - INFO - d_prime: 11 d: 13[0m
[32m2025-01-01 15:39:19,269 - INFO - d_prime: 12 d: 13[0m
[32m2025-01-01 15:39:19,271 - INFO - d_prime: 13 d: 13[0m
[32m2025-01-01 15:39:19,273 - INFO - forbidden_vars: ([{1:1},{4:1},{5:1},{7:1},{8:1},{0:1,4:1},{0:1,4:1},{0:1,2:1},{0:2},{1:1,5:1},{1:1,5:1},{2:1,4:1},{2:1,3:1},{2:1,4:1},{2:1,4:1},{2:1,5:1},{2:1,7:1},{2:1,5:1},{3:1,5:1},{3:1,4:1},{3:1,5:1},{4:1,5:1},{4:1,5:1},{5:1,7:1},{5:1,7:1},{5:1,7:1},{5:2},{5:1,8:1},{5:2},{5:1,8:1},{5:1,8:1},{5:1,8:1},{5:2},{5:1,7:1},{7:2},{7:2},{7:2},{8:2},{8:2},{8:2}])[0m
[32m2025-01-01 15:39:19,273 - INFO - False[0m
[32m2025-01-01 15:39:53,032 - INFO - d_prime: 11 d: 13[0m
[32m2025-01-01 15:39:53,035 - INFO - d_prime: 12 d: 13[0m
[32m2025-01-01 15:39:53,038 - INFO - d_prime: 13 d: 13[0m
[32m2025-01-01 15:39:53,040 - INFO - forbidden_vars: ([{1:1},{4:1},{5:1},{7:1},{8:1},{0:1,4:1},{0:1,4:1},{0:1,2:1},{0:2},{1:1,7:1},{1:1,7:1},{1:1,5:1},{2:1,4:1},{2:1,3:1},{2:1,4:1},{2:1,5:1},{2:1,7:1},{2:1,5:1},{3:1,5:1},{3:1,4:1},{3:1,8:1},{3:1,8:1},{4:2},{4:1,5:1},{4:1,5:1},{5:1,7:1},{5:1,7:1},{5:1,7:1},{5:2},{5:1,8:1},{5:2},{5:2},{5:1,8:1},{5:2},{5:1,7:1},{7:2},{7:2},{8:2},{8:2},{8:2}])[0m
[32m2025-01-01 15:39:53,040 - INFO - False[0m
[32m2025-01-01 15:40:19,964 - INFO - d_prime: 11 d: 13[0m
[32m2025-01-01 15:40:19,967 - INFO - d_prime: 12 d: 13[0m
[32m2025-01-01 15:40:19,969 - INFO - d_prime: 13 d: 13[0m
[32m2025-01-01 15:40:19,971 - INFO - forbidden_vars: ([{1:1},{4:1},{5:1},{7:1},{8:1},{0:1,4:1},{0:1,4:1},{0:1,2:1},{0:2},{1:1,7:1},{1:1,5:1},{1:1,5:1},{2:1,4:1},{2:1,3:1},{2:1,4:1},{2:1,5:1},{2:1,7:1},{2:1,5:1},{3:1,5:1},{3:1,4:1},{3:1,5:1},{3:1,8:1},{3:1,8:1},{4:2},{4:1,5:1},{4:1,5:1},{5:1,7:1},{5:1,7:1},{5:2},{5:1,8:1},{5:2},{5:1,8:1},{5:2},{5:1,7:1},{7:2},{7:2},{7:2},{8:2},{8:2},{8:2}])[0m
[32m2025-01-01 15:40:19,971 - INFO - False[0m
[32m2025-01-01 15:40:45,903 - INFO - d_prime: 8 d: 8[0m
[32m2025-01-01 15:40:45,905 - INFO - d_prime: 9 d: 8[0m
[32m2025-01-01 15:40:45,907 - INFO - d_prime: 10 d: 8[0m
[32m2025-01-01 15:40:45,909 - INFO - d_prime: 11 d: 8[0m
[32m2025-01-01 15:40:45,911 - INFO - d_prime: 12 d: 8[0m
[32m2025-01-01 15:40:45,913 - INFO - d_prime: 13 d: 8[0m
[32m2025-01-01 15:40:45,915 - INFO - forbidden_vars: ([{0:1},{1:1},{3:1},{4:1},{5:1},{8:1},{0:1,9:1},{1:1,5:1},{1:1,7:1},{1:1,2:1},{2:1,9:1},{2:1,9:1},{2:2},{2:2},{2:1,9:1},{2:2},{2:1,6:1},{3:1,5:1},{3:1,5:1},{3:1,5:1},{4:1,5:1},{5:1,9:1},{5:2},{5:1,7:1},{5:1,6:1},{5:1,9:1},{5:1,6:1},{5:1,8:1},{5:1,7:1},{6:1,7:1},{6:1,8:1},{6:1,8:1},{6:1,7:1},{7:2},{7:2},{8:2},{8:1,9:1}])[0m
[32m2025-01-01 15:40:45,915 - INFO - False[0m
[32m2025-01-01 15:41:18,304 - INFO - d_prime: 11 d: 13[0m
[32m2025-01-01 15:41:18,306 - INFO - d_prime: 12 d: 13[0m
[32m2025-01-01 15:41:18,309 - INFO - d_prime: 13 d: 13[0m
[32m2025-01-01 15:41:18,311 - INFO - forbidden_vars: ([{1:1},{2:1},{7:1},{8:1},{0:1,2:1},{0:1,3:1},{0:1,5:1},{0:1,5:1},{0:1,5:1},{1:1,7:1},{1:1,5:1},{1:1,7:1},{2:1,9:1},{2:1,9:1},{2:1,3:1},{2:1,3:1},{3:1,9:1},{3:1,5:1},{3:1,9:1},{3:2},{3:1,9:1},{4:1,9:1},{4:1,5:1},{5:1,9:1},{5:1,7:1},{5:2},{5:1,7:1},{5:1,9:1},{5:1,8:1},{5:1,8:1},{5:1,8:1},{5:1,8:1},{5:2},{5:1,9:1},{7:2},{7:1,9:1},{8:2},{8:2},{8:2},{8:2}])[0m
[32m2025-01-01 15:41:18,311 - INFO - False[0m
[32m2025-01-01 15:41:56,560 - INFO - d_prime: 9 d: 11[0m
[32m2025-01-01 15:41:56,562 - INFO - d_prime: 10 d: 11[0m
[32m2025-01-01 15:41:56,563 - INFO - d_prime: 11 d: 11[0m
[32m2025-01-01 15:41:56,565 - INFO - d_prime: 12 d: 11[0m
[32m2025-01-01 15:41:56,566 - INFO - d_prime: 13 d: 11[0m
[32m2025-01-01 15:41:56,568 - INFO - forbidden_vars: ([{0:1},{2:1},{2:1},{2:1},{3:1},{3:1},{3:1},{4:1},{6:1},{6:1},{6:1},{6:1},{6:1},{7:1},{8:1},{9:1},{9:1},{0:2},{0:1,2:1},{0:1,6:1},{0:1,1:1},{1:1,7:1},{1:1,7:1},{2:1,4:1},{2:2},{2:2},{2:2},{3:1,9:1},{3:1,6:1},{3:1,8:1},{3:1,8:1},{4:2},{5:1,7:1},{6:1,7:1},{6:1,7:1},{7:2},{9:2}])[0m
[32m2025-01-01 15:41:56,568 - INFO - False[0m
   670   898 1300.00000   10    6 2319.00000 1300.00000  43.9%   295 3400s
[32m2025-01-01 15:42:34,157 - INFO - d_prime: 11 d: 13[0m
[32m2025-01-01 15:42:34,160 - INFO - d_prime: 12 d: 13[0m
[32m2025-01-01 15:42:34,163 - INFO - d_prime: 13 d: 13[0m
[32m2025-01-01 15:42:34,165 - INFO - forbidden_vars: ([{1:1},{4:1},{5:1},{5:1},{7:1},{8:1},{0:1,4:1},{0:1,4:1},{0:1,2:1},{0:2},{1:1,7:1},{2:1,4:1},{2:1,3:1},{2:1,4:1},{2:1,5:1},{2:1,7:1},{2:1,5:1},{3:1,5:1},{3:1,4:1},{3:1,5:1},{3:1,8:1},{3:1,8:1},{4:2},{4:1,5:1},{4:1,5:1},{5:1,7:1},{5:1,7:1},{5:2},{5:1,8:1},{5:2},{5:1,8:1},{5:2},{5:2},{5:1,7:1},{7:2},{7:2},{7:2},{8:2},{8:2},{8:2}])[0m
[32m2025-01-01 15:42:34,165 - INFO - False[0m
[32m2025-01-01 15:42:54,767 - INFO - d_prime: 9 d: 12[0m
[32m2025-01-01 15:42:54,769 - INFO - d_prime: 10 d: 12[0m
[32m2025-01-01 15:42:54,771 - INFO - d_prime: 11 d: 12[0m
[32m2025-01-01 15:42:54,773 - INFO - d_prime: 12 d: 12[0m
[32m2025-01-01 15:42:54,775 - INFO - d_prime: 13 d: 12[0m
[32m2025-01-01 15:42:54,777 - INFO - forbidden_vars: ([{2:1},{3:1},{5:1},{6:1},{6:1},{0:2},{0:2},{1:1,6:1},{1:1,2:1},{1:1,3:1},{2:1,4:1},{2:2},{2:1,5:1},{2:1,4:1},{2:2},{2:1,4:1},{3:1,4:1},{3:2},{3:1,4:1},{3:1,8:1},{3:1,6:1},{4:2},{5:1,7:1},{5:1,6:1},{5:1,9:1},{6:1,9:1},{6:1,9:1},{6:1,7:1},{6:1,7:1},{6:2},{6:2},{6:2},{7:1,9:1},{7:2},{8:1,9:1},{9:2},{9:2}])[0m
[32m2025-01-01 15:42:54,777 - INFO - False[0m
   832   900 1300.00000   39  137 2319.00000 1300.00000  43.9%   249 3456s
[32m2025-01-01 15:44:05,938 - INFO - d_prime: 11 d: 13[0m
[32m2025-01-01 15:44:05,941 - INFO - d_prime: 12 d: 13[0m
[32m2025-01-01 15:44:05,944 - INFO - d_prime: 13 d: 13[0m
[32m2025-01-01 15:44:05,946 - INFO - forbidden_vars: ([{1:1},{5:1},{5:1},{5:1},{7:1},{8:1},{0:1,7:1},{0:1,4:1},{0:1,4:1},{0:1,2:1},{0:2},{1:1,5:1},{1:1,5:1},{2:1,4:1},{2:1,3:1},{2:1,4:1},{2:1,4:1},{2:1,7:1},{2:1,5:1},{3:1,4:1},{3:1,5:1},{4:1,5:1},{4:1,5:1},{4:1,5:1},{5:1,7:1},{5:1,7:1},{5:1,7:1},{5:2},{5:1,8:1},{5:2},{5:1,8:1},{5:1,8:1},{5:1,8:1},{5:2},{7:2},{7:2},{7:2},{8:2},{8:2},{8:2}])[0m
[32m2025-01-01 15:44:05,946 - INFO - False[0m
[32m2025-01-01 15:44:34,657 - INFO - d_prime: 11 d: 13[0m
[32m2025-01-01 15:44:34,660 - INFO - d_prime: 12 d: 13[0m
[32m2025-01-01 15:44:34,663 - INFO - d_prime: 13 d: 13[0m
[32m2025-01-01 15:44:34,665 - INFO - forbidden_vars: ([{1:1},{4:1},{5:1},{5:1},{8:1},{0:1,2:1},{0:1,4:1},{0:1,4:1},{0:1,2:1},{0:2},{1:1,5:1},{1:1,5:1},{2:1,4:1},{2:1,3:1},{2:1,4:1},{2:1,4:1},{2:1,5:1},{2:1,5:1},{3:1,4:1},{3:1,5:1},{4:1,5:1},{4:1,5:1},{4:1,5:1},{5:1,7:1},{5:1,7:1},{5:1,7:1},{5:1,7:1},{5:2},{5:1,8:1},{5:2},{5:1,8:1},{5:1,8:1},{5:2},{5:1,7:1},{7:2},{7:2},{7:2},{8:2},{8:2},{8:2}])[0m
[32m2025-01-01 15:44:34,665 - INFO - False[0m
[32m2025-01-01 15:45:18,935 - INFO - d_prime: 11 d: 13[0m
[32m2025-01-01 15:45:18,938 - INFO - d_prime: 12 d: 13[0m
[32m2025-01-01 15:45:18,941 - INFO - d_prime: 13 d: 13[0m
[32m2025-01-01 15:45:18,943 - INFO - forbidden_vars: ([{1:1},{1:1},{4:1},{5:1},{5:1},{7:1},{0:1,4:1},{0:1,4:1},{0:1,2:1},{0:2},{1:1,5:1},{2:1,4:1},{2:1,3:1},{2:1,4:1},{2:1,4:1},{2:1,5:1},{2:1,7:1},{2:1,5:1},{3:1,4:1},{3:1,5:1},{4:1,5:1},{4:1,5:1},{4:1,5:1},{5:1,7:1},{5:1,7:1},{5:1,7:1},{5:2},{5:1,8:1},{5:2},{5:1,8:1},{5:1,8:1},{5:1,8:1},{5:1,7:1},{7:2},{7:2},{7:2},{8:2},{8:2},{8:2},{8:2}])[0m
[32m2025-01-01 15:45:18,944 - INFO - False[0m
