1.NAME: LBBDSolver
2.PARAMS: {'break_symmetry': False, 'add_constraints_to_symmetrc_days': True, 'subsolver_cls': 'CPSubSolver'}
3.INSTANCE: /home/wx350715/Kobra/rehabiliation-admission-scheduling/data/comp_study_002/instance_4_15.txt
4.REPETITION: 1
Current directory: /home/wx350715/Kobra/rehabiliation-admission-scheduling
[34m2025-01-01 15:58:48,885 - DEBUG - Solver: <class 'src.solvers.benders.LBBDSolver'>[0m
[34m2025-01-01 15:58:48,885 - DEBUG - Args: {'break_symmetry': False, 'add_constraints_to_symmetrc_days': True, 'subsolver_cls': 'CPSubSolver'}[0m
[34m2025-01-01 15:58:48,885 - DEBUG - File path /home/wx350715/Kobra/rehabiliation-admission-scheduling/data/comp_study_002/instance_4_15.txt[0m
[34m2025-01-01 15:58:48,886 - DEBUG - ADD INSTANCE DATA[0m
[34m2025-01-01 15:58:48,886 - DEBUG - ADD INSTANCE DATA[0m
[34m2025-01-01 15:58:48,886 - DEBUG - ADD INSTANCE DATA[0m
[34m2025-01-01 15:58:48,886 - DEBUG - ADD INSTANCE DATA[0m
[34m2025-01-01 15:58:48,886 - DEBUG - ADD INSTANCE DATA[0m
[34m2025-01-01 15:58:48,886 - DEBUG - ADD INSTANCE DATA[0m
[34m2025-01-01 15:58:48,886 - DEBUG - ADD INSTANCE DATA[0m
[34m2025-01-01 15:58:48,886 - DEBUG - ADD INSTANCE DATA[0m
[34m2025-01-01 15:58:48,886 - DEBUG - ADD INSTANCE DATA[0m
[34m2025-01-01 15:58:48,886 - DEBUG - ADD INSTANCE DATA[0m
[34m2025-01-01 15:58:48,886 - DEBUG - ADD INSTANCE DATA[0m
[34m2025-01-01 15:58:48,886 - DEBUG - ADD RESOURCE_GROUPS[0m
[34m2025-01-01 15:58:48,886 - DEBUG - ADD RESOURCE_GROUPS[0m
[34m2025-01-01 15:58:48,886 - DEBUG - ADD RESOURCE_GROUPS[0m
[34m2025-01-01 15:58:48,886 - DEBUG - ADD RESOURCE_GROUPS[0m
[34m2025-01-01 15:58:48,886 - DEBUG - ADD RESOURCES[0m
[34m2025-01-01 15:58:48,886 - DEBUG - ADD RESOURCES[0m
[34m2025-01-01 15:58:48,886 - DEBUG - ADD RESOURCES[0m
[34m2025-01-01 15:58:48,887 - DEBUG - ADD RESOURCES[0m
[34m2025-01-01 15:58:48,887 - DEBUG - ADD RESOURCES[0m
[34m2025-01-01 15:58:48,887 - DEBUG - ADD RESOURCES[0m
[34m2025-01-01 15:58:48,887 - DEBUG - ADD RESOURCES[0m
[34m2025-01-01 15:58:48,887 - DEBUG - ADD RESOURCES[0m
[34m2025-01-01 15:58:48,887 - DEBUG - ADD RESOURCES[0m
[34m2025-01-01 15:58:48,887 - DEBUG - ADD RESOURCES[0m
[34m2025-01-01 15:58:48,887 - DEBUG - ADD TREATMENTS[0m
[34m2025-01-01 15:58:48,887 - DEBUG - ADD TREATMENTS[0m
[34m2025-01-01 15:58:48,887 - DEBUG - ADD TREATMENTS[0m
[34m2025-01-01 15:58:48,887 - DEBUG - ADD TREATMENTS[0m
[34m2025-01-01 15:58:48,887 - DEBUG - ADD TREATMENTS[0m
[34m2025-01-01 15:58:48,887 - DEBUG - ADD TREATMENTS[0m
[34m2025-01-01 15:58:48,888 - DEBUG - ADD TREATMENTS[0m
[34m2025-01-01 15:58:48,888 - DEBUG - ADD TREATMENTS[0m
[34m2025-01-01 15:58:48,888 - DEBUG - ADD PATIENTS[0m
[34m2025-01-01 15:58:48,888 - DEBUG - ADD PATIENTS[0m
[34m2025-01-01 15:58:48,888 - DEBUG - ADD PATIENTS[0m
[34m2025-01-01 15:58:48,888 - DEBUG - ADD PATIENTS[0m
[34m2025-01-01 15:58:48,888 - DEBUG - ADD PATIENTS[0m
[34m2025-01-01 15:58:48,888 - DEBUG - ADD PATIENTS[0m
[34m2025-01-01 15:58:48,888 - DEBUG - ADD PATIENTS[0m
[34m2025-01-01 15:58:48,888 - DEBUG - ADD PATIENTS[0m
[34m2025-01-01 15:58:48,888 - DEBUG - ADD PATIENTS[0m
[34m2025-01-01 15:58:48,889 - DEBUG - ADD PATIENTS[0m
[34m2025-01-01 15:58:48,889 - DEBUG - ADD PATIENTS[0m
[34m2025-01-01 15:58:48,889 - DEBUG - ADD PATIENTS[0m
[34m2025-01-01 15:58:48,889 - DEBUG - ADD PATIENTS[0m
[34m2025-01-01 15:58:48,889 - DEBUG - ADD PATIENTS[0m
[34m2025-01-01 15:58:48,889 - DEBUG - ADD PATIENTS[0m
[34m2025-01-01 15:58:48,889 - DEBUG - ADD PATIENTS[0m
[34m2025-01-01 15:58:48,889 - DEBUG - ADD PATIENTS[0m
[34m2025-01-01 15:58:48,889 - DEBUG - ADD PATIENTS[0m
[34m2025-01-01 15:58:48,889 - DEBUG - ADD PATIENTS[0m
[34m2025-01-01 15:58:48,889 - DEBUG - ADD PATIENTS[0m
[34m2025-01-01 15:58:48,890 - DEBUG - ADD PATIENTS[0m
[34m2025-01-01 15:58:48,890 - DEBUG - ADD PATIENTS[0m
[34m2025-01-01 15:58:48,890 - DEBUG - ADD PATIENTS[0m
[34m2025-01-01 15:58:48,890 - DEBUG - ADD PATIENTS[0m
[34m2025-01-01 15:58:48,891 - DEBUG - ADD PATIENTS[0m
[34m2025-01-01 15:58:48,891 - DEBUG - ADD PATIENTS[0m
[34m2025-01-01 15:58:48,891 - DEBUG - ADD PATIENTS[0m
[34m2025-01-01 15:58:48,891 - DEBUG - ADD PATIENTS[0m
[34m2025-01-01 15:58:48,891 - DEBUG - ADD PATIENTS[0m
[34m2025-01-01 15:58:48,891 - DEBUG - ADD PATIENTS[0m
[34m2025-01-01 15:58:48,891 - DEBUG - Instance data:[0m
[34m2025-01-01 15:58:48,891 - DEBUG - Number of patients: 30[0m
[34m2025-01-01 15:58:48,891 - DEBUG - Number of beds: 40[0m
[34m2025-01-01 15:58:48,891 - DEBUG - Average number of treatments per patient: 26.5[0m
[34m2025-01-01 15:58:48,892 - DEBUG - Average number of treatment per stayed day: 2.2910662824207493[0m
[34m2025-01-01 15:58:48,892 - DEBUG - Number of treatments: 795[0m
[34m2025-01-01 15:58:48,892 - DEBUG - Number of resources: 10[0m
[34m2025-01-01 15:58:48,892 - DEBUG - Number of resource groups: 4[0m
[34m2025-01-01 15:58:48,892 - DEBUG - Number of resource hours needed per all treatment by RG(therapists): 22.441666666666695[0m
[34m2025-01-01 15:58:48,892 - DEBUG - Number of resource hours needed per all treatment by RG(rooms): 41.99166666666666[0m
[34m2025-01-01 15:58:48,892 - DEBUG - Number of resource hours needed per all treatment by RG(physiotherapist): 15.5[0m
[34m2025-01-01 15:58:48,892 - DEBUG - Number of resource hours needed per all treatment by RG(sport_room): 6.75[0m
[32m2025-01-01 15:58:48,892 - INFO - {'solver': 'LBBDSolver', 'args': {'break_symmetry': False, 'subsolver_cls': <class 'src.solvers.subsolvers.cp_subsolver.CPSubsolver'>, 'subsolver.store_results': True, 'subsolver.store_results_method': 'hash', 'use_helper_constraints': True, 'enforce_min_treatments_per_day': True, 'enforce_max_treatments_per_e_w': True, 'enforce_min_patients_per_treatment': True, 'log_to_console': True}}[0m
[34m2025-01-01 15:58:48,892 - DEBUG - Setting options: LBBDSolver[0m
[34m2025-01-01 15:58:48,892 - DEBUG -  ---- break_symmetry to False[0m
[34m2025-01-01 15:58:48,892 - DEBUG -  ---- subsolver_cls to <class 'src.solvers.subsolvers.cp_subsolver.CPSubsolver'>[0m
[34m2025-01-01 15:58:48,892 - DEBUG -  ---- use_helper_constraints to True[0m
[34m2025-01-01 15:58:48,892 - DEBUG -  ---- add_constraints_to_symmetric_days to True (default)[0m
[34m2025-01-01 15:58:48,892 - DEBUG - Setting options: Solver[0m
[34m2025-01-01 15:58:48,892 - DEBUG -  ---- number_of_threads to 4 (default)[0m
[34m2025-01-01 15:58:48,892 - DEBUG -  ---- treatment_value to 0 (default)[0m
[34m2025-01-01 15:58:48,892 - DEBUG -  ---- delay_value to 1 (default)[0m
[34m2025-01-01 15:58:48,892 - DEBUG -  ---- missing_treatment_value to 4 (default)[0m
[34m2025-01-01 15:58:48,892 - DEBUG -  ---- enforce_min_treatments_per_day to True[0m
[34m2025-01-01 15:58:48,892 - DEBUG -  ---- enforce_max_treatments_per_e_w to True[0m
[34m2025-01-01 15:58:48,892 - DEBUG -  ---- enforce_min_patients_per_treatment to True[0m
[34m2025-01-01 15:58:48,892 - DEBUG -  ---- log_to_console to True[0m
[34m2025-01-01 15:58:48,892 - DEBUG -  ---- log_to_file to True (default)[0m
[34m2025-01-01 15:58:48,892 - DEBUG -  ---- no_rel_heur_time to 1 (default)[0m
[34m2025-01-01 15:58:48,923 - DEBUG - Setting options: CPSubsolver[0m
[34m2025-01-01 15:58:48,923 - DEBUG -  ---- estimated_needed_treatments to True (default)[0m
[34m2025-01-01 15:58:48,923 - DEBUG -  ---- add_patient_symmetry to False (default)[0m
[34m2025-01-01 15:58:48,923 - DEBUG - Setting Subsolver options: SubSolver[0m
[34m2025-01-01 15:58:48,923 - DEBUG -  ---- store_results to True[0m
[34m2025-01-01 15:58:48,923 - DEBUG -  ---- store_results_method to hash[0m
[34m2025-01-01 15:58:48,923 - DEBUG -  ---- enforce_min_patients_per_treatment to True[0m
[34m2025-01-01 15:58:48,923 - DEBUG -  ---- use_day_symmetry to True (default)[0m
[32m2025-01-01 15:58:48,947 - INFO - Create model: LBBDSolver[0m
Set parameter TSPort to value 50039
Set parameter TokenServer to value "license.itc.rwth-aachen.de"
Set parameter Threads to value 4
Set parameter Cuts to value 0
Set parameter LazyConstraints to value 1
Set parameter NoRelHeurTime to value 1
[34m2025-01-01 15:58:49,404 - DEBUG - Variables created.[0m
[34m2025-01-01 15:58:50,873 - DEBUG - Constraint (not too many treatments) created.[0m
[34m2025-01-01 15:58:51,992 - DEBUG - Constraint (no_treatments_outside admittance) created.[0m
[34m2025-01-01 15:58:51,993 - DEBUG - Constraint (bed_usage) created.[0m
[34m2025-01-01 15:58:51,993 - DEBUG - Constraint (must be admitted) created.[0m
[34m2025-01-01 15:58:52,149 - DEBUG - Constraint (e_w_ub) created.[0m
[34m2025-01-01 15:58:52,201 - DEBUG - Constraint (day_ub) created.[0m
[34m2025-01-01 15:58:52,252 - DEBUG - Constraint (Day always) created.[0m
[34m2025-01-01 15:58:52,252 - DEBUG - Constraint (already_admitted) created.[0m
[32m2025-01-01 15:58:54,720 - INFO - Time to create model: 5.773[0m
[32m2025-01-01 15:58:54,721 - INFO - Solving model: LBBDSolver[0m
Gurobi Optimizer version 10.0.0 build v10.0.0rc2 (linux64)

CPU model: Intel(R) Xeon(R) Platinum 8468, instruction set [SSE2|AVX|AVX2|AVX512]
Thread count: 96 physical cores, 96 logical processors, using up to 4 threads

Optimize a model with 286687 rows, 120381 columns and 2306264 nonzeros
Model fingerprint: 0x384b7324
Variable types: 3 continuous, 120378 integer (120378 binary)
Coefficient statistics:
  Matrix range     [1e+00, 2e+01]
  Objective range  [1e+00, 1e+01]
  Bounds range     [1e+00, 1e+00]
  RHS range        [1e+00, 3e+03]
Presolve added 0 rows and 2240 columns
Presolve removed 182801 rows and 0 columns
Presolve time: 3.31s
Presolved: 103886 rows, 122621 columns, 1511618 nonzeros
Variable types: 1 continuous, 122620 integer (121676 binary)
Starting NoRel heuristic
Found phase-1 solution: relaxation 33
Found phase-1 solution: relaxation 30
Found phase-1 solution: relaxation 25
Found phase-1 solution: relaxation 23
Found phase-1 solution: relaxation 19
Root relaxation presolved: 103430 rows, 122473 columns, 1430762 nonzeros

Deterministic concurrent LP optimizer: primal simplex, dual simplex, and barrier
Showing barrier log only...

Root barrier log...

Ordering time: 0.26s

Barrier statistics:
 Dense cols : 64
 AA' NZ     : 1.435e+05
 Factor NZ  : 5.013e+05 (roughly 10 MB of memory)
 Factor Ops : 8.889e+07 (less than 1 second per iteration)
 Threads    : 2

                  Objective                Residual
Iter       Primal          Dual         Primal    Dual     Compl     Time
   0  -4.17223801e+06 -7.75847111e+04  8.88e+04 1.48e+00  9.99e+02     7s
   1  -1.96606124e+06 -1.56145440e+05  4.19e+04 1.08e+01  4.72e+02     7s
   2  -8.77775092e+05 -1.91773646e+05  1.87e+04 1.63e-02  2.19e+02     8s
   3  -2.51326666e+05 -1.48795236e+05  5.41e+03 1.92e-02  6.45e+01     8s
   4  -1.07127703e+05 -1.00302478e+05  2.28e+03 4.11e-03  2.71e+01     8s
   5  -3.68996591e+04 -6.06844752e+04  8.09e+02 2.83e-03  1.00e+01     8s
   6  -7.96644903e+03 -2.95049971e+04  1.86e+02 7.42e-04  2.72e+00     8s
   7  -1.81105556e+03 -1.77913958e+04  5.44e+01 3.69e-04  1.15e+00     8s
   8   3.54642676e+02 -4.54447153e+03  8.00e+00 1.11e-04  2.60e-01     8s
   9   6.83738012e+02  1.35362009e+02  4.40e-01 1.52e-05  2.56e-02     8s
  10   6.89746818e+02  5.93065509e+02  1.74e-02 3.96e-05  4.35e-03     8s
  11   6.85499486e+02  6.52508797e+02  2.65e-03 3.93e-05  1.48e-03     8s
  12   6.84735551e+02  6.73200951e+02  1.33e-03 7.89e-06  5.17e-04     8s
  13   6.84374450e+02  6.80923948e+02  5.69e-04 8.72e-06  1.55e-04     8s
  14   6.84067021e+02  6.83545756e+02  5.07e-05 2.95e-06  2.33e-05     8s
  15   6.84056722e+02  6.83560365e+02  4.37e-05 2.84e-06  2.22e-05     8s
  16   6.84024226e+02  6.83818482e+02  2.05e-05 1.08e-06  9.22e-06     8s
  17   6.84002095e+02  6.83984467e+02  1.54e-06 2.15e-07  7.89e-07     8s
  18   6.84000002e+02  6.83999984e+02  1.79e-11 3.63e-08  7.90e-10     8s

Barrier solved model in 18 iterations and 8.38 seconds (11.47 work units)
Optimal objective 6.84000002e+02


Root crossover log...

     589 DPushes remaining with DInf 0.0000000e+00                 8s
       0 DPushes remaining with DInf 0.0000000e+00                 8s

    5427 PPushes remaining with PInf 7.6983794e-06                 8s
       0 PPushes remaining with PInf 0.0000000e+00                 9s

  Push phase complete: Pinf 0.0000000e+00, Dinf 1.5223378e-12      9s


Root simplex log...

Iteration    Objective       Primal Inf.    Dual Inf.      Time
    5681    6.8400000e+02   0.000000e+00   0.000000e+00      9s
Concurrent spin time: 0.02s

Solved with barrier
    5681    6.8400000e+02   0.000000e+00   0.000000e+00      9s

Use crossover to convert LP symmetric solution to basic solution...

Root crossover log...

       0 DPushes remaining with DInf 0.0000000e+00                 9s

   17763 PPushes remaining with PInf 0.0000000e+00                 9s
       0 PPushes remaining with PInf 0.0000000e+00                10s

  Push phase complete: Pinf 0.0000000e+00, Dinf 9.9626973e-12     10s


Root simplex log...

Iteration    Objective       Primal Inf.    Dual Inf.      Time
   23469    6.8400000e+02   0.000000e+00   0.000000e+00     10s
   23469    6.8400000e+02   0.000000e+00   0.000000e+00     10s

Root relaxation: objective 6.840000e+02, 23469 iterations, 4.34 seconds (1.53 work units)

    Nodes    |    Current Node    |     Objective Bounds      |     Work
 Expl Unexpl |  Obj  Depth IntInf | Incumbent    BestBd   Gap | It/Node Time

     0     0  684.00000    0 3167          -  684.00000      -     -   19s
     0     0  684.00000    0 3167          -  684.00000      -     -   33s
[32m2025-01-01 16:11:20,739 - INFO - d_prime: 9 d: 13[0m
[32m2025-01-01 16:11:20,743 - INFO - d_prime: 10 d: 13[0m
[32m2025-01-01 16:11:20,746 - INFO - d_prime: 11 d: 13[0m
[32m2025-01-01 16:11:20,749 - INFO - d_prime: 12 d: 13[0m
[32m2025-01-01 16:11:20,752 - INFO - d_prime: 13 d: 13[0m
[32m2025-01-01 16:11:20,753 - INFO - forbidden_vars: ([{0:1},{0:1,6:1},{1:1,3:1},{2:1,3:1},{4:1,5:1},{0:1,1:1,2:1},{0:1,4:1,5:1},{0:2,3:1},{0:1,2:1,3:1},{2:1,3:1,7:1},{0:1,1:2,6:1},{0:1,4:1,5:1,6:1},{0:1,2:1,5:2},{0:1,2:1,4:2},{0:1,3:2,4:1},{1:1,2:1,5:2},{2:1,5:2,7:1},{4:3,6:1},{0:1,2:1,3:3},{0:2,2:1,3:2},{1:1,3:2,4:1,6:1}])[0m
[32m2025-01-01 16:11:20,753 - INFO - False[0m
     0     2  684.00000    0 3167          -  684.00000      -     -  765s
     1     4  684.00000    1 2448          -  684.00000      - 26865  774s
     3     8  684.00000    2 1330          -  684.00000      - 12936  792s
     7    12  684.00000    3 1295          -  684.00000      -  7475  795s
    23    28  684.00000    7 1259          -  684.00000      -  2503  803s
    27    54  684.00000    8 1271          -  684.00000      -  2472  805s
    53   122  684.00000   13 1217          -  684.00000      -  1324  812s
   121   480  684.00000   20 1076          -  684.00000      -   684  833s
   485   823  684.00000   36  602          -  684.00000      -   268  850s
*  599   561             176     684.0000000  684.00000  0.00%   233 1142s

Cutting planes:
  Lazy constraints: 5

Explored 844 nodes (242568 simplex iterations) in 1143.11 seconds (241.23 work units)
Thread count was 4 (of 96 available processors)

Solution count 1: 684 

Optimal solution found (tolerance 1.00e-04)
Best objective 6.840000000000e+02, best bound 6.840000000000e+02, gap 0.0000%

User-callback calls 24053, time in user-callback 980.03 sec
[34m2025-01-01 16:17:57,959 - DEBUG - Finished optimization[0m
[34m2025-01-01 16:17:57,960 - DEBUG - Subsolver stats:[0m
[32m2025-01-01 16:17:57,960 - INFO - Number of cuts added: 1 (bad=0, good=1)[0m
[32m2025-01-01 16:17:57,960 - INFO - Unnecessary comps: (0 / 1)[0m
[32m2025-01-01 16:17:57,960 - INFO - Calls to is_day_infeasible: cp_solver=28/ total=28 stored=0[0m
[32m2025-01-01 16:17:57,960 - INFO - Is feasible: 979.7647461891174 0.999860693557558[0m
[32m2025-01-01 16:17:57,960 - INFO - Subsolver: Solve Model: 978.9370305538177/0.9991674733316116[0m
[32m2025-01-01 16:17:57,960 - INFO - Subsolver: Create Model: 0.8156702518463135/0.0008325266683884379[0m
[32m2025-01-01 16:17:57,960 - INFO - Num_constraints-added: 5[0m
[32m2025-01-01 16:17:57,960 - INFO - Optimal solution found.[0m
[34m2025-01-01 16:17:57,960 - DEBUG - Sub Objectives:[0m
[34m2025-01-01 16:17:57,960 - DEBUG - (SOLVER):Minimize Delay: 0.0[0m
[34m2025-01-01 16:17:57,960 - DEBUG - (SOLVER):Minimize Missing Treatments: 684.0[0m
[32m2025-01-01 16:17:57,960 - INFO - All cuts [defaultdict(<class 'dict'>, {P(patient0): {T(music_therapy): 1, T(bath): 1, T(group_therapy): 1}, P(patient1): {T(music_therapy): 1, T(group_therapy): 1, T(knitting): 3}, P(patient3): {T(music_therapy): 2, T(group_therapy): 1, T(knitting): 2}, P(patient4): {T(music_therapy): 1, T(bath): 2, T(sport): 1}, P(patient5): {T(music_therapy): 1, T(sport): 1}, P(patient8): {T(music_therapy): 1, T(trust_exercise): 1, T(massage): 1}, P(patient11): {T(music_therapy): 1, T(trust_exercise): 1, T(massage): 1, T(sport): 1}, P(patient13): {T(music_therapy): 1, T(group_therapy): 1, T(massage): 2}, P(patient14): {T(music_therapy): 2, T(knitting): 1}, P(patient15): {T(music_therapy): 1, T(group_therapy): 1, T(knitting): 1}, P(patient16): {T(music_therapy): 1, T(group_therapy): 1, T(trust_exercise): 2}, P(patient18): {T(music_therapy): 1, T(knitting): 2, T(trust_exercise): 1}, P(patient29): {T(music_therapy): 1}, P(patient10): {T(bath): 1, T(knitting): 1}, P(patient12): {T(bath): 1, T(group_therapy): 1, T(massage): 2}, P(patient17): {T(bath): 1, T(knitting): 2, T(trust_exercise): 1, T(sport): 1}, P(patient7): {T(group_therapy): 1, T(knitting): 1}, P(patient9): {T(group_therapy): 1, T(knitting): 1, T(physio): 1}, P(patient19): {T(group_therapy): 1, T(massage): 2, T(physio): 1}, P(patient2): {T(trust_exercise): 3, T(sport): 1}, P(patient6): {T(trust_exercise): 1, T(massage): 1}})][0m
[32m2025-01-01 16:17:57,960 - INFO - All cuts ['([{0:1},{0:1,6:1},{1:1,3:1},{2:1,3:1},{4:1,5:1},{0:1,1:1,2:1},{0:1,4:1,5:1},{0:2,3:1},{0:1,2:1,3:1},{2:1,3:1,7:1},{0:1,1:2,6:1},{0:1,4:1,5:1,6:1},{0:1,2:1,5:2},{0:1,2:1,4:2},{0:1,3:2,4:1},{1:1,2:1,5:2},{2:1,5:2,7:1},{4:3,6:1},{0:1,2:1,3:3},{0:2,2:1,3:2},{1:1,3:2,4:1,6:1}])'][0m
[34m2025-01-01 16:22:17,198 - DEBUG - Patient 0 is admitted at day 0.[0m
[34m2025-01-01 16:22:17,199 - DEBUG - Patient 1 is admitted at day 1.[0m
[34m2025-01-01 16:22:17,199 - DEBUG - Patient 2 is admitted at day 2.[0m
[34m2025-01-01 16:22:17,199 - DEBUG - Patient 3 is admitted at day 2.[0m
[34m2025-01-01 16:22:17,199 - DEBUG - Patient 4 is admitted at day 3.[0m
[34m2025-01-01 16:22:17,199 - DEBUG - Patient 5 is admitted at day 4.[0m
[34m2025-01-01 16:22:17,199 - DEBUG - Patient 6 is admitted at day 5.[0m
[34m2025-01-01 16:22:17,199 - DEBUG - Patient 7 is admitted at day 2.[0m
[34m2025-01-01 16:22:17,199 - DEBUG - Patient 8 is admitted at day 7.[0m
[34m2025-01-01 16:22:17,199 - DEBUG - Patient 9 is admitted at day 9.[0m
[34m2025-01-01 16:22:17,199 - DEBUG - Patient 10 is admitted at day 8.[0m
[34m2025-01-01 16:22:17,199 - DEBUG - Patient 11 is admitted at day 7.[0m
[34m2025-01-01 16:22:17,199 - DEBUG - Patient 12 is admitted at day 7.[0m
[34m2025-01-01 16:22:17,199 - DEBUG - Patient 13 is admitted at day 8.[0m
[34m2025-01-01 16:22:17,199 - DEBUG - Patient 14 is admitted at day 7.[0m
[34m2025-01-01 16:22:17,199 - DEBUG - Patient 15 is admitted at day 7.[0m
[34m2025-01-01 16:22:17,199 - DEBUG - Patient 16 is admitted at day 7.[0m
[34m2025-01-01 16:22:17,199 - DEBUG - Patient 17 is admitted at day 7.[0m
[34m2025-01-01 16:22:17,199 - DEBUG - Patient 18 is admitted at day 7.[0m
[34m2025-01-01 16:22:17,199 - DEBUG - Patient 19 is admitted at day 7.[0m
[34m2025-01-01 16:22:17,199 - DEBUG - Patient 20 is admitted at day 0.[0m
[34m2025-01-01 16:22:17,199 - DEBUG - Patient 21 is admitted at day 1.[0m
[34m2025-01-01 16:22:17,200 - DEBUG - Patient 22 is admitted at day 2.[0m
[34m2025-01-01 16:22:17,200 - DEBUG - Patient 23 is admitted at day 2.[0m
[34m2025-01-01 16:22:17,200 - DEBUG - Patient 24 is admitted at day 3.[0m
[34m2025-01-01 16:22:17,200 - DEBUG - Patient 25 is admitted at day 4.[0m
[34m2025-01-01 16:22:17,200 - DEBUG - Patient 26 is admitted at day 5.[0m
[34m2025-01-01 16:22:17,200 - DEBUG - Patient 27 is admitted at day 2.[0m
[34m2025-01-01 16:22:17,200 - DEBUG - Patient 28 is admitted at day 7.[0m
[34m2025-01-01 16:22:17,200 - DEBUG - Patient 29 is admitted at day 9.[0m
[34m2025-01-01 16:22:17,200 - DEBUG - Patients [0, 20] have treatment 0 starting at day 0, hour 8.0 using resources [1, 2, 7].[0m
[34m2025-01-01 16:22:17,200 - DEBUG - Patients [20] have treatment 1 starting at day 0, hour 9.25 using resources [3].[0m
[34m2025-01-01 16:22:17,200 - DEBUG - Patients [0] have treatment 4 starting at day 0, hour 8.75 using resources [6, 3].[0m
[34m2025-01-01 16:22:17,200 - DEBUG - Patients [20, 21] have treatment 0 starting at day 1, hour 8.0 using resources [1, 2, 5].[0m
[34m2025-01-01 16:22:17,200 - DEBUG - Patients [20, 21] have treatment 0 starting at day 1, hour 8.75 using resources [0, 1, 5].[0m
[34m2025-01-01 16:22:17,200 - DEBUG - Patients [20, 21] have treatment 0 starting at day 1, hour 9.5 using resources [0, 1, 5].[0m
[34m2025-01-01 16:22:17,200 - DEBUG - Patients [0, 20] have treatment 0 starting at day 1, hour 11.0 using resources [0, 1, 3].[0m
[34m2025-01-01 16:22:17,200 - DEBUG - Patients [0, 1] have treatment 3 starting at day 1, hour 9.0 using resources [2, 3].[0m
[34m2025-01-01 16:22:17,200 - DEBUG - Patients [0, 1] have treatment 3 starting at day 1, hour 13.0 using resources [1, 3].[0m
[34m2025-01-01 16:22:17,200 - DEBUG - Patients [1] have treatment 5 starting at day 1, hour 15.0 using resources [6, 9, 3].[0m
[34m2025-01-01 16:22:17,200 - DEBUG - Patients [1] have treatment 5 starting at day 1, hour 15.5 using resources [6, 9, 3].[0m
[34m2025-01-01 16:22:17,200 - DEBUG - Patients [1] have treatment 7 starting at day 1, hour 8.0 using resources [7, 3, 9].[0m
[34m2025-01-01 16:22:17,200 - DEBUG - Patients [7, 21, 23] have treatment 0 starting at day 2, hour 8.0 using resources [2, 3, 7].[0m
[34m2025-01-01 16:22:17,200 - DEBUG - Patients [21, 23, 27] have treatment 0 starting at day 2, hour 9.0 using resources [0, 6, 4].[0m
[34m2025-01-01 16:22:17,200 - DEBUG - Patients [20] have treatment 1 starting at day 2, hour 8.0 using resources [4].[0m
[34m2025-01-01 16:22:17,200 - DEBUG - Patients [20] have treatment 1 starting at day 2, hour 9.25 using resources [7].[0m
[34m2025-01-01 16:22:17,200 - DEBUG - Patients [20] have treatment 1 starting at day 2, hour 9.75 using resources [3].[0m
[34m2025-01-01 16:22:17,200 - DEBUG - Patients [27] have treatment 1 starting at day 2, hour 10.5 using resources [3].[0m
[34m2025-01-01 16:22:17,200 - DEBUG - Patients [0, 1, 2, 3, 7, 20, 21, 22, 23, 27] have treatment 2 starting at day 2, hour 11.25 using resources [3, 5].[0m
[34m2025-01-01 16:22:17,201 - DEBUG - Patients [0, 1, 3] have treatment 3 starting at day 2, hour 8.0 using resources [8, 5].[0m
[34m2025-01-01 16:22:17,201 - DEBUG - Patients [2, 7] have treatment 3 starting at day 2, hour 13.5 using resources [2, 3].[0m
[34m2025-01-01 16:22:17,201 - DEBUG - Patients [3] have treatment 4 starting at day 2, hour 10.0 using resources [1, 4].[0m
[34m2025-01-01 16:22:17,201 - DEBUG - Patients [3] have treatment 4 starting at day 2, hour 10.5 using resources [6, 4].[0m
[34m2025-01-01 16:22:17,201 - DEBUG - Patients [2] have treatment 5 starting at day 2, hour 9.75 using resources [6, 9, 7].[0m
[34m2025-01-01 16:22:17,201 - DEBUG - Patients [0, 2] have treatment 5 starting at day 2, hour 13.0 using resources [6, 9, 4].[0m
[34m2025-01-01 16:22:17,201 - DEBUG - Patients [1] have treatment 7 starting at day 2, hour 10.25 using resources [7, 5, 9].[0m
[34m2025-01-01 16:22:17,201 - DEBUG - Patients [1] have treatment 7 starting at day 2, hour 13.5 using resources [7, 4, 6].[0m
[34m2025-01-01 16:22:17,201 - DEBUG - Patients [1] have treatment 7 starting at day 2, hour 14.75 using resources [7, 5, 9].[0m
[34m2025-01-01 16:22:17,201 - DEBUG - Patients [7, 20, 21, 23, 24] have treatment 0 starting at day 3, hour 10.25 using resources [1, 2, 7].[0m
[34m2025-01-01 16:22:17,201 - DEBUG - Patients [1, 4] have treatment 0 starting at day 3, hour 11.0 using resources [0, 1, 5].[0m
[34m2025-01-01 16:22:17,201 - DEBUG - Patients [27] have treatment 1 starting at day 3, hour 8.75 using resources [4].[0m
[34m2025-01-01 16:22:17,201 - DEBUG - Patients [24] have treatment 1 starting at day 3, hour 8.75 using resources [5].[0m
[34m2025-01-01 16:22:17,201 - DEBUG - Patients [23] have treatment 1 starting at day 3, hour 9.25 using resources [5].[0m
[34m2025-01-01 16:22:17,201 - DEBUG - Patients [22] have treatment 1 starting at day 3, hour 9.75 using resources [5].[0m
[34m2025-01-01 16:22:17,201 - DEBUG - Patients [20] have treatment 1 starting at day 3, hour 9.75 using resources [3].[0m
[34m2025-01-01 16:22:17,201 - DEBUG - Patients [3] have treatment 1 starting at day 3, hour 10.25 using resources [3].[0m
[34m2025-01-01 16:22:17,201 - DEBUG - Patients [2] have treatment 1 starting at day 3, hour 10.25 using resources [4].[0m
[34m2025-01-01 16:22:17,201 - DEBUG - Patients [2] have treatment 1 starting at day 3, hour 10.75 using resources [4].[0m
[34m2025-01-01 16:22:17,201 - DEBUG - Patients [0, 1, 2, 3, 4, 20, 21, 22, 24, 27] have treatment 2 starting at day 3, hour 8.0 using resources [3, 5].[0m
[34m2025-01-01 16:22:17,201 - DEBUG - Patients [0, 1, 2, 3, 4, 7, 20, 21, 22, 23] have treatment 2 starting at day 3, hour 15.0 using resources [0, 3].[0m
[34m2025-01-01 16:22:17,201 - DEBUG - Patients [1, 3] have treatment 3 starting at day 3, hour 13.0 using resources [2, 3].[0m
[34m2025-01-01 16:22:17,201 - DEBUG - Patients [4] have treatment 4 starting at day 3, hour 8.75 using resources [0, 3].[0m
[34m2025-01-01 16:22:17,201 - DEBUG - Patients [20, 23, 24, 27] have treatment 0 starting at day 4, hour 8.5 using resources [1, 2, 5].[0m
[34m2025-01-01 16:22:17,201 - DEBUG - Patients [4, 24] have treatment 0 starting at day 4, hour 9.25 using resources [0, 1, 5].[0m
[34m2025-01-01 16:22:17,201 - DEBUG - Patients [23] have treatment 1 starting at day 4, hour 8.0 using resources [5].[0m
[34m2025-01-01 16:22:17,201 - DEBUG - Patients [22] have treatment 1 starting at day 4, hour 13.0 using resources [3].[0m
[34m2025-01-01 16:22:17,201 - DEBUG - Patients [21] have treatment 1 starting at day 4, hour 15.0 using resources [3].[0m
[34m2025-01-01 16:22:17,201 - DEBUG - Patients [0, 1, 2, 3, 4, 5, 20, 22, 24, 25] have treatment 2 starting at day 4, hour 11.0 using resources [8, 3].[0m
[34m2025-01-01 16:22:17,201 - DEBUG - Patients [1] have treatment 4 starting at day 4, hour 13.5 using resources [2, 3].[0m
[34m2025-01-01 16:22:17,201 - DEBUG - Patients [2] have treatment 4 starting at day 4, hour 15.5 using resources [0, 3].[0m
[34m2025-01-01 16:22:17,201 - DEBUG - Patients [4] have treatment 5 starting at day 4, hour 14.0 using resources [6, 9, 3].[0m
[34m2025-01-01 16:22:17,201 - DEBUG - Patients [7] have treatment 5 starting at day 4, hour 14.5 using resources [6, 9, 3].[0m
[34m2025-01-01 16:22:17,202 - DEBUG - Patients [3, 4] have treatment 7 starting at day 4, hour 8.0 using resources [7, 3, 9].[0m
[34m2025-01-01 16:22:17,202 - DEBUG - Patients [2, 3] have treatment 7 starting at day 4, hour 9.0 using resources [7, 3, 9].[0m
[34m2025-01-01 16:22:17,202 - DEBUG - Patients [3] have treatment 7 starting at day 4, hour 10.0 using resources [7, 3, 9].[0m
[34m2025-01-01 16:22:17,202 - DEBUG - Patients [23, 27] have treatment 0 starting at day 5, hour 10.0 using resources [1, 2, 5].[0m
[34m2025-01-01 16:22:17,202 - DEBUG - Patients [26] have treatment 1 starting at day 5, hour 8.0 using resources [5].[0m
[34m2025-01-01 16:22:17,202 - DEBUG - Patients [25] have treatment 1 starting at day 5, hour 8.5 using resources [5].[0m
[34m2025-01-01 16:22:17,202 - DEBUG - Patients [24] have treatment 1 starting at day 5, hour 9.0 using resources [5].[0m
[34m2025-01-01 16:22:17,202 - DEBUG - Patients [20] have treatment 1 starting at day 5, hour 9.5 using resources [5].[0m
[34m2025-01-01 16:22:17,202 - DEBUG - Patients [23] have treatment 1 starting at day 5, hour 10.75 using resources [5].[0m
[34m2025-01-01 16:22:17,202 - DEBUG - Patients [4] have treatment 1 starting at day 5, hour 11.25 using resources [5].[0m
[34m2025-01-01 16:22:17,202 - DEBUG - Patients [1, 2, 5, 20, 21, 22, 23, 24, 25, 26] have treatment 2 starting at day 5, hour 13.0 using resources [0, 5].[0m
[34m2025-01-01 16:22:17,202 - DEBUG - Patients [3, 4, 6] have treatment 3 starting at day 5, hour 8.0 using resources [0, 3].[0m
[34m2025-01-01 16:22:17,202 - DEBUG - Patients [3, 6] have treatment 3 starting at day 5, hour 10.0 using resources [0, 3].[0m
[34m2025-01-01 16:22:17,202 - DEBUG - Patients [1, 4] have treatment 5 starting at day 5, hour 15.0 using resources [6, 9, 3].[0m
[34m2025-01-01 16:22:17,202 - DEBUG - Patients [0] have treatment 5 starting at day 5, hour 15.5 using resources [6, 9, 3].[0m
[34m2025-01-01 16:22:17,202 - DEBUG - Patients [0, 1, 2, 5, 7] have treatment 6 starting at day 5, hour 8.0 using resources [1, 7].[0m
[34m2025-01-01 16:22:17,202 - DEBUG - Patients [3, 4] have treatment 7 starting at day 5, hour 13.0 using resources [7, 3, 9].[0m
[34m2025-01-01 16:22:17,202 - DEBUG - Patients [3] have treatment 7 starting at day 5, hour 14.0 using resources [7, 3, 9].[0m
[34m2025-01-01 16:22:17,202 - DEBUG - Patients [5, 6, 23, 24, 26] have treatment 0 starting at day 6, hour 8.0 using resources [1, 2, 7].[0m
[34m2025-01-01 16:22:17,202 - DEBUG - Patients [4, 6, 24] have treatment 0 starting at day 6, hour 8.75 using resources [0, 1, 5].[0m
[34m2025-01-01 16:22:17,202 - DEBUG - Patients [4, 24] have treatment 0 starting at day 6, hour 9.5 using resources [0, 1, 5].[0m
[34m2025-01-01 16:22:17,202 - DEBUG - Patients [27] have treatment 1 starting at day 6, hour 8.0 using resources [3].[0m
[34m2025-01-01 16:22:17,202 - DEBUG - Patients [26] have treatment 1 starting at day 6, hour 9.5 using resources [3].[0m
[34m2025-01-01 16:22:17,202 - DEBUG - Patients [25] have treatment 1 starting at day 6, hour 10.0 using resources [3].[0m
[34m2025-01-01 16:22:17,202 - DEBUG - Patients [22] have treatment 1 starting at day 6, hour 10.5 using resources [3].[0m
[34m2025-01-01 16:22:17,202 - DEBUG - Patients [2] have treatment 1 starting at day 6, hour 11.0 using resources [3].[0m
[34m2025-01-01 16:22:17,202 - DEBUG - Patients [1] have treatment 1 starting at day 6, hour 11.5 using resources [3].[0m
[34m2025-01-01 16:22:17,202 - DEBUG - Patients [21] have treatment 1 starting at day 6, hour 13.0 using resources [3].[0m
[34m2025-01-01 16:22:17,202 - DEBUG - Patients [1] have treatment 1 starting at day 6, hour 13.5 using resources [3].[0m
[34m2025-01-01 16:22:17,202 - DEBUG - Patients [0] have treatment 1 starting at day 6, hour 14.0 using resources [3].[0m
[34m2025-01-01 16:22:17,202 - DEBUG - Patients [4, 7] have treatment 4 starting at day 6, hour 14.5 using resources [1, 3].[0m
[34m2025-01-01 16:22:17,202 - DEBUG - Patients [2, 3] have treatment 4 starting at day 6, hour 15.0 using resources [2, 3].[0m
[34m2025-01-01 16:22:17,202 - DEBUG - Patients [1, 3] have treatment 5 starting at day 6, hour 8.5 using resources [6, 9, 3].[0m
[34m2025-01-01 16:22:17,203 - DEBUG - Patients [1] have treatment 5 starting at day 6, hour 9.0 using resources [6, 9, 3].[0m
[34m2025-01-01 16:22:17,203 - DEBUG - Patients [7, 11, 23, 24, 25] have treatment 0 starting at day 7, hour 10.5 using resources [0, 2, 7].[0m
[34m2025-01-01 16:22:17,203 - DEBUG - Patients [0, 11, 16, 17, 26] have treatment 0 starting at day 7, hour 13.0 using resources [0, 2, 4].[0m
[34m2025-01-01 16:22:17,203 - DEBUG - Patients [6, 27] have treatment 0 starting at day 7, hour 15.0 using resources [0, 6, 4].[0m
[34m2025-01-01 16:22:17,203 - DEBUG - Patients [28] have treatment 1 starting at day 7, hour 8.0 using resources [4].[0m
[34m2025-01-01 16:22:17,203 - DEBUG - Patients [24] have treatment 1 starting at day 7, hour 8.0 using resources [5].[0m
[34m2025-01-01 16:22:17,203 - DEBUG - Patients [24] have treatment 1 starting at day 7, hour 8.5 using resources [5].[0m
[34m2025-01-01 16:22:17,203 - DEBUG - Patients [7] have treatment 1 starting at day 7, hour 9.0 using resources [5].[0m
[34m2025-01-01 16:22:17,203 - DEBUG - Patients [23] have treatment 1 starting at day 7, hour 9.0 using resources [3].[0m
[34m2025-01-01 16:22:17,203 - DEBUG - Patients [1] have treatment 1 starting at day 7, hour 9.5 using resources [4].[0m
[34m2025-01-01 16:22:17,203 - DEBUG - Patients [22] have treatment 1 starting at day 7, hour 10.0 using resources [3].[0m
[34m2025-01-01 16:22:17,203 - DEBUG - Patients [12] have treatment 1 starting at day 7, hour 11.25 using resources [7].[0m
[34m2025-01-01 16:22:17,203 - DEBUG - Patients [21] have treatment 1 starting at day 7, hour 13.0 using resources [7].[0m
[34m2025-01-01 16:22:17,203 - DEBUG - Patients [24] have treatment 1 starting at day 7, hour 13.0 using resources [5].[0m
[34m2025-01-01 16:22:17,203 - DEBUG - Patients [5] have treatment 1 starting at day 7, hour 13.5 using resources [5].[0m
[34m2025-01-01 16:22:17,203 - DEBUG - Patients [8] have treatment 1 starting at day 7, hour 13.75 using resources [4].[0m
[34m2025-01-01 16:22:17,203 - DEBUG - Patients [21] have treatment 1 starting at day 7, hour 14.0 using resources [5].[0m
[34m2025-01-01 16:22:17,203 - DEBUG - Patients [3] have treatment 1 starting at day 7, hour 14.5 using resources [5].[0m
[34m2025-01-01 16:22:17,203 - DEBUG - Patients [22] have treatment 1 starting at day 7, hour 15.0 using resources [5].[0m
[34m2025-01-01 16:22:17,203 - DEBUG - Patients [1] have treatment 1 starting at day 7, hour 15.5 using resources [5].[0m
[34m2025-01-01 16:22:17,203 - DEBUG - Patients [23] have treatment 1 starting at day 7, hour 15.5 using resources [3].[0m
[34m2025-01-01 16:22:17,203 - DEBUG - Patients [3, 4, 8, 11, 12, 14, 15, 17, 19, 21, 22] have treatment 2 starting at day 7, hour 8.0 using resources [1, 3].[0m
[34m2025-01-01 16:22:17,203 - DEBUG - Patients [2, 16, 19] have treatment 3 starting at day 7, hour 10.0 using resources [8, 5].[0m
[34m2025-01-01 16:22:17,203 - DEBUG - Patients [1, 15, 18] have treatment 3 starting at day 7, hour 10.0 using resources [1, 4].[0m
[34m2025-01-01 16:22:17,203 - DEBUG - Patients [0] have treatment 4 starting at day 7, hour 9.5 using resources [8, 5].[0m
[34m2025-01-01 16:22:17,203 - DEBUG - Patients [14] have treatment 4 starting at day 7, hour 10.0 using resources [0, 7].[0m
[34m2025-01-01 16:22:17,203 - DEBUG - Patients [17] have treatment 4 starting at day 7, hour 11.0 using resources [6, 3].[0m
[34m2025-01-01 16:22:17,203 - DEBUG - Patients [14] have treatment 4 starting at day 7, hour 11.5 using resources [6, 3].[0m
[34m2025-01-01 16:22:17,203 - DEBUG - Patients [18] have treatment 4 starting at day 7, hour 13.0 using resources [1, 3].[0m
[34m2025-01-01 16:22:17,203 - DEBUG - Patients [19] have treatment 4 starting at day 7, hour 13.5 using resources [6, 3].[0m
[34m2025-01-01 16:22:17,203 - DEBUG - Patients [2] have treatment 4 starting at day 7, hour 14.0 using resources [6, 3].[0m
[34m2025-01-01 16:22:17,203 - DEBUG - Patients [2] have treatment 4 starting at day 7, hour 14.5 using resources [1, 4].[0m
[34m2025-01-01 16:22:17,203 - DEBUG - Patients [15] have treatment 4 starting at day 7, hour 14.5 using resources [2, 7].[0m
[34m2025-01-01 16:22:17,203 - DEBUG - Patients [2, 16] have treatment 4 starting at day 7, hour 15.0 using resources [2, 3].[0m
[34m2025-01-01 16:22:17,204 - DEBUG - Patients [19] have treatment 4 starting at day 7, hour 15.0 using resources [8, 7].[0m
[34m2025-01-01 16:22:17,204 - DEBUG - Patients [18] have treatment 4 starting at day 7, hour 15.5 using resources [8, 7].[0m
[34m2025-01-01 16:22:17,204 - DEBUG - Patients [1] have treatment 5 starting at day 7, hour 8.0 using resources [6, 9, 7].[0m
[34m2025-01-01 16:22:17,204 - DEBUG - Patients [6] have treatment 5 starting at day 7, hour 8.5 using resources [6, 9, 4].[0m
[34m2025-01-01 16:22:17,204 - DEBUG - Patients [12] have treatment 5 starting at day 7, hour 9.0 using resources [6, 9, 4].[0m
[34m2025-01-01 16:22:17,204 - DEBUG - Patients [11] have treatment 5 starting at day 7, hour 9.5 using resources [6, 9, 3].[0m
[34m2025-01-01 16:22:17,204 - DEBUG - Patients [3, 12] have treatment 5 starting at day 7, hour 10.5 using resources [6, 9, 3].[0m
[34m2025-01-01 16:22:17,204 - DEBUG - Patients [17] have treatment 5 starting at day 7, hour 14.5 using resources [6, 9, 3].[0m
[34m2025-01-01 16:22:17,204 - DEBUG - Patients [3, 4, 5, 8, 16, 17, 18] have treatment 6 starting at day 7, hour 8.75 using resources [1, 7].[0m
[34m2025-01-01 16:22:17,204 - DEBUG - Patients [0, 14, 19] have treatment 0 starting at day 8, hour 8.0 using resources [2, 8, 3].[0m
[34m2025-01-01 16:22:17,204 - DEBUG - Patients [12, 19, 26, 27] have treatment 0 starting at day 8, hour 13.0 using resources [1, 2, 4].[0m
[34m2025-01-01 16:22:17,204 - DEBUG - Patients [2] have treatment 1 starting at day 8, hour 8.0 using resources [7].[0m
[34m2025-01-01 16:22:17,204 - DEBUG - Patients [21] have treatment 1 starting at day 8, hour 8.0 using resources [4].[0m
[34m2025-01-01 16:22:17,204 - DEBUG - Patients [24] have treatment 1 starting at day 8, hour 10.5 using resources [5].[0m
[34m2025-01-01 16:22:17,204 - DEBUG - Patients [3] have treatment 1 starting at day 8, hour 10.5 using resources [4].[0m
[34m2025-01-01 16:22:17,204 - DEBUG - Patients [17] have treatment 1 starting at day 8, hour 11.0 using resources [4].[0m
[34m2025-01-01 16:22:17,204 - DEBUG - Patients [3] have treatment 1 starting at day 8, hour 11.5 using resources [4].[0m
[34m2025-01-01 16:22:17,204 - DEBUG - Patients [27] have treatment 1 starting at day 8, hour 13.75 using resources [4].[0m
[34m2025-01-01 16:22:17,204 - DEBUG - Patients [3] have treatment 1 starting at day 8, hour 14.0 using resources [3].[0m
[34m2025-01-01 16:22:17,204 - DEBUG - Patients [23] have treatment 1 starting at day 8, hour 14.25 using resources [4].[0m
[34m2025-01-01 16:22:17,204 - DEBUG - Patients [5] have treatment 1 starting at day 8, hour 14.75 using resources [4].[0m
[34m2025-01-01 16:22:17,204 - DEBUG - Patients [6] have treatment 1 starting at day 8, hour 15.0 using resources [3].[0m
[34m2025-01-01 16:22:17,204 - DEBUG - Patients [0] have treatment 1 starting at day 8, hour 15.5 using resources [3].[0m
[34m2025-01-01 16:22:17,204 - DEBUG - Patients [1, 8, 11, 12, 13, 17, 18, 21, 24, 28] have treatment 2 starting at day 8, hour 15.25 using resources [0, 4].[0m
[34m2025-01-01 16:22:17,204 - DEBUG - Patients [1, 2, 10, 15, 17] have treatment 3 starting at day 8, hour 8.5 using resources [1, 4].[0m
[34m2025-01-01 16:22:17,204 - DEBUG - Patients [1, 4, 14] have treatment 3 starting at day 8, hour 13.0 using resources [0, 5].[0m
[34m2025-01-01 16:22:17,204 - DEBUG - Patients [2, 19] have treatment 3 starting at day 8, hour 14.0 using resources [8, 7].[0m
[34m2025-01-01 16:22:17,204 - DEBUG - Patients [3, 8] have treatment 4 starting at day 8, hour 8.5 using resources [0, 5].[0m
[34m2025-01-01 16:22:17,204 - DEBUG - Patients [13, 16] have treatment 4 starting at day 8, hour 9.0 using resources [0, 5].[0m
[34m2025-01-01 16:22:17,204 - DEBUG - Patients [13, 16] have treatment 4 starting at day 8, hour 9.5 using resources [8, 5].[0m
[34m2025-01-01 16:22:17,204 - DEBUG - Patients [4, 16] have treatment 4 starting at day 8, hour 10.0 using resources [0, 5].[0m
[34m2025-01-01 16:22:17,204 - DEBUG - Patients [3, 11] have treatment 4 starting at day 8, hour 11.0 using resources [2, 3].[0m
[34m2025-01-01 16:22:17,204 - DEBUG - Patients [14, 19] have treatment 4 starting at day 8, hour 11.5 using resources [2, 3].[0m
[34m2025-01-01 16:22:17,204 - DEBUG - Patients [11, 12] have treatment 4 starting at day 8, hour 14.5 using resources [1, 3].[0m
[34m2025-01-01 16:22:17,205 - DEBUG - Patients [4] have treatment 4 starting at day 8, hour 15.0 using resources [2, 5].[0m
[34m2025-01-01 16:22:17,205 - DEBUG - Patients [1, 12] have treatment 5 starting at day 8, hour 8.0 using resources [6, 9, 5].[0m
[34m2025-01-01 16:22:17,205 - DEBUG - Patients [16] have treatment 5 starting at day 8, hour 11.0 using resources [6, 9, 5].[0m
[34m2025-01-01 16:22:17,205 - DEBUG - Patients [7, 8] have treatment 5 starting at day 8, hour 11.5 using resources [6, 9, 5].[0m
[34m2025-01-01 16:22:17,205 - DEBUG - Patients [5, 15] have treatment 5 starting at day 8, hour 15.5 using resources [6, 9, 5].[0m
[34m2025-01-01 16:22:17,205 - DEBUG - Patients [0, 1, 4, 10, 13, 15] have treatment 6 starting at day 8, hour 10.75 using resources [8, 7].[0m
[34m2025-01-01 16:22:17,205 - DEBUG - Patients [11, 18] have treatment 7 starting at day 8, hour 8.75 using resources [7, 3, 9].[0m
[34m2025-01-01 16:22:17,205 - DEBUG - Patients [18] have treatment 7 starting at day 8, hour 9.75 using resources [7, 3, 9].[0m
[34m2025-01-01 16:22:17,205 - DEBUG - Patients [2, 18] have treatment 7 starting at day 8, hour 13.0 using resources [7, 3, 9].[0m
[34m2025-01-01 16:22:17,205 - DEBUG - Patients [19, 21, 25, 26, 29] have treatment 0 starting at day 9, hour 10.5 using resources [1, 2, 5].[0m
[34m2025-01-01 16:22:17,205 - DEBUG - Patients [1, 3, 4, 15] have treatment 0 starting at day 9, hour 14.25 using resources [0, 1, 5].[0m
[34m2025-01-01 16:22:17,205 - DEBUG - Patients [21] have treatment 1 starting at day 9, hour 8.0 using resources [5].[0m
[34m2025-01-01 16:22:17,205 - DEBUG - Patients [29] have treatment 1 starting at day 9, hour 8.5 using resources [5].[0m
[34m2025-01-01 16:22:17,205 - DEBUG - Patients [28] have treatment 1 starting at day 9, hour 9.0 using resources [5].[0m
[34m2025-01-01 16:22:17,205 - DEBUG - Patients [26] have treatment 1 starting at day 9, hour 9.5 using resources [5].[0m
[34m2025-01-01 16:22:17,205 - DEBUG - Patients [13] have treatment 1 starting at day 9, hour 10.0 using resources [5].[0m
[34m2025-01-01 16:22:17,205 - DEBUG - Patients [10] have treatment 1 starting at day 9, hour 10.0 using resources [3].[0m
[34m2025-01-01 16:22:17,205 - DEBUG - Patients [7] have treatment 1 starting at day 9, hour 10.5 using resources [3].[0m
[34m2025-01-01 16:22:17,205 - DEBUG - Patients [5] have treatment 1 starting at day 9, hour 11.0 using resources [3].[0m
[34m2025-01-01 16:22:17,205 - DEBUG - Patients [4] have treatment 1 starting at day 9, hour 11.5 using resources [3].[0m
[34m2025-01-01 16:22:17,205 - DEBUG - Patients [8, 9, 10, 13, 14, 15, 16, 17, 19, 28] have treatment 2 starting at day 9, hour 13.0 using resources [2, 3].[0m
[34m2025-01-01 16:22:17,205 - DEBUG - Patients [16, 18] have treatment 4 starting at day 9, hour 9.0 using resources [0, 3].[0m
[34m2025-01-01 16:22:17,205 - DEBUG - Patients [12, 18] have treatment 4 starting at day 9, hour 15.0 using resources [0, 3].[0m
[34m2025-01-01 16:22:17,205 - DEBUG - Patients [9, 11] have treatment 4 starting at day 9, hour 15.5 using resources [0, 3].[0m
[34m2025-01-01 16:22:17,205 - DEBUG - Patients [17, 18] have treatment 5 starting at day 9, hour 8.0 using resources [6, 9, 3].[0m
[34m2025-01-01 16:22:17,205 - DEBUG - Patients [13, 16] have treatment 5 starting at day 9, hour 8.5 using resources [6, 9, 3].[0m
[34m2025-01-01 16:22:17,205 - DEBUG - Patients [4, 12] have treatment 5 starting at day 9, hour 9.5 using resources [6, 9, 3].[0m
[34m2025-01-01 16:22:17,205 - DEBUG - Patients [2, 3] have treatment 5 starting at day 9, hour 13.75 using resources [6, 9, 3].[0m
[34m2025-01-01 16:22:17,205 - DEBUG - Patients [0] have treatment 5 starting at day 9, hour 14.25 using resources [6, 9, 3].[0m
[34m2025-01-01 16:22:17,205 - DEBUG - Patients [1, 2, 4, 9, 14] have treatment 6 starting at day 9, hour 8.0 using resources [1, 7].[0m
[34m2025-01-01 16:22:17,205 - DEBUG - Patients [6, 12, 14, 25, 26] have treatment 0 starting at day 10, hour 9.0 using resources [1, 2, 4].[0m
[34m2025-01-01 16:22:17,205 - DEBUG - Patients [29] have treatment 1 starting at day 10, hour 8.0 using resources [4].[0m
[34m2025-01-01 16:22:17,205 - DEBUG - Patients [25] have treatment 1 starting at day 10, hour 8.5 using resources [4].[0m
[34m2025-01-01 16:22:17,206 - DEBUG - Patients [17] have treatment 1 starting at day 10, hour 9.0 using resources [5].[0m
[34m2025-01-01 16:22:17,206 - DEBUG - Patients [15] have treatment 1 starting at day 10, hour 9.5 using resources [5].[0m
[34m2025-01-01 16:22:17,206 - DEBUG - Patients [14] have treatment 1 starting at day 10, hour 10.0 using resources [5].[0m
[34m2025-01-01 16:22:17,206 - DEBUG - Patients [13] have treatment 1 starting at day 10, hour 10.5 using resources [5].[0m
[34m2025-01-01 16:22:17,206 - DEBUG - Patients [9] have treatment 1 starting at day 10, hour 11.0 using resources [5].[0m
[34m2025-01-01 16:22:17,206 - DEBUG - Patients [7] have treatment 1 starting at day 10, hour 13.75 using resources [5].[0m
[34m2025-01-01 16:22:17,206 - DEBUG - Patients [8] have treatment 1 starting at day 10, hour 14.25 using resources [5].[0m
[34m2025-01-01 16:22:17,206 - DEBUG - Patients [0] have treatment 1 starting at day 10, hour 15.5 using resources [5].[0m
[34m2025-01-01 16:22:17,206 - DEBUG - Patients [0, 8, 9, 13, 15, 16, 17, 18, 28, 29] have treatment 2 starting at day 10, hour 13.0 using resources [8, 5].[0m
[34m2025-01-01 16:22:17,206 - DEBUG - Patients [16, 19] have treatment 4 starting at day 10, hour 8.0 using resources [0, 5].[0m
[34m2025-01-01 16:22:17,206 - DEBUG - Patients [9, 10] have treatment 4 starting at day 10, hour 8.5 using resources [0, 5].[0m
[34m2025-01-01 16:22:17,206 - DEBUG - Patients [5, 7] have treatment 4 starting at day 10, hour 11.5 using resources [0, 5].[0m
[34m2025-01-01 16:22:17,206 - DEBUG - Patients [2, 4] have treatment 4 starting at day 10, hour 14.75 using resources [0, 5].[0m
[34m2025-01-01 16:22:17,206 - DEBUG - Patients [4] have treatment 4 starting at day 10, hour 15.5 using resources [0, 3].[0m
[34m2025-01-01 16:22:17,206 - DEBUG - Patients [10, 12] have treatment 5 starting at day 10, hour 8.0 using resources [6, 9, 3].[0m
[34m2025-01-01 16:22:17,206 - DEBUG - Patients [3, 5] have treatment 5 starting at day 10, hour 8.5 using resources [6, 9, 3].[0m
[34m2025-01-01 16:22:17,206 - DEBUG - Patients [0, 1] have treatment 5 starting at day 10, hour 15.0 using resources [6, 9, 3].[0m
[34m2025-01-01 16:22:17,206 - DEBUG - Patients [18, 19] have treatment 7 starting at day 10, hour 9.0 using resources [7, 3, 9].[0m
[34m2025-01-01 16:22:17,206 - DEBUG - Patients [11, 16] have treatment 7 starting at day 10, hour 10.0 using resources [7, 3, 9].[0m
[34m2025-01-01 16:22:17,206 - DEBUG - Patients [3, 4] have treatment 7 starting at day 10, hour 11.0 using resources [7, 3, 6].[0m
[34m2025-01-01 16:22:17,206 - DEBUG - Patients [2, 3] have treatment 7 starting at day 10, hour 13.0 using resources [7, 3, 6].[0m
[34m2025-01-01 16:22:17,206 - DEBUG - Patients [1] have treatment 7 starting at day 10, hour 14.0 using resources [7, 3, 6].[0m
[34m2025-01-01 16:22:17,206 - DEBUG - Patients [7, 8, 9, 12, 28] have treatment 0 starting at day 11, hour 13.0 using resources [1, 8, 5].[0m
[34m2025-01-01 16:22:17,206 - DEBUG - Patients [1, 3, 6, 9, 10] have treatment 0 starting at day 11, hour 13.75 using resources [1, 2, 7].[0m
[34m2025-01-01 16:22:17,206 - DEBUG - Patients [18] have treatment 1 starting at day 11, hour 8.0 using resources [7].[0m
[34m2025-01-01 16:22:17,206 - DEBUG - Patients [15] have treatment 1 starting at day 11, hour 8.0 using resources [4].[0m
[34m2025-01-01 16:22:17,206 - DEBUG - Patients [29] have treatment 1 starting at day 11, hour 8.5 using resources [4].[0m
[34m2025-01-01 16:22:17,206 - DEBUG - Patients [3] have treatment 1 starting at day 11, hour 9.0 using resources [4].[0m
[34m2025-01-01 16:22:17,206 - DEBUG - Patients [1] have treatment 1 starting at day 11, hour 9.5 using resources [4].[0m
[34m2025-01-01 16:22:17,206 - DEBUG - Patients [1] have treatment 1 starting at day 11, hour 13.0 using resources [3].[0m
[34m2025-01-01 16:22:17,206 - DEBUG - Patients [17] have treatment 1 starting at day 11, hour 13.0 using resources [4].[0m
[34m2025-01-01 16:22:17,206 - DEBUG - Patients [16] have treatment 1 starting at day 11, hour 13.0 using resources [7].[0m
[34m2025-01-01 16:22:17,206 - DEBUG - Patients [15] have treatment 1 starting at day 11, hour 13.5 using resources [4].[0m
[34m2025-01-01 16:22:17,206 - DEBUG - Patients [4] have treatment 1 starting at day 11, hour 14.25 using resources [5].[0m
[34m2025-01-01 16:22:17,207 - DEBUG - Patients [4] have treatment 1 starting at day 11, hour 15.0 using resources [3].[0m
[34m2025-01-01 16:22:17,207 - DEBUG - Patients [29] have treatment 1 starting at day 11, hour 15.5 using resources [7].[0m
[34m2025-01-01 16:22:17,207 - DEBUG - Patients [0] have treatment 1 starting at day 11, hour 15.5 using resources [3].[0m
[34m2025-01-01 16:22:17,207 - DEBUG - Patients [3, 10, 11, 13, 14, 15, 17, 18, 28, 29] have treatment 2 starting at day 11, hour 14.75 using resources [2, 5].[0m
[34m2025-01-01 16:22:17,207 - DEBUG - Patients [5, 17] have treatment 3 starting at day 11, hour 8.0 using resources [1, 5].[0m
[34m2025-01-01 16:22:17,207 - DEBUG - Patients [7, 13] have treatment 3 starting at day 11, hour 10.0 using resources [2, 5].[0m
[34m2025-01-01 16:22:17,207 - DEBUG - Patients [1, 3, 17] have treatment 3 starting at day 11, hour 10.0 using resources [6, 4].[0m
[34m2025-01-01 16:22:17,207 - DEBUG - Patients [12, 19] have treatment 3 starting at day 11, hour 14.0 using resources [8, 4].[0m
[34m2025-01-01 16:22:17,207 - DEBUG - Patients [3, 13] have treatment 4 starting at day 11, hour 8.0 using resources [0, 3].[0m
[34m2025-01-01 16:22:17,207 - DEBUG - Patients [2, 6] have treatment 4 starting at day 11, hour 10.5 using resources [0, 3].[0m
[34m2025-01-01 16:22:17,207 - DEBUG - Patients [18] have treatment 4 starting at day 11, hour 13.5 using resources [0, 3].[0m
[34m2025-01-01 16:22:17,207 - DEBUG - Patients [2] have treatment 4 starting at day 11, hour 14.0 using resources [0, 3].[0m
[34m2025-01-01 16:22:17,207 - DEBUG - Patients [2] have treatment 4 starting at day 11, hour 14.5 using resources [0, 3].[0m
[34m2025-01-01 16:22:17,207 - DEBUG - Patients [14] have treatment 5 starting at day 11, hour 13.75 using resources [6, 9, 5].[0m
[34m2025-01-01 16:22:17,207 - DEBUG - Patients [0] have treatment 5 starting at day 11, hour 14.5 using resources [6, 9, 7].[0m
[34m2025-01-01 16:22:17,207 - DEBUG - Patients [1] have treatment 5 starting at day 11, hour 15.0 using resources [6, 9, 7].[0m
[34m2025-01-01 16:22:17,207 - DEBUG - Patients [17] have treatment 5 starting at day 11, hour 15.5 using resources [6, 9, 5].[0m
[34m2025-01-01 16:22:17,207 - DEBUG - Patients [11, 13] have treatment 7 starting at day 11, hour 8.5 using resources [7, 3, 9].[0m
[34m2025-01-01 16:22:17,207 - DEBUG - Patients [11, 19] have treatment 7 starting at day 11, hour 9.5 using resources [7, 3, 9].[0m
[34m2025-01-01 16:22:17,207 - DEBUG - Patients [4, 16] have treatment 7 starting at day 11, hour 11.0 using resources [7, 3, 9].[0m
[34m2025-01-01 16:22:17,207 - DEBUG - Patients [10, 16] have treatment 0 starting at day 12, hour 9.25 using resources [1, 8, 7].[0m
[34m2025-01-01 16:22:17,207 - DEBUG - Patients [1, 3, 11, 16] have treatment 0 starting at day 12, hour 10.0 using resources [0, 1, 4].[0m
[34m2025-01-01 16:22:17,207 - DEBUG - Patients [7, 11, 17] have treatment 0 starting at day 12, hour 13.25 using resources [0, 8, 4].[0m
[34m2025-01-01 16:22:17,207 - DEBUG - Patients [3, 5, 15, 17, 18] have treatment 0 starting at day 12, hour 14.0 using resources [1, 2, 5].[0m
[34m2025-01-01 16:22:17,207 - DEBUG - Patients [4, 17, 18] have treatment 0 starting at day 12, hour 14.75 using resources [0, 2, 5].[0m
[34m2025-01-01 16:22:17,207 - DEBUG - Patients [7] have treatment 1 starting at day 12, hour 8.5 using resources [3].[0m
[34m2025-01-01 16:22:17,207 - DEBUG - Patients [4] have treatment 1 starting at day 12, hour 10.75 using resources [4].[0m
[34m2025-01-01 16:22:17,207 - DEBUG - Patients [0] have treatment 1 starting at day 12, hour 11.25 using resources [4].[0m
[34m2025-01-01 16:22:17,207 - DEBUG - Patients [9] have treatment 1 starting at day 12, hour 14.0 using resources [4].[0m
[34m2025-01-01 16:22:17,207 - DEBUG - Patients [14] have treatment 1 starting at day 12, hour 14.5 using resources [4].[0m
[34m2025-01-01 16:22:17,207 - DEBUG - Patients [8] have treatment 1 starting at day 12, hour 15.0 using resources [4].[0m
[34m2025-01-01 16:22:17,207 - DEBUG - Patients [28] have treatment 1 starting at day 12, hour 15.0 using resources [7].[0m
[34m2025-01-01 16:22:17,207 - DEBUG - Patients [6] have treatment 1 starting at day 12, hour 15.5 using resources [4].[0m
[34m2025-01-01 16:22:17,207 - DEBUG - Patients [19] have treatment 1 starting at day 12, hour 15.5 using resources [5].[0m
[34m2025-01-01 16:22:17,208 - DEBUG - Patients [15] have treatment 1 starting at day 12, hour 15.5 using resources [3].[0m
[34m2025-01-01 16:22:17,208 - DEBUG - Patients [0] have treatment 1 starting at day 12, hour 15.5 using resources [7].[0m
[34m2025-01-01 16:22:17,208 - DEBUG - Patients [2, 6, 9, 12, 14, 15, 18, 19, 28, 29] have treatment 2 starting at day 12, hour 13.0 using resources [1, 5].[0m
[34m2025-01-01 16:22:17,208 - DEBUG - Patients [14, 17] have treatment 3 starting at day 12, hour 8.0 using resources [2, 5].[0m
[34m2025-01-01 16:22:17,208 - DEBUG - Patients [8, 17] have treatment 3 starting at day 12, hour 10.0 using resources [8, 5].[0m
[34m2025-01-01 16:22:17,208 - DEBUG - Patients [19] have treatment 4 starting at day 12, hour 8.0 using resources [0, 3].[0m
[34m2025-01-01 16:22:17,208 - DEBUG - Patients [12] have treatment 4 starting at day 12, hour 9.0 using resources [0, 3].[0m
[34m2025-01-01 16:22:17,208 - DEBUG - Patients [1, 5] have treatment 4 starting at day 12, hour 9.5 using resources [0, 4].[0m
[34m2025-01-01 16:22:17,208 - DEBUG - Patients [1, 12] have treatment 4 starting at day 12, hour 15.0 using resources [6, 3].[0m
[34m2025-01-01 16:22:17,208 - DEBUG - Patients [12, 18] have treatment 5 starting at day 12, hour 8.0 using resources [6, 9, 4].[0m
[34m2025-01-01 16:22:17,208 - DEBUG - Patients [3, 16] have treatment 5 starting at day 12, hour 8.5 using resources [6, 9, 4].[0m
[34m2025-01-01 16:22:17,208 - DEBUG - Patients [3] have treatment 5 starting at day 12, hour 9.0 using resources [6, 9, 4].[0m
[34m2025-01-01 16:22:17,208 - DEBUG - Patients [13] have treatment 5 starting at day 12, hour 9.5 using resources [6, 9, 3].[0m
[34m2025-01-01 16:22:17,208 - DEBUG - Patients [1, 2, 4, 8, 9] have treatment 6 starting at day 12, hour 8.0 using resources [1, 7].[0m
[34m2025-01-01 16:22:17,208 - DEBUG - Patients [2] have treatment 7 starting at day 12, hour 10.0 using resources [7, 3, 9].[0m
[34m2025-01-01 16:22:17,208 - DEBUG - Patients [11, 19] have treatment 7 starting at day 12, hour 11.0 using resources [7, 3, 9].[0m
[34m2025-01-01 16:22:17,208 - DEBUG - Patients [1, 16] have treatment 7 starting at day 12, hour 13.0 using resources [7, 3, 9].[0m
[34m2025-01-01 16:22:17,208 - DEBUG - Patients [2, 11] have treatment 7 starting at day 12, hour 14.0 using resources [7, 3, 9].[0m
[34m2025-01-01 16:22:17,208 - DEBUG - Patients [14, 15, 18, 29] have treatment 0 starting at day 13, hour 8.0 using resources [1, 6, 3].[0m
[34m2025-01-01 16:22:17,208 - DEBUG - Patients [0, 3, 4, 11, 29] have treatment 0 starting at day 13, hour 9.0 using resources [0, 8, 4].[0m
[34m2025-01-01 16:22:17,208 - DEBUG - Patients [1, 3, 13] have treatment 0 starting at day 13, hour 13.0 using resources [3, 6, 5].[0m
[34m2025-01-01 16:22:17,208 - DEBUG - Patients [1, 3, 16] have treatment 0 starting at day 13, hour 13.75 using resources [1, 6, 4].[0m
[34m2025-01-01 16:22:17,208 - DEBUG - Patients [0, 13] have treatment 0 starting at day 13, hour 14.5 using resources [1, 8, 4].[0m
[34m2025-01-01 16:22:17,208 - DEBUG - Patients [0, 1] have treatment 0 starting at day 13, hour 15.25 using resources [8, 6, 5].[0m
[34m2025-01-01 16:22:17,208 - DEBUG - Patients [5, 13] have treatment 0 starting at day 13, hour 15.25 using resources [1, 2, 3].[0m
[34m2025-01-01 16:22:17,208 - DEBUG - Patients [17] have treatment 1 starting at day 13, hour 13.75 using resources [5].[0m
[34m2025-01-01 16:22:17,208 - DEBUG - Patients [4] have treatment 1 starting at day 13, hour 14.25 using resources [3].[0m
[34m2025-01-01 16:22:17,208 - DEBUG - Patients [6] have treatment 1 starting at day 13, hour 14.75 using resources [5].[0m
[34m2025-01-01 16:22:17,208 - DEBUG - Patients [8, 13, 16, 17, 19] have treatment 3 starting at day 13, hour 8.0 using resources [2, 5].[0m
[34m2025-01-01 16:22:17,208 - DEBUG - Patients [2, 7, 16, 17, 18] have treatment 3 starting at day 13, hour 10.0 using resources [3, 5].[0m
[34m2025-01-01 16:22:17,208 - DEBUG - Patients [1, 3, 5, 8, 10, 11] have treatment 3 starting at day 13, hour 10.0 using resources [2, 4].[0m
[34m2025-01-01 16:22:17,208 - DEBUG - Patients [17, 18] have treatment 4 starting at day 13, hour 13.0 using resources [0, 4].[0m
[34m2025-01-01 16:22:17,208 - DEBUG - Patients [12, 15] have treatment 4 starting at day 13, hour 13.75 using resources [8, 3].[0m
[34m2025-01-01 16:22:17,208 - DEBUG - Patients [10] have treatment 4 starting at day 13, hour 14.25 using resources [0, 5].[0m
[34m2025-01-01 16:22:17,209 - DEBUG - Patients [19] have treatment 5 starting at day 13, hour 10.0 using resources [6, 9, 7].[0m
[34m2025-01-01 16:22:17,209 - DEBUG - Patients [12] have treatment 5 starting at day 13, hour 10.5 using resources [6, 9, 7].[0m
[34m2025-01-01 16:22:17,209 - DEBUG - Patients [12, 14] have treatment 5 starting at day 13, hour 11.0 using resources [6, 9, 7].[0m
[34m2025-01-01 16:22:17,209 - DEBUG - Patients [14] have treatment 5 starting at day 13, hour 11.5 using resources [6, 9, 7].[0m
[34m2025-01-01 16:22:17,209 - DEBUG - Patients [2, 8] have treatment 5 starting at day 13, hour 14.75 using resources [6, 9, 3].[0m
[34m2025-01-01 16:22:17,209 - DEBUG - Patients [2, 4, 6, 7, 11, 19] have treatment 6 starting at day 13, hour 13.0 using resources [2, 7].[0m
[34m2025-01-01 16:22:17,209 - DEBUG - Patients [3, 4, 11, 12, 15, 16, 17, 18, 19] have treatment 6 starting at day 13, hour 14.75 using resources [0, 7].[0m
[34m2025-01-01 16:22:17,209 - DEBUG - Patients [2, 9] have treatment 7 starting at day 13, hour 8.0 using resources [7, 4, 9].[0m
[34m2025-01-01 16:22:17,209 - DEBUG - Patients [1] have treatment 7 starting at day 13, hour 9.0 using resources [7, 3, 9].[0m
[34m2025-01-01 16:22:17,221 - DEBUG - Checking solution value.[0m
[34m2025-01-01 16:22:17,221 - DEBUG - Solvers objective function value: 684.0[0m
[34m2025-01-01 16:22:17,223 - DEBUG - (VERIFIER):Treatment value: 0[0m
[34m2025-01-01 16:22:17,223 - DEBUG - (VERIFIER):Delay value: 0[0m
[34m2025-01-01 16:22:17,223 - DEBUG - (VERIFIER):Missing treatment value: 684[0m
[34m2025-01-01 16:22:17,223 - DEBUG - Correct objective function value: 684[0m
[34m2025-01-01 16:22:17,223 - DEBUG - Solution is valid.[0m
[34m2025-01-01 16:22:17,224 - DEBUG - All solvers accepted the solution.[0m
[32m2025-01-01 16:22:17,224 - INFO - Time to find solution: 1402.503s with value 684.000000[0m
[32m2025-01-01 16:22:17,224 - INFO - Total Time: 1408.276s[0m
