1.NAME: LBBDSolver
2.PARAMS: {'break_symmetry': True, 'add_constraints_to_symmetrc_days': True, 'subsolver_cls': 'CPSubSolver'}
3.INSTANCE: /home/wx350715/Kobra/rehabiliation-admission-scheduling/data/comp_study_002/instance_6_15.txt
4.REPETITION: 1
Current directory: /home/wx350715/Kobra/rehabiliation-admission-scheduling
[34m2025-01-01 18:42:55,674 - DEBUG - Solver: <class 'src.solvers.benders.LBBDSolver'>[0m
[34m2025-01-01 18:42:55,674 - DEBUG - Args: {'break_symmetry': True, 'add_constraints_to_symmetrc_days': True, 'subsolver_cls': 'CPSubSolver'}[0m
[34m2025-01-01 18:42:55,674 - DEBUG - File path /home/wx350715/Kobra/rehabiliation-admission-scheduling/data/comp_study_002/instance_6_15.txt[0m
[34m2025-01-01 18:42:55,674 - DEBUG - ADD INSTANCE DATA[0m
[34m2025-01-01 18:42:55,674 - DEBUG - ADD INSTANCE DATA[0m
[34m2025-01-01 18:42:55,674 - DEBUG - ADD INSTANCE DATA[0m
[34m2025-01-01 18:42:55,674 - DEBUG - ADD INSTANCE DATA[0m
[34m2025-01-01 18:42:55,674 - DEBUG - ADD INSTANCE DATA[0m
[34m2025-01-01 18:42:55,674 - DEBUG - ADD INSTANCE DATA[0m
[34m2025-01-01 18:42:55,675 - DEBUG - ADD INSTANCE DATA[0m
[34m2025-01-01 18:42:55,675 - DEBUG - ADD INSTANCE DATA[0m
[34m2025-01-01 18:42:55,675 - DEBUG - ADD INSTANCE DATA[0m
[34m2025-01-01 18:42:55,675 - DEBUG - ADD INSTANCE DATA[0m
[34m2025-01-01 18:42:55,675 - DEBUG - ADD INSTANCE DATA[0m
[34m2025-01-01 18:42:55,675 - DEBUG - ADD RESOURCE_GROUPS[0m
[34m2025-01-01 18:42:55,675 - DEBUG - ADD RESOURCE_GROUPS[0m
[34m2025-01-01 18:42:55,675 - DEBUG - ADD RESOURCE_GROUPS[0m
[34m2025-01-01 18:42:55,675 - DEBUG - ADD RESOURCE_GROUPS[0m
[34m2025-01-01 18:42:55,675 - DEBUG - ADD RESOURCES[0m
[34m2025-01-01 18:42:55,675 - DEBUG - ADD RESOURCES[0m
[34m2025-01-01 18:42:55,675 - DEBUG - ADD RESOURCES[0m
[34m2025-01-01 18:42:55,675 - DEBUG - ADD RESOURCES[0m
[34m2025-01-01 18:42:55,676 - DEBUG - ADD RESOURCES[0m
[34m2025-01-01 18:42:55,676 - DEBUG - ADD RESOURCES[0m
[34m2025-01-01 18:42:55,676 - DEBUG - ADD RESOURCES[0m
[34m2025-01-01 18:42:55,676 - DEBUG - ADD RESOURCES[0m
[34m2025-01-01 18:42:55,676 - DEBUG - ADD RESOURCES[0m
[34m2025-01-01 18:42:55,676 - DEBUG - ADD RESOURCES[0m
[34m2025-01-01 18:42:55,676 - DEBUG - ADD TREATMENTS[0m
[34m2025-01-01 18:42:55,676 - DEBUG - ADD TREATMENTS[0m
[34m2025-01-01 18:42:55,676 - DEBUG - ADD TREATMENTS[0m
[34m2025-01-01 18:42:55,676 - DEBUG - ADD TREATMENTS[0m
[34m2025-01-01 18:42:55,676 - DEBUG - ADD TREATMENTS[0m
[34m2025-01-01 18:42:55,677 - DEBUG - ADD TREATMENTS[0m
[34m2025-01-01 18:42:55,677 - DEBUG - ADD TREATMENTS[0m
[34m2025-01-01 18:42:55,677 - DEBUG - ADD TREATMENTS[0m
[34m2025-01-01 18:42:55,677 - DEBUG - ADD PATIENTS[0m
[34m2025-01-01 18:42:55,677 - DEBUG - ADD PATIENTS[0m
[34m2025-01-01 18:42:55,677 - DEBUG - ADD PATIENTS[0m
[34m2025-01-01 18:42:55,677 - DEBUG - ADD PATIENTS[0m
[34m2025-01-01 18:42:55,677 - DEBUG - ADD PATIENTS[0m
[34m2025-01-01 18:42:55,678 - DEBUG - ADD PATIENTS[0m
[34m2025-01-01 18:42:55,678 - DEBUG - ADD PATIENTS[0m
[34m2025-01-01 18:42:55,678 - DEBUG - ADD PATIENTS[0m
[34m2025-01-01 18:42:55,678 - DEBUG - ADD PATIENTS[0m
[34m2025-01-01 18:42:55,678 - DEBUG - ADD PATIENTS[0m
[34m2025-01-01 18:42:55,678 - DEBUG - ADD PATIENTS[0m
[34m2025-01-01 18:42:55,678 - DEBUG - ADD PATIENTS[0m
[34m2025-01-01 18:42:55,678 - DEBUG - ADD PATIENTS[0m
[34m2025-01-01 18:42:55,678 - DEBUG - ADD PATIENTS[0m
[34m2025-01-01 18:42:55,679 - DEBUG - ADD PATIENTS[0m
[34m2025-01-01 18:42:55,679 - DEBUG - ADD PATIENTS[0m
[34m2025-01-01 18:42:55,679 - DEBUG - ADD PATIENTS[0m
[34m2025-01-01 18:42:55,679 - DEBUG - ADD PATIENTS[0m
[34m2025-01-01 18:42:55,679 - DEBUG - ADD PATIENTS[0m
[34m2025-01-01 18:42:55,679 - DEBUG - ADD PATIENTS[0m
[34m2025-01-01 18:42:55,679 - DEBUG - ADD PATIENTS[0m
[34m2025-01-01 18:42:55,679 - DEBUG - Instance data:[0m
[34m2025-01-01 18:42:55,679 - DEBUG - Number of patients: 21[0m
[34m2025-01-01 18:42:55,680 - DEBUG - Number of beds: 36[0m
[34m2025-01-01 18:42:55,680 - DEBUG - Average number of treatments per patient: 32.38095238095238[0m
[34m2025-01-01 18:42:55,680 - DEBUG - Average number of treatment per stayed day: 2.3859649122807016[0m
[34m2025-01-01 18:42:55,680 - DEBUG - Number of treatments: 680[0m
[34m2025-01-01 18:42:55,680 - DEBUG - Number of resources: 10[0m
[34m2025-01-01 18:42:55,680 - DEBUG - Number of resource groups: 4[0m
[34m2025-01-01 18:42:55,680 - DEBUG - Number of resource hours needed per all treatment by RG(therapists): 19.704166666666676[0m
[34m2025-01-01 18:42:55,680 - DEBUG - Number of resource hours needed per all treatment by RG(rooms): 35.95416666666666[0m
[34m2025-01-01 18:42:55,681 - DEBUG - Number of resource hours needed per all treatment by RG(physiotherapist): 15.5[0m
[34m2025-01-01 18:42:55,681 - DEBUG - Number of resource hours needed per all treatment by RG(sport_room): 6.75[0m
[32m2025-01-01 18:42:55,681 - INFO - {'solver': 'LBBDSolver', 'args': {'break_symmetry': False, 'subsolver_cls': <class 'src.solvers.subsolvers.cp_subsolver.CPSubsolver'>, 'subsolver.store_results': True, 'subsolver.store_results_method': 'hash', 'use_helper_constraints': True, 'enforce_min_treatments_per_day': True, 'enforce_max_treatments_per_e_w': True, 'enforce_min_patients_per_treatment': True, 'log_to_console': True}}[0m
[34m2025-01-01 18:42:55,681 - DEBUG - Setting options: LBBDSolver[0m
[34m2025-01-01 18:42:55,681 - DEBUG -  ---- break_symmetry to False[0m
[34m2025-01-01 18:42:55,681 - DEBUG -  ---- subsolver_cls to <class 'src.solvers.subsolvers.cp_subsolver.CPSubsolver'>[0m
[34m2025-01-01 18:42:55,681 - DEBUG -  ---- use_helper_constraints to True[0m
[34m2025-01-01 18:42:55,681 - DEBUG -  ---- add_constraints_to_symmetric_days to True (default)[0m
[34m2025-01-01 18:42:55,681 - DEBUG - Setting options: Solver[0m
[34m2025-01-01 18:42:55,681 - DEBUG -  ---- number_of_threads to 4 (default)[0m
[34m2025-01-01 18:42:55,681 - DEBUG -  ---- treatment_value to 0 (default)[0m
[34m2025-01-01 18:42:55,681 - DEBUG -  ---- delay_value to 1 (default)[0m
[34m2025-01-01 18:42:55,681 - DEBUG -  ---- missing_treatment_value to 4 (default)[0m
[34m2025-01-01 18:42:55,681 - DEBUG -  ---- enforce_min_treatments_per_day to True[0m
[34m2025-01-01 18:42:55,681 - DEBUG -  ---- enforce_max_treatments_per_e_w to True[0m
[34m2025-01-01 18:42:55,681 - DEBUG -  ---- enforce_min_patients_per_treatment to True[0m
[34m2025-01-01 18:42:55,681 - DEBUG -  ---- log_to_console to True[0m
[34m2025-01-01 18:42:55,681 - DEBUG -  ---- log_to_file to True (default)[0m
[34m2025-01-01 18:42:55,681 - DEBUG -  ---- no_rel_heur_time to 1 (default)[0m
[34m2025-01-01 18:42:55,718 - DEBUG - Setting options: CPSubsolver[0m
[34m2025-01-01 18:42:55,718 - DEBUG -  ---- estimated_needed_treatments to True (default)[0m
[34m2025-01-01 18:42:55,718 - DEBUG -  ---- add_patient_symmetry to False (default)[0m
[34m2025-01-01 18:42:55,718 - DEBUG - Setting Subsolver options: SubSolver[0m
[34m2025-01-01 18:42:55,718 - DEBUG -  ---- store_results to True[0m
[34m2025-01-01 18:42:55,718 - DEBUG -  ---- store_results_method to hash[0m
[34m2025-01-01 18:42:55,718 - DEBUG -  ---- enforce_min_patients_per_treatment to True[0m
[34m2025-01-01 18:42:55,718 - DEBUG -  ---- use_day_symmetry to True (default)[0m
[32m2025-01-01 18:42:55,748 - INFO - Create model: LBBDSolver[0m
Set parameter TSPort to value 50039
Set parameter TokenServer to value "license.itc.rwth-aachen.de"
Set parameter Threads to value 4
Set parameter Cuts to value 0
Set parameter LazyConstraints to value 1
Set parameter NoRelHeurTime to value 1
[34m2025-01-01 18:42:56,228 - DEBUG - Variables created.[0m
[34m2025-01-01 18:42:57,784 - DEBUG - Constraint (not too many treatments) created.[0m
[34m2025-01-01 18:42:58,868 - DEBUG - Constraint (no_treatments_outside admittance) created.[0m
[34m2025-01-01 18:42:58,869 - DEBUG - Constraint (bed_usage) created.[0m
[34m2025-01-01 18:42:58,870 - DEBUG - Constraint (must be admitted) created.[0m
[34m2025-01-01 18:42:59,038 - DEBUG - Constraint (e_w_ub) created.[0m
[34m2025-01-01 18:42:59,091 - DEBUG - Constraint (day_ub) created.[0m
[34m2025-01-01 18:42:59,146 - DEBUG - Constraint (Day always) created.[0m
[34m2025-01-01 18:42:59,146 - DEBUG - Constraint (already_admitted) created.[0m
[32m2025-01-01 18:43:01,116 - INFO - Time to create model: 5.368[0m
[32m2025-01-01 18:43:01,117 - INFO - Solving model: LBBDSolver[0m
Gurobi Optimizer version 10.0.0 build v10.0.0rc2 (linux64)

CPU model: Intel(R) Xeon(R) Platinum 8468, instruction set [SSE2|AVX|AVX2|AVX512]
Thread count: 96 physical cores, 96 logical processors, using up to 4 threads

Optimize a model with 231537 rows, 97384 columns and 1866352 nonzeros
Model fingerprint: 0xf6f78039
Variable types: 3 continuous, 97381 integer (97381 binary)
Coefficient statistics:
  Matrix range     [1e+00, 2e+01]
  Objective range  [1e+00, 1e+01]
  Bounds range     [1e+00, 1e+00]
  RHS range        [1e+00, 3e+03]
Presolve added 0 rows and 1697 columns
Presolve removed 149009 rows and 0 columns
Presolve time: 3.03s
Presolved: 82528 rows, 99081 columns, 1227214 nonzeros
Variable types: 1 continuous, 99080 integer (98224 binary)
Starting NoRel heuristic
Found phase-1 solution: relaxation 27
Found phase-1 solution: relaxation 21
Found phase-1 solution: relaxation 19
Found phase-1 solution: relaxation 17
Found phase-1 solution: relaxation 16
Root relaxation presolved: 82145 rows, 98944 columns, 1155729 nonzeros

Deterministic concurrent LP optimizer: primal simplex, dual simplex, and barrier
Showing barrier log only...

Root barrier log...

Ordering time: 0.27s

Barrier statistics:
 Dense cols : 53
 AA' NZ     : 1.072e+05
 Factor NZ  : 3.559e+05 (roughly 8 MB of memory)
 Factor Ops : 4.946e+07 (less than 1 second per iteration)
 Threads    : 2

                  Objective                Residual
Iter       Primal          Dual         Primal    Dual     Compl     Time
   0  -3.26790457e+06 -6.60146982e+04  7.51e+04 1.48e+00  9.32e+02     7s
   1  -1.49129214e+06 -1.27389162e+05  3.43e+04 1.10e+01  4.26e+02     7s
   2  -7.06551495e+05 -1.58762661e+05  1.63e+04 2.03e-13  2.15e+02     7s
   3  -1.61759659e+05 -1.28049570e+05  3.77e+03 3.69e-03  5.27e+01     7s
   4  -6.39410246e+04 -8.44866678e+04  1.49e+03 1.19e-03  2.11e+01     7s
   5  -1.75929175e+04 -5.03775017e+04  4.20e+02 1.69e-03  6.91e+00     7s
   6  -5.97750275e+03 -2.64279236e+04  1.53e+02 5.86e-04  2.71e+00     7s
   7  -2.59214331e+03 -1.88753744e+04  7.56e+01 3.93e-04  1.59e+00     7s
   8   2.57657824e+02 -5.48457159e+03  1.01e+01 7.15e-05  3.75e-01     7s
   9   6.04240832e+02 -5.74862146e+02  1.90e+00 1.44e-05  7.05e-02     8s
  10   6.33560050e+02  2.51099922e+02  1.04e+00 1.03e-05  2.36e-02     8s
  11   6.69345190e+02  6.12902057e+02  7.59e-02 3.81e-05  3.23e-03     8s
  12   6.68548801e+02  6.34316847e+02  1.74e-02 2.00e-05  1.89e-03     8s

Barrier performed 12 iterations in 7.68 seconds (8.51 work units)
Barrier solve interrupted - model solved by another algorithm

Concurrent spin time: 0.34s (can be avoided by choosing Method=3)

Solved with dual simplex

Root simplex log...

Iteration    Objective       Primal Inf.    Dual Inf.      Time
    4592    6.6825000e+02   0.000000e+00   0.000000e+00      8s

Use crossover to convert LP symmetric solution to basic solution...

Root crossover log...

       0 DPushes remaining with DInf 0.0000000e+00                 8s

   18297 PPushes remaining with PInf 0.0000000e+00                 8s
       0 PPushes remaining with PInf 0.0000000e+00                 9s

  Push phase complete: Pinf 0.0000000e+00, Dinf 6.1382011e-12      9s


Root simplex log...

Iteration    Objective       Primal Inf.    Dual Inf.      Time
   22943    6.6825000e+02   0.000000e+00   0.000000e+00      9s
   22943    6.6825000e+02   0.000000e+00   0.000000e+00      9s

Root relaxation: objective 6.682500e+02, 22943 iterations, 3.77 seconds (1.05 work units)
Total elapsed time = 16.57s
Total elapsed time = 20.34s

    Nodes    |    Current Node    |     Objective Bounds      |     Work
 Expl Unexpl |  Obj  Depth IntInf | Incumbent    BestBd   Gap | It/Node Time

     0     0  668.25000    0  480          -  668.25000      -     -   27s
     0     0  668.25000    0  383          -  668.25000      -     -   37s
[32m2025-01-01 18:44:52,611 - INFO - d_prime: 9 d: 10[0m
[32m2025-01-01 18:44:52,615 - INFO - d_prime: 10 d: 10[0m
[32m2025-01-01 18:44:52,618 - INFO - d_prime: 11 d: 10[0m
[32m2025-01-01 18:44:52,621 - INFO - d_prime: 12 d: 10[0m
[32m2025-01-01 18:44:52,623 - INFO - d_prime: 13 d: 10[0m
[32m2025-01-01 18:44:52,625 - INFO - forbidden_vars: ([{4:1},{1:1,6:1},{1:1,6:1},{1:2},{1:1,4:1},{1:2},{1:2},{1:2},{1:1,3:1},{1:2},{3:1,7:1},{4:1,6:1},{5:2},{5:2},{1:2,4:1},{1:2,5:1},{1:3},{3:1,4:1,5:1},{1:2,3:1,6:1},{3:3,6:1}])[0m
[32m2025-01-01 18:44:52,625 - INFO - False[0m
     0     2  668.25000    0  383          -  668.25000      -     -  183s
     1     4  668.28846    1  762          -  668.28846      - 22157  189s
     3     8  668.29762    2  900          -  668.29762      - 10114  195s
    11    16  673.00000    4  594          -  668.41667      -  3736  200s
    85    93  673.00000   21  269          -  668.41667      -   579  206s
   204   229  673.00000   52  142          -  668.41667      -   268  210s
   289   305  673.00000   72  117          -  668.41667      -   203  215s
   426   465  673.00000  106   48          -  668.41667      -   159  220s
   640   668  673.00000  142   74          -  668.41667      -   115  225s
[32m2025-01-01 18:47:09,632 - INFO - d_prime: 3 d: 3[0m
[32m2025-01-01 18:47:09,633 - INFO - d_prime: 4 d: 3[0m
[32m2025-01-01 18:47:09,633 - INFO - d_prime: 5 d: 3[0m
[32m2025-01-01 18:47:09,634 - INFO - d_prime: 6 d: 3[0m
[32m2025-01-01 18:47:09,634 - INFO - d_prime: 7 d: 3[0m
[32m2025-01-01 18:47:09,635 - INFO - d_prime: 8 d: 3[0m
[32m2025-01-01 18:47:09,635 - INFO - d_prime: 9 d: 3[0m
[32m2025-01-01 18:47:09,636 - INFO - d_prime: 10 d: 3[0m
[32m2025-01-01 18:47:09,636 - INFO - d_prime: 11 d: 3[0m
[32m2025-01-01 18:47:09,637 - INFO - d_prime: 12 d: 3[0m
[32m2025-01-01 18:47:09,637 - INFO - d_prime: 13 d: 3[0m
[32m2025-01-01 18:47:09,638 - INFO - forbidden_vars: ([{0:1},{0:2},{0:1,5:1,7:2},{3:2,7:2},{0:1,3:3,5:1},{3:1,7:4}])[0m
[32m2025-01-01 18:47:09,638 - INFO - False[0m
   672   699  673.00000  146  153          -  668.41667      -   112  338s
   703   747  673.00000  150   55          -  668.41667      -   108  340s
*  750   264             187     672.0000000  668.41667  0.53%   104  403s
   753   209     cutoff  160       672.00000  671.00000  0.15%   104  410s
H  757   209                     671.0000000  671.00000  0.00%   103  525s

Cutting planes:
  Lazy constraints: 16

Explored 768 nodes (239790 simplex iterations) in 525.88 seconds (136.38 work units)
Thread count was 4 (of 96 available processors)

Solution count 2: 671 672 

Optimal solution found (tolerance 1.00e-04)
Best objective 6.710000000000e+02, best bound 6.710000000000e+02, gap 0.0000%

User-callback calls 17146, time in user-callback 407.92 sec
[34m2025-01-01 18:51:47,125 - DEBUG - Finished optimization[0m
[34m2025-01-01 18:51:47,125 - DEBUG - Subsolver stats:[0m
[32m2025-01-01 18:51:47,125 - INFO - Number of cuts added: 2 (bad=0, good=2)[0m
[32m2025-01-01 18:51:47,125 - INFO - Unnecessary comps: (0 / 2)[0m
[32m2025-01-01 18:51:47,125 - INFO - Calls to is_day_infeasible: cp_solver=48/ total=56 stored=8[0m
[32m2025-01-01 18:51:47,125 - INFO - Is feasible: 407.50666666030884 0.9992681495072361[0m
[32m2025-01-01 18:51:47,125 - INFO - Subsolver: Solve Model: 405.8470559120178/0.9959766612560065[0m
[32m2025-01-01 18:51:47,125 - INFO - Subsolver: Create Model: 1.6394562721252441/0.004023338743993504[0m
[32m2025-01-01 18:51:47,125 - INFO - Num_constraints-added: 16[0m
[32m2025-01-01 18:51:47,125 - INFO - Optimal solution found.[0m
[34m2025-01-01 18:51:47,125 - DEBUG - Sub Objectives:[0m
[34m2025-01-01 18:51:47,125 - DEBUG - (SOLVER):Minimize Delay: 3.0[0m
[34m2025-01-01 18:51:47,125 - DEBUG - (SOLVER):Minimize Missing Treatments: 668.0[0m
[32m2025-01-01 18:51:47,125 - INFO - All cuts [defaultdict(<class 'dict'>, {P(patient0): {T(bath): 2, T(trust_exercise): 1}, P(patient2): {T(bath): 1, T(sport): 1}, P(patient4): {T(bath): 2, T(knitting): 1, T(sport): 1}, P(patient5): {T(bath): 1, T(sport): 1}, P(patient6): {T(bath): 2}, P(patient8): {T(bath): 1, T(trust_exercise): 1}, P(patient9): {T(bath): 2, T(massage): 1}, P(patient10): {T(bath): 2}, P(patient12): {T(bath): 2}, P(patient13): {T(bath): 3}, P(patient14): {T(bath): 2}, P(patient16): {T(bath): 1, T(knitting): 1}, P(patient18): {T(bath): 2}, P(patient3): {T(knitting): 1, T(trust_exercise): 1, T(massage): 1}, P(patient11): {T(knitting): 1, T(physio): 1}, P(patient17): {T(knitting): 3, T(sport): 1}, P(patient15): {T(trust_exercise): 1, T(sport): 1}, P(patient19): {T(trust_exercise): 1}, P(patient1): {T(massage): 2}, P(patient7): {T(massage): 2}}), defaultdict(<class 'dict'>, {P(patient0): {T(music_therapy): 1}, P(patient1): {T(music_therapy): 1, T(knitting): 3, T(massage): 1}, P(patient4): {T(music_therapy): 1, T(massage): 1, T(physio): 2}, P(patient7): {T(music_therapy): 2}, P(patient2): {T(knitting): 2, T(physio): 2}, P(patient3): {T(knitting): 1, T(physio): 4}})][0m
[32m2025-01-01 18:51:47,126 - INFO - All cuts ['([{4:1},{1:1,6:1},{1:1,6:1},{1:2},{1:1,4:1},{1:2},{1:2},{1:2},{1:1,3:1},{1:2},{3:1,7:1},{4:1,6:1},{5:2},{5:2},{1:2,4:1},{1:2,5:1},{1:3},{3:1,4:1,5:1},{1:2,3:1,6:1},{3:3,6:1}])', '([{0:1},{0:2},{0:1,5:1,7:2},{3:2,7:2},{0:1,3:3,5:1},{3:1,7:4}])'][0m
[34m2025-01-01 18:53:22,551 - DEBUG - Patient 0 is admitted at day 0.[0m
[34m2025-01-01 18:53:22,552 - DEBUG - Patient 1 is admitted at day 1.[0m
[34m2025-01-01 18:53:22,552 - DEBUG - Patient 2 is admitted at day 2.[0m
[34m2025-01-01 18:53:22,552 - DEBUG - Patient 3 is admitted at day 2.[0m
[34m2025-01-01 18:53:22,552 - DEBUG - Patient 4 is admitted at day 3.[0m
[34m2025-01-01 18:53:22,552 - DEBUG - Patient 5 is admitted at day 4.[0m
[34m2025-01-01 18:53:22,552 - DEBUG - Patient 6 is admitted at day 5.[0m
[34m2025-01-01 18:53:22,552 - DEBUG - Patient 7 is admitted at day 2.[0m
[34m2025-01-01 18:53:22,552 - DEBUG - Patient 8 is admitted at day 7.[0m
[34m2025-01-01 18:53:22,552 - DEBUG - Patient 9 is admitted at day 9.[0m
[34m2025-01-01 18:53:22,552 - DEBUG - Patient 10 is admitted at day 8.[0m
[34m2025-01-01 18:53:22,552 - DEBUG - Patient 11 is admitted at day 7.[0m
[34m2025-01-01 18:53:22,552 - DEBUG - Patient 12 is admitted at day 7.[0m
[34m2025-01-01 18:53:22,552 - DEBUG - Patient 13 is admitted at day 8.[0m
[34m2025-01-01 18:53:22,552 - DEBUG - Patient 14 is admitted at day 7.[0m
[34m2025-01-01 18:53:22,552 - DEBUG - Patient 15 is admitted at day 7.[0m
[34m2025-01-01 18:53:22,552 - DEBUG - Patient 16 is admitted at day 7.[0m
[34m2025-01-01 18:53:22,552 - DEBUG - Patient 17 is admitted at day 7.[0m
[34m2025-01-01 18:53:22,552 - DEBUG - Patient 18 is admitted at day 7.[0m
[34m2025-01-01 18:53:22,552 - DEBUG - Patient 19 is admitted at day 7.[0m
[34m2025-01-01 18:53:22,552 - DEBUG - Patient 20 is admitted at day 3.[0m
[34m2025-01-01 18:53:22,552 - DEBUG - Patients [0] have treatment 1 starting at day 0, hour 8.0 using resources [7].[0m
[34m2025-01-01 18:53:22,552 - DEBUG - Patients [0] have treatment 4 starting at day 0, hour 8.5 using resources [8, 4].[0m
[34m2025-01-01 18:53:22,552 - DEBUG - Patients [0] have treatment 5 starting at day 0, hour 9.75 using resources [6, 9, 4].[0m
[34m2025-01-01 18:53:22,552 - DEBUG - Patients [1] have treatment 1 starting at day 1, hour 9.0 using resources [5].[0m
[34m2025-01-01 18:53:22,552 - DEBUG - Patients [0, 1] have treatment 3 starting at day 1, hour 13.0 using resources [8, 3].[0m
[34m2025-01-01 18:53:22,552 - DEBUG - Patients [1] have treatment 5 starting at day 1, hour 9.5 using resources [6, 9, 3].[0m
[34m2025-01-01 18:53:22,552 - DEBUG - Patients [1] have treatment 7 starting at day 1, hour 8.0 using resources [7, 3, 9].[0m
[34m2025-01-01 18:53:22,553 - DEBUG - Patients [1, 3, 7] have treatment 0 starting at day 2, hour 10.0 using resources [1, 2, 5].[0m
[34m2025-01-01 18:53:22,553 - DEBUG - Patients [0, 3] have treatment 0 starting at day 2, hour 10.75 using resources [0, 1, 5].[0m
[34m2025-01-01 18:53:22,553 - DEBUG - Patients [0, 3] have treatment 0 starting at day 2, hour 15.0 using resources [0, 1, 5].[0m
[34m2025-01-01 18:53:22,553 - DEBUG - Patients [1] have treatment 1 starting at day 2, hour 11.0 using resources [3].[0m
[34m2025-01-01 18:53:22,553 - DEBUG - Patients [1, 2] have treatment 3 starting at day 2, hour 13.0 using resources [1, 3].[0m
[34m2025-01-01 18:53:22,553 - DEBUG - Patients [0, 1] have treatment 4 starting at day 2, hour 11.5 using resources [0, 3].[0m
[34m2025-01-01 18:53:22,553 - DEBUG - Patients [1] have treatment 4 starting at day 2, hour 15.0 using resources [6, 3].[0m
[34m2025-01-01 18:53:22,553 - DEBUG - Patients [2, 3] have treatment 7 starting at day 2, hour 8.0 using resources [7, 3, 9].[0m
[34m2025-01-01 18:53:22,553 - DEBUG - Patients [2, 3] have treatment 7 starting at day 2, hour 9.0 using resources [7, 3, 9].[0m
[34m2025-01-01 18:53:22,553 - DEBUG - Patients [2] have treatment 7 starting at day 2, hour 10.0 using resources [7, 3, 9].[0m
[34m2025-01-01 18:53:22,553 - DEBUG - Patients [1, 3, 7, 20] have treatment 0 starting at day 3, hour 14.0 using resources [1, 2, 5].[0m
[34m2025-01-01 18:53:22,553 - DEBUG - Patients [1, 7] have treatment 0 starting at day 3, hour 14.75 using resources [0, 1, 5].[0m
[34m2025-01-01 18:53:22,553 - DEBUG - Patients [20] have treatment 1 starting at day 3, hour 10.0 using resources [5].[0m
[34m2025-01-01 18:53:22,553 - DEBUG - Patients [20] have treatment 1 starting at day 3, hour 10.5 using resources [5].[0m
[34m2025-01-01 18:53:22,553 - DEBUG - Patients [4] have treatment 1 starting at day 3, hour 11.0 using resources [5].[0m
[34m2025-01-01 18:53:22,553 - DEBUG - Patients [4] have treatment 1 starting at day 3, hour 11.5 using resources [5].[0m
[34m2025-01-01 18:53:22,553 - DEBUG - Patients [2] have treatment 1 starting at day 3, hour 14.0 using resources [3].[0m
[34m2025-01-01 18:53:22,553 - DEBUG - Patients [0] have treatment 1 starting at day 3, hour 14.5 using resources [3].[0m
[34m2025-01-01 18:53:22,553 - DEBUG - Patients [1, 2] have treatment 3 starting at day 3, hour 8.0 using resources [2, 5].[0m
[34m2025-01-01 18:53:22,553 - DEBUG - Patients [1, 2] have treatment 3 starting at day 3, hour 10.0 using resources [1, 3].[0m
[34m2025-01-01 18:53:22,553 - DEBUG - Patients [3, 4] have treatment 7 starting at day 3, hour 8.0 using resources [7, 3, 9].[0m
[34m2025-01-01 18:53:22,553 - DEBUG - Patients [3, 4] have treatment 7 starting at day 3, hour 9.0 using resources [7, 3, 9].[0m
[34m2025-01-01 18:53:22,553 - DEBUG - Patients [2, 3] have treatment 7 starting at day 3, hour 13.0 using resources [7, 3, 9].[0m
[34m2025-01-01 18:53:22,553 - DEBUG - Patients [3] have treatment 7 starting at day 3, hour 15.0 using resources [7, 3, 9].[0m
[34m2025-01-01 18:53:22,553 - DEBUG - Patients [5, 20] have treatment 0 starting at day 4, hour 8.0 using resources [1, 2, 5].[0m
[34m2025-01-01 18:53:22,553 - DEBUG - Patients [3, 20] have treatment 0 starting at day 4, hour 8.75 using resources [0, 1, 5].[0m
[34m2025-01-01 18:53:22,553 - DEBUG - Patients [20] have treatment 1 starting at day 4, hour 11.5 using resources [5].[0m
[34m2025-01-01 18:53:22,553 - DEBUG - Patients [5] have treatment 1 starting at day 4, hour 13.0 using resources [5].[0m
[34m2025-01-01 18:53:22,554 - DEBUG - Patients [0] have treatment 1 starting at day 4, hour 13.5 using resources [5].[0m
[34m2025-01-01 18:53:22,554 - DEBUG - Patients [4, 7] have treatment 3 starting at day 4, hour 9.5 using resources [2, 5].[0m
[34m2025-01-01 18:53:22,554 - DEBUG - Patients [3, 4] have treatment 3 starting at day 4, hour 13.0 using resources [1, 3].[0m
[34m2025-01-01 18:53:22,554 - DEBUG - Patients [2] have treatment 4 starting at day 4, hour 15.5 using resources [0, 3].[0m
[34m2025-01-01 18:53:22,554 - DEBUG - Patients [7] have treatment 5 starting at day 4, hour 15.0 using resources [6, 9, 3].[0m
[34m2025-01-01 18:53:22,554 - DEBUG - Patients [2, 4] have treatment 7 starting at day 4, hour 8.0 using resources [7, 3, 9].[0m
[34m2025-01-01 18:53:22,554 - DEBUG - Patients [1] have treatment 7 starting at day 4, hour 9.0 using resources [7, 3, 9].[0m
[34m2025-01-01 18:53:22,554 - DEBUG - Patients [1] have treatment 7 starting at day 4, hour 10.0 using resources [7, 3, 9].[0m
[34m2025-01-01 18:53:22,554 - DEBUG - Patients [1] have treatment 7 starting at day 4, hour 11.0 using resources [7, 3, 6].[0m
[34m2025-01-01 18:53:22,554 - DEBUG - Patients [0, 4, 6, 7, 20] have treatment 0 starting at day 5, hour 10.0 using resources [1, 2, 5].[0m
[34m2025-01-01 18:53:22,554 - DEBUG - Patients [0, 20] have treatment 0 starting at day 5, hour 10.75 using resources [1, 2, 5].[0m
[34m2025-01-01 18:53:22,554 - DEBUG - Patients [4] have treatment 1 starting at day 5, hour 8.0 using resources [3].[0m
[34m2025-01-01 18:53:22,554 - DEBUG - Patients [2] have treatment 1 starting at day 5, hour 9.5 using resources [3].[0m
[34m2025-01-01 18:53:22,554 - DEBUG - Patients [3, 6] have treatment 3 starting at day 5, hour 8.0 using resources [8, 5].[0m
[34m2025-01-01 18:53:22,554 - DEBUG - Patients [1, 3] have treatment 3 starting at day 5, hour 10.0 using resources [8, 4].[0m
[34m2025-01-01 18:53:22,554 - DEBUG - Patients [0, 3] have treatment 3 starting at day 5, hour 14.0 using resources [2, 5].[0m
[34m2025-01-01 18:53:22,554 - DEBUG - Patients [4, 5] have treatment 4 starting at day 5, hour 8.5 using resources [1, 3].[0m
[34m2025-01-01 18:53:22,554 - DEBUG - Patients [2, 5] have treatment 4 starting at day 5, hour 9.0 using resources [0, 3].[0m
[34m2025-01-01 18:53:22,554 - DEBUG - Patients [3, 4] have treatment 7 starting at day 5, hour 13.0 using resources [7, 3, 9].[0m
[34m2025-01-01 18:53:22,554 - DEBUG - Patients [1] have treatment 7 starting at day 5, hour 14.0 using resources [7, 3, 9].[0m
[34m2025-01-01 18:53:22,554 - DEBUG - Patients [1] have treatment 7 starting at day 5, hour 15.0 using resources [7, 3, 6].[0m
[34m2025-01-01 18:53:22,555 - DEBUG - Patients [5, 6, 7, 20] have treatment 0 starting at day 6, hour 8.0 using resources [1, 2, 7].[0m
[34m2025-01-01 18:53:22,555 - DEBUG - Patients [4, 6] have treatment 0 starting at day 6, hour 9.0 using resources [0, 1, 3].[0m
[34m2025-01-01 18:53:22,555 - DEBUG - Patients [20] have treatment 1 starting at day 6, hour 10.75 using resources [3].[0m
[34m2025-01-01 18:53:22,555 - DEBUG - Patients [1] have treatment 1 starting at day 6, hour 11.25 using resources [3].[0m
[34m2025-01-01 18:53:22,555 - DEBUG - Patients [3, 4] have treatment 4 starting at day 6, hour 13.0 using resources [2, 3].[0m
[34m2025-01-01 18:53:22,555 - DEBUG - Patients [2, 3] have treatment 4 starting at day 6, hour 13.5 using resources [1, 3].[0m
[34m2025-01-01 18:53:22,555 - DEBUG - Patients [2, 3] have treatment 5 starting at day 6, hour 8.0 using resources [6, 9, 3].[0m
[34m2025-01-01 18:53:22,555 - DEBUG - Patients [1, 2] have treatment 5 starting at day 6, hour 8.5 using resources [6, 9, 3].[0m
[34m2025-01-01 18:53:22,555 - DEBUG - Patients [0, 1] have treatment 5 starting at day 6, hour 9.75 using resources [6, 9, 3].[0m
[34m2025-01-01 18:53:22,555 - DEBUG - Patients [0] have treatment 5 starting at day 6, hour 10.25 using resources [6, 9, 3].[0m
[34m2025-01-01 18:53:22,555 - DEBUG - Patients [15, 16, 17] have treatment 0 starting at day 7, hour 9.0 using resources [0, 8, 7].[0m
[34m2025-01-01 18:53:22,555 - DEBUG - Patients [18] have treatment 1 starting at day 7, hour 8.0 using resources [3].[0m
[34m2025-01-01 18:53:22,555 - DEBUG - Patients [15] have treatment 1 starting at day 7, hour 8.0 using resources [4].[0m
[34m2025-01-01 18:53:22,555 - DEBUG - Patients [8] have treatment 1 starting at day 7, hour 8.0 using resources [7].[0m
[34m2025-01-01 18:53:22,555 - DEBUG - Patients [20] have treatment 1 starting at day 7, hour 8.0 using resources [5].[0m
[34m2025-01-01 18:53:22,555 - DEBUG - Patients [14] have treatment 1 starting at day 7, hour 10.5 using resources [5].[0m
[34m2025-01-01 18:53:22,555 - DEBUG - Patients [20] have treatment 1 starting at day 7, hour 11.0 using resources [5].[0m
[34m2025-01-01 18:53:22,555 - DEBUG - Patients [1] have treatment 1 starting at day 7, hour 13.5 using resources [3].[0m
[34m2025-01-01 18:53:22,555 - DEBUG - Patients [0, 2, 3, 12, 14, 15, 16, 18, 19, 20] have treatment 2 starting at day 7, hour 13.0 using resources [8, 5].[0m
[34m2025-01-01 18:53:22,555 - DEBUG - Patients [0, 3, 4, 6, 8, 12, 14, 17, 19, 20] have treatment 2 starting at day 7, hour 15.0 using resources [1, 3].[0m
[34m2025-01-01 18:53:22,555 - DEBUG - Patients [1, 4, 5, 12] have treatment 3 starting at day 7, hour 8.5 using resources [2, 5].[0m
[34m2025-01-01 18:53:22,555 - DEBUG - Patients [1, 11, 16] have treatment 3 starting at day 7, hour 14.0 using resources [0, 5].[0m
[34m2025-01-01 18:53:22,555 - DEBUG - Patients [5, 18] have treatment 3 starting at day 7, hour 14.0 using resources [8, 4].[0m
[34m2025-01-01 18:53:22,555 - DEBUG - Patients [11, 17] have treatment 4 starting at day 7, hour 8.5 using resources [0, 4].[0m
[34m2025-01-01 18:53:22,556 - DEBUG - Patients [2] have treatment 4 starting at day 7, hour 8.75 using resources [1, 3].[0m
[34m2025-01-01 18:53:22,556 - DEBUG - Patients [3, 12] have treatment 4 starting at day 7, hour 11.25 using resources [8, 3].[0m
[34m2025-01-01 18:53:22,556 - DEBUG - Patients [7] have treatment 4 starting at day 7, hour 15.0 using resources [6, 7].[0m
[34m2025-01-01 18:53:22,556 - DEBUG - Patients [0, 19] have treatment 5 starting at day 7, hour 8.5 using resources [6, 9, 7].[0m
[34m2025-01-01 18:53:22,556 - DEBUG - Patients [3, 19] have treatment 5 starting at day 7, hour 9.25 using resources [6, 9, 3].[0m
[34m2025-01-01 18:53:22,556 - DEBUG - Patients [3, 17] have treatment 5 starting at day 7, hour 10.75 using resources [6, 9, 3].[0m
[34m2025-01-01 18:53:22,556 - DEBUG - Patients [1, 17] have treatment 5 starting at day 7, hour 13.0 using resources [6, 9, 7].[0m
[34m2025-01-01 18:53:22,556 - DEBUG - Patients [11] have treatment 5 starting at day 7, hour 13.5 using resources [6, 9, 7].[0m
[34m2025-01-01 18:53:22,556 - DEBUG - Patients [1, 2, 4, 6, 7, 8, 16] have treatment 6 starting at day 7, hour 10.75 using resources [2, 7].[0m
[34m2025-01-01 18:53:22,556 - DEBUG - Patients [11, 18] have treatment 7 starting at day 7, hour 9.75 using resources [7, 3, 9].[0m
[34m2025-01-01 18:53:22,556 - DEBUG - Patients [2, 4] have treatment 7 starting at day 7, hour 14.0 using resources [7, 3, 9].[0m
[34m2025-01-01 18:53:22,556 - DEBUG - Patients [12, 14] have treatment 0 starting at day 8, hour 8.75 using resources [1, 2, 7].[0m
[34m2025-01-01 18:53:22,556 - DEBUG - Patients [1, 11, 20] have treatment 0 starting at day 8, hour 13.5 using resources [2, 8, 4].[0m
[34m2025-01-01 18:53:22,556 - DEBUG - Patients [19] have treatment 1 starting at day 8, hour 9.5 using resources [4].[0m
[34m2025-01-01 18:53:22,556 - DEBUG - Patients [19] have treatment 1 starting at day 8, hour 10.0 using resources [4].[0m
[34m2025-01-01 18:53:22,556 - DEBUG - Patients [16] have treatment 1 starting at day 8, hour 10.0 using resources [5].[0m
[34m2025-01-01 18:53:22,556 - DEBUG - Patients [16] have treatment 1 starting at day 8, hour 10.5 using resources [4].[0m
[34m2025-01-01 18:53:22,556 - DEBUG - Patients [16] have treatment 1 starting at day 8, hour 11.5 using resources [7].[0m
[34m2025-01-01 18:53:22,556 - DEBUG - Patients [8] have treatment 1 starting at day 8, hour 13.0 using resources [4].[0m
[34m2025-01-01 18:53:22,556 - DEBUG - Patients [15] have treatment 1 starting at day 8, hour 13.0 using resources [5].[0m
[34m2025-01-01 18:53:22,556 - DEBUG - Patients [12] have treatment 1 starting at day 8, hour 13.5 using resources [5].[0m
[34m2025-01-01 18:53:22,556 - DEBUG - Patients [7] have treatment 1 starting at day 8, hour 14.0 using resources [5].[0m
[34m2025-01-01 18:53:22,556 - DEBUG - Patients [7] have treatment 1 starting at day 8, hour 14.5 using resources [5].[0m
[34m2025-01-01 18:53:22,556 - DEBUG - Patients [4] have treatment 1 starting at day 8, hour 15.0 using resources [5].[0m
[34m2025-01-01 18:53:22,556 - DEBUG - Patients [1] have treatment 1 starting at day 8, hour 15.5 using resources [5].[0m
[34m2025-01-01 18:53:22,556 - DEBUG - Patients [1, 2, 3, 13, 15, 16, 17, 18, 19, 20] have treatment 2 starting at day 8, hour 8.75 using resources [0, 5].[0m
[34m2025-01-01 18:53:22,556 - DEBUG - Patients [0, 1, 3, 8, 10, 11, 12, 15, 18, 20] have treatment 2 starting at day 8, hour 10.5 using resources [0, 5].[0m
[34m2025-01-01 18:53:22,556 - DEBUG - Patients [0, 1, 4, 8, 10, 11, 12, 14, 17, 20] have treatment 2 starting at day 8, hour 11.25 using resources [2, 5].[0m
[34m2025-01-01 18:53:22,557 - DEBUG - Patients [14, 18] have treatment 3 starting at day 8, hour 14.0 using resources [1, 3].[0m
[34m2025-01-01 18:53:22,557 - DEBUG - Patients [18, 19] have treatment 4 starting at day 8, hour 8.0 using resources [2, 3].[0m
[34m2025-01-01 18:53:22,557 - DEBUG - Patients [4, 7] have treatment 4 starting at day 8, hour 8.0 using resources [0, 4].[0m
[34m2025-01-01 18:53:22,557 - DEBUG - Patients [2, 3] have treatment 4 starting at day 8, hour 8.0 using resources [1, 5].[0m
[34m2025-01-01 18:53:22,557 - DEBUG - Patients [2] have treatment 4 starting at day 8, hour 11.5 using resources [0, 3].[0m
[34m2025-01-01 18:53:22,557 - DEBUG - Patients [0, 2, 5, 6, 17] have treatment 6 starting at day 8, hour 14.0 using resources [0, 7].[0m
[34m2025-01-01 18:53:22,557 - DEBUG - Patients [11, 13] have treatment 7 starting at day 8, hour 9.5 using resources [7, 3, 9].[0m
[34m2025-01-01 18:53:22,557 - DEBUG - Patients [13] have treatment 7 starting at day 8, hour 10.5 using resources [7, 3, 9].[0m
[34m2025-01-01 18:53:22,557 - DEBUG - Patients [4, 13] have treatment 7 starting at day 8, hour 13.0 using resources [7, 3, 9].[0m
[34m2025-01-01 18:53:22,557 - DEBUG - Patients [3, 5, 9, 15, 17] have treatment 0 starting at day 9, hour 10.0 using resources [1, 2, 5].[0m
[34m2025-01-01 18:53:22,557 - DEBUG - Patients [0, 17] have treatment 0 starting at day 9, hour 10.75 using resources [0, 1, 5].[0m
[34m2025-01-01 18:53:22,557 - DEBUG - Patients [17] have treatment 1 starting at day 9, hour 8.0 using resources [5].[0m
[34m2025-01-01 18:53:22,557 - DEBUG - Patients [16] have treatment 1 starting at day 9, hour 8.5 using resources [5].[0m
[34m2025-01-01 18:53:22,557 - DEBUG - Patients [15] have treatment 1 starting at day 9, hour 9.0 using resources [5].[0m
[34m2025-01-01 18:53:22,557 - DEBUG - Patients [13] have treatment 1 starting at day 9, hour 9.5 using resources [5].[0m
[34m2025-01-01 18:53:22,557 - DEBUG - Patients [10] have treatment 1 starting at day 9, hour 9.5 using resources [3].[0m
[34m2025-01-01 18:53:22,557 - DEBUG - Patients [10] have treatment 1 starting at day 9, hour 11.5 using resources [3].[0m
[34m2025-01-01 18:53:22,557 - DEBUG - Patients [4] have treatment 1 starting at day 9, hour 15.0 using resources [3].[0m
[34m2025-01-01 18:53:22,557 - DEBUG - Patients [1, 7, 9, 12, 14, 15, 16, 17, 18, 19] have treatment 2 starting at day 9, hour 13.0 using resources [0, 3].[0m
[34m2025-01-01 18:53:22,557 - DEBUG - Patients [1, 2, 3, 4, 7, 8, 9, 11, 12, 17] have treatment 2 starting at day 9, hour 13.75 using resources [0, 3].[0m
[34m2025-01-01 18:53:22,557 - DEBUG - Patients [18, 19] have treatment 4 starting at day 9, hour 8.0 using resources [0, 3].[0m
[34m2025-01-01 18:53:22,557 - DEBUG - Patients [13, 16] have treatment 4 starting at day 9, hour 10.0 using resources [0, 3].[0m
[34m2025-01-01 18:53:22,557 - DEBUG - Patients [3, 4] have treatment 4 starting at day 9, hour 14.5 using resources [0, 3].[0m
[34m2025-01-01 18:53:22,557 - DEBUG - Patients [1, 2] have treatment 4 starting at day 9, hour 15.5 using resources [0, 3].[0m
[34m2025-01-01 18:53:22,557 - DEBUG - Patients [13, 19] have treatment 7 starting at day 9, hour 8.5 using resources [7, 3, 9].[0m
[34m2025-01-01 18:53:22,557 - DEBUG - Patients [11, 13] have treatment 7 starting at day 9, hour 10.5 using resources [7, 3, 9].[0m
[34m2025-01-01 18:53:22,557 - DEBUG - Patients [18] have treatment 1 starting at day 10, hour 9.25 using resources [7].[0m
[34m2025-01-01 18:53:22,557 - DEBUG - Patients [17] have treatment 1 starting at day 10, hour 10.0 using resources [7].[0m
[34m2025-01-01 18:53:22,557 - DEBUG - Patients [16] have treatment 1 starting at day 10, hour 10.0 using resources [4].[0m
[34m2025-01-01 18:53:22,558 - DEBUG - Patients [15] have treatment 1 starting at day 10, hour 10.0 using resources [5].[0m
[34m2025-01-01 18:53:22,558 - DEBUG - Patients [14] have treatment 1 starting at day 10, hour 10.5 using resources [5].[0m
[34m2025-01-01 18:53:22,558 - DEBUG - Patients [13] have treatment 1 starting at day 10, hour 11.0 using resources [5].[0m
[34m2025-01-01 18:53:22,558 - DEBUG - Patients [12] have treatment 1 starting at day 10, hour 11.5 using resources [5].[0m
[34m2025-01-01 18:53:22,558 - DEBUG - Patients [8] have treatment 1 starting at day 10, hour 13.0 using resources [5].[0m
[34m2025-01-01 18:53:22,558 - DEBUG - Patients [3] have treatment 1 starting at day 10, hour 13.5 using resources [5].[0m
[34m2025-01-01 18:53:22,558 - DEBUG - Patients [2] have treatment 1 starting at day 10, hour 13.5 using resources [3].[0m
[34m2025-01-01 18:53:22,558 - DEBUG - Patients [0] have treatment 1 starting at day 10, hour 14.0 using resources [3].[0m
[34m2025-01-01 18:53:22,558 - DEBUG - Patients [0] have treatment 1 starting at day 10, hour 15.5 using resources [3].[0m
[34m2025-01-01 18:53:22,558 - DEBUG - Patients [7, 10, 11, 14] have treatment 3 starting at day 10, hour 8.0 using resources [8, 5].[0m
[34m2025-01-01 18:53:22,558 - DEBUG - Patients [3, 5, 6, 9, 17] have treatment 3 starting at day 10, hour 14.0 using resources [0, 5].[0m
[34m2025-01-01 18:53:22,558 - DEBUG - Patients [15, 19] have treatment 4 starting at day 10, hour 9.25 using resources [0, 4].[0m
[34m2025-01-01 18:53:22,558 - DEBUG - Patients [3, 10] have treatment 4 starting at day 10, hour 13.0 using resources [0, 3].[0m
[34m2025-01-01 18:53:22,558 - DEBUG - Patients [12, 18] have treatment 5 starting at day 10, hour 8.0 using resources [6, 9, 3].[0m
[34m2025-01-01 18:53:22,558 - DEBUG - Patients [4, 5] have treatment 5 starting at day 10, hour 8.75 using resources [6, 9, 3].[0m
[34m2025-01-01 18:53:22,558 - DEBUG - Patients [3, 4] have treatment 5 starting at day 10, hour 9.25 using resources [6, 9, 3].[0m
[34m2025-01-01 18:53:22,558 - DEBUG - Patients [0, 1] have treatment 5 starting at day 10, hour 9.75 using resources [6, 9, 3].[0m
[34m2025-01-01 18:53:22,558 - DEBUG - Patients [1] have treatment 5 starting at day 10, hour 10.25 using resources [6, 9, 3].[0m
[34m2025-01-01 18:53:22,558 - DEBUG - Patients [1, 2, 9, 15, 16, 17] have treatment 6 starting at day 10, hour 8.0 using resources [1, 7].[0m
[34m2025-01-01 18:53:22,558 - DEBUG - Patients [11, 16] have treatment 7 starting at day 10, hour 10.75 using resources [7, 3, 9].[0m
[34m2025-01-01 18:53:22,558 - DEBUG - Patients [8] have treatment 7 starting at day 10, hour 14.5 using resources [7, 3, 9].[0m
[34m2025-01-01 18:53:22,558 - DEBUG - Patients [1, 12] have treatment 0 starting at day 11, hour 9.75 using resources [0, 2, 5].[0m
[34m2025-01-01 18:53:22,558 - DEBUG - Patients [4] have treatment 1 starting at day 11, hour 8.5 using resources [4].[0m
[34m2025-01-01 18:53:22,558 - DEBUG - Patients [2] have treatment 1 starting at day 11, hour 9.0 using resources [4].[0m
[34m2025-01-01 18:53:22,558 - DEBUG - Patients [9] have treatment 1 starting at day 11, hour 9.0 using resources [3].[0m
[34m2025-01-01 18:53:22,558 - DEBUG - Patients [16] have treatment 1 starting at day 11, hour 9.0 using resources [7].[0m
[34m2025-01-01 18:53:22,558 - DEBUG - Patients [3] have treatment 1 starting at day 11, hour 10.5 using resources [4].[0m
[34m2025-01-01 18:53:22,558 - DEBUG - Patients [5] have treatment 1 starting at day 11, hour 10.5 using resources [3].[0m
[34m2025-01-01 18:53:22,558 - DEBUG - Patients [2] have treatment 1 starting at day 11, hour 11.0 using resources [3].[0m
[34m2025-01-01 18:53:22,559 - DEBUG - Patients [1] have treatment 1 starting at day 11, hour 11.5 using resources [3].[0m
[34m2025-01-01 18:53:22,559 - DEBUG - Patients [17] have treatment 1 starting at day 11, hour 11.5 using resources [5].[0m
[34m2025-01-01 18:53:22,559 - DEBUG - Patients [0] have treatment 1 starting at day 11, hour 13.0 using resources [4].[0m
[34m2025-01-01 18:53:22,559 - DEBUG - Patients [6] have treatment 1 starting at day 11, hour 13.0 using resources [5].[0m
[34m2025-01-01 18:53:22,559 - DEBUG - Patients [7] have treatment 1 starting at day 11, hour 13.5 using resources [4].[0m
[34m2025-01-01 18:53:22,559 - DEBUG - Patients [12] have treatment 1 starting at day 11, hour 13.5 using resources [5].[0m
[34m2025-01-01 18:53:22,559 - DEBUG - Patients [17] have treatment 1 starting at day 11, hour 14.0 using resources [4].[0m
[34m2025-01-01 18:53:22,559 - DEBUG - Patients [14] have treatment 1 starting at day 11, hour 14.0 using resources [5].[0m
[34m2025-01-01 18:53:22,559 - DEBUG - Patients [7] have treatment 1 starting at day 11, hour 14.0 using resources [3].[0m
[34m2025-01-01 18:53:22,559 - DEBUG - Patients [9] have treatment 1 starting at day 11, hour 14.0 using resources [7].[0m
[34m2025-01-01 18:53:22,559 - DEBUG - Patients [16] have treatment 1 starting at day 11, hour 14.5 using resources [4].[0m
[34m2025-01-01 18:53:22,559 - DEBUG - Patients [3] have treatment 1 starting at day 11, hour 14.5 using resources [7].[0m
[34m2025-01-01 18:53:22,559 - DEBUG - Patients [14] have treatment 1 starting at day 11, hour 14.5 using resources [5].[0m
[34m2025-01-01 18:53:22,559 - DEBUG - Patients [15] have treatment 1 starting at day 11, hour 14.5 using resources [3].[0m
[34m2025-01-01 18:53:22,559 - DEBUG - Patients [18] have treatment 1 starting at day 11, hour 15.0 using resources [5].[0m
[34m2025-01-01 18:53:22,559 - DEBUG - Patients [5] have treatment 1 starting at day 11, hour 15.0 using resources [4].[0m
[34m2025-01-01 18:53:22,559 - DEBUG - Patients [14] have treatment 1 starting at day 11, hour 15.0 using resources [7].[0m
[34m2025-01-01 18:53:22,559 - DEBUG - Patients [3] have treatment 1 starting at day 11, hour 15.0 using resources [3].[0m
[34m2025-01-01 18:53:22,559 - DEBUG - Patients [18] have treatment 1 starting at day 11, hour 15.5 using resources [7].[0m
[34m2025-01-01 18:53:22,559 - DEBUG - Patients [3] have treatment 1 starting at day 11, hour 15.5 using resources [4].[0m
[34m2025-01-01 18:53:22,559 - DEBUG - Patients [2] have treatment 4 starting at day 11, hour 8.0 using resources [1, 4].[0m
[34m2025-01-01 18:53:22,559 - DEBUG - Patients [13] have treatment 4 starting at day 11, hour 8.75 using resources [8, 5].[0m
[34m2025-01-01 18:53:22,559 - DEBUG - Patients [4] have treatment 4 starting at day 11, hour 9.25 using resources [8, 5].[0m
[34m2025-01-01 18:53:22,559 - DEBUG - Patients [9] have treatment 4 starting at day 11, hour 9.5 using resources [1, 3].[0m
[34m2025-01-01 18:53:22,559 - DEBUG - Patients [6] have treatment 4 starting at day 11, hour 11.0 using resources [2, 4].[0m
[34m2025-01-01 18:53:22,559 - DEBUG - Patients [10] have treatment 4 starting at day 11, hour 11.5 using resources [6, 4].[0m
[34m2025-01-01 18:53:22,559 - DEBUG - Patients [4] have treatment 4 starting at day 11, hour 11.5 using resources [1, 7].[0m
[34m2025-01-01 18:53:22,559 - DEBUG - Patients [1, 11] have treatment 7 starting at day 11, hour 8.0 using resources [7, 3, 9].[0m
[34m2025-01-01 18:53:22,559 - DEBUG - Patients [18, 19] have treatment 7 starting at day 11, hour 9.5 using resources [7, 4, 9].[0m
[34m2025-01-01 18:53:22,560 - DEBUG - Patients [4, 18] have treatment 7 starting at day 11, hour 10.5 using resources [7, 5, 6].[0m
[34m2025-01-01 18:53:22,560 - DEBUG - Patients [8, 19] have treatment 7 starting at day 11, hour 13.0 using resources [7, 3, 6].[0m
[34m2025-01-01 18:53:22,560 - DEBUG - Patients [11, 15, 16, 19] have treatment 0 starting at day 12, hour 8.0 using resources [2, 8, 3].[0m
[34m2025-01-01 18:53:22,560 - DEBUG - Patients [4, 11, 13, 18, 19] have treatment 0 starting at day 12, hour 11.25 using resources [1, 2, 7].[0m
[34m2025-01-01 18:53:22,560 - DEBUG - Patients [4, 6, 9] have treatment 0 starting at day 12, hour 13.0 using resources [1, 2, 7].[0m
[34m2025-01-01 18:53:22,560 - DEBUG - Patients [0, 9, 14, 16] have treatment 0 starting at day 12, hour 13.75 using resources [2, 8, 4].[0m
[34m2025-01-01 18:53:22,560 - DEBUG - Patients [0, 13] have treatment 0 starting at day 12, hour 14.5 using resources [1, 2, 7].[0m
[34m2025-01-01 18:53:22,560 - DEBUG - Patients [4, 18] have treatment 0 starting at day 12, hour 15.25 using resources [1, 3, 7].[0m
[34m2025-01-01 18:53:22,560 - DEBUG - Patients [19] have treatment 1 starting at day 12, hour 8.75 using resources [4].[0m
[34m2025-01-01 18:53:22,560 - DEBUG - Patients [12] have treatment 1 starting at day 12, hour 13.0 using resources [4].[0m
[34m2025-01-01 18:53:22,560 - DEBUG - Patients [17, 18] have treatment 3 starting at day 12, hour 8.0 using resources [6, 5].[0m
[34m2025-01-01 18:53:22,560 - DEBUG - Patients [8, 17] have treatment 3 starting at day 12, hour 10.0 using resources [8, 5].[0m
[34m2025-01-01 18:53:22,560 - DEBUG - Patients [8, 17] have treatment 3 starting at day 12, hour 13.0 using resources [0, 5].[0m
[34m2025-01-01 18:53:22,560 - DEBUG - Patients [2, 19] have treatment 4 starting at day 12, hour 10.25 using resources [2, 4].[0m
[34m2025-01-01 18:53:22,560 - DEBUG - Patients [15] have treatment 4 starting at day 12, hour 10.75 using resources [1, 4].[0m
[34m2025-01-01 18:53:22,560 - DEBUG - Patients [12] have treatment 4 starting at day 12, hour 11.25 using resources [0, 4].[0m
[34m2025-01-01 18:53:22,560 - DEBUG - Patients [13] have treatment 4 starting at day 12, hour 13.75 using resources [1, 7].[0m
[34m2025-01-01 18:53:22,560 - DEBUG - Patients [6] have treatment 4 starting at day 12, hour 14.5 using resources [8, 4].[0m
[34m2025-01-01 18:53:22,560 - DEBUG - Patients [16] have treatment 4 starting at day 12, hour 15.0 using resources [0, 5].[0m
[34m2025-01-01 18:53:22,560 - DEBUG - Patients [9, 17] have treatment 4 starting at day 12, hour 15.5 using resources [0, 5].[0m
[34m2025-01-01 18:53:22,560 - DEBUG - Patients [15, 18] have treatment 5 starting at day 12, hour 10.0 using resources [6, 9, 3].[0m
[34m2025-01-01 18:53:22,560 - DEBUG - Patients [13, 16] have treatment 5 starting at day 12, hour 10.5 using resources [6, 9, 3].[0m
[34m2025-01-01 18:53:22,560 - DEBUG - Patients [10] have treatment 5 starting at day 12, hour 11.0 using resources [6, 9, 3].[0m
[34m2025-01-01 18:53:22,560 - DEBUG - Patients [5] have treatment 5 starting at day 12, hour 11.5 using resources [6, 9, 3].[0m
[34m2025-01-01 18:53:22,560 - DEBUG - Patients [1, 7] have treatment 5 starting at day 12, hour 13.0 using resources [6, 9, 3].[0m
[34m2025-01-01 18:53:22,560 - DEBUG - Patients [3, 11] have treatment 5 starting at day 12, hour 13.5 using resources [6, 9, 3].[0m
[34m2025-01-01 18:53:22,560 - DEBUG - Patients [2, 3] have treatment 5 starting at day 12, hour 14.0 using resources [6, 9, 3].[0m
[34m2025-01-01 18:53:22,560 - DEBUG - Patients [1, 2] have treatment 5 starting at day 12, hour 14.5 using resources [6, 9, 3].[0m
[34m2025-01-01 18:53:22,560 - DEBUG - Patients [8, 17] have treatment 5 starting at day 12, hour 15.0 using resources [6, 9, 4].[0m
[34m2025-01-01 18:53:22,561 - DEBUG - Patients [1, 11] have treatment 5 starting at day 12, hour 15.5 using resources [6, 9, 4].[0m
[34m2025-01-01 18:53:22,561 - DEBUG - Patients [1, 2, 3, 4, 5, 7, 10, 12, 14] have treatment 6 starting at day 12, hour 8.0 using resources [0, 7].[0m
[34m2025-01-01 18:53:22,561 - DEBUG - Patients [0, 1, 3, 12, 14] have treatment 6 starting at day 12, hour 9.25 using resources [0, 7].[0m
[34m2025-01-01 18:53:22,561 - DEBUG - Patients [6, 11, 13, 17] have treatment 0 starting at day 13, hour 13.0 using resources [0, 8, 7].[0m
[34m2025-01-01 18:53:22,561 - DEBUG - Patients [1, 4, 9, 11, 19] have treatment 0 starting at day 13, hour 14.25 using resources [2, 6, 5].[0m
[34m2025-01-01 18:53:22,561 - DEBUG - Patients [1, 3, 11, 12, 15] have treatment 0 starting at day 13, hour 15.25 using resources [1, 2, 4].[0m
[34m2025-01-01 18:53:22,561 - DEBUG - Patients [19] have treatment 1 starting at day 13, hour 9.5 using resources [7].[0m
[34m2025-01-01 18:53:22,561 - DEBUG - Patients [10] have treatment 1 starting at day 13, hour 13.0 using resources [3].[0m
[34m2025-01-01 18:53:22,561 - DEBUG - Patients [19] have treatment 1 starting at day 13, hour 13.75 using resources [4].[0m
[34m2025-01-01 18:53:22,561 - DEBUG - Patients [3] have treatment 1 starting at day 13, hour 14.75 using resources [4].[0m
[34m2025-01-01 18:53:22,561 - DEBUG - Patients [0, 1, 2, 3, 5, 8, 12, 14, 18, 19] have treatment 2 starting at day 13, hour 13.0 using resources [2, 4].[0m
[34m2025-01-01 18:53:22,561 - DEBUG - Patients [1, 4, 12, 17] have treatment 3 starting at day 13, hour 8.0 using resources [3, 5].[0m
[34m2025-01-01 18:53:22,561 - DEBUG - Patients [0, 7, 11, 13, 15] have treatment 3 starting at day 13, hour 10.0 using resources [6, 5].[0m
[34m2025-01-01 18:53:22,561 - DEBUG - Patients [2, 6, 8, 10] have treatment 3 starting at day 13, hour 10.0 using resources [1, 4].[0m
[34m2025-01-01 18:53:22,561 - DEBUG - Patients [1, 3, 4, 12, 16, 17] have treatment 3 starting at day 13, hour 10.0 using resources [3, 7].[0m
[34m2025-01-01 18:53:22,561 - DEBUG - Patients [2, 13, 14, 17] have treatment 3 starting at day 13, hour 13.75 using resources [0, 7].[0m
[34m2025-01-01 18:53:22,561 - DEBUG - Patients [14] have treatment 4 starting at day 13, hour 8.0 using resources [2, 4].[0m
[34m2025-01-01 18:53:22,561 - DEBUG - Patients [15] have treatment 4 starting at day 13, hour 8.0 using resources [8, 7].[0m
[34m2025-01-01 18:53:22,561 - DEBUG - Patients [13] have treatment 4 starting at day 13, hour 9.5 using resources [6, 4].[0m
[34m2025-01-01 18:53:22,561 - DEBUG - Patients [8] have treatment 4 starting at day 13, hour 13.75 using resources [2, 5].[0m
[34m2025-01-01 18:53:22,561 - DEBUG - Patients [18] have treatment 4 starting at day 13, hour 13.75 using resources [8, 3].[0m
[34m2025-01-01 18:53:22,561 - DEBUG - Patients [18] have treatment 4 starting at day 13, hour 14.25 using resources [1, 4].[0m
[34m2025-01-01 18:53:22,561 - DEBUG - Patients [16] have treatment 4 starting at day 13, hour 14.25 using resources [8, 3].[0m
[34m2025-01-01 18:53:22,561 - DEBUG - Patients [16] have treatment 4 starting at day 13, hour 15.0 using resources [6, 5].[0m
[34m2025-01-01 18:53:22,561 - DEBUG - Patients [16] have treatment 4 starting at day 13, hour 15.5 using resources [8, 3].[0m
[34m2025-01-01 18:53:22,561 - DEBUG - Patients [4] have treatment 5 starting at day 13, hour 13.0 using resources [6, 9, 5].[0m
[34m2025-01-01 18:53:22,561 - DEBUG - Patients [2, 18] have treatment 7 starting at day 13, hour 8.5 using resources [7, 4, 9].[0m
[34m2025-01-01 18:53:22,574 - DEBUG - Checking solution value.[0m
[34m2025-01-01 18:53:22,574 - DEBUG - Solvers objective function value: 671.0[0m
[34m2025-01-01 18:53:22,576 - DEBUG - (VERIFIER):Treatment value: 0[0m
[34m2025-01-01 18:53:22,576 - DEBUG - (VERIFIER):Delay value: 3[0m
[34m2025-01-01 18:53:22,576 - DEBUG - (VERIFIER):Missing treatment value: 668[0m
[34m2025-01-01 18:53:22,576 - DEBUG - Correct objective function value: 671[0m
[34m2025-01-01 18:53:22,576 - DEBUG - Solution is valid.[0m
[34m2025-01-01 18:53:22,576 - DEBUG - All solvers accepted the solution.[0m
[32m2025-01-01 18:53:22,576 - INFO - Time to find solution: 621.459s with value 671.000000[0m
[32m2025-01-01 18:53:22,576 - INFO - Total Time: 626.828s[0m
