1.NAME: LBBDSolver
2.PARAMS: {'break_symmetry': False, 'add_constraints_to_symmetrc_days': False, 'subsolver_cls': 'CPSubSolver2'}
3.INSTANCE: /home/wx350715/Kobra/rehabiliation-admission-scheduling/data/comp_study_002/instance_3_30.txt
4.REPETITION: 1
Current directory: /home/wx350715/Kobra/rehabiliation-admission-scheduling
[34m2025-01-02 11:00:08,428 - DEBUG - Solver: <class 'src.solvers.benders.LBBDSolver'>[0m
[34m2025-01-02 11:00:08,428 - DEBUG - Args: {'break_symmetry': False, 'add_constraints_to_symmetrc_days': False, 'subsolver_cls': 'CPSubSolver2'}[0m
[34m2025-01-02 11:00:08,428 - DEBUG - File path /home/wx350715/Kobra/rehabiliation-admission-scheduling/data/comp_study_002/instance_3_30.txt[0m
[34m2025-01-02 11:00:08,449 - DEBUG - ADD INSTANCE DATA[0m
[34m2025-01-02 11:00:08,449 - DEBUG - ADD INSTANCE DATA[0m
[34m2025-01-02 11:00:08,449 - DEBUG - ADD INSTANCE DATA[0m
[34m2025-01-02 11:00:08,449 - DEBUG - ADD INSTANCE DATA[0m
[34m2025-01-02 11:00:08,450 - DEBUG - ADD INSTANCE DATA[0m
[34m2025-01-02 11:00:08,450 - DEBUG - ADD INSTANCE DATA[0m
[34m2025-01-02 11:00:08,450 - DEBUG - ADD INSTANCE DATA[0m
[34m2025-01-02 11:00:08,450 - DEBUG - ADD INSTANCE DATA[0m
[34m2025-01-02 11:00:08,450 - DEBUG - ADD INSTANCE DATA[0m
[34m2025-01-02 11:00:08,450 - DEBUG - ADD INSTANCE DATA[0m
[34m2025-01-02 11:00:08,450 - DEBUG - ADD INSTANCE DATA[0m
[34m2025-01-02 11:00:08,450 - DEBUG - ADD RESOURCE_GROUPS[0m
[34m2025-01-02 11:00:08,450 - DEBUG - ADD RESOURCE_GROUPS[0m
[34m2025-01-02 11:00:08,450 - DEBUG - ADD RESOURCE_GROUPS[0m
[34m2025-01-02 11:00:08,450 - DEBUG - ADD RESOURCE_GROUPS[0m
[34m2025-01-02 11:00:08,450 - DEBUG - ADD RESOURCES[0m
[34m2025-01-02 11:00:08,450 - DEBUG - ADD RESOURCES[0m
[34m2025-01-02 11:00:08,450 - DEBUG - ADD RESOURCES[0m
[34m2025-01-02 11:00:08,451 - DEBUG - ADD RESOURCES[0m
[34m2025-01-02 11:00:08,451 - DEBUG - ADD RESOURCES[0m
[34m2025-01-02 11:00:08,451 - DEBUG - ADD RESOURCES[0m
[34m2025-01-02 11:00:08,451 - DEBUG - ADD RESOURCES[0m
[34m2025-01-02 11:00:08,451 - DEBUG - ADD RESOURCES[0m
[34m2025-01-02 11:00:08,451 - DEBUG - ADD RESOURCES[0m
[34m2025-01-02 11:00:08,451 - DEBUG - ADD TREATMENTS[0m
[34m2025-01-02 11:00:08,451 - DEBUG - ADD TREATMENTS[0m
[34m2025-01-02 11:00:08,451 - DEBUG - ADD TREATMENTS[0m
[34m2025-01-02 11:00:08,451 - DEBUG - ADD TREATMENTS[0m
[34m2025-01-02 11:00:08,451 - DEBUG - ADD TREATMENTS[0m
[34m2025-01-02 11:00:08,452 - DEBUG - ADD TREATMENTS[0m
[34m2025-01-02 11:00:08,452 - DEBUG - ADD TREATMENTS[0m
[34m2025-01-02 11:00:08,452 - DEBUG - ADD TREATMENTS[0m
[34m2025-01-02 11:00:08,452 - DEBUG - ADD PATIENTS[0m
[34m2025-01-02 11:00:08,452 - DEBUG - ADD PATIENTS[0m
[34m2025-01-02 11:00:08,452 - DEBUG - ADD PATIENTS[0m
[34m2025-01-02 11:00:08,452 - DEBUG - ADD PATIENTS[0m
[34m2025-01-02 11:00:08,452 - DEBUG - ADD PATIENTS[0m
[34m2025-01-02 11:00:08,453 - DEBUG - ADD PATIENTS[0m
[34m2025-01-02 11:00:08,453 - DEBUG - ADD PATIENTS[0m
[34m2025-01-02 11:00:08,453 - DEBUG - ADD PATIENTS[0m
[34m2025-01-02 11:00:08,453 - DEBUG - ADD PATIENTS[0m
[34m2025-01-02 11:00:08,453 - DEBUG - ADD PATIENTS[0m
[34m2025-01-02 11:00:08,453 - DEBUG - ADD PATIENTS[0m
[34m2025-01-02 11:00:08,453 - DEBUG - ADD PATIENTS[0m
[34m2025-01-02 11:00:08,453 - DEBUG - ADD PATIENTS[0m
[34m2025-01-02 11:00:08,453 - DEBUG - ADD PATIENTS[0m
[34m2025-01-02 11:00:08,453 - DEBUG - ADD PATIENTS[0m
[34m2025-01-02 11:00:08,454 - DEBUG - ADD PATIENTS[0m
[34m2025-01-02 11:00:08,454 - DEBUG - ADD PATIENTS[0m
[34m2025-01-02 11:00:08,454 - DEBUG - ADD PATIENTS[0m
[34m2025-01-02 11:00:08,454 - DEBUG - ADD PATIENTS[0m
[34m2025-01-02 11:00:08,454 - DEBUG - ADD PATIENTS[0m
[34m2025-01-02 11:00:08,454 - DEBUG - ADD PATIENTS[0m
[34m2025-01-02 11:00:08,454 - DEBUG - ADD PATIENTS[0m
[34m2025-01-02 11:00:08,454 - DEBUG - ADD PATIENTS[0m
[34m2025-01-02 11:00:08,454 - DEBUG - ADD PATIENTS[0m
[34m2025-01-02 11:00:08,455 - DEBUG - ADD PATIENTS[0m
[34m2025-01-02 11:00:08,456 - DEBUG - ADD PATIENTS[0m
[34m2025-01-02 11:00:08,456 - DEBUG - ADD PATIENTS[0m
[34m2025-01-02 11:00:08,456 - DEBUG - ADD PATIENTS[0m
[34m2025-01-02 11:00:08,456 - DEBUG - ADD PATIENTS[0m
[34m2025-01-02 11:00:08,456 - DEBUG - ADD PATIENTS[0m
[34m2025-01-02 11:00:08,456 - DEBUG - ADD PATIENTS[0m
[34m2025-01-02 11:00:08,456 - DEBUG - ADD PATIENTS[0m
[34m2025-01-02 11:00:08,456 - DEBUG - ADD PATIENTS[0m
[34m2025-01-02 11:00:08,456 - DEBUG - ADD PATIENTS[0m
[34m2025-01-02 11:00:08,457 - DEBUG - ADD PATIENTS[0m
[34m2025-01-02 11:00:08,457 - DEBUG - ADD PATIENTS[0m
[34m2025-01-02 11:00:08,457 - DEBUG - ADD PATIENTS[0m
[34m2025-01-02 11:00:08,457 - DEBUG - ADD PATIENTS[0m
[34m2025-01-02 11:00:08,457 - DEBUG - ADD PATIENTS[0m
[34m2025-01-02 11:00:08,457 - DEBUG - ADD PATIENTS[0m
[34m2025-01-02 11:00:08,457 - DEBUG - Instance data:[0m
[34m2025-01-02 11:00:08,458 - DEBUG - Number of patients: 40[0m
[34m2025-01-02 11:00:08,458 - DEBUG - Number of beds: 40[0m
[34m2025-01-02 11:00:08,458 - DEBUG - Average number of treatments per patient: 29.275[0m
[34m2025-01-02 11:00:08,458 - DEBUG - Average number of treatment per stayed day: 2.11754068716094[0m
[34m2025-01-02 11:00:08,458 - DEBUG - Number of treatments: 1171[0m
[34m2025-01-02 11:00:08,458 - DEBUG - Number of resources: 9[0m
[34m2025-01-02 11:00:08,458 - DEBUG - Number of resource groups: 4[0m
[34m2025-01-02 11:00:08,458 - DEBUG - Number of resource hours needed per all treatment by RG(therapists): 37.824999999999996[0m
[34m2025-01-02 11:00:08,458 - DEBUG - Number of resource hours needed per all treatment by RG(rooms): 73.20000000000003[0m
[34m2025-01-02 11:00:08,458 - DEBUG - Number of resource hours needed per all treatment by RG(physiotherapist): 25.5[0m
[34m2025-01-02 11:00:08,458 - DEBUG - Number of resource hours needed per all treatment by RG(sport_room): 18.375[0m
[32m2025-01-02 11:00:08,458 - INFO - {'solver': 'LBBDSolver', 'args': {'break_symmetry': False, 'subsolver_cls': <class 'src.solvers.subsolvers.cp_subsolver.CPSubsolver'>, 'subsolver.store_results': True, 'subsolver.store_results_method': 'hash', 'use_helper_constraints': True, 'enforce_min_treatments_per_day': True, 'enforce_max_treatments_per_e_w': True, 'enforce_min_patients_per_treatment': True, 'log_to_console': True}}[0m
[34m2025-01-02 11:00:08,458 - DEBUG - Setting options: LBBDSolver[0m
[34m2025-01-02 11:00:08,458 - DEBUG -  ---- break_symmetry to False[0m
[34m2025-01-02 11:00:08,458 - DEBUG -  ---- subsolver_cls to <class 'src.solvers.subsolvers.cp_subsolver.CPSubsolver'>[0m
[34m2025-01-02 11:00:08,458 - DEBUG -  ---- use_helper_constraints to True[0m
[34m2025-01-02 11:00:08,458 - DEBUG -  ---- add_constraints_to_symmetric_days to True (default)[0m
[34m2025-01-02 11:00:08,458 - DEBUG - Setting options: Solver[0m
[34m2025-01-02 11:00:08,458 - DEBUG -  ---- number_of_threads to 4 (default)[0m
[34m2025-01-02 11:00:08,458 - DEBUG -  ---- treatment_value to 0 (default)[0m
[34m2025-01-02 11:00:08,459 - DEBUG -  ---- delay_value to 1 (default)[0m
[34m2025-01-02 11:00:08,459 - DEBUG -  ---- missing_treatment_value to 4 (default)[0m
[34m2025-01-02 11:00:08,459 - DEBUG -  ---- enforce_min_treatments_per_day to True[0m
[34m2025-01-02 11:00:08,459 - DEBUG -  ---- enforce_max_treatments_per_e_w to True[0m
[34m2025-01-02 11:00:08,459 - DEBUG -  ---- enforce_min_patients_per_treatment to True[0m
[34m2025-01-02 11:00:08,459 - DEBUG -  ---- log_to_console to True[0m
[34m2025-01-02 11:00:08,459 - DEBUG -  ---- log_to_file to True (default)[0m
[34m2025-01-02 11:00:08,459 - DEBUG -  ---- no_rel_heur_time to 1 (default)[0m
[34m2025-01-02 11:00:08,475 - DEBUG - Setting options: CPSubsolver[0m
[34m2025-01-02 11:00:08,475 - DEBUG -  ---- estimated_needed_treatments to True (default)[0m
[34m2025-01-02 11:00:08,475 - DEBUG -  ---- add_patient_symmetry to False (default)[0m
[34m2025-01-02 11:00:08,475 - DEBUG - Setting Subsolver options: SubSolver[0m
[34m2025-01-02 11:00:08,476 - DEBUG -  ---- store_results to True[0m
[34m2025-01-02 11:00:08,476 - DEBUG -  ---- store_results_method to hash[0m
[34m2025-01-02 11:00:08,476 - DEBUG -  ---- enforce_min_patients_per_treatment to True[0m
[34m2025-01-02 11:00:08,476 - DEBUG -  ---- use_day_symmetry to True (default)[0m
[32m2025-01-02 11:00:08,490 - INFO - Create model: LBBDSolver[0m
Set parameter TSPort to value 50039
Set parameter TokenServer to value "license.itc.rwth-aachen.de"
Set parameter Threads to value 4
Set parameter Cuts to value 0
Set parameter LazyConstraints to value 1
Set parameter NoRelHeurTime to value 1
[34m2025-01-02 11:00:09,370 - DEBUG - Variables created.[0m
[34m2025-01-02 11:00:12,555 - DEBUG - Constraint (not too many treatments) created.[0m
[34m2025-01-02 11:00:15,066 - DEBUG - Constraint (no_treatments_outside admittance) created.[0m
[34m2025-01-02 11:00:15,068 - DEBUG - Constraint (bed_usage) created.[0m
[34m2025-01-02 11:00:15,069 - DEBUG - Constraint (must be admitted) created.[0m
[34m2025-01-02 11:00:15,393 - DEBUG - Constraint (e_w_ub) created.[0m
[34m2025-01-02 11:00:15,498 - DEBUG - Constraint (day_ub) created.[0m
[34m2025-01-02 11:00:15,606 - DEBUG - Constraint (Day always) created.[0m
[34m2025-01-02 11:00:15,606 - DEBUG - Constraint (already_admitted) created.[0m
[32m2025-01-02 11:00:22,787 - INFO - Time to create model: 14.298[0m
[32m2025-01-02 11:00:22,788 - INFO - Solving model: LBBDSolver[0m
Gurobi Optimizer version 10.0.0 build v10.0.0rc2 (linux64)

CPU model: Intel(R) Xeon(R) Platinum 8468, instruction set [SSE2|AVX|AVX2|AVX512]
Thread count: 96 physical cores, 96 logical processors, using up to 4 threads

Optimize a model with 444669 rows, 182944 columns and 3675806 nonzeros
Model fingerprint: 0xfd7cab9d
Variable types: 3 continuous, 182941 integer (182941 binary)
Coefficient statistics:
  Matrix range     [1e+00, 1e+01]
  Objective range  [1e+00, 1e+01]
  Bounds range     [1e+00, 1e+00]
  RHS range        [1e+00, 5e+03]
Presolve removed 221583 rows and 31 columns (presolve time = 5s) ...
Presolve added 0 rows and 2382 columns
Presolve removed 221534 rows and 0 columns
Presolve time: 8.78s
Presolved: 223135 rows, 185326 columns, 2784737 nonzeros
Variable types: 1 continuous, 185325 integer (183788 binary)
Starting NoRel heuristic
Found phase-1 solution: relaxation 53
Found phase-1 solution: relaxation 35
Root relaxation presolved: 222908 rows, 185553 columns, 2675263 nonzeros

Deterministic concurrent LP optimizer: primal simplex, dual simplex, and barrier
Showing barrier log only...

Root barrier log...

Ordering time: 0.81s

Barrier statistics:
 Dense cols : 164
 AA' NZ     : 2.934e+05
 Factor NZ  : 1.579e+06 (roughly 24 MB of memory)
 Factor Ops : 6.092e+08 (less than 1 second per iteration)
 Threads    : 2

                  Objective                Residual
Iter       Primal          Dual         Primal    Dual     Compl     Time
   0  -6.28240334e+06 -1.51172393e+04  1.57e+05 6.42e-01  1.82e+02    19s
   1  -2.97446795e+06 -4.51115109e+04  7.44e+04 1.32e+00  8.00e+01    19s
   2  -1.34681179e+06 -5.64103765e+04  3.37e+04 6.74e-02  3.81e+01    19s
   3  -1.90407284e+05 -4.47491268e+04  4.77e+03 1.95e-02  6.14e+00    19s
   4  -5.67659814e+04 -2.37201884e+04  1.43e+03 3.58e-03  1.94e+00    20s
   5  -1.57255273e+04 -1.06605720e+04  4.13e+02 7.70e-04  6.11e-01    20s
   6  -1.18220413e+03 -3.14492792e+03  5.17e+01 4.38e-04  1.36e-01    20s
   7   7.50723826e+02  1.77039977e+02  3.36e+00 4.23e-05  1.99e-02    20s
   8   8.42777236e+02  7.95273008e+02  8.81e-01 2.07e-04  2.29e-03    21s

Barrier performed 8 iterations in 20.50 seconds (28.06 work units)
Barrier solve interrupted - model solved by another algorithm

Concurrent spin time: 0.66s (can be avoided by choosing Method=3)

Solved with dual simplex

Root simplex log...

Iteration    Objective       Primal Inf.    Dual Inf.      Time
    7068    8.7400000e+02   0.000000e+00   0.000000e+00     21s

Use crossover to convert LP symmetric solution to basic solution...

Root crossover log...

    1004 DPushes remaining with DInf 0.0000000e+00                21s
       0 DPushes remaining with DInf 0.0000000e+00                21s

   35238 PPushes remaining with PInf 0.0000000e+00                21s
       0 PPushes remaining with PInf 0.0000000e+00                23s

  Push phase complete: Pinf 0.0000000e+00, Dinf 7.4386688e-11     23s


Root simplex log...

Iteration    Objective       Primal Inf.    Dual Inf.      Time
   42311    8.7400000e+02   0.000000e+00   0.000000e+00     23s
   42311    8.7400000e+02   0.000000e+00   0.000000e+00     23s

Root relaxation: objective 8.740000e+02, 42311 iterations, 7.05 seconds (3.46 work units)

    Nodes    |    Current Node    |     Objective Bounds      |     Work
 Expl Unexpl |  Obj  Depth IntInf | Incumbent    BestBd   Gap | It/Node Time

     0     0  874.00000    0 6714          -  874.00000      -     -   47s
     0     0  874.00000    0 6714          -  874.00000      -     -   78s
[32m2025-01-02 11:02:51,397 - INFO - d_prime: 3 d: 3[0m
[32m2025-01-02 11:02:51,401 - INFO - d_prime: 4 d: 3[0m
[32m2025-01-02 11:02:51,404 - INFO - d_prime: 5 d: 3[0m
[32m2025-01-02 11:02:51,406 - INFO - d_prime: 6 d: 3[0m
[32m2025-01-02 11:02:51,407 - INFO - d_prime: 7 d: 3[0m
[32m2025-01-02 11:02:51,410 - INFO - d_prime: 8 d: 3[0m
[32m2025-01-02 11:02:51,412 - INFO - d_prime: 9 d: 3[0m
[32m2025-01-02 11:02:51,413 - INFO - d_prime: 10 d: 3[0m
[32m2025-01-02 11:02:51,415 - INFO - d_prime: 11 d: 3[0m
[32m2025-01-02 11:02:51,417 - INFO - d_prime: 12 d: 3[0m
[32m2025-01-02 11:02:51,419 - INFO - d_prime: 13 d: 3[0m
[32m2025-01-02 11:02:51,420 - INFO - forbidden_vars: ([{4:1},{4:1},{0:1,4:1},{2:1,5:1},{3:1,5:1},{3:2},{4:2},{0:1,3:2},{2:1,4:1,7:1},{2:1,7:2},{2:1,7:2},{3:1,7:2},{3:1,5:2},{3:3},{4:1,7:2},{4:1,7:2},{0:1,2:1,3:1,7:1},{0:1,2:1,3:1,7:2}])[0m
[32m2025-01-02 11:02:51,421 - INFO - False[0m
[32m2025-01-02 11:03:35,046 - INFO - d_prime: 4 d: 4[0m
[32m2025-01-02 11:03:35,048 - INFO - d_prime: 5 d: 4[0m
[32m2025-01-02 11:03:35,051 - INFO - d_prime: 6 d: 4[0m
[32m2025-01-02 11:03:35,053 - INFO - d_prime: 7 d: 4[0m
[32m2025-01-02 11:03:35,055 - INFO - d_prime: 8 d: 4[0m
[32m2025-01-02 11:03:35,058 - INFO - d_prime: 9 d: 4[0m
[32m2025-01-02 11:03:35,060 - INFO - d_prime: 10 d: 4[0m
[32m2025-01-02 11:03:35,062 - INFO - d_prime: 11 d: 4[0m
[32m2025-01-02 11:03:35,064 - INFO - d_prime: 12 d: 4[0m
[32m2025-01-02 11:03:35,067 - INFO - d_prime: 13 d: 4[0m
[32m2025-01-02 11:03:35,068 - INFO - forbidden_vars: ([{3:1},{4:1},{4:1},{5:1},{5:1},{5:1},{1:1,7:1},{2:1,4:1},{2:1,7:1},{2:1,6:1},{3:1,6:1},{3:1,7:1},{5:1,7:1},{1:1,3:1,6:1},{2:1,3:2},{3:1,5:1,7:1},{3:1,5:1,6:1},{3:1,4:2},{5:2,7:1},{5:3},{5:3},{2:1,5:1,6:1,7:1},{3:2,6:1,7:1},{3:1,5:2,7:1}])[0m
[32m2025-01-02 11:03:35,068 - INFO - False[0m
[32m2025-01-02 11:03:38,675 - INFO - d_prime: 5 d: 5[0m
[32m2025-01-02 11:03:38,678 - INFO - d_prime: 6 d: 5[0m
[32m2025-01-02 11:03:38,681 - INFO - d_prime: 7 d: 5[0m
[32m2025-01-02 11:03:38,684 - INFO - d_prime: 8 d: 5[0m
[32m2025-01-02 11:03:38,686 - INFO - d_prime: 9 d: 5[0m
[32m2025-01-02 11:03:38,689 - INFO - d_prime: 10 d: 5[0m
[32m2025-01-02 11:03:38,692 - INFO - d_prime: 11 d: 5[0m
[32m2025-01-02 11:03:38,694 - INFO - d_prime: 12 d: 5[0m
[32m2025-01-02 11:03:38,697 - INFO - d_prime: 13 d: 5[0m
[32m2025-01-02 11:03:38,699 - INFO - forbidden_vars: ([{1:1},{6:1},{2:1,3:1},{2:2},{2:1,7:1},{2:1,4:1},{3:2},{3:1,5:1},{3:1,7:1},{4:1,7:1},{5:2},{5:2},{6:2},{7:2},{1:3},{2:1,4:1,6:1},{2:2,7:1},{3:2,7:1},{4:1,5:1,7:1},{4:2,5:1},{5:2,6:1},{5:1,6:1,7:1},{5:2,7:1},{2:1,5:1,6:2},{2:3,6:1},{2:2,3:1,6:1},{2:2,3:1,4:1,5:1}])[0m
[32m2025-01-02 11:03:38,699 - INFO - False[0m
[32m2025-01-02 11:14:11,155 - INFO - d_prime: 6 d: 6[0m
[32m2025-01-02 11:14:11,159 - INFO - d_prime: 7 d: 6[0m
[32m2025-01-02 11:14:11,162 - INFO - d_prime: 8 d: 6[0m
[32m2025-01-02 11:14:11,164 - INFO - d_prime: 9 d: 6[0m
[32m2025-01-02 11:14:11,167 - INFO - d_prime: 10 d: 6[0m
[32m2025-01-02 11:14:11,170 - INFO - d_prime: 11 d: 6[0m
[32m2025-01-02 11:14:11,173 - INFO - d_prime: 12 d: 6[0m
[32m2025-01-02 11:14:11,175 - INFO - d_prime: 13 d: 6[0m
[32m2025-01-02 11:14:11,177 - INFO - forbidden_vars: ([{3:1},{4:1},{5:1},{5:1},{5:1},{7:1},{0:2},{0:1,5:1},{0:1,4:1},{0:1,5:1},{0:2},{0:1,7:1},{3:2},{3:1,4:1},{3:1,4:1},{4:1,5:1},{4:2},{5:1,7:1},{5:2},{5:2},{7:2},{0:1,3:1,7:1},{0:1,3:1,7:1},{0:2,4:1},{0:1,4:1,7:1},{0:3},{3:2,5:1},{0:1,4:2,5:1},{0:2,3:1,4:1},{0:3,3:1,4:1}])[0m
[32m2025-01-02 11:14:11,177 - INFO - False[0m
[32m2025-01-02 11:14:27,152 - INFO - d_prime: 7 d: 7[0m
[32m2025-01-02 11:14:27,157 - INFO - d_prime: 8 d: 7[0m
[32m2025-01-02 11:14:27,161 - INFO - d_prime: 9 d: 7[0m
[32m2025-01-02 11:14:27,165 - INFO - d_prime: 10 d: 7[0m
[32m2025-01-02 11:14:27,169 - INFO - d_prime: 11 d: 7[0m
[32m2025-01-02 11:14:27,174 - INFO - d_prime: 12 d: 7[0m
[32m2025-01-02 11:14:27,178 - INFO - d_prime: 13 d: 7[0m
[32m2025-01-02 11:14:27,180 - INFO - forbidden_vars: ([{1:1},{2:1},{4:1},{5:1},{6:1},{0:1,5:1},{0:1,4:1},{1:1,4:1},{1:1,2:1},{2:1,6:1},{2:1,5:1},{2:1,4:1},{2:1,5:1},{2:2},{4:2},{4:1,5:1},{4:1,5:1},{4:1,5:1},{0:1,4:1,7:1},{1:1,7:2},{2:1,5:1,7:1},{2:2,4:1},{2:2,4:1},{2:1,5:1,6:1},{2:1,5:2},{4:1,6:1,7:1},{4:1,5:2},{4:2,5:1},{4:2,6:1},{5:3},{6:1,7:2},{0:1,5:2,7:1},{2:1,4:1,5:2},{5:1,7:3},{0:1,4:2,5:1,7:1}])[0m
[32m2025-01-02 11:14:27,181 - INFO - False[0m
[32m2025-01-02 11:14:30,455 - INFO - d_prime: 8 d: 8[0m
[32m2025-01-02 11:14:30,459 - INFO - d_prime: 9 d: 8[0m
[32m2025-01-02 11:14:30,463 - INFO - d_prime: 10 d: 8[0m
[32m2025-01-02 11:14:30,467 - INFO - d_prime: 11 d: 8[0m
[32m2025-01-02 11:14:30,470 - INFO - d_prime: 12 d: 8[0m
[32m2025-01-02 11:14:30,474 - INFO - d_prime: 13 d: 8[0m
[32m2025-01-02 11:14:30,476 - INFO - forbidden_vars: ([{0:1},{1:1},{2:1},{3:1},{5:1},{6:1},{6:1},{0:1,2:1},{0:1,4:1},{0:1,6:1},{1:1,3:1},{1:1,3:1},{1:1,2:1},{2:1,5:1},{2:1,3:1},{6:2},{6:2},{0:2,2:1},{0:2,6:1},{0:2,2:1},{1:1,3:1,4:1},{1:2,3:1},{1:2,5:1},{2:2,4:1},{2:1,3:1,5:1},{3:3},{0:1,1:1,3:1,5:1},{0:2,3:2},{1:2,5:1,6:1},{1:1,5:1,6:2},{1:2,4:1,5:1},{1:4},{2:2,6:2},{2:1,6:3},{3:3,4:1},{3:1,6:3},{6:4}])[0m
[32m2025-01-02 11:14:30,476 - INFO - False[0m
[32m2025-01-02 11:14:48,683 - INFO - d_prime: 10 d: 10[0m
[32m2025-01-02 11:14:48,688 - INFO - d_prime: 11 d: 10[0m
[32m2025-01-02 11:14:48,692 - INFO - d_prime: 12 d: 10[0m
[32m2025-01-02 11:14:48,696 - INFO - d_prime: 13 d: 10[0m
[32m2025-01-02 11:14:48,698 - INFO - forbidden_vars: ([{1:1},{1:1},{1:1},{1:1},{1:1},{2:1},{2:1},{3:1},{4:1},{4:1},{4:1},{4:1},{5:1},{7:1},{7:1},{7:1},{1:1,7:1},{1:1,3:1},{1:1,3:1},{1:1,4:1},{1:1,3:1},{1:1,2:1},{1:1,4:1},{1:1,7:1},{1:2},{1:1,5:1},{1:2},{2:1,4:1},{2:1,5:1},{2:1,4:1},{2:1,3:1},{4:2},{7:2},{7:2},{2:1,3:1,4:1},{7:3},{1:1,2:1,4:1,5:1},{1:1,2:1,7:2}])[0m
[32m2025-01-02 11:14:48,698 - INFO - False[0m
[32m2025-01-02 11:14:54,139 - INFO - d_prime: 11 d: 11[0m
[32m2025-01-02 11:14:54,143 - INFO - d_prime: 12 d: 11[0m
[32m2025-01-02 11:14:54,148 - INFO - d_prime: 13 d: 11[0m
[32m2025-01-02 11:14:54,150 - INFO - forbidden_vars: ([{1:1},{2:1},{2:1},{4:1},{5:1},{1:1,4:1},{1:2},{1:1,2:1},{1:1,3:1},{2:1,6:1},{2:1,6:1},{2:2},{3:2},{3:2},{4:2},{4:2},{6:2},{6:2},{6:2},{6:2},{1:1,3:1,5:1},{1:1,2:1,5:1},{1:1,4:1,6:1},{1:3},{2:1,6:2},{2:1,6:2},{3:1,6:2},{3:1,6:2},{3:1,4:1,6:1},{4:1,6:2},{4:1,6:2},{6:3},{1:2,6:2},{1:4},{1:1,2:1,4:2},{1:3,2:1},{1:1,2:1,3:2},{2:2,4:2},{4:2,6:2},{1:2,2:1,3:1,5:1}])[0m
[32m2025-01-02 11:14:54,150 - INFO - False[0m
[32m2025-01-02 11:15:01,841 - INFO - d_prime: 11 d: 12[0m
[32m2025-01-02 11:15:01,846 - INFO - d_prime: 12 d: 12[0m
[32m2025-01-02 11:15:01,850 - INFO - d_prime: 13 d: 12[0m
[32m2025-01-02 11:15:01,853 - INFO - forbidden_vars: ([{0:1},{4:1},{0:1,2:1},{0:1,6:1},{0:1,1:1},{1:2},{1:1,6:1},{1:1,4:1},{2:1,4:1},{2:1,6:1},{2:1,6:1},{3:1,7:1},{4:1,7:1},{4:2},{4:1,5:1},{5:1,6:1},{5:1,6:1},{6:2},{0:1,2:1,4:1},{0:1,3:1,4:1},{0:1,3:1,4:1},{0:2,5:1},{0:1,3:1,4:1},{0:1,2:1,5:1},{0:1,3:1,4:1},{1:1,6:1,7:1},{2:1,4:2},{2:1,5:1,7:1},{3:1,6:2},{3:2,4:1},{4:2,6:1},{4:2,6:1},{4:1,6:2},{6:3},{0:1,4:2,6:1},{1:1,2:1,3:1,6:1},{1:2,4:1,5:1},{4:1,6:3},{4:3,6:1},{0:2,2:1,3:1,5:1}])[0m
[32m2025-01-02 11:15:01,853 - INFO - False[0m
[32m2025-01-02 11:15:23,765 - INFO - d_prime: 11 d: 13[0m
[32m2025-01-02 11:15:23,769 - INFO - d_prime: 12 d: 13[0m
[32m2025-01-02 11:15:23,773 - INFO - d_prime: 13 d: 13[0m
[32m2025-01-02 11:15:23,775 - INFO - forbidden_vars: ([{0:1},{0:1},{3:1},{5:1},{3:1,5:1},{3:2},{3:1,6:1},{3:1,5:1},{4:1,6:1},{4:1,6:1},{5:2},{5:2},{5:1,6:1},{5:1,6:1},{0:1,6:2},{0:2,4:1},{0:1,2:1,7:1},{0:1,5:2},{1:1,5:1,7:1},{2:1,6:2},{3:1,6:2},{3:2,4:1},{5:2,6:1},{5:2,6:1},{5:1,6:2},{5:3},{5:1,6:2},{6:1,7:2},{0:1,5:1,6:2},{0:1,2:1,6:2},{0:1,3:1,4:1,5:1},{0:1,1:1,5:1,6:1},{0:2,5:2},{1:1,5:3},{1:1,5:1,6:2},{1:1,5:1,6:2},{2:1,3:1,6:2},{2:1,4:1,5:1,6:1},{3:1,5:1,6:2},{5:4}])[0m
[32m2025-01-02 11:15:23,775 - INFO - False[0m
     0     2  874.00000    0 6714          -  874.00000      -     -  938s
     1     4  893.00000    1 3149          -  876.00000      - 18801 1122s
     3     8  893.00000    2 2095          -  876.00000      - 17000 1284s
     7    12  893.00000    3 1953          -  876.00000      - 11432 1312s
    11    16  893.00000    4 1888          -  876.00000      -  7797 1329s
    15    20  893.00000    5 1875          -  876.00000      -  6054 1332s
    23    31  893.00000    7 1837          -  876.00000      -  4143 1338s
    30    38  893.00000    9 1903          -  876.00000      -  3358 1344s
    37    56  893.00000   10 1886          -  876.00000      -  2859 1356s
    55    67  893.00000   14 1747          -  876.00000      -  2204 1393s
    66   118  893.00000   17 1569          -  876.00000      -  2020 1422s
   117   168  893.00000   31 1554          -  876.00000      -  1490 1463s
   167   239  893.00000   43 1580          -  876.00000      -  1386 1523s
   240   363  893.00000   56 1365          -  876.00000      -  1291 1635s
   364   484  893.00000   84  925          -  876.00000      -  1055 1968s
   485   791  893.00000  102  646          -  876.00000      -  1386 2045s
   793  1099  893.00000  176  337          -  876.00000      -   905 2068s
  1101  1407  893.00000  253  297          -  876.00000      -   663 2096s
  1409  1715  893.00000  327  282          -  876.00000      -   527 2128s
  1717  2021  893.00000  404  263          -  876.00000      -   445 2150s
  2025  2329  893.00000  478  223          -  876.00000      -   383 2179s
  2333  2637  893.00000  554  168          -  876.00000      -   340 2204s
  2641  2944  893.00000  630  246          -  876.00000      -   304 2232s
  2948  3252  893.00000  703  199          -  876.00000      -   278 2256s
  3256  3552  893.00000  777  179          -  876.00000      -   255 2282s
[32m2025-01-02 11:38:52,286 - INFO - d_prime: 3 d: 3[0m
[32m2025-01-02 11:38:52,289 - INFO - d_prime: 4 d: 3[0m
[32m2025-01-02 11:38:52,291 - INFO - d_prime: 5 d: 3[0m
[32m2025-01-02 11:38:52,293 - INFO - d_prime: 6 d: 3[0m
[32m2025-01-02 11:38:52,294 - INFO - d_prime: 7 d: 3[0m
[32m2025-01-02 11:38:52,296 - INFO - d_prime: 8 d: 3[0m
[32m2025-01-02 11:38:52,298 - INFO - d_prime: 9 d: 3[0m
[32m2025-01-02 11:38:52,299 - INFO - d_prime: 10 d: 3[0m
[32m2025-01-02 11:38:52,301 - INFO - d_prime: 11 d: 3[0m
[32m2025-01-02 11:38:52,303 - INFO - d_prime: 12 d: 3[0m
[32m2025-01-02 11:38:52,304 - INFO - d_prime: 13 d: 3[0m
[32m2025-01-02 11:38:52,305 - INFO - forbidden_vars: ([{4:1},{4:1},{7:1},{0:1,7:1},{0:1,3:1},{0:1,7:1},{3:1,4:1},{5:1,7:1},{0:1,3:1,4:1},{0:1,4:1,7:1},{0:1,3:1,4:1},{0:1,3:1,7:1},{3:1,5:1,7:1},{3:3},{3:1,5:1,7:1},{5:3},{7:3},{0:1,3:2,7:1}])[0m
[32m2025-01-02 11:38:52,306 - INFO - False[0m
[32m2025-01-02 11:42:42,370 - INFO - d_prime: 4 d: 4[0m
[32m2025-01-02 11:42:42,372 - INFO - d_prime: 5 d: 4[0m
[32m2025-01-02 11:42:42,374 - INFO - d_prime: 6 d: 4[0m
[32m2025-01-02 11:42:42,376 - INFO - d_prime: 7 d: 4[0m
[32m2025-01-02 11:42:42,378 - INFO - d_prime: 8 d: 4[0m
[32m2025-01-02 11:42:42,379 - INFO - d_prime: 9 d: 4[0m
[32m2025-01-02 11:42:42,381 - INFO - d_prime: 10 d: 4[0m
[32m2025-01-02 11:42:42,383 - INFO - d_prime: 11 d: 4[0m
[32m2025-01-02 11:42:42,385 - INFO - d_prime: 12 d: 4[0m
[32m2025-01-02 11:42:42,387 - INFO - d_prime: 13 d: 4[0m
[32m2025-01-02 11:42:42,388 - INFO - forbidden_vars: ([{1:1},{2:1},{2:1},{3:1},{3:1},{3:1},{4:1},{5:1},{2:1,5:1},{2:1,4:1},{3:1,4:1},{3:2},{3:2},{3:1,7:1},{4:1,5:1},{5:2},{5:2},{3:2,4:1},{3:1,7:2},{3:3},{5:2,7:1},{7:3},{2:1,3:3},{3:1,4:2,7:1}])[0m
[32m2025-01-02 11:42:42,388 - INFO - False[0m
[32m2025-01-02 11:42:45,108 - INFO - d_prime: 5 d: 5[0m
[32m2025-01-02 11:42:45,111 - INFO - d_prime: 6 d: 5[0m
[32m2025-01-02 11:42:45,113 - INFO - d_prime: 7 d: 5[0m
[32m2025-01-02 11:42:45,116 - INFO - d_prime: 8 d: 5[0m
[32m2025-01-02 11:42:45,118 - INFO - d_prime: 9 d: 5[0m
[32m2025-01-02 11:42:45,121 - INFO - d_prime: 10 d: 5[0m
[32m2025-01-02 11:42:45,123 - INFO - d_prime: 11 d: 5[0m
[32m2025-01-02 11:42:45,126 - INFO - d_prime: 12 d: 5[0m
[32m2025-01-02 11:42:45,129 - INFO - d_prime: 13 d: 5[0m
[32m2025-01-02 11:42:45,130 - INFO - forbidden_vars: ([{1:1},{1:1},{1:1},{2:1},{2:1},{6:1},{7:1},{1:1,5:1},{3:2},{3:1,7:1},{4:1,5:1},{5:2},{5:1,7:1},{7:2},{1:1,2:1,6:1},{1:2,2:1},{2:1,5:1,6:1},{2:2,4:1},{2:3},{2:1,5:2},{2:1,5:1,7:1},{3:1,4:1,5:1},{1:2,2:1,3:1},{2:3,6:1},{2:2,3:2},{2:2,7:2},{3:2,6:1,7:1}])[0m
[32m2025-01-02 11:42:45,130 - INFO - False[0m
[32m2025-01-02 11:42:50,371 - INFO - d_prime: 6 d: 6[0m
[32m2025-01-02 11:42:50,373 - INFO - d_prime: 7 d: 6[0m
[32m2025-01-02 11:42:50,376 - INFO - d_prime: 8 d: 6[0m
[32m2025-01-02 11:42:50,378 - INFO - d_prime: 9 d: 6[0m
[32m2025-01-02 11:42:50,380 - INFO - d_prime: 10 d: 6[0m
[32m2025-01-02 11:42:50,382 - INFO - d_prime: 11 d: 6[0m
[32m2025-01-02 11:42:50,385 - INFO - d_prime: 12 d: 6[0m
[32m2025-01-02 11:42:50,387 - INFO - d_prime: 13 d: 6[0m
[32m2025-01-02 11:42:50,389 - INFO - forbidden_vars: ([{1:1},{4:1},{6:1},{6:1},{0:2},{0:2},{0:1,6:1},{1:1,6:1},{1:1,5:1},{3:2},{3:2},{3:1,5:1},{3:2},{5:1,6:1},{6:2},{6:2},{0:1,3:2},{0:3},{0:3},{0:1,3:1,5:1},{0:1,3:1,6:1},{0:1,6:1,7:1},{0:2,6:1},{3:1,6:2},{3:1,4:1,7:1},{4:2,7:1},{4:1,6:1,7:1},{5:3},{1:1,3:1,6:1,7:1},{0:2,3:1,4:1,7:1}])[0m
[32m2025-01-02 11:42:50,389 - INFO - False[0m
[32m2025-01-02 11:43:01,967 - INFO - d_prime: 7 d: 7[0m
[32m2025-01-02 11:43:01,971 - INFO - d_prime: 8 d: 7[0m
[32m2025-01-02 11:43:01,975 - INFO - d_prime: 9 d: 7[0m
[32m2025-01-02 11:43:01,979 - INFO - d_prime: 10 d: 7[0m
[32m2025-01-02 11:43:01,982 - INFO - d_prime: 11 d: 7[0m
[32m2025-01-02 11:43:01,986 - INFO - d_prime: 12 d: 7[0m
[32m2025-01-02 11:43:01,990 - INFO - d_prime: 13 d: 7[0m
[32m2025-01-02 11:43:01,992 - INFO - forbidden_vars: ([{0:1},{2:1},{5:1},{5:1},{6:1},{0:1,6:1},{0:2},{0:1,7:1},{1:1,5:1},{1:1,5:1},{1:1,7:1},{2:1,6:1},{2:2},{2:1,5:1},{2:1,5:1},{2:1,5:1},{4:2},{4:1,5:1},{5:1,7:1},{5:1,7:1},{5:2},{5:1,6:1},{6:2},{0:1,1:1,4:1},{0:1,4:1,5:1},{0:1,6:2},{2:2,6:1},{2:1,5:1,7:1},{4:2,5:1},{0:1,1:1,2:1,5:1},{0:1,2:2,5:1},{2:2,4:2},{2:1,5:2,6:1},{4:1,5:2,7:1},{5:2,7:2}])[0m
[32m2025-01-02 11:43:01,992 - INFO - False[0m
[32m2025-01-02 11:43:09,807 - INFO - d_prime: 8 d: 8[0m
[32m2025-01-02 11:43:09,811 - INFO - d_prime: 9 d: 8[0m
[32m2025-01-02 11:43:09,816 - INFO - d_prime: 10 d: 8[0m
[32m2025-01-02 11:43:09,820 - INFO - d_prime: 11 d: 8[0m
[32m2025-01-02 11:43:09,824 - INFO - d_prime: 12 d: 8[0m
[32m2025-01-02 11:43:09,828 - INFO - d_prime: 13 d: 8[0m
[32m2025-01-02 11:43:09,831 - INFO - forbidden_vars: ([{1:1},{3:1},{3:1},{4:1},{6:1},{0:1,6:1},{1:2},{1:1,2:1},{1:1,4:1},{1:1,3:1},{2:1,4:1},{2:1,5:1},{2:1,6:1},{2:1,3:1},{5:1,6:1},{5:1,6:1},{0:1,1:1,3:1},{1:1,5:2},{1:1,2:1,4:1},{1:1,2:1,6:1},{2:2,3:1},{2:2,5:1},{2:2,3:1},{3:3},{3:1,4:1,6:1},{4:2,6:1},{0:1,1:1,6:2},{0:1,1:1,2:2},{0:1,2:1,3:1,4:1},{1:1,3:3},{2:1,6:3},{2:2,6:2},{2:1,6:3},{2:2,3:2},{4:2,5:1,6:1},{5:2,6:2},{6:4}])[0m
[32m2025-01-02 11:43:09,831 - INFO - False[0m
[32m2025-01-02 11:43:28,118 - INFO - d_prime: 10 d: 10[0m
[32m2025-01-02 11:43:28,122 - INFO - d_prime: 11 d: 10[0m
[32m2025-01-02 11:43:28,126 - INFO - d_prime: 12 d: 10[0m
[32m2025-01-02 11:43:28,130 - INFO - d_prime: 13 d: 10[0m
[32m2025-01-02 11:43:28,132 - INFO - forbidden_vars: ([{1:1},{1:1},{1:1},{2:1},{2:1},{2:1},{2:1},{4:1},{4:1},{5:1},{5:1},{5:1},{7:1},{7:1},{7:1},{7:1},{7:1},{1:1,4:1},{1:1,5:1},{1:1,7:1},{1:2},{1:1,4:1},{2:1,4:1},{2:1,5:1},{2:1,5:1},{2:1,5:1},{4:2},{4:2},{4:1,7:1},{4:2},{7:2},{7:2},{1:1,4:2},{1:1,2:1,4:1},{1:1,7:2},{1:3},{4:1,5:2},{5:1,7:2}])[0m
[32m2025-01-02 11:43:28,133 - INFO - False[0m
[32m2025-01-02 11:43:35,035 - INFO - d_prime: 11 d: 11[0m
[32m2025-01-02 11:43:35,040 - INFO - d_prime: 12 d: 11[0m
[32m2025-01-02 11:43:35,044 - INFO - d_prime: 13 d: 11[0m
[32m2025-01-02 11:43:35,047 - INFO - forbidden_vars: ([{1:1},{1:1},{2:1},{4:1},{6:1},{1:2},{1:2},{1:1,2:1},{2:2},{2:2},{2:1,4:1},{2:1,5:1},{3:2},{3:1,6:1},{5:1,6:1},{5:1,6:1},{6:2},{6:2},{6:2},{1:1,4:1,6:1},{1:1,3:1,6:1},{1:1,6:2},{1:1,5:2},{1:2,2:1},{1:1,3:1,5:1},{2:2,4:1},{2:1,3:1,6:1},{2:3},{3:1,4:1,6:1},{4:3},{6:3},{6:3},{1:2,2:2},{2:2,6:2},{2:1,4:1,5:2},{2:1,4:3},{2:2,4:2},{3:1,4:2,6:1},{4:3,6:1},{1:1,2:1,3:1,6:2}])[0m
[32m2025-01-02 11:43:35,047 - INFO - False[0m
[32m2025-01-02 11:43:50,110 - INFO - d_prime: 11 d: 12[0m
[32m2025-01-02 11:43:50,115 - INFO - d_prime: 12 d: 12[0m
[32m2025-01-02 11:43:50,119 - INFO - d_prime: 13 d: 12[0m
[32m2025-01-02 11:43:50,122 - INFO - forbidden_vars: ([{2:1},{2:1},{3:1},{4:1},{5:1},{0:1,4:1},{2:1,6:1},{2:1,6:1},{2:1,4:1},{3:1,6:1},{3:1,6:1},{3:2},{3:2},{4:2},{4:2},{4:1,7:1},{5:1,6:1},{6:2},{0:1,3:1,5:1},{1:1,6:2},{2:2,5:1},{2:1,4:1,6:1},{2:1,6:2},{2:2,7:1},{2:2,3:1},{2:1,3:1,6:1},{2:1,3:1,6:1},{2:2,6:1},{2:1,4:2},{2:1,6:1,7:1},{3:1,4:2},{4:1,5:2},{4:1,6:2},{0:1,2:1,3:1,4:1},{0:2,3:1,4:1},{0:1,4:2,6:1},{1:1,4:1,6:1,7:1},{2:2,3:1,6:1},{2:1,4:2,5:1},{3:1,4:1,6:2}])[0m
[32m2025-01-02 11:43:50,122 - INFO - False[0m
[32m2025-01-02 11:44:21,379 - INFO - d_prime: 11 d: 13[0m
[32m2025-01-02 11:44:21,384 - INFO - d_prime: 12 d: 13[0m
[32m2025-01-02 11:44:21,389 - INFO - d_prime: 13 d: 13[0m
[32m2025-01-02 11:44:21,391 - INFO - forbidden_vars: ([{0:1},{0:1,5:1},{0:1,2:1},{0:1,5:1},{2:1,6:1},{4:1,5:1},{5:2},{5:2},{5:1,6:1},{6:2},{0:1,2:1,7:1},{0:2,4:1},{0:1,6:2},{0:1,4:1,5:1},{0:1,4:1,6:1},{0:2,4:1},{0:2,5:1},{0:1,5:2},{1:1,5:2},{2:1,6:2},{2:1,5:1,6:1},{2:1,5:1,6:1},{4:2,6:1},{4:1,6:2},{4:2,5:1},{5:1,6:2},{5:2,7:1},{5:1,6:2},{5:2,7:1},{0:2,2:1,5:1},{0:2,6:2},{0:3,4:1},{0:2,6:2},{0:2,4:1,6:1},{0:2,5:2},{2:1,4:1,6:2},{2:1,4:1,5:2},{4:3,7:1},{5:1,6:3},{2:1,5:4}])[0m
[32m2025-01-02 11:44:21,392 - INFO - False[0m
  3559  3835  893.00000  842  186          -  876.00000      -   237 2664s
[32m2025-01-02 11:44:55,545 - INFO - d_prime: 4 d: 4[0m
[32m2025-01-02 11:44:55,548 - INFO - d_prime: 5 d: 4[0m
[32m2025-01-02 11:44:55,550 - INFO - d_prime: 6 d: 4[0m
[32m2025-01-02 11:44:55,553 - INFO - d_prime: 7 d: 4[0m
[32m2025-01-02 11:44:55,555 - INFO - d_prime: 8 d: 4[0m
[32m2025-01-02 11:44:55,558 - INFO - d_prime: 9 d: 4[0m
[32m2025-01-02 11:44:55,561 - INFO - d_prime: 10 d: 4[0m
[32m2025-01-02 11:44:55,563 - INFO - d_prime: 11 d: 4[0m
[32m2025-01-02 11:44:55,566 - INFO - d_prime: 12 d: 4[0m
[32m2025-01-02 11:44:55,568 - INFO - d_prime: 13 d: 4[0m
[32m2025-01-02 11:44:55,570 - INFO - forbidden_vars: ([{3:1},{5:1},{1:1,4:1},{2:1,5:1},{4:1,5:1},{4:1,7:1},{4:1,6:1},{4:1,6:1},{5:1,6:1},{6:2},{7:2},{2:1,3:1,5:1},{3:1,5:2},{3:1,4:1,6:1},{3:1,5:1,6:1},{3:1,5:1,7:1},{3:1,5:1,6:1},{3:1,7:2},{5:3},{7:3},{1:2,2:1,3:1},{2:1,4:1,5:1,6:1},{2:1,3:3},{3:1,4:2,6:1}])[0m
[32m2025-01-02 11:44:55,570 - INFO - False[0m
[32m2025-01-02 11:44:59,028 - INFO - d_prime: 5 d: 5[0m
[32m2025-01-02 11:44:59,031 - INFO - d_prime: 6 d: 5[0m
[32m2025-01-02 11:44:59,033 - INFO - d_prime: 7 d: 5[0m
[32m2025-01-02 11:44:59,036 - INFO - d_prime: 8 d: 5[0m
[32m2025-01-02 11:44:59,038 - INFO - d_prime: 9 d: 5[0m
[32m2025-01-02 11:44:59,041 - INFO - d_prime: 10 d: 5[0m
[32m2025-01-02 11:44:59,043 - INFO - d_prime: 11 d: 5[0m
[32m2025-01-02 11:44:59,046 - INFO - d_prime: 12 d: 5[0m
[32m2025-01-02 11:44:59,048 - INFO - d_prime: 13 d: 5[0m
[32m2025-01-02 11:44:59,050 - INFO - forbidden_vars: ([{0:1},{1:1},{2:1},{2:1},{4:1},{7:1},{2:1,4:1},{2:2},{2:1,5:1},{2:2},{2:1,5:1},{2:1,3:1},{4:2},{7:2},{0:1,4:1,5:1},{0:1,3:1,7:1},{0:1,7:2},{2:1,4:1,7:1},{2:1,3:1,5:1},{2:2,7:1},{2:3},{2:1,7:2},{2:1,4:2},{3:1,4:1,7:1},{7:3},{1:1,2:1,3:2},{2:1,3:2,7:1}])[0m
[32m2025-01-02 11:44:59,050 - INFO - False[0m
[32m2025-01-02 11:50:26,477 - INFO - d_prime: 6 d: 6[0m
[32m2025-01-02 11:50:26,480 - INFO - d_prime: 7 d: 6[0m
[32m2025-01-02 11:50:26,483 - INFO - d_prime: 8 d: 6[0m
[32m2025-01-02 11:50:26,485 - INFO - d_prime: 9 d: 6[0m
[32m2025-01-02 11:50:26,487 - INFO - d_prime: 10 d: 6[0m
[32m2025-01-02 11:50:26,490 - INFO - d_prime: 11 d: 6[0m
[32m2025-01-02 11:50:26,492 - INFO - d_prime: 12 d: 6[0m
[32m2025-01-02 11:50:26,494 - INFO - d_prime: 13 d: 6[0m
[32m2025-01-02 11:50:26,496 - INFO - forbidden_vars: ([{0:1},{0:1},{3:1},{5:1},{7:1},{7:1},{0:2},{0:2},{0:2},{3:1,6:1},{3:1,4:1},{3:2},{3:1,6:1},{3:1,4:1},{4:2},{4:2},{5:2},{5:2},{6:1,7:1},{7:2},{0:2,4:1},{0:1,3:1,7:1},{0:2,4:1},{0:1,3:1,4:1},{0:1,3:1,4:1},{0:2,6:1},{3:1,5:1,7:1},{5:2,7:1},{3:1,4:2,6:1}])[0m
[32m2025-01-02 11:50:26,496 - INFO - False[0m
[32m2025-01-02 11:50:40,605 - INFO - d_prime: 7 d: 7[0m
[32m2025-01-02 11:50:40,609 - INFO - d_prime: 8 d: 7[0m
[32m2025-01-02 11:50:40,614 - INFO - d_prime: 9 d: 7[0m
[32m2025-01-02 11:50:40,618 - INFO - d_prime: 10 d: 7[0m
[32m2025-01-02 11:50:40,622 - INFO - d_prime: 11 d: 7[0m
[32m2025-01-02 11:50:40,626 - INFO - d_prime: 12 d: 7[0m
[32m2025-01-02 11:50:40,630 - INFO - d_prime: 13 d: 7[0m
[32m2025-01-02 11:50:40,632 - INFO - forbidden_vars: ([{0:1},{0:1},{0:1},{1:1},{2:1},{2:1},{4:1},{4:1},{5:1},{0:1,5:1},{0:1,7:1},{2:1,6:1},{2:1,5:1},{2:2},{4:1,7:1},{4:1,5:1},{5:1,6:1},{5:2},{0:1,6:1,7:1},{0:1,2:1,6:1},{0:1,4:1,7:1},{0:2,2:1},{2:1,5:1,7:1},{2:1,5:1,6:1},{2:2,4:1},{2:2,5:1},{2:1,5:1,6:1},{4:2,5:1},{4:1,7:2},{4:1,5:2},{0:1,2:1,5:2},{0:3,2:1},{1:1,5:2,7:1},{2:2,4:1,6:1},{0:2,2:1,5:1,7:1}])[0m
[32m2025-01-02 11:50:40,633 - INFO - False[0m
[32m2025-01-02 11:50:44,359 - INFO - d_prime: 8 d: 8[0m
[32m2025-01-02 11:50:44,364 - INFO - d_prime: 9 d: 8[0m
[32m2025-01-02 11:50:44,368 - INFO - d_prime: 10 d: 8[0m
[32m2025-01-02 11:50:44,373 - INFO - d_prime: 11 d: 8[0m
[32m2025-01-02 11:50:44,377 - INFO - d_prime: 12 d: 8[0m
[32m2025-01-02 11:50:44,381 - INFO - d_prime: 13 d: 8[0m
[32m2025-01-02 11:50:44,383 - INFO - forbidden_vars: ([{0:1},{1:1},{1:1},{1:1},{2:1},{3:1},{4:1},{6:1},{6:1},{0:1,4:1},{0:1,2:1},{1:1,3:1},{3:1,4:1},{4:1,5:1},{6:2},{0:2,3:1},{0:2,2:1},{0:2,2:1},{0:1,3:2},{0:1,4:1,5:1},{0:2,2:1},{1:1,3:1,5:1},{1:1,6:2},{1:1,5:2},{2:2,4:1},{3:1,5:2},{4:1,6:2},{0:1,1:1,3:2},{0:1,5:2,6:1},{0:1,4:3},{1:2,6:2},{2:1,6:3},{2:1,5:1,6:2},{2:1,4:2,5:1},{3:3,5:1},{0:1,3:3,6:1},{3:1,6:4}])[0m
[32m2025-01-02 11:50:44,384 - INFO - False[0m
[32m2025-01-02 11:50:49,956 - INFO - d_prime: 9 d: 9[0m
[32m2025-01-02 11:50:49,960 - INFO - d_prime: 10 d: 9[0m
[32m2025-01-02 11:50:49,964 - INFO - d_prime: 11 d: 9[0m
[32m2025-01-02 11:50:49,968 - INFO - d_prime: 12 d: 9[0m
[32m2025-01-02 11:50:49,972 - INFO - d_prime: 13 d: 9[0m
[32m2025-01-02 11:50:49,974 - INFO - forbidden_vars: ([{0:1},{0:1},{1:1},{1:1},{1:1},{1:1},{1:1},{1:1},{2:1},{2:1},{3:1},{3:1},{4:1},{4:1},{5:1},{0:1,2:1},{0:1,3:1},{1:1,3:1},{1:1,5:1},{1:1,3:1},{2:1,4:1},{2:1,4:1},{2:1,3:1},{2:2},{2:1,5:1},{3:1,5:1},{3:2},{3:1,5:1},{3:1,5:1},{5:2},{0:1,3:1,7:1},{0:2,1:1},{0:2,1:1},{1:1,5:2},{1:3},{3:2,7:1},{0:1,2:1,3:1,5:1},{1:2,3:2}])[0m
[32m2025-01-02 11:50:49,975 - INFO - False[0m
[32m2025-01-02 11:50:53,822 - INFO - d_prime: 10 d: 10[0m
[32m2025-01-02 11:50:53,826 - INFO - d_prime: 11 d: 10[0m
[32m2025-01-02 11:50:53,830 - INFO - d_prime: 12 d: 10[0m
[32m2025-01-02 11:50:53,834 - INFO - d_prime: 13 d: 10[0m
[32m2025-01-02 11:50:53,837 - INFO - forbidden_vars: ([{1:1},{2:1},{2:1},{2:1},{3:1},{4:1},{4:1},{4:1},{5:1},{5:1},{5:1},{7:1},{7:1},{1:1,7:1},{1:1,7:1},{1:1,7:1},{1:1,3:1},{1:1,4:1},{1:2},{1:1,5:1},{2:1,7:1},{2:1,5:1},{2:1,4:1},{2:1,7:1},{2:1,5:1},{3:1,4:1},{3:1,4:1},{4:2},{4:2},{4:1,7:1},{7:2},{7:2},{7:2},{1:3},{2:1,3:1,5:1},{4:1,7:2},{3:1,4:3},{4:3,5:1}])[0m
[32m2025-01-02 11:50:53,837 - INFO - False[0m
[32m2025-01-02 11:50:59,737 - INFO - d_prime: 11 d: 11[0m
[32m2025-01-02 11:50:59,742 - INFO - d_prime: 12 d: 11[0m
[32m2025-01-02 11:50:59,746 - INFO - d_prime: 13 d: 11[0m
[32m2025-01-02 11:50:59,749 - INFO - forbidden_vars: ([{2:1},{4:1},{5:1},{6:1},{1:1,2:1},{1:1,2:1},{1:2},{1:1,3:1},{1:1,6:1},{1:1,3:1},{2:1,6:1},{2:1,6:1},{3:1,4:1},{3:2},{3:1,5:1},{3:2},{5:1,6:1},{6:2},{6:2},{6:2},{6:2},{1:1,5:1,6:1},{1:2,3:1},{1:2,4:1},{2:1,4:1,6:1},{2:1,6:2},{2:1,3:2},{2:3},{3:1,6:2},{4:3},{4:2,5:1},{5:1,6:2},{6:3},{1:1,6:3},{1:2,2:1,4:1},{1:3,2:1},{1:1,5:1,6:2},{1:1,2:1,6:2},{2:2,4:2},{4:2,5:2}])[0m
[32m2025-01-02 11:50:59,749 - INFO - False[0m
[32m2025-01-02 11:51:08,393 - INFO - d_prime: 11 d: 12[0m
[32m2025-01-02 11:51:08,397 - INFO - d_prime: 12 d: 12[0m
[32m2025-01-02 11:51:08,402 - INFO - d_prime: 13 d: 12[0m
[32m2025-01-02 11:51:08,404 - INFO - forbidden_vars: ([{2:1},{4:1},{4:1},{5:1},{6:1},{0:1,3:1},{2:1,6:1},{2:1,3:1},{2:1,6:1},{3:1,6:1},{3:2},{3:1,4:1},{4:1,6:1},{5:1,6:1},{5:1,6:1},{5:1,6:1},{6:2},{0:1,4:2},{0:1,4:2},{0:2,4:1},{0:1,3:1,7:1},{1:1,2:1,3:1},{2:1,3:1,6:1},{2:2,4:1},{2:1,3:1,4:1},{2:1,4:2},{3:2,7:1},{4:2,6:1},{4:2,6:1},{5:2,7:1},{6:3},{0:2,3:1,6:1},{2:1,6:3},{2:2,3:1,4:1},{2:1,5:1,6:2},{3:1,4:3},{3:2,6:2},{4:2,6:2},{0:1,1:1,2:1,4:1,7:1},{3:1,5:4}])[0m
[32m2025-01-02 11:51:08,404 - INFO - False[0m
[32m2025-01-02 11:51:22,354 - INFO - d_prime: 11 d: 13[0m
[32m2025-01-02 11:51:22,359 - INFO - d_prime: 12 d: 13[0m
[32m2025-01-02 11:51:22,363 - INFO - d_prime: 13 d: 13[0m
[32m2025-01-02 11:51:22,366 - INFO - forbidden_vars: ([{1:1},{5:1},{6:1},{0:1,2:1},{0:1,5:1},{0:1,2:1},{2:1,4:1},{2:1,6:1},{2:1,3:1},{2:1,5:1},{4:1,5:1},{4:1,5:1},{5:2},{5:2},{5:2},{5:1,6:1},{5:1,7:1},{0:1,6:2},{2:2,6:1},{2:3},{2:1,6:1,7:1},{2:3},{4:1,5:2},{5:1,6:1,7:1},{5:2,6:1},{5:1,6:2},{6:3},{6:2,7:1},{0:1,2:1,5:2},{0:2,3:1,6:1},{2:1,3:1,5:2},{2:1,3:1,5:1,7:1},{2:1,4:2,5:1},{2:2,4:1,7:1},{2:2,5:2},{3:1,4:1,6:2},{4:1,5:3},{5:2,6:2},{5:2,6:2},{1:1,3:1,5:3}])[0m
[32m2025-01-02 11:51:22,366 - INFO - False[0m
  3842  4060  893.00000  892  228          -  876.00000      -   223 3087s
[32m2025-01-02 11:51:53,833 - INFO - d_prime: 3 d: 3[0m
[32m2025-01-02 11:51:53,836 - INFO - d_prime: 4 d: 3[0m
[32m2025-01-02 11:51:53,837 - INFO - d_prime: 5 d: 3[0m
[32m2025-01-02 11:51:53,839 - INFO - d_prime: 6 d: 3[0m
[32m2025-01-02 11:51:53,840 - INFO - d_prime: 7 d: 3[0m
[32m2025-01-02 11:51:53,842 - INFO - d_prime: 8 d: 3[0m
[32m2025-01-02 11:51:53,843 - INFO - d_prime: 9 d: 3[0m
[32m2025-01-02 11:51:53,845 - INFO - d_prime: 10 d: 3[0m
[32m2025-01-02 11:51:53,846 - INFO - d_prime: 11 d: 3[0m
[32m2025-01-02 11:51:53,848 - INFO - d_prime: 12 d: 3[0m
[32m2025-01-02 11:51:53,849 - INFO - d_prime: 13 d: 3[0m
[32m2025-01-02 11:51:53,850 - INFO - forbidden_vars: ([{0:1},{4:1},{4:1},{4:1},{7:1},{0:1,3:1},{3:1,7:1},{5:1,7:1},{7:2},{0:1,3:1,4:1},{0:1,3:1,4:1},{3:3},{3:1,5:1,7:1},{4:1,7:2},{5:3},{7:3},{0:1,3:2,7:1},{0:1,3:1,4:1,7:1}])[0m
[32m2025-01-02 11:51:53,851 - INFO - False[0m
[32m2025-01-02 11:52:15,252 - INFO - d_prime: 4 d: 4[0m
[32m2025-01-02 11:52:15,255 - INFO - d_prime: 5 d: 4[0m
[32m2025-01-02 11:52:15,256 - INFO - d_prime: 6 d: 4[0m
[32m2025-01-02 11:52:15,258 - INFO - d_prime: 7 d: 4[0m
[32m2025-01-02 11:52:15,260 - INFO - d_prime: 8 d: 4[0m
[32m2025-01-02 11:52:15,262 - INFO - d_prime: 9 d: 4[0m
[32m2025-01-02 11:52:15,264 - INFO - d_prime: 10 d: 4[0m
[32m2025-01-02 11:52:15,266 - INFO - d_prime: 11 d: 4[0m
[32m2025-01-02 11:52:15,268 - INFO - d_prime: 12 d: 4[0m
[32m2025-01-02 11:52:15,270 - INFO - d_prime: 13 d: 4[0m
[32m2025-01-02 11:52:15,271 - INFO - forbidden_vars: ([{2:1},{2:1},{3:1},{4:1},{4:1},{5:1},{2:1,4:1},{3:1,4:1},{3:2},{3:2},{3:2},{4:1,7:1},{5:1,7:1},{5:2},{5:2},{7:2},{2:1,5:1,7:1},{3:2,4:1},{3:1,7:2},{5:2,7:1},{5:2,7:1},{2:1,3:3},{3:1,7:3},{3:2,4:2}])[0m
[32m2025-01-02 11:52:15,271 - INFO - False[0m
[32m2025-01-02 11:52:18,741 - INFO - d_prime: 5 d: 5[0m
[32m2025-01-02 11:52:18,744 - INFO - d_prime: 6 d: 5[0m
[32m2025-01-02 11:52:18,747 - INFO - d_prime: 7 d: 5[0m
[32m2025-01-02 11:52:18,749 - INFO - d_prime: 8 d: 5[0m
[32m2025-01-02 11:52:18,752 - INFO - d_prime: 9 d: 5[0m
[32m2025-01-02 11:52:18,755 - INFO - d_prime: 10 d: 5[0m
[32m2025-01-02 11:52:18,757 - INFO - d_prime: 11 d: 5[0m
[32m2025-01-02 11:52:18,760 - INFO - d_prime: 12 d: 5[0m
[32m2025-01-02 11:52:18,763 - INFO - d_prime: 13 d: 5[0m
[32m2025-01-02 11:52:18,764 - INFO - forbidden_vars: ([{1:1},{1:1},{1:1},{2:1},{6:1},{6:1},{7:1},{1:2},{2:2},{2:2},{3:2},{3:1,7:1},{4:1,5:1},{5:2},{7:2},{7:2},{1:1,3:1,6:1},{2:2,3:1},{2:1,5:2},{2:1,4:1,5:1},{3:1,4:1,5:1},{4:1,5:1,7:1},{1:1,2:2,5:1},{1:2,2:1,3:1},{2:2,4:1,6:1},{2:3,6:1},{2:3,7:2}])[0m
[32m2025-01-02 11:52:18,764 - INFO - False[0m
[32m2025-01-02 11:52:23,558 - INFO - d_prime: 6 d: 6[0m
[32m2025-01-02 11:52:23,560 - INFO - d_prime: 7 d: 6[0m
[32m2025-01-02 11:52:23,563 - INFO - d_prime: 8 d: 6[0m
[32m2025-01-02 11:52:23,566 - INFO - d_prime: 9 d: 6[0m
[32m2025-01-02 11:52:23,568 - INFO - d_prime: 10 d: 6[0m
[32m2025-01-02 11:52:23,571 - INFO - d_prime: 11 d: 6[0m
[32m2025-01-02 11:52:23,573 - INFO - d_prime: 12 d: 6[0m
[32m2025-01-02 11:52:23,576 - INFO - d_prime: 13 d: 6[0m
[32m2025-01-02 11:52:23,578 - INFO - forbidden_vars: ([{0:1},{5:1},{6:1},{0:2},{0:2},{0:1,4:1},{1:1,5:1},{3:2},{3:2},{3:1,4:1},{4:1,6:1},{4:1,6:1},{6:2},{0:1,3:2},{0:3},{0:3},{0:2,3:1},{0:1,6:1,7:1},{1:1,5:2},{3:1,6:1,7:1},{3:1,6:2},{3:1,5:1,6:1},{3:2,4:1},{3:1,5:2},{4:2,7:1},{4:1,6:1,7:1},{4:2,6:1},{6:3},{0:2,5:1,6:1},{0:2,3:1,5:1,7:1}])[0m
[32m2025-01-02 11:52:23,578 - INFO - False[0m
[32m2025-01-02 11:52:31,042 - INFO - d_prime: 7 d: 7[0m
[32m2025-01-02 11:52:31,046 - INFO - d_prime: 8 d: 7[0m
[32m2025-01-02 11:52:31,050 - INFO - d_prime: 9 d: 7[0m
[32m2025-01-02 11:52:31,053 - INFO - d_prime: 10 d: 7[0m
[32m2025-01-02 11:52:31,056 - INFO - d_prime: 11 d: 7[0m
[32m2025-01-02 11:52:31,060 - INFO - d_prime: 12 d: 7[0m
[32m2025-01-02 11:52:31,063 - INFO - d_prime: 13 d: 7[0m
[32m2025-01-02 11:52:31,065 - INFO - forbidden_vars: ([{0:1},{2:1},{5:1},{6:1},{6:1},{7:1},{0:1,4:1},{0:2},{0:1,7:1},{0:1,6:1},{1:1,5:1},{1:1,5:1},{2:2},{2:1,5:1},{2:2},{2:1,7:1},{4:2},{5:2},{0:1,6:1,7:1},{0:1,4:1,6:1},{0:2,2:1},{0:1,6:2},{1:1,5:1,7:1},{2:1,5:1,7:1},{2:2,6:1},{2:1,4:1,6:1},{2:3},{2:1,5:2},{4:2,7:1},{5:2,6:1},{0:2,2:1,5:1},{0:2,5:2},{2:2,4:2},{2:1,4:1,5:2},{5:2,7:2}])[0m
[32m2025-01-02 11:52:31,065 - INFO - False[0m
[32m2025-01-02 11:52:37,702 - INFO - d_prime: 8 d: 8[0m
[32m2025-01-02 11:52:37,706 - INFO - d_prime: 9 d: 8[0m
[32m2025-01-02 11:52:37,709 - INFO - d_prime: 10 d: 8[0m
[32m2025-01-02 11:52:37,713 - INFO - d_prime: 11 d: 8[0m
[32m2025-01-02 11:52:37,716 - INFO - d_prime: 12 d: 8[0m
[32m2025-01-02 11:52:37,720 - INFO - d_prime: 13 d: 8[0m
[32m2025-01-02 11:52:37,722 - INFO - forbidden_vars: ([{1:1},{1:1},{2:1},{2:1},{2:1},{3:1},{3:1},{5:1},{1:2},{1:1,3:1},{2:1,4:1},{2:2},{2:1,3:1},{4:1,5:1},{4:1,6:1},{6:2},{6:2},{0:1,6:2},{0:1,1:1,3:1},{0:1,3:1,6:1},{1:1,5:2},{1:2,2:1},{2:1,4:2},{2:2,5:1},{3:3},{3:2,5:1},{4:1,6:2},{6:3},{6:3},{0:1,1:1,6:2},{0:1,2:2,3:1},{0:1,3:2,6:1},{2:2,3:2},{2:2,6:2},{4:2,6:2},{5:2,6:2},{1:1,3:3,4:1}])[0m
[32m2025-01-02 11:52:37,722 - INFO - False[0m
[32m2025-01-02 11:53:12,216 - INFO - d_prime: 10 d: 10[0m
[32m2025-01-02 11:53:12,220 - INFO - d_prime: 11 d: 10[0m
[32m2025-01-02 11:53:12,224 - INFO - d_prime: 12 d: 10[0m
[32m2025-01-02 11:53:12,228 - INFO - d_prime: 13 d: 10[0m
[32m2025-01-02 11:53:12,231 - INFO - forbidden_vars: ([{1:1},{1:1},{1:1},{1:1},{2:1},{2:1},{2:1},{4:1},{4:1},{4:1},{4:1},{4:1},{5:1},{7:1},{7:1},{7:1},{1:1,5:1},{1:1,7:1},{1:1,5:1},{1:1,7:1},{1:1,7:1},{2:1,4:1},{2:1,5:1},{2:1,5:1},{4:2},{4:2},{4:2},{4:1,7:1},{4:2},{5:1,7:1},{5:1,7:1},{7:2},{7:2},{1:1,2:1,5:1},{1:1,7:2},{1:2,7:1},{1:3},{4:1,5:2}])[0m
[32m2025-01-02 11:53:12,231 - INFO - False[0m
[32m2025-01-02 11:53:22,042 - INFO - d_prime: 11 d: 11[0m
[32m2025-01-02 11:53:22,046 - INFO - d_prime: 12 d: 11[0m
[32m2025-01-02 11:53:22,051 - INFO - d_prime: 13 d: 11[0m
[32m2025-01-02 11:53:22,053 - INFO - forbidden_vars: ([{1:1},{2:1},{4:1},{4:1},{4:1},{5:1},{1:1,2:1},{1:1,2:1},{2:2},{3:1,6:1},{3:2},{5:1,6:1},{6:2},{6:2},{1:1,2:1,4:1},{1:1,2:2},{1:1,4:1,6:1},{1:1,3:1,6:1},{1:2,6:1},{1:2,2:1},{1:1,2:1,5:1},{1:1,2:1,3:1},{2:1,3:1,6:1},{2:1,6:2},{2:1,6:2},{2:2,3:1},{2:2,6:1},{2:2,6:1},{3:2,6:1},{4:1,5:2},{5:1,6:2},{6:3},{1:1,2:1,3:2},{1:2,6:2},{2:2,6:2},{2:2,5:2},{2:1,3:1,4:2},{4:3,6:1},{4:3,6:1},{5:2,6:2}])[0m
[32m2025-01-02 11:53:22,054 - INFO - False[0m
[32m2025-01-02 11:53:40,391 - INFO - d_prime: 11 d: 12[0m
[32m2025-01-02 11:53:40,396 - INFO - d_prime: 12 d: 12[0m
[32m2025-01-02 11:53:40,400 - INFO - d_prime: 13 d: 12[0m
[32m2025-01-02 11:53:40,403 - INFO - forbidden_vars: ([{0:1},{7:1},{0:1,4:1},{0:1,6:1},{0:1,4:1},{0:1,6:1},{0:1,7:1},{2:1,4:1},{2:2},{2:1,5:1},{2:1,3:1},{2:1,3:1},{3:1,6:1},{4:2},{4:2},{5:1,6:1},{6:2},{0:1,2:1,3:1},{0:1,2:1,4:1},{1:1,6:2},{2:1,4:1,5:1},{2:1,6:1,7:1},{2:2,7:1},{2:1,3:2},{2:2,6:1},{2:1,5:1,6:1},{2:1,4:2},{2:1,4:2},{3:1,5:1,6:1},{3:2,6:1},{3:2,4:1},{4:1,5:2},{0:2,3:1,4:1},{2:1,3:1,6:2},{2:2,3:2},{2:1,4:2,5:1},{2:1,6:3},{2:1,3:1,4:1,6:1},{4:2,6:2},{2:2,3:2,6:1}])[0m
[32m2025-01-02 11:53:40,403 - INFO - False[0m
[32m2025-01-02 11:54:18,296 - INFO - d_prime: 11 d: 13[0m
[32m2025-01-02 11:54:18,301 - INFO - d_prime: 12 d: 13[0m
[32m2025-01-02 11:54:18,305 - INFO - d_prime: 13 d: 13[0m
[32m2025-01-02 11:54:18,308 - INFO - forbidden_vars: ([{0:1},{1:1},{0:1,5:1},{0:1,6:1},{0:1,2:1},{0:1,6:1},{4:2},{4:2},{5:1,6:1},{5:1,6:1},{5:2},{5:1,6:1},{6:2},{0:1,2:1,7:1},{0:1,4:1,5:1},{0:1,6:2},{0:1,5:1,6:1},{0:3},{0:1,5:1,7:1},{2:1,6:2},{2:1,5:1,6:1},{2:1,5:1,6:1},{2:1,5:1,6:1},{4:1,6:2},{4:2,5:1},{5:1,6:2},{5:3},{5:3},{5:2,6:1},{0:1,5:1,6:2},{0:1,4:3},{0:1,5:2,6:1},{0:1,4:1,5:1,7:1},{0:2,6:2},{0:3,4:1},{0:2,5:2},{4:1,5:2,6:1},{4:1,5:1,6:2},{0:3,5:1,7:1},{5:5}])[0m
[32m2025-01-02 11:54:18,308 - INFO - False[0m
  3951  4060  876.00000  884  101          -  876.00000      -   219 3235s
[32m2025-01-02 11:54:22,882 - INFO - d_prime: 3 d: 3[0m
[32m2025-01-02 11:54:22,885 - INFO - d_prime: 4 d: 3[0m
[32m2025-01-02 11:54:22,887 - INFO - d_prime: 5 d: 3[0m
[32m2025-01-02 11:54:22,889 - INFO - d_prime: 6 d: 3[0m
[32m2025-01-02 11:54:22,892 - INFO - d_prime: 7 d: 3[0m
[32m2025-01-02 11:54:22,894 - INFO - d_prime: 8 d: 3[0m
[32m2025-01-02 11:54:22,896 - INFO - d_prime: 9 d: 3[0m
[32m2025-01-02 11:54:22,899 - INFO - d_prime: 10 d: 3[0m
[32m2025-01-02 11:54:22,901 - INFO - d_prime: 11 d: 3[0m
[32m2025-01-02 11:54:22,903 - INFO - d_prime: 12 d: 3[0m
[32m2025-01-02 11:54:22,906 - INFO - d_prime: 13 d: 3[0m
[32m2025-01-02 11:54:22,907 - INFO - forbidden_vars: ([{2:1},{4:1},{0:1,2:1},{1:1,4:1},{2:2},{2:1,4:1},{3:1,4:1},{0:1,1:1,4:1},{1:1,3:1,7:1},{1:2,7:1},{1:1,2:1,4:1},{1:2,7:1},{1:2,2:1},{2:1,4:1,5:1},{3:1,7:2},{7:3},{3:1,7:3},{2:2,3:2,7:1}])[0m
[32m2025-01-02 11:54:22,907 - INFO - False[0m
[32m2025-01-02 11:54:44,884 - INFO - d_prime: 5 d: 5[0m
[32m2025-01-02 11:54:44,888 - INFO - d_prime: 6 d: 5[0m
[32m2025-01-02 11:54:44,891 - INFO - d_prime: 7 d: 5[0m
[32m2025-01-02 11:54:44,895 - INFO - d_prime: 8 d: 5[0m
[32m2025-01-02 11:54:44,898 - INFO - d_prime: 9 d: 5[0m
[32m2025-01-02 11:54:44,901 - INFO - d_prime: 10 d: 5[0m
[32m2025-01-02 11:54:44,905 - INFO - d_prime: 11 d: 5[0m
[32m2025-01-02 11:54:44,908 - INFO - d_prime: 12 d: 5[0m
[32m2025-01-02 11:54:44,911 - INFO - d_prime: 13 d: 5[0m
[32m2025-01-02 11:54:44,913 - INFO - forbidden_vars: ([{1:1},{1:1},{4:1},{0:1,6:1},{1:2},{1:1,6:1},{1:1,6:1},{2:1,4:1},{2:1,6:1},{2:1,5:1},{5:2},{6:1,7:1},{6:2},{6:1,7:1},{0:1,2:1,6:1},{1:1,4:2},{1:2,4:1},{1:1,7:2},{1:1,2:1,4:1},{2:1,5:2},{2:1,4:1,5:1},{4:2,7:1},{4:2,5:1},{4:1,5:2},{0:1,2:2,4:1},{1:3,6:1},{1:2,2:1,7:1}])[0m
[32m2025-01-02 11:54:44,913 - INFO - False[0m
[32m2025-01-02 11:54:49,804 - INFO - d_prime: 6 d: 6[0m
[32m2025-01-02 11:54:49,808 - INFO - d_prime: 7 d: 6[0m
[32m2025-01-02 11:54:49,811 - INFO - d_prime: 8 d: 6[0m
[32m2025-01-02 11:54:49,814 - INFO - d_prime: 9 d: 6[0m
[32m2025-01-02 11:54:49,817 - INFO - d_prime: 10 d: 6[0m
[32m2025-01-02 11:54:49,820 - INFO - d_prime: 11 d: 6[0m
[32m2025-01-02 11:54:49,823 - INFO - d_prime: 12 d: 6[0m
[32m2025-01-02 11:54:49,826 - INFO - d_prime: 13 d: 6[0m
[32m2025-01-02 11:54:49,828 - INFO - forbidden_vars: ([{5:1},{5:1},{5:1},{6:1},{6:1},{6:1},{0:1,6:1},{0:1,4:1},{1:1,5:1},{3:1,5:1},{3:1,4:1},{4:1,6:1},{4:1,5:1},{4:1,6:1},{5:1,6:1},{5:1,6:1},{6:2},{6:1,7:1},{0:1,5:1,6:1},{0:2,1:1},{0:2,7:1},{0:1,5:2},{1:1,4:1,7:1},{1:1,3:1,4:1},{3:1,4:1,6:1},{3:1,4:1,7:1},{3:2,7:1},{5:1,6:1,7:1},{0:1,1:3},{3:1,4:1,6:2,7:1}])[0m
[32m2025-01-02 11:54:49,828 - INFO - False[0m
[32m2025-01-02 11:54:57,359 - INFO - d_prime: 7 d: 7[0m
[32m2025-01-02 11:54:57,363 - INFO - d_prime: 8 d: 7[0m
[32m2025-01-02 11:54:57,366 - INFO - d_prime: 9 d: 7[0m
[32m2025-01-02 11:54:57,370 - INFO - d_prime: 10 d: 7[0m
[32m2025-01-02 11:54:57,373 - INFO - d_prime: 11 d: 7[0m
[32m2025-01-02 11:54:57,376 - INFO - d_prime: 12 d: 7[0m
[32m2025-01-02 11:54:57,380 - INFO - d_prime: 13 d: 7[0m
[32m2025-01-02 11:54:57,382 - INFO - forbidden_vars: ([{2:1},{2:1},{2:1},{4:1},{6:1},{0:1,2:1},{0:1,2:1},{1:1,5:1},{1:1,5:1},{2:2},{2:2},{2:1,5:1},{2:2},{4:2},{5:1,6:1},{5:2},{5:1,6:1},{5:2},{5:1,7:1},{7:2},{0:1,2:1,5:1},{0:1,3:1,5:1},{0:1,1:2},{0:2,2:1},{0:2,6:1},{1:1,3:1,5:1},{2:1,5:2},{2:2,6:1},{2:1,7:2},{4:2,6:1},{5:2,7:1},{0:1,1:1,7:2},{0:2,2:2},{4:3,6:1},{0:2,2:3}])[0m
[32m2025-01-02 11:54:57,382 - INFO - False[0m
[32m2025-01-02 11:55:12,518 - INFO - d_prime: 8 d: 8[0m
[32m2025-01-02 11:55:12,522 - INFO - d_prime: 9 d: 8[0m
[32m2025-01-02 11:55:12,526 - INFO - d_prime: 10 d: 8[0m
[32m2025-01-02 11:55:12,530 - INFO - d_prime: 11 d: 8[0m
[32m2025-01-02 11:55:12,534 - INFO - d_prime: 12 d: 8[0m
[32m2025-01-02 11:55:12,538 - INFO - d_prime: 13 d: 8[0m
[32m2025-01-02 11:55:12,540 - INFO - forbidden_vars: ([{0:1},{4:1},{4:1},{5:1},{5:1},{6:1},{6:1},{0:1,6:1},{0:1,2:1},{0:1,7:1},{2:1,5:1},{2:1,6:1},{3:1,5:1},{3:1,6:1},{4:1,6:1},{4:1,5:1},{4:1,6:1},{5:1,6:1},{5:2},{6:2},{6:2},{0:1,1:2},{0:1,1:1,6:1},{1:1,2:1,6:1},{2:1,4:1,6:1},{2:1,3:1,4:1},{5:1,6:2},{5:3},{5:2,6:1},{5:2,7:1},{0:1,1:1,4:1,7:1},{0:1,5:2,6:1},{0:1,3:1,4:2},{3:1,4:2,5:1},{4:2,5:1,6:1},{5:2,6:2},{5:3,6:1}])[0m
[32m2025-01-02 11:55:12,540 - INFO - False[0m
[32m2025-01-02 11:59:38,771 - INFO - d_prime: 11 d: 12[0m
[32m2025-01-02 11:59:38,775 - INFO - d_prime: 12 d: 12[0m
[32m2025-01-02 11:59:38,779 - INFO - d_prime: 13 d: 12[0m
[32m2025-01-02 11:59:38,781 - INFO - forbidden_vars: ([{0:1},{3:1},{3:1},{5:1},{5:1},{0:1,4:1},{1:1,5:1},{2:1,6:1},{2:1,3:1},{3:2},{3:1,4:1},{3:1,4:1},{5:1,6:1},{5:1,6:1},{6:2},{6:1,7:1},{6:1,7:1},{0:1,2:1,6:1},{0:1,2:1,4:1},{0:1,7:2},{2:1,3:2},{2:1,5:1,6:1},{2:1,3:1,6:1},{2:1,7:2},{2:1,3:1,6:1},{2:2,6:1},{2:1,6:2},{2:1,6:2},{2:1,6:2},{3:3},{3:1,5:2},{5:1,6:2},{5:3},{0:1,3:1,6:2},{1:1,3:1,4:1,6:1},{2:2,4:2},{3:3,6:1},{3:1,4:1,5:1,6:1},{4:2,5:2},{0:1,1:1,3:2,5:1}])[0m
[32m2025-01-02 11:59:38,782 - INFO - False[0m
[32m2025-01-02 11:59:45,480 - INFO - d_prime: 11 d: 13[0m
[32m2025-01-02 11:59:45,487 - INFO - d_prime: 12 d: 13[0m
[32m2025-01-02 11:59:45,491 - INFO - d_prime: 13 d: 13[0m
