1.NAME: LBBDSolver
2.PARAMS: {'break_symmetry': False, 'add_constraints_to_symmetrc_days': False, 'subsolver_cls': 'CPSubSolver'}
3.INSTANCE: /home/wx350715/Kobra/rehabiliation-admission-scheduling/data/comp_study_002/instance_5_5.txt
4.REPETITION: 1
Current directory: /home/wx350715/Kobra/rehabiliation-admission-scheduling
[34m2025-01-01 18:43:01,368 - DEBUG - Solver: <class 'src.solvers.benders.LBBDSolver'>[0m
[34m2025-01-01 18:43:01,368 - DEBUG - Args: {'break_symmetry': False, 'add_constraints_to_symmetrc_days': False, 'subsolver_cls': 'CPSubSolver'}[0m
[34m2025-01-01 18:43:01,368 - DEBUG - File path /home/wx350715/Kobra/rehabiliation-admission-scheduling/data/comp_study_002/instance_5_5.txt[0m
[34m2025-01-01 18:43:01,369 - DEBUG - ADD INSTANCE DATA[0m
[34m2025-01-01 18:43:01,369 - DEBUG - ADD INSTANCE DATA[0m
[34m2025-01-01 18:43:01,369 - DEBUG - ADD INSTANCE DATA[0m
[34m2025-01-01 18:43:01,369 - DEBUG - ADD INSTANCE DATA[0m
[34m2025-01-01 18:43:01,369 - DEBUG - ADD INSTANCE DATA[0m
[34m2025-01-01 18:43:01,369 - DEBUG - ADD INSTANCE DATA[0m
[34m2025-01-01 18:43:01,369 - DEBUG - ADD INSTANCE DATA[0m
[34m2025-01-01 18:43:01,369 - DEBUG - ADD INSTANCE DATA[0m
[34m2025-01-01 18:43:01,369 - DEBUG - ADD INSTANCE DATA[0m
[34m2025-01-01 18:43:01,369 - DEBUG - ADD INSTANCE DATA[0m
[34m2025-01-01 18:43:01,369 - DEBUG - ADD INSTANCE DATA[0m
[34m2025-01-01 18:43:01,369 - DEBUG - ADD RESOURCE_GROUPS[0m
[34m2025-01-01 18:43:01,369 - DEBUG - ADD RESOURCE_GROUPS[0m
[34m2025-01-01 18:43:01,369 - DEBUG - ADD RESOURCE_GROUPS[0m
[34m2025-01-01 18:43:01,369 - DEBUG - ADD RESOURCE_GROUPS[0m
[34m2025-01-01 18:43:01,369 - DEBUG - ADD RESOURCES[0m
[34m2025-01-01 18:43:01,370 - DEBUG - ADD RESOURCES[0m
[34m2025-01-01 18:43:01,370 - DEBUG - ADD RESOURCES[0m
[34m2025-01-01 18:43:01,370 - DEBUG - ADD RESOURCES[0m
[34m2025-01-01 18:43:01,370 - DEBUG - ADD RESOURCES[0m
[34m2025-01-01 18:43:01,370 - DEBUG - ADD RESOURCES[0m
[34m2025-01-01 18:43:01,370 - DEBUG - ADD RESOURCES[0m
[34m2025-01-01 18:43:01,370 - DEBUG - ADD RESOURCES[0m
[34m2025-01-01 18:43:01,370 - DEBUG - ADD RESOURCES[0m
[34m2025-01-01 18:43:01,370 - DEBUG - ADD RESOURCES[0m
[34m2025-01-01 18:43:01,370 - DEBUG - ADD TREATMENTS[0m
[34m2025-01-01 18:43:01,370 - DEBUG - ADD TREATMENTS[0m
[34m2025-01-01 18:43:01,371 - DEBUG - ADD TREATMENTS[0m
[34m2025-01-01 18:43:01,371 - DEBUG - ADD TREATMENTS[0m
[34m2025-01-01 18:43:01,371 - DEBUG - ADD TREATMENTS[0m
[34m2025-01-01 18:43:01,371 - DEBUG - ADD TREATMENTS[0m
[34m2025-01-01 18:43:01,371 - DEBUG - ADD TREATMENTS[0m
[34m2025-01-01 18:43:01,371 - DEBUG - ADD TREATMENTS[0m
[34m2025-01-01 18:43:01,371 - DEBUG - ADD PATIENTS[0m
[34m2025-01-01 18:43:01,371 - DEBUG - ADD PATIENTS[0m
[34m2025-01-01 18:43:01,371 - DEBUG - ADD PATIENTS[0m
[34m2025-01-01 18:43:01,371 - DEBUG - ADD PATIENTS[0m
[34m2025-01-01 18:43:01,372 - DEBUG - ADD PATIENTS[0m
[34m2025-01-01 18:43:01,372 - DEBUG - ADD PATIENTS[0m
[34m2025-01-01 18:43:01,372 - DEBUG - ADD PATIENTS[0m
[34m2025-01-01 18:43:01,372 - DEBUG - ADD PATIENTS[0m
[34m2025-01-01 18:43:01,372 - DEBUG - ADD PATIENTS[0m
[34m2025-01-01 18:43:01,372 - DEBUG - ADD PATIENTS[0m
[34m2025-01-01 18:43:01,372 - DEBUG - ADD PATIENTS[0m
[34m2025-01-01 18:43:01,372 - DEBUG - ADD PATIENTS[0m
[34m2025-01-01 18:43:01,372 - DEBUG - ADD PATIENTS[0m
[34m2025-01-01 18:43:01,372 - DEBUG - ADD PATIENTS[0m
[34m2025-01-01 18:43:01,373 - DEBUG - ADD PATIENTS[0m
[34m2025-01-01 18:43:01,373 - DEBUG - ADD PATIENTS[0m
[34m2025-01-01 18:43:01,373 - DEBUG - ADD PATIENTS[0m
[34m2025-01-01 18:43:01,373 - DEBUG - ADD PATIENTS[0m
[34m2025-01-01 18:43:01,373 - DEBUG - ADD PATIENTS[0m
[34m2025-01-01 18:43:01,373 - DEBUG - ADD PATIENTS[0m
[34m2025-01-01 18:43:01,373 - DEBUG - ADD PATIENTS[0m
[34m2025-01-01 18:43:01,373 - DEBUG - ADD PATIENTS[0m
[34m2025-01-01 18:43:01,373 - DEBUG - ADD PATIENTS[0m
[34m2025-01-01 18:43:01,373 - DEBUG - ADD PATIENTS[0m
[34m2025-01-01 18:43:01,374 - DEBUG - ADD PATIENTS[0m
[34m2025-01-01 18:43:01,375 - DEBUG - ADD PATIENTS[0m
[34m2025-01-01 18:43:01,375 - DEBUG - ADD PATIENTS[0m
[34m2025-01-01 18:43:01,375 - DEBUG - ADD PATIENTS[0m
[34m2025-01-01 18:43:01,375 - DEBUG - ADD PATIENTS[0m
[34m2025-01-01 18:43:01,375 - DEBUG - ADD PATIENTS[0m
[34m2025-01-01 18:43:01,375 - DEBUG - ADD PATIENTS[0m
[34m2025-01-01 18:43:01,375 - DEBUG - ADD PATIENTS[0m
[34m2025-01-01 18:43:01,375 - DEBUG - ADD PATIENTS[0m
[34m2025-01-01 18:43:01,375 - DEBUG - ADD PATIENTS[0m
[34m2025-01-01 18:43:01,375 - DEBUG - ADD PATIENTS[0m
[34m2025-01-01 18:43:01,375 - DEBUG - ADD PATIENTS[0m
[34m2025-01-01 18:43:01,376 - DEBUG - ADD PATIENTS[0m
[34m2025-01-01 18:43:01,376 - DEBUG - ADD PATIENTS[0m
[34m2025-01-01 18:43:01,376 - DEBUG - ADD PATIENTS[0m
[34m2025-01-01 18:43:01,376 - DEBUG - ADD PATIENTS[0m
[34m2025-01-01 18:43:01,376 - DEBUG - Instance data:[0m
[34m2025-01-01 18:43:01,376 - DEBUG - Number of patients: 40[0m
[34m2025-01-01 18:43:01,376 - DEBUG - Number of beds: 40[0m
[34m2025-01-01 18:43:01,376 - DEBUG - Average number of treatments per patient: 23.325[0m
[34m2025-01-01 18:43:01,376 - DEBUG - Average number of treatment per stayed day: 2.2004716981132075[0m
[34m2025-01-01 18:43:01,376 - DEBUG - Number of treatments: 933[0m
[34m2025-01-01 18:43:01,376 - DEBUG - Number of resources: 10[0m
[34m2025-01-01 18:43:01,376 - DEBUG - Number of resource groups: 4[0m
[34m2025-01-01 18:43:01,376 - DEBUG - Number of resource hours needed per all treatment by RG(therapists): 25.816666666666716[0m
[34m2025-01-01 18:43:01,376 - DEBUG - Number of resource hours needed per all treatment by RG(rooms): 48.36666666666666[0m
[34m2025-01-01 18:43:01,376 - DEBUG - Number of resource hours needed per all treatment by RG(physiotherapist): 15.5[0m
[34m2025-01-01 18:43:01,376 - DEBUG - Number of resource hours needed per all treatment by RG(sport_room): 6.75[0m
[32m2025-01-01 18:43:01,376 - INFO - {'solver': 'LBBDSolver', 'args': {'break_symmetry': False, 'subsolver_cls': <class 'src.solvers.subsolvers.cp_subsolver.CPSubsolver'>, 'subsolver.store_results': True, 'subsolver.store_results_method': 'hash', 'use_helper_constraints': True, 'enforce_min_treatments_per_day': True, 'enforce_max_treatments_per_e_w': True, 'enforce_min_patients_per_treatment': True, 'log_to_console': True}}[0m
[34m2025-01-01 18:43:01,377 - DEBUG - Setting options: LBBDSolver[0m
[34m2025-01-01 18:43:01,377 - DEBUG -  ---- break_symmetry to False[0m
[34m2025-01-01 18:43:01,377 - DEBUG -  ---- subsolver_cls to <class 'src.solvers.subsolvers.cp_subsolver.CPSubsolver'>[0m
[34m2025-01-01 18:43:01,377 - DEBUG -  ---- use_helper_constraints to True[0m
[34m2025-01-01 18:43:01,377 - DEBUG -  ---- add_constraints_to_symmetric_days to True (default)[0m
[34m2025-01-01 18:43:01,377 - DEBUG - Setting options: Solver[0m
[34m2025-01-01 18:43:01,377 - DEBUG -  ---- number_of_threads to 4 (default)[0m
[34m2025-01-01 18:43:01,377 - DEBUG -  ---- treatment_value to 0 (default)[0m
[34m2025-01-01 18:43:01,377 - DEBUG -  ---- delay_value to 1 (default)[0m
[34m2025-01-01 18:43:01,377 - DEBUG -  ---- missing_treatment_value to 4 (default)[0m
[34m2025-01-01 18:43:01,377 - DEBUG -  ---- enforce_min_treatments_per_day to True[0m
[34m2025-01-01 18:43:01,377 - DEBUG -  ---- enforce_max_treatments_per_e_w to True[0m
[34m2025-01-01 18:43:01,377 - DEBUG -  ---- enforce_min_patients_per_treatment to True[0m
[34m2025-01-01 18:43:01,377 - DEBUG -  ---- log_to_console to True[0m
[34m2025-01-01 18:43:01,377 - DEBUG -  ---- log_to_file to True (default)[0m
[34m2025-01-01 18:43:01,377 - DEBUG -  ---- no_rel_heur_time to 1 (default)[0m
[34m2025-01-01 18:43:01,460 - DEBUG - Setting options: CPSubsolver[0m
[34m2025-01-01 18:43:01,460 - DEBUG -  ---- estimated_needed_treatments to True (default)[0m
[34m2025-01-01 18:43:01,460 - DEBUG -  ---- add_patient_symmetry to False (default)[0m
[34m2025-01-01 18:43:01,460 - DEBUG - Setting Subsolver options: SubSolver[0m
[34m2025-01-01 18:43:01,460 - DEBUG -  ---- store_results to True[0m
[34m2025-01-01 18:43:01,460 - DEBUG -  ---- store_results_method to hash[0m
[34m2025-01-01 18:43:01,460 - DEBUG -  ---- enforce_min_patients_per_treatment to True[0m
[34m2025-01-01 18:43:01,460 - DEBUG -  ---- use_day_symmetry to True (default)[0m
[32m2025-01-01 18:43:01,531 - INFO - Create model: LBBDSolver[0m
Set parameter TSPort to value 50039
Set parameter TokenServer to value "license.itc.rwth-aachen.de"
Set parameter Threads to value 4
Set parameter Cuts to value 0
Set parameter LazyConstraints to value 1
Set parameter NoRelHeurTime to value 1
[34m2025-01-01 18:43:02,102 - DEBUG - Variables created.[0m
[34m2025-01-01 18:43:03,915 - DEBUG - Constraint (not too many treatments) created.[0m
[34m2025-01-01 18:43:05,331 - DEBUG - Constraint (no_treatments_outside admittance) created.[0m
[34m2025-01-01 18:43:05,332 - DEBUG - Constraint (bed_usage) created.[0m
[34m2025-01-01 18:43:05,333 - DEBUG - Constraint (must be admitted) created.[0m
[34m2025-01-01 18:43:05,526 - DEBUG - Constraint (e_w_ub) created.[0m
[34m2025-01-01 18:43:05,585 - DEBUG - Constraint (day_ub) created.[0m
[34m2025-01-01 18:43:05,641 - DEBUG - Constraint (Day always) created.[0m
[34m2025-01-01 18:43:05,641 - DEBUG - Constraint (already_admitted) created.[0m
[32m2025-01-01 18:43:09,194 - INFO - Time to create model: 7.663[0m
[32m2025-01-01 18:43:09,194 - INFO - Solving model: LBBDSolver[0m
Gurobi Optimizer version 10.0.0 build v10.0.0rc2 (linux64)

CPU model: Intel(R) Xeon(R) Platinum 8468, instruction set [SSE2|AVX|AVX2|AVX512]
Thread count: 96 physical cores, 96 logical processors, using up to 4 threads

Optimize a model with 334025 rows, 140160 columns and 2657247 nonzeros
Model fingerprint: 0x5f342384
Variable types: 3 continuous, 140157 integer (140157 binary)
Coefficient statistics:
  Matrix range     [1e+00, 5e+01]
  Objective range  [1e+00, 1e+01]
  Bounds range     [1e+00, 1e+00]
  RHS range        [1e+00, 4e+03]
Presolve added 0 rows and 2509 columns
Presolve removed 220125 rows and 0 columns
Presolve time: 3.69s
Presolved: 113900 rows, 142669 columns, 1706706 nonzeros
Variable types: 1 continuous, 142668 integer (141689 binary)
Starting NoRel heuristic
Found phase-1 solution: relaxation 64
Found phase-1 solution: relaxation 52
Found phase-1 solution: relaxation 45
Found phase-1 solution: relaxation 35
Root relaxation presolved: 113341 rows, 142508 columns, 1611631 nonzeros

Deterministic concurrent LP optimizer: primal simplex, dual simplex, and barrier
Showing barrier log only...

Root barrier log...

Ordering time: 0.30s

Barrier statistics:
 Dense cols : 65
 AA' NZ     : 1.600e+05
 Factor NZ  : 5.702e+05 (roughly 12 MB of memory)
 Factor Ops : 1.139e+08 (less than 1 second per iteration)
 Threads    : 2

                  Objective                Residual
Iter       Primal          Dual         Primal    Dual     Compl     Time
   0  -3.51626574e+06 -4.84769248e+04  3.65e+04 2.20e+00  4.44e+02     9s
   1  -1.57195293e+06 -8.18700032e+04  1.63e+04 6.75e+00  2.00e+02     9s
   2  -8.41404388e+05 -1.13361916e+05  8.77e+03 2.95e-03  1.08e+02     9s
   3  -2.03393975e+05 -8.69354928e+04  2.12e+03 2.03e-02  2.71e+01     9s
   4  -6.67354836e+04 -5.06663572e+04  7.00e+02 4.96e-03  9.08e+00     9s
   5  -1.27099693e+04 -2.76793531e+04  1.40e+02 9.03e-04  2.39e+00     9s
   6  -7.84720236e+03 -1.41208892e+04  8.92e+01 4.80e-04  1.22e+00     9s
   7  -2.76768126e+03 -6.92684546e+03  3.62e+01 2.27e-04  5.05e-01     9s
   8  -1.08515511e+02 -1.56603256e+03  8.55e+00 8.49e-05  1.19e-01     9s
   9   5.33989436e+02  1.67965735e+02  1.75e+00 4.65e-05  2.40e-02     9s
  10   6.71997585e+02  6.09732405e+02  2.12e-01 4.30e-05  3.50e-03    10s
  11   6.84171825e+02  6.71314777e+02  5.39e-02 3.10e-05  7.61e-04    10s
  12   6.86760083e+02  6.82770144e+02  1.87e-02 1.95e-05  2.44e-04    10s
  13   6.87955777e+02  6.86520907e+02  1.78e-03 6.73e-06  6.71e-05    10s
  14   6.87995495e+02  6.87314932e+02  3.77e-04 2.66e-06  2.99e-05    10s
  15   6.87997825e+02  6.87950896e+02  1.55e-04 4.93e-07  2.60e-06    10s
  16   6.87999999e+02  6.87999587e+02  2.15e-06 1.86e-07  2.61e-08    10s
  17   6.88000000e+02  6.88000000e+02  2.50e-11 5.73e-09  2.61e-11    10s

Barrier solved model in 17 iterations and 9.95 seconds (13.93 work units)
Optimal objective 6.88000000e+02


Root crossover log...

     595 DPushes remaining with DInf 0.0000000e+00                10s
       0 DPushes remaining with DInf 0.0000000e+00                10s

    5832 PPushes remaining with PInf 0.0000000e+00                10s
    4607 PPushes remaining with PInf 0.0000000e+00                10s
       0 PPushes remaining with PInf 0.0000000e+00                10s

  Push phase complete: Pinf 0.0000000e+00, Dinf 5.4125593e-12     10s


Root simplex log...

Iteration    Objective       Primal Inf.    Dual Inf.      Time
    6123    6.8800000e+02   0.000000e+00   0.000000e+00     10s
Concurrent spin time: 0.18s

Solved with barrier
    6123    6.8800000e+02   0.000000e+00   0.000000e+00     10s

Use crossover to convert LP symmetric solution to basic solution...

Root crossover log...

     995 DPushes remaining with DInf 0.0000000e+00                11s
       0 DPushes remaining with DInf 0.0000000e+00                11s

   20624 PPushes remaining with PInf 0.0000000e+00                11s
       0 PPushes remaining with PInf 0.0000000e+00                11s

  Push phase complete: Pinf 0.0000000e+00, Dinf 7.9584753e-11     11s


Root simplex log...

Iteration    Objective       Primal Inf.    Dual Inf.      Time
   26775    6.8800000e+02   0.000000e+00   0.000000e+00     11s
   26775    6.8800000e+02   0.000000e+00   0.000000e+00     12s

Root relaxation: objective 6.880000e+02, 26775 iterations, 4.34 seconds (1.77 work units)

    Nodes    |    Current Node    |     Objective Bounds      |     Work
 Expl Unexpl |  Obj  Depth IntInf | Incumbent    BestBd   Gap | It/Node Time

     0     0  688.00000    0 4061          -  688.00000      -     -   22s
     0     0  688.00000    0 4061          -  688.00000      -     -   36s
[32m2025-01-01 18:44:26,850 - INFO - d_prime: 7 d: 7[0m
[32m2025-01-01 18:44:26,855 - INFO - d_prime: 8 d: 7[0m
[32m2025-01-01 18:44:26,864 - INFO - forbidden_vars: ([{0:1},{0:1},{1:1},{2:1},{2:1},{2:1},{2:1},{3:1},{0:1,7:1},{0:2},{0:1,1:1},{0:2},{0:1,1:1},{1:1,6:1},{1:2},{1:1,2:1},{1:1,2:1},{1:1,2:1},{0:1,2:2},{1:2,2:1},{1:1,2:1,3:1},{1:2,2:1},{1:2,2:1},{2:1,3:1,6:1},{4:2,7:1},{5:2,7:1},{0:1,1:2,4:1},{1:1,5:2,7:1},{1:1,4:1,5:1,7:1},{2:1,5:2,7:1},{2:2,4:1,6:1},{2:2,6:1,7:1},{1:1,2:1,4:1,5:1,6:1}])[0m
[32m2025-01-01 18:44:26,865 - INFO - False[0m
[32m2025-01-01 18:45:15,932 - INFO - d_prime: 9 d: 9[0m
[32m2025-01-01 18:45:15,936 - INFO - d_prime: 10 d: 9[0m
[32m2025-01-01 18:45:15,939 - INFO - d_prime: 11 d: 9[0m
[32m2025-01-01 18:45:15,942 - INFO - d_prime: 12 d: 9[0m
[32m2025-01-01 18:45:15,944 - INFO - forbidden_vars: ([{0:1},{0:1},{1:1},{1:1},{2:1},{5:1},{6:1},{6:1},{0:1,3:1},{0:1,6:1},{0:1,2:1},{0:1,1:1},{0:1,1:1},{0:1,1:1},{1:2},{1:1,2:1},{1:1,2:1},{1:2},{1:2},{1:2},{1:2},{2:1,7:1},{2:1,5:1},{2:1,6:1},{3:1,4:1},{4:1,6:1},{0:1,3:1,7:1},{0:1,1:1,2:1},{1:1,3:1,6:1},{1:2,7:1},{1:2,2:1},{2:1,7:2},{0:1,1:1,7:2},{0:1,3:2,4:1}])[0m
[32m2025-01-01 18:45:15,944 - INFO - False[0m
[32m2025-01-01 18:45:58,128 - INFO - d_prime: 9 d: 12[0m
[32m2025-01-01 18:45:58,131 - INFO - d_prime: 10 d: 12[0m
[32m2025-01-01 18:45:58,134 - INFO - d_prime: 11 d: 12[0m
[32m2025-01-01 18:45:58,137 - INFO - d_prime: 12 d: 12[0m
[32m2025-01-01 18:45:58,140 - INFO - forbidden_vars: ([{0:1},{0:1},{1:1},{2:1},{2:1},{2:1},{2:1},{0:1,6:1},{0:2},{0:1,2:1},{1:1,2:1},{1:2},{1:2},{3:1,7:1},{3:1,6:1},{5:2},{0:1,1:2},{0:1,1:2},{0:1,1:2},{2:1,7:2},{2:1,5:1,6:1},{2:1,3:1,5:1},{3:1,5:2},{3:2,5:1},{0:1,5:1,6:1,7:1},{0:1,4:1,7:2},{0:1,4:2,5:1},{1:1,2:1,5:1,6:1},{1:2,3:2},{1:1,3:1,5:2},{4:1,6:1,7:2},{0:1,1:1,3:2,6:1}])[0m
[32m2025-01-01 18:45:58,140 - INFO - False[0m
[32m2025-01-01 18:46:16,392 - INFO - d_prime: 9 d: 13[0m
[32m2025-01-01 18:46:16,396 - INFO - d_prime: 10 d: 13[0m
[32m2025-01-01 18:46:16,399 - INFO - d_prime: 11 d: 13[0m
[32m2025-01-01 18:46:16,402 - INFO - d_prime: 12 d: 13[0m
[32m2025-01-01 18:46:16,406 - INFO - d_prime: 13 d: 13[0m
[32m2025-01-01 18:46:16,408 - INFO - forbidden_vars: ([{2:1},{0:1,1:1},{0:2},{0:1,3:1},{0:1,2:1},{0:1,1:1},{0:2},{0:1,2:1},{0:1,2:1},{0:1,2:1},{1:1,5:1},{1:2},{2:1,5:1},{2:2},{0:2,5:1},{0:1,1:1,2:1},{1:1,2:1,7:1},{1:1,2:2},{1:2,2:1},{2:1,5:1,6:1},{0:2,4:1,7:1},{0:1,3:1,4:1,5:1},{2:1,3:1,4:2},{2:1,5:3},{2:1,3:1,7:2},{2:1,5:1,6:1,7:1},{3:2,4:1,6:1},{3:1,5:1,7:2},{0:1,1:1,3:1,5:1,6:1},{1:1,2:1,3:1,6:1,7:1},{1:1,2:1,4:1,5:2}])[0m
[32m2025-01-01 18:46:16,408 - INFO - False[0m
     0     2  688.00000    0 4061          -  688.00000      -     -  209s
     1     4  688.00000    1 3588          -  688.00000      - 24010  215s
     3     8  688.00000    2 2421          -  688.00000      - 10408  245s
     7    12  688.00000    3 1531          -  688.00000      -  7497  261s
    11    16  688.00000    4 1107          -  688.00000      -  5546  271s
    19    24  688.00000    6 1012          -  688.00000      -  3928  277s
    23    31  688.00000    7  982          -  688.00000      -  3386  280s
    30    71  688.00000    9  541          -  688.00000      -  2922  293s
    70   215  688.00000   16  453          -  688.00000      -  1502  320s
   214   306  688.00000   54  231          -  688.00000      -   700  533s
   305   790  688.00000   70  191          -  688.00000      -   872  584s
   793  1259  688.00000  177  141          -  688.00000      -   420  606s
[32m2025-01-01 18:53:39,555 - INFO - d_prime: 7 d: 7[0m
[32m2025-01-01 18:53:39,559 - INFO - d_prime: 8 d: 7[0m
[32m2025-01-01 18:53:39,567 - INFO - forbidden_vars: ([{0:1},{0:1},{0:1},{0:1},{0:1},{0:1},{1:1},{2:1},{0:2},{0:1,2:1},{0:2},{0:1,2:1},{0:1,2:1},{1:1,6:1},{0:2,7:1},{0:1,3:2},{0:1,2:1,6:1},{0:1,1:2},{0:1,1:1,2:1},{0:1,1:2},{0:1,1:2},{0:2,2:1},{1:1,3:1,5:1},{0:3,7:1},{0:1,3:1,5:1,7:1},{1:2,6:1,7:1},{1:1,4:3},{1:1,2:1,4:1,6:1},{2:1,3:1,4:1,5:1},{2:1,4:2,6:1},{3:1,5:2,7:1},{0:1,1:2,5:2}])[0m
[32m2025-01-01 18:53:39,568 - INFO - False[0m
[32m2025-01-01 18:54:13,441 - INFO - d_prime: 9 d: 9[0m
[32m2025-01-01 18:54:13,445 - INFO - d_prime: 10 d: 9[0m
[32m2025-01-01 18:54:13,448 - INFO - d_prime: 11 d: 9[0m
[32m2025-01-01 18:54:13,451 - INFO - d_prime: 12 d: 9[0m
[32m2025-01-01 18:54:13,453 - INFO - forbidden_vars: ([{0:1},{0:1},{1:1},{1:1},{2:1},{2:1},{5:1},{7:1},{0:1,3:1},{0:1,5:1},{0:1,1:1},{0:2},{0:1,2:1},{0:2},{0:2},{1:1,2:1},{1:2},{1:1,2:1},{1:2},{2:1,4:1},{3:1,4:1},{4:1,6:1},{4:1,6:1},{5:1,6:1},{0:1,2:1,6:1},{0:1,1:2},{1:2,7:1},{1:2,2:1},{2:1,4:1,7:1},{2:1,7:2},{4:2,7:1},{1:2,5:1,6:1},{0:1,1:1,2:1,7:2},{0:3,3:2}])[0m
[32m2025-01-01 18:54:13,454 - INFO - False[0m
[32m2025-01-01 18:54:20,520 - INFO - d_prime: 9 d: 10[0m
[32m2025-01-01 18:54:20,524 - INFO - d_prime: 10 d: 10[0m
[32m2025-01-01 18:54:20,527 - INFO - d_prime: 11 d: 10[0m
[32m2025-01-01 18:54:20,530 - INFO - d_prime: 12 d: 10[0m
[32m2025-01-01 18:54:20,533 - INFO - forbidden_vars: ([{0:1},{0:1},{0:1},{1:1},{1:1},{1:1},{1:1},{2:1},{3:1},{5:1},{7:1},{0:1,1:1},{0:1,4:1},{0:1,1:1},{0:1,2:1},{0:1,2:1},{0:1,1:1},{1:1,3:1},{1:2},{1:1,2:1},{1:1,7:1},{1:1,2:1},{1:2},{2:1,7:1},{2:1,5:1},{0:1,1:1,5:1},{0:1,7:2},{0:2,7:1},{0:1,1:1,2:1},{0:2,2:1},{2:1,7:2},{0:2,1:1,7:1},{0:1,5:1,7:2}])[0m
[32m2025-01-01 18:54:20,533 - INFO - False[0m
[32m2025-01-01 18:54:29,956 - INFO - d_prime: 9 d: 11[0m
[32m2025-01-01 18:54:29,958 - INFO - d_prime: 10 d: 11[0m
[32m2025-01-01 18:54:29,961 - INFO - d_prime: 11 d: 11[0m
[32m2025-01-01 18:54:29,963 - INFO - d_prime: 12 d: 11[0m
[32m2025-01-01 18:54:29,965 - INFO - forbidden_vars: ([{0:1},{0:1},{0:1},{0:1},{1:1},{1:1},{2:1},{2:1},{2:1},{3:1},{3:1},{0:1,2:1},{0:1,2:1},{1:1,2:1},{1:2},{2:1,5:1},{3:1,5:1},{3:1,5:1},{5:2},{7:2},{0:1,2:1,7:1},{0:1,3:1,5:1},{0:2,1:1},{1:2,5:1},{1:3},{1:2,2:1},{1:2,2:1},{3:2,7:1},{4:1,7:2},{4:3},{0:1,2:1,7:2},{1:1,4:1,5:1,7:1}])[0m
[32m2025-01-01 18:54:29,965 - INFO - False[0m
[32m2025-01-01 18:56:15,407 - INFO - d_prime: 9 d: 13[0m
[32m2025-01-01 18:56:15,410 - INFO - d_prime: 10 d: 13[0m
[32m2025-01-01 18:56:15,413 - INFO - d_prime: 11 d: 13[0m
[32m2025-01-01 18:56:15,416 - INFO - d_prime: 12 d: 13[0m
[32m2025-01-01 18:56:15,419 - INFO - d_prime: 13 d: 13[0m
[32m2025-01-01 18:56:15,421 - INFO - forbidden_vars: ([{0:1},{1:1},{2:1},{2:1},{5:1},{0:1,3:1},{0:1,6:1},{0:1,5:1},{0:2},{0:1,2:1},{0:1,2:1},{0:1,2:1},{0:1,1:1},{5:1,7:1},{0:2,5:1},{0:1,1:1,2:1},{0:1,1:2},{1:2,2:1},{2:1,6:1,7:1},{4:1,5:1,6:1},{0:2,4:1,5:1},{0:1,4:2,5:1},{0:1,2:1,3:1,7:1},{0:1,5:1,6:1,7:1},{0:1,3:2,5:1},{1:1,3:2,6:1},{2:1,3:2,7:1},{3:3,5:1},{3:2,5:1,7:1},{0:2,1:2,4:1},{3:3,5:1,6:1}])[0m
[32m2025-01-01 18:56:15,421 - INFO - False[0m
[32m2025-01-01 18:56:27,870 - INFO - d_prime: 7 d: 7[0m
[32m2025-01-01 18:56:27,873 - INFO - d_prime: 8 d: 7[0m
[32m2025-01-01 18:56:27,881 - INFO - forbidden_vars: ([{0:1},{0:1},{0:1},{0:1},{1:1},{1:1},{2:1},{5:1},{0:1,7:1},{0:1,2:1},{0:1,1:1},{0:1,2:1},{1:1,6:1},{1:1,2:1},{2:2},{2:2},{2:2},{0:1,1:1,2:1},{1:1,2:1,7:1},{1:2,3:1},{1:2,2:1},{1:2,2:1},{2:1,3:1,6:1},{0:1,1:3},{0:1,5:1,6:1,7:1},{0:1,1:3},{1:1,3:1,5:2},{1:1,4:2,7:1},{1:1,2:1,3:1,5:1},{2:1,4:2,5:1},{2:1,3:2,7:1},{2:1,4:1,5:1,6:1},{2:2,5:1,6:1}])[0m
[32m2025-01-01 18:56:27,881 - INFO - False[0m
[32m2025-01-01 18:56:39,016 - INFO - d_prime: 8 d: 8[0m
[32m2025-01-01 18:56:39,019 - INFO - d_prime: 9 d: 8[0m
[32m2025-01-01 18:56:39,023 - INFO - d_prime: 10 d: 8[0m
[32m2025-01-01 18:56:39,026 - INFO - d_prime: 11 d: 8[0m
[32m2025-01-01 18:56:39,029 - INFO - forbidden_vars: ([{0:1},{0:1},{0:1},{2:1},{0:2},{0:2},{0:2},{0:2},{0:1,2:1},{0:1,2:1},{1:1,6:1},{1:2},{1:1,2:1},{1:1,2:1},{2:2},{2:2},{2:2},{0:1,2:1,6:1},{0:3},{0:2,2:1},{0:2,1:1},{1:2,2:1},{2:2,4:1},{3:2,4:1},{0:1,1:1,4:1,7:1},{0:1,4:3},{0:3,6:1},{0:2,2:1,6:1},{0:1,1:1,2:2},{1:1,2:1,4:2},{2:1,4:1,7:2},{3:1,4:2,6:1},{3:1,4:3},{4:3,7:1},{0:1,4:1,7:3}])[0m
[32m2025-01-01 18:56:39,029 - INFO - False[0m
[32m2025-01-01 18:58:35,460 - INFO - d_prime: 9 d: 11[0m
[32m2025-01-01 18:58:35,463 - INFO - d_prime: 10 d: 11[0m
[32m2025-01-01 18:58:35,465 - INFO - d_prime: 11 d: 11[0m
[32m2025-01-01 18:58:35,467 - INFO - d_prime: 12 d: 11[0m
[32m2025-01-01 18:58:35,470 - INFO - forbidden_vars: ([{2:1},{2:1},{2:1},{2:1},{3:1},{5:1},{7:1},{0:2},{0:1,2:1},{0:1,5:1},{1:1,4:1},{1:1,5:1},{2:2},{2:2},{2:2},{3:2},{3:1,5:1},{5:1,7:1},{0:1,7:2},{0:2,2:1},{0:2,2:1},{0:1,2:2},{1:1,3:2},{1:1,7:2},{1:2,2:1},{1:1,2:2},{2:1,5:2},{5:1,7:2},{0:2,1:1,7:1},{1:2,2:1,7:1},{1:2,2:2},{4:3,5:1}])[0m
[32m2025-01-01 18:58:35,470 - INFO - False[0m
[32m2025-01-01 19:03:37,368 - INFO - d_prime: 9 d: 12[0m
[32m2025-01-01 19:03:37,371 - INFO - d_prime: 10 d: 12[0m
[32m2025-01-01 19:03:37,374 - INFO - d_prime: 11 d: 12[0m
[32m2025-01-01 19:03:37,377 - INFO - d_prime: 12 d: 12[0m
[32m2025-01-01 19:03:37,380 - INFO - forbidden_vars: ([{0:1},{0:1},{0:1},{2:1},{2:1},{2:1},{4:1},{6:1},{0:1,6:1},{0:1,3:1},{0:1,2:1},{0:1,1:1},{1:1,2:1},{1:2},{2:1,3:1},{3:1,6:1},{5:2},{0:1,2:1,3:1},{0:1,1:2},{0:1,1:2},{2:1,4:1,6:1},{3:1,4:1,5:1},{0:1,3:2,5:1},{0:2,5:2},{1:2,4:1,6:1},{1:1,2:1,5:1,6:1},{2:1,4:1,7:2},{3:2,4:1,5:1},{4:2,5:1,7:1},{0:1,1:1,3:1,5:1,6:1},{2:1,3:3,4:1}])[0m
[32m2025-01-01 19:03:37,380 - INFO - False[0m
[32m2025-01-01 19:03:54,190 - INFO - d_prime: 9 d: 13[0m
[32m2025-01-01 19:03:54,193 - INFO - d_prime: 10 d: 13[0m
[32m2025-01-01 19:03:54,196 - INFO - d_prime: 11 d: 13[0m
[32m2025-01-01 19:03:54,199 - INFO - d_prime: 12 d: 13[0m
[32m2025-01-01 19:03:54,202 - INFO - d_prime: 13 d: 13[0m
[32m2025-01-01 19:03:54,204 - INFO - forbidden_vars: ([{0:1},{0:1},{1:1},{1:1},{2:1},{4:1},{0:1,4:1},{0:1,7:1},{0:2},{0:1,2:1},{0:1,1:1},{0:2},{1:1,2:1},{2:1,5:1},{0:1,2:1,7:1},{0:2,5:1},{0:2,1:1},{0:2,2:1},{1:2,2:1},{3:1,5:1,6:1},{0:2,5:2},{0:1,3:2,4:1},{0:1,2:1,3:1,5:1},{1:1,3:1,5:1,6:1},{1:1,3:1,5:1,7:1},{1:1,3:1,5:1,6:1},{2:1,3:2,6:1},{2:1,3:1,5:1,7:1},{3:1,4:2,7:1},{3:2,5:1,7:1},{5:2,6:1,7:1}])[0m
[32m2025-01-01 19:03:54,204 - INFO - False[0m
  1281  1677  688.00000  287  197          -  688.00000      -   275 1264s
[32m2025-01-01 19:06:15,541 - INFO - d_prime: 9 d: 9[0m
[32m2025-01-01 19:06:15,544 - INFO - d_prime: 10 d: 9[0m
[32m2025-01-01 19:06:15,547 - INFO - d_prime: 11 d: 9[0m
[32m2025-01-01 19:06:15,551 - INFO - d_prime: 12 d: 9[0m
[32m2025-01-01 19:06:15,553 - INFO - forbidden_vars: ([{0:1},{1:1},{1:1},{2:1},{2:1},{5:1},{7:1},{0:1,3:1},{0:1,5:1},{0:1,1:1},{0:1,1:1},{0:2},{0:1,2:1},{0:2},{0:2},{1:1,2:1},{1:1,2:1},{1:2},{1:2},{2:1,4:1},{3:1,4:1},{4:1,6:1},{4:1,6:1},{5:1,6:1},{0:1,2:1,6:1},{0:1,1:2},{1:2,7:1},{1:2,2:1},{2:1,4:1,7:1},{2:1,7:2},{4:2,7:1},{1:2,5:1,6:1},{0:1,1:1,2:1,7:2},{0:3,3:2}])[0m
[32m2025-01-01 19:06:15,553 - INFO - False[0m
[32m2025-01-01 19:06:44,169 - INFO - d_prime: 9 d: 11[0m
[32m2025-01-01 19:06:44,172 - INFO - d_prime: 10 d: 11[0m
[32m2025-01-01 19:06:44,174 - INFO - d_prime: 11 d: 11[0m
[32m2025-01-01 19:06:44,177 - INFO - d_prime: 12 d: 11[0m
[32m2025-01-01 19:06:44,180 - INFO - forbidden_vars: ([{0:1},{0:1},{0:1},{0:1},{1:1},{1:1},{2:1},{2:1},{2:1},{3:1},{3:1},{4:1},{0:1,2:1},{0:1,1:1},{1:1,2:1},{2:1,5:1},{3:1,5:1},{3:1,5:1},{5:2},{7:2},{0:1,2:1,7:1},{0:1,1:2},{0:1,3:1,5:1},{1:2,5:1},{1:3},{1:2,2:1},{1:2,2:1},{3:2,7:1},{4:1,7:2},{4:2,5:1},{0:1,2:1,7:2},{1:1,4:1,5:1,7:1}])[0m
[32m2025-01-01 19:06:44,180 - INFO - False[0m
[32m2025-01-01 19:08:35,922 - INFO - d_prime: 9 d: 13[0m
[32m2025-01-01 19:08:35,925 - INFO - d_prime: 10 d: 13[0m
[32m2025-01-01 19:08:35,928 - INFO - d_prime: 11 d: 13[0m
[32m2025-01-01 19:08:35,931 - INFO - d_prime: 12 d: 13[0m
[32m2025-01-01 19:08:35,934 - INFO - d_prime: 13 d: 13[0m
[32m2025-01-01 19:08:35,936 - INFO - forbidden_vars: ([{0:1},{1:1},{2:1},{2:1},{5:1},{0:1,3:1},{0:1,6:1},{0:1,5:1},{0:2},{0:1,2:1},{0:1,2:1},{0:1,2:1},{0:1,1:1},{5:1,7:1},{0:2,5:1},{0:1,1:1,2:1},{0:1,1:2},{1:2,2:1},{2:1,6:1,7:1},{4:1,5:1,6:1},{0:2,4:1,5:1},{0:2,4:2},{0:1,2:1,3:1,7:1},{0:1,5:1,6:1,7:1},{0:1,3:2,5:1},{1:1,3:2,6:1},{2:1,3:2,7:1},{3:3,5:1},{3:2,5:1,7:1},{0:2,1:2,4:1},{3:3,5:1,6:1}])[0m
[32m2025-01-01 19:08:35,936 - INFO - False[0m
  1525  1679  688.00000  183  119          -  688.00000      -   238 1526s
[32m2025-01-01 19:08:51,368 - INFO - d_prime: 7 d: 7[0m
[32m2025-01-01 19:08:51,372 - INFO - d_prime: 8 d: 7[0m
[32m2025-01-01 19:08:51,380 - INFO - forbidden_vars: ([{0:1},{0:1},{0:1},{0:1},{1:1},{1:1},{1:1},{0:2},{0:1,1:1},{0:1,1:1},{1:1,2:1},{2:2},{2:2},{0:2,6:1},{0:1,1:1,2:1},{0:2,2:1},{0:1,1:1,2:1},{1:2,6:1},{1:1,2:2},{1:1,2:2},{1:1,2:2},{2:1,3:2},{2:1,3:1,4:1},{0:1,5:3},{0:1,5:1,7:2},{0:1,1:3},{1:1,3:1,5:1,7:1},{1:1,4:1,7:2},{2:1,4:2,6:1},{2:1,3:1,4:1,5:1},{2:1,4:2,6:1},{2:2,4:1,6:1},{0:1,1:3,5:1}])[0m
[32m2025-01-01 19:08:51,380 - INFO - False[0m
[32m2025-01-01 19:09:45,091 - INFO - d_prime: 9 d: 9[0m
[32m2025-01-01 19:09:45,095 - INFO - d_prime: 10 d: 9[0m
[32m2025-01-01 19:09:45,098 - INFO - d_prime: 11 d: 9[0m
[32m2025-01-01 19:09:45,101 - INFO - d_prime: 12 d: 9[0m
[32m2025-01-01 19:09:45,103 - INFO - forbidden_vars: ([{0:1},{0:1},{0:1},{0:1},{1:1},{2:1},{2:1},{7:1},{0:1,3:1},{0:2},{0:1,5:1},{0:1,1:1},{1:1,5:1},{1:1,2:1},{1:2},{1:2},{2:1,4:1},{2:1,4:1},{2:1,7:1},{3:1,4:1},{4:1,6:1},{5:1,6:1},{5:1,6:1},{0:1,4:1,7:1},{0:2,2:1},{0:1,1:2},{1:3},{1:3},{1:2,2:1},{2:1,4:1,7:1},{4:2,5:1},{0:1,3:2,6:1},{1:2,6:1,7:1},{0:1,1:1,2:1,7:2}])[0m
[32m2025-01-01 19:09:45,103 - INFO - False[0m
[32m2025-01-01 19:09:51,604 - INFO - d_prime: 9 d: 10[0m
[32m2025-01-01 19:09:51,607 - INFO - d_prime: 10 d: 10[0m
[32m2025-01-01 19:09:51,610 - INFO - d_prime: 11 d: 10[0m
[32m2025-01-01 19:09:51,613 - INFO - d_prime: 12 d: 10[0m
[32m2025-01-01 19:09:51,616 - INFO - forbidden_vars: ([{0:1},{0:1},{0:1},{0:1},{0:1},{0:1},{0:1},{0:1},{1:1},{1:1},{1:1},{5:1},{7:1},{0:1,7:1},{0:1,5:1},{0:2},{0:2},{1:1,5:1},{1:1,3:1},{1:2},{1:2},{1:1,7:1},{1:2},{3:1,7:1},{3:1,5:1},{4:2},{7:2},{0:1,1:1,5:1},{0:2,1:1},{0:1,1:2},{1:2,7:1},{5:1,7:2},{1:2,3:1,4:1},{1:1,3:1,7:2}])[0m
[32m2025-01-01 19:09:51,616 - INFO - False[0m
[32m2025-01-01 19:10:31,877 - INFO - d_prime: 9 d: 12[0m
[32m2025-01-01 19:10:31,880 - INFO - d_prime: 10 d: 12[0m
[32m2025-01-01 19:10:31,883 - INFO - d_prime: 11 d: 12[0m
[32m2025-01-01 19:10:31,886 - INFO - d_prime: 12 d: 12[0m
[32m2025-01-01 19:10:31,888 - INFO - forbidden_vars: ([{0:1},{0:1},{0:1},{0:1},{1:1},{2:1},{3:1},{5:1},{0:2},{0:1,2:1},{0:1,2:1},{0:1,2:1},{0:2},{0:2},{1:2},{5:1,6:1},{0:1,5:1,6:1},{0:1,2:1,5:1},{0:1,1:2},{0:1,1:2},{1:2,2:1},{2:1,5:1,6:1},{3:1,4:1,6:1},{0:1,5:1,7:2},{0:1,3:2,6:1},{0:2,2:1,6:1},{1:1,4:1,5:1,7:1},{2:1,5:3},{3:3,7:1},{4:1,7:3},{0:1,1:1,3:1,5:1,6:1},{2:1,3:2,4:1,5:1}])[0m
[32m2025-01-01 19:10:31,888 - INFO - False[0m
  1721  2105  688.00000  398  107          -  688.00000      -   222 1803s
[32m2025-01-01 19:14:28,188 - INFO - d_prime: 9 d: 9[0m
[32m2025-01-01 19:14:28,192 - INFO - d_prime: 10 d: 9[0m
[32m2025-01-01 19:14:28,195 - INFO - d_prime: 11 d: 9[0m
[32m2025-01-01 19:14:28,198 - INFO - d_prime: 12 d: 9[0m
[32m2025-01-01 19:14:28,201 - INFO - forbidden_vars: ([{0:1},{0:1},{1:1},{1:1},{2:1},{2:1},{5:1},{7:1},{0:1,3:1},{0:1,5:1},{0:1,1:1},{0:2},{0:1,2:1},{0:2},{0:2},{1:1,2:1},{1:1,2:1},{1:2},{1:2},{2:1,4:1},{3:1,4:1},{4:1,6:1},{4:1,6:1},{5:1,6:1},{0:1,2:1,6:1},{0:1,1:2},{1:2,7:1},{1:2,2:1},{2:1,4:1,7:1},{2:1,7:2},{4:2,7:1},{1:2,5:1,6:1},{0:1,1:1,2:1,7:2},{0:3,3:2}])[0m
[32m2025-01-01 19:14:28,201 - INFO - False[0m
[32m2025-01-01 19:14:37,255 - INFO - d_prime: 9 d: 11[0m
[32m2025-01-01 19:14:37,259 - INFO - d_prime: 10 d: 11[0m
[32m2025-01-01 19:14:37,261 - INFO - d_prime: 11 d: 11[0m
[32m2025-01-01 19:14:37,264 - INFO - d_prime: 12 d: 11[0m
[32m2025-01-01 19:14:37,267 - INFO - forbidden_vars: ([{0:1},{0:1},{0:1},{0:1},{1:1},{1:1},{2:1},{2:1},{2:1},{3:1},{3:1},{4:1},{0:1,2:1},{0:1,1:1},{1:1,3:1},{1:1,2:1},{2:1,5:1},{3:1,5:1},{5:2},{7:2},{0:1,2:1,7:1},{0:1,1:2},{0:1,3:1,5:1},{1:2,5:1},{1:3},{1:2,2:1},{1:2,2:1},{3:2,7:1},{4:1,7:2},{4:2,5:1},{0:1,2:1,7:2},{0:1,1:1,4:1,5:1,7:1}])[0m
[32m2025-01-01 19:14:37,267 - INFO - False[0m
[32m2025-01-01 19:15:31,530 - INFO - d_prime: 9 d: 13[0m
[32m2025-01-01 19:15:31,533 - INFO - d_prime: 10 d: 13[0m
[32m2025-01-01 19:15:31,536 - INFO - d_prime: 11 d: 13[0m
[32m2025-01-01 19:15:31,539 - INFO - d_prime: 12 d: 13[0m
[32m2025-01-01 19:15:31,542 - INFO - d_prime: 13 d: 13[0m
[32m2025-01-01 19:15:31,544 - INFO - forbidden_vars: ([{0:1},{0:1},{1:1},{2:1},{2:1},{5:1},{0:1,3:1},{0:1,6:1},{0:1,5:1},{0:1,2:1},{0:1,2:1},{0:1,2:1},{0:1,1:1},{5:1,7:1},{0:2,5:1},{0:1,1:1,2:1},{0:1,1:2},{1:2,2:1},{2:1,6:1,7:1},{4:1,5:1,6:1},{0:2,4:1,5:1},{0:2,4:2},{0:1,2:1,3:1,7:1},{0:1,5:1,6:1,7:1},{0:1,3:2,5:1},{1:1,3:2,6:1},{2:1,3:2,7:1},{3:3,5:1},{3:2,5:1,7:1},{0:2,1:2,4:1},{3:3,5:1,6:1}])[0m
[32m2025-01-01 19:15:31,544 - INFO - False[0m
  2151  2539  688.00000  513   61          -  688.00000      -   189 1962s
[32m2025-01-01 19:18:11,167 - INFO - d_prime: 2 d: 2[0m
[32m2025-01-01 19:18:11,168 - INFO - d_prime: 3 d: 2[0m
[32m2025-01-01 19:18:11,169 - INFO - d_prime: 4 d: 2[0m
[32m2025-01-01 19:18:11,170 - INFO - d_prime: 5 d: 2[0m
[32m2025-01-01 19:18:11,170 - INFO - d_prime: 6 d: 2[0m
[32m2025-01-01 19:18:11,171 - INFO - d_prime: 7 d: 2[0m
[32m2025-01-01 19:18:11,172 - INFO - d_prime: 8 d: 2[0m
[32m2025-01-01 19:18:11,174 - INFO - forbidden_vars: ([{0:1,2:1},{1:1,2:1},{0:1,2:1,3:1},{0:1,1:1,2:1},{0:2,2:1},{2:1,3:2},{0:3,2:1},{2:1,3:3},{2:1,3:3,4:1},{2:1,3:3,7:1}])[0m
[32m2025-01-01 19:18:11,174 - INFO - False[0m
[32m2025-01-01 19:18:58,303 - INFO - d_prime: 8 d: 8[0m
[32m2025-01-01 19:18:58,307 - INFO - d_prime: 9 d: 8[0m
[32m2025-01-01 19:18:58,311 - INFO - d_prime: 10 d: 8[0m
[32m2025-01-01 19:18:58,315 - INFO - d_prime: 11 d: 8[0m
[32m2025-01-01 19:18:58,317 - INFO - forbidden_vars: ([{0:1},{1:1},{2:1},{2:1},{0:1,1:1},{0:1,2:1},{0:1,1:1},{0:1,1:1},{0:2},{0:2},{0:1,2:1},{1:1,6:1},{1:2},{1:2},{2:1,6:1},{2:2},{2:2},{0:2,2:1},{0:1,1:2},{1:2,2:1},{1:1,2:2},{2:2,3:1},{2:2,4:1},{2:2,4:1},{4:3},{0:3,7:1},{0:2,7:2},{0:2,4:1,6:1},{0:1,2:2,4:1},{0:1,1:1,4:1,7:1},{1:1,4:2,7:1},{1:1,4:2,7:1},{3:1,4:3},{4:3,6:1},{4:3,6:1}])[0m
[32m2025-01-01 19:18:58,317 - INFO - False[0m
[32m2025-01-01 19:19:04,561 - INFO - d_prime: 9 d: 9[0m
[32m2025-01-01 19:19:04,564 - INFO - d_prime: 10 d: 9[0m
[32m2025-01-01 19:19:04,567 - INFO - d_prime: 11 d: 9[0m
[32m2025-01-01 19:19:04,570 - INFO - d_prime: 12 d: 9[0m
[32m2025-01-01 19:19:04,572 - INFO - forbidden_vars: ([{0:1},{0:1},{1:1},{1:1},{2:1},{5:1},{0:1,6:1},{0:1,1:1},{1:1,3:1},{1:2},{1:1,2:1},{1:1,2:1},{1:1,2:1},{2:1,3:1},{2:1,4:1},{2:1,4:1},{2:1,7:1},{3:1,5:1},{5:1,6:1},{5:1,6:1},{6:1,7:1},{0:2,2:1},{0:1,1:2},{0:2,1:1},{0:1,1:2},{1:2,6:1},{1:1,7:2},{1:2,6:1},{1:1,5:1,7:1},{1:3},{2:1,4:1,7:1},{0:1,6:1,7:2},{3:3,6:1}])[0m
[32m2025-01-01 19:19:04,572 - INFO - False[0m
  2273  2542  689.00000  462   36          -  688.00000      -   181 2305s
[32m2025-01-01 19:25:33,119 - INFO - d_prime: 9 d: 9[0m
[32m2025-01-01 19:25:33,122 - INFO - d_prime: 10 d: 9[0m
[32m2025-01-01 19:25:33,126 - INFO - d_prime: 11 d: 9[0m
[32m2025-01-01 19:25:33,129 - INFO - d_prime: 12 d: 9[0m
[32m2025-01-01 19:25:33,131 - INFO - forbidden_vars: ([{0:1},{1:1},{1:1},{1:1},{1:1},{1:1},{2:1},{2:1},{5:1},{5:1},{0:1,6:1},{0:1,1:1},{1:1,3:1},{1:1,2:1},{1:2},{1:1,2:1},{2:1,4:1},{3:1,5:1},{5:1,6:1},{6:1,7:1},{0:2,2:1},{0:2,5:1},{0:2,1:1},{0:1,1:2},{1:2,6:1},{1:1,2:1,4:1},{1:3},{2:1,4:1,7:1},{2:1,3:1,7:1},{0:1,6:1,7:2},{1:2,4:1,6:1},{1:1,2:1,7:2},{3:3,6:1}])[0m
[32m2025-01-01 19:25:33,131 - INFO - False[0m
[32m2025-01-01 19:26:29,758 - INFO - d_prime: 9 d: 12[0m
[32m2025-01-01 19:26:29,762 - INFO - d_prime: 10 d: 12[0m
[32m2025-01-01 19:26:29,766 - INFO - d_prime: 11 d: 12[0m
[32m2025-01-01 19:26:29,770 - INFO - d_prime: 12 d: 12[0m
[32m2025-01-01 19:26:29,772 - INFO - forbidden_vars: ([{2:1},{2:1},{2:1},{5:1},{6:1},{7:1},{0:1,6:1},{0:1,1:1},{0:1,2:1},{0:1,2:1},{0:1,1:1},{0:1,1:1},{0:1,1:1},{0:1,1:1},{1:1,3:1},{1:2},{1:2},{0:3},{0:2,5:1},{0:1,1:1,6:1},{0:1,4:1,5:1},{2:1,5:1,6:1},{2:1,3:1,5:1},{0:2,4:1,5:1},{0:2,1:1,5:1},{0:2,4:2},{0:2,3:1,7:1},{1:1,4:1,7:2},{1:1,2:1,5:1,6:1},{2:1,4:1,7:2},{1:1,3:2,4:1,5:1},{2:1,3:1,5:1,6:1,7:1}])[0m
[32m2025-01-01 19:26:29,772 - INFO - False[0m
[32m2025-01-01 19:29:19,529 - INFO - d_prime: 8 d: 8[0m
[32m2025-01-01 19:29:19,533 - INFO - d_prime: 9 d: 8[0m
[32m2025-01-01 19:29:19,537 - INFO - d_prime: 10 d: 8[0m
[32m2025-01-01 19:29:19,540 - INFO - d_prime: 11 d: 8[0m
[32m2025-01-01 19:29:19,543 - INFO - forbidden_vars: ([{0:1},{1:1},{6:1},{0:1,1:1},{0:1,2:1},{0:1,1:1},{0:1,1:1},{0:2},{0:2},{0:2},{0:2},{0:1,2:1},{1:2},{1:2},{1:1,2:1},{2:1,6:1},{2:2},{0:3},{0:2,2:1},{0:1,2:2},{1:1,2:2},{1:1,2:2},{1:2,2:1},{2:2,3:1},{2:2,4:1},{4:3},{0:1,4:1,7:2},{0:2,4:1,6:1},{0:2,2:2},{0:1,1:1,4:1,7:1},{1:1,4:2,7:1},{1:1,4:2,7:1},{3:1,4:3},{4:3,6:1},{4:3,6:1}])[0m
[32m2025-01-01 19:29:19,543 - INFO - False[0m
[32m2025-01-01 19:29:24,425 - INFO - d_prime: 9 d: 9[0m
[32m2025-01-01 19:29:24,428 - INFO - d_prime: 10 d: 9[0m
[32m2025-01-01 19:29:24,432 - INFO - d_prime: 11 d: 9[0m
[32m2025-01-01 19:29:24,435 - INFO - d_prime: 12 d: 9[0m
[32m2025-01-01 19:29:24,437 - INFO - forbidden_vars: ([{0:1},{1:1},{1:1},{1:1},{1:1},{2:1},{2:1},{5:1},{5:1},{0:1,6:1},{0:1,2:1},{1:1,3:1},{1:2},{1:1,2:1},{1:2},{1:2},{2:1,3:1},{2:1,4:1},{2:1,4:1},{2:1,7:1},{3:1,5:1},{5:1,6:1},{6:1,7:1},{0:2,1:1},{0:2,1:1},{0:1,1:2},{1:2,6:1},{1:1,2:1,3:1},{2:1,4:1,7:1},{0:1,6:1,7:2},{1:2,4:1,6:1},{1:1,2:1,7:2},{1:1,3:3,6:1}])[0m
[32m2025-01-01 19:29:24,437 - INFO - False[0m
[32m2025-01-01 19:30:19,353 - INFO - d_prime: 9 d: 10[0m
[32m2025-01-01 19:30:19,356 - INFO - d_prime: 10 d: 10[0m
[32m2025-01-01 19:30:19,359 - INFO - d_prime: 11 d: 10[0m
[32m2025-01-01 19:30:19,363 - INFO - d_prime: 12 d: 10[0m
[32m2025-01-01 19:30:19,366 - INFO - forbidden_vars: ([{0:1},{0:1},{0:1},{0:1},{0:1},{0:1},{0:1},{0:1},{0:1},{1:1},{1:1},{1:1},{1:1},{3:1},{5:1},{7:1},{0:1,5:1},{0:1,5:1},{0:1,1:1},{0:1,1:1},{1:2},{1:1,4:1},{1:1,7:1},{1:2},{3:1,7:1},{3:1,5:1},{3:1,5:1},{5:1,7:1},{0:2,1:1},{1:1,7:2},{0:1,1:2,7:1},{0:1,1:1,3:1,4:1},{0:1,7:3},{1:1,3:1,7:2}])[0m
[32m2025-01-01 19:30:19,366 - INFO - False[0m
[32m2025-01-01 19:30:37,301 - INFO - d_prime: 9 d: 12[0m
[32m2025-01-01 19:30:37,304 - INFO - d_prime: 10 d: 12[0m
[32m2025-01-01 19:30:37,308 - INFO - d_prime: 11 d: 12[0m
[32m2025-01-01 19:30:37,311 - INFO - d_prime: 12 d: 12[0m
[32m2025-01-01 19:30:37,313 - INFO - forbidden_vars: ([{0:1},{0:1},{2:1},{2:1},{2:1},{5:1},{6:1},{7:1},{0:1,6:1},{0:1,2:1},{0:1,2:1},{0:1,1:1},{1:1,3:1},{1:2},{1:2},{0:3},{0:2,5:1},{0:1,1:1,6:1},{0:1,4:1,5:1},{0:1,1:2},{0:1,1:2},{2:1,5:1,6:1},{2:1,3:1,5:1},{0:2,4:1,5:1},{0:2,1:1,5:1},{0:2,4:2},{1:1,2:1,5:1,6:1},{2:1,4:1,7:2},{3:1,4:1,7:2},{4:1,7:3},{1:1,3:2,4:1,5:1},{2:1,3:1,5:1,6:1,7:1}])[0m
[32m2025-01-01 19:30:37,313 - INFO - False[0m
  2628  2919  688.00000  145   81          -  688.00000      -   165 2931s
[32m2025-01-01 19:33:27,367 - INFO - d_prime: 9 d: 9[0m
[32m2025-01-01 19:33:27,370 - INFO - d_prime: 10 d: 9[0m
[32m2025-01-01 19:33:27,373 - INFO - d_prime: 11 d: 9[0m
[32m2025-01-01 19:33:27,377 - INFO - d_prime: 12 d: 9[0m
[32m2025-01-01 19:33:27,379 - INFO - forbidden_vars: ([{0:1},{1:1},{1:1},{1:1},{1:1},{2:1},{2:1},{5:1},{5:1},{0:1,6:1},{0:1,1:1},{1:1,3:1},{1:1,2:1},{1:2},{1:2},{1:1,2:1},{1:2},{2:1,4:1},{3:1,5:1},{5:1,6:1},{6:1,7:1},{0:2,2:1},{0:2,5:1},{0:1,7:2},{0:2,1:1},{0:1,1:2},{1:2,6:1},{1:1,2:1,4:1},{2:1,4:1,7:1},{2:1,3:1,7:1},{1:2,4:1,6:1},{1:1,2:1,7:2},{3:3,6:1}])[0m
[32m2025-01-01 19:33:27,379 - INFO - False[0m
[32m2025-01-01 19:38:49,505 - INFO - d_prime: 9 d: 9[0m
[32m2025-01-01 19:38:49,508 - INFO - d_prime: 10 d: 9[0m
[32m2025-01-01 19:38:49,511 - INFO - d_prime: 11 d: 9[0m
[32m2025-01-01 19:38:49,515 - INFO - d_prime: 12 d: 9[0m
[32m2025-01-01 19:38:49,517 - INFO - forbidden_vars: ([{0:1},{1:1},{1:1},{1:1},{1:1},{1:1},{2:1},{2:1},{5:1},{5:1},{0:1,6:1},{0:1,1:1},{1:1,3:1},{1:1,2:1},{1:2},{1:1,2:1},{1:2},{2:1,4:1},{3:1,5:1},{5:1,6:1},{6:1,7:1},{0:2,2:1},{0:1,7:2},{0:2,1:1},{0:1,1:2},{1:2,6:1},{1:1,2:1,4:1},{2:1,4:1,7:1},{2:1,3:1,7:1},{0:2,1:1,5:1},{1:2,4:1,6:1},{1:1,2:1,7:2},{3:3,6:1}])[0m
[32m2025-01-01 19:38:49,517 - INFO - False[0m
[32m2025-01-01 19:41:33,281 - INFO - d_prime: 9 d: 9[0m
[32m2025-01-01 19:41:33,284 - INFO - d_prime: 10 d: 9[0m
[32m2025-01-01 19:41:33,287 - INFO - d_prime: 11 d: 9[0m
[32m2025-01-01 19:41:33,291 - INFO - d_prime: 12 d: 9[0m
[32m2025-01-01 19:41:33,293 - INFO - forbidden_vars: ([{0:1},{1:1},{1:1},{1:1},{1:1},{2:1},{2:1},{5:1},{5:1},{0:1,6:1},{0:1,1:1},{1:1,3:1},{1:1,2:1},{1:2},{1:1,2:1},{1:2},{1:2},{2:1,4:1},{2:1,4:1},{3:1,5:1},{5:1,6:1},{6:1,7:1},{0:2,2:1},{0:1,7:2},{0:2,1:1},{0:1,1:2},{1:2,6:1},{2:1,4:1,7:1},{2:1,3:1,7:1},{0:2,1:1,5:1},{1:2,4:1,6:1},{1:1,2:1,7:2},{3:3,6:1}])[0m
[32m2025-01-01 19:41:33,293 - INFO - False[0m
