1.NAME: LBBDSolver
2.PARAMS: {'break_symmetry': False, 'add_constraints_to_symmetrc_days': False, 'subsolver_cls': 'CPSubSolver'}
3.INSTANCE: /home/wx350715/Kobra/rehabiliation-admission-scheduling/data/comp_study_002/instance_1_less_prescriptions_30.txt
4.REPETITION: 1
Current directory: /home/wx350715/Kobra/rehabiliation-admission-scheduling
[34m2025-01-01 15:58:17,487 - DEBUG - Solver: <class 'src.solvers.benders.LBBDSolver'>[0m
[34m2025-01-01 15:58:17,487 - DEBUG - Args: {'break_symmetry': False, 'add_constraints_to_symmetrc_days': False, 'subsolver_cls': 'CPSubSolver'}[0m
[34m2025-01-01 15:58:17,487 - DEBUG - File path /home/wx350715/Kobra/rehabiliation-admission-scheduling/data/comp_study_002/instance_1_less_prescriptions_30.txt[0m
[34m2025-01-01 15:58:17,514 - DEBUG - ADD INSTANCE DATA[0m
[34m2025-01-01 15:58:17,514 - DEBUG - ADD INSTANCE DATA[0m
[34m2025-01-01 15:58:17,514 - DEBUG - ADD INSTANCE DATA[0m
[34m2025-01-01 15:58:17,514 - DEBUG - ADD INSTANCE DATA[0m
[34m2025-01-01 15:58:17,514 - DEBUG - ADD INSTANCE DATA[0m
[34m2025-01-01 15:58:17,514 - DEBUG - ADD INSTANCE DATA[0m
[34m2025-01-01 15:58:17,514 - DEBUG - ADD INSTANCE DATA[0m
[34m2025-01-01 15:58:17,514 - DEBUG - ADD INSTANCE DATA[0m
[34m2025-01-01 15:58:17,514 - DEBUG - ADD INSTANCE DATA[0m
[34m2025-01-01 15:58:17,514 - DEBUG - ADD INSTANCE DATA[0m
[34m2025-01-01 15:58:17,514 - DEBUG - ADD INSTANCE DATA[0m
[34m2025-01-01 15:58:17,514 - DEBUG - ADD RESOURCE_GROUPS[0m
[34m2025-01-01 15:58:17,515 - DEBUG - ADD RESOURCE_GROUPS[0m
[34m2025-01-01 15:58:17,515 - DEBUG - ADD RESOURCE_GROUPS[0m
[34m2025-01-01 15:58:17,515 - DEBUG - ADD RESOURCE_GROUPS[0m
[34m2025-01-01 15:58:17,515 - DEBUG - ADD RESOURCES[0m
[34m2025-01-01 15:58:17,515 - DEBUG - ADD RESOURCES[0m
[34m2025-01-01 15:58:17,515 - DEBUG - ADD RESOURCES[0m
[34m2025-01-01 15:58:17,515 - DEBUG - ADD RESOURCES[0m
[34m2025-01-01 15:58:17,515 - DEBUG - ADD RESOURCES[0m
[34m2025-01-01 15:58:17,515 - DEBUG - ADD RESOURCES[0m
[34m2025-01-01 15:58:17,515 - DEBUG - ADD RESOURCES[0m
[34m2025-01-01 15:58:17,515 - DEBUG - ADD RESOURCES[0m
[34m2025-01-01 15:58:17,515 - DEBUG - ADD RESOURCES[0m
[34m2025-01-01 15:58:17,516 - DEBUG - ADD TREATMENTS[0m
[34m2025-01-01 15:58:17,516 - DEBUG - ADD TREATMENTS[0m
[34m2025-01-01 15:58:17,516 - DEBUG - ADD TREATMENTS[0m
[34m2025-01-01 15:58:17,516 - DEBUG - ADD TREATMENTS[0m
[34m2025-01-01 15:58:17,516 - DEBUG - ADD TREATMENTS[0m
[34m2025-01-01 15:58:17,516 - DEBUG - ADD TREATMENTS[0m
[34m2025-01-01 15:58:17,516 - DEBUG - ADD TREATMENTS[0m
[34m2025-01-01 15:58:17,516 - DEBUG - ADD TREATMENTS[0m
[34m2025-01-01 15:58:17,516 - DEBUG - ADD PATIENTS[0m
[34m2025-01-01 15:58:17,517 - DEBUG - ADD PATIENTS[0m
[34m2025-01-01 15:58:17,517 - DEBUG - ADD PATIENTS[0m
[34m2025-01-01 15:58:17,517 - DEBUG - ADD PATIENTS[0m
[34m2025-01-01 15:58:17,517 - DEBUG - ADD PATIENTS[0m
[34m2025-01-01 15:58:17,517 - DEBUG - ADD PATIENTS[0m
[34m2025-01-01 15:58:17,517 - DEBUG - ADD PATIENTS[0m
[34m2025-01-01 15:58:17,517 - DEBUG - ADD PATIENTS[0m
[34m2025-01-01 15:58:17,517 - DEBUG - ADD PATIENTS[0m
[34m2025-01-01 15:58:17,517 - DEBUG - ADD PATIENTS[0m
[34m2025-01-01 15:58:17,518 - DEBUG - ADD PATIENTS[0m
[34m2025-01-01 15:58:17,518 - DEBUG - ADD PATIENTS[0m
[34m2025-01-01 15:58:17,518 - DEBUG - ADD PATIENTS[0m
[34m2025-01-01 15:58:17,518 - DEBUG - ADD PATIENTS[0m
[34m2025-01-01 15:58:17,518 - DEBUG - ADD PATIENTS[0m
[34m2025-01-01 15:58:17,518 - DEBUG - ADD PATIENTS[0m
[34m2025-01-01 15:58:17,518 - DEBUG - ADD PATIENTS[0m
[34m2025-01-01 15:58:17,518 - DEBUG - ADD PATIENTS[0m
[34m2025-01-01 15:58:17,518 - DEBUG - ADD PATIENTS[0m
[34m2025-01-01 15:58:17,519 - DEBUG - ADD PATIENTS[0m
[34m2025-01-01 15:58:17,519 - DEBUG - ADD PATIENTS[0m
[34m2025-01-01 15:58:17,519 - DEBUG - ADD PATIENTS[0m
[34m2025-01-01 15:58:17,519 - DEBUG - ADD PATIENTS[0m
[34m2025-01-01 15:58:17,519 - DEBUG - ADD PATIENTS[0m
[34m2025-01-01 15:58:17,520 - DEBUG - ADD PATIENTS[0m
[34m2025-01-01 15:58:17,520 - DEBUG - ADD PATIENTS[0m
[34m2025-01-01 15:58:17,520 - DEBUG - ADD PATIENTS[0m
[34m2025-01-01 15:58:17,520 - DEBUG - ADD PATIENTS[0m
[34m2025-01-01 15:58:17,520 - DEBUG - ADD PATIENTS[0m
[34m2025-01-01 15:58:17,521 - DEBUG - ADD PATIENTS[0m
[34m2025-01-01 15:58:17,521 - DEBUG - ADD PATIENTS[0m
[34m2025-01-01 15:58:17,521 - DEBUG - ADD PATIENTS[0m
[34m2025-01-01 15:58:17,521 - DEBUG - ADD PATIENTS[0m
[34m2025-01-01 15:58:17,521 - DEBUG - ADD PATIENTS[0m
[34m2025-01-01 15:58:17,521 - DEBUG - ADD PATIENTS[0m
[34m2025-01-01 15:58:17,521 - DEBUG - ADD PATIENTS[0m
[34m2025-01-01 15:58:17,521 - DEBUG - ADD PATIENTS[0m
[34m2025-01-01 15:58:17,521 - DEBUG - ADD PATIENTS[0m
[34m2025-01-01 15:58:17,521 - DEBUG - ADD PATIENTS[0m
[34m2025-01-01 15:58:17,522 - DEBUG - ADD PATIENTS[0m
[34m2025-01-01 15:58:17,522 - DEBUG - Instance data:[0m
[34m2025-01-01 15:58:17,522 - DEBUG - Number of patients: 40[0m
[34m2025-01-01 15:58:17,522 - DEBUG - Number of beds: 40[0m
[34m2025-01-01 15:58:17,522 - DEBUG - Average number of treatments per patient: 21.725[0m
[34m2025-01-01 15:58:17,522 - DEBUG - Average number of treatment per stayed day: 1.5714285714285714[0m
[34m2025-01-01 15:58:17,522 - DEBUG - Number of treatments: 869[0m
[34m2025-01-01 15:58:17,522 - DEBUG - Number of resources: 9[0m
[34m2025-01-01 15:58:17,522 - DEBUG - Number of resource groups: 4[0m
[34m2025-01-01 15:58:17,522 - DEBUG - Number of resource hours needed per all treatment by RG(therapists): 38.3375[0m
[34m2025-01-01 15:58:17,522 - DEBUG - Number of resource hours needed per all treatment by RG(rooms): 74.50000000000004[0m
[34m2025-01-01 15:58:17,522 - DEBUG - Number of resource hours needed per all treatment by RG(physiotherapist): 26.0[0m
[34m2025-01-01 15:58:17,522 - DEBUG - Number of resource hours needed per all treatment by RG(sport_room): 18.9375[0m
[32m2025-01-01 15:58:17,522 - INFO - {'solver': 'LBBDSolver', 'args': {'break_symmetry': False, 'subsolver_cls': <class 'src.solvers.subsolvers.cp_subsolver.CPSubsolver'>, 'subsolver.store_results': True, 'subsolver.store_results_method': 'hash', 'use_helper_constraints': True, 'enforce_min_treatments_per_day': True, 'enforce_max_treatments_per_e_w': True, 'enforce_min_patients_per_treatment': True, 'log_to_console': True}}[0m
[34m2025-01-01 15:58:17,523 - DEBUG - Setting options: LBBDSolver[0m
[34m2025-01-01 15:58:17,523 - DEBUG -  ---- break_symmetry to False[0m
[34m2025-01-01 15:58:17,523 - DEBUG -  ---- subsolver_cls to <class 'src.solvers.subsolvers.cp_subsolver.CPSubsolver'>[0m
[34m2025-01-01 15:58:17,523 - DEBUG -  ---- use_helper_constraints to True[0m
[34m2025-01-01 15:58:17,523 - DEBUG -  ---- add_constraints_to_symmetric_days to True (default)[0m
[34m2025-01-01 15:58:17,523 - DEBUG - Setting options: Solver[0m
[34m2025-01-01 15:58:17,523 - DEBUG -  ---- number_of_threads to 4 (default)[0m
[34m2025-01-01 15:58:17,523 - DEBUG -  ---- treatment_value to 0 (default)[0m
[34m2025-01-01 15:58:17,523 - DEBUG -  ---- delay_value to 1 (default)[0m
[34m2025-01-01 15:58:17,523 - DEBUG -  ---- missing_treatment_value to 4 (default)[0m
[34m2025-01-01 15:58:17,523 - DEBUG -  ---- enforce_min_treatments_per_day to True[0m
[34m2025-01-01 15:58:17,523 - DEBUG -  ---- enforce_max_treatments_per_e_w to True[0m
[34m2025-01-01 15:58:17,523 - DEBUG -  ---- enforce_min_patients_per_treatment to True[0m
[34m2025-01-01 15:58:17,523 - DEBUG -  ---- log_to_console to True[0m
[34m2025-01-01 15:58:17,523 - DEBUG -  ---- log_to_file to True (default)[0m
[34m2025-01-01 15:58:17,523 - DEBUG -  ---- no_rel_heur_time to 1 (default)[0m
[34m2025-01-01 15:58:17,539 - DEBUG - Setting options: CPSubsolver[0m
[34m2025-01-01 15:58:17,540 - DEBUG -  ---- estimated_needed_treatments to True (default)[0m
[34m2025-01-01 15:58:17,540 - DEBUG -  ---- add_patient_symmetry to False (default)[0m
[34m2025-01-01 15:58:17,540 - DEBUG - Setting Subsolver options: SubSolver[0m
[34m2025-01-01 15:58:17,540 - DEBUG -  ---- store_results to True[0m
[34m2025-01-01 15:58:17,540 - DEBUG -  ---- store_results_method to hash[0m
[34m2025-01-01 15:58:17,540 - DEBUG -  ---- enforce_min_patients_per_treatment to True[0m
[34m2025-01-01 15:58:17,540 - DEBUG -  ---- use_day_symmetry to True (default)[0m
[32m2025-01-01 15:58:17,553 - INFO - Create model: LBBDSolver[0m
Set parameter TSPort to value 50039
Set parameter TokenServer to value "license.itc.rwth-aachen.de"
Set parameter Threads to value 4
Set parameter Cuts to value 0
Set parameter LazyConstraints to value 1
Set parameter NoRelHeurTime to value 1
[34m2025-01-01 15:58:18,285 - DEBUG - Variables created.[0m
[34m2025-01-01 15:58:20,874 - DEBUG - Constraint (not too many treatments) created.[0m
[34m2025-01-01 15:58:22,794 - DEBUG - Constraint (no_treatments_outside admittance) created.[0m
[34m2025-01-01 15:58:22,796 - DEBUG - Constraint (bed_usage) created.[0m
[34m2025-01-01 15:58:22,797 - DEBUG - Constraint (must be admitted) created.[0m
[34m2025-01-01 15:58:23,072 - DEBUG - Constraint (e_w_ub) created.[0m
[34m2025-01-01 15:58:23,164 - DEBUG - Constraint (day_ub) created.[0m
[34m2025-01-01 15:58:23,255 - DEBUG - Constraint (Day always) created.[0m
[34m2025-01-01 15:58:23,255 - DEBUG - Constraint (already_admitted) created.[0m
[32m2025-01-01 15:58:28,795 - INFO - Time to create model: 11.242[0m
[32m2025-01-01 15:58:28,796 - INFO - Solving model: LBBDSolver[0m
Gurobi Optimizer version 10.0.0 build v10.0.0rc2 (linux64)

CPU model: Intel(R) Xeon(R) Platinum 8468, instruction set [SSE2|AVX|AVX2|AVX512]
Thread count: 96 physical cores, 96 logical processors, using up to 4 threads

Optimize a model with 379449 rows, 151805 columns and 3038507 nonzeros
Model fingerprint: 0x15912516
Variable types: 3 continuous, 151802 integer (151802 binary)
Coefficient statistics:
  Matrix range     [1e+00, 1e+01]
  Objective range  [1e+00, 1e+01]
  Bounds range     [1e+00, 1e+00]
  RHS range        [1e+00, 3e+03]
Presolve removed 186832 rows and 17 columns (presolve time = 5s) ...
Presolve added 0 rows and 1923 columns
Presolve removed 184892 rows and 0 columns
Presolve time: 7.58s
Presolved: 194557 rows, 153728 columns, 2329310 nonzeros
Variable types: 1 continuous, 153727 integer (152298 binary)
Starting NoRel heuristic
Found phase-1 solution: relaxation 12
Found phase-1 solution: relaxation 9
Found phase-1 solution: relaxation 8
Found phase-1 solution: relaxation 7
Root relaxation presolved: 194346 rows, 153939 columns, 2241956 nonzeros

Deterministic concurrent LP optimizer: primal simplex, dual simplex, and barrier
Showing barrier log only...

Root barrier log...

Ordering time: 0.87s

Barrier statistics:
 Dense cols : 119
 AA' NZ     : 3.074e+05
 Factor NZ  : 1.728e+06 (roughly 24 MB of memory)
 Factor Ops : 7.868e+08 (less than 1 second per iteration)
 Threads    : 2

                  Objective                Residual
Iter       Primal          Dual         Primal    Dual     Compl     Time
   0  -3.46225493e+06 -1.05362743e+04  8.51e+04 5.43e-01  1.07e+02    19s
   1  -2.08465875e+06 -3.20391480e+04  5.12e+04 5.92e-01  5.98e+01    19s

Barrier performed 1 iterations in 18.82 seconds (22.76 work units)
Barrier solve interrupted - model solved by another algorithm

Concurrent spin time: 0.09s

Solved with dual simplex

Root simplex log...

Iteration    Objective       Primal Inf.    Dual Inf.      Time
    5770    5.4400000e+02   0.000000e+00   0.000000e+00     19s

Use crossover to convert LP symmetric solution to basic solution...

Root crossover log...

       0 DPushes remaining with DInf 0.0000000e+00                19s

   20141 PPushes remaining with PInf 0.0000000e+00                19s
    9918 PPushes remaining with PInf 0.0000000e+00                20s
       0 PPushes remaining with PInf 0.0000000e+00                20s

  Push phase complete: Pinf 0.0000000e+00, Dinf 1.0382806e-12     20s


Root simplex log...

Iteration    Objective       Primal Inf.    Dual Inf.      Time
   25915    5.4400000e+02   0.000000e+00   0.000000e+00     21s
   25915    5.4400000e+02   0.000000e+00   0.000000e+00     21s

Root relaxation: objective 5.440000e+02, 25915 iterations, 4.95 seconds (1.70 work units)
Total elapsed time = 35.04s
Total elapsed time = 45.53s
Total elapsed time = 54.86s

    Nodes    |    Current Node    |     Objective Bounds      |     Work
 Expl Unexpl |  Obj  Depth IntInf | Incumbent    BestBd   Gap | It/Node Time

     0     0  544.00000    0   58          -  544.00000      -     -   64s
[32m2025-01-01 15:59:51,715 - INFO - d_prime: 6 d: 6[0m
[32m2025-01-01 15:59:51,720 - INFO - d_prime: 7 d: 6[0m
[32m2025-01-01 15:59:51,723 - INFO - d_prime: 8 d: 6[0m
[32m2025-01-01 15:59:51,726 - INFO - d_prime: 9 d: 6[0m
[32m2025-01-01 15:59:51,729 - INFO - d_prime: 10 d: 6[0m
[32m2025-01-01 15:59:51,732 - INFO - d_prime: 11 d: 6[0m
[32m2025-01-01 15:59:51,735 - INFO - d_prime: 12 d: 6[0m
[32m2025-01-01 15:59:51,737 - INFO - d_prime: 13 d: 6[0m
[32m2025-01-01 15:59:51,739 - INFO - forbidden_vars: ([{1:1},{4:1},{4:1},{4:1},{4:1},{4:1},{4:1},{4:1},{4:1},{5:1},{7:1},{7:1},{7:1},{0:1,7:1},{0:1,2:1},{0:1,1:1},{2:1,5:1},{2:1,7:1},{2:1,7:1},{2:1,7:1},{3:1,7:1},{4:1,7:1},{4:2},{4:1,7:1},{4:1,5:1},{5:1,7:1},{7:2},{3:1,4:1,5:1},{3:1,7:2},{4:2,7:1}])[0m
[32m2025-01-01 15:59:51,739 - INFO - False[0m
[32m2025-01-01 16:00:02,727 - INFO - d_prime: 7 d: 7[0m
[32m2025-01-01 16:00:02,731 - INFO - d_prime: 8 d: 7[0m
[32m2025-01-01 16:00:02,735 - INFO - d_prime: 9 d: 7[0m
[32m2025-01-01 16:00:02,739 - INFO - d_prime: 10 d: 7[0m
[32m2025-01-01 16:00:02,743 - INFO - d_prime: 11 d: 7[0m
[32m2025-01-01 16:00:02,747 - INFO - d_prime: 12 d: 7[0m
[32m2025-01-01 16:00:02,750 - INFO - d_prime: 13 d: 7[0m
[32m2025-01-01 16:00:02,753 - INFO - forbidden_vars: ([{0:1},{1:1},{4:1},{5:1},{5:1},{5:1},{5:1},{6:1},{6:1},{6:1},{0:2},{1:2},{1:1,6:1},{1:2},{3:1,4:1},{3:1,4:1},{4:1,7:1},{4:1,7:1},{4:1,5:1},{4:2},{4:1,5:1},{4:2},{4:1,5:1},{4:2},{4:1,6:1},{4:1,6:1},{6:2},{0:1,4:1,7:1},{0:1,5:1,6:1},{0:1,4:2},{1:1,4:1,5:1},{4:1,5:1,7:1},{4:1,5:2},{6:1,7:2}])[0m
[32m2025-01-01 16:00:02,753 - INFO - False[0m
[32m2025-01-01 16:00:16,347 - INFO - d_prime: 9 d: 10[0m
[32m2025-01-01 16:00:16,350 - INFO - d_prime: 10 d: 10[0m
[32m2025-01-01 16:00:16,353 - INFO - d_prime: 11 d: 10[0m
[32m2025-01-01 16:00:16,356 - INFO - d_prime: 12 d: 10[0m
[32m2025-01-01 16:00:16,359 - INFO - d_prime: 13 d: 10[0m
[32m2025-01-01 16:00:16,361 - INFO - forbidden_vars: ([{0:1},{0:1},{0:1},{1:1},{1:1},{1:1},{1:1},{1:1},{1:1},{1:1},{1:1},{4:1},{4:1},{4:1},{4:1},{4:1},{4:1},{5:1},{5:1},{5:1},{7:1},{7:1},{7:1},{7:1},{7:1},{7:1},{0:1,7:1},{1:1,4:1},{1:2},{1:2},{1:1,7:1},{5:2},{5:2},{7:2},{7:2},{4:1,7:2}])[0m
[32m2025-01-01 16:00:16,361 - INFO - False[0m
     0     0  544.00000    0   58          -  544.00000      -     -  182s
[32m2025-01-01 16:01:38,917 - INFO - d_prime: 6 d: 6[0m
[32m2025-01-01 16:01:38,920 - INFO - d_prime: 7 d: 6[0m
[32m2025-01-01 16:01:38,923 - INFO - d_prime: 8 d: 6[0m
[32m2025-01-01 16:01:38,925 - INFO - d_prime: 9 d: 6[0m
[32m2025-01-01 16:01:38,928 - INFO - d_prime: 10 d: 6[0m
[32m2025-01-01 16:01:38,931 - INFO - d_prime: 11 d: 6[0m
[32m2025-01-01 16:01:38,934 - INFO - d_prime: 12 d: 6[0m
[32m2025-01-01 16:01:38,937 - INFO - d_prime: 13 d: 6[0m
[32m2025-01-01 16:01:38,939 - INFO - forbidden_vars: ([{1:1},{1:1},{4:1},{4:1},{4:1},{4:1},{4:1},{4:1},{4:1},{4:1},{5:1},{7:1},{7:1},{7:1},{0:1,7:1},{0:1,2:1},{2:1,5:1},{2:1,7:1},{2:1,7:1},{2:1,7:1},{3:1,7:1},{4:1,7:1},{4:2},{4:1,7:1},{4:1,5:1},{5:1,7:1},{7:2},{3:1,4:1,5:1},{3:1,7:2},{4:2,7:1}])[0m
[32m2025-01-01 16:01:38,939 - INFO - False[0m
[32m2025-01-01 16:02:04,589 - INFO - d_prime: 9 d: 10[0m
[32m2025-01-01 16:02:04,592 - INFO - d_prime: 10 d: 10[0m
[32m2025-01-01 16:02:04,595 - INFO - d_prime: 11 d: 10[0m
[32m2025-01-01 16:02:04,598 - INFO - d_prime: 12 d: 10[0m
[32m2025-01-01 16:02:04,601 - INFO - d_prime: 13 d: 10[0m
[32m2025-01-01 16:02:04,603 - INFO - forbidden_vars: ([{0:1},{0:1},{0:1},{1:1},{1:1},{1:1},{1:1},{1:1},{1:1},{1:1},{1:1},{4:1},{4:1},{4:1},{4:1},{4:1},{4:1},{5:1},{5:1},{5:1},{5:1},{7:1},{7:1},{7:1},{7:1},{7:1},{0:1,7:1},{1:1,4:1},{1:2},{1:2},{1:1,7:1},{5:2},{5:2},{7:2},{7:2},{4:1,7:2}])[0m
[32m2025-01-01 16:02:04,603 - INFO - False[0m
     0     0  544.00000    0   58          -  544.00000      -     -  241s
[32m2025-01-01 16:02:37,072 - INFO - d_prime: 6 d: 6[0m
[32m2025-01-01 16:02:37,075 - INFO - d_prime: 7 d: 6[0m
[32m2025-01-01 16:02:37,078 - INFO - d_prime: 8 d: 6[0m
[32m2025-01-01 16:02:37,081 - INFO - d_prime: 9 d: 6[0m
[32m2025-01-01 16:02:37,084 - INFO - d_prime: 10 d: 6[0m
[32m2025-01-01 16:02:37,086 - INFO - d_prime: 11 d: 6[0m
[32m2025-01-01 16:02:37,089 - INFO - d_prime: 12 d: 6[0m
[32m2025-01-01 16:02:37,092 - INFO - d_prime: 13 d: 6[0m
[32m2025-01-01 16:02:37,094 - INFO - forbidden_vars: ([{1:1},{4:1},{4:1},{4:1},{4:1},{4:1},{4:1},{4:1},{4:1},{5:1},{7:1},{7:1},{7:1},{0:1,7:1},{0:1,2:1},{0:1,1:1},{2:1,5:1},{2:1,7:1},{2:1,7:1},{2:1,7:1},{3:1,7:1},{4:1,7:1},{4:2},{4:1,7:1},{4:1,5:1},{5:1,7:1},{7:2},{7:2},{3:1,4:1,5:1},{4:2,7:1}])[0m
[32m2025-01-01 16:02:37,094 - INFO - False[0m
[32m2025-01-01 16:02:48,837 - INFO - d_prime: 7 d: 7[0m
[32m2025-01-01 16:02:48,841 - INFO - d_prime: 8 d: 7[0m
[32m2025-01-01 16:02:48,845 - INFO - d_prime: 9 d: 7[0m
[32m2025-01-01 16:02:48,849 - INFO - d_prime: 10 d: 7[0m
[32m2025-01-01 16:02:48,853 - INFO - d_prime: 11 d: 7[0m
[32m2025-01-01 16:02:48,857 - INFO - d_prime: 12 d: 7[0m
[32m2025-01-01 16:02:48,860 - INFO - d_prime: 13 d: 7[0m
[32m2025-01-01 16:02:48,863 - INFO - forbidden_vars: ([{0:1},{1:1},{4:1},{5:1},{5:1},{5:1},{5:1},{6:1},{6:1},{6:1},{0:1,4:1},{0:2},{1:2},{1:1,6:1},{1:2},{3:1,4:1},{3:1,4:1},{4:1,7:1},{4:1,7:1},{4:1,5:1},{4:2},{4:1,5:1},{4:2},{4:1,5:1},{4:2},{4:1,6:1},{4:1,6:1},{6:2},{0:1,5:1,6:1},{0:1,4:2},{1:1,4:1,5:1},{4:1,5:1,7:1},{4:1,5:2},{6:1,7:2}])[0m
[32m2025-01-01 16:02:48,863 - INFO - False[0m
[32m2025-01-01 16:03:00,494 - INFO - d_prime: 9 d: 10[0m
[32m2025-01-01 16:03:00,498 - INFO - d_prime: 10 d: 10[0m
[32m2025-01-01 16:03:00,501 - INFO - d_prime: 11 d: 10[0m
[32m2025-01-01 16:03:00,504 - INFO - d_prime: 12 d: 10[0m
[32m2025-01-01 16:03:00,507 - INFO - d_prime: 13 d: 10[0m
[32m2025-01-01 16:03:00,509 - INFO - forbidden_vars: ([{0:1},{0:1},{1:1},{1:1},{1:1},{1:1},{1:1},{1:1},{1:1},{1:1},{4:1},{4:1},{4:1},{4:1},{4:1},{4:1},{5:1},{5:1},{5:1},{5:1},{7:1},{7:1},{7:1},{7:1},{7:1},{7:1},{0:1,7:1},{1:1,4:1},{1:2},{1:2},{1:1,7:1},{5:2},{5:2},{7:2},{7:2},{4:1,7:2}])[0m
[32m2025-01-01 16:03:00,509 - INFO - False[0m
     0     0  544.00000    0   58          -  544.00000      -     -  271s
[32m2025-01-01 16:03:02,563 - INFO - d_prime: 6 d: 6[0m
[32m2025-01-01 16:03:02,566 - INFO - d_prime: 7 d: 6[0m
[32m2025-01-01 16:03:02,569 - INFO - d_prime: 8 d: 6[0m
[32m2025-01-01 16:03:02,572 - INFO - d_prime: 9 d: 6[0m
[32m2025-01-01 16:03:02,575 - INFO - d_prime: 10 d: 6[0m
[32m2025-01-01 16:03:02,578 - INFO - d_prime: 11 d: 6[0m
[32m2025-01-01 16:03:02,581 - INFO - d_prime: 12 d: 6[0m
[32m2025-01-01 16:03:02,583 - INFO - d_prime: 13 d: 6[0m
[32m2025-01-01 16:03:02,585 - INFO - forbidden_vars: ([{1:1},{2:1},{4:1},{4:1},{4:1},{4:1},{4:1},{4:1},{4:1},{4:1},{5:1},{7:1},{7:1},{7:1},{0:1,7:1},{0:1,1:1},{2:1,5:1},{2:1,7:1},{2:1,7:1},{2:1,7:1},{3:1,7:1},{4:1,7:1},{4:2},{4:1,7:1},{4:1,5:1},{5:1,7:1},{7:2},{3:1,4:1,5:1},{3:1,7:2},{4:2,7:1}])[0m
[32m2025-01-01 16:03:02,585 - INFO - False[0m
[32m2025-01-01 16:03:05,388 - INFO - d_prime: 9 d: 10[0m
[32m2025-01-01 16:03:05,391 - INFO - d_prime: 10 d: 10[0m
[32m2025-01-01 16:03:05,394 - INFO - d_prime: 11 d: 10[0m
[32m2025-01-01 16:03:05,397 - INFO - d_prime: 12 d: 10[0m
[32m2025-01-01 16:03:05,400 - INFO - d_prime: 13 d: 10[0m
[32m2025-01-01 16:03:05,402 - INFO - forbidden_vars: ([{0:1},{0:1},{0:1},{1:1},{1:1},{1:1},{1:1},{1:1},{1:1},{1:1},{1:1},{4:1},{4:1},{4:1},{4:1},{4:1},{4:1},{5:1},{5:1},{5:1},{5:1},{7:1},{7:1},{7:1},{7:1},{7:1},{7:1},{0:1,7:1},{1:1,4:1},{1:2},{1:2},{1:1,7:1},{5:2},{7:2},{7:2},{4:1,7:2}])[0m
[32m2025-01-01 16:03:05,402 - INFO - False[0m
     0     0  544.00000    0   58          -  544.00000      -     -  276s
[32m2025-01-01 16:03:07,507 - INFO - d_prime: 6 d: 6[0m
[32m2025-01-01 16:03:07,510 - INFO - d_prime: 7 d: 6[0m
[32m2025-01-01 16:03:07,513 - INFO - d_prime: 8 d: 6[0m
[32m2025-01-01 16:03:07,516 - INFO - d_prime: 9 d: 6[0m
[32m2025-01-01 16:03:07,519 - INFO - d_prime: 10 d: 6[0m
[32m2025-01-01 16:03:07,521 - INFO - d_prime: 11 d: 6[0m
[32m2025-01-01 16:03:07,524 - INFO - d_prime: 12 d: 6[0m
[32m2025-01-01 16:03:07,527 - INFO - d_prime: 13 d: 6[0m
[32m2025-01-01 16:03:07,529 - INFO - forbidden_vars: ([{1:1},{4:1},{4:1},{4:1},{4:1},{4:1},{4:1},{4:1},{4:1},{5:1},{7:1},{7:1},{7:1},{0:1,7:1},{0:1,2:1},{0:1,1:1},{2:1,5:1},{2:1,7:1},{2:1,7:1},{2:1,7:1},{3:1,7:1},{4:1,7:1},{4:2},{4:1,5:1},{4:1,7:1},{4:1,5:1},{5:1,7:1},{7:2},{3:1,7:2},{4:2,7:1}])[0m
[32m2025-01-01 16:03:07,529 - INFO - False[0m
[32m2025-01-01 16:03:11,366 - INFO - d_prime: 9 d: 10[0m
[32m2025-01-01 16:03:11,369 - INFO - d_prime: 10 d: 10[0m
[32m2025-01-01 16:03:11,372 - INFO - d_prime: 11 d: 10[0m
[32m2025-01-01 16:03:11,375 - INFO - d_prime: 12 d: 10[0m
[32m2025-01-01 16:03:11,377 - INFO - d_prime: 13 d: 10[0m
[32m2025-01-01 16:03:11,379 - INFO - forbidden_vars: ([{0:1},{0:1},{0:1},{1:1},{1:1},{1:1},{1:1},{1:1},{1:1},{1:1},{1:1},{4:1},{4:1},{4:1},{4:1},{4:1},{4:1},{5:1},{5:1},{5:1},{7:1},{7:1},{7:1},{7:1},{7:1},{7:1},{0:1,7:1},{1:1,4:1},{1:2},{1:2},{1:1,7:1},{5:2},{5:2},{7:2},{7:2},{7:2}])[0m
[32m2025-01-01 16:03:11,379 - INFO - False[0m
     0     0  544.00000    0   58          -  544.00000      -     -  282s
[32m2025-01-01 16:03:20,552 - INFO - d_prime: 6 d: 6[0m
[32m2025-01-01 16:03:20,556 - INFO - d_prime: 7 d: 6[0m
[32m2025-01-01 16:03:20,559 - INFO - d_prime: 8 d: 6[0m
[32m2025-01-01 16:03:20,561 - INFO - d_prime: 9 d: 6[0m
[32m2025-01-01 16:03:20,564 - INFO - d_prime: 10 d: 6[0m
[32m2025-01-01 16:03:20,567 - INFO - d_prime: 11 d: 6[0m
[32m2025-01-01 16:03:20,570 - INFO - d_prime: 12 d: 6[0m
[32m2025-01-01 16:03:20,573 - INFO - d_prime: 13 d: 6[0m
[32m2025-01-01 16:03:20,575 - INFO - forbidden_vars: ([{1:1},{4:1},{4:1},{4:1},{4:1},{4:1},{4:1},{4:1},{5:1},{5:1},{7:1},{7:1},{7:1},{0:1,7:1},{0:1,2:1},{0:1,1:1},{1:1,4:1},{2:1,5:1},{2:1,7:1},{2:1,7:1},{2:1,7:1},{3:1,7:1},{4:1,7:1},{4:2},{4:1,7:1},{4:1,5:1},{7:2},{3:1,4:1,5:1},{3:1,7:2},{4:2,7:1}])[0m
[32m2025-01-01 16:03:20,575 - INFO - False[0m
[32m2025-01-01 16:03:25,568 - INFO - d_prime: 7 d: 7[0m
[32m2025-01-01 16:03:25,572 - INFO - d_prime: 8 d: 7[0m
[32m2025-01-01 16:03:25,575 - INFO - d_prime: 9 d: 7[0m
[32m2025-01-01 16:03:25,579 - INFO - d_prime: 10 d: 7[0m
[32m2025-01-01 16:03:25,583 - INFO - d_prime: 11 d: 7[0m
[32m2025-01-01 16:03:25,586 - INFO - d_prime: 12 d: 7[0m
[32m2025-01-01 16:03:25,590 - INFO - d_prime: 13 d: 7[0m
[32m2025-01-01 16:03:25,592 - INFO - forbidden_vars: ([{0:1},{1:1},{4:1},{5:1},{5:1},{5:1},{5:1},{6:1},{6:1},{7:1},{0:2},{1:1,6:1},{1:2},{1:1,6:1},{1:2},{3:1,4:1},{3:1,4:1},{4:1,7:1},{4:1,5:1},{4:1,5:1},{4:2},{4:1,5:1},{4:2},{4:1,5:1},{4:2},{4:1,6:1},{4:1,6:1},{6:2},{0:1,4:1,7:1},{0:1,5:1,6:1},{0:1,4:2},{4:1,5:1,7:1},{4:1,5:2},{6:1,7:2}])[0m
[32m2025-01-01 16:03:25,592 - INFO - False[0m
[32m2025-01-01 16:03:37,857 - INFO - d_prime: 9 d: 10[0m
[32m2025-01-01 16:03:37,860 - INFO - d_prime: 10 d: 10[0m
[32m2025-01-01 16:03:37,863 - INFO - d_prime: 11 d: 10[0m
[32m2025-01-01 16:03:37,866 - INFO - d_prime: 12 d: 10[0m
[32m2025-01-01 16:03:37,869 - INFO - d_prime: 13 d: 10[0m
[32m2025-01-01 16:03:37,871 - INFO - forbidden_vars: ([{0:1},{0:1},{1:1},{1:1},{1:1},{1:1},{1:1},{1:1},{1:1},{1:1},{1:1},{4:1},{4:1},{4:1},{4:1},{4:1},{4:1},{4:1},{5:1},{5:1},{5:1},{7:1},{7:1},{7:1},{7:1},{7:1},{7:1},{0:1,7:1},{1:2},{1:2},{1:1,7:1},{5:2},{5:2},{7:2},{7:2},{4:1,7:2}])[0m
[32m2025-01-01 16:03:37,871 - INFO - False[0m
     0     0  544.00000    0   58          -  544.00000      -     -  335s
[32m2025-01-01 16:13:56,461 - INFO - d_prime: 6 d: 6[0m
[32m2025-01-01 16:13:56,465 - INFO - d_prime: 7 d: 6[0m
[32m2025-01-01 16:13:56,467 - INFO - d_prime: 8 d: 6[0m
[32m2025-01-01 16:13:56,470 - INFO - d_prime: 9 d: 6[0m
[32m2025-01-01 16:13:56,473 - INFO - d_prime: 10 d: 6[0m
[32m2025-01-01 16:13:56,476 - INFO - d_prime: 11 d: 6[0m
[32m2025-01-01 16:13:56,478 - INFO - d_prime: 12 d: 6[0m
[32m2025-01-01 16:13:56,481 - INFO - d_prime: 13 d: 6[0m
[32m2025-01-01 16:13:56,483 - INFO - forbidden_vars: ([{1:1},{2:1},{2:1},{4:1},{4:1},{4:1},{4:1},{4:1},{4:1},{5:1},{5:1},{7:1},{7:1},{7:1},{7:1},{7:1},{0:1,2:1},{2:1,5:1},{3:1,7:1},{3:1,7:1},{4:1,7:1},{4:2},{4:2},{4:2},{4:1,7:1},{4:1,7:1},{0:1,2:1,3:1},{0:1,1:1,3:1},{4:2,7:1},{4:1,5:1,7:1}])[0m
[32m2025-01-01 16:13:56,483 - INFO - False[0m
[32m2025-01-01 16:14:00,216 - INFO - d_prime: 7 d: 7[0m
[32m2025-01-01 16:14:00,220 - INFO - d_prime: 8 d: 7[0m
[32m2025-01-01 16:14:00,224 - INFO - d_prime: 9 d: 7[0m
[32m2025-01-01 16:14:00,227 - INFO - d_prime: 10 d: 7[0m
[32m2025-01-01 16:14:00,231 - INFO - d_prime: 11 d: 7[0m
[32m2025-01-01 16:14:00,235 - INFO - d_prime: 12 d: 7[0m
[32m2025-01-01 16:14:00,238 - INFO - d_prime: 13 d: 7[0m
[32m2025-01-01 16:14:00,240 - INFO - forbidden_vars: ([{1:1},{1:1},{3:1},{4:1},{5:1},{5:1},{5:1},{6:1},{6:1},{6:1},{0:1,4:1},{0:1,5:1},{0:1,4:1},{1:2},{1:1,6:1},{1:1,5:1},{3:1,4:1},{3:1,7:1},{4:1,7:1},{4:1,7:1},{4:1,5:1},{4:1,7:1},{4:1,6:1},{4:2},{4:2},{5:2},{0:1,4:1,7:1},{0:1,5:1,6:1},{0:1,4:1,6:1},{1:1,4:1,5:1},{3:1,4:1,5:1},{4:1,6:2},{6:1,7:2}])[0m
[32m2025-01-01 16:14:00,240 - INFO - False[0m
[32m2025-01-01 16:14:25,097 - INFO - d_prime: 10 d: 10[0m
[32m2025-01-01 16:14:25,101 - INFO - d_prime: 11 d: 10[0m
[32m2025-01-01 16:14:25,104 - INFO - d_prime: 12 d: 10[0m
[32m2025-01-01 16:14:25,107 - INFO - d_prime: 13 d: 10[0m
[32m2025-01-01 16:14:25,109 - INFO - forbidden_vars: ([{0:1},{0:1},{1:1},{1:1},{1:1},{1:1},{1:1},{1:1},{1:1},{1:1},{1:1},{4:1},{4:1},{4:1},{4:1},{5:1},{5:1},{5:1},{7:1},{7:1},{7:1},{7:1},{7:1},{7:1},{7:1},{7:1},{0:1,7:1},{0:1,7:1},{0:1,1:1},{1:1,4:1},{1:1,5:1},{1:2},{4:1,7:1},{5:2},{5:1,7:1},{5:1,7:1},{7:2}])[0m
[32m2025-01-01 16:14:25,109 - INFO - False[0m
[32m2025-01-01 16:15:04,004 - INFO - d_prime: 11 d: 12[0m
[32m2025-01-01 16:15:04,008 - INFO - d_prime: 12 d: 12[0m
[32m2025-01-01 16:15:04,012 - INFO - d_prime: 13 d: 12[0m
[32m2025-01-01 16:15:04,015 - INFO - forbidden_vars: ([{0:1},{2:1},{2:1},{2:1},{6:1},{6:1},{7:1},{0:1,4:1},{0:1,2:1},{0:1,4:1},{0:1,6:1},{1:1,2:1},{1:1,5:1},{1:2},{1:1,6:1},{1:2},{2:1,4:1},{2:1,4:1},{2:2},{2:1,4:1},{4:1,5:1},{4:1,7:1},{5:2},{6:1,7:1},{6:1,7:1},{6:2},{6:1,7:1},{6:2},{0:1,6:2},{0:1,1:1,5:1},{0:2,5:1},{0:1,1:1,5:1},{1:2,5:1},{2:1,5:1,6:1},{2:1,5:1,6:1},{2:2,6:1},{2:1,5:1,6:1},{5:1,6:1,7:1},{5:3}])[0m
[32m2025-01-01 16:15:04,015 - INFO - False[0m
     0     0  544.00000    0   58          -  544.00000      -     - 1023s
[32m2025-01-01 16:15:39,309 - INFO - d_prime: 4 d: 4[0m
[32m2025-01-01 16:15:39,311 - INFO - d_prime: 5 d: 4[0m
[32m2025-01-01 16:15:39,313 - INFO - d_prime: 6 d: 4[0m
[32m2025-01-01 16:15:39,314 - INFO - d_prime: 7 d: 4[0m
[32m2025-01-01 16:15:39,316 - INFO - d_prime: 8 d: 4[0m
[32m2025-01-01 16:15:39,317 - INFO - d_prime: 9 d: 4[0m
[32m2025-01-01 16:15:39,319 - INFO - d_prime: 10 d: 4[0m
[32m2025-01-01 16:15:39,320 - INFO - d_prime: 11 d: 4[0m
[32m2025-01-01 16:15:39,322 - INFO - d_prime: 12 d: 4[0m
[32m2025-01-01 16:15:39,323 - INFO - d_prime: 13 d: 4[0m
[32m2025-01-01 16:15:39,325 - INFO - forbidden_vars: ([{0:1},{1:1},{2:1},{6:1},{7:1},{0:1,2:1},{0:1,1:1},{0:1,3:1},{0:1,3:1},{2:1,4:1},{3:1,5:1},{3:2},{3:1,6:1},{3:2},{6:2},{6:1,7:1},{6:2},{7:2},{7:2},{7:2},{2:1,3:2},{2:1,6:1,7:1},{3:1,4:1,6:1},{4:1,5:1,6:1}])[0m
[32m2025-01-01 16:15:39,325 - INFO - False[0m
[32m2025-01-01 16:20:45,374 - INFO - d_prime: 6 d: 6[0m
[32m2025-01-01 16:20:45,377 - INFO - d_prime: 7 d: 6[0m
[32m2025-01-01 16:20:45,380 - INFO - d_prime: 8 d: 6[0m
[32m2025-01-01 16:20:45,382 - INFO - d_prime: 9 d: 6[0m
[32m2025-01-01 16:20:45,385 - INFO - d_prime: 10 d: 6[0m
[32m2025-01-01 16:20:45,388 - INFO - d_prime: 11 d: 6[0m
[32m2025-01-01 16:20:45,390 - INFO - d_prime: 12 d: 6[0m
[32m2025-01-01 16:20:45,393 - INFO - d_prime: 13 d: 6[0m
[32m2025-01-01 16:20:45,395 - INFO - forbidden_vars: ([{2:1},{3:1},{3:1},{4:1},{4:1},{4:1},{4:1},{4:1},{4:1},{4:1},{5:1},{5:1},{5:1},{7:1},{7:1},{7:1},{0:1,2:1},{0:1,2:1},{1:1,4:1},{1:1,7:1},{2:1,5:1},{3:1,7:1},{4:1,7:1},{4:2},{4:2},{4:2},{4:2},{2:1,4:1,7:1},{4:2,7:1},{7:3}])[0m
[32m2025-01-01 16:20:45,395 - INFO - False[0m
[32m2025-01-01 16:20:53,559 - INFO - d_prime: 7 d: 7[0m
[32m2025-01-01 16:20:53,563 - INFO - d_prime: 8 d: 7[0m
[32m2025-01-01 16:20:53,566 - INFO - d_prime: 9 d: 7[0m
[32m2025-01-01 16:20:53,570 - INFO - d_prime: 10 d: 7[0m
[32m2025-01-01 16:20:53,574 - INFO - d_prime: 11 d: 7[0m
[32m2025-01-01 16:20:53,577 - INFO - d_prime: 12 d: 7[0m
[32m2025-01-01 16:20:53,581 - INFO - d_prime: 13 d: 7[0m
[32m2025-01-01 16:20:53,583 - INFO - forbidden_vars: ([{1:1},{4:1},{4:1},{5:1},{5:1},{5:1},{5:1},{6:1},{6:1},{0:1,4:1},{0:1,6:1},{1:2},{1:1,6:1},{1:1,4:1},{1:1,5:1},{3:1,5:1},{3:1,4:1},{3:1,4:1},{3:1,4:1},{4:1,7:1},{4:1,7:1},{4:1,7:1},{4:1,6:1},{4:2},{4:1,6:1},{5:2},{6:2},{0:1,4:1,7:1},{0:1,5:1,6:1},{0:2,5:1},{1:1,4:1,5:1},{4:1,5:1,7:1},{6:1,7:2}])[0m
[32m2025-01-01 16:20:53,583 - INFO - False[0m
[32m2025-01-01 16:21:05,985 - INFO - d_prime: 9 d: 10[0m
[32m2025-01-01 16:21:05,988 - INFO - d_prime: 10 d: 10[0m
[32m2025-01-01 16:21:05,991 - INFO - d_prime: 11 d: 10[0m
[32m2025-01-01 16:21:05,994 - INFO - d_prime: 12 d: 10[0m
[32m2025-01-01 16:21:05,997 - INFO - d_prime: 13 d: 10[0m
[32m2025-01-01 16:21:05,999 - INFO - forbidden_vars: ([{0:1},{1:1},{1:1},{1:1},{1:1},{1:1},{1:1},{1:1},{1:1},{4:1},{4:1},{4:1},{4:1},{5:1},{5:1},{5:1},{5:1},{7:1},{7:1},{7:1},{7:1},{7:1},{7:1},{7:1},{7:1},{0:1,7:1},{1:1,7:1},{1:1,7:1},{1:2},{1:1,4:1},{1:1,7:1},{4:1,5:1},{4:2},{5:2},{5:2},{7:2},{7:2}])[0m
[32m2025-01-01 16:21:05,999 - INFO - False[0m
[32m2025-01-01 16:21:41,112 - INFO - d_prime: 11 d: 12[0m
[32m2025-01-01 16:21:41,116 - INFO - d_prime: 12 d: 12[0m
[32m2025-01-01 16:21:41,120 - INFO - d_prime: 13 d: 12[0m
[32m2025-01-01 16:21:41,123 - INFO - forbidden_vars: ([{0:1},{2:1},{2:1},{6:1},{7:1},{7:1},{0:1,4:1},{0:1,2:1},{0:1,5:1},{1:1,2:1},{1:1,5:1},{1:2},{1:1,6:1},{1:2},{1:1,6:1},{2:1,4:1},{2:1,7:1},{2:1,4:1},{2:2},{2:1,4:1},{4:1,5:1},{4:1,5:1},{4:1,6:1},{5:1,6:1},{5:2},{5:2},{5:1,7:1},{6:1,7:1},{6:2},{0:1,6:2},{0:1,1:1,5:1},{0:2,5:1},{0:1,6:2},{0:1,2:1,4:1},{0:1,2:1,5:1},{1:2,5:1},{2:1,5:1,6:1},{2:1,5:1,6:1},{2:2,6:1},{5:1,6:2}])[0m
[32m2025-01-01 16:21:41,123 - INFO - False[0m
     0     0  544.00000    0   58          -  544.00000      -     - 1425s
[32m2025-01-01 16:22:33,398 - INFO - d_prime: 6 d: 6[0m
[32m2025-01-01 16:22:33,401 - INFO - d_prime: 7 d: 6[0m
[32m2025-01-01 16:22:33,403 - INFO - d_prime: 8 d: 6[0m
[32m2025-01-01 16:22:33,406 - INFO - d_prime: 9 d: 6[0m
[32m2025-01-01 16:22:33,408 - INFO - d_prime: 10 d: 6[0m
[32m2025-01-01 16:22:33,411 - INFO - d_prime: 11 d: 6[0m
[32m2025-01-01 16:22:33,413 - INFO - d_prime: 12 d: 6[0m
[32m2025-01-01 16:22:33,415 - INFO - d_prime: 13 d: 6[0m
[32m2025-01-01 16:22:33,417 - INFO - forbidden_vars: ([{0:1},{1:1},{2:1},{3:1},{4:1},{4:1},{4:1},{4:1},{4:1},{4:1},{5:1},{5:1},{7:1},{7:1},{7:1},{7:1},{0:1,2:1},{1:1,3:1},{2:1,5:1},{2:1,7:1},{3:1,7:1},{4:1,7:1},{4:2},{4:2},{4:2},{4:2},{7:2},{2:1,7:2},{3:1,5:1,7:1},{4:2,7:1}])[0m
[32m2025-01-01 16:22:33,417 - INFO - False[0m
[32m2025-01-01 16:22:38,493 - INFO - d_prime: 7 d: 7[0m
[32m2025-01-01 16:22:38,497 - INFO - d_prime: 8 d: 7[0m
[32m2025-01-01 16:22:38,501 - INFO - d_prime: 9 d: 7[0m
[32m2025-01-01 16:22:38,505 - INFO - d_prime: 10 d: 7[0m
[32m2025-01-01 16:22:38,509 - INFO - d_prime: 11 d: 7[0m
[32m2025-01-01 16:22:38,512 - INFO - d_prime: 12 d: 7[0m
[32m2025-01-01 16:22:38,516 - INFO - d_prime: 13 d: 7[0m
[32m2025-01-01 16:22:38,518 - INFO - forbidden_vars: ([{0:1},{1:1},{4:1},{4:1},{4:1},{5:1},{5:1},{5:1},{5:1},{6:1},{6:1},{0:1,1:1},{0:1,4:1},{1:2},{1:1,6:1},{1:1,6:1},{3:1,5:1},{3:1,4:1},{4:1,7:1},{4:1,7:1},{4:1,5:1},{4:1,7:1},{4:1,7:1},{4:1,6:1},{4:2},{5:2},{0:1,4:1,7:1},{0:1,5:1,6:1},{0:1,4:1,5:1},{0:1,3:1,6:1},{1:1,4:1,5:1},{4:1,6:2},{6:1,7:2}])[0m
[32m2025-01-01 16:22:38,519 - INFO - False[0m
[32m2025-01-01 16:22:50,039 - INFO - d_prime: 10 d: 10[0m
[32m2025-01-01 16:22:50,042 - INFO - d_prime: 11 d: 10[0m
[32m2025-01-01 16:22:50,045 - INFO - d_prime: 12 d: 10[0m
[32m2025-01-01 16:22:50,048 - INFO - d_prime: 13 d: 10[0m
[32m2025-01-01 16:22:50,050 - INFO - forbidden_vars: ([{0:1},{0:1},{1:1},{1:1},{1:1},{1:1},{1:1},{1:1},{1:1},{1:1},{4:1},{4:1},{4:1},{4:1},{5:1},{5:1},{5:1},{5:1},{5:1},{7:1},{7:1},{7:1},{7:1},{7:1},{7:1},{7:1},{0:1,7:1},{1:1,7:1},{1:1,7:1},{1:1,4:1},{1:1,4:1},{1:2},{4:1,5:1},{4:2},{5:2},{7:2},{7:2}])[0m
[32m2025-01-01 16:22:50,051 - INFO - False[0m
     0     0  544.00000    0   58          -  544.00000      -     - 1548s
[32m2025-01-01 16:24:24,353 - INFO - d_prime: 4 d: 4[0m
[32m2025-01-01 16:24:24,355 - INFO - d_prime: 5 d: 4[0m
[32m2025-01-01 16:24:24,356 - INFO - d_prime: 6 d: 4[0m
[32m2025-01-01 16:24:24,357 - INFO - d_prime: 7 d: 4[0m
[32m2025-01-01 16:24:24,359 - INFO - d_prime: 8 d: 4[0m
[32m2025-01-01 16:24:24,360 - INFO - d_prime: 9 d: 4[0m
[32m2025-01-01 16:24:24,362 - INFO - d_prime: 10 d: 4[0m
[32m2025-01-01 16:24:24,363 - INFO - d_prime: 11 d: 4[0m
[32m2025-01-01 16:24:24,365 - INFO - d_prime: 12 d: 4[0m
[32m2025-01-01 16:24:24,366 - INFO - d_prime: 13 d: 4[0m
[32m2025-01-01 16:24:24,368 - INFO - forbidden_vars: ([{2:1},{6:1},{6:1},{7:1},{0:1,2:1},{0:1,1:1},{0:1,3:1},{0:1,3:1},{1:1,2:1},{3:1,5:1},{3:2},{3:1,6:1},{3:1,7:1},{3:1,6:1},{6:1,7:1},{6:2},{7:2},{7:2},{2:1,3:2},{2:1,5:1,6:1},{3:1,4:1,6:1},{4:2,7:1},{6:1,7:2}])[0m
[32m2025-01-01 16:24:24,368 - INFO - False[0m
[32m2025-01-01 16:35:51,835 - INFO - d_prime: 6 d: 6[0m
[32m2025-01-01 16:35:51,839 - INFO - d_prime: 7 d: 6[0m
[32m2025-01-01 16:35:51,842 - INFO - d_prime: 8 d: 6[0m
[32m2025-01-01 16:35:51,844 - INFO - d_prime: 9 d: 6[0m
[32m2025-01-01 16:35:51,847 - INFO - d_prime: 10 d: 6[0m
[32m2025-01-01 16:35:51,850 - INFO - d_prime: 11 d: 6[0m
[32m2025-01-01 16:35:51,853 - INFO - d_prime: 12 d: 6[0m
[32m2025-01-01 16:35:51,856 - INFO - d_prime: 13 d: 6[0m
[32m2025-01-01 16:35:51,858 - INFO - forbidden_vars: ([{0:1},{2:1},{2:1},{4:1},{4:1},{4:1},{4:1},{4:1},{4:1},{5:1},{7:1},{7:1},{7:1},{7:1},{7:1},{7:1},{0:1,4:1},{1:1,3:1},{2:1,5:1},{2:1,4:1},{3:1,7:1},{4:1,7:1},{4:2},{4:1,7:1},{4:2},{4:1,5:1},{0:1,3:1,5:1},{1:1,3:1,7:1},{2:1,4:1,7:1},{4:2,7:1}])[0m
[32m2025-01-01 16:35:51,858 - INFO - False[0m
[32m2025-01-01 16:36:18,854 - INFO - d_prime: 9 d: 10[0m
[32m2025-01-01 16:36:18,858 - INFO - d_prime: 10 d: 10[0m
[32m2025-01-01 16:36:18,861 - INFO - d_prime: 11 d: 10[0m
[32m2025-01-01 16:36:18,864 - INFO - d_prime: 12 d: 10[0m
[32m2025-01-01 16:36:18,867 - INFO - d_prime: 13 d: 10[0m
[32m2025-01-01 16:36:18,869 - INFO - forbidden_vars: ([{0:1},{0:1},{1:1},{1:1},{1:1},{1:1},{1:1},{1:1},{1:1},{1:1},{4:1},{4:1},{4:1},{4:1},{4:1},{4:1},{5:1},{5:1},{5:1},{7:1},{7:1},{7:1},{7:1},{7:1},{7:1},{7:1},{7:1},{7:1},{0:1,7:1},{0:1,1:1},{0:1,7:1},{1:2},{4:1,5:1},{5:2},{5:1,7:1},{7:2},{1:1,4:1,7:1},{1:2,5:1}])[0m
[32m2025-01-01 16:36:18,870 - INFO - False[0m
[32m2025-01-01 16:37:23,712 - INFO - d_prime: 11 d: 13[0m
[32m2025-01-01 16:37:23,716 - INFO - d_prime: 12 d: 13[0m
[32m2025-01-01 16:37:23,720 - INFO - d_prime: 13 d: 13[0m
[32m2025-01-01 16:37:23,722 - INFO - forbidden_vars: ([{3:1},{3:1},{4:1},{4:1},{4:1},{1:1,4:1},{1:2},{1:1,6:1},{3:1,4:1},{3:2},{3:1,6:1},{3:1,6:1},{3:1,6:1},{3:2},{4:1,6:1},{4:2},{6:2},{6:2},{6:2},{6:2},{6:2},{1:3},{1:1,3:2},{1:1,4:1,6:1},{1:3},{3:2,4:1},{3:1,4:1,5:1},{3:1,6:2},{3:1,6:2},{3:2,4:1},{3:1,6:2},{3:3},{3:2,4:1},{4:1,6:2},{4:1,6:2},{4:1,6:2},{4:1,6:2},{4:1,6:2},{6:3}])[0m
[32m2025-01-01 16:37:23,722 - INFO - False[0m
     0     0  544.00000    0   58          -  544.00000      -     - 2334s
[32m2025-01-01 16:44:19,138 - INFO - d_prime: 6 d: 6[0m
[32m2025-01-01 16:44:19,141 - INFO - d_prime: 7 d: 6[0m
[32m2025-01-01 16:44:19,144 - INFO - d_prime: 8 d: 6[0m
[32m2025-01-01 16:44:19,146 - INFO - d_prime: 9 d: 6[0m
[32m2025-01-01 16:44:19,149 - INFO - d_prime: 10 d: 6[0m
[32m2025-01-01 16:44:19,152 - INFO - d_prime: 11 d: 6[0m
[32m2025-01-01 16:44:19,155 - INFO - d_prime: 12 d: 6[0m
[32m2025-01-01 16:44:19,157 - INFO - d_prime: 13 d: 6[0m
[32m2025-01-01 16:44:19,159 - INFO - forbidden_vars: ([{0:1},{2:1},{2:1},{2:1},{4:1},{4:1},{4:1},{4:1},{4:1},{5:1},{7:1},{7:1},{7:1},{7:1},{7:1},{0:1,1:1},{1:1,3:1},{2:1,5:1},{2:1,7:1},{3:1,7:1},{3:1,7:1},{3:1,4:1},{4:1,7:1},{4:2},{4:1,7:1},{4:1,5:1},{4:2},{4:2},{3:1,5:1,7:1},{4:2,7:1}])[0m
[32m2025-01-01 16:44:19,159 - INFO - False[0m
[32m2025-01-01 16:44:23,665 - INFO - d_prime: 7 d: 7[0m
[32m2025-01-01 16:44:23,670 - INFO - d_prime: 8 d: 7[0m
[32m2025-01-01 16:44:23,673 - INFO - d_prime: 9 d: 7[0m
[32m2025-01-01 16:44:23,677 - INFO - d_prime: 10 d: 7[0m
[32m2025-01-01 16:44:23,681 - INFO - d_prime: 11 d: 7[0m
[32m2025-01-01 16:44:23,685 - INFO - d_prime: 12 d: 7[0m
[32m2025-01-01 16:44:23,688 - INFO - d_prime: 13 d: 7[0m
[32m2025-01-01 16:44:23,691 - INFO - forbidden_vars: ([{1:1},{1:1},{4:1},{4:1},{5:1},{5:1},{5:1},{5:1},{6:1},{6:1},{6:1},{0:1,4:1},{0:1,4:1},{1:2},{1:1,6:1},{4:1,7:1},{4:1,7:1},{4:1,6:1},{4:1,5:1},{4:2},{4:2},{5:2},{6:2},{0:1,4:1,7:1},{0:1,5:1,6:1},{0:2,4:1},{1:1,4:1,5:1},{1:1,4:1,5:1},{3:1,7:2},{3:1,4:2},{4:1,6:1,7:1},{4:1,5:2},{6:1,7:2}])[0m
[32m2025-01-01 16:44:23,691 - INFO - False[0m
[32m2025-01-01 16:44:39,383 - INFO - d_prime: 10 d: 10[0m
[32m2025-01-01 16:44:39,386 - INFO - d_prime: 11 d: 10[0m
[32m2025-01-01 16:44:39,390 - INFO - d_prime: 12 d: 10[0m
[32m2025-01-01 16:44:39,393 - INFO - d_prime: 13 d: 10[0m
[32m2025-01-01 16:44:39,395 - INFO - forbidden_vars: ([{0:1},{0:1},{1:1},{1:1},{1:1},{1:1},{1:1},{1:1},{1:1},{1:1},{4:1},{4:1},{4:1},{5:1},{5:1},{5:1},{7:1},{7:1},{7:1},{7:1},{7:1},{7:1},{7:1},{0:1,7:1},{0:1,7:1},{0:1,1:1},{1:1,5:1},{1:2},{1:2},{4:1,5:1},{4:1,7:1},{4:1,5:1},{4:2},{4:1,7:1},{5:2},{7:2},{7:2}])[0m
[32m2025-01-01 16:44:39,395 - INFO - False[0m
     0     0  544.00000    0   58          -  544.00000      -     - 2837s
     0     0  544.00000    0   74          -  544.00000      -     - 2852s
[32m2025-01-01 16:46:03,274 - INFO - d_prime: 6 d: 6[0m
[32m2025-01-01 16:46:03,277 - INFO - d_prime: 7 d: 6[0m
[32m2025-01-01 16:46:03,280 - INFO - d_prime: 8 d: 6[0m
[32m2025-01-01 16:46:03,283 - INFO - d_prime: 9 d: 6[0m
[32m2025-01-01 16:46:03,286 - INFO - d_prime: 10 d: 6[0m
[32m2025-01-01 16:46:03,289 - INFO - d_prime: 11 d: 6[0m
[32m2025-01-01 16:46:03,291 - INFO - d_prime: 12 d: 6[0m
[32m2025-01-01 16:46:03,294 - INFO - d_prime: 13 d: 6[0m
[32m2025-01-01 16:46:03,296 - INFO - forbidden_vars: ([{1:1},{4:1},{4:1},{4:1},{4:1},{4:1},{4:1},{4:1},{4:1},{5:1},{5:1},{7:1},{7:1},{7:1},{0:1,7:1},{0:1,2:1},{0:1,1:1},{2:1,5:1},{2:1,7:1},{2:1,7:1},{2:1,7:1},{3:1,7:1},{4:1,7:1},{4:2},{4:1,7:1},{4:1,5:1},{7:2},{3:1,4:1,5:1},{3:1,7:2},{4:2,7:1}])[0m
[32m2025-01-01 16:46:03,296 - INFO - False[0m
[32m2025-01-01 16:46:06,279 - INFO - d_prime: 9 d: 10[0m
[32m2025-01-01 16:46:06,282 - INFO - d_prime: 10 d: 10[0m
[32m2025-01-01 16:46:06,285 - INFO - d_prime: 11 d: 10[0m
[32m2025-01-01 16:46:06,288 - INFO - d_prime: 12 d: 10[0m
[32m2025-01-01 16:46:06,291 - INFO - d_prime: 13 d: 10[0m
[32m2025-01-01 16:46:06,293 - INFO - forbidden_vars: ([{0:1},{0:1},{1:1},{1:1},{1:1},{1:1},{1:1},{1:1},{1:1},{4:1},{4:1},{4:1},{4:1},{4:1},{4:1},{5:1},{5:1},{5:1},{5:1},{7:1},{7:1},{7:1},{7:1},{7:1},{7:1},{0:1,7:1},{1:1,4:1},{1:2},{1:2},{1:1,7:1},{5:2},{5:2},{7:2},{7:2},{1:3},{4:1,7:2}])[0m
[32m2025-01-01 16:46:06,293 - INFO - False[0m
     0     0  544.00000    0   74          -  544.00000      -     - 2880s
[32m2025-01-01 16:46:32,011 - INFO - d_prime: 6 d: 6[0m
[32m2025-01-01 16:46:32,014 - INFO - d_prime: 7 d: 6[0m
[32m2025-01-01 16:46:32,017 - INFO - d_prime: 8 d: 6[0m
[32m2025-01-01 16:46:32,020 - INFO - d_prime: 9 d: 6[0m
[32m2025-01-01 16:46:32,022 - INFO - d_prime: 10 d: 6[0m
[32m2025-01-01 16:46:32,025 - INFO - d_prime: 11 d: 6[0m
[32m2025-01-01 16:46:32,028 - INFO - d_prime: 12 d: 6[0m
[32m2025-01-01 16:46:32,031 - INFO - d_prime: 13 d: 6[0m
[32m2025-01-01 16:46:32,033 - INFO - forbidden_vars: ([{1:1},{4:1},{4:1},{4:1},{4:1},{4:1},{4:1},{4:1},{4:1},{5:1},{7:1},{7:1},{7:1},{7:1},{0:1,7:1},{0:1,2:1},{0:1,1:1},{2:1,5:1},{2:1,7:1},{2:1,7:1},{2:1,7:1},{3:1,7:1},{4:1,7:1},{4:2},{4:1,7:1},{4:1,5:1},{7:2},{3:1,4:1,5:1},{3:1,7:2},{4:2,7:1}])[0m
[32m2025-01-01 16:46:32,033 - INFO - False[0m
[32m2025-01-01 16:46:34,252 - INFO - d_prime: 9 d: 10[0m
[32m2025-01-01 16:46:34,255 - INFO - d_prime: 10 d: 10[0m
[32m2025-01-01 16:46:34,258 - INFO - d_prime: 11 d: 10[0m
[32m2025-01-01 16:46:34,261 - INFO - d_prime: 12 d: 10[0m
[32m2025-01-01 16:46:34,264 - INFO - d_prime: 13 d: 10[0m
[32m2025-01-01 16:46:34,266 - INFO - forbidden_vars: ([{0:1},{0:1},{1:1},{1:1},{1:1},{1:1},{1:1},{1:1},{1:1},{1:1},{4:1},{4:1},{4:1},{4:1},{4:1},{4:1},{5:1},{5:1},{5:1},{5:1},{7:1},{7:1},{7:1},{7:1},{7:1},{7:1},{0:1,7:1},{1:1,4:1},{1:2},{1:2},{1:1,7:1},{5:2},{5:2},{7:2},{7:2},{4:1,7:2}])[0m
[32m2025-01-01 16:46:34,266 - INFO - True[0m
     0     0  544.00000    0   74          -  544.00000      -     - 2885s
[32m2025-01-01 16:46:36,908 - INFO - d_prime: 6 d: 6[0m
[32m2025-01-01 16:46:36,911 - INFO - d_prime: 7 d: 6[0m
[32m2025-01-01 16:46:36,914 - INFO - d_prime: 8 d: 6[0m
[32m2025-01-01 16:46:36,916 - INFO - d_prime: 9 d: 6[0m
[32m2025-01-01 16:46:36,919 - INFO - d_prime: 10 d: 6[0m
[32m2025-01-01 16:46:36,922 - INFO - d_prime: 11 d: 6[0m
[32m2025-01-01 16:46:36,924 - INFO - d_prime: 12 d: 6[0m
[32m2025-01-01 16:46:36,927 - INFO - d_prime: 13 d: 6[0m
[32m2025-01-01 16:46:36,928 - INFO - forbidden_vars: ([{1:1},{4:1},{4:1},{4:1},{4:1},{4:1},{4:1},{4:1},{4:1},{5:1},{7:1},{7:1},{7:1},{7:1},{0:1,2:1},{0:1,1:1},{2:1,5:1},{2:1,7:1},{2:1,7:1},{2:1,7:1},{3:1,7:1},{4:1,7:1},{4:2},{4:1,7:1},{4:1,5:1},{5:1,7:1},{7:2},{3:1,4:1,5:1},{3:1,7:2},{4:2,7:1}])[0m
[32m2025-01-01 16:46:36,929 - INFO - False[0m
[32m2025-01-01 16:46:38,921 - INFO - d_prime: 9 d: 10[0m
[32m2025-01-01 16:46:38,925 - INFO - d_prime: 10 d: 10[0m
[32m2025-01-01 16:46:38,927 - INFO - d_prime: 11 d: 10[0m
[32m2025-01-01 16:46:38,930 - INFO - d_prime: 12 d: 10[0m
[32m2025-01-01 16:46:38,933 - INFO - d_prime: 13 d: 10[0m
[32m2025-01-01 16:46:38,935 - INFO - forbidden_vars: ([{0:1},{0:1},{1:1},{1:1},{1:1},{1:1},{1:1},{1:1},{1:1},{4:1},{4:1},{4:1},{4:1},{4:1},{4:1},{5:1},{5:1},{5:1},{5:1},{5:1},{7:1},{7:1},{7:1},{7:1},{7:1},{0:1,7:1},{1:1,4:1},{1:2},{1:2},{1:2},{1:1,7:1},{5:2},{5:2},{7:2},{7:2},{4:1,7:2}])[0m
[32m2025-01-01 16:46:38,935 - INFO - False[0m
     0     0  544.00000    0   74          -  544.00000      -     - 2918s
[32m2025-01-01 16:47:09,801 - INFO - d_prime: 6 d: 6[0m
[32m2025-01-01 16:47:09,804 - INFO - d_prime: 7 d: 6[0m
[32m2025-01-01 16:47:09,807 - INFO - d_prime: 8 d: 6[0m
[32m2025-01-01 16:47:09,809 - INFO - d_prime: 9 d: 6[0m
[32m2025-01-01 16:47:09,812 - INFO - d_prime: 10 d: 6[0m
[32m2025-01-01 16:47:09,815 - INFO - d_prime: 11 d: 6[0m
[32m2025-01-01 16:47:09,817 - INFO - d_prime: 12 d: 6[0m
[32m2025-01-01 16:47:09,820 - INFO - d_prime: 13 d: 6[0m
[32m2025-01-01 16:47:09,822 - INFO - forbidden_vars: ([{1:1},{4:1},{4:1},{4:1},{4:1},{4:1},{4:1},{4:1},{4:1},{5:1},{7:1},{7:1},{7:1},{7:1},{0:1,7:1},{0:1,2:1},{0:1,1:1},{2:1,5:1},{2:1,7:1},{2:1,7:1},{2:1,7:1},{4:1,7:1},{4:2},{4:1,7:1},{4:1,5:1},{5:1,7:1},{7:2},{3:1,4:1,5:1},{3:1,7:2},{4:2,7:1}])[0m
[32m2025-01-01 16:47:09,822 - INFO - False[0m
[32m2025-01-01 16:47:11,700 - INFO - d_prime: 9 d: 10[0m
[32m2025-01-01 16:47:11,703 - INFO - d_prime: 10 d: 10[0m
[32m2025-01-01 16:47:11,706 - INFO - d_prime: 11 d: 10[0m
[32m2025-01-01 16:47:11,709 - INFO - d_prime: 12 d: 10[0m
[32m2025-01-01 16:47:11,711 - INFO - d_prime: 13 d: 10[0m
[32m2025-01-01 16:47:11,713 - INFO - forbidden_vars: ([{0:1},{0:1},{1:1},{1:1},{1:1},{1:1},{1:1},{1:1},{1:1},{1:1},{4:1},{4:1},{4:1},{4:1},{4:1},{4:1},{5:1},{5:1},{5:1},{5:1},{5:1},{7:1},{7:1},{7:1},{7:1},{7:1},{0:1,7:1},{1:1,4:1},{1:2},{1:2},{1:1,7:1},{5:2},{5:2},{7:2},{7:2},{4:1,7:2}])[0m
[32m2025-01-01 16:47:11,714 - INFO - False[0m
     0     0  544.00000    0   74          -  544.00000      -     - 2922s
[32m2025-01-01 16:47:13,635 - INFO - d_prime: 6 d: 6[0m
[32m2025-01-01 16:47:13,638 - INFO - d_prime: 7 d: 6[0m
[32m2025-01-01 16:47:13,640 - INFO - d_prime: 8 d: 6[0m
[32m2025-01-01 16:47:13,643 - INFO - d_prime: 9 d: 6[0m
[32m2025-01-01 16:47:13,645 - INFO - d_prime: 10 d: 6[0m
[32m2025-01-01 16:47:13,648 - INFO - d_prime: 11 d: 6[0m
[32m2025-01-01 16:47:13,651 - INFO - d_prime: 12 d: 6[0m
[32m2025-01-01 16:47:13,653 - INFO - d_prime: 13 d: 6[0m
[32m2025-01-01 16:47:13,655 - INFO - forbidden_vars: ([{1:1},{4:1},{4:1},{4:1},{4:1},{4:1},{4:1},{4:1},{4:1},{5:1},{7:1},{7:1},{7:1},{7:1},{0:1,7:1},{0:1,2:1},{0:1,1:1},{2:1,5:1},{2:1,7:1},{2:1,7:1},{2:1,7:1},{3:1,7:1},{4:2},{4:1,7:1},{4:1,5:1},{5:1,7:1},{7:2},{3:1,4:1,5:1},{3:1,7:2},{4:2,7:1}])[0m
[32m2025-01-01 16:47:13,655 - INFO - False[0m
[32m2025-01-01 16:47:17,855 - INFO - d_prime: 9 d: 10[0m
[32m2025-01-01 16:47:17,858 - INFO - d_prime: 10 d: 10[0m
[32m2025-01-01 16:47:17,861 - INFO - d_prime: 11 d: 10[0m
[32m2025-01-01 16:47:17,863 - INFO - d_prime: 12 d: 10[0m
[32m2025-01-01 16:47:17,866 - INFO - d_prime: 13 d: 10[0m
[32m2025-01-01 16:47:17,868 - INFO - forbidden_vars: ([{0:1},{0:1},{1:1},{1:1},{1:1},{1:1},{1:1},{1:1},{1:1},{1:1},{4:1},{4:1},{4:1},{4:1},{4:1},{4:1},{5:1},{5:1},{5:1},{5:1},{7:1},{7:1},{7:1},{7:1},{7:1},{7:1},{0:1,7:1},{1:2},{1:2},{1:2},{1:1,7:1},{5:2},{5:2},{7:2},{7:2},{4:1,7:2}])[0m
[32m2025-01-01 16:47:17,868 - INFO - False[0m
     0     0  544.00000    0   74          -  544.00000      -     - 2928s
[32m2025-01-01 16:47:57,509 - INFO - d_prime: 4 d: 4[0m
[32m2025-01-01 16:47:57,510 - INFO - d_prime: 5 d: 4[0m
[32m2025-01-01 16:47:57,512 - INFO - d_prime: 6 d: 4[0m
[32m2025-01-01 16:47:57,513 - INFO - d_prime: 7 d: 4[0m
[32m2025-01-01 16:47:57,515 - INFO - d_prime: 8 d: 4[0m
[32m2025-01-01 16:47:57,516 - INFO - d_prime: 9 d: 4[0m
[32m2025-01-01 16:47:57,518 - INFO - d_prime: 10 d: 4[0m
[32m2025-01-01 16:47:57,519 - INFO - d_prime: 11 d: 4[0m
[32m2025-01-01 16:47:57,521 - INFO - d_prime: 12 d: 4[0m
[32m2025-01-01 16:47:57,522 - INFO - d_prime: 13 d: 4[0m
[32m2025-01-01 16:47:57,523 - INFO - forbidden_vars: ([{2:1},{3:1},{5:1},{6:1},{6:1},{0:1,2:1},{0:1,1:1},{1:1,7:1},{2:1,4:1},{2:1,3:1},{3:1,5:1},{3:2},{3:1,7:1},{3:1,6:1},{6:2},{6:2},{7:2},{7:2},{0:1,3:1,6:1},{0:2,3:1},{2:1,3:2},{3:2,6:1},{3:1,4:2},{6:1,7:2}])[0m
[32m2025-01-01 16:47:57,523 - INFO - False[0m
[32m2025-01-01 16:48:03,595 - INFO - d_prime: 6 d: 6[0m
[32m2025-01-01 16:48:03,598 - INFO - d_prime: 7 d: 6[0m
[32m2025-01-01 16:48:03,601 - INFO - d_prime: 8 d: 6[0m
[32m2025-01-01 16:48:03,604 - INFO - d_prime: 9 d: 6[0m
[32m2025-01-01 16:48:03,607 - INFO - d_prime: 10 d: 6[0m
[32m2025-01-01 16:48:03,610 - INFO - d_prime: 11 d: 6[0m
[32m2025-01-01 16:48:03,613 - INFO - d_prime: 12 d: 6[0m
[32m2025-01-01 16:48:03,615 - INFO - d_prime: 13 d: 6[0m
[32m2025-01-01 16:48:03,617 - INFO - forbidden_vars: ([{1:1},{1:1},{4:1},{4:1},{5:1},{5:1},{5:1},{5:1},{7:1},{7:1},{7:1},{7:1},{7:1},{7:1},{0:1,4:1},{0:1,1:1},{2:1,4:1},{2:1,5:1},{2:1,7:1},{2:1,7:1},{3:1,4:1},{4:1,7:1},{4:2},{4:1,5:1},{1:1,3:1,4:1},{2:1,3:1,7:1},{3:1,4:1,5:1},{4:2,7:1},{4:1,7:2}])[0m
[32m2025-01-01 16:48:03,617 - INFO - False[0m
[32m2025-01-01 16:48:28,880 - INFO - d_prime: 9 d: 10[0m
[32m2025-01-01 16:48:28,884 - INFO - d_prime: 10 d: 10[0m
[32m2025-01-01 16:48:28,888 - INFO - d_prime: 11 d: 10[0m
[32m2025-01-01 16:48:28,891 - INFO - d_prime: 12 d: 10[0m
[32m2025-01-01 16:48:28,895 - INFO - d_prime: 13 d: 10[0m
[32m2025-01-01 16:48:28,897 - INFO - forbidden_vars: ([{0:1},{0:1},{1:1},{1:1},{1:1},{1:1},{1:1},{1:1},{1:1},{2:1},{2:1},{2:1},{4:1},{4:1},{4:1},{4:1},{4:1},{5:1},{5:1},{5:1},{7:1},{7:1},{7:1},{7:1},{0:1,7:1},{1:1,4:1},{1:1,4:1},{1:2},{2:1,4:1},{4:1,5:1},{5:1,7:1},{7:2},{1:1,7:2},{1:1,5:2},{1:2,7:1},{1:1,2:1,7:1},{5:2,7:1}])[0m
[32m2025-01-01 16:48:28,897 - INFO - False[0m
[32m2025-01-01 16:49:51,384 - INFO - d_prime: 4 d: 4[0m
[32m2025-01-01 16:49:51,386 - INFO - d_prime: 5 d: 4[0m
[32m2025-01-01 16:49:51,387 - INFO - d_prime: 6 d: 4[0m
[32m2025-01-01 16:49:51,388 - INFO - d_prime: 7 d: 4[0m
[32m2025-01-01 16:49:51,390 - INFO - d_prime: 8 d: 4[0m
[32m2025-01-01 16:49:51,391 - INFO - d_prime: 9 d: 4[0m
[32m2025-01-01 16:49:51,393 - INFO - d_prime: 10 d: 4[0m
[32m2025-01-01 16:49:51,394 - INFO - d_prime: 11 d: 4[0m
[32m2025-01-01 16:49:51,396 - INFO - d_prime: 12 d: 4[0m
[32m2025-01-01 16:49:51,397 - INFO - d_prime: 13 d: 4[0m
[32m2025-01-01 16:49:51,398 - INFO - forbidden_vars: ([{0:1},{1:1},{4:1},{5:1},{6:1},{6:1},{0:1,7:1},{0:2},{1:1,7:1},{2:1,7:1},{2:1,3:1},{2:1,4:1},{2:1,6:1},{3:2},{3:1,6:1},{3:1,7:1},{3:2},{3:1,6:1},{7:2},{7:2},{2:1,3:1,6:1},{3:1,4:1,6:1},{3:1,6:2},{6:1,7:2}])[0m
[32m2025-01-01 16:49:51,398 - INFO - False[0m
[32m2025-01-01 16:50:34,154 - INFO - d_prime: 9 d: 10[0m
[32m2025-01-01 16:50:34,157 - INFO - d_prime: 10 d: 10[0m
[32m2025-01-01 16:50:34,160 - INFO - d_prime: 11 d: 10[0m
[32m2025-01-01 16:50:34,163 - INFO - d_prime: 12 d: 10[0m
[32m2025-01-01 16:50:34,166 - INFO - d_prime: 13 d: 10[0m
[32m2025-01-01 16:50:34,168 - INFO - forbidden_vars: ([{0:1},{0:1},{0:1},{1:1},{1:1},{1:1},{1:1},{1:1},{1:1},{1:1},{1:1},{4:1},{4:1},{4:1},{4:1},{4:1},{5:1},{5:1},{7:1},{7:1},{7:1},{7:1},{7:1},{7:1},{0:1,5:1},{1:1,4:1},{1:1,4:1},{1:2},{1:1,7:1},{4:2},{5:2},{5:2},{7:2},{7:2},{1:2,7:1}])[0m
[32m2025-01-01 16:50:34,168 - INFO - False[0m
[32m2025-01-01 16:51:01,558 - INFO - d_prime: 11 d: 12[0m
[32m2025-01-01 16:51:01,562 - INFO - d_prime: 12 d: 12[0m
[32m2025-01-01 16:51:01,566 - INFO - d_prime: 13 d: 12[0m
[32m2025-01-01 16:51:01,568 - INFO - forbidden_vars: ([{5:1},{5:1},{5:1},{6:1},{6:1},{6:1},{0:1,2:1},{0:1,2:1},{0:1,5:1},{0:1,2:1},{0:1,2:1},{0:1,7:1},{0:2},{1:1,6:1},{1:1,6:1},{1:1,5:1},{1:1,2:1},{2:1,5:1},{2:1,6:1},{2:1,4:1},{2:1,5:1},{2:2},{4:2},{4:1,6:1},{4:2},{5:1,7:1},{6:2},{6:1,7:1},{7:2},{0:1,5:1,6:1},{0:2,5:1},{0:1,5:1,6:1},{0:1,4:1,5:1},{0:1,2:2},{1:2,5:1},{1:1,2:1,4:1},{1:2,2:1},{2:1,6:2},{2:1,5:1,6:1},{5:1,6:2}])[0m
[32m2025-01-01 16:51:01,568 - INFO - False[0m
[32m2025-01-01 16:51:10,028 - INFO - d_prime: 11 d: 13[0m
[32m2025-01-01 16:51:10,032 - INFO - d_prime: 12 d: 13[0m
[32m2025-01-01 16:51:10,035 - INFO - d_prime: 13 d: 13[0m
[32m2025-01-01 16:51:10,038 - INFO - forbidden_vars: ([{3:1},{4:1},{6:1},{1:1,3:1},{1:1,6:1},{1:1,6:1},{1:1,3:1},{1:1,6:1},{1:2},{1:1,4:1},{3:1,4:1},{3:2},{3:2},{3:1,4:1},{3:1,6:1},{3:1,4:1},{3:1,4:1},{3:1,6:1},{3:2},{6:2},{6:2},{6:2},{6:2},{1:2,4:1},{1:1,3:1,6:1},{1:1,4:1,6:1},{3:1,4:1,6:1},{3:1,6:2},{3:1,6:2},{3:2,4:1},{3:1,6:2},{3:1,6:2},{3:1,6:2},{3:1,5:1,6:1},{4:1,6:2},{4:1,6:2},{4:1,6:2},{4:1,6:2},{6:3}])[0m
[32m2025-01-01 16:51:10,038 - INFO - False[0m
[32m2025-01-01 16:51:29,356 - INFO - d_prime: 6 d: 6[0m
[32m2025-01-01 16:51:29,358 - INFO - d_prime: 7 d: 6[0m
[32m2025-01-01 16:51:29,361 - INFO - d_prime: 8 d: 6[0m
[32m2025-01-01 16:51:29,363 - INFO - d_prime: 9 d: 6[0m
[32m2025-01-01 16:51:29,366 - INFO - d_prime: 10 d: 6[0m
[32m2025-01-01 16:51:29,368 - INFO - d_prime: 11 d: 6[0m
[32m2025-01-01 16:51:29,371 - INFO - d_prime: 12 d: 6[0m
[32m2025-01-01 16:51:29,373 - INFO - d_prime: 13 d: 6[0m
[32m2025-01-01 16:51:29,375 - INFO - forbidden_vars: ([{0:1},{2:1},{2:1},{2:1},{3:1},{4:1},{4:1},{4:1},{5:1},{7:1},{7:1},{7:1},{7:1},{7:1},{0:1,7:1},{0:1,2:1},{0:1,1:1},{2:1,7:1},{4:1,7:1},{4:2},{4:1,5:1},{4:2},{7:2},{1:1,3:1,4:1},{1:1,3:1,7:1},{3:1,4:2},{3:1,4:1,5:1},{3:1,7:2},{4:2,7:1}])[0m
[32m2025-01-01 16:51:29,375 - INFO - False[0m
[32m2025-01-01 16:51:37,104 - INFO - d_prime: 7 d: 7[0m
[32m2025-01-01 16:51:37,108 - INFO - d_prime: 8 d: 7[0m
[32m2025-01-01 16:51:37,112 - INFO - d_prime: 9 d: 7[0m
[32m2025-01-01 16:51:37,115 - INFO - d_prime: 10 d: 7[0m
[32m2025-01-01 16:51:37,119 - INFO - d_prime: 11 d: 7[0m
[32m2025-01-01 16:51:37,123 - INFO - d_prime: 12 d: 7[0m
[32m2025-01-01 16:51:37,126 - INFO - d_prime: 13 d: 7[0m
[32m2025-01-01 16:51:37,129 - INFO - forbidden_vars: ([{0:1},{1:1},{4:1},{5:1},{5:1},{5:1},{6:1},{6:1},{6:1},{7:1},{0:1,6:1},{0:1,7:1},{1:1,6:1},{1:1,4:1},{1:2},{3:1,4:1},{3:1,4:1},{4:1,7:1},{4:1,5:1},{4:2},{4:1,5:1},{4:2},{4:1,6:1},{5:1,7:1},{5:1,7:1},{0:1,4:1,7:1},{0:1,5:1,6:1},{0:1,4:2},{1:1,3:1,4:1},{1:1,6:2},{4:1,6:1,7:1},{4:1,5:2},{4:2,5:1},{4:1,5:2}])[0m
[32m2025-01-01 16:51:37,129 - INFO - False[0m
[32m2025-01-01 16:51:49,434 - INFO - d_prime: 9 d: 10[0m
[32m2025-01-01 16:51:49,437 - INFO - d_prime: 10 d: 10[0m
[32m2025-01-01 16:51:49,440 - INFO - d_prime: 11 d: 10[0m
[32m2025-01-01 16:51:49,443 - INFO - d_prime: 12 d: 10[0m
[32m2025-01-01 16:51:49,445 - INFO - d_prime: 13 d: 10[0m
[32m2025-01-01 16:51:49,447 - INFO - forbidden_vars: ([{0:1},{1:1},{1:1},{1:1},{1:1},{1:1},{1:1},{1:1},{1:1},{1:1},{1:1},{4:1},{4:1},{4:1},{4:1},{4:1},{4:1},{5:1},{5:1},{5:1},{5:1},{5:1},{7:1},{7:1},{7:1},{7:1},{7:1},{0:1,7:1},{1:2},{1:2},{1:1,7:1},{4:2},{5:1,7:1},{7:2},{7:2},{4:1,7:2}])[0m
[32m2025-01-01 16:51:49,447 - INFO - False[0m
[32m2025-01-01 16:51:57,472 - INFO - d_prime: 11 d: 11[0m
[32m2025-01-01 16:51:57,476 - INFO - d_prime: 12 d: 11[0m
[32m2025-01-01 16:51:57,479 - INFO - d_prime: 13 d: 11[0m
[32m2025-01-01 16:51:57,482 - INFO - forbidden_vars: ([{0:1},{0:1},{0:1},{1:1},{2:1},{2:1},{2:1},{2:1},{4:1},{5:1},{5:1},{6:1},{6:1},{7:1},{0:2},{0:1,2:1},{0:1,5:1},{0:2},{0:1,1:1},{1:1,6:1},{1:2},{1:2},{2:1,4:1},{2:2},{2:2},{4:1,6:1},{5:1,6:1},{5:1,6:1},{6:2},{0:1,1:2},{0:2,1:1},{0:1,1:2},{0:1,1:1,5:1},{0:3},{0:2,5:1},{1:3},{1:1,2:1,5:1},{1:2,5:1},{4:1,6:2},{4:1,5:2}])[0m
[32m2025-01-01 16:51:57,482 - INFO - False[0m
[32m2025-01-01 16:52:04,164 - INFO - d_prime: 11 d: 12[0m
[32m2025-01-01 16:52:04,168 - INFO - d_prime: 12 d: 12[0m
[32m2025-01-01 16:52:04,172 - INFO - d_prime: 13 d: 12[0m
[32m2025-01-01 16:52:04,174 - INFO - forbidden_vars: ([{0:1},{0:1},{2:1},{4:1},{4:1},{4:1},{5:1},{5:1},{6:1},{6:1},{0:1,2:1},{0:1,2:1},{0:1,2:1},{1:1,2:1},{1:1,5:1},{1:2},{1:1,6:1},{1:1,5:1},{2:1,4:1},{2:1,5:1},{2:2},{2:2},{4:2},{5:1,6:1},{5:1,6:1},{6:1,7:1},{6:2},{7:2},{0:1,6:2},{0:1,1:1,5:1},{0:2,5:1},{0:1,6:2},{0:1,5:1,6:1},{1:2,4:1},{1:2,5:1},{2:1,5:1,6:1},{2:2,6:1},{2:1,6:2},{4:1,5:1,7:1},{5:1,6:1,7:1}])[0m
[32m2025-01-01 16:52:04,174 - INFO - False[0m
[32m2025-01-01 16:52:17,631 - INFO - d_prime: 11 d: 13[0m
[32m2025-01-01 16:52:17,634 - INFO - d_prime: 12 d: 13[0m
[32m2025-01-01 16:52:17,638 - INFO - d_prime: 13 d: 13[0m
[32m2025-01-01 16:52:17,641 - INFO - forbidden_vars: ([{3:1},{4:1},{6:1},{6:1},{1:1,6:1},{1:1,6:1},{1:1,4:1},{1:1,6:1},{1:1,4:1},{3:2},{3:2},{3:1,4:1},{3:1,4:1},{3:1,4:1},{3:1,4:1},{3:2},{3:1,4:1},{4:1,6:1},{4:1,6:1},{6:2},{6:2},{6:2},{6:2},{1:3},{1:1,6:2},{1:1,3:1,4:1},{1:1,6:2},{1:2,3:1},{3:2,4:1},{3:1,4:1,5:1},{3:1,6:2},{3:1,6:2},{3:2,4:1},{3:1,6:2},{3:1,6:2},{3:1,6:2},{3:1,5:1,6:1},{4:1,6:2},{6:3}])[0m
[32m2025-01-01 16:52:17,641 - INFO - False[0m
     0     2  544.00000    0   74          -  544.00000      -     - 3260s
     3     8  544.00000    2   43          -  544.00000      -  3016 3265s
    19    24  544.00000    6   54          -  544.00000      -   707 3270s
    29    64  544.00000    8   43          -  544.00000      -   496 3280s
    64   232  544.00000   18   93          -  544.00000      -   551 3293s
[32m2025-01-01 16:53:36,980 - INFO - d_prime: 6 d: 6[0m
[32m2025-01-01 16:53:36,984 - INFO - d_prime: 7 d: 6[0m
[32m2025-01-01 16:53:36,986 - INFO - d_prime: 8 d: 6[0m
[32m2025-01-01 16:53:36,989 - INFO - d_prime: 9 d: 6[0m
[32m2025-01-01 16:53:36,992 - INFO - d_prime: 10 d: 6[0m
[32m2025-01-01 16:53:36,994 - INFO - d_prime: 11 d: 6[0m
[32m2025-01-01 16:53:36,997 - INFO - d_prime: 12 d: 6[0m
[32m2025-01-01 16:53:37,000 - INFO - d_prime: 13 d: 6[0m
[32m2025-01-01 16:53:37,002 - INFO - forbidden_vars: ([{3:1},{4:1},{4:1},{4:1},{4:1},{4:1},{4:1},{4:1},{4:1},{5:1},{7:1},{7:1},{7:1},{0:1,7:1},{0:1,2:1},{0:1,1:1},{2:1,5:1},{2:1,7:1},{2:1,7:1},{2:1,7:1},{3:1,7:1},{4:1,7:1},{4:2},{4:1,7:1},{4:1,5:1},{5:1,7:1},{7:2},{3:1,4:1,5:1},{3:1,7:2},{4:2,7:1}])[0m
[32m2025-01-01 16:53:37,002 - INFO - False[0m
[32m2025-01-01 16:53:43,400 - INFO - d_prime: 7 d: 7[0m
[32m2025-01-01 16:53:43,404 - INFO - d_prime: 8 d: 7[0m
[32m2025-01-01 16:53:43,408 - INFO - d_prime: 9 d: 7[0m
[32m2025-01-01 16:53:43,412 - INFO - d_prime: 10 d: 7[0m
[32m2025-01-01 16:53:43,415 - INFO - d_prime: 11 d: 7[0m
[32m2025-01-01 16:53:43,419 - INFO - d_prime: 12 d: 7[0m
[32m2025-01-01 16:53:43,422 - INFO - d_prime: 13 d: 7[0m
[32m2025-01-01 16:53:43,425 - INFO - forbidden_vars: ([{0:1},{1:1},{4:1},{5:1},{5:1},{5:1},{5:1},{6:1},{6:1},{6:1},{0:2},{1:2},{1:1,6:1},{3:1,4:1},{3:1,4:1},{4:1,7:1},{4:1,5:1},{4:2},{4:1,5:1},{4:2},{4:1,5:1},{4:2},{4:1,6:1},{4:1,5:1},{4:1,6:1},{5:1,7:1},{6:2},{7:2},{0:1,4:1,7:1},{0:1,5:1,6:1},{0:1,4:2},{1:1,4:1,5:1},{4:1,6:1,7:1},{4:1,5:1,7:1}])[0m
[32m2025-01-01 16:53:43,425 - INFO - False[0m
[32m2025-01-01 16:54:01,166 - INFO - d_prime: 9 d: 10[0m
[32m2025-01-01 16:54:01,170 - INFO - d_prime: 10 d: 10[0m
[32m2025-01-01 16:54:01,172 - INFO - d_prime: 11 d: 10[0m
[32m2025-01-01 16:54:01,175 - INFO - d_prime: 12 d: 10[0m
[32m2025-01-01 16:54:01,178 - INFO - d_prime: 13 d: 10[0m
[32m2025-01-01 16:54:01,180 - INFO - forbidden_vars: ([{0:1},{0:1},{1:1},{1:1},{1:1},{1:1},{1:1},{1:1},{1:1},{1:1},{4:1},{4:1},{4:1},{4:1},{4:1},{4:1},{5:1},{5:1},{5:1},{7:1},{7:1},{7:1},{7:1},{7:1},{7:1},{7:1},{0:1,7:1},{1:1,4:1},{1:2},{1:2},{1:1,7:1},{5:1,7:1},{5:2},{5:2},{7:2},{4:1,7:2}])[0m
[32m2025-01-01 16:54:01,180 - INFO - False[0m
[32m2025-01-01 16:54:07,148 - INFO - d_prime: 11 d: 11[0m
[32m2025-01-01 16:54:07,152 - INFO - d_prime: 12 d: 11[0m
[32m2025-01-01 16:54:07,156 - INFO - d_prime: 13 d: 11[0m
[32m2025-01-01 16:54:07,158 - INFO - forbidden_vars: ([{0:1},{0:1},{0:1},{0:1},{1:1},{2:1},{2:1},{4:1},{6:1},{7:1},{0:1,4:1},{0:2},{0:1,1:1},{0:2},{0:1,5:1},{1:2},{1:2},{2:1,4:1},{2:1,5:1},{2:1,5:1},{2:2},{2:2},{2:2},{4:1,5:1},{5:1,6:1},{5:1,6:1},{5:2},{6:1,7:1},{6:2},{0:1,1:2},{0:1,1:2},{0:3},{0:2,5:1},{1:1,4:1,6:1},{1:3},{1:1,4:1,5:1},{1:2,5:1},{2:1,5:1,6:1},{4:1,6:2}])[0m
[32m2025-01-01 16:54:07,158 - INFO - False[0m
[32m2025-01-01 16:54:44,531 - INFO - d_prime: 4 d: 4[0m
[32m2025-01-01 16:54:44,533 - INFO - d_prime: 5 d: 4[0m
[32m2025-01-01 16:54:44,535 - INFO - d_prime: 6 d: 4[0m
[32m2025-01-01 16:54:44,536 - INFO - d_prime: 7 d: 4[0m
[32m2025-01-01 16:54:44,538 - INFO - d_prime: 8 d: 4[0m
[32m2025-01-01 16:54:44,539 - INFO - d_prime: 9 d: 4[0m
[32m2025-01-01 16:54:44,541 - INFO - d_prime: 10 d: 4[0m
[32m2025-01-01 16:54:44,542 - INFO - d_prime: 11 d: 4[0m
[32m2025-01-01 16:54:44,544 - INFO - d_prime: 12 d: 4[0m
[32m2025-01-01 16:54:44,545 - INFO - d_prime: 13 d: 4[0m
[32m2025-01-01 16:54:44,547 - INFO - forbidden_vars: ([{0:1},{3:1},{3:1},{4:1},{6:1},{6:1},{7:1},{7:1},{0:1,2:1},{0:1,1:1},{0:1,3:1},{0:1,6:1},{0:1,7:1},{2:1,6:1},{2:1,6:1},{3:1,5:1},{3:1,7:1},{6:1,7:1},{2:1,3:2},{2:1,3:1,4:1},{3:1,4:1,6:1},{3:2,6:1},{3:1,7:2},{3:1,6:2}])[0m
[32m2025-01-01 16:54:44,547 - INFO - False[0m
[32m2025-01-01 16:54:49,903 - INFO - d_prime: 6 d: 6[0m
[32m2025-01-01 16:54:49,907 - INFO - d_prime: 7 d: 6[0m
[32m2025-01-01 16:54:49,910 - INFO - d_prime: 8 d: 6[0m
[32m2025-01-01 16:54:49,913 - INFO - d_prime: 9 d: 6[0m
[32m2025-01-01 16:54:49,916 - INFO - d_prime: 10 d: 6[0m
[32m2025-01-01 16:54:49,919 - INFO - d_prime: 11 d: 6[0m
[32m2025-01-01 16:54:49,921 - INFO - d_prime: 12 d: 6[0m
[32m2025-01-01 16:54:49,924 - INFO - d_prime: 13 d: 6[0m
[32m2025-01-01 16:54:49,926 - INFO - forbidden_vars: ([{1:1},{3:1},{4:1},{4:1},{4:1},{4:1},{5:1},{7:1},{7:1},{0:1,7:1},{0:1,2:1},{0:1,1:1},{1:1,4:1},{2:1,5:1},{2:1,7:1},{2:1,7:1},{2:1,7:1},{3:1,7:1},{4:2},{4:1,7:1},{4:1,7:1},{4:2},{4:1,5:1},{4:1,7:1},{4:1,5:1},{4:2},{7:2},{3:1,4:1,5:1},{3:1,7:2},{4:2,7:1}])[0m
[32m2025-01-01 16:54:49,927 - INFO - False[0m
[32m2025-01-01 16:54:59,253 - INFO - d_prime: 7 d: 7[0m
[32m2025-01-01 16:54:59,257 - INFO - d_prime: 8 d: 7[0m
[32m2025-01-01 16:54:59,261 - INFO - d_prime: 9 d: 7[0m
[32m2025-01-01 16:54:59,264 - INFO - d_prime: 10 d: 7[0m
[32m2025-01-01 16:54:59,268 - INFO - d_prime: 11 d: 7[0m
[32m2025-01-01 16:54:59,271 - INFO - d_prime: 12 d: 7[0m
[32m2025-01-01 16:54:59,275 - INFO - d_prime: 13 d: 7[0m
[32m2025-01-01 16:54:59,277 - INFO - forbidden_vars: ([{0:1},{0:1},{0:1},{1:1},{4:1},{5:1},{5:1},{5:1},{6:1},{6:1},{6:1},{6:1},{0:1,1:1},{1:1,6:1},{1:1,4:1},{1:1,5:1},{1:2},{3:1,4:1},{3:1,4:1},{4:1,7:1},{4:1,7:1},{4:1,5:1},{4:2},{4:1,5:1},{4:2},{4:1,5:1},{4:2},{4:1,6:1},{6:2},{0:1,4:1,7:1},{0:1,5:1,6:1},{0:1,4:2},{4:1,5:1,7:1},{4:1,5:2},{6:1,7:2}])[0m
[32m2025-01-01 16:54:59,277 - INFO - False[0m
[32m2025-01-01 16:55:18,572 - INFO - d_prime: 9 d: 10[0m
[32m2025-01-01 16:55:18,575 - INFO - d_prime: 10 d: 10[0m
[32m2025-01-01 16:55:18,578 - INFO - d_prime: 11 d: 10[0m
[32m2025-01-01 16:55:18,581 - INFO - d_prime: 12 d: 10[0m
[32m2025-01-01 16:55:18,584 - INFO - d_prime: 13 d: 10[0m
[32m2025-01-01 16:55:18,586 - INFO - forbidden_vars: ([{0:1},{0:1},{0:1},{1:1},{1:1},{1:1},{1:1},{1:1},{1:1},{3:1},{4:1},{4:1},{4:1},{4:1},{4:1},{5:1},{5:1},{5:1},{7:1},{7:1},{7:1},{7:1},{7:1},{0:1,7:1},{1:1,3:1},{1:1,4:1},{1:2},{1:2},{1:2},{1:1,7:1},{4:2},{5:2},{5:2},{5:1,7:1},{7:2},{4:1,7:2}])[0m
[32m2025-01-01 16:55:18,586 - INFO - False[0m
   270   540  544.00000   58   49          -  544.00000      -   149 3529s
[32m2025-01-01 16:57:21,604 - INFO - d_prime: 6 d: 6[0m
[32m2025-01-01 16:57:21,611 - INFO - d_prime: 7 d: 6[0m
[32m2025-01-01 16:57:21,617 - INFO - d_prime: 8 d: 6[0m
[32m2025-01-01 16:57:21,622 - INFO - d_prime: 9 d: 6[0m
[32m2025-01-01 16:57:21,627 - INFO - d_prime: 10 d: 6[0m
[32m2025-01-01 16:57:21,633 - INFO - d_prime: 11 d: 6[0m
[32m2025-01-01 16:57:21,638 - INFO - d_prime: 12 d: 6[0m
[32m2025-01-01 16:57:21,644 - INFO - d_prime: 13 d: 6[0m
[32m2025-01-01 16:57:21,647 - INFO - forbidden_vars: ([{3:1},{4:1},{4:1},{4:1},{4:1},{4:1},{4:1},{4:1},{5:1},{7:1},{7:1},{7:1},{0:1,7:1},{0:1,2:1},{0:1,1:1},{2:1,5:1},{2:1,7:1},{2:1,7:1},{2:1,7:1},{3:1,7:1},{4:1,7:1},{4:2},{4:1,7:1},{4:1,5:1},{4:2},{5:1,7:1},{7:2},{0:1,4:1,7:1},{3:1,4:1,5:1},{3:1,7:2}])[0m
[32m2025-01-01 16:57:21,648 - INFO - False[0m
[32m2025-01-01 16:57:33,145 - INFO - d_prime: 7 d: 7[0m
[32m2025-01-01 16:57:33,149 - INFO - d_prime: 8 d: 7[0m
[32m2025-01-01 16:57:33,153 - INFO - d_prime: 9 d: 7[0m
[32m2025-01-01 16:57:33,156 - INFO - d_prime: 10 d: 7[0m
[32m2025-01-01 16:57:33,160 - INFO - d_prime: 11 d: 7[0m
[32m2025-01-01 16:57:33,164 - INFO - d_prime: 12 d: 7[0m
[32m2025-01-01 16:57:33,167 - INFO - d_prime: 13 d: 7[0m
[32m2025-01-01 16:57:33,170 - INFO - forbidden_vars: ([{0:1},{4:1},{4:1},{5:1},{5:1},{5:1},{5:1},{6:1},{6:1},{6:1},{0:2},{1:2},{1:1,6:1},{3:1,4:1},{3:1,4:1},{4:1,7:1},{4:1,5:1},{4:2},{4:1,5:1},{4:2},{4:1,5:1},{4:2},{4:1,6:1},{4:1,5:1},{4:1,6:1},{5:1,7:1},{6:2},{7:2},{0:1,4:1,7:1},{0:1,5:1,6:1},{0:1,4:2},{1:1,4:1,5:1},{4:1,6:1,7:1},{4:1,5:1,7:1}])[0m
[32m2025-01-01 16:57:33,170 - INFO - False[0m
[32m2025-01-01 16:57:35,785 - INFO - d_prime: 9 d: 10[0m
[32m2025-01-01 16:57:35,788 - INFO - d_prime: 10 d: 10[0m
[32m2025-01-01 16:57:35,791 - INFO - d_prime: 11 d: 10[0m
[32m2025-01-01 16:57:35,794 - INFO - d_prime: 12 d: 10[0m
[32m2025-01-01 16:57:35,797 - INFO - d_prime: 13 d: 10[0m
[32m2025-01-01 16:57:35,799 - INFO - forbidden_vars: ([{0:1},{1:1},{1:1},{1:1},{1:1},{1:1},{1:1},{1:1},{1:1},{4:1},{4:1},{4:1},{4:1},{4:1},{4:1},{5:1},{5:1},{5:1},{5:1},{7:1},{7:1},{7:1},{7:1},{7:1},{7:1},{7:1},{0:1,7:1},{1:1,4:1},{1:2},{1:2},{1:1,7:1},{5:1,7:1},{5:2},{5:2},{7:2},{4:1,7:2}])[0m
[32m2025-01-01 16:57:35,799 - INFO - False[0m
[32m2025-01-01 16:57:42,390 - INFO - d_prime: 11 d: 11[0m
[32m2025-01-01 16:57:42,394 - INFO - d_prime: 12 d: 11[0m
[32m2025-01-01 16:57:42,398 - INFO - d_prime: 13 d: 11[0m
[32m2025-01-01 16:57:42,400 - INFO - forbidden_vars: ([{0:1},{0:1},{0:1},{0:1},{1:1},{2:1},{2:1},{4:1},{6:1},{7:1},{0:1,4:1},{0:2},{0:1,1:1},{0:2},{0:1,5:1},{1:2},{1:2},{2:1,4:1},{2:1,5:1},{2:1,5:1},{2:2},{2:2},{2:2},{4:1,5:1},{5:1,6:1},{5:1,6:1},{5:2},{6:1,7:1},{6:2},{0:1,1:2},{0:1,1:2},{0:3},{0:2,5:1},{1:1,5:1,6:1},{1:3},{1:1,4:1,5:1},{1:2,5:1},{2:1,5:1,6:1},{4:1,6:2}])[0m
[32m2025-01-01 16:57:42,401 - INFO - False[0m
[32m2025-01-01 16:57:51,031 - INFO - d_prime: 6 d: 6[0m
[32m2025-01-01 16:57:51,034 - INFO - d_prime: 7 d: 6[0m
[32m2025-01-01 16:57:51,037 - INFO - d_prime: 8 d: 6[0m
[32m2025-01-01 16:57:51,039 - INFO - d_prime: 9 d: 6[0m
[32m2025-01-01 16:57:51,042 - INFO - d_prime: 10 d: 6[0m
[32m2025-01-01 16:57:51,045 - INFO - d_prime: 11 d: 6[0m
[32m2025-01-01 16:57:51,047 - INFO - d_prime: 12 d: 6[0m
[32m2025-01-01 16:57:51,050 - INFO - d_prime: 13 d: 6[0m
[32m2025-01-01 16:57:51,052 - INFO - forbidden_vars: ([{1:1},{3:1},{4:1},{4:1},{4:1},{4:1},{5:1},{7:1},{7:1},{7:1},{0:1,7:1},{0:1,2:1},{0:1,1:1},{1:1,4:1},{2:1,5:1},{2:1,7:1},{2:1,7:1},{2:1,7:1},{3:1,7:1},{3:1,5:1},{4:2},{4:1,7:1},{4:2},{4:1,5:1},{4:1,7:1},{4:1,5:1},{4:2},{7:2},{3:1,7:2},{4:2,7:1}])[0m
[32m2025-01-01 16:57:51,052 - INFO - False[0m
[32m2025-01-01 16:57:59,748 - INFO - d_prime: 7 d: 7[0m
[32m2025-01-01 16:57:59,752 - INFO - d_prime: 8 d: 7[0m
[32m2025-01-01 16:57:59,756 - INFO - d_prime: 9 d: 7[0m
[32m2025-01-01 16:57:59,760 - INFO - d_prime: 10 d: 7[0m
[32m2025-01-01 16:57:59,763 - INFO - d_prime: 11 d: 7[0m
[32m2025-01-01 16:57:59,767 - INFO - d_prime: 12 d: 7[0m
[32m2025-01-01 16:57:59,770 - INFO - d_prime: 13 d: 7[0m
[32m2025-01-01 16:57:59,773 - INFO - forbidden_vars: ([{0:1},{0:1},{0:1},{1:1},{4:1},{5:1},{5:1},{5:1},{6:1},{6:1},{6:1},{6:1},{0:1,1:1},{1:1,6:1},{1:1,4:1},{1:1,5:1},{1:1,3:1},{3:1,4:1},{3:1,4:1},{4:1,7:1},{4:1,7:1},{4:2},{4:1,5:1},{4:2},{4:1,5:1},{4:2},{5:2},{6:2},{6:1,7:1},{0:1,4:1,7:1},{0:1,5:1,6:1},{0:1,4:2},{4:2,6:1},{4:2,5:1},{4:1,5:1,7:1}])[0m
[32m2025-01-01 16:57:59,773 - INFO - False[0m
[32m2025-01-01 16:58:06,386 - INFO - d_prime: 9 d: 10[0m
[32m2025-01-01 16:58:06,390 - INFO - d_prime: 10 d: 10[0m
[32m2025-01-01 16:58:06,393 - INFO - d_prime: 11 d: 10[0m
[32m2025-01-01 16:58:06,396 - INFO - d_prime: 12 d: 10[0m
[32m2025-01-01 16:58:06,399 - INFO - d_prime: 13 d: 10[0m
[32m2025-01-01 16:58:06,401 - INFO - forbidden_vars: ([{0:1},{0:1},{0:1},{1:1},{1:1},{1:1},{1:1},{1:1},{1:1},{3:1},{4:1},{4:1},{4:1},{4:1},{4:1},{5:1},{5:1},{5:1},{7:1},{7:1},{7:1},{7:1},{7:1},{0:1,7:1},{1:2},{1:1,3:1},{1:1,4:1},{1:2},{1:2},{1:1,7:1},{4:1,5:1},{5:2},{5:2},{7:2},{7:2},{4:1,7:2}])[0m
[32m2025-01-01 16:58:06,401 - INFO - False[0m
