1.NAME: LBBDSolver
2.PARAMS: {'break_symmetry': True, 'add_constraints_to_symmetrc_days': True, 'subsolver_cls': 'CPSubSolver2'}
3.INSTANCE: /home/wx350715/Kobra/rehabiliation-admission-scheduling/data/comp_study_002/instance_4_15.txt
4.REPETITION: 1
Current directory: /home/wx350715/Kobra/rehabiliation-admission-scheduling
[34m2025-01-02 11:16:08,609 - DEBUG - Solver: <class 'src.solvers.benders.LBBDSolver'>[0m
[34m2025-01-02 11:16:08,609 - DEBUG - Args: {'break_symmetry': True, 'add_constraints_to_symmetrc_days': True, 'subsolver_cls': 'CPSubSolver2'}[0m
[34m2025-01-02 11:16:08,609 - DEBUG - File path /home/wx350715/Kobra/rehabiliation-admission-scheduling/data/comp_study_002/instance_4_15.txt[0m
[34m2025-01-02 11:16:08,674 - DEBUG - ADD INSTANCE DATA[0m
[34m2025-01-02 11:16:08,675 - DEBUG - ADD INSTANCE DATA[0m
[34m2025-01-02 11:16:08,675 - DEBUG - ADD INSTANCE DATA[0m
[34m2025-01-02 11:16:08,675 - DEBUG - ADD INSTANCE DATA[0m
[34m2025-01-02 11:16:08,675 - DEBUG - ADD INSTANCE DATA[0m
[34m2025-01-02 11:16:08,675 - DEBUG - ADD INSTANCE DATA[0m
[34m2025-01-02 11:16:08,675 - DEBUG - ADD INSTANCE DATA[0m
[34m2025-01-02 11:16:08,675 - DEBUG - ADD INSTANCE DATA[0m
[34m2025-01-02 11:16:08,675 - DEBUG - ADD INSTANCE DATA[0m
[34m2025-01-02 11:16:08,675 - DEBUG - ADD INSTANCE DATA[0m
[34m2025-01-02 11:16:08,675 - DEBUG - ADD INSTANCE DATA[0m
[34m2025-01-02 11:16:08,675 - DEBUG - ADD RESOURCE_GROUPS[0m
[34m2025-01-02 11:16:08,675 - DEBUG - ADD RESOURCE_GROUPS[0m
[34m2025-01-02 11:16:08,675 - DEBUG - ADD RESOURCE_GROUPS[0m
[34m2025-01-02 11:16:08,676 - DEBUG - ADD RESOURCE_GROUPS[0m
[34m2025-01-02 11:16:08,676 - DEBUG - ADD RESOURCES[0m
[34m2025-01-02 11:16:08,676 - DEBUG - ADD RESOURCES[0m
[34m2025-01-02 11:16:08,676 - DEBUG - ADD RESOURCES[0m
[34m2025-01-02 11:16:08,676 - DEBUG - ADD RESOURCES[0m
[34m2025-01-02 11:16:08,676 - DEBUG - ADD RESOURCES[0m
[34m2025-01-02 11:16:08,676 - DEBUG - ADD RESOURCES[0m
[34m2025-01-02 11:16:08,676 - DEBUG - ADD RESOURCES[0m
[34m2025-01-02 11:16:08,676 - DEBUG - ADD RESOURCES[0m
[34m2025-01-02 11:16:08,676 - DEBUG - ADD RESOURCES[0m
[34m2025-01-02 11:16:08,677 - DEBUG - ADD RESOURCES[0m
[34m2025-01-02 11:16:08,677 - DEBUG - ADD TREATMENTS[0m
[34m2025-01-02 11:16:08,677 - DEBUG - ADD TREATMENTS[0m
[34m2025-01-02 11:16:08,677 - DEBUG - ADD TREATMENTS[0m
[34m2025-01-02 11:16:08,677 - DEBUG - ADD TREATMENTS[0m
[34m2025-01-02 11:16:08,677 - DEBUG - ADD TREATMENTS[0m
[34m2025-01-02 11:16:08,677 - DEBUG - ADD TREATMENTS[0m
[34m2025-01-02 11:16:08,677 - DEBUG - ADD TREATMENTS[0m
[34m2025-01-02 11:16:08,677 - DEBUG - ADD TREATMENTS[0m
[34m2025-01-02 11:16:08,678 - DEBUG - ADD PATIENTS[0m
[34m2025-01-02 11:16:08,678 - DEBUG - ADD PATIENTS[0m
[34m2025-01-02 11:16:08,678 - DEBUG - ADD PATIENTS[0m
[34m2025-01-02 11:16:08,678 - DEBUG - ADD PATIENTS[0m
[34m2025-01-02 11:16:08,678 - DEBUG - ADD PATIENTS[0m
[34m2025-01-02 11:16:08,678 - DEBUG - ADD PATIENTS[0m
[34m2025-01-02 11:16:08,678 - DEBUG - ADD PATIENTS[0m
[34m2025-01-02 11:16:08,679 - DEBUG - ADD PATIENTS[0m
[34m2025-01-02 11:16:08,679 - DEBUG - ADD PATIENTS[0m
[34m2025-01-02 11:16:08,679 - DEBUG - ADD PATIENTS[0m
[34m2025-01-02 11:16:08,679 - DEBUG - ADD PATIENTS[0m
[34m2025-01-02 11:16:08,679 - DEBUG - ADD PATIENTS[0m
[34m2025-01-02 11:16:08,679 - DEBUG - ADD PATIENTS[0m
[34m2025-01-02 11:16:08,679 - DEBUG - ADD PATIENTS[0m
[34m2025-01-02 11:16:08,679 - DEBUG - ADD PATIENTS[0m
[34m2025-01-02 11:16:08,680 - DEBUG - ADD PATIENTS[0m
[34m2025-01-02 11:16:08,680 - DEBUG - ADD PATIENTS[0m
[34m2025-01-02 11:16:08,680 - DEBUG - ADD PATIENTS[0m
[34m2025-01-02 11:16:08,680 - DEBUG - ADD PATIENTS[0m
[34m2025-01-02 11:16:08,680 - DEBUG - ADD PATIENTS[0m
[34m2025-01-02 11:16:08,680 - DEBUG - ADD PATIENTS[0m
[34m2025-01-02 11:16:08,680 - DEBUG - ADD PATIENTS[0m
[34m2025-01-02 11:16:08,680 - DEBUG - ADD PATIENTS[0m
[34m2025-01-02 11:16:08,681 - DEBUG - ADD PATIENTS[0m
[34m2025-01-02 11:16:08,686 - DEBUG - ADD PATIENTS[0m
[34m2025-01-02 11:16:08,686 - DEBUG - ADD PATIENTS[0m
[34m2025-01-02 11:16:08,686 - DEBUG - ADD PATIENTS[0m
[34m2025-01-02 11:16:08,686 - DEBUG - ADD PATIENTS[0m
[34m2025-01-02 11:16:08,686 - DEBUG - ADD PATIENTS[0m
[34m2025-01-02 11:16:08,686 - DEBUG - ADD PATIENTS[0m
[34m2025-01-02 11:16:08,687 - DEBUG - Instance data:[0m
[34m2025-01-02 11:16:08,687 - DEBUG - Number of patients: 30[0m
[34m2025-01-02 11:16:08,687 - DEBUG - Number of beds: 40[0m
[34m2025-01-02 11:16:08,687 - DEBUG - Average number of treatments per patient: 26.5[0m
[34m2025-01-02 11:16:08,687 - DEBUG - Average number of treatment per stayed day: 2.2910662824207493[0m
[34m2025-01-02 11:16:08,687 - DEBUG - Number of treatments: 795[0m
[34m2025-01-02 11:16:08,687 - DEBUG - Number of resources: 10[0m
[34m2025-01-02 11:16:08,687 - DEBUG - Number of resource groups: 4[0m
[34m2025-01-02 11:16:08,687 - DEBUG - Number of resource hours needed per all treatment by RG(therapists): 22.441666666666695[0m
[34m2025-01-02 11:16:08,687 - DEBUG - Number of resource hours needed per all treatment by RG(rooms): 41.99166666666666[0m
[34m2025-01-02 11:16:08,687 - DEBUG - Number of resource hours needed per all treatment by RG(physiotherapist): 15.5[0m
[34m2025-01-02 11:16:08,687 - DEBUG - Number of resource hours needed per all treatment by RG(sport_room): 6.75[0m
[32m2025-01-02 11:16:08,687 - INFO - {'solver': 'LBBDSolver', 'args': {'break_symmetry': False, 'subsolver_cls': <class 'src.solvers.subsolvers.cp_subsolver.CPSubsolver'>, 'subsolver.store_results': True, 'subsolver.store_results_method': 'hash', 'use_helper_constraints': True, 'enforce_min_treatments_per_day': True, 'enforce_max_treatments_per_e_w': True, 'enforce_min_patients_per_treatment': True, 'log_to_console': True}}[0m
[34m2025-01-02 11:16:08,687 - DEBUG - Setting options: LBBDSolver[0m
[34m2025-01-02 11:16:08,687 - DEBUG -  ---- break_symmetry to False[0m
[34m2025-01-02 11:16:08,687 - DEBUG -  ---- subsolver_cls to <class 'src.solvers.subsolvers.cp_subsolver.CPSubsolver'>[0m
[34m2025-01-02 11:16:08,688 - DEBUG -  ---- use_helper_constraints to True[0m
[34m2025-01-02 11:16:08,688 - DEBUG -  ---- add_constraints_to_symmetric_days to True (default)[0m
[34m2025-01-02 11:16:08,688 - DEBUG - Setting options: Solver[0m
[34m2025-01-02 11:16:08,688 - DEBUG -  ---- number_of_threads to 4 (default)[0m
[34m2025-01-02 11:16:08,688 - DEBUG -  ---- treatment_value to 0 (default)[0m
[34m2025-01-02 11:16:08,688 - DEBUG -  ---- delay_value to 1 (default)[0m
[34m2025-01-02 11:16:08,688 - DEBUG -  ---- missing_treatment_value to 4 (default)[0m
[34m2025-01-02 11:16:08,688 - DEBUG -  ---- enforce_min_treatments_per_day to True[0m
[34m2025-01-02 11:16:08,688 - DEBUG -  ---- enforce_max_treatments_per_e_w to True[0m
[34m2025-01-02 11:16:08,688 - DEBUG -  ---- enforce_min_patients_per_treatment to True[0m
[34m2025-01-02 11:16:08,688 - DEBUG -  ---- log_to_console to True[0m
[34m2025-01-02 11:16:08,688 - DEBUG -  ---- log_to_file to True (default)[0m
[34m2025-01-02 11:16:08,688 - DEBUG -  ---- no_rel_heur_time to 1 (default)[0m
[34m2025-01-02 11:16:08,726 - DEBUG - Setting options: CPSubsolver[0m
[34m2025-01-02 11:16:08,727 - DEBUG -  ---- estimated_needed_treatments to True (default)[0m
[34m2025-01-02 11:16:08,727 - DEBUG -  ---- add_patient_symmetry to False (default)[0m
[34m2025-01-02 11:16:08,727 - DEBUG - Setting Subsolver options: SubSolver[0m
[34m2025-01-02 11:16:08,727 - DEBUG -  ---- store_results to True[0m
[34m2025-01-02 11:16:08,727 - DEBUG -  ---- store_results_method to hash[0m
[34m2025-01-02 11:16:08,727 - DEBUG -  ---- enforce_min_patients_per_treatment to True[0m
[34m2025-01-02 11:16:08,727 - DEBUG -  ---- use_day_symmetry to True (default)[0m
[32m2025-01-02 11:16:08,785 - INFO - Create model: LBBDSolver[0m
Set parameter TSPort to value 50039
Set parameter TokenServer to value "license.itc.rwth-aachen.de"
Set parameter Threads to value 4
Set parameter Cuts to value 0
Set parameter LazyConstraints to value 1
Set parameter NoRelHeurTime to value 1
[34m2025-01-02 11:16:09,438 - DEBUG - Variables created.[0m
[34m2025-01-02 11:16:11,613 - DEBUG - Constraint (not too many treatments) created.[0m
[34m2025-01-02 11:16:13,120 - DEBUG - Constraint (no_treatments_outside admittance) created.[0m
[34m2025-01-02 11:16:13,122 - DEBUG - Constraint (bed_usage) created.[0m
[34m2025-01-02 11:16:13,123 - DEBUG - Constraint (must be admitted) created.[0m
[34m2025-01-02 11:16:13,350 - DEBUG - Constraint (e_w_ub) created.[0m
[34m2025-01-02 11:16:13,427 - DEBUG - Constraint (day_ub) created.[0m
[34m2025-01-02 11:16:13,505 - DEBUG - Constraint (Day always) created.[0m
[34m2025-01-02 11:16:13,506 - DEBUG - Constraint (already_admitted) created.[0m
[32m2025-01-02 11:16:17,987 - INFO - Time to create model: 9.201[0m
[32m2025-01-02 11:16:17,987 - INFO - Solving model: LBBDSolver[0m
Gurobi Optimizer version 10.0.0 build v10.0.0rc2 (linux64)

CPU model: Intel(R) Xeon(R) Platinum 8468, instruction set [SSE2|AVX|AVX2|AVX512]
Thread count: 96 physical cores, 96 logical processors, using up to 4 threads

Optimize a model with 286687 rows, 120381 columns and 2306264 nonzeros
Model fingerprint: 0xaff45b8f
Variable types: 3 continuous, 120378 integer (120378 binary)
Coefficient statistics:
  Matrix range     [1e+00, 2e+01]
  Objective range  [1e+00, 1e+01]
  Bounds range     [1e+00, 1e+00]
  RHS range        [1e+00, 3e+03]
Presolve added 0 rows and 2240 columns
Presolve removed 182801 rows and 0 columns
Presolve time: 4.75s
Presolved: 103886 rows, 122621 columns, 1511618 nonzeros
Variable types: 1 continuous, 122620 integer (121676 binary)
Starting NoRel heuristic
Found phase-1 solution: relaxation 33
Found phase-1 solution: relaxation 30
Found phase-1 solution: relaxation 25
Found phase-1 solution: relaxation 21
Found phase-1 solution: relaxation 19
Root relaxation presolved: 103430 rows, 122473 columns, 1430762 nonzeros

Deterministic concurrent LP optimizer: primal simplex, dual simplex, and barrier
Showing barrier log only...

Root barrier log...

Ordering time: 0.39s

Barrier statistics:
 Dense cols : 64
 AA' NZ     : 1.435e+05
 Factor NZ  : 5.069e+05 (roughly 10 MB of memory)
 Factor Ops : 8.960e+07 (less than 1 second per iteration)
 Threads    : 2

                  Objective                Residual
Iter       Primal          Dual         Primal    Dual     Compl     Time
   0  -4.17222743e+06 -7.75637175e+04  8.88e+04 1.48e+00  9.99e+02    11s
   1  -1.96546098e+06 -1.56127427e+05  4.19e+04 1.08e+01  4.72e+02    11s
   2  -8.33237021e+05 -1.88815447e+05  1.78e+04 1.63e-12  2.05e+02    11s
   3  -3.54367760e+05 -1.53081764e+05  7.61e+03 2.09e-02  8.77e+01    11s
   4  -1.14137331e+05 -1.16044974e+05  2.43e+03 6.81e-03  2.96e+01    11s
   5  -2.41377329e+04 -6.42037053e+04  5.26e+02 2.33e-03  7.56e+00    11s
   6  -4.48234746e+03 -2.52945170e+04  1.10e+02 9.01e-04  1.90e+00    11s
   7  -4.24104843e+02 -9.49318879e+03  2.45e+01 3.14e-04  5.64e-01    11s
   8   5.26102828e+02 -1.36556311e+03  4.10e+00 5.54e-05  9.93e-02    11s
   9   6.20955751e+02  1.60545765e+02  1.79e+00 1.70e-05  2.52e-02    11s
  10   6.23722328e+02  3.24915995e+02  1.76e+00 1.71e-05  1.77e-02    11s
  11   6.79437499e+02  6.51847063e+02  2.12e-01 1.54e-04  1.70e-03    12s
  12   6.82632261e+02  6.63493586e+02  6.84e-02 1.02e-04  1.00e-03    12s
  13   6.82749813e+02  6.68815239e+02  5.96e-02 7.52e-05  7.52e-04    12s
  14   6.83583592e+02  6.79336546e+02  2.35e-02 1.94e-05  2.40e-04    12s
  15   6.83994857e+02  6.82991881e+02  3.46e-03 8.96e-06  5.22e-05    12s
  16   6.83999321e+02  6.83600103e+02  1.51e-03 4.80e-06  2.11e-05    12s
  17   6.83998956e+02  6.83925536e+02  8.63e-04 1.63e-06  5.15e-06    12s
  18   6.84000044e+02  6.83996684e+02  4.26e-05 5.34e-07  2.42e-07    12s
  19   6.84000002e+02  6.83999997e+02  2.21e-10 1.56e-08  2.44e-10    12s

Barrier solved model in 19 iterations and 12.12 seconds (11.48 work units)
Optimal objective 6.84000002e+02


Root crossover log...

     600 DPushes remaining with DInf 0.0000000e+00                12s
       0 DPushes remaining with DInf 0.0000000e+00                12s

    5427 PPushes remaining with PInf 5.2365233e-06                12s
       0 PPushes remaining with PInf 0.0000000e+00                13s

  Push phase complete: Pinf 0.0000000e+00, Dinf 1.4552803e-12     13s


Root simplex log...

Iteration    Objective       Primal Inf.    Dual Inf.      Time
    5715    6.8400000e+02   0.000000e+00   0.000000e+00     13s
Concurrent spin time: 0.01s

Solved with barrier
    5715    6.8400000e+02   0.000000e+00   0.000000e+00     13s

Use crossover to convert LP symmetric solution to basic solution...

Root crossover log...

     828 DPushes remaining with DInf 0.0000000e+00                13s
       0 DPushes remaining with DInf 0.0000000e+00                13s

   17627 PPushes remaining with PInf 0.0000000e+00                13s
       0 PPushes remaining with PInf 0.0000000e+00                14s

  Push phase complete: Pinf 0.0000000e+00, Dinf 4.4186876e-14     14s


Root simplex log...

Iteration    Objective       Primal Inf.    Dual Inf.      Time
   23369    6.8400000e+02   0.000000e+00   0.000000e+00     14s
   23369    6.8400000e+02   0.000000e+00   0.000000e+00     14s

Root relaxation: objective 6.840000e+02, 23369 iterations, 5.98 seconds (1.51 work units)

    Nodes    |    Current Node    |     Objective Bounds      |     Work
 Expl Unexpl |  Obj  Depth IntInf | Incumbent    BestBd   Gap | It/Node Time

     0     0  684.00000    0 2589          -  684.00000      -     -   30s
     0     0  684.00000    0 2589          -  684.00000      -     -   50s
[32m2025-01-02 11:18:27,094 - INFO - d_prime: 8 d: 8[0m
[32m2025-01-02 11:18:27,100 - INFO - d_prime: 9 d: 8[0m
[32m2025-01-02 11:18:27,105 - INFO - d_prime: 10 d: 8[0m
[32m2025-01-02 11:18:27,110 - INFO - d_prime: 11 d: 8[0m
[32m2025-01-02 11:18:27,113 - INFO - forbidden_vars: ([{0:1},{0:1},{1:1},{5:1},{5:1},{1:1,4:1},{1:1,2:1},{1:2},{1:1,2:1},{5:2},{1:2,2:1},{1:1,4:1,5:1},{1:2,5:1},{1:1,3:1,5:1},{2:1,4:1,5:1},{0:1,5:1,7:2},{0:1,2:1,4:2},{0:1,2:1,3:1,4:1},{1:1,4:3},{1:1,2:1,5:1,7:1},{1:2,4:2},{1:3,2:1},{2:1,4:2,5:1},{4:3,7:1},{4:1,5:2,7:1},{0:1,1:2,2:1,4:1}])[0m
[32m2025-01-02 11:18:27,113 - INFO - False[0m
[32m2025-01-02 11:23:52,852 - INFO - d_prime: 9 d: 13[0m
[32m2025-01-02 11:23:52,859 - INFO - d_prime: 10 d: 13[0m
[32m2025-01-02 11:23:52,863 - INFO - d_prime: 11 d: 13[0m
[32m2025-01-02 11:23:52,867 - INFO - d_prime: 12 d: 13[0m
[32m2025-01-02 11:23:52,871 - INFO - d_prime: 13 d: 13[0m
[32m2025-01-02 11:23:52,873 - INFO - forbidden_vars: ([{0:1},{0:2},{0:2},{0:1,1:1},{1:1,3:1},{3:1,5:1},{0:1,1:1,4:1},{0:2,1:1},{1:1,6:1,7:1},{3:1,6:1,7:1},{0:3,6:1},{0:3,6:1},{0:1,1:1,3:1,6:1},{0:1,3:1,7:2},{0:3,5:1},{0:3,4:1},{1:1,3:1,4:1,7:1},{1:1,3:3},{1:2,3:1,5:1},{0:1,1:1,3:3},{0:1,3:2,4:1,7:1}])[0m
[32m2025-01-02 11:23:52,873 - INFO - False[0m
     0     2  684.00000    0 2589          -  684.00000      -     -  490s
     1     4  684.00000    1 1653          -  684.00000      - 26691  509s
     3     8  684.00000    2 1198          -  684.00000      - 11857  526s
     7    12  684.00000    3 1050          -  684.00000      -  6810  533s
    11    16  684.00000    4  819          -  684.00000      -  4654  537s
    19    24  684.00000    6  843          -  684.00000      -  2967  540s
    23    31  684.00000    7  827          -  684.00000      -  2525  545s
    30    78  684.00000    9  633          -  684.00000      -  2161  551s
    77   277  684.00000   21  350          -  684.00000      -   969  571s
   276   709  684.00000   81  102          -  684.00000      -   346  605s
   721  1027  684.00000   42  269          -  684.00000      -   212  629s
[32m2025-01-02 11:32:39,606 - INFO - d_prime: 4 d: 4[0m
[32m2025-01-02 11:32:39,609 - INFO - d_prime: 5 d: 4[0m
[32m2025-01-02 11:32:39,610 - INFO - d_prime: 6 d: 4[0m
[32m2025-01-02 11:32:39,612 - INFO - d_prime: 7 d: 4[0m
[32m2025-01-02 11:32:39,614 - INFO - d_prime: 8 d: 4[0m
[32m2025-01-02 11:32:39,617 - INFO - forbidden_vars: ([{1:1},{2:1},{0:2},{1:1,2:1},{1:1,2:1},{1:2},{2:1,3:1},{2:1,4:1},{3:2},{1:2,2:1},{0:1,2:1,4:2},{0:3,2:1},{0:3,2:1},{0:1,2:1,3:3}])[0m
[32m2025-01-02 11:32:39,617 - INFO - False[0m
[32m2025-01-02 11:35:25,828 - INFO - d_prime: 9 d: 13[0m
[32m2025-01-02 11:35:25,834 - INFO - d_prime: 10 d: 13[0m
[32m2025-01-02 11:35:25,838 - INFO - d_prime: 11 d: 13[0m
[32m2025-01-02 11:35:25,841 - INFO - d_prime: 12 d: 13[0m
[32m2025-01-02 11:35:25,844 - INFO - d_prime: 13 d: 13[0m
[32m2025-01-02 11:35:25,846 - INFO - forbidden_vars: ([{0:1},{0:1},{0:2},{1:2},{3:1,4:1},{0:2,1:1},{0:2,6:1},{0:1,3:2},{0:1,5:2},{6:1,7:2},{0:1,4:2,6:1},{0:1,3:1,5:1,6:1},{0:1,3:1,7:2},{0:1,4:2,5:1},{0:2,1:2},{1:1,3:3},{3:1,5:1,6:1,7:1},{4:3,6:1},{4:2,5:1,7:1},{0:3,3:1,5:1},{1:1,3:3,6:1}])[0m
[32m2025-01-02 11:35:25,846 - INFO - False[0m
  1054  1374  684.00000   92  177          -  684.00000      -   193 1173s
[32m2025-01-02 11:40:18,937 - INFO - d_prime: 3 d: 3[0m
[32m2025-01-02 11:40:18,939 - INFO - d_prime: 4 d: 3[0m
[32m2025-01-02 11:40:18,940 - INFO - d_prime: 5 d: 3[0m
[32m2025-01-02 11:40:18,942 - INFO - d_prime: 6 d: 3[0m
[32m2025-01-02 11:40:18,943 - INFO - d_prime: 7 d: 3[0m
[32m2025-01-02 11:40:18,944 - INFO - d_prime: 8 d: 3[0m
[32m2025-01-02 11:40:18,946 - INFO - forbidden_vars: ([{0:1,2:1},{1:1,2:1},{2:2},{1:1,2:2},{1:1,2:2},{2:2,3:1},{2:1,3:2},{1:2,2:2},{1:2,2:2},{2:2,3:1,7:1},{0:1,2:1,3:3},{2:2,3:1,7:2}])[0m
[32m2025-01-02 11:40:18,947 - INFO - False[0m
[32m2025-01-02 11:43:07,561 - INFO - d_prime: 9 d: 13[0m
[32m2025-01-02 11:43:07,565 - INFO - d_prime: 10 d: 13[0m
[32m2025-01-02 11:43:07,568 - INFO - d_prime: 11 d: 13[0m
[32m2025-01-02 11:43:07,571 - INFO - d_prime: 12 d: 13[0m
[32m2025-01-02 11:43:07,574 - INFO - d_prime: 13 d: 13[0m
[32m2025-01-02 11:43:07,576 - INFO - forbidden_vars: ([{0:1},{5:1},{0:2},{0:1,3:1},{0:1,4:1},{6:1,7:1},{0:2,6:1},{0:1,4:1,5:1},{1:2,5:1},{3:1,6:1,7:1},{0:1,4:2,6:1},{0:1,3:2,6:1},{0:3,4:1},{0:1,3:1,4:2},{0:2,4:2},{0:1,3:1,5:2},{1:1,6:1,7:2},{3:3,6:1},{4:2,5:1,6:1},{0:1,3:3,6:1},{0:3,4:1,5:1}])[0m
[32m2025-01-02 11:43:07,576 - INFO - False[0m
  1416  1696  684.00000  152  335          -  684.00000      -   172 1633s
  1737  2089  684.00000  184  155          -  684.00000      -   159 1659s
[32m2025-01-02 11:46:08,872 - INFO - d_prime: 2 d: 2[0m
[32m2025-01-02 11:46:08,874 - INFO - d_prime: 3 d: 2[0m
[32m2025-01-02 11:46:08,875 - INFO - d_prime: 4 d: 2[0m
[32m2025-01-02 11:46:08,876 - INFO - d_prime: 5 d: 2[0m
[32m2025-01-02 11:46:08,878 - INFO - d_prime: 6 d: 2[0m
[32m2025-01-02 11:46:08,879 - INFO - d_prime: 7 d: 2[0m
[32m2025-01-02 11:46:08,880 - INFO - d_prime: 8 d: 2[0m
[32m2025-01-02 11:46:08,883 - INFO - forbidden_vars: ([{2:1},{2:1},{2:1},{0:1,2:1},{0:1,2:1},{0:1,1:1,2:1},{1:1,2:1,3:1},{2:1,3:1,4:1,7:1},{0:1,2:1,3:3},{1:2,2:1,3:1,4:1}])[0m
[32m2025-01-02 11:46:08,883 - INFO - False[0m
  2135  2470  684.00000  220   83          -  684.00000      -   144 1919s
[32m2025-01-02 11:50:36,938 - INFO - d_prime: 2 d: 2[0m
[32m2025-01-02 11:50:36,940 - INFO - d_prime: 3 d: 2[0m
[32m2025-01-02 11:50:36,941 - INFO - d_prime: 4 d: 2[0m
[32m2025-01-02 11:50:36,942 - INFO - d_prime: 5 d: 2[0m
[32m2025-01-02 11:50:36,943 - INFO - d_prime: 6 d: 2[0m
[32m2025-01-02 11:50:36,945 - INFO - d_prime: 7 d: 2[0m
[32m2025-01-02 11:50:36,946 - INFO - d_prime: 8 d: 2[0m
[32m2025-01-02 11:50:36,949 - INFO - forbidden_vars: ([{2:1},{2:1},{2:1},{0:1,2:1},{0:1,2:1},{0:1,1:1,2:1},{1:1,2:1,3:1},{1:1,2:1,3:1,4:1},{0:1,2:1,3:3},{1:3,2:1,3:1}])[0m
[32m2025-01-02 11:50:36,949 - INFO - False[0m
[32m2025-01-02 11:54:04,180 - INFO - d_prime: 2 d: 2[0m
[32m2025-01-02 11:54:04,182 - INFO - d_prime: 3 d: 2[0m
[32m2025-01-02 11:54:04,183 - INFO - d_prime: 4 d: 2[0m
[32m2025-01-02 11:54:04,184 - INFO - d_prime: 5 d: 2[0m
[32m2025-01-02 11:54:04,185 - INFO - d_prime: 6 d: 2[0m
[32m2025-01-02 11:54:04,186 - INFO - d_prime: 7 d: 2[0m
[32m2025-01-02 11:54:04,187 - INFO - d_prime: 8 d: 2[0m
[32m2025-01-02 11:54:04,189 - INFO - forbidden_vars: ([{2:1},{2:1},{2:1},{0:1,2:1},{0:1,2:1},{2:1,3:1},{0:1,1:1,2:1},{2:1,3:1,4:1,7:1},{0:1,2:1,3:3},{1:3,2:1,3:1}])[0m
[32m2025-01-02 11:54:04,189 - INFO - False[0m
[32m2025-01-02 11:57:53,020 - INFO - d_prime: 2 d: 2[0m
[32m2025-01-02 11:57:53,022 - INFO - d_prime: 3 d: 2[0m
[32m2025-01-02 11:57:53,022 - INFO - d_prime: 4 d: 2[0m
[32m2025-01-02 11:57:53,023 - INFO - d_prime: 5 d: 2[0m
[32m2025-01-02 11:57:53,024 - INFO - d_prime: 6 d: 2[0m
[32m2025-01-02 11:57:53,025 - INFO - d_prime: 7 d: 2[0m
[32m2025-01-02 11:57:53,026 - INFO - d_prime: 8 d: 2[0m
[32m2025-01-02 11:57:53,028 - INFO - forbidden_vars: ([{2:1},{2:1},{0:1,2:1},{0:1,2:1},{2:1,3:1},{2:1,4:1},{0:1,1:1,2:1},{2:1,3:1,7:2},{0:1,2:1,3:3},{1:3,2:1,3:1}])[0m
[32m2025-01-02 11:57:53,028 - INFO - False[0m
[32m2025-01-02 12:01:17,268 - INFO - d_prime: 2 d: 2[0m
[32m2025-01-02 12:01:17,270 - INFO - d_prime: 3 d: 2[0m
[32m2025-01-02 12:01:17,271 - INFO - d_prime: 4 d: 2[0m
[32m2025-01-02 12:01:17,272 - INFO - d_prime: 5 d: 2[0m
[32m2025-01-02 12:01:17,273 - INFO - d_prime: 6 d: 2[0m
[32m2025-01-02 12:01:17,275 - INFO - d_prime: 7 d: 2[0m
[32m2025-01-02 12:01:17,276 - INFO - d_prime: 8 d: 2[0m
[32m2025-01-02 12:01:17,278 - INFO - forbidden_vars: ([{2:1},{2:1},{0:1,2:1},{0:1,2:1},{0:1,2:1},{2:1,3:1},{0:1,1:1,2:1},{2:1,3:2,4:1},{1:1,2:1,3:3},{1:2,2:1,3:1,4:1}])[0m
[32m2025-01-02 12:01:17,278 - INFO - False[0m
[32m2025-01-02 12:04:04,991 - INFO - d_prime: 9 d: 13[0m
[32m2025-01-02 12:04:04,994 - INFO - d_prime: 10 d: 13[0m
[32m2025-01-02 12:04:04,997 - INFO - d_prime: 11 d: 13[0m
[32m2025-01-02 12:04:05,000 - INFO - d_prime: 12 d: 13[0m
[32m2025-01-02 12:04:05,002 - INFO - d_prime: 13 d: 13[0m
[32m2025-01-02 12:04:05,004 - INFO - forbidden_vars: ([{6:1},{0:2},{0:1,6:1},{0:1,3:1},{0:2},{0:2},{4:2},{0:1,7:2},{0:2,3:1},{1:2,5:1},{3:3},{0:1,4:2,6:1},{0:1,5:2,6:1},{0:2,4:1,7:1},{0:1,4:2,5:1},{0:2,3:1,4:1},{3:3,6:1},{3:1,4:1,6:1,7:1},{4:3,6:1},{4:2,5:1,7:1},{0:3,5:2}])[0m
[32m2025-01-02 12:04:05,004 - INFO - False[0m
  2575  2774  684.00000  260   21          -  684.00000      -   127 2887s
[32m2025-01-02 12:06:35,099 - INFO - d_prime: 9 d: 13[0m
[32m2025-01-02 12:06:35,103 - INFO - d_prime: 10 d: 13[0m
[32m2025-01-02 12:06:35,106 - INFO - d_prime: 11 d: 13[0m
[32m2025-01-02 12:06:35,109 - INFO - d_prime: 12 d: 13[0m
[32m2025-01-02 12:06:35,112 - INFO - d_prime: 13 d: 13[0m
[32m2025-01-02 12:06:35,114 - INFO - forbidden_vars: ([{6:1},{0:2},{0:1,6:1},{0:1,3:1},{0:2},{4:2},{0:2,1:1},{0:1,7:2},{0:2,3:1},{0:1,1:2},{3:3},{0:2,4:1,6:1},{0:1,5:2,6:1},{0:2,4:1,7:1},{0:1,4:2,5:1},{0:2,3:1,4:1},{3:1,4:1,6:1,7:1},{4:3,6:1},{4:2,5:1,7:1},{0:3,5:2},{3:3,5:1,6:1}])[0m
[32m2025-01-02 12:06:35,114 - INFO - False[0m
  2867  2988  684.00000  273   25          -  684.00000      -   124 3038s
[32m2025-01-02 12:09:04,893 - INFO - d_prime: 9 d: 13[0m
[32m2025-01-02 12:09:04,898 - INFO - d_prime: 10 d: 13[0m
[32m2025-01-02 12:09:04,901 - INFO - d_prime: 11 d: 13[0m
[32m2025-01-02 12:09:04,904 - INFO - d_prime: 12 d: 13[0m
[32m2025-01-02 12:09:04,908 - INFO - d_prime: 13 d: 13[0m
[32m2025-01-02 12:09:04,910 - INFO - forbidden_vars: ([{6:1},{0:2},{0:1,6:1},{0:1,3:1},{0:2},{4:2},{0:2,1:1},{0:1,7:2},{0:2,3:1},{0:1,1:2},{3:3},{0:2,4:1,6:1},{0:1,5:2,6:1},{0:2,4:1,7:1},{0:1,1:1,4:1,6:1},{0:2,3:1,4:1},{3:1,4:1,6:1,7:1},{4:3,6:1},{4:2,5:1,7:1},{0:3,5:2},{3:3,5:1,6:1}])[0m
[32m2025-01-02 12:09:04,910 - INFO - False[0m
[32m2025-01-02 12:10:00,070 - INFO - d_prime: 9 d: 13[0m
[32m2025-01-02 12:10:00,074 - INFO - d_prime: 10 d: 13[0m
[32m2025-01-02 12:10:00,077 - INFO - d_prime: 11 d: 13[0m
[32m2025-01-02 12:10:00,080 - INFO - d_prime: 12 d: 13[0m
[32m2025-01-02 12:10:00,084 - INFO - d_prime: 13 d: 13[0m
[32m2025-01-02 12:10:00,085 - INFO - forbidden_vars: ([{6:1},{0:2},{0:1,6:1},{0:1,3:1},{0:2},{4:2},{0:2,1:1},{0:1,7:2},{0:2,3:1},{0:1,1:2},{3:3},{0:2,4:1,6:1},{0:1,5:2,6:1},{0:2,4:1,7:1},{0:1,1:1,4:2},{0:2,3:1,4:1},{3:1,4:1,6:1,7:1},{4:3,6:1},{4:2,5:1,7:1},{0:3,5:2},{3:3,5:1,6:1}])[0m
[32m2025-01-02 12:10:00,085 - INFO - False[0m
[32m2025-01-02 12:10:54,608 - INFO - d_prime: 9 d: 13[0m
[32m2025-01-02 12:10:54,612 - INFO - d_prime: 10 d: 13[0m
[32m2025-01-02 12:10:54,615 - INFO - d_prime: 11 d: 13[0m
[32m2025-01-02 12:10:54,618 - INFO - d_prime: 12 d: 13[0m
[32m2025-01-02 12:10:54,621 - INFO - d_prime: 13 d: 13[0m
[32m2025-01-02 12:10:54,623 - INFO - forbidden_vars: ([{6:1},{0:2},{0:1,6:1},{0:1,3:1},{0:2},{4:2},{0:2,1:1},{0:1,7:2},{0:2,3:1},{0:1,1:2},{3:3},{0:2,4:1,6:1},{0:1,5:2,6:1},{0:2,4:1,7:1},{0:1,1:1,4:1,5:1},{0:2,3:1,4:1},{3:3,6:1},{3:1,4:1,6:1,7:1},{4:3,6:1},{4:2,5:1,7:1},{0:3,5:2}])[0m
[32m2025-01-02 12:10:54,623 - INFO - False[0m
[32m2025-01-02 12:12:07,121 - INFO - d_prime: 9 d: 13[0m
[32m2025-01-02 12:12:07,127 - INFO - d_prime: 10 d: 13[0m
[32m2025-01-02 12:12:07,130 - INFO - d_prime: 11 d: 13[0m
[32m2025-01-02 12:12:07,133 - INFO - d_prime: 12 d: 13[0m
[32m2025-01-02 12:12:07,137 - INFO - d_prime: 13 d: 13[0m
[32m2025-01-02 12:12:07,139 - INFO - forbidden_vars: ([{6:1},{0:1,6:1},{0:1,3:1},{0:2},{4:2},{0:2,6:1},{0:2,1:1},{0:1,7:2},{0:2,3:1},{0:1,1:2},{3:3},{0:2,4:1,6:1},{0:1,5:2,6:1},{0:2,4:1,7:1},{0:1,1:1,4:1,5:1},{0:2,3:1,4:1},{3:1,4:1,6:1,7:1},{4:3,6:1},{4:2,5:1,7:1},{0:3,5:1,6:1},{3:3,5:1,6:1}])[0m
[32m2025-01-02 12:12:07,139 - INFO - False[0m
  3131  3226  684.00000  282   11          -  684.00000      -   124 3370s
[32m2025-01-02 12:15:03,944 - INFO - d_prime: 9 d: 13[0m
[32m2025-01-02 12:15:03,948 - INFO - d_prime: 10 d: 13[0m
[32m2025-01-02 12:15:03,951 - INFO - d_prime: 11 d: 13[0m
[32m2025-01-02 12:15:03,954 - INFO - d_prime: 12 d: 13[0m
[32m2025-01-02 12:15:03,957 - INFO - d_prime: 13 d: 13[0m
[32m2025-01-02 12:15:03,959 - INFO - forbidden_vars: ([{6:1},{0:1,6:1},{0:1,3:1},{0:2},{4:2},{0:2,6:1},{0:2,1:1},{0:1,7:2},{0:2,3:1},{0:1,1:2},{3:3},{0:2,4:1,6:1},{0:1,5:2,6:1},{0:3,4:1},{0:1,1:1,4:1,5:1},{0:2,3:1,4:1},{3:1,4:1,6:1,7:1},{4:3,6:1},{4:2,5:1,7:1},{0:3,5:1,6:1},{3:3,5:1,6:1}])[0m
[32m2025-01-02 12:15:03,959 - INFO - False[0m
