1.NAME: LBBDSolver
2.PARAMS: {'break_symmetry': False, 'add_constraints_to_symmetrc_days': False, 'subsolver_cls': 'CPSubSolver'}
3.INSTANCE: /home/wx350715/Kobra/rehabiliation-admission-scheduling/data/comp_study_002/instance_6_5.txt
4.REPETITION: 1
Current directory: /home/wx350715/Kobra/rehabiliation-admission-scheduling
[34m2025-01-01 15:58:28,849 - DEBUG - Solver: <class 'src.solvers.benders.LBBDSolver'>[0m
[34m2025-01-01 15:58:28,849 - DEBUG - Args: {'break_symmetry': False, 'add_constraints_to_symmetrc_days': False, 'subsolver_cls': 'CPSubSolver'}[0m
[34m2025-01-01 15:58:28,849 - DEBUG - File path /home/wx350715/Kobra/rehabiliation-admission-scheduling/data/comp_study_002/instance_6_5.txt[0m
[34m2025-01-01 15:58:28,849 - DEBUG - ADD INSTANCE DATA[0m
[34m2025-01-01 15:58:28,849 - DEBUG - ADD INSTANCE DATA[0m
[34m2025-01-01 15:58:28,849 - DEBUG - ADD INSTANCE DATA[0m
[34m2025-01-01 15:58:28,849 - DEBUG - ADD INSTANCE DATA[0m
[34m2025-01-01 15:58:28,849 - DEBUG - ADD INSTANCE DATA[0m
[34m2025-01-01 15:58:28,849 - DEBUG - ADD INSTANCE DATA[0m
[34m2025-01-01 15:58:28,849 - DEBUG - ADD INSTANCE DATA[0m
[34m2025-01-01 15:58:28,850 - DEBUG - ADD INSTANCE DATA[0m
[34m2025-01-01 15:58:28,850 - DEBUG - ADD INSTANCE DATA[0m
[34m2025-01-01 15:58:28,850 - DEBUG - ADD INSTANCE DATA[0m
[34m2025-01-01 15:58:28,850 - DEBUG - ADD INSTANCE DATA[0m
[34m2025-01-01 15:58:28,850 - DEBUG - ADD RESOURCE_GROUPS[0m
[34m2025-01-01 15:58:28,850 - DEBUG - ADD RESOURCE_GROUPS[0m
[34m2025-01-01 15:58:28,850 - DEBUG - ADD RESOURCE_GROUPS[0m
[34m2025-01-01 15:58:28,850 - DEBUG - ADD RESOURCE_GROUPS[0m
[34m2025-01-01 15:58:28,850 - DEBUG - ADD RESOURCES[0m
[34m2025-01-01 15:58:28,850 - DEBUG - ADD RESOURCES[0m
[34m2025-01-01 15:58:28,850 - DEBUG - ADD RESOURCES[0m
[34m2025-01-01 15:58:28,850 - DEBUG - ADD RESOURCES[0m
[34m2025-01-01 15:58:28,850 - DEBUG - ADD RESOURCES[0m
[34m2025-01-01 15:58:28,850 - DEBUG - ADD RESOURCES[0m
[34m2025-01-01 15:58:28,850 - DEBUG - ADD RESOURCES[0m
[34m2025-01-01 15:58:28,850 - DEBUG - ADD RESOURCES[0m
[34m2025-01-01 15:58:28,851 - DEBUG - ADD RESOURCES[0m
[34m2025-01-01 15:58:28,851 - DEBUG - ADD RESOURCES[0m
[34m2025-01-01 15:58:28,851 - DEBUG - ADD TREATMENTS[0m
[34m2025-01-01 15:58:28,851 - DEBUG - ADD TREATMENTS[0m
[34m2025-01-01 15:58:28,851 - DEBUG - ADD TREATMENTS[0m
[34m2025-01-01 15:58:28,851 - DEBUG - ADD TREATMENTS[0m
[34m2025-01-01 15:58:28,851 - DEBUG - ADD TREATMENTS[0m
[34m2025-01-01 15:58:28,851 - DEBUG - ADD TREATMENTS[0m
[34m2025-01-01 15:58:28,851 - DEBUG - ADD TREATMENTS[0m
[34m2025-01-01 15:58:28,851 - DEBUG - ADD TREATMENTS[0m
[34m2025-01-01 15:58:28,851 - DEBUG - ADD PATIENTS[0m
[34m2025-01-01 15:58:28,851 - DEBUG - ADD PATIENTS[0m
[34m2025-01-01 15:58:28,852 - DEBUG - ADD PATIENTS[0m
[34m2025-01-01 15:58:28,852 - DEBUG - ADD PATIENTS[0m
[34m2025-01-01 15:58:28,852 - DEBUG - ADD PATIENTS[0m
[34m2025-01-01 15:58:28,852 - DEBUG - ADD PATIENTS[0m
[34m2025-01-01 15:58:28,852 - DEBUG - ADD PATIENTS[0m
[34m2025-01-01 15:58:28,852 - DEBUG - ADD PATIENTS[0m
[34m2025-01-01 15:58:28,852 - DEBUG - ADD PATIENTS[0m
[34m2025-01-01 15:58:28,852 - DEBUG - ADD PATIENTS[0m
[34m2025-01-01 15:58:28,852 - DEBUG - ADD PATIENTS[0m
[34m2025-01-01 15:58:28,852 - DEBUG - ADD PATIENTS[0m
[34m2025-01-01 15:58:28,852 - DEBUG - ADD PATIENTS[0m
[34m2025-01-01 15:58:28,853 - DEBUG - ADD PATIENTS[0m
[34m2025-01-01 15:58:28,853 - DEBUG - ADD PATIENTS[0m
[34m2025-01-01 15:58:28,853 - DEBUG - ADD PATIENTS[0m
[34m2025-01-01 15:58:28,853 - DEBUG - ADD PATIENTS[0m
[34m2025-01-01 15:58:28,853 - DEBUG - ADD PATIENTS[0m
[34m2025-01-01 15:58:28,853 - DEBUG - ADD PATIENTS[0m
[34m2025-01-01 15:58:28,853 - DEBUG - ADD PATIENTS[0m
[34m2025-01-01 15:58:28,853 - DEBUG - ADD PATIENTS[0m
[34m2025-01-01 15:58:28,853 - DEBUG - Instance data:[0m
[34m2025-01-01 15:58:28,853 - DEBUG - Number of patients: 21[0m
[34m2025-01-01 15:58:28,854 - DEBUG - Number of beds: 36[0m
[34m2025-01-01 15:58:28,854 - DEBUG - Average number of treatments per patient: 32.38095238095238[0m
[34m2025-01-01 15:58:28,854 - DEBUG - Average number of treatment per stayed day: 2.3859649122807016[0m
[34m2025-01-01 15:58:28,854 - DEBUG - Number of treatments: 680[0m
[34m2025-01-01 15:58:28,855 - DEBUG - Number of resources: 10[0m
[34m2025-01-01 15:58:28,855 - DEBUG - Number of resource groups: 4[0m
[34m2025-01-01 15:58:28,855 - DEBUG - Number of resource hours needed per all treatment by RG(therapists): 19.704166666666676[0m
[34m2025-01-01 15:58:28,855 - DEBUG - Number of resource hours needed per all treatment by RG(rooms): 35.95416666666666[0m
[34m2025-01-01 15:58:28,855 - DEBUG - Number of resource hours needed per all treatment by RG(physiotherapist): 15.5[0m
[34m2025-01-01 15:58:28,855 - DEBUG - Number of resource hours needed per all treatment by RG(sport_room): 6.75[0m
[32m2025-01-01 15:58:28,855 - INFO - {'solver': 'LBBDSolver', 'args': {'break_symmetry': False, 'subsolver_cls': <class 'src.solvers.subsolvers.cp_subsolver.CPSubsolver'>, 'subsolver.store_results': True, 'subsolver.store_results_method': 'hash', 'use_helper_constraints': True, 'enforce_min_treatments_per_day': True, 'enforce_max_treatments_per_e_w': True, 'enforce_min_patients_per_treatment': True, 'log_to_console': True}}[0m
[34m2025-01-01 15:58:28,855 - DEBUG - Setting options: LBBDSolver[0m
[34m2025-01-01 15:58:28,855 - DEBUG -  ---- break_symmetry to False[0m
[34m2025-01-01 15:58:28,855 - DEBUG -  ---- subsolver_cls to <class 'src.solvers.subsolvers.cp_subsolver.CPSubsolver'>[0m
[34m2025-01-01 15:58:28,855 - DEBUG -  ---- use_helper_constraints to True[0m
[34m2025-01-01 15:58:28,855 - DEBUG -  ---- add_constraints_to_symmetric_days to True (default)[0m
[34m2025-01-01 15:58:28,855 - DEBUG - Setting options: Solver[0m
[34m2025-01-01 15:58:28,855 - DEBUG -  ---- number_of_threads to 4 (default)[0m
[34m2025-01-01 15:58:28,855 - DEBUG -  ---- treatment_value to 0 (default)[0m
[34m2025-01-01 15:58:28,855 - DEBUG -  ---- delay_value to 1 (default)[0m
[34m2025-01-01 15:58:28,855 - DEBUG -  ---- missing_treatment_value to 4 (default)[0m
[34m2025-01-01 15:58:28,855 - DEBUG -  ---- enforce_min_treatments_per_day to True[0m
[34m2025-01-01 15:58:28,855 - DEBUG -  ---- enforce_max_treatments_per_e_w to True[0m
[34m2025-01-01 15:58:28,855 - DEBUG -  ---- enforce_min_patients_per_treatment to True[0m
[34m2025-01-01 15:58:28,855 - DEBUG -  ---- log_to_console to True[0m
[34m2025-01-01 15:58:28,855 - DEBUG -  ---- log_to_file to True (default)[0m
[34m2025-01-01 15:58:28,855 - DEBUG -  ---- no_rel_heur_time to 1 (default)[0m
[34m2025-01-01 15:58:28,937 - DEBUG - Setting options: CPSubsolver[0m
[34m2025-01-01 15:58:28,937 - DEBUG -  ---- estimated_needed_treatments to True (default)[0m
[34m2025-01-01 15:58:28,937 - DEBUG -  ---- add_patient_symmetry to False (default)[0m
[34m2025-01-01 15:58:28,937 - DEBUG - Setting Subsolver options: SubSolver[0m
[34m2025-01-01 15:58:28,937 - DEBUG -  ---- store_results to True[0m
[34m2025-01-01 15:58:28,937 - DEBUG -  ---- store_results_method to hash[0m
[34m2025-01-01 15:58:28,937 - DEBUG -  ---- enforce_min_patients_per_treatment to True[0m
[34m2025-01-01 15:58:28,937 - DEBUG -  ---- use_day_symmetry to True (default)[0m
[32m2025-01-01 15:58:29,006 - INFO - Create model: LBBDSolver[0m
Set parameter TSPort to value 50039
Set parameter TokenServer to value "license.itc.rwth-aachen.de"
Set parameter Threads to value 4
Set parameter Cuts to value 0
Set parameter LazyConstraints to value 1
Set parameter NoRelHeurTime to value 1
[34m2025-01-01 15:58:29,429 - DEBUG - Variables created.[0m
[34m2025-01-01 15:58:30,737 - DEBUG - Constraint (not too many treatments) created.[0m
[34m2025-01-01 15:58:31,692 - DEBUG - Constraint (no_treatments_outside admittance) created.[0m
[34m2025-01-01 15:58:31,693 - DEBUG - Constraint (bed_usage) created.[0m
[34m2025-01-01 15:58:31,693 - DEBUG - Constraint (must be admitted) created.[0m
[34m2025-01-01 15:58:31,834 - DEBUG - Constraint (e_w_ub) created.[0m
[34m2025-01-01 15:58:31,880 - DEBUG - Constraint (day_ub) created.[0m
[34m2025-01-01 15:58:31,928 - DEBUG - Constraint (Day always) created.[0m
[34m2025-01-01 15:58:31,928 - DEBUG - Constraint (already_admitted) created.[0m
[32m2025-01-01 15:58:33,828 - INFO - Time to create model: 4.822[0m
[32m2025-01-01 15:58:33,844 - INFO - Solving model: LBBDSolver[0m
Gurobi Optimizer version 10.0.0 build v10.0.0rc2 (linux64)

CPU model: Intel(R) Xeon(R) Platinum 8468, instruction set [SSE2|AVX|AVX2|AVX512]
Thread count: 96 physical cores, 96 logical processors, using up to 4 threads

Optimize a model with 231537 rows, 97384 columns and 1866352 nonzeros
Model fingerprint: 0x1648d4b2
Variable types: 3 continuous, 97381 integer (97381 binary)
Coefficient statistics:
  Matrix range     [1e+00, 5e+01]
  Objective range  [1e+00, 1e+01]
  Bounds range     [1e+00, 1e+00]
  RHS range        [1e+00, 3e+03]
Presolve added 0 rows and 1697 columns
Presolve removed 149009 rows and 0 columns
Presolve time: 3.18s
Presolved: 82528 rows, 99081 columns, 1227214 nonzeros
Variable types: 1 continuous, 99080 integer (98224 binary)
Starting NoRel heuristic
Found phase-1 solution: relaxation 27
Found phase-1 solution: relaxation 22
Found phase-1 solution: relaxation 21
Found phase-1 solution: relaxation 18
Found phase-1 solution: relaxation 16
Root relaxation presolved: 82145 rows, 98944 columns, 1155729 nonzeros

Deterministic concurrent LP optimizer: primal simplex, dual simplex, and barrier
Showing barrier log only...

Root barrier log...

Ordering time: 0.27s

Barrier statistics:
 Dense cols : 53
 AA' NZ     : 1.072e+05
 Factor NZ  : 3.529e+05 (roughly 8 MB of memory)
 Factor Ops : 4.867e+07 (less than 1 second per iteration)
 Threads    : 2

                  Objective                Residual
Iter       Primal          Dual         Primal    Dual     Compl     Time
   0  -3.24814043e+06 -6.76779840e+04  7.46e+04 1.48e+00  9.28e+02     7s
   1  -1.48217964e+06 -1.28737076e+05  3.41e+04 1.10e+01  4.24e+02     7s
   2  -7.00735318e+05 -1.58930418e+05  1.61e+04 1.53e-13  2.13e+02     7s
   3  -1.65404645e+05 -1.27971653e+05  3.85e+03 6.74e-03  5.37e+01     7s
   4  -6.29249831e+04 -8.34299118e+04  1.46e+03 2.81e-03  2.07e+01     8s
   5  -1.42684503e+04 -4.90379317e+04  3.44e+02 9.16e-04  6.06e+00     8s
   6  -5.76675338e+03 -2.49603833e+04  1.48e+02 3.35e-04  2.56e+00     8s
   7  -7.81538906e+02 -1.79247923e+04  3.41e+01 2.21e-04  1.24e+00     8s
   8   5.97975714e+02 -3.09255479e+03  2.28e+00 4.54e-05  2.10e-01     8s
   9   6.49345079e+02 -2.08480172e+02  7.19e-01 9.27e-06  4.85e-02     8s
  10   6.57081418e+02  4.86659543e+02  4.37e-01 8.54e-06  1.03e-02     8s
  11   6.66326735e+02  6.31395497e+02  9.51e-02 1.09e-05  2.12e-03     8s
  12   6.67541431e+02  6.41360019e+02  3.21e-02 8.51e-06  1.49e-03     8s
  13   6.67968070e+02  6.57552970e+02  1.28e-02 3.14e-06  5.93e-04     8s
  14   6.68236141e+02  6.65483397e+02  9.59e-04 1.03e-06  1.51e-04     8s
  15   6.68252532e+02  6.68192900e+02  8.16e-06 6.13e-07  3.23e-06     8s
  16   6.68250006e+02  6.68249926e+02  9.33e-09 7.13e-09  4.34e-09     8s
  17   6.68250000e+02  6.68250000e+02  3.28e-13 1.32e-09  4.34e-12     8s

Barrier solved model in 17 iterations and 8.28 seconds (8.56 work units)
Optimal objective 6.68250000e+02


Root crossover log...

     153 DPushes remaining with DInf 0.0000000e+00                 8s
       0 DPushes remaining with DInf 0.0000000e+00                 8s

    4754 PPushes remaining with PInf 0.0000000e+00                 8s
Concurrent spin time: 0.47s (can be avoided by choosing Method=3)

Solved with dual simplex

Root simplex log...

Iteration    Objective       Primal Inf.    Dual Inf.      Time
    4750    6.6825000e+02   0.000000e+00   0.000000e+00      8s

Use crossover to convert LP symmetric solution to basic solution...

Root crossover log...

       0 DPushes remaining with DInf 0.0000000e+00                 9s

   18288 PPushes remaining with PInf 0.0000000e+00                 9s
       0 PPushes remaining with PInf 0.0000000e+00                10s

  Push phase complete: Pinf 0.0000000e+00, Dinf 1.3871429e-10     10s


Root simplex log...

Iteration    Objective       Primal Inf.    Dual Inf.      Time
   23098    6.6825000e+02   0.000000e+00   0.000000e+00     10s
   23098    6.6825000e+02   0.000000e+00   0.000000e+00     10s

Root relaxation: objective 6.682500e+02, 23098 iterations, 4.28 seconds (1.11 work units)
Total elapsed time = 15.75s
Total elapsed time = 21.75s

    Nodes    |    Current Node    |     Objective Bounds      |     Work
 Expl Unexpl |  Obj  Depth IntInf | Incumbent    BestBd   Gap | It/Node Time

     0     0  668.25000    0  475          -  668.25000      -     -   24s
[32m2025-01-01 15:59:11,678 - INFO - d_prime: 3 d: 3[0m
[32m2025-01-01 15:59:11,680 - INFO - d_prime: 4 d: 3[0m
[32m2025-01-01 15:59:11,681 - INFO - d_prime: 5 d: 3[0m
[32m2025-01-01 15:59:11,681 - INFO - d_prime: 6 d: 3[0m
[32m2025-01-01 15:59:11,682 - INFO - d_prime: 7 d: 3[0m
[32m2025-01-01 15:59:11,683 - INFO - d_prime: 8 d: 3[0m
[32m2025-01-01 15:59:11,683 - INFO - d_prime: 9 d: 3[0m
[32m2025-01-01 15:59:11,684 - INFO - d_prime: 10 d: 3[0m
[32m2025-01-01 15:59:11,685 - INFO - forbidden_vars: ([{3:1},{0:1,3:1},{0:1,1:1},{0:2,7:2},{3:1,5:2,7:1},{3:4},{3:1,7:3}])[0m
[32m2025-01-01 15:59:11,685 - INFO - False[0m
[32m2025-01-01 16:09:01,604 - INFO - d_prime: 7 d: 7[0m
[32m2025-01-01 16:09:01,608 - INFO - d_prime: 8 d: 7[0m
[32m2025-01-01 16:09:01,610 - INFO - d_prime: 9 d: 7[0m
[32m2025-01-01 16:09:01,612 - INFO - d_prime: 10 d: 7[0m
[32m2025-01-01 16:09:01,614 - INFO - d_prime: 11 d: 7[0m
[32m2025-01-01 16:09:01,617 - INFO - d_prime: 12 d: 7[0m
[32m2025-01-01 16:09:01,619 - INFO - d_prime: 13 d: 7[0m
[32m2025-01-01 16:09:01,620 - INFO - forbidden_vars: ([{0:1},{3:1},{4:1},{0:1,2:1},{3:2},{5:2},{0:1,2:1,4:1},{2:1,3:1,4:1},{2:1,7:2},{2:1,4:1,5:1},{0:1,1:2,3:1},{0:1,2:1,3:1,4:1},{0:2,2:1,5:1},{1:1,2:1,3:2},{2:1,4:1,5:2},{3:1,4:1,7:2},{2:1,3:3,4:1}])[0m
[32m2025-01-01 16:09:01,620 - INFO - False[0m
[32m2025-01-01 16:09:39,826 - INFO - d_prime: 9 d: 10[0m
[32m2025-01-01 16:09:39,828 - INFO - d_prime: 10 d: 10[0m
[32m2025-01-01 16:09:39,830 - INFO - d_prime: 11 d: 10[0m
[32m2025-01-01 16:09:39,832 - INFO - d_prime: 12 d: 10[0m
[32m2025-01-01 16:09:39,834 - INFO - d_prime: 13 d: 10[0m
[32m2025-01-01 16:09:39,835 - INFO - forbidden_vars: ([{1:1},{3:1},{4:1},{7:1},{1:2},{1:1,3:1},{1:2},{1:2},{3:1,6:1},{3:2},{3:2},{3:1,7:1},{5:1,6:1},{5:1,6:1},{1:2,3:1},{1:2,7:1},{1:3},{3:2,5:1},{3:1,4:1,6:1},{3:3,6:1}])[0m
[32m2025-01-01 16:09:39,835 - INFO - False[0m
[32m2025-01-01 16:12:16,831 - INFO - d_prime: 9 d: 13[0m
[32m2025-01-01 16:12:16,834 - INFO - d_prime: 10 d: 13[0m
[32m2025-01-01 16:12:16,836 - INFO - d_prime: 11 d: 13[0m
[32m2025-01-01 16:12:16,839 - INFO - d_prime: 12 d: 13[0m
[32m2025-01-01 16:12:16,842 - INFO - d_prime: 13 d: 13[0m
[32m2025-01-01 16:12:16,843 - INFO - forbidden_vars: ([{6:1},{0:1,3:1},{1:1,3:1},{3:2},{4:1,6:1},{0:2,1:1},{3:1,4:1,6:1},{3:1,6:2},{4:1,6:2},{6:3},{0:1,4:3},{0:1,1:1,6:1,7:1},{0:1,3:1,4:2},{0:1,4:3},{0:3,6:1},{1:4},{1:1,4:1,6:2},{3:3,4:1},{3:3,4:1},{1:1,3:3,6:1}])[0m
[32m2025-01-01 16:12:16,843 - INFO - False[0m
     0     0  668.25000    0  475          -  668.25000      -     -  822s
     0     0  668.25000    0  377          -  668.25000      -     -  828s
[32m2025-01-01 16:22:19,612 - INFO - d_prime: 7 d: 7[0m
[32m2025-01-01 16:22:19,615 - INFO - d_prime: 8 d: 7[0m
[32m2025-01-01 16:22:19,618 - INFO - d_prime: 9 d: 7[0m
[32m2025-01-01 16:22:19,620 - INFO - d_prime: 10 d: 7[0m
[32m2025-01-01 16:22:19,623 - INFO - d_prime: 11 d: 7[0m
[32m2025-01-01 16:22:19,625 - INFO - d_prime: 12 d: 7[0m
[32m2025-01-01 16:22:19,628 - INFO - d_prime: 13 d: 7[0m
[32m2025-01-01 16:22:19,629 - INFO - forbidden_vars: ([{0:1},{3:1},{4:1},{1:1,3:1},{2:1,3:1},{0:1,4:1,7:1},{0:1,1:1,2:1},{4:3},{0:2,2:1,3:1},{0:1,2:1,4:1,7:1},{2:1,3:2,4:1},{2:1,3:1,4:1,5:1},{2:1,5:1,7:2},{2:1,5:2,7:1},{0:1,2:1,3:2,5:1},{0:1,3:3,4:1},{1:2,2:1,3:1,7:1}])[0m
[32m2025-01-01 16:22:19,629 - INFO - False[0m
[32m2025-01-01 16:25:44,968 - INFO - d_prime: 9 d: 13[0m
[32m2025-01-01 16:25:44,971 - INFO - d_prime: 10 d: 13[0m
[32m2025-01-01 16:25:44,974 - INFO - d_prime: 11 d: 13[0m
[32m2025-01-01 16:25:44,976 - INFO - d_prime: 12 d: 13[0m
[32m2025-01-01 16:25:44,979 - INFO - d_prime: 13 d: 13[0m
[32m2025-01-01 16:25:44,980 - INFO - forbidden_vars: ([{6:1},{0:1,3:1},{0:1,6:1},{3:2},{4:1,6:1},{0:2,6:1},{0:3},{3:3},{3:2,4:1},{0:1,4:3},{0:1,1:1,6:1,7:1},{0:1,3:1,6:2},{0:1,3:1,6:2},{0:1,1:1,3:1,6:1},{1:3,3:1},{1:2,4:2},{1:1,4:3},{3:1,6:3},{3:1,4:2,6:1},{1:1,3:3,6:1}])[0m
[32m2025-01-01 16:25:44,980 - INFO - False[0m
     0     2  668.25000    0  377          -  668.25000      -     - 1635s
     3     8  668.29762    2  819          -  668.29762      -  7735 1642s
    11    16  673.00000    4  332          -  668.41667      -  2773 1646s
    81    90  673.00000   21  173          -  668.41667      -   425 1650s
   203   212  673.00000   53  136          -  668.41667      -   190 1655s
   293   310  673.00000   74  115          -  668.41667      -   175 1660s
   408   436  673.00000  108   75          -  668.41667      -   140 1665s
[32m2025-01-01 16:31:43,088 - INFO - d_prime: 9 d: 13[0m
[32m2025-01-01 16:31:43,091 - INFO - d_prime: 10 d: 13[0m
[32m2025-01-01 16:31:43,093 - INFO - d_prime: 11 d: 13[0m
[32m2025-01-01 16:31:43,095 - INFO - d_prime: 12 d: 13[0m
[32m2025-01-01 16:31:43,098 - INFO - d_prime: 13 d: 13[0m
[32m2025-01-01 16:31:43,099 - INFO - forbidden_vars: ([{0:1},{0:2},{1:1,6:1},{3:1,6:1},{3:2},{0:2,1:1},{1:1,4:1,6:1},{3:2,6:1},{3:2,4:1},{0:1,6:2,7:1},{0:2,3:1,6:1},{0:1,3:1,4:2},{0:1,3:1,6:2},{1:2,4:2},{1:2,3:2},{1:2,4:2},{3:1,6:3},{3:1,4:2,6:1},{0:1,3:2,6:2},{0:1,4:3,7:1}])[0m
[32m2025-01-01 16:31:43,099 - INFO - False[0m
[32m2025-01-01 16:37:19,363 - INFO - d_prime: 9 d: 13[0m
[32m2025-01-01 16:37:19,366 - INFO - d_prime: 10 d: 13[0m
[32m2025-01-01 16:37:19,369 - INFO - d_prime: 11 d: 13[0m
[32m2025-01-01 16:37:19,372 - INFO - d_prime: 12 d: 13[0m
[32m2025-01-01 16:37:19,375 - INFO - d_prime: 13 d: 13[0m
[32m2025-01-01 16:37:19,377 - INFO - forbidden_vars: ([{0:1},{0:2},{1:1,6:1},{3:1,6:1},{3:2},{0:2,1:1},{1:1,4:1,6:1},{3:2,6:1},{3:2,4:1},{0:1,6:2,7:1},{0:2,3:1,6:1},{0:1,3:1,4:2},{0:1,3:1,6:2},{0:1,1:1,3:2},{1:2,4:2},{1:2,4:2},{3:1,6:3},{3:1,4:2,6:1},{0:1,3:2,6:2},{0:1,4:3,7:1}])[0m
[32m2025-01-01 16:37:19,377 - INFO - False[0m
[32m2025-01-01 16:41:30,011 - INFO - d_prime: 9 d: 13[0m
[32m2025-01-01 16:41:30,015 - INFO - d_prime: 10 d: 13[0m
[32m2025-01-01 16:41:30,017 - INFO - d_prime: 11 d: 13[0m
[32m2025-01-01 16:41:30,020 - INFO - d_prime: 12 d: 13[0m
[32m2025-01-01 16:41:30,023 - INFO - d_prime: 13 d: 13[0m
[32m2025-01-01 16:41:30,024 - INFO - forbidden_vars: ([{0:1},{0:2},{1:1,6:1},{3:1,6:1},{3:2},{4:1,6:1},{0:2,1:1},{3:2,6:1},{3:2,4:1},{0:1,6:2,7:1},{0:2,3:1,6:1},{0:1,3:1,4:2},{0:1,3:1,6:2},{1:1,6:3},{1:2,4:2},{1:2,3:2},{1:2,4:2},{3:1,4:2,6:1},{0:1,3:2,6:2},{0:1,4:3,7:1}])[0m
[32m2025-01-01 16:41:30,024 - INFO - False[0m
   573   588  672.00000  142   21          -  668.41667      -   109 2576s
[32m2025-01-01 16:43:06,755 - INFO - d_prime: 9 d: 13[0m
[32m2025-01-01 16:43:06,758 - INFO - d_prime: 10 d: 13[0m
[32m2025-01-01 16:43:06,761 - INFO - d_prime: 11 d: 13[0m
[32m2025-01-01 16:43:06,764 - INFO - d_prime: 12 d: 13[0m
[32m2025-01-01 16:43:06,766 - INFO - d_prime: 13 d: 13[0m
[32m2025-01-01 16:43:06,768 - INFO - forbidden_vars: ([{0:1,3:1},{0:1,6:1},{1:1,6:1},{1:1,6:1},{3:2},{0:3},{1:1,4:1,6:1},{3:3},{3:2,4:1},{0:1,4:3},{0:1,4:1,6:1,7:1},{0:1,3:1,6:2},{0:1,3:1,6:2},{0:1,1:1,3:1,6:1},{1:1,3:1,4:2},{1:2,4:2},{1:1,4:3},{3:1,6:3},{3:1,4:2,6:1},{1:1,3:3,6:1}])[0m
[32m2025-01-01 16:43:06,768 - INFO - False[0m
   590   590  671.00000   96  104          -  668.41667      -   106 2672s
[32m2025-01-01 16:45:45,026 - INFO - d_prime: 9 d: 13[0m
[32m2025-01-01 16:45:45,029 - INFO - d_prime: 10 d: 13[0m
[32m2025-01-01 16:45:45,032 - INFO - d_prime: 11 d: 13[0m
[32m2025-01-01 16:45:45,034 - INFO - d_prime: 12 d: 13[0m
[32m2025-01-01 16:45:45,037 - INFO - d_prime: 13 d: 13[0m
[32m2025-01-01 16:45:45,038 - INFO - forbidden_vars: ([{0:1,3:1},{0:1,6:1},{1:1,6:1},{1:1,6:1},{3:2},{4:1,6:1},{0:3},{3:3},{3:2,4:1},{0:1,4:3},{0:1,4:1,6:1,7:1},{0:1,3:1,6:2},{0:1,3:1,6:2},{0:1,1:1,3:1,6:1},{1:1,3:1,4:2},{1:2,4:2},{1:1,4:3},{3:1,6:3},{3:1,4:2,6:1},{1:1,3:3,6:1}])[0m
[32m2025-01-01 16:45:45,039 - INFO - False[0m
   604   610  672.00000  155    -          -  668.41667      -   105 2831s
   679   702  673.00000  175   28          -  668.41667      -   103 2835s
[32m2025-01-01 16:48:37,940 - INFO - d_prime: 9 d: 13[0m
[32m2025-01-01 16:48:37,942 - INFO - d_prime: 10 d: 13[0m
[32m2025-01-01 16:48:37,945 - INFO - d_prime: 11 d: 13[0m
[32m2025-01-01 16:48:37,947 - INFO - d_prime: 12 d: 13[0m
[32m2025-01-01 16:48:37,950 - INFO - d_prime: 13 d: 13[0m
[32m2025-01-01 16:48:37,951 - INFO - forbidden_vars: ([{6:1},{6:1},{0:1,3:1},{1:1,6:1},{3:2},{4:1,6:1},{0:2,4:1},{0:3},{1:1,3:2},{0:1,4:3},{0:1,3:1,6:2},{0:2,3:1,6:1},{0:1,4:3},{1:3,3:1},{1:2,4:2},{3:1,6:3},{3:1,4:2,6:1},{4:2,6:1,7:1},{0:1,3:2,6:2},{1:1,3:3,6:1}])[0m
[32m2025-01-01 16:48:37,951 - INFO - False[0m
[32m2025-01-01 16:50:27,525 - INFO - d_prime: 9 d: 13[0m
[32m2025-01-01 16:50:27,528 - INFO - d_prime: 10 d: 13[0m
[32m2025-01-01 16:50:27,531 - INFO - d_prime: 11 d: 13[0m
[32m2025-01-01 16:50:27,533 - INFO - d_prime: 12 d: 13[0m
[32m2025-01-01 16:50:27,535 - INFO - d_prime: 13 d: 13[0m
[32m2025-01-01 16:50:27,536 - INFO - forbidden_vars: ([{6:1},{6:1},{0:1,3:1},{1:1,6:1},{3:2},{4:1,6:1},{0:2,4:1},{0:3},{1:1,3:2},{0:1,4:3},{0:1,3:1,6:2},{0:2,3:1,6:1},{0:1,4:3},{1:3,3:1},{1:2,4:2},{3:1,6:3},{3:1,4:2,6:1},{3:2,6:2},{4:2,6:1,7:1},{1:1,3:3,6:1}])[0m
[32m2025-01-01 16:50:27,536 - INFO - False[0m
   717   728  673.00000  189   54          -  668.41667      -   100 3114s
[32m2025-01-01 16:53:36,155 - INFO - d_prime: 9 d: 13[0m
[32m2025-01-01 16:53:36,158 - INFO - d_prime: 10 d: 13[0m
[32m2025-01-01 16:53:36,160 - INFO - d_prime: 11 d: 13[0m
[32m2025-01-01 16:53:36,162 - INFO - d_prime: 12 d: 13[0m
[32m2025-01-01 16:53:36,164 - INFO - d_prime: 13 d: 13[0m
[32m2025-01-01 16:53:36,165 - INFO - forbidden_vars: ([{6:1},{6:1},{0:1,3:1},{1:1,6:1},{3:2},{4:1,6:1},{0:2,4:1},{0:2,6:1},{1:1,3:2},{0:1,4:3},{0:1,3:1,6:2},{0:3,3:1},{0:1,4:3},{1:3,3:1},{1:2,4:2},{3:1,6:3},{3:1,4:2,6:1},{3:2,6:2},{4:2,6:1,7:1},{1:1,3:3,6:1}])[0m
[32m2025-01-01 16:53:36,166 - INFO - False[0m
[32m2025-01-01 16:54:42,841 - INFO - d_prime: 9 d: 13[0m
[32m2025-01-01 16:54:42,844 - INFO - d_prime: 10 d: 13[0m
[32m2025-01-01 16:54:42,846 - INFO - d_prime: 11 d: 13[0m
[32m2025-01-01 16:54:42,848 - INFO - d_prime: 12 d: 13[0m
[32m2025-01-01 16:54:42,851 - INFO - d_prime: 13 d: 13[0m
[32m2025-01-01 16:54:42,852 - INFO - forbidden_vars: ([{6:1},{6:1},{0:1,3:1},{1:1,6:1},{3:2},{4:1,6:1},{0:2,6:1},{0:1,1:1,6:1},{1:1,3:2},{0:1,4:3},{0:1,4:2,7:1},{0:1,3:1,6:2},{0:3,3:1},{0:1,4:3},{1:3,3:1},{1:2,4:2},{3:1,6:3},{3:1,4:2,6:1},{3:2,6:2},{1:1,3:3,6:1}])[0m
[32m2025-01-01 16:54:42,852 - INFO - False[0m
   749   766  673.00000  197   21          -  668.41667      -  96.7 3370s
   894   904  673.00000  227   57          -  668.41667      -  94.9 3375s
   990  1019  673.00000  253   61          -  668.41667      -  94.3 3380s
  1115  1187  673.00000  277  128          -  668.41667      -  94.6 3386s
  1353  1405  673.00000  343   30          -  668.41667      -  83.4 3392s
[32m2025-01-01 16:58:14,555 - INFO - d_prime: 9 d: 13[0m
[32m2025-01-01 16:58:14,558 - INFO - d_prime: 10 d: 13[0m
[32m2025-01-01 16:58:14,561 - INFO - d_prime: 11 d: 13[0m
[32m2025-01-01 16:58:14,564 - INFO - d_prime: 12 d: 13[0m
[32m2025-01-01 16:58:14,566 - INFO - d_prime: 13 d: 13[0m
[32m2025-01-01 16:58:14,568 - INFO - forbidden_vars: ([{0:1,6:1},{3:1,6:1},{3:2},{3:1,6:1},{0:1,6:2},{1:1,4:1,6:1},{1:2,6:1},{1:1,3:1,4:1},{3:2,6:1},{0:1,4:1,6:1,7:1},{0:3,3:1},{0:1,3:1,4:1,6:1},{0:2,3:1,6:1},{0:1,1:1,3:1,6:1},{1:2,4:1,6:1},{3:1,6:3},{3:1,4:2,6:1},{4:3,6:1},{0:1,3:3,6:1},{0:1,4:3,6:1}])[0m
[32m2025-01-01 16:58:14,568 - INFO - False[0m
  1398  1408  671.00000  236   46          -  668.41667      -  81.5 3580s
  1555  1611  673.00000  379    4          -  668.41667      -  75.5 3585s
  1834  1898  673.00000  427   80          -  668.41667      -  69.2 3592s
  2018  2074  673.00000  450   36          -  668.41667      -  65.6 3597s
  2111  2213  673.00000  474   71          -  668.41667      -  64.2 3600s
