1.NAME: MIPSolver3
2.PARAMS: {'break_symmetry': True, 'break_symmetry_strong': False}
3.INSTANCE: /home/wx350715/Kobra/rehabiliation-admission-scheduling/data/comp_study_002/instance_1_short_timeframe_15.txt
4.REPETITION: 1
Current directory: /home/wx350715/Kobra/rehabiliation-admission-scheduling
[34m2025-01-02 11:20:04,593 - DEBUG - Solver: <class 'src.solvers.mip3.MIPSolver3'>[0m
[34m2025-01-02 11:20:04,593 - DEBUG - Args: {'break_symmetry': True, 'break_symmetry_strong': False}[0m
[34m2025-01-02 11:20:04,593 - DEBUG - File path /home/wx350715/Kobra/rehabiliation-admission-scheduling/data/comp_study_002/instance_1_short_timeframe_15.txt[0m
[34m2025-01-02 11:20:04,604 - DEBUG - ADD INSTANCE DATA[0m
[34m2025-01-02 11:20:04,605 - DEBUG - ADD INSTANCE DATA[0m
[34m2025-01-02 11:20:04,605 - DEBUG - ADD INSTANCE DATA[0m
[34m2025-01-02 11:20:04,605 - DEBUG - ADD INSTANCE DATA[0m
[34m2025-01-02 11:20:04,605 - DEBUG - ADD INSTANCE DATA[0m
[34m2025-01-02 11:20:04,605 - DEBUG - ADD INSTANCE DATA[0m
[34m2025-01-02 11:20:04,605 - DEBUG - ADD INSTANCE DATA[0m
[34m2025-01-02 11:20:04,605 - DEBUG - ADD INSTANCE DATA[0m
[34m2025-01-02 11:20:04,605 - DEBUG - ADD INSTANCE DATA[0m
[34m2025-01-02 11:20:04,605 - DEBUG - ADD INSTANCE DATA[0m
[34m2025-01-02 11:20:04,605 - DEBUG - ADD INSTANCE DATA[0m
[34m2025-01-02 11:20:04,605 - DEBUG - ADD RESOURCE_GROUPS[0m
[34m2025-01-02 11:20:04,605 - DEBUG - ADD RESOURCE_GROUPS[0m
[34m2025-01-02 11:20:04,606 - DEBUG - ADD RESOURCE_GROUPS[0m
[34m2025-01-02 11:20:04,606 - DEBUG - ADD RESOURCE_GROUPS[0m
[34m2025-01-02 11:20:04,606 - DEBUG - ADD RESOURCES[0m
[34m2025-01-02 11:20:04,606 - DEBUG - ADD RESOURCES[0m
[34m2025-01-02 11:20:04,606 - DEBUG - ADD RESOURCES[0m
[34m2025-01-02 11:20:04,606 - DEBUG - ADD RESOURCES[0m
[34m2025-01-02 11:20:04,606 - DEBUG - ADD RESOURCES[0m
[34m2025-01-02 11:20:04,606 - DEBUG - ADD RESOURCES[0m
[34m2025-01-02 11:20:04,606 - DEBUG - ADD RESOURCES[0m
[34m2025-01-02 11:20:04,606 - DEBUG - ADD RESOURCES[0m
[34m2025-01-02 11:20:04,606 - DEBUG - ADD RESOURCES[0m
[34m2025-01-02 11:20:04,607 - DEBUG - ADD TREATMENTS[0m
[34m2025-01-02 11:20:04,607 - DEBUG - ADD TREATMENTS[0m
[34m2025-01-02 11:20:04,607 - DEBUG - ADD TREATMENTS[0m
[34m2025-01-02 11:20:04,607 - DEBUG - ADD TREATMENTS[0m
[34m2025-01-02 11:20:04,607 - DEBUG - ADD TREATMENTS[0m
[34m2025-01-02 11:20:04,607 - DEBUG - ADD TREATMENTS[0m
[34m2025-01-02 11:20:04,607 - DEBUG - ADD TREATMENTS[0m
[34m2025-01-02 11:20:04,607 - DEBUG - ADD TREATMENTS[0m
[34m2025-01-02 11:20:04,608 - DEBUG - ADD PATIENTS[0m
[34m2025-01-02 11:20:04,608 - DEBUG - ADD PATIENTS[0m
[34m2025-01-02 11:20:04,608 - DEBUG - ADD PATIENTS[0m
[34m2025-01-02 11:20:04,608 - DEBUG - ADD PATIENTS[0m
[34m2025-01-02 11:20:04,608 - DEBUG - ADD PATIENTS[0m
[34m2025-01-02 11:20:04,608 - DEBUG - ADD PATIENTS[0m
[34m2025-01-02 11:20:04,608 - DEBUG - ADD PATIENTS[0m
[34m2025-01-02 11:20:04,608 - DEBUG - ADD PATIENTS[0m
[34m2025-01-02 11:20:04,609 - DEBUG - ADD PATIENTS[0m
[34m2025-01-02 11:20:04,609 - DEBUG - ADD PATIENTS[0m
[34m2025-01-02 11:20:04,609 - DEBUG - ADD PATIENTS[0m
[34m2025-01-02 11:20:04,609 - DEBUG - ADD PATIENTS[0m
[34m2025-01-02 11:20:04,609 - DEBUG - ADD PATIENTS[0m
[34m2025-01-02 11:20:04,609 - DEBUG - ADD PATIENTS[0m
[34m2025-01-02 11:20:04,609 - DEBUG - ADD PATIENTS[0m
[34m2025-01-02 11:20:04,609 - DEBUG - ADD PATIENTS[0m
[34m2025-01-02 11:20:04,609 - DEBUG - ADD PATIENTS[0m
[34m2025-01-02 11:20:04,610 - DEBUG - ADD PATIENTS[0m
[34m2025-01-02 11:20:04,610 - DEBUG - ADD PATIENTS[0m
[34m2025-01-02 11:20:04,610 - DEBUG - ADD PATIENTS[0m
[34m2025-01-02 11:20:04,610 - DEBUG - ADD PATIENTS[0m
[34m2025-01-02 11:20:04,610 - DEBUG - ADD PATIENTS[0m
[34m2025-01-02 11:20:04,610 - DEBUG - ADD PATIENTS[0m
[34m2025-01-02 11:20:04,610 - DEBUG - ADD PATIENTS[0m
[34m2025-01-02 11:20:04,610 - DEBUG - ADD PATIENTS[0m
[34m2025-01-02 11:20:04,611 - DEBUG - ADD PATIENTS[0m
[34m2025-01-02 11:20:05,163 - DEBUG - ADD PATIENTS[0m
[34m2025-01-02 11:20:05,164 - DEBUG - ADD PATIENTS[0m
[34m2025-01-02 11:20:05,164 - DEBUG - ADD PATIENTS[0m
[34m2025-01-02 11:20:05,164 - DEBUG - ADD PATIENTS[0m
[34m2025-01-02 11:20:05,164 - DEBUG - ADD PATIENTS[0m
[34m2025-01-02 11:20:05,164 - DEBUG - ADD PATIENTS[0m
[34m2025-01-02 11:20:05,164 - DEBUG - ADD PATIENTS[0m
[34m2025-01-02 11:20:05,165 - DEBUG - ADD PATIENTS[0m
[34m2025-01-02 11:20:05,165 - DEBUG - ADD PATIENTS[0m
[34m2025-01-02 11:20:05,165 - DEBUG - ADD PATIENTS[0m
[34m2025-01-02 11:20:05,165 - DEBUG - ADD PATIENTS[0m
[34m2025-01-02 11:20:05,165 - DEBUG - ADD PATIENTS[0m
[34m2025-01-02 11:20:05,165 - DEBUG - ADD PATIENTS[0m
[34m2025-01-02 11:20:05,165 - DEBUG - ADD PATIENTS[0m
[34m2025-01-02 11:20:05,166 - DEBUG - Instance data:[0m
[34m2025-01-02 11:20:05,166 - DEBUG - Number of patients: 40[0m
[34m2025-01-02 11:20:05,166 - DEBUG - Number of beds: 40[0m
[34m2025-01-02 11:20:05,166 - DEBUG - Average number of treatments per patient: 29.525[0m
[34m2025-01-02 11:20:05,166 - DEBUG - Average number of treatment per stayed day: 2.135623869801085[0m
[34m2025-01-02 11:20:05,166 - DEBUG - Number of treatments: 1181[0m
[34m2025-01-02 11:20:05,166 - DEBUG - Number of resources: 9[0m
[34m2025-01-02 11:20:05,166 - DEBUG - Number of resource groups: 4[0m
[34m2025-01-02 11:20:05,166 - DEBUG - Number of resource hours needed per all treatment by RG(therapists): 38.3375[0m
[34m2025-01-02 11:20:05,166 - DEBUG - Number of resource hours needed per all treatment by RG(rooms): 74.50000000000004[0m
[34m2025-01-02 11:20:05,166 - DEBUG - Number of resource hours needed per all treatment by RG(physiotherapist): 26.0[0m
[34m2025-01-02 11:20:05,166 - DEBUG - Number of resource hours needed per all treatment by RG(sport_room): 18.9375[0m
[32m2025-01-02 11:20:05,166 - INFO - {'solver': 'MIPSolver3', 'args': {'break_symmetry': True, 'break_symmetry_strong': True, 'enforce_min_treatments_per_day': True, 'enforce_max_treatments_per_e_w': True, 'enforce_min_patients_per_treatment': True, 'log_to_console': True}}[0m
[34m2025-01-02 11:20:05,166 - DEBUG - Setting options: MIPSolver3[0m
[34m2025-01-02 11:20:05,166 - DEBUG -  ---- break_symmetry to True[0m
[34m2025-01-02 11:20:05,166 - DEBUG -  ---- break_symmetry_strong to True[0m
[34m2025-01-02 11:20:05,166 - DEBUG - Setting options: Solver[0m
[34m2025-01-02 11:20:05,167 - DEBUG -  ---- number_of_threads to 4 (default)[0m
[34m2025-01-02 11:20:05,167 - DEBUG -  ---- treatment_value to 0 (default)[0m
[34m2025-01-02 11:20:05,167 - DEBUG -  ---- delay_value to 1 (default)[0m
[34m2025-01-02 11:20:05,167 - DEBUG -  ---- missing_treatment_value to 4 (default)[0m
[34m2025-01-02 11:20:05,167 - DEBUG -  ---- enforce_min_treatments_per_day to True[0m
[34m2025-01-02 11:20:05,167 - DEBUG -  ---- enforce_max_treatments_per_e_w to True[0m
[34m2025-01-02 11:20:05,167 - DEBUG -  ---- enforce_min_patients_per_treatment to True[0m
[34m2025-01-02 11:20:05,167 - DEBUG -  ---- log_to_console to True[0m
[34m2025-01-02 11:20:05,167 - DEBUG -  ---- log_to_file to True (default)[0m
[34m2025-01-02 11:20:05,167 - DEBUG -  ---- no_rel_heur_time to 1 (default)[0m
[32m2025-01-02 11:20:05,185 - INFO - Create model: MIPSolver3[0m
Set parameter TSPort to value 50039
Set parameter TokenServer to value "license.itc.rwth-aachen.de"
Set parameter Threads to value 4
Set parameter Cuts to value 0
Set parameter NoRelHeurTime to value 1
[34m2025-01-02 11:20:29,569 - DEBUG - Variables created.[0m
[34m2025-01-02 11:20:32,298 - DEBUG - Constraint (p1) created.[0m
[34m2025-01-02 11:21:09,491 - DEBUG - Constraint (when_admitted) created.[0m
[34m2025-01-02 11:21:15,731 - DEBUG - Constraint (p3) created.[0m
[34m2025-01-02 11:21:15,732 - DEBUG - Constraint (r1) created.[0m
[34m2025-01-02 11:21:22,695 - DEBUG - Constraint (r2) created.[0m
[34m2025-01-02 11:21:26,491 - DEBUG - Constraint (r3) created.[0m
[34m2025-01-02 11:21:51,704 - DEBUG - Constraint (r4) created.[0m
[34m2025-01-02 11:21:51,813 - DEBUG - Constraint (r5) created.[0m
[34m2025-01-02 11:21:56,191 - DEBUG - Constraint (r6) created.[0m
[34m2025-01-02 11:21:56,191 - DEBUG - Constraint (r7) created.[0m
[34m2025-01-02 11:21:58,725 - DEBUG - Constraint (a4) created.[0m
[34m2025-01-02 11:22:00,881 - DEBUG - Constraint (a5) created.[0m
[34m2025-01-02 11:22:02,991 - DEBUG - Constraint (a5) created.[0m
[34m2025-01-02 11:22:03,425 - DEBUG - Constraint (strong symmetry) created.[0m
[34m2025-01-02 11:22:03,610 - DEBUG - Constraint (symmetry) created.[0m
[32m2025-01-02 11:24:23,585 - INFO - Time to create model: 258.4[0m
[32m2025-01-02 11:24:23,587 - INFO - Solving model: MIPSolver3[0m
Gurobi Optimizer version 10.0.0 build v10.0.0rc2 (linux64)

CPU model: Intel(R) Xeon(R) Platinum 8468, instruction set [SSE2|AVX|AVX2|AVX512]
Thread count: 96 physical cores, 96 logical processors, using up to 4 threads

Optimize a model with 5791216 rows, 3810013 columns and 44665373 nonzeros
Model fingerprint: 0x604d6745
Variable types: 2 continuous, 3810011 integer (3810011 binary)
Coefficient statistics:
  Matrix range     [1e+00, 1e+01]
  Objective range  [1e+00, 1e+01]
  Bounds range     [1e+00, 1e+00]
  RHS range        [1e+00, 5e+03]
Presolve removed 10747 rows and 12 columns (presolve time = 6s) ...
Presolve removed 1532079 rows and 972601 columns (presolve time = 10s) ...
Presolve removed 1537567 rows and 983577 columns (presolve time = 16s) ...
Presolve removed 1537567 rows and 983583 columns (presolve time = 21s) ...
Presolve removed 1537567 rows and 983583 columns (presolve time = 27s) ...
Presolve removed 1537567 rows and 983606 columns (presolve time = 31s) ...
Presolve removed 1537569 rows and 983608 columns (presolve time = 36s) ...
Presolve removed 1537569 rows and 983611 columns (presolve time = 40s) ...
Presolve removed 1537569 rows and 983611 columns (presolve time = 45s) ...
Presolve removed 1537569 rows and 983611 columns (presolve time = 50s) ...
Presolve removed 1537570 rows and 983611 columns (presolve time = 55s) ...
Presolve removed 1537570 rows and 983611 columns (presolve time = 60s) ...
Presolve removed 1537570 rows and 983611 columns (presolve time = 65s) ...
Presolve removed 1537570 rows and 983611 columns (presolve time = 70s) ...
Presolve removed 1537570 rows and 983611 columns (presolve time = 75s) ...
Presolve removed 1537570 rows and 983611 columns (presolve time = 80s) ...
Presolve removed 2044420 rows and 983611 columns (presolve time = 85s) ...
Presolve removed 2763992 rows and 983611 columns (presolve time = 90s) ...
Presolve removed 2763992 rows and 983611 columns (presolve time = 95s) ...
Presolve removed 2763992 rows and 983611 columns (presolve time = 100s) ...
Presolve removed 2763992 rows and 983611 columns (presolve time = 105s) ...
Presolve removed 3009566 rows and 983612 columns (presolve time = 110s) ...
Presolve removed 3009566 rows and 983612 columns (presolve time = 115s) ...
Presolve removed 3009566 rows and 983612 columns (presolve time = 121s) ...
Presolve removed 3009568 rows and 983648 columns (presolve time = 125s) ...
Presolve removed 3439176 rows and 983648 columns (presolve time = 130s) ...
Presolve removed 3686984 rows and 983655 columns (presolve time = 135s) ...
Presolve removed 3686984 rows and 983655 columns (presolve time = 141s) ...
Presolve removed 3686984 rows and 983672 columns (presolve time = 145s) ...
Presolve removed 3686984 rows and 983672 columns (presolve time = 150s) ...
Presolve removed 3686984 rows and 983672 columns (presolve time = 155s) ...
Presolve removed 3686984 rows and 983672 columns (presolve time = 160s) ...
Presolve removed 3686984 rows and 983672 columns (presolve time = 165s) ...
Presolve removed 3687694 rows and 983672 columns (presolve time = 170s) ...
Presolve removed 3687694 rows and 983672 columns (presolve time = 175s) ...
Presolve removed 3687694 rows and 983672 columns (presolve time = 180s) ...
Presolve removed 3687694 rows and 983691 columns (presolve time = 185s) ...
