1.NAME: MIPSolver3
2.PARAMS: {'break_symmetry': True, 'break_symmetry_strong': True}
3.INSTANCE: /home/wx350715/Kobra/rehabiliation-admission-scheduling/data/comp_study_002/instance_1_short_timeframe_15.txt
4.REPETITION: 1
Current directory: /home/wx350715/Kobra/rehabiliation-admission-scheduling
[34m2025-01-02 11:00:33,597 - DEBUG - Solver: <class 'src.solvers.mip3.MIPSolver3'>[0m
[34m2025-01-02 11:00:33,597 - DEBUG - Args: {'break_symmetry': True, 'break_symmetry_strong': True}[0m
[34m2025-01-02 11:00:33,597 - DEBUG - File path /home/wx350715/Kobra/rehabiliation-admission-scheduling/data/comp_study_002/instance_1_short_timeframe_15.txt[0m
[34m2025-01-02 11:00:33,597 - DEBUG - ADD INSTANCE DATA[0m
[34m2025-01-02 11:00:33,597 - DEBUG - ADD INSTANCE DATA[0m
[34m2025-01-02 11:00:33,597 - DEBUG - ADD INSTANCE DATA[0m
[34m2025-01-02 11:00:33,597 - DEBUG - ADD INSTANCE DATA[0m
[34m2025-01-02 11:00:33,597 - DEBUG - ADD INSTANCE DATA[0m
[34m2025-01-02 11:00:33,597 - DEBUG - ADD INSTANCE DATA[0m
[34m2025-01-02 11:00:33,598 - DEBUG - ADD INSTANCE DATA[0m
[34m2025-01-02 11:00:33,598 - DEBUG - ADD INSTANCE DATA[0m
[34m2025-01-02 11:00:33,598 - DEBUG - ADD INSTANCE DATA[0m
[34m2025-01-02 11:00:33,598 - DEBUG - ADD INSTANCE DATA[0m
[34m2025-01-02 11:00:33,598 - DEBUG - ADD INSTANCE DATA[0m
[34m2025-01-02 11:00:33,598 - DEBUG - ADD RESOURCE_GROUPS[0m
[34m2025-01-02 11:00:33,598 - DEBUG - ADD RESOURCE_GROUPS[0m
[34m2025-01-02 11:00:33,598 - DEBUG - ADD RESOURCE_GROUPS[0m
[34m2025-01-02 11:00:33,598 - DEBUG - ADD RESOURCE_GROUPS[0m
[34m2025-01-02 11:00:33,598 - DEBUG - ADD RESOURCES[0m
[34m2025-01-02 11:00:33,598 - DEBUG - ADD RESOURCES[0m
[34m2025-01-02 11:00:33,598 - DEBUG - ADD RESOURCES[0m
[34m2025-01-02 11:00:33,599 - DEBUG - ADD RESOURCES[0m
[34m2025-01-02 11:00:33,599 - DEBUG - ADD RESOURCES[0m
[34m2025-01-02 11:00:33,599 - DEBUG - ADD RESOURCES[0m
[34m2025-01-02 11:00:33,599 - DEBUG - ADD RESOURCES[0m
[34m2025-01-02 11:00:33,599 - DEBUG - ADD RESOURCES[0m
[34m2025-01-02 11:00:33,599 - DEBUG - ADD RESOURCES[0m
[34m2025-01-02 11:00:33,599 - DEBUG - ADD TREATMENTS[0m
[34m2025-01-02 11:00:33,599 - DEBUG - ADD TREATMENTS[0m
[34m2025-01-02 11:00:33,599 - DEBUG - ADD TREATMENTS[0m
[34m2025-01-02 11:00:33,599 - DEBUG - ADD TREATMENTS[0m
[34m2025-01-02 11:00:33,599 - DEBUG - ADD TREATMENTS[0m
[34m2025-01-02 11:00:33,600 - DEBUG - ADD TREATMENTS[0m
[34m2025-01-02 11:00:33,600 - DEBUG - ADD TREATMENTS[0m
[34m2025-01-02 11:00:33,600 - DEBUG - ADD TREATMENTS[0m
[34m2025-01-02 11:00:33,600 - DEBUG - ADD PATIENTS[0m
[34m2025-01-02 11:00:33,600 - DEBUG - ADD PATIENTS[0m
[34m2025-01-02 11:00:33,600 - DEBUG - ADD PATIENTS[0m
[34m2025-01-02 11:00:33,600 - DEBUG - ADD PATIENTS[0m
[34m2025-01-02 11:00:33,600 - DEBUG - ADD PATIENTS[0m
[34m2025-01-02 11:00:33,601 - DEBUG - ADD PATIENTS[0m
[34m2025-01-02 11:00:33,601 - DEBUG - ADD PATIENTS[0m
[34m2025-01-02 11:00:33,601 - DEBUG - ADD PATIENTS[0m
[34m2025-01-02 11:00:33,601 - DEBUG - ADD PATIENTS[0m
[34m2025-01-02 11:00:33,601 - DEBUG - ADD PATIENTS[0m
[34m2025-01-02 11:00:33,601 - DEBUG - ADD PATIENTS[0m
[34m2025-01-02 11:00:33,601 - DEBUG - ADD PATIENTS[0m
[34m2025-01-02 11:00:33,601 - DEBUG - ADD PATIENTS[0m
[34m2025-01-02 11:00:33,601 - DEBUG - ADD PATIENTS[0m
[34m2025-01-02 11:00:33,602 - DEBUG - ADD PATIENTS[0m
[34m2025-01-02 11:00:33,602 - DEBUG - ADD PATIENTS[0m
[34m2025-01-02 11:00:33,602 - DEBUG - ADD PATIENTS[0m
[34m2025-01-02 11:00:33,602 - DEBUG - ADD PATIENTS[0m
[34m2025-01-02 11:00:33,602 - DEBUG - ADD PATIENTS[0m
[34m2025-01-02 11:00:33,602 - DEBUG - ADD PATIENTS[0m
[34m2025-01-02 11:00:33,602 - DEBUG - ADD PATIENTS[0m
[34m2025-01-02 11:00:33,602 - DEBUG - ADD PATIENTS[0m
[34m2025-01-02 11:00:33,602 - DEBUG - ADD PATIENTS[0m
[34m2025-01-02 11:00:33,603 - DEBUG - ADD PATIENTS[0m
[34m2025-01-02 11:00:33,603 - DEBUG - ADD PATIENTS[0m
[34m2025-01-02 11:00:33,603 - DEBUG - ADD PATIENTS[0m
[34m2025-01-02 11:00:33,604 - DEBUG - ADD PATIENTS[0m
[34m2025-01-02 11:00:33,604 - DEBUG - ADD PATIENTS[0m
[34m2025-01-02 11:00:33,604 - DEBUG - ADD PATIENTS[0m
[34m2025-01-02 11:00:33,604 - DEBUG - ADD PATIENTS[0m
[34m2025-01-02 11:00:33,604 - DEBUG - ADD PATIENTS[0m
[34m2025-01-02 11:00:33,605 - DEBUG - ADD PATIENTS[0m
[34m2025-01-02 11:00:33,605 - DEBUG - ADD PATIENTS[0m
[34m2025-01-02 11:00:33,605 - DEBUG - ADD PATIENTS[0m
[34m2025-01-02 11:00:33,605 - DEBUG - ADD PATIENTS[0m
[34m2025-01-02 11:00:33,605 - DEBUG - ADD PATIENTS[0m
[34m2025-01-02 11:00:33,605 - DEBUG - ADD PATIENTS[0m
[34m2025-01-02 11:00:33,605 - DEBUG - ADD PATIENTS[0m
[34m2025-01-02 11:00:33,605 - DEBUG - ADD PATIENTS[0m
[34m2025-01-02 11:00:33,606 - DEBUG - ADD PATIENTS[0m
[34m2025-01-02 11:00:33,606 - DEBUG - Instance data:[0m
[34m2025-01-02 11:00:33,606 - DEBUG - Number of patients: 40[0m
[34m2025-01-02 11:00:33,606 - DEBUG - Number of beds: 40[0m
[34m2025-01-02 11:00:33,606 - DEBUG - Average number of treatments per patient: 29.525[0m
[34m2025-01-02 11:00:33,606 - DEBUG - Average number of treatment per stayed day: 2.135623869801085[0m
[34m2025-01-02 11:00:33,606 - DEBUG - Number of treatments: 1181[0m
[34m2025-01-02 11:00:33,606 - DEBUG - Number of resources: 9[0m
[34m2025-01-02 11:00:33,606 - DEBUG - Number of resource groups: 4[0m
[34m2025-01-02 11:00:33,606 - DEBUG - Number of resource hours needed per all treatment by RG(therapists): 38.3375[0m
[34m2025-01-02 11:00:33,606 - DEBUG - Number of resource hours needed per all treatment by RG(rooms): 74.50000000000004[0m
[34m2025-01-02 11:00:33,606 - DEBUG - Number of resource hours needed per all treatment by RG(physiotherapist): 26.0[0m
[34m2025-01-02 11:00:33,606 - DEBUG - Number of resource hours needed per all treatment by RG(sport_room): 18.9375[0m
[32m2025-01-02 11:00:33,606 - INFO - {'solver': 'MIPSolver3', 'args': {'break_symmetry': True, 'break_symmetry_strong': True, 'enforce_min_treatments_per_day': True, 'enforce_max_treatments_per_e_w': True, 'enforce_min_patients_per_treatment': True, 'log_to_console': True}}[0m
[34m2025-01-02 11:00:33,606 - DEBUG - Setting options: MIPSolver3[0m
[34m2025-01-02 11:00:33,606 - DEBUG -  ---- break_symmetry to True[0m
[34m2025-01-02 11:00:33,607 - DEBUG -  ---- break_symmetry_strong to True[0m
[34m2025-01-02 11:00:33,607 - DEBUG - Setting options: Solver[0m
[34m2025-01-02 11:00:33,607 - DEBUG -  ---- number_of_threads to 4 (default)[0m
[34m2025-01-02 11:00:33,607 - DEBUG -  ---- treatment_value to 0 (default)[0m
[34m2025-01-02 11:00:33,607 - DEBUG -  ---- delay_value to 1 (default)[0m
[34m2025-01-02 11:00:33,607 - DEBUG -  ---- missing_treatment_value to 4 (default)[0m
[34m2025-01-02 11:00:33,607 - DEBUG -  ---- enforce_min_treatments_per_day to True[0m
[34m2025-01-02 11:00:33,607 - DEBUG -  ---- enforce_max_treatments_per_e_w to True[0m
[34m2025-01-02 11:00:33,607 - DEBUG -  ---- enforce_min_patients_per_treatment to True[0m
[34m2025-01-02 11:00:33,607 - DEBUG -  ---- log_to_console to True[0m
[34m2025-01-02 11:00:33,607 - DEBUG -  ---- log_to_file to True (default)[0m
[34m2025-01-02 11:00:33,607 - DEBUG -  ---- no_rel_heur_time to 1 (default)[0m
[32m2025-01-02 11:00:33,623 - INFO - Create model: MIPSolver3[0m
Set parameter TSPort to value 50039
Set parameter TokenServer to value "license.itc.rwth-aachen.de"
Set parameter Threads to value 4
Set parameter Cuts to value 0
Set parameter NoRelHeurTime to value 1
[34m2025-01-02 11:00:56,462 - DEBUG - Variables created.[0m
[34m2025-01-02 11:00:59,110 - DEBUG - Constraint (p1) created.[0m
[34m2025-01-02 11:01:35,118 - DEBUG - Constraint (when_admitted) created.[0m
[34m2025-01-02 11:01:40,655 - DEBUG - Constraint (p3) created.[0m
[34m2025-01-02 11:01:40,656 - DEBUG - Constraint (r1) created.[0m
[34m2025-01-02 11:01:47,339 - DEBUG - Constraint (r2) created.[0m
[34m2025-01-02 11:01:51,026 - DEBUG - Constraint (r3) created.[0m
[34m2025-01-02 11:02:15,828 - DEBUG - Constraint (r4) created.[0m
[34m2025-01-02 11:02:15,928 - DEBUG - Constraint (r5) created.[0m
[34m2025-01-02 11:02:20,032 - DEBUG - Constraint (r6) created.[0m
[34m2025-01-02 11:02:20,033 - DEBUG - Constraint (r7) created.[0m
[34m2025-01-02 11:02:22,155 - DEBUG - Constraint (a4) created.[0m
[34m2025-01-02 11:02:24,052 - DEBUG - Constraint (a5) created.[0m
[34m2025-01-02 11:02:25,911 - DEBUG - Constraint (a5) created.[0m
[34m2025-01-02 11:02:26,351 - DEBUG - Constraint (strong symmetry) created.[0m
[34m2025-01-02 11:02:26,537 - DEBUG - Constraint (symmetry) created.[0m
[32m2025-01-02 11:04:18,504 - INFO - Time to create model: 224.881[0m
[32m2025-01-02 11:04:18,505 - INFO - Solving model: MIPSolver3[0m
Gurobi Optimizer version 10.0.0 build v10.0.0rc2 (linux64)

CPU model: Intel(R) Xeon(R) Platinum 8468, instruction set [SSE2|AVX|AVX2|AVX512]
Thread count: 96 physical cores, 96 logical processors, using up to 4 threads

Optimize a model with 5791216 rows, 3810013 columns and 44665373 nonzeros
Model fingerprint: 0x604d6745
Variable types: 2 continuous, 3810011 integer (3810011 binary)
Coefficient statistics:
  Matrix range     [1e+00, 1e+01]
  Objective range  [1e+00, 1e+01]
  Bounds range     [1e+00, 1e+00]
  RHS range        [1e+00, 5e+03]
Presolve removed 23712 rows and 12977 columns (presolve time = 6s) ...
Presolve removed 1532079 rows and 983577 columns (presolve time = 10s) ...
Presolve removed 1537567 rows and 983583 columns (presolve time = 15s) ...
Presolve removed 1537567 rows and 983583 columns (presolve time = 20s) ...
Presolve removed 1537569 rows and 983608 columns (presolve time = 26s) ...
Presolve removed 1537569 rows and 983611 columns (presolve time = 30s) ...
Presolve removed 1537569 rows and 983611 columns (presolve time = 35s) ...
Presolve removed 1537569 rows and 983611 columns (presolve time = 40s) ...
Presolve removed 1537570 rows and 983611 columns (presolve time = 45s) ...
Presolve removed 1537570 rows and 983611 columns (presolve time = 50s) ...
Presolve removed 1537570 rows and 983611 columns (presolve time = 55s) ...
Presolve removed 1537570 rows and 983611 columns (presolve time = 60s) ...
Presolve removed 1537570 rows and 983611 columns (presolve time = 65s) ...
Presolve removed 2763992 rows and 983611 columns (presolve time = 70s) ...
Presolve removed 2763992 rows and 983611 columns (presolve time = 75s) ...
Presolve removed 2763992 rows and 983611 columns (presolve time = 80s) ...
Presolve removed 3009566 rows and 983612 columns (presolve time = 87s) ...
Presolve removed 3009566 rows and 983612 columns (presolve time = 91s) ...
Presolve removed 3009568 rows and 983648 columns (presolve time = 96s) ...
Presolve removed 3686984 rows and 983655 columns (presolve time = 101s) ...
Presolve removed 3686984 rows and 983655 columns (presolve time = 105s) ...
Presolve removed 3686984 rows and 983672 columns (presolve time = 111s) ...
Presolve removed 3686984 rows and 983672 columns (presolve time = 115s) ...
Presolve removed 3686984 rows and 983672 columns (presolve time = 120s) ...
Presolve removed 3687694 rows and 983672 columns (presolve time = 125s) ...
Presolve removed 3687694 rows and 983672 columns (presolve time = 130s) ...
Presolve removed 3687694 rows and 983672 columns (presolve time = 135s) ...
