1.NAME: MIPSolver3
2.PARAMS: {'break_symmetry': False, 'break_symmetry_strong': False}
3.INSTANCE: /home/wx350715/Kobra/rehabiliation-admission-scheduling/data/comp_study_002/instance_1_short_timeframe_5.txt
4.REPETITION: 1
Current directory: /home/wx350715/Kobra/rehabiliation-admission-scheduling
[34m2025-01-01 18:43:01,368 - DEBUG - Solver: <class 'src.solvers.mip3.MIPSolver3'>[0m
[34m2025-01-01 18:43:01,368 - DEBUG - Args: {'break_symmetry': False, 'break_symmetry_strong': False}[0m
[34m2025-01-01 18:43:01,368 - DEBUG - File path /home/wx350715/Kobra/rehabiliation-admission-scheduling/data/comp_study_002/instance_1_short_timeframe_5.txt[0m
[34m2025-01-01 18:43:01,369 - DEBUG - ADD INSTANCE DATA[0m
[34m2025-01-01 18:43:01,369 - DEBUG - ADD INSTANCE DATA[0m
[34m2025-01-01 18:43:01,369 - DEBUG - ADD INSTANCE DATA[0m
[34m2025-01-01 18:43:01,369 - DEBUG - ADD INSTANCE DATA[0m
[34m2025-01-01 18:43:01,369 - DEBUG - ADD INSTANCE DATA[0m
[34m2025-01-01 18:43:01,369 - DEBUG - ADD INSTANCE DATA[0m
[34m2025-01-01 18:43:01,369 - DEBUG - ADD INSTANCE DATA[0m
[34m2025-01-01 18:43:01,369 - DEBUG - ADD INSTANCE DATA[0m
[34m2025-01-01 18:43:01,369 - DEBUG - ADD INSTANCE DATA[0m
[34m2025-01-01 18:43:01,369 - DEBUG - ADD INSTANCE DATA[0m
[34m2025-01-01 18:43:01,369 - DEBUG - ADD INSTANCE DATA[0m
[34m2025-01-01 18:43:01,369 - DEBUG - ADD RESOURCE_GROUPS[0m
[34m2025-01-01 18:43:01,369 - DEBUG - ADD RESOURCE_GROUPS[0m
[34m2025-01-01 18:43:01,369 - DEBUG - ADD RESOURCE_GROUPS[0m
[34m2025-01-01 18:43:01,369 - DEBUG - ADD RESOURCE_GROUPS[0m
[34m2025-01-01 18:43:01,369 - DEBUG - ADD RESOURCES[0m
[34m2025-01-01 18:43:01,370 - DEBUG - ADD RESOURCES[0m
[34m2025-01-01 18:43:01,370 - DEBUG - ADD RESOURCES[0m
[34m2025-01-01 18:43:01,370 - DEBUG - ADD RESOURCES[0m
[34m2025-01-01 18:43:01,370 - DEBUG - ADD RESOURCES[0m
[34m2025-01-01 18:43:01,370 - DEBUG - ADD RESOURCES[0m
[34m2025-01-01 18:43:01,370 - DEBUG - ADD RESOURCES[0m
[34m2025-01-01 18:43:01,370 - DEBUG - ADD RESOURCES[0m
[34m2025-01-01 18:43:01,370 - DEBUG - ADD RESOURCES[0m
[34m2025-01-01 18:43:01,370 - DEBUG - ADD TREATMENTS[0m
[34m2025-01-01 18:43:01,370 - DEBUG - ADD TREATMENTS[0m
[34m2025-01-01 18:43:01,370 - DEBUG - ADD TREATMENTS[0m
[34m2025-01-01 18:43:01,370 - DEBUG - ADD TREATMENTS[0m
[34m2025-01-01 18:43:01,371 - DEBUG - ADD TREATMENTS[0m
[34m2025-01-01 18:43:01,371 - DEBUG - ADD TREATMENTS[0m
[34m2025-01-01 18:43:01,371 - DEBUG - ADD TREATMENTS[0m
[34m2025-01-01 18:43:01,371 - DEBUG - ADD TREATMENTS[0m
[34m2025-01-01 18:43:01,371 - DEBUG - ADD PATIENTS[0m
[34m2025-01-01 18:43:01,371 - DEBUG - ADD PATIENTS[0m
[34m2025-01-01 18:43:01,371 - DEBUG - ADD PATIENTS[0m
[34m2025-01-01 18:43:01,371 - DEBUG - ADD PATIENTS[0m
[34m2025-01-01 18:43:01,371 - DEBUG - ADD PATIENTS[0m
[34m2025-01-01 18:43:01,371 - DEBUG - ADD PATIENTS[0m
[34m2025-01-01 18:43:01,372 - DEBUG - ADD PATIENTS[0m
[34m2025-01-01 18:43:01,372 - DEBUG - ADD PATIENTS[0m
[34m2025-01-01 18:43:01,372 - DEBUG - ADD PATIENTS[0m
[34m2025-01-01 18:43:01,372 - DEBUG - ADD PATIENTS[0m
[34m2025-01-01 18:43:01,372 - DEBUG - ADD PATIENTS[0m
[34m2025-01-01 18:43:01,372 - DEBUG - ADD PATIENTS[0m
[34m2025-01-01 18:43:01,372 - DEBUG - ADD PATIENTS[0m
[34m2025-01-01 18:43:01,372 - DEBUG - ADD PATIENTS[0m
[34m2025-01-01 18:43:01,372 - DEBUG - ADD PATIENTS[0m
[34m2025-01-01 18:43:01,372 - DEBUG - ADD PATIENTS[0m
[34m2025-01-01 18:43:01,373 - DEBUG - ADD PATIENTS[0m
[34m2025-01-01 18:43:01,373 - DEBUG - ADD PATIENTS[0m
[34m2025-01-01 18:43:01,373 - DEBUG - ADD PATIENTS[0m
[34m2025-01-01 18:43:01,373 - DEBUG - ADD PATIENTS[0m
[34m2025-01-01 18:43:01,373 - DEBUG - ADD PATIENTS[0m
[34m2025-01-01 18:43:01,373 - DEBUG - ADD PATIENTS[0m
[34m2025-01-01 18:43:01,373 - DEBUG - ADD PATIENTS[0m
[34m2025-01-01 18:43:01,373 - DEBUG - ADD PATIENTS[0m
[34m2025-01-01 18:43:01,373 - DEBUG - ADD PATIENTS[0m
[34m2025-01-01 18:43:01,373 - DEBUG - ADD PATIENTS[0m
[34m2025-01-01 18:43:01,374 - DEBUG - ADD PATIENTS[0m
[34m2025-01-01 18:43:01,374 - DEBUG - ADD PATIENTS[0m
[34m2025-01-01 18:43:01,375 - DEBUG - ADD PATIENTS[0m
[34m2025-01-01 18:43:01,375 - DEBUG - ADD PATIENTS[0m
[34m2025-01-01 18:43:01,375 - DEBUG - ADD PATIENTS[0m
[34m2025-01-01 18:43:01,375 - DEBUG - ADD PATIENTS[0m
[34m2025-01-01 18:43:01,375 - DEBUG - ADD PATIENTS[0m
[34m2025-01-01 18:43:01,375 - DEBUG - ADD PATIENTS[0m
[34m2025-01-01 18:43:01,375 - DEBUG - ADD PATIENTS[0m
[34m2025-01-01 18:43:01,375 - DEBUG - ADD PATIENTS[0m
[34m2025-01-01 18:43:01,375 - DEBUG - ADD PATIENTS[0m
[34m2025-01-01 18:43:01,375 - DEBUG - ADD PATIENTS[0m
[34m2025-01-01 18:43:01,375 - DEBUG - ADD PATIENTS[0m
[34m2025-01-01 18:43:01,376 - DEBUG - ADD PATIENTS[0m
[34m2025-01-01 18:43:01,376 - DEBUG - Instance data:[0m
[34m2025-01-01 18:43:01,376 - DEBUG - Number of patients: 40[0m
[34m2025-01-01 18:43:01,376 - DEBUG - Number of beds: 40[0m
[34m2025-01-01 18:43:01,376 - DEBUG - Average number of treatments per patient: 29.525[0m
[34m2025-01-01 18:43:01,376 - DEBUG - Average number of treatment per stayed day: 2.135623869801085[0m
[34m2025-01-01 18:43:01,376 - DEBUG - Number of treatments: 1181[0m
[34m2025-01-01 18:43:01,376 - DEBUG - Number of resources: 9[0m
[34m2025-01-01 18:43:01,376 - DEBUG - Number of resource groups: 4[0m
[34m2025-01-01 18:43:01,376 - DEBUG - Number of resource hours needed per all treatment by RG(therapists): 38.3375[0m
[34m2025-01-01 18:43:01,376 - DEBUG - Number of resource hours needed per all treatment by RG(rooms): 74.50000000000004[0m
[34m2025-01-01 18:43:01,376 - DEBUG - Number of resource hours needed per all treatment by RG(physiotherapist): 26.0[0m
[34m2025-01-01 18:43:01,376 - DEBUG - Number of resource hours needed per all treatment by RG(sport_room): 18.9375[0m
[32m2025-01-01 18:43:01,376 - INFO - {'solver': 'MIPSolver3', 'args': {'break_symmetry': True, 'break_symmetry_strong': True, 'enforce_min_treatments_per_day': True, 'enforce_max_treatments_per_e_w': True, 'enforce_min_patients_per_treatment': True, 'log_to_console': True}}[0m
[34m2025-01-01 18:43:01,376 - DEBUG - Setting options: MIPSolver3[0m
[34m2025-01-01 18:43:01,376 - DEBUG -  ---- break_symmetry to True[0m
[34m2025-01-01 18:43:01,376 - DEBUG -  ---- break_symmetry_strong to True[0m
[34m2025-01-01 18:43:01,376 - DEBUG - Setting options: Solver[0m
[34m2025-01-01 18:43:01,376 - DEBUG -  ---- number_of_threads to 4 (default)[0m
[34m2025-01-01 18:43:01,376 - DEBUG -  ---- treatment_value to 0 (default)[0m
[34m2025-01-01 18:43:01,376 - DEBUG -  ---- delay_value to 1 (default)[0m
[34m2025-01-01 18:43:01,377 - DEBUG -  ---- missing_treatment_value to 4 (default)[0m
[34m2025-01-01 18:43:01,377 - DEBUG -  ---- enforce_min_treatments_per_day to True[0m
[34m2025-01-01 18:43:01,377 - DEBUG -  ---- enforce_max_treatments_per_e_w to True[0m
[34m2025-01-01 18:43:01,377 - DEBUG -  ---- enforce_min_patients_per_treatment to True[0m
[34m2025-01-01 18:43:01,377 - DEBUG -  ---- log_to_console to True[0m
[34m2025-01-01 18:43:01,377 - DEBUG -  ---- log_to_file to True (default)[0m
[34m2025-01-01 18:43:01,377 - DEBUG -  ---- no_rel_heur_time to 1 (default)[0m
[32m2025-01-01 18:43:01,411 - INFO - Create model: MIPSolver3[0m
Set parameter TSPort to value 50039
Set parameter TokenServer to value "license.itc.rwth-aachen.de"
Set parameter Threads to value 4
Set parameter Cuts to value 0
Set parameter NoRelHeurTime to value 1
[34m2025-01-01 18:44:01,727 - DEBUG - Variables created.[0m
[34m2025-01-01 18:44:07,658 - DEBUG - Constraint (p1) created.[0m
[34m2025-01-01 18:45:28,836 - DEBUG - Constraint (when_admitted) created.[0m
[34m2025-01-01 18:46:12,553 - DEBUG - Constraint (p3) created.[0m
[34m2025-01-01 18:46:12,554 - DEBUG - Constraint (r1) created.[0m
[34m2025-01-01 18:47:00,702 - DEBUG - Constraint (r2) created.[0m
[34m2025-01-01 18:47:09,131 - DEBUG - Constraint (r3) created.[0m
