1.NAME: MIPSolver
2.PARAMS: {'use_lazy_constraints': True}
3.INSTANCE: /home/wx350715/Kobra/rehabiliation-admission-scheduling/data/comp_study_002/instance_1_more_resources_5.txt
4.REPETITION: 1
Current directory: /home/wx350715/Kobra/rehabiliation-admission-scheduling
[34m2025-01-02 11:00:08,428 - DEBUG - Solver: <class 'src.solvers.mip.MIPSolver'>[0m
[34m2025-01-02 11:00:08,428 - DEBUG - Args: {'use_lazy_constraints': True}[0m
[34m2025-01-02 11:00:08,428 - DEBUG - File path /home/wx350715/Kobra/rehabiliation-admission-scheduling/data/comp_study_002/instance_1_more_resources_5.txt[0m
[34m2025-01-02 11:00:08,437 - DEBUG - ADD INSTANCE DATA[0m
[34m2025-01-02 11:00:08,437 - DEBUG - ADD INSTANCE DATA[0m
[34m2025-01-02 11:00:08,437 - DEBUG - ADD INSTANCE DATA[0m
[34m2025-01-02 11:00:08,437 - DEBUG - ADD INSTANCE DATA[0m
[34m2025-01-02 11:00:08,437 - DEBUG - ADD INSTANCE DATA[0m
[34m2025-01-02 11:00:08,438 - DEBUG - ADD INSTANCE DATA[0m
[34m2025-01-02 11:00:08,438 - DEBUG - ADD INSTANCE DATA[0m
[34m2025-01-02 11:00:08,438 - DEBUG - ADD INSTANCE DATA[0m
[34m2025-01-02 11:00:08,438 - DEBUG - ADD INSTANCE DATA[0m
[34m2025-01-02 11:00:08,438 - DEBUG - ADD INSTANCE DATA[0m
[34m2025-01-02 11:00:08,438 - DEBUG - ADD INSTANCE DATA[0m
[34m2025-01-02 11:00:08,438 - DEBUG - ADD RESOURCE_GROUPS[0m
[34m2025-01-02 11:00:08,438 - DEBUG - ADD RESOURCE_GROUPS[0m
[34m2025-01-02 11:00:08,438 - DEBUG - ADD RESOURCE_GROUPS[0m
[34m2025-01-02 11:00:08,438 - DEBUG - ADD RESOURCE_GROUPS[0m
[34m2025-01-02 11:00:08,438 - DEBUG - ADD RESOURCES[0m
[34m2025-01-02 11:00:08,438 - DEBUG - ADD RESOURCES[0m
[34m2025-01-02 11:00:08,438 - DEBUG - ADD RESOURCES[0m
[34m2025-01-02 11:00:08,439 - DEBUG - ADD RESOURCES[0m
[34m2025-01-02 11:00:08,439 - DEBUG - ADD RESOURCES[0m
[34m2025-01-02 11:00:08,439 - DEBUG - ADD RESOURCES[0m
[34m2025-01-02 11:00:08,439 - DEBUG - ADD RESOURCES[0m
[34m2025-01-02 11:00:08,439 - DEBUG - ADD RESOURCES[0m
[34m2025-01-02 11:00:08,439 - DEBUG - ADD RESOURCES[0m
[34m2025-01-02 11:00:08,439 - DEBUG - ADD RESOURCES[0m
[34m2025-01-02 11:00:08,439 - DEBUG - ADD RESOURCES[0m
[34m2025-01-02 11:00:08,439 - DEBUG - ADD RESOURCES[0m
[34m2025-01-02 11:00:08,439 - DEBUG - ADD RESOURCES[0m
[34m2025-01-02 11:00:08,439 - DEBUG - ADD RESOURCES[0m
[34m2025-01-02 11:00:08,439 - DEBUG - ADD TREATMENTS[0m
[34m2025-01-02 11:00:08,440 - DEBUG - ADD TREATMENTS[0m
[34m2025-01-02 11:00:08,440 - DEBUG - ADD TREATMENTS[0m
[34m2025-01-02 11:00:08,440 - DEBUG - ADD TREATMENTS[0m
[34m2025-01-02 11:00:08,440 - DEBUG - ADD TREATMENTS[0m
[34m2025-01-02 11:00:08,440 - DEBUG - ADD TREATMENTS[0m
[34m2025-01-02 11:00:08,440 - DEBUG - ADD TREATMENTS[0m
[34m2025-01-02 11:00:08,440 - DEBUG - ADD TREATMENTS[0m
[34m2025-01-02 11:00:08,440 - DEBUG - ADD PATIENTS[0m
[34m2025-01-02 11:00:08,440 - DEBUG - ADD PATIENTS[0m
[34m2025-01-02 11:00:08,440 - DEBUG - ADD PATIENTS[0m
[34m2025-01-02 11:00:08,441 - DEBUG - ADD PATIENTS[0m
[34m2025-01-02 11:00:08,441 - DEBUG - ADD PATIENTS[0m
[34m2025-01-02 11:00:08,441 - DEBUG - ADD PATIENTS[0m
[34m2025-01-02 11:00:08,441 - DEBUG - ADD PATIENTS[0m
[34m2025-01-02 11:00:08,441 - DEBUG - ADD PATIENTS[0m
[34m2025-01-02 11:00:08,441 - DEBUG - ADD PATIENTS[0m
[34m2025-01-02 11:00:08,441 - DEBUG - ADD PATIENTS[0m
[34m2025-01-02 11:00:08,441 - DEBUG - ADD PATIENTS[0m
[34m2025-01-02 11:00:08,442 - DEBUG - ADD PATIENTS[0m
[34m2025-01-02 11:00:08,442 - DEBUG - ADD PATIENTS[0m
[34m2025-01-02 11:00:08,442 - DEBUG - ADD PATIENTS[0m
[34m2025-01-02 11:00:08,442 - DEBUG - ADD PATIENTS[0m
[34m2025-01-02 11:00:08,442 - DEBUG - ADD PATIENTS[0m
[34m2025-01-02 11:00:08,442 - DEBUG - ADD PATIENTS[0m
[34m2025-01-02 11:00:08,442 - DEBUG - ADD PATIENTS[0m
[34m2025-01-02 11:00:08,442 - DEBUG - ADD PATIENTS[0m
[34m2025-01-02 11:00:08,442 - DEBUG - ADD PATIENTS[0m
[34m2025-01-02 11:00:08,442 - DEBUG - ADD PATIENTS[0m
[34m2025-01-02 11:00:08,443 - DEBUG - ADD PATIENTS[0m
[34m2025-01-02 11:00:08,443 - DEBUG - ADD PATIENTS[0m
[34m2025-01-02 11:00:08,444 - DEBUG - ADD PATIENTS[0m
[34m2025-01-02 11:00:08,444 - DEBUG - ADD PATIENTS[0m
[34m2025-01-02 11:00:08,444 - DEBUG - ADD PATIENTS[0m
[34m2025-01-02 11:00:08,444 - DEBUG - ADD PATIENTS[0m
[34m2025-01-02 11:00:08,444 - DEBUG - ADD PATIENTS[0m
[34m2025-01-02 11:00:08,444 - DEBUG - ADD PATIENTS[0m
[34m2025-01-02 11:00:08,444 - DEBUG - ADD PATIENTS[0m
[34m2025-01-02 11:00:08,444 - DEBUG - ADD PATIENTS[0m
[34m2025-01-02 11:00:08,444 - DEBUG - ADD PATIENTS[0m
[34m2025-01-02 11:00:08,444 - DEBUG - ADD PATIENTS[0m
[34m2025-01-02 11:00:08,445 - DEBUG - ADD PATIENTS[0m
[34m2025-01-02 11:00:08,445 - DEBUG - ADD PATIENTS[0m
[34m2025-01-02 11:00:08,445 - DEBUG - ADD PATIENTS[0m
[34m2025-01-02 11:00:08,445 - DEBUG - ADD PATIENTS[0m
[34m2025-01-02 11:00:08,445 - DEBUG - ADD PATIENTS[0m
[34m2025-01-02 11:00:08,445 - DEBUG - ADD PATIENTS[0m
[34m2025-01-02 11:00:08,445 - DEBUG - ADD PATIENTS[0m
[34m2025-01-02 11:00:08,446 - DEBUG - Instance data:[0m
[34m2025-01-02 11:00:08,446 - DEBUG - Number of patients: 40[0m
[34m2025-01-02 11:00:08,446 - DEBUG - Number of beds: 40[0m
[34m2025-01-02 11:00:08,446 - DEBUG - Average number of treatments per patient: 29.525[0m
[34m2025-01-02 11:00:08,446 - DEBUG - Average number of treatment per stayed day: 2.135623869801085[0m
[34m2025-01-02 11:00:08,446 - DEBUG - Number of treatments: 1181[0m
[34m2025-01-02 11:00:08,446 - DEBUG - Number of resources: 12[0m
[34m2025-01-02 11:00:08,446 - DEBUG - Number of resource groups: 4[0m
[34m2025-01-02 11:00:08,446 - DEBUG - Number of resource hours needed per all treatment by RG(therapists): 38.3375[0m
[34m2025-01-02 11:00:08,446 - DEBUG - Number of resource hours needed per all treatment by RG(rooms): 74.50000000000004[0m
[34m2025-01-02 11:00:08,446 - DEBUG - Number of resource hours needed per all treatment by RG(physiotherapist): 26.0[0m
[34m2025-01-02 11:00:08,446 - DEBUG - Number of resource hours needed per all treatment by RG(sport_room): 18.9375[0m
[32m2025-01-02 11:00:08,446 - INFO - {'solver': 'MIPSolver', 'args': {'use_lazy_constraints': True, 'enforce_min_treatments_per_day': True, 'enforce_max_treatments_per_e_w': True, 'enforce_min_patients_per_treatment': True, 'log_to_console': True}}[0m
[34m2025-01-02 11:00:08,446 - DEBUG - Setting options: MIPSolver[0m
[34m2025-01-02 11:00:08,446 - DEBUG -  ---- use_lazy_constraints to True[0m
[34m2025-01-02 11:00:08,446 - DEBUG - Setting options: Solver[0m
[34m2025-01-02 11:00:08,446 - DEBUG -  ---- number_of_threads to 4 (default)[0m
[34m2025-01-02 11:00:08,446 - DEBUG -  ---- treatment_value to 0 (default)[0m
[34m2025-01-02 11:00:08,446 - DEBUG -  ---- delay_value to 1 (default)[0m
[34m2025-01-02 11:00:08,447 - DEBUG -  ---- missing_treatment_value to 4 (default)[0m
[34m2025-01-02 11:00:08,447 - DEBUG -  ---- enforce_min_treatments_per_day to True[0m
[34m2025-01-02 11:00:08,447 - DEBUG -  ---- enforce_max_treatments_per_e_w to True[0m
[34m2025-01-02 11:00:08,447 - DEBUG -  ---- enforce_min_patients_per_treatment to True[0m
[34m2025-01-02 11:00:08,447 - DEBUG -  ---- log_to_console to True[0m
[34m2025-01-02 11:00:08,447 - DEBUG -  ---- log_to_file to True (default)[0m
[34m2025-01-02 11:00:08,447 - DEBUG -  ---- no_rel_heur_time to 1 (default)[0m
[32m2025-01-02 11:00:08,553 - INFO - Create model: MIPSolver[0m
Set parameter TSPort to value 50039
Set parameter TokenServer to value "license.itc.rwth-aachen.de"
Set parameter Threads to value 4
Set parameter Cuts to value 0
Set parameter NoRelHeurTime to value 1
Set parameter LazyConstraints to value 1
[34m2025-01-02 11:00:33,852 - DEBUG - Variables created.[0m
[34m2025-01-02 11:01:03,971 - DEBUG - Constraint (p1) created.[0m
[34m2025-01-02 11:01:07,715 - DEBUG - Constraint (when_admitted) created.[0m
[34m2025-01-02 11:01:13,657 - DEBUG - Constraint (p3) created.[0m
[34m2025-01-02 11:01:13,661 - DEBUG - Constraint (p4) created.[0m
[34m2025-01-02 11:01:13,661 - DEBUG - Constraint (p7) created.[0m
[34m2025-01-02 11:01:15,815 - DEBUG - Constraint (r3) created.[0m
[34m2025-01-02 11:01:26,801 - DEBUG - Constraint (r4) created.[0m
[34m2025-01-02 11:01:35,766 - DEBUG - Constraint (a1) created.[0m
[34m2025-01-02 11:01:36,594 - DEBUG - Constraint (a4) created.[0m
[34m2025-01-02 11:01:36,777 - DEBUG - Constraint (a5) created.[0m
[34m2025-01-02 11:01:36,970 - DEBUG - Constraint (a5) created.[0m
[34m2025-01-02 11:01:36,970 - DEBUG - Constraint (already_admitted) created.[0m
[32m2025-01-02 11:01:49,595 - INFO - Time to create model: 101.042[0m
[32m2025-01-02 11:01:49,595 - INFO - Solving model: MIPSolver[0m
Gurobi Optimizer version 10.0.0 build v10.0.0rc2 (linux64)

CPU model: Intel(R) Xeon(R) Platinum 8468, instruction set [SSE2|AVX|AVX2|AVX512]
Thread count: 96 physical cores, 96 logical processors, using up to 4 threads

Optimize a model with 3739444 rows, 3021067 columns and 21423032 nonzeros
Model fingerprint: 0xc3643bba
Variable types: 2 continuous, 3021065 integer (3021065 binary)
Coefficient statistics:
  Matrix range     [1e+00, 1e+01]
  Objective range  [1e+00, 1e+01]
  Bounds range     [1e+00, 1e+00]
  RHS range        [1e+00, 5e+03]
Presolve removed 1242878 rows and 1004593 columns (presolve time = 5s) ...
Presolve removed 1242939 rows and 1004594 columns (presolve time = 11s) ...
Presolve removed 1443416 rows and 1004594 columns (presolve time = 15s) ...
Presolve removed 1453965 rows and 1004594 columns (presolve time = 20s) ...
Presolve removed 1461629 rows and 1004614 columns (presolve time = 25s) ...
Presolve removed 1461632 rows and 1004614 columns (presolve time = 30s) ...
Presolve removed 1461778 rows and 1004614 columns (presolve time = 35s) ...
Presolve removed 1461778 rows and 1004614 columns (presolve time = 40s) ...
Presolve removed 1461778 rows and 1004614 columns (presolve time = 45s) ...
Presolve removed 1461778 rows and 1004614 columns (presolve time = 50s) ...
Presolve removed 1461778 rows and 1004614 columns (presolve time = 55s) ...
Presolve removed 1461778 rows and 1004614 columns (presolve time = 60s) ...
Presolve removed 1461778 rows and 1004614 columns (presolve time = 65s) ...
Presolve removed 1461778 rows and 1004614 columns (presolve time = 71s) ...
Presolve removed 1461632 rows and 1004468 columns
Presolve time: 70.69s
Presolved: 2277812 rows, 2016599 columns, 13382451 nonzeros
Variable types: 0 continuous, 2016599 integer (2016452 binary)
Starting NoRel heuristic
Found phase-1 solution: relaxation 139
Elapsed time for NoRel heuristic: 6s (best bound -760804)
Root relaxation presolved: 2277586 rows, 2016825 columns, 13271827 nonzeros

Deterministic concurrent LP optimizer: primal simplex, dual simplex, and barrier
Showing barrier log only...

Root barrier log...

