1.NAME: MIPSolver
2.PARAMS: {'use_lazy_constraints': False}
3.INSTANCE: /home/wx350715/Kobra/rehabiliation-admission-scheduling/data/comp_study_002/instance_6_5.txt
4.REPETITION: 1
Current directory: /home/wx350715/Kobra/rehabiliation-admission-scheduling
[34m2025-01-01 18:42:52,549 - DEBUG - Solver: <class 'src.solvers.mip.MIPSolver'>[0m
[34m2025-01-01 18:42:52,549 - DEBUG - Args: {'use_lazy_constraints': False}[0m
[34m2025-01-01 18:42:52,549 - DEBUG - File path /home/wx350715/Kobra/rehabiliation-admission-scheduling/data/comp_study_002/instance_6_5.txt[0m
[34m2025-01-01 18:42:52,549 - DEBUG - ADD INSTANCE DATA[0m
[34m2025-01-01 18:42:52,550 - DEBUG - ADD INSTANCE DATA[0m
[34m2025-01-01 18:42:52,550 - DEBUG - ADD INSTANCE DATA[0m
[34m2025-01-01 18:42:52,550 - DEBUG - ADD INSTANCE DATA[0m
[34m2025-01-01 18:42:52,550 - DEBUG - ADD INSTANCE DATA[0m
[34m2025-01-01 18:42:52,550 - DEBUG - ADD INSTANCE DATA[0m
[34m2025-01-01 18:42:52,550 - DEBUG - ADD INSTANCE DATA[0m
[34m2025-01-01 18:42:52,550 - DEBUG - ADD INSTANCE DATA[0m
[34m2025-01-01 18:42:52,550 - DEBUG - ADD INSTANCE DATA[0m
[34m2025-01-01 18:42:52,550 - DEBUG - ADD INSTANCE DATA[0m
[34m2025-01-01 18:42:52,550 - DEBUG - ADD INSTANCE DATA[0m
[34m2025-01-01 18:42:52,550 - DEBUG - ADD RESOURCE_GROUPS[0m
[34m2025-01-01 18:42:52,550 - DEBUG - ADD RESOURCE_GROUPS[0m
[34m2025-01-01 18:42:52,550 - DEBUG - ADD RESOURCE_GROUPS[0m
[34m2025-01-01 18:42:52,550 - DEBUG - ADD RESOURCE_GROUPS[0m
[34m2025-01-01 18:42:52,550 - DEBUG - ADD RESOURCES[0m
[34m2025-01-01 18:42:52,550 - DEBUG - ADD RESOURCES[0m
[34m2025-01-01 18:42:52,551 - DEBUG - ADD RESOURCES[0m
[34m2025-01-01 18:42:52,551 - DEBUG - ADD RESOURCES[0m
[34m2025-01-01 18:42:52,551 - DEBUG - ADD RESOURCES[0m
[34m2025-01-01 18:42:52,551 - DEBUG - ADD RESOURCES[0m
[34m2025-01-01 18:42:52,551 - DEBUG - ADD RESOURCES[0m
[34m2025-01-01 18:42:52,551 - DEBUG - ADD RESOURCES[0m
[34m2025-01-01 18:42:52,551 - DEBUG - ADD RESOURCES[0m
[34m2025-01-01 18:42:52,551 - DEBUG - ADD RESOURCES[0m
[34m2025-01-01 18:42:52,551 - DEBUG - ADD TREATMENTS[0m
[34m2025-01-01 18:42:52,551 - DEBUG - ADD TREATMENTS[0m
[34m2025-01-01 18:42:52,551 - DEBUG - ADD TREATMENTS[0m
[34m2025-01-01 18:42:52,552 - DEBUG - ADD TREATMENTS[0m
[34m2025-01-01 18:42:52,552 - DEBUG - ADD TREATMENTS[0m
[34m2025-01-01 18:42:52,552 - DEBUG - ADD TREATMENTS[0m
[34m2025-01-01 18:42:52,552 - DEBUG - ADD TREATMENTS[0m
[34m2025-01-01 18:42:52,552 - DEBUG - ADD TREATMENTS[0m
[34m2025-01-01 18:42:52,552 - DEBUG - ADD PATIENTS[0m
[34m2025-01-01 18:42:52,552 - DEBUG - ADD PATIENTS[0m
[34m2025-01-01 18:42:52,552 - DEBUG - ADD PATIENTS[0m
[34m2025-01-01 18:42:52,552 - DEBUG - ADD PATIENTS[0m
[34m2025-01-01 18:42:52,552 - DEBUG - ADD PATIENTS[0m
[34m2025-01-01 18:42:52,553 - DEBUG - ADD PATIENTS[0m
[34m2025-01-01 18:42:52,553 - DEBUG - ADD PATIENTS[0m
[34m2025-01-01 18:42:52,553 - DEBUG - ADD PATIENTS[0m
[34m2025-01-01 18:42:52,553 - DEBUG - ADD PATIENTS[0m
[34m2025-01-01 18:42:52,553 - DEBUG - ADD PATIENTS[0m
[34m2025-01-01 18:42:52,553 - DEBUG - ADD PATIENTS[0m
[34m2025-01-01 18:42:52,553 - DEBUG - ADD PATIENTS[0m
[34m2025-01-01 18:42:52,553 - DEBUG - ADD PATIENTS[0m
[34m2025-01-01 18:42:52,553 - DEBUG - ADD PATIENTS[0m
[34m2025-01-01 18:42:52,554 - DEBUG - ADD PATIENTS[0m
[34m2025-01-01 18:42:52,554 - DEBUG - ADD PATIENTS[0m
[34m2025-01-01 18:42:52,554 - DEBUG - ADD PATIENTS[0m
[34m2025-01-01 18:42:52,554 - DEBUG - ADD PATIENTS[0m
[34m2025-01-01 18:42:52,554 - DEBUG - ADD PATIENTS[0m
[34m2025-01-01 18:42:52,554 - DEBUG - ADD PATIENTS[0m
[34m2025-01-01 18:42:52,554 - DEBUG - ADD PATIENTS[0m
[34m2025-01-01 18:42:52,554 - DEBUG - Instance data:[0m
[34m2025-01-01 18:42:52,554 - DEBUG - Number of patients: 21[0m
[34m2025-01-01 18:42:52,554 - DEBUG - Number of beds: 36[0m
[34m2025-01-01 18:42:52,555 - DEBUG - Average number of treatments per patient: 32.38095238095238[0m
[34m2025-01-01 18:42:52,555 - DEBUG - Average number of treatment per stayed day: 2.3859649122807016[0m
[34m2025-01-01 18:42:52,555 - DEBUG - Number of treatments: 680[0m
[34m2025-01-01 18:42:52,555 - DEBUG - Number of resources: 10[0m
[34m2025-01-01 18:42:52,555 - DEBUG - Number of resource groups: 4[0m
[34m2025-01-01 18:42:52,555 - DEBUG - Number of resource hours needed per all treatment by RG(therapists): 19.704166666666676[0m
[34m2025-01-01 18:42:52,555 - DEBUG - Number of resource hours needed per all treatment by RG(rooms): 35.95416666666666[0m
[34m2025-01-01 18:42:52,556 - DEBUG - Number of resource hours needed per all treatment by RG(physiotherapist): 15.5[0m
[34m2025-01-01 18:42:52,556 - DEBUG - Number of resource hours needed per all treatment by RG(sport_room): 6.75[0m
[32m2025-01-01 18:42:52,556 - INFO - {'solver': 'MIPSolver', 'args': {'use_lazy_constraints': True, 'enforce_min_treatments_per_day': True, 'enforce_max_treatments_per_e_w': True, 'enforce_min_patients_per_treatment': True, 'log_to_console': True}}[0m
[34m2025-01-01 18:42:52,556 - DEBUG - Setting options: MIPSolver[0m
[34m2025-01-01 18:42:52,556 - DEBUG -  ---- use_lazy_constraints to True[0m
[34m2025-01-01 18:42:52,556 - DEBUG - Setting options: Solver[0m
[34m2025-01-01 18:42:52,556 - DEBUG -  ---- number_of_threads to 4 (default)[0m
[34m2025-01-01 18:42:52,556 - DEBUG -  ---- treatment_value to 0 (default)[0m
[34m2025-01-01 18:42:52,556 - DEBUG -  ---- delay_value to 1 (default)[0m
[34m2025-01-01 18:42:52,556 - DEBUG -  ---- missing_treatment_value to 4 (default)[0m
[34m2025-01-01 18:42:52,556 - DEBUG -  ---- enforce_min_treatments_per_day to True[0m
[34m2025-01-01 18:42:52,556 - DEBUG -  ---- enforce_max_treatments_per_e_w to True[0m
[34m2025-01-01 18:42:52,556 - DEBUG -  ---- enforce_min_patients_per_treatment to True[0m
[34m2025-01-01 18:42:52,556 - DEBUG -  ---- log_to_console to True[0m
[34m2025-01-01 18:42:52,556 - DEBUG -  ---- log_to_file to True (default)[0m
[34m2025-01-01 18:42:52,556 - DEBUG -  ---- no_rel_heur_time to 1 (default)[0m
[32m2025-01-01 18:42:52,654 - INFO - Create model: MIPSolver[0m
Set parameter TSPort to value 50039
Set parameter TokenServer to value "license.itc.rwth-aachen.de"
Set parameter Threads to value 4
Set parameter Cuts to value 0
Set parameter NoRelHeurTime to value 1
Set parameter LazyConstraints to value 1
[34m2025-01-01 18:43:01,907 - DEBUG - Variables created.[0m
[34m2025-01-01 18:43:13,463 - DEBUG - Constraint (p1) created.[0m
[34m2025-01-01 18:43:14,988 - DEBUG - Constraint (when_admitted) created.[0m
[34m2025-01-01 18:43:17,583 - DEBUG - Constraint (p3) created.[0m
[34m2025-01-01 18:43:17,585 - DEBUG - Constraint (p4) created.[0m
[34m2025-01-01 18:43:17,585 - DEBUG - Constraint (p7) created.[0m
[34m2025-01-01 18:43:19,378 - DEBUG - Constraint (r3) created.[0m
[34m2025-01-01 18:43:22,919 - DEBUG - Constraint (r4) created.[0m
[34m2025-01-01 18:43:27,808 - DEBUG - Constraint (a1) created.[0m
[34m2025-01-01 18:43:28,136 - DEBUG - Constraint (a4) created.[0m
[34m2025-01-01 18:43:28,215 - DEBUG - Constraint (a5) created.[0m
[34m2025-01-01 18:43:28,294 - DEBUG - Constraint (a5) created.[0m
[34m2025-01-01 18:43:28,295 - DEBUG - Constraint (already_admitted) created.[0m
[32m2025-01-01 18:43:30,660 - INFO - Time to create model: 38.006[0m
[32m2025-01-01 18:43:30,660 - INFO - Solving model: MIPSolver[0m
Gurobi Optimizer version 10.0.0 build v10.0.0rc2 (linux64)

CPU model: Intel(R) Xeon(R) Platinum 8468, instruction set [SSE2|AVX|AVX2|AVX512]
Thread count: 96 physical cores, 96 logical processors, using up to 4 threads

Optimize a model with 1613384 rows, 1246527 columns and 9186034 nonzeros
Model fingerprint: 0x7743008c
Variable types: 2 continuous, 1246525 integer (1246525 binary)
Coefficient statistics:
  Matrix range     [1e+00, 1e+01]
  Objective range  [1e+00, 1e+01]
  Bounds range     [1e+00, 1e+00]
  RHS range        [1e+00, 3e+03]
Presolve removed 745915 rows and 514762 columns (presolve time = 5s) ...
Presolve removed 753827 rows and 515034 columns (presolve time = 10s) ...
Presolve removed 753879 rows and 519180 columns (presolve time = 15s) ...
Presolve removed 753879 rows and 519180 columns (presolve time = 20s) ...
Presolve removed 753879 rows and 519180 columns (presolve time = 25s) ...
Presolve removed 753879 rows and 519180 columns (presolve time = 30s) ...
Presolve removed 753879 rows and 519180 columns (presolve time = 35s) ...
Presolve removed 753879 rows and 519180 columns (presolve time = 40s) ...
Presolve removed 753879 rows and 519180 columns (presolve time = 45s) ...
Presolve removed 753879 rows and 519180 columns (presolve time = 50s) ...
Presolve removed 753879 rows and 519180 columns (presolve time = 55s) ...
Presolve removed 753879 rows and 519180 columns (presolve time = 60s) ...
Presolve removed 753879 rows and 519180 columns (presolve time = 65s) ...
Presolve removed 753879 rows and 519180 columns (presolve time = 70s) ...
Presolve removed 753879 rows and 519180 columns (presolve time = 75s) ...
Presolve removed 753879 rows and 519180 columns (presolve time = 80s) ...
Presolve removed 753879 rows and 525318 columns (presolve time = 91s) ...
Presolve removed 753879 rows and 525318 columns (presolve time = 95s) ...
Presolve removed 767025 rows and 525754 columns (presolve time = 100s) ...
Presolve removed 767101 rows and 525792 columns (presolve time = 105s) ...
Presolve removed 767101 rows and 525792 columns (presolve time = 110s) ...
Presolve removed 767049 rows and 525740 columns
Presolve time: 112.03s
Presolved: 846335 rows, 720787 columns, 4828384 nonzeros
Variable types: 0 continuous, 720787 integer (720734 binary)
Starting NoRel heuristic
Found phase-1 solution: relaxation 94
Root relaxation presolved: 846212 rows, 720910 columns, 4770777 nonzeros

Deterministic concurrent LP optimizer: primal simplex, dual simplex, and barrier
Showing barrier log only...

Root barrier log...

Elapsed ordering time = 5s
Elapsed ordering time = 10s
Elapsed ordering time = 16s
Elapsed ordering time = 20s
Elapsed ordering time = 25s
Elapsed ordering time = 30s
Elapsed ordering time = 35s
Elapsed ordering time = 40s
Elapsed ordering time = 45s
Ordering time: 46.44s

Barrier statistics:
 Dense cols : 57
 AA' NZ     : 1.412e+07
 Factor NZ  : 1.048e+08 (roughly 1.4 GB of memory)
 Factor Ops : 3.641e+10 (roughly 1 second per iteration)
 Threads    : 2

                  Objective                Residual
Iter       Primal          Dual         Primal    Dual     Compl     Time
   0  -1.39364165e+07 -3.24215996e+06  3.46e+05 1.50e+00  3.03e+02   192s
   1  -9.82956873e+06 -3.36242462e+06  2.44e+05 5.73e+00  2.16e+02   200s
   2  -7.78662218e+06 -3.42108008e+06  1.94e+05 4.34e+00  1.73e+02   208s
   3  -6.28226155e+06 -3.51670216e+06  1.56e+05 3.52e+00  1.40e+02   218s
   4  -4.38401306e+06 -3.60312844e+06  1.09e+05 1.91e+00  9.79e+01   229s
   5  -2.96927594e+06 -3.57029113e+06  7.41e+04 8.92e-01  6.61e+01   242s
   6  -6.07249604e+05 -3.21588941e+06  1.52e+04 3.51e-02  1.49e+01   253s
   7  -3.97066879e+05 -2.43128754e+06  9.97e+03 1.10e-02  9.36e+00   263s
   8  -3.03684748e+05 -2.14294595e+06  7.64e+03 7.72e-03  7.17e+00   271s
   9  -2.44458725e+05 -1.62015515e+06  6.15e+03 5.31e-03  5.51e+00   279s
  10  -1.53109121e+05 -1.23270277e+06  3.86e+03 3.40e-03  3.50e+00   287s
  11  -1.03878168e+05 -1.01711723e+06  2.63e+03 2.47e-03  2.44e+00   294s
  12  -7.51214071e+04 -9.69499540e+05  1.91e+03 2.32e-03  1.90e+00   303s
  13  -4.36737869e+04 -5.36272287e+05  1.12e+03 7.66e-04  1.06e+00   313s
  14  -2.49962450e+04 -2.88397433e+05  6.55e+02 4.23e-04  5.87e-01   325s
  15  -1.50060662e+04 -1.87616756e+05  4.00e+02 2.17e-04  3.54e-01   334s
  16  -9.55582504e+03 -1.30194536e+05  2.58e+02 1.36e-04  2.27e-01   343s
  17  -6.59279243e+03 -1.00771801e+05  1.83e+02 9.63e-05  1.61e-01   350s
  18  -4.39430164e+03 -7.57039868e+04  1.28e+02 6.22e-05  1.12e-01   359s
  19  -2.34281159e+03 -5.04809573e+04  7.60e+01 3.51e-05  6.66e-02   368s
  20  -4.68754995e+02 -3.69728972e+04  2.87e+01 2.58e-05  3.50e-02   378s
  21   4.48117927e+02 -2.27473257e+04  5.77e+00 1.28e-05  1.60e-02   387s
  22   6.24647717e+02 -9.18081446e+03  1.27e+00 1.40e-05  6.14e-03   396s
  23   6.40490676e+02 -2.65132332e+03  8.36e-01 2.50e-06  2.05e-03   404s
  24   6.55194338e+02 -7.15341480e+02  4.27e-01 4.18e-05  8.45e-04   413s
  25   6.64796622e+02  4.43670159e+02  1.38e-01 1.29e-05  1.37e-04   422s
  26   6.67417393e+02  5.83127190e+02  4.05e-02 6.63e-05  5.16e-05   432s
  27   6.67664138e+02  6.18686807e+02  2.22e-02 3.37e-05  2.99e-05   442s
  28   6.67850713e+02  6.37952322e+02  1.10e-02 2.48e-05  1.82e-05   450s
  29   6.68001052e+02  6.51137081e+02  4.28e-03 1.10e-05  1.02e-05   458s
  30   6.68088859e+02  6.58385953e+02  1.36e-03 8.92e-06  5.85e-06   466s
  31   6.68099619e+02  6.60827593e+02  4.31e-04 6.02e-06  4.37e-06   475s
  32   6.68100907e+02  6.66124031e+02  2.48e-05 1.98e-06  1.19e-06   485s
  33   6.68098147e+02  6.67920641e+02  7.32e-09 1.17e-06  1.06e-07   496s
  34   6.68098039e+02  6.68097862e+02  5.20e-12 1.46e-08  1.06e-10   504s
  35   6.68098039e+02  6.68098039e+02  5.09e-12 9.06e-12  1.06e-13   512s

Barrier solved model in 35 iterations and 512.45 seconds (168.57 work units)
Optimal objective 6.68098039e+02


Root crossover log...

    7495 DPushes remaining with DInf 0.0000000e+00               515s
      81 DPushes remaining with DInf 0.0000000e+00               515s
       0 DPushes remaining with DInf 0.0000000e+00               516s

  425965 PPushes remaining with PInf 0.0000000e+00               516s
  169363 PPushes remaining with PInf 1.3807700e-05               520s
  146009 PPushes remaining with PInf 1.3807700e-05               525s
  113660 PPushes remaining with PInf 1.3807700e-05               537s
   85966 PPushes remaining with PInf 1.3807700e-05               546s
   71906 PPushes remaining with PInf 1.3807700e-05               552s
   66125 PPushes remaining with PInf 1.3807700e-05               555s
   58613 PPushes remaining with PInf 1.3807700e-05               560s
   54215 PPushes remaining with PInf 1.3807700e-05               565s
   48630 PPushes remaining with PInf 1.3807700e-05               571s
   44668 PPushes remaining with PInf 1.3807700e-05               576s
   42345 PPushes remaining with PInf 1.3807700e-05               582s
   41303 PPushes remaining with PInf 1.3807700e-05               586s
   40102 PPushes remaining with PInf 1.3807700e-05               591s
   38734 PPushes remaining with PInf 1.3807700e-05               596s
   37602 PPushes remaining with PInf 1.3807700e-05               600s
   36671 PPushes remaining with PInf 1.3807700e-05               605s
   35372 PPushes remaining with PInf 9.2843249e-06               611s
   34327 PPushes remaining with PInf 9.2843249e-06               616s
   33427 PPushes remaining with PInf 9.2843249e-06               621s
   32515 PPushes remaining with PInf 9.2843249e-06               628s
   32031 PPushes remaining with PInf 9.2843249e-06               631s
   30839 PPushes remaining with PInf 9.2843249e-06               637s
   30321 PPushes remaining with PInf 9.2843249e-06               641s
   29292 PPushes remaining with PInf 9.2843249e-06               647s
   28866 PPushes remaining with PInf 9.2843249e-06               651s
   27995 PPushes remaining with PInf 9.2843249e-06               658s
   27568 PPushes remaining with PInf 9.2843249e-06               661s
   26666 PPushes remaining with PInf 9.2843249e-06               668s
   26225 PPushes remaining with PInf 9.2843249e-06               672s
   25796 PPushes remaining with PInf 9.2843249e-06               676s
   24948 PPushes remaining with PInf 9.2843249e-06               683s
   24517 PPushes remaining with PInf 9.2843249e-06               687s
   24086 PPushes remaining with PInf 9.2843249e-06               690s
   23238 PPushes remaining with PInf 9.2843249e-06               698s
   22789 PPushes remaining with PInf 9.2843249e-06               702s
   22359 PPushes remaining with PInf 9.2843249e-06               706s
   21931 PPushes remaining with PInf 9.2843249e-06               711s
   21507 PPushes remaining with PInf 9.2843249e-06               716s
   21074 PPushes remaining with PInf 9.2843249e-06               721s
   20200 PPushes remaining with PInf 9.2843249e-06               729s
   19752 PPushes remaining with PInf 9.2843249e-06               735s
   19315 PPushes remaining with PInf 9.2843249e-06               740s
   18866 PPushes remaining with PInf 9.2843249e-06               745s
   18425 PPushes remaining with PInf 2.8267695e-06               750s
   17992 PPushes remaining with PInf 2.8267695e-06               756s
   17562 PPushes remaining with PInf 2.8267695e-06               762s
   17085 PPushes remaining with PInf 2.8267695e-06               768s
   16659 PPushes remaining with PInf 2.8267695e-06               774s
   16238 PPushes remaining with PInf 2.8267695e-06               780s
   15786 PPushes remaining with PInf 2.8267695e-06               786s
   15358 PPushes remaining with PInf 2.8267695e-06               791s
   14931 PPushes remaining with PInf 0.0000000e+00               797s
   14456 PPushes remaining with PInf 0.0000000e+00               804s
   13949 PPushes remaining with PInf 0.0000000e+00               811s
   13510 PPushes remaining with PInf 0.0000000e+00               817s
   13070 PPushes remaining with PInf 0.0000000e+00               823s
   12640 PPushes remaining with PInf 0.0000000e+00               829s
   12163 PPushes remaining with PInf 0.0000000e+00               835s
   11724 PPushes remaining with PInf 0.0000000e+00               841s
   11297 PPushes remaining with PInf 0.0000000e+00               848s
   10799 PPushes remaining with PInf 0.0000000e+00               856s
   10376 PPushes remaining with PInf 0.0000000e+00               863s
    9940 PPushes remaining with PInf 0.0000000e+00               870s
    9434 PPushes remaining with PInf 0.0000000e+00               878s
    9003 PPushes remaining with PInf 0.0000000e+00               885s
    8531 PPushes remaining with PInf 0.0000000e+00               893s
    8060 PPushes remaining with PInf 0.0000000e+00               900s
    7628 PPushes remaining with PInf 0.0000000e+00               909s
    7090 PPushes remaining with PInf 0.0000000e+00               919s
    6627 PPushes remaining with PInf 0.0000000e+00               928s
    6181 PPushes remaining with PInf 0.0000000e+00               936s
    5736 PPushes remaining with PInf 0.0000000e+00               945s
    5307 PPushes remaining with PInf 0.0000000e+00               954s
    4839 PPushes remaining with PInf 0.0000000e+00               963s
    4380 PPushes remaining with PInf 0.0000000e+00               972s
    3917 PPushes remaining with PInf 0.0000000e+00               982s
    3473 PPushes remaining with PInf 0.0000000e+00               991s
    3036 PPushes remaining with PInf 0.0000000e+00              1001s
    2587 PPushes remaining with PInf 0.0000000e+00              1011s
    2141 PPushes remaining with PInf 0.0000000e+00              1022s
    1690 PPushes remaining with PInf 0.0000000e+00              1033s
    1251 PPushes remaining with PInf 0.0000000e+00              1043s
     742 PPushes remaining with PInf 0.0000000e+00              1055s
     262 PPushes remaining with PInf 0.0000000e+00              1068s
       0 PPushes remaining with PInf 0.0000000e+00              1076s

  Push phase complete: Pinf 0.0000000e+00, Dinf 2.9764642e-09   1076s


Root simplex log...

Iteration    Objective       Primal Inf.    Dual Inf.      Time
  433448    6.6809804e+02   0.000000e+00   0.000000e+00   1078s
Concurrent spin time: 0.05s

Solved with barrier
  433448    6.6809804e+02   0.000000e+00   0.000000e+00   1080s

Use crossover to convert LP symmetric solution to basic solution...

Root crossover log...

   16252 DPushes remaining with DInf 0.0000000e+00              1081s

   42844 PPushes remaining with PInf 0.0000000e+00              1081s
    4948 PPushes remaining with PInf 0.0000000e+00              1086s
    3512 PPushes remaining with PInf 0.0000000e+00              1092s
    2433 PPushes remaining with PInf 0.0000000e+00              1096s
    1287 PPushes remaining with PInf 0.0000000e+00              1102s
     675 PPushes remaining with PInf 0.0000000e+00              1105s
       0 PPushes remaining with PInf 0.0000000e+00              1110s

  Push phase complete: Pinf 0.0000000e+00, Dinf 7.1433135e-10   1110s


Root simplex log...

Iteration    Objective       Primal Inf.    Dual Inf.      Time
  476295    6.6809804e+02   0.000000e+00   0.000000e+00   1111s
  476295    6.6809804e+02   0.000000e+00   0.000000e+00   1111s

Root relaxation: objective 6.680980e+02, 476295 iterations, 984.02 seconds (265.15 work units)

    Nodes    |    Current Node    |     Objective Bounds      |     Work
 Expl Unexpl |  Obj  Depth IntInf | Incumbent    BestBd   Gap | It/Node Time

     0     0  668.09804    0 36612          -  668.09804      -     - 1984s
     0     0  668.09804    0 36612          -  668.09804      -     - 2981s
