0.JOB_NAME: MIPSolver3_1_848ca0f6a7
1.SOLVER: MIPSolver3
2.PARAMS: {'break_symmetry': False}
3.INSTANCE: /home/ir803925/Kobra/rehabiliation-admission-scheduling/data/comp_study_004/instance_p50_t30_low.txt
4.REPETITION: 1
5.CPU_CORES: 8
Current directory: /home/ir803925/Kobra/rehabiliation-admission-scheduling
[34m2025-01-24 01:31:32,445 - DEBUG - Solver: <class 'src.solvers.mip3.MIPSolver3'>[0m
[34m2025-01-24 01:31:32,445 - DEBUG - Args: {'break_symmetry': False}[0m
[34m2025-01-24 01:31:32,445 - DEBUG - File path /home/ir803925/Kobra/rehabiliation-admission-scheduling/data/comp_study_004/instance_p50_t30_low.txt[0m
[34m2025-01-24 01:31:32,460 - DEBUG - ADD INSTANCE DATA[0m
[34m2025-01-24 01:31:32,460 - DEBUG - ADD INSTANCE DATA[0m
[34m2025-01-24 01:31:32,460 - DEBUG - ADD INSTANCE DATA[0m
[34m2025-01-24 01:31:32,460 - DEBUG - ADD INSTANCE DATA[0m
[34m2025-01-24 01:31:32,460 - DEBUG - ADD INSTANCE DATA[0m
[34m2025-01-24 01:31:32,460 - DEBUG - ADD INSTANCE DATA[0m
[34m2025-01-24 01:31:32,460 - DEBUG - ADD INSTANCE DATA[0m
[34m2025-01-24 01:31:32,460 - DEBUG - ADD INSTANCE DATA[0m
[34m2025-01-24 01:31:32,460 - DEBUG - ADD INSTANCE DATA[0m
[34m2025-01-24 01:31:32,460 - DEBUG - ADD INSTANCE DATA[0m
[34m2025-01-24 01:31:32,460 - DEBUG - ADD INSTANCE DATA[0m
[34m2025-01-24 01:31:32,461 - DEBUG - ADD RESOURCE_GROUPS[0m
[34m2025-01-24 01:31:32,461 - DEBUG - ADD RESOURCE_GROUPS[0m
[34m2025-01-24 01:31:32,461 - DEBUG - ADD RESOURCE_GROUPS[0m
[34m2025-01-24 01:31:32,461 - DEBUG - ADD RESOURCE_GROUPS[0m
[34m2025-01-24 01:31:32,461 - DEBUG - ADD RESOURCE_GROUPS[0m
[34m2025-01-24 01:31:32,461 - DEBUG - ADD RESOURCE_GROUPS[0m
[34m2025-01-24 01:31:32,461 - DEBUG - ADD RESOURCE_GROUPS[0m
[34m2025-01-24 01:31:32,461 - DEBUG - ADD RESOURCE_GROUPS[0m
[34m2025-01-24 01:31:32,461 - DEBUG - ADD RESOURCE_GROUPS[0m
[34m2025-01-24 01:31:32,461 - DEBUG - ADD RESOURCE_GROUPS[0m
[34m2025-01-24 01:31:32,461 - DEBUG - ADD RESOURCE_GROUPS[0m
[34m2025-01-24 01:31:32,461 - DEBUG - ADD RESOURCE_GROUPS[0m
[34m2025-01-24 01:31:32,461 - DEBUG - ADD RESOURCES[0m
[34m2025-01-24 01:31:32,461 - DEBUG - ADD RESOURCES[0m
[34m2025-01-24 01:31:32,462 - DEBUG - ADD RESOURCES[0m
[34m2025-01-24 01:31:32,462 - DEBUG - ADD RESOURCES[0m
[34m2025-01-24 01:31:32,462 - DEBUG - ADD RESOURCES[0m
[34m2025-01-24 01:31:32,462 - DEBUG - ADD RESOURCES[0m
[34m2025-01-24 01:31:32,462 - DEBUG - ADD RESOURCES[0m
[34m2025-01-24 01:31:32,462 - DEBUG - ADD RESOURCES[0m
[34m2025-01-24 01:31:32,462 - DEBUG - ADD RESOURCES[0m
[34m2025-01-24 01:31:32,462 - DEBUG - ADD RESOURCES[0m
[34m2025-01-24 01:31:32,463 - DEBUG - ADD RESOURCES[0m
[34m2025-01-24 01:31:32,463 - DEBUG - ADD RESOURCES[0m
[34m2025-01-24 01:31:32,463 - DEBUG - ADD RESOURCES[0m
[34m2025-01-24 01:31:32,463 - DEBUG - ADD RESOURCES[0m
[34m2025-01-24 01:31:32,463 - DEBUG - ADD RESOURCES[0m
[34m2025-01-24 01:31:32,463 - DEBUG - ADD RESOURCES[0m
[34m2025-01-24 01:31:32,463 - DEBUG - ADD RESOURCES[0m
[34m2025-01-24 01:31:32,463 - DEBUG - ADD RESOURCES[0m
[34m2025-01-24 01:31:32,463 - DEBUG - ADD RESOURCES[0m
[34m2025-01-24 01:31:32,463 - DEBUG - ADD RESOURCES[0m
[34m2025-01-24 01:31:32,463 - DEBUG - ADD RESOURCES[0m
[34m2025-01-24 01:31:32,463 - DEBUG - ADD RESOURCES[0m
[34m2025-01-24 01:31:32,463 - DEBUG - ADD RESOURCES[0m
[34m2025-01-24 01:31:32,464 - DEBUG - ADD RESOURCES[0m
[34m2025-01-24 01:31:32,464 - DEBUG - ADD RESOURCES[0m
[34m2025-01-24 01:31:32,464 - DEBUG - ADD RESOURCES[0m
[34m2025-01-24 01:31:32,464 - DEBUG - ADD RESOURCES[0m
[34m2025-01-24 01:31:32,464 - DEBUG - ADD RESOURCES[0m
[34m2025-01-24 01:31:32,464 - DEBUG - ADD RESOURCES[0m
[34m2025-01-24 01:31:32,464 - DEBUG - ADD RESOURCES[0m
[34m2025-01-24 01:31:32,464 - DEBUG - ADD TREATMENTS[0m
[34m2025-01-24 01:31:32,464 - DEBUG - ADD TREATMENTS[0m
[34m2025-01-24 01:31:32,464 - DEBUG - ADD TREATMENTS[0m
[34m2025-01-24 01:31:32,464 - DEBUG - ADD TREATMENTS[0m
[34m2025-01-24 01:31:32,465 - DEBUG - ADD TREATMENTS[0m
[34m2025-01-24 01:31:32,466 - DEBUG - ADD TREATMENTS[0m
[34m2025-01-24 01:31:32,466 - DEBUG - ADD TREATMENTS[0m
[34m2025-01-24 01:31:32,466 - DEBUG - ADD TREATMENTS[0m
[34m2025-01-24 01:31:32,466 - DEBUG - ADD TREATMENTS[0m
[34m2025-01-24 01:31:32,466 - DEBUG - ADD TREATMENTS[0m
[34m2025-01-24 01:31:32,466 - DEBUG - ADD TREATMENTS[0m
[34m2025-01-24 01:31:32,466 - DEBUG - ADD TREATMENTS[0m
[34m2025-01-24 01:31:32,466 - DEBUG - ADD TREATMENTS[0m
[34m2025-01-24 01:31:32,466 - DEBUG - ADD TREATMENTS[0m
[34m2025-01-24 01:31:32,466 - DEBUG - ADD TREATMENTS[0m
[34m2025-01-24 01:31:32,466 - DEBUG - ADD TREATMENTS[0m
[34m2025-01-24 01:31:32,466 - DEBUG - ADD TREATMENTS[0m
[34m2025-01-24 01:31:32,466 - DEBUG - ADD TREATMENTS[0m
[34m2025-01-24 01:31:32,467 - DEBUG - ADD TREATMENTS[0m
[34m2025-01-24 01:31:32,467 - DEBUG - ADD TREATMENTS[0m
[34m2025-01-24 01:31:32,467 - DEBUG - ADD TREATMENTS[0m
[34m2025-01-24 01:31:32,467 - DEBUG - ADD TREATMENTS[0m
[34m2025-01-24 01:31:32,467 - DEBUG - ADD PATIENTS[0m
[34m2025-01-24 01:31:32,467 - DEBUG - ADD PATIENTS[0m
[34m2025-01-24 01:31:32,467 - DEBUG - ADD PATIENTS[0m
[34m2025-01-24 01:31:32,467 - DEBUG - ADD PATIENTS[0m
[34m2025-01-24 01:31:32,468 - DEBUG - ADD PATIENTS[0m
[34m2025-01-24 01:31:32,468 - DEBUG - ADD PATIENTS[0m
[34m2025-01-24 01:31:32,468 - DEBUG - ADD PATIENTS[0m
[34m2025-01-24 01:31:32,468 - DEBUG - ADD PATIENTS[0m
[34m2025-01-24 01:31:32,468 - DEBUG - ADD PATIENTS[0m
[34m2025-01-24 01:31:32,468 - DEBUG - ADD PATIENTS[0m
[34m2025-01-24 01:31:32,468 - DEBUG - ADD PATIENTS[0m
[34m2025-01-24 01:31:32,468 - DEBUG - ADD PATIENTS[0m
[34m2025-01-24 01:31:32,468 - DEBUG - ADD PATIENTS[0m
[34m2025-01-24 01:31:32,468 - DEBUG - ADD PATIENTS[0m
[34m2025-01-24 01:31:32,469 - DEBUG - ADD PATIENTS[0m
[34m2025-01-24 01:31:32,469 - DEBUG - ADD PATIENTS[0m
[34m2025-01-24 01:31:32,469 - DEBUG - ADD PATIENTS[0m
[34m2025-01-24 01:31:32,469 - DEBUG - ADD PATIENTS[0m
[34m2025-01-24 01:31:32,469 - DEBUG - ADD PATIENTS[0m
[34m2025-01-24 01:31:32,469 - DEBUG - ADD PATIENTS[0m
[34m2025-01-24 01:31:32,469 - DEBUG - ADD PATIENTS[0m
[34m2025-01-24 01:31:32,469 - DEBUG - ADD PATIENTS[0m
[34m2025-01-24 01:31:32,469 - DEBUG - ADD PATIENTS[0m
[34m2025-01-24 01:31:32,470 - DEBUG - ADD PATIENTS[0m
[34m2025-01-24 01:31:32,470 - DEBUG - ADD PATIENTS[0m
[34m2025-01-24 01:31:32,470 - DEBUG - ADD PATIENTS[0m
[34m2025-01-24 01:31:32,470 - DEBUG - ADD PATIENTS[0m
[34m2025-01-24 01:31:32,470 - DEBUG - ADD PATIENTS[0m
[34m2025-01-24 01:31:32,470 - DEBUG - ADD PATIENTS[0m
[34m2025-01-24 01:31:32,470 - DEBUG - ADD PATIENTS[0m
[34m2025-01-24 01:31:32,470 - DEBUG - ADD PATIENTS[0m
[34m2025-01-24 01:31:32,470 - DEBUG - ADD PATIENTS[0m
[34m2025-01-24 01:31:32,470 - DEBUG - ADD PATIENTS[0m
[34m2025-01-24 01:31:32,471 - DEBUG - ADD PATIENTS[0m
[34m2025-01-24 01:31:32,471 - DEBUG - ADD PATIENTS[0m
[34m2025-01-24 01:31:32,471 - DEBUG - ADD PATIENTS[0m
[34m2025-01-24 01:31:32,471 - DEBUG - ADD PATIENTS[0m
[34m2025-01-24 01:31:32,471 - DEBUG - ADD PATIENTS[0m
[34m2025-01-24 01:31:32,471 - DEBUG - ADD PATIENTS[0m
[34m2025-01-24 01:31:32,471 - DEBUG - ADD PATIENTS[0m
[34m2025-01-24 01:31:32,471 - DEBUG - ADD PATIENTS[0m
[34m2025-01-24 01:31:32,471 - DEBUG - ADD PATIENTS[0m
[34m2025-01-24 01:31:32,472 - DEBUG - ADD PATIENTS[0m
[34m2025-01-24 01:31:32,472 - DEBUG - ADD PATIENTS[0m
[34m2025-01-24 01:31:32,472 - DEBUG - ADD PATIENTS[0m
[34m2025-01-24 01:31:32,472 - DEBUG - ADD PATIENTS[0m
[34m2025-01-24 01:31:32,472 - DEBUG - ADD PATIENTS[0m
[34m2025-01-24 01:31:32,472 - DEBUG - ADD PATIENTS[0m
[34m2025-01-24 01:31:32,472 - DEBUG - ADD PATIENTS[0m
[34m2025-01-24 01:31:32,472 - DEBUG - ADD PATIENTS[0m
[34m2025-01-24 01:31:32,472 - DEBUG - Instance data:[0m
[34m2025-01-24 01:31:32,473 - DEBUG - 0[0m
[34m2025-01-24 01:31:32,473 - DEBUG - New Resource Group:frozenset({RG(therapists)})[0m
[34m2025-01-24 01:31:32,635 - DEBUG - 1[0m
[34m2025-01-24 01:31:32,635 - DEBUG - 2[0m
[34m2025-01-24 01:31:32,635 - DEBUG - New Resource Group:frozenset({RG(physiotherapists)})[0m
[34m2025-01-24 01:31:32,635 - DEBUG - New Resource Group:frozenset({RG(therapists), RG(physiotherapists)})[0m
[34m2025-01-24 01:31:32,636 - DEBUG - 3[0m
[34m2025-01-24 01:31:32,636 - DEBUG - 4[0m
[34m2025-01-24 01:31:32,636 - DEBUG - 5[0m
[34m2025-01-24 01:31:32,636 - DEBUG - New Resource Group:frozenset({RG(massage_therapist)})[0m
[34m2025-01-24 01:31:32,636 - DEBUG - New Resource Group:frozenset({RG(therapists), RG(massage_therapist)})[0m
[34m2025-01-24 01:31:32,636 - DEBUG - New Resource Group:frozenset({RG(physiotherapists), RG(massage_therapist)})[0m
[34m2025-01-24 01:31:32,636 - DEBUG - New Resource Group:frozenset({RG(therapists), RG(physiotherapists), RG(massage_therapist)})[0m
[34m2025-01-24 01:31:32,636 - DEBUG - 6[0m
[34m2025-01-24 01:31:32,636 - DEBUG - 7[0m
[34m2025-01-24 01:31:32,636 - DEBUG - New Resource Group:frozenset({RG(psychotherapists)})[0m
[34m2025-01-24 01:31:32,636 - DEBUG - New Resource Group:frozenset({RG(therapists), RG(psychotherapists)})[0m
[34m2025-01-24 01:31:32,636 - DEBUG - 8[0m
[34m2025-01-24 01:31:32,636 - DEBUG - 9[0m
[34m2025-01-24 01:31:32,636 - DEBUG - 10[0m
[34m2025-01-24 01:31:32,636 - DEBUG - 11[0m
[34m2025-01-24 01:31:32,636 - DEBUG - New Resource Group:frozenset({RG(lifeguards)})[0m
[34m2025-01-24 01:31:32,636 - DEBUG - New Resource Group:frozenset({RG(therapists), RG(lifeguards)})[0m
[34m2025-01-24 01:31:32,636 - DEBUG - 12[0m
[34m2025-01-24 01:31:32,636 - DEBUG - 13[0m
[34m2025-01-24 01:31:32,636 - DEBUG - New Resource Group:frozenset({RG(rooms)})[0m
[34m2025-01-24 01:31:32,667 - DEBUG - 14[0m
[34m2025-01-24 01:31:32,667 - DEBUG - 15[0m
[34m2025-01-24 01:31:32,667 - DEBUG - 16[0m
[34m2025-01-24 01:31:32,667 - DEBUG - 17[0m
[34m2025-01-24 01:31:32,667 - DEBUG - 18[0m
[34m2025-01-24 01:31:32,667 - DEBUG - New Resource Group:frozenset({RG(rooms_with_beamer)})[0m
[34m2025-01-24 01:31:32,667 - DEBUG - New Resource Group:frozenset({RG(rooms), RG(rooms_with_beamer)})[0m
[34m2025-01-24 01:31:32,667 - DEBUG - 19[0m
[34m2025-01-24 01:31:32,667 - DEBUG - 20[0m
[34m2025-01-24 01:31:32,667 - DEBUG - New Resource Group:frozenset({RG(sport_room)})[0m
[34m2025-01-24 01:31:32,680 - DEBUG - 21[0m
[34m2025-01-24 01:31:32,680 - DEBUG - 22[0m
[34m2025-01-24 01:31:32,680 - DEBUG - 23[0m
[34m2025-01-24 01:31:32,680 - DEBUG - New Resource Group:frozenset({RG(swimming_pool)})[0m
[34m2025-01-24 01:31:32,684 - DEBUG - 24[0m
[34m2025-01-24 01:31:32,684 - DEBUG - New Resource Group:frozenset({RG(arts_crafts_materials)})[0m
[34m2025-01-24 01:31:32,693 - DEBUG - 25[0m
[34m2025-01-24 01:31:32,693 - DEBUG - 26[0m
[34m2025-01-24 01:31:32,693 - DEBUG - New Resource Group:frozenset({RG(fitness_machines)})[0m
[34m2025-01-24 01:31:32,702 - DEBUG - 27[0m
[34m2025-01-24 01:31:32,702 - DEBUG - 28[0m
[34m2025-01-24 01:31:32,702 - DEBUG - New Resource Group:frozenset({RG(hydrotherapy_bath)})[0m
[34m2025-01-24 01:31:32,711 - DEBUG - 29[0m
[34m2025-01-24 01:31:32,711 - DEBUG - Number of patients: 50[0m
[34m2025-01-24 01:31:32,711 - DEBUG - Number of beds: 50[0m
[34m2025-01-24 01:31:32,711 - DEBUG - Average number of treatments per patient: 54.76[0m
[34m2025-01-24 01:31:32,711 - DEBUG - Average number of treatment per stayed day: 3.042222222222222[0m
[34m2025-01-24 01:31:32,711 - DEBUG - Number of treatments: 2738[0m
[34m2025-01-24 01:31:32,711 - DEBUG - Number of resources: 30[0m
[34m2025-01-24 01:31:32,711 - DEBUG - Number of resource groups: 12[0m
[34m2025-01-24 01:31:32,711 - DEBUG - Number of resource hours needed per all treatment by RG(therapists): 65.80972222222213[0m
[34m2025-01-24 01:31:32,711 - DEBUG - Number of resource hours needed per all treatment by RG(rooms): 149.30416666666656[0m
[34m2025-01-24 01:31:32,711 - DEBUG - Number of resource hours needed per all treatment by RG(arts_crafts_materials): 11.375000000000002[0m
[34m2025-01-24 01:31:32,711 - DEBUG - Number of resource hours needed per all treatment by RG(physiotherapists): 207.07361111111112[0m
[34m2025-01-24 01:31:32,711 - DEBUG - Number of resource hours needed per all treatment by RG(lifeguards): 8.458333333333334[0m
[34m2025-01-24 01:31:32,711 - DEBUG - Number of resource hours needed per all treatment by RG(swimming_pool): 8.458333333333334[0m
[34m2025-01-24 01:31:32,711 - DEBUG - Number of resource hours needed per all treatment by RG(hydrotherapy_bath): 16.333333333333343[0m
[34m2025-01-24 01:31:32,711 - DEBUG - Number of resource hours needed per all treatment by RG(sport_room): 161.46666666666653[0m
[34m2025-01-24 01:31:32,711 - DEBUG - Number of resource hours needed per all treatment by RG(rooms_with_beamer): 8.876388888888899[0m
[34m2025-01-24 01:31:32,711 - DEBUG - Number of resource hours needed per all treatment by RG(psychotherapists): 76.31944444444449[0m
[34m2025-01-24 01:31:32,711 - DEBUG - Number of resource hours needed per all treatment by RG(massage_therapist): 39.86111111111112[0m
[34m2025-01-24 01:31:32,711 - DEBUG - Number of resource hours needed per all treatment by RG(fitness_machines): 45.50000000000001[0m
[32m2025-01-24 01:31:32,711 - INFO - {'solver': 'MIPSolver3', 'args': {'break_symmetry': False, 'log_to_console': True}}[0m
[34m2025-01-24 01:31:32,712 - DEBUG - Setting options: MIPSolver3[0m
[34m2025-01-24 01:31:32,712 - DEBUG -  ---- break_symmetry to False[0m
[34m2025-01-24 01:31:32,712 - DEBUG - Setting options: Solver[0m
[34m2025-01-24 01:31:32,712 - DEBUG -  ---- number_of_threads to 8 (default)[0m
[34m2025-01-24 01:31:32,712 - DEBUG -  ---- treatment_value to 0 (default)[0m
[34m2025-01-24 01:31:32,712 - DEBUG -  ---- delay_value to 1 (default)[0m
[34m2025-01-24 01:31:32,712 - DEBUG -  ---- missing_treatment_value to 4 (default)[0m
[34m2025-01-24 01:31:32,712 - DEBUG -  ---- log_to_console to True[0m
[34m2025-01-24 01:31:32,712 - DEBUG -  ---- log_to_file to True (default)[0m
[32m2025-01-24 01:31:32,742 - INFO - Create model: MIPSolver3[0m
Set parameter TSPort to value 50039
Set parameter TokenServer to value "license.itc.rwth-aachen.de"
Set parameter Threads to value 8
[34m2025-01-24 01:31:34,562 - DEBUG - Variables created.[0m
[34m2025-01-24 01:31:34,735 - DEBUG - Constraint (p1) created.[0m
[34m2025-01-24 01:31:36,789 - DEBUG - Constraint (when_admitted) created.[0m
[34m2025-01-24 01:31:37,208 - DEBUG - Constraint (p3) created.[0m
[34m2025-01-24 01:31:37,209 - DEBUG - Constraint (r1) created.[0m
[34m2025-01-24 01:31:37,470 - DEBUG - Constraint (r2) created.[0m
[34m2025-01-24 01:31:37,719 - DEBUG - Constraint (r3) created.[0m
[34m2025-01-24 01:31:39,241 - DEBUG - Constraint (r4) created.[0m
[34m2025-01-24 01:31:40,318 - DEBUG - Constraint (r6) created.[0m
[34m2025-01-24 01:31:40,319 - DEBUG - Constraint (r7) created.[0m
[34m2025-01-24 01:31:40,614 - DEBUG - Constraint (a4) created.[0m
[34m2025-01-24 01:31:40,722 - DEBUG - Constraint (a5) created.[0m
[34m2025-01-24 01:31:40,832 - DEBUG - Constraint (a5) created.[0m
[32m2025-01-24 01:31:48,305 - INFO - Time to create model: 15.563[0m
[32m2025-01-24 01:31:48,306 - INFO - Solving model: MIPSolver3[0m
Gurobi Optimizer version 10.0.0 build v10.0.0rc2 (linux64)

CPU model: Intel(R) Xeon(R) Platinum 8468, instruction set [SSE2|AVX|AVX2|AVX512]
Thread count: 96 physical cores, 96 logical processors, using up to 8 threads

Optimize a model with 438339 rows, 339257 columns and 3439976 nonzeros
Model fingerprint: 0xe8b7280f
Variable types: 2 continuous, 339255 integer (339255 binary)
Coefficient statistics:
  Matrix range     [1e+00, 1e+01]
  Objective range  [1e+00, 4e+00]
  Bounds range     [1e+00, 1e+00]
  RHS range        [1e+00, 1e+04]
Presolve removed 329643 rows and 144833 columns (presolve time = 5s) ...
Presolve removed 329643 rows and 144833 columns
Presolve time: 6.03s
Presolved: 108696 rows, 194424 columns, 1461053 nonzeros
Variable types: 0 continuous, 194424 integer (194424 binary)
Deterministic concurrent LP optimizer: primal simplex, dual simplex, and barrier
Showing barrier log only...

Root barrier log...

Ordering time: 0.58s

Barrier statistics:
 Dense cols : 5
 AA' NZ     : 5.576e+05
 Factor NZ  : 4.049e+06 (roughly 60 MB of memory)
 Factor Ops : 1.349e+09 (less than 1 second per iteration)
 Threads    : 5

                  Objective                Residual
Iter       Primal          Dual         Primal    Dual     Compl     Time
   0  -2.10495190e+07 -2.63509319e+04  1.98e+05 1.36e+00  3.52e+02     8s
   1  -1.25692919e+07 -4.76609677e+04  1.18e+05 9.50e-01  1.94e+02     8s
   2  -1.47553759e+06 -5.02666932e+04  1.38e+04 1.72e-01  2.37e+01     8s
   3  -1.36059852e+05 -3.70893916e+04  1.24e+03 3.64e-04  2.63e+00     8s
   4  -4.01839431e+04 -2.41026993e+04  3.36e+02 2.11e-04  1.01e+00     8s
   5  -1.34353657e+04 -1.41381445e+04  8.39e+01 1.06e-04  5.01e-01     8s
   6  -1.69055673e+02 -7.34509826e+03  7.36e+00 5.24e-05  2.42e-01     8s
   7   3.09339848e+03 -2.69277229e+03  3.95e+00 2.91e-05  1.44e-01     8s
   8   5.68222219e+03  1.83915240e+03  1.24e+00 1.05e-05  6.41e-02     8s
   9   6.73412078e+03  4.68401487e+03  1.45e-01 3.88e-06  2.47e-02     8s
  10   6.87217502e+03  6.55281358e+03  7.94e-06 5.73e-07  3.53e-03     8s
  11   6.87200251e+03  6.87140471e+03  3.22e-12 1.42e-14  6.61e-06     8s
  12   6.87200000e+03  6.87200000e+03  1.26e-11 2.13e-14  4.92e-11     8s

Barrier solved model in 12 iterations and 8.47 seconds (15.33 work units)
Optimal objective 6.87200000e+03


Root crossover log...

    1026 DPushes remaining with DInf 0.0000000e+00                 8s
       0 DPushes remaining with DInf 0.0000000e+00                 8s

   32776 PPushes remaining with PInf 0.0000000e+00                 8s
       0 PPushes remaining with PInf 0.0000000e+00                10s

  Push phase complete: Pinf 0.0000000e+00, Dinf 6.2427374e-11     10s


Root simplex log...

Iteration    Objective       Primal Inf.    Dual Inf.      Time
   33802    6.8720000e+03   0.000000e+00   0.000000e+00     10s
Concurrent spin time: 0.63s (can be avoided by choosing Method=3)

Solved with dual simplex

Root simplex log...

Iteration    Objective       Primal Inf.    Dual Inf.      Time
   15056    6.8720000e+03   0.000000e+00   0.000000e+00     11s

Use crossover to convert LP symmetric solution to basic solution...

Root crossover log...

    5341 DPushes remaining with DInf 0.0000000e+00                11s

   13093 PPushes remaining with PInf 0.0000000e+00                11s
       0 PPushes remaining with PInf 0.0000000e+00                11s

  Push phase complete: Pinf 0.0000000e+00, Dinf 1.9092727e-11     11s


Root simplex log...

Iteration    Objective       Primal Inf.    Dual Inf.      Time
   28152    6.8720000e+03   0.000000e+00   0.000000e+00     11s
   28152    6.8720000e+03   0.000000e+00   0.000000e+00     11s

Root relaxation: objective 6.872000e+03, 28152 iterations, 4.35 seconds (5.79 work units)

    Nodes    |    Current Node    |     Objective Bounds      |     Work
 Expl Unexpl |  Obj  Depth IntInf | Incumbent    BestBd   Gap | It/Node Time

*    0     0               0    6872.0000000 6872.00000  0.00%     -   17s

Explored 1 nodes (43814 simplex iterations) in 17.35 seconds (29.51 work units)
Thread count was 8 (of 96 available processors)

Solution count 1: 6872 

Optimal solution found (tolerance 1.00e-04)
Best objective 6.872000000000e+03, best bound 6.872000000000e+03, gap 0.0000%
[32m2025-01-24 01:32:05,821 - INFO - Optimal solution found.[0m
[34m2025-01-24 01:32:05,821 - DEBUG - Sub Objectives:[0m
[34m2025-01-24 01:32:05,821 - DEBUG - (SOLVER):Minimize Delay: 0.0[0m
[34m2025-01-24 01:32:05,821 - DEBUG - (SOLVER):Minimize Missing Treatments: 6872.0[0m
[34m2025-01-24 01:32:06,138 - DEBUG - Patient 0 is admitted at day 0.[0m
[34m2025-01-24 01:32:06,146 - DEBUG - Patient 1 is admitted at day 3.[0m
[34m2025-01-24 01:32:06,146 - DEBUG - Patient 2 is admitted at day 2.[0m
[34m2025-01-24 01:32:06,147 - DEBUG - Patient 3 is admitted at day 0.[0m
[34m2025-01-24 01:32:06,147 - DEBUG - Patient 4 is admitted at day 2.[0m
[34m2025-01-24 01:32:06,147 - DEBUG - Patient 5 is admitted at day 4.[0m
[34m2025-01-24 01:32:06,147 - DEBUG - Patient 6 is admitted at day 2.[0m
[34m2025-01-24 01:32:06,147 - DEBUG - Patient 7 is admitted at day 0.[0m
[34m2025-01-24 01:32:06,147 - DEBUG - Patient 8 is admitted at day 0.[0m
[34m2025-01-24 01:32:06,147 - DEBUG - Patient 9 is admitted at day 3.[0m
[34m2025-01-24 01:32:06,147 - DEBUG - Patient 10 is admitted at day 0.[0m
[34m2025-01-24 01:32:06,147 - DEBUG - Patient 11 is admitted at day 0.[0m
[34m2025-01-24 01:32:06,147 - DEBUG - Patient 12 is admitted at day 1.[0m
[34m2025-01-24 01:32:06,147 - DEBUG - Patient 13 is admitted at day 1.[0m
[34m2025-01-24 01:32:06,147 - DEBUG - Patient 14 is admitted at day 2.[0m
[34m2025-01-24 01:32:06,147 - DEBUG - Patient 15 is admitted at day 0.[0m
[34m2025-01-24 01:32:06,147 - DEBUG - Patient 16 is admitted at day 0.[0m
[34m2025-01-24 01:32:06,147 - DEBUG - Patient 17 is admitted at day 1.[0m
[34m2025-01-24 01:32:06,147 - DEBUG - Patient 18 is admitted at day 4.[0m
[34m2025-01-24 01:32:06,147 - DEBUG - Patient 19 is admitted at day 5.[0m
[34m2025-01-24 01:32:06,147 - DEBUG - Patient 20 is admitted at day 4.[0m
[34m2025-01-24 01:32:06,147 - DEBUG - Patient 21 is admitted at day 2.[0m
[34m2025-01-24 01:32:06,147 - DEBUG - Patient 22 is admitted at day 0.[0m
[34m2025-01-24 01:32:06,147 - DEBUG - Patient 23 is admitted at day 0.[0m
[34m2025-01-24 01:32:06,147 - DEBUG - Patient 24 is admitted at day 2.[0m
[34m2025-01-24 01:32:06,147 - DEBUG - Patient 25 is admitted at day 1.[0m
[34m2025-01-24 01:32:06,147 - DEBUG - Patient 26 is admitted at day 3.[0m
[34m2025-01-24 01:32:06,147 - DEBUG - Patient 27 is admitted at day 1.[0m
[34m2025-01-24 01:32:06,147 - DEBUG - Patient 28 is admitted at day 4.[0m
[34m2025-01-24 01:32:06,147 - DEBUG - Patient 29 is admitted at day 0.[0m
[34m2025-01-24 01:32:06,147 - DEBUG - Patient 30 is admitted at day 2.[0m
[34m2025-01-24 01:32:06,147 - DEBUG - Patient 31 is admitted at day 1.[0m
[34m2025-01-24 01:32:06,147 - DEBUG - Patient 32 is admitted at day 0.[0m
[34m2025-01-24 01:32:06,147 - DEBUG - Patient 33 is admitted at day 0.[0m
[34m2025-01-24 01:32:06,148 - DEBUG - Patient 34 is admitted at day 1.[0m
[34m2025-01-24 01:32:06,148 - DEBUG - Patient 35 is admitted at day 2.[0m
[34m2025-01-24 01:32:06,148 - DEBUG - Patient 36 is admitted at day 0.[0m
[34m2025-01-24 01:32:06,148 - DEBUG - Patient 37 is admitted at day 6.[0m
[34m2025-01-24 01:32:06,148 - DEBUG - Patient 38 is admitted at day 0.[0m
[34m2025-01-24 01:32:06,148 - DEBUG - Patient 39 is admitted at day 3.[0m
[34m2025-01-24 01:32:06,148 - DEBUG - Patient 40 is admitted at day 2.[0m
[34m2025-01-24 01:32:06,148 - DEBUG - Patient 41 is admitted at day 1.[0m
[34m2025-01-24 01:32:06,148 - DEBUG - Patient 42 is admitted at day 3.[0m
[34m2025-01-24 01:32:06,148 - DEBUG - Patient 43 is admitted at day 0.[0m
[34m2025-01-24 01:32:06,148 - DEBUG - Patient 44 is admitted at day 3.[0m
[34m2025-01-24 01:32:06,148 - DEBUG - Patient 45 is admitted at day 0.[0m
[34m2025-01-24 01:32:06,148 - DEBUG - Patient 46 is admitted at day 2.[0m
[34m2025-01-24 01:32:06,148 - DEBUG - Patient 47 is admitted at day 3.[0m
[34m2025-01-24 01:32:06,148 - DEBUG - Patient 48 is admitted at day 6.[0m
[34m2025-01-24 01:32:06,148 - DEBUG - Patient 49 is admitted at day 2.[0m
[34m2025-01-24 01:32:06,148 - DEBUG - Patients [0] have treatment 0 starting at day 0, hour 9.5 using resources [0, 16].[0m
[34m2025-01-24 01:32:06,148 - DEBUG - Patients [15] have treatment 0 starting at day 0, hour 9.5 using resources [1, 17].[0m
[34m2025-01-24 01:32:06,148 - DEBUG - Patients [22, 25, 29, 31, 33] have treatment 0 starting at day 1, hour 14.5 using resources [0, 15].[0m
[34m2025-01-24 01:32:06,148 - DEBUG - Patients [0, 3, 8, 16, 33] have treatment 0 starting at day 1, hour 10.5 using resources [2, 17].[0m
[34m2025-01-24 01:32:06,148 - DEBUG - Patients [11, 15, 31] have treatment 0 starting at day 1, hour 13.0 using resources [12, 17].[0m
[34m2025-01-24 01:32:06,148 - DEBUG - Patients [0, 25, 29, 31] have treatment 0 starting at day 2, hour 11.0 using resources [4, 14].[0m
[34m2025-01-24 01:32:06,148 - DEBUG - Patients [3, 4, 8, 16, 23] have treatment 0 starting at day 2, hour 8.0 using resources [1, 15].[0m
[34m2025-01-24 01:32:06,148 - DEBUG - Patients [1, 9, 24, 29, 30] have treatment 0 starting at day 3, hour 14.5 using resources [11, 17].[0m
[34m2025-01-24 01:32:06,148 - DEBUG - Patients [11, 15, 23, 25, 31] have treatment 0 starting at day 4, hour 15.0 using resources [9, 15].[0m
[34m2025-01-24 01:32:06,148 - DEBUG - Patients [22] have treatment 0 starting at day 4, hour 13.0 using resources [10, 17].[0m
[34m2025-01-24 01:32:06,148 - DEBUG - Patients [0, 16, 23, 29, 32] have treatment 0 starting at day 5, hour 11.0 using resources [8, 16].[0m
[34m2025-01-24 01:32:06,148 - DEBUG - Patients [15, 22] have treatment 0 starting at day 5, hour 9.5 using resources [0, 17].[0m
[34m2025-01-24 01:32:06,149 - DEBUG - Patients [3, 8, 16, 26, 30] have treatment 0 starting at day 5, hour 15.0 using resources [12, 13].[0m
[34m2025-01-24 01:32:06,149 - DEBUG - Patients [1, 9, 15, 22, 24] have treatment 0 starting at day 6, hour 10.0 using resources [0, 19].[0m
[34m2025-01-24 01:32:06,149 - DEBUG - Patients [0, 7, 14, 29, 30] have treatment 0 starting at day 6, hour 11.0 using resources [6, 19].[0m
[34m2025-01-24 01:32:06,149 - DEBUG - Patients [11, 12, 20, 33, 34] have treatment 0 starting at day 6, hour 8.0 using resources [11, 15].[0m
[34m2025-01-24 01:32:06,149 - DEBUG - Patients [23, 32, 33, 45] have treatment 1 starting at day 0, hour 8.0 using resources [1, 19, 25].[0m
[34m2025-01-24 01:32:06,149 - DEBUG - Patients [11, 22, 29, 36, 41, 45] have treatment 1 starting at day 1, hour 10.0 using resources [6, 18, 24].[0m
[34m2025-01-24 01:32:06,149 - DEBUG - Patients [12, 34] have treatment 1 starting at day 1, hour 14.5 using resources [1, 17, 25].[0m
[34m2025-01-24 01:32:06,149 - DEBUG - Patients [11, 15, 17, 22, 36, 38, 45] have treatment 1 starting at day 1, hour 8.0 using resources [1, 18, 25].[0m
[34m2025-01-24 01:32:06,149 - DEBUG - Patients [2, 25, 31, 36, 46, 49] have treatment 1 starting at day 2, hour 9.5 using resources [0, 18, 24].[0m
[34m2025-01-24 01:32:06,149 - DEBUG - Patients [13, 15, 16, 27, 41, 43, 45] have treatment 1 starting at day 2, hour 9.0 using resources [1, 16, 25].[0m
[34m2025-01-24 01:32:06,149 - DEBUG - Patients [10, 12, 25, 27, 38, 40] have treatment 1 starting at day 2, hour 14.5 using resources [0, 19, 25].[0m
[34m2025-01-24 01:32:06,149 - DEBUG - Patients [0, 2, 3, 6, 30, 32, 34, 42] have treatment 1 starting at day 3, hour 11.0 using resources [1, 13, 24].[0m
[34m2025-01-24 01:32:06,149 - DEBUG - Patients [0, 16, 25, 26, 34, 36] have treatment 1 starting at day 3, hour 14.5 using resources [4, 19, 24].[0m
[34m2025-01-24 01:32:06,149 - DEBUG - Patients [12, 13, 14, 15, 23, 24, 39, 45] have treatment 1 starting at day 3, hour 11.0 using resources [0, 17, 25].[0m
[34m2025-01-24 01:32:06,149 - DEBUG - Patients [2, 4, 6, 10, 31, 33, 40, 49] have treatment 1 starting at day 3, hour 14.5 using resources [0, 14, 25].[0m
[34m2025-01-24 01:32:06,149 - DEBUG - Patients [1, 5, 7, 9, 10, 28, 32, 39] have treatment 1 starting at day 4, hour 8.0 using resources [11, 16, 24].[0m
[34m2025-01-24 01:32:06,149 - DEBUG - Patients [2, 4, 5, 21, 39, 41, 42, 43] have treatment 1 starting at day 4, hour 9.0 using resources [4, 15, 25].[0m
[34m2025-01-24 01:32:06,149 - DEBUG - Patients [13, 14, 17, 23, 24, 30, 34, 36] have treatment 1 starting at day 4, hour 10.5 using resources [0, 13, 25].[0m
[34m2025-01-24 01:32:06,149 - DEBUG - Patients [5, 18, 26, 38, 39, 40, 44, 49] have treatment 1 starting at day 5, hour 10.5 using resources [10, 13, 25].[0m
[34m2025-01-24 01:32:06,149 - DEBUG - Patients [1, 5, 7, 8, 9, 20, 26, 39] have treatment 1 starting at day 5, hour 13.0 using resources [0, 14, 25].[0m
[34m2025-01-24 01:32:06,149 - DEBUG - Patients [0, 7, 18, 23, 29, 46, 47] have treatment 1 starting at day 5, hour 14.0 using resources [12, 18, 25].[0m
[34m2025-01-24 01:32:06,149 - DEBUG - Patients [1, 2, 8, 9, 14, 17, 20, 28] have treatment 1 starting at day 5, hour 11.0 using resources [9, 17, 24].[0m
[34m2025-01-24 01:32:06,149 - DEBUG - Patients [9, 14, 22, 23, 24, 27, 30, 35] have treatment 1 starting at day 6, hour 8.5 using resources [0, 16, 24].[0m
[34m2025-01-24 01:32:06,149 - DEBUG - Patients [5, 6, 12, 26, 28, 37, 39, 44] have treatment 1 starting at day 6, hour 11.0 using resources [0, 17, 25].[0m
[34m2025-01-24 01:32:06,149 - DEBUG - Patients [0, 1, 7, 19, 32, 35, 41, 43] have treatment 1 starting at day 6, hour 15.0 using resources [10, 13, 24].[0m
[34m2025-01-24 01:32:06,149 - DEBUG - Patients [17, 19, 20, 21, 34, 41, 45, 48] have treatment 1 starting at day 6, hour 11.0 using resources [8, 13, 24].[0m
[34m2025-01-24 01:32:06,149 - DEBUG - Patients [4, 8, 15, 21, 22, 32, 47, 48] have treatment 1 starting at day 6, hour 13.0 using resources [0, 17, 24].[0m
[34m2025-01-24 01:32:06,149 - DEBUG - Patients [38, 43, 45] have treatment 2 starting at day 1, hour 11.0 using resources [0, 13].[0m
[34m2025-01-24 01:32:06,149 - DEBUG - Patients [35, 44, 47] have treatment 2 starting at day 3, hour 8.0 using resources [0, 13].[0m
[34m2025-01-24 01:32:06,150 - DEBUG - Patients [35, 40, 42, 44, 47] have treatment 2 starting at day 4, hour 14.0 using resources [10, 16].[0m
[34m2025-01-24 01:32:06,150 - DEBUG - Patients [35, 36, 38, 39, 44, 45, 46, 47, 49] have treatment 2 starting at day 5, hour 8.5 using resources [0, 16].[0m
[34m2025-01-24 01:32:06,150 - DEBUG - Patients [36, 37, 39, 40, 42, 43, 44, 45, 47, 49] have treatment 2 starting at day 6, hour 9.5 using resources [1, 17].[0m
[34m2025-01-24 01:32:06,150 - DEBUG - Patients [0, 3, 7, 8] have treatment 3 starting at day 1, hour 8.5 using resources [3, 15].[0m
[34m2025-01-24 01:32:06,150 - DEBUG - Patients [0, 3, 7, 8] have treatment 3 starting at day 1, hour 13.0 using resources [2, 13].[0m
[34m2025-01-24 01:32:06,150 - DEBUG - Patients [0, 3, 7, 8] have treatment 3 starting at day 1, hour 9.5 using resources [5, 14].[0m
[34m2025-01-24 01:32:06,150 - DEBUG - Patients [0, 3, 7, 8] have treatment 3 starting at day 1, hour 14.0 using resources [4, 13].[0m
[34m2025-01-24 01:32:06,150 - DEBUG - Patients [0, 7, 8] have treatment 3 starting at day 2, hour 14.5 using resources [5, 15].[0m
[34m2025-01-24 01:32:06,150 - DEBUG - Patients [0, 3, 4, 8] have treatment 3 starting at day 2, hour 9.5 using resources [3, 17].[0m
[34m2025-01-24 01:32:06,150 - DEBUG - Patients [0, 1, 3, 4, 7, 8, 9] have treatment 3 starting at day 3, hour 10.0 using resources [5, 16].[0m
[34m2025-01-24 01:32:06,150 - DEBUG - Patients [8] have treatment 3 starting at day 3, hour 15.0 using resources [2, 15].[0m
[34m2025-01-24 01:32:06,150 - DEBUG - Patients [1, 3, 8, 9] have treatment 3 starting at day 4, hour 15.0 using resources [3, 14].[0m
[34m2025-01-24 01:32:06,150 - DEBUG - Patients [3, 4, 6, 7] have treatment 3 starting at day 5, hour 11.0 using resources [3, 18].[0m
[34m2025-01-24 01:32:06,150 - DEBUG - Patients [9] have treatment 3 starting at day 5, hour 14.0 using resources [4, 15].[0m
[34m2025-01-24 01:32:06,150 - DEBUG - Patients [0, 3, 5, 7, 8] have treatment 3 starting at day 5, hour 9.5 using resources [6, 19].[0m
[34m2025-01-24 01:32:06,150 - DEBUG - Patients [0, 1, 2, 7, 9] have treatment 3 starting at day 6, hour 13.0 using resources [2, 19].[0m
[34m2025-01-24 01:32:06,150 - DEBUG - Patients [32] have treatment 4 starting at day 0, hour 10.5 using resources [3, 14].[0m
[34m2025-01-24 01:32:06,150 - DEBUG - Patients [10] have treatment 4 starting at day 0, hour 9.5 using resources [4, 14].[0m
[34m2025-01-24 01:32:06,150 - DEBUG - Patients [23] have treatment 4 starting at day 0, hour 10.5 using resources [6, 13].[0m
[34m2025-01-24 01:32:06,150 - DEBUG - Patients [10] have treatment 4 starting at day 0, hour 8.0 using resources [2, 14].[0m
[34m2025-01-24 01:32:06,150 - DEBUG - Patients [16] have treatment 4 starting at day 0, hour 9.0 using resources [4, 14].[0m
[34m2025-01-24 01:32:06,150 - DEBUG - Patients [15] have treatment 4 starting at day 0, hour 10.5 using resources [5, 17].[0m
[34m2025-01-24 01:32:06,150 - DEBUG - Patients [23] have treatment 4 starting at day 0, hour 13.5 using resources [4, 18].[0m
[34m2025-01-24 01:32:06,150 - DEBUG - Patients [23] have treatment 4 starting at day 0, hour 15.5 using resources [3, 16].[0m
[34m2025-01-24 01:32:06,150 - DEBUG - Patients [32] have treatment 4 starting at day 0, hour 15.5 using resources [2, 15].[0m
[34m2025-01-24 01:32:06,150 - DEBUG - Patients [12] have treatment 4 starting at day 1, hour 8.0 using resources [4, 15].[0m
[34m2025-01-24 01:32:06,150 - DEBUG - Patients [15] have treatment 4 starting at day 1, hour 9.0 using resources [2, 17].[0m
[34m2025-01-24 01:32:06,150 - DEBUG - Patients [32] have treatment 4 starting at day 1, hour 10.5 using resources [4, 19].[0m
[34m2025-01-24 01:32:06,151 - DEBUG - Patients [12] have treatment 4 starting at day 1, hour 11.5 using resources [2, 13].[0m
[34m2025-01-24 01:32:06,151 - DEBUG - Patients [25] have treatment 4 starting at day 1, hour 8.0 using resources [6, 19].[0m
[34m2025-01-24 01:32:06,151 - DEBUG - Patients [15] have treatment 4 starting at day 2, hour 8.5 using resources [4, 18].[0m
[34m2025-01-24 01:32:06,151 - DEBUG - Patients [31] have treatment 4 starting at day 2, hour 15.5 using resources [5, 18].[0m
[34m2025-01-24 01:32:06,151 - DEBUG - Patients [14] have treatment 4 starting at day 3, hour 14.0 using resources [3, 18].[0m
[34m2025-01-24 01:32:06,151 - DEBUG - Patients [22] have treatment 4 starting at day 3, hour 9.5 using resources [5, 17].[0m
[34m2025-01-24 01:32:06,151 - DEBUG - Patients [26] have treatment 4 starting at day 3, hour 14.0 using resources [4, 17].[0m
[34m2025-01-24 01:32:06,151 - DEBUG - Patients [21] have treatment 4 starting at day 3, hour 8.0 using resources [2, 16].[0m
[34m2025-01-24 01:32:06,151 - DEBUG - Patients [14] have treatment 4 starting at day 3, hour 9.0 using resources [4, 19].[0m
[34m2025-01-24 01:32:06,151 - DEBUG - Patients [27] have treatment 4 starting at day 3, hour 11.0 using resources [5, 19].[0m
[34m2025-01-24 01:32:06,151 - DEBUG - Patients [13] have treatment 4 starting at day 3, hour 14.0 using resources [2, 13].[0m
[34m2025-01-24 01:32:06,151 - DEBUG - Patients [27] have treatment 4 starting at day 3, hour 8.5 using resources [4, 15].[0m
[34m2025-01-24 01:32:06,151 - DEBUG - Patients [27] have treatment 4 starting at day 3, hour 14.5 using resources [2, 18].[0m
[34m2025-01-24 01:32:06,151 - DEBUG - Patients [18] have treatment 4 starting at day 4, hour 9.0 using resources [2, 17].[0m
[34m2025-01-24 01:32:06,151 - DEBUG - Patients [17] have treatment 4 starting at day 4, hour 15.5 using resources [5, 13].[0m
[34m2025-01-24 01:32:06,151 - DEBUG - Patients [22] have treatment 4 starting at day 4, hour 9.0 using resources [3, 14].[0m
[34m2025-01-24 01:32:06,151 - DEBUG - Patients [18] have treatment 4 starting at day 4, hour 9.5 using resources [2, 17].[0m
[34m2025-01-24 01:32:06,151 - DEBUG - Patients [12] have treatment 4 starting at day 5, hour 11.0 using resources [6, 14].[0m
[34m2025-01-24 01:32:06,151 - DEBUG - Patients [19] have treatment 4 starting at day 5, hour 11.5 using resources [6, 15].[0m
[34m2025-01-24 01:32:06,151 - DEBUG - Patients [31] have treatment 4 starting at day 5, hour 10.5 using resources [3, 17].[0m
[34m2025-01-24 01:32:06,151 - DEBUG - Patients [21] have treatment 4 starting at day 5, hour 9.0 using resources [4, 16].[0m
[34m2025-01-24 01:32:06,151 - DEBUG - Patients [32] have treatment 4 starting at day 5, hour 15.0 using resources [6, 16].[0m
[34m2025-01-24 01:32:06,151 - DEBUG - Patients [28] have treatment 4 starting at day 5, hour 15.5 using resources [5, 16].[0m
[34m2025-01-24 01:32:06,151 - DEBUG - Patients [28] have treatment 4 starting at day 5, hour 8.5 using resources [6, 15].[0m
[34m2025-01-24 01:32:06,151 - DEBUG - Patients [21] have treatment 4 starting at day 5, hour 10.5 using resources [4, 18].[0m
[34m2025-01-24 01:32:06,151 - DEBUG - Patients [16] have treatment 4 starting at day 5, hour 14.5 using resources [2, 19].[0m
[34m2025-01-24 01:32:06,151 - DEBUG - Patients [30] have treatment 4 starting at day 5, hour 8.0 using resources [3, 15].[0m
[34m2025-01-24 01:32:06,151 - DEBUG - Patients [22] have treatment 4 starting at day 5, hour 10.5 using resources [2, 14].[0m
[34m2025-01-24 01:32:06,151 - DEBUG - Patients [17] have treatment 4 starting at day 6, hour 8.0 using resources [2, 18].[0m
[34m2025-01-24 01:32:06,151 - DEBUG - Patients [13] have treatment 4 starting at day 6, hour 14.5 using resources [6, 14].[0m
[34m2025-01-24 01:32:06,152 - DEBUG - Patients [25] have treatment 4 starting at day 6, hour 8.0 using resources [6, 16].[0m
[34m2025-01-24 01:32:06,152 - DEBUG - Patients [25] have treatment 4 starting at day 6, hour 11.5 using resources [4, 15].[0m
[34m2025-01-24 01:32:06,152 - DEBUG - Patients [26] have treatment 4 starting at day 6, hour 15.5 using resources [2, 14].[0m
[34m2025-01-24 01:32:06,152 - DEBUG - Patients [18] have treatment 4 starting at day 6, hour 9.5 using resources [2, 15].[0m
[34m2025-01-24 01:32:06,152 - DEBUG - Patients [31] have treatment 4 starting at day 6, hour 9.0 using resources [4, 13].[0m
[34m2025-01-24 01:32:06,152 - DEBUG - Patients [34] have treatment 4 starting at day 6, hour 10.0 using resources [2, 17].[0m
[34m2025-01-24 01:32:06,152 - DEBUG - Patients [17] have treatment 4 starting at day 6, hour 10.5 using resources [2, 14].[0m
[34m2025-01-24 01:32:06,152 - DEBUG - Patients [15] have treatment 4 starting at day 6, hour 15.5 using resources [6, 19].[0m
[34m2025-01-24 01:32:06,152 - DEBUG - Patients [13] have treatment 4 starting at day 6, hour 15.0 using resources [6, 14].[0m
[34m2025-01-24 01:32:06,152 - DEBUG - Patients [16] have treatment 5 starting at day 0, hour 10.5 using resources [2, 22].[0m
[34m2025-01-24 01:32:06,152 - DEBUG - Patients [33] have treatment 5 starting at day 0, hour 13.0 using resources [2, 21].[0m
[34m2025-01-24 01:32:06,152 - DEBUG - Patients [33] have treatment 5 starting at day 1, hour 8.5 using resources [4, 21].[0m
[34m2025-01-24 01:32:06,152 - DEBUG - Patients [13] have treatment 5 starting at day 1, hour 13.0 using resources [3, 22].[0m
[34m2025-01-24 01:32:06,152 - DEBUG - Patients [32] have treatment 5 starting at day 2, hour 15.0 using resources [2, 22].[0m
[34m2025-01-24 01:32:06,152 - DEBUG - Patients [12] have treatment 5 starting at day 3, hour 14.5 using resources [6, 22].[0m
[34m2025-01-24 01:32:06,152 - DEBUG - Patients [11] have treatment 5 starting at day 3, hour 13.0 using resources [2, 20].[0m
[34m2025-01-24 01:32:06,152 - DEBUG - Patients [33] have treatment 5 starting at day 5, hour 8.0 using resources [2, 20].[0m
[34m2025-01-24 01:32:06,152 - DEBUG - Patients [29] have treatment 5 starting at day 6, hour 8.5 using resources [5, 20].[0m
[34m2025-01-24 01:32:06,152 - DEBUG - Patients [20] have treatment 5 starting at day 6, hour 9.0 using resources [3, 22].[0m
[34m2025-01-24 01:32:06,152 - DEBUG - Patients [27] have treatment 5 starting at day 6, hour 9.5 using resources [6, 20].[0m
[34m2025-01-24 01:32:06,152 - DEBUG - Patients [28] have treatment 5 starting at day 6, hour 10.0 using resources [3, 21].[0m
[34m2025-01-24 01:32:06,152 - DEBUG - Patients [18] have treatment 5 starting at day 6, hour 10.5 using resources [4, 22].[0m
[34m2025-01-24 01:32:06,152 - DEBUG - Patients [31] have treatment 5 starting at day 6, hour 8.0 using resources [3, 21].[0m
[34m2025-01-24 01:32:06,152 - DEBUG - Patients [17] have treatment 5 starting at day 6, hour 15.0 using resources [4, 21].[0m
[34m2025-01-24 01:32:06,152 - DEBUG - Patients [19] have treatment 5 starting at day 6, hour 8.0 using resources [4, 22].[0m
[34m2025-01-24 01:32:06,152 - DEBUG - Patients [15] have treatment 5 starting at day 6, hour 11.0 using resources [2, 21].[0m
[34m2025-01-24 01:32:06,152 - DEBUG - Patients [29] have treatment 6 starting at day 0, hour 14.0 using resources [5, 21].[0m
[34m2025-01-24 01:32:06,152 - DEBUG - Patients [15] have treatment 6 starting at day 1, hour 14.0 using resources [3, 22].[0m
[34m2025-01-24 01:32:06,152 - DEBUG - Patients [23] have treatment 6 starting at day 1, hour 13.0 using resources [5, 21].[0m
[34m2025-01-24 01:32:06,153 - DEBUG - Patients [24] have treatment 6 starting at day 2, hour 8.5 using resources [2, 20].[0m
[34m2025-01-24 01:32:06,153 - DEBUG - Patients [33] have treatment 6 starting at day 2, hour 9.0 using resources [4, 22].[0m
[34m2025-01-24 01:32:06,153 - DEBUG - Patients [12] have treatment 6 starting at day 2, hour 13.0 using resources [3, 21].[0m
[34m2025-01-24 01:32:06,153 - DEBUG - Patients [24] have treatment 6 starting at day 3, hour 8.5 using resources [2, 21].[0m
[34m2025-01-24 01:32:06,153 - DEBUG - Patients [15] have treatment 6 starting at day 5, hour 11.0 using resources [4, 20].[0m
[34m2025-01-24 01:32:06,153 - DEBUG - Patients [10] have treatment 6 starting at day 5, hour 9.5 using resources [5, 22].[0m
[34m2025-01-24 01:32:06,153 - DEBUG - Patients [11] have treatment 6 starting at day 5, hour 13.5 using resources [2, 21].[0m
[34m2025-01-24 01:32:06,153 - DEBUG - Patients [17] have treatment 6 starting at day 5, hour 15.0 using resources [2, 20].[0m
[34m2025-01-24 01:32:06,153 - DEBUG - Patients [16] have treatment 6 starting at day 5, hour 8.0 using resources [4, 21].[0m
[34m2025-01-24 01:32:06,153 - DEBUG - Patients [34] have treatment 6 starting at day 6, hour 13.0 using resources [4, 20].[0m
[34m2025-01-24 01:32:06,153 - DEBUG - Patients [10, 43, 45] have treatment 7 starting at day 0, hour 10.5 using resources [12, 23].[0m
[34m2025-01-24 01:32:06,153 - DEBUG - Patients [2, 3, 8, 10, 14, 22, 25, 31, 35, 36] have treatment 7 starting at day 2, hour 13.0 using resources [12, 23].[0m
[34m2025-01-24 01:32:06,153 - DEBUG - Patients [8, 10, 16, 21, 23, 24, 25, 31, 35, 44] have treatment 7 starting at day 3, hour 13.0 using resources [11, 23].[0m
[34m2025-01-24 01:32:06,153 - DEBUG - Patients [0, 2, 5, 7, 14, 15, 28, 31, 41] have treatment 7 starting at day 4, hour 13.0 using resources [11, 23].[0m
[34m2025-01-24 01:32:06,153 - DEBUG - Patients [0, 2, 6, 7, 22, 24, 30, 36, 40, 49] have treatment 7 starting at day 4, hour 14.5 using resources [11, 23].[0m
[34m2025-01-24 01:32:06,153 - DEBUG - Patients [3, 21, 22, 24, 27, 30, 36, 40, 44, 49] have treatment 7 starting at day 5, hour 13.0 using resources [11, 23].[0m
[34m2025-01-24 01:32:06,153 - DEBUG - Patients [2, 10, 19, 21, 25, 27, 31, 36, 40, 49] have treatment 7 starting at day 5, hour 14.5 using resources [11, 23].[0m
[34m2025-01-24 01:32:06,153 - DEBUG - Patients [2, 4, 6, 24, 30, 37, 38, 42, 45, 48] have treatment 7 starting at day 6, hour 14.0 using resources [12, 23].[0m
[34m2025-01-24 01:32:06,153 - DEBUG - Patients [0] have treatment 8 starting at day 0, hour 9.0 using resources [3, 29].[0m
[34m2025-01-24 01:32:06,153 - DEBUG - Patients [8] have treatment 8 starting at day 0, hour 9.5 using resources [7, 29].[0m
[34m2025-01-24 01:32:06,153 - DEBUG - Patients [8] have treatment 8 starting at day 0, hour 10.0 using resources [7, 29].[0m
[34m2025-01-24 01:32:06,153 - DEBUG - Patients [0] have treatment 8 starting at day 0, hour 10.5 using resources [0, 28].[0m
[34m2025-01-24 01:32:06,153 - DEBUG - Patients [29] have treatment 8 starting at day 0, hour 11.0 using resources [11, 29].[0m
[34m2025-01-24 01:32:06,153 - DEBUG - Patients [7] have treatment 8 starting at day 0, hour 11.5 using resources [10, 29].[0m
[34m2025-01-24 01:32:06,153 - DEBUG - Patients [0] have treatment 8 starting at day 0, hour 13.0 using resources [4, 29].[0m
[34m2025-01-24 01:32:06,153 - DEBUG - Patients [11] have treatment 8 starting at day 0, hour 14.0 using resources [11, 28].[0m
[34m2025-01-24 01:32:06,153 - DEBUG - Patients [3] have treatment 8 starting at day 0, hour 14.5 using resources [1, 29].[0m
[34m2025-01-24 01:32:06,153 - DEBUG - Patients [3] have treatment 8 starting at day 0, hour 15.0 using resources [3, 28].[0m
[34m2025-01-24 01:32:06,153 - DEBUG - Patients [7] have treatment 8 starting at day 0, hour 8.5 using resources [9, 29].[0m
[34m2025-01-24 01:32:06,153 - DEBUG - Patients [7] have treatment 8 starting at day 0, hour 10.5 using resources [1, 29].[0m
[34m2025-01-24 01:32:06,154 - DEBUG - Patients [3] have treatment 8 starting at day 0, hour 13.5 using resources [0, 29].[0m
[34m2025-01-24 01:32:06,154 - DEBUG - Patients [16] have treatment 8 starting at day 0, hour 14.0 using resources [12, 29].[0m
[34m2025-01-24 01:32:06,154 - DEBUG - Patients [8] have treatment 8 starting at day 0, hour 15.0 using resources [2, 29].[0m
[34m2025-01-24 01:32:06,154 - DEBUG - Patients [31] have treatment 8 starting at day 1, hour 10.5 using resources [12, 29].[0m
[34m2025-01-24 01:32:06,154 - DEBUG - Patients [29] have treatment 8 starting at day 1, hour 11.0 using resources [8, 29].[0m
[34m2025-01-24 01:32:06,154 - DEBUG - Patients [25] have treatment 8 starting at day 1, hour 13.0 using resources [1, 29].[0m
[34m2025-01-24 01:32:06,154 - DEBUG - Patients [11] have treatment 8 starting at day 1, hour 14.5 using resources [9, 29].[0m
[34m2025-01-24 01:32:06,154 - DEBUG - Patients [33] have treatment 8 starting at day 1, hour 8.0 using resources [7, 29].[0m
[34m2025-01-24 01:32:06,154 - DEBUG - Patients [17] have treatment 8 starting at day 1, hour 9.0 using resources [7, 29].[0m
[34m2025-01-24 01:32:06,154 - DEBUG - Patients [25] have treatment 8 starting at day 1, hour 10.5 using resources [8, 28].[0m
[34m2025-01-24 01:32:06,154 - DEBUG - Patients [31] have treatment 8 starting at day 1, hour 11.5 using resources [0, 29].[0m
[34m2025-01-24 01:32:06,154 - DEBUG - Patients [22] have treatment 8 starting at day 2, hour 11.0 using resources [0, 28].[0m
[34m2025-01-24 01:32:06,154 - DEBUG - Patients [10] have treatment 8 starting at day 2, hour 11.5 using resources [1, 28].[0m
[34m2025-01-24 01:32:06,154 - DEBUG - Patients [6] have treatment 8 starting at day 2, hour 13.5 using resources [0, 28].[0m
[34m2025-01-24 01:32:06,154 - DEBUG - Patients [32] have treatment 8 starting at day 2, hour 14.0 using resources [7, 28].[0m
[34m2025-01-24 01:32:06,154 - DEBUG - Patients [13] have treatment 8 starting at day 2, hour 14.5 using resources [1, 29].[0m
[34m2025-01-24 01:32:06,154 - DEBUG - Patients [25] have treatment 8 starting at day 2, hour 8.0 using resources [0, 29].[0m
[34m2025-01-24 01:32:06,154 - DEBUG - Patients [2] have treatment 8 starting at day 2, hour 8.5 using resources [0, 29].[0m
[34m2025-01-24 01:32:06,154 - DEBUG - Patients [30] have treatment 8 starting at day 2, hour 10.5 using resources [0, 29].[0m
[34m2025-01-24 01:32:06,154 - DEBUG - Patients [30] have treatment 8 starting at day 2, hour 11.5 using resources [0, 29].[0m
[34m2025-01-24 01:32:06,154 - DEBUG - Patients [21] have treatment 8 starting at day 2, hour 13.5 using resources [1, 29].[0m
[34m2025-01-24 01:32:06,154 - DEBUG - Patients [6] have treatment 8 starting at day 2, hour 14.0 using resources [10, 29].[0m
[34m2025-01-24 01:32:06,154 - DEBUG - Patients [16] have treatment 8 starting at day 2, hour 15.0 using resources [1, 29].[0m
[34m2025-01-24 01:32:06,154 - DEBUG - Patients [6] have treatment 8 starting at day 3, hour 9.0 using resources [9, 28].[0m
[34m2025-01-24 01:32:06,154 - DEBUG - Patients [9] have treatment 8 starting at day 3, hour 11.0 using resources [8, 28].[0m
[34m2025-01-24 01:32:06,154 - DEBUG - Patients [1] have treatment 8 starting at day 3, hour 13.0 using resources [1, 29].[0m
[34m2025-01-24 01:32:06,154 - DEBUG - Patients [4] have treatment 8 starting at day 3, hour 14.0 using resources [9, 29].[0m
[34m2025-01-24 01:32:06,154 - DEBUG - Patients [14] have treatment 8 starting at day 3, hour 14.5 using resources [1, 29].[0m
[34m2025-01-24 01:32:06,154 - DEBUG - Patients [14] have treatment 8 starting at day 3, hour 15.0 using resources [1, 29].[0m
[34m2025-01-24 01:32:06,155 - DEBUG - Patients [17] have treatment 8 starting at day 3, hour 8.5 using resources [11, 28].[0m
[34m2025-01-24 01:32:06,155 - DEBUG - Patients [21] have treatment 8 starting at day 3, hour 9.5 using resources [0, 28].[0m
[34m2025-01-24 01:32:06,155 - DEBUG - Patients [31] have treatment 8 starting at day 3, hour 11.5 using resources [11, 29].[0m
[34m2025-01-24 01:32:06,155 - DEBUG - Patients [27] have treatment 8 starting at day 3, hour 13.5 using resources [1, 29].[0m
[34m2025-01-24 01:32:06,155 - DEBUG - Patients [2] have treatment 8 starting at day 4, hour 11.5 using resources [0, 28].[0m
[34m2025-01-24 01:32:06,155 - DEBUG - Patients [24] have treatment 8 starting at day 4, hour 13.5 using resources [1, 29].[0m
[34m2025-01-24 01:32:06,155 - DEBUG - Patients [30] have treatment 8 starting at day 4, hour 14.0 using resources [8, 28].[0m
[34m2025-01-24 01:32:06,155 - DEBUG - Patients [5] have treatment 8 starting at day 4, hour 14.5 using resources [1, 28].[0m
[34m2025-01-24 01:32:06,155 - DEBUG - Patients [28] have treatment 8 starting at day 4, hour 15.0 using resources [10, 28].[0m
[34m2025-01-24 01:32:06,155 - DEBUG - Patients [4] have treatment 8 starting at day 4, hour 15.5 using resources [8, 29].[0m
[34m2025-01-24 01:32:06,155 - DEBUG - Patients [5] have treatment 8 starting at day 4, hour 10.5 using resources [1, 29].[0m
[34m2025-01-24 01:32:06,155 - DEBUG - Patients [15] have treatment 8 starting at day 4, hour 11.0 using resources [1, 29].[0m
[34m2025-01-24 01:32:06,155 - DEBUG - Patients [22] have treatment 8 starting at day 4, hour 11.5 using resources [1, 29].[0m
[34m2025-01-24 01:32:06,155 - DEBUG - Patients [1] have treatment 8 starting at day 4, hour 14.0 using resources [7, 29].[0m
[34m2025-01-24 01:32:06,155 - DEBUG - Patients [4] have treatment 8 starting at day 4, hour 15.0 using resources [1, 29].[0m
[34m2025-01-24 01:32:06,155 - DEBUG - Patients [23] have treatment 8 starting at day 5, hour 9.0 using resources [2, 28].[0m
[34m2025-01-24 01:32:06,155 - DEBUG - Patients [23] have treatment 8 starting at day 5, hour 10.5 using resources [11, 28].[0m
[34m2025-01-24 01:32:06,155 - DEBUG - Patients [33] have treatment 8 starting at day 5, hour 11.0 using resources [1, 29].[0m
[34m2025-01-24 01:32:06,155 - DEBUG - Patients [33] have treatment 8 starting at day 5, hour 11.5 using resources [0, 28].[0m
[34m2025-01-24 01:32:06,155 - DEBUG - Patients [4] have treatment 8 starting at day 5, hour 13.0 using resources [10, 28].[0m
[34m2025-01-24 01:32:06,155 - DEBUG - Patients [14] have treatment 8 starting at day 5, hour 14.5 using resources [0, 28].[0m
[34m2025-01-24 01:32:06,155 - DEBUG - Patients [10] have treatment 8 starting at day 5, hour 8.0 using resources [9, 28].[0m
[34m2025-01-24 01:32:06,155 - DEBUG - Patients [18] have treatment 8 starting at day 5, hour 8.5 using resources [11, 29].[0m
[34m2025-01-24 01:32:06,155 - DEBUG - Patients [32] have treatment 8 starting at day 5, hour 9.0 using resources [8, 29].[0m
[34m2025-01-24 01:32:06,155 - DEBUG - Patients [15] have treatment 8 starting at day 5, hour 10.5 using resources [1, 29].[0m
[34m2025-01-24 01:32:06,155 - DEBUG - Patients [13] have treatment 8 starting at day 5, hour 11.5 using resources [1, 29].[0m
[34m2025-01-24 01:32:06,155 - DEBUG - Patients [6] have treatment 8 starting at day 5, hour 13.0 using resources [12, 29].[0m
[34m2025-01-24 01:32:06,155 - DEBUG - Patients [14] have treatment 8 starting at day 5, hour 13.5 using resources [1, 29].[0m
[34m2025-01-24 01:32:06,155 - DEBUG - Patients [19] have treatment 8 starting at day 5, hour 14.0 using resources [7, 29].[0m
[34m2025-01-24 01:32:06,155 - DEBUG - Patients [24] have treatment 8 starting at day 5, hour 14.5 using resources [1, 29].[0m
[34m2025-01-24 01:32:06,155 - DEBUG - Patients [28] have treatment 8 starting at day 5, hour 15.0 using resources [1, 29].[0m
[34m2025-01-24 01:32:06,156 - DEBUG - Patients [9] have treatment 8 starting at day 5, hour 15.5 using resources [1, 29].[0m
[34m2025-01-24 01:32:06,156 - DEBUG - Patients [19] have treatment 8 starting at day 6, hour 10.0 using resources [1, 29].[0m
[34m2025-01-24 01:32:06,156 - DEBUG - Patients [16] have treatment 8 starting at day 6, hour 11.5 using resources [1, 29].[0m
[34m2025-01-24 01:32:06,156 - DEBUG - Patients [27] have treatment 8 starting at day 6, hour 13.0 using resources [11, 28].[0m
[34m2025-01-24 01:32:06,156 - DEBUG - Patients [29] have treatment 8 starting at day 6, hour 13.5 using resources [12, 28].[0m
[34m2025-01-24 01:32:06,156 - DEBUG - Patients [11] have treatment 8 starting at day 6, hour 14.0 using resources [7, 29].[0m
[34m2025-01-24 01:32:06,156 - DEBUG - Patients [22] have treatment 8 starting at day 6, hour 11.0 using resources [5, 29].[0m
[34m2025-01-24 01:32:06,156 - DEBUG - Patients [24] have treatment 8 starting at day 6, hour 13.0 using resources [12, 29].[0m
[34m2025-01-24 01:32:06,156 - DEBUG - Patients [5] have treatment 8 starting at day 6, hour 13.5 using resources [6, 29].[0m
[34m2025-01-24 01:32:06,156 - DEBUG - Patients [22] have treatment 8 starting at day 6, hour 15.5 using resources [1, 29].[0m
[34m2025-01-24 01:32:06,156 - DEBUG - Patients [10, 23] have treatment 9 starting at day 1, hour 10.0 using resources [1].[0m
[34m2025-01-24 01:32:06,156 - DEBUG - Patients [7, 17] have treatment 9 starting at day 1, hour 10.5 using resources [3].[0m
[34m2025-01-24 01:32:06,156 - DEBUG - Patients [10, 32, 38, 45] have treatment 9 starting at day 1, hour 13.5 using resources [11].[0m
[34m2025-01-24 01:32:06,156 - DEBUG - Patients [23, 31, 32, 34] have treatment 9 starting at day 1, hour 8.0 using resources [10].[0m
[34m2025-01-24 01:32:06,156 - DEBUG - Patients [4, 6, 14, 24, 30, 35, 46, 49] have treatment 9 starting at day 2, hour 14.5 using resources [11].[0m
[34m2025-01-24 01:32:06,156 - DEBUG - Patients [13, 15, 23, 32, 38, 44, 45, 46, 47] have treatment 9 starting at day 3, hour 14.5 using resources [9].[0m
[34m2025-01-24 01:32:06,156 - DEBUG - Patients [21, 49] have treatment 9 starting at day 4, hour 10.0 using resources [2].[0m
[34m2025-01-24 01:32:06,156 - DEBUG - Patients [18, 21] have treatment 9 starting at day 4, hour 14.0 using resources [12].[0m
[34m2025-01-24 01:32:06,156 - DEBUG - Patients [13, 15, 16, 28, 32, 43] have treatment 9 starting at day 5, hour 13.0 using resources [3].[0m
[34m2025-01-24 01:32:06,156 - DEBUG - Patients [25, 38] have treatment 9 starting at day 5, hour 13.0 using resources [9].[0m
[34m2025-01-24 01:32:06,156 - DEBUG - Patients [13, 14, 16, 41, 44, 46] have treatment 9 starting at day 6, hour 13.0 using resources [10].[0m
[34m2025-01-24 01:32:06,156 - DEBUG - Patients [16] have treatment 10 starting at day 0, hour 8.0 using resources [6, 27].[0m
[34m2025-01-24 01:32:06,156 - DEBUG - Patients [43] have treatment 10 starting at day 0, hour 8.5 using resources [5, 26].[0m
[34m2025-01-24 01:32:06,156 - DEBUG - Patients [11] have treatment 10 starting at day 0, hour 9.5 using resources [3, 26].[0m
[34m2025-01-24 01:32:06,156 - DEBUG - Patients [33] have treatment 10 starting at day 0, hour 11.0 using resources [5, 27].[0m
[34m2025-01-24 01:32:06,156 - DEBUG - Patients [33] have treatment 10 starting at day 0, hour 15.0 using resources [5, 26].[0m
[34m2025-01-24 01:32:06,156 - DEBUG - Patients [22] have treatment 10 starting at day 0, hour 9.0 using resources [2, 27].[0m
[34m2025-01-24 01:32:06,156 - DEBUG - Patients [22] have treatment 10 starting at day 0, hour 10.5 using resources [4, 26].[0m
[34m2025-01-24 01:32:06,156 - DEBUG - Patients [22] have treatment 10 starting at day 0, hour 15.0 using resources [4, 27].[0m
[34m2025-01-24 01:32:06,157 - DEBUG - Patients [10] have treatment 10 starting at day 1, hour 8.0 using resources [2, 26].[0m
[34m2025-01-24 01:32:06,157 - DEBUG - Patients [22] have treatment 10 starting at day 1, hour 11.0 using resources [4, 26].[0m
[34m2025-01-24 01:32:06,157 - DEBUG - Patients [22] have treatment 10 starting at day 1, hour 13.0 using resources [4, 26].[0m
[34m2025-01-24 01:32:06,157 - DEBUG - Patients [17] have treatment 10 starting at day 1, hour 15.0 using resources [2, 27].[0m
[34m2025-01-24 01:32:06,157 - DEBUG - Patients [16] have treatment 10 starting at day 1, hour 8.0 using resources [5, 27].[0m
[34m2025-01-24 01:32:06,157 - DEBUG - Patients [16] have treatment 10 starting at day 1, hour 15.0 using resources [3, 26].[0m
[34m2025-01-24 01:32:06,157 - DEBUG - Patients [34] have treatment 10 starting at day 2, hour 8.0 using resources [3, 26].[0m
[34m2025-01-24 01:32:06,157 - DEBUG - Patients [12] have treatment 10 starting at day 2, hour 11.0 using resources [3, 27].[0m
[34m2025-01-24 01:32:06,157 - DEBUG - Patients [10] have treatment 10 starting at day 2, hour 8.5 using resources [5, 27].[0m
[34m2025-01-24 01:32:06,157 - DEBUG - Patients [17] have treatment 10 starting at day 2, hour 9.5 using resources [2, 27].[0m
[34m2025-01-24 01:32:06,157 - DEBUG - Patients [33] have treatment 10 starting at day 2, hour 10.0 using resources [4, 26].[0m
[34m2025-01-24 01:32:06,157 - DEBUG - Patients [29] have treatment 10 starting at day 2, hour 13.0 using resources [2, 27].[0m
[34m2025-01-24 01:32:06,157 - DEBUG - Patients [30] have treatment 10 starting at day 3, hour 8.0 using resources [5, 27].[0m
[34m2025-01-24 01:32:06,157 - DEBUG - Patients [38] have treatment 10 starting at day 3, hour 8.5 using resources [3, 26].[0m
[34m2025-01-24 01:32:06,157 - DEBUG - Patients [47] have treatment 10 starting at day 3, hour 11.0 using resources [4, 26].[0m
[34m2025-01-24 01:32:06,157 - DEBUG - Patients [17] have treatment 10 starting at day 3, hour 14.5 using resources [5, 27].[0m
[34m2025-01-24 01:32:06,157 - DEBUG - Patients [46] have treatment 10 starting at day 3, hour 10.5 using resources [3, 27].[0m
[34m2025-01-24 01:32:06,157 - DEBUG - Patients [26] have treatment 10 starting at day 3, hour 13.0 using resources [4, 27].[0m
[34m2025-01-24 01:32:06,157 - DEBUG - Patients [11] have treatment 10 starting at day 3, hour 15.0 using resources [3, 26].[0m
[34m2025-01-24 01:32:06,157 - DEBUG - Patients [41] have treatment 10 starting at day 4, hour 8.0 using resources [5, 27].[0m
[34m2025-01-24 01:32:06,157 - DEBUG - Patients [11] have treatment 10 starting at day 4, hour 9.5 using resources [3, 27].[0m
[34m2025-01-24 01:32:06,157 - DEBUG - Patients [26] have treatment 10 starting at day 4, hour 11.0 using resources [3, 27].[0m
[34m2025-01-24 01:32:06,157 - DEBUG - Patients [26] have treatment 10 starting at day 4, hour 13.0 using resources [3, 26].[0m
[34m2025-01-24 01:32:06,157 - DEBUG - Patients [26] have treatment 10 starting at day 4, hour 15.0 using resources [2, 26].[0m
[34m2025-01-24 01:32:06,157 - DEBUG - Patients [26] have treatment 10 starting at day 4, hour 9.5 using resources [6, 26].[0m
[34m2025-01-24 01:32:06,157 - DEBUG - Patients [29] have treatment 10 starting at day 4, hour 10.5 using resources [4, 26].[0m
[34m2025-01-24 01:32:06,157 - DEBUG - Patients [17] have treatment 10 starting at day 4, hour 13.0 using resources [2, 27].[0m
[34m2025-01-24 01:32:06,157 - DEBUG - Patients [46] have treatment 10 starting at day 4, hour 15.0 using resources [4, 27].[0m
[34m2025-01-24 01:32:06,157 - DEBUG - Patients [29] have treatment 10 starting at day 5, hour 13.0 using resources [4, 27].[0m
[34m2025-01-24 01:32:06,157 - DEBUG - Patients [38] have treatment 10 starting at day 5, hour 15.0 using resources [4, 26].[0m
[34m2025-01-24 01:32:06,157 - DEBUG - Patients [29] have treatment 10 starting at day 5, hour 8.5 using resources [3, 27].[0m
[34m2025-01-24 01:32:06,158 - DEBUG - Patients [22] have treatment 10 starting at day 5, hour 11.0 using resources [2, 27].[0m
[34m2025-01-24 01:32:06,158 - DEBUG - Patients [20] have treatment 10 starting at day 5, hour 14.5 using resources [3, 27].[0m
[34m2025-01-24 01:32:06,158 - DEBUG - Patients [49] have treatment 10 starting at day 6, hour 8.5 using resources [2, 27].[0m
[34m2025-01-24 01:32:06,158 - DEBUG - Patients [16] have treatment 10 starting at day 6, hour 9.5 using resources [4, 27].[0m
[34m2025-01-24 01:32:06,158 - DEBUG - Patients [47] have treatment 10 starting at day 6, hour 11.0 using resources [3, 26].[0m
[34m2025-01-24 01:32:06,158 - DEBUG - Patients [30] have treatment 10 starting at day 6, hour 13.0 using resources [3, 26].[0m
[34m2025-01-24 01:32:06,158 - DEBUG - Patients [11] have treatment 10 starting at day 6, hour 15.0 using resources [3, 27].[0m
[34m2025-01-24 01:32:06,158 - DEBUG - Patients [7, 8, 15, 45] have treatment 11 starting at day 0, hour 13.5 using resources [1, 22].[0m
[34m2025-01-24 01:32:06,158 - DEBUG - Patients [17, 27, 33, 38] have treatment 11 starting at day 1, hour 9.5 using resources [0, 22].[0m
[34m2025-01-24 01:32:06,158 - DEBUG - Patients [3, 11, 17, 23, 29] have treatment 11 starting at day 2, hour 15.0 using resources [4, 21].[0m
[34m2025-01-24 01:32:06,158 - DEBUG - Patients [7, 15, 16, 21] have treatment 11 starting at day 2, hour 10.0 using resources [1, 20].[0m
[34m2025-01-24 01:32:06,158 - DEBUG - Patients [11, 29, 32, 44, 47] have treatment 11 starting at day 3, hour 10.0 using resources [0, 22].[0m
[34m2025-01-24 01:32:06,158 - DEBUG - Patients [7, 15, 33, 34, 36] have treatment 11 starting at day 3, hour 8.5 using resources [7, 20].[0m
[34m2025-01-24 01:32:06,158 - DEBUG - Patients [8, 12, 20, 25, 31] have treatment 11 starting at day 4, hour 8.5 using resources [0, 21].[0m
[34m2025-01-24 01:32:06,158 - DEBUG - Patients [12, 13, 27, 32, 34] have treatment 11 starting at day 4, hour 15.0 using resources [0, 21].[0m
[34m2025-01-24 01:32:06,158 - DEBUG - Patients [5, 15, 17, 20, 32] have treatment 11 starting at day 5, hour 8.0 using resources [1, 22].[0m
[34m2025-01-24 01:32:06,158 - DEBUG - Patients [0, 29, 33, 34, 44] have treatment 11 starting at day 5, hour 15.0 using resources [0, 22].[0m
[34m2025-01-24 01:32:06,158 - DEBUG - Patients [10, 11, 19, 24, 43] have treatment 11 starting at day 5, hour 10.5 using resources [0, 21].[0m
[34m2025-01-24 01:32:06,158 - DEBUG - Patients [26, 36, 37, 38, 39] have treatment 11 starting at day 6, hour 13.0 using resources [1, 22].[0m
[34m2025-01-24 01:32:06,158 - DEBUG - Patients [5, 10, 16, 23, 36] have treatment 11 starting at day 6, hour 14.5 using resources [1, 22].[0m
[34m2025-01-24 01:32:06,158 - DEBUG - Patients [38] have treatment 12 starting at day 0, hour 10.0 using resources [8, 15].[0m
[34m2025-01-24 01:32:06,158 - DEBUG - Patients [36] have treatment 12 starting at day 0, hour 11.0 using resources [7, 13].[0m
[34m2025-01-24 01:32:06,158 - DEBUG - Patients [36] have treatment 12 starting at day 0, hour 13.5 using resources [7, 16].[0m
[34m2025-01-24 01:32:06,158 - DEBUG - Patients [38] have treatment 12 starting at day 0, hour 15.0 using resources [7, 17].[0m
[34m2025-01-24 01:32:06,158 - DEBUG - Patients [36] have treatment 12 starting at day 0, hour 9.5 using resources [9, 18].[0m
[34m2025-01-24 01:32:06,158 - DEBUG - Patients [36] have treatment 12 starting at day 0, hour 15.0 using resources [10, 18].[0m
[34m2025-01-24 01:32:06,158 - DEBUG - Patients [36] have treatment 12 starting at day 1, hour 15.0 using resources [8, 13].[0m
[34m2025-01-24 01:32:06,158 - DEBUG - Patients [43] have treatment 12 starting at day 1, hour 13.5 using resources [9, 19].[0m
[34m2025-01-24 01:32:06,158 - DEBUG - Patients [36] have treatment 12 starting at day 1, hour 14.0 using resources [8, 14].[0m
[34m2025-01-24 01:32:06,158 - DEBUG - Patients [45] have treatment 12 starting at day 2, hour 10.5 using resources [10, 18].[0m
[34m2025-01-24 01:32:06,159 - DEBUG - Patients [36] have treatment 12 starting at day 2, hour 8.5 using resources [8, 17].[0m
[34m2025-01-24 01:32:06,159 - DEBUG - Patients [43] have treatment 12 starting at day 2, hour 15.0 using resources [10, 13].[0m
[34m2025-01-24 01:32:06,159 - DEBUG - Patients [42] have treatment 12 starting at day 3, hour 15.0 using resources [10, 13].[0m
[34m2025-01-24 01:32:06,159 - DEBUG - Patients [39] have treatment 12 starting at day 3, hour 15.0 using resources [8, 16].[0m
[34m2025-01-24 01:32:06,159 - DEBUG - Patients [49] have treatment 12 starting at day 3, hour 8.0 using resources [9, 14].[0m
[34m2025-01-24 01:32:06,159 - DEBUG - Patients [45] have treatment 12 starting at day 4, hour 8.0 using resources [10, 15].[0m
[34m2025-01-24 01:32:06,159 - DEBUG - Patients [38] have treatment 12 starting at day 4, hour 8.0 using resources [7, 18].[0m
[34m2025-01-24 01:32:06,159 - DEBUG - Patients [39] have treatment 12 starting at day 5, hour 14.5 using resources [7, 14].[0m
[34m2025-01-24 01:32:06,159 - DEBUG - Patients [45] have treatment 12 starting at day 5, hour 13.0 using resources [7, 17].[0m
[34m2025-01-24 01:32:06,159 - DEBUG - Patients [42] have treatment 12 starting at day 5, hour 13.0 using resources [8, 15].[0m
[34m2025-01-24 01:32:06,159 - DEBUG - Patients [36] have treatment 12 starting at day 6, hour 8.0 using resources [7, 14].[0m
[34m2025-01-24 01:32:06,159 - DEBUG - Patients [45] have treatment 12 starting at day 6, hour 8.5 using resources [10, 17].[0m
[34m2025-01-24 01:32:06,159 - DEBUG - Patients [38, 40, 49] have treatment 14 starting at day 2, hour 11.0 using resources [7, 15].[0m
[34m2025-01-24 01:32:06,159 - DEBUG - Patients [38, 40, 49] have treatment 14 starting at day 2, hour 8.5 using resources [10, 13].[0m
[34m2025-01-24 01:32:06,159 - DEBUG - Patients [38, 40, 49] have treatment 14 starting at day 6, hour 10.5 using resources [9, 15].[0m
[34m2025-01-24 01:32:06,159 - DEBUG - Patients [38, 39, 40] have treatment 14 starting at day 6, hour 8.0 using resources [8, 13].[0m
[34m2025-01-24 01:32:06,159 - DEBUG - Patients [41, 42, 43] have treatment 15 starting at day 3, hour 13.5 using resources [7, 15].[0m
[34m2025-01-24 01:32:06,159 - DEBUG - Patients [41, 42, 43] have treatment 15 starting at day 3, hour 8.5 using resources [10, 16].[0m
[34m2025-01-24 01:32:06,159 - DEBUG - Patients [41, 42, 43] have treatment 15 starting at day 4, hour 10.5 using resources [7, 17].[0m
[34m2025-01-24 01:32:06,159 - DEBUG - Patients [41, 42, 43] have treatment 15 starting at day 5, hour 8.5 using resources [10, 13].[0m
[34m2025-01-24 01:32:06,159 - DEBUG - Patients [41, 42, 43] have treatment 15 starting at day 6, hour 8.0 using resources [9, 19].[0m
[34m2025-01-24 01:32:06,159 - DEBUG - Patients [45, 46, 47] have treatment 16 starting at day 5, hour 10.5 using resources [7, 15].[0m
[34m2025-01-24 01:32:06,159 - DEBUG - Patients [0, 3, 7, 8, 11, 15] have treatment 17 starting at day 0, hour 11.0 using resources [1, 18].[0m
[34m2025-01-24 01:32:06,159 - DEBUG - Patients [10, 11, 23, 29, 32] have treatment 17 starting at day 1, hour 11.5 using resources [8, 19].[0m
[34m2025-01-24 01:32:06,159 - DEBUG - Patients [15, 28, 32, 33, 35, 46] have treatment 17 starting at day 4, hour 14.5 using resources [0, 18].[0m
[34m2025-01-24 01:32:06,159 - DEBUG - Patients [3, 8, 10, 11, 23, 32, 33, 46] have treatment 17 starting at day 6, hour 11.5 using resources [9, 18].[0m
[34m2025-01-24 01:32:06,159 - DEBUG - Patients [3, 7, 8, 10, 15, 28, 29, 33] have treatment 17 starting at day 6, hour 14.0 using resources [8, 19].[0m
[34m2025-01-24 01:32:06,159 - DEBUG - Patients [0, 3, 7, 8, 10, 11, 23, 32, 33, 46] have treatment 17 starting at day 6, hour 9.5 using resources [0, 18].[0m
[34m2025-01-24 01:32:06,159 - DEBUG - Patients [1, 4, 8, 9, 16, 22, 23, 39, 40, 46] have treatment 18 starting at day 3, hour 8.0 using resources [12, 18].[0m
[34m2025-01-24 01:32:06,159 - DEBUG - Patients [3, 11, 14, 17, 23, 26, 27, 29, 30, 46] have treatment 18 starting at day 4, hour 8.5 using resources [1, 19].[0m
[34m2025-01-24 01:32:06,160 - DEBUG - Patients [7, 12, 14, 20, 24, 29, 31, 34, 35, 40] have treatment 18 starting at day 4, hour 9.5 using resources [0, 18].[0m
[34m2025-01-24 01:32:06,160 - DEBUG - Patients [0, 1, 6, 9, 16, 17, 25, 30, 32, 46] have treatment 18 starting at day 4, hour 9.5 using resources [1, 19].[0m
[34m2025-01-24 01:32:06,160 - DEBUG - Patients [1, 5, 7, 11, 14, 24, 35, 42, 43, 47] have treatment 18 starting at day 5, hour 15.0 using resources [8, 18].[0m
[34m2025-01-24 01:32:06,160 - DEBUG - Patients [2, 3, 10, 16, 25, 31, 32, 35, 42, 43] have treatment 18 starting at day 6, hour 10.5 using resources [1, 18].[0m
[34m2025-01-24 01:32:06,160 - DEBUG - Patients [1, 9, 12, 19, 20, 25, 26, 31, 34] have treatment 18 starting at day 6, hour 14.0 using resources [11, 18].[0m
[34m2025-01-24 01:32:06,160 - DEBUG - Patients [0, 3, 5, 6, 8] have treatment 19 starting at day 6, hour 8.5 using resources [1, 18].[0m
[34m2025-01-24 01:32:06,160 - DEBUG - Patients [22] have treatment 20 starting at day 0, hour 13.0 using resources [10, 13].[0m
[34m2025-01-24 01:32:06,160 - DEBUG - Patients [32] have treatment 20 starting at day 0, hour 9.0 using resources [10, 13].[0m
[34m2025-01-24 01:32:06,160 - DEBUG - Patients [33] have treatment 20 starting at day 0, hour 10.0 using resources [10, 19].[0m
[34m2025-01-24 01:32:06,160 - DEBUG - Patients [10] have treatment 20 starting at day 0, hour 15.0 using resources [8, 13].[0m
[34m2025-01-24 01:32:06,160 - DEBUG - Patients [29] have treatment 20 starting at day 0, hour 15.0 using resources [9, 14].[0m
[34m2025-01-24 01:32:06,160 - DEBUG - Patients [13] have treatment 20 starting at day 1, hour 8.0 using resources [9, 14].[0m
[34m2025-01-24 01:32:06,160 - DEBUG - Patients [27] have treatment 20 starting at day 1, hour 11.0 using resources [10, 16].[0m
[34m2025-01-24 01:32:06,160 - DEBUG - Patients [34] have treatment 20 starting at day 1, hour 13.0 using resources [8, 14].[0m
[34m2025-01-24 01:32:06,160 - DEBUG - Patients [13] have treatment 20 starting at day 1, hour 11.0 using resources [9, 15].[0m
[34m2025-01-24 01:32:06,160 - DEBUG - Patients [27] have treatment 20 starting at day 1, hour 8.0 using resources [8, 13].[0m
[34m2025-01-24 01:32:06,160 - DEBUG - Patients [16] have treatment 20 starting at day 1, hour 13.0 using resources [10, 15].[0m
[34m2025-01-24 01:32:06,160 - DEBUG - Patients [27] have treatment 20 starting at day 1, hour 14.0 using resources [10, 16].[0m
[34m2025-01-24 01:32:06,160 - DEBUG - Patients [34] have treatment 20 starting at day 1, hour 10.5 using resources [7, 14].[0m
[34m2025-01-24 01:32:06,160 - DEBUG - Patients [25] have treatment 20 starting at day 1, hour 13.5 using resources [7, 18].[0m
[34m2025-01-24 01:32:06,160 - DEBUG - Patients [13] have treatment 20 starting at day 1, hour 15.0 using resources [7, 16].[0m
[34m2025-01-24 01:32:06,160 - DEBUG - Patients [27] have treatment 20 starting at day 2, hour 13.0 using resources [10, 13].[0m
[34m2025-01-24 01:32:06,160 - DEBUG - Patients [34] have treatment 20 starting at day 2, hour 13.5 using resources [8, 19].[0m
[34m2025-01-24 01:32:06,160 - DEBUG - Patients [17] have treatment 20 starting at day 2, hour 8.5 using resources [7, 14].[0m
[34m2025-01-24 01:32:06,160 - DEBUG - Patients [6] have treatment 20 starting at day 2, hour 10.5 using resources [9, 13].[0m
[34m2025-01-24 01:32:06,160 - DEBUG - Patients [12] have treatment 20 starting at day 2, hour 8.5 using resources [9, 19].[0m
[34m2025-01-24 01:32:06,160 - DEBUG - Patients [4] have treatment 20 starting at day 2, hour 10.5 using resources [8, 17].[0m
[34m2025-01-24 01:32:06,160 - DEBUG - Patients [13] have treatment 20 starting at day 2, hour 13.0 using resources [7, 15].[0m
[34m2025-01-24 01:32:06,160 - DEBUG - Patients [7] have treatment 20 starting at day 3, hour 11.0 using resources [9, 16].[0m
[34m2025-01-24 01:32:06,160 - DEBUG - Patients [12] have treatment 20 starting at day 3, hour 8.0 using resources [8, 17].[0m
[34m2025-01-24 01:32:06,160 - DEBUG - Patients [3] have treatment 20 starting at day 3, hour 13.0 using resources [8, 19].[0m
[34m2025-01-24 01:32:06,161 - DEBUG - Patients [18] have treatment 20 starting at day 4, hour 10.5 using resources [10, 14].[0m
[34m2025-01-24 01:32:06,161 - DEBUG - Patients [13] have treatment 20 starting at day 4, hour 13.0 using resources [7, 15].[0m
[34m2025-01-24 01:32:06,161 - DEBUG - Patients [33] have treatment 20 starting at day 4, hour 11.0 using resources [9, 15].[0m
[34m2025-01-24 01:32:06,161 - DEBUG - Patients [16] have treatment 20 starting at day 4, hour 15.0 using resources [7, 16].[0m
[34m2025-01-24 01:32:06,161 - DEBUG - Patients [34] have treatment 20 starting at day 4, hour 8.0 using resources [9, 13].[0m
[34m2025-01-24 01:32:06,161 - DEBUG - Patients [25] have treatment 20 starting at day 4, hour 10.5 using resources [8, 16].[0m
[34m2025-01-24 01:32:06,161 - DEBUG - Patients [27] have treatment 20 starting at day 4, hour 13.0 using resources [8, 14].[0m
[34m2025-01-24 01:32:06,161 - DEBUG - Patients [6] have treatment 20 starting at day 4, hour 13.5 using resources [9, 13].[0m
[34m2025-01-24 01:32:06,161 - DEBUG - Patients [11] have treatment 20 starting at day 5, hour 8.0 using resources [8, 14].[0m
[34m2025-01-24 01:32:06,161 - DEBUG - Patients [10] have treatment 20 starting at day 5, hour 8.5 using resources [9, 18].[0m
[34m2025-01-24 01:32:06,161 - DEBUG - Patients [34] have treatment 20 starting at day 5, hour 13.5 using resources [10, 16].[0m
[34m2025-01-24 01:32:06,161 - DEBUG - Patients [18] have treatment 20 starting at day 5, hour 15.0 using resources [10, 19].[0m
[34m2025-01-24 01:32:06,161 - DEBUG - Patients [8] have treatment 20 starting at day 5, hour 14.0 using resources [8, 17].[0m
[34m2025-01-24 01:32:06,161 - DEBUG - Patients [23] have treatment 20 starting at day 5, hour 15.0 using resources [9, 17].[0m
[34m2025-01-24 01:32:06,161 - DEBUG - Patients [3] have treatment 20 starting at day 5, hour 8.5 using resources [7, 17].[0m
[34m2025-01-24 01:32:06,161 - DEBUG - Patients [13] have treatment 20 starting at day 6, hour 11.0 using resources [7, 14].[0m
[34m2025-01-24 01:32:06,161 - DEBUG - Patients [12] have treatment 20 starting at day 6, hour 13.0 using resources [7, 15].[0m
[34m2025-01-24 01:32:06,161 - DEBUG - Patients [12] have treatment 20 starting at day 6, hour 15.0 using resources [7, 17].[0m
[34m2025-01-24 01:32:06,161 - DEBUG - Patients [23] have treatment 20 starting at day 6, hour 13.0 using resources [9, 16].[0m
[34m2025-01-24 01:32:06,161 - DEBUG - Patients [20] have treatment 20 starting at day 6, hour 15.0 using resources [9, 16].[0m
[34m2025-01-24 01:32:06,161 - DEBUG - Patients [27] have treatment 20 starting at day 6, hour 11.0 using resources [10, 16].[0m
[34m2025-01-24 01:32:06,161 - DEBUG - Patients [18] have treatment 20 starting at day 6, hour 13.0 using resources [8, 13].[0m
[34m2025-01-24 01:32:06,161 - DEBUG - Patients [25] have treatment 20 starting at day 6, hour 15.0 using resources [8, 18].[0m
[34m2025-01-24 01:32:06,161 - DEBUG - Patients [29] have treatment 21 starting at day 0, hour 9.5 using resources [5, 19].[0m
[34m2025-01-24 01:32:06,161 - DEBUG - Patients [29] have treatment 21 starting at day 0, hour 10.0 using resources [5, 14].[0m
[34m2025-01-24 01:32:06,161 - DEBUG - Patients [32] have treatment 21 starting at day 0, hour 11.0 using resources [6, 19].[0m
[34m2025-01-24 01:32:06,161 - DEBUG - Patients [23] have treatment 21 starting at day 0, hour 11.5 using resources [6, 19].[0m
[34m2025-01-24 01:32:06,161 - DEBUG - Patients [43] have treatment 21 starting at day 0, hour 13.0 using resources [5, 18].[0m
[34m2025-01-24 01:32:06,161 - DEBUG - Patients [11] have treatment 21 starting at day 0, hour 13.5 using resources [6, 15].[0m
[34m2025-01-24 01:32:06,161 - DEBUG - Patients [10] have treatment 21 starting at day 0, hour 14.5 using resources [6, 18].[0m
[34m2025-01-24 01:32:06,162 - DEBUG - Patients [38] have treatment 21 starting at day 0, hour 8.0 using resources [5, 18].[0m
[34m2025-01-24 01:32:06,162 - DEBUG - Patients [45] have treatment 21 starting at day 0, hour 9.0 using resources [6, 19].[0m
[34m2025-01-24 01:32:06,162 - DEBUG - Patients [3] have treatment 21 starting at day 0, hour 9.5 using resources [6, 15].[0m
[34m2025-01-24 01:32:06,162 - DEBUG - Patients [16] have treatment 21 starting at day 0, hour 10.0 using resources [6, 13].[0m
[34m2025-01-24 01:32:06,162 - DEBUG - Patients [15] have treatment 21 starting at day 0, hour 13.0 using resources [6, 19].[0m
[34m2025-01-24 01:32:06,162 - DEBUG - Patients [38] have treatment 21 starting at day 0, hour 13.5 using resources [5, 19].[0m
[34m2025-01-24 01:32:06,162 - DEBUG - Patients [22] have treatment 21 starting at day 0, hour 14.0 using resources [6, 19].[0m
[34m2025-01-24 01:32:06,162 - DEBUG - Patients [11] have treatment 21 starting at day 0, hour 15.0 using resources [6, 19].[0m
[34m2025-01-24 01:32:06,162 - DEBUG - Patients [43] have treatment 21 starting at day 0, hour 15.5 using resources [6, 19].[0m
[34m2025-01-24 01:32:06,162 - DEBUG - Patients [41] have treatment 21 starting at day 1, hour 8.5 using resources [6, 19].[0m
[34m2025-01-24 01:32:06,162 - DEBUG - Patients [29] have treatment 21 starting at day 1, hour 9.5 using resources [6, 18].[0m
[34m2025-01-24 01:32:06,162 - DEBUG - Patients [12] have treatment 21 starting at day 1, hour 11.0 using resources [5, 18].[0m
[34m2025-01-24 01:32:06,162 - DEBUG - Patients [41] have treatment 21 starting at day 1, hour 11.5 using resources [5, 14].[0m
[34m2025-01-24 01:32:06,162 - DEBUG - Patients [41] have treatment 21 starting at day 1, hour 14.5 using resources [5, 18].[0m
[34m2025-01-24 01:32:06,162 - DEBUG - Patients [23] have treatment 21 starting at day 1, hour 15.0 using resources [5, 18].[0m
[34m2025-01-24 01:32:06,162 - DEBUG - Patients [34] have treatment 21 starting at day 1, hour 15.5 using resources [5, 18].[0m
[34m2025-01-24 01:32:06,162 - DEBUG - Patients [15] have treatment 21 starting at day 1, hour 11.0 using resources [6, 19].[0m
[34m2025-01-24 01:32:06,162 - DEBUG - Patients [43] have treatment 21 starting at day 1, hour 11.5 using resources [6, 18].[0m
[34m2025-01-24 01:32:06,162 - DEBUG - Patients [10] have treatment 21 starting at day 1, hour 13.0 using resources [6, 18].[0m
[34m2025-01-24 01:32:06,162 - DEBUG - Patients [12] have treatment 21 starting at day 1, hour 13.5 using resources [6, 16].[0m
[34m2025-01-24 01:32:06,162 - DEBUG - Patients [16] have treatment 21 starting at day 1, hour 14.5 using resources [6, 19].[0m
[34m2025-01-24 01:32:06,162 - DEBUG - Patients [32] have treatment 21 starting at day 1, hour 15.0 using resources [6, 19].[0m
[34m2025-01-24 01:32:06,162 - DEBUG - Patients [43] have treatment 21 starting at day 1, hour 15.5 using resources [6, 19].[0m
[34m2025-01-24 01:32:06,162 - DEBUG - Patients [14] have treatment 21 starting at day 2, hour 8.0 using resources [6, 16].[0m
[34m2025-01-24 01:32:06,162 - DEBUG - Patients [30] have treatment 21 starting at day 2, hour 9.0 using resources [6, 18].[0m
[34m2025-01-24 01:32:06,162 - DEBUG - Patients [23] have treatment 21 starting at day 2, hour 9.5 using resources [5, 13].[0m
[34m2025-01-24 01:32:06,162 - DEBUG - Patients [34] have treatment 21 starting at day 2, hour 10.0 using resources [5, 19].[0m
[34m2025-01-24 01:32:06,162 - DEBUG - Patients [41] have treatment 21 starting at day 2, hour 10.5 using resources [5, 19].[0m
[34m2025-01-24 01:32:06,162 - DEBUG - Patients [43] have treatment 21 starting at day 2, hour 11.0 using resources [5, 19].[0m
[34m2025-01-24 01:32:06,162 - DEBUG - Patients [33] have treatment 21 starting at day 2, hour 11.5 using resources [5, 18].[0m
[34m2025-01-24 01:32:06,163 - DEBUG - Patients [17] have treatment 21 starting at day 2, hour 13.0 using resources [5, 18].[0m
[34m2025-01-24 01:32:06,163 - DEBUG - Patients [35] have treatment 21 starting at day 2, hour 8.5 using resources [6, 16].[0m
[34m2025-01-24 01:32:06,163 - DEBUG - Patients [32] have treatment 21 starting at day 2, hour 9.5 using resources [6, 19].[0m
[34m2025-01-24 01:32:06,163 - DEBUG - Patients [12] have treatment 21 starting at day 2, hour 10.0 using resources [6, 16].[0m
[34m2025-01-24 01:32:06,163 - DEBUG - Patients [22] have treatment 21 starting at day 2, hour 10.5 using resources [6, 16].[0m
[34m2025-01-24 01:32:06,163 - DEBUG - Patients [41] have treatment 21 starting at day 2, hour 11.0 using resources [6, 16].[0m
[34m2025-01-24 01:32:06,163 - DEBUG - Patients [21] have treatment 21 starting at day 2, hour 11.5 using resources [6, 19].[0m
[34m2025-01-24 01:32:06,163 - DEBUG - Patients [23] have treatment 21 starting at day 2, hour 13.0 using resources [6, 19].[0m
[34m2025-01-24 01:32:06,163 - DEBUG - Patients [45] have treatment 21 starting at day 2, hour 13.5 using resources [6, 18].[0m
[34m2025-01-24 01:32:06,163 - DEBUG - Patients [11] have treatment 21 starting at day 2, hour 14.5 using resources [6, 17].[0m
[34m2025-01-24 01:32:06,163 - DEBUG - Patients [15] have treatment 21 starting at day 2, hour 15.0 using resources [6, 18].[0m
[34m2025-01-24 01:32:06,163 - DEBUG - Patients [2] have treatment 21 starting at day 2, hour 15.5 using resources [6, 19].[0m
[34m2025-01-24 01:32:06,163 - DEBUG - Patients [26] have treatment 21 starting at day 3, hour 8.5 using resources [6, 19].[0m
[34m2025-01-24 01:32:06,163 - DEBUG - Patients [34] have treatment 21 starting at day 3, hour 10.0 using resources [6, 18].[0m
[34m2025-01-24 01:32:06,163 - DEBUG - Patients [2] have treatment 21 starting at day 3, hour 10.5 using resources [6, 18].[0m
[34m2025-01-24 01:32:06,163 - DEBUG - Patients [35] have treatment 21 starting at day 3, hour 11.0 using resources [6, 15].[0m
[34m2025-01-24 01:32:06,163 - DEBUG - Patients [46] have treatment 21 starting at day 3, hour 11.5 using resources [5, 19].[0m
[34m2025-01-24 01:32:06,163 - DEBUG - Patients [39] have treatment 21 starting at day 3, hour 13.0 using resources [6, 18].[0m
[34m2025-01-24 01:32:06,163 - DEBUG - Patients [2] have treatment 21 starting at day 3, hour 13.5 using resources [6, 18].[0m
[34m2025-01-24 01:32:06,163 - DEBUG - Patients [21] have treatment 21 starting at day 3, hour 15.5 using resources [5, 18].[0m
[34m2025-01-24 01:32:06,163 - DEBUG - Patients [3] have treatment 21 starting at day 3, hour 8.0 using resources [6, 19].[0m
[34m2025-01-24 01:32:06,163 - DEBUG - Patients [6] have treatment 21 starting at day 3, hour 9.5 using resources [6, 19].[0m
[34m2025-01-24 01:32:06,163 - DEBUG - Patients [40] have treatment 21 starting at day 3, hour 11.5 using resources [6, 15].[0m
[34m2025-01-24 01:32:06,163 - DEBUG - Patients [13] have treatment 21 starting at day 3, hour 13.0 using resources [5, 16].[0m
[34m2025-01-24 01:32:06,163 - DEBUG - Patients [26] have treatment 21 starting at day 3, hour 15.5 using resources [6, 19].[0m
[34m2025-01-24 01:32:06,163 - DEBUG - Patients [47] have treatment 21 starting at day 4, hour 9.0 using resources [5, 18].[0m
[34m2025-01-24 01:32:06,163 - DEBUG - Patients [38] have treatment 21 starting at day 4, hour 9.5 using resources [5, 13].[0m
[34m2025-01-24 01:32:06,163 - DEBUG - Patients [47] have treatment 21 starting at day 4, hour 10.5 using resources [6, 19].[0m
[34m2025-01-24 01:32:06,163 - DEBUG - Patients [28] have treatment 21 starting at day 4, hour 11.0 using resources [6, 18].[0m
[34m2025-01-24 01:32:06,163 - DEBUG - Patients [20] have treatment 21 starting at day 4, hour 11.5 using resources [6, 17].[0m
[34m2025-01-24 01:32:06,163 - DEBUG - Patients [24] have treatment 21 starting at day 4, hour 13.0 using resources [5, 18].[0m
[34m2025-01-24 01:32:06,164 - DEBUG - Patients [9] have treatment 21 starting at day 4, hour 13.5 using resources [5, 18].[0m
[34m2025-01-24 01:32:06,164 - DEBUG - Patients [20] have treatment 21 starting at day 4, hour 14.5 using resources [5, 14].[0m
[34m2025-01-24 01:32:06,164 - DEBUG - Patients [10] have treatment 21 starting at day 4, hour 15.0 using resources [5, 18].[0m
[34m2025-01-24 01:32:06,164 - DEBUG - Patients [35] have treatment 21 starting at day 4, hour 15.5 using resources [6, 19].[0m
[34m2025-01-24 01:32:06,164 - DEBUG - Patients [33] have treatment 21 starting at day 4, hour 8.0 using resources [6, 19].[0m
[34m2025-01-24 01:32:06,164 - DEBUG - Patients [47] have treatment 21 starting at day 4, hour 8.5 using resources [6, 14].[0m
[34m2025-01-24 01:32:06,164 - DEBUG - Patients [44] have treatment 21 starting at day 4, hour 9.0 using resources [6, 13].[0m
[34m2025-01-24 01:32:06,164 - DEBUG - Patients [39] have treatment 21 starting at day 4, hour 10.0 using resources [5, 15].[0m
[34m2025-01-24 01:32:06,164 - DEBUG - Patients [44] have treatment 21 starting at day 4, hour 10.5 using resources [5, 18].[0m
[34m2025-01-24 01:32:06,164 - DEBUG - Patients [32] have treatment 21 starting at day 4, hour 11.0 using resources [5, 19].[0m
[34m2025-01-24 01:32:06,164 - DEBUG - Patients [45] have treatment 21 starting at day 4, hour 11.5 using resources [5, 19].[0m
[34m2025-01-24 01:32:06,164 - DEBUG - Patients [44] have treatment 21 starting at day 4, hour 13.0 using resources [6, 19].[0m
[34m2025-01-24 01:32:06,164 - DEBUG - Patients [20] have treatment 21 starting at day 4, hour 13.5 using resources [6, 19].[0m
[34m2025-01-24 01:32:06,164 - DEBUG - Patients [42] have treatment 21 starting at day 4, hour 14.5 using resources [6, 19].[0m
[34m2025-01-24 01:32:06,164 - DEBUG - Patients [39] have treatment 21 starting at day 4, hour 15.0 using resources [6, 19].[0m
[34m2025-01-24 01:32:06,164 - DEBUG - Patients [41] have treatment 21 starting at day 5, hour 8.0 using resources [5, 13].[0m
[34m2025-01-24 01:32:06,164 - DEBUG - Patients [36] have treatment 21 starting at day 5, hour 11.0 using resources [5, 19].[0m
[34m2025-01-24 01:32:06,164 - DEBUG - Patients [11] have treatment 21 starting at day 5, hour 13.0 using resources [5, 18].[0m
[34m2025-01-24 01:32:06,164 - DEBUG - Patients [33] have treatment 21 starting at day 5, hour 13.5 using resources [5, 18].[0m
[34m2025-01-24 01:32:06,164 - DEBUG - Patients [12] have treatment 21 starting at day 5, hour 14.5 using resources [6, 16].[0m
[34m2025-01-24 01:32:06,164 - DEBUG - Patients [45] have treatment 21 starting at day 5, hour 15.0 using resources [5, 15].[0m
[34m2025-01-24 01:32:06,164 - DEBUG - Patients [4] have treatment 21 starting at day 5, hour 8.0 using resources [6, 19].[0m
[34m2025-01-24 01:32:06,164 - DEBUG - Patients [0] have treatment 21 starting at day 5, hour 8.5 using resources [5, 19].[0m
[34m2025-01-24 01:32:06,164 - DEBUG - Patients [20] have treatment 21 starting at day 5, hour 10.5 using resources [6, 19].[0m
[34m2025-01-24 01:32:06,164 - DEBUG - Patients [35] have treatment 21 starting at day 5, hour 11.5 using resources [5, 19].[0m
[34m2025-01-24 01:32:06,164 - DEBUG - Patients [19] have treatment 21 starting at day 5, hour 13.5 using resources [6, 13].[0m
[34m2025-01-24 01:32:06,164 - DEBUG - Patients [1] have treatment 21 starting at day 5, hour 14.5 using resources [5, 13].[0m
[34m2025-01-24 01:32:06,164 - DEBUG - Patients [22] have treatment 21 starting at day 5, hour 15.5 using resources [6, 14].[0m
[34m2025-01-24 01:32:06,164 - DEBUG - Patients [26] have treatment 21 starting at day 6, hour 10.0 using resources [5, 18].[0m
[34m2025-01-24 01:32:06,164 - DEBUG - Patients [48] have treatment 21 starting at day 6, hour 10.5 using resources [6, 13].[0m
[34m2025-01-24 01:32:06,165 - DEBUG - Patients [28] have treatment 21 starting at day 6, hour 13.0 using resources [5, 18].[0m
[34m2025-01-24 01:32:06,165 - DEBUG - Patients [33] have treatment 21 starting at day 6, hour 13.5 using resources [5, 14].[0m
[34m2025-01-24 01:32:06,165 - DEBUG - Patients [47] have treatment 21 starting at day 6, hour 15.5 using resources [5, 15].[0m
[34m2025-01-24 01:32:06,165 - DEBUG - Patients [18] have treatment 21 starting at day 6, hour 8.0 using resources [5, 17].[0m
[34m2025-01-24 01:32:06,165 - DEBUG - Patients [17] have treatment 21 starting at day 6, hour 9.0 using resources [6, 14].[0m
[34m2025-01-24 01:32:06,165 - DEBUG - Patients [5] have treatment 21 starting at day 6, hour 9.5 using resources [5, 16].[0m
[34m2025-01-24 01:32:06,165 - DEBUG - Patients [44] have treatment 21 starting at day 6, hour 10.5 using resources [5, 17].[0m
[34m2025-01-24 01:32:06,165 - DEBUG - Patients [31] have treatment 21 starting at day 6, hour 13.0 using resources [6, 14].[0m
[34m2025-01-24 01:32:06,165 - DEBUG - Patients [29] have treatment 21 starting at day 6, hour 14.5 using resources [5, 19].[0m
[34m2025-01-24 01:32:06,165 - DEBUG - Patients [28] have treatment 21 starting at day 6, hour 15.0 using resources [5, 19].[0m
[34m2025-01-24 01:32:07,786 - DEBUG - Resource utilization factors:[0m
[34m2025-01-24 01:32:07,786 - DEBUG - Resource 0: 0.58[0m
[34m2025-01-24 01:32:07,786 - DEBUG - Resource 1: 0.64[0m
[34m2025-01-24 01:32:07,786 - DEBUG - Resource 2: 0.55[0m
[34m2025-01-24 01:32:07,786 - DEBUG - Resource 3: 0.56[0m
[34m2025-01-24 01:32:07,786 - DEBUG - Resource 4: 0.56[0m
[34m2025-01-24 01:32:07,786 - DEBUG - Resource 5: 0.80[0m
[34m2025-01-24 01:32:07,786 - DEBUG - Resource 6: 0.87[0m
[34m2025-01-24 01:32:07,786 - DEBUG - Resource 7: 0.52[0m
[34m2025-01-24 01:32:07,787 - DEBUG - Resource 8: 0.51[0m
[34m2025-01-24 01:32:07,787 - DEBUG - Resource 9: 0.50[0m
[34m2025-01-24 01:32:07,787 - DEBUG - Resource 10: 0.55[0m
[34m2025-01-24 01:32:07,787 - DEBUG - Resource 11: 0.46[0m
[34m2025-01-24 01:32:07,787 - DEBUG - Resource 12: 0.32[0m
[34m2025-01-24 01:32:07,787 - DEBUG - Resource 13: 0.47[0m
[34m2025-01-24 01:32:07,787 - DEBUG - Resource 14: 0.37[0m
[34m2025-01-24 01:32:07,787 - DEBUG - Resource 15: 0.42[0m
[34m2025-01-24 01:32:07,787 - DEBUG - Resource 16: 0.40[0m
[34m2025-01-24 01:32:07,787 - DEBUG - Resource 17: 0.42[0m
[34m2025-01-24 01:32:07,787 - DEBUG - Resource 18: 0.59[0m
[34m2025-01-24 01:32:07,787 - DEBUG - Resource 19: 0.65[0m
[34m2025-01-24 01:32:07,787 - DEBUG - Resource 20: 0.13[0m
[34m2025-01-24 01:32:07,787 - DEBUG - Resource 21: 0.21[0m
[34m2025-01-24 01:32:07,787 - DEBUG - Resource 22: 0.23[0m
[34m2025-01-24 01:32:07,787 - DEBUG - Resource 23: 0.18[0m
[34m2025-01-24 01:32:07,787 - DEBUG - Resource 24: 0.18[0m
[34m2025-01-24 01:32:07,787 - DEBUG - Resource 25: 0.23[0m
[34m2025-01-24 01:32:07,787 - DEBUG - Resource 26: 0.27[0m
[34m2025-01-24 01:32:07,787 - DEBUG - Resource 27: 0.35[0m
[34m2025-01-24 01:32:07,787 - DEBUG - Resource 28: 0.21[0m
[34m2025-01-24 01:32:07,787 - DEBUG - Resource 29: 0.52[0m
[34m2025-01-24 01:32:07,787 - DEBUG - Average utilization factor: 0.44[0m
[34m2025-01-24 01:32:07,789 - DEBUG - Schedule Hash: e5460393636765269c25a5dfc05d6c79[0m
[34m2025-01-24 01:32:07,789 - DEBUG - Patients Arrival Hash: ca4ec173ce49495d30462f5b428b44b4[0m
[34m2025-01-24 01:32:07,789 - DEBUG - Solver Hash: fbd4e7b10f1389e0a8ec1b0caa1ab814[0m
[34m2025-01-24 01:32:07,789 - DEBUG - Solution Hash: 1112bdac12c8e41fafde9e408e88277b[0m
[34m2025-01-24 01:32:07,789 - DEBUG - Checking solution value.[0m
[34m2025-01-24 01:32:07,789 - DEBUG - Solvers objective function value: 6872.0[0m
[34m2025-01-24 01:32:07,803 - DEBUG - (VERIFIER):Treatment value: 0[0m
[34m2025-01-24 01:32:07,803 - DEBUG - (VERIFIER):Delay value: 0[0m
[34m2025-01-24 01:32:07,803 - DEBUG - (VERIFIER):Missing treatment value: 6872[0m
[34m2025-01-24 01:32:07,803 - DEBUG - Correct objective function value: 6872[0m
[34m2025-01-24 01:32:07,803 - DEBUG - Solution is valid.[0m
[34m2025-01-24 01:32:07,809 - DEBUG - All solvers accepted the solution.[0m
[32m2025-01-24 01:32:07,809 - INFO - Time to find solution: 19.504s with value 6872.000000[0m
[32m2025-01-24 01:32:07,809 - INFO - Extract solution time: 1.988s[0m
[32m2025-01-24 01:32:07,809 - INFO - Total Time: 35.067s[0m
