0.JOB_NAME: MIPSolver_1_95fe9ecbe2
1.SOLVER: MIPSolver
2.PARAMS: {'use_lazy_constraints': True, 'substitute_x_pmdt': False}
3.INSTANCE: /home/ir803925/Kobra/rehabiliation-admission-scheduling/data/comp_study_004/instance_p10_t30_medium.txt
4.REPETITION: 1
5.CPU_CORES: 8
Current directory: /home/ir803925/Kobra/rehabiliation-admission-scheduling
[34m2025-01-24 00:41:32,749 - DEBUG - Solver: <class 'src.solvers.mip.MIPSolver'>[0m
[34m2025-01-24 00:41:32,749 - DEBUG - Args: {'use_lazy_constraints': True, 'substitute_x_pmdt': False}[0m
[34m2025-01-24 00:41:32,749 - DEBUG - File path /home/ir803925/Kobra/rehabiliation-admission-scheduling/data/comp_study_004/instance_p10_t30_medium.txt[0m
[34m2025-01-24 00:41:32,751 - DEBUG - ADD INSTANCE DATA[0m
[34m2025-01-24 00:41:32,751 - DEBUG - ADD INSTANCE DATA[0m
[34m2025-01-24 00:41:32,751 - DEBUG - ADD INSTANCE DATA[0m
[34m2025-01-24 00:41:32,751 - DEBUG - ADD INSTANCE DATA[0m
[34m2025-01-24 00:41:32,751 - DEBUG - ADD INSTANCE DATA[0m
[34m2025-01-24 00:41:32,751 - DEBUG - ADD INSTANCE DATA[0m
[34m2025-01-24 00:41:32,751 - DEBUG - ADD INSTANCE DATA[0m
[34m2025-01-24 00:41:32,751 - DEBUG - ADD INSTANCE DATA[0m
[34m2025-01-24 00:41:32,751 - DEBUG - ADD INSTANCE DATA[0m
[34m2025-01-24 00:41:32,751 - DEBUG - ADD INSTANCE DATA[0m
[34m2025-01-24 00:41:32,751 - DEBUG - ADD INSTANCE DATA[0m
[34m2025-01-24 00:41:32,751 - DEBUG - ADD RESOURCE_GROUPS[0m
[34m2025-01-24 00:41:32,751 - DEBUG - ADD RESOURCE_GROUPS[0m
[34m2025-01-24 00:41:32,751 - DEBUG - ADD RESOURCE_GROUPS[0m
[34m2025-01-24 00:41:32,751 - DEBUG - ADD RESOURCE_GROUPS[0m
[34m2025-01-24 00:41:32,751 - DEBUG - ADD RESOURCE_GROUPS[0m
[34m2025-01-24 00:41:32,751 - DEBUG - ADD RESOURCE_GROUPS[0m
[34m2025-01-24 00:41:32,751 - DEBUG - ADD RESOURCE_GROUPS[0m
[34m2025-01-24 00:41:32,752 - DEBUG - ADD RESOURCE_GROUPS[0m
[34m2025-01-24 00:41:32,752 - DEBUG - ADD RESOURCE_GROUPS[0m
[34m2025-01-24 00:41:32,752 - DEBUG - ADD RESOURCE_GROUPS[0m
[34m2025-01-24 00:41:32,752 - DEBUG - ADD RESOURCE_GROUPS[0m
[34m2025-01-24 00:41:32,752 - DEBUG - ADD RESOURCE_GROUPS[0m
[34m2025-01-24 00:41:32,752 - DEBUG - ADD RESOURCES[0m
[34m2025-01-24 00:41:32,752 - DEBUG - ADD RESOURCES[0m
[34m2025-01-24 00:41:32,752 - DEBUG - ADD RESOURCES[0m
[34m2025-01-24 00:41:32,752 - DEBUG - ADD RESOURCES[0m
[34m2025-01-24 00:41:32,752 - DEBUG - ADD RESOURCES[0m
[34m2025-01-24 00:41:32,752 - DEBUG - ADD RESOURCES[0m
[34m2025-01-24 00:41:32,752 - DEBUG - ADD RESOURCES[0m
[34m2025-01-24 00:41:32,752 - DEBUG - ADD RESOURCES[0m
[34m2025-01-24 00:41:32,752 - DEBUG - ADD RESOURCES[0m
[34m2025-01-24 00:41:32,753 - DEBUG - ADD RESOURCES[0m
[34m2025-01-24 00:41:32,753 - DEBUG - ADD RESOURCES[0m
[34m2025-01-24 00:41:32,753 - DEBUG - ADD RESOURCES[0m
[34m2025-01-24 00:41:32,753 - DEBUG - ADD RESOURCES[0m
[34m2025-01-24 00:41:32,753 - DEBUG - ADD TREATMENTS[0m
[34m2025-01-24 00:41:32,753 - DEBUG - ADD TREATMENTS[0m
[34m2025-01-24 00:41:32,753 - DEBUG - ADD TREATMENTS[0m
[34m2025-01-24 00:41:32,753 - DEBUG - ADD TREATMENTS[0m
[34m2025-01-24 00:41:32,753 - DEBUG - ADD TREATMENTS[0m
[34m2025-01-24 00:41:32,753 - DEBUG - ADD TREATMENTS[0m
[34m2025-01-24 00:41:32,753 - DEBUG - ADD TREATMENTS[0m
[34m2025-01-24 00:41:32,753 - DEBUG - ADD TREATMENTS[0m
[34m2025-01-24 00:41:32,753 - DEBUG - ADD TREATMENTS[0m
[34m2025-01-24 00:41:32,753 - DEBUG - ADD TREATMENTS[0m
[34m2025-01-24 00:41:32,753 - DEBUG - ADD TREATMENTS[0m
[34m2025-01-24 00:41:32,754 - DEBUG - ADD TREATMENTS[0m
[34m2025-01-24 00:41:32,754 - DEBUG - ADD TREATMENTS[0m
[34m2025-01-24 00:41:32,754 - DEBUG - ADD TREATMENTS[0m
[34m2025-01-24 00:41:32,754 - DEBUG - ADD TREATMENTS[0m
[34m2025-01-24 00:41:32,754 - DEBUG - ADD TREATMENTS[0m
[34m2025-01-24 00:41:32,754 - DEBUG - ADD TREATMENTS[0m
[34m2025-01-24 00:41:32,754 - DEBUG - ADD TREATMENTS[0m
[34m2025-01-24 00:41:32,754 - DEBUG - ADD TREATMENTS[0m
[34m2025-01-24 00:41:32,754 - DEBUG - ADD TREATMENTS[0m
[34m2025-01-24 00:41:32,755 - DEBUG - ADD TREATMENTS[0m
[34m2025-01-24 00:41:32,755 - DEBUG - ADD TREATMENTS[0m
[34m2025-01-24 00:41:32,755 - DEBUG - ADD PATIENTS[0m
[34m2025-01-24 00:41:32,755 - DEBUG - ADD PATIENTS[0m
[34m2025-01-24 00:41:32,755 - DEBUG - ADD PATIENTS[0m
[34m2025-01-24 00:41:32,755 - DEBUG - ADD PATIENTS[0m
[34m2025-01-24 00:41:32,755 - DEBUG - ADD PATIENTS[0m
[34m2025-01-24 00:41:32,756 - DEBUG - ADD PATIENTS[0m
[34m2025-01-24 00:41:32,756 - DEBUG - ADD PATIENTS[0m
[34m2025-01-24 00:41:32,756 - DEBUG - ADD PATIENTS[0m
[34m2025-01-24 00:41:32,756 - DEBUG - ADD PATIENTS[0m
[34m2025-01-24 00:41:32,756 - DEBUG - ADD PATIENTS[0m
[34m2025-01-24 00:41:32,756 - DEBUG - Instance data:[0m
[34m2025-01-24 00:41:32,756 - DEBUG - 0[0m
[34m2025-01-24 00:41:32,756 - DEBUG - New Resource Group:frozenset({RG(therapists)})[0m
[34m2025-01-24 00:41:32,810 - DEBUG - 1[0m
[34m2025-01-24 00:41:32,810 - DEBUG - New Resource Group:frozenset({RG(physiotherapists)})[0m
[34m2025-01-24 00:41:32,810 - DEBUG - New Resource Group:frozenset({RG(therapists), RG(physiotherapists)})[0m
[34m2025-01-24 00:41:32,810 - DEBUG - 2[0m
[34m2025-01-24 00:41:32,810 - DEBUG - New Resource Group:frozenset({RG(massage_therapist)})[0m
[34m2025-01-24 00:41:32,810 - DEBUG - New Resource Group:frozenset({RG(therapists), RG(massage_therapist)})[0m
[34m2025-01-24 00:41:32,810 - DEBUG - New Resource Group:frozenset({RG(physiotherapists), RG(massage_therapist)})[0m
[34m2025-01-24 00:41:32,810 - DEBUG - New Resource Group:frozenset({RG(therapists), RG(physiotherapists), RG(massage_therapist)})[0m
[34m2025-01-24 00:41:32,810 - DEBUG - 3[0m
[34m2025-01-24 00:41:32,810 - DEBUG - New Resource Group:frozenset({RG(psychotherapists)})[0m
[34m2025-01-24 00:41:32,810 - DEBUG - New Resource Group:frozenset({RG(therapists), RG(psychotherapists)})[0m
[34m2025-01-24 00:41:32,810 - DEBUG - 4[0m
[34m2025-01-24 00:41:32,810 - DEBUG - New Resource Group:frozenset({RG(lifeguards)})[0m
[34m2025-01-24 00:41:32,811 - DEBUG - New Resource Group:frozenset({RG(lifeguards), RG(therapists)})[0m
[34m2025-01-24 00:41:32,811 - DEBUG - 5[0m
[34m2025-01-24 00:41:32,811 - DEBUG - New Resource Group:frozenset({RG(rooms)})[0m
[34m2025-01-24 00:41:32,822 - DEBUG - 6[0m
[34m2025-01-24 00:41:32,822 - DEBUG - 7[0m
[34m2025-01-24 00:41:32,822 - DEBUG - New Resource Group:frozenset({RG(rooms_with_beamer)})[0m
[34m2025-01-24 00:41:32,822 - DEBUG - New Resource Group:frozenset({RG(rooms), RG(rooms_with_beamer)})[0m
[34m2025-01-24 00:41:32,822 - DEBUG - 8[0m
[34m2025-01-24 00:41:32,822 - DEBUG - New Resource Group:frozenset({RG(sport_room)})[0m
[34m2025-01-24 00:41:32,826 - DEBUG - 9[0m
[34m2025-01-24 00:41:32,826 - DEBUG - New Resource Group:frozenset({RG(swimming_pool)})[0m
[34m2025-01-24 00:41:32,829 - DEBUG - 10[0m
[34m2025-01-24 00:41:32,829 - DEBUG - New Resource Group:frozenset({RG(arts_crafts_materials)})[0m
[34m2025-01-24 00:41:32,833 - DEBUG - 11[0m
[34m2025-01-24 00:41:32,833 - DEBUG - New Resource Group:frozenset({RG(fitness_machines)})[0m
[34m2025-01-24 00:41:32,837 - DEBUG - 12[0m
[34m2025-01-24 00:41:32,837 - DEBUG - New Resource Group:frozenset({RG(hydrotherapy_bath)})[0m
[34m2025-01-24 00:41:32,841 - DEBUG - Number of patients: 10[0m
[34m2025-01-24 00:41:32,841 - DEBUG - Number of beds: 10[0m
[34m2025-01-24 00:41:32,841 - DEBUG - Average number of treatments per patient: 53.9[0m
[34m2025-01-24 00:41:32,841 - DEBUG - Average number of treatment per stayed day: 2.9944444444444445[0m
[34m2025-01-24 00:41:32,841 - DEBUG - Number of treatments: 539[0m
[34m2025-01-24 00:41:32,841 - DEBUG - Number of resources: 13[0m
[34m2025-01-24 00:41:32,841 - DEBUG - Number of resource groups: 12[0m
[34m2025-01-24 00:41:32,841 - DEBUG - Number of resource hours needed per all treatment by RG(therapists): 12.891666666666667[0m
[34m2025-01-24 00:41:32,841 - DEBUG - Number of resource hours needed per all treatment by RG(rooms): 29.011111111111113[0m
[34m2025-01-24 00:41:32,841 - DEBUG - Number of resource hours needed per all treatment by RG(arts_crafts_materials): 2.236111111111111[0m
[34m2025-01-24 00:41:32,841 - DEBUG - Number of resource hours needed per all treatment by RG(physiotherapists): 41.28055555555556[0m
[34m2025-01-24 00:41:32,841 - DEBUG - Number of resource hours needed per all treatment by RG(lifeguards): 1.5069444444444442[0m
[34m2025-01-24 00:41:32,841 - DEBUG - Number of resource hours needed per all treatment by RG(swimming_pool): 1.5069444444444442[0m
[34m2025-01-24 00:41:32,841 - DEBUG - Number of resource hours needed per all treatment by RG(hydrotherapy_bath): 3.111111111111111[0m
[34m2025-01-24 00:41:32,841 - DEBUG - Number of resource hours needed per all treatment by RG(sport_room): 32.25833333333333[0m
[34m2025-01-24 00:41:32,841 - DEBUG - Number of resource hours needed per all treatment by RG(rooms_with_beamer): 1.7986111111111105[0m
[34m2025-01-24 00:41:32,841 - DEBUG - Number of resource hours needed per all treatment by RG(psychotherapists): 14.972222222222225[0m
[34m2025-01-24 00:41:32,841 - DEBUG - Number of resource hours needed per all treatment by RG(massage_therapist): 7.777777777777777[0m
[34m2025-01-24 00:41:32,841 - DEBUG - Number of resource hours needed per all treatment by RG(fitness_machines): 9.333333333333334[0m
[32m2025-01-24 00:41:32,841 - INFO - {'solver': 'MIPSolver', 'args': {'use_lazy_constraints': True, 'substitute_x_pmdt': False, 'log_to_console': True}}[0m
[34m2025-01-24 00:41:32,841 - DEBUG - Setting options: MIPSolver[0m
[34m2025-01-24 00:41:32,841 - DEBUG -  ---- use_lazy_constraints to True[0m
[34m2025-01-24 00:41:32,841 - DEBUG -  ---- substitute_x_pmdt to False[0m
[34m2025-01-24 00:41:32,841 - DEBUG -  ---- substitute_x_small to False (default)[0m
[34m2025-01-24 00:41:32,841 - DEBUG - Setting options: Solver[0m
[34m2025-01-24 00:41:32,841 - DEBUG -  ---- number_of_threads to 8 (default)[0m
[34m2025-01-24 00:41:32,841 - DEBUG -  ---- treatment_value to 0 (default)[0m
[34m2025-01-24 00:41:32,841 - DEBUG -  ---- delay_value to 1 (default)[0m
[34m2025-01-24 00:41:32,841 - DEBUG -  ---- missing_treatment_value to 4 (default)[0m
[34m2025-01-24 00:41:32,842 - DEBUG -  ---- log_to_console to True[0m
[34m2025-01-24 00:41:32,842 - DEBUG -  ---- log_to_file to True (default)[0m
[32m2025-01-24 00:41:32,852 - INFO - Create model: MIPSolver[0m
Set parameter TSPort to value 50039
Set parameter TokenServer to value "license.itc.rwth-aachen.de"
Set parameter Threads to value 8
Set parameter LazyConstraints to value 1
[34m2025-01-24 00:41:33,213 - DEBUG - Variables created.[0m
[34m2025-01-24 00:41:33,704 - DEBUG - Constraint (p1) created.[0m
[34m2025-01-24 00:41:33,791 - DEBUG - Constraint (when_admitted) created.[0m
[34m2025-01-24 00:41:33,834 - DEBUG - Constraint (p3) created.[0m
[34m2025-01-24 00:41:33,834 - DEBUG - Constraint (p4) created.[0m
[34m2025-01-24 00:41:33,834 - DEBUG - Constraint (p7) created.[0m
[34m2025-01-24 00:41:33,918 - DEBUG - Constraint (r3) created.[0m
[34m2025-01-24 00:41:34,108 - DEBUG - Constraint (r4) created.[0m
[34m2025-01-24 00:41:34,357 - DEBUG - Constraint (a1) created.[0m
[34m2025-01-24 00:41:34,373 - DEBUG - Constraint (a4) created.[0m
[34m2025-01-24 00:41:34,377 - DEBUG - Constraint (a5) created.[0m
[34m2025-01-24 00:41:34,378 - DEBUG - Constraint (a5) created.[0m
[34m2025-01-24 00:41:34,378 - DEBUG - Constraint (a5) created.[0m
[34m2025-01-24 00:41:34,379 - DEBUG - Constraint (a5) created.[0m
[34m2025-01-24 00:41:34,379 - DEBUG - Constraint (a5) created.[0m
[34m2025-01-24 00:41:34,379 - DEBUG - Constraint (a5) created.[0m
[34m2025-01-24 00:41:34,380 - DEBUG - Constraint (a5) created.[0m
[34m2025-01-24 00:41:34,380 - DEBUG - Constraint (a5) created.[0m
[34m2025-01-24 00:41:34,381 - DEBUG - Constraint (a5) created.[0m
[34m2025-01-24 00:41:34,381 - DEBUG - Constraint (a5) created.[0m
[34m2025-01-24 00:41:34,381 - DEBUG - Constraint (a5) created.[0m
[34m2025-01-24 00:41:34,381 - DEBUG - Constraint (already_admitted) created.[0m
[32m2025-01-24 00:41:34,448 - INFO - Time to create model: 1.595[0m
[32m2025-01-24 00:41:34,448 - INFO - Solving model: MIPSolver[0m
Gurobi Optimizer version 10.0.0 build v10.0.0rc2 (linux64)

CPU model: Intel(R) Xeon(R) Platinum 8468, instruction set [SSE2|AVX|AVX2|AVX512]
Thread count: 96 physical cores, 96 logical processors, using up to 8 threads

Optimize a model with 116204 rows, 78879 columns and 454370 nonzeros
Model fingerprint: 0x85943d04
Variable types: 2 continuous, 78877 integer (78877 binary)
Coefficient statistics:
  Matrix range     [1e+00, 5e+00]
  Objective range  [1e+00, 4e+00]
  Bounds range     [1e+00, 1e+00]
  RHS range        [1e+00, 2e+03]
Presolve removed 86486 rows and 45952 columns
Presolve time: 0.63s
Presolved: 29718 rows, 32927 columns, 157927 nonzeros
Variable types: 0 continuous, 32927 integer (32926 binary)
Root relaxation presolved: 29666 rows, 32979 columns, 151845 nonzeros

Deterministic concurrent LP optimizer: primal and dual simplex
Showing first log only...

Concurrent spin time: 0.10s

Solved with primal simplex

Root relaxation: objective 1.292000e+03, 11069 iterations, 0.56 seconds (0.77 work units)

    Nodes    |    Current Node    |     Objective Bounds      |     Work
 Expl Unexpl |  Obj  Depth IntInf | Incumbent    BestBd   Gap | It/Node Time

*    0     0               0    1292.0000000 1292.00000  0.00%     -    1s

Explored 1 nodes (18398 simplex iterations) in 1.62 seconds (2.57 work units)
Thread count was 8 (of 96 available processors)

Solution count 1: 1292 

Optimal solution found (tolerance 1.00e-04)
Best objective 1.292000000000e+03, best bound 1.292000000000e+03, gap 0.0000%

User-callback calls 868, time in user-callback 0.04 sec
[32m2025-01-24 00:41:36,091 - INFO - Optimal solution found.[0m
[34m2025-01-24 00:41:36,091 - DEBUG - Sub Objectives:[0m
[34m2025-01-24 00:41:36,092 - DEBUG - (SOLVER):Minimize Delay: 0.0[0m
[34m2025-01-24 00:41:36,092 - DEBUG - (SOLVER):Minimize Missing Treatments: 1292.0[0m
[34m2025-01-24 00:41:36,110 - DEBUG - Patient 0 is admitted at day 0.[0m
[34m2025-01-24 00:41:36,110 - DEBUG - Patient 1 is admitted at day 3.[0m
[34m2025-01-24 00:41:36,110 - DEBUG - Patient 2 is admitted at day 0.[0m
[34m2025-01-24 00:41:36,110 - DEBUG - Patient 3 is admitted at day 0.[0m
[34m2025-01-24 00:41:36,110 - DEBUG - Patient 4 is admitted at day 4.[0m
[34m2025-01-24 00:41:36,110 - DEBUG - Patient 5 is admitted at day 1.[0m
[34m2025-01-24 00:41:36,110 - DEBUG - Patient 6 is admitted at day 0.[0m
[34m2025-01-24 00:41:36,110 - DEBUG - Patient 7 is admitted at day 2.[0m
[34m2025-01-24 00:41:36,110 - DEBUG - Patient 8 is admitted at day 0.[0m
[34m2025-01-24 00:41:36,110 - DEBUG - Patient 9 is admitted at day 4.[0m
[34m2025-01-24 00:41:36,110 - DEBUG - Patients [0, 1] have treatment 0 starting at day 3, hour 13.0 using resources [4, 7].[0m
[34m2025-01-24 00:41:36,110 - DEBUG - Patients [0] have treatment 0 starting at day 3, hour 14.0 using resources [4, 5].[0m
[34m2025-01-24 00:41:36,110 - DEBUG - Patients [0, 2, 3, 4, 6] have treatment 0 starting at day 5, hour 9.5 using resources [2, 7].[0m
[34m2025-01-24 00:41:36,110 - DEBUG - Patients [0, 1, 3, 4] have treatment 0 starting at day 5, hour 14.0 using resources [4, 7].[0m
[34m2025-01-24 00:41:36,110 - DEBUG - Patients [0] have treatment 3 starting at day 2, hour 13.0 using resources [2, 7].[0m
[34m2025-01-24 00:41:36,110 - DEBUG - Patients [0] have treatment 3 starting at day 4, hour 8.0 using resources [1, 7].[0m
[34m2025-01-24 00:41:36,110 - DEBUG - Patients [0, 1] have treatment 3 starting at day 6, hour 10.0 using resources [1, 7].[0m
[34m2025-01-24 00:41:36,110 - DEBUG - Patients [0, 2, 6, 7, 9] have treatment 7 starting at day 4, hour 14.0 using resources [4, 9].[0m
[34m2025-01-24 00:41:36,110 - DEBUG - Patients [0, 5, 7, 9] have treatment 7 starting at day 6, hour 13.5 using resources [4, 9].[0m
[34m2025-01-24 00:41:36,110 - DEBUG - Patients [0] have treatment 8 starting at day 6, hour 8.0 using resources [4, 12].[0m
[34m2025-01-24 00:41:36,110 - DEBUG - Patients [0] have treatment 8 starting at day 6, hour 15.0 using resources [4, 12].[0m
[34m2025-01-24 00:41:36,111 - DEBUG - Patients [0] have treatment 8 starting at day 6, hour 15.5 using resources [4, 12].[0m
[34m2025-01-24 00:41:36,111 - DEBUG - Patients [0, 6] have treatment 9 starting at day 0, hour 8.5 using resources [3].[0m
[34m2025-01-24 00:41:36,111 - DEBUG - Patients [0, 8] have treatment 9 starting at day 0, hour 10.0 using resources [0].[0m
[34m2025-01-24 00:41:36,111 - DEBUG - Patients [0, 2] have treatment 9 starting at day 1, hour 10.5 using resources [3].[0m
[34m2025-01-24 00:41:36,111 - DEBUG - Patients [0] have treatment 11 starting at day 0, hour 14.0 using resources [0, 8].[0m
[34m2025-01-24 00:41:36,111 - DEBUG - Patients [0, 9] have treatment 11 starting at day 4, hour 9.0 using resources [0, 8].[0m
[34m2025-01-24 00:41:36,111 - DEBUG - Patients [0, 1, 2] have treatment 11 starting at day 5, hour 15.0 using resources [3, 8].[0m
[34m2025-01-24 00:41:36,111 - DEBUG - Patients [0, 2, 3] have treatment 17 starting at day 0, hour 8.0 using resources [3, 7].[0m
[34m2025-01-24 00:41:36,111 - DEBUG - Patients [0, 2, 3] have treatment 17 starting at day 1, hour 9.0 using resources [3, 7].[0m
[34m2025-01-24 00:41:36,111 - DEBUG - Patients [0, 2, 3] have treatment 17 starting at day 1, hour 10.0 using resources [0, 7].[0m
[34m2025-01-24 00:41:36,111 - DEBUG - Patients [0, 2, 3] have treatment 17 starting at day 1, hour 14.0 using resources [4, 7].[0m
[34m2025-01-24 00:41:36,111 - DEBUG - Patients [0] have treatment 20 starting at day 0, hour 15.0 using resources [3, 7].[0m
[34m2025-01-24 00:41:36,111 - DEBUG - Patients [0] have treatment 20 starting at day 4, hour 10.5 using resources [3, 5].[0m
[34m2025-01-24 00:41:36,111 - DEBUG - Patients [0] have treatment 20 starting at day 5, hour 13.0 using resources [3, 7].[0m
[34m2025-01-24 00:41:36,111 - DEBUG - Patients [0] have treatment 21 starting at day 1, hour 8.0 using resources [2, 5].[0m
[34m2025-01-24 00:41:36,111 - DEBUG - Patients [0] have treatment 21 starting at day 2, hour 8.5 using resources [2, 6].[0m
[34m2025-01-24 00:41:36,111 - DEBUG - Patients [0] have treatment 21 starting at day 2, hour 9.0 using resources [2, 5].[0m
[34m2025-01-24 00:41:36,111 - DEBUG - Patients [0] have treatment 21 starting at day 5, hour 11.0 using resources [2, 7].[0m
[34m2025-01-24 00:41:36,111 - DEBUG - Patients [1, 6] have treatment 0 starting at day 3, hour 10.0 using resources [0, 7].[0m
[34m2025-01-24 00:41:36,111 - DEBUG - Patients [1] have treatment 3 starting at day 3, hour 8.0 using resources [2, 7].[0m
[34m2025-01-24 00:41:36,111 - DEBUG - Patients [1] have treatment 8 starting at day 6, hour 14.5 using resources [0, 12].[0m
[34m2025-01-24 00:41:36,111 - DEBUG - Patients [1, 4] have treatment 9 starting at day 4, hour 13.0 using resources [3].[0m
[34m2025-01-24 00:41:36,111 - DEBUG - Patients [1, 8] have treatment 9 starting at day 5, hour 9.5 using resources [0].[0m
[34m2025-01-24 00:41:36,111 - DEBUG - Patients [1] have treatment 20 starting at day 3, hour 14.0 using resources [3, 7].[0m
[34m2025-01-24 00:41:36,111 - DEBUG - Patients [1] have treatment 20 starting at day 4, hour 8.0 using resources [3, 6].[0m
[34m2025-01-24 00:41:36,111 - DEBUG - Patients [1] have treatment 20 starting at day 4, hour 15.0 using resources [3, 7].[0m
[34m2025-01-24 00:41:36,111 - DEBUG - Patients [1] have treatment 20 starting at day 6, hour 15.0 using resources [3, 6].[0m
[34m2025-01-24 00:41:36,111 - DEBUG - Patients [1] have treatment 21 starting at day 4, hour 9.5 using resources [2, 5].[0m
[34m2025-01-24 00:41:36,111 - DEBUG - Patients [1] have treatment 21 starting at day 5, hour 11.5 using resources [2, 5].[0m
[34m2025-01-24 00:41:36,111 - DEBUG - Patients [1] have treatment 21 starting at day 6, hour 8.0 using resources [2, 5].[0m
[34m2025-01-24 00:41:36,111 - DEBUG - Patients [2] have treatment 4 starting at day 1, hour 9.5 using resources [2, 5].[0m
[34m2025-01-24 00:41:36,111 - DEBUG - Patients [2] have treatment 4 starting at day 3, hour 9.0 using resources [1, 7].[0m
[34m2025-01-24 00:41:36,111 - DEBUG - Patients [2] have treatment 4 starting at day 3, hour 9.5 using resources [2, 7].[0m
[34m2025-01-24 00:41:36,111 - DEBUG - Patients [2] have treatment 5 starting at day 0, hour 8.5 using resources [1, 8].[0m
[34m2025-01-24 00:41:36,111 - DEBUG - Patients [2] have treatment 5 starting at day 0, hour 9.5 using resources [1, 8].[0m
[34m2025-01-24 00:41:36,112 - DEBUG - Patients [2] have treatment 5 starting at day 0, hour 10.5 using resources [1, 8].[0m
[34m2025-01-24 00:41:36,112 - DEBUG - Patients [2] have treatment 5 starting at day 0, hour 13.0 using resources [1, 8].[0m
[34m2025-01-24 00:41:36,112 - DEBUG - Patients [2] have treatment 5 starting at day 2, hour 11.0 using resources [1, 8].[0m
[34m2025-01-24 00:41:36,112 - DEBUG - Patients [2] have treatment 5 starting at day 2, hour 13.0 using resources [1, 8].[0m
[34m2025-01-24 00:41:36,112 - DEBUG - Patients [2] have treatment 6 starting at day 5, hour 8.0 using resources [1, 8].[0m
[34m2025-01-24 00:41:36,112 - DEBUG - Patients [2] have treatment 6 starting at day 6, hour 13.0 using resources [1, 8].[0m
[34m2025-01-24 00:41:36,112 - DEBUG - Patients [2] have treatment 8 starting at day 5, hour 14.5 using resources [3, 12].[0m
[34m2025-01-24 00:41:36,112 - DEBUG - Patients [2] have treatment 8 starting at day 6, hour 11.5 using resources [4, 12].[0m
[34m2025-01-24 00:41:36,112 - DEBUG - Patients [2, 4, 6] have treatment 9 starting at day 5, hour 10.5 using resources [3].[0m
[34m2025-01-24 00:41:36,112 - DEBUG - Patients [2, 6] have treatment 9 starting at day 6, hour 9.0 using resources [0].[0m
[34m2025-01-24 00:41:36,112 - DEBUG - Patients [2] have treatment 10 starting at day 3, hour 11.0 using resources [2, 11].[0m
[34m2025-01-24 00:41:36,112 - DEBUG - Patients [2] have treatment 21 starting at day 4, hour 10.5 using resources [2, 6].[0m
[34m2025-01-24 00:41:36,112 - DEBUG - Patients [2] have treatment 21 starting at day 4, hour 15.5 using resources [2, 6].[0m
[34m2025-01-24 00:41:36,112 - DEBUG - Patients [2] have treatment 21 starting at day 6, hour 14.5 using resources [2, 7].[0m
[34m2025-01-24 00:41:36,112 - DEBUG - Patients [2] have treatment 21 starting at day 6, hour 15.0 using resources [2, 7].[0m
[34m2025-01-24 00:41:36,112 - DEBUG - Patients [3, 6] have treatment 0 starting at day 0, hour 11.0 using resources [4, 7].[0m
[34m2025-01-24 00:41:36,112 - DEBUG - Patients [3] have treatment 0 starting at day 6, hour 8.0 using resources [0, 6].[0m
[34m2025-01-24 00:41:36,112 - DEBUG - Patients [3] have treatment 0 starting at day 6, hour 13.0 using resources [0, 6].[0m
[34m2025-01-24 00:41:36,112 - DEBUG - Patients [3] have treatment 5 starting at day 0, hour 15.0 using resources [1, 8].[0m
[34m2025-01-24 00:41:36,112 - DEBUG - Patients [3] have treatment 5 starting at day 3, hour 11.0 using resources [1, 8].[0m
[34m2025-01-24 00:41:36,112 - DEBUG - Patients [3] have treatment 5 starting at day 4, hour 11.0 using resources [2, 8].[0m
[34m2025-01-24 00:41:36,112 - DEBUG - Patients [3] have treatment 5 starting at day 6, hour 15.0 using resources [1, 8].[0m
[34m2025-01-24 00:41:36,112 - DEBUG - Patients [3] have treatment 6 starting at day 3, hour 13.0 using resources [2, 8].[0m
[34m2025-01-24 00:41:36,112 - DEBUG - Patients [3] have treatment 6 starting at day 5, hour 13.0 using resources [2, 8].[0m
[34m2025-01-24 00:41:36,112 - DEBUG - Patients [3] have treatment 8 starting at day 2, hour 13.5 using resources [0, 12].[0m
[34m2025-01-24 00:41:36,112 - DEBUG - Patients [3] have treatment 8 starting at day 2, hour 15.5 using resources [4, 12].[0m
[34m2025-01-24 00:41:36,112 - DEBUG - Patients [3] have treatment 8 starting at day 6, hour 11.0 using resources [0, 12].[0m
[34m2025-01-24 00:41:36,112 - DEBUG - Patients [3] have treatment 10 starting at day 0, hour 9.5 using resources [2, 11].[0m
[34m2025-01-24 00:41:36,112 - DEBUG - Patients [3] have treatment 10 starting at day 0, hour 13.5 using resources [2, 11].[0m
[34m2025-01-24 00:41:36,112 - DEBUG - Patients [3] have treatment 10 starting at day 1, hour 13.0 using resources [2, 11].[0m
[34m2025-01-24 00:41:36,112 - DEBUG - Patients [3] have treatment 10 starting at day 1, hour 15.0 using resources [1, 11].[0m
[34m2025-01-24 00:41:36,112 - DEBUG - Patients [3] have treatment 10 starting at day 4, hour 15.0 using resources [1, 11].[0m
[34m2025-01-24 00:41:36,112 - DEBUG - Patients [3] have treatment 10 starting at day 5, hour 15.0 using resources [1, 11].[0m
[34m2025-01-24 00:41:36,112 - DEBUG - Patients [3] have treatment 21 starting at day 2, hour 10.0 using resources [2, 7].[0m
[34m2025-01-24 00:41:36,112 - DEBUG - Patients [3] have treatment 21 starting at day 2, hour 10.5 using resources [2, 7].[0m
[34m2025-01-24 00:41:36,112 - DEBUG - Patients [3] have treatment 21 starting at day 5, hour 8.0 using resources [2, 5].[0m
[34m2025-01-24 00:41:36,113 - DEBUG - Patients [3] have treatment 21 starting at day 6, hour 9.5 using resources [2, 5].[0m
[34m2025-01-24 00:41:36,113 - DEBUG - Patients [4] have treatment 4 starting at day 4, hour 8.5 using resources [2, 5].[0m
[34m2025-01-24 00:41:36,113 - DEBUG - Patients [4] have treatment 4 starting at day 4, hour 14.5 using resources [2, 5].[0m
[34m2025-01-24 00:41:36,113 - DEBUG - Patients [4] have treatment 4 starting at day 5, hour 9.0 using resources [1, 5].[0m
[34m2025-01-24 00:41:36,113 - DEBUG - Patients [4, 5] have treatment 9 starting at day 6, hour 8.0 using resources [3].[0m
[34m2025-01-24 00:41:36,113 - DEBUG - Patients [4] have treatment 10 starting at day 4, hour 9.0 using resources [1, 11].[0m
[34m2025-01-24 00:41:36,113 - DEBUG - Patients [4] have treatment 10 starting at day 4, hour 10.5 using resources [1, 11].[0m
[34m2025-01-24 00:41:36,113 - DEBUG - Patients [4] have treatment 20 starting at day 6, hour 13.0 using resources [3, 7].[0m
[34m2025-01-24 00:41:36,113 - DEBUG - Patients [4] have treatment 21 starting at day 5, hour 15.0 using resources [2, 7].[0m
[34m2025-01-24 00:41:36,113 - DEBUG - Patients [4] have treatment 21 starting at day 6, hour 10.0 using resources [2, 5].[0m
[34m2025-01-24 00:41:36,113 - DEBUG - Patients [4] have treatment 21 starting at day 6, hour 10.5 using resources [2, 5].[0m
[34m2025-01-24 00:41:36,113 - DEBUG - Patients [4] have treatment 21 starting at day 6, hour 11.0 using resources [2, 5].[0m
[34m2025-01-24 00:41:36,113 - DEBUG - Patients [5] have treatment 4 starting at day 1, hour 8.0 using resources [1, 7].[0m
[34m2025-01-24 00:41:36,113 - DEBUG - Patients [5] have treatment 4 starting at day 1, hour 10.0 using resources [2, 5].[0m
[34m2025-01-24 00:41:36,113 - DEBUG - Patients [5] have treatment 4 starting at day 3, hour 10.0 using resources [2, 5].[0m
[34m2025-01-24 00:41:36,113 - DEBUG - Patients [5] have treatment 4 starting at day 5, hour 14.5 using resources [2, 6].[0m
[34m2025-01-24 00:41:36,113 - DEBUG - Patients [5] have treatment 5 starting at day 2, hour 14.5 using resources [2, 8].[0m
[34m2025-01-24 00:41:36,113 - DEBUG - Patients [5] have treatment 5 starting at day 3, hour 15.0 using resources [1, 8].[0m
[34m2025-01-24 00:41:36,113 - DEBUG - Patients [5] have treatment 5 starting at day 5, hour 11.0 using resources [1, 8].[0m
[34m2025-01-24 00:41:36,113 - DEBUG - Patients [5] have treatment 6 starting at day 1, hour 11.0 using resources [1, 8].[0m
[34m2025-01-24 00:41:36,113 - DEBUG - Patients [5] have treatment 8 starting at day 3, hour 11.5 using resources [3, 12].[0m
[34m2025-01-24 00:41:36,113 - DEBUG - Patients [5] have treatment 8 starting at day 5, hour 15.5 using resources [4, 12].[0m
[34m2025-01-24 00:41:36,113 - DEBUG - Patients [5, 6] have treatment 9 starting at day 1, hour 14.5 using resources [4].[0m
[34m2025-01-24 00:41:36,113 - DEBUG - Patients [5, 7] have treatment 9 starting at day 2, hour 8.0 using resources [3].[0m
[34m2025-01-24 00:41:36,113 - DEBUG - Patients [5, 7] have treatment 9 starting at day 2, hour 9.5 using resources [0].[0m
[34m2025-01-24 00:41:36,113 - DEBUG - Patients [5] have treatment 21 starting at day 4, hour 13.0 using resources [2, 7].[0m
[34m2025-01-24 00:41:36,113 - DEBUG - Patients [5] have treatment 21 starting at day 4, hour 13.5 using resources [2, 7].[0m
[34m2025-01-24 00:41:36,113 - DEBUG - Patients [5] have treatment 21 starting at day 5, hour 8.5 using resources [2, 7].[0m
[34m2025-01-24 00:41:36,113 - DEBUG - Patients [5] have treatment 21 starting at day 6, hour 11.5 using resources [2, 5].[0m
[34m2025-01-24 00:41:36,113 - DEBUG - Patients [5] have treatment 21 starting at day 6, hour 13.0 using resources [2, 5].[0m
[34m2025-01-24 00:41:36,113 - DEBUG - Patients [6] have treatment 4 starting at day 5, hour 14.0 using resources [1, 5].[0m
[34m2025-01-24 00:41:36,113 - DEBUG - Patients [6] have treatment 4 starting at day 5, hour 14.5 using resources [1, 5].[0m
[34m2025-01-24 00:41:36,113 - DEBUG - Patients [6] have treatment 4 starting at day 6, hour 8.5 using resources [1, 7].[0m
[34m2025-01-24 00:41:36,113 - DEBUG - Patients [6] have treatment 5 starting at day 1, hour 13.5 using resources [1, 8].[0m
[34m2025-01-24 00:41:36,113 - DEBUG - Patients [6] have treatment 5 starting at day 2, hour 9.0 using resources [1, 8].[0m
[34m2025-01-24 00:41:36,114 - DEBUG - Patients [6] have treatment 5 starting at day 2, hour 10.0 using resources [1, 8].[0m
[34m2025-01-24 00:41:36,114 - DEBUG - Patients [6] have treatment 5 starting at day 3, hour 14.0 using resources [1, 8].[0m
[34m2025-01-24 00:41:36,114 - DEBUG - Patients [6] have treatment 5 starting at day 6, hour 11.0 using resources [1, 8].[0m
[34m2025-01-24 00:41:36,114 - DEBUG - Patients [6] have treatment 6 starting at day 2, hour 8.0 using resources [1, 8].[0m
[34m2025-01-24 00:41:36,114 - DEBUG - Patients [6] have treatment 8 starting at day 1, hour 11.0 using resources [0, 12].[0m
[34m2025-01-24 00:41:36,114 - DEBUG - Patients [6] have treatment 8 starting at day 1, hour 13.0 using resources [0, 12].[0m
[34m2025-01-24 00:41:36,114 - DEBUG - Patients [6] have treatment 8 starting at day 2, hour 14.0 using resources [4, 12].[0m
[34m2025-01-24 00:41:36,114 - DEBUG - Patients [6] have treatment 8 starting at day 4, hour 15.5 using resources [4, 12].[0m
[34m2025-01-24 00:41:36,114 - DEBUG - Patients [6] have treatment 10 starting at day 0, hour 15.0 using resources [2, 11].[0m
[34m2025-01-24 00:41:36,114 - DEBUG - Patients [6] have treatment 10 starting at day 1, hour 8.5 using resources [1, 11].[0m
[34m2025-01-24 00:41:36,114 - DEBUG - Patients [6] have treatment 10 starting at day 3, hour 13.0 using resources [1, 11].[0m
[34m2025-01-24 00:41:36,114 - DEBUG - Patients [6] have treatment 10 starting at day 5, hour 13.0 using resources [1, 11].[0m
[34m2025-01-24 00:41:36,114 - DEBUG - Patients [6] have treatment 20 starting at day 0, hour 13.5 using resources [3, 5].[0m
[34m2025-01-24 00:41:36,114 - DEBUG - Patients [6] have treatment 21 starting at day 0, hour 8.0 using resources [2, 5].[0m
[34m2025-01-24 00:41:36,114 - DEBUG - Patients [6] have treatment 21 starting at day 6, hour 13.5 using resources [2, 5].[0m
[34m2025-01-24 00:41:36,114 - DEBUG - Patients [6] have treatment 21 starting at day 6, hour 15.5 using resources [2, 5].[0m
[34m2025-01-24 00:41:36,114 - DEBUG - Patients [7, 8, 9] have treatment 2 starting at day 5, hour 8.0 using resources [0, 7].[0m
[34m2025-01-24 00:41:36,114 - DEBUG - Patients [7, 8, 9] have treatment 2 starting at day 5, hour 8.5 using resources [3, 6].[0m
[34m2025-01-24 00:41:36,114 - DEBUG - Patients [7, 8, 9] have treatment 2 starting at day 5, hour 9.0 using resources [3, 7].[0m
[34m2025-01-24 00:41:36,114 - DEBUG - Patients [7, 8, 9] have treatment 2 starting at day 6, hour 8.5 using resources [4, 5].[0m
[34m2025-01-24 00:41:36,114 - DEBUG - Patients [7, 8, 9] have treatment 2 starting at day 6, hour 9.0 using resources [1, 6].[0m
[34m2025-01-24 00:41:36,114 - DEBUG - Patients [7, 8, 9] have treatment 2 starting at day 6, hour 9.5 using resources [1, 7].[0m
[34m2025-01-24 00:41:36,114 - DEBUG - Patients [7, 9] have treatment 9 starting at day 4, hour 10.0 using resources [0].[0m
[34m2025-01-24 00:41:36,114 - DEBUG - Patients [7] have treatment 10 starting at day 3, hour 8.0 using resources [1, 11].[0m
[34m2025-01-24 00:41:36,114 - DEBUG - Patients [7] have treatment 21 starting at day 2, hour 15.5 using resources [2, 7].[0m
[34m2025-01-24 00:41:36,114 - DEBUG - Patients [7] have treatment 21 starting at day 3, hour 14.5 using resources [2, 6].[0m
[34m2025-01-24 00:41:36,114 - DEBUG - Patients [7] have treatment 21 starting at day 3, hour 15.5 using resources [2, 7].[0m
[34m2025-01-24 00:41:36,114 - DEBUG - Patients [7] have treatment 21 starting at day 5, hour 10.5 using resources [2, 7].[0m
[34m2025-01-24 00:41:36,114 - DEBUG - Patients [8] have treatment 10 starting at day 1, hour 11.0 using resources [2, 11].[0m
[34m2025-01-24 00:41:36,114 - DEBUG - Patients [8] have treatment 10 starting at day 4, hour 13.0 using resources [1, 11].[0m
[34m2025-01-24 00:41:36,114 - DEBUG - Patients [8] have treatment 12 starting at day 1, hour 13.0 using resources [3, 5].[0m
[34m2025-01-24 00:41:36,114 - DEBUG - Patients [8] have treatment 12 starting at day 2, hour 10.5 using resources [3, 5].[0m
[34m2025-01-24 00:41:36,114 - DEBUG - Patients [8] have treatment 12 starting at day 2, hour 13.0 using resources [3, 5].[0m
[34m2025-01-24 00:41:36,114 - DEBUG - Patients [8] have treatment 12 starting at day 2, hour 15.0 using resources [3, 5].[0m
[34m2025-01-24 00:41:36,114 - DEBUG - Patients [8] have treatment 12 starting at day 3, hour 10.5 using resources [3, 5].[0m
[34m2025-01-24 00:41:36,114 - DEBUG - Patients [8] have treatment 12 starting at day 3, hour 13.0 using resources [3, 5].[0m
[34m2025-01-24 00:41:36,115 - DEBUG - Patients [8] have treatment 12 starting at day 6, hour 10.5 using resources [3, 6].[0m
[34m2025-01-24 00:41:36,115 - DEBUG - Patients [8] have treatment 21 starting at day 0, hour 8.5 using resources [2, 6].[0m
[34m2025-01-24 00:41:36,115 - DEBUG - Patients [8] have treatment 21 starting at day 0, hour 9.0 using resources [2, 6].[0m
[34m2025-01-24 00:41:36,115 - DEBUG - Patients [8] have treatment 21 starting at day 0, hour 11.5 using resources [2, 5].[0m
[34m2025-01-24 00:41:36,115 - DEBUG - Patients [8] have treatment 21 starting at day 1, hour 14.5 using resources [2, 7].[0m
[34m2025-01-24 00:41:36,115 - DEBUG - Patients [8] have treatment 21 starting at day 1, hour 15.0 using resources [2, 7].[0m
[34m2025-01-24 00:41:36,115 - DEBUG - Patients [8] have treatment 21 starting at day 4, hour 15.0 using resources [2, 6].[0m
[34m2025-01-24 00:41:36,115 - DEBUG - Patients [9] have treatment 21 starting at day 4, hour 8.0 using resources [2, 5].[0m
[34m2025-01-24 00:41:36,115 - DEBUG - Patients [9] have treatment 21 starting at day 5, hour 15.5 using resources [2, 7].[0m
[34m2025-01-24 00:41:36,681 - DEBUG - Resource utilization factors:[0m
[34m2025-01-24 00:41:36,682 - DEBUG - Resource 0: 0.30[0m
[34m2025-01-24 00:41:36,682 - DEBUG - Resource 1: 0.62[0m
[34m2025-01-24 00:41:36,682 - DEBUG - Resource 2: 0.69[0m
[34m2025-01-24 00:41:36,682 - DEBUG - Resource 3: 0.55[0m
[34m2025-01-24 00:41:36,682 - DEBUG - Resource 4: 0.35[0m
[34m2025-01-24 00:41:36,682 - DEBUG - Resource 5: 0.32[0m
[34m2025-01-24 00:41:36,682 - DEBUG - Resource 6: 0.15[0m
[34m2025-01-24 00:41:36,682 - DEBUG - Resource 7: 0.40[0m
[34m2025-01-24 00:41:36,682 - DEBUG - Resource 8: 0.36[0m
[34m2025-01-24 00:41:36,682 - DEBUG - Resource 9: 0.04[0m
[34m2025-01-24 00:41:36,682 - DEBUG - Resource 10: 0.00[0m
[34m2025-01-24 00:41:36,682 - DEBUG - Resource 11: 0.21[0m
[34m2025-01-24 00:41:36,682 - DEBUG - Resource 12: 0.13[0m
[34m2025-01-24 00:41:36,682 - DEBUG - Average utilization factor: 0.32[0m
[34m2025-01-24 00:41:36,683 - DEBUG - Schedule Hash: 3ecb178fdd3449c62fa9de1c4ed82db8[0m
[34m2025-01-24 00:41:36,683 - DEBUG - Patients Arrival Hash: 8b28ec790af742955567f8614b90bcf2[0m
[34m2025-01-24 00:41:36,683 - DEBUG - Solver Hash: 7f003f6753d587cbf833a83be3fe979a[0m
[34m2025-01-24 00:41:36,683 - DEBUG - Solution Hash: 92fd0c2ce1fe86f2819d7c917e9f2262[0m
[34m2025-01-24 00:41:36,683 - DEBUG - Checking solution value.[0m
[34m2025-01-24 00:41:36,683 - DEBUG - Solvers objective function value: 1292.0[0m
[34m2025-01-24 00:41:36,683 - DEBUG - (VERIFIER):Treatment value: 0[0m
[34m2025-01-24 00:41:36,683 - DEBUG - (VERIFIER):Delay value: 0[0m
[34m2025-01-24 00:41:36,684 - DEBUG - (VERIFIER):Missing treatment value: 1292[0m
[34m2025-01-24 00:41:36,684 - DEBUG - Correct objective function value: 1292[0m
[34m2025-01-24 00:41:36,684 - DEBUG - Solution is valid.[0m
[34m2025-01-24 00:41:36,684 - DEBUG - All solvers accepted the solution.[0m
[32m2025-01-24 00:41:36,684 - INFO - Time to find solution: 2.236s with value 1292.000000[0m
[32m2025-01-24 00:41:36,684 - INFO - Extract solution time: 0.592s[0m
[32m2025-01-24 00:41:36,684 - INFO - Total Time: 3.832s[0m
