1.NAME: LBBDSolver
2.PARAMS: {'break_symmetry': False, 'add_constraints_to_symmetrc_days': True, 'subsolver_cls': 'CPSubSolver'}
3.INSTANCE: /home/wx350715/Kobra/rehabiliation-admission-scheduling/data/comp_study_002/instance_6_5.txt
4.REPETITION: 1
Current directory: /home/wx350715/Kobra/rehabiliation-admission-scheduling
[34m2025-01-01 16:04:44,179 - DEBUG - Solver: <class 'src.solvers.benders.LBBDSolver'>[0m
[34m2025-01-01 16:04:44,180 - DEBUG - Args: {'break_symmetry': False, 'add_constraints_to_symmetrc_days': True, 'subsolver_cls': 'CPSubSolver'}[0m
[34m2025-01-01 16:04:44,180 - DEBUG - File path /home/wx350715/Kobra/rehabiliation-admission-scheduling/data/comp_study_002/instance_6_5.txt[0m
[34m2025-01-01 16:04:44,180 - DEBUG - ADD INSTANCE DATA[0m
[34m2025-01-01 16:04:44,180 - DEBUG - ADD INSTANCE DATA[0m
[34m2025-01-01 16:04:44,180 - DEBUG - ADD INSTANCE DATA[0m
[34m2025-01-01 16:04:44,180 - DEBUG - ADD INSTANCE DATA[0m
[34m2025-01-01 16:04:44,180 - DEBUG - ADD INSTANCE DATA[0m
[34m2025-01-01 16:04:44,180 - DEBUG - ADD INSTANCE DATA[0m
[34m2025-01-01 16:04:44,180 - DEBUG - ADD INSTANCE DATA[0m
[34m2025-01-01 16:04:44,180 - DEBUG - ADD INSTANCE DATA[0m
[34m2025-01-01 16:04:44,180 - DEBUG - ADD INSTANCE DATA[0m
[34m2025-01-01 16:04:44,180 - DEBUG - ADD INSTANCE DATA[0m
[34m2025-01-01 16:04:44,180 - DEBUG - ADD INSTANCE DATA[0m
[34m2025-01-01 16:04:44,180 - DEBUG - ADD RESOURCE_GROUPS[0m
[34m2025-01-01 16:04:44,180 - DEBUG - ADD RESOURCE_GROUPS[0m
[34m2025-01-01 16:04:44,180 - DEBUG - ADD RESOURCE_GROUPS[0m
[34m2025-01-01 16:04:44,180 - DEBUG - ADD RESOURCE_GROUPS[0m
[34m2025-01-01 16:04:44,181 - DEBUG - ADD RESOURCES[0m
[34m2025-01-01 16:04:44,181 - DEBUG - ADD RESOURCES[0m
[34m2025-01-01 16:04:44,181 - DEBUG - ADD RESOURCES[0m
[34m2025-01-01 16:04:44,181 - DEBUG - ADD RESOURCES[0m
[34m2025-01-01 16:04:44,181 - DEBUG - ADD RESOURCES[0m
[34m2025-01-01 16:04:44,181 - DEBUG - ADD RESOURCES[0m
[34m2025-01-01 16:04:44,181 - DEBUG - ADD RESOURCES[0m
[34m2025-01-01 16:04:44,181 - DEBUG - ADD RESOURCES[0m
[34m2025-01-01 16:04:44,181 - DEBUG - ADD RESOURCES[0m
[34m2025-01-01 16:04:44,181 - DEBUG - ADD RESOURCES[0m
[34m2025-01-01 16:04:44,181 - DEBUG - ADD TREATMENTS[0m
[34m2025-01-01 16:04:44,181 - DEBUG - ADD TREATMENTS[0m
[34m2025-01-01 16:04:44,182 - DEBUG - ADD TREATMENTS[0m
[34m2025-01-01 16:04:44,182 - DEBUG - ADD TREATMENTS[0m
[34m2025-01-01 16:04:44,182 - DEBUG - ADD TREATMENTS[0m
[34m2025-01-01 16:04:44,182 - DEBUG - ADD TREATMENTS[0m
[34m2025-01-01 16:04:44,182 - DEBUG - ADD TREATMENTS[0m
[34m2025-01-01 16:04:44,182 - DEBUG - ADD TREATMENTS[0m
[34m2025-01-01 16:04:44,182 - DEBUG - ADD PATIENTS[0m
[34m2025-01-01 16:04:44,182 - DEBUG - ADD PATIENTS[0m
[34m2025-01-01 16:04:44,182 - DEBUG - ADD PATIENTS[0m
[34m2025-01-01 16:04:44,182 - DEBUG - ADD PATIENTS[0m
[34m2025-01-01 16:04:44,182 - DEBUG - ADD PATIENTS[0m
[34m2025-01-01 16:04:44,183 - DEBUG - ADD PATIENTS[0m
[34m2025-01-01 16:04:44,183 - DEBUG - ADD PATIENTS[0m
[34m2025-01-01 16:04:44,183 - DEBUG - ADD PATIENTS[0m
[34m2025-01-01 16:04:44,183 - DEBUG - ADD PATIENTS[0m
[34m2025-01-01 16:04:44,183 - DEBUG - ADD PATIENTS[0m
[34m2025-01-01 16:04:44,183 - DEBUG - ADD PATIENTS[0m
[34m2025-01-01 16:04:44,183 - DEBUG - ADD PATIENTS[0m
[34m2025-01-01 16:04:44,183 - DEBUG - ADD PATIENTS[0m
[34m2025-01-01 16:04:44,183 - DEBUG - ADD PATIENTS[0m
[34m2025-01-01 16:04:44,183 - DEBUG - ADD PATIENTS[0m
[34m2025-01-01 16:04:44,183 - DEBUG - ADD PATIENTS[0m
[34m2025-01-01 16:04:44,183 - DEBUG - ADD PATIENTS[0m
[34m2025-01-01 16:04:44,184 - DEBUG - ADD PATIENTS[0m
[34m2025-01-01 16:04:44,184 - DEBUG - ADD PATIENTS[0m
[34m2025-01-01 16:04:44,184 - DEBUG - ADD PATIENTS[0m
[34m2025-01-01 16:04:44,184 - DEBUG - ADD PATIENTS[0m
[34m2025-01-01 16:04:44,184 - DEBUG - Instance data:[0m
[34m2025-01-01 16:04:44,184 - DEBUG - Number of patients: 21[0m
[34m2025-01-01 16:04:44,185 - DEBUG - Number of beds: 36[0m
[34m2025-01-01 16:04:44,185 - DEBUG - Average number of treatments per patient: 32.38095238095238[0m
[34m2025-01-01 16:04:44,185 - DEBUG - Average number of treatment per stayed day: 2.3859649122807016[0m
[34m2025-01-01 16:04:44,185 - DEBUG - Number of treatments: 680[0m
[34m2025-01-01 16:04:44,185 - DEBUG - Number of resources: 10[0m
[34m2025-01-01 16:04:44,185 - DEBUG - Number of resource groups: 4[0m
[34m2025-01-01 16:04:44,185 - DEBUG - Number of resource hours needed per all treatment by RG(therapists): 19.704166666666676[0m
[34m2025-01-01 16:04:44,185 - DEBUG - Number of resource hours needed per all treatment by RG(rooms): 35.95416666666666[0m
[34m2025-01-01 16:04:44,185 - DEBUG - Number of resource hours needed per all treatment by RG(physiotherapist): 15.5[0m
[34m2025-01-01 16:04:44,185 - DEBUG - Number of resource hours needed per all treatment by RG(sport_room): 6.75[0m
[32m2025-01-01 16:04:44,185 - INFO - {'solver': 'LBBDSolver', 'args': {'break_symmetry': False, 'subsolver_cls': <class 'src.solvers.subsolvers.cp_subsolver.CPSubsolver'>, 'subsolver.store_results': True, 'subsolver.store_results_method': 'hash', 'use_helper_constraints': True, 'enforce_min_treatments_per_day': True, 'enforce_max_treatments_per_e_w': True, 'enforce_min_patients_per_treatment': True, 'log_to_console': True}}[0m
[34m2025-01-01 16:04:44,185 - DEBUG - Setting options: LBBDSolver[0m
[34m2025-01-01 16:04:44,185 - DEBUG -  ---- break_symmetry to False[0m
[34m2025-01-01 16:04:44,185 - DEBUG -  ---- subsolver_cls to <class 'src.solvers.subsolvers.cp_subsolver.CPSubsolver'>[0m
[34m2025-01-01 16:04:44,185 - DEBUG -  ---- use_helper_constraints to True[0m
[34m2025-01-01 16:04:44,186 - DEBUG -  ---- add_constraints_to_symmetric_days to True (default)[0m
[34m2025-01-01 16:04:44,186 - DEBUG - Setting options: Solver[0m
[34m2025-01-01 16:04:44,186 - DEBUG -  ---- number_of_threads to 4 (default)[0m
[34m2025-01-01 16:04:44,186 - DEBUG -  ---- treatment_value to 0 (default)[0m
[34m2025-01-01 16:04:44,186 - DEBUG -  ---- delay_value to 1 (default)[0m
[34m2025-01-01 16:04:44,186 - DEBUG -  ---- missing_treatment_value to 4 (default)[0m
[34m2025-01-01 16:04:44,186 - DEBUG -  ---- enforce_min_treatments_per_day to True[0m
[34m2025-01-01 16:04:44,186 - DEBUG -  ---- enforce_max_treatments_per_e_w to True[0m
[34m2025-01-01 16:04:44,186 - DEBUG -  ---- enforce_min_patients_per_treatment to True[0m
[34m2025-01-01 16:04:44,186 - DEBUG -  ---- log_to_console to True[0m
[34m2025-01-01 16:04:44,186 - DEBUG -  ---- log_to_file to True (default)[0m
[34m2025-01-01 16:04:44,186 - DEBUG -  ---- no_rel_heur_time to 1 (default)[0m
[34m2025-01-01 16:04:44,267 - DEBUG - Setting options: CPSubsolver[0m
[34m2025-01-01 16:04:44,268 - DEBUG -  ---- estimated_needed_treatments to True (default)[0m
[34m2025-01-01 16:04:44,268 - DEBUG -  ---- add_patient_symmetry to False (default)[0m
[34m2025-01-01 16:04:44,268 - DEBUG - Setting Subsolver options: SubSolver[0m
[34m2025-01-01 16:04:44,268 - DEBUG -  ---- store_results to True[0m
[34m2025-01-01 16:04:44,268 - DEBUG -  ---- store_results_method to hash[0m
[34m2025-01-01 16:04:44,268 - DEBUG -  ---- enforce_min_patients_per_treatment to True[0m
[34m2025-01-01 16:04:44,268 - DEBUG -  ---- use_day_symmetry to True (default)[0m
[32m2025-01-01 16:04:44,337 - INFO - Create model: LBBDSolver[0m
Set parameter TSPort to value 50039
Set parameter TokenServer to value "license.itc.rwth-aachen.de"
Set parameter Threads to value 4
Set parameter Cuts to value 0
Set parameter LazyConstraints to value 1
Set parameter NoRelHeurTime to value 1
[34m2025-01-01 16:04:44,770 - DEBUG - Variables created.[0m
[34m2025-01-01 16:04:46,085 - DEBUG - Constraint (not too many treatments) created.[0m
[34m2025-01-01 16:04:46,986 - DEBUG - Constraint (no_treatments_outside admittance) created.[0m
[34m2025-01-01 16:04:46,987 - DEBUG - Constraint (bed_usage) created.[0m
[34m2025-01-01 16:04:46,987 - DEBUG - Constraint (must be admitted) created.[0m
[34m2025-01-01 16:04:47,124 - DEBUG - Constraint (e_w_ub) created.[0m
[34m2025-01-01 16:04:47,170 - DEBUG - Constraint (day_ub) created.[0m
[34m2025-01-01 16:04:47,217 - DEBUG - Constraint (Day always) created.[0m
[34m2025-01-01 16:04:47,217 - DEBUG - Constraint (already_admitted) created.[0m
[32m2025-01-01 16:04:49,100 - INFO - Time to create model: 4.763[0m
[32m2025-01-01 16:04:49,100 - INFO - Solving model: LBBDSolver[0m
Gurobi Optimizer version 10.0.0 build v10.0.0rc2 (linux64)

CPU model: Intel(R) Xeon(R) Platinum 8468, instruction set [SSE2|AVX|AVX2|AVX512]
Thread count: 96 physical cores, 96 logical processors, using up to 4 threads

Optimize a model with 231537 rows, 97384 columns and 1866352 nonzeros
Model fingerprint: 0xc2b1af52
Variable types: 3 continuous, 97381 integer (97381 binary)
Coefficient statistics:
  Matrix range     [1e+00, 5e+01]
  Objective range  [1e+00, 1e+01]
  Bounds range     [1e+00, 1e+00]
  RHS range        [1e+00, 3e+03]
Presolve added 0 rows and 1697 columns
Presolve removed 149009 rows and 0 columns
Presolve time: 2.97s
Presolved: 82528 rows, 99081 columns, 1227214 nonzeros
Variable types: 1 continuous, 99080 integer (98224 binary)
Starting NoRel heuristic
Found phase-1 solution: relaxation 27
Found phase-1 solution: relaxation 21
Found phase-1 solution: relaxation 18
Found phase-1 solution: relaxation 17
Found phase-1 solution: relaxation 14
Root relaxation presolved: 82145 rows, 98944 columns, 1155729 nonzeros

Deterministic concurrent LP optimizer: primal simplex, dual simplex, and barrier
Showing barrier log only...

Root barrier log...

Ordering time: 0.22s

Barrier statistics:
 Dense cols : 53
 AA' NZ     : 1.072e+05
 Factor NZ  : 3.526e+05 (roughly 8 MB of memory)
 Factor Ops : 4.872e+07 (less than 1 second per iteration)
 Threads    : 2

                  Objective                Residual
Iter       Primal          Dual         Primal    Dual     Compl     Time
   0  -3.25664516e+06 -6.62023810e+04  7.48e+04 1.48e+00  9.33e+02     7s
   1  -1.48608796e+06 -1.27629581e+05  3.42e+04 1.11e+01  4.26e+02     7s
   2  -7.04408818e+05 -1.59056765e+05  1.62e+04 2.27e-13  2.15e+02     7s
   3  -1.63751069e+05 -1.28363759e+05  3.82e+03 4.55e-13  5.34e+01     7s
   4  -6.36823468e+04 -8.39239663e+04  1.48e+03 1.02e-03  2.10e+01     7s
   5  -1.67371219e+04 -4.99099427e+04  4.01e+02 6.99e-04  6.69e+00     7s
   6  -6.13846913e+03 -2.62155156e+04  1.57e+02 2.06e-04  2.72e+00     7s
   7  -2.76502496e+03 -1.85546462e+04  7.95e+01 8.19e-05  1.60e+00     7s
   8   2.11450717e+02 -5.98104457e+03  1.12e+01 2.71e-05  4.09e-01     7s
   9   6.15891804e+02 -5.99782680e+02  1.63e+00 1.79e-06  7.15e-02     7s
  10   6.43703997e+02  2.64868180e+02  7.79e-01 2.89e-06  2.27e-02     7s
  11   6.68787591e+02  6.27740596e+02  3.50e-02 2.81e-05  2.30e-03     7s
  12   6.68361781e+02  6.56088259e+02  7.03e-03 3.19e-06  6.78e-04     7s
  13   6.68298716e+02  6.63447433e+02  3.64e-03 9.77e-07  2.70e-04     7s
  14   6.68256910e+02  6.66142856e+02  1.54e-03 4.24e-07  1.18e-04     7s
  15   6.68253796e+02  6.68215480e+02  1.08e-04 6.31e-07  2.34e-06     7s
  16   6.68250009e+02  6.68249957e+02  3.14e-09 2.25e-06  2.75e-09     7s
  17   6.68250000e+02  6.68250000e+02  2.98e-13 5.23e-10  2.75e-12     7s

Barrier solved model in 17 iterations and 7.46 seconds (8.55 work units)
Optimal objective 6.68250000e+02


Root crossover log...

     151 DPushes remaining with DInf 0.0000000e+00                 7s
       0 DPushes remaining with DInf 0.0000000e+00                 7s

    4763 PPushes remaining with PInf 0.0000000e+00                 7s
Concurrent spin time: 0.43s (can be avoided by choosing Method=3)

Solved with dual simplex

Root simplex log...

Iteration    Objective       Primal Inf.    Dual Inf.      Time
    4750    6.6825000e+02   0.000000e+00   0.000000e+00      8s

Use crossover to convert LP symmetric solution to basic solution...

Root crossover log...

       0 DPushes remaining with DInf 0.0000000e+00                 8s

   18288 PPushes remaining with PInf 0.0000000e+00                 8s
       0 PPushes remaining with PInf 0.0000000e+00                 9s

  Push phase complete: Pinf 0.0000000e+00, Dinf 1.3871429e-10      9s


Root simplex log...

Iteration    Objective       Primal Inf.    Dual Inf.      Time
   23098    6.6825000e+02   0.000000e+00   0.000000e+00      9s
   23098    6.6825000e+02   0.000000e+00   0.000000e+00      9s

Root relaxation: objective 6.682500e+02, 23098 iterations, 3.52 seconds (1.11 work units)
Total elapsed time = 14.23s
Total elapsed time = 16.13s

    Nodes    |    Current Node    |     Objective Bounds      |     Work
 Expl Unexpl |  Obj  Depth IntInf | Incumbent    BestBd   Gap | It/Node Time

     0     0  668.25000    0  443          -  668.25000      -     -   21s
     0     0  668.25000    0  381          -  668.25000      -     -   27s
H    0     0                     744.0000000  668.25000  10.2%     -   95s
H    0     0                     732.0000000  668.25000  8.71%     -  205s
H    0     2                     724.0000000  668.25000  7.70%     -  236s
     0     2  668.25000    0  359  724.00000  668.25000  7.70%     -  236s
     3     8  668.25000    2  349  724.00000  668.25000  7.70%  4730  240s
    19    24  668.25000    5  478  724.00000  668.25000  7.70%  1637  245s
H   27    32                     672.0000000  668.25000  0.56%  1190  332s
    46    52  668.25000   10  674  672.00000  668.25000  0.56%  1011  339s
    57    59 infeasible   11       672.00000  668.25000  0.56%  1069  347s
    66   126  668.25000   13  669  672.00000  668.25000  0.56%  1153  355s
   133   171  668.25000   29  612  672.00000  668.25000  0.56%   709  377s
   182   311  669.18750   39  666  672.00000  668.25000  0.56%   846  411s
H  286   311                     671.0000000  668.25000  0.41%   722  469s
   326   354  669.18750   74  633  671.00000  668.25000  0.41%   714  510s
   421   326     cutoff   99       671.00000  668.25000  0.41%   855  557s
   448   286     cutoff   32       671.00000  668.25000  0.41%  1126  607s
   488   258     cutoff   35       671.00000  668.25000  0.41%  1482  646s
   516   238     cutoff   62       671.00000  668.25000  0.41%  1671  683s
   536   210     cutoff   52       671.00000  668.25000  0.41%  1826  718s
   564   191     cutoff   57       671.00000  668.25000  0.41%  1981  742s
   583   180     cutoff   65       671.00000  668.25000  0.41%  2103  763s
   594   164     cutoff    5       671.00000  668.25000  0.41%  2157  783s
   610   157     cutoff   12       671.00000  668.25000  0.41%  2241  795s
   617   108     cutoff   41       671.00000  669.18750  0.27%  2276  878s
   666    64     cutoff   51       671.00000  669.18750  0.27%  2519  948s
   710    32     cutoff   64       671.00000  669.18750  0.27%  2656 1000s
   742    14     cutoff   64       671.00000  669.18750  0.27%  2764 1034s
   760     0     cutoff   60       671.00000  669.18750  0.27%  2847 1061s

Explored 774 nodes (2373491 simplex iterations) in 1061.09 seconds (795.95 work units)
Thread count was 4 (of 96 available processors)

Solution count 5: 671 672 724 ... 744

Optimal solution found (tolerance 1.00e-04)
Best objective 6.710000000000e+02, best bound 6.710000000000e+02, gap 0.0000%

User-callback calls 15707, time in user-callback 335.37 sec
[34m2025-01-01 16:22:30,324 - DEBUG - Finished optimization[0m
[34m2025-01-01 16:22:30,324 - DEBUG - Subsolver stats:[0m
[32m2025-01-01 16:22:30,325 - INFO - Number of cuts added: 0 (bad=0, good=0)[0m
[32m2025-01-01 16:22:30,325 - INFO - Unnecessary comps: (0 / 0)[0m
[32m2025-01-01 16:22:30,325 - INFO - Calls to is_day_infeasible: cp_solver=56/ total=70 stored=14[0m
[32m2025-01-01 16:22:30,325 - INFO - Is feasible: 334.89972376823425 0.9994909486351217[0m
[32m2025-01-01 16:22:30,325 - INFO - Subsolver: Solve Model: 333.4689853191376/0.9958212609987375[0m
[32m2025-01-01 16:22:30,325 - INFO - Subsolver: Create Model: 1.399327278137207/0.004178739001262537[0m
[32m2025-01-01 16:22:30,325 - INFO - Num_constraints-added: 0[0m
[32m2025-01-01 16:22:30,325 - INFO - Optimal solution found.[0m
[34m2025-01-01 16:22:30,325 - DEBUG - Sub Objectives:[0m
[34m2025-01-01 16:22:30,325 - DEBUG - (SOLVER):Minimize Delay: 3.0[0m
[34m2025-01-01 16:22:30,325 - DEBUG - (SOLVER):Minimize Missing Treatments: 668.0[0m
[32m2025-01-01 16:22:30,325 - INFO - All cuts [][0m
[32m2025-01-01 16:22:30,325 - INFO - All cuts [][0m
[34m2025-01-01 16:23:39,696 - DEBUG - Patient 0 is admitted at day 0.[0m
[34m2025-01-01 16:23:39,696 - DEBUG - Patient 1 is admitted at day 1.[0m
[34m2025-01-01 16:23:39,696 - DEBUG - Patient 2 is admitted at day 2.[0m
[34m2025-01-01 16:23:39,696 - DEBUG - Patient 3 is admitted at day 2.[0m
[34m2025-01-01 16:23:39,696 - DEBUG - Patient 4 is admitted at day 3.[0m
[34m2025-01-01 16:23:39,696 - DEBUG - Patient 5 is admitted at day 4.[0m
[34m2025-01-01 16:23:39,696 - DEBUG - Patient 6 is admitted at day 5.[0m
[34m2025-01-01 16:23:39,696 - DEBUG - Patient 7 is admitted at day 2.[0m
[34m2025-01-01 16:23:39,696 - DEBUG - Patient 8 is admitted at day 7.[0m
[34m2025-01-01 16:23:39,696 - DEBUG - Patient 9 is admitted at day 9.[0m
[34m2025-01-01 16:23:39,696 - DEBUG - Patient 10 is admitted at day 8.[0m
[34m2025-01-01 16:23:39,696 - DEBUG - Patient 11 is admitted at day 7.[0m
[34m2025-01-01 16:23:39,697 - DEBUG - Patient 12 is admitted at day 7.[0m
[34m2025-01-01 16:23:39,697 - DEBUG - Patient 13 is admitted at day 8.[0m
[34m2025-01-01 16:23:39,697 - DEBUG - Patient 14 is admitted at day 7.[0m
[34m2025-01-01 16:23:39,697 - DEBUG - Patient 15 is admitted at day 7.[0m
[34m2025-01-01 16:23:39,697 - DEBUG - Patient 16 is admitted at day 7.[0m
[34m2025-01-01 16:23:39,697 - DEBUG - Patient 17 is admitted at day 7.[0m
[34m2025-01-01 16:23:39,697 - DEBUG - Patient 18 is admitted at day 7.[0m
[34m2025-01-01 16:23:39,697 - DEBUG - Patient 19 is admitted at day 7.[0m
[34m2025-01-01 16:23:39,697 - DEBUG - Patient 20 is admitted at day 3.[0m
[34m2025-01-01 16:23:39,697 - DEBUG - Patients [0] have treatment 1 starting at day 0, hour 8.0 using resources [7].[0m
[34m2025-01-01 16:23:39,697 - DEBUG - Patients [0] have treatment 4 starting at day 0, hour 8.500000000000004 using resources [6, 3].[0m
[34m2025-01-01 16:23:39,697 - DEBUG - Patients [0, 1] have treatment 5 starting at day 1, hour 8.0 using resources [6, 9, 7].[0m
[34m2025-01-01 16:23:39,697 - DEBUG - Patients [0, 1] have treatment 5 starting at day 1, hour 8.500000000000004 using resources [6, 9, 3].[0m
[34m2025-01-01 16:23:39,697 - DEBUG - Patients [0, 1] have treatment 5 starting at day 1, hour 10.000000000000014 using resources [6, 9, 3].[0m
[34m2025-01-01 16:23:39,697 - DEBUG - Patients [1] have treatment 5 starting at day 1, hour 10.500000000000018 using resources [6, 9, 3].[0m
[34m2025-01-01 16:23:39,697 - DEBUG - Patients [1] have treatment 7 starting at day 1, hour 9.000000000000007 using resources [7, 3, 9].[0m
[34m2025-01-01 16:23:39,697 - DEBUG - Patients [1, 7] have treatment 0 starting at day 2, hour 8.0 using resources [8, 6, 5].[0m
[34m2025-01-01 16:23:39,697 - DEBUG - Patients [0, 3] have treatment 0 starting at day 2, hour 9.000000000000007 using resources [8, 6, 7].[0m
[34m2025-01-01 16:23:39,697 - DEBUG - Patients [3] have treatment 1 starting at day 2, hour 15.500000000000053 using resources [3].[0m
[34m2025-01-01 16:23:39,697 - DEBUG - Patients [1, 7] have treatment 3 starting at day 2, hour 9.000000000000007 using resources [2, 3].[0m
[34m2025-01-01 16:23:39,697 - DEBUG - Patients [2, 3] have treatment 5 starting at day 2, hour 11.000000000000021 using resources [6, 9, 3].[0m
[34m2025-01-01 16:23:39,697 - DEBUG - Patients [0, 1] have treatment 5 starting at day 2, hour 11.500000000000025 using resources [6, 9, 3].[0m
[34m2025-01-01 16:23:39,697 - DEBUG - Patients [1] have treatment 5 starting at day 2, hour 13.000000000000036 using resources [6, 9, 3].[0m
[34m2025-01-01 16:23:39,697 - DEBUG - Patients [2, 3] have treatment 7 starting at day 2, hour 8.0 using resources [7, 3, 9].[0m
[34m2025-01-01 16:23:39,697 - DEBUG - Patients [2, 3] have treatment 7 starting at day 2, hour 13.500000000000039 using resources [7, 3, 9].[0m
[34m2025-01-01 16:23:39,697 - DEBUG - Patients [1, 2] have treatment 7 starting at day 2, hour 14.500000000000046 using resources [7, 3, 9].[0m
[34m2025-01-01 16:23:39,697 - DEBUG - Patients [1, 7] have treatment 0 starting at day 3, hour 15.00000000000005 using resources [1, 2, 5].[0m
[34m2025-01-01 16:23:39,697 - DEBUG - Patients [20] have treatment 1 starting at day 3, hour 8.0 using resources [5].[0m
[34m2025-01-01 16:23:39,697 - DEBUG - Patients [20] have treatment 1 starting at day 3, hour 8.500000000000004 using resources [5].[0m
[34m2025-01-01 16:23:39,697 - DEBUG - Patients [1, 3] have treatment 3 starting at day 3, hour 8.0 using resources [1, 4].[0m
[34m2025-01-01 16:23:39,697 - DEBUG - Patients [1, 3] have treatment 3 starting at day 3, hour 10.000000000000014 using resources [6, 5].[0m
[34m2025-01-01 16:23:39,697 - DEBUG - Patients [0, 1] have treatment 3 starting at day 3, hour 13.000000000000036 using resources [2, 5].[0m
[34m2025-01-01 16:23:39,697 - DEBUG - Patients [2, 7] have treatment 3 starting at day 3, hour 13.000000000000036 using resources [8, 4].[0m
[34m2025-01-01 16:23:39,698 - DEBUG - Patients [4, 7] have treatment 4 starting at day 3, hour 10.000000000000014 using resources [1, 3].[0m
[34m2025-01-01 16:23:39,698 - DEBUG - Patients [3, 4] have treatment 4 starting at day 3, hour 14.500000000000046 using resources [0, 3].[0m
[34m2025-01-01 16:23:39,698 - DEBUG - Patients [2] have treatment 4 starting at day 3, hour 15.00000000000005 using resources [0, 3].[0m
[34m2025-01-01 16:23:39,698 - DEBUG - Patients [2] have treatment 4 starting at day 3, hour 15.500000000000053 using resources [0, 3].[0m
[34m2025-01-01 16:23:39,698 - DEBUG - Patients [3] have treatment 5 starting at day 3, hour 14.000000000000043 using resources [6, 9, 3].[0m
[34m2025-01-01 16:23:39,698 - DEBUG - Patients [4] have treatment 7 starting at day 3, hour 8.0 using resources [7, 3, 9].[0m
[34m2025-01-01 16:23:39,698 - DEBUG - Patients [4] have treatment 7 starting at day 3, hour 9.000000000000007 using resources [7, 3, 9].[0m
[34m2025-01-01 16:23:39,698 - DEBUG - Patients [2] have treatment 7 starting at day 3, hour 10.000000000000014 using resources [7, 4, 9].[0m
[34m2025-01-01 16:23:39,698 - DEBUG - Patients [3] have treatment 7 starting at day 3, hour 13.000000000000036 using resources [7, 3, 9].[0m
[34m2025-01-01 16:23:39,698 - DEBUG - Patients [4, 20] have treatment 0 starting at day 4, hour 10.000000000000014 using resources [1, 2, 5].[0m
[34m2025-01-01 16:23:39,698 - DEBUG - Patients [7, 20] have treatment 0 starting at day 4, hour 13.416666666666705 using resources [0, 1, 5].[0m
[34m2025-01-01 16:23:39,698 - DEBUG - Patients [3, 20] have treatment 0 starting at day 4, hour 14.16666666666671 using resources [0, 1, 5].[0m
[34m2025-01-01 16:23:39,698 - DEBUG - Patients [3, 4, 20] have treatment 0 starting at day 4, hour 15.00000000000005 using resources [0, 1, 3].[0m
[34m2025-01-01 16:23:39,698 - DEBUG - Patients [0] have treatment 1 starting at day 4, hour 8.500000000000004 using resources [3].[0m
[34m2025-01-01 16:23:39,698 - DEBUG - Patients [1, 2, 5] have treatment 3 starting at day 4, hour 8.0 using resources [2, 5].[0m
[34m2025-01-01 16:23:39,698 - DEBUG - Patients [0, 2] have treatment 3 starting at day 4, hour 10.000000000000014 using resources [0, 3].[0m
[34m2025-01-01 16:23:39,698 - DEBUG - Patients [0] have treatment 4 starting at day 4, hour 8.0 using resources [0, 3].[0m
[34m2025-01-01 16:23:39,698 - DEBUG - Patients [3, 4] have treatment 7 starting at day 4, hour 9.000000000000007 using resources [7, 3, 9].[0m
[34m2025-01-01 16:23:39,698 - DEBUG - Patients [2, 4] have treatment 7 starting at day 4, hour 13.000000000000036 using resources [7, 3, 9].[0m
[34m2025-01-01 16:23:39,698 - DEBUG - Patients [1] have treatment 7 starting at day 4, hour 14.000000000000043 using resources [7, 3, 6].[0m
[34m2025-01-01 16:23:39,698 - DEBUG - Patients [0, 5, 6, 20] have treatment 0 starting at day 5, hour 8.0 using resources [1, 2, 5].[0m
[34m2025-01-01 16:23:39,698 - DEBUG - Patients [0, 1] have treatment 0 starting at day 5, hour 8.750000000000005 using resources [0, 1, 5].[0m
[34m2025-01-01 16:23:39,698 - DEBUG - Patients [20] have treatment 1 starting at day 5, hour 9.50000000000001 using resources [5].[0m
[34m2025-01-01 16:23:39,698 - DEBUG - Patients [20] have treatment 1 starting at day 5, hour 11.500000000000025 using resources [3].[0m
[34m2025-01-01 16:23:39,698 - DEBUG - Patients [2, 3, 4] have treatment 3 starting at day 5, hour 9.50000000000001 using resources [0, 3].[0m
[34m2025-01-01 16:23:39,698 - DEBUG - Patients [2] have treatment 4 starting at day 5, hour 15.00000000000005 using resources [1, 3].[0m
[34m2025-01-01 16:23:39,698 - DEBUG - Patients [5] have treatment 4 starting at day 5, hour 15.500000000000053 using resources [2, 3].[0m
[34m2025-01-01 16:23:39,698 - DEBUG - Patients [7] have treatment 5 starting at day 5, hour 9.000000000000007 using resources [6, 9, 3].[0m
[34m2025-01-01 16:23:39,698 - DEBUG - Patients [3, 4] have treatment 7 starting at day 5, hour 8.0 using resources [7, 3, 9].[0m
[34m2025-01-01 16:23:39,698 - DEBUG - Patients [1, 4] have treatment 7 starting at day 5, hour 13.000000000000036 using resources [7, 3, 9].[0m
[34m2025-01-01 16:23:39,698 - DEBUG - Patients [1] have treatment 7 starting at day 5, hour 14.000000000000043 using resources [7, 3, 9].[0m
[34m2025-01-01 16:23:39,698 - DEBUG - Patients [1, 3, 20] have treatment 0 starting at day 6, hour 10.000000000000014 using resources [1, 2, 5].[0m
[34m2025-01-01 16:23:39,698 - DEBUG - Patients [0, 6] have treatment 0 starting at day 6, hour 10.000000000000014 using resources [0, 8, 7].[0m
[34m2025-01-01 16:23:39,699 - DEBUG - Patients [1, 4] have treatment 0 starting at day 6, hour 13.000000000000036 using resources [2, 6, 4].[0m
[34m2025-01-01 16:23:39,699 - DEBUG - Patients [2] have treatment 1 starting at day 6, hour 11.000000000000021 using resources [3].[0m
[34m2025-01-01 16:23:39,699 - DEBUG - Patients [20] have treatment 1 starting at day 6, hour 13.000000000000036 using resources [3].[0m
[34m2025-01-01 16:23:39,699 - DEBUG - Patients [20] have treatment 1 starting at day 6, hour 15.00000000000005 using resources [3].[0m
[34m2025-01-01 16:23:39,699 - DEBUG - Patients [1, 5, 7] have treatment 3 starting at day 6, hour 8.0 using resources [0, 3].[0m
[34m2025-01-01 16:23:39,699 - DEBUG - Patients [3, 7] have treatment 4 starting at day 6, hour 11.500000000000025 using resources [2, 3].[0m
[34m2025-01-01 16:23:39,699 - DEBUG - Patients [3] have treatment 4 starting at day 6, hour 15.500000000000053 using resources [0, 3].[0m
[34m2025-01-01 16:23:39,699 - DEBUG - Patients [4] have treatment 5 starting at day 6, hour 10.000000000000014 using resources [6, 9, 3].[0m
[34m2025-01-01 16:23:39,699 - DEBUG - Patients [2, 4] have treatment 5 starting at day 6, hour 10.500000000000018 using resources [6, 9, 3].[0m
[34m2025-01-01 16:23:39,699 - DEBUG - Patients [6] have treatment 5 starting at day 6, hour 14.500000000000046 using resources [6, 9, 3].[0m
[34m2025-01-01 16:23:39,699 - DEBUG - Patients [1] have treatment 5 starting at day 6, hour 15.00000000000005 using resources [6, 9, 7].[0m
[34m2025-01-01 16:23:39,699 - DEBUG - Patients [3] have treatment 7 starting at day 6, hour 13.500000000000039 using resources [7, 3, 9].[0m
[34m2025-01-01 16:23:39,699 - DEBUG - Patients [3, 7] have treatment 0 starting at day 7, hour 15.250000000000052 using resources [1, 2, 5].[0m
[34m2025-01-01 16:23:39,699 - DEBUG - Patients [19] have treatment 1 starting at day 7, hour 8.750000000000005 using resources [5].[0m
[34m2025-01-01 16:23:39,699 - DEBUG - Patients [16] have treatment 1 starting at day 7, hour 9.250000000000009 using resources [5].[0m
[34m2025-01-01 16:23:39,699 - DEBUG - Patients [12] have treatment 1 starting at day 7, hour 10.500000000000018 using resources [5].[0m
[34m2025-01-01 16:23:39,699 - DEBUG - Patients [8] have treatment 1 starting at day 7, hour 11.000000000000021 using resources [5].[0m
[34m2025-01-01 16:23:39,699 - DEBUG - Patients [6] have treatment 1 starting at day 7, hour 11.500000000000025 using resources [5].[0m
[34m2025-01-01 16:23:39,699 - DEBUG - Patients [4] have treatment 1 starting at day 7, hour 11.500000000000025 using resources [3].[0m
[34m2025-01-01 16:23:39,699 - DEBUG - Patients [2] have treatment 1 starting at day 7, hour 15.250000000000052 using resources [3].[0m
[34m2025-01-01 16:23:39,699 - DEBUG - Patients [1, 11, 12, 14, 15, 16, 17, 18, 19, 20] have treatment 2 starting at day 7, hour 8.0 using resources [1, 3].[0m
[34m2025-01-01 16:23:39,699 - DEBUG - Patients [1, 3, 12, 14, 15, 16, 17, 18, 19, 20] have treatment 2 starting at day 7, hour 9.750000000000012 using resources [0, 3].[0m
[34m2025-01-01 16:23:39,699 - DEBUG - Patients [0, 1, 3, 12, 14, 15, 16, 17, 18, 20] have treatment 2 starting at day 7, hour 13.000000000000036 using resources [0, 3].[0m
[34m2025-01-01 16:23:39,699 - DEBUG - Patients [0, 1, 2, 3, 4, 5, 7, 8, 17, 20] have treatment 2 starting at day 7, hour 13.75000000000004 using resources [0, 3].[0m
[34m2025-01-01 16:23:39,699 - DEBUG - Patients [0, 1, 2, 3, 4, 5, 6, 7, 8, 11] have treatment 2 starting at day 7, hour 14.500000000000046 using resources [0, 3].[0m
[34m2025-01-01 16:23:39,699 - DEBUG - Patients [18, 19] have treatment 4 starting at day 7, hour 10.500000000000018 using resources [0, 3].[0m
[34m2025-01-01 16:23:39,699 - DEBUG - Patients [2] have treatment 4 starting at day 7, hour 11.000000000000021 using resources [0, 3].[0m
[34m2025-01-01 16:23:39,699 - DEBUG - Patients [11, 17] have treatment 5 starting at day 7, hour 8.750000000000005 using resources [6, 9, 3].[0m
[34m2025-01-01 16:23:39,699 - DEBUG - Patients [11] have treatment 5 starting at day 7, hour 9.250000000000009 using resources [6, 9, 3].[0m
[34m2025-01-01 16:23:39,699 - DEBUG - Patients [1, 11, 15, 16, 20] have treatment 0 starting at day 8, hour 10.500000000000018 using resources [1, 8, 7].[0m
[34m2025-01-01 16:23:39,699 - DEBUG - Patients [4, 7, 11] have treatment 0 starting at day 8, hour 14.750000000000048 using resources [1, 8, 3].[0m
[34m2025-01-01 16:23:39,699 - DEBUG - Patients [14] have treatment 1 starting at day 8, hour 8.0 using resources [3].[0m
[34m2025-01-01 16:23:39,699 - DEBUG - Patients [1] have treatment 1 starting at day 8, hour 8.0 using resources [5].[0m
[34m2025-01-01 16:23:39,699 - DEBUG - Patients [17] have treatment 1 starting at day 8, hour 8.0 using resources [4].[0m
[34m2025-01-01 16:23:39,700 - DEBUG - Patients [19] have treatment 1 starting at day 8, hour 13.000000000000036 using resources [3].[0m
[34m2025-01-01 16:23:39,700 - DEBUG - Patients [2] have treatment 1 starting at day 8, hour 13.500000000000039 using resources [3].[0m
[34m2025-01-01 16:23:39,700 - DEBUG - Patients [5] have treatment 1 starting at day 8, hour 13.500000000000039 using resources [4].[0m
[34m2025-01-01 16:23:39,700 - DEBUG - Patients [5] have treatment 1 starting at day 8, hour 14.000000000000043 using resources [4].[0m
[34m2025-01-01 16:23:39,700 - DEBUG - Patients [1] have treatment 1 starting at day 8, hour 15.00000000000005 using resources [4].[0m
[34m2025-01-01 16:23:39,700 - DEBUG - Patients [13] have treatment 1 starting at day 8, hour 15.00000000000005 using resources [5].[0m
[34m2025-01-01 16:23:39,700 - DEBUG - Patients [13] have treatment 1 starting at day 8, hour 15.500000000000053 using resources [5].[0m
[34m2025-01-01 16:23:39,700 - DEBUG - Patients [0, 2, 3, 4, 10, 12, 15, 16, 17, 18, 20] have treatment 2 starting at day 8, hour 11.250000000000023 using resources [8, 5].[0m
[34m2025-01-01 16:23:39,700 - DEBUG - Patients [3, 4, 8, 17] have treatment 3 starting at day 8, hour 9.000000000000007 using resources [2, 5].[0m
[34m2025-01-01 16:23:39,700 - DEBUG - Patients [10, 12, 16] have treatment 3 starting at day 8, hour 13.000000000000036 using resources [2, 5].[0m
[34m2025-01-01 16:23:39,700 - DEBUG - Patients [3, 4] have treatment 4 starting at day 8, hour 8.500000000000004 using resources [0, 3].[0m
[34m2025-01-01 16:23:39,700 - DEBUG - Patients [15] have treatment 4 starting at day 8, hour 9.000000000000007 using resources [0, 3].[0m
[34m2025-01-01 16:23:39,700 - DEBUG - Patients [2, 12] have treatment 4 starting at day 8, hour 9.50000000000001 using resources [0, 4].[0m
[34m2025-01-01 16:23:39,700 - DEBUG - Patients [11] have treatment 4 starting at day 8, hour 10.000000000000014 using resources [0, 4].[0m
[34m2025-01-01 16:23:39,700 - DEBUG - Patients [6, 19] have treatment 4 starting at day 8, hour 10.500000000000018 using resources [0, 3].[0m
[34m2025-01-01 16:23:39,700 - DEBUG - Patients [13] have treatment 4 starting at day 8, hour 11.000000000000021 using resources [0, 4].[0m
[34m2025-01-01 16:23:39,700 - DEBUG - Patients [6] have treatment 4 starting at day 8, hour 11.500000000000025 using resources [0, 3].[0m
[34m2025-01-01 16:23:39,700 - DEBUG - Patients [11] have treatment 4 starting at day 8, hour 14.250000000000044 using resources [0, 3].[0m
[34m2025-01-01 16:23:39,700 - DEBUG - Patients [1] have treatment 4 starting at day 8, hour 14.500000000000046 using resources [6, 4].[0m
[34m2025-01-01 16:23:39,700 - DEBUG - Patients [2, 16] have treatment 4 starting at day 8, hour 15.500000000000053 using resources [1, 4].[0m
[34m2025-01-01 16:23:39,700 - DEBUG - Patients [18] have treatment 4 starting at day 8, hour 15.500000000000053 using resources [6, 3].[0m
[34m2025-01-01 16:23:39,700 - DEBUG - Patients [12] have treatment 5 starting at day 8, hour 8.0 using resources [6, 9, 7].[0m
[34m2025-01-01 16:23:39,700 - DEBUG - Patients [19] have treatment 5 starting at day 8, hour 11.000000000000021 using resources [6, 9, 3].[0m
[34m2025-01-01 16:23:39,700 - DEBUG - Patients [1, 8, 13, 14, 17] have treatment 6 starting at day 8, hour 13.000000000000036 using resources [0, 7].[0m
[34m2025-01-01 16:23:39,701 - DEBUG - Patients [3, 8, 14, 17, 19] have treatment 6 starting at day 8, hour 14.750000000000048 using resources [0, 7].[0m
[34m2025-01-01 16:23:39,701 - DEBUG - Patients [18] have treatment 7 starting at day 8, hour 8.500000000000004 using resources [7, 4, 9].[0m
[34m2025-01-01 16:23:39,701 - DEBUG - Patients [18] have treatment 7 starting at day 8, hour 9.50000000000001 using resources [7, 3, 9].[0m
[34m2025-01-01 16:23:39,701 - DEBUG - Patients [13, 14, 15, 18] have treatment 0 starting at day 9, hour 11.000000000000021 using resources [1, 2, 7].[0m
[34m2025-01-01 16:23:39,701 - DEBUG - Patients [0, 1] have treatment 0 starting at day 9, hour 13.000000000000036 using resources [0, 1, 4].[0m
[34m2025-01-01 16:23:39,701 - DEBUG - Patients [14] have treatment 1 starting at day 9, hour 8.0 using resources [4].[0m
[34m2025-01-01 16:23:39,701 - DEBUG - Patients [12] have treatment 1 starting at day 9, hour 8.0 using resources [5].[0m
[34m2025-01-01 16:23:39,701 - DEBUG - Patients [12] have treatment 1 starting at day 9, hour 8.500000000000004 using resources [5].[0m
[34m2025-01-01 16:23:39,701 - DEBUG - Patients [10] have treatment 1 starting at day 9, hour 11.000000000000021 using resources [5].[0m
[34m2025-01-01 16:23:39,701 - DEBUG - Patients [10] have treatment 1 starting at day 9, hour 11.500000000000025 using resources [5].[0m
[34m2025-01-01 16:23:39,701 - DEBUG - Patients [7] have treatment 1 starting at day 9, hour 13.000000000000036 using resources [5].[0m
[34m2025-01-01 16:23:39,701 - DEBUG - Patients [3] have treatment 1 starting at day 9, hour 13.500000000000039 using resources [5].[0m
[34m2025-01-01 16:23:39,701 - DEBUG - Patients [3] have treatment 1 starting at day 9, hour 15.00000000000005 using resources [3].[0m
[34m2025-01-01 16:23:39,701 - DEBUG - Patients [1] have treatment 1 starting at day 9, hour 15.500000000000053 using resources [3].[0m
[34m2025-01-01 16:23:39,701 - DEBUG - Patients [2, 4, 9, 17, 18] have treatment 3 starting at day 9, hour 9.000000000000007 using resources [0, 5].[0m
[34m2025-01-01 16:23:39,701 - DEBUG - Patients [4, 9, 17] have treatment 3 starting at day 9, hour 14.000000000000043 using resources [0, 5].[0m
[34m2025-01-01 16:23:39,701 - DEBUG - Patients [14, 19] have treatment 4 starting at day 9, hour 9.000000000000007 using resources [2, 3].[0m
[34m2025-01-01 16:23:39,701 - DEBUG - Patients [5, 19] have treatment 4 starting at day 9, hour 11.000000000000021 using resources [0, 3].[0m
[34m2025-01-01 16:23:39,701 - DEBUG - Patients [4] have treatment 4 starting at day 9, hour 11.500000000000025 using resources [0, 3].[0m
[34m2025-01-01 16:23:39,701 - DEBUG - Patients [15, 16] have treatment 5 starting at day 9, hour 9.50000000000001 using resources [6, 9, 3].[0m
[34m2025-01-01 16:23:39,701 - DEBUG - Patients [13, 16] have treatment 5 starting at day 9, hour 10.000000000000014 using resources [6, 9, 3].[0m
[34m2025-01-01 16:23:39,701 - DEBUG - Patients [8] have treatment 5 starting at day 9, hour 10.500000000000018 using resources [6, 9, 3].[0m
[34m2025-01-01 16:23:39,701 - DEBUG - Patients [11, 18] have treatment 7 starting at day 9, hour 8.0 using resources [7, 3, 9].[0m
[34m2025-01-01 16:23:39,701 - DEBUG - Patients [2, 8] have treatment 7 starting at day 9, hour 13.000000000000036 using resources [7, 3, 9].[0m
[34m2025-01-01 16:23:39,701 - DEBUG - Patients [2] have treatment 7 starting at day 9, hour 14.000000000000043 using resources [7, 3, 6].[0m
[34m2025-01-01 16:23:39,701 - DEBUG - Patients [17] have treatment 1 starting at day 10, hour 8.0 using resources [7].[0m
[34m2025-01-01 16:23:39,701 - DEBUG - Patients [18] have treatment 1 starting at day 10, hour 10.083333333333348 using resources [7].[0m
[34m2025-01-01 16:23:39,701 - DEBUG - Patients [13] have treatment 1 starting at day 10, hour 10.083333333333348 using resources [4].[0m
[34m2025-01-01 16:23:39,702 - DEBUG - Patients [12] have treatment 1 starting at day 10, hour 10.583333333333352 using resources [4].[0m
[34m2025-01-01 16:23:39,702 - DEBUG - Patients [10] have treatment 1 starting at day 10, hour 11.500000000000025 using resources [4].[0m
[34m2025-01-01 16:23:39,702 - DEBUG - Patients [9] have treatment 1 starting at day 10, hour 13.000000000000036 using resources [4].[0m
[34m2025-01-01 16:23:39,702 - DEBUG - Patients [7] have treatment 1 starting at day 10, hour 13.000000000000036 using resources [5].[0m
[34m2025-01-01 16:23:39,702 - DEBUG - Patients [4] have treatment 1 starting at day 10, hour 13.500000000000039 using resources [5].[0m
[34m2025-01-01 16:23:39,702 - DEBUG - Patients [0] have treatment 1 starting at day 10, hour 14.000000000000043 using resources [5].[0m
[34m2025-01-01 16:23:39,702 - DEBUG - Patients [1] have treatment 1 starting at day 10, hour 14.500000000000046 using resources [5].[0m
[34m2025-01-01 16:23:39,702 - DEBUG - Patients [1] have treatment 1 starting at day 10, hour 15.00000000000005 using resources [5].[0m
[34m2025-01-01 16:23:39,702 - DEBUG - Patients [3] have treatment 1 starting at day 10, hour 15.500000000000053 using resources [5].[0m
[34m2025-01-01 16:23:39,702 - DEBUG - Patients [9, 11, 12, 18, 19] have treatment 3 starting at day 10, hour 8.0 using resources [8, 5].[0m
[34m2025-01-01 16:23:39,702 - DEBUG - Patients [3, 5, 15] have treatment 3 starting at day 10, hour 10.000000000000014 using resources [1, 5].[0m
[34m2025-01-01 16:23:39,702 - DEBUG - Patients [14, 15] have treatment 3 starting at day 10, hour 13.500000000000039 using resources [0, 4].[0m
[34m2025-01-01 16:23:39,702 - DEBUG - Patients [15, 16] have treatment 4 starting at day 10, hour 8.0 using resources [0, 3].[0m
[34m2025-01-01 16:23:39,702 - DEBUG - Patients [14, 16] have treatment 4 starting at day 10, hour 8.500000000000004 using resources [0, 3].[0m
[34m2025-01-01 16:23:39,702 - DEBUG - Patients [3, 13] have treatment 4 starting at day 10, hour 9.000000000000007 using resources [0, 3].[0m
[34m2025-01-01 16:23:39,702 - DEBUG - Patients [2, 3] have treatment 4 starting at day 10, hour 9.50000000000001 using resources [0, 3].[0m
[34m2025-01-01 16:23:39,702 - DEBUG - Patients [1] have treatment 4 starting at day 10, hour 10.500000000000018 using resources [6, 3].[0m
[34m2025-01-01 16:23:39,702 - DEBUG - Patients [4, 19] have treatment 5 starting at day 10, hour 10.000000000000014 using resources [6, 9, 3].[0m
[34m2025-01-01 16:23:39,702 - DEBUG - Patients [10, 17] have treatment 5 starting at day 10, hour 11.000000000000021 using resources [6, 9, 3].[0m
[34m2025-01-01 16:23:39,702 - DEBUG - Patients [17] have treatment 5 starting at day 10, hour 11.500000000000025 using resources [6, 9, 3].[0m
[34m2025-01-01 16:23:39,702 - DEBUG - Patients [0, 2, 4, 6, 9] have treatment 6 starting at day 10, hour 10.583333333333352 using resources [0, 7].[0m
[34m2025-01-01 16:23:39,702 - DEBUG - Patients [16, 19] have treatment 7 starting at day 10, hour 13.000000000000036 using resources [7, 3, 9].[0m
[34m2025-01-01 16:23:39,702 - DEBUG - Patients [4, 11] have treatment 7 starting at day 10, hour 14.000000000000043 using resources [7, 3, 9].[0m
[34m2025-01-01 16:23:39,702 - DEBUG - Patients [8] have treatment 7 starting at day 10, hour 15.00000000000005 using resources [7, 3, 9].[0m
[34m2025-01-01 16:23:39,702 - DEBUG - Patients [10, 12, 13, 15, 17] have treatment 0 starting at day 11, hour 11.250000000000023 using resources [2, 8, 4].[0m
[34m2025-01-01 16:23:39,702 - DEBUG - Patients [3, 6, 9, 13, 17] have treatment 0 starting at day 11, hour 13.000000000000036 using resources [1, 6, 4].[0m
[34m2025-01-01 16:23:39,702 - DEBUG - Patients [0, 3, 5] have treatment 0 starting at day 11, hour 15.250000000000052 using resources [3, 8, 7].[0m
[34m2025-01-01 16:23:39,702 - DEBUG - Patients [0] have treatment 1 starting at day 11, hour 8.0 using resources [4].[0m
[34m2025-01-01 16:23:39,702 - DEBUG - Patients [18] have treatment 1 starting at day 11, hour 8.500000000000004 using resources [4].[0m
[34m2025-01-01 16:23:39,702 - DEBUG - Patients [17] have treatment 1 starting at day 11, hour 9.000000000000007 using resources [4].[0m
[34m2025-01-01 16:23:39,702 - DEBUG - Patients [0] have treatment 1 starting at day 11, hour 9.50000000000001 using resources [4].[0m
[34m2025-01-01 16:23:39,702 - DEBUG - Patients [18] have treatment 1 starting at day 11, hour 10.000000000000014 using resources [4].[0m
[34m2025-01-01 16:23:39,702 - DEBUG - Patients [3] have treatment 1 starting at day 11, hour 10.500000000000018 using resources [5].[0m
[34m2025-01-01 16:23:39,702 - DEBUG - Patients [4] have treatment 1 starting at day 11, hour 11.000000000000021 using resources [5].[0m
[34m2025-01-01 16:23:39,703 - DEBUG - Patients [16] have treatment 1 starting at day 11, hour 11.250000000000023 using resources [7].[0m
[34m2025-01-01 16:23:39,703 - DEBUG - Patients [14] have treatment 1 starting at day 11, hour 11.500000000000025 using resources [3].[0m
[34m2025-01-01 16:23:39,703 - DEBUG - Patients [7] have treatment 1 starting at day 11, hour 13.000000000000036 using resources [5].[0m
[34m2025-01-01 16:23:39,703 - DEBUG - Patients [16] have treatment 1 starting at day 11, hour 13.500000000000039 using resources [5].[0m
[34m2025-01-01 16:23:39,703 - DEBUG - Patients [7] have treatment 1 starting at day 11, hour 14.000000000000043 using resources [5].[0m
[34m2025-01-01 16:23:39,703 - DEBUG - Patients [4] have treatment 1 starting at day 11, hour 14.500000000000046 using resources [5].[0m
[34m2025-01-01 16:23:39,703 - DEBUG - Patients [13] have treatment 1 starting at day 11, hour 15.00000000000005 using resources [5].[0m
[34m2025-01-01 16:23:39,703 - DEBUG - Patients [17] have treatment 1 starting at day 11, hour 15.500000000000053 using resources [5].[0m
[34m2025-01-01 16:23:39,703 - DEBUG - Patients [1, 4] have treatment 3 starting at day 11, hour 8.0 using resources [2, 5].[0m
[34m2025-01-01 16:23:39,703 - DEBUG - Patients [1, 16] have treatment 3 starting at day 11, hour 14.000000000000043 using resources [0, 4].[0m
[34m2025-01-01 16:23:39,703 - DEBUG - Patients [19] have treatment 4 starting at day 11, hour 10.000000000000014 using resources [0, 3].[0m
[34m2025-01-01 16:23:39,703 - DEBUG - Patients [2, 11] have treatment 4 starting at day 11, hour 10.000000000000014 using resources [8, 5].[0m
[34m2025-01-01 16:23:39,703 - DEBUG - Patients [2, 11] have treatment 4 starting at day 11, hour 10.500000000000018 using resources [0, 4].[0m
[34m2025-01-01 16:23:39,703 - DEBUG - Patients [12, 15] have treatment 5 starting at day 11, hour 10.500000000000018 using resources [6, 9, 3].[0m
[34m2025-01-01 16:23:39,703 - DEBUG - Patients [8] have treatment 5 starting at day 11, hour 11.000000000000021 using resources [6, 9, 3].[0m
[34m2025-01-01 16:23:39,703 - DEBUG - Patients [3, 5] have treatment 5 starting at day 11, hour 11.500000000000025 using resources [6, 9, 5].[0m
[34m2025-01-01 16:23:39,703 - DEBUG - Patients [1, 6, 7, 10, 13] have treatment 6 starting at day 11, hour 10.000000000000014 using resources [1, 7].[0m
[34m2025-01-01 16:23:39,703 - DEBUG - Patients [1] have treatment 7 starting at day 11, hour 13.000000000000036 using resources [7, 3, 9].[0m
[34m2025-01-01 16:23:39,703 - DEBUG - Patients [18] have treatment 7 starting at day 11, hour 14.250000000000044 using resources [7, 3, 9].[0m
[34m2025-01-01 16:23:39,703 - DEBUG - Patients [4, 5, 6, 9, 10] have treatment 0 starting at day 12, hour 8.0 using resources [0, 2, 3].[0m
[34m2025-01-01 16:23:39,703 - DEBUG - Patients [0, 8, 17, 18] have treatment 0 starting at day 12, hour 8.0 using resources [1, 8, 4].[0m
[34m2025-01-01 16:23:39,703 - DEBUG - Patients [9, 14, 16, 18] have treatment 0 starting at day 12, hour 8.750000000000005 using resources [0, 8, 5].[0m
[34m2025-01-01 16:23:39,703 - DEBUG - Patients [6, 9, 11, 12, 18] have treatment 0 starting at day 12, hour 9.50000000000001 using resources [0, 2, 5].[0m
[34m2025-01-01 16:23:39,703 - DEBUG - Patients [4, 12, 15] have treatment 0 starting at day 12, hour 13.000000000000036 using resources [0, 1, 7].[0m
[34m2025-01-01 16:23:39,703 - DEBUG - Patients [1] have treatment 1 starting at day 12, hour 8.750000000000005 using resources [4].[0m
[34m2025-01-01 16:23:39,703 - DEBUG - Patients [8] have treatment 1 starting at day 12, hour 8.750000000000005 using resources [7].[0m
[34m2025-01-01 16:23:39,703 - DEBUG - Patients [4] have treatment 1 starting at day 12, hour 9.250000000000009 using resources [4].[0m
[34m2025-01-01 16:23:39,703 - DEBUG - Patients [2] have treatment 1 starting at day 12, hour 13.250000000000037 using resources [4].[0m
[34m2025-01-01 16:23:39,703 - DEBUG - Patients [14] have treatment 1 starting at day 12, hour 15.00000000000005 using resources [7].[0m
[34m2025-01-01 16:23:39,703 - DEBUG - Patients [0, 17] have treatment 3 starting at day 12, hour 10.000000000000014 using resources [1, 3].[0m
[34m2025-01-01 16:23:39,703 - DEBUG - Patients [1, 11] have treatment 3 starting at day 12, hour 13.500000000000039 using resources [8, 3].[0m
[34m2025-01-01 16:23:39,703 - DEBUG - Patients [8, 15, 16, 17, 19] have treatment 3 starting at day 12, hour 14.000000000000043 using resources [0, 4].[0m
[34m2025-01-01 16:23:39,703 - DEBUG - Patients [11, 17] have treatment 4 starting at day 12, hour 8.83333333333334 using resources [6, 3].[0m
[34m2025-01-01 16:23:39,703 - DEBUG - Patients [1, 16] have treatment 4 starting at day 12, hour 9.750000000000012 using resources [8, 4].[0m
[34m2025-01-01 16:23:39,704 - DEBUG - Patients [12, 13] have treatment 4 starting at day 12, hour 10.250000000000016 using resources [8, 4].[0m
[34m2025-01-01 16:23:39,704 - DEBUG - Patients [3, 19] have treatment 5 starting at day 12, hour 8.083333333333334 using resources [6, 9, 7].[0m
[34m2025-01-01 16:23:39,704 - DEBUG - Patients [2, 19] have treatment 5 starting at day 12, hour 9.333333333333343 using resources [6, 9, 3].[0m
[34m2025-01-01 16:23:39,704 - DEBUG - Patients [3] have treatment 5 starting at day 12, hour 9.833333333333346 using resources [6, 9, 7].[0m
[34m2025-01-01 16:23:39,704 - DEBUG - Patients [11] have treatment 5 starting at day 12, hour 10.33333333333335 using resources [6, 9, 5].[0m
[34m2025-01-01 16:23:39,704 - DEBUG - Patients [1, 16] have treatment 5 starting at day 12, hour 10.833333333333353 using resources [6, 9, 5].[0m
[34m2025-01-01 16:23:39,704 - DEBUG - Patients [0, 1] have treatment 5 starting at day 12, hour 13.000000000000036 using resources [6, 9, 3].[0m
[34m2025-01-01 16:23:39,704 - DEBUG - Patients [14] have treatment 5 starting at day 12, hour 13.500000000000039 using resources [6, 9, 5].[0m
[34m2025-01-01 16:23:39,704 - DEBUG - Patients [13] have treatment 5 starting at day 12, hour 14.500000000000046 using resources [6, 9, 7].[0m
[34m2025-01-01 16:23:39,704 - DEBUG - Patients [5] have treatment 5 starting at day 12, hour 15.00000000000005 using resources [6, 9, 5].[0m
[34m2025-01-01 16:23:39,704 - DEBUG - Patients [2] have treatment 5 starting at day 12, hour 15.500000000000053 using resources [6, 9, 5].[0m
[34m2025-01-01 16:23:39,704 - DEBUG - Patients [2, 3, 7, 12, 15, 18, 19] have treatment 6 starting at day 12, hour 10.75000000000002 using resources [2, 7].[0m
[34m2025-01-01 16:23:39,704 - DEBUG - Patients [13, 14, 16, 17] have treatment 0 starting at day 13, hour 13.000000000000036 using resources [1, 2, 3].[0m
[34m2025-01-01 16:23:39,704 - DEBUG - Patients [9, 11, 14] have treatment 0 starting at day 13, hour 15.250000000000052 using resources [8, 6, 4].[0m
[34m2025-01-01 16:23:39,704 - DEBUG - Patients [4, 16] have treatment 0 starting at day 13, hour 15.250000000000052 using resources [0, 2, 7].[0m
[34m2025-01-01 16:23:39,704 - DEBUG - Patients [3] have treatment 1 starting at day 13, hour 8.0 using resources [4].[0m
[34m2025-01-01 16:23:39,704 - DEBUG - Patients [19] have treatment 1 starting at day 13, hour 13.000000000000036 using resources [7].[0m
[34m2025-01-01 16:23:39,704 - DEBUG - Patients [4] have treatment 1 starting at day 13, hour 13.000000000000036 using resources [5].[0m
[34m2025-01-01 16:23:39,704 - DEBUG - Patients [6] have treatment 1 starting at day 13, hour 13.500000000000039 using resources [5].[0m
[34m2025-01-01 16:23:39,704 - DEBUG - Patients [0] have treatment 1 starting at day 13, hour 13.75000000000004 using resources [4].[0m
[34m2025-01-01 16:23:39,704 - DEBUG - Patients [15] have treatment 1 starting at day 13, hour 13.75000000000004 using resources [3].[0m
[34m2025-01-01 16:23:39,704 - DEBUG - Patients [2] have treatment 1 starting at day 13, hour 15.250000000000052 using resources [3].[0m
[34m2025-01-01 16:23:39,704 - DEBUG - Patients [0, 1, 2, 3, 8, 9, 10, 11, 12, 15] have treatment 2 starting at day 13, hour 13.000000000000036 using resources [6, 4].[0m
[34m2025-01-01 16:23:39,704 - DEBUG - Patients [8, 12, 13, 17, 18, 19] have treatment 3 starting at day 13, hour 8.0 using resources [1, 5].[0m
[34m2025-01-01 16:23:39,704 - DEBUG - Patients [3, 11, 13, 14, 17, 19] have treatment 3 starting at day 13, hour 10.000000000000014 using resources [6, 5].[0m
[34m2025-01-01 16:23:39,704 - DEBUG - Patients [6, 10, 13, 19] have treatment 3 starting at day 13, hour 14.000000000000043 using resources [1, 5].[0m
[34m2025-01-01 16:23:39,704 - DEBUG - Patients [8, 17] have treatment 4 starting at day 13, hour 14.250000000000044 using resources [6, 4].[0m
[34m2025-01-01 16:23:39,704 - DEBUG - Patients [12, 18] have treatment 4 starting at day 13, hour 14.250000000000044 using resources [8, 3].[0m
[34m2025-01-01 16:23:39,704 - DEBUG - Patients [15, 18] have treatment 4 starting at day 13, hour 14.750000000000048 using resources [8, 3].[0m
[34m2025-01-01 16:23:39,704 - DEBUG - Patients [3, 7] have treatment 5 starting at day 13, hour 14.750000000000048 using resources [6, 9, 4].[0m
[34m2025-01-01 16:23:39,704 - DEBUG - Patients [0, 1, 2, 4, 5, 9, 12, 16, 18] have treatment 6 starting at day 13, hour 10.000000000000014 using resources [0, 7].[0m
[34m2025-01-01 16:23:39,704 - DEBUG - Patients [1, 2, 4, 5, 11, 16] have treatment 6 starting at day 13, hour 13.75000000000004 using resources [0, 7].[0m
[34m2025-01-01 16:23:39,704 - DEBUG - Patients [1] have treatment 7 starting at day 13, hour 8.0 using resources [7, 3, 9].[0m
[34m2025-01-01 16:23:39,705 - DEBUG - Patients [3] have treatment 7 starting at day 13, hour 9.000000000000007 using resources [7, 3, 6].[0m
[34m2025-01-01 16:23:39,735 - DEBUG - Checking solution value.[0m
[34m2025-01-01 16:23:39,735 - DEBUG - Solvers objective function value: 671.0[0m
[34m2025-01-01 16:23:39,736 - DEBUG - (VERIFIER):Treatment value: 0[0m
[34m2025-01-01 16:23:39,736 - DEBUG - (VERIFIER):Delay value: 3[0m
[34m2025-01-01 16:23:39,736 - DEBUG - (VERIFIER):Missing treatment value: 668[0m
[34m2025-01-01 16:23:39,736 - DEBUG - Correct objective function value: 671[0m
[34m2025-01-01 16:23:39,736 - DEBUG - Solution is valid.[0m
[34m2025-01-01 16:23:39,736 - DEBUG - All solvers accepted the solution.[0m
[32m2025-01-01 16:23:39,736 - INFO - Time to find solution: 1130.636s with value 671.000000[0m
[32m2025-01-01 16:23:39,736 - INFO - Total Time: 1135.399s[0m
