1.NAME: LBBDSolver
2.PARAMS: {'break_symmetry': True, 'add_constraints_to_symmetrc_days': True, 'subsolver_cls': 'CPSubSolver2'}
3.INSTANCE: /home/wx350715/Kobra/rehabiliation-admission-scheduling/data/comp_study_002/instance_2_30.txt
4.REPETITION: 1
Current directory: /home/wx350715/Kobra/rehabiliation-admission-scheduling
[34m2025-01-01 18:42:37,570 - DEBUG - Solver: <class 'src.solvers.benders.LBBDSolver'>[0m
[34m2025-01-01 18:42:37,571 - DEBUG - Args: {'break_symmetry': True, 'add_constraints_to_symmetrc_days': True, 'subsolver_cls': 'CPSubSolver2'}[0m
[34m2025-01-01 18:42:37,571 - DEBUG - File path /home/wx350715/Kobra/rehabiliation-admission-scheduling/data/comp_study_002/instance_2_30.txt[0m
[34m2025-01-01 18:42:37,571 - DEBUG - ADD INSTANCE DATA[0m
[34m2025-01-01 18:42:37,571 - DEBUG - ADD INSTANCE DATA[0m
[34m2025-01-01 18:42:37,571 - DEBUG - ADD INSTANCE DATA[0m
[34m2025-01-01 18:42:37,571 - DEBUG - ADD INSTANCE DATA[0m
[34m2025-01-01 18:42:37,571 - DEBUG - ADD INSTANCE DATA[0m
[34m2025-01-01 18:42:37,571 - DEBUG - ADD INSTANCE DATA[0m
[34m2025-01-01 18:42:37,571 - DEBUG - ADD INSTANCE DATA[0m
[34m2025-01-01 18:42:37,571 - DEBUG - ADD INSTANCE DATA[0m
[34m2025-01-01 18:42:37,571 - DEBUG - ADD INSTANCE DATA[0m
[34m2025-01-01 18:42:37,571 - DEBUG - ADD INSTANCE DATA[0m
[34m2025-01-01 18:42:37,571 - DEBUG - ADD INSTANCE DATA[0m
[34m2025-01-01 18:42:37,572 - DEBUG - ADD RESOURCE_GROUPS[0m
[34m2025-01-01 18:42:37,572 - DEBUG - ADD RESOURCE_GROUPS[0m
[34m2025-01-01 18:42:37,572 - DEBUG - ADD RESOURCE_GROUPS[0m
[34m2025-01-01 18:42:37,572 - DEBUG - ADD RESOURCE_GROUPS[0m
[34m2025-01-01 18:42:37,572 - DEBUG - ADD RESOURCE_GROUPS[0m
[34m2025-01-01 18:42:37,572 - DEBUG - ADD RESOURCES[0m
[34m2025-01-01 18:42:37,572 - DEBUG - ADD RESOURCES[0m
[34m2025-01-01 18:42:37,572 - DEBUG - ADD RESOURCES[0m
[34m2025-01-01 18:42:37,572 - DEBUG - ADD RESOURCES[0m
[34m2025-01-01 18:42:37,572 - DEBUG - ADD RESOURCES[0m
[34m2025-01-01 18:42:37,572 - DEBUG - ADD RESOURCES[0m
[34m2025-01-01 18:42:37,572 - DEBUG - ADD RESOURCES[0m
[34m2025-01-01 18:42:37,572 - DEBUG - ADD RESOURCES[0m
[34m2025-01-01 18:42:37,573 - DEBUG - ADD RESOURCES[0m
[34m2025-01-01 18:42:37,573 - DEBUG - ADD RESOURCES[0m
[34m2025-01-01 18:42:37,573 - DEBUG - ADD TREATMENTS[0m
[34m2025-01-01 18:42:37,573 - DEBUG - ADD TREATMENTS[0m
[34m2025-01-01 18:42:37,573 - DEBUG - ADD TREATMENTS[0m
[34m2025-01-01 18:42:37,573 - DEBUG - ADD TREATMENTS[0m
[34m2025-01-01 18:42:37,573 - DEBUG - ADD TREATMENTS[0m
[34m2025-01-01 18:42:37,573 - DEBUG - ADD TREATMENTS[0m
[34m2025-01-01 18:42:37,573 - DEBUG - ADD TREATMENTS[0m
[34m2025-01-01 18:42:37,573 - DEBUG - ADD TREATMENTS[0m
[34m2025-01-01 18:42:37,573 - DEBUG - ADD TREATMENTS[0m
[34m2025-01-01 18:42:37,574 - DEBUG - ADD TREATMENTS[0m
[34m2025-01-01 18:42:37,574 - DEBUG - ADD PATIENTS[0m
[34m2025-01-01 18:42:37,574 - DEBUG - ADD PATIENTS[0m
[34m2025-01-01 18:42:37,574 - DEBUG - ADD PATIENTS[0m
[34m2025-01-01 18:42:37,574 - DEBUG - ADD PATIENTS[0m
[34m2025-01-01 18:42:37,574 - DEBUG - ADD PATIENTS[0m
[34m2025-01-01 18:42:37,574 - DEBUG - ADD PATIENTS[0m
[34m2025-01-01 18:42:37,574 - DEBUG - ADD PATIENTS[0m
[34m2025-01-01 18:42:37,574 - DEBUG - ADD PATIENTS[0m
[34m2025-01-01 18:42:37,575 - DEBUG - ADD PATIENTS[0m
[34m2025-01-01 18:42:37,575 - DEBUG - ADD PATIENTS[0m
[34m2025-01-01 18:42:37,575 - DEBUG - ADD PATIENTS[0m
[34m2025-01-01 18:42:37,575 - DEBUG - ADD PATIENTS[0m
[34m2025-01-01 18:42:37,575 - DEBUG - ADD PATIENTS[0m
[34m2025-01-01 18:42:37,575 - DEBUG - ADD PATIENTS[0m
[34m2025-01-01 18:42:37,575 - DEBUG - ADD PATIENTS[0m
[34m2025-01-01 18:42:37,575 - DEBUG - ADD PATIENTS[0m
[34m2025-01-01 18:42:37,575 - DEBUG - ADD PATIENTS[0m
[34m2025-01-01 18:42:37,576 - DEBUG - ADD PATIENTS[0m
[34m2025-01-01 18:42:37,576 - DEBUG - ADD PATIENTS[0m
[34m2025-01-01 18:42:37,576 - DEBUG - ADD PATIENTS[0m
[34m2025-01-01 18:42:37,577 - DEBUG - ADD PATIENTS[0m
[34m2025-01-01 18:42:37,577 - DEBUG - ADD PATIENTS[0m
[34m2025-01-01 18:42:37,577 - DEBUG - ADD PATIENTS[0m
[34m2025-01-01 18:42:37,577 - DEBUG - ADD PATIENTS[0m
[34m2025-01-01 18:42:37,577 - DEBUG - ADD PATIENTS[0m
[34m2025-01-01 18:42:37,577 - DEBUG - ADD PATIENTS[0m
[34m2025-01-01 18:42:37,577 - DEBUG - ADD PATIENTS[0m
[34m2025-01-01 18:42:37,578 - DEBUG - ADD PATIENTS[0m
[34m2025-01-01 18:42:37,578 - DEBUG - ADD PATIENTS[0m
[34m2025-01-01 18:42:37,578 - DEBUG - ADD PATIENTS[0m
[34m2025-01-01 18:42:37,578 - DEBUG - ADD PATIENTS[0m
[34m2025-01-01 18:42:37,578 - DEBUG - ADD PATIENTS[0m
[34m2025-01-01 18:42:37,578 - DEBUG - ADD PATIENTS[0m
[34m2025-01-01 18:42:37,578 - DEBUG - ADD PATIENTS[0m
[34m2025-01-01 18:42:37,578 - DEBUG - ADD PATIENTS[0m
[34m2025-01-01 18:42:37,578 - DEBUG - ADD PATIENTS[0m
[34m2025-01-01 18:42:37,579 - DEBUG - ADD PATIENTS[0m
[34m2025-01-01 18:42:37,579 - DEBUG - ADD PATIENTS[0m
[34m2025-01-01 18:42:37,579 - DEBUG - ADD PATIENTS[0m
[34m2025-01-01 18:42:37,579 - DEBUG - ADD PATIENTS[0m
[34m2025-01-01 18:42:37,579 - DEBUG - Instance data:[0m
[34m2025-01-01 18:42:37,579 - DEBUG - Number of patients: 40[0m
[34m2025-01-01 18:42:37,579 - DEBUG - Number of beds: 40[0m
[34m2025-01-01 18:42:37,579 - DEBUG - Average number of treatments per patient: 24.5[0m
[34m2025-01-01 18:42:37,579 - DEBUG - Average number of treatment per stayed day: 1.3611111111111112[0m
[34m2025-01-01 18:42:37,579 - DEBUG - Number of treatments: 980[0m
[34m2025-01-01 18:42:37,579 - DEBUG - Number of resources: 10[0m
[34m2025-01-01 18:42:37,579 - DEBUG - Number of resource groups: 5[0m
[34m2025-01-01 18:42:37,579 - DEBUG - Number of resource hours needed per all treatment by RG(rooms): 52.50000000000001[0m
[34m2025-01-01 18:42:37,580 - DEBUG - Number of resource hours needed per all treatment by RG(physiotherapist): 20.0[0m
[34m2025-01-01 18:42:37,580 - DEBUG - Number of resource hours needed per all treatment by RG(therapists): 24.374999999999986[0m
[34m2025-01-01 18:42:37,580 - DEBUG - Number of resource hours needed per all treatment by RG(sport_room): 11.875[0m
[34m2025-01-01 18:42:37,580 - DEBUG - Number of resource hours needed per all treatment by RG(language_therapist): 1.4999999999999998[0m
[32m2025-01-01 18:42:37,580 - INFO - {'solver': 'LBBDSolver', 'args': {'break_symmetry': False, 'subsolver_cls': <class 'src.solvers.subsolvers.cp_subsolver.CPSubsolver'>, 'subsolver.store_results': True, 'subsolver.store_results_method': 'hash', 'use_helper_constraints': True, 'enforce_min_treatments_per_day': True, 'enforce_max_treatments_per_e_w': True, 'enforce_min_patients_per_treatment': True, 'log_to_console': True}}[0m
[34m2025-01-01 18:42:37,580 - DEBUG - Setting options: LBBDSolver[0m
[34m2025-01-01 18:42:37,580 - DEBUG -  ---- break_symmetry to False[0m
[34m2025-01-01 18:42:37,580 - DEBUG -  ---- subsolver_cls to <class 'src.solvers.subsolvers.cp_subsolver.CPSubsolver'>[0m
[34m2025-01-01 18:42:37,580 - DEBUG -  ---- use_helper_constraints to True[0m
[34m2025-01-01 18:42:37,580 - DEBUG -  ---- add_constraints_to_symmetric_days to True (default)[0m
[34m2025-01-01 18:42:37,580 - DEBUG - Setting options: Solver[0m
[34m2025-01-01 18:42:37,580 - DEBUG -  ---- number_of_threads to 4 (default)[0m
[34m2025-01-01 18:42:37,580 - DEBUG -  ---- treatment_value to 0 (default)[0m
[34m2025-01-01 18:42:37,580 - DEBUG -  ---- delay_value to 1 (default)[0m
[34m2025-01-01 18:42:37,580 - DEBUG -  ---- missing_treatment_value to 4 (default)[0m
[34m2025-01-01 18:42:37,580 - DEBUG -  ---- enforce_min_treatments_per_day to True[0m
[34m2025-01-01 18:42:37,580 - DEBUG -  ---- enforce_max_treatments_per_e_w to True[0m
[34m2025-01-01 18:42:37,580 - DEBUG -  ---- enforce_min_patients_per_treatment to True[0m
[34m2025-01-01 18:42:37,580 - DEBUG -  ---- log_to_console to True[0m
[34m2025-01-01 18:42:37,580 - DEBUG -  ---- log_to_file to True (default)[0m
[34m2025-01-01 18:42:37,580 - DEBUG -  ---- no_rel_heur_time to 1 (default)[0m
[34m2025-01-01 18:42:37,599 - DEBUG - Setting options: CPSubsolver[0m
[34m2025-01-01 18:42:37,599 - DEBUG -  ---- estimated_needed_treatments to True (default)[0m
[34m2025-01-01 18:42:37,599 - DEBUG -  ---- add_patient_symmetry to False (default)[0m
[34m2025-01-01 18:42:37,599 - DEBUG - Setting Subsolver options: SubSolver[0m
[34m2025-01-01 18:42:37,599 - DEBUG -  ---- store_results to True[0m
[34m2025-01-01 18:42:37,599 - DEBUG -  ---- store_results_method to hash[0m
[34m2025-01-01 18:42:37,599 - DEBUG -  ---- enforce_min_patients_per_treatment to True[0m
[34m2025-01-01 18:42:37,599 - DEBUG -  ---- use_day_symmetry to True (default)[0m
[32m2025-01-01 18:42:37,614 - INFO - Create model: LBBDSolver[0m
Set parameter TSPort to value 50039
Set parameter TokenServer to value "license.itc.rwth-aachen.de"
Set parameter Threads to value 4
Set parameter Cuts to value 0
Set parameter LazyConstraints to value 1
Set parameter NoRelHeurTime to value 1
[34m2025-01-01 18:42:37,930 - DEBUG - Variables created.[0m
[34m2025-01-01 18:42:39,050 - DEBUG - Constraint (not too many treatments) created.[0m
[34m2025-01-01 18:42:39,932 - DEBUG - Constraint (no_treatments_outside admittance) created.[0m
[34m2025-01-01 18:42:39,934 - DEBUG - Constraint (bed_usage) created.[0m
[34m2025-01-01 18:42:39,934 - DEBUG - Constraint (must be admitted) created.[0m
[34m2025-01-01 18:42:40,060 - DEBUG - Constraint (e_w_ub) created.[0m
[34m2025-01-01 18:42:40,095 - DEBUG - Constraint (day_ub) created.[0m
[34m2025-01-01 18:42:40,132 - DEBUG - Constraint (Day always) created.[0m
[34m2025-01-01 18:42:40,133 - DEBUG - Constraint (already_admitted) created.[0m
[32m2025-01-01 18:42:42,207 - INFO - Time to create model: 4.593[0m
[32m2025-01-01 18:42:42,207 - INFO - Solving model: LBBDSolver[0m
Gurobi Optimizer version 10.0.0 build v10.0.0rc2 (linux64)

CPU model: Intel(R) Xeon(R) Platinum 8468, instruction set [SSE2|AVX|AVX2|AVX512]
Thread count: 96 physical cores, 96 logical processors, using up to 4 threads

Optimize a model with 204717 rows, 79045 columns and 1559765 nonzeros
Model fingerprint: 0x9342a843
Variable types: 3 continuous, 79042 integer (79042 binary)
Coefficient statistics:
  Matrix range     [1e+00, 1e+01]
  Objective range  [1e+00, 1e+01]
  Bounds range     [1e+00, 1e+00]
  RHS range        [1e+00, 4e+03]
Presolve added 0 rows and 636 columns
Presolve removed 95502 rows and 0 columns
Presolve time: 2.56s
Presolved: 109215 rows, 79681 columns, 1216712 nonzeros
Variable types: 1 continuous, 79680 integer (79025 binary)
Starting NoRel heuristic
Found heuristic solution: objective 2890.0000000
Elapsed time for NoRel heuristic: 8s (best bound -303920)
Root relaxation presolved: 108976 rows, 79920 columns, 1167933 nonzeros

Deterministic concurrent LP optimizer: primal simplex, dual simplex, and barrier
Showing barrier log only...

Root barrier log...

Ordering time: 0.43s

Barrier statistics:
 Dense cols : 90
 AA' NZ     : 2.299e+05
 Factor NZ  : 1.380e+06 (roughly 18 MB of memory)
 Factor Ops : 6.423e+08 (less than 1 second per iteration)
 Threads    : 2

                  Objective                Residual
Iter       Primal          Dual         Primal    Dual     Compl     Time
   0  -2.79569232e+06 -2.56376224e+04  3.78e+04 2.59e+00  3.84e+02    14s

Barrier performed 0 iterations in 14.45 seconds (9.14 work units)
Barrier solve interrupted - model solved by another algorithm

Concurrent spin time: 0.16s (can be avoided by choosing Method=3)

Solved with dual simplex

Root simplex log...

Iteration    Objective       Primal Inf.    Dual Inf.      Time
    3933    1.3000000e+03   0.000000e+00   0.000000e+00     14s

Use crossover to convert LP symmetric solution to basic solution...

Root crossover log...

       0 DPushes remaining with DInf 0.0000000e+00                15s

   13974 PPushes remaining with PInf 0.0000000e+00                15s
    5342 PPushes remaining with PInf 0.0000000e+00                15s
       0 PPushes remaining with PInf 0.0000000e+00                15s

  Push phase complete: Pinf 0.0000000e+00, Dinf 1.0480505e-12     15s


Root simplex log...

Iteration    Objective       Primal Inf.    Dual Inf.      Time
   17916    1.3000000e+03   0.000000e+00   0.000000e+00     16s
   17916    1.3000000e+03   0.000000e+00   0.000000e+00     16s

Root relaxation: objective 1.300000e+03, 17916 iterations, 2.18 seconds (0.88 work units)
Total elapsed time = 21.37s
Total elapsed time = 26.08s

    Nodes    |    Current Node    |     Objective Bounds      |     Work
 Expl Unexpl |  Obj  Depth IntInf | Incumbent    BestBd   Gap | It/Node Time

     0     0 1300.00000    0   10 2890.00000 1300.00000  55.0%     -   27s
[32m2025-01-01 18:43:21,395 - INFO - d_prime: 8 d: 8[0m
[32m2025-01-01 18:43:21,399 - INFO - d_prime: 9 d: 8[0m
[32m2025-01-01 18:43:21,402 - INFO - d_prime: 10 d: 8[0m
[32m2025-01-01 18:43:21,405 - INFO - d_prime: 11 d: 8[0m
[32m2025-01-01 18:43:21,408 - INFO - d_prime: 12 d: 8[0m
[32m2025-01-01 18:43:21,411 - INFO - d_prime: 13 d: 8[0m
[32m2025-01-01 18:43:21,413 - INFO - forbidden_vars: ([{1:1},{1:1},{4:1},{5:1},{6:1},{7:1},{8:1},{1:1,7:1},{1:1,9:1},{1:2},{1:1,5:1},{1:1,5:1},{1:1,4:1},{1:1,5:1},{4:1,5:1},{4:1,5:1},{4:1,5:1},{4:1,5:1},{4:2},{4:2},{4:1,5:1},{5:2},{5:1,9:1},{5:1,8:1},{5:1,8:1},{5:1,8:1},{5:1,9:1},{5:1,6:1},{6:1,8:1},{6:1,9:1},{6:1,7:1},{7:2},{7:2},{8:2},{8:2},{8:2},{9:2}])[0m
[32m2025-01-01 18:43:21,413 - INFO - False[0m
[32m2025-01-01 18:43:25,287 - INFO - d_prime: 10 d: 10[0m
[32m2025-01-01 18:43:25,289 - INFO - d_prime: 11 d: 10[0m
[32m2025-01-01 18:43:25,291 - INFO - d_prime: 12 d: 10[0m
[32m2025-01-01 18:43:25,292 - INFO - d_prime: 13 d: 10[0m
[32m2025-01-01 18:43:25,294 - INFO - forbidden_vars: ([{1:1},{1:1},{1:1},{2:1},{2:1},{3:1},{3:1},{3:1},{3:1},{3:1},{4:1},{4:1},{4:1},{5:1},{5:1},{7:1},{7:1},{7:1},{7:1},{7:1},{8:1},{8:1},{8:1},{8:1},{9:1},{1:2},{1:1,7:1},{2:1,3:1},{2:1,3:1},{2:1,4:1},{3:1,8:1},{3:2},{4:2},{4:1,7:1},{5:1,9:1},{7:2},{7:2},{8:2},{8:2}])[0m
[32m2025-01-01 18:43:25,294 - INFO - False[0m
[32m2025-01-01 18:46:58,025 - INFO - d_prime: 11 d: 12[0m
[32m2025-01-01 18:46:58,028 - INFO - d_prime: 12 d: 12[0m
[32m2025-01-01 18:46:58,031 - INFO - d_prime: 13 d: 12[0m
[32m2025-01-01 18:46:58,033 - INFO - forbidden_vars: ([{1:1},{4:1},{5:1},{5:1},{5:1},{6:1},{8:1},{8:1},{9:1},{1:2},{1:1,6:1},{3:1,9:1},{3:1,4:1},{3:1,4:1},{3:1,5:1},{3:1,5:1},{3:1,8:1},{4:1,9:1},{4:1,9:1},{4:1,5:1},{4:2},{4:2},{4:1,6:1},{4:1,7:1},{4:1,7:1},{5:1,6:1},{5:1,6:1},{5:2},{5:1,9:1},{5:1,6:1},{6:2},{6:1,7:1},{6:1,7:1},{6:1,8:1},{6:1,9:1},{7:2},{8:2},{8:2},{8:1,9:1},{8:2}])[0m
[32m2025-01-01 18:46:58,033 - INFO - False[0m
[32m2025-01-01 18:47:08,941 - INFO - d_prime: 11 d: 13[0m
[32m2025-01-01 18:47:08,944 - INFO - d_prime: 12 d: 13[0m
[32m2025-01-01 18:47:08,946 - INFO - d_prime: 13 d: 13[0m
[32m2025-01-01 18:47:08,948 - INFO - forbidden_vars: ([{0:1},{1:1},{2:1},{0:1,2:1},{0:2},{0:1,5:1},{0:2},{0:1,2:1},{1:1,5:1},{1:2},{1:2},{1:1,9:1},{2:2},{2:2},{2:2},{2:1,5:1},{2:1,5:1},{2:2},{2:2},{2:1,7:1},{4:1,5:1},{4:1,9:1},{5:1,9:1},{5:1,7:1},{5:2},{5:2},{5:2},{5:1,8:1},{5:1,8:1},{5:2},{5:1,8:1},{7:2},{7:2},{7:1,9:1},{8:2},{8:2},{8:2},{8:1,9:1},{8:2},{8:2}])[0m
[32m2025-01-01 18:47:08,948 - INFO - False[0m
     0     0 1300.00000    0   10 2890.00000 1300.00000  55.0%     -  266s
[32m2025-01-01 18:47:13,436 - INFO - d_prime: 8 d: 8[0m
[32m2025-01-01 18:47:13,438 - INFO - d_prime: 9 d: 8[0m
[32m2025-01-01 18:47:13,441 - INFO - d_prime: 10 d: 8[0m
[32m2025-01-01 18:47:13,443 - INFO - d_prime: 11 d: 8[0m
[32m2025-01-01 18:47:13,446 - INFO - d_prime: 12 d: 8[0m
[32m2025-01-01 18:47:13,449 - INFO - d_prime: 13 d: 8[0m
[32m2025-01-01 18:47:13,450 - INFO - forbidden_vars: ([{1:1},{1:1},{4:1},{5:1},{5:1},{6:1},{7:1},{8:1},{1:1,7:1},{1:1,9:1},{1:2},{1:1,5:1},{1:1,5:1},{1:1,4:1},{1:1,5:1},{4:1,5:1},{4:1,5:1},{4:1,5:1},{4:1,5:1},{4:2},{4:2},{4:1,5:1},{5:2},{5:1,9:1},{5:1,8:1},{5:1,8:1},{5:1,8:1},{5:1,6:1},{6:1,8:1},{6:1,9:1},{6:1,7:1},{7:2},{7:2},{8:2},{8:2},{8:2},{9:2}])[0m
[32m2025-01-01 18:47:13,451 - INFO - False[0m
[32m2025-01-01 18:47:16,043 - INFO - d_prime: 10 d: 10[0m
[32m2025-01-01 18:47:16,045 - INFO - d_prime: 11 d: 10[0m
[32m2025-01-01 18:47:16,047 - INFO - d_prime: 12 d: 10[0m
[32m2025-01-01 18:47:16,048 - INFO - d_prime: 13 d: 10[0m
[32m2025-01-01 18:47:16,050 - INFO - forbidden_vars: ([{1:1},{1:1},{1:1},{2:1},{2:1},{3:1},{3:1},{3:1},{3:1},{3:1},{4:1},{4:1},{4:1},{5:1},{5:1},{7:1},{7:1},{7:1},{7:1},{7:1},{7:1},{8:1},{8:1},{8:1},{8:1},{9:1},{1:2},{1:1,7:1},{2:1,3:1},{2:1,3:1},{2:1,4:1},{3:1,8:1},{3:2},{4:2},{5:1,9:1},{7:2},{7:2},{8:2},{8:2}])[0m
[32m2025-01-01 18:47:16,050 - INFO - False[0m
[32m2025-01-01 18:50:32,304 - INFO - d_prime: 11 d: 12[0m
[32m2025-01-01 18:50:32,306 - INFO - d_prime: 12 d: 12[0m
[32m2025-01-01 18:50:32,309 - INFO - d_prime: 13 d: 12[0m
[32m2025-01-01 18:50:32,311 - INFO - forbidden_vars: ([{1:1},{4:1},{5:1},{5:1},{5:1},{5:1},{6:1},{8:1},{8:1},{9:1},{1:2},{1:1,6:1},{3:1,9:1},{3:1,4:1},{3:1,4:1},{3:1,5:1},{3:1,8:1},{4:1,9:1},{4:1,9:1},{4:1,5:1},{4:2},{4:2},{4:1,6:1},{4:1,7:1},{4:1,7:1},{5:1,6:1},{5:1,6:1},{5:2},{5:1,9:1},{5:1,6:1},{6:2},{6:1,7:1},{6:1,7:1},{6:1,8:1},{6:1,9:1},{7:2},{8:2},{8:2},{8:1,9:1},{8:2}])[0m
[32m2025-01-01 18:50:32,311 - INFO - False[0m
[32m2025-01-01 18:50:39,629 - INFO - d_prime: 11 d: 13[0m
[32m2025-01-01 18:50:39,631 - INFO - d_prime: 12 d: 13[0m
[32m2025-01-01 18:50:39,633 - INFO - d_prime: 13 d: 13[0m
[32m2025-01-01 18:50:39,635 - INFO - forbidden_vars: ([{0:1},{1:1},{2:1},{0:1,2:1},{0:2},{0:1,5:1},{0:2},{0:1,7:1},{1:1,5:1},{1:2},{1:2},{1:1,9:1},{2:2},{2:2},{2:2},{2:1,5:1},{2:1,5:1},{2:2},{2:2},{2:1,7:1},{4:1,5:1},{4:1,9:1},{5:1,9:1},{5:1,7:1},{5:2},{5:2},{5:2},{5:1,8:1},{5:1,8:1},{5:2},{5:1,8:1},{7:2},{7:2},{7:1,9:1},{8:2},{8:2},{8:2},{8:1,9:1},{8:2},{8:2}])[0m
[32m2025-01-01 18:50:39,635 - INFO - False[0m
[32m2025-01-01 18:50:43,974 - INFO - d_prime: 8 d: 8[0m
[32m2025-01-01 18:50:43,977 - INFO - d_prime: 9 d: 8[0m
[32m2025-01-01 18:50:43,979 - INFO - d_prime: 10 d: 8[0m
[32m2025-01-01 18:50:43,982 - INFO - d_prime: 11 d: 8[0m
[32m2025-01-01 18:50:43,984 - INFO - d_prime: 12 d: 8[0m
[32m2025-01-01 18:50:43,987 - INFO - d_prime: 13 d: 8[0m
[32m2025-01-01 18:50:43,989 - INFO - forbidden_vars: ([{1:1},{1:1},{4:1},{4:1},{5:1},{6:1},{7:1},{8:1},{1:1,7:1},{1:1,9:1},{1:2},{1:1,5:1},{1:1,5:1},{1:1,4:1},{1:1,5:1},{4:1,5:1},{4:1,5:1},{4:1,5:1},{4:1,5:1},{4:2},{4:2},{5:2},{5:1,9:1},{5:1,8:1},{5:1,8:1},{5:1,8:1},{5:1,9:1},{5:1,6:1},{6:1,8:1},{6:1,9:1},{6:1,7:1},{7:2},{7:2},{8:2},{8:2},{8:2},{9:2}])[0m
[32m2025-01-01 18:50:43,989 - INFO - False[0m
[32m2025-01-01 18:50:47,239 - INFO - d_prime: 10 d: 10[0m
[32m2025-01-01 18:50:47,241 - INFO - d_prime: 11 d: 10[0m
[32m2025-01-01 18:50:47,243 - INFO - d_prime: 12 d: 10[0m
[32m2025-01-01 18:50:47,244 - INFO - d_prime: 13 d: 10[0m
[32m2025-01-01 18:50:47,246 - INFO - forbidden_vars: ([{1:1},{1:1},{1:1},{2:1},{2:1},{3:1},{3:1},{3:1},{3:1},{3:1},{4:1},{4:1},{4:1},{4:1},{5:1},{5:1},{7:1},{7:1},{7:1},{7:1},{7:1},{8:1},{8:1},{8:1},{8:1},{9:1},{1:2},{1:1,7:1},{2:1,3:1},{2:1,3:1},{2:1,4:1},{3:1,8:1},{3:2},{4:2},{5:1,9:1},{7:2},{7:2},{8:2},{8:2}])[0m
[32m2025-01-01 18:50:47,246 - INFO - False[0m
[32m2025-01-01 18:54:00,818 - INFO - d_prime: 11 d: 12[0m
[32m2025-01-01 18:54:00,820 - INFO - d_prime: 12 d: 12[0m
[32m2025-01-01 18:54:00,823 - INFO - d_prime: 13 d: 12[0m
[32m2025-01-01 18:54:00,825 - INFO - forbidden_vars: ([{1:1},{4:1},{5:1},{5:1},{5:1},{6:1},{7:1},{8:1},{8:1},{9:1},{1:2},{1:1,6:1},{3:1,9:1},{3:1,4:1},{3:1,4:1},{3:1,5:1},{3:1,5:1},{3:1,8:1},{4:1,9:1},{4:1,9:1},{4:1,5:1},{4:2},{4:2},{4:1,6:1},{4:1,7:1},{4:1,7:1},{5:1,6:1},{5:1,6:1},{5:2},{5:1,9:1},{5:1,6:1},{6:2},{6:1,7:1},{6:1,8:1},{6:1,9:1},{7:2},{8:2},{8:2},{8:1,9:1},{8:2}])[0m
[32m2025-01-01 18:54:00,825 - INFO - False[0m
[32m2025-01-01 18:54:08,824 - INFO - d_prime: 11 d: 13[0m
[32m2025-01-01 18:54:08,826 - INFO - d_prime: 12 d: 13[0m
[32m2025-01-01 18:54:08,828 - INFO - d_prime: 13 d: 13[0m
[32m2025-01-01 18:54:08,829 - INFO - forbidden_vars: ([{0:1},{1:1},{2:1},{0:1,2:1},{0:2},{0:1,5:1},{0:2},{1:1,5:1},{1:2},{1:2},{1:1,9:1},{2:2},{2:2},{2:2},{2:1,5:1},{2:1,5:1},{2:2},{2:2},{2:1,7:1},{2:1,7:1},{4:1,5:1},{4:1,9:1},{5:1,9:1},{5:1,7:1},{5:2},{5:2},{5:2},{5:1,8:1},{5:1,8:1},{5:2},{5:1,8:1},{7:2},{7:2},{7:1,9:1},{8:2},{8:2},{8:2},{8:1,9:1},{8:2},{8:2}])[0m
[32m2025-01-01 18:54:08,830 - INFO - False[0m
     0     0 1300.00000    0   10 2890.00000 1300.00000  55.0%     -  686s
[32m2025-01-01 18:54:13,566 - INFO - d_prime: 8 d: 8[0m
[32m2025-01-01 18:54:13,568 - INFO - d_prime: 9 d: 8[0m
[32m2025-01-01 18:54:13,571 - INFO - d_prime: 10 d: 8[0m
[32m2025-01-01 18:54:13,574 - INFO - d_prime: 11 d: 8[0m
[32m2025-01-01 18:54:13,576 - INFO - d_prime: 12 d: 8[0m
[32m2025-01-01 18:54:13,579 - INFO - d_prime: 13 d: 8[0m
[32m2025-01-01 18:54:13,581 - INFO - forbidden_vars: ([{1:1},{1:1},{4:1},{5:1},{6:1},{7:1},{8:1},{9:1},{1:1,7:1},{1:1,9:1},{1:2},{1:1,5:1},{1:1,5:1},{1:1,4:1},{1:1,5:1},{4:1,5:1},{4:1,5:1},{4:1,5:1},{4:1,5:1},{4:2},{4:2},{4:1,5:1},{5:2},{5:1,9:1},{5:1,8:1},{5:1,8:1},{5:1,8:1},{5:1,9:1},{5:1,6:1},{6:1,8:1},{6:1,9:1},{6:1,7:1},{7:2},{7:2},{8:2},{8:2},{8:2}])[0m
[32m2025-01-01 18:54:13,581 - INFO - False[0m
[32m2025-01-01 18:54:17,803 - INFO - d_prime: 10 d: 10[0m
[32m2025-01-01 18:54:17,804 - INFO - d_prime: 11 d: 10[0m
[32m2025-01-01 18:54:17,806 - INFO - d_prime: 12 d: 10[0m
[32m2025-01-01 18:54:17,808 - INFO - d_prime: 13 d: 10[0m
[32m2025-01-01 18:54:17,809 - INFO - forbidden_vars: ([{1:1},{1:1},{1:1},{2:1},{2:1},{3:1},{3:1},{3:1},{3:1},{3:1},{3:1},{4:1},{4:1},{4:1},{5:1},{5:1},{7:1},{7:1},{7:1},{7:1},{7:1},{8:1},{8:1},{8:1},{8:1},{9:1},{1:2},{1:1,7:1},{2:1,3:1},{2:1,3:1},{2:1,4:1},{3:1,8:1},{4:2},{4:1,7:1},{5:1,9:1},{7:2},{7:2},{8:2},{8:2}])[0m
[32m2025-01-01 18:54:17,809 - INFO - False[0m
[32m2025-01-01 18:57:11,763 - INFO - d_prime: 11 d: 12[0m
[32m2025-01-01 18:57:11,767 - INFO - d_prime: 12 d: 12[0m
[32m2025-01-01 18:57:11,770 - INFO - d_prime: 13 d: 12[0m
[32m2025-01-01 18:57:11,771 - INFO - forbidden_vars: ([{1:1},{4:1},{4:1},{5:1},{5:1},{5:1},{6:1},{8:1},{8:1},{9:1},{1:2},{1:1,6:1},{3:1,9:1},{3:1,4:1},{3:1,5:1},{3:1,5:1},{3:1,8:1},{4:1,9:1},{4:1,9:1},{4:1,5:1},{4:2},{4:2},{4:1,6:1},{4:1,7:1},{4:1,7:1},{5:1,6:1},{5:1,6:1},{5:2},{5:1,9:1},{5:1,6:1},{6:2},{6:1,7:1},{6:1,7:1},{6:1,8:1},{6:1,9:1},{7:2},{8:2},{8:2},{8:1,9:1},{8:2}])[0m
[32m2025-01-01 18:57:11,772 - INFO - False[0m
[32m2025-01-01 18:57:22,987 - INFO - d_prime: 11 d: 13[0m
[32m2025-01-01 18:57:22,989 - INFO - d_prime: 12 d: 13[0m
[32m2025-01-01 18:57:22,991 - INFO - d_prime: 13 d: 13[0m
[32m2025-01-01 18:57:22,993 - INFO - forbidden_vars: ([{0:1},{1:1},{2:1},{0:1,2:1},{0:2},{0:1,5:1},{0:1,7:1},{0:1,2:1},{1:1,5:1},{1:2},{1:2},{1:1,9:1},{2:2},{2:2},{2:2},{2:1,5:1},{2:1,5:1},{2:2},{2:2},{2:1,7:1},{4:1,5:1},{4:1,9:1},{5:1,9:1},{5:1,7:1},{5:2},{5:2},{5:2},{5:1,8:1},{5:1,8:1},{5:2},{5:1,8:1},{7:2},{7:2},{7:1,9:1},{8:2},{8:2},{8:2},{8:1,9:1},{8:2},{8:2}])[0m
[32m2025-01-01 18:57:22,993 - INFO - False[0m
     0     0 1300.00000    0   10 2890.00000 1300.00000  55.0%     -  880s
[32m2025-01-01 18:57:27,049 - INFO - d_prime: 8 d: 8[0m
[32m2025-01-01 18:57:27,051 - INFO - d_prime: 9 d: 8[0m
[32m2025-01-01 18:57:27,054 - INFO - d_prime: 10 d: 8[0m
[32m2025-01-01 18:57:27,056 - INFO - d_prime: 11 d: 8[0m
[32m2025-01-01 18:57:27,058 - INFO - d_prime: 12 d: 8[0m
[32m2025-01-01 18:57:27,061 - INFO - d_prime: 13 d: 8[0m
[32m2025-01-01 18:57:27,062 - INFO - forbidden_vars: ([{1:1},{1:1},{4:1},{5:1},{5:1},{6:1},{7:1},{8:1},{1:1,7:1},{1:1,9:1},{1:2},{1:1,5:1},{1:1,5:1},{1:1,4:1},{1:1,5:1},{4:1,5:1},{4:1,5:1},{4:1,5:1},{4:1,5:1},{4:2},{4:2},{4:1,5:1},{5:2},{5:1,8:1},{5:1,8:1},{5:1,8:1},{5:1,9:1},{5:1,6:1},{6:1,8:1},{6:1,9:1},{6:1,7:1},{7:2},{7:2},{8:2},{8:2},{8:2},{9:2}])[0m
[32m2025-01-01 18:57:27,062 - INFO - False[0m
[32m2025-01-01 18:57:31,098 - INFO - d_prime: 10 d: 10[0m
[32m2025-01-01 18:57:31,100 - INFO - d_prime: 11 d: 10[0m
[32m2025-01-01 18:57:31,101 - INFO - d_prime: 12 d: 10[0m
[32m2025-01-01 18:57:31,103 - INFO - d_prime: 13 d: 10[0m
[32m2025-01-01 18:57:31,105 - INFO - forbidden_vars: ([{1:1},{1:1},{1:1},{1:1},{2:1},{2:1},{3:1},{3:1},{3:1},{3:1},{3:1},{4:1},{4:1},{4:1},{5:1},{5:1},{7:1},{7:1},{7:1},{7:1},{7:1},{8:1},{8:1},{8:1},{8:1},{9:1},{1:2},{2:1,3:1},{2:1,3:1},{2:1,4:1},{3:1,8:1},{3:2},{4:2},{4:1,7:1},{5:1,9:1},{7:2},{7:2},{8:2},{8:2}])[0m
[32m2025-01-01 18:57:31,105 - INFO - False[0m
[32m2025-01-01 19:00:38,092 - INFO - d_prime: 11 d: 12[0m
[32m2025-01-01 19:00:38,095 - INFO - d_prime: 12 d: 12[0m
[32m2025-01-01 19:00:38,097 - INFO - d_prime: 13 d: 12[0m
[32m2025-01-01 19:00:38,098 - INFO - forbidden_vars: ([{1:1},{4:1},{4:1},{5:1},{5:1},{5:1},{6:1},{8:1},{8:1},{9:1},{1:2},{1:1,6:1},{3:1,9:1},{3:1,4:1},{3:1,4:1},{3:1,5:1},{3:1,5:1},{3:1,8:1},{4:1,9:1},{4:1,9:1},{4:1,5:1},{4:2},{4:2},{4:1,7:1},{4:1,7:1},{5:1,6:1},{5:1,6:1},{5:2},{5:1,9:1},{5:1,6:1},{6:2},{6:1,7:1},{6:1,7:1},{6:1,8:1},{6:1,9:1},{7:2},{8:2},{8:2},{8:1,9:1},{8:2}])[0m
[32m2025-01-01 19:00:38,098 - INFO - False[0m
[32m2025-01-01 19:00:44,019 - INFO - d_prime: 11 d: 13[0m
[32m2025-01-01 19:00:44,021 - INFO - d_prime: 12 d: 13[0m
[32m2025-01-01 19:00:44,023 - INFO - d_prime: 13 d: 13[0m
[32m2025-01-01 19:00:44,025 - INFO - forbidden_vars: ([{0:1},{1:1},{2:1},{4:1},{0:1,2:1},{0:2},{0:1,5:1},{0:2},{0:1,7:1},{1:1,5:1},{1:2},{1:2},{1:1,9:1},{2:2},{2:2},{2:2},{2:1,5:1},{2:1,5:1},{2:2},{2:2},{2:1,7:1},{4:1,9:1},{5:1,9:1},{5:1,7:1},{5:2},{5:2},{5:2},{5:1,8:1},{5:1,8:1},{5:2},{5:1,8:1},{7:2},{7:2},{7:1,9:1},{8:2},{8:2},{8:2},{8:1,9:1},{8:2},{8:2}])[0m
[32m2025-01-01 19:00:44,025 - INFO - False[0m
     0     0 1300.00000    0   10 2890.00000 1300.00000  55.0%     - 1081s
H    0     0                    2734.0000000 1300.00000  52.5%     - 1092s
H    0     0                    2426.0000000 1300.00000  46.4%     - 1112s
H    0     0                    2331.0000000 1300.00000  44.2%     - 1141s
[32m2025-01-01 19:01:50,239 - INFO - d_prime: 8 d: 8[0m
[32m2025-01-01 19:01:50,242 - INFO - d_prime: 9 d: 8[0m
[32m2025-01-01 19:01:50,244 - INFO - d_prime: 10 d: 8[0m
[32m2025-01-01 19:01:50,247 - INFO - d_prime: 11 d: 8[0m
[32m2025-01-01 19:01:50,249 - INFO - d_prime: 12 d: 8[0m
[32m2025-01-01 19:01:50,252 - INFO - d_prime: 13 d: 8[0m
[32m2025-01-01 19:01:50,253 - INFO - forbidden_vars: ([{1:1},{1:1},{4:1},{5:1},{5:1},{6:1},{7:1},{8:1},{1:1,7:1},{1:1,9:1},{1:2},{1:1,5:1},{1:1,5:1},{1:1,4:1},{1:1,5:1},{4:1,5:1},{4:1,5:1},{4:1,5:1},{4:1,5:1},{4:2},{4:2},{4:1,5:1},{5:2},{5:1,9:1},{5:1,8:1},{5:1,8:1},{5:1,9:1},{5:1,6:1},{6:1,8:1},{6:1,9:1},{6:1,7:1},{7:2},{7:2},{8:2},{8:2},{8:2},{9:2}])[0m
[32m2025-01-01 19:01:50,253 - INFO - False[0m
[32m2025-01-01 19:01:52,542 - INFO - d_prime: 10 d: 10[0m
[32m2025-01-01 19:01:52,544 - INFO - d_prime: 11 d: 10[0m
[32m2025-01-01 19:01:52,545 - INFO - d_prime: 12 d: 10[0m
[32m2025-01-01 19:01:52,547 - INFO - d_prime: 13 d: 10[0m
[32m2025-01-01 19:01:52,548 - INFO - forbidden_vars: ([{1:1},{1:1},{1:1},{2:1},{2:1},{3:1},{3:1},{3:1},{3:1},{3:1},{4:1},{4:1},{4:1},{5:1},{7:1},{7:1},{7:1},{7:1},{7:1},{7:1},{8:1},{8:1},{8:1},{8:1},{9:1},{1:2},{1:1,7:1},{2:1,3:1},{2:1,3:1},{2:1,4:1},{3:1,8:1},{3:2},{4:2},{4:1,7:1},{5:1,9:1},{7:2},{7:2},{8:2},{8:2}])[0m
[32m2025-01-01 19:01:52,548 - INFO - False[0m
[32m2025-01-01 19:04:53,139 - INFO - d_prime: 11 d: 12[0m
[32m2025-01-01 19:04:53,141 - INFO - d_prime: 12 d: 12[0m
[32m2025-01-01 19:04:53,143 - INFO - d_prime: 13 d: 12[0m
[32m2025-01-01 19:04:53,145 - INFO - forbidden_vars: ([{1:1},{4:1},{5:1},{5:1},{5:1},{6:1},{8:1},{8:1},{9:1},{1:2},{1:1,6:1},{3:1,9:1},{3:1,4:1},{3:1,4:1},{3:1,5:1},{3:1,5:1},{3:1,8:1},{4:1,9:1},{4:1,9:1},{4:1,5:1},{4:2},{4:2},{4:1,6:1},{4:1,7:1},{4:1,7:1},{5:1,6:1},{5:2},{5:1,9:1},{5:1,6:1},{6:2},{6:2},{6:1,7:1},{6:1,7:1},{6:1,8:1},{6:1,9:1},{7:2},{8:2},{8:2},{8:1,9:1},{8:2}])[0m
[32m2025-01-01 19:04:53,145 - INFO - False[0m
[32m2025-01-01 19:05:01,675 - INFO - d_prime: 11 d: 13[0m
[32m2025-01-01 19:05:01,677 - INFO - d_prime: 12 d: 13[0m
[32m2025-01-01 19:05:01,679 - INFO - d_prime: 13 d: 13[0m
[32m2025-01-01 19:05:01,681 - INFO - forbidden_vars: ([{0:1},{1:1},{2:1},{0:1,2:1},{0:2},{0:1,5:1},{0:1,7:1},{0:1,7:1},{1:1,5:1},{1:2},{1:2},{1:1,9:1},{2:2},{2:2},{2:2},{2:1,5:1},{2:1,5:1},{2:2},{2:2},{2:1,7:1},{4:1,5:1},{4:1,9:1},{5:1,9:1},{5:1,7:1},{5:1,7:1},{5:2},{5:2},{5:2},{5:1,8:1},{5:1,8:1},{5:2},{5:1,8:1},{7:2},{7:1,9:1},{8:2},{8:2},{8:2},{8:1,9:1},{8:2},{8:2}])[0m
[32m2025-01-01 19:05:01,681 - INFO - False[0m
     0     0 1300.00000    0    - 2331.00000 1300.00000  44.2%     - 1340s
     0     0 1300.00000    0   19 2331.00000 1300.00000  44.2%     - 1340s
[32m2025-01-01 19:05:07,581 - INFO - d_prime: 8 d: 8[0m
[32m2025-01-01 19:05:07,584 - INFO - d_prime: 9 d: 8[0m
[32m2025-01-01 19:05:07,586 - INFO - d_prime: 10 d: 8[0m
[32m2025-01-01 19:05:07,589 - INFO - d_prime: 11 d: 8[0m
[32m2025-01-01 19:05:07,591 - INFO - d_prime: 12 d: 8[0m
[32m2025-01-01 19:05:07,594 - INFO - d_prime: 13 d: 8[0m
[32m2025-01-01 19:05:07,596 - INFO - forbidden_vars: ([{1:1},{1:1},{4:1},{5:1},{5:1},{5:1},{6:1},{7:1},{8:1},{1:1,7:1},{1:1,9:1},{1:2},{1:1,5:1},{1:1,4:1},{1:1,5:1},{4:1,5:1},{4:1,5:1},{4:1,5:1},{4:1,9:1},{4:2},{4:2},{4:1,5:1},{5:2},{5:1,9:1},{5:1,8:1},{5:1,8:1},{5:1,6:1},{6:1,8:1},{6:1,9:1},{6:1,7:1},{7:2},{7:2},{8:2},{8:2},{8:2},{9:2},{9:2}])[0m
[32m2025-01-01 19:05:07,596 - INFO - False[0m
[32m2025-01-01 19:05:10,916 - INFO - d_prime: 10 d: 10[0m
[32m2025-01-01 19:05:10,918 - INFO - d_prime: 11 d: 10[0m
[32m2025-01-01 19:05:10,920 - INFO - d_prime: 12 d: 10[0m
[32m2025-01-01 19:05:10,921 - INFO - d_prime: 13 d: 10[0m
[32m2025-01-01 19:05:10,923 - INFO - forbidden_vars: ([{1:1},{1:1},{1:1},{1:1},{2:1},{2:1},{3:1},{3:1},{3:1},{3:1},{3:1},{4:1},{4:1},{5:1},{7:1},{7:1},{7:1},{7:1},{7:1},{7:1},{8:1},{8:1},{8:1},{8:1},{9:1},{1:1,4:1},{1:1,7:1},{2:1,3:1},{2:1,3:1},{2:1,4:1},{3:1,8:1},{3:2},{4:2},{4:1,7:1},{5:1,9:1},{7:2},{7:2},{8:2},{8:2}])[0m
[32m2025-01-01 19:05:10,923 - INFO - False[0m
[32m2025-01-01 19:08:55,073 - INFO - d_prime: 11 d: 12[0m
[32m2025-01-01 19:08:55,076 - INFO - d_prime: 12 d: 12[0m
[32m2025-01-01 19:08:55,078 - INFO - d_prime: 13 d: 12[0m
[32m2025-01-01 19:08:55,080 - INFO - forbidden_vars: ([{1:1},{5:1},{5:1},{5:1},{6:1},{8:1},{8:1},{9:1},{9:1},{1:2},{1:1,6:1},{3:1,9:1},{3:1,4:1},{3:1,4:1},{3:1,5:1},{3:1,5:1},{3:1,8:1},{4:1,9:1},{4:1,9:1},{4:1,5:1},{4:2},{4:2},{4:1,6:1},{4:1,7:1},{4:1,7:1},{5:1,6:1},{5:2},{5:1,9:1},{5:1,6:1},{6:2},{6:2},{6:1,7:1},{6:1,7:1},{6:1,8:1},{6:1,9:1},{7:2},{8:2},{8:2},{8:1,9:1},{8:2}])[0m
[32m2025-01-01 19:08:55,080 - INFO - False[0m
[32m2025-01-01 19:09:01,229 - INFO - d_prime: 11 d: 13[0m
[32m2025-01-01 19:09:01,231 - INFO - d_prime: 12 d: 13[0m
[32m2025-01-01 19:09:01,233 - INFO - d_prime: 13 d: 13[0m
[32m2025-01-01 19:09:01,235 - INFO - forbidden_vars: ([{0:1},{1:1},{2:1},{0:1,2:1},{0:2},{0:1,5:1},{0:1,7:1},{0:1,7:1},{1:1,5:1},{1:2},{1:2},{1:1,9:1},{2:2},{2:2},{2:1,9:1},{2:1,5:1},{2:1,5:1},{2:2},{2:2},{2:1,7:1},{4:1,5:1},{4:1,9:1},{5:1,9:1},{5:1,7:1},{5:1,7:1},{5:2},{5:2},{5:2},{5:1,8:1},{5:1,8:1},{5:2},{5:1,8:1},{7:2},{7:1,9:1},{8:2},{8:2},{8:2},{8:1,9:1},{8:2},{8:2}])[0m
[32m2025-01-01 19:09:01,235 - INFO - False[0m
     0     0 1300.00000    0   19 2331.00000 1300.00000  44.2%     - 1578s
[32m2025-01-01 19:09:05,196 - INFO - d_prime: 8 d: 8[0m
[32m2025-01-01 19:09:05,198 - INFO - d_prime: 9 d: 8[0m
[32m2025-01-01 19:09:05,200 - INFO - d_prime: 10 d: 8[0m
[32m2025-01-01 19:09:05,202 - INFO - d_prime: 11 d: 8[0m
[32m2025-01-01 19:09:05,205 - INFO - d_prime: 12 d: 8[0m
[32m2025-01-01 19:09:05,207 - INFO - d_prime: 13 d: 8[0m
[32m2025-01-01 19:09:05,209 - INFO - forbidden_vars: ([{1:1},{1:1},{4:1},{5:1},{5:1},{6:1},{7:1},{8:1},{1:1,7:1},{1:1,9:1},{1:2},{1:1,5:1},{1:2},{1:1,4:1},{1:1,5:1},{4:1,5:1},{4:1,5:1},{4:1,5:1},{4:1,5:1},{4:2},{4:2},{4:1,5:1},{5:2},{5:1,9:1},{5:1,8:1},{5:1,8:1},{5:1,9:1},{5:1,6:1},{6:1,8:1},{6:1,9:1},{6:1,7:1},{7:2},{7:2},{8:2},{8:2},{8:2},{9:2}])[0m
[32m2025-01-01 19:09:05,209 - INFO - False[0m
[32m2025-01-01 19:09:07,991 - INFO - d_prime: 10 d: 10[0m
[32m2025-01-01 19:09:07,993 - INFO - d_prime: 11 d: 10[0m
[32m2025-01-01 19:09:07,995 - INFO - d_prime: 12 d: 10[0m
[32m2025-01-01 19:09:07,996 - INFO - d_prime: 13 d: 10[0m
[32m2025-01-01 19:09:07,997 - INFO - forbidden_vars: ([{1:1},{1:1},{1:1},{1:1},{2:1},{2:1},{3:1},{3:1},{3:1},{3:1},{3:1},{4:1},{4:1},{4:1},{5:1},{7:1},{7:1},{7:1},{7:1},{7:1},{7:1},{8:1},{8:1},{8:1},{8:1},{9:1},{1:1,7:1},{2:1,3:1},{2:1,3:1},{2:1,4:1},{3:1,8:1},{3:2},{4:2},{4:1,7:1},{5:1,9:1},{7:2},{7:2},{8:2},{8:2}])[0m
[32m2025-01-01 19:09:07,998 - INFO - False[0m
[32m2025-01-01 19:13:07,810 - INFO - d_prime: 11 d: 12[0m
[32m2025-01-01 19:13:07,813 - INFO - d_prime: 12 d: 12[0m
[32m2025-01-01 19:13:07,816 - INFO - d_prime: 13 d: 12[0m
[32m2025-01-01 19:13:07,818 - INFO - forbidden_vars: ([{1:1},{5:1},{5:1},{5:1},{6:1},{8:1},{8:1},{8:1},{9:1},{9:1},{1:2},{1:1,6:1},{3:1,9:1},{3:1,4:1},{3:1,4:1},{3:1,5:1},{3:1,5:1},{4:1,9:1},{4:1,9:1},{4:1,5:1},{4:2},{4:2},{4:1,6:1},{4:1,7:1},{4:1,7:1},{5:1,6:1},{5:2},{5:1,9:1},{5:1,6:1},{6:2},{6:2},{6:1,7:1},{6:1,7:1},{6:1,8:1},{6:1,9:1},{7:2},{8:2},{8:2},{8:1,9:1},{8:2}])[0m
[32m2025-01-01 19:13:07,818 - INFO - False[0m
[32m2025-01-01 19:13:14,456 - INFO - d_prime: 11 d: 13[0m
[32m2025-01-01 19:13:14,458 - INFO - d_prime: 12 d: 13[0m
[32m2025-01-01 19:13:14,460 - INFO - d_prime: 13 d: 13[0m
[32m2025-01-01 19:13:14,462 - INFO - forbidden_vars: ([{0:1},{1:1},{2:1},{8:1},{0:1,2:1},{0:2},{0:1,5:1},{0:1,7:1},{0:1,7:1},{1:1,5:1},{1:2},{1:2},{1:1,9:1},{2:2},{2:2},{2:1,9:1},{2:1,5:1},{2:1,5:1},{2:2},{2:2},{2:1,7:1},{4:1,5:1},{4:1,9:1},{5:1,9:1},{5:1,7:1},{5:1,7:1},{5:2},{5:2},{5:2},{5:1,8:1},{5:1,8:1},{5:2},{5:1,8:1},{7:2},{7:1,9:1},{8:2},{8:2},{8:2},{8:2},{8:2}])[0m
[32m2025-01-01 19:13:14,462 - INFO - False[0m
     0     0 1300.00000    0   19 2331.00000 1300.00000  44.2%     - 1832s
[32m2025-01-01 19:13:21,298 - INFO - d_prime: 8 d: 8[0m
[32m2025-01-01 19:13:21,301 - INFO - d_prime: 9 d: 8[0m
[32m2025-01-01 19:13:21,304 - INFO - d_prime: 10 d: 8[0m
[32m2025-01-01 19:13:21,307 - INFO - d_prime: 11 d: 8[0m
[32m2025-01-01 19:13:21,309 - INFO - d_prime: 12 d: 8[0m
[32m2025-01-01 19:13:21,312 - INFO - d_prime: 13 d: 8[0m
[32m2025-01-01 19:13:21,313 - INFO - forbidden_vars: ([{1:1},{1:1},{1:1},{4:1},{5:1},{5:1},{6:1},{7:1},{8:1},{1:1,9:1},{1:2},{1:1,5:1},{1:1,5:1},{1:1,4:1},{1:1,5:1},{4:1,5:1},{4:1,5:1},{4:1,5:1},{4:1,5:1},{4:2},{4:2},{4:1,5:1},{5:2},{5:1,9:1},{5:1,8:1},{5:1,8:1},{5:1,9:1},{5:1,6:1},{6:1,8:1},{6:1,9:1},{6:1,7:1},{7:2},{7:2},{8:2},{8:2},{8:2},{9:2}])[0m
[32m2025-01-01 19:13:21,314 - INFO - False[0m
[32m2025-01-01 19:13:24,766 - INFO - d_prime: 10 d: 10[0m
[32m2025-01-01 19:13:24,768 - INFO - d_prime: 11 d: 10[0m
[32m2025-01-01 19:13:24,769 - INFO - d_prime: 12 d: 10[0m
[32m2025-01-01 19:13:24,770 - INFO - d_prime: 13 d: 10[0m
[32m2025-01-01 19:13:24,772 - INFO - forbidden_vars: ([{1:1},{1:1},{1:1},{1:1},{1:1},{2:1},{2:1},{3:1},{3:1},{3:1},{3:1},{3:1},{4:1},{4:1},{5:1},{7:1},{7:1},{7:1},{7:1},{7:1},{7:1},{8:1},{8:1},{8:1},{8:1},{9:1},{1:1,7:1},{2:1,3:1},{2:1,3:1},{2:1,4:1},{3:1,8:1},{3:2},{4:2},{4:1,7:1},{5:1,9:1},{7:2},{7:2},{8:2},{8:2}])[0m
[32m2025-01-01 19:13:24,772 - INFO - False[0m
[32m2025-01-01 19:13:48,439 - INFO - d_prime: 11 d: 13[0m
[32m2025-01-01 19:13:48,441 - INFO - d_prime: 12 d: 13[0m
[32m2025-01-01 19:13:48,443 - INFO - d_prime: 13 d: 13[0m
[32m2025-01-01 19:13:48,445 - INFO - forbidden_vars: ([{0:1},{1:1},{2:1},{9:1},{0:1,2:1},{0:2},{0:1,5:1},{0:1,7:1},{0:1,7:1},{1:1,5:1},{1:2},{1:2},{1:1,9:1},{2:2},{2:2},{2:1,9:1},{2:1,5:1},{2:1,5:1},{2:2},{2:2},{2:1,7:1},{4:1,5:1},{5:1,9:1},{5:1,7:1},{5:1,7:1},{5:2},{5:2},{5:2},{5:1,8:1},{5:1,8:1},{5:2},{5:1,8:1},{7:2},{7:1,9:1},{8:2},{8:2},{8:2},{8:1,9:1},{8:2},{8:2}])[0m
[32m2025-01-01 19:13:48,445 - INFO - False[0m
     0     0 1300.00000    0   19 2331.00000 1300.00000  44.2%     - 1866s
[32m2025-01-01 19:13:53,780 - INFO - d_prime: 8 d: 8[0m
[32m2025-01-01 19:13:53,783 - INFO - d_prime: 9 d: 8[0m
[32m2025-01-01 19:13:53,785 - INFO - d_prime: 10 d: 8[0m
[32m2025-01-01 19:13:53,788 - INFO - d_prime: 11 d: 8[0m
[32m2025-01-01 19:13:53,790 - INFO - d_prime: 12 d: 8[0m
[32m2025-01-01 19:13:53,792 - INFO - d_prime: 13 d: 8[0m
[32m2025-01-01 19:13:53,794 - INFO - forbidden_vars: ([{1:1},{1:1},{4:1},{5:1},{5:1},{6:1},{7:1},{8:1},{8:1},{1:1,7:1},{1:1,9:1},{1:2},{1:1,5:1},{1:1,5:1},{1:1,4:1},{1:1,5:1},{4:1,5:1},{4:1,5:1},{4:1,5:1},{4:1,5:1},{4:2},{4:2},{4:1,5:1},{5:2},{5:1,9:1},{5:1,8:1},{5:1,8:1},{5:1,9:1},{5:1,6:1},{6:1,8:1},{6:1,9:1},{6:1,7:1},{7:2},{7:2},{8:2},{8:2},{9:2}])[0m
[32m2025-01-01 19:13:53,794 - INFO - False[0m
[32m2025-01-01 19:13:57,009 - INFO - d_prime: 10 d: 10[0m
[32m2025-01-01 19:13:57,011 - INFO - d_prime: 11 d: 10[0m
[32m2025-01-01 19:13:57,013 - INFO - d_prime: 12 d: 10[0m
[32m2025-01-01 19:13:57,015 - INFO - d_prime: 13 d: 10[0m
[32m2025-01-01 19:13:57,016 - INFO - forbidden_vars: ([{1:1},{1:1},{1:1},{1:1},{2:1},{2:1},{3:1},{3:1},{3:1},{3:1},{3:1},{3:1},{4:1},{4:1},{5:1},{7:1},{7:1},{7:1},{7:1},{7:1},{7:1},{8:1},{8:1},{8:1},{8:1},{9:1},{1:1,4:1},{1:1,7:1},{2:1,3:1},{2:1,3:1},{2:1,4:1},{3:2},{4:2},{4:1,7:1},{5:1,9:1},{7:2},{7:2},{8:2},{8:2}])[0m
[32m2025-01-01 19:13:57,016 - INFO - False[0m
[32m2025-01-01 19:14:04,191 - INFO - d_prime: 11 d: 13[0m
[32m2025-01-01 19:14:04,194 - INFO - d_prime: 12 d: 13[0m
[32m2025-01-01 19:14:04,196 - INFO - d_prime: 13 d: 13[0m
[32m2025-01-01 19:14:04,197 - INFO - forbidden_vars: ([{0:1},{1:1},{1:1},{2:1},{0:1,2:1},{0:2},{0:1,5:1},{0:1,7:1},{0:1,7:1},{1:1,5:1},{1:2},{1:2},{2:2},{2:2},{2:1,9:1},{2:1,5:1},{2:1,5:1},{2:2},{2:2},{2:1,7:1},{4:1,5:1},{4:1,9:1},{5:1,9:1},{5:1,7:1},{5:1,7:1},{5:2},{5:2},{5:2},{5:1,8:1},{5:1,8:1},{5:2},{5:1,8:1},{7:2},{7:1,9:1},{8:2},{8:2},{8:2},{8:1,9:1},{8:2},{8:2}])[0m
[32m2025-01-01 19:14:04,198 - INFO - False[0m
     0     0 1300.00000    0   19 2331.00000 1300.00000  44.2%     - 1881s
[32m2025-01-01 19:14:13,324 - INFO - d_prime: 8 d: 8[0m
[32m2025-01-01 19:14:13,326 - INFO - d_prime: 9 d: 8[0m
[32m2025-01-01 19:14:13,329 - INFO - d_prime: 10 d: 8[0m
[32m2025-01-01 19:14:13,331 - INFO - d_prime: 11 d: 8[0m
[32m2025-01-01 19:14:13,334 - INFO - d_prime: 12 d: 8[0m
[32m2025-01-01 19:14:13,336 - INFO - d_prime: 13 d: 8[0m
[32m2025-01-01 19:14:13,338 - INFO - forbidden_vars: ([{1:1},{1:1},{4:1},{5:1},{5:1},{6:1},{7:1},{7:1},{8:1},{1:1,7:1},{1:1,9:1},{1:2},{1:1,5:1},{1:1,5:1},{1:1,4:1},{1:1,5:1},{4:1,5:1},{4:1,5:1},{4:1,5:1},{4:1,5:1},{4:2},{4:2},{4:1,5:1},{5:2},{5:1,9:1},{5:1,8:1},{5:1,8:1},{5:1,9:1},{5:1,6:1},{6:1,8:1},{6:1,9:1},{6:1,7:1},{7:2},{8:2},{8:2},{8:2},{9:2}])[0m
[32m2025-01-01 19:14:13,338 - INFO - False[0m
[32m2025-01-01 19:14:16,971 - INFO - d_prime: 10 d: 10[0m
[32m2025-01-01 19:14:16,973 - INFO - d_prime: 11 d: 10[0m
[32m2025-01-01 19:14:16,974 - INFO - d_prime: 12 d: 10[0m
[32m2025-01-01 19:14:16,976 - INFO - d_prime: 13 d: 10[0m
[32m2025-01-01 19:14:16,977 - INFO - forbidden_vars: ([{1:1},{1:1},{1:1},{1:1},{2:1},{2:1},{3:1},{3:1},{3:1},{3:1},{3:1},{4:1},{4:1},{5:1},{7:1},{7:1},{7:1},{7:1},{7:1},{7:1},{8:1},{8:1},{8:1},{8:1},{8:1},{9:1},{1:1,4:1},{1:1,7:1},{2:1,3:1},{2:1,3:1},{2:1,4:1},{3:1,8:1},{3:2},{4:2},{4:1,7:1},{5:1,9:1},{7:2},{7:2},{8:2}])[0m
[32m2025-01-01 19:14:16,978 - INFO - False[0m
[32m2025-01-01 19:14:23,424 - INFO - d_prime: 11 d: 13[0m
[32m2025-01-01 19:14:23,426 - INFO - d_prime: 12 d: 13[0m
[32m2025-01-01 19:14:23,429 - INFO - d_prime: 13 d: 13[0m
[32m2025-01-01 19:14:23,430 - INFO - forbidden_vars: ([{0:1},{1:1},{2:1},{7:1},{0:1,2:1},{0:2},{0:1,5:1},{0:1,7:1},{0:1,7:1},{1:1,5:1},{1:2},{1:2},{1:1,9:1},{2:2},{2:2},{2:1,9:1},{2:1,5:1},{2:1,5:1},{2:2},{2:2},{2:1,7:1},{4:1,5:1},{4:1,9:1},{5:1,9:1},{5:1,7:1},{5:1,7:1},{5:2},{5:2},{5:2},{5:1,8:1},{5:1,8:1},{5:2},{5:1,8:1},{7:2},{8:2},{8:2},{8:2},{8:1,9:1},{8:2},{8:2}])[0m
[32m2025-01-01 19:14:23,430 - INFO - False[0m
     0     0 1300.00000    0   19 2331.00000 1300.00000  44.2%     - 1901s
[32m2025-01-01 19:14:30,881 - INFO - d_prime: 8 d: 8[0m
[32m2025-01-01 19:14:30,884 - INFO - d_prime: 9 d: 8[0m
[32m2025-01-01 19:14:30,886 - INFO - d_prime: 10 d: 8[0m
[32m2025-01-01 19:14:30,889 - INFO - d_prime: 11 d: 8[0m
[32m2025-01-01 19:14:30,891 - INFO - d_prime: 12 d: 8[0m
[32m2025-01-01 19:14:30,894 - INFO - d_prime: 13 d: 8[0m
[32m2025-01-01 19:14:30,895 - INFO - forbidden_vars: ([{1:1},{1:1},{4:1},{5:1},{5:1},{6:1},{7:1},{8:1},{1:1,7:1},{1:1,9:1},{1:2},{1:1,5:1},{1:2},{1:1,4:1},{1:1,5:1},{1:1,6:1},{4:1,5:1},{4:1,5:1},{4:1,5:1},{4:1,5:1},{4:2},{4:2},{4:1,5:1},{5:2},{5:1,9:1},{5:1,8:1},{5:1,8:1},{5:1,9:1},{5:1,6:1},{6:1,8:1},{6:1,9:1},{7:1,9:1},{7:2},{8:2},{8:2},{8:2},{9:2}])[0m
[32m2025-01-01 19:14:30,896 - INFO - False[0m
[32m2025-01-01 19:14:34,449 - INFO - d_prime: 10 d: 10[0m
[32m2025-01-01 19:14:34,451 - INFO - d_prime: 11 d: 10[0m
[32m2025-01-01 19:14:34,452 - INFO - d_prime: 12 d: 10[0m
[32m2025-01-01 19:14:34,454 - INFO - d_prime: 13 d: 10[0m
[32m2025-01-01 19:14:34,456 - INFO - forbidden_vars: ([{1:1},{1:1},{1:1},{2:1},{2:1},{3:1},{3:1},{3:1},{3:1},{3:1},{4:1},{4:1},{4:1},{5:1},{7:1},{7:1},{7:1},{7:1},{7:1},{7:1},{7:1},{7:1},{8:1},{8:1},{8:1},{8:1},{9:1},{1:1,3:1},{1:1,9:1},{2:1,3:1},{2:1,3:1},{2:1,4:1},{3:1,8:1},{4:2},{4:1,7:1},{5:1,9:1},{7:2},{8:2},{8:2}])[0m
[32m2025-01-01 19:14:34,456 - INFO - False[0m
[32m2025-01-01 19:14:49,305 - INFO - d_prime: 11 d: 12[0m
[32m2025-01-01 19:14:49,307 - INFO - d_prime: 12 d: 12[0m
[32m2025-01-01 19:14:49,310 - INFO - d_prime: 13 d: 12[0m
[32m2025-01-01 19:14:49,312 - INFO - forbidden_vars: ([{4:1},{5:1},{5:1},{6:1},{8:1},{9:1},{9:1},{1:2},{1:1,6:1},{1:1,5:1},{3:1,9:1},{3:1,4:1},{3:1,4:1},{3:1,5:1},{3:1,5:1},{3:1,8:1},{4:1,9:1},{4:1,9:1},{4:1,5:1},{4:2},{4:1,6:1},{4:1,7:1},{4:1,7:1},{5:1,6:1},{5:2},{5:1,9:1},{5:1,6:1},{6:2},{6:2},{6:1,7:1},{6:1,7:1},{6:1,8:1},{6:1,9:1},{7:2},{7:2},{8:2},{8:2},{8:2},{8:1,9:1},{8:1,9:1}])[0m
[32m2025-01-01 19:14:49,312 - INFO - False[0m
[32m2025-01-01 19:14:55,846 - INFO - d_prime: 11 d: 13[0m
[32m2025-01-01 19:14:55,848 - INFO - d_prime: 12 d: 13[0m
[32m2025-01-01 19:14:55,850 - INFO - d_prime: 13 d: 13[0m
[32m2025-01-01 19:14:55,852 - INFO - forbidden_vars: ([{1:1},{2:1},{8:1},{0:1,2:1},{0:1,7:1},{1:1,5:1},{1:2},{1:2},{1:1,9:1},{2:2},{2:2},{2:1,5:1},{2:2},{2:2},{2:2},{2:1,4:1},{2:1,7:1},{2:1,4:1},{2:1,5:1},{4:1,5:1},{4:1,9:1},{5:1,7:1},{5:1,7:1},{5:1,7:1},{5:1,9:1},{5:2},{5:1,9:1},{5:1,8:1},{5:2},{5:1,8:1},{5:2},{7:2},{7:1,9:1},{8:2},{8:2},{8:2},{8:1,9:1},{8:2},{8:2},{9:2}])[0m
[32m2025-01-01 19:14:55,852 - INFO - False[0m
[32m2025-01-01 19:15:09,417 - INFO - d_prime: 8 d: 8[0m
[32m2025-01-01 19:15:09,420 - INFO - d_prime: 9 d: 8[0m
[32m2025-01-01 19:15:09,422 - INFO - d_prime: 10 d: 8[0m
[32m2025-01-01 19:15:09,425 - INFO - d_prime: 11 d: 8[0m
[32m2025-01-01 19:15:09,427 - INFO - d_prime: 12 d: 8[0m
[32m2025-01-01 19:15:09,429 - INFO - d_prime: 13 d: 8[0m
[32m2025-01-01 19:15:09,430 - INFO - forbidden_vars: ([{1:1},{1:1},{4:1},{5:1},{5:1},{6:1},{7:1},{8:1},{0:1,4:1},{0:1,1:1},{1:1,9:1},{1:2},{1:1,5:1},{1:2},{1:1,5:1},{4:1,5:1},{4:1,5:1},{4:1,5:1},{4:1,5:1},{4:2},{4:2},{5:2},{5:1,9:1},{5:1,8:1},{5:1,8:1},{5:1,9:1},{5:1,6:1},{6:1,8:1},{6:1,8:1},{6:1,7:1},{7:2},{7:1,9:1},{7:2},{8:2},{8:2},{8:2},{9:2}])[0m
[32m2025-01-01 19:15:09,431 - INFO - False[0m
[32m2025-01-01 19:15:14,379 - INFO - d_prime: 10 d: 10[0m
[32m2025-01-01 19:15:14,381 - INFO - d_prime: 11 d: 10[0m
[32m2025-01-01 19:15:14,382 - INFO - d_prime: 12 d: 10[0m
[32m2025-01-01 19:15:14,383 - INFO - d_prime: 13 d: 10[0m
[32m2025-01-01 19:15:14,385 - INFO - forbidden_vars: ([{0:1},{0:1},{0:1},{0:1},{1:1},{1:1},{2:1},{2:1},{3:1},{3:1},{3:1},{3:1},{4:1},{4:1},{5:1},{7:1},{7:1},{7:1},{7:1},{7:1},{8:1},{8:1},{8:1},{8:1},{8:1},{8:1},{0:1,4:1},{0:1,3:1},{0:1,7:1},{1:1,7:1},{2:1,3:1},{2:1,3:1},{2:1,4:1},{4:2},{7:2},{7:2},{7:2},{8:2},{8:2}])[0m
[32m2025-01-01 19:15:14,385 - INFO - False[0m
[32m2025-01-01 19:15:17,660 - INFO - d_prime: 11 d: 11[0m
[32m2025-01-01 19:15:17,662 - INFO - d_prime: 12 d: 11[0m
[32m2025-01-01 19:15:17,664 - INFO - d_prime: 13 d: 11[0m
[32m2025-01-01 19:15:17,666 - INFO - forbidden_vars: ([{3:1},{3:1},{3:1},{3:1},{5:1},{6:1},{6:1},{6:1},{6:1},{8:1},{8:1},{0:1,2:1},{0:1,9:1},{1:1,6:1},{1:1,5:1},{1:1,5:1},{1:1,3:1},{1:1,6:1},{1:1,7:1},{2:1,3:1},{2:2},{2:2},{2:2},{2:1,4:1},{2:1,3:1},{3:1,6:1},{3:1,9:1},{4:2},{4:2},{5:1,9:1},{5:1,8:1},{6:2},{6:1,7:1},{6:1,7:1},{6:1,7:1},{6:1,8:1},{6:1,8:1},{6:1,9:1},{6:1,7:1},{8:2}])[0m
[32m2025-01-01 19:15:17,666 - INFO - False[0m
[32m2025-01-01 19:15:21,379 - INFO - d_prime: 11 d: 12[0m
[32m2025-01-01 19:15:21,382 - INFO - d_prime: 12 d: 12[0m
[32m2025-01-01 19:15:21,384 - INFO - d_prime: 13 d: 12[0m
[32m2025-01-01 19:15:21,385 - INFO - forbidden_vars: ([{5:1},{5:1},{6:1},{7:1},{8:1},{9:1},{0:1,6:1},{0:1,6:1},{1:2},{1:1,6:1},{1:1,7:1},{1:1,6:1},{2:1,9:1},{2:1,3:1},{2:1,4:1},{2:1,4:1},{2:1,5:1},{3:1,4:1},{3:1,5:1},{3:1,5:1},{3:1,8:1},{4:1,5:1},{4:2},{4:2},{4:1,7:1},{4:1,7:1},{5:1,6:1},{5:2},{5:1,8:1},{5:1,9:1},{5:1,6:1},{6:2},{6:1,7:1},{6:1,7:1},{6:1,8:1},{8:2},{8:2},{8:2},{8:2},{8:2}])[0m
[32m2025-01-01 19:15:21,386 - INFO - False[0m
