1.NAME: LBBDSolver
2.PARAMS: {'break_symmetry': False, 'add_constraints_to_symmetrc_days': False, 'subsolver_cls': 'CPSubSolver'}
3.INSTANCE: /home/wx350715/Kobra/rehabiliation-admission-scheduling/data/comp_study_002/instance_7_15.txt
4.REPETITION: 1
Current directory: /home/wx350715/Kobra/rehabiliation-admission-scheduling
[34m2025-01-02 11:00:33,527 - DEBUG - Solver: <class 'src.solvers.benders.LBBDSolver'>[0m
[34m2025-01-02 11:00:33,527 - DEBUG - Args: {'break_symmetry': False, 'add_constraints_to_symmetrc_days': False, 'subsolver_cls': 'CPSubSolver'}[0m
[34m2025-01-02 11:00:33,528 - DEBUG - File path /home/wx350715/Kobra/rehabiliation-admission-scheduling/data/comp_study_002/instance_7_15.txt[0m
[34m2025-01-02 11:00:33,528 - DEBUG - ADD INSTANCE DATA[0m
[34m2025-01-02 11:00:33,528 - DEBUG - ADD INSTANCE DATA[0m
[34m2025-01-02 11:00:33,528 - DEBUG - ADD INSTANCE DATA[0m
[34m2025-01-02 11:00:33,528 - DEBUG - ADD INSTANCE DATA[0m
[34m2025-01-02 11:00:33,528 - DEBUG - ADD INSTANCE DATA[0m
[34m2025-01-02 11:00:33,528 - DEBUG - ADD INSTANCE DATA[0m
[34m2025-01-02 11:00:33,528 - DEBUG - ADD INSTANCE DATA[0m
[34m2025-01-02 11:00:33,528 - DEBUG - ADD INSTANCE DATA[0m
[34m2025-01-02 11:00:33,528 - DEBUG - ADD INSTANCE DATA[0m
[34m2025-01-02 11:00:33,528 - DEBUG - ADD INSTANCE DATA[0m
[34m2025-01-02 11:00:33,528 - DEBUG - ADD INSTANCE DATA[0m
[34m2025-01-02 11:00:33,528 - DEBUG - ADD RESOURCE_GROUPS[0m
[34m2025-01-02 11:00:33,528 - DEBUG - ADD RESOURCE_GROUPS[0m
[34m2025-01-02 11:00:33,529 - DEBUG - ADD RESOURCE_GROUPS[0m
[34m2025-01-02 11:00:33,529 - DEBUG - ADD RESOURCE_GROUPS[0m
[34m2025-01-02 11:00:33,529 - DEBUG - ADD RESOURCE_GROUPS[0m
[34m2025-01-02 11:00:33,529 - DEBUG - ADD RESOURCES[0m
[34m2025-01-02 11:00:33,529 - DEBUG - ADD RESOURCES[0m
[34m2025-01-02 11:00:33,529 - DEBUG - ADD RESOURCES[0m
[34m2025-01-02 11:00:33,529 - DEBUG - ADD RESOURCES[0m
[34m2025-01-02 11:00:33,529 - DEBUG - ADD RESOURCES[0m
[34m2025-01-02 11:00:33,529 - DEBUG - ADD RESOURCES[0m
[34m2025-01-02 11:00:33,529 - DEBUG - ADD RESOURCES[0m
[34m2025-01-02 11:00:33,529 - DEBUG - ADD RESOURCES[0m
[34m2025-01-02 11:00:33,529 - DEBUG - ADD RESOURCES[0m
[34m2025-01-02 11:00:33,530 - DEBUG - ADD RESOURCES[0m
[34m2025-01-02 11:00:33,530 - DEBUG - ADD TREATMENTS[0m
[34m2025-01-02 11:00:33,530 - DEBUG - ADD TREATMENTS[0m
[34m2025-01-02 11:00:33,530 - DEBUG - ADD TREATMENTS[0m
[34m2025-01-02 11:00:33,530 - DEBUG - ADD TREATMENTS[0m
[34m2025-01-02 11:00:33,530 - DEBUG - ADD TREATMENTS[0m
[34m2025-01-02 11:00:33,530 - DEBUG - ADD TREATMENTS[0m
[34m2025-01-02 11:00:33,530 - DEBUG - ADD TREATMENTS[0m
[34m2025-01-02 11:00:33,530 - DEBUG - ADD TREATMENTS[0m
[34m2025-01-02 11:00:33,530 - DEBUG - ADD TREATMENTS[0m
[34m2025-01-02 11:00:33,531 - DEBUG - ADD TREATMENTS[0m
[34m2025-01-02 11:00:33,531 - DEBUG - ADD PATIENTS[0m
[34m2025-01-02 11:00:33,531 - DEBUG - ADD PATIENTS[0m
[34m2025-01-02 11:00:33,531 - DEBUG - ADD PATIENTS[0m
[34m2025-01-02 11:00:33,531 - DEBUG - ADD PATIENTS[0m
[34m2025-01-02 11:00:33,531 - DEBUG - ADD PATIENTS[0m
[34m2025-01-02 11:00:33,531 - DEBUG - ADD PATIENTS[0m
[34m2025-01-02 11:00:33,531 - DEBUG - ADD PATIENTS[0m
[34m2025-01-02 11:00:33,532 - DEBUG - ADD PATIENTS[0m
[34m2025-01-02 11:00:33,532 - DEBUG - ADD PATIENTS[0m
[34m2025-01-02 11:00:33,532 - DEBUG - ADD PATIENTS[0m
[34m2025-01-02 11:00:33,532 - DEBUG - ADD PATIENTS[0m
[34m2025-01-02 11:00:33,532 - DEBUG - ADD PATIENTS[0m
[34m2025-01-02 11:00:33,532 - DEBUG - ADD PATIENTS[0m
[34m2025-01-02 11:00:33,532 - DEBUG - ADD PATIENTS[0m
[34m2025-01-02 11:00:33,532 - DEBUG - ADD PATIENTS[0m
[34m2025-01-02 11:00:33,532 - DEBUG - ADD PATIENTS[0m
[34m2025-01-02 11:00:33,533 - DEBUG - ADD PATIENTS[0m
[34m2025-01-02 11:00:33,533 - DEBUG - ADD PATIENTS[0m
[34m2025-01-02 11:00:33,533 - DEBUG - ADD PATIENTS[0m
[34m2025-01-02 11:00:33,533 - DEBUG - ADD PATIENTS[0m
[34m2025-01-02 11:00:33,534 - DEBUG - Instance data:[0m
[34m2025-01-02 11:00:33,534 - DEBUG - Number of patients: 19[0m
[34m2025-01-02 11:00:33,534 - DEBUG - Number of beds: 40[0m
[34m2025-01-02 11:00:33,534 - DEBUG - Average number of treatments per patient: 23.526315789473685[0m
[34m2025-01-02 11:00:33,534 - DEBUG - Average number of treatment per stayed day: 2.3526315789473684[0m
[34m2025-01-02 11:00:33,534 - DEBUG - Number of treatments: 447[0m
[34m2025-01-02 11:00:33,534 - DEBUG - Number of resources: 10[0m
[34m2025-01-02 11:00:33,534 - DEBUG - Number of resource groups: 5[0m
[34m2025-01-02 11:00:33,534 - DEBUG - Number of resource hours needed per all treatment by RG(rooms): 22.09999999999998[0m
[34m2025-01-02 11:00:33,535 - DEBUG - Number of resource hours needed per all treatment by RG(physiotherapist): 9.75[0m
[34m2025-01-02 11:00:33,535 - DEBUG - Number of resource hours needed per all treatment by RG(therapists): 7.975000000000001[0m
[34m2025-01-02 11:00:33,535 - DEBUG - Number of resource hours needed per all treatment by RG(sport_room): 5.625[0m
[32m2025-01-02 11:00:33,535 - INFO - {'solver': 'LBBDSolver', 'args': {'break_symmetry': False, 'subsolver_cls': <class 'src.solvers.subsolvers.cp_subsolver.CPSubsolver'>, 'subsolver.store_results': True, 'subsolver.store_results_method': 'hash', 'use_helper_constraints': True, 'enforce_min_treatments_per_day': True, 'enforce_max_treatments_per_e_w': True, 'enforce_min_patients_per_treatment': True, 'log_to_console': True}}[0m
[34m2025-01-02 11:00:33,535 - DEBUG - Setting options: LBBDSolver[0m
[34m2025-01-02 11:00:33,535 - DEBUG -  ---- break_symmetry to False[0m
[34m2025-01-02 11:00:33,535 - DEBUG -  ---- subsolver_cls to <class 'src.solvers.subsolvers.cp_subsolver.CPSubsolver'>[0m
[34m2025-01-02 11:00:33,535 - DEBUG -  ---- use_helper_constraints to True[0m
[34m2025-01-02 11:00:33,535 - DEBUG -  ---- add_constraints_to_symmetric_days to True (default)[0m
[34m2025-01-02 11:00:33,535 - DEBUG - Setting options: Solver[0m
[34m2025-01-02 11:00:33,535 - DEBUG -  ---- number_of_threads to 4 (default)[0m
[34m2025-01-02 11:00:33,535 - DEBUG -  ---- treatment_value to 0 (default)[0m
[34m2025-01-02 11:00:33,535 - DEBUG -  ---- delay_value to 1 (default)[0m
[34m2025-01-02 11:00:33,535 - DEBUG -  ---- missing_treatment_value to 4 (default)[0m
[34m2025-01-02 11:00:33,535 - DEBUG -  ---- enforce_min_treatments_per_day to True[0m
[34m2025-01-02 11:00:33,535 - DEBUG -  ---- enforce_max_treatments_per_e_w to True[0m
[34m2025-01-02 11:00:33,535 - DEBUG -  ---- enforce_min_patients_per_treatment to True[0m
[34m2025-01-02 11:00:33,535 - DEBUG -  ---- log_to_console to True[0m
[34m2025-01-02 11:00:33,535 - DEBUG -  ---- log_to_file to True (default)[0m
[34m2025-01-02 11:00:33,535 - DEBUG -  ---- no_rel_heur_time to 1 (default)[0m
[34m2025-01-02 11:00:33,572 - DEBUG - Setting options: CPSubsolver[0m
[34m2025-01-02 11:00:33,572 - DEBUG -  ---- estimated_needed_treatments to True (default)[0m
[34m2025-01-02 11:00:33,572 - DEBUG -  ---- add_patient_symmetry to False (default)[0m
[34m2025-01-02 11:00:33,572 - DEBUG - Setting Subsolver options: SubSolver[0m
[34m2025-01-02 11:00:33,572 - DEBUG -  ---- store_results to True[0m
[34m2025-01-02 11:00:33,572 - DEBUG -  ---- store_results_method to hash[0m
[34m2025-01-02 11:00:33,572 - DEBUG -  ---- enforce_min_patients_per_treatment to True[0m
[34m2025-01-02 11:00:33,572 - DEBUG -  ---- use_day_symmetry to True (default)[0m
[32m2025-01-02 11:00:33,604 - INFO - Create model: LBBDSolver[0m
Set parameter TSPort to value 50039
Set parameter TokenServer to value "license.itc.rwth-aachen.de"
Set parameter Threads to value 4
Set parameter Cuts to value 0
Set parameter LazyConstraints to value 1
Set parameter NoRelHeurTime to value 1
[34m2025-01-02 11:00:33,806 - DEBUG - Variables created.[0m
[34m2025-01-02 11:00:34,652 - DEBUG - Constraint (not too many treatments) created.[0m
[34m2025-01-02 11:00:35,264 - DEBUG - Constraint (no_treatments_outside admittance) created.[0m
[34m2025-01-02 11:00:35,265 - DEBUG - Constraint (bed_usage) created.[0m
[34m2025-01-02 11:00:35,266 - DEBUG - Constraint (must be admitted) created.[0m
[34m2025-01-02 11:00:35,362 - DEBUG - Constraint (e_w_ub) created.[0m
[34m2025-01-02 11:00:35,390 - DEBUG - Constraint (day_ub) created.[0m
[34m2025-01-02 11:00:35,417 - DEBUG - Constraint (Day always) created.[0m
[34m2025-01-02 11:00:35,417 - DEBUG - Constraint (already_admitted) created.[0m
[32m2025-01-02 11:00:35,996 - INFO - Time to create model: 2.391[0m
[32m2025-01-02 11:00:35,996 - INFO - Solving model: LBBDSolver[0m
Gurobi Optimizer version 10.0.0 build v10.0.0rc2 (linux64)

CPU model: Intel(R) Xeon(R) Platinum 8468, instruction set [SSE2|AVX|AVX2|AVX512]
Thread count: 96 physical cores, 96 logical processors, using up to 4 threads

Optimize a model with 121184 rows, 49620 columns and 974121 nonzeros
Model fingerprint: 0xb17e755e
Variable types: 3 continuous, 49617 integer (49617 binary)
Coefficient statistics:
  Matrix range     [1e+00, 1e+01]
  Objective range  [1e+00, 1e+01]
  Bounds range     [1e+00, 1e+00]
  RHS range        [1e+00, 2e+03]
Found heuristic solution: objective 1209.0000000
Presolve added 0 rows and 236 columns
Presolve removed 60939 rows and 0 columns
Presolve time: 1.46s
Presolved: 60245 rows, 49856 columns, 742026 nonzeros
Variable types: 1 continuous, 49855 integer (49754 binary)
Found heuristic solution: objective 841.0000000
Starting NoRel heuristic
Found heuristic solution: objective 837.0000000
Root relaxation presolved: 60146 rows, 49955 columns, 715180 nonzeros

Deterministic concurrent LP optimizer: primal simplex, dual simplex, and barrier
Showing barrier log only...

Root barrier log...

Ordering time: 0.01s

Barrier statistics:
 Dense cols : 73
 AA' NZ     : 9.059e+04
 Factor NZ  : 3.428e+05 (roughly 7 MB of memory)
 Factor Ops : 5.982e+07 (less than 1 second per iteration)
 Threads    : 2

                  Objective                Residual
Iter       Primal          Dual         Primal    Dual     Compl     Time
   0  -1.38109767e+06 -1.09679225e+04  3.66e+04 1.24e+00  1.37e+02    11s
   1  -6.18606301e+05 -2.74911651e+04  1.64e+04 3.60e-01  5.78e+01    11s
   2  -9.43234553e+04 -2.21330544e+04  2.50e+03 2.12e-02  9.68e+00    11s
   3  -2.73867998e+04 -1.30358233e+04  7.26e+02 4.47e-03  3.02e+00    11s
   4  -8.38216955e+03 -5.22698103e+03  2.23e+02 7.63e-04  8.90e-01    11s
   5   7.10810492e+01 -1.48873325e+03  5.44e+00 3.45e-04  1.35e-01    11s
   6   1.32124628e+02 -1.44563250e+02  8.10e-01 3.99e-05  2.24e-02    11s
   7   1.35960388e+02  8.87823141e+01  2.48e-01 5.77e-05  4.09e-03    11s
   8   1.36178015e+02  1.25978489e+02  5.00e-02 1.12e-04  8.73e-04    11s
   9   1.36100474e+02  1.34089512e+02  1.97e-02 2.02e-05  2.00e-04    11s
  10   1.36022211e+02  1.35894728e+02  1.66e-03 1.07e-05  1.38e-05    11s
  11   1.36000140e+02  1.35999121e+02  1.43e-06 1.12e-06  7.72e-08    11s
  12   1.36000000e+02  1.35999999e+02  1.68e-11 3.82e-09  7.72e-11    11s

Barrier solved model in 12 iterations and 11.17 seconds (3.97 work units)
Optimal objective 1.36000000e+02


Root crossover log...

     785 DPushes remaining with DInf 0.0000000e+00                11s
       0 DPushes remaining with DInf 0.0000000e+00                11s

    2801 PPushes remaining with PInf 0.0000000e+00                11s
       0 PPushes remaining with PInf 0.0000000e+00                11s

  Push phase complete: Pinf 0.0000000e+00, Dinf 7.7342577e-12     11s


Root simplex log...

Iteration    Objective       Primal Inf.    Dual Inf.      Time
    3148    1.3600000e+02   0.000000e+00   0.000000e+00     11s
Concurrent spin time: 0.01s

Solved with barrier
    3148    1.3600000e+02   0.000000e+00   0.000000e+00     11s

Use crossover to convert LP symmetric solution to basic solution...

Root crossover log...

       0 DPushes remaining with DInf 0.0000000e+00                12s

   14444 PPushes remaining with PInf 0.0000000e+00                12s
       0 PPushes remaining with PInf 0.0000000e+00                13s

  Push phase complete: Pinf 0.0000000e+00, Dinf 9.5987258e-11     13s


Root simplex log...

Iteration    Objective       Primal Inf.    Dual Inf.      Time
   17613    1.3600000e+02   0.000000e+00   0.000000e+00     13s
   17613    1.3600000e+02   0.000000e+00   0.000000e+00     13s

Root relaxation: objective 1.360000e+02, 17613 iterations, 3.07 seconds (0.90 work units)
Total elapsed time = 18.34s

    Nodes    |    Current Node    |     Objective Bounds      |     Work
 Expl Unexpl |  Obj  Depth IntInf | Incumbent    BestBd   Gap | It/Node Time

*    0     0               0     136.0000000  136.00000  0.00%     -   36s

Explored 1 nodes (37897 simplex iterations) in 36.51 seconds (14.30 work units)
Thread count was 4 (of 96 available processors)

Solution count 4: 136 837 841 1209 

Optimal solution found (tolerance 1.00e-04)
Best objective 1.360000000000e+02, best bound 1.360000000000e+02, gap 0.0000%

User-callback calls 828, time in user-callback 25.40 sec
[34m2025-01-02 11:01:12,542 - DEBUG - Finished optimization[0m
[34m2025-01-02 11:01:12,542 - DEBUG - Subsolver stats:[0m
[32m2025-01-02 11:01:12,542 - INFO - Number of cuts added: 0 (bad=0, good=0)[0m
[32m2025-01-02 11:01:12,542 - INFO - Unnecessary comps: (0 / 0)[0m
[32m2025-01-02 11:01:12,542 - INFO - Calls to is_day_infeasible: cp_solver=43/ total=56 stored=13[0m
[32m2025-01-02 11:01:12,542 - INFO - Is feasible: 25.30038356781006 0.996452968293175[0m
[32m2025-01-02 11:01:12,542 - INFO - Subsolver: Solve Model: 24.569722414016724/0.9716154431297063[0m
[32m2025-01-02 11:01:12,542 - INFO - Subsolver: Create Model: 0.7177743911743164/0.02838455687029374[0m
[32m2025-01-02 11:01:12,542 - INFO - Num_constraints-added: 0[0m
[32m2025-01-02 11:01:12,542 - INFO - Optimal solution found.[0m
[34m2025-01-02 11:01:12,542 - DEBUG - Sub Objectives:[0m
[34m2025-01-02 11:01:12,542 - DEBUG - (SOLVER):Minimize Delay: 0.0[0m
[34m2025-01-02 11:01:12,543 - DEBUG - (SOLVER):Minimize Missing Treatments: 136.0[0m
[32m2025-01-02 11:01:12,543 - INFO - All cuts [][0m
[32m2025-01-02 11:01:12,543 - INFO - All cuts [][0m
[34m2025-01-02 11:01:35,824 - DEBUG - Patient 0 is admitted at day 0.[0m
[34m2025-01-02 11:01:35,825 - DEBUG - Patient 1 is admitted at day 1.[0m
[34m2025-01-02 11:01:35,825 - DEBUG - Patient 2 is admitted at day 2.[0m
[34m2025-01-02 11:01:35,825 - DEBUG - Patient 3 is admitted at day 2.[0m
[34m2025-01-02 11:01:35,825 - DEBUG - Patient 4 is admitted at day 3.[0m
[34m2025-01-02 11:01:35,825 - DEBUG - Patient 5 is admitted at day 4.[0m
[34m2025-01-02 11:01:35,825 - DEBUG - Patient 6 is admitted at day 5.[0m
[34m2025-01-02 11:01:35,825 - DEBUG - Patient 7 is admitted at day 2.[0m
[34m2025-01-02 11:01:35,825 - DEBUG - Patient 8 is admitted at day 7.[0m
[34m2025-01-02 11:01:35,825 - DEBUG - Patient 9 is admitted at day 9.[0m
[34m2025-01-02 11:01:35,825 - DEBUG - Patient 10 is admitted at day 0.[0m
[34m2025-01-02 11:01:35,825 - DEBUG - Patient 11 is admitted at day 2.[0m
[34m2025-01-02 11:01:35,825 - DEBUG - Patient 12 is admitted at day 3.[0m
[34m2025-01-02 11:01:35,825 - DEBUG - Patient 13 is admitted at day 8.[0m
[34m2025-01-02 11:01:35,825 - DEBUG - Patient 14 is admitted at day 6.[0m
[34m2025-01-02 11:01:35,825 - DEBUG - Patient 15 is admitted at day 11.[0m
[34m2025-01-02 11:01:35,825 - DEBUG - Patient 16 is admitted at day 4.[0m
[34m2025-01-02 11:01:35,825 - DEBUG - Patient 17 is admitted at day 5.[0m
[34m2025-01-02 11:01:35,825 - DEBUG - Patient 19 is admitted at day 0.[0m
[34m2025-01-02 11:01:35,825 - DEBUG - Patients [10, 19] have treatment 3 starting at day 0, hour 8.0 using resources [9, 6].[0m
[34m2025-01-02 11:01:35,825 - DEBUG - Patients [10, 19] have treatment 3 starting at day 0, hour 13.0 using resources [1, 6].[0m
[34m2025-01-02 11:01:35,825 - DEBUG - Patients [10] have treatment 4 starting at day 0, hour 15.0 using resources [0, 6].[0m
[34m2025-01-02 11:01:35,825 - DEBUG - Patients [0] have treatment 7 starting at day 0, hour 8.0 using resources [8, 7, 5].[0m
[34m2025-01-02 11:01:35,825 - DEBUG - Patients [0] have treatment 7 starting at day 0, hour 10.0 using resources [8, 6, 5].[0m
[34m2025-01-02 11:01:35,825 - DEBUG - Patients [0] have treatment 7 starting at day 0, hour 11.0 using resources [8, 6, 5].[0m
[34m2025-01-02 11:01:35,826 - DEBUG - Patients [0] have treatment 1 starting at day 1, hour 8.0 using resources [8].[0m
[34m2025-01-02 11:01:35,826 - DEBUG - Patients [0] have treatment 1 starting at day 1, hour 12.0 using resources [6].[0m
[34m2025-01-02 11:01:35,826 - DEBUG - Patients [10, 19] have treatment 3 starting at day 1, hour 8.0 using resources [9, 6].[0m
[34m2025-01-02 11:01:35,826 - DEBUG - Patients [10, 19] have treatment 4 starting at day 1, hour 11.5 using resources [0, 6].[0m
[34m2025-01-02 11:01:35,826 - DEBUG - Patients [10, 19] have treatment 4 starting at day 1, hour 13.0 using resources [0, 6].[0m
[34m2025-01-02 11:01:35,826 - DEBUG - Patients [0, 1] have treatment 7 starting at day 1, hour 13.5 using resources [8, 6, 5].[0m
[34m2025-01-02 11:01:35,826 - DEBUG - Patients [1] have treatment 7 starting at day 1, hour 14.5 using resources [8, 6, 5].[0m
[34m2025-01-02 11:01:35,826 - DEBUG - Patients [0, 1] have treatment 9 starting at day 1, hour 10.0 using resources [0, 6].[0m
[34m2025-01-02 11:01:35,826 - DEBUG - Patients [10, 19] have treatment 5 starting at day 2, hour 9.5 using resources [5, 6].[0m
[34m2025-01-02 11:01:35,826 - DEBUG - Patients [2, 3] have treatment 5 starting at day 2, hour 13.0 using resources [5, 6].[0m
[34m2025-01-02 11:01:35,826 - DEBUG - Patients [0] have treatment 5 starting at day 2, hour 13.5 using resources [4, 6].[0m
[34m2025-01-02 11:01:35,826 - DEBUG - Patients [0, 1, 2, 3, 7] have treatment 6 starting at day 2, hour 9.5 using resources [9, 8].[0m
[34m2025-01-02 11:01:35,826 - DEBUG - Patients [0, 1, 2, 3, 7] have treatment 6 starting at day 2, hour 10.75 using resources [0, 8].[0m
[34m2025-01-02 11:01:35,826 - DEBUG - Patients [3, 11] have treatment 9 starting at day 2, hour 8.0 using resources [2, 6].[0m
[34m2025-01-02 11:01:35,826 - DEBUG - Patients [10, 19] have treatment 3 starting at day 3, hour 8.5 using resources [9, 6].[0m
[34m2025-01-02 11:01:35,826 - DEBUG - Patients [12] have treatment 4 starting at day 3, hour 8.0 using resources [3, 6].[0m
[34m2025-01-02 11:01:35,826 - DEBUG - Patients [11] have treatment 4 starting at day 3, hour 13.0 using resources [9, 6].[0m
[34m2025-01-02 11:01:35,826 - DEBUG - Patients [1, 2, 3, 4, 7] have treatment 6 starting at day 3, hour 8.0 using resources [0, 8].[0m
[34m2025-01-02 11:01:35,826 - DEBUG - Patients [0, 1, 2, 4, 7] have treatment 6 starting at day 3, hour 9.25 using resources [2, 8].[0m
[34m2025-01-02 11:01:35,826 - DEBUG - Patients [1] have treatment 7 starting at day 3, hour 10.5 using resources [8, 7, 5].[0m
[34m2025-01-02 11:01:35,826 - DEBUG - Patients [2] have treatment 7 starting at day 3, hour 13.0 using resources [8, 7, 4].[0m
[34m2025-01-02 11:01:35,826 - DEBUG - Patients [3] have treatment 7 starting at day 3, hour 14.0 using resources [8, 7, 5].[0m
[34m2025-01-02 11:01:35,826 - DEBUG - Patients [3, 7] have treatment 7 starting at day 3, hour 15.0 using resources [8, 7, 5].[0m
[34m2025-01-02 11:01:35,826 - DEBUG - Patients [4, 19] have treatment 9 starting at day 3, hour 10.5 using resources [3, 6].[0m
[34m2025-01-02 11:01:35,826 - DEBUG - Patients [1, 19] have treatment 9 starting at day 3, hour 14.0 using resources [4, 6].[0m
[34m2025-01-02 11:01:35,826 - DEBUG - Patients [7] have treatment 1 starting at day 4, hour 8.0 using resources [8].[0m
[34m2025-01-02 11:01:35,827 - DEBUG - Patients [0] have treatment 1 starting at day 4, hour 10.0 using resources [7].[0m
[34m2025-01-02 11:01:35,827 - DEBUG - Patients [2] have treatment 1 starting at day 4, hour 10.5 using resources [7].[0m
[34m2025-01-02 11:01:35,827 - DEBUG - Patients [4] have treatment 1 starting at day 4, hour 12.0 using resources [6].[0m
[34m2025-01-02 11:01:35,827 - DEBUG - Patients [3] have treatment 1 starting at day 4, hour 12.5 using resources [6].[0m
[34m2025-01-02 11:01:35,827 - DEBUG - Patients [11, 12] have treatment 3 starting at day 4, hour 8.0 using resources [9, 7].[0m
[34m2025-01-02 11:01:35,827 - DEBUG - Patients [11, 12] have treatment 3 starting at day 4, hour 10.0 using resources [0, 6].[0m
[34m2025-01-02 11:01:35,827 - DEBUG - Patients [11, 12] have treatment 3 starting at day 4, hour 13.0 using resources [0, 6].[0m
[34m2025-01-02 11:01:35,827 - DEBUG - Patients [10, 16] have treatment 4 starting at day 4, hour 15.0 using resources [2, 6].[0m
[34m2025-01-02 11:01:35,827 - DEBUG - Patients [16] have treatment 4 starting at day 4, hour 15.5 using resources [1, 6].[0m
[34m2025-01-02 11:01:35,827 - DEBUG - Patients [10, 19] have treatment 5 starting at day 4, hour 8.0 using resources [5, 6].[0m
[34m2025-01-02 11:01:35,827 - DEBUG - Patients [1] have treatment 5 starting at day 4, hour 8.5 using resources [5, 6].[0m
[34m2025-01-02 11:01:35,827 - DEBUG - Patients [5] have treatment 7 starting at day 4, hour 9.0 using resources [8, 6, 5].[0m
[34m2025-01-02 11:01:35,827 - DEBUG - Patients [10, 17] have treatment 3 starting at day 5, hour 8.5 using resources [4, 6].[0m
[34m2025-01-02 11:01:35,827 - DEBUG - Patients [16, 17] have treatment 3 starting at day 5, hour 13.0 using resources [2, 6].[0m
[34m2025-01-02 11:01:35,827 - DEBUG - Patients [11, 17] have treatment 4 starting at day 5, hour 8.0 using resources [9, 8].[0m
[34m2025-01-02 11:01:35,827 - DEBUG - Patients [11, 19] have treatment 4 starting at day 5, hour 10.5 using resources [1, 7].[0m
[34m2025-01-02 11:01:35,827 - DEBUG - Patients [2, 6] have treatment 5 starting at day 5, hour 8.0 using resources [4, 6].[0m
[34m2025-01-02 11:01:35,827 - DEBUG - Patients [0, 1] have treatment 5 starting at day 5, hour 8.0 using resources [5, 7].[0m
[34m2025-01-02 11:01:35,827 - DEBUG - Patients [0, 1, 2, 4, 7] have treatment 6 starting at day 5, hour 13.0 using resources [0, 8].[0m
[34m2025-01-02 11:01:35,827 - DEBUG - Patients [1, 5] have treatment 7 starting at day 5, hour 8.5 using resources [8, 7, 5].[0m
[34m2025-01-02 11:01:35,827 - DEBUG - Patients [2, 3] have treatment 7 starting at day 5, hour 9.5 using resources [8, 7, 5].[0m
[34m2025-01-02 11:01:35,827 - DEBUG - Patients [3, 4] have treatment 7 starting at day 5, hour 11.0 using resources [8, 7, 4].[0m
[34m2025-01-02 11:01:35,827 - DEBUG - Patients [5, 7] have treatment 7 starting at day 5, hour 15.0 using resources [8, 6, 5].[0m
[34m2025-01-02 11:01:35,827 - DEBUG - Patients [0, 12] have treatment 9 starting at day 5, hour 10.5 using resources [3, 6].[0m
[34m2025-01-02 11:01:35,827 - DEBUG - Patients [5, 10, 12, 19] have treatment 9 starting at day 5, hour 13.0 using resources [1, 7].[0m
[34m2025-01-02 11:01:35,827 - DEBUG - Patients [0, 2, 12] have treatment 9 starting at day 5, hour 14.5 using resources [0, 7].[0m
[34m2025-01-02 11:01:35,828 - DEBUG - Patients [5] have treatment 1 starting at day 6, hour 10.5 using resources [7].[0m
[34m2025-01-02 11:01:35,828 - DEBUG - Patients [10, 12, 16, 17, 19] have treatment 2 starting at day 6, hour 13.5 using resources [9, 6].[0m
[34m2025-01-02 11:01:35,828 - DEBUG - Patients [10, 11, 12, 14, 17] have treatment 2 starting at day 6, hour 15.25 using resources [0, 6].[0m
[34m2025-01-02 11:01:35,828 - DEBUG - Patients [11, 16, 17, 19] have treatment 3 starting at day 6, hour 8.0 using resources [2, 6].[0m
[34m2025-01-02 11:01:35,828 - DEBUG - Patients [19] have treatment 4 starting at day 6, hour 14.75 using resources [0, 6].[0m
[34m2025-01-02 11:01:35,828 - DEBUG - Patients [14, 16] have treatment 5 starting at day 6, hour 10.0 using resources [5, 6].[0m
[34m2025-01-02 11:01:35,828 - DEBUG - Patients [6, 14] have treatment 5 starting at day 6, hour 13.0 using resources [5, 6].[0m
[34m2025-01-02 11:01:35,828 - DEBUG - Patients [4] have treatment 5 starting at day 6, hour 14.25 using resources [4, 6].[0m
[34m2025-01-02 11:01:35,828 - DEBUG - Patients [2, 3, 4, 5, 6, 7] have treatment 6 starting at day 6, hour 8.0 using resources [0, 8].[0m
[34m2025-01-02 11:01:35,828 - DEBUG - Patients [0, 1, 5, 6, 7] have treatment 6 starting at day 6, hour 9.25 using resources [0, 8].[0m
[34m2025-01-02 11:01:35,828 - DEBUG - Patients [0, 1, 2, 6, 7] have treatment 6 starting at day 6, hour 13.5 using resources [0, 8].[0m
[34m2025-01-02 11:01:35,828 - DEBUG - Patients [10, 11] have treatment 9 starting at day 6, hour 10.5 using resources [0, 6].[0m
[34m2025-01-02 11:01:35,828 - DEBUG - Patients [7] have treatment 1 starting at day 7, hour 9.25 using resources [8].[0m
[34m2025-01-02 11:01:35,828 - DEBUG - Patients [6] have treatment 1 starting at day 7, hour 9.25 using resources [7].[0m
[34m2025-01-02 11:01:35,828 - DEBUG - Patients [3] have treatment 1 starting at day 7, hour 9.75 using resources [7].[0m
[34m2025-01-02 11:01:35,828 - DEBUG - Patients [2] have treatment 1 starting at day 7, hour 12.0 using resources [6].[0m
[34m2025-01-02 11:01:35,828 - DEBUG - Patients [1] have treatment 1 starting at day 7, hour 12.5 using resources [6].[0m
[34m2025-01-02 11:01:35,828 - DEBUG - Patients [11, 12, 14, 16, 19] have treatment 2 starting at day 7, hour 13.0 using resources [9, 6].[0m
[34m2025-01-02 11:01:35,828 - DEBUG - Patients [14] have treatment 4 starting at day 7, hour 14.25 using resources [0, 6].[0m
[34m2025-01-02 11:01:35,828 - DEBUG - Patients [17] have treatment 4 starting at day 7, hour 14.75 using resources [1, 6].[0m
[34m2025-01-02 11:01:35,828 - DEBUG - Patients [8, 16] have treatment 5 starting at day 7, hour 9.5 using resources [5, 6].[0m
[34m2025-01-02 11:01:35,828 - DEBUG - Patients [2, 7] have treatment 5 starting at day 7, hour 11.5 using resources [5, 6].[0m
[34m2025-01-02 11:01:35,828 - DEBUG - Patients [7] have treatment 5 starting at day 7, hour 13.75 using resources [5, 6].[0m
[34m2025-01-02 11:01:35,828 - DEBUG - Patients [7] have treatment 5 starting at day 7, hour 15.25 using resources [4, 6].[0m
[34m2025-01-02 11:01:35,828 - DEBUG - Patients [1, 3, 4, 5, 6, 8] have treatment 6 starting at day 7, hour 8.0 using resources [2, 8].[0m
[34m2025-01-02 11:01:35,828 - DEBUG - Patients [3, 4, 5, 6, 8] have treatment 6 starting at day 7, hour 13.0 using resources [0, 8].[0m
[34m2025-01-02 11:01:35,829 - DEBUG - Patients [0, 3, 4, 5, 8] have treatment 6 starting at day 7, hour 14.75 using resources [0, 8].[0m
[34m2025-01-02 11:01:35,829 - DEBUG - Patients [10, 11, 14, 17, 19] have treatment 9 starting at day 7, hour 8.0 using resources [0, 6].[0m
[34m2025-01-02 11:01:35,829 - DEBUG - Patients [4, 10] have treatment 9 starting at day 7, hour 10.0 using resources [0, 6].[0m
[34m2025-01-02 11:01:35,829 - DEBUG - Patients [8] have treatment 1 starting at day 8, hour 8.0 using resources [6].[0m
[34m2025-01-02 11:01:35,829 - DEBUG - Patients [1] have treatment 1 starting at day 8, hour 9.5 using resources [7].[0m
[34m2025-01-02 11:01:35,829 - DEBUG - Patients [10, 12, 13, 14, 16, 17, 19] have treatment 2 starting at day 8, hour 8.0 using resources [1, 7].[0m
[34m2025-01-02 11:01:35,829 - DEBUG - Patients [10, 11, 12, 13, 14, 16, 19] have treatment 2 starting at day 8, hour 10.25 using resources [4, 7].[0m
[34m2025-01-02 11:01:35,829 - DEBUG - Patients [10, 11, 12, 13, 14, 16, 17, 19] have treatment 2 starting at day 8, hour 11.0 using resources [3, 6].[0m
[34m2025-01-02 11:01:35,829 - DEBUG - Patients [11] have treatment 4 starting at day 8, hour 14.5 using resources [9, 6].[0m
[34m2025-01-02 11:01:35,829 - DEBUG - Patients [5, 8] have treatment 5 starting at day 8, hour 14.0 using resources [5, 6].[0m
[34m2025-01-02 11:01:35,829 - DEBUG - Patients [0, 3, 4, 5, 6, 7, 8] have treatment 6 starting at day 8, hour 8.5 using resources [9, 8].[0m
[34m2025-01-02 11:01:35,829 - DEBUG - Patients [0, 4, 5, 6, 7, 8] have treatment 6 starting at day 8, hour 9.75 using resources [9, 8].[0m
[34m2025-01-02 11:01:35,829 - DEBUG - Patients [4, 7] have treatment 7 starting at day 8, hour 11.0 using resources [8, 7, 4].[0m
[34m2025-01-02 11:01:35,829 - DEBUG - Patients [6, 7] have treatment 7 starting at day 8, hour 13.0 using resources [8, 6, 5].[0m
[34m2025-01-02 11:01:35,829 - DEBUG - Patients [0, 2] have treatment 7 starting at day 8, hour 14.0 using resources [8, 7, 4].[0m
[34m2025-01-02 11:01:35,829 - DEBUG - Patients [1] have treatment 7 starting at day 8, hour 15.0 using resources [8, 7, 4].[0m
[34m2025-01-02 11:01:35,829 - DEBUG - Patients [1] have treatment 1 starting at day 9, hour 9.0 using resources [7].[0m
[34m2025-01-02 11:01:35,829 - DEBUG - Patients [10, 13, 16, 17, 19] have treatment 2 starting at day 9, hour 8.0 using resources [9, 6].[0m
[34m2025-01-02 11:01:35,829 - DEBUG - Patients [10, 11, 16, 17, 19] have treatment 2 starting at day 9, hour 14.5 using resources [9, 6].[0m
[34m2025-01-02 11:01:35,829 - DEBUG - Patients [10, 11, 13, 14, 19] have treatment 2 starting at day 9, hour 15.25 using resources [1, 6].[0m
[34m2025-01-02 11:01:35,829 - DEBUG - Patients [12, 13] have treatment 3 starting at day 9, hour 9.0 using resources [4, 6].[0m
[34m2025-01-02 11:01:35,829 - DEBUG - Patients [14] have treatment 4 starting at day 9, hour 8.0 using resources [0, 7].[0m
[34m2025-01-02 11:01:35,829 - DEBUG - Patients [12] have treatment 4 starting at day 9, hour 8.5 using resources [0, 7].[0m
[34m2025-01-02 11:01:35,829 - DEBUG - Patients [17] have treatment 4 starting at day 9, hour 11.5 using resources [9, 8].[0m
[34m2025-01-02 11:01:35,829 - DEBUG - Patients [3, 4] have treatment 5 starting at day 9, hour 11.0 using resources [5, 6].[0m
[34m2025-01-02 11:01:35,829 - DEBUG - Patients [0] have treatment 5 starting at day 9, hour 11.5 using resources [5, 6].[0m
[34m2025-01-02 11:01:35,830 - DEBUG - Patients [3, 5, 6, 8, 9] have treatment 6 starting at day 9, hour 9.0 using resources [0, 8].[0m
[34m2025-01-02 11:01:35,830 - DEBUG - Patients [1, 2, 5, 6, 8] have treatment 6 starting at day 9, hour 10.25 using resources [2, 8].[0m
[34m2025-01-02 11:01:35,830 - DEBUG - Patients [0, 1, 2, 3, 6] have treatment 6 starting at day 9, hour 14.5 using resources [0, 8].[0m
[34m2025-01-02 11:01:35,830 - DEBUG - Patients [7, 14] have treatment 9 starting at day 9, hour 13.0 using resources [0, 6].[0m
[34m2025-01-02 11:01:35,830 - DEBUG - Patients [6] have treatment 1 starting at day 10, hour 10.5 using resources [8].[0m
[34m2025-01-02 11:01:35,830 - DEBUG - Patients [3] have treatment 1 starting at day 10, hour 11.0 using resources [8].[0m
[34m2025-01-02 11:01:35,830 - DEBUG - Patients [11, 12, 14, 16, 17] have treatment 2 starting at day 10, hour 15.0 using resources [9, 7].[0m
[34m2025-01-02 11:01:35,830 - DEBUG - Patients [11, 13, 16] have treatment 3 starting at day 10, hour 8.0 using resources [1, 7].[0m
[34m2025-01-02 11:01:35,830 - DEBUG - Patients [13, 16] have treatment 3 starting at day 10, hour 13.0 using resources [0, 7].[0m
[34m2025-01-02 11:01:35,830 - DEBUG - Patients [9, 12] have treatment 5 starting at day 10, hour 10.0 using resources [5, 7].[0m
[34m2025-01-02 11:01:35,830 - DEBUG - Patients [1, 11] have treatment 5 starting at day 10, hour 10.5 using resources [5, 7].[0m
[34m2025-01-02 11:01:35,830 - DEBUG - Patients [2, 4, 5, 8, 9] have treatment 6 starting at day 10, hour 8.0 using resources [0, 8].[0m
[34m2025-01-02 11:01:35,830 - DEBUG - Patients [4] have treatment 7 starting at day 10, hour 9.5 using resources [8, 6, 4].[0m
[34m2025-01-02 11:01:35,830 - DEBUG - Patients [2, 7] have treatment 7 starting at day 10, hour 13.0 using resources [8, 6, 4].[0m
[34m2025-01-02 11:01:35,830 - DEBUG - Patients [5, 8] have treatment 7 starting at day 10, hour 14.0 using resources [8, 6, 5].[0m
[34m2025-01-02 11:01:35,830 - DEBUG - Patients [3, 8] have treatment 7 starting at day 10, hour 15.0 using resources [8, 6, 5].[0m
[34m2025-01-02 11:01:35,830 - DEBUG - Patients [1, 17] have treatment 9 starting at day 10, hour 8.0 using resources [2, 6].[0m
[34m2025-01-02 11:01:35,830 - DEBUG - Patients [4, 7, 9, 17] have treatment 9 starting at day 10, hour 10.5 using resources [0, 6].[0m
[34m2025-01-02 11:01:35,830 - DEBUG - Patients [7] have treatment 1 starting at day 11, hour 9.0 using resources [6].[0m
[34m2025-01-02 11:01:35,830 - DEBUG - Patients [4] have treatment 1 starting at day 11, hour 12.0 using resources [7].[0m
[34m2025-01-02 11:01:35,830 - DEBUG - Patients [2] have treatment 1 starting at day 11, hour 12.5 using resources [7].[0m
[34m2025-01-02 11:01:35,830 - DEBUG - Patients [11, 12, 13, 14, 15, 17] have treatment 2 starting at day 11, hour 9.75 using resources [9, 6].[0m
[34m2025-01-02 11:01:35,830 - DEBUG - Patients [14, 15] have treatment 3 starting at day 11, hour 14.0 using resources [3, 7].[0m
[34m2025-01-02 11:01:35,830 - DEBUG - Patients [13, 14] have treatment 4 starting at day 11, hour 8.25 using resources [0, 7].[0m
[34m2025-01-02 11:01:35,830 - DEBUG - Patients [12, 17] have treatment 4 starting at day 11, hour 15.5 using resources [9, 8].[0m
[34m2025-01-02 11:01:35,831 - DEBUG - Patients [11, 17] have treatment 5 starting at day 11, hour 9.0 using resources [5, 7].[0m
[34m2025-01-02 11:01:35,831 - DEBUG - Patients [3, 9] have treatment 5 starting at day 11, hour 15.5 using resources [4, 6].[0m
[34m2025-01-02 11:01:35,831 - DEBUG - Patients [8, 9] have treatment 7 starting at day 11, hour 8.0 using resources [8, 6, 5].[0m
[34m2025-01-02 11:01:35,831 - DEBUG - Patients [6, 9] have treatment 7 starting at day 11, hour 9.5 using resources [8, 7, 5].[0m
[34m2025-01-02 11:01:35,831 - DEBUG - Patients [6, 9] have treatment 7 starting at day 11, hour 13.0 using resources [8, 7, 5].[0m
[34m2025-01-02 11:01:35,831 - DEBUG - Patients [2, 4] have treatment 7 starting at day 11, hour 14.5 using resources [8, 6, 5].[0m
[34m2025-01-02 11:01:35,831 - DEBUG - Patients [2, 6, 7, 11, 15] have treatment 9 starting at day 11, hour 10.5 using resources [1, 7].[0m
[34m2025-01-02 11:01:35,831 - DEBUG - Patients [5, 16] have treatment 9 starting at day 11, hour 10.5 using resources [2, 6].[0m
[34m2025-01-02 11:01:35,831 - DEBUG - Patients [3, 12] have treatment 9 starting at day 11, hour 10.5 using resources [9, 8].[0m
[34m2025-01-02 11:01:35,831 - DEBUG - Patients [2, 3] have treatment 9 starting at day 11, hour 13.0 using resources [9, 6].[0m
[34m2025-01-02 11:01:35,831 - DEBUG - Patients [9] have treatment 1 starting at day 12, hour 10.0 using resources [7].[0m
[34m2025-01-02 11:01:35,831 - DEBUG - Patients [8] have treatment 1 starting at day 12, hour 10.5 using resources [7].[0m
[34m2025-01-02 11:01:35,831 - DEBUG - Patients [8] have treatment 1 starting at day 12, hour 11.0 using resources [7].[0m
[34m2025-01-02 11:01:35,831 - DEBUG - Patients [6] have treatment 1 starting at day 12, hour 12.0 using resources [6].[0m
[34m2025-01-02 11:01:35,831 - DEBUG - Patients [4] have treatment 1 starting at day 12, hour 12.5 using resources [6].[0m
[34m2025-01-02 11:01:35,831 - DEBUG - Patients [12, 13, 14, 15, 16, 17] have treatment 3 starting at day 12, hour 8.0 using resources [9, 7].[0m
[34m2025-01-02 11:01:35,831 - DEBUG - Patients [15, 16] have treatment 4 starting at day 12, hour 15.0 using resources [0, 6].[0m
[34m2025-01-02 11:01:35,831 - DEBUG - Patients [12, 14] have treatment 4 starting at day 12, hour 15.5 using resources [0, 6].[0m
[34m2025-01-02 11:01:35,831 - DEBUG - Patients [13, 17] have treatment 5 starting at day 12, hour 11.5 using resources [5, 6].[0m
[34m2025-01-02 11:01:35,831 - DEBUG - Patients [8, 12] have treatment 5 starting at day 12, hour 14.0 using resources [5, 6].[0m
[34m2025-01-02 11:01:35,831 - DEBUG - Patients [4, 5] have treatment 5 starting at day 12, hour 14.5 using resources [4, 6].[0m
[34m2025-01-02 11:01:35,831 - DEBUG - Patients [8, 9] have treatment 7 starting at day 12, hour 8.0 using resources [8, 6, 5].[0m
[34m2025-01-02 11:01:35,831 - DEBUG - Patients [6, 9] have treatment 7 starting at day 12, hour 9.0 using resources [8, 6, 5].[0m
[34m2025-01-02 11:01:35,831 - DEBUG - Patients [4, 5] have treatment 7 starting at day 12, hour 13.0 using resources [8, 6, 4].[0m
[34m2025-01-02 11:01:35,831 - DEBUG - Patients [13, 14, 15, 16] have treatment 9 starting at day 12, hour 10.0 using resources [2, 6].[0m
[34m2025-01-02 11:01:35,831 - DEBUG - Patients [5] have treatment 1 starting at day 13, hour 8.5 using resources [8].[0m
[34m2025-01-02 11:01:35,832 - DEBUG - Patients [5] have treatment 1 starting at day 13, hour 9.5 using resources [8].[0m
[34m2025-01-02 11:01:35,832 - DEBUG - Patients [9] have treatment 1 starting at day 13, hour 11.5 using resources [8].[0m
[34m2025-01-02 11:01:35,832 - DEBUG - Patients [15, 17] have treatment 3 starting at day 13, hour 8.0 using resources [9, 6].[0m
[34m2025-01-02 11:01:35,832 - DEBUG - Patients [14, 15] have treatment 3 starting at day 13, hour 10.0 using resources [1, 7].[0m
[34m2025-01-02 11:01:35,832 - DEBUG - Patients [14, 15] have treatment 3 starting at day 13, hour 13.0 using resources [0, 6].[0m
[34m2025-01-02 11:01:35,832 - DEBUG - Patients [13, 16] have treatment 4 starting at day 13, hour 8.0 using resources [1, 8].[0m
[34m2025-01-02 11:01:35,832 - DEBUG - Patients [5] have treatment 5 starting at day 13, hour 9.0 using resources [5, 8].[0m
[34m2025-01-02 11:01:35,832 - DEBUG - Patients [6] have treatment 5 starting at day 13, hour 9.5 using resources [4, 7].[0m
[34m2025-01-02 11:01:35,832 - DEBUG - Patients [6, 8] have treatment 7 starting at day 13, hour 14.5 using resources [8, 7, 5].[0m
[34m2025-01-02 11:01:35,832 - DEBUG - Patients [6, 8, 9, 14] have treatment 9 starting at day 13, hour 8.0 using resources [0, 7].[0m
[34m2025-01-02 11:01:35,832 - DEBUG - Patients [5, 8, 9, 13, 16, 17] have treatment 9 starting at day 13, hour 10.0 using resources [0, 6].[0m
[34m2025-01-02 11:01:35,832 - DEBUG - Patients [6, 8, 13, 16] have treatment 9 starting at day 13, hour 13.0 using resources [2, 8].[0m
[34m2025-01-02 11:01:35,843 - DEBUG - Checking solution value.[0m
[34m2025-01-02 11:01:35,843 - DEBUG - Solvers objective function value: 136.0[0m
[34m2025-01-02 11:01:35,844 - DEBUG - (VERIFIER):Treatment value: 0[0m
[34m2025-01-02 11:01:35,844 - DEBUG - (VERIFIER):Delay value: 0[0m
[34m2025-01-02 11:01:35,844 - DEBUG - (VERIFIER):Missing treatment value: 136[0m
[34m2025-01-02 11:01:35,844 - DEBUG - Correct objective function value: 136[0m
[34m2025-01-02 11:01:35,844 - DEBUG - Solution is valid.[0m
[34m2025-01-02 11:01:35,844 - DEBUG - All solvers accepted the solution.[0m
[32m2025-01-02 11:01:35,844 - INFO - Time to find solution: 59.848s with value 136.000000[0m
[32m2025-01-02 11:01:35,844 - INFO - Total Time: 62.24s[0m
