1.NAME: LBBDSolver
2.PARAMS: {'break_symmetry': True, 'add_constraints_to_symmetrc_days': True, 'subsolver_cls': 'CPSubSolver2'}
3.INSTANCE: /home/wx350715/Kobra/rehabiliation-admission-scheduling/data/comp_study_002/instance_1_15.txt
4.REPETITION: 1
Current directory: /home/wx350715/Kobra/rehabiliation-admission-scheduling
[34m2025-01-02 11:00:37,637 - DEBUG - Solver: <class 'src.solvers.benders.LBBDSolver'>[0m
[34m2025-01-02 11:00:37,637 - DEBUG - Args: {'break_symmetry': True, 'add_constraints_to_symmetrc_days': True, 'subsolver_cls': 'CPSubSolver2'}[0m
[34m2025-01-02 11:00:37,637 - DEBUG - File path /home/wx350715/Kobra/rehabiliation-admission-scheduling/data/comp_study_002/instance_1_15.txt[0m
[34m2025-01-02 11:00:37,638 - DEBUG - ADD INSTANCE DATA[0m
[34m2025-01-02 11:00:37,638 - DEBUG - ADD INSTANCE DATA[0m
[34m2025-01-02 11:00:37,638 - DEBUG - ADD INSTANCE DATA[0m
[34m2025-01-02 11:00:37,638 - DEBUG - ADD INSTANCE DATA[0m
[34m2025-01-02 11:00:37,638 - DEBUG - ADD INSTANCE DATA[0m
[34m2025-01-02 11:00:37,638 - DEBUG - ADD INSTANCE DATA[0m
[34m2025-01-02 11:00:37,638 - DEBUG - ADD INSTANCE DATA[0m
[34m2025-01-02 11:00:37,638 - DEBUG - ADD INSTANCE DATA[0m
[34m2025-01-02 11:00:37,638 - DEBUG - ADD INSTANCE DATA[0m
[34m2025-01-02 11:00:37,638 - DEBUG - ADD INSTANCE DATA[0m
[34m2025-01-02 11:00:37,638 - DEBUG - ADD INSTANCE DATA[0m
[34m2025-01-02 11:00:37,638 - DEBUG - ADD RESOURCE_GROUPS[0m
[34m2025-01-02 11:00:37,638 - DEBUG - ADD RESOURCE_GROUPS[0m
[34m2025-01-02 11:00:37,638 - DEBUG - ADD RESOURCE_GROUPS[0m
[34m2025-01-02 11:00:37,638 - DEBUG - ADD RESOURCE_GROUPS[0m
[34m2025-01-02 11:00:37,639 - DEBUG - ADD RESOURCES[0m
[34m2025-01-02 11:00:37,639 - DEBUG - ADD RESOURCES[0m
[34m2025-01-02 11:00:37,639 - DEBUG - ADD RESOURCES[0m
[34m2025-01-02 11:00:37,639 - DEBUG - ADD RESOURCES[0m
[34m2025-01-02 11:00:37,639 - DEBUG - ADD RESOURCES[0m
[34m2025-01-02 11:00:37,639 - DEBUG - ADD RESOURCES[0m
[34m2025-01-02 11:00:37,639 - DEBUG - ADD RESOURCES[0m
[34m2025-01-02 11:00:37,639 - DEBUG - ADD RESOURCES[0m
[34m2025-01-02 11:00:37,639 - DEBUG - ADD RESOURCES[0m
[34m2025-01-02 11:00:37,639 - DEBUG - ADD TREATMENTS[0m
[34m2025-01-02 11:00:37,639 - DEBUG - ADD TREATMENTS[0m
[34m2025-01-02 11:00:37,639 - DEBUG - ADD TREATMENTS[0m
[34m2025-01-02 11:00:37,640 - DEBUG - ADD TREATMENTS[0m
[34m2025-01-02 11:00:37,640 - DEBUG - ADD TREATMENTS[0m
[34m2025-01-02 11:00:37,640 - DEBUG - ADD TREATMENTS[0m
[34m2025-01-02 11:00:37,640 - DEBUG - ADD TREATMENTS[0m
[34m2025-01-02 11:00:37,640 - DEBUG - ADD TREATMENTS[0m
[34m2025-01-02 11:00:37,640 - DEBUG - ADD PATIENTS[0m
[34m2025-01-02 11:00:37,640 - DEBUG - ADD PATIENTS[0m
[34m2025-01-02 11:00:37,640 - DEBUG - ADD PATIENTS[0m
[34m2025-01-02 11:00:37,640 - DEBUG - ADD PATIENTS[0m
[34m2025-01-02 11:00:37,640 - DEBUG - ADD PATIENTS[0m
[34m2025-01-02 11:00:37,640 - DEBUG - ADD PATIENTS[0m
[34m2025-01-02 11:00:37,641 - DEBUG - ADD PATIENTS[0m
[34m2025-01-02 11:00:37,641 - DEBUG - ADD PATIENTS[0m
[34m2025-01-02 11:00:37,641 - DEBUG - ADD PATIENTS[0m
[34m2025-01-02 11:00:37,641 - DEBUG - ADD PATIENTS[0m
[34m2025-01-02 11:00:37,641 - DEBUG - ADD PATIENTS[0m
[34m2025-01-02 11:00:37,641 - DEBUG - ADD PATIENTS[0m
[34m2025-01-02 11:00:37,641 - DEBUG - ADD PATIENTS[0m
[34m2025-01-02 11:00:37,641 - DEBUG - ADD PATIENTS[0m
[34m2025-01-02 11:00:37,641 - DEBUG - ADD PATIENTS[0m
[34m2025-01-02 11:00:37,641 - DEBUG - ADD PATIENTS[0m
[34m2025-01-02 11:00:37,641 - DEBUG - ADD PATIENTS[0m
[34m2025-01-02 11:00:37,641 - DEBUG - ADD PATIENTS[0m
[34m2025-01-02 11:00:37,642 - DEBUG - ADD PATIENTS[0m
[34m2025-01-02 11:00:37,642 - DEBUG - ADD PATIENTS[0m
[34m2025-01-02 11:00:37,642 - DEBUG - ADD PATIENTS[0m
[34m2025-01-02 11:00:37,642 - DEBUG - ADD PATIENTS[0m
[34m2025-01-02 11:00:37,642 - DEBUG - ADD PATIENTS[0m
[34m2025-01-02 11:00:37,642 - DEBUG - ADD PATIENTS[0m
[34m2025-01-02 11:00:37,642 - DEBUG - ADD PATIENTS[0m
[34m2025-01-02 11:00:37,643 - DEBUG - ADD PATIENTS[0m
[34m2025-01-02 11:00:37,643 - DEBUG - ADD PATIENTS[0m
[34m2025-01-02 11:00:37,643 - DEBUG - ADD PATIENTS[0m
[34m2025-01-02 11:00:37,643 - DEBUG - ADD PATIENTS[0m
[34m2025-01-02 11:00:37,643 - DEBUG - ADD PATIENTS[0m
[34m2025-01-02 11:00:37,643 - DEBUG - ADD PATIENTS[0m
[34m2025-01-02 11:00:37,644 - DEBUG - ADD PATIENTS[0m
[34m2025-01-02 11:00:37,644 - DEBUG - ADD PATIENTS[0m
[34m2025-01-02 11:00:37,644 - DEBUG - ADD PATIENTS[0m
[34m2025-01-02 11:00:37,644 - DEBUG - ADD PATIENTS[0m
[34m2025-01-02 11:00:37,644 - DEBUG - ADD PATIENTS[0m
[34m2025-01-02 11:00:37,644 - DEBUG - ADD PATIENTS[0m
[34m2025-01-02 11:00:37,644 - DEBUG - ADD PATIENTS[0m
[34m2025-01-02 11:00:37,644 - DEBUG - ADD PATIENTS[0m
[34m2025-01-02 11:00:37,644 - DEBUG - ADD PATIENTS[0m
[34m2025-01-02 11:00:37,644 - DEBUG - Instance data:[0m
[34m2025-01-02 11:00:37,645 - DEBUG - Number of patients: 40[0m
[34m2025-01-02 11:00:37,645 - DEBUG - Number of beds: 40[0m
[34m2025-01-02 11:00:37,645 - DEBUG - Average number of treatments per patient: 29.525[0m
[34m2025-01-02 11:00:37,645 - DEBUG - Average number of treatment per stayed day: 2.135623869801085[0m
[34m2025-01-02 11:00:37,645 - DEBUG - Number of treatments: 1181[0m
[34m2025-01-02 11:00:37,645 - DEBUG - Number of resources: 9[0m
[34m2025-01-02 11:00:37,645 - DEBUG - Number of resource groups: 4[0m
[34m2025-01-02 11:00:37,645 - DEBUG - Number of resource hours needed per all treatment by RG(therapists): 38.3375[0m
[34m2025-01-02 11:00:37,645 - DEBUG - Number of resource hours needed per all treatment by RG(rooms): 74.50000000000004[0m
[34m2025-01-02 11:00:37,645 - DEBUG - Number of resource hours needed per all treatment by RG(physiotherapist): 26.0[0m
[34m2025-01-02 11:00:37,645 - DEBUG - Number of resource hours needed per all treatment by RG(sport_room): 18.9375[0m
[32m2025-01-02 11:00:37,645 - INFO - {'solver': 'LBBDSolver', 'args': {'break_symmetry': False, 'subsolver_cls': <class 'src.solvers.subsolvers.cp_subsolver.CPSubsolver'>, 'subsolver.store_results': True, 'subsolver.store_results_method': 'hash', 'use_helper_constraints': True, 'enforce_min_treatments_per_day': True, 'enforce_max_treatments_per_e_w': True, 'enforce_min_patients_per_treatment': True, 'log_to_console': True}}[0m
[34m2025-01-02 11:00:37,645 - DEBUG - Setting options: LBBDSolver[0m
[34m2025-01-02 11:00:37,645 - DEBUG -  ---- break_symmetry to False[0m
[34m2025-01-02 11:00:37,645 - DEBUG -  ---- subsolver_cls to <class 'src.solvers.subsolvers.cp_subsolver.CPSubsolver'>[0m
[34m2025-01-02 11:00:37,645 - DEBUG -  ---- use_helper_constraints to True[0m
[34m2025-01-02 11:00:37,645 - DEBUG -  ---- add_constraints_to_symmetric_days to True (default)[0m
[34m2025-01-02 11:00:37,645 - DEBUG - Setting options: Solver[0m
[34m2025-01-02 11:00:37,645 - DEBUG -  ---- number_of_threads to 4 (default)[0m
[34m2025-01-02 11:00:37,645 - DEBUG -  ---- treatment_value to 0 (default)[0m
[34m2025-01-02 11:00:37,645 - DEBUG -  ---- delay_value to 1 (default)[0m
[34m2025-01-02 11:00:37,645 - DEBUG -  ---- missing_treatment_value to 4 (default)[0m
[34m2025-01-02 11:00:37,645 - DEBUG -  ---- enforce_min_treatments_per_day to True[0m
[34m2025-01-02 11:00:37,645 - DEBUG -  ---- enforce_max_treatments_per_e_w to True[0m
[34m2025-01-02 11:00:37,645 - DEBUG -  ---- enforce_min_patients_per_treatment to True[0m
[34m2025-01-02 11:00:37,645 - DEBUG -  ---- log_to_console to True[0m
[34m2025-01-02 11:00:37,645 - DEBUG -  ---- log_to_file to True (default)[0m
[34m2025-01-02 11:00:37,645 - DEBUG -  ---- no_rel_heur_time to 1 (default)[0m
[34m2025-01-02 11:00:37,670 - DEBUG - Setting options: CPSubsolver[0m
[34m2025-01-02 11:00:37,671 - DEBUG -  ---- estimated_needed_treatments to True (default)[0m
[34m2025-01-02 11:00:37,671 - DEBUG -  ---- add_patient_symmetry to False (default)[0m
[34m2025-01-02 11:00:37,671 - DEBUG - Setting Subsolver options: SubSolver[0m
[34m2025-01-02 11:00:37,671 - DEBUG -  ---- store_results to True[0m
[34m2025-01-02 11:00:37,671 - DEBUG -  ---- store_results_method to hash[0m
[34m2025-01-02 11:00:37,671 - DEBUG -  ---- enforce_min_patients_per_treatment to True[0m
[34m2025-01-02 11:00:37,671 - DEBUG -  ---- use_day_symmetry to True (default)[0m
[32m2025-01-02 11:00:37,692 - INFO - Create model: LBBDSolver[0m
Set parameter TSPort to value 50039
Set parameter TokenServer to value "license.itc.rwth-aachen.de"
Set parameter Threads to value 4
Set parameter Cuts to value 0
Set parameter LazyConstraints to value 1
Set parameter NoRelHeurTime to value 1
[34m2025-01-02 11:00:38,484 - DEBUG - Variables created.[0m
[34m2025-01-02 11:00:41,125 - DEBUG - Constraint (not too many treatments) created.[0m
[34m2025-01-02 11:00:43,115 - DEBUG - Constraint (no_treatments_outside admittance) created.[0m
[34m2025-01-02 11:00:43,117 - DEBUG - Constraint (bed_usage) created.[0m
[34m2025-01-02 11:00:43,117 - DEBUG - Constraint (must be admitted) created.[0m
[34m2025-01-02 11:00:43,407 - DEBUG - Constraint (e_w_ub) created.[0m
[34m2025-01-02 11:00:43,519 - DEBUG - Constraint (day_ub) created.[0m
[34m2025-01-02 11:00:43,632 - DEBUG - Constraint (Day always) created.[0m
[34m2025-01-02 11:00:43,633 - DEBUG - Constraint (already_admitted) created.[0m
[32m2025-01-02 11:00:50,628 - INFO - Time to create model: 12.936[0m
[32m2025-01-02 11:00:50,628 - INFO - Solving model: LBBDSolver[0m
Gurobi Optimizer version 10.0.0 build v10.0.0rc2 (linux64)

CPU model: Intel(R) Xeon(R) Platinum 8468, instruction set [SSE2|AVX|AVX2|AVX512]
Thread count: 96 physical cores, 96 logical processors, using up to 4 threads

Optimize a model with 485435 rows, 200975 columns and 4050565 nonzeros
Model fingerprint: 0x2231ce53
Variable types: 3 continuous, 200972 integer (200972 binary)
Coefficient statistics:
  Matrix range     [1e+00, 1e+01]
  Objective range  [1e+00, 1e+01]
  Bounds range     [1e+00, 1e+00]
  RHS range        [1e+00, 5e+03]
Presolve removed 241968 rows and 21 columns (presolve time = 5s) ...
Presolve added 0 rows and 2692 columns
Presolve removed 241919 rows and 0 columns
Presolve time: 7.98s
Presolved: 243516 rows, 203667 columns, 3090143 nonzeros
Variable types: 1 continuous, 203666 integer (202007 binary)
Starting NoRel heuristic
Found phase-1 solution: relaxation 40
Found phase-1 solution: relaxation 30
Found phase-1 solution: relaxation 22
Root relaxation presolved: 243290 rows, 203893 columns, 2967726 nonzeros

Deterministic concurrent LP optimizer: primal simplex, dual simplex, and barrier
Showing barrier log only...

Root barrier log...

Ordering time: 0.63s

Barrier statistics:
 Dense cols : 136
 AA' NZ     : 3.545e+05
 Factor NZ  : 1.806e+06 (roughly 27 MB of memory)
 Factor Ops : 8.038e+08 (less than 1 second per iteration)
 Threads    : 2

                  Objective                Residual
Iter       Primal          Dual         Primal    Dual     Compl     Time
   0  -7.40542386e+06 -1.31232648e+04  1.82e+05 4.10e-01  1.63e+02    17s
   1  -3.70636065e+06 -3.75868783e+04  9.12e+04 1.62e+00  7.71e+01    17s
   2  -1.95372559e+06 -5.28060237e+04  4.81e+04 7.36e-02  4.25e+01    17s
   3  -3.57442556e+05 -4.32624231e+04  8.79e+03 1.60e-02  8.27e+00    17s
   4  -1.44704889e+05 -2.99733927e+04  3.56e+03 3.52e-03  3.44e+00    18s
   5  -7.16839619e+04 -2.05113439e+04  1.77e+03 3.19e-03  1.75e+00    18s
   6  -3.33249629e+04 -1.30235414e+04  8.34e+02 1.40e-03  8.58e-01    18s
   7  -6.91433485e+03 -5.67875572e+03  1.89e+02 3.69e-04  2.62e-01    18s
   8  -7.53859639e+02 -2.80978546e+03  3.90e+01 1.71e-04  1.09e-01    19s
   9   4.69507012e+02  1.62332315e+02  9.02e+00 5.82e-05  1.89e-02    19s
  10   7.80328900e+02  7.41596399e+02  1.28e+00 9.80e-05  2.41e-03    19s
  11   8.19077654e+02  8.26955429e+02  2.81e-01 1.18e-05  9.91e-05    19s
  12   8.29996362e+02  8.29993381e+02  9.73e-05 1.98e-06  1.82e-07    19s
  13   8.30000000e+02  8.30000000e+02  1.89e-09 2.82e-09  5.51e-13    19s

Barrier solved model in 13 iterations and 19.43 seconds (32.08 work units)
Optimal objective 8.30000000e+02


Root crossover log...

     104 DPushes remaining with DInf 0.0000000e+00                19s
       0 DPushes remaining with DInf 0.0000000e+00                19s

    9160 PPushes remaining with PInf 0.0000000e+00                19s
    2544 PPushes remaining with PInf 0.0000000e+00                20s
Concurrent spin time: 1.20s (can be avoided by choosing Method=3)

Solved with dual simplex

Root simplex log...

Iteration    Objective       Primal Inf.    Dual Inf.      Time
    9238    8.3000000e+02   0.000000e+00   0.000000e+00     21s

Use crossover to convert LP symmetric solution to basic solution...

Root crossover log...

     915 DPushes remaining with DInf 0.0000000e+00                21s
       0 DPushes remaining with DInf 0.0000000e+00                21s

   35131 PPushes remaining with PInf 0.0000000e+00                21s
       0 PPushes remaining with PInf 0.0000000e+00                22s

  Push phase complete: Pinf 0.0000000e+00, Dinf 3.8188333e+03     22s


Root simplex log...

Iteration    Objective       Primal Inf.    Dual Inf.      Time
   44377    8.3000000e+02   0.000000e+00   3.818833e+03     22s
   44379    8.3000000e+02   0.000000e+00   0.000000e+00     22s
   44379    8.3000000e+02   0.000000e+00   0.000000e+00     22s

Root relaxation: objective 8.300000e+02, 44379 iterations, 7.61 seconds (4.04 work units)

    Nodes    |    Current Node    |     Objective Bounds      |     Work
 Expl Unexpl |  Obj  Depth IntInf | Incumbent    BestBd   Gap | It/Node Time

     0     0  830.00000    0 6392          -  830.00000      -     -   45s
[32m2025-01-02 11:02:04,094 - INFO - d_prime: 2 d: 2[0m
[32m2025-01-02 11:02:04,097 - INFO - d_prime: 3 d: 2[0m
[32m2025-01-02 11:02:04,098 - INFO - d_prime: 4 d: 2[0m
[32m2025-01-02 11:02:04,099 - INFO - d_prime: 5 d: 2[0m
[32m2025-01-02 11:02:04,100 - INFO - d_prime: 6 d: 2[0m
[32m2025-01-02 11:02:04,101 - INFO - d_prime: 7 d: 2[0m
[32m2025-01-02 11:02:04,102 - INFO - d_prime: 8 d: 2[0m
[32m2025-01-02 11:02:04,103 - INFO - d_prime: 9 d: 2[0m
[32m2025-01-02 11:02:04,105 - INFO - d_prime: 10 d: 2[0m
[32m2025-01-02 11:02:04,106 - INFO - d_prime: 11 d: 2[0m
[32m2025-01-02 11:02:04,107 - INFO - d_prime: 12 d: 2[0m
[32m2025-01-02 11:02:04,108 - INFO - d_prime: 13 d: 2[0m
[32m2025-01-02 11:02:04,109 - INFO - forbidden_vars: ([{0:1},{4:1},{2:1,7:1},{2:1,6:1},{2:1,6:1},{4:1,7:1},{0:1,7:2},{2:1,4:1,7:1},{4:1,5:1,6:1},{6:1,7:2},{0:2,4:1,7:1},{0:1,2:1,6:1,7:1},{2:1,4:1,7:2}])[0m
[32m2025-01-02 11:02:04,109 - INFO - False[0m
[32m2025-01-02 11:02:05,820 - INFO - d_prime: 3 d: 3[0m
[32m2025-01-02 11:02:05,823 - INFO - d_prime: 4 d: 3[0m
[32m2025-01-02 11:02:05,825 - INFO - d_prime: 5 d: 3[0m
[32m2025-01-02 11:02:05,827 - INFO - d_prime: 6 d: 3[0m
[32m2025-01-02 11:02:05,829 - INFO - d_prime: 7 d: 3[0m
[32m2025-01-02 11:02:05,831 - INFO - d_prime: 8 d: 3[0m
[32m2025-01-02 11:02:05,833 - INFO - d_prime: 9 d: 3[0m
[32m2025-01-02 11:02:05,835 - INFO - d_prime: 10 d: 3[0m
[32m2025-01-02 11:02:05,837 - INFO - d_prime: 11 d: 3[0m
[32m2025-01-02 11:02:05,838 - INFO - d_prime: 12 d: 3[0m
[32m2025-01-02 11:02:05,840 - INFO - d_prime: 13 d: 3[0m
[32m2025-01-02 11:02:05,841 - INFO - forbidden_vars: ([{7:1},{3:1,4:1},{4:1,5:1},{4:1,7:1},{7:2},{1:2,7:1},{1:2,3:1},{3:2,4:1},{4:1,7:2},{4:1,7:2},{1:3,5:1},{1:1,3:1,4:1,7:1},{1:2,3:1,5:1},{1:2,4:2},{3:1,4:1,7:2},{3:1,4:1,5:1,7:1},{4:1,5:1,7:2}])[0m
[32m2025-01-02 11:02:05,841 - INFO - False[0m
[32m2025-01-02 11:02:28,897 - INFO - d_prime: 7 d: 7[0m
[32m2025-01-02 11:02:28,901 - INFO - d_prime: 8 d: 7[0m
[32m2025-01-02 11:02:28,904 - INFO - d_prime: 9 d: 7[0m
[32m2025-01-02 11:02:28,907 - INFO - d_prime: 10 d: 7[0m
[32m2025-01-02 11:02:28,910 - INFO - d_prime: 11 d: 7[0m
[32m2025-01-02 11:02:28,913 - INFO - d_prime: 12 d: 7[0m
[32m2025-01-02 11:02:28,916 - INFO - d_prime: 13 d: 7[0m
[32m2025-01-02 11:02:28,918 - INFO - forbidden_vars: ([{1:1},{2:1},{5:1},{0:1,4:1},{0:1,1:1},{0:1,5:1},{0:1,6:1},{1:2},{1:1,4:1},{2:1,4:1},{2:1,7:1},{2:2},{4:1,5:1},{4:1,6:1},{5:1,7:1},{0:2,2:1},{0:1,2:2},{1:2,5:1},{1:2,2:1},{1:2,5:1},{1:2,7:1},{2:1,4:1,7:1},{2:1,6:2},{2:3},{2:2,6:1},{2:2,6:1},{2:1,6:2},{4:3},{7:3},{0:1,2:3},{0:1,1:1,4:1,5:1},{1:1,2:3},{2:2,5:1,7:1},{6:2,7:2}])[0m
[32m2025-01-02 11:02:28,918 - INFO - False[0m
[32m2025-01-02 11:03:30,071 - INFO - d_prime: 9 d: 9[0m
[32m2025-01-02 11:03:30,075 - INFO - d_prime: 10 d: 9[0m
[32m2025-01-02 11:03:30,077 - INFO - d_prime: 11 d: 9[0m
[32m2025-01-02 11:03:30,080 - INFO - d_prime: 12 d: 9[0m
[32m2025-01-02 11:03:30,083 - INFO - d_prime: 13 d: 9[0m
[32m2025-01-02 11:03:30,084 - INFO - forbidden_vars: ([{1:1},{1:1},{1:1},{4:1},{4:1},{4:1},{5:1},{5:1},{6:1},{7:1},{7:1},{7:1},{1:1,4:1},{1:1,2:1},{1:2},{1:2},{1:2},{1:1,7:1},{2:1,7:1},{2:2},{2:2},{4:2},{4:2},{5:1,6:1},{5:1,7:1},{5:1,7:1},{5:2},{7:2},{7:2},{1:2,5:1},{1:3},{1:1,5:1,6:1},{1:2,6:1},{2:3},{2:3},{2:2,7:1},{1:1,2:1,4:1,6:1}])[0m
[32m2025-01-02 11:03:30,084 - INFO - False[0m
[32m2025-01-02 11:03:34,200 - INFO - d_prime: 10 d: 10[0m
[32m2025-01-02 11:03:34,203 - INFO - d_prime: 11 d: 10[0m
[32m2025-01-02 11:03:34,206 - INFO - d_prime: 12 d: 10[0m
[32m2025-01-02 11:03:34,209 - INFO - d_prime: 13 d: 10[0m
[32m2025-01-02 11:03:34,211 - INFO - forbidden_vars: ([{1:1},{1:1},{1:1},{1:1},{1:1},{3:1},{3:1},{3:1},{4:1},{4:1},{5:1},{5:1},{6:1},{1:1,5:1},{1:1,4:1},{1:2},{1:2},{1:1,3:1},{3:2},{3:2},{4:1,6:1},{4:1,5:1},{5:2},{5:2},{5:2},{6:2},{6:2},{6:2},{1:1,3:1,6:1},{1:1,4:1,6:1},{1:3},{1:2,3:1},{3:1,6:2},{3:2,6:1},{3:1,6:2},{3:2,4:1},{3:2,4:1},{3:1,5:3}])[0m
[32m2025-01-02 11:03:34,211 - INFO - False[0m
[32m2025-01-02 11:03:42,165 - INFO - d_prime: 11 d: 11[0m
[32m2025-01-02 11:03:42,168 - INFO - d_prime: 12 d: 11[0m
[32m2025-01-02 11:03:42,170 - INFO - d_prime: 13 d: 11[0m
[32m2025-01-02 11:03:42,172 - INFO - forbidden_vars: ([{1:1},{1:1},{3:1},{3:1},{4:1},{4:1},{5:1},{5:1},{6:1},{6:1},{6:1},{1:1,3:1},{3:1,6:1},{3:1,6:1},{3:2},{3:2},{3:1,5:1},{3:2},{3:1,4:1},{3:1,4:1},{3:1,6:1},{4:1,6:1},{5:2},{6:2},{1:1,3:2},{3:3},{3:2,5:1},{3:3},{3:1,4:1,5:1},{3:3},{3:3},{3:1,6:2},{3:2,6:1},{4:2,5:1},{4:2,6:1},{3:3,4:1},{4:1,5:2,6:1},{5:2,6:2},{6:4},{1:4,6:1}])[0m
[32m2025-01-02 11:03:42,172 - INFO - False[0m
[32m2025-01-02 11:03:49,747 - INFO - d_prime: 11 d: 12[0m
[32m2025-01-02 11:03:49,751 - INFO - d_prime: 12 d: 12[0m
[32m2025-01-02 11:03:49,754 - INFO - d_prime: 13 d: 12[0m
[32m2025-01-02 11:03:49,756 - INFO - forbidden_vars: ([{0:1},{6:1},{6:1},{6:1},{7:1},{7:1},{0:2},{0:2},{0:1,5:1},{0:2},{0:1,7:1},{0:2},{0:2},{1:1,6:1},{1:1,6:1},{1:1,4:1},{1:1,4:1},{0:1,4:1,7:1},{0:3},{0:2,4:1},{0:2,5:1},{0:1,5:1,7:1},{0:1,4:1,7:1},{0:2,6:1},{0:1,1:1,6:1},{0:2,6:1},{0:2,5:1},{0:3},{0:3},{1:3},{1:3},{4:2,6:1},{0:3,6:1},{0:2,1:1,6:1},{0:4},{0:2,1:1,5:1},{0:3,6:1},{1:1,4:1,5:2},{4:1,5:1,6:3}])[0m
[32m2025-01-02 11:03:49,756 - INFO - False[0m
[32m2025-01-02 11:04:00,640 - INFO - d_prime: 11 d: 13[0m
[32m2025-01-02 11:04:00,643 - INFO - d_prime: 12 d: 13[0m
[32m2025-01-02 11:04:00,646 - INFO - d_prime: 13 d: 13[0m
[32m2025-01-02 11:04:00,647 - INFO - forbidden_vars: ([{6:1},{1:1,4:1},{1:2},{1:1,2:1},{2:1,3:1},{2:2},{2:2},{3:1,5:1},{3:1,6:1},{3:2},{4:2},{5:1,6:1},{6:2},{6:2},{6:2},{6:2},{6:2},{1:1,6:2},{1:1,3:1,6:1},{1:3},{1:2,6:1},{1:1,2:1,3:1},{2:1,3:2},{2:1,6:2},{3:1,4:1,5:1},{4:1,6:2},{4:2,5:1},{4:2,6:1},{5:1,6:2},{6:3},{6:3},{6:3},{6:3},{1:1,3:1,5:2},{2:2,4:1,5:1},{2:2,5:2},{3:1,5:1,6:2},{3:2,4:2},{4:2,6:2},{2:1,3:2,6:2}])[0m
[32m2025-01-02 11:04:00,648 - INFO - False[0m
     0     0  830.00000    0 6392          -  830.00000      -     -  189s
[32m2025-01-02 11:04:28,243 - INFO - d_prime: 3 d: 3[0m
[32m2025-01-02 11:04:28,246 - INFO - d_prime: 4 d: 3[0m
[32m2025-01-02 11:04:28,248 - INFO - d_prime: 5 d: 3[0m
[32m2025-01-02 11:04:28,250 - INFO - d_prime: 6 d: 3[0m
[32m2025-01-02 11:04:28,252 - INFO - d_prime: 7 d: 3[0m
[32m2025-01-02 11:04:28,254 - INFO - d_prime: 8 d: 3[0m
[32m2025-01-02 11:04:28,256 - INFO - d_prime: 9 d: 3[0m
[32m2025-01-02 11:04:28,258 - INFO - d_prime: 10 d: 3[0m
[32m2025-01-02 11:04:28,260 - INFO - d_prime: 11 d: 3[0m
[32m2025-01-02 11:04:28,262 - INFO - d_prime: 12 d: 3[0m
[32m2025-01-02 11:04:28,264 - INFO - d_prime: 13 d: 3[0m
[32m2025-01-02 11:04:28,265 - INFO - forbidden_vars: ([{4:1},{3:1,4:1},{4:1,5:1},{4:1,7:1},{7:2},{7:2},{1:2,7:1},{1:2,3:1},{3:2,4:1},{4:1,7:2},{1:3,5:1},{1:1,3:1,4:1,7:1},{1:1,3:1,4:1,7:1},{1:2,3:1,5:1},{1:2,4:1,5:1},{4:1,5:1,7:2},{4:1,7:3}])[0m
[32m2025-01-02 11:04:28,265 - INFO - False[0m
[32m2025-01-02 11:05:05,111 - INFO - d_prime: 7 d: 7[0m
[32m2025-01-02 11:05:05,115 - INFO - d_prime: 8 d: 7[0m
[32m2025-01-02 11:05:05,118 - INFO - d_prime: 9 d: 7[0m
[32m2025-01-02 11:05:05,121 - INFO - d_prime: 10 d: 7[0m
[32m2025-01-02 11:05:05,124 - INFO - d_prime: 11 d: 7[0m
[32m2025-01-02 11:05:05,127 - INFO - d_prime: 12 d: 7[0m
[32m2025-01-02 11:05:05,130 - INFO - d_prime: 13 d: 7[0m
[32m2025-01-02 11:05:05,132 - INFO - forbidden_vars: ([{1:1},{2:1},{5:1},{7:1},{0:1,4:1},{0:1,1:1},{0:2},{0:1,4:1},{0:2},{0:1,7:1},{1:1,5:1},{1:2},{2:1,7:1},{4:1,5:1},{4:2},{5:2},{0:1,2:1,7:1},{0:1,2:2},{0:2,2:1},{0:1,2:2},{1:2,2:1},{1:3},{1:2,7:1},{1:1,4:2},{1:2,2:1},{2:1,4:1,7:1},{2:3},{2:3},{2:1,4:1,5:1},{2:3},{7:3},{0:1,2:3},{0:1,4:1,5:1,7:1},{1:1,2:3}])[0m
[32m2025-01-02 11:05:05,132 - INFO - False[0m
[32m2025-01-02 11:05:30,060 - INFO - d_prime: 8 d: 8[0m
[32m2025-01-02 11:05:30,064 - INFO - d_prime: 9 d: 8[0m
[32m2025-01-02 11:05:30,067 - INFO - d_prime: 10 d: 8[0m
[32m2025-01-02 11:05:30,070 - INFO - d_prime: 11 d: 8[0m
[32m2025-01-02 11:05:30,073 - INFO - d_prime: 12 d: 8[0m
[32m2025-01-02 11:05:30,077 - INFO - d_prime: 13 d: 8[0m
[32m2025-01-02 11:05:30,079 - INFO - forbidden_vars: ([{0:1},{2:1},{3:1},{4:1},{5:1},{5:1},{6:1},{0:1,2:1},{1:1,4:1},{2:1,3:1},{2:1,6:1},{2:2},{4:2},{6:2},{0:1,3:2},{0:1,2:1,6:1},{0:1,2:2},{0:1,5:2},{0:1,3:2},{1:2,5:1},{2:1,4:2},{2:1,3:2},{3:1,4:1,5:1},{4:1,5:1,6:1},{4:1,5:2},{4:2,5:1},{4:1,5:2},{0:1,3:1,5:1,6:1},{0:1,3:2,6:1},{0:1,2:1,3:1,5:1},{1:3,5:1},{1:2,3:1,4:1},{2:1,4:1,6:2},{2:1,3:1,4:2},{3:3,6:1},{5:3,6:1}])[0m
[32m2025-01-02 11:05:30,079 - INFO - False[0m
[32m2025-01-02 11:05:33,751 - INFO - d_prime: 9 d: 9[0m
[32m2025-01-02 11:05:33,754 - INFO - d_prime: 10 d: 9[0m
[32m2025-01-02 11:05:33,756 - INFO - d_prime: 11 d: 9[0m
[32m2025-01-02 11:05:33,759 - INFO - d_prime: 12 d: 9[0m
[32m2025-01-02 11:05:33,762 - INFO - d_prime: 13 d: 9[0m
[32m2025-01-02 11:05:33,764 - INFO - forbidden_vars: ([{1:1},{1:1},{1:1},{2:1},{4:1},{4:1},{5:1},{6:1},{7:1},{7:1},{7:1},{7:1},{1:1,4:1},{1:1,2:1},{1:2},{1:2},{1:2},{2:2},{2:2},{2:2},{4:2},{4:2},{4:1,7:1},{5:1,7:1},{5:1,7:1},{5:2},{7:2},{1:2,5:1},{1:3},{1:1,5:1,6:1},{1:1,5:1,7:1},{1:2,6:1},{2:3},{2:2,7:1},{2:3},{5:2,6:1},{1:1,4:1,6:1,7:1}])[0m
[32m2025-01-02 11:05:33,764 - INFO - False[0m
[32m2025-01-02 11:05:38,640 - INFO - d_prime: 10 d: 10[0m
[32m2025-01-02 11:05:38,643 - INFO - d_prime: 11 d: 10[0m
[32m2025-01-02 11:05:38,646 - INFO - d_prime: 12 d: 10[0m
[32m2025-01-02 11:05:38,648 - INFO - d_prime: 13 d: 10[0m
[32m2025-01-02 11:05:38,650 - INFO - forbidden_vars: ([{1:1},{1:1},{1:1},{1:1},{1:1},{3:1},{3:1},{3:1},{4:1},{4:1},{5:1},{5:1},{6:1},{1:1,5:1},{1:1,4:1},{1:2},{1:2},{1:1,3:1},{1:1,3:1},{3:2},{3:2},{3:1,4:1},{3:2},{5:2},{5:2},{6:2},{6:2},{1:1,3:1,6:1},{1:1,4:1,6:1},{1:3},{1:1,6:2},{3:1,6:2},{3:2,6:1},{3:1,6:2},{3:2,4:1},{5:3},{3:1,5:3},{4:2,5:1,6:1}])[0m
[32m2025-01-02 11:05:38,650 - INFO - False[0m
[32m2025-01-02 11:05:47,780 - INFO - d_prime: 11 d: 11[0m
[32m2025-01-02 11:05:47,783 - INFO - d_prime: 12 d: 11[0m
[32m2025-01-02 11:05:47,786 - INFO - d_prime: 13 d: 11[0m
[32m2025-01-02 11:05:47,788 - INFO - forbidden_vars: ([{1:1},{1:1},{3:1},{3:1},{4:1},{4:1},{5:1},{6:1},{6:1},{6:1},{1:1,3:1},{3:1,6:1},{3:2},{3:2},{3:2},{3:2},{3:1,5:1},{3:1,4:1},{3:1,6:1},{4:1,6:1},{4:1,6:1},{5:2},{6:2},{1:1,5:2},{1:1,3:2},{3:2,5:1},{3:3},{3:2,6:1},{3:3},{3:2,6:1},{3:2,4:1},{3:1,4:2},{4:2,5:1},{4:2,5:1},{4:2,6:1},{4:1,6:2},{6:3},{4:1,5:2,6:1},{5:3,6:1},{1:4,6:1}])[0m
[32m2025-01-02 11:05:47,788 - INFO - False[0m
[32m2025-01-02 11:05:55,243 - INFO - d_prime: 11 d: 12[0m
[32m2025-01-02 11:05:55,246 - INFO - d_prime: 12 d: 12[0m
[32m2025-01-02 11:05:55,249 - INFO - d_prime: 13 d: 12[0m
[32m2025-01-02 11:05:55,251 - INFO - forbidden_vars: ([{0:1},{6:1},{6:1},{6:1},{7:1},{7:1},{0:2},{0:1,7:1},{0:2},{0:1,7:1},{0:1,1:1},{0:2},{1:1,6:1},{1:1,6:1},{1:1,4:1},{1:1,5:1},{1:1,4:1},{4:2},{0:1,4:1,7:1},{0:3},{0:2,4:1},{0:1,6:2},{0:2,5:1},{0:1,5:1,7:1},{0:1,4:1,7:1},{0:2,6:1},{0:2,6:1},{0:1,6:2},{0:3},{0:2,6:1},{1:3},{1:3},{0:3,7:1},{0:3,6:1},{0:2,1:1,6:1},{0:4},{0:2,5:2},{4:1,5:3},{5:2,6:3}])[0m
[32m2025-01-02 11:05:55,251 - INFO - False[0m
[32m2025-01-02 11:06:02,091 - INFO - d_prime: 11 d: 13[0m
[32m2025-01-02 11:06:02,094 - INFO - d_prime: 12 d: 13[0m
[32m2025-01-02 11:06:02,097 - INFO - d_prime: 13 d: 13[0m
[32m2025-01-02 11:06:02,099 - INFO - forbidden_vars: ([{5:1},{6:1},{1:1,4:1},{1:2},{1:1,2:1},{2:1,3:1},{3:1,4:1},{3:2},{4:2},{4:2},{5:1,6:1},{6:2},{6:2},{6:2},{6:2},{1:1,6:2},{1:1,3:1,6:1},{1:3},{1:2,6:1},{2:1,6:2},{2:2,3:1},{2:1,6:2},{2:2,4:1},{2:1,3:1,6:1},{2:2,6:1},{2:1,6:2},{5:1,6:2},{6:3},{6:3},{6:3},{6:3},{1:1,3:1,5:2},{1:1,2:1,3:1,7:1},{2:4},{2:1,6:2,7:1},{2:2,5:2},{3:1,5:1,6:2},{3:2,4:2},{4:2,6:2},{4:2,5:2}])[0m
[32m2025-01-02 11:06:02,099 - INFO - False[0m
     0     0  830.00000    0 6392          -  830.00000      -     -  311s
[32m2025-01-02 11:06:35,439 - INFO - d_prime: 3 d: 3[0m
[32m2025-01-02 11:06:35,443 - INFO - d_prime: 4 d: 3[0m
[32m2025-01-02 11:06:35,445 - INFO - d_prime: 5 d: 3[0m
[32m2025-01-02 11:06:35,447 - INFO - d_prime: 6 d: 3[0m
[32m2025-01-02 11:06:35,449 - INFO - d_prime: 7 d: 3[0m
[32m2025-01-02 11:06:35,450 - INFO - d_prime: 8 d: 3[0m
[32m2025-01-02 11:06:35,452 - INFO - d_prime: 9 d: 3[0m
[32m2025-01-02 11:06:35,454 - INFO - d_prime: 10 d: 3[0m
[32m2025-01-02 11:06:35,456 - INFO - d_prime: 11 d: 3[0m
[32m2025-01-02 11:06:35,458 - INFO - d_prime: 12 d: 3[0m
[32m2025-01-02 11:06:35,460 - INFO - d_prime: 13 d: 3[0m
[32m2025-01-02 11:06:35,461 - INFO - forbidden_vars: ([{7:1},{4:1,5:1},{4:1,7:1},{1:2,7:1},{1:2,3:1},{3:2,4:1},{3:1,4:1,5:1},{3:1,4:1,7:1},{7:3},{7:3},{1:3,5:1},{1:1,3:1,4:1,7:1},{1:1,3:1,4:1,7:1},{1:2,3:1,5:1},{1:2,4:2},{3:1,4:1,7:2},{4:1,5:1,7:2}])[0m
[32m2025-01-02 11:06:35,461 - INFO - False[0m
[32m2025-01-02 11:07:09,738 - INFO - d_prime: 7 d: 7[0m
[32m2025-01-02 11:07:09,741 - INFO - d_prime: 8 d: 7[0m
[32m2025-01-02 11:07:09,744 - INFO - d_prime: 9 d: 7[0m
[32m2025-01-02 11:07:09,747 - INFO - d_prime: 10 d: 7[0m
[32m2025-01-02 11:07:09,750 - INFO - d_prime: 11 d: 7[0m
[32m2025-01-02 11:07:09,753 - INFO - d_prime: 12 d: 7[0m
[32m2025-01-02 11:07:09,756 - INFO - d_prime: 13 d: 7[0m
[32m2025-01-02 11:07:09,758 - INFO - forbidden_vars: ([{1:1},{2:1},{4:1},{5:1},{0:1,4:1},{0:1,1:1},{0:2},{0:1,4:1},{0:2},{1:2},{2:1,4:1},{2:1,7:1},{4:1,5:1},{5:2},{7:2},{0:1,2:2},{0:2,2:1},{0:1,2:2},{0:2,5:1},{1:2,5:1},{1:2,2:1},{1:1,5:1,7:1},{1:2,7:1},{1:1,4:2},{1:2,2:1},{2:2,7:1},{2:1,4:1,7:1},{2:3},{2:3},{2:3},{7:3},{0:1,2:3},{0:1,4:2,5:1},{1:1,2:3}])[0m
[32m2025-01-02 11:07:09,758 - INFO - False[0m
[32m2025-01-02 11:08:20,061 - INFO - d_prime: 9 d: 9[0m
[32m2025-01-02 11:08:20,064 - INFO - d_prime: 10 d: 9[0m
[32m2025-01-02 11:08:20,067 - INFO - d_prime: 11 d: 9[0m
[32m2025-01-02 11:08:20,070 - INFO - d_prime: 12 d: 9[0m
[32m2025-01-02 11:08:20,072 - INFO - d_prime: 13 d: 9[0m
[32m2025-01-02 11:08:20,074 - INFO - forbidden_vars: ([{1:1},{1:1},{1:1},{2:1},{4:1},{4:1},{4:1},{5:1},{5:1},{6:1},{7:1},{7:1},{7:1},{1:1,4:1},{1:1,2:1},{1:2},{1:2},{1:1,6:1},{2:2},{2:2},{2:2},{4:2},{4:2},{5:1,7:1},{5:1,7:1},{5:2},{7:2},{1:2,7:1},{1:2,5:1},{1:3},{1:1,5:1,7:1},{1:2,6:1},{2:2,7:1},{2:3},{2:3},{5:1,6:1,7:1},{1:1,4:1,6:1,7:1}])[0m
[32m2025-01-02 11:08:20,074 - INFO - False[0m
[32m2025-01-02 11:08:25,834 - INFO - d_prime: 10 d: 10[0m
[32m2025-01-02 11:08:25,838 - INFO - d_prime: 11 d: 10[0m
[32m2025-01-02 11:08:25,840 - INFO - d_prime: 12 d: 10[0m
[32m2025-01-02 11:08:25,843 - INFO - d_prime: 13 d: 10[0m
[32m2025-01-02 11:08:25,845 - INFO - forbidden_vars: ([{1:1},{1:1},{1:1},{1:1},{1:1},{1:1},{3:1},{3:1},{3:1},{4:1},{4:1},{5:1},{5:1},{6:1},{1:1,5:1},{1:1,4:1},{1:2},{1:2},{1:1,3:1},{3:2},{5:2},{5:2},{6:2},{6:2},{1:1,3:1,6:1},{1:1,4:1,6:1},{1:3},{1:2,3:1},{1:1,6:2},{3:2,6:1},{3:1,6:2},{3:2,4:1},{3:1,4:1,5:1},{3:2,4:1},{5:3},{3:1,5:1,6:2},{3:1,5:3},{4:2,5:1,6:1}])[0m
[32m2025-01-02 11:08:25,845 - INFO - False[0m
[32m2025-01-02 11:08:32,949 - INFO - d_prime: 11 d: 11[0m
[32m2025-01-02 11:08:32,952 - INFO - d_prime: 12 d: 11[0m
[32m2025-01-02 11:08:32,955 - INFO - d_prime: 13 d: 11[0m
[32m2025-01-02 11:08:32,957 - INFO - forbidden_vars: ([{1:1},{1:1},{3:1},{3:1},{4:1},{4:1},{5:1},{6:1},{6:1},{1:1,3:1},{3:1,6:1},{3:2},{3:2},{3:2},{3:1,5:1},{3:1,4:1},{3:1,4:1},{3:1,6:1},{4:1,6:1},{4:1,5:1},{4:1,6:1},{5:2},{6:2},{6:2},{1:1,3:2},{1:1,5:2},{1:1,3:2},{3:2,5:1},{3:3},{3:2,6:1},{3:3},{3:2,6:1},{3:2,4:1},{4:2,5:1},{4:2,6:1},{4:1,6:2},{6:3},{4:1,5:2,6:1},{5:3,6:1},{1:4,6:1}])[0m
[32m2025-01-02 11:08:32,957 - INFO - False[0m
[32m2025-01-02 11:08:41,112 - INFO - d_prime: 11 d: 12[0m
[32m2025-01-02 11:08:41,116 - INFO - d_prime: 12 d: 12[0m
[32m2025-01-02 11:08:41,119 - INFO - d_prime: 13 d: 12[0m
[32m2025-01-02 11:08:41,120 - INFO - forbidden_vars: ([{0:1},{0:1},{6:1},{7:1},{7:1},{0:2},{0:2},{0:1,7:1},{0:2},{1:1,6:1},{1:1,6:1},{1:1,6:1},{1:1,6:1},{1:1,4:1},{1:1,4:1},{4:2},{0:3},{0:1,4:1,7:1},{0:3},{0:2,4:1},{0:1,6:2},{0:2,5:1},{0:1,5:1,7:1},{0:1,7:2},{0:2,6:1},{0:2,6:1},{0:1,1:1,6:1},{0:2,6:1},{0:3},{0:1,1:1,5:1},{0:2,6:1},{1:3},{1:3},{5:3},{0:3,6:1},{0:2,1:1,6:1},{0:4},{0:2,5:2},{4:1,6:3,7:1}])[0m
[32m2025-01-02 11:08:41,120 - INFO - False[0m
[32m2025-01-02 11:09:35,374 - INFO - d_prime: 11 d: 13[0m
[32m2025-01-02 11:09:35,377 - INFO - d_prime: 12 d: 13[0m
[32m2025-01-02 11:09:35,380 - INFO - d_prime: 13 d: 13[0m
[32m2025-01-02 11:09:35,382 - INFO - forbidden_vars: ([{3:1},{6:1},{1:2},{1:1,2:1},{2:1,3:1},{3:1,5:1},{4:2},{5:1,6:1},{6:2},{6:2},{6:2},{6:2},{6:2},{6:2},{1:1,6:2},{1:1,4:2},{1:1,3:1,6:1},{1:3},{1:2,6:1},{1:1,2:1,3:1},{2:1,6:2},{2:2,4:1},{2:1,6:2},{2:2,6:1},{2:1,6:2},{3:1,4:2},{3:1,4:1,5:1},{4:1,6:2},{5:1,6:2},{6:3},{6:3},{6:3},{6:3},{1:2,3:1,5:1},{2:2,4:1,5:1},{2:2,5:2},{3:1,5:1,6:2},{4:2,6:2},{4:2,5:2},{2:1,3:2,6:2}])[0m
[32m2025-01-02 11:09:35,382 - INFO - False[0m
     0     0  830.00000    0 6392          -  830.00000      -     -  524s
[32m2025-01-02 11:10:16,474 - INFO - d_prime: 3 d: 3[0m
[32m2025-01-02 11:10:16,477 - INFO - d_prime: 4 d: 3[0m
[32m2025-01-02 11:10:16,479 - INFO - d_prime: 5 d: 3[0m
[32m2025-01-02 11:10:16,481 - INFO - d_prime: 6 d: 3[0m
[32m2025-01-02 11:10:16,483 - INFO - d_prime: 7 d: 3[0m
[32m2025-01-02 11:10:16,485 - INFO - d_prime: 8 d: 3[0m
[32m2025-01-02 11:10:16,487 - INFO - d_prime: 9 d: 3[0m
[32m2025-01-02 11:10:16,489 - INFO - d_prime: 10 d: 3[0m
[32m2025-01-02 11:10:16,490 - INFO - d_prime: 11 d: 3[0m
[32m2025-01-02 11:10:16,492 - INFO - d_prime: 12 d: 3[0m
[32m2025-01-02 11:10:16,494 - INFO - d_prime: 13 d: 3[0m
[32m2025-01-02 11:10:16,495 - INFO - forbidden_vars: ([{7:1},{3:1,4:1},{4:1,5:1},{7:2},{7:2},{1:2,7:1},{1:2,3:1},{3:2,4:1},{4:1,7:2},{4:1,7:2},{1:3,5:1},{1:1,3:1,4:1,7:1},{1:1,3:1,4:1,7:1},{1:2,3:1,5:1},{1:2,4:1,5:1},{3:1,4:1,5:1,7:1},{4:1,5:1,7:2}])[0m
[32m2025-01-02 11:10:16,495 - INFO - False[0m
[32m2025-01-02 11:10:31,485 - INFO - d_prime: 7 d: 7[0m
[32m2025-01-02 11:10:31,488 - INFO - d_prime: 8 d: 7[0m
[32m2025-01-02 11:10:31,491 - INFO - d_prime: 9 d: 7[0m
[32m2025-01-02 11:10:31,494 - INFO - d_prime: 10 d: 7[0m
[32m2025-01-02 11:10:31,497 - INFO - d_prime: 11 d: 7[0m
[32m2025-01-02 11:10:31,500 - INFO - d_prime: 12 d: 7[0m
[32m2025-01-02 11:10:31,503 - INFO - d_prime: 13 d: 7[0m
[32m2025-01-02 11:10:31,505 - INFO - forbidden_vars: ([{1:1},{2:1},{5:1},{7:1},{0:1,4:1},{0:1,1:1},{0:2},{0:1,4:1},{0:2},{1:2},{1:1,2:1},{2:1,4:1},{4:1,5:1},{4:2},{5:1,7:1},{0:1,2:2},{0:2,2:1},{0:1,2:2},{0:3},{1:2,5:1},{1:2,2:1},{1:1,5:1,7:1},{1:2,7:1},{1:1,4:2},{1:2,2:1},{2:2,7:1},{2:1,4:1,7:1},{2:3},{2:3},{2:3},{7:3},{0:1,2:3},{0:1,4:1,5:1,7:1},{1:1,2:3}])[0m
[32m2025-01-02 11:10:31,505 - INFO - False[0m
[32m2025-01-02 11:11:10,057 - INFO - d_prime: 8 d: 8[0m
[32m2025-01-02 11:11:10,061 - INFO - d_prime: 9 d: 8[0m
[32m2025-01-02 11:11:10,064 - INFO - d_prime: 10 d: 8[0m
[32m2025-01-02 11:11:10,067 - INFO - d_prime: 11 d: 8[0m
[32m2025-01-02 11:11:10,070 - INFO - d_prime: 12 d: 8[0m
[32m2025-01-02 11:11:10,073 - INFO - d_prime: 13 d: 8[0m
[32m2025-01-02 11:11:10,075 - INFO - forbidden_vars: ([{0:1},{2:1},{3:1},{4:1},{5:1},{5:1},{6:1},{0:1,2:1},{2:1,6:1},{2:2},{2:2},{3:2},{4:1,5:1},{4:2},{6:2},{0:1,3:2},{0:1,2:1,6:1},{0:1,5:2},{1:2,5:1},{1:2,4:1},{2:2,3:1},{2:1,4:2},{2:1,3:2},{2:1,3:1,4:1},{3:1,4:1,5:1},{4:1,5:1,6:1},{4:2,5:1},{4:1,5:2},{0:1,3:1,5:1,6:1},{0:1,3:2,6:1},{0:2,2:1,3:1},{1:3,5:1},{1:2,3:1,4:1},{2:1,4:1,6:2},{3:3,6:1},{5:3,6:1}])[0m
[32m2025-01-02 11:11:10,075 - INFO - False[0m
[32m2025-01-02 11:11:13,653 - INFO - d_prime: 9 d: 9[0m
[32m2025-01-02 11:11:13,657 - INFO - d_prime: 10 d: 9[0m
[32m2025-01-02 11:11:13,660 - INFO - d_prime: 11 d: 9[0m
[32m2025-01-02 11:11:13,663 - INFO - d_prime: 12 d: 9[0m
[32m2025-01-02 11:11:13,665 - INFO - d_prime: 13 d: 9[0m
[32m2025-01-02 11:11:13,667 - INFO - forbidden_vars: ([{1:1},{1:1},{1:1},{2:1},{4:1},{4:1},{5:1},{5:1},{6:1},{7:1},{7:1},{7:1},{1:1,4:1},{1:1,2:1},{1:2},{1:2},{1:2},{1:1,6:1},{2:2},{2:2},{4:2},{4:2},{4:1,7:1},{5:1,7:1},{5:1,7:1},{5:2},{7:2},{1:2,5:1},{1:3},{1:1,5:1,7:1},{1:2,6:1},{2:2,7:1},{2:3},{2:2,7:1},{2:3},{5:2,6:1},{1:1,4:1,6:1,7:1}])[0m
[32m2025-01-02 11:11:13,667 - INFO - False[0m
[32m2025-01-02 11:11:19,871 - INFO - d_prime: 10 d: 10[0m
[32m2025-01-02 11:11:19,874 - INFO - d_prime: 11 d: 10[0m
[32m2025-01-02 11:11:19,877 - INFO - d_prime: 12 d: 10[0m
[32m2025-01-02 11:11:19,880 - INFO - d_prime: 13 d: 10[0m
[32m2025-01-02 11:11:19,882 - INFO - forbidden_vars: ([{1:1},{1:1},{1:1},{1:1},{1:1},{1:1},{3:1},{3:1},{3:1},{4:1},{4:1},{5:1},{5:1},{6:1},{1:1,5:1},{1:1,4:1},{1:2},{1:2},{1:1,3:1},{3:2},{3:2},{5:2},{5:2},{6:2},{6:2},{1:1,3:1,6:1},{1:1,4:1,6:1},{1:3},{1:1,6:2},{3:2,6:1},{3:1,6:2},{3:1,4:1,5:1},{3:2,4:1},{5:3},{1:3,3:1},{3:1,5:1,6:2},{3:1,5:3},{4:2,5:1,6:1}])[0m
[32m2025-01-02 11:11:19,882 - INFO - False[0m
[32m2025-01-02 11:11:27,957 - INFO - d_prime: 11 d: 11[0m
[32m2025-01-02 11:11:27,960 - INFO - d_prime: 12 d: 11[0m
[32m2025-01-02 11:11:27,963 - INFO - d_prime: 13 d: 11[0m
[32m2025-01-02 11:11:27,965 - INFO - forbidden_vars: ([{1:1},{1:1},{3:1},{3:1},{3:1},{4:1},{4:1},{5:1},{6:1},{6:1},{6:1},{1:1,3:1},{3:1,6:1},{3:2},{3:2},{3:2},{3:1,5:1},{3:1,4:1},{3:1,6:1},{4:1,6:1},{4:1,6:1},{5:2},{6:2},{1:1,3:2},{1:1,5:2},{1:1,3:2},{3:2,5:1},{3:3},{3:2,6:1},{3:2,6:1},{3:1,4:2},{4:2,5:1},{4:2,5:1},{4:2,6:1},{4:1,6:2},{6:3},{1:3,6:1},{3:3,4:1},{4:1,5:2,6:1},{5:3,6:1}])[0m
[32m2025-01-02 11:11:27,965 - INFO - False[0m
[32m2025-01-02 11:11:36,424 - INFO - d_prime: 11 d: 12[0m
[32m2025-01-02 11:11:36,428 - INFO - d_prime: 12 d: 12[0m
[32m2025-01-02 11:11:36,431 - INFO - d_prime: 13 d: 12[0m
[32m2025-01-02 11:11:36,433 - INFO - forbidden_vars: ([{0:1},{0:1},{6:1},{7:1},{7:1},{0:2},{0:2},{0:1,7:1},{0:1,1:1},{0:2},{1:1,6:1},{1:1,6:1},{1:1,6:1},{1:1,6:1},{1:1,4:1},{1:1,5:1},{1:1,4:1},{4:2},{0:3},{0:1,4:1,7:1},{0:3},{0:2,4:1},{0:2,1:1},{0:1,6:2},{0:2,5:1},{0:1,5:1,7:1},{0:1,4:1,7:1},{0:2,6:1},{0:2,6:1},{0:1,6:2},{0:3},{0:2,6:1},{1:3},{1:3},{4:1,5:2},{0:3,6:1},{0:4},{0:2,5:1,7:1},{5:1,6:3,7:1}])[0m
[32m2025-01-02 11:11:36,433 - INFO - False[0m
[32m2025-01-02 11:11:44,067 - INFO - d_prime: 11 d: 13[0m
[32m2025-01-02 11:11:44,071 - INFO - d_prime: 12 d: 13[0m
[32m2025-01-02 11:11:44,074 - INFO - d_prime: 13 d: 13[0m
[32m2025-01-02 11:11:44,076 - INFO - forbidden_vars: ([{6:1},{1:1,4:1},{1:2},{1:1,2:1},{2:1,3:1},{3:1,5:1},{3:2},{4:2},{5:1,6:1},{6:2},{6:2},{6:2},{6:2},{6:2},{1:1,6:2},{1:1,3:1,6:1},{1:3},{1:2,6:1},{1:1,2:1,3:1},{2:1,3:1,6:1},{2:2,4:1},{2:1,3:1,6:1},{2:2,6:1},{2:1,6:2},{2:2,5:1},{3:1,4:1,5:1},{4:1,6:2},{5:1,6:2},{6:3},{6:3},{6:3},{6:3},{6:3},{1:1,3:1,5:2},{2:3,5:1},{3:1,5:1,6:2},{3:2,4:2},{4:2,6:2},{4:2,5:2},{2:1,3:2,6:2}])[0m
[32m2025-01-02 11:11:44,076 - INFO - False[0m
     0     0  830.00000    0 6392          -  830.00000      -     -  653s
[32m2025-01-02 11:12:11,577 - INFO - d_prime: 3 d: 3[0m
[32m2025-01-02 11:12:11,581 - INFO - d_prime: 4 d: 3[0m
[32m2025-01-02 11:12:11,583 - INFO - d_prime: 5 d: 3[0m
[32m2025-01-02 11:12:11,585 - INFO - d_prime: 6 d: 3[0m
[32m2025-01-02 11:12:11,586 - INFO - d_prime: 7 d: 3[0m
[32m2025-01-02 11:12:11,588 - INFO - d_prime: 8 d: 3[0m
[32m2025-01-02 11:12:11,590 - INFO - d_prime: 9 d: 3[0m
[32m2025-01-02 11:12:11,592 - INFO - d_prime: 10 d: 3[0m
[32m2025-01-02 11:12:11,594 - INFO - d_prime: 11 d: 3[0m
[32m2025-01-02 11:12:11,596 - INFO - d_prime: 12 d: 3[0m
[32m2025-01-02 11:12:11,598 - INFO - d_prime: 13 d: 3[0m
[32m2025-01-02 11:12:11,599 - INFO - forbidden_vars: ([{7:1},{3:1,4:1},{4:1,5:1},{7:2},{7:2},{1:2,7:1},{1:2,3:1},{3:2,4:1},{4:1,7:2},{4:1,7:2},{1:3,5:1},{1:1,3:1,4:1,7:1},{1:1,3:1,4:1,7:1},{1:2,3:1,5:1},{1:2,4:2},{3:1,4:1,5:1,7:1},{4:1,5:1,7:2}])[0m
[32m2025-01-02 11:12:11,599 - INFO - False[0m
[32m2025-01-02 11:12:31,228 - INFO - d_prime: 7 d: 7[0m
[32m2025-01-02 11:12:31,231 - INFO - d_prime: 8 d: 7[0m
[32m2025-01-02 11:12:31,234 - INFO - d_prime: 9 d: 7[0m
[32m2025-01-02 11:12:31,237 - INFO - d_prime: 10 d: 7[0m
[32m2025-01-02 11:12:31,240 - INFO - d_prime: 11 d: 7[0m
[32m2025-01-02 11:12:31,243 - INFO - d_prime: 12 d: 7[0m
[32m2025-01-02 11:12:31,246 - INFO - d_prime: 13 d: 7[0m
[32m2025-01-02 11:12:31,248 - INFO - forbidden_vars: ([{1:1},{5:1},{7:1},{0:1,4:1},{0:1,1:1},{0:2},{0:1,4:1},{0:2},{0:2},{1:2},{1:1,4:1},{1:1,2:1},{2:1,4:1},{2:1,7:1},{4:1,5:1},{5:2},{0:1,2:1,7:1},{0:2,2:1},{0:1,2:2},{1:2,5:1},{1:2,2:1},{1:1,5:1,7:1},{1:2,7:1},{1:2,2:1},{2:1,4:1,7:1},{2:3},{2:3},{2:3},{2:3},{4:3},{7:3},{0:1,2:3},{0:1,4:1,5:1,7:1},{1:1,2:3}])[0m
[32m2025-01-02 11:12:31,248 - INFO - False[0m
[32m2025-01-02 11:12:53,136 - INFO - d_prime: 8 d: 8[0m
[32m2025-01-02 11:12:53,139 - INFO - d_prime: 9 d: 8[0m
[32m2025-01-02 11:12:53,142 - INFO - d_prime: 10 d: 8[0m
[32m2025-01-02 11:12:53,145 - INFO - d_prime: 11 d: 8[0m
[32m2025-01-02 11:12:53,148 - INFO - d_prime: 12 d: 8[0m
[32m2025-01-02 11:12:53,151 - INFO - d_prime: 13 d: 8[0m
[32m2025-01-02 11:12:53,152 - INFO - forbidden_vars: ([{0:1},{2:1},{3:1},{4:1},{5:1},{5:1},{6:1},{0:1,2:1},{1:1,4:1},{2:1,6:1},{2:2},{3:2},{4:2},{6:2},{0:1,3:2},{0:1,2:1,6:1},{0:1,2:2},{0:1,3:2},{1:2,5:1},{2:2,3:1},{2:1,4:2},{2:1,3:2},{3:1,4:1,5:1},{4:1,6:2},{4:1,5:1,6:1},{4:1,5:2},{4:2,5:1},{4:1,5:2},{0:1,3:1,5:1,6:1},{0:1,3:2,6:1},{0:1,5:3},{0:1,2:1,5:2},{1:3,5:1},{1:2,3:1,4:1},{3:3,6:1},{5:3,6:1}])[0m
[32m2025-01-02 11:12:53,153 - INFO - False[0m
[32m2025-01-02 11:12:56,936 - INFO - d_prime: 9 d: 9[0m
[32m2025-01-02 11:12:56,940 - INFO - d_prime: 10 d: 9[0m
[32m2025-01-02 11:12:56,942 - INFO - d_prime: 11 d: 9[0m
[32m2025-01-02 11:12:56,945 - INFO - d_prime: 12 d: 9[0m
[32m2025-01-02 11:12:56,948 - INFO - d_prime: 13 d: 9[0m
[32m2025-01-02 11:12:56,949 - INFO - forbidden_vars: ([{1:1},{1:1},{1:1},{1:1},{2:1},{4:1},{4:1},{5:1},{5:1},{6:1},{7:1},{7:1},{7:1},{1:1,4:1},{1:1,2:1},{1:2},{1:2},{2:2},{2:2},{2:2},{4:2},{4:2},{4:1,7:1},{5:1,7:1},{5:1,7:1},{5:2},{7:2},{1:2,5:1},{1:3},{1:1,5:1,6:1},{1:2,6:1},{2:2,6:1},{2:2,6:1},{2:2,7:1},{5:2,7:1},{1:1,2:1,4:1,7:1},{1:1,5:2,7:1}])[0m
[32m2025-01-02 11:12:56,950 - INFO - False[0m
[32m2025-01-02 11:13:01,203 - INFO - d_prime: 10 d: 10[0m
[32m2025-01-02 11:13:01,206 - INFO - d_prime: 11 d: 10[0m
[32m2025-01-02 11:13:01,208 - INFO - d_prime: 12 d: 10[0m
[32m2025-01-02 11:13:01,211 - INFO - d_prime: 13 d: 10[0m
[32m2025-01-02 11:13:01,213 - INFO - forbidden_vars: ([{1:1},{1:1},{1:1},{3:1},{3:1},{3:1},{4:1},{4:1},{5:1},{5:1},{6:1},{1:2},{1:1,5:1},{1:1,4:1},{1:2},{1:2},{1:1,3:1},{1:2},{1:1,3:1},{3:2},{3:1,4:1},{3:2},{4:1,6:1},{4:1,6:1},{5:2},{5:2},{5:2},{6:2},{6:2},{1:1,3:1,6:1},{1:3},{1:1,3:2},{1:1,6:2},{3:1,6:2},{3:2,6:1},{3:1,6:2},{3:2,4:1},{3:1,5:3}])[0m
[32m2025-01-02 11:13:01,213 - INFO - False[0m
[32m2025-01-02 11:13:08,314 - INFO - d_prime: 11 d: 11[0m
[32m2025-01-02 11:13:08,318 - INFO - d_prime: 12 d: 11[0m
[32m2025-01-02 11:13:08,320 - INFO - d_prime: 13 d: 11[0m
[32m2025-01-02 11:13:08,322 - INFO - forbidden_vars: ([{1:1},{1:1},{3:1},{3:1},{4:1},{4:1},{5:1},{6:1},{6:1},{1:1,3:1},{1:1,5:1},{3:1,6:1},{3:2},{3:2},{3:2},{3:1,5:1},{3:1,4:1},{3:1,6:1},{4:1,6:1},{4:1,6:1},{5:2},{6:2},{6:2},{1:1,3:2},{1:1,3:2},{3:2,5:1},{3:3},{3:2,6:1},{3:3},{3:2,6:1},{3:2,4:1},{3:1,4:2},{4:1,5:1,6:1},{4:2,5:1},{4:2,5:1},{4:2,6:1},{4:1,6:2},{6:3},{5:3,6:1},{1:4,6:1}])[0m
[32m2025-01-02 11:13:08,322 - INFO - False[0m
[32m2025-01-02 11:13:16,497 - INFO - d_prime: 11 d: 12[0m
[32m2025-01-02 11:13:16,500 - INFO - d_prime: 12 d: 12[0m
[32m2025-01-02 11:13:16,503 - INFO - d_prime: 13 d: 12[0m
[32m2025-01-02 11:13:16,504 - INFO - forbidden_vars: ([{0:1},{0:1},{6:1},{6:1},{7:1},{7:1},{0:2},{0:2},{0:1,7:1},{0:1,6:1},{0:2},{1:1,6:1},{1:1,6:1},{1:1,6:1},{1:1,4:1},{1:1,5:1},{1:1,4:1},{4:2},{0:1,4:1,7:1},{0:3},{0:2,4:1},{0:1,6:2},{0:2,5:1},{0:1,5:1,7:1},{0:1,7:2},{0:2,6:1},{0:2,6:1},{0:1,6:2},{0:3},{0:2,6:1},{1:3},{0:4},{0:2,6:2},{0:2,1:1,6:1},{0:4},{0:2,5:1,7:1},{1:4},{4:2,5:2},{5:2,6:3}])[0m
[32m2025-01-02 11:13:16,504 - INFO - False[0m
[32m2025-01-02 11:13:24,016 - INFO - d_prime: 11 d: 13[0m
[32m2025-01-02 11:13:24,019 - INFO - d_prime: 12 d: 13[0m
[32m2025-01-02 11:13:24,021 - INFO - d_prime: 13 d: 13[0m
[32m2025-01-02 11:13:24,023 - INFO - forbidden_vars: ([{6:1},{1:1,4:1},{1:2},{1:1,2:1},{2:1,3:1},{2:2},{3:1,5:1},{3:2},{4:2},{5:1,6:1},{6:2},{6:2},{6:2},{6:2},{6:2},{1:1,6:2},{1:1,3:1,6:1},{1:3},{1:2,6:1},{1:1,2:1,3:1},{2:1,6:2},{2:1,3:1,6:1},{2:2,6:1},{2:1,6:2},{2:2,5:1},{3:1,6:2},{3:1,4:1,5:1},{4:1,6:2},{5:1,6:2},{6:3},{6:3},{2:4},{2:1,4:1,6:2},{2:2,6:2},{3:1,5:1,6:2},{3:1,5:3},{3:2,4:2},{4:2,6:2},{4:2,5:2},{2:1,3:2,6:2}])[0m
[32m2025-01-02 11:13:24,023 - INFO - False[0m
     0     0  830.00000    0 6392          -  830.00000      -     -  753s
     0     0  830.00000    0 6392          -  830.00000      -     -  780s
[32m2025-01-02 11:15:10,054 - INFO - d_prime: 3 d: 3[0m
[32m2025-01-02 11:15:10,057 - INFO - d_prime: 4 d: 3[0m
[32m2025-01-02 11:15:10,058 - INFO - d_prime: 5 d: 3[0m
[32m2025-01-02 11:15:10,060 - INFO - d_prime: 6 d: 3[0m
[32m2025-01-02 11:15:10,061 - INFO - d_prime: 7 d: 3[0m
[32m2025-01-02 11:15:10,063 - INFO - d_prime: 8 d: 3[0m
[32m2025-01-02 11:15:10,064 - INFO - d_prime: 9 d: 3[0m
[32m2025-01-02 11:15:10,066 - INFO - d_prime: 10 d: 3[0m
[32m2025-01-02 11:15:10,067 - INFO - d_prime: 11 d: 3[0m
[32m2025-01-02 11:15:10,069 - INFO - d_prime: 12 d: 3[0m
[32m2025-01-02 11:15:10,070 - INFO - d_prime: 13 d: 3[0m
[32m2025-01-02 11:15:10,071 - INFO - forbidden_vars: ([{1:1},{3:1},{3:2},{4:1,5:1},{5:1,7:1},{7:2},{7:2},{1:1,3:2},{3:1,4:1,7:1},{4:1,7:2},{1:1,5:1,7:2},{1:3,5:1},{1:2,7:2},{1:1,3:1,5:2},{1:2,5:2},{3:1,4:2,7:1},{3:1,7:3}])[0m
[32m2025-01-02 11:15:10,071 - INFO - False[0m
[32m2025-01-02 11:18:41,695 - INFO - d_prime: 8 d: 8[0m
[32m2025-01-02 11:18:41,700 - INFO - d_prime: 9 d: 8[0m
[32m2025-01-02 11:18:41,704 - INFO - d_prime: 10 d: 8[0m
[32m2025-01-02 11:18:41,707 - INFO - d_prime: 11 d: 8[0m
[32m2025-01-02 11:18:41,711 - INFO - d_prime: 12 d: 8[0m
[32m2025-01-02 11:18:41,714 - INFO - d_prime: 13 d: 8[0m
[32m2025-01-02 11:18:41,716 - INFO - forbidden_vars: ([{0:1},{0:1},{4:1},{6:1},{6:1},{0:1,4:1},{0:1,6:1},{0:1,5:1},{0:1,2:1},{2:1,4:1},{2:1,6:1},{2:2},{2:2},{3:1,4:1},{3:1,4:1},{4:2},{5:2},{5:1,6:1},{5:2},{0:1,5:1,6:1},{1:1,2:1,4:1},{1:2,4:1},{1:2,4:1},{3:1,4:2},{4:1,5:2},{4:3},{4:1,5:2},{4:1,5:1,6:1},{6:3},{0:1,2:2,6:1},{0:2,2:1,5:1},{1:3,5:1},{1:2,4:2},{2:1,4:1,6:2},{4:1,5:2,6:1},{4:2,6:2},{4:2,5:1,6:1}])[0m
[32m2025-01-02 11:18:41,717 - INFO - False[0m
[32m2025-01-02 11:18:45,793 - INFO - d_prime: 9 d: 9[0m
[32m2025-01-02 11:18:45,796 - INFO - d_prime: 10 d: 9[0m
[32m2025-01-02 11:18:45,799 - INFO - d_prime: 11 d: 9[0m
[32m2025-01-02 11:18:45,803 - INFO - d_prime: 12 d: 9[0m
[32m2025-01-02 11:18:45,806 - INFO - d_prime: 13 d: 9[0m
[32m2025-01-02 11:18:45,808 - INFO - forbidden_vars: ([{1:1},{1:1},{1:1},{1:1},{2:1},{4:1},{4:1},{4:1},{5:1},{7:1},{7:1},{7:1},{1:1,4:1},{1:1,2:1},{1:2},{1:1,2:1},{1:1,7:1},{1:1,2:1},{1:1,6:1},{1:1,2:1},{2:1,7:1},{2:1,4:1},{2:1,6:1},{2:2},{2:1,7:1},{2:2},{4:1,6:1},{4:1,7:1},{5:1,7:1},{1:1,2:1,5:1},{1:1,5:1,7:1},{1:3},{1:2,6:1},{1:2,7:1},{2:2,4:1},{2:3},{2:2,6:1,7:1},{2:1,5:2,7:1}])[0m
[32m2025-01-02 11:18:45,808 - INFO - False[0m
[32m2025-01-02 11:18:51,257 - INFO - d_prime: 10 d: 10[0m
[32m2025-01-02 11:18:51,260 - INFO - d_prime: 11 d: 10[0m
[32m2025-01-02 11:18:51,263 - INFO - d_prime: 12 d: 10[0m
[32m2025-01-02 11:18:51,266 - INFO - d_prime: 13 d: 10[0m
[32m2025-01-02 11:18:51,268 - INFO - forbidden_vars: ([{0:1},{1:1},{1:1},{3:1},{3:1},{4:1},{4:1},{5:1},{5:1},{6:1},{0:1,1:1},{0:1,1:1},{0:1,6:1},{0:1,4:1},{1:1,6:1},{1:1,6:1},{1:1,6:1},{1:1,4:1},{1:2},{1:2},{1:1,3:1},{3:1,5:1},{4:1,5:1},{6:2},{6:2},{1:1,3:1,6:1},{1:1,5:1,6:1},{1:1,3:2},{1:1,6:2},{1:2,6:1},{3:2,6:1},{5:2,6:1},{1:1,3:1,6:2},{1:2,4:1,6:1},{1:2,3:2},{1:1,3:1,4:1,5:1},{3:3,6:1}])[0m
[32m2025-01-02 11:18:51,268 - INFO - False[0m
[32m2025-01-02 11:19:06,464 - INFO - d_prime: 11 d: 11[0m
[32m2025-01-02 11:19:06,467 - INFO - d_prime: 12 d: 11[0m
[32m2025-01-02 11:19:06,470 - INFO - d_prime: 13 d: 11[0m
[32m2025-01-02 11:19:06,471 - INFO - forbidden_vars: ([{1:1},{1:1},{3:1},{3:1},{4:1},{4:1},{5:1},{5:1},{1:1,3:1},{1:1,3:1},{3:1,6:1},{3:1,6:1},{3:1,4:1},{3:1,6:1},{3:1,5:1},{3:1,6:1},{3:1,6:1},{3:2},{3:1,6:1},{3:2},{3:1,6:1},{4:1,6:1},{4:1,6:1},{5:1,6:1},{6:2},{1:1,6:2},{1:1,3:2},{1:1,3:1,4:1},{1:1,3:2},{1:1,3:1,4:1},{3:3},{3:3},{3:2,6:1},{3:1,6:2},{3:3},{3:3},{4:1,6:2},{4:1,6:2},{4:1,5:1,6:1},{1:3,3:1,6:1}])[0m
[32m2025-01-02 11:19:06,472 - INFO - False[0m
[32m2025-01-02 11:19:19,661 - INFO - d_prime: 11 d: 12[0m
[32m2025-01-02 11:19:19,665 - INFO - d_prime: 12 d: 12[0m
[32m2025-01-02 11:19:19,669 - INFO - d_prime: 13 d: 12[0m
[32m2025-01-02 11:19:19,671 - INFO - forbidden_vars: ([{0:1},{6:1},{6:1},{7:1},{0:1,4:1},{0:1,5:1},{0:1,2:1},{0:1,6:1},{1:1,6:1},{2:1,5:1},{4:1,7:1},{0:3},{0:2,1:1},{0:1,1:1,5:1},{0:2,5:1},{0:1,4:1,7:1},{0:1,4:1,5:1},{0:1,4:2},{0:1,2:1,6:1},{0:1,2:2},{0:1,4:1,5:1},{1:1,2:1,6:1},{1:3},{1:1,4:1,6:1},{1:1,4:1,7:1},{1:2,6:1},{2:2,4:1},{2:3},{2:1,6:1,7:1},{2:2,6:1},{2:2,4:1},{4:1,6:1,7:1},{0:1,2:1,4:2},{0:1,2:1,5:1,6:1},{0:4},{0:2,5:2},{0:2,2:1,6:1},{2:1,4:1,5:1,6:1},{1:1,2:1,4:1,6:2}])[0m
[32m2025-01-02 11:19:19,671 - INFO - False[0m
[32m2025-01-02 11:19:30,747 - INFO - d_prime: 11 d: 13[0m
[32m2025-01-02 11:19:30,751 - INFO - d_prime: 12 d: 13[0m
[32m2025-01-02 11:19:30,754 - INFO - d_prime: 13 d: 13[0m
[32m2025-01-02 11:19:30,887 - INFO - forbidden_vars: ([{6:1},{1:1,2:1},{1:1,6:1},{3:1,5:1},{3:1,7:1},{4:1,6:1},{4:1,6:1},{4:2},{5:1,6:1},{5:1,6:1},{6:2},{6:2},{1:1,2:1,4:1},{1:1,2:1,6:1},{1:3},{1:1,5:1,6:1},{1:1,2:1,6:1},{2:1,3:1,6:1},{2:1,5:1,6:1},{2:2,6:1},{3:1,6:2},{3:1,5:1,6:1},{3:1,5:1,6:1},{3:1,4:1,6:1},{4:1,6:2},{4:1,5:1,6:1},{4:1,6:2},{4:2,6:1},{6:3},{1:1,4:1,6:2},{1:2,2:2},{1:1,2:1,3:1,4:1},{2:1,3:1,4:1,7:1},{2:1,3:1,6:2},{2:2,3:2},{3:1,4:1,6:2},{3:2,4:2},{4:1,5:1,6:2},{4:2,6:2},{4:2,5:1,6:1}])[0m
[32m2025-01-02 11:19:30,887 - INFO - False[0m
     0     2  830.00000    0 6392          -  830.00000      -     - 1154s
     1     4  849.00000    1 3365          -  832.00000      - 17758 1253s
     3     8  849.00000    2 3318          -  832.00000      - 10486 1314s
     7    12  849.00000    3 3236          -  832.00000      -  7201 1324s
    11    16  849.00000    4 2836          -  832.00000      -  4892 1367s
    19    24  849.00000    6 2903          -  832.00000      -  4073 1373s
    23    31  849.00000    7 2898          -  832.00000      -  3575 1376s
    38    58  849.00000   10 2862          -  832.00000      -  2362 1387s
    57    98  849.00000   13 2826          -  832.00000      -  1785 1405s
    97   147  849.00000   21 2770          -  832.00000      -  1322 1437s
   146   214  849.00000   32 2551          -  832.00000      -  1225 1489s
   213   281  849.00000   50 2276          -  832.00000      -  1226 1574s
   280   449  849.00000   70 1777          -  832.00000      -  1358 1704s
   450   655  849.00000  107 1271          -  832.00000      -  1162 2011s
   656   802  849.00000  154  781          -  832.00000      -  1045 2424s
   803   945  849.00000  155  778          -  832.00000      -  1087 3121s
