1.NAME: LBBDSolver
2.PARAMS: {'break_symmetry': False, 'add_constraints_to_symmetrc_days': True, 'subsolver_cls': 'CPSubSolver2'}
3.INSTANCE: /home/wx350715/Kobra/rehabiliation-admission-scheduling/data/comp_study_002/instance_7_15.txt
4.REPETITION: 1
Current directory: /home/wx350715/Kobra/rehabiliation-admission-scheduling
[34m2025-01-01 18:42:58,297 - DEBUG - Solver: <class 'src.solvers.benders.LBBDSolver'>[0m
[34m2025-01-01 18:42:58,297 - DEBUG - Args: {'break_symmetry': False, 'add_constraints_to_symmetrc_days': True, 'subsolver_cls': 'CPSubSolver2'}[0m
[34m2025-01-01 18:42:58,298 - DEBUG - File path /home/wx350715/Kobra/rehabiliation-admission-scheduling/data/comp_study_002/instance_7_15.txt[0m
[34m2025-01-01 18:42:58,298 - DEBUG - ADD INSTANCE DATA[0m
[34m2025-01-01 18:42:58,298 - DEBUG - ADD INSTANCE DATA[0m
[34m2025-01-01 18:42:58,298 - DEBUG - ADD INSTANCE DATA[0m
[34m2025-01-01 18:42:58,298 - DEBUG - ADD INSTANCE DATA[0m
[34m2025-01-01 18:42:58,298 - DEBUG - ADD INSTANCE DATA[0m
[34m2025-01-01 18:42:58,298 - DEBUG - ADD INSTANCE DATA[0m
[34m2025-01-01 18:42:58,298 - DEBUG - ADD INSTANCE DATA[0m
[34m2025-01-01 18:42:58,298 - DEBUG - ADD INSTANCE DATA[0m
[34m2025-01-01 18:42:58,298 - DEBUG - ADD INSTANCE DATA[0m
[34m2025-01-01 18:42:58,298 - DEBUG - ADD INSTANCE DATA[0m
[34m2025-01-01 18:42:58,298 - DEBUG - ADD INSTANCE DATA[0m
[34m2025-01-01 18:42:58,298 - DEBUG - ADD RESOURCE_GROUPS[0m
[34m2025-01-01 18:42:58,298 - DEBUG - ADD RESOURCE_GROUPS[0m
[34m2025-01-01 18:42:58,298 - DEBUG - ADD RESOURCE_GROUPS[0m
[34m2025-01-01 18:42:58,298 - DEBUG - ADD RESOURCE_GROUPS[0m
[34m2025-01-01 18:42:58,298 - DEBUG - ADD RESOURCE_GROUPS[0m
[34m2025-01-01 18:42:58,298 - DEBUG - ADD RESOURCES[0m
[34m2025-01-01 18:42:58,298 - DEBUG - ADD RESOURCES[0m
[34m2025-01-01 18:42:58,299 - DEBUG - ADD RESOURCES[0m
[34m2025-01-01 18:42:58,299 - DEBUG - ADD RESOURCES[0m
[34m2025-01-01 18:42:58,299 - DEBUG - ADD RESOURCES[0m
[34m2025-01-01 18:42:58,299 - DEBUG - ADD RESOURCES[0m
[34m2025-01-01 18:42:58,299 - DEBUG - ADD RESOURCES[0m
[34m2025-01-01 18:42:58,299 - DEBUG - ADD RESOURCES[0m
[34m2025-01-01 18:42:58,299 - DEBUG - ADD RESOURCES[0m
[34m2025-01-01 18:42:58,299 - DEBUG - ADD RESOURCES[0m
[34m2025-01-01 18:42:58,299 - DEBUG - ADD TREATMENTS[0m
[34m2025-01-01 18:42:58,299 - DEBUG - ADD TREATMENTS[0m
[34m2025-01-01 18:42:58,299 - DEBUG - ADD TREATMENTS[0m
[34m2025-01-01 18:42:58,299 - DEBUG - ADD TREATMENTS[0m
[34m2025-01-01 18:42:58,299 - DEBUG - ADD TREATMENTS[0m
[34m2025-01-01 18:42:58,299 - DEBUG - ADD TREATMENTS[0m
[34m2025-01-01 18:42:58,300 - DEBUG - ADD TREATMENTS[0m
[34m2025-01-01 18:42:58,300 - DEBUG - ADD TREATMENTS[0m
[34m2025-01-01 18:42:58,300 - DEBUG - ADD TREATMENTS[0m
[34m2025-01-01 18:42:58,300 - DEBUG - ADD TREATMENTS[0m
[34m2025-01-01 18:42:58,300 - DEBUG - ADD PATIENTS[0m
[34m2025-01-01 18:42:58,300 - DEBUG - ADD PATIENTS[0m
[34m2025-01-01 18:42:58,300 - DEBUG - ADD PATIENTS[0m
[34m2025-01-01 18:42:58,300 - DEBUG - ADD PATIENTS[0m
[34m2025-01-01 18:42:58,300 - DEBUG - ADD PATIENTS[0m
[34m2025-01-01 18:42:58,300 - DEBUG - ADD PATIENTS[0m
[34m2025-01-01 18:42:58,300 - DEBUG - ADD PATIENTS[0m
[34m2025-01-01 18:42:58,300 - DEBUG - ADD PATIENTS[0m
[34m2025-01-01 18:42:58,301 - DEBUG - ADD PATIENTS[0m
[34m2025-01-01 18:42:58,301 - DEBUG - ADD PATIENTS[0m
[34m2025-01-01 18:42:58,301 - DEBUG - ADD PATIENTS[0m
[34m2025-01-01 18:42:58,301 - DEBUG - ADD PATIENTS[0m
[34m2025-01-01 18:42:58,301 - DEBUG - ADD PATIENTS[0m
[34m2025-01-01 18:42:58,301 - DEBUG - ADD PATIENTS[0m
[34m2025-01-01 18:42:58,301 - DEBUG - ADD PATIENTS[0m
[34m2025-01-01 18:42:58,301 - DEBUG - ADD PATIENTS[0m
[34m2025-01-01 18:42:58,301 - DEBUG - ADD PATIENTS[0m
[34m2025-01-01 18:42:58,301 - DEBUG - ADD PATIENTS[0m
[34m2025-01-01 18:42:58,301 - DEBUG - ADD PATIENTS[0m
[34m2025-01-01 18:42:58,301 - DEBUG - ADD PATIENTS[0m
[34m2025-01-01 18:42:58,303 - DEBUG - Instance data:[0m
[34m2025-01-01 18:42:58,303 - DEBUG - Number of patients: 19[0m
[34m2025-01-01 18:42:58,303 - DEBUG - Number of beds: 40[0m
[34m2025-01-01 18:42:58,303 - DEBUG - Average number of treatments per patient: 23.526315789473685[0m
[34m2025-01-01 18:42:58,303 - DEBUG - Average number of treatment per stayed day: 2.3526315789473684[0m
[34m2025-01-01 18:42:58,303 - DEBUG - Number of treatments: 447[0m
[34m2025-01-01 18:42:58,303 - DEBUG - Number of resources: 10[0m
[34m2025-01-01 18:42:58,303 - DEBUG - Number of resource groups: 5[0m
[34m2025-01-01 18:42:58,303 - DEBUG - Number of resource hours needed per all treatment by RG(rooms): 22.09999999999998[0m
[34m2025-01-01 18:42:58,303 - DEBUG - Number of resource hours needed per all treatment by RG(physiotherapist): 9.75[0m
[34m2025-01-01 18:42:58,303 - DEBUG - Number of resource hours needed per all treatment by RG(therapists): 7.975000000000001[0m
[34m2025-01-01 18:42:58,303 - DEBUG - Number of resource hours needed per all treatment by RG(sport_room): 5.625[0m
[32m2025-01-01 18:42:58,303 - INFO - {'solver': 'LBBDSolver', 'args': {'break_symmetry': False, 'subsolver_cls': <class 'src.solvers.subsolvers.cp_subsolver.CPSubsolver'>, 'subsolver.store_results': True, 'subsolver.store_results_method': 'hash', 'use_helper_constraints': True, 'enforce_min_treatments_per_day': True, 'enforce_max_treatments_per_e_w': True, 'enforce_min_patients_per_treatment': True, 'log_to_console': True}}[0m
[34m2025-01-01 18:42:58,303 - DEBUG - Setting options: LBBDSolver[0m
[34m2025-01-01 18:42:58,303 - DEBUG -  ---- break_symmetry to False[0m
[34m2025-01-01 18:42:58,303 - DEBUG -  ---- subsolver_cls to <class 'src.solvers.subsolvers.cp_subsolver.CPSubsolver'>[0m
[34m2025-01-01 18:42:58,303 - DEBUG -  ---- use_helper_constraints to True[0m
[34m2025-01-01 18:42:58,303 - DEBUG -  ---- add_constraints_to_symmetric_days to True (default)[0m
[34m2025-01-01 18:42:58,303 - DEBUG - Setting options: Solver[0m
[34m2025-01-01 18:42:58,303 - DEBUG -  ---- number_of_threads to 4 (default)[0m
[34m2025-01-01 18:42:58,303 - DEBUG -  ---- treatment_value to 0 (default)[0m
[34m2025-01-01 18:42:58,303 - DEBUG -  ---- delay_value to 1 (default)[0m
[34m2025-01-01 18:42:58,303 - DEBUG -  ---- missing_treatment_value to 4 (default)[0m
[34m2025-01-01 18:42:58,303 - DEBUG -  ---- enforce_min_treatments_per_day to True[0m
[34m2025-01-01 18:42:58,303 - DEBUG -  ---- enforce_max_treatments_per_e_w to True[0m
[34m2025-01-01 18:42:58,303 - DEBUG -  ---- enforce_min_patients_per_treatment to True[0m
[34m2025-01-01 18:42:58,303 - DEBUG -  ---- log_to_console to True[0m
[34m2025-01-01 18:42:58,303 - DEBUG -  ---- log_to_file to True (default)[0m
[34m2025-01-01 18:42:58,303 - DEBUG -  ---- no_rel_heur_time to 1 (default)[0m
[34m2025-01-01 18:42:58,330 - DEBUG - Setting options: CPSubsolver[0m
[34m2025-01-01 18:42:58,330 - DEBUG -  ---- estimated_needed_treatments to True (default)[0m
[34m2025-01-01 18:42:58,330 - DEBUG -  ---- add_patient_symmetry to False (default)[0m
[34m2025-01-01 18:42:58,330 - DEBUG - Setting Subsolver options: SubSolver[0m
[34m2025-01-01 18:42:58,330 - DEBUG -  ---- store_results to True[0m
[34m2025-01-01 18:42:58,330 - DEBUG -  ---- store_results_method to hash[0m
[34m2025-01-01 18:42:58,330 - DEBUG -  ---- enforce_min_patients_per_treatment to True[0m
[34m2025-01-01 18:42:58,330 - DEBUG -  ---- use_day_symmetry to True (default)[0m
[32m2025-01-01 18:42:58,353 - INFO - Create model: LBBDSolver[0m
Set parameter TSPort to value 50039
Set parameter TokenServer to value "license.itc.rwth-aachen.de"
Set parameter Threads to value 4
Set parameter Cuts to value 0
Set parameter LazyConstraints to value 1
Set parameter NoRelHeurTime to value 1
[34m2025-01-01 18:42:58,514 - DEBUG - Variables created.[0m
[34m2025-01-01 18:42:59,224 - DEBUG - Constraint (not too many treatments) created.[0m
[34m2025-01-01 18:42:59,677 - DEBUG - Constraint (no_treatments_outside admittance) created.[0m
[34m2025-01-01 18:42:59,678 - DEBUG - Constraint (bed_usage) created.[0m
[34m2025-01-01 18:42:59,678 - DEBUG - Constraint (must be admitted) created.[0m
[34m2025-01-01 18:42:59,747 - DEBUG - Constraint (e_w_ub) created.[0m
[34m2025-01-01 18:42:59,767 - DEBUG - Constraint (day_ub) created.[0m
[34m2025-01-01 18:42:59,788 - DEBUG - Constraint (Day always) created.[0m
[34m2025-01-01 18:42:59,788 - DEBUG - Constraint (already_admitted) created.[0m
[32m2025-01-01 18:43:00,270 - INFO - Time to create model: 1.916[0m
[32m2025-01-01 18:43:00,270 - INFO - Solving model: LBBDSolver[0m
Gurobi Optimizer version 10.0.0 build v10.0.0rc2 (linux64)

CPU model: Intel(R) Xeon(R) Platinum 8468, instruction set [SSE2|AVX|AVX2|AVX512]
Thread count: 96 physical cores, 96 logical processors, using up to 4 threads

Optimize a model with 121184 rows, 49620 columns and 974121 nonzeros
Model fingerprint: 0x3ea04206
Variable types: 3 continuous, 49617 integer (49617 binary)
Coefficient statistics:
  Matrix range     [1e+00, 1e+01]
  Objective range  [1e+00, 1e+01]
  Bounds range     [1e+00, 1e+00]
  RHS range        [1e+00, 2e+03]
Found heuristic solution: objective 1209.0000000
Presolve added 0 rows and 236 columns
Presolve removed 60939 rows and 0 columns
Presolve time: 1.29s
Presolved: 60245 rows, 49856 columns, 742026 nonzeros
Variable types: 1 continuous, 49855 integer (49754 binary)
Found heuristic solution: objective 841.0000000
Starting NoRel heuristic
Found heuristic solution: objective 837.0000000
Root relaxation presolved: 60146 rows, 49955 columns, 715180 nonzeros

Deterministic concurrent LP optimizer: primal simplex, dual simplex, and barrier
Showing barrier log only...

Root barrier log...

Ordering time: 0.08s

Barrier statistics:
 Dense cols : 73
 AA' NZ     : 9.059e+04
 Factor NZ  : 3.428e+05 (roughly 7 MB of memory)
 Factor Ops : 5.982e+07 (less than 1 second per iteration)
 Threads    : 2

                  Objective                Residual
Iter       Primal          Dual         Primal    Dual     Compl     Time
   0  -1.37756183e+06 -1.09478080e+04  3.66e+04 1.24e+00  1.36e+02    10s
   1  -6.16941728e+05 -2.74497051e+04  1.64e+04 3.60e-01  5.74e+01    10s
   2  -9.43224512e+04 -2.20822690e+04  2.50e+03 1.34e-02  9.65e+00    10s
   3  -2.20444954e+04 -1.33530784e+04  5.85e+02 6.79e-03  2.65e+00    10s
   4  -7.72694778e+03 -5.23961849e+03  2.05e+02 2.25e-03  8.42e-01    10s
   5   4.80746967e+01 -1.59226233e+03  5.62e+00 1.92e-04  1.42e-01    10s
   6   1.18007621e+02 -4.34009535e+02  1.31e+00 5.54e-05  4.40e-02    10s
   7   1.38441304e+02  3.32354680e+01  1.53e-01 2.69e-05  8.00e-03    10s
   8   1.37168261e+02  1.17187851e+02  5.46e-02 7.29e-05  1.59e-03    10s
   9   1.36352376e+02  1.32373346e+02  1.16e-02 2.32e-05  3.18e-04    10s
  10   1.36080454e+02  1.35698182e+02  1.59e-03 1.20e-05  3.19e-05    10s
  11   1.36001273e+02  1.35996178e+02  1.50e-05 2.09e-06  4.08e-07    10s
  12   1.36000002e+02  1.35999996e+02  6.30e-11 2.50e-08  4.10e-10    10s

Barrier solved model in 12 iterations and 10.18 seconds (3.97 work units)
Optimal objective 1.36000002e+02


Root crossover log...

     785 DPushes remaining with DInf 0.0000000e+00                10s
       0 DPushes remaining with DInf 0.0000000e+00                10s

    2801 PPushes remaining with PInf 0.0000000e+00                10s
       0 PPushes remaining with PInf 0.0000000e+00                10s

  Push phase complete: Pinf 0.0000000e+00, Dinf 2.1365576e-11     10s


Root simplex log...

Iteration    Objective       Primal Inf.    Dual Inf.      Time
    3032    1.3600000e+02   0.000000e+00   0.000000e+00     10s
Concurrent spin time: 0.11s (can be avoided by choosing Method=3)

Solved with barrier
    3032    1.3600000e+02   0.000000e+00   0.000000e+00     10s

Use crossover to convert LP symmetric solution to basic solution...

Root crossover log...

     284 DPushes remaining with DInf 0.0000000e+00                11s
       0 DPushes remaining with DInf 0.0000000e+00                11s

   13762 PPushes remaining with PInf 0.0000000e+00                11s
       0 PPushes remaining with PInf 0.0000000e+00                12s

  Push phase complete: Pinf 0.0000000e+00, Dinf 1.0590417e-10     12s


Root simplex log...

Iteration    Objective       Primal Inf.    Dual Inf.      Time
   16808    1.3600000e+02   0.000000e+00   0.000000e+00     12s
   16808    1.3600000e+02   0.000000e+00   0.000000e+00     12s

Root relaxation: objective 1.360000e+02, 16808 iterations, 2.44 seconds (0.95 work units)
Total elapsed time = 15.91s

    Nodes    |    Current Node    |     Objective Bounds      |     Work
 Expl Unexpl |  Obj  Depth IntInf | Incumbent    BestBd   Gap | It/Node Time

     0     0  136.00000    0   22  837.00000  136.00000  83.8%     -   17s
H    0     0                     140.0000000  136.00000  2.86%     -   26s
H    0     0                     136.0000000  136.00000  0.00%     -   49s
     0     0  136.00000    0   22  136.00000  136.00000  0.00%     -   49s

Explored 1 nodes (42865 simplex iterations) in 49.45 seconds (15.79 work units)
Thread count was 4 (of 96 available processors)

Solution count 5: 136 140 837 ... 1209

Optimal solution found (tolerance 1.00e-04)
Best objective 1.360000000000e+02, best bound 1.360000000000e+02, gap 0.0000%

User-callback calls 947, time in user-callback 39.50 sec
[34m2025-01-01 18:43:49,749 - DEBUG - Finished optimization[0m
[34m2025-01-01 18:43:49,749 - DEBUG - Subsolver stats:[0m
[32m2025-01-01 18:43:49,749 - INFO - Number of cuts added: 0 (bad=0, good=0)[0m
[32m2025-01-01 18:43:49,749 - INFO - Unnecessary comps: (0 / 0)[0m
[32m2025-01-01 18:43:49,749 - INFO - Calls to is_day_infeasible: cp_solver=49/ total=70 stored=21[0m
[32m2025-01-01 18:43:49,749 - INFO - Is feasible: 39.408501625061035 0.9978348732850645[0m
[32m2025-01-01 18:43:49,749 - INFO - Subsolver: Solve Model: 38.75176692008972/0.9836560233370032[0m
[32m2025-01-01 18:43:49,749 - INFO - Subsolver: Create Model: 0.6438815593719482/0.016343976662996834[0m
[32m2025-01-01 18:43:49,749 - INFO - Num_constraints-added: 0[0m
[32m2025-01-01 18:43:49,750 - INFO - Optimal solution found.[0m
[34m2025-01-01 18:43:49,750 - DEBUG - Sub Objectives:[0m
[34m2025-01-01 18:43:49,750 - DEBUG - (SOLVER):Minimize Delay: 0.0[0m
[34m2025-01-01 18:43:49,750 - DEBUG - (SOLVER):Minimize Missing Treatments: 136.0[0m
[32m2025-01-01 18:43:49,750 - INFO - All cuts [][0m
[32m2025-01-01 18:43:49,750 - INFO - All cuts [][0m
[34m2025-01-01 18:44:00,246 - DEBUG - Patient 0 is admitted at day 0.[0m
[34m2025-01-01 18:44:00,246 - DEBUG - Patient 1 is admitted at day 1.[0m
[34m2025-01-01 18:44:00,246 - DEBUG - Patient 2 is admitted at day 2.[0m
[34m2025-01-01 18:44:00,246 - DEBUG - Patient 3 is admitted at day 2.[0m
[34m2025-01-01 18:44:00,246 - DEBUG - Patient 4 is admitted at day 3.[0m
[34m2025-01-01 18:44:00,246 - DEBUG - Patient 5 is admitted at day 4.[0m
[34m2025-01-01 18:44:00,246 - DEBUG - Patient 6 is admitted at day 5.[0m
[34m2025-01-01 18:44:00,246 - DEBUG - Patient 7 is admitted at day 2.[0m
[34m2025-01-01 18:44:00,246 - DEBUG - Patient 8 is admitted at day 7.[0m
[34m2025-01-01 18:44:00,246 - DEBUG - Patient 9 is admitted at day 9.[0m
[34m2025-01-01 18:44:00,247 - DEBUG - Patient 10 is admitted at day 0.[0m
[34m2025-01-01 18:44:00,247 - DEBUG - Patient 11 is admitted at day 2.[0m
[34m2025-01-01 18:44:00,247 - DEBUG - Patient 12 is admitted at day 3.[0m
[34m2025-01-01 18:44:00,247 - DEBUG - Patient 13 is admitted at day 8.[0m
[34m2025-01-01 18:44:00,247 - DEBUG - Patient 14 is admitted at day 6.[0m
[34m2025-01-01 18:44:00,247 - DEBUG - Patient 15 is admitted at day 11.[0m
[34m2025-01-01 18:44:00,247 - DEBUG - Patient 16 is admitted at day 4.[0m
[34m2025-01-01 18:44:00,247 - DEBUG - Patient 17 is admitted at day 5.[0m
[34m2025-01-01 18:44:00,247 - DEBUG - Patient 19 is admitted at day 0.[0m
[34m2025-01-01 18:44:00,247 - DEBUG - Patients [0] have treatment 1 starting at day 0, hour 8.0 using resources [8].[0m
[34m2025-01-01 18:44:00,247 - DEBUG - Patients [0] have treatment 1 starting at day 0, hour 8.5 using resources [7].[0m
[34m2025-01-01 18:44:00,247 - DEBUG - Patients [10] have treatment 4 starting at day 0, hour 9.5 using resources [3, 6].[0m
[34m2025-01-01 18:44:00,247 - DEBUG - Patients [10] have treatment 4 starting at day 0, hour 10.0 using resources [2, 6].[0m
[34m2025-01-01 18:44:00,247 - DEBUG - Patients [10, 19] have treatment 9 starting at day 0, hour 8.0 using resources [9, 6].[0m
[34m2025-01-01 18:44:00,247 - DEBUG - Patients [0] have treatment 1 starting at day 1, hour 11.5 using resources [8].[0m
[34m2025-01-01 18:44:00,247 - DEBUG - Patients [19] have treatment 4 starting at day 1, hour 11.5 using resources [1, 6].[0m
[34m2025-01-01 18:44:00,247 - DEBUG - Patients [0] have treatment 5 starting at day 1, hour 11.0 using resources [5, 6].[0m
[34m2025-01-01 18:44:00,247 - DEBUG - Patients [19] have treatment 5 starting at day 1, hour 11.0 using resources [4, 7].[0m
[34m2025-01-01 18:44:00,247 - DEBUG - Patients [0, 10, 19] have treatment 9 starting at day 1, hour 8.0 using resources [3, 6].[0m
[34m2025-01-01 18:44:00,247 - DEBUG - Patients [0, 1] have treatment 9 starting at day 1, hour 9.5 using resources [1, 6].[0m
[34m2025-01-01 18:44:00,247 - DEBUG - Patients [11, 19] have treatment 5 starting at day 2, hour 11.5 using resources [5, 6].[0m
[34m2025-01-01 18:44:00,247 - DEBUG - Patients [1, 2] have treatment 5 starting at day 2, hour 15.0 using resources [5, 6].[0m
[34m2025-01-01 18:44:00,247 - DEBUG - Patients [2] have treatment 5 starting at day 2, hour 15.5 using resources [4, 6].[0m
[34m2025-01-01 18:44:00,247 - DEBUG - Patients [3, 7] have treatment 7 starting at day 2, hour 8.0 using resources [8, 6, 5].[0m
[34m2025-01-01 18:44:00,247 - DEBUG - Patients [1, 7] have treatment 7 starting at day 2, hour 9.0 using resources [8, 6, 5].[0m
[34m2025-01-01 18:44:00,247 - DEBUG - Patients [0, 7] have treatment 7 starting at day 2, hour 13.0 using resources [8, 6, 5].[0m
[34m2025-01-01 18:44:00,247 - DEBUG - Patients [0] have treatment 7 starting at day 2, hour 14.0 using resources [8, 6, 4].[0m
[34m2025-01-01 18:44:00,247 - DEBUG - Patients [2, 10] have treatment 9 starting at day 2, hour 10.0 using resources [9, 6].[0m
[34m2025-01-01 18:44:00,248 - DEBUG - Patients [2] have treatment 1 starting at day 3, hour 12.0 using resources [8].[0m
[34m2025-01-01 18:44:00,248 - DEBUG - Patients [10, 19] have treatment 3 starting at day 3, hour 8.0 using resources [9, 7].[0m
[34m2025-01-01 18:44:00,248 - DEBUG - Patients [10, 19] have treatment 3 starting at day 3, hour 10.0 using resources [9, 7].[0m
[34m2025-01-01 18:44:00,248 - DEBUG - Patients [11, 19] have treatment 3 starting at day 3, hour 13.0 using resources [0, 6].[0m
[34m2025-01-01 18:44:00,248 - DEBUG - Patients [10] have treatment 4 starting at day 3, hour 15.0 using resources [0, 7].[0m
[34m2025-01-01 18:44:00,248 - DEBUG - Patients [12] have treatment 4 starting at day 3, hour 15.5 using resources [1, 7].[0m
[34m2025-01-01 18:44:00,248 - DEBUG - Patients [7] have treatment 5 starting at day 3, hour 13.0 using resources [4, 7].[0m
[34m2025-01-01 18:44:00,248 - DEBUG - Patients [0, 1, 2, 3, 4] have treatment 6 starting at day 3, hour 10.75 using resources [0, 8].[0m
[34m2025-01-01 18:44:00,248 - DEBUG - Patients [0] have treatment 7 starting at day 3, hour 9.75 using resources [8, 6, 5].[0m
[34m2025-01-01 18:44:00,248 - DEBUG - Patients [4] have treatment 7 starting at day 3, hour 15.0 using resources [8, 6, 4].[0m
[34m2025-01-01 18:44:00,248 - DEBUG - Patients [2, 7, 12] have treatment 9 starting at day 3, hour 8.0 using resources [0, 6].[0m
[34m2025-01-01 18:44:00,248 - DEBUG - Patients [5] have treatment 1 starting at day 4, hour 12.0 using resources [6].[0m
[34m2025-01-01 18:44:00,248 - DEBUG - Patients [7] have treatment 1 starting at day 4, hour 12.0 using resources [7].[0m
[34m2025-01-01 18:44:00,248 - DEBUG - Patients [4] have treatment 1 starting at day 4, hour 12.0 using resources [8].[0m
[34m2025-01-01 18:44:00,248 - DEBUG - Patients [3] have treatment 1 starting at day 4, hour 12.5 using resources [7].[0m
[34m2025-01-01 18:44:00,248 - DEBUG - Patients [1] have treatment 1 starting at day 4, hour 12.5 using resources [6].[0m
[34m2025-01-01 18:44:00,248 - DEBUG - Patients [10, 11, 12, 16, 19] have treatment 2 starting at day 4, hour 13.0 using resources [9, 7].[0m
[34m2025-01-01 18:44:00,248 - DEBUG - Patients [10, 12, 16] have treatment 3 starting at day 4, hour 8.0 using resources [2, 6].[0m
[34m2025-01-01 18:44:00,248 - DEBUG - Patients [16, 19] have treatment 4 starting at day 4, hour 10.5 using resources [0, 6].[0m
[34m2025-01-01 18:44:00,248 - DEBUG - Patients [11] have treatment 4 starting at day 4, hour 11.0 using resources [0, 6].[0m
[34m2025-01-01 18:44:00,248 - DEBUG - Patients [11] have treatment 4 starting at day 4, hour 11.5 using resources [0, 6].[0m
[34m2025-01-01 18:44:00,248 - DEBUG - Patients [3] have treatment 5 starting at day 4, hour 10.0 using resources [5, 6].[0m
[34m2025-01-01 18:44:00,248 - DEBUG - Patients [0, 2, 3, 4, 5, 7] have treatment 6 starting at day 4, hour 8.0 using resources [0, 8].[0m
[34m2025-01-01 18:44:00,248 - DEBUG - Patients [2, 5] have treatment 7 starting at day 4, hour 13.0 using resources [8, 6, 5].[0m
[34m2025-01-01 18:44:00,248 - DEBUG - Patients [1, 2] have treatment 7 starting at day 4, hour 14.0 using resources [8, 6, 5].[0m
[34m2025-01-01 18:44:00,248 - DEBUG - Patients [1, 2] have treatment 7 starting at day 4, hour 15.0 using resources [8, 6, 5].[0m
[34m2025-01-01 18:44:00,248 - DEBUG - Patients [11, 12, 16, 17, 19] have treatment 2 starting at day 5, hour 14.5 using resources [9, 6].[0m
[34m2025-01-01 18:44:00,249 - DEBUG - Patients [10, 11, 12, 16, 17] have treatment 2 starting at day 5, hour 15.25 using resources [9, 6].[0m
[34m2025-01-01 18:44:00,249 - DEBUG - Patients [10, 17] have treatment 3 starting at day 5, hour 8.0 using resources [3, 6].[0m
[34m2025-01-01 18:44:00,249 - DEBUG - Patients [10, 19] have treatment 3 starting at day 5, hour 10.0 using resources [0, 6].[0m
[34m2025-01-01 18:44:00,249 - DEBUG - Patients [4, 12] have treatment 5 starting at day 5, hour 8.0 using resources [5, 7].[0m
[34m2025-01-01 18:44:00,249 - DEBUG - Patients [5, 7] have treatment 5 starting at day 5, hour 9.25 using resources [5, 7].[0m
[34m2025-01-01 18:44:00,249 - DEBUG - Patients [2, 3] have treatment 5 starting at day 5, hour 10.75 using resources [4, 7].[0m
[34m2025-01-01 18:44:00,249 - DEBUG - Patients [0, 1, 2, 3, 7] have treatment 6 starting at day 5, hour 8.0 using resources [2, 8].[0m
[34m2025-01-01 18:44:00,249 - DEBUG - Patients [0, 1, 2, 3, 4, 6] have treatment 6 starting at day 5, hour 9.25 using resources [1, 8].[0m
[34m2025-01-01 18:44:00,249 - DEBUG - Patients [4, 5] have treatment 7 starting at day 5, hour 13.0 using resources [8, 7, 4].[0m
[34m2025-01-01 18:44:00,249 - DEBUG - Patients [6] have treatment 7 starting at day 5, hour 14.0 using resources [8, 7, 5].[0m
[34m2025-01-01 18:44:00,249 - DEBUG - Patients [5, 6] have treatment 7 starting at day 5, hour 15.0 using resources [8, 7, 4].[0m
[34m2025-01-01 18:44:00,249 - DEBUG - Patients [0, 1, 4, 11, 16] have treatment 9 starting at day 5, hour 10.5 using resources [2, 8].[0m
[34m2025-01-01 18:44:00,249 - DEBUG - Patients [1, 3, 19] have treatment 9 starting at day 5, hour 13.0 using resources [1, 6].[0m
[34m2025-01-01 18:44:00,249 - DEBUG - Patients [10, 11, 14, 17, 19] have treatment 2 starting at day 6, hour 14.0 using resources [9, 8].[0m
[34m2025-01-01 18:44:00,249 - DEBUG - Patients [12, 19] have treatment 4 starting at day 6, hour 8.5 using resources [0, 6].[0m
[34m2025-01-01 18:44:00,249 - DEBUG - Patients [11, 12] have treatment 4 starting at day 6, hour 15.0 using resources [0, 6].[0m
[34m2025-01-01 18:44:00,249 - DEBUG - Patients [14, 16] have treatment 5 starting at day 6, hour 8.0 using resources [5, 6].[0m
[34m2025-01-01 18:44:00,249 - DEBUG - Patients [11, 14] have treatment 5 starting at day 6, hour 10.75 using resources [5, 6].[0m
[34m2025-01-01 18:44:00,249 - DEBUG - Patients [3, 6] have treatment 5 starting at day 6, hour 14.5 using resources [5, 6].[0m
[34m2025-01-01 18:44:00,249 - DEBUG - Patients [0] have treatment 5 starting at day 6, hour 15.5 using resources [4, 6].[0m
[34m2025-01-01 18:44:00,249 - DEBUG - Patients [0, 1, 4, 5, 6] have treatment 6 starting at day 6, hour 8.0 using resources [1, 8].[0m
[34m2025-01-01 18:44:00,249 - DEBUG - Patients [0, 1, 5, 6, 7] have treatment 6 starting at day 6, hour 9.5 using resources [0, 8].[0m
[34m2025-01-01 18:44:00,249 - DEBUG - Patients [0, 4, 5, 6, 7] have treatment 6 starting at day 6, hour 10.75 using resources [0, 8].[0m
[34m2025-01-01 18:44:00,249 - DEBUG - Patients [2] have treatment 7 starting at day 6, hour 13.0 using resources [8, 7, 5].[0m
[34m2025-01-01 18:44:00,249 - DEBUG - Patients [4, 10, 17, 19] have treatment 9 starting at day 6, hour 9.25 using resources [9, 6].[0m
[34m2025-01-01 18:44:00,249 - DEBUG - Patients [4, 5] have treatment 9 starting at day 6, hour 13.0 using resources [0, 6].[0m
[34m2025-01-01 18:44:00,249 - DEBUG - Patients [7] have treatment 1 starting at day 7, hour 12.0 using resources [8].[0m
[34m2025-01-01 18:44:00,249 - DEBUG - Patients [4] have treatment 1 starting at day 7, hour 12.0 using resources [7].[0m
[34m2025-01-01 18:44:00,249 - DEBUG - Patients [3] have treatment 1 starting at day 7, hour 12.0 using resources [6].[0m
[34m2025-01-01 18:44:00,250 - DEBUG - Patients [2] have treatment 1 starting at day 7, hour 12.5 using resources [7].[0m
[34m2025-01-01 18:44:00,250 - DEBUG - Patients [1] have treatment 1 starting at day 7, hour 12.5 using resources [6].[0m
[34m2025-01-01 18:44:00,250 - DEBUG - Patients [10, 12, 16, 17, 19] have treatment 2 starting at day 7, hour 8.0 using resources [4, 6].[0m
[34m2025-01-01 18:44:00,250 - DEBUG - Patients [10, 11, 14, 17, 19] have treatment 2 starting at day 7, hour 15.0 using resources [0, 6].[0m
[34m2025-01-01 18:44:00,250 - DEBUG - Patients [14, 16] have treatment 3 starting at day 7, hour 13.0 using resources [9, 7].[0m
[34m2025-01-01 18:44:00,250 - DEBUG - Patients [1] have treatment 5 starting at day 7, hour 9.0 using resources [5, 7].[0m
[34m2025-01-01 18:44:00,250 - DEBUG - Patients [0] have treatment 5 starting at day 7, hour 11.5 using resources [4, 6].[0m
[34m2025-01-01 18:44:00,250 - DEBUG - Patients [2] have treatment 7 starting at day 7, hour 8.0 using resources [8, 7, 5].[0m
[34m2025-01-01 18:44:00,250 - DEBUG - Patients [0, 3] have treatment 7 starting at day 7, hour 9.0 using resources [8, 6, 4].[0m
[34m2025-01-01 18:44:00,250 - DEBUG - Patients [0] have treatment 7 starting at day 7, hour 10.0 using resources [8, 7, 4].[0m
[34m2025-01-01 18:44:00,250 - DEBUG - Patients [5] have treatment 7 starting at day 7, hour 11.0 using resources [8, 7, 5].[0m
[34m2025-01-01 18:44:00,250 - DEBUG - Patients [7, 8] have treatment 7 starting at day 7, hour 13.0 using resources [8, 6, 4].[0m
[34m2025-01-01 18:44:00,250 - DEBUG - Patients [3, 8] have treatment 7 starting at day 7, hour 14.0 using resources [8, 6, 4].[0m
[34m2025-01-01 18:44:00,250 - DEBUG - Patients [1, 8] have treatment 7 starting at day 7, hour 15.0 using resources [8, 7, 5].[0m
[34m2025-01-01 18:44:00,250 - DEBUG - Patients [6, 8, 14] have treatment 9 starting at day 7, hour 10.0 using resources [0, 6].[0m
[34m2025-01-01 18:44:00,250 - DEBUG - Patients [10, 13, 14, 16, 19] have treatment 2 starting at day 8, hour 10.25 using resources [4, 6].[0m
[34m2025-01-01 18:44:00,250 - DEBUG - Patients [10, 11, 14, 16, 19] have treatment 2 starting at day 8, hour 14.5 using resources [4, 6].[0m
[34m2025-01-01 18:44:00,250 - DEBUG - Patients [12, 13, 16, 17] have treatment 3 starting at day 8, hour 8.0 using resources [1, 7].[0m
[34m2025-01-01 18:44:00,250 - DEBUG - Patients [11, 17] have treatment 3 starting at day 8, hour 10.0 using resources [0, 7].[0m
[34m2025-01-01 18:44:00,250 - DEBUG - Patients [10] have treatment 4 starting at day 8, hour 9.75 using resources [3, 6].[0m
[34m2025-01-01 18:44:00,250 - DEBUG - Patients [19] have treatment 4 starting at day 8, hour 15.25 using resources [1, 6].[0m
[34m2025-01-01 18:44:00,250 - DEBUG - Patients [12, 17] have treatment 5 starting at day 8, hour 14.0 using resources [5, 6].[0m
[34m2025-01-01 18:44:00,250 - DEBUG - Patients [6, 7] have treatment 5 starting at day 8, hour 14.5 using resources [5, 7].[0m
[34m2025-01-01 18:44:00,250 - DEBUG - Patients [1] have treatment 5 starting at day 8, hour 15.25 using resources [4, 7].[0m
[34m2025-01-01 18:44:00,250 - DEBUG - Patients [0, 4, 5, 6, 8] have treatment 6 starting at day 8, hour 9.75 using resources [2, 8].[0m
[34m2025-01-01 18:44:00,250 - DEBUG - Patients [0, 2, 3, 5, 8] have treatment 6 starting at day 8, hour 14.5 using resources [0, 8].[0m
[34m2025-01-01 18:44:00,250 - DEBUG - Patients [6] have treatment 7 starting at day 8, hour 11.0 using resources [8, 6, 5].[0m
[34m2025-01-01 18:44:00,250 - DEBUG - Patients [6] have treatment 7 starting at day 8, hour 13.0 using resources [8, 6, 5].[0m
[34m2025-01-01 18:44:00,251 - DEBUG - Patients [8, 14] have treatment 9 starting at day 8, hour 8.25 using resources [0, 6].[0m
[34m2025-01-01 18:44:00,251 - DEBUG - Patients [8, 13] have treatment 9 starting at day 8, hour 13.0 using resources [0, 7].[0m
[34m2025-01-01 18:44:00,251 - DEBUG - Patients [9] have treatment 1 starting at day 9, hour 8.75 using resources [7].[0m
[34m2025-01-01 18:44:00,251 - DEBUG - Patients [10, 11, 12, 14, 19] have treatment 2 starting at day 9, hour 8.0 using resources [9, 7].[0m
[34m2025-01-01 18:44:00,251 - DEBUG - Patients [13, 14] have treatment 3 starting at day 9, hour 9.5 using resources [4, 6].[0m
[34m2025-01-01 18:44:00,251 - DEBUG - Patients [11, 12, 16, 19] have treatment 3 starting at day 9, hour 9.5 using resources [9, 7].[0m
[34m2025-01-01 18:44:00,251 - DEBUG - Patients [9, 10] have treatment 5 starting at day 9, hour 11.5 using resources [5, 6].[0m
[34m2025-01-01 18:44:00,251 - DEBUG - Patients [5, 10] have treatment 5 starting at day 9, hour 15.5 using resources [5, 6].[0m
[34m2025-01-01 18:44:00,251 - DEBUG - Patients [0, 1, 3, 6, 8] have treatment 6 starting at day 9, hour 8.0 using resources [1, 8].[0m
[34m2025-01-01 18:44:00,251 - DEBUG - Patients [2, 4, 7, 8, 9] have treatment 6 starting at day 9, hour 9.25 using resources [1, 8].[0m
[34m2025-01-01 18:44:00,251 - DEBUG - Patients [1, 2, 4, 5, 7, 8] have treatment 6 starting at day 9, hour 10.5 using resources [0, 8].[0m
[34m2025-01-01 18:44:00,251 - DEBUG - Patients [1] have treatment 7 starting at day 9, hour 14.5 using resources [8, 6, 5].[0m
[34m2025-01-01 18:44:00,251 - DEBUG - Patients [5, 13] have treatment 9 starting at day 9, hour 8.0 using resources [0, 6].[0m
[34m2025-01-01 18:44:00,251 - DEBUG - Patients [9, 11, 12, 17] have treatment 9 starting at day 9, hour 13.0 using resources [0, 6].[0m
[34m2025-01-01 18:44:00,251 - DEBUG - Patients [3, 7] have treatment 9 starting at day 9, hour 13.0 using resources [9, 8].[0m
[34m2025-01-01 18:44:00,251 - DEBUG - Patients [3, 17] have treatment 9 starting at day 9, hour 14.5 using resources [9, 7].[0m
[34m2025-01-01 18:44:00,251 - DEBUG - Patients [9] have treatment 1 starting at day 10, hour 9.25 using resources [8].[0m
[34m2025-01-01 18:44:00,251 - DEBUG - Patients [7] have treatment 1 starting at day 10, hour 9.25 using resources [7].[0m
[34m2025-01-01 18:44:00,251 - DEBUG - Patients [5] have treatment 1 starting at day 10, hour 11.75 using resources [7].[0m
[34m2025-01-01 18:44:00,251 - DEBUG - Patients [1] have treatment 1 starting at day 10, hour 12.25 using resources [7].[0m
[34m2025-01-01 18:44:00,251 - DEBUG - Patients [2] have treatment 1 starting at day 10, hour 12.25 using resources [6].[0m
[34m2025-01-01 18:44:00,251 - DEBUG - Patients [3] have treatment 1 starting at day 10, hour 15.5 using resources [6].[0m
[34m2025-01-01 18:44:00,251 - DEBUG - Patients [11, 13, 17] have treatment 3 starting at day 10, hour 9.75 using resources [9, 7].[0m
[34m2025-01-01 18:44:00,251 - DEBUG - Patients [11, 16] have treatment 3 starting at day 10, hour 13.0 using resources [1, 6].[0m
[34m2025-01-01 18:44:00,251 - DEBUG - Patients [12, 14] have treatment 3 starting at day 10, hour 13.0 using resources [9, 7].[0m
[34m2025-01-01 18:44:00,251 - DEBUG - Patients [14, 17] have treatment 4 starting at day 10, hour 15.0 using resources [3, 6].[0m
[34m2025-01-01 18:44:00,251 - DEBUG - Patients [12] have treatment 4 starting at day 10, hour 15.5 using resources [3, 8].[0m
[34m2025-01-01 18:44:00,251 - DEBUG - Patients [9, 13] have treatment 5 starting at day 10, hour 8.0 using resources [5, 7].[0m
[34m2025-01-01 18:44:00,252 - DEBUG - Patients [4] have treatment 5 starting at day 10, hour 11.25 using resources [5, 6].[0m
[34m2025-01-01 18:44:00,252 - DEBUG - Patients [1, 2, 3, 4, 5, 6, 7, 8] have treatment 6 starting at day 10, hour 8.0 using resources [1, 8].[0m
[34m2025-01-01 18:44:00,252 - DEBUG - Patients [1, 3, 4, 5, 6, 7, 8] have treatment 6 starting at day 10, hour 9.75 using resources [4, 8].[0m
[34m2025-01-01 18:44:00,252 - DEBUG - Patients [1, 2, 3, 6, 7] have treatment 6 starting at day 10, hour 13.0 using resources [0, 8].[0m
[34m2025-01-01 18:44:00,252 - DEBUG - Patients [11, 12, 16, 17] have treatment 9 starting at day 10, hour 8.0 using resources [0, 6].[0m
[34m2025-01-01 18:44:00,252 - DEBUG - Patients [9, 16] have treatment 9 starting at day 10, hour 9.75 using resources [0, 6].[0m
[34m2025-01-01 18:44:00,252 - DEBUG - Patients [6] have treatment 1 starting at day 11, hour 11.75 using resources [7].[0m
[34m2025-01-01 18:44:00,252 - DEBUG - Patients [11, 12, 13, 16, 17] have treatment 2 starting at day 11, hour 10.0 using resources [9, 7].[0m
[34m2025-01-01 18:44:00,252 - DEBUG - Patients [16, 17] have treatment 4 starting at day 11, hour 8.0 using resources [9, 7].[0m
[34m2025-01-01 18:44:00,252 - DEBUG - Patients [14, 15] have treatment 4 starting at day 11, hour 13.25 using resources [9, 7].[0m
[34m2025-01-01 18:44:00,252 - DEBUG - Patients [13, 14] have treatment 4 starting at day 11, hour 13.75 using resources [1, 7].[0m
[34m2025-01-01 18:44:00,252 - DEBUG - Patients [11] have treatment 4 starting at day 11, hour 14.25 using resources [1, 7].[0m
[34m2025-01-01 18:44:00,252 - DEBUG - Patients [6] have treatment 5 starting at day 11, hour 9.5 using resources [4, 7].[0m
[34m2025-01-01 18:44:00,252 - DEBUG - Patients [15] have treatment 5 starting at day 11, hour 10.5 using resources [4, 6].[0m
[34m2025-01-01 18:44:00,252 - DEBUG - Patients [2, 3, 5, 6, 7, 8] have treatment 6 starting at day 11, hour 10.5 using resources [0, 8].[0m
[34m2025-01-01 18:44:00,252 - DEBUG - Patients [9] have treatment 7 starting at day 11, hour 8.5 using resources [8, 7, 5].[0m
[34m2025-01-01 18:44:00,252 - DEBUG - Patients [7, 9] have treatment 7 starting at day 11, hour 9.5 using resources [8, 6, 5].[0m
[34m2025-01-01 18:44:00,252 - DEBUG - Patients [4, 9] have treatment 7 starting at day 11, hour 13.0 using resources [8, 6, 5].[0m
[34m2025-01-01 18:44:00,252 - DEBUG - Patients [3, 9] have treatment 7 starting at day 11, hour 14.0 using resources [8, 6, 5].[0m
[34m2025-01-01 18:44:00,252 - DEBUG - Patients [3, 4] have treatment 7 starting at day 11, hour 15.0 using resources [8, 6, 4].[0m
[34m2025-01-01 18:44:00,252 - DEBUG - Patients [2, 5, 6, 7, 11, 12, 13, 14, 15] have treatment 9 starting at day 11, hour 8.0 using resources [0, 6].[0m
[34m2025-01-01 18:44:00,252 - DEBUG - Patients [6] have treatment 1 starting at day 12, hour 9.5 using resources [7].[0m
[34m2025-01-01 18:44:00,252 - DEBUG - Patients [5] have treatment 1 starting at day 12, hour 10.0 using resources [7].[0m
[34m2025-01-01 18:44:00,252 - DEBUG - Patients [4] have treatment 1 starting at day 12, hour 12.0 using resources [6].[0m
[34m2025-01-01 18:44:00,252 - DEBUG - Patients [12, 13, 14, 15, 17] have treatment 2 starting at day 12, hour 8.0 using resources [9, 7].[0m
[34m2025-01-01 18:44:00,252 - DEBUG - Patients [12, 14, 15, 16, 17] have treatment 2 starting at day 12, hour 8.75 using resources [9, 7].[0m
[34m2025-01-01 18:44:00,252 - DEBUG - Patients [13, 14] have treatment 3 starting at day 12, hour 13.0 using resources [0, 6].[0m
[34m2025-01-01 18:44:00,252 - DEBUG - Patients [12, 15] have treatment 3 starting at day 12, hour 13.0 using resources [9, 7].[0m
[34m2025-01-01 18:44:00,253 - DEBUG - Patients [16] have treatment 4 starting at day 12, hour 8.0 using resources [0, 6].[0m
[34m2025-01-01 18:44:00,253 - DEBUG - Patients [4, 13] have treatment 5 starting at day 12, hour 11.0 using resources [4, 6].[0m
[34m2025-01-01 18:44:00,253 - DEBUG - Patients [8, 9] have treatment 5 starting at day 12, hour 11.0 using resources [5, 8].[0m
[34m2025-01-01 18:44:00,253 - DEBUG - Patients [8, 17] have treatment 5 starting at day 12, hour 11.5 using resources [5, 6].[0m
[34m2025-01-01 18:44:00,253 - DEBUG - Patients [8] have treatment 7 starting at day 12, hour 8.5 using resources [8, 6, 5].[0m
[34m2025-01-01 18:44:00,253 - DEBUG - Patients [4, 8] have treatment 7 starting at day 12, hour 15.0 using resources [8, 6, 5].[0m
[34m2025-01-01 18:44:00,253 - DEBUG - Patients [9, 16] have treatment 9 starting at day 12, hour 9.5 using resources [0, 6].[0m
[34m2025-01-01 18:44:00,253 - DEBUG - Patients [9] have treatment 1 starting at day 13, hour 8.0 using resources [8].[0m
[34m2025-01-01 18:44:00,253 - DEBUG - Patients [8] have treatment 1 starting at day 13, hour 12.0 using resources [7].[0m
[34m2025-01-01 18:44:00,253 - DEBUG - Patients [8] have treatment 1 starting at day 13, hour 12.5 using resources [7].[0m
[34m2025-01-01 18:44:00,253 - DEBUG - Patients [8] have treatment 1 starting at day 13, hour 13.0 using resources [7].[0m
[34m2025-01-01 18:44:00,253 - DEBUG - Patients [6] have treatment 1 starting at day 13, hour 13.5 using resources [7].[0m
[34m2025-01-01 18:44:00,253 - DEBUG - Patients [15, 17] have treatment 3 starting at day 13, hour 8.0 using resources [9, 7].[0m
[34m2025-01-01 18:44:00,253 - DEBUG - Patients [14, 15] have treatment 3 starting at day 13, hour 10.0 using resources [3, 7].[0m
[34m2025-01-01 18:44:00,253 - DEBUG - Patients [13, 15] have treatment 3 starting at day 13, hour 13.0 using resources [0, 6].[0m
[34m2025-01-01 18:44:00,253 - DEBUG - Patients [16, 17] have treatment 4 starting at day 13, hour 13.0 using resources [1, 8].[0m
[34m2025-01-01 18:44:00,253 - DEBUG - Patients [14, 17] have treatment 4 starting at day 13, hour 15.0 using resources [9, 6].[0m
[34m2025-01-01 18:44:00,253 - DEBUG - Patients [13] have treatment 4 starting at day 13, hour 15.5 using resources [0, 6].[0m
[34m2025-01-01 18:44:00,253 - DEBUG - Patients [8, 16] have treatment 5 starting at day 13, hour 8.0 using resources [5, 6].[0m
[34m2025-01-01 18:44:00,253 - DEBUG - Patients [5] have treatment 5 starting at day 13, hour 8.5 using resources [5, 8].[0m
[34m2025-01-01 18:44:00,253 - DEBUG - Patients [5] have treatment 7 starting at day 13, hour 10.0 using resources [8, 6, 5].[0m
[34m2025-01-01 18:44:00,253 - DEBUG - Patients [6] have treatment 7 starting at day 13, hour 11.0 using resources [8, 6, 4].[0m
[34m2025-01-01 18:44:00,253 - DEBUG - Patients [6, 13, 14] have treatment 9 starting at day 13, hour 8.5 using resources [0, 6].[0m
[34m2025-01-01 18:44:00,264 - DEBUG - Checking solution value.[0m
[34m2025-01-01 18:44:00,264 - DEBUG - Solvers objective function value: 136.0[0m
[34m2025-01-01 18:44:00,265 - DEBUG - (VERIFIER):Treatment value: 0[0m
[34m2025-01-01 18:44:00,265 - DEBUG - (VERIFIER):Delay value: 0[0m
[34m2025-01-01 18:44:00,265 - DEBUG - (VERIFIER):Missing treatment value: 136[0m
[34m2025-01-01 18:44:00,265 - DEBUG - Correct objective function value: 136[0m
[34m2025-01-01 18:44:00,265 - DEBUG - Solution is valid.[0m
[34m2025-01-01 18:44:00,265 - DEBUG - All solvers accepted the solution.[0m
[32m2025-01-01 18:44:00,265 - INFO - Time to find solution: 59.995s with value 136.000000[0m
[32m2025-01-01 18:44:00,265 - INFO - Total Time: 61.911s[0m
