1.NAME: LBBDSolver
2.PARAMS: {'break_symmetry': True, 'add_constraints_to_symmetrc_days': True, 'subsolver_cls': 'CPSubSolver'}
3.INSTANCE: /home/wx350715/Kobra/rehabiliation-admission-scheduling/data/comp_study_002/instance_1_15.txt
4.REPETITION: 1
Current directory: /home/wx350715/Kobra/rehabiliation-admission-scheduling
[34m2025-01-02 11:18:31,765 - DEBUG - Solver: <class 'src.solvers.benders.LBBDSolver'>[0m
[34m2025-01-02 11:18:31,765 - DEBUG - Args: {'break_symmetry': True, 'add_constraints_to_symmetrc_days': True, 'subsolver_cls': 'CPSubSolver'}[0m
[34m2025-01-02 11:18:31,765 - DEBUG - File path /home/wx350715/Kobra/rehabiliation-admission-scheduling/data/comp_study_002/instance_1_15.txt[0m
[34m2025-01-02 11:18:31,776 - DEBUG - ADD INSTANCE DATA[0m
[34m2025-01-02 11:18:31,776 - DEBUG - ADD INSTANCE DATA[0m
[34m2025-01-02 11:18:31,776 - DEBUG - ADD INSTANCE DATA[0m
[34m2025-01-02 11:18:31,776 - DEBUG - ADD INSTANCE DATA[0m
[34m2025-01-02 11:18:31,776 - DEBUG - ADD INSTANCE DATA[0m
[34m2025-01-02 11:18:31,776 - DEBUG - ADD INSTANCE DATA[0m
[34m2025-01-02 11:18:31,776 - DEBUG - ADD INSTANCE DATA[0m
[34m2025-01-02 11:18:31,776 - DEBUG - ADD INSTANCE DATA[0m
[34m2025-01-02 11:18:31,776 - DEBUG - ADD INSTANCE DATA[0m
[34m2025-01-02 11:18:31,776 - DEBUG - ADD INSTANCE DATA[0m
[34m2025-01-02 11:18:31,776 - DEBUG - ADD INSTANCE DATA[0m
[34m2025-01-02 11:18:31,777 - DEBUG - ADD RESOURCE_GROUPS[0m
[34m2025-01-02 11:18:31,777 - DEBUG - ADD RESOURCE_GROUPS[0m
[34m2025-01-02 11:18:31,777 - DEBUG - ADD RESOURCE_GROUPS[0m
[34m2025-01-02 11:18:31,777 - DEBUG - ADD RESOURCE_GROUPS[0m
[34m2025-01-02 11:18:31,777 - DEBUG - ADD RESOURCES[0m
[34m2025-01-02 11:18:31,777 - DEBUG - ADD RESOURCES[0m
[34m2025-01-02 11:18:31,777 - DEBUG - ADD RESOURCES[0m
[34m2025-01-02 11:18:31,777 - DEBUG - ADD RESOURCES[0m
[34m2025-01-02 11:18:31,777 - DEBUG - ADD RESOURCES[0m
[34m2025-01-02 11:18:31,777 - DEBUG - ADD RESOURCES[0m
[34m2025-01-02 11:18:31,777 - DEBUG - ADD RESOURCES[0m
[34m2025-01-02 11:18:31,778 - DEBUG - ADD RESOURCES[0m
[34m2025-01-02 11:18:31,778 - DEBUG - ADD RESOURCES[0m
[34m2025-01-02 11:18:31,778 - DEBUG - ADD TREATMENTS[0m
[34m2025-01-02 11:18:31,778 - DEBUG - ADD TREATMENTS[0m
[34m2025-01-02 11:18:31,778 - DEBUG - ADD TREATMENTS[0m
[34m2025-01-02 11:18:31,778 - DEBUG - ADD TREATMENTS[0m
[34m2025-01-02 11:18:31,778 - DEBUG - ADD TREATMENTS[0m
[34m2025-01-02 11:18:31,778 - DEBUG - ADD TREATMENTS[0m
[34m2025-01-02 11:18:31,778 - DEBUG - ADD TREATMENTS[0m
[34m2025-01-02 11:18:31,778 - DEBUG - ADD TREATMENTS[0m
[34m2025-01-02 11:18:31,779 - DEBUG - ADD PATIENTS[0m
[34m2025-01-02 11:18:31,779 - DEBUG - ADD PATIENTS[0m
[34m2025-01-02 11:18:31,779 - DEBUG - ADD PATIENTS[0m
[34m2025-01-02 11:18:31,779 - DEBUG - ADD PATIENTS[0m
[34m2025-01-02 11:18:31,779 - DEBUG - ADD PATIENTS[0m
[34m2025-01-02 11:18:31,779 - DEBUG - ADD PATIENTS[0m
[34m2025-01-02 11:18:31,779 - DEBUG - ADD PATIENTS[0m
[34m2025-01-02 11:18:31,779 - DEBUG - ADD PATIENTS[0m
[34m2025-01-02 11:18:31,780 - DEBUG - ADD PATIENTS[0m
[34m2025-01-02 11:18:31,780 - DEBUG - ADD PATIENTS[0m
[34m2025-01-02 11:18:31,780 - DEBUG - ADD PATIENTS[0m
[34m2025-01-02 11:18:31,780 - DEBUG - ADD PATIENTS[0m
[34m2025-01-02 11:18:31,780 - DEBUG - ADD PATIENTS[0m
[34m2025-01-02 11:18:31,780 - DEBUG - ADD PATIENTS[0m
[34m2025-01-02 11:18:31,780 - DEBUG - ADD PATIENTS[0m
[34m2025-01-02 11:18:31,780 - DEBUG - ADD PATIENTS[0m
[34m2025-01-02 11:18:31,780 - DEBUG - ADD PATIENTS[0m
[34m2025-01-02 11:18:31,781 - DEBUG - ADD PATIENTS[0m
[34m2025-01-02 11:18:31,781 - DEBUG - ADD PATIENTS[0m
[34m2025-01-02 11:18:31,781 - DEBUG - ADD PATIENTS[0m
[34m2025-01-02 11:18:31,781 - DEBUG - ADD PATIENTS[0m
[34m2025-01-02 11:18:31,781 - DEBUG - ADD PATIENTS[0m
[34m2025-01-02 11:18:31,781 - DEBUG - ADD PATIENTS[0m
[34m2025-01-02 11:18:31,781 - DEBUG - ADD PATIENTS[0m
[34m2025-01-02 11:18:31,781 - DEBUG - ADD PATIENTS[0m
[34m2025-01-02 11:18:31,783 - DEBUG - ADD PATIENTS[0m
[34m2025-01-02 11:18:31,783 - DEBUG - ADD PATIENTS[0m
[34m2025-01-02 11:18:31,783 - DEBUG - ADD PATIENTS[0m
[34m2025-01-02 11:18:31,783 - DEBUG - ADD PATIENTS[0m
[34m2025-01-02 11:18:31,783 - DEBUG - ADD PATIENTS[0m
[34m2025-01-02 11:18:31,783 - DEBUG - ADD PATIENTS[0m
[34m2025-01-02 11:18:31,783 - DEBUG - ADD PATIENTS[0m
[34m2025-01-02 11:18:31,783 - DEBUG - ADD PATIENTS[0m
[34m2025-01-02 11:18:31,784 - DEBUG - ADD PATIENTS[0m
[34m2025-01-02 11:18:31,784 - DEBUG - ADD PATIENTS[0m
[34m2025-01-02 11:18:31,784 - DEBUG - ADD PATIENTS[0m
[34m2025-01-02 11:18:31,784 - DEBUG - ADD PATIENTS[0m
[34m2025-01-02 11:18:31,784 - DEBUG - ADD PATIENTS[0m
[34m2025-01-02 11:18:31,784 - DEBUG - ADD PATIENTS[0m
[34m2025-01-02 11:18:31,784 - DEBUG - ADD PATIENTS[0m
[34m2025-01-02 11:18:31,784 - DEBUG - Instance data:[0m
[34m2025-01-02 11:18:31,785 - DEBUG - Number of patients: 40[0m
[34m2025-01-02 11:18:31,785 - DEBUG - Number of beds: 40[0m
[34m2025-01-02 11:18:31,785 - DEBUG - Average number of treatments per patient: 29.525[0m
[34m2025-01-02 11:18:31,785 - DEBUG - Average number of treatment per stayed day: 2.135623869801085[0m
[34m2025-01-02 11:18:31,785 - DEBUG - Number of treatments: 1181[0m
[34m2025-01-02 11:18:31,785 - DEBUG - Number of resources: 9[0m
[34m2025-01-02 11:18:31,785 - DEBUG - Number of resource groups: 4[0m
[34m2025-01-02 11:18:31,785 - DEBUG - Number of resource hours needed per all treatment by RG(therapists): 38.3375[0m
[34m2025-01-02 11:18:31,785 - DEBUG - Number of resource hours needed per all treatment by RG(rooms): 74.50000000000004[0m
[34m2025-01-02 11:18:31,785 - DEBUG - Number of resource hours needed per all treatment by RG(physiotherapist): 26.0[0m
[34m2025-01-02 11:18:31,785 - DEBUG - Number of resource hours needed per all treatment by RG(sport_room): 18.9375[0m
[32m2025-01-02 11:18:31,785 - INFO - {'solver': 'LBBDSolver', 'args': {'break_symmetry': False, 'subsolver_cls': <class 'src.solvers.subsolvers.cp_subsolver.CPSubsolver'>, 'subsolver.store_results': True, 'subsolver.store_results_method': 'hash', 'use_helper_constraints': True, 'enforce_min_treatments_per_day': True, 'enforce_max_treatments_per_e_w': True, 'enforce_min_patients_per_treatment': True, 'log_to_console': True}}[0m
[34m2025-01-02 11:18:31,785 - DEBUG - Setting options: LBBDSolver[0m
[34m2025-01-02 11:18:31,785 - DEBUG -  ---- break_symmetry to False[0m
[34m2025-01-02 11:18:31,785 - DEBUG -  ---- subsolver_cls to <class 'src.solvers.subsolvers.cp_subsolver.CPSubsolver'>[0m
[34m2025-01-02 11:18:31,785 - DEBUG -  ---- use_helper_constraints to True[0m
[34m2025-01-02 11:18:31,785 - DEBUG -  ---- add_constraints_to_symmetric_days to True (default)[0m
[34m2025-01-02 11:18:31,785 - DEBUG - Setting options: Solver[0m
[34m2025-01-02 11:18:31,785 - DEBUG -  ---- number_of_threads to 4 (default)[0m
[34m2025-01-02 11:18:31,785 - DEBUG -  ---- treatment_value to 0 (default)[0m
[34m2025-01-02 11:18:31,786 - DEBUG -  ---- delay_value to 1 (default)[0m
[34m2025-01-02 11:18:31,786 - DEBUG -  ---- missing_treatment_value to 4 (default)[0m
[34m2025-01-02 11:18:31,786 - DEBUG -  ---- enforce_min_treatments_per_day to True[0m
[34m2025-01-02 11:18:31,786 - DEBUG -  ---- enforce_max_treatments_per_e_w to True[0m
[34m2025-01-02 11:18:31,786 - DEBUG -  ---- enforce_min_patients_per_treatment to True[0m
[34m2025-01-02 11:18:31,786 - DEBUG -  ---- log_to_console to True[0m
[34m2025-01-02 11:18:31,786 - DEBUG -  ---- log_to_file to True (default)[0m
[34m2025-01-02 11:18:31,786 - DEBUG -  ---- no_rel_heur_time to 1 (default)[0m
[34m2025-01-02 11:18:31,817 - DEBUG - Setting options: CPSubsolver[0m
[34m2025-01-02 11:18:31,817 - DEBUG -  ---- estimated_needed_treatments to True (default)[0m
[34m2025-01-02 11:18:31,817 - DEBUG -  ---- add_patient_symmetry to False (default)[0m
[34m2025-01-02 11:18:31,817 - DEBUG - Setting Subsolver options: SubSolver[0m
[34m2025-01-02 11:18:31,817 - DEBUG -  ---- store_results to True[0m
[34m2025-01-02 11:18:31,817 - DEBUG -  ---- store_results_method to hash[0m
[34m2025-01-02 11:18:31,817 - DEBUG -  ---- enforce_min_patients_per_treatment to True[0m
[34m2025-01-02 11:18:31,817 - DEBUG -  ---- use_day_symmetry to True (default)[0m
[32m2025-01-02 11:18:31,844 - INFO - Create model: LBBDSolver[0m
Set parameter TSPort to value 50039
Set parameter TokenServer to value "license.itc.rwth-aachen.de"
Set parameter Threads to value 4
Set parameter Cuts to value 0
Set parameter LazyConstraints to value 1
Set parameter NoRelHeurTime to value 1
[34m2025-01-02 11:18:32,828 - DEBUG - Variables created.[0m
[34m2025-01-02 11:18:36,047 - DEBUG - Constraint (not too many treatments) created.[0m
[34m2025-01-02 11:18:38,401 - DEBUG - Constraint (no_treatments_outside admittance) created.[0m
[34m2025-01-02 11:18:38,403 - DEBUG - Constraint (bed_usage) created.[0m
[34m2025-01-02 11:18:38,403 - DEBUG - Constraint (must be admitted) created.[0m
[34m2025-01-02 11:18:38,759 - DEBUG - Constraint (e_w_ub) created.[0m
[34m2025-01-02 11:18:38,871 - DEBUG - Constraint (day_ub) created.[0m
[34m2025-01-02 11:18:38,985 - DEBUG - Constraint (Day always) created.[0m
[34m2025-01-02 11:18:38,985 - DEBUG - Constraint (already_admitted) created.[0m
[32m2025-01-02 11:18:45,260 - INFO - Time to create model: 13.416[0m
[32m2025-01-02 11:18:45,260 - INFO - Solving model: LBBDSolver[0m
Gurobi Optimizer version 10.0.0 build v10.0.0rc2 (linux64)

CPU model: Intel(R) Xeon(R) Platinum 8468, instruction set [SSE2|AVX|AVX2|AVX512]
Thread count: 96 physical cores, 96 logical processors, using up to 4 threads

Optimize a model with 485435 rows, 200975 columns and 4050565 nonzeros
Model fingerprint: 0x1a3547e7
Variable types: 3 continuous, 200972 integer (200972 binary)
Coefficient statistics:
  Matrix range     [1e+00, 1e+01]
  Objective range  [1e+00, 1e+01]
  Bounds range     [1e+00, 1e+00]
  RHS range        [1e+00, 5e+03]
Presolve removed 241968 rows and 21 columns (presolve time = 5s) ...
Presolve added 0 rows and 2692 columns
Presolve removed 241919 rows and 0 columns
Presolve time: 8.70s
Presolved: 243516 rows, 203667 columns, 3090143 nonzeros
Variable types: 1 continuous, 203666 integer (202007 binary)
Starting NoRel heuristic
Found phase-1 solution: relaxation 40
Found phase-1 solution: relaxation 30
Found phase-1 solution: relaxation 27
Root relaxation presolved: 243290 rows, 203893 columns, 2967726 nonzeros

Deterministic concurrent LP optimizer: primal simplex, dual simplex, and barrier
Showing barrier log only...

Root barrier log...

Ordering time: 0.85s

Barrier statistics:
 Dense cols : 136
 AA' NZ     : 3.545e+05
 Factor NZ  : 1.806e+06 (roughly 27 MB of memory)
 Factor Ops : 8.038e+08 (less than 1 second per iteration)
 Threads    : 2

                  Objective                Residual
Iter       Primal          Dual         Primal    Dual     Compl     Time
   0  -7.40542386e+06 -1.31232648e+04  1.82e+05 4.10e-01  1.63e+02    19s
   1  -3.70636065e+06 -3.75868769e+04  9.12e+04 1.62e+00  7.71e+01    20s
   2  -1.95373540e+06 -5.28059902e+04  4.81e+04 4.13e-02  4.25e+01    20s
   3  -3.57475053e+05 -4.32624468e+04  8.79e+03 2.28e-02  8.27e+00    20s
   4  -1.44676732e+05 -2.99737886e+04  3.56e+03 5.04e-03  3.44e+00    20s
   5  -7.11857660e+04 -2.04448709e+04  1.76e+03 3.13e-03  1.74e+00    20s
   6  -2.89593554e+04 -1.16508439e+04  7.28e+02 1.09e-03  7.53e-01    21s
   7  -2.16945930e+03 -4.79367997e+03  7.39e+01 3.25e-04  1.80e-01    21s
   8   4.65553194e+02 -8.32371403e+02  9.23e+00 7.95e-05  4.59e-02    21s
   9   8.28064184e+02  5.09258932e+02  1.18e-01 6.90e-05  8.39e-03    21s
  10   8.29706590e+02  8.10669331e+02  3.18e-02 7.66e-06  5.28e-04    22s
  11   8.29990569e+02  8.29606996e+02  7.37e-04 2.67e-06  1.07e-05    22s
  12   8.30000000e+02  8.29999993e+02  7.61e-10 6.69e-08  1.75e-10    22s

Barrier solved model in 12 iterations and 21.82 seconds (32.06 work units)
Optimal objective 8.30000000e+02


Root crossover log...

     116 DPushes remaining with DInf 0.0000000e+00                22s
       0 DPushes remaining with DInf 0.0000000e+00                22s

    9139 PPushes remaining with PInf 0.0000000e+00                22s
Concurrent spin time: 0.98s (can be avoided by choosing Method=3)

Solved with dual simplex

Root simplex log...

Iteration    Objective       Primal Inf.    Dual Inf.      Time
    9238    8.3000000e+02   0.000000e+00   0.000000e+00     23s

Use crossover to convert LP symmetric solution to basic solution...

Root crossover log...

     915 DPushes remaining with DInf 0.0000000e+00                24s
       0 DPushes remaining with DInf 0.0000000e+00                24s

   35131 PPushes remaining with PInf 0.0000000e+00                24s
       0 PPushes remaining with PInf 0.0000000e+00                25s

  Push phase complete: Pinf 0.0000000e+00, Dinf 3.8188333e+03     25s


Root simplex log...

Iteration    Objective       Primal Inf.    Dual Inf.      Time
   44377    8.3000000e+02   0.000000e+00   3.818833e+03     25s
   44379    8.3000000e+02   0.000000e+00   0.000000e+00     25s
   44379    8.3000000e+02   0.000000e+00   0.000000e+00     25s

Root relaxation: objective 8.300000e+02, 44379 iterations, 8.69 seconds (4.04 work units)

    Nodes    |    Current Node    |     Objective Bounds      |     Work
 Expl Unexpl |  Obj  Depth IntInf | Incumbent    BestBd   Gap | It/Node Time

     0     0  830.00000    0 6392          -  830.00000      -     -   49s
[32m2025-01-02 11:20:18,495 - INFO - d_prime: 3 d: 3[0m
[32m2025-01-02 11:20:18,500 - INFO - d_prime: 4 d: 3[0m
[32m2025-01-02 11:20:18,503 - INFO - d_prime: 5 d: 3[0m
[32m2025-01-02 11:20:18,505 - INFO - d_prime: 6 d: 3[0m
[32m2025-01-02 11:20:18,508 - INFO - d_prime: 7 d: 3[0m
[32m2025-01-02 11:20:18,510 - INFO - d_prime: 8 d: 3[0m
[32m2025-01-02 11:20:18,513 - INFO - d_prime: 9 d: 3[0m
[32m2025-01-02 11:20:18,515 - INFO - d_prime: 10 d: 3[0m
[32m2025-01-02 11:20:18,517 - INFO - d_prime: 11 d: 3[0m
[32m2025-01-02 11:20:18,520 - INFO - d_prime: 12 d: 3[0m
[32m2025-01-02 11:20:18,522 - INFO - d_prime: 13 d: 3[0m
[32m2025-01-02 11:20:18,524 - INFO - forbidden_vars: ([{7:1},{3:1,4:1},{4:1,5:1},{4:1,7:1},{1:2,7:1},{1:2,3:1},{3:2,4:1},{3:1,4:1,7:1},{7:3},{7:3},{1:3,5:1},{1:1,3:1,4:1,7:1},{1:1,3:1,4:1,7:1},{1:2,3:1,5:1},{1:2,4:2},{3:1,4:1,7:2},{4:1,5:1,7:2}])[0m
[32m2025-01-02 11:20:18,524 - INFO - False[0m
[32m2025-01-02 11:21:00,358 - INFO - d_prime: 7 d: 7[0m
[32m2025-01-02 11:21:00,362 - INFO - d_prime: 8 d: 7[0m
[32m2025-01-02 11:21:00,366 - INFO - d_prime: 9 d: 7[0m
[32m2025-01-02 11:21:00,371 - INFO - d_prime: 10 d: 7[0m
[32m2025-01-02 11:21:00,375 - INFO - d_prime: 11 d: 7[0m
[32m2025-01-02 11:21:00,379 - INFO - d_prime: 12 d: 7[0m
[32m2025-01-02 11:21:00,383 - INFO - d_prime: 13 d: 7[0m
[32m2025-01-02 11:21:00,385 - INFO - forbidden_vars: ([{1:1},{2:1},{5:1},{0:1,4:1},{0:1,1:1},{0:2},{0:1,4:1},{0:1,2:1},{1:2},{1:1,2:1},{2:1,4:1},{2:1,4:1},{4:1,5:1},{4:2},{5:2},{7:2},{0:1,2:2},{0:2,2:1},{0:1,2:2},{0:3},{1:2,5:1},{1:2,2:1},{1:1,5:1,7:1},{1:1,2:1,7:1},{1:1,4:2},{1:2,2:1},{2:2,7:1},{2:3},{2:3},{2:3},{0:1,2:3},{0:1,1:1,4:1,5:1},{1:1,2:3},{5:1,7:3}])[0m
[32m2025-01-02 11:21:00,386 - INFO - False[0m
[32m2025-01-02 11:21:30,540 - INFO - d_prime: 8 d: 8[0m
[32m2025-01-02 11:21:30,545 - INFO - d_prime: 9 d: 8[0m
[32m2025-01-02 11:21:30,549 - INFO - d_prime: 10 d: 8[0m
[32m2025-01-02 11:21:30,553 - INFO - d_prime: 11 d: 8[0m
[32m2025-01-02 11:21:30,557 - INFO - d_prime: 12 d: 8[0m
[32m2025-01-02 11:21:30,561 - INFO - d_prime: 13 d: 8[0m
[32m2025-01-02 11:21:30,563 - INFO - forbidden_vars: ([{0:1},{2:1},{3:1},{4:1},{5:1},{5:1},{6:1},{0:1,2:1},{0:1,2:1},{2:1,6:1},{2:2},{3:2},{4:2},{5:1,6:1},{5:2},{6:2},{0:1,3:2},{0:1,2:1,6:1},{0:1,4:1,5:1},{1:1,2:1,4:1},{1:2,5:1},{1:2,4:1},{2:2,3:1},{2:1,3:2},{2:1,3:2},{3:1,4:1,5:1},{4:1,6:2},{4:2,5:1},{4:1,5:2},{0:1,3:1,5:1,6:1},{0:1,3:2,6:1},{0:2,2:1,5:1},{1:3,5:1},{1:2,3:1,4:1},{3:3,6:1},{5:3,6:1}])[0m
[32m2025-01-02 11:21:30,563 - INFO - False[0m
[32m2025-01-02 11:21:35,752 - INFO - d_prime: 9 d: 9[0m
[32m2025-01-02 11:21:35,756 - INFO - d_prime: 10 d: 9[0m
[32m2025-01-02 11:21:35,759 - INFO - d_prime: 11 d: 9[0m
[32m2025-01-02 11:21:35,763 - INFO - d_prime: 12 d: 9[0m
[32m2025-01-02 11:21:35,766 - INFO - d_prime: 13 d: 9[0m
[32m2025-01-02 11:21:35,768 - INFO - forbidden_vars: ([{1:1},{1:1},{1:1},{1:1},{2:1},{4:1},{4:1},{4:1},{5:1},{5:1},{6:1},{7:1},{7:1},{7:1},{1:1,4:1},{1:1,2:1},{1:2},{1:2},{2:2},{4:2},{4:2},{5:2},{5:1,7:1},{5:1,7:1},{5:2},{7:2},{1:3},{1:2,5:1},{1:1,5:1,6:1},{1:2,6:1},{2:2,7:1},{2:2,6:1},{2:2,6:1},{2:2,7:1},{2:2,7:1},{1:1,2:1,4:1,7:1},{1:1,5:2,7:1}])[0m
[32m2025-01-02 11:21:35,769 - INFO - False[0m
[32m2025-01-02 11:21:43,377 - INFO - d_prime: 10 d: 10[0m
[32m2025-01-02 11:21:43,381 - INFO - d_prime: 11 d: 10[0m
[32m2025-01-02 11:21:43,385 - INFO - d_prime: 12 d: 10[0m
[32m2025-01-02 11:21:43,389 - INFO - d_prime: 13 d: 10[0m
[32m2025-01-02 11:21:43,391 - INFO - forbidden_vars: ([{1:1},{1:1},{1:1},{1:1},{1:1},{3:1},{3:1},{3:1},{4:1},{4:1},{5:1},{5:1},{6:1},{1:1,5:1},{1:1,4:1},{1:2},{1:2},{1:1,3:1},{1:2},{1:1,3:1},{3:2},{5:2},{5:2},{6:2},{6:2},{1:1,3:1,6:1},{1:1,4:1,6:1},{1:3},{1:1,6:2},{3:2,6:1},{3:1,6:2},{3:2,4:1},{3:1,4:1,5:1},{3:2,4:1},{5:3},{3:1,5:1,6:2},{3:1,5:3},{4:2,5:1,6:1}])[0m
[32m2025-01-02 11:21:43,391 - INFO - False[0m
[32m2025-01-02 11:21:50,711 - INFO - d_prime: 11 d: 11[0m
[32m2025-01-02 11:21:50,715 - INFO - d_prime: 12 d: 11[0m
[32m2025-01-02 11:21:50,719 - INFO - d_prime: 13 d: 11[0m
[32m2025-01-02 11:21:50,721 - INFO - forbidden_vars: ([{1:1},{1:1},{3:1},{3:1},{4:1},{4:1},{5:1},{6:1},{6:1},{1:1,3:1},{1:1,5:1},{3:1,6:1},{3:2},{3:2},{3:1,5:1},{3:1,4:1},{3:1,4:1},{3:1,6:1},{4:1,6:1},{4:2},{4:1,6:1},{5:2},{6:2},{6:2},{1:1,3:2},{1:1,3:2},{1:1,3:2},{3:2,5:1},{3:3},{3:2,6:1},{3:3},{3:2,6:1},{3:2,4:1},{4:2,5:1},{4:2,6:1},{4:1,6:2},{6:3},{1:3,6:1},{4:1,5:2,6:1},{5:3,6:1}])[0m
[32m2025-01-02 11:21:50,721 - INFO - False[0m
[32m2025-01-02 11:21:59,589 - INFO - d_prime: 11 d: 12[0m
[32m2025-01-02 11:21:59,593 - INFO - d_prime: 12 d: 12[0m
[32m2025-01-02 11:21:59,597 - INFO - d_prime: 13 d: 12[0m
[32m2025-01-02 11:21:59,600 - INFO - forbidden_vars: ([{0:1},{0:1},{1:1},{6:1},{7:1},{7:1},{0:2},{0:1,6:1},{0:2},{0:1,7:1},{0:1,5:1},{0:2},{1:1,6:1},{1:1,6:1},{1:1,6:1},{1:1,4:1},{1:1,4:1},{4:2},{0:3},{0:1,4:1,7:1},{0:3},{0:2,4:1},{0:2,1:1},{0:1,6:2},{0:2,5:1},{0:1,5:1,7:1},{0:1,7:2},{0:2,6:1},{0:1,1:1,6:1},{0:2,6:1},{0:3},{0:2,6:1},{1:3},{1:3},{0:2,6:2},{0:4},{0:2,5:1,7:1},{4:2,5:2},{4:1,5:1,6:3}])[0m
[32m2025-01-02 11:21:59,600 - INFO - False[0m
[32m2025-01-02 11:22:44,133 - INFO - d_prime: 11 d: 13[0m
[32m2025-01-02 11:22:44,137 - INFO - d_prime: 12 d: 13[0m
[32m2025-01-02 11:22:44,141 - INFO - d_prime: 13 d: 13[0m
[32m2025-01-02 11:22:44,144 - INFO - forbidden_vars: ([{3:1},{6:1},{1:2},{1:1,2:1},{2:1,3:1},{2:1,6:1},{3:1,5:1},{4:2},{5:1,6:1},{6:2},{6:2},{6:2},{6:2},{6:2},{1:1,6:2},{1:1,4:2},{1:1,3:1,6:1},{1:3},{1:2,6:1},{1:1,2:1,3:1},{2:1,6:2},{2:1,6:2},{2:2,4:1},{2:1,6:2},{2:2,6:1},{3:1,4:2},{3:1,4:1,5:1},{4:1,6:2},{5:1,6:2},{6:3},{6:3},{6:3},{1:1,3:1,5:2},{2:4},{2:2,3:1,6:1},{2:2,5:2},{3:1,5:1,6:2},{4:2,6:2},{4:2,5:2},{2:1,3:2,6:2}])[0m
[32m2025-01-02 11:22:44,144 - INFO - False[0m
     0     0  830.00000    0 6392          -  830.00000      -     -  238s
[32m2025-01-02 11:23:23,606 - INFO - d_prime: 3 d: 3[0m
[32m2025-01-02 11:23:23,611 - INFO - d_prime: 4 d: 3[0m
[32m2025-01-02 11:23:23,613 - INFO - d_prime: 5 d: 3[0m
[32m2025-01-02 11:23:23,616 - INFO - d_prime: 6 d: 3[0m
[32m2025-01-02 11:23:23,619 - INFO - d_prime: 7 d: 3[0m
[32m2025-01-02 11:23:23,621 - INFO - d_prime: 8 d: 3[0m
[32m2025-01-02 11:23:23,624 - INFO - d_prime: 9 d: 3[0m
[32m2025-01-02 11:23:23,627 - INFO - d_prime: 10 d: 3[0m
[32m2025-01-02 11:23:23,629 - INFO - d_prime: 11 d: 3[0m
[32m2025-01-02 11:23:23,632 - INFO - d_prime: 12 d: 3[0m
[32m2025-01-02 11:23:23,635 - INFO - d_prime: 13 d: 3[0m
[32m2025-01-02 11:23:23,636 - INFO - forbidden_vars: ([{7:1},{4:1,5:1},{4:1,7:1},{4:1,7:1},{1:2,7:1},{1:2,3:1},{3:2,4:1},{3:1,4:1,5:1},{3:1,4:1,7:1},{7:3},{1:3,5:1},{1:1,3:1,4:1,7:1},{1:1,3:1,4:1,7:1},{1:2,3:1,5:1},{1:2,4:2},{4:1,5:1,7:2},{4:1,7:3}])[0m
[32m2025-01-02 11:23:23,636 - INFO - False[0m
[32m2025-01-02 11:23:49,466 - INFO - d_prime: 7 d: 7[0m
[32m2025-01-02 11:23:49,472 - INFO - d_prime: 8 d: 7[0m
[32m2025-01-02 11:23:49,476 - INFO - d_prime: 9 d: 7[0m
[32m2025-01-02 11:23:49,480 - INFO - d_prime: 10 d: 7[0m
[32m2025-01-02 11:23:49,483 - INFO - d_prime: 11 d: 7[0m
[32m2025-01-02 11:23:49,487 - INFO - d_prime: 12 d: 7[0m
[32m2025-01-02 11:23:49,491 - INFO - d_prime: 13 d: 7[0m
[32m2025-01-02 11:23:49,493 - INFO - forbidden_vars: ([{0:1},{1:1},{2:1},{2:1},{5:1},{0:1,4:1},{0:1,1:1},{0:2},{0:1,4:1},{0:2},{1:2},{2:1,7:1},{2:1,4:1},{4:1,5:1},{4:2},{5:1,7:1},{7:2},{0:1,2:2},{0:2,2:1},{0:1,2:2},{1:2,5:1},{1:2,2:1},{1:1,5:1,7:1},{1:2,7:1},{1:2,4:1},{1:2,2:1},{2:2,7:1},{2:3},{2:3},{2:3},{7:3},{0:1,2:3},{0:1,4:2,5:1},{1:1,2:3}])[0m
[32m2025-01-02 11:23:49,493 - INFO - False[0m
[32m2025-01-02 11:25:59,811 - INFO - d_prime: 9 d: 9[0m
[32m2025-01-02 11:25:59,815 - INFO - d_prime: 10 d: 9[0m
[32m2025-01-02 11:25:59,819 - INFO - d_prime: 11 d: 9[0m
[32m2025-01-02 11:25:59,823 - INFO - d_prime: 12 d: 9[0m
[32m2025-01-02 11:25:59,826 - INFO - d_prime: 13 d: 9[0m
[32m2025-01-02 11:25:59,829 - INFO - forbidden_vars: ([{1:1},{1:1},{1:1},{1:1},{2:1},{4:1},{4:1},{4:1},{5:1},{6:1},{7:1},{7:1},{7:1},{1:1,4:1},{1:1,2:1},{1:2},{1:2},{2:2},{2:2},{4:2},{4:2},{5:1,7:1},{5:1,7:1},{5:1,7:1},{5:2},{7:2},{1:2,5:1},{1:3},{1:1,5:1,6:1},{1:2,6:1},{2:2,7:1},{2:3},{2:2,7:1},{2:3},{5:2,6:1},{1:1,4:1,6:1,7:1},{1:1,5:2,7:1}])[0m
[32m2025-01-02 11:25:59,829 - INFO - False[0m
[32m2025-01-02 11:26:07,599 - INFO - d_prime: 10 d: 10[0m
[32m2025-01-02 11:26:07,603 - INFO - d_prime: 11 d: 10[0m
[32m2025-01-02 11:26:07,606 - INFO - d_prime: 12 d: 10[0m
[32m2025-01-02 11:26:07,610 - INFO - d_prime: 13 d: 10[0m
[32m2025-01-02 11:26:07,612 - INFO - forbidden_vars: ([{1:1},{1:1},{1:1},{1:1},{1:1},{3:1},{3:1},{3:1},{3:1},{4:1},{4:1},{5:1},{5:1},{6:1},{1:1,5:1},{1:1,4:1},{1:2},{1:2},{3:2},{3:2},{3:2},{5:2},{5:2},{5:2},{6:2},{6:2},{1:1,3:1,6:1},{1:1,4:1,6:1},{1:3},{1:2,3:1},{1:1,6:2},{3:2,6:1},{3:1,6:2},{3:1,4:1,5:1},{3:2,4:1},{4:1,5:1,6:1},{3:1,5:1,6:2},{3:1,5:3}])[0m
[32m2025-01-02 11:26:07,612 - INFO - False[0m
[32m2025-01-02 11:26:20,462 - INFO - d_prime: 11 d: 11[0m
[32m2025-01-02 11:26:20,466 - INFO - d_prime: 12 d: 11[0m
[32m2025-01-02 11:26:20,469 - INFO - d_prime: 13 d: 11[0m
[32m2025-01-02 11:26:20,472 - INFO - forbidden_vars: ([{1:1},{1:1},{3:1},{4:1},{4:1},{5:1},{6:1},{6:1},{6:1},{1:1,3:1},{1:1,3:1},{1:1,5:1},{1:1,4:1},{3:1,6:1},{3:2},{3:2},{3:2},{3:1,6:1},{3:2},{3:1,5:1},{3:2},{3:1,4:1},{3:2},{3:1,6:1},{4:1,6:1},{4:1,6:1},{5:2},{6:2},{3:3},{3:2,6:1},{4:2,5:1},{4:2,5:1},{4:2,6:1},{4:1,6:2},{1:2,3:2},{3:1,6:3},{3:3,4:1},{4:1,5:2,6:1},{5:3,6:1},{1:2,3:2,6:1}])[0m
[32m2025-01-02 11:26:20,472 - INFO - False[0m
[32m2025-01-02 11:26:30,067 - INFO - d_prime: 11 d: 12[0m
[32m2025-01-02 11:26:30,071 - INFO - d_prime: 12 d: 12[0m
[32m2025-01-02 11:26:30,075 - INFO - d_prime: 13 d: 12[0m
[32m2025-01-02 11:26:30,078 - INFO - forbidden_vars: ([{0:1},{0:1},{6:1},{7:1},{7:1},{0:2},{0:1,5:1},{0:1,7:1},{0:1,5:1},{0:2},{1:1,6:1},{1:1,6:1},{1:1,6:1},{1:1,6:1},{1:1,4:1},{1:1,4:1},{4:2},{0:3},{0:1,4:1,7:1},{0:3},{0:2,4:1},{0:1,6:2},{0:2,5:1},{0:1,7:2},{0:2,6:1},{0:2,4:1},{0:2,6:1},{0:1,1:1,6:1},{0:1,6:2},{0:3},{0:2,6:1},{1:3},{1:3},{4:1,5:2},{0:3,6:1},{0:2,1:1,6:1},{0:4},{0:2,5:1,7:1},{5:1,6:3,7:1}])[0m
[32m2025-01-02 11:26:30,078 - INFO - False[0m
     0     0  830.00000    0 6392          -  830.00000      -     -  533s
[32m2025-01-02 11:28:15,332 - INFO - d_prime: 2 d: 2[0m
[32m2025-01-02 11:28:15,334 - INFO - d_prime: 3 d: 2[0m
[32m2025-01-02 11:28:15,335 - INFO - d_prime: 4 d: 2[0m
[32m2025-01-02 11:28:15,337 - INFO - d_prime: 5 d: 2[0m
[32m2025-01-02 11:28:15,338 - INFO - d_prime: 6 d: 2[0m
[32m2025-01-02 11:28:15,339 - INFO - d_prime: 7 d: 2[0m
[32m2025-01-02 11:28:15,341 - INFO - d_prime: 8 d: 2[0m
[32m2025-01-02 11:28:15,342 - INFO - d_prime: 9 d: 2[0m
[32m2025-01-02 11:28:15,344 - INFO - d_prime: 10 d: 2[0m
[32m2025-01-02 11:28:15,345 - INFO - d_prime: 11 d: 2[0m
[32m2025-01-02 11:28:15,346 - INFO - d_prime: 12 d: 2[0m
[32m2025-01-02 11:28:15,348 - INFO - d_prime: 13 d: 2[0m
[32m2025-01-02 11:28:15,349 - INFO - forbidden_vars: ([{0:1},{4:1},{2:1,7:1},{2:1,6:1},{2:1,6:1},{4:1,7:1},{0:1,4:1,7:1},{0:1,7:2},{2:1,4:1,7:1},{4:1,5:1,6:1},{6:1,7:2},{0:1,2:1,6:1,7:1},{4:1,6:1,7:2}])[0m
[32m2025-01-02 11:28:15,349 - INFO - False[0m
[32m2025-01-02 11:28:17,308 - INFO - d_prime: 3 d: 3[0m
[32m2025-01-02 11:28:17,312 - INFO - d_prime: 4 d: 3[0m
[32m2025-01-02 11:28:17,315 - INFO - d_prime: 5 d: 3[0m
[32m2025-01-02 11:28:17,318 - INFO - d_prime: 6 d: 3[0m
[32m2025-01-02 11:28:17,320 - INFO - d_prime: 7 d: 3[0m
[32m2025-01-02 11:28:17,323 - INFO - d_prime: 8 d: 3[0m
[32m2025-01-02 11:28:17,326 - INFO - d_prime: 9 d: 3[0m
[32m2025-01-02 11:28:17,328 - INFO - d_prime: 10 d: 3[0m
[32m2025-01-02 11:28:17,331 - INFO - d_prime: 11 d: 3[0m
[32m2025-01-02 11:28:17,333 - INFO - d_prime: 12 d: 3[0m
[32m2025-01-02 11:28:17,336 - INFO - d_prime: 13 d: 3[0m
[32m2025-01-02 11:28:17,337 - INFO - forbidden_vars: ([{7:1},{3:1,4:1},{4:1,5:1},{7:2},{1:1,5:1,7:1},{1:2,3:1},{3:2,4:1},{4:1,7:2},{4:1,7:2},{4:1,7:2},{1:3,5:1},{1:1,3:1,4:1,7:1},{1:1,3:1,4:1,7:1},{1:2,3:1,5:1},{1:2,4:2},{3:1,4:1,5:1,7:1},{4:1,5:1,7:2}])[0m
[32m2025-01-02 11:28:17,338 - INFO - False[0m
[32m2025-01-02 11:29:01,705 - INFO - d_prime: 7 d: 7[0m
[32m2025-01-02 11:29:01,710 - INFO - d_prime: 8 d: 7[0m
[32m2025-01-02 11:29:01,714 - INFO - d_prime: 9 d: 7[0m
[32m2025-01-02 11:29:01,719 - INFO - d_prime: 10 d: 7[0m
[32m2025-01-02 11:29:01,723 - INFO - d_prime: 11 d: 7[0m
[32m2025-01-02 11:29:01,727 - INFO - d_prime: 12 d: 7[0m
[32m2025-01-02 11:29:01,731 - INFO - d_prime: 13 d: 7[0m
[32m2025-01-02 11:29:01,733 - INFO - forbidden_vars: ([{1:1},{5:1},{0:1,4:1},{0:1,1:1},{0:2},{0:1,4:1},{0:2},{0:2},{1:1,5:1},{1:2},{1:2},{1:2},{1:1,2:1},{2:1,4:1},{2:1,7:1},{4:1,5:1},{5:2},{7:2},{0:2,2:1},{0:1,2:2},{1:1,5:1,7:1},{1:1,2:1,7:1},{1:1,4:2},{1:2,2:1},{2:2,7:1},{2:1,4:1,7:1},{2:2,5:1},{2:3},{2:3},{2:3},{7:3},{0:1,2:3},{0:1,1:1,4:1,5:1},{1:1,2:3}])[0m
[32m2025-01-02 11:29:01,733 - INFO - False[0m
[32m2025-01-02 11:32:30,570 - INFO - d_prime: 9 d: 9[0m
[32m2025-01-02 11:32:30,575 - INFO - d_prime: 10 d: 9[0m
[32m2025-01-02 11:32:30,578 - INFO - d_prime: 11 d: 9[0m
[32m2025-01-02 11:32:30,582 - INFO - d_prime: 12 d: 9[0m
[32m2025-01-02 11:32:30,586 - INFO - d_prime: 13 d: 9[0m
[32m2025-01-02 11:32:30,588 - INFO - forbidden_vars: ([{1:1},{1:1},{1:1},{4:1},{4:1},{4:1},{5:1},{5:1},{6:1},{7:1},{7:1},{7:1},{1:1,4:1},{1:1,2:1},{1:2},{1:2},{1:2},{2:1,7:1},{2:2},{2:2},{2:2},{4:2},{4:2},{5:1,6:1},{5:1,7:1},{5:1,7:1},{5:2},{7:2},{1:2,5:1},{1:3},{1:1,5:1,6:1},{1:1,5:1,7:1},{1:2,6:1},{2:3},{2:3},{7:3},{1:1,2:1,4:1,6:1}])[0m
[32m2025-01-02 11:32:30,589 - INFO - False[0m
[32m2025-01-02 11:33:11,390 - INFO - d_prime: 11 d: 11[0m
[32m2025-01-02 11:33:11,394 - INFO - d_prime: 12 d: 11[0m
[32m2025-01-02 11:33:11,398 - INFO - d_prime: 13 d: 11[0m
[32m2025-01-02 11:33:11,400 - INFO - forbidden_vars: ([{1:1},{1:1},{3:1},{3:1},{4:1},{4:1},{5:1},{6:1},{6:1},{1:1,3:1},{1:1,5:1},{3:1,6:1},{3:1,6:1},{3:2},{3:1,5:1},{3:1,5:1},{3:2},{3:1,4:1},{3:1,4:1},{3:1,6:1},{4:1,6:1},{6:2},{6:2},{1:1,3:2},{3:3},{3:2,5:1},{3:3},{3:1,4:1,5:1},{3:2,6:1},{3:3},{3:3},{3:2,6:1},{3:3},{4:2,5:1},{4:2,6:1},{4:1,6:2},{6:3},{1:3,6:1},{4:1,5:2,6:1},{5:3,6:1}])[0m
[32m2025-01-02 11:33:11,400 - INFO - False[0m
[32m2025-01-02 11:33:25,690 - INFO - d_prime: 11 d: 12[0m
[32m2025-01-02 11:33:25,695 - INFO - d_prime: 12 d: 12[0m
[32m2025-01-02 11:33:25,699 - INFO - d_prime: 13 d: 12[0m
[32m2025-01-02 11:33:25,701 - INFO - forbidden_vars: ([{0:1},{0:1},{4:1},{6:1},{6:1},{6:1},{7:1},{7:1},{0:2},{0:2},{0:1,7:1},{0:2},{1:1,6:1},{1:1,6:1},{1:1,4:1},{4:2},{0:1,4:1,7:1},{0:3},{0:2,4:1},{0:2,1:1},{0:1,6:2},{0:2,5:1},{0:1,5:1,7:1},{0:1,4:1,7:1},{0:1,4:1,6:1},{0:2,6:1},{0:1,1:1,6:1},{0:2,6:1},{0:3},{0:1,1:1,5:1},{0:2,6:1},{1:3},{0:4},{0:3,6:1},{0:4},{0:2,5:2},{1:4},{4:1,5:3},{4:1,5:1,6:3}])[0m
[32m2025-01-02 11:33:25,701 - INFO - False[0m
[32m2025-01-02 11:33:37,147 - INFO - d_prime: 11 d: 13[0m
[32m2025-01-02 11:33:37,151 - INFO - d_prime: 12 d: 13[0m
[32m2025-01-02 11:33:37,155 - INFO - d_prime: 13 d: 13[0m
[32m2025-01-02 11:33:37,158 - INFO - forbidden_vars: ([{6:1},{1:1,4:1},{1:2},{1:1,2:1},{2:1,3:1},{3:1,5:1},{3:2},{4:2},{5:1,6:1},{6:2},{6:2},{6:2},{6:2},{6:2},{1:1,6:2},{1:1,3:1,6:1},{1:3},{1:2,6:1},{1:1,2:1,3:1},{2:1,6:2},{2:1,6:2},{2:2,4:1},{2:1,3:2},{2:2,6:1},{2:1,6:2},{3:1,4:1,5:1},{4:1,6:2},{4:1,6:2},{5:1,6:2},{6:3},{6:3},{6:3},{1:1,3:1,5:2},{2:3,5:1},{2:1,6:3},{2:2,5:2},{3:1,5:1,6:2},{3:2,4:2},{4:2,5:2},{2:1,3:2,6:2}])[0m
[32m2025-01-02 11:33:37,158 - INFO - False[0m
     0     0  830.00000    0 6392          -  830.00000      -     -  891s
[32m2025-01-02 11:34:09,985 - INFO - d_prime: 3 d: 3[0m
[32m2025-01-02 11:34:09,990 - INFO - d_prime: 4 d: 3[0m
[32m2025-01-02 11:34:09,993 - INFO - d_prime: 5 d: 3[0m
[32m2025-01-02 11:34:09,996 - INFO - d_prime: 6 d: 3[0m
[32m2025-01-02 11:34:09,998 - INFO - d_prime: 7 d: 3[0m
[32m2025-01-02 11:34:10,001 - INFO - d_prime: 8 d: 3[0m
[32m2025-01-02 11:34:10,004 - INFO - d_prime: 9 d: 3[0m
[32m2025-01-02 11:34:10,006 - INFO - d_prime: 10 d: 3[0m
[32m2025-01-02 11:34:10,009 - INFO - d_prime: 11 d: 3[0m
[32m2025-01-02 11:34:10,012 - INFO - d_prime: 12 d: 3[0m
[32m2025-01-02 11:34:10,014 - INFO - d_prime: 13 d: 3[0m
[32m2025-01-02 11:34:10,016 - INFO - forbidden_vars: ([{7:1},{3:1,4:1},{4:1,5:1},{4:1,7:1},{1:2,7:1},{1:2,3:1},{3:2,4:1},{3:1,4:1,7:1},{4:1,7:2},{7:3},{1:3,5:1},{1:1,3:1,4:1,7:1},{1:1,3:1,4:1,7:1},{1:2,3:1,5:1},{1:2,4:1,5:1},{4:1,5:1,7:2},{4:1,5:1,7:2}])[0m
[32m2025-01-02 11:34:10,016 - INFO - False[0m
[32m2025-01-02 11:34:33,490 - INFO - d_prime: 7 d: 7[0m
[32m2025-01-02 11:34:33,495 - INFO - d_prime: 8 d: 7[0m
[32m2025-01-02 11:34:33,499 - INFO - d_prime: 9 d: 7[0m
[32m2025-01-02 11:34:33,503 - INFO - d_prime: 10 d: 7[0m
[32m2025-01-02 11:34:33,507 - INFO - d_prime: 11 d: 7[0m
[32m2025-01-02 11:34:33,511 - INFO - d_prime: 12 d: 7[0m
[32m2025-01-02 11:34:33,515 - INFO - d_prime: 13 d: 7[0m
[32m2025-01-02 11:34:33,517 - INFO - forbidden_vars: ([{1:1},{2:1},{2:1},{5:1},{0:1,4:1},{0:1,1:1},{0:2},{0:1,4:1},{0:2},{1:2},{2:1,7:1},{2:1,4:1},{4:1,5:1},{4:2},{5:1,7:1},{7:2},{0:1,2:2},{0:2,2:1},{0:1,2:2},{0:2,5:1},{1:2,5:1},{1:2,2:1},{1:1,5:1,7:1},{1:2,7:1},{1:1,4:2},{1:2,2:1},{2:3},{2:3},{2:1,4:1,5:1},{2:3},{7:3},{0:1,2:3},{0:1,4:1,5:1,7:1},{1:1,2:3}])[0m
[32m2025-01-02 11:34:33,517 - INFO - False[0m
[32m2025-01-02 11:35:56,796 - INFO - d_prime: 9 d: 9[0m
[32m2025-01-02 11:35:56,800 - INFO - d_prime: 10 d: 9[0m
[32m2025-01-02 11:35:56,804 - INFO - d_prime: 11 d: 9[0m
[32m2025-01-02 11:35:56,808 - INFO - d_prime: 12 d: 9[0m
[32m2025-01-02 11:35:56,811 - INFO - d_prime: 13 d: 9[0m
[32m2025-01-02 11:35:56,814 - INFO - forbidden_vars: ([{1:1},{1:1},{1:1},{2:1},{4:1},{4:1},{4:1},{5:1},{6:1},{7:1},{7:1},{7:1},{1:1,4:1},{1:1,2:1},{1:2},{1:2},{1:2},{2:2},{2:2},{2:2},{2:2},{4:2},{4:2},{5:1,7:1},{5:1,7:1},{5:1,7:1},{5:2},{7:2},{1:2,5:1},{1:3},{1:1,5:1,6:1},{1:1,5:1,7:1},{1:2,6:1},{2:3},{5:1,6:1,7:1},{1:1,4:1,6:1,7:1},{2:3,7:1}])[0m
[32m2025-01-02 11:35:56,814 - INFO - False[0m
[32m2025-01-02 11:36:04,348 - INFO - d_prime: 10 d: 10[0m
[32m2025-01-02 11:36:04,352 - INFO - d_prime: 11 d: 10[0m
[32m2025-01-02 11:36:04,355 - INFO - d_prime: 12 d: 10[0m
[32m2025-01-02 11:36:04,358 - INFO - d_prime: 13 d: 10[0m
[32m2025-01-02 11:36:04,361 - INFO - forbidden_vars: ([{1:1},{1:1},{1:1},{1:1},{3:1},{3:1},{3:1},{3:1},{4:1},{4:1},{5:1},{5:1},{1:1,5:1},{1:1,4:1},{1:2},{1:2},{1:2},{3:1,6:1},{3:2},{3:2},{3:1,4:1},{3:2},{4:1,6:1},{5:2},{5:2},{6:2},{6:2},{6:2},{1:1,3:1,6:1},{1:1,4:1,6:1},{1:3},{1:2,3:1},{1:1,6:2},{3:2,6:1},{3:2,4:1},{5:3},{3:1,5:1,6:2},{3:1,5:3}])[0m
[32m2025-01-02 11:36:04,361 - INFO - False[0m
[32m2025-01-02 11:36:16,468 - INFO - d_prime: 11 d: 11[0m
[32m2025-01-02 11:36:16,472 - INFO - d_prime: 12 d: 11[0m
[32m2025-01-02 11:36:16,475 - INFO - d_prime: 13 d: 11[0m
[32m2025-01-02 11:36:16,478 - INFO - forbidden_vars: ([{1:1},{1:1},{3:1},{3:1},{4:1},{4:1},{5:1},{6:1},{6:1},{1:1,3:1},{1:1,5:1},{3:1,6:1},{3:2},{3:2},{3:2},{3:1,5:1},{3:2},{3:1,4:1},{3:1,6:1},{4:1,6:1},{4:1,6:1},{6:2},{6:2},{1:1,3:2},{3:2,5:1},{3:3},{3:2,6:1},{3:3},{3:2,6:1},{3:2,4:1},{3:1,4:2},{4:2,5:1},{4:2,5:1},{4:2,6:1},{4:1,6:2},{5:3},{6:3},{4:1,5:2,6:1},{5:3,6:1},{1:4,6:1}])[0m
[32m2025-01-02 11:36:16,478 - INFO - False[0m
[32m2025-01-02 11:36:28,892 - INFO - d_prime: 11 d: 12[0m
[32m2025-01-02 11:36:28,897 - INFO - d_prime: 12 d: 12[0m
[32m2025-01-02 11:36:28,901 - INFO - d_prime: 13 d: 12[0m
[32m2025-01-02 11:36:28,903 - INFO - forbidden_vars: ([{0:1},{6:1},{7:1},{7:1},{0:2},{0:2},{0:1,7:1},{0:1,6:1},{0:2},{0:2},{0:1,6:1},{1:1,6:1},{1:1,4:1},{1:1,6:1},{1:1,6:1},{1:1,4:1},{1:1,4:1},{4:2},{0:1,4:1,7:1},{0:3},{0:2,4:1},{0:1,6:2},{0:2,5:1},{0:1,5:1,7:1},{0:1,4:1,7:1},{0:2,6:1},{0:2,6:1},{0:2,6:1},{0:3},{0:1,1:1,5:1},{1:3},{1:3},{5:3},{0:4},{0:3,6:1},{0:2,1:1,6:1},{0:4},{0:2,5:2},{5:2,6:3}])[0m
[32m2025-01-02 11:36:28,904 - INFO - False[0m
[32m2025-01-02 11:37:54,495 - INFO - d_prime: 11 d: 13[0m
[32m2025-01-02 11:37:54,500 - INFO - d_prime: 12 d: 13[0m
[32m2025-01-02 11:37:54,504 - INFO - d_prime: 13 d: 13[0m
[32m2025-01-02 11:37:54,506 - INFO - forbidden_vars: ([{3:1},{6:1},{1:2},{1:1,2:1},{2:1,3:1},{3:1,5:1},{4:2},{5:1,6:1},{6:2},{6:2},{6:2},{6:2},{6:2},{1:1,6:2},{1:1,4:2},{1:1,3:1,6:1},{1:3},{1:2,6:1},{1:1,2:1,3:1},{2:1,6:2},{2:1,6:2},{2:2,4:1},{2:1,6:2},{2:2,6:1},{2:1,6:2},{3:1,4:2},{3:1,4:1,5:1},{4:1,6:2},{5:1,6:2},{6:3},{6:3},{6:3},{1:2,3:1,5:1},{2:2,4:1,5:1},{2:1,4:1,6:2},{2:2,5:2},{3:1,5:1,6:2},{4:2,6:2},{4:2,5:1,6:1},{2:1,3:2,6:2}])[0m
[32m2025-01-02 11:37:54,506 - INFO - False[0m
     0     0  830.00000    0 6392          -  830.00000      -     - 1149s
[32m2025-01-02 11:38:32,351 - INFO - d_prime: 3 d: 3[0m
[32m2025-01-02 11:38:32,355 - INFO - d_prime: 4 d: 3[0m
[32m2025-01-02 11:38:32,357 - INFO - d_prime: 5 d: 3[0m
[32m2025-01-02 11:38:32,360 - INFO - d_prime: 6 d: 3[0m
[32m2025-01-02 11:38:32,363 - INFO - d_prime: 7 d: 3[0m
[32m2025-01-02 11:38:32,365 - INFO - d_prime: 8 d: 3[0m
[32m2025-01-02 11:38:32,368 - INFO - d_prime: 9 d: 3[0m
[32m2025-01-02 11:38:32,370 - INFO - d_prime: 10 d: 3[0m
[32m2025-01-02 11:38:32,373 - INFO - d_prime: 11 d: 3[0m
[32m2025-01-02 11:38:32,375 - INFO - d_prime: 12 d: 3[0m
[32m2025-01-02 11:38:32,377 - INFO - d_prime: 13 d: 3[0m
[32m2025-01-02 11:38:32,379 - INFO - forbidden_vars: ([{7:1},{3:1,4:1},{4:1,5:1},{4:1,7:1},{7:2},{1:2,7:1},{1:2,3:1},{3:2,4:1},{3:1,4:1,7:1},{7:3},{1:3,5:1},{1:1,3:1,4:1,7:1},{1:1,3:1,4:1,7:1},{1:2,3:1,5:1},{1:2,4:2},{3:1,4:1,7:2},{4:1,5:1,7:2}])[0m
[32m2025-01-02 11:38:32,379 - INFO - False[0m
[32m2025-01-02 11:38:56,834 - INFO - d_prime: 7 d: 7[0m
[32m2025-01-02 11:38:56,839 - INFO - d_prime: 8 d: 7[0m
[32m2025-01-02 11:38:56,843 - INFO - d_prime: 9 d: 7[0m
[32m2025-01-02 11:38:56,846 - INFO - d_prime: 10 d: 7[0m
[32m2025-01-02 11:38:56,850 - INFO - d_prime: 11 d: 7[0m
[32m2025-01-02 11:38:56,854 - INFO - d_prime: 12 d: 7[0m
[32m2025-01-02 11:38:56,858 - INFO - d_prime: 13 d: 7[0m
[32m2025-01-02 11:38:56,861 - INFO - forbidden_vars: ([{1:1},{2:1},{2:1},{5:1},{0:1,4:1},{0:1,1:1},{0:2},{0:1,4:1},{0:2},{1:2},{2:1,4:1},{4:1,5:1},{4:2},{5:2},{7:2},{0:2,2:1},{0:1,2:2},{0:3},{1:2,5:1},{1:2,2:1},{1:1,5:1,7:1},{1:2,7:1},{1:1,4:2},{1:2,2:1},{2:2,7:1},{2:1,4:1,7:1},{2:3},{2:3},{2:3},{2:3},{7:3},{0:1,2:3},{0:1,4:1,5:1,7:1},{1:1,2:3}])[0m
[32m2025-01-02 11:38:56,861 - INFO - False[0m
[32m2025-01-02 11:40:16,722 - INFO - d_prime: 9 d: 9[0m
[32m2025-01-02 11:40:16,726 - INFO - d_prime: 10 d: 9[0m
[32m2025-01-02 11:40:16,730 - INFO - d_prime: 11 d: 9[0m
[32m2025-01-02 11:40:16,734 - INFO - d_prime: 12 d: 9[0m
[32m2025-01-02 11:40:16,738 - INFO - d_prime: 13 d: 9[0m
[32m2025-01-02 11:40:16,740 - INFO - forbidden_vars: ([{1:1},{1:1},{1:1},{2:1},{4:1},{4:1},{4:1},{5:1},{5:1},{6:1},{7:1},{7:1},{7:1},{1:1,4:1},{1:1,2:1},{1:2},{1:2},{2:2},{2:2},{2:2},{4:2},{4:2},{5:1,7:1},{5:1,7:1},{5:2},{7:2},{1:3},{1:2,5:1},{1:3},{1:1,5:1,6:1},{1:2,6:1},{2:2,7:1},{2:3},{2:3},{5:2,6:1},{1:1,4:1,6:1,7:1},{1:1,5:2,7:1}])[0m
[32m2025-01-02 11:40:16,741 - INFO - False[0m
[32m2025-01-02 11:40:22,615 - INFO - d_prime: 10 d: 10[0m
[32m2025-01-02 11:40:22,619 - INFO - d_prime: 11 d: 10[0m
[32m2025-01-02 11:40:22,623 - INFO - d_prime: 12 d: 10[0m
[32m2025-01-02 11:40:22,627 - INFO - d_prime: 13 d: 10[0m
[32m2025-01-02 11:40:22,629 - INFO - forbidden_vars: ([{1:1},{1:1},{1:1},{1:1},{1:1},{3:1},{3:1},{3:1},{4:1},{4:1},{5:1},{5:1},{6:1},{1:1,5:1},{1:1,4:1},{1:2},{1:2},{1:1,3:1},{1:1,3:1},{3:2},{3:2},{5:1,6:1},{5:2},{5:2},{6:2},{6:2},{1:1,3:1,6:1},{1:1,4:1,6:1},{1:3},{1:1,6:2},{1:1,3:2},{3:2,6:1},{3:1,6:2},{3:1,4:1,5:1},{3:2,4:1},{5:3},{3:1,5:1,6:2},{3:1,5:3}])[0m
[32m2025-01-02 11:40:22,629 - INFO - False[0m
[32m2025-01-02 11:40:30,738 - INFO - d_prime: 11 d: 11[0m
[32m2025-01-02 11:40:30,743 - INFO - d_prime: 12 d: 11[0m
[32m2025-01-02 11:40:30,746 - INFO - d_prime: 13 d: 11[0m
[32m2025-01-02 11:40:30,749 - INFO - forbidden_vars: ([{1:1},{1:1},{3:1},{3:1},{4:1},{4:1},{4:1},{5:1},{6:1},{6:1},{1:1,3:1},{1:1,5:1},{3:1,6:1},{3:2},{3:2},{3:1,5:1},{3:1,4:1},{3:1,6:1},{4:1,6:1},{4:2},{4:1,6:1},{5:2},{6:2},{6:2},{1:1,3:2},{1:1,3:2},{1:1,3:2},{3:2,5:1},{3:3},{3:2,6:1},{3:3},{3:2,6:1},{4:2,5:1},{4:2,6:1},{4:1,6:2},{6:3},{1:3,6:1},{3:3,4:1},{4:1,5:2,6:1},{5:3,6:1}])[0m
[32m2025-01-02 11:40:30,749 - INFO - False[0m
[32m2025-01-02 11:40:40,345 - INFO - d_prime: 11 d: 12[0m
[32m2025-01-02 11:40:40,350 - INFO - d_prime: 12 d: 12[0m
[32m2025-01-02 11:40:40,354 - INFO - d_prime: 13 d: 12[0m
[32m2025-01-02 11:40:40,357 - INFO - forbidden_vars: ([{0:1},{0:1},{6:1},{7:1},{7:1},{0:2},{0:2},{0:1,7:1},{0:1,6:1},{0:2},{0:1,6:1},{1:1,6:1},{1:1,6:1},{1:1,6:1},{1:1,6:1},{1:1,4:1},{1:1,4:1},{4:2},{0:3},{0:1,4:1,7:1},{0:3},{0:2,4:1},{0:1,6:2},{0:2,5:1},{0:1,5:1,7:1},{0:1,7:2},{0:1,4:1,6:1},{0:2,6:1},{0:2,6:1},{0:3},{0:1,1:1,5:1},{1:3},{1:3},{4:1,5:2},{0:3,6:1},{0:2,1:1,6:1},{0:4},{0:2,5:1,7:1},{4:1,5:1,6:3}])[0m
[32m2025-01-02 11:40:40,357 - INFO - False[0m
[32m2025-01-02 11:41:23,852 - INFO - d_prime: 11 d: 13[0m
[32m2025-01-02 11:41:23,857 - INFO - d_prime: 12 d: 13[0m
[32m2025-01-02 11:41:23,861 - INFO - d_prime: 13 d: 13[0m
[32m2025-01-02 11:41:23,863 - INFO - forbidden_vars: ([{3:1},{6:1},{1:2},{1:1,2:1},{2:1,3:1},{3:1,5:1},{4:2},{5:1,6:1},{6:2},{6:2},{6:2},{6:2},{6:2},{1:1,6:2},{1:1,4:2},{1:1,3:1,6:1},{1:3},{1:2,6:1},{1:1,2:1,3:1},{2:2,4:1},{2:1,6:2},{2:2,6:1},{2:1,6:2},{3:1,6:2},{3:1,4:2},{3:1,4:1,5:1},{4:1,6:2},{5:1,6:2},{6:3},{6:3},{6:3},{6:3},{1:2,3:1,5:1},{2:2,4:1,5:1},{2:2,5:2},{4:2,6:2},{4:2,6:2},{4:2,5:2},{5:2,6:2},{2:1,3:2,6:2}])[0m
[32m2025-01-02 11:41:23,864 - INFO - False[0m
     0     0  830.00000    0 6392          -  830.00000      -     - 1358s
     0     0  830.00000    0 6392          -  830.00000      -     - 1392s
[32m2025-01-02 11:43:37,795 - INFO - d_prime: 3 d: 3[0m
[32m2025-01-02 11:43:37,798 - INFO - d_prime: 4 d: 3[0m
[32m2025-01-02 11:43:37,801 - INFO - d_prime: 5 d: 3[0m
[32m2025-01-02 11:43:37,803 - INFO - d_prime: 6 d: 3[0m
[32m2025-01-02 11:43:37,805 - INFO - d_prime: 7 d: 3[0m
[32m2025-01-02 11:43:37,807 - INFO - d_prime: 8 d: 3[0m
[32m2025-01-02 11:43:37,810 - INFO - d_prime: 9 d: 3[0m
[32m2025-01-02 11:43:37,812 - INFO - d_prime: 10 d: 3[0m
[32m2025-01-02 11:43:37,814 - INFO - d_prime: 11 d: 3[0m
[32m2025-01-02 11:43:37,816 - INFO - d_prime: 12 d: 3[0m
[32m2025-01-02 11:43:37,818 - INFO - d_prime: 13 d: 3[0m
[32m2025-01-02 11:43:37,820 - INFO - forbidden_vars: ([{7:1},{3:1,4:1},{3:1,4:1},{3:1,4:1},{4:1,5:1},{7:2},{1:2,3:1},{3:2,4:1},{3:1,5:1,7:1},{5:1,7:2},{7:3},{1:3,7:1},{1:1,3:1,4:1,7:1},{1:2,3:1,7:1},{1:1,3:2,5:1},{1:2,5:2},{3:1,5:1,7:2}])[0m
[32m2025-01-02 11:43:37,820 - INFO - False[0m
[32m2025-01-02 11:45:05,645 - INFO - d_prime: 7 d: 7[0m
[32m2025-01-02 11:45:05,650 - INFO - d_prime: 8 d: 7[0m
[32m2025-01-02 11:45:05,654 - INFO - d_prime: 9 d: 7[0m
[32m2025-01-02 11:45:05,659 - INFO - d_prime: 10 d: 7[0m
[32m2025-01-02 11:45:05,663 - INFO - d_prime: 11 d: 7[0m
[32m2025-01-02 11:45:05,668 - INFO - d_prime: 12 d: 7[0m
[32m2025-01-02 11:45:05,672 - INFO - d_prime: 13 d: 7[0m
[32m2025-01-02 11:45:05,675 - INFO - forbidden_vars: ([{0:1},{1:1},{1:1},{1:1},{2:1},{4:1},{5:1},{6:1},{6:1},{0:1,7:1},{0:1,2:1},{1:1,2:1},{1:1,2:1},{2:1,6:1},{2:1,6:1},{2:1,5:1},{4:1,6:1},{4:1,6:1},{5:1,7:1},{7:2},{0:1,2:1,7:1},{0:1,1:1,2:1},{0:1,1:1,5:1},{0:1,4:1,6:1},{1:2,5:1},{1:1,5:1,6:1},{1:2,7:1},{1:2,2:1},{1:1,6:2},{2:1,4:1,5:1},{0:1,5:2,7:1},{0:1,2:2,5:1},{0:1,2:1,5:1,6:1},{0:1,1:2,7:1},{1:3,6:1}])[0m
[32m2025-01-02 11:45:05,675 - INFO - False[0m
[32m2025-01-02 11:46:49,443 - INFO - d_prime: 9 d: 9[0m
[32m2025-01-02 11:46:49,448 - INFO - d_prime: 10 d: 9[0m
[32m2025-01-02 11:46:49,452 - INFO - d_prime: 11 d: 9[0m
[32m2025-01-02 11:46:49,456 - INFO - d_prime: 12 d: 9[0m
[32m2025-01-02 11:46:49,461 - INFO - d_prime: 13 d: 9[0m
[32m2025-01-02 11:46:49,463 - INFO - forbidden_vars: ([{1:1},{1:1},{2:1},{4:1},{4:1},{5:1},{5:1},{5:1},{6:1},{6:1},{7:1},{7:1},{7:1},{1:1,4:1},{1:1,4:1},{1:1,2:1},{1:1,7:1},{1:2},{2:1,7:1},{2:2},{2:1,5:1},{2:2},{2:1,4:1},{2:2},{2:1,7:1},{4:2},{1:1,2:1,7:1},{1:2,5:1},{1:3},{1:2,6:1},{1:2,7:1},{2:2,4:1},{2:1,4:1,6:1},{2:1,5:1,7:1},{4:2,6:1},{1:1,2:3},{1:1,2:1,7:2},{2:1,4:1,6:1,7:1}])[0m
[32m2025-01-02 11:46:49,464 - INFO - False[0m
[32m2025-01-02 11:47:02,338 - INFO - d_prime: 10 d: 10[0m
[32m2025-01-02 11:47:02,343 - INFO - d_prime: 11 d: 10[0m
[32m2025-01-02 11:47:02,348 - INFO - d_prime: 12 d: 10[0m
[32m2025-01-02 11:47:02,352 - INFO - d_prime: 13 d: 10[0m
[32m2025-01-02 11:47:02,355 - INFO - forbidden_vars: ([{1:1},{1:1},{1:1},{3:1},{4:1},{4:1},{5:1},{5:1},{5:1},{5:1},{6:1},{1:1,5:1},{1:1,3:1},{1:1,6:1},{1:1,6:1},{1:2},{1:2},{1:1,5:1},{1:1,3:1},{3:2},{4:1,6:1},{4:2},{4:1,6:1},{4:1,5:1},{4:1,5:1},{6:2},{1:1,3:1,6:1},{1:1,3:1,6:1},{1:2,3:1},{1:2,3:1},{1:1,3:1,4:1},{1:1,5:2},{1:2,6:1},{1:1,4:1,5:1},{3:1,4:1,5:1},{4:1,5:2},{3:1,5:3}])[0m
[32m2025-01-02 11:47:02,355 - INFO - False[0m
[32m2025-01-02 11:47:16,473 - INFO - d_prime: 11 d: 11[0m
[32m2025-01-02 11:47:16,477 - INFO - d_prime: 12 d: 11[0m
[32m2025-01-02 11:47:16,481 - INFO - d_prime: 13 d: 11[0m
[32m2025-01-02 11:47:16,483 - INFO - forbidden_vars: ([{1:1},{3:1},{3:1},{4:1},{5:1},{6:1},{6:1},{6:1},{6:1},{6:1},{6:1},{1:1,3:1},{1:1,3:1},{1:1,3:1},{3:1,6:1},{3:2},{3:1,6:1},{3:1,5:1},{3:1,6:1},{3:2},{3:1,4:1},{3:1,6:1},{4:1,6:1},{5:2},{1:2,3:1},{1:1,3:2},{1:1,3:2},{1:1,3:1,5:1},{3:1,6:2},{3:2,6:1},{3:2,4:1},{3:1,4:1,6:1},{3:2,6:1},{3:3},{3:3},{4:1,6:2},{4:1,6:2},{1:3,6:1},{3:4},{4:1,5:2,6:1}])[0m
[32m2025-01-02 11:47:16,483 - INFO - False[0m
[32m2025-01-02 11:47:36,671 - INFO - d_prime: 11 d: 12[0m
[32m2025-01-02 11:47:36,677 - INFO - d_prime: 12 d: 12[0m
[32m2025-01-02 11:47:36,682 - INFO - d_prime: 13 d: 12[0m
[32m2025-01-02 11:47:36,685 - INFO - forbidden_vars: ([{4:1},{0:1,2:1},{0:2},{0:2},{1:1,6:1},{1:1,4:1},{2:1,7:1},{5:2},{6:2},{7:2},{0:1,2:2},{0:3},{0:2,2:1},{0:1,1:1,6:1},{0:1,4:1,5:1},{0:1,1:1,4:1},{0:1,4:1,6:1},{0:2,2:1},{0:1,1:1,6:1},{0:2,6:1},{0:3},{0:2,6:1},{0:2,6:1},{0:1,2:1,6:1},{1:1,2:1,6:1},{1:3},{1:1,4:2},{2:1,4:1,6:1},{2:1,4:1,6:1},{2:2,4:1},{4:1,5:1,6:1},{4:1,5:1,6:1},{4:1,5:1,6:1},{0:2,2:1,4:1},{0:2,5:1,6:1},{0:1,2:2,4:1},{1:2,5:2},{2:1,5:1,6:1,7:1},{0:1,2:1,4:1,5:2}])[0m
[32m2025-01-02 11:47:36,685 - INFO - False[0m
[32m2025-01-02 11:47:48,565 - INFO - d_prime: 11 d: 13[0m
[32m2025-01-02 11:47:48,570 - INFO - d_prime: 12 d: 13[0m
[32m2025-01-02 11:47:48,576 - INFO - d_prime: 13 d: 13[0m
[32m2025-01-02 11:47:48,579 - INFO - forbidden_vars: ([{4:1},{6:1},{1:1,2:1},{1:1,2:1},{2:1,6:1},{2:1,6:1},{4:2},{4:1,6:1},{6:2},{6:2},{0:1,1:1,3:1},{0:1,4:1,6:1},{1:1,6:2},{1:3},{1:1,4:1,6:1},{1:1,2:1,6:1},{2:1,4:1,7:1},{2:3},{2:1,3:1,4:1},{2:1,6:1,7:1},{2:2,4:1},{2:1,6:2},{2:3},{2:2,6:1},{2:2,6:1},{3:1,4:1,5:1},{4:3},{4:1,6:2},{5:2,6:1},{6:2,7:1},{1:1,6:3},{1:2,2:1,6:1},{1:1,2:1,3:1,7:1},{2:2,4:1,6:1},{2:1,4:2,5:1},{2:1,4:2,6:1},{2:2,3:1,4:1},{3:1,5:1,6:2},{4:2,5:1,7:1},{2:1,4:1,6:2,7:1}])[0m
[32m2025-01-02 11:47:48,579 - INFO - False[0m
     0     2  830.00000    0 6392          -  830.00000      -     - 1789s
     1     4  849.00000    1 3620          -  832.00000      - 15667 1924s
     3     8  849.00000    2 2601          -  832.00000      - 11965 2086s
     7    12  849.00000    3 1792          -  832.00000      - 10543 2139s
    11    16  849.00000    4 1640          -  832.00000      -  7335 2162s
    15    20  849.00000    5 1674          -  832.00000      -  5775 2165s
    23    32  849.00000    7 1609          -  832.00000      -  4081 2173s
    31    40  849.00000    9 1590          -  832.00000      -  3220 2178s
    39    61  849.00000   11 1570          -  832.00000      -  2699 2192s
    60    75  849.00000   17 1435          -  832.00000      -  2050 2242s
    74   143  849.00000   21 1480          -  832.00000      -  2000 2287s
   142   223  849.00000   38 1283          -  832.00000      -  1472 2351s
   222   302  849.00000   58 1019          -  832.00000      -  1276 2552s
   301   488  849.00000   81  881          -  832.00000      -  1263 2912s
   487   701  849.00000  128  607          -  832.00000      -  1119 3206s
