1.NAME: LBBDSolver
2.PARAMS: {'break_symmetry': True, 'add_constraints_to_symmetrc_days': False, 'subsolver_cls': 'CPSubSolver2'}
3.INSTANCE: /home/wx350715/Kobra/rehabiliation-admission-scheduling/data/comp_study_002/instance_1_more_resources_15.txt
4.REPETITION: 1
Current directory: /home/wx350715/Kobra/rehabiliation-admission-scheduling
[34m2025-01-01 15:58:20,381 - DEBUG - Solver: <class 'src.solvers.benders.LBBDSolver'>[0m
[34m2025-01-01 15:58:20,382 - DEBUG - Args: {'break_symmetry': True, 'add_constraints_to_symmetrc_days': False, 'subsolver_cls': 'CPSubSolver2'}[0m
[34m2025-01-01 15:58:20,382 - DEBUG - File path /home/wx350715/Kobra/rehabiliation-admission-scheduling/data/comp_study_002/instance_1_more_resources_15.txt[0m
[34m2025-01-01 15:58:20,382 - DEBUG - ADD INSTANCE DATA[0m
[34m2025-01-01 15:58:20,382 - DEBUG - ADD INSTANCE DATA[0m
[34m2025-01-01 15:58:20,382 - DEBUG - ADD INSTANCE DATA[0m
[34m2025-01-01 15:58:20,382 - DEBUG - ADD INSTANCE DATA[0m
[34m2025-01-01 15:58:20,382 - DEBUG - ADD INSTANCE DATA[0m
[34m2025-01-01 15:58:20,382 - DEBUG - ADD INSTANCE DATA[0m
[34m2025-01-01 15:58:20,382 - DEBUG - ADD INSTANCE DATA[0m
[34m2025-01-01 15:58:20,382 - DEBUG - ADD INSTANCE DATA[0m
[34m2025-01-01 15:58:20,382 - DEBUG - ADD INSTANCE DATA[0m
[34m2025-01-01 15:58:20,382 - DEBUG - ADD INSTANCE DATA[0m
[34m2025-01-01 15:58:20,382 - DEBUG - ADD INSTANCE DATA[0m
[34m2025-01-01 15:58:20,383 - DEBUG - ADD RESOURCE_GROUPS[0m
[34m2025-01-01 15:58:20,383 - DEBUG - ADD RESOURCE_GROUPS[0m
[34m2025-01-01 15:58:20,383 - DEBUG - ADD RESOURCE_GROUPS[0m
[34m2025-01-01 15:58:20,383 - DEBUG - ADD RESOURCE_GROUPS[0m
[34m2025-01-01 15:58:20,383 - DEBUG - ADD RESOURCES[0m
[34m2025-01-01 15:58:20,383 - DEBUG - ADD RESOURCES[0m
[34m2025-01-01 15:58:20,383 - DEBUG - ADD RESOURCES[0m
[34m2025-01-01 15:58:20,383 - DEBUG - ADD RESOURCES[0m
[34m2025-01-01 15:58:20,383 - DEBUG - ADD RESOURCES[0m
[34m2025-01-01 15:58:20,383 - DEBUG - ADD RESOURCES[0m
[34m2025-01-01 15:58:20,383 - DEBUG - ADD RESOURCES[0m
[34m2025-01-01 15:58:20,383 - DEBUG - ADD RESOURCES[0m
[34m2025-01-01 15:58:20,383 - DEBUG - ADD RESOURCES[0m
[34m2025-01-01 15:58:20,384 - DEBUG - ADD RESOURCES[0m
[34m2025-01-01 15:58:20,384 - DEBUG - ADD RESOURCES[0m
[34m2025-01-01 15:58:20,384 - DEBUG - ADD RESOURCES[0m
[34m2025-01-01 15:58:20,384 - DEBUG - ADD RESOURCES[0m
[34m2025-01-01 15:58:20,384 - DEBUG - ADD RESOURCES[0m
[34m2025-01-01 15:58:20,384 - DEBUG - ADD TREATMENTS[0m
[34m2025-01-01 15:58:20,384 - DEBUG - ADD TREATMENTS[0m
[34m2025-01-01 15:58:20,384 - DEBUG - ADD TREATMENTS[0m
[34m2025-01-01 15:58:20,384 - DEBUG - ADD TREATMENTS[0m
[34m2025-01-01 15:58:20,384 - DEBUG - ADD TREATMENTS[0m
[34m2025-01-01 15:58:20,384 - DEBUG - ADD TREATMENTS[0m
[34m2025-01-01 15:58:20,385 - DEBUG - ADD TREATMENTS[0m
[34m2025-01-01 15:58:20,385 - DEBUG - ADD TREATMENTS[0m
[34m2025-01-01 15:58:20,385 - DEBUG - ADD PATIENTS[0m
[34m2025-01-01 15:58:20,385 - DEBUG - ADD PATIENTS[0m
[34m2025-01-01 15:58:20,385 - DEBUG - ADD PATIENTS[0m
[34m2025-01-01 15:58:20,385 - DEBUG - ADD PATIENTS[0m
[34m2025-01-01 15:58:20,385 - DEBUG - ADD PATIENTS[0m
[34m2025-01-01 15:58:20,385 - DEBUG - ADD PATIENTS[0m
[34m2025-01-01 15:58:20,386 - DEBUG - ADD PATIENTS[0m
[34m2025-01-01 15:58:20,386 - DEBUG - ADD PATIENTS[0m
[34m2025-01-01 15:58:20,386 - DEBUG - ADD PATIENTS[0m
[34m2025-01-01 15:58:20,386 - DEBUG - ADD PATIENTS[0m
[34m2025-01-01 15:58:20,386 - DEBUG - ADD PATIENTS[0m
[34m2025-01-01 15:58:20,386 - DEBUG - ADD PATIENTS[0m
[34m2025-01-01 15:58:20,386 - DEBUG - ADD PATIENTS[0m
[34m2025-01-01 15:58:20,386 - DEBUG - ADD PATIENTS[0m
[34m2025-01-01 15:58:20,386 - DEBUG - ADD PATIENTS[0m
[34m2025-01-01 15:58:20,387 - DEBUG - ADD PATIENTS[0m
[34m2025-01-01 15:58:20,387 - DEBUG - ADD PATIENTS[0m
[34m2025-01-01 15:58:20,387 - DEBUG - ADD PATIENTS[0m
[34m2025-01-01 15:58:20,387 - DEBUG - ADD PATIENTS[0m
[34m2025-01-01 15:58:20,388 - DEBUG - ADD PATIENTS[0m
[34m2025-01-01 15:58:20,388 - DEBUG - ADD PATIENTS[0m
[34m2025-01-01 15:58:20,388 - DEBUG - ADD PATIENTS[0m
[34m2025-01-01 15:58:20,389 - DEBUG - ADD PATIENTS[0m
[34m2025-01-01 15:58:20,389 - DEBUG - ADD PATIENTS[0m
[34m2025-01-01 15:58:20,389 - DEBUG - ADD PATIENTS[0m
[34m2025-01-01 15:58:20,389 - DEBUG - ADD PATIENTS[0m
[34m2025-01-01 15:58:20,389 - DEBUG - ADD PATIENTS[0m
[34m2025-01-01 15:58:20,389 - DEBUG - ADD PATIENTS[0m
[34m2025-01-01 15:58:20,389 - DEBUG - ADD PATIENTS[0m
[34m2025-01-01 15:58:20,389 - DEBUG - ADD PATIENTS[0m
[34m2025-01-01 15:58:20,389 - DEBUG - ADD PATIENTS[0m
[34m2025-01-01 15:58:20,390 - DEBUG - ADD PATIENTS[0m
[34m2025-01-01 15:58:20,390 - DEBUG - ADD PATIENTS[0m
[34m2025-01-01 15:58:20,390 - DEBUG - ADD PATIENTS[0m
[34m2025-01-01 15:58:20,390 - DEBUG - ADD PATIENTS[0m
[34m2025-01-01 15:58:20,390 - DEBUG - ADD PATIENTS[0m
[34m2025-01-01 15:58:20,390 - DEBUG - ADD PATIENTS[0m
[34m2025-01-01 15:58:20,390 - DEBUG - ADD PATIENTS[0m
[34m2025-01-01 15:58:20,390 - DEBUG - ADD PATIENTS[0m
[34m2025-01-01 15:58:20,391 - DEBUG - ADD PATIENTS[0m
[34m2025-01-01 15:58:20,391 - DEBUG - Instance data:[0m
[34m2025-01-01 15:58:20,391 - DEBUG - Number of patients: 40[0m
[34m2025-01-01 15:58:20,391 - DEBUG - Number of beds: 40[0m
[34m2025-01-01 15:58:20,391 - DEBUG - Average number of treatments per patient: 29.525[0m
[34m2025-01-01 15:58:20,391 - DEBUG - Average number of treatment per stayed day: 2.135623869801085[0m
[34m2025-01-01 15:58:20,391 - DEBUG - Number of treatments: 1181[0m
[34m2025-01-01 15:58:20,391 - DEBUG - Number of resources: 12[0m
[34m2025-01-01 15:58:20,391 - DEBUG - Number of resource groups: 4[0m
[34m2025-01-01 15:58:20,391 - DEBUG - Number of resource hours needed per all treatment by RG(therapists): 38.3375[0m
[34m2025-01-01 15:58:20,391 - DEBUG - Number of resource hours needed per all treatment by RG(rooms): 74.50000000000004[0m
[34m2025-01-01 15:58:20,391 - DEBUG - Number of resource hours needed per all treatment by RG(physiotherapist): 26.0[0m
[34m2025-01-01 15:58:20,391 - DEBUG - Number of resource hours needed per all treatment by RG(sport_room): 18.9375[0m
[32m2025-01-01 15:58:20,391 - INFO - {'solver': 'LBBDSolver', 'args': {'break_symmetry': False, 'subsolver_cls': <class 'src.solvers.subsolvers.cp_subsolver.CPSubsolver'>, 'subsolver.store_results': True, 'subsolver.store_results_method': 'hash', 'use_helper_constraints': True, 'enforce_min_treatments_per_day': True, 'enforce_max_treatments_per_e_w': True, 'enforce_min_patients_per_treatment': True, 'log_to_console': True}}[0m
[34m2025-01-01 15:58:20,391 - DEBUG - Setting options: LBBDSolver[0m
[34m2025-01-01 15:58:20,392 - DEBUG -  ---- break_symmetry to False[0m
[34m2025-01-01 15:58:20,392 - DEBUG -  ---- subsolver_cls to <class 'src.solvers.subsolvers.cp_subsolver.CPSubsolver'>[0m
[34m2025-01-01 15:58:20,392 - DEBUG -  ---- use_helper_constraints to True[0m
[34m2025-01-01 15:58:20,392 - DEBUG -  ---- add_constraints_to_symmetric_days to True (default)[0m
[34m2025-01-01 15:58:20,392 - DEBUG - Setting options: Solver[0m
[34m2025-01-01 15:58:20,392 - DEBUG -  ---- number_of_threads to 4 (default)[0m
[34m2025-01-01 15:58:20,392 - DEBUG -  ---- treatment_value to 0 (default)[0m
[34m2025-01-01 15:58:20,392 - DEBUG -  ---- delay_value to 1 (default)[0m
[34m2025-01-01 15:58:20,392 - DEBUG -  ---- missing_treatment_value to 4 (default)[0m
[34m2025-01-01 15:58:20,392 - DEBUG -  ---- enforce_min_treatments_per_day to True[0m
[34m2025-01-01 15:58:20,392 - DEBUG -  ---- enforce_max_treatments_per_e_w to True[0m
[34m2025-01-01 15:58:20,392 - DEBUG -  ---- enforce_min_patients_per_treatment to True[0m
[34m2025-01-01 15:58:20,392 - DEBUG -  ---- log_to_console to True[0m
[34m2025-01-01 15:58:20,392 - DEBUG -  ---- log_to_file to True (default)[0m
[34m2025-01-01 15:58:20,392 - DEBUG -  ---- no_rel_heur_time to 1 (default)[0m
[34m2025-01-01 15:58:20,432 - DEBUG - Setting options: CPSubsolver[0m
[34m2025-01-01 15:58:20,432 - DEBUG -  ---- estimated_needed_treatments to True (default)[0m
[34m2025-01-01 15:58:20,432 - DEBUG -  ---- add_patient_symmetry to False (default)[0m
[34m2025-01-01 15:58:20,432 - DEBUG - Setting Subsolver options: SubSolver[0m
[34m2025-01-01 15:58:20,432 - DEBUG -  ---- store_results to True[0m
[34m2025-01-01 15:58:20,432 - DEBUG -  ---- store_results_method to hash[0m
[34m2025-01-01 15:58:20,432 - DEBUG -  ---- enforce_min_patients_per_treatment to True[0m
[34m2025-01-01 15:58:20,432 - DEBUG -  ---- use_day_symmetry to True (default)[0m
[32m2025-01-01 15:58:20,468 - INFO - Create model: LBBDSolver[0m
Set parameter TSPort to value 50039
Set parameter TokenServer to value "license.itc.rwth-aachen.de"
Set parameter Threads to value 4
Set parameter Cuts to value 0
Set parameter LazyConstraints to value 1
Set parameter NoRelHeurTime to value 1
[34m2025-01-01 15:58:22,035 - DEBUG - Variables created.[0m
[34m2025-01-01 15:58:27,061 - DEBUG - Constraint (not too many treatments) created.[0m
[34m2025-01-01 15:58:30,762 - DEBUG - Constraint (no_treatments_outside admittance) created.[0m
[34m2025-01-01 15:58:30,764 - DEBUG - Constraint (bed_usage) created.[0m
[34m2025-01-01 15:58:30,765 - DEBUG - Constraint (must be admitted) created.[0m
[34m2025-01-01 15:58:31,335 - DEBUG - Constraint (e_w_ub) created.[0m
[34m2025-01-01 15:58:31,515 - DEBUG - Constraint (day_ub) created.[0m
[34m2025-01-01 15:58:31,721 - DEBUG - Constraint (Day always) created.[0m
[34m2025-01-01 15:58:31,721 - DEBUG - Constraint (already_admitted) created.[0m
[32m2025-01-01 15:58:44,675 - INFO - Time to create model: 24.206[0m
[32m2025-01-01 15:58:44,675 - INFO - Solving model: LBBDSolver[0m
Gurobi Optimizer version 10.0.0 build v10.0.0rc2 (linux64)

CPU model: Intel(R) Xeon(R) Platinum 8468, instruction set [SSE2|AVX|AVX2|AVX512]
Thread count: 96 physical cores, 96 logical processors, using up to 4 threads

Optimize a model with 674190 rows, 281662 columns and 5705411 nonzeros
Model fingerprint: 0x822a0bfd
Variable types: 3 continuous, 281659 integer (281659 binary)
Coefficient statistics:
  Matrix range     [1e+00, 1e+01]
  Objective range  [1e+00, 1e+01]
  Bounds range     [1e+00, 1e+00]
  RHS range        [1e+00, 5e+03]
[32m2025-01-01 15:59:56,947 - INFO - d_prime: 7 d: 7[0m
[32m2025-01-01 15:59:56,951 - INFO - d_prime: 8 d: 7[0m
[32m2025-01-01 15:59:56,955 - INFO - d_prime: 9 d: 7[0m
[32m2025-01-01 15:59:56,958 - INFO - d_prime: 10 d: 7[0m
[32m2025-01-01 15:59:56,962 - INFO - d_prime: 11 d: 7[0m
[32m2025-01-01 15:59:56,966 - INFO - d_prime: 12 d: 7[0m
[32m2025-01-01 15:59:56,969 - INFO - d_prime: 13 d: 7[0m
[32m2025-01-01 15:59:56,971 - INFO - forbidden_vars: ([{0:1},{0:1},{1:1},{1:1},{3:1},{3:1},{3:1},{3:1},{4:1},{6:1},{6:1},{6:1},{0:1,1:1},{0:1,5:1},{1:1,6:1},{1:1,4:1},{1:1,3:1},{3:1,4:1},{3:1,4:1},{4:1,6:1},{0:3},{1:1,3:1,5:1},{3:2,4:1},{3:4}])[0m
[32m2025-01-01 15:59:56,971 - INFO - False[0m
Presolve removed 344034 rows and 5 columns (presolve time = 5s) ...
Presolve removed 346406 rows and 21 columns (presolve time = 10s) ...
Presolve added 0 rows and 4324 columns
Presolve removed 346246 rows and 0 columns
Presolve time: 14.51s
Presolved: 327944 rows, 285986 columns, 4299685 nonzeros
Variable types: 1 continuous, 285985 integer (283925 binary)
Starting NoRel heuristic
Found phase-1 solution: relaxation 54
Found phase-1 solution: relaxation 45
Found phase-1 solution: relaxation 38
Root relaxation presolved: 327158 rows, 285652 columns, 4123250 nonzeros

Deterministic concurrent LP optimizer: primal simplex, dual simplex, and barrier
Showing barrier log only...

Root barrier log...

Ordering time: 0.99s

Barrier statistics:
 Dense cols : 139
 AA' NZ     : 3.504e+05
 Factor NZ  : 1.817e+06 (roughly 26 MB of memory)
 Factor Ops : 7.952e+08 (less than 1 second per iteration)
 Threads    : 2

                  Objective                Residual
Iter       Primal          Dual         Primal    Dual     Compl     Time
   0  -5.37967608e+06 -3.02987633e+04  6.58e+04 1.29e+00  2.55e+02   123s
   1  -2.46930319e+06 -7.29465199e+04  3.02e+04 3.62e+00  1.13e+02   123s
   2  -1.54807807e+06 -1.06816350e+05  1.90e+04 1.45e-02  7.06e+01   123s
   3  -2.10835418e+05 -8.61619552e+04  2.59e+03 1.82e-02  1.10e+01   123s
   4  -9.28737198e+04 -5.14911787e+04  1.14e+03 5.97e-03  4.76e+00   124s
   5  -4.15775452e+04 -3.24585620e+04  5.17e+02 2.79e-03  2.23e+00   124s
   6  -1.05340053e+04 -1.87695289e+04  1.38e+02 1.21e-03  8.23e-01   124s
   7  -2.69330997e+03 -4.77427493e+03  4.30e+01 2.60e-04  2.12e-01   124s
   8   2.60822210e+02 -5.54144220e+02  7.08e+00 6.67e-05  4.17e-02   125s
   9   7.96105616e+02  2.13007129e+02  4.67e-01 5.04e-05  1.64e-02   125s
  10   8.15249496e+02  7.79229135e+02  2.01e-01 8.86e-06  1.38e-03   125s
  11   8.30051439e+02  8.27107260e+02  2.94e-04 5.88e-06  7.75e-05   125s
  12   8.30000135e+02  8.29994360e+02  2.13e-13 6.57e-06  1.51e-07   126s
  13   8.30000000e+02  8.29999994e+02  8.38e-13 1.45e-09  1.51e-10   126s

Barrier solved model in 13 iterations and 125.82 seconds (44.07 work units)
Optimal objective 8.30000000e+02


Root crossover log...

     112 DPushes remaining with DInf 0.0000000e+00               126s
       0 DPushes remaining with DInf 0.0000000e+00               126s

    9139 PPushes remaining with PInf 0.0000000e+00               126s
Concurrent spin time: 1.78s (can be avoided by choosing Method=3)

Solved with dual simplex

Root simplex log...

Iteration    Objective       Primal Inf.    Dual Inf.      Time
    8284    8.3000000e+02   0.000000e+00   0.000000e+00    126s

Use crossover to convert LP symmetric solution to basic solution...

Root crossover log...

    1368 DPushes remaining with DInf 0.0000000e+00               127s
       0 DPushes remaining with DInf 0.0000000e+00               127s

   42921 PPushes remaining with PInf 0.0000000e+00               127s
       0 PPushes remaining with PInf 0.0000000e+00               128s

  Push phase complete: Pinf 0.0000000e+00, Dinf 4.6103307e+03    128s


Root simplex log...

Iteration    Objective       Primal Inf.    Dual Inf.      Time
   51215    8.3000000e+02   0.000000e+00   4.610331e+03    128s
   51402    8.3000000e+02   0.000000e+00   0.000000e+00    129s
   51402    8.3000000e+02   0.000000e+00   0.000000e+00    129s

Root relaxation: objective 8.300000e+02, 51402 iterations, 10.40 seconds (5.34 work units)

    Nodes    |    Current Node    |     Objective Bounds      |     Work
 Expl Unexpl |  Obj  Depth IntInf | Incumbent    BestBd   Gap | It/Node Time

     0     0  830.00000    0 6359          -  830.00000      -     -  174s
     0     0  830.00000    0 6359          -  830.00000      -     -  224s
[32m2025-01-01 16:10:26,392 - INFO - d_prime: 11 d: 12[0m
[32m2025-01-01 16:10:26,407 - INFO - d_prime: 12 d: 12[0m
[32m2025-01-01 16:10:26,417 - INFO - d_prime: 13 d: 12[0m
[32m2025-01-01 16:10:26,421 - INFO - forbidden_vars: ([{1:1},{7:1},{7:1},{1:1,4:1},{1:2},{1:1,3:1},{1:1,3:1},{1:1,4:1},{1:2},{3:1,4:1},{3:1,4:1},{5:1,6:1},{6:1,7:1},{6:1,7:1},{7:2},{1:2,6:1},{1:1,3:1,4:1},{1:1,3:2},{1:2,4:1},{1:2,4:1},{1:2,4:1},{1:2,4:1},{1:1,4:2},{1:3},{1:2,3:1},{1:2,3:1},{3:2,7:1},{3:1,4:1,6:1},{4:1,7:2},{4:1,6:2},{6:1,7:2},{6:1,7:2},{1:1,3:1,6:1,7:1},{1:1,4:3},{1:2,3:1,6:1},{1:3,7:1},{3:1,4:2,6:1},{3:1,7:3},{6:1,7:3},{1:1,4:2,6:2}])[0m
[32m2025-01-01 16:10:26,421 - INFO - False[0m
     0     2  830.00000    0 6359          -  830.00000      -     -  966s
     1     4  849.00000    1 3921          -  832.00000      - 26445 1165s
     3     8  849.00000    2 3875          -  832.00000      - 13572 1200s
     7    12  849.00000    3 2610          -  832.00000      -  7222 1301s
    11    16  849.00000    4 2408          -  832.00000      -  5426 1327s
    15    20  849.00000    5 2404          -  832.00000      -  4204 1331s
    23    31  849.00000    7 2363          -  832.00000      -  2892 1338s
    30    37  849.00000    9 2331          -  832.00000      -  2319 1346s
    36    55  849.00000   11 2303          -  832.00000      -  2110 1359s
    54    66  849.00000   17 2246          -  832.00000      -  1570 1431s
    65   106  849.00000   23 2172          -  832.00000      -  1606 1467s
   105   172  849.00000   33 2070          -  832.00000      -  1270 1520s
   171   259  849.00000   49 1856          -  832.00000      -  1025 1608s
   258   367  849.00000   78 1595          -  832.00000      -   932 1735s
   366   538  849.00000  109 1371          -  832.00000      -   904 2116s
   537   742  849.00000  160  844          -  832.00000      -   947 2337s
   741   895  849.00000  209  542          -  832.00000      -   834 2866s
[32m2025-01-01 16:53:18,986 - INFO - d_prime: 10 d: 10[0m
[32m2025-01-01 16:53:18,993 - INFO - d_prime: 11 d: 10[0m
[32m2025-01-01 16:53:18,998 - INFO - d_prime: 12 d: 10[0m
[32m2025-01-01 16:53:19,003 - INFO - d_prime: 13 d: 10[0m
[32m2025-01-01 16:53:19,006 - INFO - forbidden_vars: ([{0:1},{0:1},{2:1},{3:1},{3:1},{4:1},{5:1},{6:1},{6:1},{0:1,1:1},{0:1,6:1},{0:1,3:1},{0:2},{0:1,3:1},{1:1,6:1},{1:2},{2:1,3:1},{3:2},{3:1,6:1},{4:1,6:1},{4:1,6:1},{5:1,6:1},{5:2},{5:2},{5:1,6:1},{0:1,2:1,4:1},{0:1,2:1,3:1},{0:3},{1:1,3:1,5:1},{2:1,4:1,5:1},{3:1,6:2},{3:3},{3:1,6:2},{4:1,6:2},{4:1,5:1,6:1},{1:2,3:1,5:1},{2:1,3:2,5:1},{3:4}])[0m
[32m2025-01-01 16:53:19,007 - INFO - False[0m
