1.NAME: LBBDSolver
2.PARAMS: {'break_symmetry': False, 'add_constraints_to_symmetrc_days': False, 'subsolver_cls': 'CPSubSolver2'}
3.INSTANCE: /home/wx350715/Kobra/rehabiliation-admission-scheduling/data/comp_study_002/instance_1_15.txt
4.REPETITION: 1
Current directory: /home/wx350715/Kobra/rehabiliation-admission-scheduling
[34m2025-01-01 18:42:52,484 - DEBUG - Solver: <class 'src.solvers.benders.LBBDSolver'>[0m
[34m2025-01-01 18:42:52,484 - DEBUG - Args: {'break_symmetry': False, 'add_constraints_to_symmetrc_days': False, 'subsolver_cls': 'CPSubSolver2'}[0m
[34m2025-01-01 18:42:52,484 - DEBUG - File path /home/wx350715/Kobra/rehabiliation-admission-scheduling/data/comp_study_002/instance_1_15.txt[0m
[34m2025-01-01 18:42:52,485 - DEBUG - ADD INSTANCE DATA[0m
[34m2025-01-01 18:42:52,485 - DEBUG - ADD INSTANCE DATA[0m
[34m2025-01-01 18:42:52,485 - DEBUG - ADD INSTANCE DATA[0m
[34m2025-01-01 18:42:52,485 - DEBUG - ADD INSTANCE DATA[0m
[34m2025-01-01 18:42:52,485 - DEBUG - ADD INSTANCE DATA[0m
[34m2025-01-01 18:42:52,485 - DEBUG - ADD INSTANCE DATA[0m
[34m2025-01-01 18:42:52,485 - DEBUG - ADD INSTANCE DATA[0m
[34m2025-01-01 18:42:52,485 - DEBUG - ADD INSTANCE DATA[0m
[34m2025-01-01 18:42:52,485 - DEBUG - ADD INSTANCE DATA[0m
[34m2025-01-01 18:42:52,485 - DEBUG - ADD INSTANCE DATA[0m
[34m2025-01-01 18:42:52,485 - DEBUG - ADD INSTANCE DATA[0m
[34m2025-01-01 18:42:52,485 - DEBUG - ADD RESOURCE_GROUPS[0m
[34m2025-01-01 18:42:52,485 - DEBUG - ADD RESOURCE_GROUPS[0m
[34m2025-01-01 18:42:52,485 - DEBUG - ADD RESOURCE_GROUPS[0m
[34m2025-01-01 18:42:52,485 - DEBUG - ADD RESOURCE_GROUPS[0m
[34m2025-01-01 18:42:52,485 - DEBUG - ADD RESOURCES[0m
[34m2025-01-01 18:42:52,486 - DEBUG - ADD RESOURCES[0m
[34m2025-01-01 18:42:52,486 - DEBUG - ADD RESOURCES[0m
[34m2025-01-01 18:42:52,486 - DEBUG - ADD RESOURCES[0m
[34m2025-01-01 18:42:52,486 - DEBUG - ADD RESOURCES[0m
[34m2025-01-01 18:42:52,486 - DEBUG - ADD RESOURCES[0m
[34m2025-01-01 18:42:52,486 - DEBUG - ADD RESOURCES[0m
[34m2025-01-01 18:42:52,486 - DEBUG - ADD RESOURCES[0m
[34m2025-01-01 18:42:52,486 - DEBUG - ADD RESOURCES[0m
[34m2025-01-01 18:42:52,486 - DEBUG - ADD TREATMENTS[0m
[34m2025-01-01 18:42:52,486 - DEBUG - ADD TREATMENTS[0m
[34m2025-01-01 18:42:52,486 - DEBUG - ADD TREATMENTS[0m
[34m2025-01-01 18:42:52,487 - DEBUG - ADD TREATMENTS[0m
[34m2025-01-01 18:42:52,487 - DEBUG - ADD TREATMENTS[0m
[34m2025-01-01 18:42:52,487 - DEBUG - ADD TREATMENTS[0m
[34m2025-01-01 18:42:52,487 - DEBUG - ADD TREATMENTS[0m
[34m2025-01-01 18:42:52,487 - DEBUG - ADD TREATMENTS[0m
[34m2025-01-01 18:42:52,487 - DEBUG - ADD PATIENTS[0m
[34m2025-01-01 18:42:52,487 - DEBUG - ADD PATIENTS[0m
[34m2025-01-01 18:42:52,487 - DEBUG - ADD PATIENTS[0m
[34m2025-01-01 18:42:52,487 - DEBUG - ADD PATIENTS[0m
[34m2025-01-01 18:42:52,488 - DEBUG - ADD PATIENTS[0m
[34m2025-01-01 18:42:52,488 - DEBUG - ADD PATIENTS[0m
[34m2025-01-01 18:42:52,488 - DEBUG - ADD PATIENTS[0m
[34m2025-01-01 18:42:52,488 - DEBUG - ADD PATIENTS[0m
[34m2025-01-01 18:42:52,488 - DEBUG - ADD PATIENTS[0m
[34m2025-01-01 18:42:52,488 - DEBUG - ADD PATIENTS[0m
[34m2025-01-01 18:42:52,488 - DEBUG - ADD PATIENTS[0m
[34m2025-01-01 18:42:52,488 - DEBUG - ADD PATIENTS[0m
[34m2025-01-01 18:42:52,488 - DEBUG - ADD PATIENTS[0m
[34m2025-01-01 18:42:52,488 - DEBUG - ADD PATIENTS[0m
[34m2025-01-01 18:42:52,489 - DEBUG - ADD PATIENTS[0m
[34m2025-01-01 18:42:52,489 - DEBUG - ADD PATIENTS[0m
[34m2025-01-01 18:42:52,489 - DEBUG - ADD PATIENTS[0m
[34m2025-01-01 18:42:52,489 - DEBUG - ADD PATIENTS[0m
[34m2025-01-01 18:42:52,489 - DEBUG - ADD PATIENTS[0m
[34m2025-01-01 18:42:52,489 - DEBUG - ADD PATIENTS[0m
[34m2025-01-01 18:42:52,489 - DEBUG - ADD PATIENTS[0m
[34m2025-01-01 18:42:52,489 - DEBUG - ADD PATIENTS[0m
[34m2025-01-01 18:42:52,489 - DEBUG - ADD PATIENTS[0m
[34m2025-01-01 18:42:52,490 - DEBUG - ADD PATIENTS[0m
[34m2025-01-01 18:42:52,490 - DEBUG - ADD PATIENTS[0m
[34m2025-01-01 18:42:52,491 - DEBUG - ADD PATIENTS[0m
[34m2025-01-01 18:42:52,491 - DEBUG - ADD PATIENTS[0m
[34m2025-01-01 18:42:52,491 - DEBUG - ADD PATIENTS[0m
[34m2025-01-01 18:42:52,491 - DEBUG - ADD PATIENTS[0m
[34m2025-01-01 18:42:52,491 - DEBUG - ADD PATIENTS[0m
[34m2025-01-01 18:42:52,491 - DEBUG - ADD PATIENTS[0m
[34m2025-01-01 18:42:52,491 - DEBUG - ADD PATIENTS[0m
[34m2025-01-01 18:42:52,491 - DEBUG - ADD PATIENTS[0m
[34m2025-01-01 18:42:52,491 - DEBUG - ADD PATIENTS[0m
[34m2025-01-01 18:42:52,491 - DEBUG - ADD PATIENTS[0m
[34m2025-01-01 18:42:52,492 - DEBUG - ADD PATIENTS[0m
[34m2025-01-01 18:42:52,492 - DEBUG - ADD PATIENTS[0m
[34m2025-01-01 18:42:52,492 - DEBUG - ADD PATIENTS[0m
[34m2025-01-01 18:42:52,492 - DEBUG - ADD PATIENTS[0m
[34m2025-01-01 18:42:52,492 - DEBUG - ADD PATIENTS[0m
[34m2025-01-01 18:42:52,492 - DEBUG - Instance data:[0m
[34m2025-01-01 18:42:52,492 - DEBUG - Number of patients: 40[0m
[34m2025-01-01 18:42:52,492 - DEBUG - Number of beds: 40[0m
[34m2025-01-01 18:42:52,492 - DEBUG - Average number of treatments per patient: 29.525[0m
[34m2025-01-01 18:42:52,493 - DEBUG - Average number of treatment per stayed day: 2.135623869801085[0m
[34m2025-01-01 18:42:52,493 - DEBUG - Number of treatments: 1181[0m
[34m2025-01-01 18:42:52,493 - DEBUG - Number of resources: 9[0m
[34m2025-01-01 18:42:52,493 - DEBUG - Number of resource groups: 4[0m
[34m2025-01-01 18:42:52,493 - DEBUG - Number of resource hours needed per all treatment by RG(therapists): 38.3375[0m
[34m2025-01-01 18:42:52,493 - DEBUG - Number of resource hours needed per all treatment by RG(rooms): 74.50000000000004[0m
[34m2025-01-01 18:42:52,493 - DEBUG - Number of resource hours needed per all treatment by RG(physiotherapist): 26.0[0m
[34m2025-01-01 18:42:52,493 - DEBUG - Number of resource hours needed per all treatment by RG(sport_room): 18.9375[0m
[32m2025-01-01 18:42:52,493 - INFO - {'solver': 'LBBDSolver', 'args': {'break_symmetry': False, 'subsolver_cls': <class 'src.solvers.subsolvers.cp_subsolver.CPSubsolver'>, 'subsolver.store_results': True, 'subsolver.store_results_method': 'hash', 'use_helper_constraints': True, 'enforce_min_treatments_per_day': True, 'enforce_max_treatments_per_e_w': True, 'enforce_min_patients_per_treatment': True, 'log_to_console': True}}[0m
[34m2025-01-01 18:42:52,493 - DEBUG - Setting options: LBBDSolver[0m
[34m2025-01-01 18:42:52,493 - DEBUG -  ---- break_symmetry to False[0m
[34m2025-01-01 18:42:52,493 - DEBUG -  ---- subsolver_cls to <class 'src.solvers.subsolvers.cp_subsolver.CPSubsolver'>[0m
[34m2025-01-01 18:42:52,493 - DEBUG -  ---- use_helper_constraints to True[0m
[34m2025-01-01 18:42:52,493 - DEBUG -  ---- add_constraints_to_symmetric_days to True (default)[0m
[34m2025-01-01 18:42:52,493 - DEBUG - Setting options: Solver[0m
[34m2025-01-01 18:42:52,493 - DEBUG -  ---- number_of_threads to 4 (default)[0m
[34m2025-01-01 18:42:52,493 - DEBUG -  ---- treatment_value to 0 (default)[0m
[34m2025-01-01 18:42:52,493 - DEBUG -  ---- delay_value to 1 (default)[0m
[34m2025-01-01 18:42:52,493 - DEBUG -  ---- missing_treatment_value to 4 (default)[0m
[34m2025-01-01 18:42:52,493 - DEBUG -  ---- enforce_min_treatments_per_day to True[0m
[34m2025-01-01 18:42:52,493 - DEBUG -  ---- enforce_max_treatments_per_e_w to True[0m
[34m2025-01-01 18:42:52,493 - DEBUG -  ---- enforce_min_patients_per_treatment to True[0m
[34m2025-01-01 18:42:52,493 - DEBUG -  ---- log_to_console to True[0m
[34m2025-01-01 18:42:52,493 - DEBUG -  ---- log_to_file to True (default)[0m
[34m2025-01-01 18:42:52,493 - DEBUG -  ---- no_rel_heur_time to 1 (default)[0m
[34m2025-01-01 18:42:52,523 - DEBUG - Setting options: CPSubsolver[0m
[34m2025-01-01 18:42:52,523 - DEBUG -  ---- estimated_needed_treatments to True (default)[0m
[34m2025-01-01 18:42:52,523 - DEBUG -  ---- add_patient_symmetry to False (default)[0m
[34m2025-01-01 18:42:52,523 - DEBUG - Setting Subsolver options: SubSolver[0m
[34m2025-01-01 18:42:52,523 - DEBUG -  ---- store_results to True[0m
[34m2025-01-01 18:42:52,523 - DEBUG -  ---- store_results_method to hash[0m
[34m2025-01-01 18:42:52,523 - DEBUG -  ---- enforce_min_patients_per_treatment to True[0m
[34m2025-01-01 18:42:52,523 - DEBUG -  ---- use_day_symmetry to True (default)[0m
[32m2025-01-01 18:42:52,549 - INFO - Create model: LBBDSolver[0m
Set parameter TSPort to value 50039
Set parameter TokenServer to value "license.itc.rwth-aachen.de"
Set parameter Threads to value 4
Set parameter Cuts to value 0
Set parameter LazyConstraints to value 1
Set parameter NoRelHeurTime to value 1
[34m2025-01-01 18:42:53,476 - DEBUG - Variables created.[0m
[34m2025-01-01 18:42:56,660 - DEBUG - Constraint (not too many treatments) created.[0m
[34m2025-01-01 18:42:59,047 - DEBUG - Constraint (no_treatments_outside admittance) created.[0m
[34m2025-01-01 18:42:59,049 - DEBUG - Constraint (bed_usage) created.[0m
[34m2025-01-01 18:42:59,050 - DEBUG - Constraint (must be admitted) created.[0m
[34m2025-01-01 18:42:59,403 - DEBUG - Constraint (e_w_ub) created.[0m
[34m2025-01-01 18:42:59,521 - DEBUG - Constraint (day_ub) created.[0m
[34m2025-01-01 18:42:59,651 - DEBUG - Constraint (Day always) created.[0m
[34m2025-01-01 18:42:59,651 - DEBUG - Constraint (already_admitted) created.[0m
[32m2025-01-01 18:43:06,552 - INFO - Time to create model: 14.003[0m
[32m2025-01-01 18:43:06,552 - INFO - Solving model: LBBDSolver[0m
Gurobi Optimizer version 10.0.0 build v10.0.0rc2 (linux64)

CPU model: Intel(R) Xeon(R) Platinum 8468, instruction set [SSE2|AVX|AVX2|AVX512]
Thread count: 96 physical cores, 96 logical processors, using up to 4 threads

Optimize a model with 485435 rows, 200975 columns and 4050565 nonzeros
Model fingerprint: 0xb4d34c10
Variable types: 3 continuous, 200972 integer (200972 binary)
Coefficient statistics:
  Matrix range     [1e+00, 1e+01]
  Objective range  [1e+00, 1e+01]
  Bounds range     [1e+00, 1e+00]
  RHS range        [1e+00, 5e+03]
Presolve removed 241968 rows and 21 columns (presolve time = 5s) ...
Presolve added 0 rows and 2692 columns
Presolve removed 241919 rows and 0 columns
Presolve time: 9.45s
Presolved: 243516 rows, 203667 columns, 3090143 nonzeros
Variable types: 1 continuous, 203666 integer (202007 binary)
Starting NoRel heuristic
Found phase-1 solution: relaxation 40
Found phase-1 solution: relaxation 30
Found phase-1 solution: relaxation 22
Root relaxation presolved: 243290 rows, 203893 columns, 2967726 nonzeros

Deterministic concurrent LP optimizer: primal simplex, dual simplex, and barrier
Showing barrier log only...

Root barrier log...

Ordering time: 0.83s

Barrier statistics:
 Dense cols : 136
 AA' NZ     : 3.545e+05
 Factor NZ  : 1.788e+06 (roughly 26 MB of memory)
 Factor Ops : 7.732e+08 (less than 1 second per iteration)
 Threads    : 2

                  Objective                Residual
Iter       Primal          Dual         Primal    Dual     Compl     Time
   0  -7.40555655e+06 -1.30712198e+04  1.82e+05 4.10e-01  1.63e+02    22s
   1  -3.70793575e+06 -3.75152698e+04  9.12e+04 1.62e+00  7.69e+01    22s
   2  -1.95256800e+06 -5.26760686e+04  4.80e+04 4.93e-02  4.24e+01    22s
   3  -3.57004539e+05 -4.31460062e+04  8.78e+03 2.16e-02  8.24e+00    22s
   4  -1.44434889e+05 -2.98668033e+04  3.55e+03 6.57e-03  3.42e+00    22s
   5  -5.61783954e+04 -1.60673731e+04  1.40e+03 1.92e-03  1.33e+00    23s
   6  -1.80654169e+04 -8.89824972e+03  4.61e+02 8.44e-04  5.01e-01    23s
   7  -7.66570621e+03 -4.17638301e+03  2.07e+02 3.86e-04  2.18e-01    23s
   8  -1.93250061e+03 -2.59183572e+03  6.74e+01 2.57e-04  1.13e-01    23s
   9   4.52640438e+00 -7.59307545e+02  2.04e+01 9.53e-05  4.63e-02    24s
  10   8.10924430e+02  2.34563043e+02  5.62e-01 7.41e-05  1.56e-02    24s
  11   8.21922013e+02  7.65948642e+02  2.32e-01 1.41e-05  1.70e-03    24s
  12   8.30074698e+02  8.29542445e+02  8.72e-13 4.13e-06  1.38e-05    24s
  13   8.30000084e+02  8.29998829e+02  8.53e-14 4.29e-08  3.25e-08    24s
  14   8.30000000e+02  8.29999999e+02  8.53e-14 8.73e-12  3.25e-11    24s

Barrier solved model in 14 iterations and 24.47 seconds (32.09 work units)
Optimal objective 8.30000000e+02


Root crossover log...

      96 DPushes remaining with DInf 0.0000000e+00                25s
       0 DPushes remaining with DInf 0.0000000e+00                25s

    9139 PPushes remaining with PInf 0.0000000e+00                25s
    3603 PPushes remaining with PInf 0.0000000e+00                25s
Concurrent spin time: 1.47s (can be avoided by choosing Method=3)

Solved with dual simplex

Root simplex log...

Iteration    Objective       Primal Inf.    Dual Inf.      Time
    9238    8.3000000e+02   0.000000e+00   0.000000e+00     26s

Use crossover to convert LP symmetric solution to basic solution...

Root crossover log...

     915 DPushes remaining with DInf 0.0000000e+00                26s
       0 DPushes remaining with DInf 0.0000000e+00                26s

   35131 PPushes remaining with PInf 0.0000000e+00                26s
       0 PPushes remaining with PInf 0.0000000e+00                28s

  Push phase complete: Pinf 0.0000000e+00, Dinf 3.8188333e+03     28s


Root simplex log...

Iteration    Objective       Primal Inf.    Dual Inf.      Time
   44377    8.3000000e+02   0.000000e+00   3.818833e+03     28s
   44379    8.3000000e+02   0.000000e+00   0.000000e+00     28s
   44379    8.3000000e+02   0.000000e+00   0.000000e+00     28s

Root relaxation: objective 8.300000e+02, 44379 iterations, 9.33 seconds (4.04 work units)

    Nodes    |    Current Node    |     Objective Bounds      |     Work
 Expl Unexpl |  Obj  Depth IntInf | Incumbent    BestBd   Gap | It/Node Time

     0     0  830.00000    0 6392          -  830.00000      -     -   52s
[32m2025-01-01 18:44:33,242 - INFO - d_prime: 3 d: 3[0m
[32m2025-01-01 18:44:33,247 - INFO - d_prime: 4 d: 3[0m
[32m2025-01-01 18:44:33,249 - INFO - d_prime: 5 d: 3[0m
[32m2025-01-01 18:44:33,252 - INFO - d_prime: 6 d: 3[0m
[32m2025-01-01 18:44:33,254 - INFO - d_prime: 7 d: 3[0m
[32m2025-01-01 18:44:33,257 - INFO - d_prime: 8 d: 3[0m
[32m2025-01-01 18:44:33,259 - INFO - d_prime: 9 d: 3[0m
[32m2025-01-01 18:44:33,261 - INFO - d_prime: 10 d: 3[0m
[32m2025-01-01 18:44:33,264 - INFO - d_prime: 11 d: 3[0m
[32m2025-01-01 18:44:33,266 - INFO - d_prime: 12 d: 3[0m
[32m2025-01-01 18:44:33,268 - INFO - d_prime: 13 d: 3[0m
[32m2025-01-01 18:44:33,270 - INFO - forbidden_vars: ([{7:1},{4:1,5:1},{4:1,7:1},{1:2,7:1},{1:2,3:1},{3:2,4:1},{3:1,4:1,5:1},{3:1,4:1,7:1},{7:3},{7:3},{1:3,5:1},{1:1,3:1,4:1,7:1},{1:1,3:1,7:2},{1:2,3:1,5:1},{1:2,4:2},{3:1,4:1,5:1,7:1},{4:1,5:1,7:2}])[0m
[32m2025-01-01 18:44:33,270 - INFO - False[0m
[32m2025-01-01 18:45:12,570 - INFO - d_prime: 7 d: 7[0m
[32m2025-01-01 18:45:12,574 - INFO - d_prime: 8 d: 7[0m
[32m2025-01-01 18:45:12,578 - INFO - d_prime: 9 d: 7[0m
[32m2025-01-01 18:45:12,582 - INFO - d_prime: 10 d: 7[0m
[32m2025-01-01 18:45:12,585 - INFO - d_prime: 11 d: 7[0m
[32m2025-01-01 18:45:12,589 - INFO - d_prime: 12 d: 7[0m
[32m2025-01-01 18:45:12,593 - INFO - d_prime: 13 d: 7[0m
[32m2025-01-01 18:45:12,595 - INFO - forbidden_vars: ([{0:1},{1:1},{2:1},{2:1},{5:1},{0:1,4:1},{0:1,1:1},{0:2},{0:1,4:1},{0:2},{1:2},{2:1,4:1},{4:1,5:1},{4:2},{5:2},{7:2},{0:2,2:1},{0:1,2:2},{1:2,5:1},{1:2,2:1},{1:1,5:1,7:1},{1:2,7:1},{1:1,4:2},{1:2,2:1},{2:2,7:1},{2:1,4:1,7:1},{2:3},{2:3},{2:3},{2:3},{0:1,2:3},{0:1,4:1,5:1,7:1},{1:1,2:3},{5:1,7:3}])[0m
[32m2025-01-01 18:45:12,595 - INFO - False[0m
[32m2025-01-01 18:47:10,447 - INFO - d_prime: 9 d: 9[0m
[32m2025-01-01 18:47:10,450 - INFO - d_prime: 10 d: 9[0m
[32m2025-01-01 18:47:10,454 - INFO - d_prime: 11 d: 9[0m
[32m2025-01-01 18:47:10,457 - INFO - d_prime: 12 d: 9[0m
[32m2025-01-01 18:47:10,460 - INFO - d_prime: 13 d: 9[0m
[32m2025-01-01 18:47:10,463 - INFO - forbidden_vars: ([{1:1},{1:1},{1:1},{4:1},{4:1},{4:1},{5:1},{5:1},{6:1},{7:1},{7:1},{7:1},{1:1,4:1},{1:1,2:1},{1:2},{1:2},{1:2},{1:1,7:1},{2:1,7:1},{2:2},{2:2},{2:2},{4:2},{4:2},{5:1,6:1},{5:1,7:1},{5:1,7:1},{5:2},{7:2},{1:2,5:1},{1:3},{1:1,5:1,6:1},{1:2,6:1},{2:3},{2:3},{7:3},{1:1,2:1,4:1,6:1}])[0m
[32m2025-01-01 18:47:10,463 - INFO - False[0m
[32m2025-01-01 18:47:17,780 - INFO - d_prime: 10 d: 10[0m
[32m2025-01-01 18:47:17,784 - INFO - d_prime: 11 d: 10[0m
[32m2025-01-01 18:47:17,788 - INFO - d_prime: 12 d: 10[0m
[32m2025-01-01 18:47:17,791 - INFO - d_prime: 13 d: 10[0m
[32m2025-01-01 18:47:17,793 - INFO - forbidden_vars: ([{1:1},{1:1},{1:1},{1:1},{1:1},{3:1},{3:1},{3:1},{3:1},{4:1},{4:1},{5:1},{5:1},{6:1},{1:1,5:1},{1:1,4:1},{1:2},{1:2},{3:2},{3:2},{3:2},{5:2},{5:2},{6:2},{6:2},{1:1,3:1,6:1},{1:1,4:1,6:1},{1:3},{1:2,3:1},{1:1,6:2},{3:2,6:1},{3:1,6:2},{3:1,4:1,5:1},{3:2,4:1},{4:1,5:1,6:1},{5:3},{3:1,5:1,6:2},{3:1,5:3}])[0m
[32m2025-01-01 18:47:17,794 - INFO - False[0m
[32m2025-01-01 18:47:27,543 - INFO - d_prime: 11 d: 11[0m
[32m2025-01-01 18:47:27,547 - INFO - d_prime: 12 d: 11[0m
[32m2025-01-01 18:47:27,550 - INFO - d_prime: 13 d: 11[0m
[32m2025-01-01 18:47:27,552 - INFO - forbidden_vars: ([{1:1},{1:1},{3:1},{4:1},{4:1},{5:1},{6:1},{6:1},{6:1},{1:1,3:1},{1:1,5:1},{3:2},{3:2},{3:2},{3:1,5:1},{3:2},{3:1,4:1},{3:1,4:1},{3:2},{3:1,6:1},{4:1,6:1},{4:1,6:1},{5:2},{6:2},{1:1,3:2},{3:2,6:1},{3:3},{3:1,4:1,5:1},{3:3},{3:2,6:1},{4:2,5:1},{4:2,6:1},{4:1,6:2},{6:3},{6:3},{1:2,3:1,6:1},{3:4},{3:3,4:1},{4:1,5:2,6:1},{5:3,6:1}])[0m
[32m2025-01-01 18:47:27,552 - INFO - False[0m
[32m2025-01-01 18:47:38,424 - INFO - d_prime: 11 d: 12[0m
[32m2025-01-01 18:47:38,429 - INFO - d_prime: 12 d: 12[0m
[32m2025-01-01 18:47:38,432 - INFO - d_prime: 13 d: 12[0m
[32m2025-01-01 18:47:38,435 - INFO - forbidden_vars: ([{0:1},{0:1},{6:1},{6:1},{7:1},{7:1},{0:2},{0:1,6:1},{0:2},{0:1,7:1},{0:1,1:1},{0:2},{1:1,6:1},{1:1,6:1},{1:1,6:1},{1:1,4:1},{1:1,4:1},{4:2},{0:1,4:1,7:1},{0:3},{0:2,4:1},{0:1,6:2},{0:2,5:1},{0:1,5:1,7:1},{0:1,7:2},{0:2,6:1},{0:1,6:2},{0:2,5:1},{0:3},{0:1,1:1,5:1},{0:2,6:1},{1:3},{1:3},{0:4},{0:3,6:1},{0:2,1:1,6:1},{0:4},{4:2,5:2},{5:1,6:3,7:1}])[0m
[32m2025-01-01 18:47:38,435 - INFO - False[0m
     0     0  830.00000    0 6392          -  830.00000      -     -  307s
[32m2025-01-01 18:48:46,365 - INFO - d_prime: 3 d: 3[0m
[32m2025-01-01 18:48:46,368 - INFO - d_prime: 4 d: 3[0m
[32m2025-01-01 18:48:46,371 - INFO - d_prime: 5 d: 3[0m
[32m2025-01-01 18:48:46,374 - INFO - d_prime: 6 d: 3[0m
[32m2025-01-01 18:48:46,377 - INFO - d_prime: 7 d: 3[0m
[32m2025-01-01 18:48:46,379 - INFO - d_prime: 8 d: 3[0m
[32m2025-01-01 18:48:46,382 - INFO - d_prime: 9 d: 3[0m
[32m2025-01-01 18:48:46,384 - INFO - d_prime: 10 d: 3[0m
[32m2025-01-01 18:48:46,387 - INFO - d_prime: 11 d: 3[0m
[32m2025-01-01 18:48:46,390 - INFO - d_prime: 12 d: 3[0m
[32m2025-01-01 18:48:46,392 - INFO - d_prime: 13 d: 3[0m
[32m2025-01-01 18:48:46,394 - INFO - forbidden_vars: ([{7:1},{4:1,5:1},{4:1,7:1},{1:2,7:1},{1:2,3:1},{3:2,4:1},{3:1,4:1,5:1},{3:1,4:1,7:1},{4:1,7:2},{7:3},{1:3,5:1},{1:1,3:1,4:1,7:1},{1:1,3:1,4:1,7:1},{1:2,3:1,5:1},{1:2,4:2},{4:1,5:1,7:2},{4:1,5:1,7:2}])[0m
[32m2025-01-01 18:48:46,394 - INFO - False[0m
[32m2025-01-01 18:49:25,981 - INFO - d_prime: 7 d: 7[0m
[32m2025-01-01 18:49:25,985 - INFO - d_prime: 8 d: 7[0m
[32m2025-01-01 18:49:25,988 - INFO - d_prime: 9 d: 7[0m
[32m2025-01-01 18:49:25,992 - INFO - d_prime: 10 d: 7[0m
[32m2025-01-01 18:49:25,996 - INFO - d_prime: 11 d: 7[0m
[32m2025-01-01 18:49:25,999 - INFO - d_prime: 12 d: 7[0m
[32m2025-01-01 18:49:26,003 - INFO - d_prime: 13 d: 7[0m
[32m2025-01-01 18:49:26,005 - INFO - forbidden_vars: ([{1:1},{5:1},{7:1},{0:1,4:1},{0:1,1:1},{0:2},{0:1,4:1},{0:2},{0:2},{1:2},{1:1,5:1},{2:1,4:1},{2:1,7:1},{2:1,7:1},{4:1,5:1},{4:2},{5:1,7:1},{0:1,2:2},{0:2,2:1},{0:1,2:2},{1:2,5:1},{1:2,2:1},{1:2,7:1},{1:2,2:1},{2:1,5:1,7:1},{2:1,4:1,7:1},{2:3},{2:3},{2:3},{4:3},{0:1,2:3},{0:1,4:2,5:1},{1:1,2:3},{5:1,7:3}])[0m
[32m2025-01-01 18:49:26,005 - INFO - False[0m
[32m2025-01-01 18:50:45,906 - INFO - d_prime: 9 d: 9[0m
[32m2025-01-01 18:50:45,910 - INFO - d_prime: 10 d: 9[0m
[32m2025-01-01 18:50:45,913 - INFO - d_prime: 11 d: 9[0m
[32m2025-01-01 18:50:45,916 - INFO - d_prime: 12 d: 9[0m
[32m2025-01-01 18:50:45,920 - INFO - d_prime: 13 d: 9[0m
[32m2025-01-01 18:50:45,922 - INFO - forbidden_vars: ([{1:1},{1:1},{1:1},{1:1},{2:1},{4:1},{4:1},{5:1},{6:1},{7:1},{7:1},{7:1},{1:1,4:1},{1:1,2:1},{1:2},{2:2},{2:2},{2:2},{2:2},{4:2},{4:2},{4:1,7:1},{5:1,6:1},{5:1,7:1},{5:1,7:1},{5:1,7:1},{5:2},{7:2},{1:2,7:1},{1:2,5:1},{1:3},{1:1,5:1,6:1},{1:2,6:1},{2:3},{2:3},{1:1,4:1,6:1,7:1},{1:1,5:2,7:1}])[0m
[32m2025-01-01 18:50:45,922 - INFO - False[0m
[32m2025-01-01 18:50:53,961 - INFO - d_prime: 10 d: 10[0m
[32m2025-01-01 18:50:53,965 - INFO - d_prime: 11 d: 10[0m
[32m2025-01-01 18:50:53,968 - INFO - d_prime: 12 d: 10[0m
[32m2025-01-01 18:50:53,971 - INFO - d_prime: 13 d: 10[0m
[32m2025-01-01 18:50:53,973 - INFO - forbidden_vars: ([{1:1},{1:1},{1:1},{1:1},{1:1},{1:1},{3:1},{3:1},{3:1},{4:1},{4:1},{5:1},{5:1},{5:1},{1:1,5:1},{1:1,4:1},{1:2},{1:2},{1:1,3:1},{3:2},{3:2},{5:2},{6:2},{6:2},{6:2},{1:1,3:1,6:1},{1:1,4:1,6:1},{1:3},{1:2,6:1},{3:2,6:1},{3:1,6:2},{3:1,4:1,5:1},{3:2,4:1},{4:2,6:1},{5:3},{1:3,3:1},{3:1,5:1,6:2},{3:1,5:3}])[0m
[32m2025-01-01 18:50:53,973 - INFO - False[0m
[32m2025-01-01 18:51:01,389 - INFO - d_prime: 11 d: 11[0m
[32m2025-01-01 18:51:01,393 - INFO - d_prime: 12 d: 11[0m
[32m2025-01-01 18:51:01,396 - INFO - d_prime: 13 d: 11[0m
[32m2025-01-01 18:51:01,398 - INFO - forbidden_vars: ([{1:1},{1:1},{3:1},{3:1},{4:1},{4:1},{4:1},{5:1},{6:1},{6:1},{1:1,3:1},{1:1,5:1},{3:1,6:1},{3:2},{3:2},{3:1,5:1},{3:1,4:1},{3:2},{3:1,6:1},{4:1,6:1},{4:1,5:1},{4:1,6:1},{5:2},{6:2},{6:2},{1:1,3:2},{1:1,3:2},{1:1,3:2},{3:2,5:1},{3:3},{3:2,6:1},{3:2,6:1},{4:2,5:1},{4:2,6:1},{4:1,6:2},{5:2,6:1},{6:3},{3:3,4:1},{4:1,5:2,6:1},{1:4,6:1}])[0m
[32m2025-01-01 18:51:01,398 - INFO - False[0m
[32m2025-01-01 18:51:09,940 - INFO - d_prime: 11 d: 12[0m
[32m2025-01-01 18:51:09,944 - INFO - d_prime: 12 d: 12[0m
[32m2025-01-01 18:51:09,948 - INFO - d_prime: 13 d: 12[0m
[32m2025-01-01 18:51:09,950 - INFO - forbidden_vars: ([{0:1},{0:1},{1:1},{6:1},{7:1},{7:1},{0:2},{0:2},{0:1,7:1},{0:1,6:1},{0:2},{1:1,6:1},{1:1,6:1},{1:1,6:1},{1:1,4:1},{1:1,5:1},{1:1,4:1},{0:1,4:1,7:1},{0:3},{0:2,4:1},{0:1,6:2},{0:2,5:1},{0:1,5:1,7:1},{0:1,7:2},{0:1,4:1,6:1},{0:2,6:1},{0:1,6:2},{0:2,5:1},{0:3},{0:2,6:1},{1:3},{1:3},{4:2,6:1},{0:4},{0:3,6:1},{0:2,1:1,6:1},{0:4},{4:2,5:2},{5:1,6:3,7:1}])[0m
[32m2025-01-01 18:51:09,950 - INFO - False[0m
[32m2025-01-01 18:51:20,719 - INFO - d_prime: 11 d: 13[0m
[32m2025-01-01 18:51:20,722 - INFO - d_prime: 12 d: 13[0m
[32m2025-01-01 18:51:20,725 - INFO - d_prime: 13 d: 13[0m
[32m2025-01-01 18:51:20,728 - INFO - forbidden_vars: ([{6:1},{1:2},{1:1,2:1},{2:1,3:1},{2:2},{3:1,5:1},{3:2},{4:2},{5:1,6:1},{6:2},{6:2},{6:2},{6:2},{6:2},{1:1,6:2},{1:1,4:2},{1:1,3:1,6:1},{1:3},{1:2,6:1},{1:1,2:1,3:1},{2:1,6:2},{2:1,6:2},{2:1,3:1,6:1},{2:2,6:1},{2:1,6:2},{3:1,4:1,5:1},{4:1,5:2},{4:1,6:2},{5:1,6:2},{6:3},{6:3},{6:3},{6:3},{1:1,3:1,5:2},{2:3,5:1},{2:2,5:2},{3:1,5:1,6:2},{3:2,4:2},{4:2,6:2},{2:1,3:2,6:2}])[0m
[32m2025-01-01 18:51:20,728 - INFO - False[0m
     0     0  830.00000    0 6392          -  830.00000      -     -  493s
[32m2025-01-01 18:51:55,008 - INFO - d_prime: 3 d: 3[0m
[32m2025-01-01 18:51:55,011 - INFO - d_prime: 4 d: 3[0m
[32m2025-01-01 18:51:55,014 - INFO - d_prime: 5 d: 3[0m
[32m2025-01-01 18:51:55,016 - INFO - d_prime: 6 d: 3[0m
[32m2025-01-01 18:51:55,018 - INFO - d_prime: 7 d: 3[0m
[32m2025-01-01 18:51:55,021 - INFO - d_prime: 8 d: 3[0m
[32m2025-01-01 18:51:55,023 - INFO - d_prime: 9 d: 3[0m
[32m2025-01-01 18:51:55,026 - INFO - d_prime: 10 d: 3[0m
[32m2025-01-01 18:51:55,028 - INFO - d_prime: 11 d: 3[0m
[32m2025-01-01 18:51:55,030 - INFO - d_prime: 12 d: 3[0m
[32m2025-01-01 18:51:55,033 - INFO - d_prime: 13 d: 3[0m
[32m2025-01-01 18:51:55,034 - INFO - forbidden_vars: ([{7:1},{3:1,4:1},{4:1,5:1},{4:1,7:1},{7:2},{1:2,7:1},{1:2,3:1},{3:2,4:1},{3:1,4:1,7:1},{4:1,7:2},{1:3,5:1},{1:1,3:1,4:1,7:1},{1:1,3:1,4:1,7:1},{1:2,3:1,5:1},{1:2,4:2},{3:1,4:1,7:2},{4:1,5:1,7:2}])[0m
[32m2025-01-01 18:51:55,034 - INFO - False[0m
[32m2025-01-01 18:52:16,178 - INFO - d_prime: 7 d: 7[0m
[32m2025-01-01 18:52:16,182 - INFO - d_prime: 8 d: 7[0m
[32m2025-01-01 18:52:16,186 - INFO - d_prime: 9 d: 7[0m
[32m2025-01-01 18:52:16,190 - INFO - d_prime: 10 d: 7[0m
[32m2025-01-01 18:52:16,193 - INFO - d_prime: 11 d: 7[0m
[32m2025-01-01 18:52:16,197 - INFO - d_prime: 12 d: 7[0m
[32m2025-01-01 18:52:16,201 - INFO - d_prime: 13 d: 7[0m
[32m2025-01-01 18:52:16,203 - INFO - forbidden_vars: ([{1:1},{5:1},{0:1,4:1},{0:1,1:1},{0:2},{0:1,6:1},{0:2},{1:2},{1:1,4:1},{1:1,2:1},{2:1,4:1},{2:1,7:1},{4:1,5:1},{5:1,7:1},{5:2},{7:2},{0:1,2:2},{0:1,2:1,4:1},{0:1,2:2},{0:1,5:1,6:1},{1:2,5:1},{1:2,2:1},{1:2,7:1},{1:1,4:2},{2:1,7:2},{2:1,6:2},{2:2,6:1},{2:2,6:1},{2:1,6:2},{0:1,2:3},{0:1,1:1,4:1,5:1},{1:1,2:3},{2:2,5:1,7:1},{6:2,7:2}])[0m
[32m2025-01-01 18:52:16,203 - INFO - False[0m
[32m2025-01-01 18:52:27,535 - INFO - d_prime: 8 d: 8[0m
[32m2025-01-01 18:52:27,540 - INFO - d_prime: 9 d: 8[0m
[32m2025-01-01 18:52:27,544 - INFO - d_prime: 10 d: 8[0m
[32m2025-01-01 18:52:27,547 - INFO - d_prime: 11 d: 8[0m
[32m2025-01-01 18:52:27,551 - INFO - d_prime: 12 d: 8[0m
[32m2025-01-01 18:52:27,555 - INFO - d_prime: 13 d: 8[0m
[32m2025-01-01 18:52:27,557 - INFO - forbidden_vars: ([{0:1},{2:1},{3:1},{4:1},{5:1},{5:1},{6:1},{0:1,2:1},{1:2},{2:1,6:1},{2:2},{4:2},{5:2},{6:2},{0:1,3:2},{0:1,2:1,6:1},{0:1,2:1,3:1},{0:2,3:1},{1:2,5:1},{2:1,4:1,6:1},{2:2,3:1},{2:1,4:2},{2:1,3:2},{2:1,4:1,5:1},{2:1,4:2},{3:1,4:1,5:1},{4:1,5:1,6:1},{4:2,5:1},{4:1,5:2},{0:1,3:1,5:1,6:1},{0:1,2:1,3:1,6:1},{0:1,2:1,3:1,5:1},{1:3,5:1},{1:2,3:1,4:1},{2:1,3:2,6:1},{5:3,6:1}])[0m
[32m2025-01-01 18:52:27,557 - INFO - False[0m
[32m2025-01-01 18:52:32,207 - INFO - d_prime: 9 d: 9[0m
[32m2025-01-01 18:52:32,210 - INFO - d_prime: 10 d: 9[0m
[32m2025-01-01 18:52:32,214 - INFO - d_prime: 11 d: 9[0m
[32m2025-01-01 18:52:32,217 - INFO - d_prime: 12 d: 9[0m
[32m2025-01-01 18:52:32,220 - INFO - d_prime: 13 d: 9[0m
[32m2025-01-01 18:52:32,222 - INFO - forbidden_vars: ([{1:1},{1:1},{1:1},{2:1},{4:1},{4:1},{4:1},{5:1},{5:1},{6:1},{7:1},{7:1},{7:1},{1:1,4:1},{1:1,2:1},{1:2},{1:2},{1:1,6:1},{2:2},{2:2},{2:2},{2:2},{4:2},{4:2},{5:1,7:1},{5:1,7:1},{5:2},{6:1,7:1},{1:2,7:1},{1:2,5:1},{1:3},{1:1,5:1,6:1},{1:1,7:2},{2:3},{1:1,4:1,6:1,7:1},{1:1,5:2,7:1},{2:3,7:1}])[0m
[32m2025-01-01 18:52:32,223 - INFO - False[0m
[32m2025-01-01 18:52:39,244 - INFO - d_prime: 10 d: 10[0m
[32m2025-01-01 18:52:39,248 - INFO - d_prime: 11 d: 10[0m
[32m2025-01-01 18:52:39,252 - INFO - d_prime: 12 d: 10[0m
[32m2025-01-01 18:52:39,255 - INFO - d_prime: 13 d: 10[0m
[32m2025-01-01 18:52:39,257 - INFO - forbidden_vars: ([{1:1},{1:1},{1:1},{1:1},{1:1},{3:1},{3:1},{3:1},{4:1},{4:1},{5:1},{5:1},{1:1,5:1},{1:1,4:1},{1:2},{1:2},{1:1,3:1},{1:2},{1:1,3:1},{3:2},{4:1,5:1},{5:2},{5:2},{6:2},{6:2},{6:2},{6:2},{1:1,3:1,6:1},{1:1,4:1,6:1},{1:1,3:1,6:1},{1:3},{3:1,6:2},{3:2,6:1},{3:2,4:1},{3:2,4:1},{5:3},{3:1,5:3},{4:2,5:1,6:1}])[0m
[32m2025-01-01 18:52:39,258 - INFO - False[0m
[32m2025-01-01 18:52:53,168 - INFO - d_prime: 11 d: 11[0m
[32m2025-01-01 18:52:53,171 - INFO - d_prime: 12 d: 11[0m
[32m2025-01-01 18:52:53,174 - INFO - d_prime: 13 d: 11[0m
[32m2025-01-01 18:52:53,176 - INFO - forbidden_vars: ([{1:1},{1:1},{3:1},{3:1},{4:1},{4:1},{5:1},{6:1},{6:1},{1:1,3:1},{1:1,5:1},{3:1,6:1},{3:2},{3:1,5:1},{3:1,4:1},{3:1,5:1},{3:2},{3:1,4:1},{3:1,4:1},{3:1,6:1},{4:1,6:1},{6:2},{6:2},{1:1,3:2},{3:3},{3:2,5:1},{3:1,4:1,6:1},{3:3},{3:2,6:1},{3:3},{3:3},{3:2,6:1},{4:2,5:1},{4:2,6:1},{4:1,6:2},{5:2,6:1},{6:3},{1:3,6:1},{3:3,4:1},{4:1,5:2,6:1}])[0m
[32m2025-01-01 18:52:53,177 - INFO - False[0m
[32m2025-01-01 18:53:02,107 - INFO - d_prime: 11 d: 12[0m
[32m2025-01-01 18:53:02,110 - INFO - d_prime: 12 d: 12[0m
[32m2025-01-01 18:53:02,114 - INFO - d_prime: 13 d: 12[0m
[32m2025-01-01 18:53:02,116 - INFO - forbidden_vars: ([{0:1},{0:1},{1:1},{6:1},{6:1},{7:1},{7:1},{0:2},{0:2},{0:1,7:1},{0:2},{0:2},{0:1,6:1},{1:1,6:1},{1:1,6:1},{1:1,4:1},{1:1,4:1},{0:1,4:1,7:1},{0:3},{0:2,4:1},{0:1,5:1,6:1},{0:2,5:1},{0:1,5:1,7:1},{0:1,7:2},{0:2,6:1},{0:1,1:1,6:1},{0:2,6:1},{0:2,5:1},{0:3},{0:1,1:1,5:1},{1:3},{1:3},{4:1,5:2},{4:2,6:1},{0:3,7:1},{0:2,6:2},{0:2,1:1,6:1},{0:4},{4:1,5:1,6:3}])[0m
[32m2025-01-01 18:53:02,116 - INFO - False[0m
[32m2025-01-01 18:53:38,451 - INFO - d_prime: 11 d: 13[0m
[32m2025-01-01 18:53:38,455 - INFO - d_prime: 12 d: 13[0m
[32m2025-01-01 18:53:38,458 - INFO - d_prime: 13 d: 13[0m
[32m2025-01-01 18:53:38,460 - INFO - forbidden_vars: ([{6:1},{1:1,4:1},{1:2},{1:1,2:1},{2:1,3:1},{2:2},{2:1,3:1},{3:1,5:1},{3:2},{4:2},{5:1,6:1},{6:2},{6:2},{6:2},{6:2},{6:2},{6:2},{6:2},{1:1,6:2},{1:1,3:1,6:1},{1:3},{1:2,6:1},{2:1,6:2},{2:2,4:1},{2:1,3:2},{2:1,6:2},{3:1,4:1,5:1},{4:2,6:1},{5:1,6:2},{6:3},{6:3},{6:3},{1:1,3:1,5:2},{2:2,4:1,5:1},{2:2,5:2},{3:1,5:1,6:2},{3:2,4:2},{4:2,6:2},{4:2,5:2},{2:1,3:2,6:2}])[0m
[32m2025-01-01 18:53:38,460 - INFO - False[0m
     0     0  830.00000    0 6392          -  830.00000      -     -  631s
[32m2025-01-01 18:54:09,447 - INFO - d_prime: 3 d: 3[0m
[32m2025-01-01 18:54:09,450 - INFO - d_prime: 4 d: 3[0m
[32m2025-01-01 18:54:09,452 - INFO - d_prime: 5 d: 3[0m
[32m2025-01-01 18:54:09,454 - INFO - d_prime: 6 d: 3[0m
[32m2025-01-01 18:54:09,456 - INFO - d_prime: 7 d: 3[0m
[32m2025-01-01 18:54:09,459 - INFO - d_prime: 8 d: 3[0m
[32m2025-01-01 18:54:09,461 - INFO - d_prime: 9 d: 3[0m
[32m2025-01-01 18:54:09,463 - INFO - d_prime: 10 d: 3[0m
[32m2025-01-01 18:54:09,465 - INFO - d_prime: 11 d: 3[0m
[32m2025-01-01 18:54:09,467 - INFO - d_prime: 12 d: 3[0m
[32m2025-01-01 18:54:09,470 - INFO - d_prime: 13 d: 3[0m
[32m2025-01-01 18:54:09,471 - INFO - forbidden_vars: ([{7:1},{4:1,5:1},{4:1,7:1},{7:2},{1:1,3:1,7:1},{1:2,3:1},{3:2,4:1},{3:1,4:1,5:1},{3:1,4:1,7:1},{7:3},{1:3,5:1},{1:1,3:1,4:1,7:1},{1:1,3:1,7:2},{1:2,5:2},{1:2,4:1,5:1},{3:1,4:1,5:1,7:1},{4:1,5:1,7:2}])[0m
[32m2025-01-01 18:54:09,471 - INFO - False[0m
[32m2025-01-01 18:54:30,493 - INFO - d_prime: 7 d: 7[0m
[32m2025-01-01 18:54:30,497 - INFO - d_prime: 8 d: 7[0m
[32m2025-01-01 18:54:30,500 - INFO - d_prime: 9 d: 7[0m
[32m2025-01-01 18:54:30,504 - INFO - d_prime: 10 d: 7[0m
[32m2025-01-01 18:54:30,507 - INFO - d_prime: 11 d: 7[0m
[32m2025-01-01 18:54:30,511 - INFO - d_prime: 12 d: 7[0m
[32m2025-01-01 18:54:30,515 - INFO - d_prime: 13 d: 7[0m
[32m2025-01-01 18:54:30,517 - INFO - forbidden_vars: ([{1:1},{5:1},{7:1},{0:1,4:1},{0:1,1:1},{0:2},{0:1,4:1},{0:1,2:1},{1:2},{1:1,4:1},{1:1,2:1},{2:2},{2:1,4:1},{2:1,7:1},{4:1,5:1},{5:1,7:1},{5:1,7:1},{0:2,2:1},{0:1,2:2},{0:2,5:1},{1:2,5:1},{1:2,2:1},{1:2,7:1},{1:1,4:2},{1:2,2:1},{2:1,4:1,7:1},{2:3},{2:3},{2:3},{7:3},{0:1,2:2,7:1},{0:1,2:3},{0:1,4:2,5:1},{1:1,2:3}])[0m
[32m2025-01-01 18:54:30,517 - INFO - False[0m
[32m2025-01-01 18:54:43,691 - INFO - d_prime: 8 d: 8[0m
[32m2025-01-01 18:54:43,695 - INFO - d_prime: 9 d: 8[0m
[32m2025-01-01 18:54:43,699 - INFO - d_prime: 10 d: 8[0m
[32m2025-01-01 18:54:43,702 - INFO - d_prime: 11 d: 8[0m
[32m2025-01-01 18:54:43,706 - INFO - d_prime: 12 d: 8[0m
[32m2025-01-01 18:54:43,709 - INFO - d_prime: 13 d: 8[0m
[32m2025-01-01 18:54:43,711 - INFO - forbidden_vars: ([{0:1},{2:1},{3:1},{4:1},{5:1},{5:1},{6:1},{0:1,2:1},{1:1,4:1},{2:1,6:1},{2:2},{2:1,3:1},{4:2},{4:1,5:1},{6:2},{0:1,3:2},{0:1,2:1,6:1},{0:1,5:2},{0:1,3:2},{1:2,5:1},{2:2,3:1},{2:1,4:2},{2:1,4:1,5:1},{3:3},{3:1,4:1,5:1},{4:1,5:1,6:1},{4:1,5:2},{5:2,6:1},{0:1,3:2,6:1},{0:1,3:2,6:1},{0:1,2:2,3:1},{1:3,5:1},{1:2,3:2},{2:1,3:2,6:1},{2:1,3:3},{4:2,6:2}])[0m
[32m2025-01-01 18:54:43,711 - INFO - False[0m
[32m2025-01-01 18:54:47,539 - INFO - d_prime: 9 d: 9[0m
[32m2025-01-01 18:54:47,543 - INFO - d_prime: 10 d: 9[0m
[32m2025-01-01 18:54:47,546 - INFO - d_prime: 11 d: 9[0m
[32m2025-01-01 18:54:47,549 - INFO - d_prime: 12 d: 9[0m
[32m2025-01-01 18:54:47,553 - INFO - d_prime: 13 d: 9[0m
[32m2025-01-01 18:54:47,555 - INFO - forbidden_vars: ([{1:1},{1:1},{1:1},{4:1},{4:1},{4:1},{4:1},{5:1},{5:1},{6:1},{7:1},{7:1},{7:1},{1:1,4:1},{1:1,2:1},{1:2},{1:2},{1:2},{2:2},{2:2},{2:2},{4:2},{5:1,7:1},{5:1,7:1},{5:2},{7:2},{7:2},{1:2,5:1},{1:3},{1:1,5:1,6:1},{1:2,6:1},{2:1,7:2},{2:3},{2:3},{5:2,6:1},{1:1,2:1,4:1,6:1},{1:1,5:2,7:1}])[0m
[32m2025-01-01 18:54:47,555 - INFO - False[0m
[32m2025-01-01 18:54:54,852 - INFO - d_prime: 10 d: 10[0m
[32m2025-01-01 18:54:54,856 - INFO - d_prime: 11 d: 10[0m
[32m2025-01-01 18:54:54,859 - INFO - d_prime: 12 d: 10[0m
[32m2025-01-01 18:54:54,862 - INFO - d_prime: 13 d: 10[0m
[32m2025-01-01 18:54:54,864 - INFO - forbidden_vars: ([{1:1},{1:1},{1:1},{1:1},{1:1},{3:1},{3:1},{4:1},{4:1},{5:1},{5:1},{6:1},{1:2},{1:1,4:1},{1:2},{1:2},{1:1,3:1},{3:1,5:1},{3:2},{3:1,4:1},{3:2},{3:2},{3:2},{4:1,6:1},{5:2},{5:2},{5:2},{6:2},{6:2},{1:1,3:1,6:1},{1:3},{1:1,6:2},{3:2,6:1},{3:1,6:2},{3:1,4:1,5:1},{3:1,5:1,6:2},{3:1,5:3},{4:2,5:1,6:1}])[0m
[32m2025-01-01 18:54:54,864 - INFO - False[0m
[32m2025-01-01 18:55:05,096 - INFO - d_prime: 11 d: 11[0m
[32m2025-01-01 18:55:05,099 - INFO - d_prime: 12 d: 11[0m
[32m2025-01-01 18:55:05,103 - INFO - d_prime: 13 d: 11[0m
[32m2025-01-01 18:55:05,105 - INFO - forbidden_vars: ([{1:1},{1:1},{3:1},{3:1},{4:1},{4:1},{5:1},{6:1},{6:1},{6:1},{6:1},{1:1,3:1},{1:1,5:1},{3:2},{3:2},{3:1,5:1},{3:2},{3:1,5:1},{3:1,4:1},{3:1,6:1},{4:1,6:1},{4:1,6:1},{6:2},{1:1,3:2},{1:1,3:2},{3:2,5:1},{3:3},{3:2,6:1},{3:3},{3:2,6:1},{3:2,4:1},{3:1,4:2},{4:2,5:1},{4:2,5:1},{4:2,6:1},{4:1,6:2},{6:3},{4:1,5:2,6:1},{5:3,6:1},{1:4,6:1}])[0m
[32m2025-01-01 18:55:05,105 - INFO - False[0m
[32m2025-01-01 18:55:16,359 - INFO - d_prime: 11 d: 12[0m
[32m2025-01-01 18:55:16,363 - INFO - d_prime: 12 d: 12[0m
[32m2025-01-01 18:55:16,366 - INFO - d_prime: 13 d: 12[0m
[32m2025-01-01 18:55:16,368 - INFO - forbidden_vars: ([{0:1},{0:1},{6:1},{7:1},{7:1},{0:2},{0:2},{0:1,7:1},{0:2},{1:1,6:1},{1:1,6:1},{1:1,6:1},{1:1,6:1},{1:1,4:1},{1:1,5:1},{1:1,4:1},{0:3},{0:1,4:1,7:1},{0:3},{0:2,4:1},{0:1,6:2},{0:2,5:1},{0:1,5:1,7:1},{0:1,4:1,7:1},{0:2,6:1},{0:2,6:1},{0:1,1:1,6:1},{0:2,6:1},{0:2,5:1},{0:3},{1:3},{1:3},{4:1,5:2},{4:2,6:1},{0:3,6:1},{0:2,1:1,6:1},{0:4},{0:3,6:1},{4:1,5:1,6:3}])[0m
[32m2025-01-01 18:55:16,368 - INFO - False[0m
[32m2025-01-01 18:56:18,392 - INFO - d_prime: 11 d: 13[0m
[32m2025-01-01 18:56:18,395 - INFO - d_prime: 12 d: 13[0m
[32m2025-01-01 18:56:18,399 - INFO - d_prime: 13 d: 13[0m
[32m2025-01-01 18:56:18,401 - INFO - forbidden_vars: ([{3:1},{6:1},{1:2},{1:1,2:1},{2:1,3:1},{2:2},{3:1,5:1},{4:2},{5:1,6:1},{6:2},{6:2},{6:2},{6:2},{6:2},{6:2},{1:1,6:2},{1:1,4:2},{1:1,3:1,6:1},{1:3},{1:2,6:1},{1:1,2:1,3:1},{2:1,3:1,6:1},{2:1,6:2},{2:2,4:1},{2:1,6:2},{2:1,6:2},{3:1,6:2},{3:1,4:2},{3:1,4:1,5:1},{4:1,6:2},{5:1,6:2},{6:3},{6:3},{1:1,3:1,5:2},{2:2,4:1,5:1},{2:2,5:2},{4:2,6:2},{4:2,5:2},{5:2,6:2},{2:1,3:2,6:2}])[0m
[32m2025-01-01 18:56:18,401 - INFO - False[0m
     0     0  830.00000    0 6392          -  830.00000      -     -  791s
[32m2025-01-01 18:56:56,876 - INFO - d_prime: 3 d: 3[0m
[32m2025-01-01 18:56:56,878 - INFO - d_prime: 4 d: 3[0m
[32m2025-01-01 18:56:56,881 - INFO - d_prime: 5 d: 3[0m
[32m2025-01-01 18:56:56,883 - INFO - d_prime: 6 d: 3[0m
[32m2025-01-01 18:56:56,885 - INFO - d_prime: 7 d: 3[0m
[32m2025-01-01 18:56:56,887 - INFO - d_prime: 8 d: 3[0m
[32m2025-01-01 18:56:56,890 - INFO - d_prime: 9 d: 3[0m
[32m2025-01-01 18:56:56,892 - INFO - d_prime: 10 d: 3[0m
[32m2025-01-01 18:56:56,894 - INFO - d_prime: 11 d: 3[0m
[32m2025-01-01 18:56:56,896 - INFO - d_prime: 12 d: 3[0m
[32m2025-01-01 18:56:56,899 - INFO - d_prime: 13 d: 3[0m
[32m2025-01-01 18:56:56,900 - INFO - forbidden_vars: ([{7:1},{4:1,5:1},{4:1,7:1},{1:2,7:1},{1:3},{3:2,4:1},{3:1,4:1,5:1},{3:1,4:1,7:1},{7:3},{7:3},{1:3,5:1},{1:1,3:1,4:1,7:1},{1:1,3:1,4:1,7:1},{1:1,3:1,5:2},{1:2,4:2},{3:1,4:1,7:2},{4:1,5:1,7:2}])[0m
[32m2025-01-01 18:56:56,900 - INFO - False[0m
[32m2025-01-01 18:57:27,648 - INFO - d_prime: 7 d: 7[0m
[32m2025-01-01 18:57:27,652 - INFO - d_prime: 8 d: 7[0m
[32m2025-01-01 18:57:27,656 - INFO - d_prime: 9 d: 7[0m
[32m2025-01-01 18:57:27,659 - INFO - d_prime: 10 d: 7[0m
[32m2025-01-01 18:57:27,663 - INFO - d_prime: 11 d: 7[0m
[32m2025-01-01 18:57:27,667 - INFO - d_prime: 12 d: 7[0m
[32m2025-01-01 18:57:27,670 - INFO - d_prime: 13 d: 7[0m
[32m2025-01-01 18:57:27,672 - INFO - forbidden_vars: ([{1:1},{2:1},{5:1},{0:1,4:1},{0:1,1:1},{0:2},{0:1,4:1},{0:2},{0:2},{1:2},{1:1,4:1},{2:1,4:1},{2:1,7:1},{4:1,5:1},{5:2},{7:2},{0:2,2:1},{0:1,2:2},{1:2,5:1},{1:2,2:1},{1:1,5:1,7:1},{1:2,7:1},{1:2,2:1},{2:2,7:1},{2:1,4:1,7:1},{2:2,5:1},{2:3},{2:3},{2:3},{4:3},{7:3},{0:1,2:3},{0:1,1:1,4:1,5:1},{1:1,2:3}])[0m
[32m2025-01-01 18:57:27,673 - INFO - False[0m
[32m2025-01-01 18:58:52,987 - INFO - d_prime: 9 d: 9[0m
[32m2025-01-01 18:58:52,991 - INFO - d_prime: 10 d: 9[0m
[32m2025-01-01 18:58:52,994 - INFO - d_prime: 11 d: 9[0m
[32m2025-01-01 18:58:52,997 - INFO - d_prime: 12 d: 9[0m
[32m2025-01-01 18:58:53,000 - INFO - d_prime: 13 d: 9[0m
[32m2025-01-01 18:58:53,002 - INFO - forbidden_vars: ([{1:1},{1:1},{1:1},{1:1},{4:1},{4:1},{4:1},{5:1},{5:1},{6:1},{7:1},{7:1},{7:1},{1:1,4:1},{1:1,2:1},{1:2},{1:1,6:1},{2:1,7:1},{2:2},{2:2},{4:2},{4:2},{5:1,6:1},{5:1,7:1},{5:1,7:1},{5:2},{7:2},{7:2},{1:3},{1:2,5:1},{1:3},{1:2,6:1},{2:3},{2:3},{2:2,7:1},{1:1,2:1,4:1,6:1},{1:1,5:2,7:1}])[0m
[32m2025-01-01 18:58:53,002 - INFO - False[0m
[32m2025-01-01 18:58:59,926 - INFO - d_prime: 10 d: 10[0m
[32m2025-01-01 18:58:59,930 - INFO - d_prime: 11 d: 10[0m
[32m2025-01-01 18:58:59,933 - INFO - d_prime: 12 d: 10[0m
[32m2025-01-01 18:58:59,937 - INFO - d_prime: 13 d: 10[0m
[32m2025-01-01 18:58:59,939 - INFO - forbidden_vars: ([{1:1},{1:1},{1:1},{1:1},{1:1},{1:1},{3:1},{3:1},{3:1},{4:1},{4:1},{5:1},{5:1},{1:1,5:1},{1:1,4:1},{1:2},{1:2},{1:1,3:1},{1:1,3:1},{3:2},{5:2},{5:2},{6:2},{6:2},{6:2},{1:1,3:1,6:1},{1:1,4:1,6:1},{1:1,3:1,6:1},{1:3},{1:1,3:2},{1:1,6:2},{3:2,6:1},{3:2,4:1},{3:1,4:1,5:1},{5:3},{3:1,5:1,6:2},{3:1,5:3},{4:2,5:1,6:1}])[0m
[32m2025-01-01 18:58:59,939 - INFO - False[0m
[32m2025-01-01 18:59:10,247 - INFO - d_prime: 11 d: 11[0m
[32m2025-01-01 18:59:10,251 - INFO - d_prime: 12 d: 11[0m
[32m2025-01-01 18:59:10,254 - INFO - d_prime: 13 d: 11[0m
[32m2025-01-01 18:59:10,256 - INFO - forbidden_vars: ([{1:1},{1:1},{3:1},{3:1},{4:1},{4:1},{5:1},{6:1},{6:1},{6:1},{1:1,3:1},{3:1,6:1},{3:1,6:1},{3:2},{3:1,5:1},{3:1,4:1},{3:1,5:1},{3:2},{3:1,4:1},{3:1,4:1},{3:1,6:1},{4:1,6:1},{6:2},{1:1,3:2},{1:1,5:2},{3:3},{3:2,5:1},{3:3},{3:2,6:1},{3:3},{3:3},{3:2,6:1},{3:3},{4:2,5:1},{4:2,6:1},{4:1,6:2},{6:3},{1:3,6:1},{4:1,5:2,6:1},{5:3,6:1}])[0m
[32m2025-01-01 18:59:10,256 - INFO - False[0m
[32m2025-01-01 18:59:19,685 - INFO - d_prime: 11 d: 12[0m
[32m2025-01-01 18:59:19,689 - INFO - d_prime: 12 d: 12[0m
[32m2025-01-01 18:59:19,692 - INFO - d_prime: 13 d: 12[0m
[32m2025-01-01 18:59:19,695 - INFO - forbidden_vars: ([{0:1},{6:1},{6:1},{6:1},{7:1},{7:1},{0:2},{0:2},{0:1,7:1},{0:2},{0:2},{1:1,6:1},{1:1,4:1},{1:1,4:1},{1:1,5:1},{1:1,4:1},{4:2},{0:1,4:1,7:1},{0:3},{0:2,4:1},{0:1,6:2},{0:2,5:1},{0:1,5:1,7:1},{0:1,7:2},{0:1,4:1,6:1},{0:2,6:1},{0:1,1:1,6:1},{0:1,6:2},{0:3},{1:3},{1:3},{5:3},{0:4},{0:3,6:1},{0:2,1:1,6:1},{0:4},{0:2,5:2},{0:3,6:1},{5:1,6:3,7:1}])[0m
[32m2025-01-01 18:59:19,695 - INFO - False[0m
[32m2025-01-01 19:00:22,685 - INFO - d_prime: 11 d: 13[0m
[32m2025-01-01 19:00:22,688 - INFO - d_prime: 12 d: 13[0m
[32m2025-01-01 19:00:22,692 - INFO - d_prime: 13 d: 13[0m
[32m2025-01-01 19:00:22,694 - INFO - forbidden_vars: ([{6:1},{1:2},{1:1,2:1},{2:1,3:1},{2:2},{3:1,5:1},{3:2},{4:2},{5:1,6:1},{6:2},{6:2},{6:2},{6:2},{6:2},{6:2},{1:1,6:2},{1:1,4:2},{1:1,3:1,6:1},{1:3},{1:2,6:1},{1:1,2:1,3:1},{2:2,3:1},{2:1,6:2},{2:1,3:1,6:1},{2:2,6:1},{2:1,6:2},{3:2,4:1},{3:1,4:1,5:1},{4:1,6:2},{5:1,6:2},{6:3},{6:3},{6:3},{1:1,3:1,5:2},{2:2,4:1,5:1},{2:2,5:2},{3:1,5:1,6:2},{4:2,6:2},{4:2,5:1,6:1},{2:1,3:2,6:2}])[0m
[32m2025-01-01 19:00:22,694 - INFO - False[0m
     0     0  830.00000    0 6392          -  830.00000      -     - 1035s
     0     0  830.00000    0 6392          -  830.00000      -     - 1063s
[32m2025-01-01 19:02:14,042 - INFO - d_prime: 3 d: 3[0m
[32m2025-01-01 19:02:14,045 - INFO - d_prime: 4 d: 3[0m
[32m2025-01-01 19:02:14,047 - INFO - d_prime: 5 d: 3[0m
[32m2025-01-01 19:02:14,049 - INFO - d_prime: 6 d: 3[0m
[32m2025-01-01 19:02:14,051 - INFO - d_prime: 7 d: 3[0m
[32m2025-01-01 19:02:14,053 - INFO - d_prime: 8 d: 3[0m
[32m2025-01-01 19:02:14,055 - INFO - d_prime: 9 d: 3[0m
[32m2025-01-01 19:02:14,057 - INFO - d_prime: 10 d: 3[0m
[32m2025-01-01 19:02:14,059 - INFO - d_prime: 11 d: 3[0m
[32m2025-01-01 19:02:14,061 - INFO - d_prime: 12 d: 3[0m
[32m2025-01-01 19:02:14,063 - INFO - d_prime: 13 d: 3[0m
[32m2025-01-01 19:02:14,064 - INFO - forbidden_vars: ([{7:1},{3:1,7:1},{4:1,7:1},{1:1,3:2},{1:2,3:1},{3:1,7:2},{3:1,4:1,7:1},{3:1,4:1,7:1},{4:2,5:1},{7:3},{1:3,5:1},{1:1,3:1,4:1,5:1},{1:2,3:1,5:1},{1:2,5:2},{3:1,4:2,7:1},{3:1,4:1,7:2},{3:1,7:3}])[0m
[32m2025-01-01 19:02:14,064 - INFO - False[0m
[32m2025-01-01 19:03:32,759 - INFO - d_prime: 7 d: 7[0m
[32m2025-01-01 19:03:32,764 - INFO - d_prime: 8 d: 7[0m
[32m2025-01-01 19:03:32,768 - INFO - d_prime: 9 d: 7[0m
[32m2025-01-01 19:03:32,772 - INFO - d_prime: 10 d: 7[0m
[32m2025-01-01 19:03:32,776 - INFO - d_prime: 11 d: 7[0m
[32m2025-01-01 19:03:32,781 - INFO - d_prime: 12 d: 7[0m
[32m2025-01-01 19:03:32,785 - INFO - d_prime: 13 d: 7[0m
[32m2025-01-01 19:03:32,787 - INFO - forbidden_vars: ([{0:1},{4:1},{4:1},{5:1},{0:1,1:1},{1:1,6:1},{2:2},{2:1,5:1},{2:2},{2:1,6:1},{4:1,5:1},{5:1,7:1},{5:1,6:1},{5:1,6:1},{0:2,2:1},{0:1,1:1,2:1},{0:2,6:1},{1:2,2:1},{1:2,5:1},{1:2,6:1},{1:3},{1:2,7:1},{1:2,5:1},{1:1,2:2},{2:3},{2:1,4:1,5:1},{5:2,6:1},{5:1,6:2},{0:1,2:2,5:1},{0:1,2:3},{0:1,2:3},{0:1,2:1,5:1,7:1},{0:1,1:1,2:1,5:1},{1:1,5:1,6:1,7:1},{2:3,5:1}])[0m
[32m2025-01-01 19:03:32,787 - INFO - False[0m
[32m2025-01-01 19:05:46,802 - INFO - d_prime: 9 d: 9[0m
[32m2025-01-01 19:05:46,807 - INFO - d_prime: 10 d: 9[0m
[32m2025-01-01 19:05:46,811 - INFO - d_prime: 11 d: 9[0m
[32m2025-01-01 19:05:46,815 - INFO - d_prime: 12 d: 9[0m
[32m2025-01-01 19:05:46,819 - INFO - d_prime: 13 d: 9[0m
[32m2025-01-01 19:05:46,821 - INFO - forbidden_vars: ([{1:1},{1:1},{2:1},{4:1},{4:1},{5:1},{6:1},{6:1},{6:1},{7:1},{7:1},{7:1},{1:1,4:1},{1:1,2:1},{1:1,2:1},{1:1,4:1},{1:1,5:1},{1:1,5:1},{2:2},{2:2},{2:1,7:1},{4:1,6:1},{4:1,7:1},{5:1,7:1},{7:2},{1:1,5:1,7:1},{1:1,2:1,7:1},{1:2,2:1},{1:1,5:1,7:1},{1:3},{1:1,2:2},{1:1,4:1,5:1},{1:3},{1:1,2:1,7:1},{2:2,4:1},{2:2,6:1},{2:2,6:1},{2:2,5:1}])[0m
[32m2025-01-01 19:05:46,821 - INFO - False[0m
[32m2025-01-01 19:05:52,197 - INFO - d_prime: 10 d: 10[0m
[32m2025-01-01 19:05:52,202 - INFO - d_prime: 11 d: 10[0m
[32m2025-01-01 19:05:52,206 - INFO - d_prime: 12 d: 10[0m
[32m2025-01-01 19:05:52,210 - INFO - d_prime: 13 d: 10[0m
[32m2025-01-01 19:05:52,212 - INFO - forbidden_vars: ([{3:1},{3:1},{3:1},{4:1},{4:1},{4:1},{5:1},{5:1},{6:1},{1:1,5:1},{1:2},{1:1,3:1},{1:1,3:1},{1:2},{1:2},{1:1,3:1},{3:1,4:1},{4:1,5:1},{5:1,6:1},{5:2},{6:2},{6:2},{6:2},{6:2},{1:1,6:2},{1:1,5:1,6:1},{1:1,4:1,6:1},{1:1,3:1,4:1},{1:2,5:1},{1:3},{1:2,6:1},{3:1,6:2},{3:2,6:1},{3:1,4:1,5:1},{6:3},{1:2,4:1,6:1},{1:2,3:1,4:1},{3:3,6:1}])[0m
[32m2025-01-01 19:05:52,212 - INFO - False[0m
[32m2025-01-01 19:06:04,126 - INFO - d_prime: 11 d: 11[0m
[32m2025-01-01 19:06:04,129 - INFO - d_prime: 12 d: 11[0m
[32m2025-01-01 19:06:04,133 - INFO - d_prime: 13 d: 11[0m
[32m2025-01-01 19:06:04,135 - INFO - forbidden_vars: ([{1:1},{3:1},{3:1},{3:1},{3:1},{4:1},{5:1},{6:1},{1:1,5:1},{1:1,4:1},{3:2},{3:2},{3:1,6:1},{3:1,6:1},{3:1,6:1},{3:1,6:1},{3:1,5:1},{3:1,6:1},{3:1,6:1},{3:2},{3:1,5:1},{3:1,6:1},{3:2},{3:2},{3:1,6:1},{4:1,6:1},{5:2},{1:1,3:2},{1:1,4:1,5:1},{1:1,3:2},{1:1,6:2},{1:1,3:1,4:1},{3:2,6:1},{3:2,6:1},{3:2,6:1},{3:3},{5:2,6:1},{1:1,5:1,6:2},{1:3,6:1},{3:3,4:1}])[0m
[32m2025-01-01 19:06:04,135 - INFO - False[0m
[32m2025-01-01 19:06:20,117 - INFO - d_prime: 11 d: 12[0m
[32m2025-01-01 19:06:20,123 - INFO - d_prime: 12 d: 12[0m
[32m2025-01-01 19:06:20,127 - INFO - d_prime: 13 d: 12[0m
[32m2025-01-01 19:06:20,130 - INFO - forbidden_vars: ([{6:1},{0:2},{0:1,1:1},{0:1,1:1},{0:2},{0:1,7:1},{0:1,2:1},{0:2},{0:2},{1:1,6:1},{1:1,6:1},{2:1,4:1},{2:1,6:1},{2:2},{5:1,6:1},{0:1,2:1,7:1},{0:2,2:1},{0:1,2:1,5:1},{0:1,4:1,5:1},{0:1,1:1,4:1},{0:1,4:1,6:1},{0:2,4:1},{0:1,1:2},{0:1,2:1,6:1},{0:2,2:1},{1:3},{2:3},{2:2,4:1},{2:1,7:2},{2:2,6:1},{2:2,4:1},{4:2,5:1},{0:1,1:1,5:1,6:1},{0:2,2:2},{0:2,2:1,7:1},{0:2,4:1,5:1},{2:2,5:1,7:1},{2:2,5:2},{1:1,2:1,4:1,6:2}])[0m
[32m2025-01-01 19:06:20,130 - INFO - False[0m
[32m2025-01-01 19:06:39,835 - INFO - d_prime: 11 d: 13[0m
[32m2025-01-01 19:06:39,840 - INFO - d_prime: 12 d: 13[0m
[32m2025-01-01 19:06:39,845 - INFO - d_prime: 13 d: 13[0m
[32m2025-01-01 19:06:39,847 - INFO - forbidden_vars: ([{6:1},{6:1},{1:1,3:1},{1:1,6:1},{2:1,3:1},{3:1,4:1},{3:1,5:1},{3:1,6:1},{4:1,6:1},{4:2},{4:1,6:1},{4:1,6:1},{6:2},{1:1,4:2},{1:1,4:1,6:1},{1:3},{1:1,4:1,6:1},{1:1,2:1,3:1},{2:1,4:1,6:1},{2:2,6:1},{2:1,3:1,6:1},{2:1,6:2},{2:2,6:1},{2:1,3:1,6:1},{3:1,6:2},{3:1,4:1,5:1},{4:1,5:1,6:1},{4:1,5:1,6:1},{5:1,6:2},{6:3},{1:1,4:2,6:1},{1:1,4:2,5:1},{1:2,2:1,3:1},{1:1,3:1,4:2},{2:1,3:1,6:2},{2:2,3:1,5:1},{3:1,4:2,5:1},{3:1,4:1,6:2},{4:1,5:1,6:2},{2:1,3:2,6:2}])[0m
[32m2025-01-01 19:06:39,848 - INFO - False[0m
     0     2  830.00000    0 6392          -  830.00000      -     - 1451s
     1     4  849.00000    1 3616          -  832.00000      - 14959 1541s
     3     8  849.00000    2 3459          -  832.00000      -  8473 1586s
     7    12  849.00000    3 3337          -  832.00000      -  5486 1595s
    11    16  849.00000    4 3251          -  832.00000      -  3631 1647s
    15    20  849.00000    5 3268          -  832.00000      -  4076 1650s
    23    30  849.00000    7 3258          -  832.00000      -  2945 1656s
    29    35  849.00000    8 3214          -  832.00000      -  2506 1662s
    34    56  849.00000    9 3173          -  832.00000      -  2279 1672s
    55    86  849.00000   14 3156          -  832.00000      -  1630 1688s
    85   130  849.00000   21 2996          -  832.00000      -  1289 1714s
   129   187  849.00000   33 2833          -  832.00000      -  1124 1757s
   186   273  849.00000   48 2573          -  832.00000      -  1069 1825s
   272   376  849.00000   66 2271          -  832.00000      -  1044 1930s
   375   491  849.00000   96 1892          -  832.00000      -  1118 2949s
   492   770  849.00000  119 1470          -  832.00000      -  1555 3046s
   772  1050  849.00000  186  481          -  832.00000      -  1051 3065s
  1052  1330  849.00000  254  436          -  832.00000      -   778 3086s
  1332  1610  849.00000  324  425          -  832.00000      -   622 3106s
  1612  1888  849.00000  391  355          -  832.00000      -   521 3133s
  1892  2168  849.00000  457  324          -  832.00000      -   455 3156s
  2172  2448  849.00000  524  272          -  832.00000      -   402 3176s
  2452  2727  849.00000  593  218          -  832.00000      -   361 3197s
  2732  3007  849.00000  660  167          -  832.00000      -   328 3223s
  3012  3261  849.00000  729  162          -  832.00000      -   303 3248s
  3268  3510  849.00000  798  198          -  832.00000      -   283 3276s
  3517  3774  849.00000  867  178          -  832.00000      -   268 3300s
  3782  4053  849.00000  932  117          -  832.00000      -   253 3323s
  4062  4329  849.00000 1000  181          -  832.00000      -   239 3350s
  4342  4523  849.00000 1067  209          -  832.00000      -   227 3376s
  4536  4756  849.00000 1133  139          -  832.00000      -   223 3404s
  4774  4954  849.00000 1198  136          -  832.00000      -   215 3431s
  4974  5162  849.00000 1268  146          -  832.00000      -   210 3460s
  5187  5163  832.00000   11 6392          -  832.00000      -   205 3506s
  5188  5164  832.00000  357 6392          -  832.00000      -   205 3510s
