1.NAME: LBBDSolver
2.PARAMS: {'break_symmetry': True, 'add_constraints_to_symmetrc_days': True, 'subsolver_cls': 'CPSubSolver2'}
3.INSTANCE: /home/wx350715/Kobra/rehabiliation-admission-scheduling/data/comp_study_002/instance_1_less_prescriptions_5.txt
4.REPETITION: 1
Current directory: /home/wx350715/Kobra/rehabiliation-admission-scheduling
[34m2025-01-01 18:44:53,741 - DEBUG - Solver: <class 'src.solvers.benders.LBBDSolver'>[0m
[34m2025-01-01 18:44:53,741 - DEBUG - Args: {'break_symmetry': True, 'add_constraints_to_symmetrc_days': True, 'subsolver_cls': 'CPSubSolver2'}[0m
[34m2025-01-01 18:44:53,741 - DEBUG - File path /home/wx350715/Kobra/rehabiliation-admission-scheduling/data/comp_study_002/instance_1_less_prescriptions_5.txt[0m
[34m2025-01-01 18:44:53,741 - DEBUG - ADD INSTANCE DATA[0m
[34m2025-01-01 18:44:53,742 - DEBUG - ADD INSTANCE DATA[0m
[34m2025-01-01 18:44:53,742 - DEBUG - ADD INSTANCE DATA[0m
[34m2025-01-01 18:44:53,742 - DEBUG - ADD INSTANCE DATA[0m
[34m2025-01-01 18:44:53,742 - DEBUG - ADD INSTANCE DATA[0m
[34m2025-01-01 18:44:53,742 - DEBUG - ADD INSTANCE DATA[0m
[34m2025-01-01 18:44:53,742 - DEBUG - ADD INSTANCE DATA[0m
[34m2025-01-01 18:44:53,742 - DEBUG - ADD INSTANCE DATA[0m
[34m2025-01-01 18:44:53,742 - DEBUG - ADD INSTANCE DATA[0m
[34m2025-01-01 18:44:53,742 - DEBUG - ADD INSTANCE DATA[0m
[34m2025-01-01 18:44:53,742 - DEBUG - ADD INSTANCE DATA[0m
[34m2025-01-01 18:44:53,742 - DEBUG - ADD RESOURCE_GROUPS[0m
[34m2025-01-01 18:44:53,742 - DEBUG - ADD RESOURCE_GROUPS[0m
[34m2025-01-01 18:44:53,742 - DEBUG - ADD RESOURCE_GROUPS[0m
[34m2025-01-01 18:44:53,742 - DEBUG - ADD RESOURCE_GROUPS[0m
[34m2025-01-01 18:44:53,743 - DEBUG - ADD RESOURCES[0m
[34m2025-01-01 18:44:53,743 - DEBUG - ADD RESOURCES[0m
[34m2025-01-01 18:44:53,743 - DEBUG - ADD RESOURCES[0m
[34m2025-01-01 18:44:53,743 - DEBUG - ADD RESOURCES[0m
[34m2025-01-01 18:44:53,743 - DEBUG - ADD RESOURCES[0m
[34m2025-01-01 18:44:53,743 - DEBUG - ADD RESOURCES[0m
[34m2025-01-01 18:44:53,743 - DEBUG - ADD RESOURCES[0m
[34m2025-01-01 18:44:53,743 - DEBUG - ADD RESOURCES[0m
[34m2025-01-01 18:44:53,743 - DEBUG - ADD RESOURCES[0m
[34m2025-01-01 18:44:53,743 - DEBUG - ADD TREATMENTS[0m
[34m2025-01-01 18:44:53,744 - DEBUG - ADD TREATMENTS[0m
[34m2025-01-01 18:44:53,744 - DEBUG - ADD TREATMENTS[0m
[34m2025-01-01 18:44:53,744 - DEBUG - ADD TREATMENTS[0m
[34m2025-01-01 18:44:53,744 - DEBUG - ADD TREATMENTS[0m
[34m2025-01-01 18:44:53,744 - DEBUG - ADD TREATMENTS[0m
[34m2025-01-01 18:44:53,744 - DEBUG - ADD TREATMENTS[0m
[34m2025-01-01 18:44:53,744 - DEBUG - ADD TREATMENTS[0m
[34m2025-01-01 18:44:53,744 - DEBUG - ADD PATIENTS[0m
[34m2025-01-01 18:44:53,744 - DEBUG - ADD PATIENTS[0m
[34m2025-01-01 18:44:53,745 - DEBUG - ADD PATIENTS[0m
[34m2025-01-01 18:44:53,745 - DEBUG - ADD PATIENTS[0m
[34m2025-01-01 18:44:53,745 - DEBUG - ADD PATIENTS[0m
[34m2025-01-01 18:44:53,745 - DEBUG - ADD PATIENTS[0m
[34m2025-01-01 18:44:53,745 - DEBUG - ADD PATIENTS[0m
[34m2025-01-01 18:44:53,745 - DEBUG - ADD PATIENTS[0m
[34m2025-01-01 18:44:53,745 - DEBUG - ADD PATIENTS[0m
[34m2025-01-01 18:44:53,745 - DEBUG - ADD PATIENTS[0m
[34m2025-01-01 18:44:53,745 - DEBUG - ADD PATIENTS[0m
[34m2025-01-01 18:44:53,746 - DEBUG - ADD PATIENTS[0m
[34m2025-01-01 18:44:53,746 - DEBUG - ADD PATIENTS[0m
[34m2025-01-01 18:44:53,746 - DEBUG - ADD PATIENTS[0m
[34m2025-01-01 18:44:53,746 - DEBUG - ADD PATIENTS[0m
[34m2025-01-01 18:44:53,746 - DEBUG - ADD PATIENTS[0m
[34m2025-01-01 18:44:53,746 - DEBUG - ADD PATIENTS[0m
[34m2025-01-01 18:44:53,746 - DEBUG - ADD PATIENTS[0m
[34m2025-01-01 18:44:53,746 - DEBUG - ADD PATIENTS[0m
[34m2025-01-01 18:44:53,747 - DEBUG - ADD PATIENTS[0m
[34m2025-01-01 18:44:53,747 - DEBUG - ADD PATIENTS[0m
[34m2025-01-01 18:44:53,747 - DEBUG - ADD PATIENTS[0m
[34m2025-01-01 18:44:53,747 - DEBUG - ADD PATIENTS[0m
[34m2025-01-01 18:44:53,747 - DEBUG - ADD PATIENTS[0m
[34m2025-01-01 18:44:53,748 - DEBUG - ADD PATIENTS[0m
[34m2025-01-01 18:44:53,749 - DEBUG - ADD PATIENTS[0m
[34m2025-01-01 18:44:53,749 - DEBUG - ADD PATIENTS[0m
[34m2025-01-01 18:44:53,749 - DEBUG - ADD PATIENTS[0m
[34m2025-01-01 18:44:53,749 - DEBUG - ADD PATIENTS[0m
[34m2025-01-01 18:44:53,749 - DEBUG - ADD PATIENTS[0m
[34m2025-01-01 18:44:53,749 - DEBUG - ADD PATIENTS[0m
[34m2025-01-01 18:44:53,749 - DEBUG - ADD PATIENTS[0m
[34m2025-01-01 18:44:53,749 - DEBUG - ADD PATIENTS[0m
[34m2025-01-01 18:44:53,749 - DEBUG - ADD PATIENTS[0m
[34m2025-01-01 18:44:53,750 - DEBUG - ADD PATIENTS[0m
[34m2025-01-01 18:44:53,750 - DEBUG - ADD PATIENTS[0m
[34m2025-01-01 18:44:53,750 - DEBUG - ADD PATIENTS[0m
[34m2025-01-01 18:44:53,750 - DEBUG - ADD PATIENTS[0m
[34m2025-01-01 18:44:53,750 - DEBUG - ADD PATIENTS[0m
[34m2025-01-01 18:44:53,750 - DEBUG - ADD PATIENTS[0m
[34m2025-01-01 18:44:53,750 - DEBUG - Instance data:[0m
[34m2025-01-01 18:44:53,751 - DEBUG - Number of patients: 40[0m
[34m2025-01-01 18:44:53,751 - DEBUG - Number of beds: 40[0m
[34m2025-01-01 18:44:53,751 - DEBUG - Average number of treatments per patient: 21.725[0m
[34m2025-01-01 18:44:53,751 - DEBUG - Average number of treatment per stayed day: 1.5714285714285714[0m
[34m2025-01-01 18:44:53,751 - DEBUG - Number of treatments: 869[0m
[34m2025-01-01 18:44:53,751 - DEBUG - Number of resources: 9[0m
[34m2025-01-01 18:44:53,751 - DEBUG - Number of resource groups: 4[0m
[34m2025-01-01 18:44:53,751 - DEBUG - Number of resource hours needed per all treatment by RG(therapists): 38.3375[0m
[34m2025-01-01 18:44:53,751 - DEBUG - Number of resource hours needed per all treatment by RG(rooms): 74.50000000000004[0m
[34m2025-01-01 18:44:53,751 - DEBUG - Number of resource hours needed per all treatment by RG(physiotherapist): 26.0[0m
[34m2025-01-01 18:44:53,751 - DEBUG - Number of resource hours needed per all treatment by RG(sport_room): 18.9375[0m
[32m2025-01-01 18:44:53,751 - INFO - {'solver': 'LBBDSolver', 'args': {'break_symmetry': False, 'subsolver_cls': <class 'src.solvers.subsolvers.cp_subsolver.CPSubsolver'>, 'subsolver.store_results': True, 'subsolver.store_results_method': 'hash', 'use_helper_constraints': True, 'enforce_min_treatments_per_day': True, 'enforce_max_treatments_per_e_w': True, 'enforce_min_patients_per_treatment': True, 'log_to_console': True}}[0m
[34m2025-01-01 18:44:53,751 - DEBUG - Setting options: LBBDSolver[0m
[34m2025-01-01 18:44:53,751 - DEBUG -  ---- break_symmetry to False[0m
[34m2025-01-01 18:44:53,751 - DEBUG -  ---- subsolver_cls to <class 'src.solvers.subsolvers.cp_subsolver.CPSubsolver'>[0m
[34m2025-01-01 18:44:53,751 - DEBUG -  ---- use_helper_constraints to True[0m
[34m2025-01-01 18:44:53,751 - DEBUG -  ---- add_constraints_to_symmetric_days to True (default)[0m
[34m2025-01-01 18:44:53,751 - DEBUG - Setting options: Solver[0m
[34m2025-01-01 18:44:53,751 - DEBUG -  ---- number_of_threads to 4 (default)[0m
[34m2025-01-01 18:44:53,751 - DEBUG -  ---- treatment_value to 0 (default)[0m
[34m2025-01-01 18:44:53,751 - DEBUG -  ---- delay_value to 1 (default)[0m
[34m2025-01-01 18:44:53,751 - DEBUG -  ---- missing_treatment_value to 4 (default)[0m
[34m2025-01-01 18:44:53,752 - DEBUG -  ---- enforce_min_treatments_per_day to True[0m
[34m2025-01-01 18:44:53,752 - DEBUG -  ---- enforce_max_treatments_per_e_w to True[0m
[34m2025-01-01 18:44:53,752 - DEBUG -  ---- enforce_min_patients_per_treatment to True[0m
[34m2025-01-01 18:44:53,752 - DEBUG -  ---- log_to_console to True[0m
[34m2025-01-01 18:44:53,752 - DEBUG -  ---- log_to_file to True (default)[0m
[34m2025-01-01 18:44:53,752 - DEBUG -  ---- no_rel_heur_time to 1 (default)[0m
[34m2025-01-01 18:44:53,837 - DEBUG - Setting options: CPSubsolver[0m
[34m2025-01-01 18:44:53,838 - DEBUG -  ---- estimated_needed_treatments to True (default)[0m
[34m2025-01-01 18:44:53,838 - DEBUG -  ---- add_patient_symmetry to False (default)[0m
[34m2025-01-01 18:44:53,838 - DEBUG - Setting Subsolver options: SubSolver[0m
[34m2025-01-01 18:44:53,838 - DEBUG -  ---- store_results to True[0m
[34m2025-01-01 18:44:53,838 - DEBUG -  ---- store_results_method to hash[0m
[34m2025-01-01 18:44:53,838 - DEBUG -  ---- enforce_min_patients_per_treatment to True[0m
[34m2025-01-01 18:44:53,838 - DEBUG -  ---- use_day_symmetry to True (default)[0m
[32m2025-01-01 18:44:53,918 - INFO - Create model: LBBDSolver[0m
Set parameter TSPort to value 50039
Set parameter TokenServer to value "license.itc.rwth-aachen.de"
Set parameter Threads to value 4
Set parameter Cuts to value 0
Set parameter LazyConstraints to value 1
Set parameter NoRelHeurTime to value 1
[34m2025-01-01 18:44:54,703 - DEBUG - Variables created.[0m
[34m2025-01-01 18:44:57,455 - DEBUG - Constraint (not too many treatments) created.[0m
[34m2025-01-01 18:44:59,392 - DEBUG - Constraint (no_treatments_outside admittance) created.[0m
[34m2025-01-01 18:44:59,394 - DEBUG - Constraint (bed_usage) created.[0m
[34m2025-01-01 18:44:59,394 - DEBUG - Constraint (must be admitted) created.[0m
[34m2025-01-01 18:44:59,684 - DEBUG - Constraint (e_w_ub) created.[0m
[34m2025-01-01 18:44:59,782 - DEBUG - Constraint (day_ub) created.[0m
[34m2025-01-01 18:44:59,883 - DEBUG - Constraint (Day always) created.[0m
[34m2025-01-01 18:44:59,883 - DEBUG - Constraint (already_admitted) created.[0m
[32m2025-01-01 18:45:06,287 - INFO - Time to create model: 12.369[0m
[32m2025-01-01 18:45:06,287 - INFO - Solving model: LBBDSolver[0m
Gurobi Optimizer version 10.0.0 build v10.0.0rc2 (linux64)

CPU model: Intel(R) Xeon(R) Platinum 8468, instruction set [SSE2|AVX|AVX2|AVX512]
Thread count: 96 physical cores, 96 logical processors, using up to 4 threads

Optimize a model with 392252 rows, 157011 columns and 3143105 nonzeros
Model fingerprint: 0x04acc38a
Variable types: 3 continuous, 157008 integer (157008 binary)
Coefficient statistics:
  Matrix range     [1e+00, 2e+01]
  Objective range  [1e+00, 1e+01]
  Bounds range     [1e+00, 1e+00]
  RHS range        [1e+00, 3e+03]
Presolve removed 190461 rows and 17 columns (presolve time = 5s) ...
Presolve added 0 rows and 1987 columns
Presolve removed 190459 rows and 0 columns
Presolve time: 8.05s
Presolved: 201793 rows, 158998 columns, 2418614 nonzeros
Variable types: 1 continuous, 158997 integer (157504 binary)
Starting NoRel heuristic
Found phase-1 solution: relaxation 21
Found phase-1 solution: relaxation 18
Found phase-1 solution: relaxation 17
Found phase-1 solution: relaxation 14
Root relaxation presolved: 201582 rows, 159209 columns, 2328194 nonzeros

Deterministic concurrent LP optimizer: primal simplex, dual simplex, and barrier
Showing barrier log only...

Root barrier log...

Ordering time: 0.85s

Barrier statistics:
 Dense cols : 120
 AA' NZ     : 3.068e+05
 Factor NZ  : 1.748e+06 (roughly 24 MB of memory)
 Factor Ops : 8.166e+08 (less than 1 second per iteration)
 Threads    : 2

                  Objective                Residual
Iter       Primal          Dual         Primal    Dual     Compl     Time
   0  -4.34306673e+06 -1.17652718e+04  1.08e+05 5.43e-01  1.28e+02    17s
   1  -2.30722376e+06 -4.27251800e+04  5.71e+04 2.70e-01  6.20e+01    18s
   2  -5.11382528e+05 -3.89848184e+04  1.27e+04 4.93e-02  1.44e+01    18s
   3  -8.29458479e+04 -2.52457164e+04  2.05e+03 1.27e-02  2.74e+00    18s
   4  -2.35462995e+04 -1.39969774e+04  5.92e+02 3.76e-03  9.45e-01    18s
   5  -3.47376929e+03 -5.09878468e+03  9.90e+01 1.24e-03  2.42e-01    19s
   6   1.21988797e+02 -2.16272425e+03  1.07e+01 4.94e-04  9.18e-02    19s
   7   5.41175762e+02  3.78153046e+02  1.59e-01 1.89e-05  5.45e-03    19s
   8   5.44009110e+02  5.43767865e+02  1.12e-04 1.34e-05  7.89e-06    19s
   9   5.44000000e+02  5.44000000e+02  1.34e-09 5.87e-08  1.88e-11    19s

Barrier solved model in 9 iterations and 19.48 seconds (23.23 work units)
Optimal objective 5.44000000e+02


Root crossover log...

     131 DPushes remaining with DInf 0.0000000e+00                20s
       0 DPushes remaining with DInf 0.0000000e+00                20s

    7217 PPushes remaining with PInf 0.0000000e+00                20s
     757 PPushes remaining with PInf 0.0000000e+00                20s
Concurrent spin time: 1.42s (can be avoided by choosing Method=3)

Solved with dual simplex

Root simplex log...

Iteration    Objective       Primal Inf.    Dual Inf.      Time
    7211    5.4400000e+02   0.000000e+00   0.000000e+00     20s

Use crossover to convert LP symmetric solution to basic solution...

Root crossover log...

      37 DPushes remaining with DInf 0.0000000e+00                20s
       0 DPushes remaining with DInf 0.0000000e+00                21s

   25605 PPushes remaining with PInf 0.0000000e+00                21s
       0 PPushes remaining with PInf 0.0000000e+00                21s

  Push phase complete: Pinf 0.0000000e+00, Dinf 5.9777294e-11     21s


Root simplex log...

Iteration    Objective       Primal Inf.    Dual Inf.      Time
   32820    5.4400000e+02   0.000000e+00   0.000000e+00     21s
   32820    5.4400000e+02   0.000000e+00   0.000000e+00     22s

Root relaxation: objective 5.440000e+02, 32820 iterations, 7.13 seconds (2.80 work units)

    Nodes    |    Current Node    |     Objective Bounds      |     Work
 Expl Unexpl |  Obj  Depth IntInf | Incumbent    BestBd   Gap | It/Node Time

     0     0  544.00000    0 4494          -  544.00000      -     -   44s
[32m2025-01-01 18:46:06,471 - INFO - d_prime: 4 d: 4[0m
[32m2025-01-01 18:46:06,475 - INFO - d_prime: 5 d: 4[0m
[32m2025-01-01 18:46:06,477 - INFO - d_prime: 6 d: 4[0m
[32m2025-01-01 18:46:06,480 - INFO - d_prime: 7 d: 4[0m
[32m2025-01-01 18:46:06,482 - INFO - d_prime: 8 d: 4[0m
[32m2025-01-01 18:46:06,484 - INFO - d_prime: 9 d: 4[0m
[32m2025-01-01 18:46:06,485 - INFO - d_prime: 10 d: 4[0m
[32m2025-01-01 18:46:06,487 - INFO - d_prime: 11 d: 4[0m
[32m2025-01-01 18:46:06,489 - INFO - d_prime: 12 d: 4[0m
[32m2025-01-01 18:46:06,491 - INFO - d_prime: 13 d: 4[0m
[32m2025-01-01 18:46:06,493 - INFO - forbidden_vars: ([{4:1},{4:1},{4:1},{4:1},{5:1},{6:1},{7:1},{7:1},{7:1},{7:1},{7:1},{4:1,6:1},{4:1,5:1},{4:1,5:1},{4:1,6:1},{5:1,7:1},{5:1,7:1},{6:2},{7:2},{4:1,6:2},{4:2,6:1},{4:1,5:1,6:1},{5:2,6:1},{5:2,7:1}])[0m
[32m2025-01-01 18:46:06,493 - INFO - False[0m
[32m2025-01-01 18:46:23,754 - INFO - d_prime: 8 d: 8[0m
[32m2025-01-01 18:46:23,758 - INFO - d_prime: 9 d: 8[0m
[32m2025-01-01 18:46:23,762 - INFO - d_prime: 10 d: 8[0m
[32m2025-01-01 18:46:23,766 - INFO - d_prime: 11 d: 8[0m
[32m2025-01-01 18:46:23,770 - INFO - d_prime: 12 d: 8[0m
[32m2025-01-01 18:46:23,775 - INFO - d_prime: 13 d: 8[0m
[32m2025-01-01 18:46:23,777 - INFO - forbidden_vars: ([{0:1},{0:1},{0:1},{1:1},{4:1},{7:1},{1:2},{1:1,4:1},{1:2},{1:1,4:1},{1:1,4:1},{1:2},{1:2},{2:1,7:1},{2:2},{2:1,7:1},{2:1,5:1},{2:2},{2:1,4:1},{4:1,7:1},{4:1,5:1},{5:2},{5:2},{0:2,1:1},{0:1,1:2},{0:2,2:1},{0:1,4:1,7:1},{0:2,2:1},{0:1,2:2},{0:2,4:1},{1:2,7:1},{1:1,5:2},{4:2,7:1},{4:2,7:1}])[0m
[32m2025-01-01 18:46:23,777 - INFO - False[0m
[32m2025-01-01 18:46:46,894 - INFO - d_prime: 11 d: 12[0m
[32m2025-01-01 18:46:46,899 - INFO - d_prime: 12 d: 12[0m
[32m2025-01-01 18:46:46,903 - INFO - d_prime: 13 d: 12[0m
[32m2025-01-01 18:46:46,906 - INFO - forbidden_vars: ([{0:1},{1:1},{2:1},{2:1},{4:1},{5:1},{6:1},{7:1},{0:1,7:1},{0:1,4:1},{0:1,2:1},{0:1,4:1},{0:1,7:1},{0:1,6:1},{0:1,4:1},{1:1,2:1},{1:1,6:1},{1:2},{1:1,6:1},{2:1,5:1},{2:1,4:1},{2:1,6:1},{2:1,5:1},{4:1,5:1},{5:1,6:1},{5:1,7:1},{7:2},{7:2},{0:1,7:2},{0:2,4:1},{0:2,2:1},{0:2,2:1},{0:1,5:1,6:1},{1:1,2:1,4:1},{1:2,5:1},{1:2,6:1},{2:1,7:2},{2:1,5:1,6:1},{2:3},{4:2,5:1}])[0m
[32m2025-01-01 18:46:46,906 - INFO - False[0m
[32m2025-01-01 18:46:59,716 - INFO - d_prime: 11 d: 13[0m
[32m2025-01-01 18:46:59,720 - INFO - d_prime: 12 d: 13[0m
[32m2025-01-01 18:46:59,723 - INFO - d_prime: 13 d: 13[0m
[32m2025-01-01 18:46:59,725 - INFO - forbidden_vars: ([{2:1},{3:1},{4:1},{7:1},{1:2},{1:1,7:1},{2:1,3:1},{2:1,3:1},{2:1,5:1},{2:1,4:1},{3:2},{3:2},{3:2},{3:1,4:1},{3:1,5:1},{4:1,6:1},{6:2},{6:1,7:1},{6:2},{1:2,7:1},{1:2,3:1},{1:2,3:1},{2:2,5:1},{2:2,6:1},{2:1,3:2},{2:1,3:2},{2:2,3:1},{2:1,3:2},{2:1,5:1,6:1},{3:1,4:1,6:1},{3:1,4:1,6:1},{3:1,6:2},{3:1,6:2},{3:2,6:1},{3:2,6:1},{3:2,4:1},{3:3},{3:1,4:1,6:1},{6:1,7:2}])[0m
[32m2025-01-01 18:46:59,725 - INFO - False[0m
     0     0  544.00000    0 4494          -  544.00000      -     -  113s
[32m2025-01-01 18:47:10,325 - INFO - d_prime: 4 d: 4[0m
[32m2025-01-01 18:47:10,327 - INFO - d_prime: 5 d: 4[0m
[32m2025-01-01 18:47:10,329 - INFO - d_prime: 6 d: 4[0m
[32m2025-01-01 18:47:10,332 - INFO - d_prime: 7 d: 4[0m
[32m2025-01-01 18:47:10,334 - INFO - d_prime: 8 d: 4[0m
[32m2025-01-01 18:47:10,336 - INFO - d_prime: 9 d: 4[0m
[32m2025-01-01 18:47:10,338 - INFO - d_prime: 10 d: 4[0m
[32m2025-01-01 18:47:10,340 - INFO - d_prime: 11 d: 4[0m
[32m2025-01-01 18:47:10,342 - INFO - d_prime: 12 d: 4[0m
[32m2025-01-01 18:47:10,344 - INFO - d_prime: 13 d: 4[0m
[32m2025-01-01 18:47:10,346 - INFO - forbidden_vars: ([{4:1},{4:1},{4:1},{5:1},{6:1},{6:1},{7:1},{7:1},{7:1},{7:1},{7:1},{4:1,6:1},{4:1,5:1},{4:1,5:1},{4:1,6:1},{5:1,7:1},{6:1,7:1},{4:1,6:2},{4:1,5:1,6:1},{4:2,6:1},{4:1,5:1,6:1},{4:1,5:1,7:1},{5:2,7:1}])[0m
[32m2025-01-01 18:47:10,346 - INFO - False[0m
[32m2025-01-01 18:47:58,079 - INFO - d_prime: 8 d: 8[0m
[32m2025-01-01 18:47:58,084 - INFO - d_prime: 9 d: 8[0m
[32m2025-01-01 18:47:58,089 - INFO - d_prime: 10 d: 8[0m
[32m2025-01-01 18:47:58,093 - INFO - d_prime: 11 d: 8[0m
[32m2025-01-01 18:47:58,097 - INFO - d_prime: 12 d: 8[0m
[32m2025-01-01 18:47:58,102 - INFO - d_prime: 13 d: 8[0m
[32m2025-01-01 18:47:58,104 - INFO - forbidden_vars: ([{0:1},{0:1},{0:1},{1:1},{4:1},{4:1},{4:1},{1:2},{1:1,2:1},{1:2},{1:1,4:1},{1:1,4:1},{1:2},{1:2},{2:1,7:1},{2:2},{2:1,7:1},{2:1,5:1},{2:2},{2:1,4:1},{4:1,7:1},{5:2},{5:2},{0:1,1:1,2:1},{0:1,1:2},{0:2,2:1},{0:1,4:1,7:1},{0:2,2:1},{0:1,2:2},{0:2,7:1},{1:2,7:1},{1:1,5:2},{4:2,7:1},{4:2,7:1}])[0m
[32m2025-01-01 18:47:58,104 - INFO - False[0m
[32m2025-01-01 18:48:19,062 - INFO - d_prime: 11 d: 12[0m
[32m2025-01-01 18:48:19,068 - INFO - d_prime: 12 d: 12[0m
[32m2025-01-01 18:48:19,072 - INFO - d_prime: 13 d: 12[0m
[32m2025-01-01 18:48:19,075 - INFO - forbidden_vars: ([{0:1},{0:1},{0:1},{1:1},{1:1},{1:1},{2:1},{5:1},{7:1},{0:1,4:1},{0:1,2:1},{0:1,4:1},{0:1,7:1},{0:1,2:1},{0:1,1:1},{0:1,5:1},{0:2},{1:1,2:1},{1:2},{1:1,2:1},{2:1,5:1},{2:2},{2:1,4:1},{2:1,7:1},{2:1,5:1},{4:1,5:1},{4:1,7:1},{5:1,7:1},{7:2},{7:2},{7:2},{0:1,7:2},{0:2,1:1},{0:2,2:1},{1:1,2:1,4:1},{1:2,5:1},{2:1,7:2},{2:1,5:1,7:1},{2:2,5:1},{4:2,5:1}])[0m
[32m2025-01-01 18:48:19,075 - INFO - False[0m
[32m2025-01-01 18:48:29,284 - INFO - d_prime: 11 d: 13[0m
[32m2025-01-01 18:48:29,288 - INFO - d_prime: 12 d: 13[0m
[32m2025-01-01 18:48:29,292 - INFO - d_prime: 13 d: 13[0m
[32m2025-01-01 18:48:29,294 - INFO - forbidden_vars: ([{2:1},{4:1},{1:2},{1:1,4:1},{1:1,7:1},{2:1,3:1},{2:1,3:1},{2:1,3:1},{2:1,5:1},{2:1,6:1},{2:1,4:1},{3:2},{3:2},{3:2},{3:1,4:1},{3:1,5:1},{4:1,6:1},{6:2},{1:3},{1:2,3:1},{1:2,6:1},{2:1,4:1,5:1},{2:2,6:1},{2:1,3:2},{2:1,3:2},{2:2,3:1},{2:1,3:2},{2:1,5:1,6:1},{3:1,4:2},{3:1,4:1,6:1},{3:1,6:2},{3:1,6:2},{3:2,6:1},{3:2,6:1},{3:2,4:1},{3:2,4:1},{3:1,4:1,6:1},{6:2,7:1}])[0m
[32m2025-01-01 18:48:29,294 - INFO - False[0m
     0     0  544.00000    0 4494          -  544.00000      -     -  202s
[32m2025-01-01 18:48:44,337 - INFO - d_prime: 4 d: 4[0m
[32m2025-01-01 18:48:44,340 - INFO - d_prime: 5 d: 4[0m
[32m2025-01-01 18:48:44,342 - INFO - d_prime: 6 d: 4[0m
[32m2025-01-01 18:48:44,344 - INFO - d_prime: 7 d: 4[0m
[32m2025-01-01 18:48:44,346 - INFO - d_prime: 8 d: 4[0m
[32m2025-01-01 18:48:44,348 - INFO - d_prime: 9 d: 4[0m
[32m2025-01-01 18:48:44,350 - INFO - d_prime: 10 d: 4[0m
[32m2025-01-01 18:48:44,352 - INFO - d_prime: 11 d: 4[0m
[32m2025-01-01 18:48:44,354 - INFO - d_prime: 12 d: 4[0m
[32m2025-01-01 18:48:44,356 - INFO - d_prime: 13 d: 4[0m
[32m2025-01-01 18:48:44,358 - INFO - forbidden_vars: ([{4:1},{4:1},{4:1},{5:1},{7:1},{7:1},{7:1},{7:1},{7:1},{4:1,6:1},{4:1,5:1},{4:1,5:1},{4:1,6:1},{4:1,6:1},{5:1,7:1},{6:2},{6:2},{7:2},{4:1,6:2},{4:1,5:1,6:1},{4:1,5:1,6:1},{4:1,5:1,7:1},{5:3}])[0m
[32m2025-01-01 18:48:44,358 - INFO - False[0m
[32m2025-01-01 18:49:16,150 - INFO - d_prime: 8 d: 8[0m
[32m2025-01-01 18:49:16,155 - INFO - d_prime: 9 d: 8[0m
[32m2025-01-01 18:49:16,159 - INFO - d_prime: 10 d: 8[0m
[32m2025-01-01 18:49:16,164 - INFO - d_prime: 11 d: 8[0m
[32m2025-01-01 18:49:16,168 - INFO - d_prime: 12 d: 8[0m
[32m2025-01-01 18:49:16,172 - INFO - d_prime: 13 d: 8[0m
[32m2025-01-01 18:49:16,174 - INFO - forbidden_vars: ([{0:1},{0:1},{1:1},{4:1},{4:1},{4:1},{0:1,1:1},{1:2},{1:1,2:1},{1:2},{1:1,4:1},{1:1,4:1},{1:2},{1:2},{2:1,7:1},{2:2},{2:1,4:1},{2:1,5:1},{2:1,4:1},{4:1,7:1},{5:2},{5:2},{0:1,1:1,2:1},{0:1,1:2},{0:2,2:1},{0:1,4:1,7:1},{0:2,2:1},{0:2,2:1},{0:1,2:2},{0:2,4:1},{1:2,7:1},{1:1,5:2},{4:2,7:1},{4:2,7:1}])[0m
[32m2025-01-01 18:49:16,174 - INFO - False[0m
[32m2025-01-01 18:49:22,269 - INFO - d_prime: 10 d: 10[0m
[32m2025-01-01 18:49:22,272 - INFO - d_prime: 11 d: 10[0m
[32m2025-01-01 18:49:22,275 - INFO - d_prime: 12 d: 10[0m
[32m2025-01-01 18:49:22,277 - INFO - d_prime: 13 d: 10[0m
[32m2025-01-01 18:49:22,280 - INFO - forbidden_vars: ([{1:1},{1:1},{1:1},{1:1},{1:1},{1:1},{2:1},{2:1},{2:1},{2:1},{2:1},{5:1},{5:1},{6:1},{6:1},{6:1},{7:1},{7:1},{7:1},{7:1},{7:1},{7:1},{7:1},{1:1,6:1},{1:1,2:1},{1:2},{2:1,7:1},{2:1,6:1},{6:1,7:1},{6:1,7:1},{6:1,7:1},{1:2,5:1},{1:2,6:1},{1:2,6:1},{1:3},{5:1,6:1,7:1}])[0m
[32m2025-01-01 18:49:22,280 - INFO - False[0m
[32m2025-01-01 18:49:41,597 - INFO - d_prime: 11 d: 12[0m
[32m2025-01-01 18:49:41,601 - INFO - d_prime: 12 d: 12[0m
[32m2025-01-01 18:49:41,606 - INFO - d_prime: 13 d: 12[0m
[32m2025-01-01 18:49:41,608 - INFO - forbidden_vars: ([{0:1},{0:1},{1:1},{2:1},{4:1},{5:1},{6:1},{7:1},{0:1,7:1},{0:1,6:1},{0:1,2:1},{0:1,4:1},{0:1,2:1},{0:2},{0:1,5:1},{1:1,2:1},{1:2},{1:1,6:1},{1:2},{1:1,2:1},{2:1,5:1},{2:1,4:1},{2:1,6:1},{2:1,5:1},{4:1,5:1},{4:1,6:1},{5:1,7:1},{7:2},{7:2},{0:1,7:2},{0:1,7:2},{0:2,4:1},{0:2,2:1},{0:1,2:2},{0:1,4:1,6:1},{1:1,2:1,4:1},{1:2,5:1},{2:1,5:1,6:1},{2:3},{4:2,5:1}])[0m
[32m2025-01-01 18:49:41,608 - INFO - False[0m
[32m2025-01-01 18:49:50,936 - INFO - d_prime: 11 d: 13[0m
[32m2025-01-01 18:49:50,940 - INFO - d_prime: 12 d: 13[0m
[32m2025-01-01 18:49:50,943 - INFO - d_prime: 13 d: 13[0m
[32m2025-01-01 18:49:50,945 - INFO - forbidden_vars: ([{1:1},{2:1},{4:1},{4:1},{7:1},{1:2},{1:2},{2:1,3:1},{2:1,3:1},{2:1,3:1},{2:1,5:1},{2:1,4:1},{3:2},{3:2},{3:1,7:1},{3:1,4:1},{3:1,5:1},{6:2},{6:1,7:1},{6:2},{1:2,7:1},{1:2,3:1},{2:1,4:1,5:1},{2:2,6:1},{2:1,3:2},{2:1,3:2},{2:1,3:2},{2:1,3:2},{2:1,5:1,6:1},{3:1,4:1,6:1},{3:1,4:1,6:1},{3:2,6:1},{3:1,6:2},{3:1,6:2},{3:2,6:1},{3:2,4:1},{3:3},{3:1,6:2},{6:1,7:2}])[0m
[32m2025-01-01 18:49:50,945 - INFO - False[0m
     0     0  544.00000    0 4494          -  544.00000      -     -  284s
[32m2025-01-01 18:50:03,961 - INFO - d_prime: 4 d: 4[0m
[32m2025-01-01 18:50:03,964 - INFO - d_prime: 5 d: 4[0m
[32m2025-01-01 18:50:03,966 - INFO - d_prime: 6 d: 4[0m
[32m2025-01-01 18:50:03,968 - INFO - d_prime: 7 d: 4[0m
[32m2025-01-01 18:50:03,970 - INFO - d_prime: 8 d: 4[0m
[32m2025-01-01 18:50:03,972 - INFO - d_prime: 9 d: 4[0m
[32m2025-01-01 18:50:03,973 - INFO - d_prime: 10 d: 4[0m
[32m2025-01-01 18:50:03,975 - INFO - d_prime: 11 d: 4[0m
[32m2025-01-01 18:50:03,977 - INFO - d_prime: 12 d: 4[0m
[32m2025-01-01 18:50:03,979 - INFO - d_prime: 13 d: 4[0m
[32m2025-01-01 18:50:03,981 - INFO - forbidden_vars: ([{4:1},{4:1},{4:1},{5:1},{6:1},{7:1},{7:1},{7:1},{7:1},{7:1},{4:1,6:1},{4:1,5:1},{4:1,5:1},{4:1,6:1},{4:1,6:1},{5:1,7:1},{6:2},{6:1,7:1},{4:1,6:2},{4:1,5:1,7:1},{4:1,5:1,7:1},{5:2,6:1},{5:2,7:1}])[0m
[32m2025-01-01 18:50:03,981 - INFO - False[0m
[32m2025-01-01 18:50:41,693 - INFO - d_prime: 8 d: 8[0m
[32m2025-01-01 18:50:41,698 - INFO - d_prime: 9 d: 8[0m
[32m2025-01-01 18:50:41,701 - INFO - d_prime: 10 d: 8[0m
[32m2025-01-01 18:50:41,705 - INFO - d_prime: 11 d: 8[0m
[32m2025-01-01 18:50:41,709 - INFO - d_prime: 12 d: 8[0m
[32m2025-01-01 18:50:41,713 - INFO - d_prime: 13 d: 8[0m
[32m2025-01-01 18:50:41,715 - INFO - forbidden_vars: ([{0:1},{0:1},{0:1},{1:1},{4:1},{4:1},{7:1},{0:1,2:1},{1:2},{1:1,2:1},{1:2},{1:1,4:1},{1:1,4:1},{1:2},{1:2},{2:1,7:1},{2:2},{2:1,4:1},{2:1,5:1},{2:1,4:1},{5:2},{5:2},{0:1,1:1,2:1},{0:1,1:2},{0:2,2:1},{0:1,4:1,7:1},{0:2,2:1},{0:1,2:2},{0:2,4:1},{1:2,7:1},{1:1,5:2},{4:2,7:1},{4:1,7:2},{4:2,7:1}])[0m
[32m2025-01-01 18:50:41,715 - INFO - False[0m
[32m2025-01-01 18:51:16,956 - INFO - d_prime: 11 d: 12[0m
[32m2025-01-01 18:51:16,960 - INFO - d_prime: 12 d: 12[0m
[32m2025-01-01 18:51:16,964 - INFO - d_prime: 13 d: 12[0m
[32m2025-01-01 18:51:16,966 - INFO - forbidden_vars: ([{0:1},{0:1},{0:1},{1:1},{1:1},{1:1},{2:1},{5:1},{5:1},{7:1},{0:2},{0:1,4:1},{0:1,2:1},{0:1,4:1},{0:1,7:1},{0:2},{0:2},{0:1,5:1},{0:1,4:1},{1:1,2:1},{1:2},{1:1,2:1},{2:1,7:1},{2:1,5:1},{2:2},{4:1,5:1},{4:1,7:1},{5:1,7:1},{7:2},{7:2},{7:2},{0:1,7:2},{0:1,7:2},{0:1,1:1,2:1},{0:1,2:1,4:1},{1:1,4:2},{1:1,2:1,4:1},{1:2,5:1},{2:1,5:1,7:1},{4:2,5:1}])[0m
[32m2025-01-01 18:51:16,966 - INFO - False[0m
[32m2025-01-01 18:51:31,924 - INFO - d_prime: 11 d: 13[0m
[32m2025-01-01 18:51:31,927 - INFO - d_prime: 12 d: 13[0m
[32m2025-01-01 18:51:31,931 - INFO - d_prime: 13 d: 13[0m
[32m2025-01-01 18:51:31,933 - INFO - forbidden_vars: ([{2:1},{4:1},{1:2},{1:1,7:1},{2:1,3:1},{2:1,6:1},{2:1,3:1},{2:1,5:1},{2:1,6:1},{2:1,4:1},{3:2},{3:2},{3:1,7:1},{3:1,4:1},{3:1,5:1},{4:1,6:1},{4:2},{6:2},{1:2,7:1},{1:2,3:1},{1:2,6:1},{2:1,4:1,5:1},{2:2,6:1},{2:1,3:2},{2:2,3:1},{2:1,3:2},{2:1,3:2},{2:1,3:2},{3:1,4:2},{3:1,4:1,6:1},{3:1,6:2},{3:1,6:2},{3:2,6:1},{3:2,6:1},{3:2,4:1},{3:3},{3:1,6:2},{6:2,7:1}])[0m
[32m2025-01-01 18:51:31,933 - INFO - False[0m
     0     0  544.00000    0 4494          -  544.00000      -     -  385s
[32m2025-01-01 18:51:42,000 - INFO - d_prime: 4 d: 4[0m
[32m2025-01-01 18:51:42,002 - INFO - d_prime: 5 d: 4[0m
[32m2025-01-01 18:51:42,004 - INFO - d_prime: 6 d: 4[0m
[32m2025-01-01 18:51:42,006 - INFO - d_prime: 7 d: 4[0m
[32m2025-01-01 18:51:42,008 - INFO - d_prime: 8 d: 4[0m
[32m2025-01-01 18:51:42,010 - INFO - d_prime: 9 d: 4[0m
[32m2025-01-01 18:51:42,012 - INFO - d_prime: 10 d: 4[0m
[32m2025-01-01 18:51:42,014 - INFO - d_prime: 11 d: 4[0m
[32m2025-01-01 18:51:42,016 - INFO - d_prime: 12 d: 4[0m
[32m2025-01-01 18:51:42,017 - INFO - d_prime: 13 d: 4[0m
[32m2025-01-01 18:51:42,019 - INFO - forbidden_vars: ([{4:1},{4:1},{4:1},{5:1},{7:1},{7:1},{7:1},{7:1},{7:1},{4:1,6:1},{4:1,6:1},{4:1,5:1},{4:1,5:1},{4:1,6:1},{4:1,6:1},{5:1,7:1},{6:2},{6:2},{6:1,7:1},{4:1,5:1,6:1},{4:1,5:1,7:1},{4:1,5:1,7:1},{5:3}])[0m
[32m2025-01-01 18:51:42,019 - INFO - False[0m
[32m2025-01-01 18:52:20,931 - INFO - d_prime: 8 d: 8[0m
[32m2025-01-01 18:52:20,935 - INFO - d_prime: 9 d: 8[0m
[32m2025-01-01 18:52:20,939 - INFO - d_prime: 10 d: 8[0m
[32m2025-01-01 18:52:20,943 - INFO - d_prime: 11 d: 8[0m
[32m2025-01-01 18:52:20,947 - INFO - d_prime: 12 d: 8[0m
[32m2025-01-01 18:52:20,951 - INFO - d_prime: 13 d: 8[0m
[32m2025-01-01 18:52:20,953 - INFO - forbidden_vars: ([{0:1},{0:1},{0:1},{1:1},{4:1},{4:1},{7:1},{0:1,2:1},{1:2},{1:2},{1:1,4:1},{1:1,4:1},{1:2},{1:2},{2:1,7:1},{2:2},{2:1,4:1},{2:1,5:1},{2:1,4:1},{4:1,7:1},{5:2},{5:2},{0:1,1:1,2:1},{0:1,1:2},{0:2,2:1},{0:1,4:1,7:1},{0:2,2:1},{0:1,2:2},{0:2,7:1},{1:1,2:1,4:1},{1:2,7:1},{1:1,5:2},{4:2,7:1},{4:1,5:1,7:1}])[0m
[32m2025-01-01 18:52:20,953 - INFO - False[0m
[32m2025-01-01 18:52:42,693 - INFO - d_prime: 11 d: 12[0m
[32m2025-01-01 18:52:42,697 - INFO - d_prime: 12 d: 12[0m
[32m2025-01-01 18:52:42,701 - INFO - d_prime: 13 d: 12[0m
[32m2025-01-01 18:52:42,703 - INFO - forbidden_vars: ([{0:1},{0:1},{0:1},{1:1},{1:1},{1:1},{2:1},{5:1},{5:1},{7:1},{0:1,5:1},{0:2},{0:1,4:1},{0:1,2:1},{0:1,4:1},{0:1,2:1},{0:2},{0:1,5:1},{0:1,4:1},{1:1,2:1},{1:1,2:1},{1:2},{1:1,2:1},{2:1,4:1},{2:1,7:1},{2:1,5:1},{2:2},{4:1,5:1},{4:1,7:1},{5:1,7:1},{7:2},{7:2},{7:2},{0:1,7:2},{0:1,7:2},{0:2,4:1},{1:1,2:1,4:1},{1:2,5:1},{2:1,5:1,7:1},{4:2,5:1}])[0m
[32m2025-01-01 18:52:42,703 - INFO - False[0m
[32m2025-01-01 18:52:52,405 - INFO - d_prime: 11 d: 13[0m
[32m2025-01-01 18:52:52,409 - INFO - d_prime: 12 d: 13[0m
[32m2025-01-01 18:52:52,412 - INFO - d_prime: 13 d: 13[0m
[32m2025-01-01 18:52:52,414 - INFO - forbidden_vars: ([{2:1},{6:1},{1:2},{1:1,7:1},{2:1,3:1},{2:1,3:1},{2:1,5:1},{2:1,6:1},{2:1,4:1},{3:2},{3:2},{3:1,7:1},{3:1,4:1},{3:1,5:1},{4:1,6:1},{4:2},{6:2},{1:1,3:1,4:1},{1:2,7:1},{1:2,3:1},{1:2,6:1},{2:1,5:1,6:1},{2:2,6:1},{2:1,3:2},{2:2,3:1},{2:1,3:2},{2:2,3:1},{2:1,3:2},{2:1,5:1,6:1},{3:1,4:1,6:1},{3:1,6:2},{3:1,6:2},{3:1,4:1,6:1},{3:2,6:1},{3:2,4:1},{3:3},{3:1,4:1,6:1},{6:2,7:1}])[0m
[32m2025-01-01 18:52:52,414 - INFO - False[0m
     0     0  544.00000    0 4494          -  544.00000      -     -  465s
     0     0  544.00000    0 4494          -  544.00000      -     -  484s
[32m2025-01-01 18:54:51,791 - INFO - d_prime: 8 d: 8[0m
[32m2025-01-01 18:54:51,796 - INFO - d_prime: 9 d: 8[0m
[32m2025-01-01 18:54:51,800 - INFO - d_prime: 10 d: 8[0m
[32m2025-01-01 18:54:51,804 - INFO - d_prime: 11 d: 8[0m
[32m2025-01-01 18:54:51,808 - INFO - d_prime: 12 d: 8[0m
[32m2025-01-01 18:54:51,812 - INFO - d_prime: 13 d: 8[0m
[32m2025-01-01 18:54:51,814 - INFO - forbidden_vars: ([{0:1},{0:1},{1:1},{1:1},{1:1},{1:1},{2:1},{4:1},{4:1},{5:1},{5:1},{1:2},{1:2},{1:1,5:1},{1:1,2:1},{1:2},{1:2},{2:1,7:1},{2:1,5:1},{2:1,5:1},{4:1,7:1},{4:1,5:1},{5:2},{5:1,7:1},{5:2},{5:2},{0:1,1:1,7:1},{0:1,4:1,7:1},{0:1,4:2},{0:1,1:1,4:1},{0:1,2:1,5:1},{0:2,5:1},{1:2,7:1},{1:2,5:1},{1:1,4:2}])[0m
[32m2025-01-01 18:54:51,814 - INFO - False[0m
[32m2025-01-01 18:54:55,623 - INFO - d_prime: 10 d: 10[0m
[32m2025-01-01 18:54:55,626 - INFO - d_prime: 11 d: 10[0m
[32m2025-01-01 18:54:55,629 - INFO - d_prime: 12 d: 10[0m
[32m2025-01-01 18:54:55,631 - INFO - d_prime: 13 d: 10[0m
[32m2025-01-01 18:54:55,633 - INFO - forbidden_vars: ([{1:1},{1:1},{1:1},{1:1},{1:1},{1:1},{1:1},{2:1},{2:1},{2:1},{2:1},{4:1},{5:1},{6:1},{6:1},{6:1},{7:1},{7:1},{7:1},{7:1},{7:1},{7:1},{7:1},{1:2},{1:2},{1:1,6:1},{1:2},{1:1,2:1},{1:1,2:1},{2:1,7:1},{2:1,5:1},{6:1,7:1},{6:1,7:1},{6:1,7:1},{1:2,2:1},{1:2,2:1}])[0m
[32m2025-01-01 18:54:55,633 - INFO - False[0m
[32m2025-01-01 18:55:11,328 - INFO - d_prime: 11 d: 12[0m
[32m2025-01-01 18:55:11,332 - INFO - d_prime: 12 d: 12[0m
[32m2025-01-01 18:55:11,336 - INFO - d_prime: 13 d: 12[0m
[32m2025-01-01 18:55:11,339 - INFO - forbidden_vars: ([{0:1},{4:1},{5:1},{7:1},{0:1,2:1},{0:1,2:1},{0:1,4:1},{0:1,2:1},{0:1,1:1},{0:1,2:1},{0:1,6:1},{1:1,2:1},{1:1,2:1},{1:1,5:1},{1:1,7:1},{1:1,6:1},{2:2},{2:1,6:1},{2:2},{2:1,6:1},{2:1,6:1},{2:1,4:1},{2:2},{2:1,7:1},{5:1,6:1},{7:2},{7:2},{0:1,2:2},{0:1,4:1,7:1},{0:1,1:1,6:1},{0:2,2:1},{0:1,1:1,2:1},{1:1,2:1,4:1},{1:1,4:1,7:1},{1:2,2:1},{2:1,4:1,7:1},{2:2,6:1},{2:1,5:1,7:1},{2:3},{4:3}])[0m
[32m2025-01-01 18:55:11,339 - INFO - False[0m
[32m2025-01-01 18:55:19,282 - INFO - d_prime: 11 d: 13[0m
[32m2025-01-01 18:55:19,285 - INFO - d_prime: 12 d: 13[0m
[32m2025-01-01 18:55:19,289 - INFO - d_prime: 13 d: 13[0m
[32m2025-01-01 18:55:19,291 - INFO - forbidden_vars: ([{1:1},{1:1},{2:1},{3:1},{3:1},{6:1},{6:1},{1:1,3:1},{1:1,2:1},{1:1,3:1},{2:1,6:1},{3:2},{3:2},{3:2},{3:1,4:1},{3:2},{3:2},{4:1,6:1},{4:1,6:1},{5:1,6:1},{6:2},{6:2},{1:1,2:1,3:1},{1:2,7:1},{1:2,3:1},{1:1,4:1,6:1},{1:2,4:1},{1:1,5:1,6:1},{1:1,3:2},{2:2,6:1},{2:1,3:1,4:1},{2:1,3:2},{2:1,3:2},{2:1,3:2},{3:1,6:2},{3:1,6:2},{3:1,6:2},{3:1,6:2},{3:1,6:1,7:1}])[0m
[32m2025-01-01 18:55:19,291 - INFO - False[0m
[32m2025-01-01 18:59:46,887 - INFO - d_prime: 11 d: 12[0m
[32m2025-01-01 18:59:46,891 - INFO - d_prime: 12 d: 12[0m
[32m2025-01-01 18:59:46,896 - INFO - d_prime: 13 d: 12[0m
[32m2025-01-01 18:59:46,898 - INFO - forbidden_vars: ([{1:1},{2:1},{4:1},{4:1},{4:1},{4:1},{5:1},{5:1},{5:1},{6:1},{6:1},{6:1},{0:1,5:1},{0:1,1:1},{0:1,2:1},{0:1,4:1},{0:1,4:1},{1:1,6:1},{2:1,4:1},{2:1,4:1},{2:1,7:1},{2:1,4:1},{2:2},{4:1,7:1},{4:1,5:1},{4:1,6:1},{4:1,5:1},{4:1,7:1},{5:1,7:1},{5:2},{7:2},{0:1,4:2},{0:1,1:1,5:1},{1:1,4:1,7:1},{1:2,2:1},{1:1,5:1,7:1},{1:1,4:2},{2:1,5:1,6:1}])[0m
[32m2025-01-01 18:59:46,898 - INFO - False[0m
[32m2025-01-01 18:59:53,424 - INFO - d_prime: 11 d: 13[0m
[32m2025-01-01 18:59:53,428 - INFO - d_prime: 12 d: 13[0m
[32m2025-01-01 18:59:53,431 - INFO - d_prime: 13 d: 13[0m
[32m2025-01-01 18:59:53,433 - INFO - forbidden_vars: ([{0:1},{1:1},{2:1},{2:1},{3:1},{3:1},{4:1},{0:1,2:1},{0:1,7:1},{0:1,4:1},{1:1,2:1},{2:1,7:1},{2:1,3:1},{2:2},{2:1,3:1},{2:1,3:1},{2:2},{3:1,6:1},{3:2},{3:1,6:1},{4:1,7:1},{4:1,5:1},{5:2},{5:2},{5:1,6:1},{5:1,6:1},{1:1,2:1,4:1},{1:1,2:1,3:1},{2:1,3:2},{2:2,4:1},{2:1,3:1,4:1},{3:1,4:1,7:1},{3:3},{3:2,4:1},{3:1,6:1,7:1},{3:1,5:1,7:1},{4:1,7:2},{5:2,6:1}])[0m
[32m2025-01-01 18:59:53,433 - INFO - False[0m
     0     2  544.00000    0  216          -  544.00000      -     -  886s
     3     8  544.00000    2  236          -  544.00000      - 10665  891s
    23    29  544.00000    7  201          -  544.00000      -  1503  895s
    28    39  544.00000    8  169          -  544.00000      -  1257  913s
    38   113  544.00000   11  195          -  544.00000      -  2320  920s
   112   350  544.00000   32  132          -  544.00000      -   823  937s
   349   644  544.00000   89  149          -  544.00000      -   299  955s
   643   874  544.00000  174   96          -  544.00000      -   179  969s
   875  1102  544.00000  260   42          -  544.00000      -   143  985s
  1103  1291  544.00000  313   98          -  544.00000      -   124 1001s
[32m2025-01-01 19:04:24,054 - INFO - d_prime: 11 d: 12[0m
[32m2025-01-01 19:04:24,058 - INFO - d_prime: 12 d: 12[0m
[32m2025-01-01 19:04:24,062 - INFO - d_prime: 13 d: 12[0m
[32m2025-01-01 19:04:24,065 - INFO - forbidden_vars: ([{1:1},{2:1},{4:1},{4:1},{4:1},{4:1},{5:1},{5:1},{5:1},{5:1},{6:1},{6:1},{7:1},{0:1,5:1},{0:1,1:1},{0:1,2:1},{0:1,4:1},{0:1,4:1},{1:1,5:1},{1:1,6:1},{2:1,4:1},{2:1,4:1},{2:1,7:1},{2:1,4:1},{2:2},{4:1,5:1},{4:1,6:1},{4:1,5:1},{4:1,7:1},{5:2},{6:1,7:1},{7:2},{0:1,4:2},{0:1,4:2},{0:1,1:1,7:1},{1:1,4:1,7:1},{1:1,4:2},{2:1,5:2},{2:1,5:1,6:1}])[0m
[32m2025-01-01 19:04:24,065 - INFO - False[0m
[32m2025-01-01 19:04:36,544 - INFO - d_prime: 11 d: 13[0m
[32m2025-01-01 19:04:36,548 - INFO - d_prime: 12 d: 13[0m
[32m2025-01-01 19:04:36,551 - INFO - d_prime: 13 d: 13[0m
[32m2025-01-01 19:04:36,553 - INFO - forbidden_vars: ([{0:1},{1:1},{3:1},{3:1},{4:1},{6:1},{0:1,4:1},{0:1,6:1},{1:1,2:1},{2:1,7:1},{2:1,3:1},{2:2},{2:1,3:1},{2:2},{2:1,4:1},{3:1,6:1},{3:1,7:1},{3:1,7:1},{3:1,4:1},{3:1,6:1},{4:1,5:1},{5:2},{5:2},{5:1,6:1},{5:1,6:1},{1:1,2:1,6:1},{2:1,4:2},{2:1,3:2},{2:1,6:1,7:1},{2:2,4:1},{3:3},{3:1,4:1,6:1},{3:1,4:2},{3:1,6:1,7:1},{3:1,5:1,6:1},{3:1,5:1,6:1},{4:1,5:2},{4:2,6:1}])[0m
[32m2025-01-01 19:04:36,554 - INFO - False[0m
  1294  1497  544.00000  358  102          -  544.00000      -   117 1186s
