1.NAME: LBBDSolver
2.PARAMS: {'break_symmetry': True, 'add_constraints_to_symmetrc_days': True, 'subsolver_cls': 'CPSubSolver'}
3.INSTANCE: /home/wx350715/Kobra/rehabiliation-admission-scheduling/data/comp_study_002/instance_7_5.txt
4.REPETITION: 1
Current directory: /home/wx350715/Kobra/rehabiliation-admission-scheduling
[34m2025-01-01 15:58:26,149 - DEBUG - Solver: <class 'src.solvers.benders.LBBDSolver'>[0m
[34m2025-01-01 15:58:26,150 - DEBUG - Args: {'break_symmetry': True, 'add_constraints_to_symmetrc_days': True, 'subsolver_cls': 'CPSubSolver'}[0m
[34m2025-01-01 15:58:26,150 - DEBUG - File path /home/wx350715/Kobra/rehabiliation-admission-scheduling/data/comp_study_002/instance_7_5.txt[0m
[34m2025-01-01 15:58:26,150 - DEBUG - ADD INSTANCE DATA[0m
[34m2025-01-01 15:58:26,150 - DEBUG - ADD INSTANCE DATA[0m
[34m2025-01-01 15:58:26,150 - DEBUG - ADD INSTANCE DATA[0m
[34m2025-01-01 15:58:26,150 - DEBUG - ADD INSTANCE DATA[0m
[34m2025-01-01 15:58:26,150 - DEBUG - ADD INSTANCE DATA[0m
[34m2025-01-01 15:58:26,150 - DEBUG - ADD INSTANCE DATA[0m
[34m2025-01-01 15:58:26,150 - DEBUG - ADD INSTANCE DATA[0m
[34m2025-01-01 15:58:26,150 - DEBUG - ADD INSTANCE DATA[0m
[34m2025-01-01 15:58:26,150 - DEBUG - ADD INSTANCE DATA[0m
[34m2025-01-01 15:58:26,150 - DEBUG - ADD INSTANCE DATA[0m
[34m2025-01-01 15:58:26,150 - DEBUG - ADD INSTANCE DATA[0m
[34m2025-01-01 15:58:26,150 - DEBUG - ADD RESOURCE_GROUPS[0m
[34m2025-01-01 15:58:26,150 - DEBUG - ADD RESOURCE_GROUPS[0m
[34m2025-01-01 15:58:26,151 - DEBUG - ADD RESOURCE_GROUPS[0m
[34m2025-01-01 15:58:26,151 - DEBUG - ADD RESOURCE_GROUPS[0m
[34m2025-01-01 15:58:26,151 - DEBUG - ADD RESOURCE_GROUPS[0m
[34m2025-01-01 15:58:26,151 - DEBUG - ADD RESOURCES[0m
[34m2025-01-01 15:58:26,151 - DEBUG - ADD RESOURCES[0m
[34m2025-01-01 15:58:26,151 - DEBUG - ADD RESOURCES[0m
[34m2025-01-01 15:58:26,151 - DEBUG - ADD RESOURCES[0m
[34m2025-01-01 15:58:26,151 - DEBUG - ADD RESOURCES[0m
[34m2025-01-01 15:58:26,151 - DEBUG - ADD RESOURCES[0m
[34m2025-01-01 15:58:26,151 - DEBUG - ADD RESOURCES[0m
[34m2025-01-01 15:58:26,151 - DEBUG - ADD RESOURCES[0m
[34m2025-01-01 15:58:26,151 - DEBUG - ADD RESOURCES[0m
[34m2025-01-01 15:58:26,151 - DEBUG - ADD RESOURCES[0m
[34m2025-01-01 15:58:26,152 - DEBUG - ADD TREATMENTS[0m
[34m2025-01-01 15:58:26,152 - DEBUG - ADD TREATMENTS[0m
[34m2025-01-01 15:58:26,152 - DEBUG - ADD TREATMENTS[0m
[34m2025-01-01 15:58:26,152 - DEBUG - ADD TREATMENTS[0m
[34m2025-01-01 15:58:26,152 - DEBUG - ADD TREATMENTS[0m
[34m2025-01-01 15:58:26,152 - DEBUG - ADD TREATMENTS[0m
[34m2025-01-01 15:58:26,152 - DEBUG - ADD TREATMENTS[0m
[34m2025-01-01 15:58:26,152 - DEBUG - ADD TREATMENTS[0m
[34m2025-01-01 15:58:26,152 - DEBUG - ADD TREATMENTS[0m
[34m2025-01-01 15:58:26,152 - DEBUG - ADD TREATMENTS[0m
[34m2025-01-01 15:58:26,152 - DEBUG - ADD PATIENTS[0m
[34m2025-01-01 15:58:26,152 - DEBUG - ADD PATIENTS[0m
[34m2025-01-01 15:58:26,153 - DEBUG - ADD PATIENTS[0m
[34m2025-01-01 15:58:26,153 - DEBUG - ADD PATIENTS[0m
[34m2025-01-01 15:58:26,153 - DEBUG - ADD PATIENTS[0m
[34m2025-01-01 15:58:26,153 - DEBUG - ADD PATIENTS[0m
[34m2025-01-01 15:58:26,153 - DEBUG - ADD PATIENTS[0m
[34m2025-01-01 15:58:26,153 - DEBUG - ADD PATIENTS[0m
[34m2025-01-01 15:58:26,153 - DEBUG - ADD PATIENTS[0m
[34m2025-01-01 15:58:26,153 - DEBUG - ADD PATIENTS[0m
[34m2025-01-01 15:58:26,153 - DEBUG - ADD PATIENTS[0m
[34m2025-01-01 15:58:26,153 - DEBUG - ADD PATIENTS[0m
[34m2025-01-01 15:58:26,154 - DEBUG - ADD PATIENTS[0m
[34m2025-01-01 15:58:26,154 - DEBUG - ADD PATIENTS[0m
[34m2025-01-01 15:58:26,154 - DEBUG - ADD PATIENTS[0m
[34m2025-01-01 15:58:26,154 - DEBUG - ADD PATIENTS[0m
[34m2025-01-01 15:58:26,154 - DEBUG - ADD PATIENTS[0m
[34m2025-01-01 15:58:26,154 - DEBUG - ADD PATIENTS[0m
[34m2025-01-01 15:58:26,154 - DEBUG - ADD PATIENTS[0m
[34m2025-01-01 15:58:26,154 - DEBUG - ADD PATIENTS[0m
[34m2025-01-01 15:58:26,154 - DEBUG - Instance data:[0m
[34m2025-01-01 15:58:26,157 - DEBUG - Number of patients: 19[0m
[34m2025-01-01 15:58:26,158 - DEBUG - Number of beds: 40[0m
[34m2025-01-01 15:58:26,158 - DEBUG - Average number of treatments per patient: 23.526315789473685[0m
[34m2025-01-01 15:58:26,158 - DEBUG - Average number of treatment per stayed day: 2.3526315789473684[0m
[34m2025-01-01 15:58:26,158 - DEBUG - Number of treatments: 447[0m
[34m2025-01-01 15:58:26,158 - DEBUG - Number of resources: 10[0m
[34m2025-01-01 15:58:26,158 - DEBUG - Number of resource groups: 5[0m
[34m2025-01-01 15:58:26,158 - DEBUG - Number of resource hours needed per all treatment by RG(rooms): 22.09999999999998[0m
[34m2025-01-01 15:58:26,158 - DEBUG - Number of resource hours needed per all treatment by RG(physiotherapist): 9.75[0m
[34m2025-01-01 15:58:26,158 - DEBUG - Number of resource hours needed per all treatment by RG(therapists): 7.975000000000001[0m
[34m2025-01-01 15:58:26,158 - DEBUG - Number of resource hours needed per all treatment by RG(sport_room): 5.625[0m
[32m2025-01-01 15:58:26,158 - INFO - {'solver': 'LBBDSolver', 'args': {'break_symmetry': False, 'subsolver_cls': <class 'src.solvers.subsolvers.cp_subsolver.CPSubsolver'>, 'subsolver.store_results': True, 'subsolver.store_results_method': 'hash', 'use_helper_constraints': True, 'enforce_min_treatments_per_day': True, 'enforce_max_treatments_per_e_w': True, 'enforce_min_patients_per_treatment': True, 'log_to_console': True}}[0m
[34m2025-01-01 15:58:26,158 - DEBUG - Setting options: LBBDSolver[0m
[34m2025-01-01 15:58:26,158 - DEBUG -  ---- break_symmetry to False[0m
[34m2025-01-01 15:58:26,158 - DEBUG -  ---- subsolver_cls to <class 'src.solvers.subsolvers.cp_subsolver.CPSubsolver'>[0m
[34m2025-01-01 15:58:26,158 - DEBUG -  ---- use_helper_constraints to True[0m
[34m2025-01-01 15:58:26,158 - DEBUG -  ---- add_constraints_to_symmetric_days to True (default)[0m
[34m2025-01-01 15:58:26,158 - DEBUG - Setting options: Solver[0m
[34m2025-01-01 15:58:26,158 - DEBUG -  ---- number_of_threads to 4 (default)[0m
[34m2025-01-01 15:58:26,158 - DEBUG -  ---- treatment_value to 0 (default)[0m
[34m2025-01-01 15:58:26,158 - DEBUG -  ---- delay_value to 1 (default)[0m
[34m2025-01-01 15:58:26,158 - DEBUG -  ---- missing_treatment_value to 4 (default)[0m
[34m2025-01-01 15:58:26,158 - DEBUG -  ---- enforce_min_treatments_per_day to True[0m
[34m2025-01-01 15:58:26,158 - DEBUG -  ---- enforce_max_treatments_per_e_w to True[0m
[34m2025-01-01 15:58:26,158 - DEBUG -  ---- enforce_min_patients_per_treatment to True[0m
[34m2025-01-01 15:58:26,158 - DEBUG -  ---- log_to_console to True[0m
[34m2025-01-01 15:58:26,159 - DEBUG -  ---- log_to_file to True (default)[0m
[34m2025-01-01 15:58:26,159 - DEBUG -  ---- no_rel_heur_time to 1 (default)[0m
[34m2025-01-01 15:58:26,248 - DEBUG - Setting options: CPSubsolver[0m
[34m2025-01-01 15:58:26,248 - DEBUG -  ---- estimated_needed_treatments to True (default)[0m
[34m2025-01-01 15:58:26,248 - DEBUG -  ---- add_patient_symmetry to False (default)[0m
[34m2025-01-01 15:58:26,248 - DEBUG - Setting Subsolver options: SubSolver[0m
[34m2025-01-01 15:58:26,248 - DEBUG -  ---- store_results to True[0m
[34m2025-01-01 15:58:26,248 - DEBUG -  ---- store_results_method to hash[0m
[34m2025-01-01 15:58:26,248 - DEBUG -  ---- enforce_min_patients_per_treatment to True[0m
[34m2025-01-01 15:58:26,248 - DEBUG -  ---- use_day_symmetry to True (default)[0m
[32m2025-01-01 15:58:26,328 - INFO - Create model: LBBDSolver[0m
Set parameter TSPort to value 50039
Set parameter TokenServer to value "license.itc.rwth-aachen.de"
Set parameter Threads to value 4
Set parameter Cuts to value 0
Set parameter LazyConstraints to value 1
Set parameter NoRelHeurTime to value 1
[34m2025-01-01 15:58:26,532 - DEBUG - Variables created.[0m
[34m2025-01-01 15:58:27,208 - DEBUG - Constraint (not too many treatments) created.[0m
[34m2025-01-01 15:58:27,732 - DEBUG - Constraint (no_treatments_outside admittance) created.[0m
[34m2025-01-01 15:58:27,733 - DEBUG - Constraint (bed_usage) created.[0m
[34m2025-01-01 15:58:27,733 - DEBUG - Constraint (must be admitted) created.[0m
[34m2025-01-01 15:58:27,807 - DEBUG - Constraint (e_w_ub) created.[0m
[34m2025-01-01 15:58:27,832 - DEBUG - Constraint (day_ub) created.[0m
[34m2025-01-01 15:58:27,856 - DEBUG - Constraint (Day always) created.[0m
[34m2025-01-01 15:58:27,856 - DEBUG - Constraint (already_admitted) created.[0m
[32m2025-01-01 15:58:28,433 - INFO - Time to create model: 2.105[0m
[32m2025-01-01 15:58:28,434 - INFO - Solving model: LBBDSolver[0m
Gurobi Optimizer version 10.0.0 build v10.0.0rc2 (linux64)

CPU model: Intel(R) Xeon(R) Platinum 8468, instruction set [SSE2|AVX|AVX2|AVX512]
Thread count: 96 physical cores, 96 logical processors, using up to 4 threads

Optimize a model with 121184 rows, 49620 columns and 974121 nonzeros
Model fingerprint: 0xe38b51d2
Variable types: 3 continuous, 49617 integer (49617 binary)
Coefficient statistics:
  Matrix range     [1e+00, 2e+01]
  Objective range  [1e+00, 1e+01]
  Bounds range     [1e+00, 1e+00]
  RHS range        [1e+00, 2e+03]
Found heuristic solution: objective 1209.0000000
Presolve added 0 rows and 236 columns
Presolve removed 60939 rows and 0 columns
Presolve time: 1.20s
Presolved: 60245 rows, 49856 columns, 742026 nonzeros
Variable types: 1 continuous, 49855 integer (49754 binary)
Found heuristic solution: objective 841.0000000
Starting NoRel heuristic
Found heuristic solution: objective 837.0000000
Root relaxation presolved: 60146 rows, 49955 columns, 715180 nonzeros

Deterministic concurrent LP optimizer: primal simplex, dual simplex, and barrier
Showing barrier log only...

Root barrier log...

Ordering time: 0.06s

Barrier statistics:
 Dense cols : 73
 AA' NZ     : 9.059e+04
 Factor NZ  : 3.428e+05 (roughly 7 MB of memory)
 Factor Ops : 5.982e+07 (less than 1 second per iteration)
 Threads    : 2

                  Objective                Residual
Iter       Primal          Dual         Primal    Dual     Compl     Time
   0  -1.37756183e+06 -1.09478081e+04  3.66e+04 1.24e+00  1.36e+02     9s
   1  -6.16941728e+05 -2.74497298e+04  1.64e+04 3.60e-01  5.74e+01     9s
   2  -9.43224996e+04 -2.20823062e+04  2.50e+03 1.74e-02  9.65e+00     9s
   3  -2.20445183e+04 -1.33530799e+04  5.85e+02 7.15e-03  2.65e+00     9s
   4  -7.72694465e+03 -5.23962240e+03  2.05e+02 1.94e-03  8.42e-01     9s
   5   4.80714994e+01 -1.59225762e+03  5.62e+00 2.50e-04  1.42e-01     9s
   6   1.18005795e+02 -4.33880703e+02  1.31e+00 6.47e-05  4.40e-02     9s
   7   1.38440636e+02  3.32548256e+01  1.53e-01 3.72e-05  8.00e-03     9s
   8   1.37168069e+02  1.17190200e+02  5.46e-02 6.72e-05  1.59e-03     9s
   9   1.36352263e+02  1.32373693e+02  1.16e-02 4.67e-05  3.18e-04     9s
  10   1.36080437e+02  1.35698243e+02  1.59e-03 1.05e-05  3.19e-05     9s
  11   1.36001272e+02  1.35996184e+02  1.50e-05 2.17e-06  4.08e-07     9s
  12   1.36000002e+02  1.35999996e+02  6.29e-11 2.82e-08  4.10e-10     9s

Barrier solved model in 12 iterations and 9.19 seconds (3.97 work units)
Optimal objective 1.36000002e+02


Root crossover log...

     785 DPushes remaining with DInf 0.0000000e+00                 9s
       0 DPushes remaining with DInf 0.0000000e+00                 9s

    2801 PPushes remaining with PInf 0.0000000e+00                 9s
       0 PPushes remaining with PInf 0.0000000e+00                 9s

  Push phase complete: Pinf 0.0000000e+00, Dinf 2.3735932e-11      9s


Root simplex log...

Iteration    Objective       Primal Inf.    Dual Inf.      Time
    3032    1.3600000e+02   0.000000e+00   0.000000e+00      9s
Concurrent spin time: 0.08s

Solved with barrier
    3032    1.3600000e+02   0.000000e+00   0.000000e+00      9s

Use crossover to convert LP symmetric solution to basic solution...

Root crossover log...

       0 DPushes remaining with DInf 0.0000000e+00                10s

   13957 PPushes remaining with PInf 0.0000000e+00                10s
    4106 PPushes remaining with PInf 0.0000000e+00                10s
       0 PPushes remaining with PInf 0.0000000e+00                11s

  Push phase complete: Pinf 0.0000000e+00, Dinf 1.1962652e-10     11s


Root simplex log...

Iteration    Objective       Primal Inf.    Dual Inf.      Time
   17003    1.3600000e+02   0.000000e+00   0.000000e+00     11s
   17003    1.3600000e+02   0.000000e+00   0.000000e+00     11s

Root relaxation: objective 1.360000e+02, 17003 iterations, 2.64 seconds (0.88 work units)
Total elapsed time = 15.44s

    Nodes    |    Current Node    |     Objective Bounds      |     Work
 Expl Unexpl |  Obj  Depth IntInf | Incumbent    BestBd   Gap | It/Node Time

     0     0  136.00000    0   46  837.00000  136.00000  83.8%     -   16s
H    0     0                     136.0000000  136.00000  0.00%     -   36s
     0     0  136.00000    0   46  136.00000  136.00000  0.00%     -   36s

Explored 1 nodes (49912 simplex iterations) in 36.34 seconds (15.84 work units)
Thread count was 4 (of 96 available processors)

Solution count 4: 136 837 841 1209 

Optimal solution found (tolerance 1.00e-04)
Best objective 1.360000000000e+02, best bound 1.360000000000e+02, gap 0.0000%

User-callback calls 850, time in user-callback 26.59 sec
[34m2025-01-01 15:59:04,820 - DEBUG - Finished optimization[0m
[34m2025-01-01 15:59:04,821 - DEBUG - Subsolver stats:[0m
[32m2025-01-01 15:59:04,821 - INFO - Number of cuts added: 0 (bad=0, good=0)[0m
[32m2025-01-01 15:59:04,821 - INFO - Unnecessary comps: (0 / 0)[0m
[32m2025-01-01 15:59:04,821 - INFO - Calls to is_day_infeasible: cp_solver=43/ total=56 stored=13[0m
[32m2025-01-01 15:59:04,821 - INFO - Is feasible: 26.528120279312134 0.9977371550724219[0m
[32m2025-01-01 15:59:04,821 - INFO - Subsolver: Solve Model: 25.82913565635681/0.9740668980085635[0m
[32m2025-01-01 15:59:04,821 - INFO - Subsolver: Create Model: 0.6876628398895264/0.025933101991436502[0m
[32m2025-01-01 15:59:04,821 - INFO - Num_constraints-added: 0[0m
[32m2025-01-01 15:59:04,821 - INFO - Optimal solution found.[0m
[34m2025-01-01 15:59:04,821 - DEBUG - Sub Objectives:[0m
[34m2025-01-01 15:59:04,821 - DEBUG - (SOLVER):Minimize Delay: 0.0[0m
[34m2025-01-01 15:59:04,821 - DEBUG - (SOLVER):Minimize Missing Treatments: 136.0[0m
[32m2025-01-01 15:59:04,821 - INFO - All cuts [][0m
[32m2025-01-01 15:59:04,821 - INFO - All cuts [][0m
[34m2025-01-01 15:59:18,280 - DEBUG - Patient 0 is admitted at day 0.[0m
[34m2025-01-01 15:59:18,280 - DEBUG - Patient 1 is admitted at day 1.[0m
[34m2025-01-01 15:59:18,280 - DEBUG - Patient 2 is admitted at day 2.[0m
[34m2025-01-01 15:59:18,280 - DEBUG - Patient 3 is admitted at day 2.[0m
[34m2025-01-01 15:59:18,280 - DEBUG - Patient 4 is admitted at day 3.[0m
[34m2025-01-01 15:59:18,280 - DEBUG - Patient 5 is admitted at day 4.[0m
[34m2025-01-01 15:59:18,280 - DEBUG - Patient 6 is admitted at day 5.[0m
[34m2025-01-01 15:59:18,280 - DEBUG - Patient 7 is admitted at day 2.[0m
[34m2025-01-01 15:59:18,280 - DEBUG - Patient 8 is admitted at day 7.[0m
[34m2025-01-01 15:59:18,281 - DEBUG - Patient 9 is admitted at day 9.[0m
[34m2025-01-01 15:59:18,281 - DEBUG - Patient 10 is admitted at day 0.[0m
[34m2025-01-01 15:59:18,281 - DEBUG - Patient 11 is admitted at day 2.[0m
[34m2025-01-01 15:59:18,281 - DEBUG - Patient 12 is admitted at day 3.[0m
[34m2025-01-01 15:59:18,281 - DEBUG - Patient 13 is admitted at day 8.[0m
[34m2025-01-01 15:59:18,281 - DEBUG - Patient 14 is admitted at day 6.[0m
[34m2025-01-01 15:59:18,281 - DEBUG - Patient 15 is admitted at day 11.[0m
[34m2025-01-01 15:59:18,281 - DEBUG - Patient 16 is admitted at day 4.[0m
[34m2025-01-01 15:59:18,281 - DEBUG - Patient 17 is admitted at day 5.[0m
[34m2025-01-01 15:59:18,281 - DEBUG - Patient 19 is admitted at day 0.[0m
[34m2025-01-01 15:59:18,281 - DEBUG - Patients [10] have treatment 4 starting at day 0, hour 9.50000000000001 using resources [9, 8].[0m
[34m2025-01-01 15:59:18,281 - DEBUG - Patients [10] have treatment 4 starting at day 0, hour 10.000000000000014 using resources [9, 6].[0m
[34m2025-01-01 15:59:18,281 - DEBUG - Patients [0, 10, 19] have treatment 9 starting at day 0, hour 8.0 using resources [2, 6].[0m
[34m2025-01-01 15:59:18,281 - DEBUG - Patients [0] have treatment 1 starting at day 1, hour 8.0 using resources [8].[0m
[34m2025-01-01 15:59:18,281 - DEBUG - Patients [0] have treatment 1 starting at day 1, hour 8.500000000000004 using resources [7].[0m
[34m2025-01-01 15:59:18,281 - DEBUG - Patients [10, 19] have treatment 3 starting at day 1, hour 8.0 using resources [9, 6].[0m
[34m2025-01-01 15:59:18,281 - DEBUG - Patients [10, 19] have treatment 3 starting at day 1, hour 10.000000000000014 using resources [9, 6].[0m
[34m2025-01-01 15:59:18,281 - DEBUG - Patients [1, 10, 19] have treatment 9 starting at day 1, hour 13.000000000000036 using resources [0, 6].[0m
[34m2025-01-01 15:59:18,282 - DEBUG - Patients [1] have treatment 1 starting at day 2, hour 8.0 using resources [8].[0m
[34m2025-01-01 15:59:18,282 - DEBUG - Patients [19] have treatment 4 starting at day 2, hour 13.000000000000036 using resources [0, 6].[0m
[34m2025-01-01 15:59:18,282 - DEBUG - Patients [2, 10] have treatment 5 starting at day 2, hour 13.500000000000039 using resources [5, 6].[0m
[34m2025-01-01 15:59:18,282 - DEBUG - Patients [0, 1] have treatment 5 starting at day 2, hour 14.000000000000043 using resources [5, 6].[0m
[34m2025-01-01 15:59:18,282 - DEBUG - Patients [3] have treatment 7 starting at day 2, hour 11.000000000000021 using resources [8, 6, 5].[0m
[34m2025-01-01 15:59:18,282 - DEBUG - Patients [0, 2, 3, 7, 10, 11, 19] have treatment 9 starting at day 2, hour 8.0 using resources [3, 6].[0m
[34m2025-01-01 15:59:18,282 - DEBUG - Patients [2, 3, 7, 10] have treatment 9 starting at day 2, hour 9.50000000000001 using resources [0, 6].[0m
[34m2025-01-01 15:59:18,282 - DEBUG - Patients [2] have treatment 1 starting at day 3, hour 11.000000000000021 using resources [7].[0m
[34m2025-01-01 15:59:18,282 - DEBUG - Patients [10, 11, 12, 19] have treatment 3 starting at day 3, hour 8.500000000000004 using resources [9, 7].[0m
[34m2025-01-01 15:59:18,282 - DEBUG - Patients [12, 19] have treatment 3 starting at day 3, hour 13.000000000000036 using resources [0, 7].[0m
[34m2025-01-01 15:59:18,282 - DEBUG - Patients [10] have treatment 4 starting at day 3, hour 8.0 using resources [4, 7].[0m
[34m2025-01-01 15:59:18,282 - DEBUG - Patients [19] have treatment 4 starting at day 3, hour 10.500000000000018 using resources [9, 7].[0m
[34m2025-01-01 15:59:18,282 - DEBUG - Patients [7, 11] have treatment 5 starting at day 3, hour 15.00000000000005 using resources [5, 6].[0m
[34m2025-01-01 15:59:18,282 - DEBUG - Patients [2, 4] have treatment 5 starting at day 3, hour 15.500000000000053 using resources [5, 6].[0m
[34m2025-01-01 15:59:18,282 - DEBUG - Patients [4, 7] have treatment 7 starting at day 3, hour 8.0 using resources [8, 6, 5].[0m
[34m2025-01-01 15:59:18,282 - DEBUG - Patients [4, 7] have treatment 7 starting at day 3, hour 9.000000000000007 using resources [8, 6, 5].[0m
[34m2025-01-01 15:59:18,282 - DEBUG - Patients [1, 3] have treatment 7 starting at day 3, hour 10.000000000000014 using resources [8, 6, 5].[0m
[34m2025-01-01 15:59:18,282 - DEBUG - Patients [1, 3] have treatment 7 starting at day 3, hour 11.000000000000021 using resources [8, 6, 4].[0m
[34m2025-01-01 15:59:18,282 - DEBUG - Patients [0] have treatment 7 starting at day 3, hour 13.000000000000036 using resources [8, 6, 4].[0m
[34m2025-01-01 15:59:18,282 - DEBUG - Patients [0] have treatment 7 starting at day 3, hour 14.000000000000043 using resources [8, 6, 4].[0m
[34m2025-01-01 15:59:18,282 - DEBUG - Patients [7] have treatment 1 starting at day 4, hour 12.000000000000028 using resources [6].[0m
[34m2025-01-01 15:59:18,282 - DEBUG - Patients [5] have treatment 1 starting at day 4, hour 12.000000000000028 using resources [7].[0m
[34m2025-01-01 15:59:18,282 - DEBUG - Patients [4] have treatment 1 starting at day 4, hour 12.500000000000032 using resources [7].[0m
[34m2025-01-01 15:59:18,282 - DEBUG - Patients [3] have treatment 1 starting at day 4, hour 12.500000000000032 using resources [6].[0m
[34m2025-01-01 15:59:18,282 - DEBUG - Patients [10, 16] have treatment 3 starting at day 4, hour 8.0 using resources [9, 6].[0m
[34m2025-01-01 15:59:18,282 - DEBUG - Patients [10, 11] have treatment 3 starting at day 4, hour 10.000000000000014 using resources [1, 6].[0m
[34m2025-01-01 15:59:18,282 - DEBUG - Patients [11, 12] have treatment 4 starting at day 4, hour 13.000000000000036 using resources [4, 6].[0m
[34m2025-01-01 15:59:18,282 - DEBUG - Patients [19] have treatment 4 starting at day 4, hour 13.500000000000039 using resources [0, 6].[0m
[34m2025-01-01 15:59:18,282 - DEBUG - Patients [11] have treatment 4 starting at day 4, hour 14.000000000000043 using resources [0, 6].[0m
[34m2025-01-01 15:59:18,283 - DEBUG - Patients [19] have treatment 5 starting at day 4, hour 8.0 using resources [5, 7].[0m
[34m2025-01-01 15:59:18,283 - DEBUG - Patients [0, 1, 2, 3, 4, 7] have treatment 6 starting at day 4, hour 8.0 using resources [0, 8].[0m
[34m2025-01-01 15:59:18,283 - DEBUG - Patients [0, 1, 2, 3, 5] have treatment 6 starting at day 4, hour 9.250000000000009 using resources [0, 8].[0m
[34m2025-01-01 15:59:18,283 - DEBUG - Patients [0, 1, 2, 5, 7] have treatment 6 starting at day 4, hour 10.75000000000002 using resources [0, 8].[0m
[34m2025-01-01 15:59:18,283 - DEBUG - Patients [1, 2, 3, 5, 7] have treatment 6 starting at day 4, hour 13.000000000000036 using resources [2, 8].[0m
[34m2025-01-01 15:59:18,283 - DEBUG - Patients [4] have treatment 7 starting at day 4, hour 14.500000000000046 using resources [8, 6, 4].[0m
[34m2025-01-01 15:59:18,283 - DEBUG - Patients [5] have treatment 1 starting at day 5, hour 8.0 using resources [7].[0m
[34m2025-01-01 15:59:18,283 - DEBUG - Patients [10, 11, 12, 16, 19] have treatment 2 starting at day 5, hour 13.500000000000039 using resources [9, 6].[0m
[34m2025-01-01 15:59:18,283 - DEBUG - Patients [10, 11, 12, 16, 17] have treatment 2 starting at day 5, hour 15.250000000000052 using resources [0, 6].[0m
[34m2025-01-01 15:59:18,283 - DEBUG - Patients [1] have treatment 5 starting at day 5, hour 11.500000000000025 using resources [5, 6].[0m
[34m2025-01-01 15:59:18,283 - DEBUG - Patients [3] have treatment 5 starting at day 5, hour 13.000000000000036 using resources [4, 6].[0m
[34m2025-01-01 15:59:18,283 - DEBUG - Patients [0, 1, 2, 4, 6] have treatment 6 starting at day 5, hour 9.000000000000007 using resources [0, 8].[0m
[34m2025-01-01 15:59:18,283 - DEBUG - Patients [0, 1, 2, 4, 6] have treatment 6 starting at day 5, hour 13.000000000000036 using resources [0, 8].[0m
[34m2025-01-01 15:59:18,283 - DEBUG - Patients [6, 7] have treatment 7 starting at day 5, hour 8.0 using resources [8, 6, 5].[0m
[34m2025-01-01 15:59:18,283 - DEBUG - Patients [2, 6] have treatment 7 starting at day 5, hour 10.500000000000018 using resources [8, 6, 5].[0m
[34m2025-01-01 15:59:18,283 - DEBUG - Patients [1] have treatment 7 starting at day 5, hour 14.250000000000044 using resources [8, 6, 4].[0m
[34m2025-01-01 15:59:18,283 - DEBUG - Patients [12, 17] have treatment 9 starting at day 5, hour 9.000000000000007 using resources [1, 6].[0m
[34m2025-01-01 15:59:18,283 - DEBUG - Patients [10, 11, 12, 14, 16, 17, 19] have treatment 2 starting at day 6, hour 8.0 using resources [9, 6].[0m
[34m2025-01-01 15:59:18,283 - DEBUG - Patients [11, 12, 14, 16, 17, 19] have treatment 2 starting at day 6, hour 13.000000000000036 using resources [0, 6].[0m
[34m2025-01-01 15:59:18,283 - DEBUG - Patients [10, 12, 14, 17, 19] have treatment 2 starting at day 6, hour 13.75000000000004 using resources [0, 6].[0m
[34m2025-01-01 15:59:18,283 - DEBUG - Patients [7, 11] have treatment 5 starting at day 6, hour 10.250000000000016 using resources [5, 6].[0m
[34m2025-01-01 15:59:18,283 - DEBUG - Patients [5, 6] have treatment 5 starting at day 6, hour 14.500000000000046 using resources [5, 6].[0m
[34m2025-01-01 15:59:18,283 - DEBUG - Patients [1] have treatment 5 starting at day 6, hour 15.00000000000005 using resources [4, 6].[0m
[34m2025-01-01 15:59:18,283 - DEBUG - Patients [0, 3, 5, 6, 7] have treatment 6 starting at day 6, hour 8.0 using resources [0, 8].[0m
[34m2025-01-01 15:59:18,283 - DEBUG - Patients [0, 2, 3, 4, 5] have treatment 6 starting at day 6, hour 9.250000000000009 using resources [0, 8].[0m
[34m2025-01-01 15:59:18,283 - DEBUG - Patients [7] have treatment 7 starting at day 6, hour 10.75000000000002 using resources [8, 6, 5].[0m
[34m2025-01-01 15:59:18,283 - DEBUG - Patients [1, 16] have treatment 9 starting at day 6, hour 8.750000000000005 using resources [1, 6].[0m
[34m2025-01-01 15:59:18,283 - DEBUG - Patients [8] have treatment 1 starting at day 7, hour 12.000000000000028 using resources [8].[0m
[34m2025-01-01 15:59:18,283 - DEBUG - Patients [7] have treatment 1 starting at day 7, hour 12.000000000000028 using resources [7].[0m
[34m2025-01-01 15:59:18,283 - DEBUG - Patients [6] have treatment 1 starting at day 7, hour 12.500000000000032 using resources [7].[0m
[34m2025-01-01 15:59:18,283 - DEBUG - Patients [3] have treatment 1 starting at day 7, hour 12.500000000000032 using resources [8].[0m
[34m2025-01-01 15:59:18,284 - DEBUG - Patients [1] have treatment 1 starting at day 7, hour 15.00000000000005 using resources [7].[0m
[34m2025-01-01 15:59:18,284 - DEBUG - Patients [2] have treatment 1 starting at day 7, hour 15.500000000000053 using resources [8].[0m
[34m2025-01-01 15:59:18,284 - DEBUG - Patients [0] have treatment 1 starting at day 7, hour 15.500000000000053 using resources [6].[0m
[34m2025-01-01 15:59:18,284 - DEBUG - Patients [11, 12, 14, 17] have treatment 3 starting at day 7, hour 10.000000000000014 using resources [9, 7].[0m
[34m2025-01-01 15:59:18,284 - DEBUG - Patients [12, 14, 16] have treatment 3 starting at day 7, hour 13.000000000000036 using resources [2, 7].[0m
[34m2025-01-01 15:59:18,284 - DEBUG - Patients [14, 19] have treatment 4 starting at day 7, hour 8.0 using resources [3, 6].[0m
[34m2025-01-01 15:59:18,284 - DEBUG - Patients [10, 11] have treatment 4 starting at day 7, hour 14.000000000000043 using resources [1, 8].[0m
[34m2025-01-01 15:59:18,284 - DEBUG - Patients [10, 16] have treatment 5 starting at day 7, hour 15.00000000000005 using resources [5, 8].[0m
[34m2025-01-01 15:59:18,284 - DEBUG - Patients [8] have treatment 5 starting at day 7, hour 15.500000000000053 using resources [5, 7].[0m
[34m2025-01-01 15:59:18,284 - DEBUG - Patients [4, 5] have treatment 7 starting at day 7, hour 8.0 using resources [8, 7, 5].[0m
[34m2025-01-01 15:59:18,284 - DEBUG - Patients [5] have treatment 7 starting at day 7, hour 9.000000000000007 using resources [8, 7, 4].[0m
[34m2025-01-01 15:59:18,284 - DEBUG - Patients [0, 2] have treatment 7 starting at day 7, hour 10.000000000000014 using resources [8, 6, 5].[0m
[34m2025-01-01 15:59:18,284 - DEBUG - Patients [2, 3] have treatment 7 starting at day 7, hour 11.000000000000021 using resources [8, 6, 4].[0m
[34m2025-01-01 15:59:18,284 - DEBUG - Patients [2, 3] have treatment 7 starting at day 7, hour 13.000000000000036 using resources [8, 6, 4].[0m
[34m2025-01-01 15:59:18,284 - DEBUG - Patients [3, 8, 17, 19] have treatment 9 starting at day 7, hour 8.500000000000004 using resources [1, 6].[0m
[34m2025-01-01 15:59:18,284 - DEBUG - Patients [8, 17] have treatment 9 starting at day 7, hour 14.000000000000043 using resources [0, 6].[0m
[34m2025-01-01 15:59:18,284 - DEBUG - Patients [10, 11, 13, 14, 19] have treatment 2 starting at day 8, hour 8.0 using resources [4, 7].[0m
[34m2025-01-01 15:59:18,284 - DEBUG - Patients [10, 11, 12, 13, 17] have treatment 2 starting at day 8, hour 8.750000000000005 using resources [4, 7].[0m
[34m2025-01-01 15:59:18,284 - DEBUG - Patients [10, 11, 14, 16, 19] have treatment 2 starting at day 8, hour 15.00000000000005 using resources [3, 7].[0m
[34m2025-01-01 15:59:18,284 - DEBUG - Patients [13, 17] have treatment 3 starting at day 8, hour 13.000000000000036 using resources [2, 6].[0m
[34m2025-01-01 15:59:18,284 - DEBUG - Patients [12, 16] have treatment 4 starting at day 8, hour 8.250000000000002 using resources [9, 6].[0m
[34m2025-01-01 15:59:18,284 - DEBUG - Patients [14] have treatment 4 starting at day 8, hour 8.750000000000005 using resources [3, 6].[0m
[34m2025-01-01 15:59:18,284 - DEBUG - Patients [8] have treatment 5 starting at day 8, hour 9.333333333333343 using resources [5, 8].[0m
[34m2025-01-01 15:59:18,284 - DEBUG - Patients [0, 3] have treatment 5 starting at day 8, hour 11.000000000000021 using resources [4, 7].[0m
[34m2025-01-01 15:59:18,284 - DEBUG - Patients [12, 19] have treatment 5 starting at day 8, hour 11.500000000000025 using resources [4, 7].[0m
[34m2025-01-01 15:59:18,284 - DEBUG - Patients [3, 5, 6, 7, 8] have treatment 6 starting at day 8, hour 8.0 using resources [1, 8].[0m
[34m2025-01-01 15:59:18,284 - DEBUG - Patients [2, 8] have treatment 7 starting at day 8, hour 9.833333333333346 using resources [8, 7, 4].[0m
[34m2025-01-01 15:59:18,284 - DEBUG - Patients [4, 7] have treatment 7 starting at day 8, hour 11.000000000000021 using resources [8, 6, 5].[0m
[34m2025-01-01 15:59:18,284 - DEBUG - Patients [1, 8] have treatment 7 starting at day 8, hour 13.000000000000036 using resources [8, 7, 4].[0m
[34m2025-01-01 15:59:18,284 - DEBUG - Patients [0, 5] have treatment 7 starting at day 8, hour 14.000000000000043 using resources [8, 7, 5].[0m
[34m2025-01-01 15:59:18,284 - DEBUG - Patients [0, 6] have treatment 7 starting at day 8, hour 15.00000000000005 using resources [8, 6, 5].[0m
[34m2025-01-01 15:59:18,285 - DEBUG - Patients [0, 6, 16, 17] have treatment 9 starting at day 8, hour 9.50000000000001 using resources [2, 6].[0m
[34m2025-01-01 15:59:18,285 - DEBUG - Patients [11, 13, 14, 17, 19] have treatment 2 starting at day 9, hour 10.500000000000018 using resources [9, 7].[0m
[34m2025-01-01 15:59:18,285 - DEBUG - Patients [10, 12, 13, 16, 19] have treatment 2 starting at day 9, hour 11.250000000000023 using resources [0, 7].[0m
[34m2025-01-01 15:59:18,285 - DEBUG - Patients [13, 19] have treatment 3 starting at day 9, hour 8.0 using resources [2, 7].[0m
[34m2025-01-01 15:59:18,285 - DEBUG - Patients [5, 6] have treatment 5 starting at day 9, hour 8.0 using resources [5, 8].[0m
[34m2025-01-01 15:59:18,285 - DEBUG - Patients [4, 17] have treatment 5 starting at day 9, hour 8.0 using resources [4, 6].[0m
[34m2025-01-01 15:59:18,285 - DEBUG - Patients [3, 7] have treatment 5 starting at day 9, hour 8.83333333333334 using resources [5, 8].[0m
[34m2025-01-01 15:59:18,285 - DEBUG - Patients [12, 16] have treatment 5 starting at day 9, hour 8.83333333333334 using resources [4, 6].[0m
[34m2025-01-01 15:59:18,285 - DEBUG - Patients [0] have treatment 5 starting at day 9, hour 10.000000000000014 using resources [4, 7].[0m
[34m2025-01-01 15:59:18,285 - DEBUG - Patients [0, 1, 4, 6, 7, 9] have treatment 6 starting at day 9, hour 10.666666666666686 using resources [3, 8].[0m
[34m2025-01-01 15:59:18,285 - DEBUG - Patients [0, 1, 2, 3, 4] have treatment 6 starting at day 9, hour 13.000000000000036 using resources [2, 8].[0m
[34m2025-01-01 15:59:18,285 - DEBUG - Patients [0, 3, 4, 5, 6, 8, 9] have treatment 6 starting at day 9, hour 14.250000000000044 using resources [4, 8].[0m
[34m2025-01-01 15:59:18,285 - DEBUG - Patients [1, 6] have treatment 7 starting at day 9, hour 9.333333333333343 using resources [8, 6, 5].[0m
[34m2025-01-01 15:59:18,285 - DEBUG - Patients [9] have treatment 1 starting at day 10, hour 8.083333333333334 using resources [8].[0m
[34m2025-01-01 15:59:18,285 - DEBUG - Patients [9] have treatment 1 starting at day 10, hour 8.583333333333337 using resources [7].[0m
[34m2025-01-01 15:59:18,285 - DEBUG - Patients [5] have treatment 1 starting at day 10, hour 9.50000000000001 using resources [7].[0m
[34m2025-01-01 15:59:18,285 - DEBUG - Patients [4] have treatment 1 starting at day 10, hour 10.75000000000002 using resources [7].[0m
[34m2025-01-01 15:59:18,285 - DEBUG - Patients [3] have treatment 1 starting at day 10, hour 11.250000000000023 using resources [7].[0m
[34m2025-01-01 15:59:18,285 - DEBUG - Patients [2] have treatment 1 starting at day 10, hour 11.750000000000027 using resources [7].[0m
[34m2025-01-01 15:59:18,285 - DEBUG - Patients [1] have treatment 1 starting at day 10, hour 12.000000000000028 using resources [6].[0m
[34m2025-01-01 15:59:18,285 - DEBUG - Patients [11, 16] have treatment 3 starting at day 10, hour 13.000000000000036 using resources [9, 7].[0m
[34m2025-01-01 15:59:18,285 - DEBUG - Patients [12] have treatment 4 starting at day 10, hour 11.000000000000021 using resources [1, 6].[0m
[34m2025-01-01 15:59:18,285 - DEBUG - Patients [17] have treatment 5 starting at day 10, hour 8.0 using resources [5, 7].[0m
[34m2025-01-01 15:59:18,285 - DEBUG - Patients [4, 6, 7, 8, 9] have treatment 6 starting at day 10, hour 9.50000000000001 using resources [2, 8].[0m
[34m2025-01-01 15:59:18,285 - DEBUG - Patients [1, 6, 7, 8, 9] have treatment 6 starting at day 10, hour 10.75000000000002 using resources [9, 8].[0m
[34m2025-01-01 15:59:18,285 - DEBUG - Patients [1, 2, 4, 5, 8] have treatment 6 starting at day 10, hour 14.500000000000046 using resources [0, 8].[0m
[34m2025-01-01 15:59:18,285 - DEBUG - Patients [1, 4, 5, 7, 11, 12, 13, 14, 16] have treatment 9 starting at day 10, hour 8.0 using resources [0, 6].[0m
[34m2025-01-01 15:59:18,285 - DEBUG - Patients [11, 12, 13, 14] have treatment 9 starting at day 10, hour 9.50000000000001 using resources [0, 6].[0m
[34m2025-01-01 15:59:18,285 - DEBUG - Patients [13, 14] have treatment 9 starting at day 10, hour 13.000000000000036 using resources [0, 6].[0m
[34m2025-01-01 15:59:18,285 - DEBUG - Patients [7] have treatment 1 starting at day 11, hour 10.500000000000018 using resources [8].[0m
[34m2025-01-01 15:59:18,286 - DEBUG - Patients [4] have treatment 1 starting at day 11, hour 12.000000000000028 using resources [7].[0m
[34m2025-01-01 15:59:18,286 - DEBUG - Patients [13, 14, 15, 16, 17] have treatment 2 starting at day 11, hour 15.00000000000005 using resources [9, 7].[0m
[34m2025-01-01 15:59:18,286 - DEBUG - Patients [14, 17] have treatment 3 starting at day 11, hour 8.0 using resources [1, 7].[0m
[34m2025-01-01 15:59:18,286 - DEBUG - Patients [11, 14, 15] have treatment 3 starting at day 11, hour 10.000000000000014 using resources [1, 7].[0m
[34m2025-01-01 15:59:18,286 - DEBUG - Patients [13, 16] have treatment 3 starting at day 11, hour 13.000000000000036 using resources [9, 8].[0m
[34m2025-01-01 15:59:18,286 - DEBUG - Patients [16, 17] have treatment 4 starting at day 11, hour 10.000000000000014 using resources [2, 6].[0m
[34m2025-01-01 15:59:18,286 - DEBUG - Patients [11] have treatment 4 starting at day 11, hour 14.500000000000046 using resources [0, 6].[0m
[34m2025-01-01 15:59:18,286 - DEBUG - Patients [4, 15] have treatment 5 starting at day 11, hour 8.0 using resources [5, 6].[0m
[34m2025-01-01 15:59:18,286 - DEBUG - Patients [2] have treatment 5 starting at day 11, hour 8.500000000000004 using resources [5, 6].[0m
[34m2025-01-01 15:59:18,286 - DEBUG - Patients [3, 6, 7, 8, 9] have treatment 6 starting at day 11, hour 8.0 using resources [0, 8].[0m
[34m2025-01-01 15:59:18,286 - DEBUG - Patients [2, 3, 5, 7, 8] have treatment 6 starting at day 11, hour 9.250000000000009 using resources [0, 8].[0m
[34m2025-01-01 15:59:18,286 - DEBUG - Patients [9] have treatment 7 starting at day 11, hour 15.00000000000005 using resources [8, 6, 5].[0m
[34m2025-01-01 15:59:18,286 - DEBUG - Patients [4, 5] have treatment 9 starting at day 11, hour 10.500000000000018 using resources [0, 6].[0m
[34m2025-01-01 15:59:18,286 - DEBUG - Patients [2, 4] have treatment 9 starting at day 11, hour 13.000000000000036 using resources [0, 6].[0m
[34m2025-01-01 15:59:18,286 - DEBUG - Patients [11, 12] have treatment 9 starting at day 11, hour 13.000000000000036 using resources [2, 7].[0m
[34m2025-01-01 15:59:18,286 - DEBUG - Patients [9] have treatment 1 starting at day 12, hour 12.000000000000028 using resources [8].[0m
[34m2025-01-01 15:59:18,286 - DEBUG - Patients [6] have treatment 1 starting at day 12, hour 12.500000000000032 using resources [8].[0m
[34m2025-01-01 15:59:18,286 - DEBUG - Patients [12, 13, 14, 16, 17] have treatment 2 starting at day 12, hour 10.083333333333348 using resources [9, 6].[0m
[34m2025-01-01 15:59:18,286 - DEBUG - Patients [14, 17] have treatment 3 starting at day 12, hour 8.083333333333334 using resources [1, 7].[0m
[34m2025-01-01 15:59:18,286 - DEBUG - Patients [12, 17] have treatment 3 starting at day 12, hour 13.000000000000036 using resources [0, 7].[0m
[34m2025-01-01 15:59:18,286 - DEBUG - Patients [15, 16] have treatment 4 starting at day 12, hour 11.000000000000021 using resources [0, 7].[0m
[34m2025-01-01 15:59:18,286 - DEBUG - Patients [12, 15] have treatment 4 starting at day 12, hour 15.00000000000005 using resources [0, 6].[0m
[34m2025-01-01 15:59:18,286 - DEBUG - Patients [14, 15] have treatment 4 starting at day 12, hour 15.500000000000053 using resources [0, 6].[0m
[34m2025-01-01 15:59:18,286 - DEBUG - Patients [8] have treatment 5 starting at day 12, hour 15.00000000000005 using resources [5, 8].[0m
[34m2025-01-01 15:59:18,286 - DEBUG - Patients [4, 5, 6, 8, 9] have treatment 6 starting at day 12, hour 9.750000000000012 using resources [0, 8].[0m
[34m2025-01-01 15:59:18,286 - DEBUG - Patients [8, 9] have treatment 7 starting at day 12, hour 11.000000000000021 using resources [8, 6, 4].[0m
[34m2025-01-01 15:59:18,286 - DEBUG - Patients [5, 6] have treatment 7 starting at day 12, hour 13.000000000000036 using resources [8, 6, 5].[0m
[34m2025-01-01 15:59:18,286 - DEBUG - Patients [5] have treatment 7 starting at day 12, hour 14.000000000000043 using resources [8, 6, 4].[0m
[34m2025-01-01 15:59:18,286 - DEBUG - Patients [8, 9, 13] have treatment 9 starting at day 12, hour 8.083333333333334 using resources [0, 6].[0m
[34m2025-01-01 15:59:18,286 - DEBUG - Patients [6] have treatment 1 starting at day 13, hour 11.000000000000021 using resources [8].[0m
[34m2025-01-01 15:59:18,287 - DEBUG - Patients [8] have treatment 1 starting at day 13, hour 11.000000000000021 using resources [7].[0m
[34m2025-01-01 15:59:18,287 - DEBUG - Patients [8] have treatment 1 starting at day 13, hour 12.000000000000028 using resources [7].[0m
[34m2025-01-01 15:59:18,287 - DEBUG - Patients [13, 16] have treatment 3 starting at day 13, hour 13.000000000000036 using resources [9, 7].[0m
[34m2025-01-01 15:59:18,287 - DEBUG - Patients [16, 17] have treatment 4 starting at day 13, hour 8.0 using resources [1, 7].[0m
[34m2025-01-01 15:59:18,287 - DEBUG - Patients [15, 17] have treatment 4 starting at day 13, hour 9.000000000000007 using resources [0, 6].[0m
[34m2025-01-01 15:59:18,287 - DEBUG - Patients [14, 17] have treatment 4 starting at day 13, hour 11.000000000000021 using resources [0, 6].[0m
[34m2025-01-01 15:59:18,287 - DEBUG - Patients [13] have treatment 4 starting at day 13, hour 11.500000000000025 using resources [0, 6].[0m
[34m2025-01-01 15:59:18,287 - DEBUG - Patients [13] have treatment 4 starting at day 13, hour 15.500000000000053 using resources [0, 6].[0m
[34m2025-01-01 15:59:18,287 - DEBUG - Patients [6, 14] have treatment 5 starting at day 13, hour 11.500000000000025 using resources [5, 7].[0m
[34m2025-01-01 15:59:18,287 - DEBUG - Patients [5] have treatment 5 starting at day 13, hour 15.00000000000005 using resources [5, 7].[0m
[34m2025-01-01 15:59:18,287 - DEBUG - Patients [8, 9] have treatment 7 starting at day 13, hour 8.0 using resources [8, 6, 5].[0m
[34m2025-01-01 15:59:18,287 - DEBUG - Patients [8] have treatment 7 starting at day 13, hour 13.000000000000036 using resources [8, 6, 5].[0m
[34m2025-01-01 15:59:18,287 - DEBUG - Patients [5, 6, 9, 14, 15, 16] have treatment 9 starting at day 13, hour 9.50000000000001 using resources [0, 6].[0m
[34m2025-01-01 15:59:18,287 - DEBUG - Patients [6, 15] have treatment 9 starting at day 13, hour 14.000000000000043 using resources [0, 6].[0m
[34m2025-01-01 15:59:18,310 - DEBUG - Checking solution value.[0m
[34m2025-01-01 15:59:18,310 - DEBUG - Solvers objective function value: 136.0[0m
[34m2025-01-01 15:59:18,311 - DEBUG - (VERIFIER):Treatment value: 0[0m
[34m2025-01-01 15:59:18,311 - DEBUG - (VERIFIER):Delay value: 0[0m
[34m2025-01-01 15:59:18,311 - DEBUG - (VERIFIER):Missing treatment value: 136[0m
[34m2025-01-01 15:59:18,311 - DEBUG - Correct objective function value: 136[0m
[34m2025-01-01 15:59:18,311 - DEBUG - Solution is valid.[0m
[34m2025-01-01 15:59:18,311 - DEBUG - All solvers accepted the solution.[0m
[32m2025-01-01 15:59:18,311 - INFO - Time to find solution: 49.877s with value 136.000000[0m
[32m2025-01-01 15:59:18,311 - INFO - Total Time: 51.983s[0m
