1.NAME: LBBDSolver
2.PARAMS: {'break_symmetry': True, 'add_constraints_to_symmetrc_days': True, 'subsolver_cls': 'CPSubSolver'}
3.INSTANCE: /home/wx350715/Kobra/rehabiliation-admission-scheduling/data/comp_study_002/instance_5_15.txt
4.REPETITION: 1
Current directory: /home/wx350715/Kobra/rehabiliation-admission-scheduling
[34m2025-01-01 15:58:42,793 - DEBUG - Solver: <class 'src.solvers.benders.LBBDSolver'>[0m
[34m2025-01-01 15:58:42,794 - DEBUG - Args: {'break_symmetry': True, 'add_constraints_to_symmetrc_days': True, 'subsolver_cls': 'CPSubSolver'}[0m
[34m2025-01-01 15:58:42,794 - DEBUG - File path /home/wx350715/Kobra/rehabiliation-admission-scheduling/data/comp_study_002/instance_5_15.txt[0m
[34m2025-01-01 15:58:42,794 - DEBUG - ADD INSTANCE DATA[0m
[34m2025-01-01 15:58:42,794 - DEBUG - ADD INSTANCE DATA[0m
[34m2025-01-01 15:58:42,794 - DEBUG - ADD INSTANCE DATA[0m
[34m2025-01-01 15:58:42,794 - DEBUG - ADD INSTANCE DATA[0m
[34m2025-01-01 15:58:42,794 - DEBUG - ADD INSTANCE DATA[0m
[34m2025-01-01 15:58:42,794 - DEBUG - ADD INSTANCE DATA[0m
[34m2025-01-01 15:58:42,794 - DEBUG - ADD INSTANCE DATA[0m
[34m2025-01-01 15:58:42,794 - DEBUG - ADD INSTANCE DATA[0m
[34m2025-01-01 15:58:42,794 - DEBUG - ADD INSTANCE DATA[0m
[34m2025-01-01 15:58:42,794 - DEBUG - ADD INSTANCE DATA[0m
[34m2025-01-01 15:58:42,794 - DEBUG - ADD INSTANCE DATA[0m
[34m2025-01-01 15:58:42,794 - DEBUG - ADD RESOURCE_GROUPS[0m
[34m2025-01-01 15:58:42,794 - DEBUG - ADD RESOURCE_GROUPS[0m
[34m2025-01-01 15:58:42,794 - DEBUG - ADD RESOURCE_GROUPS[0m
[34m2025-01-01 15:58:42,794 - DEBUG - ADD RESOURCE_GROUPS[0m
[34m2025-01-01 15:58:42,795 - DEBUG - ADD RESOURCES[0m
[34m2025-01-01 15:58:42,795 - DEBUG - ADD RESOURCES[0m
[34m2025-01-01 15:58:42,795 - DEBUG - ADD RESOURCES[0m
[34m2025-01-01 15:58:42,795 - DEBUG - ADD RESOURCES[0m
[34m2025-01-01 15:58:42,795 - DEBUG - ADD RESOURCES[0m
[34m2025-01-01 15:58:42,795 - DEBUG - ADD RESOURCES[0m
[34m2025-01-01 15:58:42,795 - DEBUG - ADD RESOURCES[0m
[34m2025-01-01 15:58:42,795 - DEBUG - ADD RESOURCES[0m
[34m2025-01-01 15:58:42,795 - DEBUG - ADD RESOURCES[0m
[34m2025-01-01 15:58:42,795 - DEBUG - ADD RESOURCES[0m
[34m2025-01-01 15:58:42,795 - DEBUG - ADD TREATMENTS[0m
[34m2025-01-01 15:58:42,795 - DEBUG - ADD TREATMENTS[0m
[34m2025-01-01 15:58:42,796 - DEBUG - ADD TREATMENTS[0m
[34m2025-01-01 15:58:42,796 - DEBUG - ADD TREATMENTS[0m
[34m2025-01-01 15:58:42,796 - DEBUG - ADD TREATMENTS[0m
[34m2025-01-01 15:58:42,796 - DEBUG - ADD TREATMENTS[0m
[34m2025-01-01 15:58:42,796 - DEBUG - ADD TREATMENTS[0m
[34m2025-01-01 15:58:42,796 - DEBUG - ADD TREATMENTS[0m
[34m2025-01-01 15:58:42,796 - DEBUG - ADD PATIENTS[0m
[34m2025-01-01 15:58:42,796 - DEBUG - ADD PATIENTS[0m
[34m2025-01-01 15:58:42,796 - DEBUG - ADD PATIENTS[0m
[34m2025-01-01 15:58:42,796 - DEBUG - ADD PATIENTS[0m
[34m2025-01-01 15:58:42,796 - DEBUG - ADD PATIENTS[0m
[34m2025-01-01 15:58:42,797 - DEBUG - ADD PATIENTS[0m
[34m2025-01-01 15:58:42,797 - DEBUG - ADD PATIENTS[0m
[34m2025-01-01 15:58:42,797 - DEBUG - ADD PATIENTS[0m
[34m2025-01-01 15:58:42,797 - DEBUG - ADD PATIENTS[0m
[34m2025-01-01 15:58:42,797 - DEBUG - ADD PATIENTS[0m
[34m2025-01-01 15:58:42,797 - DEBUG - ADD PATIENTS[0m
[34m2025-01-01 15:58:42,797 - DEBUG - ADD PATIENTS[0m
[34m2025-01-01 15:58:42,797 - DEBUG - ADD PATIENTS[0m
[34m2025-01-01 15:58:42,797 - DEBUG - ADD PATIENTS[0m
[34m2025-01-01 15:58:42,797 - DEBUG - ADD PATIENTS[0m
[34m2025-01-01 15:58:42,797 - DEBUG - ADD PATIENTS[0m
[34m2025-01-01 15:58:42,798 - DEBUG - ADD PATIENTS[0m
[34m2025-01-01 15:58:42,798 - DEBUG - ADD PATIENTS[0m
[34m2025-01-01 15:58:42,798 - DEBUG - ADD PATIENTS[0m
[34m2025-01-01 15:58:42,798 - DEBUG - ADD PATIENTS[0m
[34m2025-01-01 15:58:42,798 - DEBUG - ADD PATIENTS[0m
[34m2025-01-01 15:58:42,798 - DEBUG - ADD PATIENTS[0m
[34m2025-01-01 15:58:42,798 - DEBUG - ADD PATIENTS[0m
[34m2025-01-01 15:58:42,798 - DEBUG - ADD PATIENTS[0m
[34m2025-01-01 15:58:42,799 - DEBUG - ADD PATIENTS[0m
[34m2025-01-01 15:58:42,799 - DEBUG - ADD PATIENTS[0m
[34m2025-01-01 15:58:42,799 - DEBUG - ADD PATIENTS[0m
[34m2025-01-01 15:58:42,799 - DEBUG - ADD PATIENTS[0m
[34m2025-01-01 15:58:42,800 - DEBUG - ADD PATIENTS[0m
[34m2025-01-01 15:58:42,800 - DEBUG - ADD PATIENTS[0m
[34m2025-01-01 15:58:42,800 - DEBUG - ADD PATIENTS[0m
[34m2025-01-01 15:58:42,800 - DEBUG - ADD PATIENTS[0m
[34m2025-01-01 15:58:42,800 - DEBUG - ADD PATIENTS[0m
[34m2025-01-01 15:58:42,800 - DEBUG - ADD PATIENTS[0m
[34m2025-01-01 15:58:42,800 - DEBUG - ADD PATIENTS[0m
[34m2025-01-01 15:58:42,800 - DEBUG - ADD PATIENTS[0m
[34m2025-01-01 15:58:42,800 - DEBUG - ADD PATIENTS[0m
[34m2025-01-01 15:58:42,800 - DEBUG - ADD PATIENTS[0m
[34m2025-01-01 15:58:42,800 - DEBUG - ADD PATIENTS[0m
[34m2025-01-01 15:58:42,800 - DEBUG - ADD PATIENTS[0m
[34m2025-01-01 15:58:42,801 - DEBUG - Instance data:[0m
[34m2025-01-01 15:58:42,801 - DEBUG - Number of patients: 40[0m
[34m2025-01-01 15:58:42,801 - DEBUG - Number of beds: 40[0m
[34m2025-01-01 15:58:42,801 - DEBUG - Average number of treatments per patient: 23.325[0m
[34m2025-01-01 15:58:42,801 - DEBUG - Average number of treatment per stayed day: 2.2004716981132075[0m
[34m2025-01-01 15:58:42,801 - DEBUG - Number of treatments: 933[0m
[34m2025-01-01 15:58:42,801 - DEBUG - Number of resources: 10[0m
[34m2025-01-01 15:58:42,801 - DEBUG - Number of resource groups: 4[0m
[34m2025-01-01 15:58:42,801 - DEBUG - Number of resource hours needed per all treatment by RG(therapists): 25.816666666666716[0m
[34m2025-01-01 15:58:42,801 - DEBUG - Number of resource hours needed per all treatment by RG(rooms): 48.36666666666666[0m
[34m2025-01-01 15:58:42,801 - DEBUG - Number of resource hours needed per all treatment by RG(physiotherapist): 15.5[0m
[34m2025-01-01 15:58:42,801 - DEBUG - Number of resource hours needed per all treatment by RG(sport_room): 6.75[0m
[32m2025-01-01 15:58:42,801 - INFO - {'solver': 'LBBDSolver', 'args': {'break_symmetry': False, 'subsolver_cls': <class 'src.solvers.subsolvers.cp_subsolver.CPSubsolver'>, 'subsolver.store_results': True, 'subsolver.store_results_method': 'hash', 'use_helper_constraints': True, 'enforce_min_treatments_per_day': True, 'enforce_max_treatments_per_e_w': True, 'enforce_min_patients_per_treatment': True, 'log_to_console': True}}[0m
[34m2025-01-01 15:58:42,801 - DEBUG - Setting options: LBBDSolver[0m
[34m2025-01-01 15:58:42,801 - DEBUG -  ---- break_symmetry to False[0m
[34m2025-01-01 15:58:42,801 - DEBUG -  ---- subsolver_cls to <class 'src.solvers.subsolvers.cp_subsolver.CPSubsolver'>[0m
[34m2025-01-01 15:58:42,801 - DEBUG -  ---- use_helper_constraints to True[0m
[34m2025-01-01 15:58:42,801 - DEBUG -  ---- add_constraints_to_symmetric_days to True (default)[0m
[34m2025-01-01 15:58:42,801 - DEBUG - Setting options: Solver[0m
[34m2025-01-01 15:58:42,801 - DEBUG -  ---- number_of_threads to 4 (default)[0m
[34m2025-01-01 15:58:42,801 - DEBUG -  ---- treatment_value to 0 (default)[0m
[34m2025-01-01 15:58:42,801 - DEBUG -  ---- delay_value to 1 (default)[0m
[34m2025-01-01 15:58:42,801 - DEBUG -  ---- missing_treatment_value to 4 (default)[0m
[34m2025-01-01 15:58:42,801 - DEBUG -  ---- enforce_min_treatments_per_day to True[0m
[34m2025-01-01 15:58:42,801 - DEBUG -  ---- enforce_max_treatments_per_e_w to True[0m
[34m2025-01-01 15:58:42,801 - DEBUG -  ---- enforce_min_patients_per_treatment to True[0m
[34m2025-01-01 15:58:42,801 - DEBUG -  ---- log_to_console to True[0m
[34m2025-01-01 15:58:42,802 - DEBUG -  ---- log_to_file to True (default)[0m
[34m2025-01-01 15:58:42,802 - DEBUG -  ---- no_rel_heur_time to 1 (default)[0m
[34m2025-01-01 15:58:42,830 - DEBUG - Setting options: CPSubsolver[0m
[34m2025-01-01 15:58:42,830 - DEBUG -  ---- estimated_needed_treatments to True (default)[0m
[34m2025-01-01 15:58:42,830 - DEBUG -  ---- add_patient_symmetry to False (default)[0m
[34m2025-01-01 15:58:42,830 - DEBUG - Setting Subsolver options: SubSolver[0m
[34m2025-01-01 15:58:42,831 - DEBUG -  ---- store_results to True[0m
[34m2025-01-01 15:58:42,831 - DEBUG -  ---- store_results_method to hash[0m
[34m2025-01-01 15:58:42,831 - DEBUG -  ---- enforce_min_patients_per_treatment to True[0m
[34m2025-01-01 15:58:42,831 - DEBUG -  ---- use_day_symmetry to True (default)[0m
[32m2025-01-01 15:58:42,854 - INFO - Create model: LBBDSolver[0m
Set parameter TSPort to value 50039
Set parameter TokenServer to value "license.itc.rwth-aachen.de"
Set parameter Threads to value 4
Set parameter Cuts to value 0
Set parameter LazyConstraints to value 1
Set parameter NoRelHeurTime to value 1
[34m2025-01-01 15:58:43,408 - DEBUG - Variables created.[0m
[34m2025-01-01 15:58:45,121 - DEBUG - Constraint (not too many treatments) created.[0m
[34m2025-01-01 15:58:46,417 - DEBUG - Constraint (no_treatments_outside admittance) created.[0m
[34m2025-01-01 15:58:46,418 - DEBUG - Constraint (bed_usage) created.[0m
[34m2025-01-01 15:58:46,419 - DEBUG - Constraint (must be admitted) created.[0m
[34m2025-01-01 15:58:46,636 - DEBUG - Constraint (e_w_ub) created.[0m
[34m2025-01-01 15:58:46,710 - DEBUG - Constraint (day_ub) created.[0m
[34m2025-01-01 15:58:46,774 - DEBUG - Constraint (Day always) created.[0m
[34m2025-01-01 15:58:46,774 - DEBUG - Constraint (already_admitted) created.[0m
[32m2025-01-01 15:58:51,309 - INFO - Time to create model: 8.455[0m
[32m2025-01-01 15:58:51,309 - INFO - Solving model: LBBDSolver[0m
Gurobi Optimizer version 10.0.0 build v10.0.0rc2 (linux64)

CPU model: Intel(R) Xeon(R) Platinum 8468, instruction set [SSE2|AVX|AVX2|AVX512]
Thread count: 96 physical cores, 96 logical processors, using up to 4 threads

Optimize a model with 334025 rows, 140160 columns and 2657247 nonzeros
Model fingerprint: 0x050d010c
Variable types: 3 continuous, 140157 integer (140157 binary)
Coefficient statistics:
  Matrix range     [1e+00, 2e+01]
  Objective range  [1e+00, 1e+01]
  Bounds range     [1e+00, 1e+00]
  RHS range        [1e+00, 4e+03]
Presolve added 0 rows and 2509 columns
Presolve removed 220125 rows and 0 columns
Presolve time: 4.46s
Presolved: 113900 rows, 142669 columns, 1706706 nonzeros
Variable types: 1 continuous, 142668 integer (141689 binary)
Starting NoRel heuristic
Found phase-1 solution: relaxation 64
Found phase-1 solution: relaxation 52
Found phase-1 solution: relaxation 46
Found phase-1 solution: relaxation 35
Root relaxation presolved: 113341 rows, 142508 columns, 1611631 nonzeros

Deterministic concurrent LP optimizer: primal simplex, dual simplex, and barrier
Showing barrier log only...

Root barrier log...

Ordering time: 0.32s

Barrier statistics:
 Dense cols : 65
 AA' NZ     : 1.600e+05
 Factor NZ  : 5.737e+05 (roughly 12 MB of memory)
 Factor Ops : 1.133e+08 (less than 1 second per iteration)
 Threads    : 2

                  Objective                Residual
Iter       Primal          Dual         Primal    Dual     Compl     Time
   0  -3.52630839e+06 -4.85266793e+04  3.66e+04 2.20e+00  4.46e+02    10s
   1  -1.57674175e+06 -8.19593214e+04  1.64e+04 6.78e+00  2.01e+02    10s
   2  -8.45656639e+05 -1.13703084e+05  8.82e+03 2.06e-13  1.09e+02    10s
   3  -2.04651011e+05 -8.73335070e+04  2.13e+03 9.37e-03  2.74e+01    10s
   4  -6.69572271e+04 -5.08221451e+04  7.03e+02 4.69e-03  9.13e+00    11s
   5  -1.34108729e+04 -2.75519712e+04  1.47e+02 1.98e-03  2.45e+00    11s
   6  -7.18548594e+03 -1.37742377e+04  8.23e+01 5.42e-04  1.15e+00    11s
   7  -2.63135625e+03 -6.23903242e+03  3.48e+01 2.39e-04  4.64e-01    11s
   8  -7.22377772e+01 -1.62657166e+03  8.15e+00 1.64e-04  1.22e-01    11s
   9   5.27366547e+02  1.65410784e+02  1.82e+00 3.82e-05  2.42e-02    11s
  10   6.66612266e+02  6.01609370e+02  2.70e-01 7.02e-05  3.87e-03    11s
  11   6.84330822e+02  6.71152914e+02  5.02e-02 1.30e-05  7.59e-04    11s
  12   6.87463130e+02  6.86190052e+02  9.28e-03 5.31e-06  9.16e-05    11s
  13   6.87962806e+02  6.87387327e+02  9.66e-04 2.95e-06  2.80e-05    11s
  14   6.87985567e+02  6.87948801e+02  4.06e-04 6.25e-07  3.22e-06    11s
  15   6.87998624e+02  6.87998354e+02  3.86e-05 3.68e-07  1.72e-07    11s
  16   6.88000000e+02  6.87999999e+02  7.98e-09 1.90e-08  7.76e-11    11s

Barrier solved model in 16 iterations and 11.31 seconds (13.91 work units)
Optimal objective 6.88000000e+02


Root crossover log...

     595 DPushes remaining with DInf 0.0000000e+00                11s
       0 DPushes remaining with DInf 0.0000000e+00                11s

    5832 PPushes remaining with PInf 0.0000000e+00                11s
       0 PPushes remaining with PInf 0.0000000e+00                12s

  Push phase complete: Pinf 0.0000000e+00, Dinf 0.0000000e+00     12s


Root simplex log...

Iteration    Objective       Primal Inf.    Dual Inf.      Time
    6083    6.8800000e+02   0.000000e+00   0.000000e+00     12s
Concurrent spin time: 0.14s

Solved with barrier
    6083    6.8800000e+02   0.000000e+00   0.000000e+00     12s

Use crossover to convert LP symmetric solution to basic solution...

Root crossover log...

    1016 DPushes remaining with DInf 0.0000000e+00                12s
       0 DPushes remaining with DInf 0.0000000e+00                12s

   19907 PPushes remaining with PInf 0.0000000e+00                12s
       0 PPushes remaining with PInf 0.0000000e+00                13s

  Push phase complete: Pinf 0.0000000e+00, Dinf 1.7497115e-13     13s


Root simplex log...

Iteration    Objective       Primal Inf.    Dual Inf.      Time
   26021    6.8800000e+02   0.000000e+00   0.000000e+00     13s
   26021    6.8800000e+02   0.000000e+00   0.000000e+00     13s

Root relaxation: objective 6.880000e+02, 26021 iterations, 4.70 seconds (1.71 work units)

    Nodes    |    Current Node    |     Objective Bounds      |     Work
 Expl Unexpl |  Obj  Depth IntInf | Incumbent    BestBd   Gap | It/Node Time

     0     0  688.00000    0 2850          -  688.00000      -     -   28s
     0     0  688.00000    0   92          -  688.00000      -     -   67s
[32m2025-01-01 16:04:18,336 - INFO - d_prime: 9 d: 10[0m
[32m2025-01-01 16:04:18,340 - INFO - d_prime: 10 d: 10[0m
[32m2025-01-01 16:04:18,343 - INFO - d_prime: 11 d: 10[0m
[32m2025-01-01 16:04:18,346 - INFO - d_prime: 12 d: 10[0m
[32m2025-01-01 16:04:18,349 - INFO - forbidden_vars: ([{0:1},{0:1},{0:1},{1:1},{1:1},{2:1},{2:1},{2:1},{2:1},{2:1},{2:1},{3:1},{3:1},{4:1},{7:1},{0:1,3:1},{0:1,2:1},{0:1,1:1},{0:2},{0:1,2:1},{0:1,2:1},{1:1,4:1},{1:1,3:1},{1:1,7:1},{1:1,7:1},{3:1,7:1},{0:1,3:1,7:1},{0:2,1:1},{0:2,1:1},{1:1,4:2},{2:1,7:2},{4:2,7:1},{0:2,1:1,3:1},{3:3,7:2}])[0m
[32m2025-01-01 16:04:18,349 - INFO - False[0m
[32m2025-01-01 16:04:40,893 - INFO - d_prime: 9 d: 12[0m
[32m2025-01-01 16:04:40,896 - INFO - d_prime: 10 d: 12[0m
[32m2025-01-01 16:04:40,900 - INFO - d_prime: 11 d: 12[0m
[32m2025-01-01 16:04:40,903 - INFO - d_prime: 12 d: 12[0m
[32m2025-01-01 16:04:40,905 - INFO - forbidden_vars: ([{0:1},{1:1},{1:1},{1:1},{2:1},{2:1},{2:1},{5:1},{0:1,5:1},{0:2},{1:2},{1:2},{1:2},{1:2},{2:1,3:1},{2:2},{0:2,2:1},{1:1,2:1,5:1},{1:2,2:1},{2:1,3:2},{2:1,4:2},{2:1,4:1,5:1},{0:1,2:1,4:1,5:1},{0:1,2:2,4:1},{0:1,1:1,2:1,5:1},{2:1,3:1,4:1,5:1},{2:2,3:1,5:1},{2:1,3:1,5:1,7:1},{3:2,5:1,7:1},{3:1,5:1,7:2},{4:3,7:1},{3:3,5:2}])[0m
[32m2025-01-01 16:04:40,905 - INFO - False[0m
     0     0  688.00000    0   92          -  688.00000      -     -  406s
[32m2025-01-01 16:09:13,236 - INFO - d_prime: 9 d: 10[0m
[32m2025-01-01 16:09:13,239 - INFO - d_prime: 10 d: 10[0m
[32m2025-01-01 16:09:13,242 - INFO - d_prime: 11 d: 10[0m
[32m2025-01-01 16:09:13,245 - INFO - d_prime: 12 d: 10[0m
[32m2025-01-01 16:09:13,248 - INFO - forbidden_vars: ([{0:1},{0:1},{0:1},{1:1},{1:1},{2:1},{2:1},{2:1},{2:1},{2:1},{2:1},{3:1},{3:1},{4:1},{7:1},{0:1,3:1},{0:1,2:1},{0:1,1:1},{0:2},{0:1,2:1},{0:1,2:1},{1:1,4:1},{1:1,3:1},{1:1,7:1},{1:1,7:1},{3:1,7:1},{4:2},{0:1,3:1,7:1},{0:2,1:1},{0:2,1:1},{1:1,4:2},{2:1,7:2},{0:2,1:1,3:1},{3:3,7:2}])[0m
[32m2025-01-01 16:09:13,248 - INFO - False[0m
[32m2025-01-01 16:09:29,784 - INFO - d_prime: 9 d: 12[0m
[32m2025-01-01 16:09:29,788 - INFO - d_prime: 10 d: 12[0m
[32m2025-01-01 16:09:29,791 - INFO - d_prime: 11 d: 12[0m
[32m2025-01-01 16:09:29,794 - INFO - d_prime: 12 d: 12[0m
[32m2025-01-01 16:09:29,796 - INFO - forbidden_vars: ([{0:1},{1:1},{1:1},{1:1},{2:1},{2:1},{2:1},{5:1},{0:1,5:1},{0:2},{0:1,2:1},{1:2},{1:2},{1:2},{1:2},{2:1,3:1},{2:2},{1:1,2:1,5:1},{1:2,2:1},{2:1,3:2},{2:1,4:2},{2:1,4:1,5:1},{0:1,2:1,4:1,5:1},{0:1,2:2,4:1},{0:1,1:1,2:1,5:1},{2:1,3:1,4:1,5:1},{2:2,3:1,5:1},{2:1,3:1,5:1,7:1},{3:2,5:1,7:1},{3:1,5:1,7:2},{4:3,7:1},{3:3,5:2}])[0m
[32m2025-01-01 16:09:29,796 - INFO - False[0m
     0     0  688.00000    0   92          -  688.00000      -     -  638s
[32m2025-01-01 16:10:19,275 - INFO - d_prime: 9 d: 10[0m
[32m2025-01-01 16:10:19,277 - INFO - d_prime: 10 d: 10[0m
[32m2025-01-01 16:10:19,280 - INFO - d_prime: 11 d: 10[0m
[32m2025-01-01 16:10:19,283 - INFO - d_prime: 12 d: 10[0m
[32m2025-01-01 16:10:19,286 - INFO - forbidden_vars: ([{0:1},{0:1},{0:1},{1:1},{1:1},{2:1},{2:1},{2:1},{2:1},{2:1},{2:1},{3:1},{3:1},{4:1},{7:1},{0:1,3:1},{0:1,2:1},{0:1,1:1},{0:2},{0:1,2:1},{0:1,2:1},{1:1,4:1},{1:1,3:1},{1:1,7:1},{1:1,7:1},{3:1,7:1},{4:1,7:1},{0:1,3:1,7:1},{0:2,1:1},{0:2,1:1},{1:1,4:2},{2:1,7:2},{0:2,1:1,3:1},{3:3,7:2}])[0m
[32m2025-01-01 16:10:19,286 - INFO - False[0m
     0     0  688.00000    0   92          -  688.00000      -     -  743s
[32m2025-01-01 16:11:50,414 - INFO - d_prime: 9 d: 10[0m
[32m2025-01-01 16:11:50,417 - INFO - d_prime: 10 d: 10[0m
[32m2025-01-01 16:11:50,419 - INFO - d_prime: 11 d: 10[0m
[32m2025-01-01 16:11:50,422 - INFO - d_prime: 12 d: 10[0m
[32m2025-01-01 16:11:50,425 - INFO - forbidden_vars: ([{0:1},{0:1},{0:1},{1:1},{1:1},{2:1},{2:1},{2:1},{2:1},{2:1},{2:1},{3:1},{3:1},{4:1},{7:1},{0:1,3:1},{0:1,2:1},{0:1,1:1},{0:2},{0:1,2:1},{0:1,2:1},{1:1,4:1},{1:1,3:1},{1:1,4:1},{1:1,7:1},{1:1,7:1},{3:1,7:1},{0:1,3:1,7:1},{0:2,1:1},{0:2,1:1},{2:1,7:2},{4:2,7:1},{0:2,1:1,3:1},{3:3,7:2}])[0m
[32m2025-01-01 16:11:50,425 - INFO - False[0m
     0     0  688.00000    0   92          -  688.00000      -     -  778s
[32m2025-01-01 16:12:20,604 - INFO - d_prime: 9 d: 10[0m
[32m2025-01-01 16:12:20,607 - INFO - d_prime: 10 d: 10[0m
[32m2025-01-01 16:12:20,610 - INFO - d_prime: 11 d: 10[0m
[32m2025-01-01 16:12:20,612 - INFO - d_prime: 12 d: 10[0m
[32m2025-01-01 16:12:20,615 - INFO - forbidden_vars: ([{0:1},{0:1},{0:1},{1:1},{1:1},{2:1},{2:1},{2:1},{2:1},{2:1},{2:1},{3:1},{3:1},{4:1},{7:1},{0:1,3:1},{0:1,2:1},{0:1,1:1},{0:2},{0:2},{0:1,2:1},{0:1,2:1},{1:1,4:1},{1:1,3:1},{1:1,7:1},{1:1,7:1},{3:1,7:1},{0:1,3:1,7:1},{0:2,1:1},{1:1,4:2},{2:1,7:2},{4:2,7:1},{0:2,1:1,3:1},{3:3,7:2}])[0m
[32m2025-01-01 16:12:20,615 - INFO - False[0m
     0     0  688.00000    0   92          -  688.00000      -     -  809s
[32m2025-01-01 16:14:31,616 - INFO - d_prime: 3 d: 3[0m
[32m2025-01-01 16:14:31,618 - INFO - d_prime: 4 d: 3[0m
[32m2025-01-01 16:14:31,618 - INFO - d_prime: 5 d: 3[0m
[32m2025-01-01 16:14:31,619 - INFO - d_prime: 6 d: 3[0m
[32m2025-01-01 16:14:31,620 - INFO - d_prime: 7 d: 3[0m
[32m2025-01-01 16:14:31,621 - INFO - d_prime: 8 d: 3[0m
[32m2025-01-01 16:14:31,623 - INFO - forbidden_vars: ([{0:1},{2:1},{2:1},{2:1},{2:1},{0:1,2:1},{0:1,2:1},{0:1,2:1},{0:1,2:1,3:2},{3:2,4:2},{2:1,3:3,5:1},{2:1,3:1,4:1,5:2}])[0m
[32m2025-01-01 16:14:31,623 - INFO - False[0m
[32m2025-01-01 16:14:43,601 - INFO - d_prime: 7 d: 7[0m
[32m2025-01-01 16:14:43,605 - INFO - d_prime: 8 d: 7[0m
[32m2025-01-01 16:14:43,613 - INFO - forbidden_vars: ([{1:1},{6:1},{0:1,3:1},{0:1,1:1},{0:1,1:1},{0:1,2:1},{0:2},{0:1,1:1},{1:1,5:1},{1:2},{2:2},{4:1,7:1},{5:1,6:1},{0:1,1:2},{0:1,1:1,2:1},{1:1,2:1,6:1},{1:2,2:1},{1:1,2:2},{1:1,2:2},{1:1,2:2},{1:1,2:2},{2:1,4:2},{2:2,5:1},{2:3},{2:3},{1:1,2:1,3:1,7:1},{1:1,2:2,6:1},{1:2,7:2},{1:2,3:1,6:1},{2:2,6:2},{3:1,4:1,7:2},{4:1,5:1,6:2},{0:1,1:1,2:2,6:1}])[0m
[32m2025-01-01 16:14:43,613 - INFO - False[0m
[32m2025-01-01 16:15:24,851 - INFO - d_prime: 9 d: 10[0m
[32m2025-01-01 16:15:24,854 - INFO - d_prime: 10 d: 10[0m
[32m2025-01-01 16:15:24,857 - INFO - d_prime: 11 d: 10[0m
[32m2025-01-01 16:15:24,860 - INFO - d_prime: 12 d: 10[0m
[32m2025-01-01 16:15:24,864 - INFO - forbidden_vars: ([{0:1},{0:1},{0:1},{0:1},{0:1},{0:1},{1:1},{2:1},{2:1},{2:1},{2:1},{2:1},{3:1},{3:1},{3:1},{7:1},{0:1,3:1},{0:1,2:1},{0:1,1:1},{0:1,1:1},{0:1,2:1},{0:1,2:1},{1:1,4:1},{0:1,7:2},{0:1,1:1,7:1},{0:2,1:1},{1:1,3:2},{1:1,2:1,4:1},{1:1,7:2},{4:2,7:1},{7:3},{0:1,1:1,2:1,3:1},{0:2,1:1,3:2},{3:3,7:2}])[0m
[32m2025-01-01 16:15:24,864 - INFO - False[0m
     0     0  688.00000    0   92          -  688.00000      -     - 1129s
[32m2025-01-01 16:17:58,770 - INFO - d_prime: 7 d: 7[0m
[32m2025-01-01 16:17:58,774 - INFO - d_prime: 8 d: 7[0m
[32m2025-01-01 16:17:58,783 - INFO - forbidden_vars: ([{0:1},{1:1},{1:1},{2:1},{0:1,3:1},{0:1,1:1},{0:1,2:1},{1:1,5:1},{1:1,6:1},{1:2},{1:1,2:1},{1:1,2:1},{3:1,4:1},{5:1,6:1},{0:1,1:1,2:1},{1:1,2:2},{1:3},{1:1,2:2},{1:1,2:2},{1:1,2:2},{1:1,2:2},{2:1,4:2},{2:3},{2:2,5:1},{2:3},{0:1,4:1,5:1,6:1},{0:2,2:1,7:1},{1:1,2:1,7:2},{1:1,2:3},{1:1,2:1,4:1,6:1},{1:2,4:1,6:1},{1:1,5:2,7:1},{4:1,5:1,7:2}])[0m
[32m2025-01-01 16:17:58,783 - INFO - False[0m
[32m2025-01-01 16:19:10,436 - INFO - d_prime: 9 d: 10[0m
[32m2025-01-01 16:19:10,439 - INFO - d_prime: 10 d: 10[0m
[32m2025-01-01 16:19:10,442 - INFO - d_prime: 11 d: 10[0m
[32m2025-01-01 16:19:10,444 - INFO - d_prime: 12 d: 10[0m
[32m2025-01-01 16:19:10,448 - INFO - forbidden_vars: ([{0:1},{0:1},{0:1},{1:1},{1:1},{2:1},{2:1},{2:1},{2:1},{2:1},{3:1},{3:1},{3:1},{7:1},{0:1,4:1},{0:1,2:1},{0:1,2:1},{0:1,2:1},{0:1,2:1},{1:1,4:1},{7:2},{0:1,3:1,7:1},{0:1,3:1,7:1},{0:1,3:2},{0:2,1:1},{1:1,3:2},{1:1,7:2},{1:2,4:1},{1:1,7:2},{1:1,2:1,7:1},{4:2,7:1},{0:2,1:1,3:1},{3:3,7:2}])[0m
[32m2025-01-01 16:19:10,448 - INFO - False[0m
     0     0  688.00000    0   92          -  688.00000      -     - 1363s
[32m2025-01-01 16:21:51,020 - INFO - d_prime: 7 d: 7[0m
[32m2025-01-01 16:21:51,024 - INFO - d_prime: 8 d: 7[0m
[32m2025-01-01 16:21:51,033 - INFO - forbidden_vars: ([{1:1},{1:1},{0:1,3:1},{0:1,1:1},{0:1,2:1},{1:1,6:1},{1:1,2:1},{1:2},{1:1,2:1},{2:2},{2:2},{2:2},{3:1,5:1},{5:1,6:1},{0:2,1:1},{0:1,1:1,2:1},{1:1,5:2},{1:3},{1:1,2:2},{1:1,2:2},{1:1,2:2},{1:1,2:2},{2:1,4:1,7:1},{2:2,5:1},{2:2,3:1},{4:1,5:1,6:1},{1:1,2:1,3:1,7:1},{1:1,2:3},{1:2,2:1,7:1},{1:2,2:1,6:1},{2:1,3:2,7:1},{4:1,5:1,7:2},{1:1,3:2,4:1,6:1}])[0m
[32m2025-01-01 16:21:51,034 - INFO - False[0m
[32m2025-01-01 16:24:52,498 - INFO - d_prime: 9 d: 10[0m
[32m2025-01-01 16:24:52,501 - INFO - d_prime: 10 d: 10[0m
[32m2025-01-01 16:24:52,504 - INFO - d_prime: 11 d: 10[0m
[32m2025-01-01 16:24:52,507 - INFO - d_prime: 12 d: 10[0m
[32m2025-01-01 16:24:52,509 - INFO - forbidden_vars: ([{0:1},{0:1},{0:1},{0:1},{0:1},{0:1},{0:1},{1:1},{2:1},{2:1},{2:1},{3:1},{3:1},{7:1},{0:1,7:1},{0:1,3:1},{0:1,2:1},{0:1,1:1},{0:1,2:1},{0:1,2:1},{0:1,2:1},{1:1,4:1},{2:1,7:1},{0:1,1:2},{0:2,1:1},{1:1,3:2},{1:1,7:2},{1:1,2:1,7:1},{4:2,7:1},{4:3},{0:1,3:1,7:2},{1:1,2:1,7:2},{3:2,7:2},{0:2,1:1,2:1,3:1}])[0m
[32m2025-01-01 16:24:52,509 - INFO - False[0m
     0     0  688.00000    0   92          -  688.00000      -     - 1698s
[32m2025-01-01 16:27:23,479 - INFO - d_prime: 7 d: 7[0m
[32m2025-01-01 16:27:23,483 - INFO - d_prime: 8 d: 7[0m
[32m2025-01-01 16:27:23,491 - INFO - forbidden_vars: ([{0:1},{1:1},{1:1},{2:1},{2:1},{2:1},{3:1},{4:1},{0:1,1:1},{0:1,1:1},{0:1,1:1},{0:1,1:1},{1:1,5:1},{1:1,6:1},{1:2},{3:1,7:1},{0:1,1:1,2:1},{0:1,1:1,2:1},{1:2,2:1},{1:1,2:2},{1:1,2:2},{1:1,2:2},{2:1,4:1,7:1},{2:2,6:1},{2:2,3:1},{1:1,2:1,3:1,7:1},{1:1,4:1,5:2},{1:1,2:2,3:1},{1:2,4:1,6:1},{1:1,7:3},{4:1,5:2,6:1},{4:1,5:2,7:1},{6:1,7:3}])[0m
[32m2025-01-01 16:27:23,491 - INFO - False[0m
[32m2025-01-01 16:29:13,008 - INFO - d_prime: 9 d: 10[0m
[32m2025-01-01 16:29:13,011 - INFO - d_prime: 10 d: 10[0m
[32m2025-01-01 16:29:13,014 - INFO - d_prime: 11 d: 10[0m
[32m2025-01-01 16:29:13,016 - INFO - d_prime: 12 d: 10[0m
[32m2025-01-01 16:29:13,018 - INFO - forbidden_vars: ([{0:1},{0:1},{0:1},{1:1},{1:1},{2:1},{2:1},{2:1},{2:1},{3:1},{3:1},{3:1},{3:1},{7:1},{0:1,2:1},{0:1,2:1},{0:2},{0:1,2:1},{0:1,2:1},{0:1,2:1},{1:1,4:1},{3:1,7:1},{0:1,3:1,7:1},{0:2,1:1},{0:1,1:1,7:1},{0:2,1:1},{1:1,3:2},{1:1,7:2},{1:2,2:1},{1:1,3:1,7:1},{3:1,7:2},{4:2,7:1},{3:3,7:2}])[0m
[32m2025-01-01 16:29:13,018 - INFO - False[0m
[32m2025-01-01 16:31:30,589 - INFO - d_prime: 9 d: 13[0m
[32m2025-01-01 16:31:30,593 - INFO - d_prime: 10 d: 13[0m
[32m2025-01-01 16:31:30,596 - INFO - d_prime: 11 d: 13[0m
[32m2025-01-01 16:31:30,600 - INFO - d_prime: 12 d: 13[0m
[32m2025-01-01 16:31:30,603 - INFO - d_prime: 13 d: 13[0m
[32m2025-01-01 16:31:30,605 - INFO - forbidden_vars: ([{0:1},{0:1},{0:1},{1:1},{1:1},{2:1},{0:1,5:1},{0:2},{0:1,5:1},{0:1,2:1},{0:1,2:1},{0:2},{0:1,2:1},{1:2},{2:1,4:1},{0:1,1:1,3:1},{0:1,1:2},{1:1,4:1,5:1},{1:2,2:1},{3:1,5:2},{0:3,5:1},{0:1,4:1,5:2},{0:2,3:1,7:1},{0:1,3:1,5:2},{1:1,4:1,5:2},{1:1,2:1,4:2},{3:1,5:2,7:1},{3:2,7:2},{0:1,1:1,2:1,4:2},{1:1,2:1,3:1,5:2},{1:1,2:1,3:3}])[0m
[32m2025-01-01 16:31:30,605 - INFO - False[0m
     0     0  688.00000    0   92          -  688.00000      -     - 1959s
[32m2025-01-01 16:31:47,414 - INFO - d_prime: 7 d: 7[0m
[32m2025-01-01 16:31:47,418 - INFO - d_prime: 8 d: 7[0m
[32m2025-01-01 16:31:47,426 - INFO - forbidden_vars: ([{1:1},{1:1},{2:1},{0:1,3:1},{0:1,1:1},{0:1,1:1},{0:1,2:1},{0:1,2:1},{1:1,5:1},{1:1,6:1},{1:1,2:1},{1:2},{1:1,2:1},{2:2},{3:1,7:1},{0:1,1:1,2:1},{1:2,2:1},{1:2,2:1},{1:1,2:2},{1:1,2:2},{1:1,2:2},{1:1,2:2},{2:1,4:1,7:1},{2:1,3:1,6:1},{4:1,5:1,6:1},{4:1,5:1,6:1},{0:1,2:3},{1:1,2:1,3:1,7:1},{1:1,2:2,6:1},{1:2,2:1,4:1},{1:1,2:1,5:1,7:1},{3:1,4:1,5:1,7:1},{1:1,2:2,3:2}])[0m
[32m2025-01-01 16:31:47,426 - INFO - False[0m
[32m2025-01-01 16:32:54,857 - INFO - d_prime: 9 d: 10[0m
[32m2025-01-01 16:32:54,860 - INFO - d_prime: 10 d: 10[0m
[32m2025-01-01 16:32:54,863 - INFO - d_prime: 11 d: 10[0m
[32m2025-01-01 16:32:54,866 - INFO - d_prime: 12 d: 10[0m
[32m2025-01-01 16:32:54,869 - INFO - forbidden_vars: ([{0:1},{0:1},{0:1},{1:1},{1:1},{2:1},{3:1},{3:1},{3:1},{7:1},{0:1,4:1},{0:1,1:1},{0:1,2:1},{0:1,1:1},{0:1,2:1},{0:1,2:1},{1:1,4:1},{2:2},{2:2},{2:2},{2:2},{2:2},{0:1,3:1,7:1},{0:1,1:1,2:1},{0:2,1:1},{0:1,2:2},{1:1,3:2},{1:1,3:1,7:1},{1:1,2:1,7:1},{2:1,7:2},{4:2,7:1},{0:2,3:1,7:1},{0:1,1:1,2:1,3:1},{3:3,7:2}])[0m
[32m2025-01-01 16:32:54,869 - INFO - False[0m
     0     0  688.00000    0   92          -  688.00000      -     - 2166s
[32m2025-01-01 16:38:39,259 - INFO - d_prime: 9 d: 10[0m
[32m2025-01-01 16:38:39,263 - INFO - d_prime: 10 d: 10[0m
[32m2025-01-01 16:38:39,266 - INFO - d_prime: 11 d: 10[0m
[32m2025-01-01 16:38:39,269 - INFO - d_prime: 12 d: 10[0m
[32m2025-01-01 16:38:39,272 - INFO - forbidden_vars: ([{0:1},{0:1},{0:1},{1:1},{1:1},{2:1},{2:1},{2:1},{2:1},{2:1},{3:1},{3:1},{4:1},{7:1},{0:1,3:1},{0:1,2:1},{0:1,1:1},{0:2},{0:1,2:1},{0:1,2:1},{1:1,4:1},{1:1,3:1},{1:1,7:1},{1:1,7:1},{1:1,2:1},{2:1,7:1},{3:1,7:1},{4:2},{0:2,1:1},{0:2,1:1},{1:1,4:2},{0:2,3:1,7:1},{0:2,1:1,3:1},{3:3,7:2}])[0m
[32m2025-01-01 16:38:39,272 - INFO - False[0m
[32m2025-01-01 16:40:11,124 - INFO - d_prime: 9 d: 12[0m
[32m2025-01-01 16:40:11,128 - INFO - d_prime: 10 d: 12[0m
[32m2025-01-01 16:40:11,131 - INFO - d_prime: 11 d: 12[0m
[32m2025-01-01 16:40:11,134 - INFO - d_prime: 12 d: 12[0m
[32m2025-01-01 16:40:11,137 - INFO - forbidden_vars: ([{0:1},{1:1},{1:1},{1:1},{2:1},{2:1},{4:1},{4:1},{0:1,5:1},{1:2},{1:1,2:1},{2:1,5:1},{2:1,3:1},{0:1,4:1,5:1},{0:2,2:1},{0:2,2:1},{1:1,2:1,5:1},{1:2,2:1},{1:2,2:1},{2:1,3:2},{2:1,4:2},{2:1,4:1,5:1},{0:1,2:2,4:1},{0:1,1:1,2:1,5:1},{2:2,3:1,5:1},{2:1,3:1,5:1,7:1},{3:1,5:1,7:2},{3:1,4:2,5:1},{4:3,7:1},{1:1,3:2,5:1,7:1},{2:1,3:3,5:1}])[0m
[32m2025-01-01 16:40:11,137 - INFO - False[0m
[32m2025-01-01 16:41:28,654 - INFO - d_prime: 7 d: 7[0m
[32m2025-01-01 16:41:28,659 - INFO - d_prime: 8 d: 7[0m
[32m2025-01-01 16:41:28,668 - INFO - forbidden_vars: ([{0:1},{1:1},{1:1},{2:1},{2:1},{3:1},{5:1},{0:1,5:1},{0:1,1:1},{0:1,1:1},{0:1,2:1},{1:1,7:1},{1:2},{1:1,2:1},{1:1,2:1},{1:1,2:1},{0:1,4:1,5:1},{0:1,2:2},{0:1,1:1,2:1},{1:1,2:2},{1:1,4:2},{1:1,3:1,5:1},{1:3},{1:1,2:2},{1:1,2:2},{1:1,2:2},{0:1,2:2,7:1},{1:1,2:2,4:1},{1:2,4:1,5:1},{1:4},{3:1,4:2,7:1},{3:1,4:1,5:2},{2:1,3:1,4:1,7:2}])[0m
[32m2025-01-01 16:41:28,668 - INFO - False[0m
[32m2025-01-01 16:43:55,646 - INFO - d_prime: 9 d: 10[0m
[32m2025-01-01 16:43:55,650 - INFO - d_prime: 10 d: 10[0m
[32m2025-01-01 16:43:55,653 - INFO - d_prime: 11 d: 10[0m
[32m2025-01-01 16:43:55,656 - INFO - d_prime: 12 d: 10[0m
[32m2025-01-01 16:43:55,660 - INFO - forbidden_vars: ([{0:1},{0:1},{0:1},{1:1},{1:1},{1:1},{2:1},{2:1},{2:1},{2:1},{3:1},{3:1},{4:1},{7:1},{0:1,1:1},{0:1,3:1},{0:1,2:1},{0:1,1:1},{0:2},{0:1,2:1},{0:1,2:1},{0:1,2:1},{1:1,7:1},{1:1,4:1},{1:1,7:1},{1:1,7:1},{3:1,7:1},{0:1,3:1,7:1},{0:2,3:1},{0:2,1:1},{1:1,4:2},{2:1,7:2},{0:2,1:1,2:1,3:1},{3:3,7:2}])[0m
[32m2025-01-01 16:43:55,660 - INFO - False[0m
[32m2025-01-01 16:44:35,191 - INFO - d_prime: 9 d: 12[0m
[32m2025-01-01 16:44:35,194 - INFO - d_prime: 10 d: 12[0m
[32m2025-01-01 16:44:35,197 - INFO - d_prime: 11 d: 12[0m
[32m2025-01-01 16:44:35,201 - INFO - d_prime: 12 d: 12[0m
[32m2025-01-01 16:44:35,203 - INFO - forbidden_vars: ([{0:1},{1:1},{1:1},{2:1},{2:1},{2:1},{2:1},{3:1},{0:2},{0:1,2:1},{1:1,4:1},{1:2},{1:2},{1:2},{2:1,5:1},{2:2},{4:1,5:1},{1:1,2:1,5:1},{1:2,2:1},{1:2,2:1},{2:1,3:1,5:1},{2:1,4:2},{2:1,4:1,5:1},{5:1,7:2},{0:1,2:1,4:1,7:1},{0:1,2:1,3:1,5:1},{2:1,3:1,4:1,5:1},{2:2,3:1,4:1},{2:1,4:2,5:1},{4:2,5:1,7:1},{3:3,5:1,7:1},{3:3,5:2}])[0m
[32m2025-01-01 16:44:35,203 - INFO - False[0m
[32m2025-01-01 16:48:35,928 - INFO - d_prime: 9 d: 10[0m
[32m2025-01-01 16:48:35,930 - INFO - d_prime: 10 d: 10[0m
[32m2025-01-01 16:48:35,933 - INFO - d_prime: 11 d: 10[0m
[32m2025-01-01 16:48:35,936 - INFO - d_prime: 12 d: 10[0m
[32m2025-01-01 16:48:35,939 - INFO - forbidden_vars: ([{0:1},{0:1},{0:1},{1:1},{1:1},{2:1},{2:1},{2:1},{2:1},{2:1},{2:1},{2:1},{3:1},{3:1},{4:1},{7:1},{0:1,3:1},{0:1,2:1},{0:1,1:1},{0:2},{0:1,2:1},{1:1,4:1},{1:1,3:1},{1:1,7:1},{1:1,7:1},{2:1,7:1},{4:2},{0:1,3:1,7:1},{0:2,1:1},{0:2,1:1},{1:1,4:2},{2:1,3:1,7:1},{0:2,1:1,3:1},{3:3,7:2}])[0m
[32m2025-01-01 16:48:35,939 - INFO - False[0m
[32m2025-01-01 16:49:04,465 - INFO - d_prime: 9 d: 12[0m
[32m2025-01-01 16:49:04,468 - INFO - d_prime: 10 d: 12[0m
[32m2025-01-01 16:49:04,472 - INFO - d_prime: 11 d: 12[0m
[32m2025-01-01 16:49:04,475 - INFO - d_prime: 12 d: 12[0m
[32m2025-01-01 16:49:04,477 - INFO - forbidden_vars: ([{0:1},{1:1},{1:1},{1:1},{2:1},{2:1},{2:1},{5:1},{0:1,5:1},{1:2},{1:2},{1:2},{1:2},{2:1,3:1},{2:2},{0:1,4:1,5:1},{0:2,2:1},{0:2,2:1},{1:1,2:1,5:1},{1:2,2:1},{2:1,3:2},{2:1,4:2},{2:1,4:1,5:1},{0:1,2:2,4:1},{0:1,1:1,2:1,5:1},{2:1,3:1,4:1,5:1},{2:2,3:1,5:1},{2:1,3:1,5:1,7:1},{3:2,5:1,7:1},{3:1,5:1,7:2},{4:3,7:1},{3:3,5:2}])[0m
[32m2025-01-01 16:49:04,477 - INFO - False[0m
     0     2  688.00000    0    6          -  688.00000      -     - 3064s
     1     4  688.00000    1  260          -  688.00000      - 11931 3067s
     7    12  688.00000    3  126          -  688.00000      -  2595 3071s
    15    20  688.00000    4  113          -  688.00000      -  1324 3078s
    23    31  688.00000    6   92          -  688.00000      -  1659 3080s
    30    53  688.00000    8  129          -  688.00000      -  1325 3086s
    52   168  688.00000   19   90          -  688.00000      -  1304 3095s
   167   457  688.00000   53   30          -  688.00000      -   510 3113s
[32m2025-01-01 16:56:28,117 - INFO - d_prime: 9 d: 10[0m
[32m2025-01-01 16:56:28,120 - INFO - d_prime: 10 d: 10[0m
[32m2025-01-01 16:56:28,124 - INFO - d_prime: 11 d: 10[0m
[32m2025-01-01 16:56:28,127 - INFO - d_prime: 12 d: 10[0m
[32m2025-01-01 16:56:28,130 - INFO - forbidden_vars: ([{0:1},{0:1},{0:1},{1:1},{1:1},{2:1},{2:1},{2:1},{2:1},{2:1},{2:1},{2:1},{3:1},{3:1},{4:1},{7:1},{0:1,3:1},{0:1,2:1},{0:1,1:1},{0:2},{0:1,2:1},{1:1,4:1},{1:1,3:1},{1:1,7:1},{1:1,7:1},{2:1,7:1},{3:1,7:1},{4:2},{0:2,1:1},{0:2,1:1},{1:1,4:2},{0:1,2:1,3:1,7:1},{0:2,1:1,3:1},{3:3,7:2}])[0m
[32m2025-01-01 16:56:28,130 - INFO - False[0m
[32m2025-01-01 16:57:03,224 - INFO - d_prime: 9 d: 12[0m
[32m2025-01-01 16:57:03,227 - INFO - d_prime: 10 d: 12[0m
[32m2025-01-01 16:57:03,231 - INFO - d_prime: 11 d: 12[0m
[32m2025-01-01 16:57:03,234 - INFO - d_prime: 12 d: 12[0m
[32m2025-01-01 16:57:03,237 - INFO - forbidden_vars: ([{0:1},{1:1},{1:1},{2:1},{2:1},{5:1},{0:1,5:1},{0:1,2:1},{1:1,4:1},{1:2},{1:2},{1:2},{1:2},{2:1,4:1},{2:1,3:1},{2:2},{0:1,4:1,5:1},{0:2,2:1},{1:1,2:1,5:1},{1:2,2:1},{2:1,3:2},{2:1,4:2},{2:1,4:1,5:1},{3:1,7:2},{0:1,2:2,4:1},{0:1,1:1,2:1,5:1},{2:1,3:1,4:1,5:1},{2:2,3:1,5:1},{2:1,3:1,5:1,7:1},{4:3,7:1},{3:2,5:1,7:2},{3:3,5:2}])[0m
[32m2025-01-01 16:57:03,237 - INFO - False[0m
   484   737  688.00000  115   51          -  688.00000      -   229 3588s
