1.NAME: LBBDSolver
2.PARAMS: {'break_symmetry': False, 'add_constraints_to_symmetrc_days': True, 'subsolver_cls': 'CPSubSolver2'}
3.INSTANCE: /home/wx350715/Kobra/rehabiliation-admission-scheduling/data/comp_study_002/instance_2_5.txt
4.REPETITION: 1
Current directory: /home/wx350715/Kobra/rehabiliation-admission-scheduling
[34m2025-01-01 14:46:18,350 - DEBUG - Solver: <class 'src.solvers.benders.LBBDSolver'>[0m
[34m2025-01-01 14:46:18,351 - DEBUG - Args: {'break_symmetry': False, 'add_constraints_to_symmetrc_days': True, 'subsolver_cls': 'CPSubSolver2'}[0m
[34m2025-01-01 14:46:18,351 - DEBUG - File path /home/wx350715/Kobra/rehabiliation-admission-scheduling/data/comp_study_002/instance_2_5.txt[0m
[34m2025-01-01 14:46:18,351 - DEBUG - ADD INSTANCE DATA[0m
[34m2025-01-01 14:46:18,351 - DEBUG - ADD INSTANCE DATA[0m
[34m2025-01-01 14:46:18,351 - DEBUG - ADD INSTANCE DATA[0m
[34m2025-01-01 14:46:18,351 - DEBUG - ADD INSTANCE DATA[0m
[34m2025-01-01 14:46:18,351 - DEBUG - ADD INSTANCE DATA[0m
[34m2025-01-01 14:46:18,351 - DEBUG - ADD INSTANCE DATA[0m
[34m2025-01-01 14:46:18,351 - DEBUG - ADD INSTANCE DATA[0m
[34m2025-01-01 14:46:18,351 - DEBUG - ADD INSTANCE DATA[0m
[34m2025-01-01 14:46:18,351 - DEBUG - ADD INSTANCE DATA[0m
[34m2025-01-01 14:46:18,351 - DEBUG - ADD INSTANCE DATA[0m
[34m2025-01-01 14:46:18,351 - DEBUG - ADD INSTANCE DATA[0m
[34m2025-01-01 14:46:18,352 - DEBUG - ADD RESOURCE_GROUPS[0m
[34m2025-01-01 14:46:18,352 - DEBUG - ADD RESOURCE_GROUPS[0m
[34m2025-01-01 14:46:18,352 - DEBUG - ADD RESOURCE_GROUPS[0m
[34m2025-01-01 14:46:18,352 - DEBUG - ADD RESOURCE_GROUPS[0m
[34m2025-01-01 14:46:18,352 - DEBUG - ADD RESOURCE_GROUPS[0m
[34m2025-01-01 14:46:18,352 - DEBUG - ADD RESOURCES[0m
[34m2025-01-01 14:46:18,352 - DEBUG - ADD RESOURCES[0m
[34m2025-01-01 14:46:18,352 - DEBUG - ADD RESOURCES[0m
[34m2025-01-01 14:46:18,352 - DEBUG - ADD RESOURCES[0m
[34m2025-01-01 14:46:18,352 - DEBUG - ADD RESOURCES[0m
[34m2025-01-01 14:46:18,352 - DEBUG - ADD RESOURCES[0m
[34m2025-01-01 14:46:18,353 - DEBUG - ADD RESOURCES[0m
[34m2025-01-01 14:46:18,353 - DEBUG - ADD RESOURCES[0m
[34m2025-01-01 14:46:18,353 - DEBUG - ADD RESOURCES[0m
[34m2025-01-01 14:46:18,353 - DEBUG - ADD RESOURCES[0m
[34m2025-01-01 14:46:18,353 - DEBUG - ADD TREATMENTS[0m
[34m2025-01-01 14:46:18,353 - DEBUG - ADD TREATMENTS[0m
[34m2025-01-01 14:46:18,353 - DEBUG - ADD TREATMENTS[0m
[34m2025-01-01 14:46:18,353 - DEBUG - ADD TREATMENTS[0m
[34m2025-01-01 14:46:18,353 - DEBUG - ADD TREATMENTS[0m
[34m2025-01-01 14:46:18,353 - DEBUG - ADD TREATMENTS[0m
[34m2025-01-01 14:46:18,353 - DEBUG - ADD TREATMENTS[0m
[34m2025-01-01 14:46:18,354 - DEBUG - ADD TREATMENTS[0m
[34m2025-01-01 14:46:18,354 - DEBUG - ADD TREATMENTS[0m
[34m2025-01-01 14:46:18,354 - DEBUG - ADD TREATMENTS[0m
[34m2025-01-01 14:46:18,354 - DEBUG - ADD PATIENTS[0m
[34m2025-01-01 14:46:18,354 - DEBUG - ADD PATIENTS[0m
[34m2025-01-01 14:46:18,354 - DEBUG - ADD PATIENTS[0m
[34m2025-01-01 14:46:18,354 - DEBUG - ADD PATIENTS[0m
[34m2025-01-01 14:46:18,354 - DEBUG - ADD PATIENTS[0m
[34m2025-01-01 14:46:18,355 - DEBUG - ADD PATIENTS[0m
[34m2025-01-01 14:46:18,355 - DEBUG - ADD PATIENTS[0m
[34m2025-01-01 14:46:18,355 - DEBUG - ADD PATIENTS[0m
[34m2025-01-01 14:46:18,355 - DEBUG - ADD PATIENTS[0m
[34m2025-01-01 14:46:18,355 - DEBUG - ADD PATIENTS[0m
[34m2025-01-01 14:46:18,355 - DEBUG - ADD PATIENTS[0m
[34m2025-01-01 14:46:18,355 - DEBUG - ADD PATIENTS[0m
[34m2025-01-01 14:46:18,355 - DEBUG - ADD PATIENTS[0m
[34m2025-01-01 14:46:18,355 - DEBUG - ADD PATIENTS[0m
[34m2025-01-01 14:46:18,356 - DEBUG - ADD PATIENTS[0m
[34m2025-01-01 14:46:18,356 - DEBUG - ADD PATIENTS[0m
[34m2025-01-01 14:46:18,356 - DEBUG - ADD PATIENTS[0m
[34m2025-01-01 14:46:18,356 - DEBUG - ADD PATIENTS[0m
[34m2025-01-01 14:46:18,356 - DEBUG - ADD PATIENTS[0m
[34m2025-01-01 14:46:18,356 - DEBUG - ADD PATIENTS[0m
[34m2025-01-01 14:46:18,357 - DEBUG - ADD PATIENTS[0m
[34m2025-01-01 14:46:18,357 - DEBUG - ADD PATIENTS[0m
[34m2025-01-01 14:46:18,357 - DEBUG - ADD PATIENTS[0m
[34m2025-01-01 14:46:18,358 - DEBUG - ADD PATIENTS[0m
[34m2025-01-01 14:46:18,358 - DEBUG - ADD PATIENTS[0m
[34m2025-01-01 14:46:18,358 - DEBUG - ADD PATIENTS[0m
[34m2025-01-01 14:46:18,358 - DEBUG - ADD PATIENTS[0m
[34m2025-01-01 14:46:18,358 - DEBUG - ADD PATIENTS[0m
[34m2025-01-01 14:46:18,358 - DEBUG - ADD PATIENTS[0m
[34m2025-01-01 14:46:18,358 - DEBUG - ADD PATIENTS[0m
[34m2025-01-01 14:46:18,358 - DEBUG - ADD PATIENTS[0m
[34m2025-01-01 14:46:18,358 - DEBUG - ADD PATIENTS[0m
[34m2025-01-01 14:46:18,359 - DEBUG - ADD PATIENTS[0m
[34m2025-01-01 14:46:18,359 - DEBUG - ADD PATIENTS[0m
[34m2025-01-01 14:46:18,359 - DEBUG - ADD PATIENTS[0m
[34m2025-01-01 14:46:18,359 - DEBUG - ADD PATIENTS[0m
[34m2025-01-01 14:46:18,359 - DEBUG - ADD PATIENTS[0m
[34m2025-01-01 14:46:18,359 - DEBUG - ADD PATIENTS[0m
[34m2025-01-01 14:46:18,359 - DEBUG - ADD PATIENTS[0m
[34m2025-01-01 14:46:18,359 - DEBUG - ADD PATIENTS[0m
[34m2025-01-01 14:46:18,360 - DEBUG - Instance data:[0m
[34m2025-01-01 14:46:18,360 - DEBUG - Number of patients: 40[0m
[34m2025-01-01 14:46:18,360 - DEBUG - Number of beds: 40[0m
[34m2025-01-01 14:46:18,360 - DEBUG - Average number of treatments per patient: 24.5[0m
[34m2025-01-01 14:46:18,360 - DEBUG - Average number of treatment per stayed day: 1.3611111111111112[0m
[34m2025-01-01 14:46:18,360 - DEBUG - Number of treatments: 980[0m
[34m2025-01-01 14:46:18,360 - DEBUG - Number of resources: 10[0m
[34m2025-01-01 14:46:18,360 - DEBUG - Number of resource groups: 5[0m
[34m2025-01-01 14:46:18,360 - DEBUG - Number of resource hours needed per all treatment by RG(rooms): 52.50000000000001[0m
[34m2025-01-01 14:46:18,360 - DEBUG - Number of resource hours needed per all treatment by RG(physiotherapist): 20.0[0m
[34m2025-01-01 14:46:18,360 - DEBUG - Number of resource hours needed per all treatment by RG(therapists): 24.374999999999986[0m
[34m2025-01-01 14:46:18,360 - DEBUG - Number of resource hours needed per all treatment by RG(sport_room): 11.875[0m
[34m2025-01-01 14:46:18,360 - DEBUG - Number of resource hours needed per all treatment by RG(language_therapist): 1.4999999999999998[0m
[32m2025-01-01 14:46:18,360 - INFO - {'solver': 'LBBDSolver', 'args': {'break_symmetry': False, 'subsolver_cls': <class 'src.solvers.subsolvers.cp_subsolver.CPSubsolver'>, 'subsolver.store_results': True, 'subsolver.store_results_method': 'hash', 'use_helper_constraints': True, 'enforce_min_treatments_per_day': True, 'enforce_max_treatments_per_e_w': True, 'enforce_min_patients_per_treatment': True, 'log_to_console': True}}[0m
[34m2025-01-01 14:46:18,360 - DEBUG - Setting options: LBBDSolver[0m
[34m2025-01-01 14:46:18,360 - DEBUG -  ---- break_symmetry to False[0m
[34m2025-01-01 14:46:18,360 - DEBUG -  ---- subsolver_cls to <class 'src.solvers.subsolvers.cp_subsolver.CPSubsolver'>[0m
[34m2025-01-01 14:46:18,360 - DEBUG -  ---- use_helper_constraints to True[0m
[34m2025-01-01 14:46:18,360 - DEBUG -  ---- add_constraints_to_symmetric_days to True (default)[0m
[34m2025-01-01 14:46:18,361 - DEBUG - Setting options: Solver[0m
[34m2025-01-01 14:46:18,361 - DEBUG -  ---- number_of_threads to 4 (default)[0m
[34m2025-01-01 14:46:18,361 - DEBUG -  ---- treatment_value to 0 (default)[0m
[34m2025-01-01 14:46:18,361 - DEBUG -  ---- delay_value to 1 (default)[0m
[34m2025-01-01 14:46:18,361 - DEBUG -  ---- missing_treatment_value to 4 (default)[0m
[34m2025-01-01 14:46:18,361 - DEBUG -  ---- enforce_min_treatments_per_day to True[0m
[34m2025-01-01 14:46:18,361 - DEBUG -  ---- enforce_max_treatments_per_e_w to True[0m
[34m2025-01-01 14:46:18,361 - DEBUG -  ---- enforce_min_patients_per_treatment to True[0m
[34m2025-01-01 14:46:18,361 - DEBUG -  ---- log_to_console to True[0m
[34m2025-01-01 14:46:18,361 - DEBUG -  ---- log_to_file to True (default)[0m
[34m2025-01-01 14:46:18,361 - DEBUG -  ---- no_rel_heur_time to 1 (default)[0m
[34m2025-01-01 14:46:18,460 - DEBUG - Setting options: CPSubsolver[0m
[34m2025-01-01 14:46:18,461 - DEBUG -  ---- estimated_needed_treatments to True (default)[0m
[34m2025-01-01 14:46:18,461 - DEBUG -  ---- add_patient_symmetry to False (default)[0m
[34m2025-01-01 14:46:18,461 - DEBUG - Setting Subsolver options: SubSolver[0m
[34m2025-01-01 14:46:18,461 - DEBUG -  ---- store_results to True[0m
[34m2025-01-01 14:46:18,461 - DEBUG -  ---- store_results_method to hash[0m
[34m2025-01-01 14:46:18,461 - DEBUG -  ---- enforce_min_patients_per_treatment to True[0m
[34m2025-01-01 14:46:18,461 - DEBUG -  ---- use_day_symmetry to True (default)[0m
[32m2025-01-01 14:46:18,550 - INFO - Create model: LBBDSolver[0m
Set parameter TSPort to value 50039
Set parameter TokenServer to value "license.itc.rwth-aachen.de"
Set parameter Threads to value 4
Set parameter Cuts to value 0
Set parameter LazyConstraints to value 1
Set parameter NoRelHeurTime to value 1
[34m2025-01-01 14:46:18,970 - DEBUG - Variables created.[0m
[34m2025-01-01 14:46:20,498 - DEBUG - Constraint (not too many treatments) created.[0m
[34m2025-01-01 14:46:21,493 - DEBUG - Constraint (no_treatments_outside admittance) created.[0m
[34m2025-01-01 14:46:21,495 - DEBUG - Constraint (bed_usage) created.[0m
[34m2025-01-01 14:46:21,495 - DEBUG - Constraint (must be admitted) created.[0m
[34m2025-01-01 14:46:21,641 - DEBUG - Constraint (e_w_ub) created.[0m
[34m2025-01-01 14:46:21,691 - DEBUG - Constraint (day_ub) created.[0m
[34m2025-01-01 14:46:21,739 - DEBUG - Constraint (Day always) created.[0m
[34m2025-01-01 14:46:21,739 - DEBUG - Constraint (already_admitted) created.[0m
[32m2025-01-01 14:46:25,261 - INFO - Time to create model: 6.71[0m
[32m2025-01-01 14:46:25,261 - INFO - Solving model: LBBDSolver[0m
Gurobi Optimizer version 10.0.0 build v10.0.0rc2 (linux64)

CPU model: Intel(R) Xeon(R) Platinum 8468, instruction set [SSE2|AVX|AVX2|AVX512]
Thread count: 96 physical cores, 96 logical processors, using up to 4 threads

Optimize a model with 207034 rows, 79978 columns and 1578128 nonzeros
Model fingerprint: 0xe57f2f54
Variable types: 3 continuous, 79975 integer (79975 binary)
Coefficient statistics:
  Matrix range     [1e+00, 2e+01]
  Objective range  [1e+00, 1e+01]
  Bounds range     [1e+00, 1e+00]
  RHS range        [1e+00, 4e+03]
Presolve added 0 rows and 643 columns
Presolve removed 96546 rows and 0 columns
Presolve time: 3.85s
Presolved: 110488 rows, 80621 columns, 1231424 nonzeros
Variable types: 1 continuous, 80620 integer (79958 binary)
Starting NoRel heuristic
Found heuristic solution: objective 3011.0000000
Elapsed time for NoRel heuristic: 10s (best bound -307528)
Root relaxation presolved: 110249 rows, 80860 columns, 1182039 nonzeros

Deterministic concurrent LP optimizer: primal simplex, dual simplex, and barrier
Showing barrier log only...

Root barrier log...

Ordering time: 0.50s

Barrier statistics:
 Dense cols : 90
 AA' NZ     : 2.303e+05
 Factor NZ  : 1.384e+06 (roughly 18 MB of memory)
 Factor Ops : 6.248e+08 (less than 1 second per iteration)
 Threads    : 2

                  Objective                Residual
Iter       Primal          Dual         Primal    Dual     Compl     Time
   0  -4.04594518e+06 -1.72248697e+04  1.04e+05 8.57e-01  3.09e+02    20s
   1  -1.85368268e+06 -5.14170210e+04  4.76e+04 7.07e-01  1.30e+02    20s
   2  -1.07184460e+05 -4.86550898e+04  2.79e+03 5.02e-02  9.65e+00    20s
   3  -3.67314117e+04 -2.90388248e+04  9.72e+02 1.07e-02  3.64e+00    20s
   4  -1.07732791e+04 -1.59480117e+04  3.09e+02 4.38e-03  1.40e+00    20s
   5  -3.92404215e+01 -4.05850813e+03  3.55e+01 5.16e-04  3.02e-01    21s
   6   1.26240261e+03 -8.25342714e+02  1.42e+00 1.61e-04  1.03e-01    21s
   7   1.30120522e+03  1.20628145e+03  4.15e-02 1.87e-05  4.61e-03    21s
   8   1.30000680e+03  1.29953363e+03  5.36e-05 7.64e-06  2.27e-05    21s
   9   1.30000000e+03  1.30000000e+03  4.57e-10 6.71e-08  6.05e-11    21s

Barrier solved model in 9 iterations and 21.40 seconds (11.05 work units)
Optimal objective 1.30000000e+03


Root crossover log...

     142 DPushes remaining with DInf 0.0000000e+00                21s
       0 DPushes remaining with DInf 0.0000000e+00                21s

    4699 PPushes remaining with PInf 0.0000000e+00                21s
       0 PPushes remaining with PInf 0.0000000e+00                22s

  Push phase complete: Pinf 0.0000000e+00, Dinf 1.2486257e-11     22s


Root simplex log...

Iteration    Objective       Primal Inf.    Dual Inf.      Time
    4804    1.3000000e+03   0.000000e+00   0.000000e+00     22s
Concurrent spin time: 1.12s (can be avoided by choosing Method=3)

Solved with barrier
    4804    1.3000000e+03   0.000000e+00   0.000000e+00     22s

Use crossover to convert LP symmetric solution to basic solution...

Root crossover log...

     105 DPushes remaining with DInf 0.0000000e+00                22s
       0 DPushes remaining with DInf 0.0000000e+00                22s

   22283 PPushes remaining with PInf 0.0000000e+00                22s
       0 PPushes remaining with PInf 0.0000000e+00                25s

  Push phase complete: Pinf 0.0000000e+00, Dinf 7.2884809e-11     25s


Root simplex log...

Iteration    Objective       Primal Inf.    Dual Inf.      Time
   27134    1.3000000e+03   0.000000e+00   0.000000e+00     25s
   27134    1.3000000e+03   0.000000e+00   0.000000e+00     25s

Root relaxation: objective 1.300000e+03, 27134 iterations, 6.94 seconds (2.69 work units)

    Nodes    |    Current Node    |     Objective Bounds      |     Work
 Expl Unexpl |  Obj  Depth IntInf | Incumbent    BestBd   Gap | It/Node Time

     0     0 1300.00000    0 3872 3011.00000 1300.00000  56.8%     -   49s
H    0     0                    2799.0000000 1300.00000  53.6%     -   72s
H    0     0                    2538.0000000 1300.00000  48.8%     -  136s
     0     0 1300.00000    0 3872 2538.00000 1300.00000  48.8%     -  162s
[32m2025-01-01 14:52:50,253 - INFO - d_prime: 11 d: 11[0m
[32m2025-01-01 14:52:50,257 - INFO - d_prime: 12 d: 11[0m
[32m2025-01-01 14:52:50,260 - INFO - d_prime: 13 d: 11[0m
[32m2025-01-01 14:52:50,262 - INFO - forbidden_vars: ([{0:1},{0:1},{0:1},{2:1},{3:1},{3:1},{4:1},{5:1},{6:1},{6:1},{7:1},{7:1},{7:1},{8:1},{8:1},{8:1},{8:1},{0:2},{2:1,3:1},{2:1,5:1},{2:1,9:1},{2:1,3:1},{3:1,4:1},{3:1,9:1},{4:1,9:1},{4:1,7:1},{5:1,6:1},{5:1,6:1},{5:1,8:1},{5:1,7:1},{6:1,7:1},{6:1,7:1},{6:1,8:1},{6:1,7:1},{7:1,9:1},{7:1,9:1},{8:2},{8:2},{8:1,9:1},{9:2}])[0m
[32m2025-01-01 14:52:50,262 - INFO - False[0m
     0     0 1300.00000    0 3872 2538.00000 1300.00000  48.8%     -  428s
[32m2025-01-01 15:02:15,989 - INFO - d_prime: 11 d: 11[0m
[32m2025-01-01 15:02:15,992 - INFO - d_prime: 12 d: 11[0m
[32m2025-01-01 15:02:15,994 - INFO - d_prime: 13 d: 11[0m
[32m2025-01-01 15:02:15,996 - INFO - forbidden_vars: ([{0:1},{0:1},{0:1},{2:1},{3:1},{3:1},{4:1},{5:1},{6:1},{6:1},{6:1},{7:1},{7:1},{8:1},{8:1},{8:1},{9:1},{9:1},{0:1,7:1},{0:2},{0:1,7:1},{2:1,3:1},{2:1,5:1},{2:1,9:1},{2:1,3:1},{3:1,5:1},{3:1,8:1},{3:1,8:1},{3:1,8:1},{3:1,8:1},{3:1,7:1},{3:1,9:1},{5:1,6:1},{5:1,9:1},{6:1,7:1},{6:1,7:1},{6:1,7:1},{8:2},{8:1,9:1},{9:2}])[0m
[32m2025-01-01 15:02:15,996 - INFO - False[0m
     0     0 1300.00000    0 3872 2538.00000 1300.00000  48.8%     -  986s
H    0     0                    1300.0000000 1300.00000  0.00%     - 1064s
     0     0 1300.00000    0 3872 1300.00000 1300.00000  0.00%     - 1064s

Cutting planes:
  Lazy constraints: 6

Explored 1 nodes (39149 simplex iterations) in 1064.19 seconds (92.26 work units)
Thread count was 4 (of 96 available processors)

Solution count 4: 1300 2538 2799 3011 

Optimal solution found (tolerance 1.00e-04)
Best objective 1.300000000000e+03, best bound 1.300000000000e+03, gap 0.0000%

User-callback calls 9568, time in user-callback 976.59 sec
[34m2025-01-01 15:04:09,579 - DEBUG - Finished optimization[0m
[34m2025-01-01 15:04:09,579 - DEBUG - Subsolver stats:[0m
[32m2025-01-01 15:04:09,579 - INFO - Number of cuts added: 2 (bad=0, good=2)[0m
[32m2025-01-01 15:04:09,579 - INFO - Unnecessary comps: (0 / 2)[0m
[32m2025-01-01 15:04:09,579 - INFO - Calls to is_day_infeasible: cp_solver=73/ total=84 stored=11[0m
[32m2025-01-01 15:04:09,579 - INFO - Is feasible: 976.1413524150848 0.9996925949727902[0m
[32m2025-01-01 15:04:09,579 - INFO - Subsolver: Solve Model: 973.9703502655029/0.9978283800517215[0m
[32m2025-01-01 15:04:09,579 - INFO - Subsolver: Create Model: 2.119696617126465/0.0021716199482785517[0m
[32m2025-01-01 15:04:09,579 - INFO - Num_constraints-added: 6[0m
[32m2025-01-01 15:04:09,579 - INFO - Optimal solution found.[0m
[34m2025-01-01 15:04:09,579 - DEBUG - Sub Objectives:[0m
[34m2025-01-01 15:04:09,579 - DEBUG - (SOLVER):Minimize Delay: 0.0[0m
[34m2025-01-01 15:04:09,580 - DEBUG - (SOLVER):Minimize Missing Treatments: 1300.0[0m
[32m2025-01-01 15:04:09,580 - INFO - All cuts [defaultdict(<class 'dict'>, {P(patient30): {T(music_therapy): 1}, P(patient33): {T(music_therapy): 2}, P(patient35): {T(music_therapy): 1}, P(patient39): {T(music_therapy): 1}, P(patient10): {T(group_therapy): 1, T(knitting): 1}, P(patient11): {T(group_therapy): 1}, P(patient12): {T(group_therapy): 1, T(massage): 1}, P(patient18): {T(group_therapy): 1, T(board_games): 1}, P(patient19): {T(group_therapy): 1, T(knitting): 1}, P(patient15): {T(knitting): 1, T(trust_exercise): 1}, P(patient17): {T(knitting): 1}, P(patient23): {T(knitting): 1}, P(patient38): {T(knitting): 1, T(board_games): 1}, P(patient13): {T(trust_exercise): 1, T(board_games): 1}, P(patient16): {T(trust_exercise): 1}, P(patient36): {T(trust_exercise): 1, T(physio): 1}, P(patient0): {T(massage): 1, T(sport): 1}, P(patient9): {T(massage): 1, T(sport): 1}, P(patient24): {T(massage): 1, T(language_therapy): 1}, P(patient32): {T(massage): 1, T(physio): 1}, P(patient37): {T(massage): 1}, P(patient6): {T(sport): 1, T(physio): 1}, P(patient7): {T(sport): 1, T(physio): 1}, P(patient8): {T(sport): 1}, P(patient26): {T(sport): 1, T(language_therapy): 1}, P(patient31): {T(sport): 1}, P(patient34): {T(sport): 1, T(physio): 1}, P(patient1): {T(physio): 1, T(board_games): 1}, P(patient2): {T(physio): 1}, P(patient3): {T(physio): 1, T(board_games): 1}, P(patient4): {T(physio): 1}, P(patient5): {T(physio): 1}, P(patient20): {T(language_therapy): 1}, P(patient21): {T(language_therapy): 1}, P(patient22): {T(language_therapy): 1}, P(patient25): {T(language_therapy): 2}, P(patient27): {T(language_therapy): 1}, P(patient28): {T(language_therapy): 2}, P(patient29): {T(language_therapy): 1, T(board_games): 1}, P(patient14): {T(board_games): 2}}), defaultdict(<class 'dict'>, {P(patient30): {T(music_therapy): 1}, P(patient32): {T(music_therapy): 1, T(physio): 1}, P(patient33): {T(music_therapy): 2}, P(patient35): {T(music_therapy): 1}, P(patient37): {T(music_therapy): 1}, P(patient39): {T(music_therapy): 1, T(physio): 1}, P(patient10): {T(group_therapy): 1, T(knitting): 1}, P(patient11): {T(group_therapy): 1}, P(patient12): {T(group_therapy): 1, T(massage): 1}, P(patient18): {T(group_therapy): 1, T(board_games): 1}, P(patient19): {T(group_therapy): 1, T(knitting): 1}, P(patient15): {T(knitting): 1, T(massage): 1}, P(patient17): {T(knitting): 1}, P(patient23): {T(knitting): 1}, P(patient24): {T(knitting): 1, T(language_therapy): 1}, P(patient25): {T(knitting): 1, T(language_therapy): 1}, P(patient27): {T(knitting): 1, T(language_therapy): 1}, P(patient28): {T(knitting): 1, T(language_therapy): 1}, P(patient36): {T(knitting): 1, T(physio): 1}, P(patient38): {T(knitting): 1, T(board_games): 1}, P(patient16): {T(trust_exercise): 1}, P(patient1): {T(massage): 1, T(sport): 1}, P(patient4): {T(massage): 1}, P(patient9): {T(massage): 1, T(board_games): 1}, P(patient0): {T(sport): 1, T(physio): 1}, P(patient2): {T(sport): 1}, P(patient6): {T(sport): 1, T(physio): 1}, P(patient7): {T(sport): 1, T(physio): 1}, P(patient8): {T(sport): 1}, P(patient34): {T(sport): 1}, P(patient5): {T(physio): 1}, P(patient31): {T(physio): 1}, P(patient20): {T(language_therapy): 1}, P(patient21): {T(language_therapy): 1}, P(patient22): {T(language_therapy): 1}, P(patient26): {T(language_therapy): 2}, P(patient29): {T(language_therapy): 1, T(board_games): 1}, P(patient3): {T(board_games): 1}, P(patient13): {T(board_games): 1}, P(patient14): {T(board_games): 2}})][0m
[32m2025-01-01 15:04:09,580 - INFO - All cuts ['([{0:1},{0:1},{0:1},{2:1},{3:1},{3:1},{4:1},{5:1},{6:1},{6:1},{7:1},{7:1},{7:1},{8:1},{8:1},{8:1},{8:1},{0:2},{2:1,3:1},{2:1,5:1},{2:1,9:1},{2:1,3:1},{3:1,4:1},{3:1,9:1},{4:1,9:1},{4:1,7:1},{5:1,6:1},{5:1,6:1},{5:1,8:1},{5:1,7:1},{6:1,7:1},{6:1,7:1},{6:1,8:1},{6:1,7:1},{7:1,9:1},{7:1,9:1},{8:2},{8:2},{8:1,9:1},{9:2}])', '([{0:1},{0:1},{0:1},{2:1},{3:1},{3:1},{4:1},{5:1},{6:1},{6:1},{6:1},{7:1},{7:1},{8:1},{8:1},{8:1},{9:1},{9:1},{0:1,7:1},{0:2},{0:1,7:1},{2:1,3:1},{2:1,5:1},{2:1,9:1},{2:1,3:1},{3:1,5:1},{3:1,8:1},{3:1,8:1},{3:1,8:1},{3:1,8:1},{3:1,7:1},{3:1,9:1},{5:1,6:1},{5:1,9:1},{6:1,7:1},{6:1,7:1},{6:1,7:1},{8:2},{8:1,9:1},{9:2}])'][0m
[34m2025-01-01 15:05:05,213 - DEBUG - Patient 0 is admitted at day 0.[0m
[34m2025-01-01 15:05:05,214 - DEBUG - Patient 1 is admitted at day 1.[0m
[34m2025-01-01 15:05:05,214 - DEBUG - Patient 2 is admitted at day 2.[0m
[34m2025-01-01 15:05:05,214 - DEBUG - Patient 3 is admitted at day 2.[0m
[34m2025-01-01 15:05:05,214 - DEBUG - Patient 4 is admitted at day 3.[0m
[34m2025-01-01 15:05:05,214 - DEBUG - Patient 5 is admitted at day 4.[0m
[34m2025-01-01 15:05:05,214 - DEBUG - Patient 6 is admitted at day 5.[0m
[34m2025-01-01 15:05:05,214 - DEBUG - Patient 7 is admitted at day 2.[0m
[34m2025-01-01 15:05:05,214 - DEBUG - Patient 8 is admitted at day 7.[0m
[34m2025-01-01 15:05:05,214 - DEBUG - Patient 9 is admitted at day 9.[0m
[34m2025-01-01 15:05:05,214 - DEBUG - Patient 10 is admitted at day 1.[0m
[34m2025-01-01 15:05:05,214 - DEBUG - Patient 11 is admitted at day 2.[0m
[34m2025-01-01 15:05:05,214 - DEBUG - Patient 12 is admitted at day 3.[0m
[34m2025-01-01 15:05:05,214 - DEBUG - Patient 13 is admitted at day 8.[0m
[34m2025-01-01 15:05:05,214 - DEBUG - Patient 14 is admitted at day 6.[0m
[34m2025-01-01 15:05:05,214 - DEBUG - Patient 15 is admitted at day 11.[0m
[34m2025-01-01 15:05:05,214 - DEBUG - Patient 16 is admitted at day 4.[0m
[34m2025-01-01 15:05:05,214 - DEBUG - Patient 17 is admitted at day 5.[0m
[34m2025-01-01 15:05:05,214 - DEBUG - Patient 18 is admitted at day 0.[0m
[34m2025-01-01 15:05:05,214 - DEBUG - Patient 19 is admitted at day 0.[0m
[34m2025-01-01 15:05:05,214 - DEBUG - Patient 20 is admitted at day 3.[0m
[34m2025-01-01 15:05:05,214 - DEBUG - Patient 21 is admitted at day 4.[0m
[34m2025-01-01 15:05:05,214 - DEBUG - Patient 22 is admitted at day 7.[0m
[34m2025-01-01 15:05:05,214 - DEBUG - Patient 23 is admitted at day 7.[0m
[34m2025-01-01 15:05:05,215 - DEBUG - Patient 24 is admitted at day 6.[0m
[34m2025-01-01 15:05:05,215 - DEBUG - Patient 25 is admitted at day 1.[0m
[34m2025-01-01 15:05:05,215 - DEBUG - Patient 26 is admitted at day 5.[0m
[34m2025-01-01 15:05:05,215 - DEBUG - Patient 27 is admitted at day 2.[0m
[34m2025-01-01 15:05:05,215 - DEBUG - Patient 28 is admitted at day 4.[0m
[34m2025-01-01 15:05:05,215 - DEBUG - Patient 29 is admitted at day 1.[0m
[34m2025-01-01 15:05:05,215 - DEBUG - Patient 30 is admitted at day 8.[0m
[34m2025-01-01 15:05:05,215 - DEBUG - Patient 31 is admitted at day 7.[0m
[34m2025-01-01 15:05:05,215 - DEBUG - Patient 32 is admitted at day 5.[0m
[34m2025-01-01 15:05:05,215 - DEBUG - Patient 33 is admitted at day 4.[0m
[34m2025-01-01 15:05:05,215 - DEBUG - Patient 34 is admitted at day 4.[0m
[34m2025-01-01 15:05:05,215 - DEBUG - Patient 35 is admitted at day 3.[0m
[34m2025-01-01 15:05:05,215 - DEBUG - Patient 36 is admitted at day 10.[0m
[34m2025-01-01 15:05:05,215 - DEBUG - Patient 37 is admitted at day 7.[0m
[34m2025-01-01 15:05:05,215 - DEBUG - Patient 38 is admitted at day 1.[0m
[34m2025-01-01 15:05:05,215 - DEBUG - Patient 39 is admitted at day 3.[0m
[34m2025-01-01 15:05:05,215 - DEBUG - Patients [18] have treatment 4 starting at day 0, hour 10.500000000000018 using resources [3, 8].[0m
[34m2025-01-01 15:05:05,215 - DEBUG - Patients [0] have treatment 5 starting at day 0, hour 10.500000000000018 using resources [5, 6].[0m
[34m2025-01-01 15:05:05,215 - DEBUG - Patients [19] have treatment 5 starting at day 0, hour 11.000000000000021 using resources [4, 6].[0m
[34m2025-01-01 15:05:05,215 - DEBUG - Patients [0] have treatment 7 starting at day 0, hour 9.50000000000001 using resources [8, 6, 5].[0m
[34m2025-01-01 15:05:05,215 - DEBUG - Patients [18, 19] have treatment 9 starting at day 0, hour 8.0 using resources [3, 6].[0m
[34m2025-01-01 15:05:05,215 - DEBUG - Patients [38] have treatment 1 starting at day 1, hour 8.0 using resources [8].[0m
[34m2025-01-01 15:05:05,215 - DEBUG - Patients [1] have treatment 1 starting at day 1, hour 12.000000000000028 using resources [6].[0m
[34m2025-01-01 15:05:05,215 - DEBUG - Patients [10, 18, 19, 25] have treatment 3 starting at day 1, hour 8.0 using resources [3, 6].[0m
[34m2025-01-01 15:05:05,215 - DEBUG - Patients [10] have treatment 4 starting at day 1, hour 11.500000000000025 using resources [0, 6].[0m
[34m2025-01-01 15:05:05,215 - DEBUG - Patients [38] have treatment 4 starting at day 1, hour 13.000000000000036 using resources [0, 6].[0m
[34m2025-01-01 15:05:05,215 - DEBUG - Patients [0] have treatment 7 starting at day 1, hour 13.500000000000039 using resources [8, 6, 5].[0m
[34m2025-01-01 15:05:05,215 - DEBUG - Patients [25, 29] have treatment 8 starting at day 1, hour 14.500000000000046 using resources [6, 9].[0m
[34m2025-01-01 15:05:05,216 - DEBUG - Patients [29] have treatment 8 starting at day 1, hour 15.250000000000052 using resources [6, 9].[0m
[34m2025-01-01 15:05:05,216 - DEBUG - Patients [1, 18] have treatment 9 starting at day 1, hour 10.000000000000014 using resources [0, 6].[0m
[34m2025-01-01 15:05:05,216 - DEBUG - Patients [10, 19, 27] have treatment 3 starting at day 2, hour 8.0 using resources [3, 7].[0m
[34m2025-01-01 15:05:05,216 - DEBUG - Patients [11] have treatment 4 starting at day 2, hour 9.000000000000007 using resources [9, 8].[0m
[34m2025-01-01 15:05:05,216 - DEBUG - Patients [18] have treatment 4 starting at day 2, hour 11.500000000000025 using resources [9, 7].[0m
[34m2025-01-01 15:05:05,216 - DEBUG - Patients [29, 38] have treatment 5 starting at day 2, hour 10.75000000000002 using resources [4, 8].[0m
[34m2025-01-01 15:05:05,216 - DEBUG - Patients [0, 11] have treatment 5 starting at day 2, hour 11.250000000000023 using resources [5, 8].[0m
[34m2025-01-01 15:05:05,216 - DEBUG - Patients [0, 2, 3, 7, 25] have treatment 6 starting at day 2, hour 9.50000000000001 using resources [1, 8].[0m
[34m2025-01-01 15:05:05,216 - DEBUG - Patients [1, 2, 3, 7, 38] have treatment 6 starting at day 2, hour 13.000000000000036 using resources [3, 8].[0m
[34m2025-01-01 15:05:05,216 - DEBUG - Patients [1] have treatment 7 starting at day 2, hour 8.0 using resources [8, 6, 5].[0m
[34m2025-01-01 15:05:05,216 - DEBUG - Patients [25, 29] have treatment 8 starting at day 2, hour 14.500000000000046 using resources [6, 9].[0m
[34m2025-01-01 15:05:05,216 - DEBUG - Patients [10, 18, 19, 27] have treatment 9 starting at day 2, hour 13.000000000000036 using resources [4, 7].[0m
[34m2025-01-01 15:05:05,216 - DEBUG - Patients [0] have treatment 1 starting at day 3, hour 11.250000000000023 using resources [7].[0m
[34m2025-01-01 15:05:05,216 - DEBUG - Patients [10, 11, 12, 25, 35, 38] have treatment 3 starting at day 3, hour 13.000000000000036 using resources [0, 7].[0m
[34m2025-01-01 15:05:05,216 - DEBUG - Patients [19, 39] have treatment 4 starting at day 3, hour 9.50000000000001 using resources [0, 6].[0m
[34m2025-01-01 15:05:05,216 - DEBUG - Patients [11] have treatment 4 starting at day 3, hour 15.500000000000053 using resources [0, 6].[0m
[34m2025-01-01 15:05:05,216 - DEBUG - Patients [38, 39] have treatment 5 starting at day 3, hour 8.0 using resources [5, 8].[0m
[34m2025-01-01 15:05:05,216 - DEBUG - Patients [10, 12] have treatment 5 starting at day 3, hour 10.000000000000014 using resources [5, 6].[0m
[34m2025-01-01 15:05:05,216 - DEBUG - Patients [1, 19] have treatment 5 starting at day 3, hour 15.00000000000005 using resources [4, 6].[0m
[34m2025-01-01 15:05:05,216 - DEBUG - Patients [0, 1, 2, 3, 4, 7, 20, 25, 27, 29] have treatment 6 starting at day 3, hour 10.000000000000014 using resources [0, 8].[0m
[34m2025-01-01 15:05:05,216 - DEBUG - Patients [7] have treatment 7 starting at day 3, hour 13.000000000000036 using resources [8, 6, 5].[0m
[34m2025-01-01 15:05:05,216 - DEBUG - Patients [2, 4] have treatment 7 starting at day 3, hour 14.000000000000043 using resources [8, 6, 5].[0m
[34m2025-01-01 15:05:05,216 - DEBUG - Patients [35] have treatment 7 starting at day 3, hour 15.00000000000005 using resources [8, 7, 5].[0m
[34m2025-01-01 15:05:05,216 - DEBUG - Patients [27] have treatment 8 starting at day 3, hour 11.250000000000023 using resources [6, 9].[0m
[34m2025-01-01 15:05:05,216 - DEBUG - Patients [3, 18, 20, 29] have treatment 9 starting at day 3, hour 8.0 using resources [0, 6].[0m
[34m2025-01-01 15:05:05,216 - DEBUG - Patients [10, 12, 16, 35, 38] have treatment 2 starting at day 4, hour 13.000000000000036 using resources [4, 6].[0m
[34m2025-01-01 15:05:05,216 - DEBUG - Patients [16, 27, 33, 34, 39] have treatment 3 starting at day 4, hour 8.0 using resources [1, 7].[0m
[34m2025-01-01 15:05:05,217 - DEBUG - Patients [12] have treatment 4 starting at day 4, hour 9.000000000000007 using resources [0, 8].[0m
[34m2025-01-01 15:05:05,217 - DEBUG - Patients [19] have treatment 4 starting at day 4, hour 9.750000000000012 using resources [0, 6].[0m
[34m2025-01-01 15:05:05,217 - DEBUG - Patients [18, 33] have treatment 5 starting at day 4, hour 10.083333333333348 using resources [4, 7].[0m
[34m2025-01-01 15:05:05,217 - DEBUG - Patients [1, 7] have treatment 5 starting at day 4, hour 13.75000000000004 using resources [5, 6].[0m
[34m2025-01-01 15:05:05,217 - DEBUG - Patients [3, 4, 5, 20, 21, 28] have treatment 6 starting at day 4, hour 13.000000000000036 using resources [0, 8].[0m
[34m2025-01-01 15:05:05,217 - DEBUG - Patients [2, 3, 4, 5, 25] have treatment 6 starting at day 4, hour 14.250000000000044 using resources [1, 8].[0m
[34m2025-01-01 15:05:05,217 - DEBUG - Patients [0] have treatment 7 starting at day 4, hour 8.0 using resources [8, 6, 5].[0m
[34m2025-01-01 15:05:05,217 - DEBUG - Patients [2] have treatment 7 starting at day 4, hour 11.000000000000021 using resources [8, 6, 4].[0m
[34m2025-01-01 15:05:05,217 - DEBUG - Patients [21] have treatment 8 starting at day 4, hour 9.000000000000007 using resources [6, 9].[0m
[34m2025-01-01 15:05:05,217 - DEBUG - Patients [29] have treatment 8 starting at day 4, hour 10.250000000000016 using resources [6, 9].[0m
[34m2025-01-01 15:05:05,217 - DEBUG - Patients [20, 35, 39] have treatment 9 starting at day 4, hour 14.250000000000044 using resources [0, 6].[0m
[34m2025-01-01 15:05:05,217 - DEBUG - Patients [11, 28] have treatment 9 starting at day 4, hour 14.250000000000044 using resources [3, 7].[0m
[34m2025-01-01 15:05:05,217 - DEBUG - Patients [10, 11, 12, 19, 35] have treatment 2 starting at day 5, hour 11.250000000000023 using resources [0, 6].[0m
[34m2025-01-01 15:05:05,217 - DEBUG - Patients [16, 17, 18, 32, 34] have treatment 2 starting at day 5, hour 11.250000000000023 using resources [4, 7].[0m
[34m2025-01-01 15:05:05,217 - DEBUG - Patients [18, 19, 26, 32, 33] have treatment 3 starting at day 5, hour 8.0 using resources [1, 7].[0m
[34m2025-01-01 15:05:05,217 - DEBUG - Patients [35, 38] have treatment 5 starting at day 5, hour 10.083333333333348 using resources [5, 6].[0m
[34m2025-01-01 15:05:05,217 - DEBUG - Patients [21, 26] have treatment 5 starting at day 5, hour 10.083333333333348 using resources [4, 7].[0m
[34m2025-01-01 15:05:05,217 - DEBUG - Patients [0, 1, 2, 4, 5, 7, 20, 27, 28, 29] have treatment 6 starting at day 5, hour 10.083333333333348 using resources [3, 8].[0m
[34m2025-01-01 15:05:05,217 - DEBUG - Patients [39] have treatment 7 starting at day 5, hour 9.083333333333341 using resources [8, 6, 4].[0m
[34m2025-01-01 15:05:05,217 - DEBUG - Patients [33, 34] have treatment 7 starting at day 5, hour 13.500000000000039 using resources [8, 7, 5].[0m
[34m2025-01-01 15:05:05,217 - DEBUG - Patients [3, 6] have treatment 7 starting at day 5, hour 14.500000000000046 using resources [8, 6, 4].[0m
[34m2025-01-01 15:05:05,217 - DEBUG - Patients [20, 27] have treatment 8 starting at day 5, hour 8.0 using resources [8, 9].[0m
[34m2025-01-01 15:05:05,217 - DEBUG - Patients [0, 4, 5, 6, 7, 12, 16, 17, 25, 28] have treatment 9 starting at day 5, hour 13.000000000000036 using resources [3, 6].[0m
[34m2025-01-01 15:05:05,217 - DEBUG - Patients [32, 33, 35, 38, 39] have treatment 0 starting at day 6, hour 13.000000000000036 using resources [1, 2, 7].[0m
[34m2025-01-01 15:05:05,217 - DEBUG - Patients [11, 17, 18, 33, 34] have treatment 2 starting at day 6, hour 14.250000000000044 using resources [0, 6].[0m
[34m2025-01-01 15:05:05,217 - DEBUG - Patients [17, 18, 21, 24, 26, 29] have treatment 3 starting at day 6, hour 8.0 using resources [1, 7].[0m
[34m2025-01-01 15:05:05,217 - DEBUG - Patients [11, 12] have treatment 3 starting at day 6, hour 10.000000000000014 using resources [0, 7].[0m
[34m2025-01-01 15:05:05,217 - DEBUG - Patients [14] have treatment 4 starting at day 6, hour 15.00000000000005 using resources [0, 6].[0m
[34m2025-01-01 15:05:05,218 - DEBUG - Patients [16] have treatment 4 starting at day 6, hour 15.500000000000053 using resources [0, 6].[0m
[34m2025-01-01 15:05:05,218 - DEBUG - Patients [28, 29] have treatment 5 starting at day 6, hour 10.500000000000018 using resources [5, 6].[0m
[34m2025-01-01 15:05:05,218 - DEBUG - Patients [10, 25] have treatment 5 starting at day 6, hour 13.000000000000036 using resources [5, 6].[0m
[34m2025-01-01 15:05:05,218 - DEBUG - Patients [5] have treatment 5 starting at day 6, hour 13.500000000000039 using resources [4, 6].[0m
[34m2025-01-01 15:05:05,218 - DEBUG - Patients [3, 6, 21, 24, 27] have treatment 6 starting at day 6, hour 13.000000000000036 using resources [0, 8].[0m
[34m2025-01-01 15:05:05,218 - DEBUG - Patients [32, 38] have treatment 7 starting at day 6, hour 9.50000000000001 using resources [8, 6, 5].[0m
[34m2025-01-01 15:05:05,218 - DEBUG - Patients [1, 7] have treatment 7 starting at day 6, hour 11.000000000000021 using resources [8, 6, 5].[0m
[34m2025-01-01 15:05:05,218 - DEBUG - Patients [20, 25] have treatment 8 starting at day 6, hour 13.75000000000004 using resources [7, 9].[0m
[34m2025-01-01 15:05:05,218 - DEBUG - Patients [26] have treatment 8 starting at day 6, hour 14.500000000000046 using resources [8, 9].[0m
[34m2025-01-01 15:05:05,218 - DEBUG - Patients [0, 1, 2, 4, 6, 10, 14, 16, 19, 39] have treatment 9 starting at day 6, hour 8.0 using resources [0, 6].[0m
[34m2025-01-01 15:05:05,218 - DEBUG - Patients [5] have treatment 1 starting at day 7, hour 11.750000000000027 using resources [7].[0m
[34m2025-01-01 15:05:05,218 - DEBUG - Patients [1] have treatment 1 starting at day 7, hour 12.25000000000003 using resources [7].[0m
[34m2025-01-01 15:05:05,218 - DEBUG - Patients [10, 11, 17, 18, 34] have treatment 2 starting at day 7, hour 10.000000000000014 using resources [1, 8].[0m
[34m2025-01-01 15:05:05,218 - DEBUG - Patients [10, 12, 19, 32, 37, 39] have treatment 2 starting at day 7, hour 11.000000000000021 using resources [1, 7].[0m
[34m2025-01-01 15:05:05,218 - DEBUG - Patients [23, 27, 28, 34] have treatment 3 starting at day 7, hour 8.0 using resources [1, 7].[0m
[34m2025-01-01 15:05:05,218 - DEBUG - Patients [11, 14, 21, 29, 38] have treatment 3 starting at day 7, hour 13.000000000000036 using resources [0, 7].[0m
[34m2025-01-01 15:05:05,218 - DEBUG - Patients [14] have treatment 4 starting at day 7, hour 10.000000000000014 using resources [3, 7].[0m
[34m2025-01-01 15:05:05,218 - DEBUG - Patients [16] have treatment 4 starting at day 7, hour 10.500000000000018 using resources [9, 7].[0m
[34m2025-01-01 15:05:05,218 - DEBUG - Patients [22, 35] have treatment 5 starting at day 7, hour 8.0 using resources [5, 6].[0m
[34m2025-01-01 15:05:05,218 - DEBUG - Patients [17, 21] have treatment 5 starting at day 7, hour 8.500000000000004 using resources [5, 6].[0m
[34m2025-01-01 15:05:05,218 - DEBUG - Patients [6, 8] have treatment 5 starting at day 7, hour 10.75000000000002 using resources [4, 6].[0m
[34m2025-01-01 15:05:05,218 - DEBUG - Patients [3] have treatment 5 starting at day 7, hour 11.250000000000023 using resources [5, 6].[0m
[34m2025-01-01 15:05:05,218 - DEBUG - Patients [2, 25, 26, 31, 38] have treatment 6 starting at day 7, hour 8.0 using resources [0, 8].[0m
[34m2025-01-01 15:05:05,218 - DEBUG - Patients [0, 2, 7, 22, 23] have treatment 6 starting at day 7, hour 10.75000000000002 using resources [0, 8].[0m
[34m2025-01-01 15:05:05,218 - DEBUG - Patients [3, 33] have treatment 7 starting at day 7, hour 13.000000000000036 using resources [8, 6, 5].[0m
[34m2025-01-01 15:05:05,218 - DEBUG - Patients [5, 7] have treatment 7 starting at day 7, hour 14.000000000000043 using resources [8, 6, 4].[0m
[34m2025-01-01 15:05:05,218 - DEBUG - Patients [1, 37] have treatment 7 starting at day 7, hour 15.00000000000005 using resources [8, 6, 5].[0m
[34m2025-01-01 15:05:05,218 - DEBUG - Patients [20, 24, 25, 27] have treatment 8 starting at day 7, hour 15.00000000000005 using resources [7, 9].[0m
[34m2025-01-01 15:05:05,219 - DEBUG - Patients [0, 4, 8, 19, 24, 26, 29, 31] have treatment 9 starting at day 7, hour 9.250000000000009 using resources [0, 6].[0m
[34m2025-01-01 15:05:05,219 - DEBUG - Patients [32, 35, 38] have treatment 0 starting at day 8, hour 9.000000000000007 using resources [1, 2, 7].[0m
[34m2025-01-01 15:05:05,219 - DEBUG - Patients [4] have treatment 1 starting at day 8, hour 10.250000000000016 using resources [7].[0m
[34m2025-01-01 15:05:05,219 - DEBUG - Patients [3] have treatment 1 starting at day 8, hour 12.000000000000028 using resources [7].[0m
[34m2025-01-01 15:05:05,219 - DEBUG - Patients [2] have treatment 1 starting at day 8, hour 12.500000000000032 using resources [7].[0m
[34m2025-01-01 15:05:05,219 - DEBUG - Patients [10, 12, 14, 16, 17, 18, 19, 31, 33, 34] have treatment 2 starting at day 8, hour 10.75000000000002 using resources [0, 7].[0m
[34m2025-01-01 15:05:05,219 - DEBUG - Patients [11, 14, 18, 19, 21, 31] have treatment 3 starting at day 8, hour 13.000000000000036 using resources [1, 7].[0m
[34m2025-01-01 15:05:05,219 - DEBUG - Patients [13, 30] have treatment 4 starting at day 8, hour 9.750000000000012 using resources [2, 7].[0m
[34m2025-01-01 15:05:05,219 - DEBUG - Patients [11, 13] have treatment 4 starting at day 8, hour 11.500000000000025 using resources [0, 7].[0m
[34m2025-01-01 15:05:05,219 - DEBUG - Patients [10] have treatment 4 starting at day 8, hour 15.500000000000053 using resources [0, 7].[0m
[34m2025-01-01 15:05:05,219 - DEBUG - Patients [35, 37] have treatment 5 starting at day 8, hour 8.0 using resources [5, 6].[0m
[34m2025-01-01 15:05:05,219 - DEBUG - Patients [24, 25] have treatment 5 starting at day 8, hour 14.500000000000046 using resources [5, 6].[0m
[34m2025-01-01 15:05:05,219 - DEBUG - Patients [6, 12] have treatment 5 starting at day 8, hour 15.00000000000005 using resources [4, 6].[0m
[34m2025-01-01 15:05:05,219 - DEBUG - Patients [2, 4] have treatment 5 starting at day 8, hour 15.500000000000053 using resources [4, 6].[0m
[34m2025-01-01 15:05:05,219 - DEBUG - Patients [1, 30, 32, 38, 39] have treatment 6 starting at day 8, hour 13.000000000000036 using resources [0, 8].[0m
[34m2025-01-01 15:05:05,219 - DEBUG - Patients [0, 1, 3, 26, 28] have treatment 6 starting at day 8, hour 14.250000000000044 using resources [0, 8].[0m
[34m2025-01-01 15:05:05,219 - DEBUG - Patients [7, 8] have treatment 7 starting at day 8, hour 8.0 using resources [8, 7, 4].[0m
[34m2025-01-01 15:05:05,219 - DEBUG - Patients [0, 5] have treatment 7 starting at day 8, hour 10.75000000000002 using resources [8, 6, 5].[0m
[34m2025-01-01 15:05:05,219 - DEBUG - Patients [23, 25, 27, 28, 29] have treatment 8 starting at day 8, hour 8.500000000000004 using resources [6, 9].[0m
[34m2025-01-01 15:05:05,219 - DEBUG - Patients [20, 22, 23, 27, 29] have treatment 8 starting at day 8, hour 13.000000000000036 using resources [6, 9].[0m
[34m2025-01-01 15:05:05,219 - DEBUG - Patients [20, 22] have treatment 8 starting at day 8, hour 13.75000000000004 using resources [6, 9].[0m
[34m2025-01-01 15:05:05,219 - DEBUG - Patients [6, 7, 8, 24, 34, 37, 39] have treatment 9 starting at day 8, hour 9.250000000000009 using resources [0, 6].[0m
[34m2025-01-01 15:05:05,219 - DEBUG - Patients [32, 35] have treatment 0 starting at day 9, hour 10.833333333333353 using resources [0, 1, 8].[0m
[34m2025-01-01 15:05:05,219 - DEBUG - Patients [3] have treatment 1 starting at day 9, hour 12.000000000000028 using resources [7].[0m
[34m2025-01-01 15:05:05,219 - DEBUG - Patients [2] have treatment 1 starting at day 9, hour 13.666666666666707 using resources [7].[0m
[34m2025-01-01 15:05:05,219 - DEBUG - Patients [10, 12, 30, 31, 39] have treatment 2 starting at day 9, hour 8.0 using resources [4, 6].[0m
[34m2025-01-01 15:05:05,219 - DEBUG - Patients [11, 16, 17, 19, 30] have treatment 2 starting at day 9, hour 8.750000000000005 using resources [9, 8].[0m
[34m2025-01-01 15:05:05,219 - DEBUG - Patients [13, 16, 18, 24] have treatment 3 starting at day 9, hour 9.50000000000001 using resources [3, 6].[0m
[34m2025-01-01 15:05:05,220 - DEBUG - Patients [22, 28, 39] have treatment 3 starting at day 9, hour 9.50000000000001 using resources [9, 7].[0m
[34m2025-01-01 15:05:05,220 - DEBUG - Patients [37] have treatment 4 starting at day 9, hour 8.0 using resources [2, 7].[0m
[34m2025-01-01 15:05:05,220 - DEBUG - Patients [14, 38] have treatment 4 starting at day 9, hour 8.500000000000004 using resources [2, 7].[0m
[34m2025-01-01 15:05:05,220 - DEBUG - Patients [3, 5] have treatment 5 starting at day 9, hour 9.000000000000007 using resources [5, 7].[0m
[34m2025-01-01 15:05:05,220 - DEBUG - Patients [0, 1] have treatment 5 starting at day 9, hour 9.000000000000007 using resources [4, 6].[0m
[34m2025-01-01 15:05:05,220 - DEBUG - Patients [2, 4, 5, 6, 7, 8, 9, 21, 23, 26, 33, 34] have treatment 6 starting at day 9, hour 9.50000000000001 using resources [0, 8].[0m
[34m2025-01-01 15:05:05,220 - DEBUG - Patients [8, 9] have treatment 7 starting at day 9, hour 13.250000000000037 using resources [8, 6, 4].[0m
[34m2025-01-01 15:05:05,220 - DEBUG - Patients [20, 21, 25, 27, 29] have treatment 8 starting at day 9, hour 8.0 using resources [8, 9].[0m
[34m2025-01-01 15:05:05,220 - DEBUG - Patients [12, 22] have treatment 9 starting at day 9, hour 14.250000000000044 using resources [4, 6].[0m
[34m2025-01-01 15:05:05,220 - DEBUG - Patients [31, 34, 37] have treatment 0 starting at day 10, hour 13.75000000000004 using resources [1, 2, 7].[0m
[34m2025-01-01 15:05:05,220 - DEBUG - Patients [39] have treatment 1 starting at day 10, hour 12.000000000000028 using resources [7].[0m
[34m2025-01-01 15:05:05,220 - DEBUG - Patients [6] have treatment 1 starting at day 10, hour 12.500000000000032 using resources [7].[0m
[34m2025-01-01 15:05:05,220 - DEBUG - Patients [2] have treatment 1 starting at day 10, hour 14.500000000000046 using resources [7].[0m
[34m2025-01-01 15:05:05,220 - DEBUG - Patients [1] have treatment 1 starting at day 10, hour 15.00000000000005 using resources [7].[0m
[34m2025-01-01 15:05:05,220 - DEBUG - Patients [11, 17, 18, 19, 33] have treatment 2 starting at day 10, hour 13.000000000000036 using resources [9, 7].[0m
[34m2025-01-01 15:05:05,220 - DEBUG - Patients [16, 19, 20, 22, 23] have treatment 3 starting at day 10, hour 8.0 using resources [9, 7].[0m
[34m2025-01-01 15:05:05,220 - DEBUG - Patients [10, 16] have treatment 3 starting at day 10, hour 10.000000000000014 using resources [0, 7].[0m
[34m2025-01-01 15:05:05,220 - DEBUG - Patients [18, 35] have treatment 4 starting at day 10, hour 9.50000000000001 using resources [0, 6].[0m
[34m2025-01-01 15:05:05,220 - DEBUG - Patients [12, 17] have treatment 4 starting at day 10, hour 15.500000000000053 using resources [0, 6].[0m
[34m2025-01-01 15:05:05,220 - DEBUG - Patients [13, 36] have treatment 5 starting at day 10, hour 13.000000000000036 using resources [5, 6].[0m
[34m2025-01-01 15:05:05,220 - DEBUG - Patients [9] have treatment 5 starting at day 10, hour 13.500000000000039 using resources [5, 6].[0m
[34m2025-01-01 15:05:05,220 - DEBUG - Patients [0, 27, 28, 30, 31, 33, 37] have treatment 6 starting at day 10, hour 8.0 using resources [0, 8].[0m
[34m2025-01-01 15:05:05,220 - DEBUG - Patients [0, 4, 7, 9, 26] have treatment 6 starting at day 10, hour 14.000000000000043 using resources [0, 8].[0m
[34m2025-01-01 15:05:05,220 - DEBUG - Patients [8, 38] have treatment 7 starting at day 10, hour 10.000000000000014 using resources [8, 6, 5].[0m
[34m2025-01-01 15:05:05,220 - DEBUG - Patients [4, 6] have treatment 7 starting at day 10, hour 11.000000000000021 using resources [8, 6, 5].[0m
[34m2025-01-01 15:05:05,220 - DEBUG - Patients [21, 24, 27, 28, 29] have treatment 8 starting at day 10, hour 14.000000000000043 using resources [6, 9].[0m
[34m2025-01-01 15:05:05,220 - DEBUG - Patients [20] have treatment 8 starting at day 10, hour 14.750000000000048 using resources [6, 9].[0m
[34m2025-01-01 15:05:05,220 - DEBUG - Patients [3, 5, 7, 14, 25, 26, 32, 36] have treatment 9 starting at day 10, hour 8.0 using resources [1, 6].[0m
[34m2025-01-01 15:05:05,221 - DEBUG - Patients [30, 32, 33] have treatment 0 starting at day 11, hour 9.000000000000007 using resources [1, 2, 8].[0m
[34m2025-01-01 15:05:05,221 - DEBUG - Patients [33, 35, 39] have treatment 0 starting at day 11, hour 10.500000000000018 using resources [0, 4, 6].[0m
[34m2025-01-01 15:05:05,221 - DEBUG - Patients [5] have treatment 1 starting at day 11, hour 12.333333333333364 using resources [6].[0m
[34m2025-01-01 15:05:05,221 - DEBUG - Patients [38] have treatment 1 starting at day 11, hour 12.333333333333364 using resources [7].[0m
[34m2025-01-01 15:05:05,221 - DEBUG - Patients [10, 12, 13, 18, 37] have treatment 2 starting at day 11, hour 11.083333333333355 using resources [1, 7].[0m
[34m2025-01-01 15:05:05,221 - DEBUG - Patients [11, 12, 17, 18, 19] have treatment 2 starting at day 11, hour 15.00000000000005 using resources [1, 6].[0m
[34m2025-01-01 15:05:05,221 - DEBUG - Patients [23, 24, 28, 29, 38] have treatment 3 starting at day 11, hour 13.000000000000036 using resources [2, 6].[0m
[34m2025-01-01 15:05:05,221 - DEBUG - Patients [15, 36] have treatment 4 starting at day 11, hour 9.50000000000001 using resources [0, 7].[0m
[34m2025-01-01 15:05:05,221 - DEBUG - Patients [16, 17] have treatment 4 starting at day 11, hour 9.750000000000012 using resources [2, 6].[0m
[34m2025-01-01 15:05:05,221 - DEBUG - Patients [14] have treatment 5 starting at day 11, hour 10.000000000000014 using resources [5, 8].[0m
[34m2025-01-01 15:05:05,221 - DEBUG - Patients [11, 15] have treatment 5 starting at day 11, hour 11.333333333333357 using resources [4, 6].[0m
[34m2025-01-01 15:05:05,221 - DEBUG - Patients [0, 1, 2, 6, 7, 8, 9, 31, 34] have treatment 6 starting at day 11, hour 10.500000000000018 using resources [3, 8].[0m
[34m2025-01-01 15:05:05,221 - DEBUG - Patients [1, 3] have treatment 7 starting at day 11, hour 8.0 using resources [8, 6, 5].[0m
[34m2025-01-01 15:05:05,221 - DEBUG - Patients [5, 32] have treatment 7 starting at day 11, hour 13.000000000000036 using resources [8, 7, 4].[0m
[34m2025-01-01 15:05:05,221 - DEBUG - Patients [34, 35] have treatment 7 starting at day 11, hour 14.000000000000043 using resources [8, 7, 5].[0m
[34m2025-01-01 15:05:05,221 - DEBUG - Patients [4, 36] have treatment 7 starting at day 11, hour 15.00000000000005 using resources [8, 7, 4].[0m
[34m2025-01-01 15:05:05,221 - DEBUG - Patients [20, 25, 27, 28] have treatment 8 starting at day 11, hour 9.000000000000007 using resources [6, 9].[0m
[34m2025-01-01 15:05:05,221 - DEBUG - Patients [21, 24, 25, 26, 29] have treatment 8 starting at day 11, hour 10.250000000000016 using resources [7, 9].[0m
[34m2025-01-01 15:05:05,221 - DEBUG - Patients [9, 10, 13, 14, 22, 23, 26] have treatment 9 starting at day 11, hour 8.0 using resources [3, 7].[0m
[34m2025-01-01 15:05:05,221 - DEBUG - Patients [37, 39] have treatment 0 starting at day 12, hour 14.000000000000043 using resources [1, 3, 8].[0m
[34m2025-01-01 15:05:05,221 - DEBUG - Patients [31] have treatment 1 starting at day 12, hour 8.500000000000004 using resources [7].[0m
[34m2025-01-01 15:05:05,221 - DEBUG - Patients [32] have treatment 1 starting at day 12, hour 12.000000000000028 using resources [7].[0m
[34m2025-01-01 15:05:05,221 - DEBUG - Patients [33] have treatment 1 starting at day 12, hour 12.500000000000032 using resources [7].[0m
[34m2025-01-01 15:05:05,221 - DEBUG - Patients [4] have treatment 1 starting at day 12, hour 13.000000000000036 using resources [7].[0m
[34m2025-01-01 15:05:05,221 - DEBUG - Patients [0] have treatment 1 starting at day 12, hour 15.500000000000053 using resources [7].[0m
[34m2025-01-01 15:05:05,221 - DEBUG - Patients [11, 14, 16, 19, 38] have treatment 2 starting at day 12, hour 9.250000000000009 using resources [0, 7].[0m
[34m2025-01-01 15:05:05,221 - DEBUG - Patients [14, 15, 25, 27, 35] have treatment 3 starting at day 12, hour 10.000000000000014 using resources [9, 7].[0m
[34m2025-01-01 15:05:05,221 - DEBUG - Patients [10, 11, 17] have treatment 3 starting at day 12, hour 13.500000000000039 using resources [0, 7].[0m
[34m2025-01-01 15:05:05,221 - DEBUG - Patients [34, 35] have treatment 4 starting at day 12, hour 8.0 using resources [2, 7].[0m
[34m2025-01-01 15:05:05,222 - DEBUG - Patients [13, 19] have treatment 4 starting at day 12, hour 15.500000000000053 using resources [0, 6].[0m
[34m2025-01-01 15:05:05,222 - DEBUG - Patients [10, 12] have treatment 4 starting at day 12, hour 15.500000000000053 using resources [4, 8].[0m
[34m2025-01-01 15:05:05,222 - DEBUG - Patients [15, 18] have treatment 5 starting at day 12, hour 8.0 using resources [5, 6].[0m
[34m2025-01-01 15:05:05,222 - DEBUG - Patients [6, 9] have treatment 5 starting at day 12, hour 10.250000000000016 using resources [5, 8].[0m
[34m2025-01-01 15:05:05,222 - DEBUG - Patients [0, 1, 3, 4, 5, 6, 7, 8, 22, 23, 24, 29, 30, 32, 36, 39] have treatment 6 starting at day 12, hour 8.0 using resources [0, 8].[0m
[34m2025-01-01 15:05:05,222 - DEBUG - Patients [8, 30] have treatment 7 starting at day 12, hour 9.250000000000009 using resources [8, 6, 5].[0m
[34m2025-01-01 15:05:05,222 - DEBUG - Patients [2, 7] have treatment 7 starting at day 12, hour 13.000000000000036 using resources [8, 6, 4].[0m
[34m2025-01-01 15:05:05,222 - DEBUG - Patients [25, 26, 27, 28] have treatment 8 starting at day 12, hour 8.500000000000004 using resources [6, 9].[0m
[34m2025-01-01 15:05:05,222 - DEBUG - Patients [20, 21, 23] have treatment 8 starting at day 12, hour 14.000000000000043 using resources [6, 9].[0m
[34m2025-01-01 15:05:05,222 - DEBUG - Patients [20, 22, 24, 29] have treatment 8 starting at day 12, hour 14.750000000000048 using resources [6, 9].[0m
[34m2025-01-01 15:05:05,222 - DEBUG - Patients [1, 2, 3, 5, 13, 17, 21, 31, 33, 34, 36, 37, 38] have treatment 9 starting at day 12, hour 10.250000000000016 using resources [0, 6].[0m
[34m2025-01-01 15:05:05,222 - DEBUG - Patients [31, 39] have treatment 0 starting at day 13, hour 9.000000000000007 using resources [2, 3, 6].[0m
[34m2025-01-01 15:05:05,222 - DEBUG - Patients [6] have treatment 1 starting at day 13, hour 8.0 using resources [6].[0m
[34m2025-01-01 15:05:05,222 - DEBUG - Patients [37] have treatment 1 starting at day 13, hour 11.500000000000025 using resources [8].[0m
[34m2025-01-01 15:05:05,222 - DEBUG - Patients [8] have treatment 1 starting at day 13, hour 11.583333333333359 using resources [6].[0m
[34m2025-01-01 15:05:05,222 - DEBUG - Patients [7] have treatment 1 starting at day 13, hour 12.000000000000028 using resources [7].[0m
[34m2025-01-01 15:05:05,222 - DEBUG - Patients [32] have treatment 1 starting at day 13, hour 12.000000000000028 using resources [8].[0m
[34m2025-01-01 15:05:05,222 - DEBUG - Patients [8] have treatment 1 starting at day 13, hour 12.500000000000032 using resources [8].[0m
[34m2025-01-01 15:05:05,222 - DEBUG - Patients [34] have treatment 1 starting at day 13, hour 12.500000000000032 using resources [6].[0m
[34m2025-01-01 15:05:05,222 - DEBUG - Patients [9] have treatment 1 starting at day 13, hour 12.500000000000032 using resources [7].[0m
[34m2025-01-01 15:05:05,222 - DEBUG - Patients [14, 17, 19, 38, 39] have treatment 2 starting at day 13, hour 9.750000000000012 using resources [4, 6].[0m
[34m2025-01-01 15:05:05,222 - DEBUG - Patients [10, 11, 13, 15, 16, 18, 30, 35] have treatment 2 starting at day 13, hour 15.00000000000005 using resources [9, 6].[0m
[34m2025-01-01 15:05:05,222 - DEBUG - Patients [20, 21, 25, 26] have treatment 3 starting at day 13, hour 13.000000000000036 using resources [0, 7].[0m
[34m2025-01-01 15:05:05,222 - DEBUG - Patients [16] have treatment 4 starting at day 13, hour 8.0 using resources [1, 8].[0m
[34m2025-01-01 15:05:05,222 - DEBUG - Patients [14, 19] have treatment 4 starting at day 13, hour 8.500000000000004 using resources [4, 8].[0m
[34m2025-01-01 15:05:05,222 - DEBUG - Patients [12, 18] have treatment 4 starting at day 13, hour 8.500000000000004 using resources [1, 6].[0m
[34m2025-01-01 15:05:05,222 - DEBUG - Patients [0, 1, 2, 3, 4, 5, 6, 7, 22, 24, 29, 32, 33, 34, 35, 36] have treatment 6 starting at day 13, hour 9.250000000000009 using resources [1, 8].[0m
[34m2025-01-01 15:05:05,222 - DEBUG - Patients [0, 2] have treatment 7 starting at day 13, hour 10.500000000000018 using resources [8, 6, 5].[0m
[34m2025-01-01 15:05:05,223 - DEBUG - Patients [1, 3] have treatment 7 starting at day 13, hour 13.000000000000036 using resources [8, 6, 5].[0m
[34m2025-01-01 15:05:05,223 - DEBUG - Patients [4, 37] have treatment 7 starting at day 13, hour 14.000000000000043 using resources [8, 6, 4].[0m
[34m2025-01-01 15:05:05,223 - DEBUG - Patients [22, 23, 27, 28, 29] have treatment 8 starting at day 13, hour 8.166666666666668 using resources [7, 9].[0m
[34m2025-01-01 15:05:05,223 - DEBUG - Patients [23, 25, 27, 28] have treatment 8 starting at day 13, hour 9.000000000000007 using resources [7, 9].[0m
[34m2025-01-01 15:05:05,223 - DEBUG - Patients [21, 26] have treatment 8 starting at day 13, hour 9.750000000000012 using resources [7, 9].[0m
[34m2025-01-01 15:05:05,223 - DEBUG - Patients [10, 11, 12, 13, 15, 20, 24, 30, 31, 36, 38] have treatment 9 starting at day 13, hour 10.500000000000018 using resources [0, 7].[0m
[34m2025-01-01 15:05:05,253 - DEBUG - Checking solution value.[0m
[34m2025-01-01 15:05:05,253 - DEBUG - Solvers objective function value: 1300.0[0m
[34m2025-01-01 15:05:05,257 - DEBUG - (VERIFIER):Treatment value: 0[0m
[34m2025-01-01 15:05:05,257 - DEBUG - (VERIFIER):Delay value: 0[0m
[34m2025-01-01 15:05:05,257 - DEBUG - (VERIFIER):Missing treatment value: 1300[0m
[34m2025-01-01 15:05:05,257 - DEBUG - Correct objective function value: 1300[0m
[34m2025-01-01 15:05:05,257 - DEBUG - Solution is valid.[0m
[34m2025-01-01 15:05:05,258 - DEBUG - All solvers accepted the solution.[0m
[32m2025-01-01 15:05:05,258 - INFO - Time to find solution: 1119.996s with value 1300.000000[0m
[32m2025-01-01 15:05:05,258 - INFO - Total Time: 1126.707s[0m
