1.NAME: LBBDSolver
2.PARAMS: {'break_symmetry': True, 'add_constraints_to_symmetrc_days': True, 'subsolver_cls': 'CPSubSolver2'}
3.INSTANCE: /home/wx350715/Kobra/rehabiliation-admission-scheduling/data/comp_study_002/instance_6_15.txt
4.REPETITION: 1
Current directory: /home/wx350715/Kobra/rehabiliation-admission-scheduling
[34m2025-01-01 18:42:52,550 - DEBUG - Solver: <class 'src.solvers.benders.LBBDSolver'>[0m
[34m2025-01-01 18:42:52,550 - DEBUG - Args: {'break_symmetry': True, 'add_constraints_to_symmetrc_days': True, 'subsolver_cls': 'CPSubSolver2'}[0m
[34m2025-01-01 18:42:52,550 - DEBUG - File path /home/wx350715/Kobra/rehabiliation-admission-scheduling/data/comp_study_002/instance_6_15.txt[0m
[34m2025-01-01 18:42:52,551 - DEBUG - ADD INSTANCE DATA[0m
[34m2025-01-01 18:42:52,551 - DEBUG - ADD INSTANCE DATA[0m
[34m2025-01-01 18:42:52,551 - DEBUG - ADD INSTANCE DATA[0m
[34m2025-01-01 18:42:52,551 - DEBUG - ADD INSTANCE DATA[0m
[34m2025-01-01 18:42:52,551 - DEBUG - ADD INSTANCE DATA[0m
[34m2025-01-01 18:42:52,551 - DEBUG - ADD INSTANCE DATA[0m
[34m2025-01-01 18:42:52,551 - DEBUG - ADD INSTANCE DATA[0m
[34m2025-01-01 18:42:52,551 - DEBUG - ADD INSTANCE DATA[0m
[34m2025-01-01 18:42:52,551 - DEBUG - ADD INSTANCE DATA[0m
[34m2025-01-01 18:42:52,551 - DEBUG - ADD INSTANCE DATA[0m
[34m2025-01-01 18:42:52,551 - DEBUG - ADD INSTANCE DATA[0m
[34m2025-01-01 18:42:52,551 - DEBUG - ADD RESOURCE_GROUPS[0m
[34m2025-01-01 18:42:52,551 - DEBUG - ADD RESOURCE_GROUPS[0m
[34m2025-01-01 18:42:52,551 - DEBUG - ADD RESOURCE_GROUPS[0m
[34m2025-01-01 18:42:52,551 - DEBUG - ADD RESOURCE_GROUPS[0m
[34m2025-01-01 18:42:52,551 - DEBUG - ADD RESOURCES[0m
[34m2025-01-01 18:42:52,552 - DEBUG - ADD RESOURCES[0m
[34m2025-01-01 18:42:52,552 - DEBUG - ADD RESOURCES[0m
[34m2025-01-01 18:42:52,552 - DEBUG - ADD RESOURCES[0m
[34m2025-01-01 18:42:52,552 - DEBUG - ADD RESOURCES[0m
[34m2025-01-01 18:42:52,552 - DEBUG - ADD RESOURCES[0m
[34m2025-01-01 18:42:52,552 - DEBUG - ADD RESOURCES[0m
[34m2025-01-01 18:42:52,552 - DEBUG - ADD RESOURCES[0m
[34m2025-01-01 18:42:52,552 - DEBUG - ADD RESOURCES[0m
[34m2025-01-01 18:42:52,552 - DEBUG - ADD RESOURCES[0m
[34m2025-01-01 18:42:52,552 - DEBUG - ADD TREATMENTS[0m
[34m2025-01-01 18:42:52,552 - DEBUG - ADD TREATMENTS[0m
[34m2025-01-01 18:42:52,553 - DEBUG - ADD TREATMENTS[0m
[34m2025-01-01 18:42:52,553 - DEBUG - ADD TREATMENTS[0m
[34m2025-01-01 18:42:52,553 - DEBUG - ADD TREATMENTS[0m
[34m2025-01-01 18:42:52,553 - DEBUG - ADD TREATMENTS[0m
[34m2025-01-01 18:42:52,553 - DEBUG - ADD TREATMENTS[0m
[34m2025-01-01 18:42:52,553 - DEBUG - ADD TREATMENTS[0m
[34m2025-01-01 18:42:52,553 - DEBUG - ADD PATIENTS[0m
[34m2025-01-01 18:42:52,553 - DEBUG - ADD PATIENTS[0m
[34m2025-01-01 18:42:52,553 - DEBUG - ADD PATIENTS[0m
[34m2025-01-01 18:42:52,553 - DEBUG - ADD PATIENTS[0m
[34m2025-01-01 18:42:52,554 - DEBUG - ADD PATIENTS[0m
[34m2025-01-01 18:42:52,554 - DEBUG - ADD PATIENTS[0m
[34m2025-01-01 18:42:52,554 - DEBUG - ADD PATIENTS[0m
[34m2025-01-01 18:42:52,554 - DEBUG - ADD PATIENTS[0m
[34m2025-01-01 18:42:52,554 - DEBUG - ADD PATIENTS[0m
[34m2025-01-01 18:42:52,554 - DEBUG - ADD PATIENTS[0m
[34m2025-01-01 18:42:52,554 - DEBUG - ADD PATIENTS[0m
[34m2025-01-01 18:42:52,554 - DEBUG - ADD PATIENTS[0m
[34m2025-01-01 18:42:52,554 - DEBUG - ADD PATIENTS[0m
[34m2025-01-01 18:42:52,555 - DEBUG - ADD PATIENTS[0m
[34m2025-01-01 18:42:52,555 - DEBUG - ADD PATIENTS[0m
[34m2025-01-01 18:42:52,555 - DEBUG - ADD PATIENTS[0m
[34m2025-01-01 18:42:52,555 - DEBUG - ADD PATIENTS[0m
[34m2025-01-01 18:42:52,555 - DEBUG - ADD PATIENTS[0m
[34m2025-01-01 18:42:52,555 - DEBUG - ADD PATIENTS[0m
[34m2025-01-01 18:42:52,555 - DEBUG - ADD PATIENTS[0m
[34m2025-01-01 18:42:52,555 - DEBUG - ADD PATIENTS[0m
[34m2025-01-01 18:42:52,555 - DEBUG - Instance data:[0m
[34m2025-01-01 18:42:52,556 - DEBUG - Number of patients: 21[0m
[34m2025-01-01 18:42:52,556 - DEBUG - Number of beds: 36[0m
[34m2025-01-01 18:42:52,557 - DEBUG - Average number of treatments per patient: 32.38095238095238[0m
[34m2025-01-01 18:42:52,557 - DEBUG - Average number of treatment per stayed day: 2.3859649122807016[0m
[34m2025-01-01 18:42:52,557 - DEBUG - Number of treatments: 680[0m
[34m2025-01-01 18:42:52,557 - DEBUG - Number of resources: 10[0m
[34m2025-01-01 18:42:52,557 - DEBUG - Number of resource groups: 4[0m
[34m2025-01-01 18:42:52,557 - DEBUG - Number of resource hours needed per all treatment by RG(therapists): 19.704166666666676[0m
[34m2025-01-01 18:42:52,557 - DEBUG - Number of resource hours needed per all treatment by RG(rooms): 35.95416666666666[0m
[34m2025-01-01 18:42:52,557 - DEBUG - Number of resource hours needed per all treatment by RG(physiotherapist): 15.5[0m
[34m2025-01-01 18:42:52,557 - DEBUG - Number of resource hours needed per all treatment by RG(sport_room): 6.75[0m
[32m2025-01-01 18:42:52,557 - INFO - {'solver': 'LBBDSolver', 'args': {'break_symmetry': False, 'subsolver_cls': <class 'src.solvers.subsolvers.cp_subsolver.CPSubsolver'>, 'subsolver.store_results': True, 'subsolver.store_results_method': 'hash', 'use_helper_constraints': True, 'enforce_min_treatments_per_day': True, 'enforce_max_treatments_per_e_w': True, 'enforce_min_patients_per_treatment': True, 'log_to_console': True}}[0m
[34m2025-01-01 18:42:52,557 - DEBUG - Setting options: LBBDSolver[0m
[34m2025-01-01 18:42:52,557 - DEBUG -  ---- break_symmetry to False[0m
[34m2025-01-01 18:42:52,557 - DEBUG -  ---- subsolver_cls to <class 'src.solvers.subsolvers.cp_subsolver.CPSubsolver'>[0m
[34m2025-01-01 18:42:52,557 - DEBUG -  ---- use_helper_constraints to True[0m
[34m2025-01-01 18:42:52,557 - DEBUG -  ---- add_constraints_to_symmetric_days to True (default)[0m
[34m2025-01-01 18:42:52,557 - DEBUG - Setting options: Solver[0m
[34m2025-01-01 18:42:52,557 - DEBUG -  ---- number_of_threads to 4 (default)[0m
[34m2025-01-01 18:42:52,557 - DEBUG -  ---- treatment_value to 0 (default)[0m
[34m2025-01-01 18:42:52,557 - DEBUG -  ---- delay_value to 1 (default)[0m
[34m2025-01-01 18:42:52,557 - DEBUG -  ---- missing_treatment_value to 4 (default)[0m
[34m2025-01-01 18:42:52,557 - DEBUG -  ---- enforce_min_treatments_per_day to True[0m
[34m2025-01-01 18:42:52,557 - DEBUG -  ---- enforce_max_treatments_per_e_w to True[0m
[34m2025-01-01 18:42:52,557 - DEBUG -  ---- enforce_min_patients_per_treatment to True[0m
[34m2025-01-01 18:42:52,557 - DEBUG -  ---- log_to_console to True[0m
[34m2025-01-01 18:42:52,557 - DEBUG -  ---- log_to_file to True (default)[0m
[34m2025-01-01 18:42:52,557 - DEBUG -  ---- no_rel_heur_time to 1 (default)[0m
[34m2025-01-01 18:42:52,593 - DEBUG - Setting options: CPSubsolver[0m
[34m2025-01-01 18:42:52,593 - DEBUG -  ---- estimated_needed_treatments to True (default)[0m
[34m2025-01-01 18:42:52,593 - DEBUG -  ---- add_patient_symmetry to False (default)[0m
[34m2025-01-01 18:42:52,593 - DEBUG - Setting Subsolver options: SubSolver[0m
[34m2025-01-01 18:42:52,593 - DEBUG -  ---- store_results to True[0m
[34m2025-01-01 18:42:52,593 - DEBUG -  ---- store_results_method to hash[0m
[34m2025-01-01 18:42:52,594 - DEBUG -  ---- enforce_min_patients_per_treatment to True[0m
[34m2025-01-01 18:42:52,594 - DEBUG -  ---- use_day_symmetry to True (default)[0m
[32m2025-01-01 18:42:52,623 - INFO - Create model: LBBDSolver[0m
Set parameter TSPort to value 50039
Set parameter TokenServer to value "license.itc.rwth-aachen.de"
Set parameter Threads to value 4
Set parameter Cuts to value 0
Set parameter LazyConstraints to value 1
Set parameter NoRelHeurTime to value 1
[34m2025-01-01 18:42:53,046 - DEBUG - Variables created.[0m
[34m2025-01-01 18:42:54,534 - DEBUG - Constraint (not too many treatments) created.[0m
[34m2025-01-01 18:42:55,607 - DEBUG - Constraint (no_treatments_outside admittance) created.[0m
[34m2025-01-01 18:42:55,608 - DEBUG - Constraint (bed_usage) created.[0m
[34m2025-01-01 18:42:55,608 - DEBUG - Constraint (must be admitted) created.[0m
[34m2025-01-01 18:42:55,766 - DEBUG - Constraint (e_w_ub) created.[0m
[34m2025-01-01 18:42:55,817 - DEBUG - Constraint (day_ub) created.[0m
[34m2025-01-01 18:42:55,869 - DEBUG - Constraint (Day always) created.[0m
[34m2025-01-01 18:42:55,869 - DEBUG - Constraint (already_admitted) created.[0m
[32m2025-01-01 18:42:57,533 - INFO - Time to create model: 4.91[0m
[32m2025-01-01 18:42:57,533 - INFO - Solving model: LBBDSolver[0m
Gurobi Optimizer version 10.0.0 build v10.0.0rc2 (linux64)

CPU model: Intel(R) Xeon(R) Platinum 8468, instruction set [SSE2|AVX|AVX2|AVX512]
Thread count: 96 physical cores, 96 logical processors, using up to 4 threads

Optimize a model with 231537 rows, 97384 columns and 1866352 nonzeros
Model fingerprint: 0x6b3016cd
Variable types: 3 continuous, 97381 integer (97381 binary)
Coefficient statistics:
  Matrix range     [1e+00, 2e+01]
  Objective range  [1e+00, 1e+01]
  Bounds range     [1e+00, 1e+00]
  RHS range        [1e+00, 3e+03]
Presolve added 0 rows and 1697 columns
Presolve removed 149009 rows and 0 columns
Presolve time: 3.09s
Presolved: 82528 rows, 99081 columns, 1227214 nonzeros
Variable types: 1 continuous, 99080 integer (98224 binary)
Starting NoRel heuristic
Found phase-1 solution: relaxation 27
Found phase-1 solution: relaxation 23
Found phase-1 solution: relaxation 22
Found phase-1 solution: relaxation 21
Found phase-1 solution: relaxation 15
Root relaxation presolved: 82145 rows, 98944 columns, 1155729 nonzeros

Deterministic concurrent LP optimizer: primal simplex, dual simplex, and barrier
Showing barrier log only...

Root barrier log...

Ordering time: 0.26s

Barrier statistics:
 Dense cols : 53
 AA' NZ     : 1.072e+05
 Factor NZ  : 3.539e+05 (roughly 8 MB of memory)
 Factor Ops : 4.915e+07 (less than 1 second per iteration)
 Threads    : 2

                  Objective                Residual
Iter       Primal          Dual         Primal    Dual     Compl     Time
   0  -3.27013944e+06 -6.59226995e+04  7.51e+04 1.48e+00  9.41e+02     7s
   1  -1.49249712e+06 -1.27663029e+05  3.43e+04 1.11e+01  4.30e+02     7s
   2  -7.08584285e+05 -1.59777900e+05  1.63e+04 2.10e-13  2.17e+02     7s
   3  -1.54276626e+05 -1.28556116e+05  3.60e+03 4.53e-03  5.10e+01     7s
   4  -6.44823453e+04 -8.58205069e+04  1.51e+03 5.53e-03  2.16e+01     7s
   5  -1.43885800e+04 -5.14116316e+04  3.48e+02 1.51e-03  6.30e+00     8s
   6  -5.98473144e+03 -2.55596734e+04  1.54e+02 7.21e-04  2.65e+00     8s
   7  -1.59013138e+03 -1.78414702e+04  5.29e+01 4.76e-04  1.37e+00     8s
   8   4.59961015e+02 -3.85168102e+03  5.55e+00 6.60e-05  2.64e-01     8s
   9   6.14354691e+02 -3.79404835e+02  1.67e+00 1.85e-05  5.92e-02     8s
  10   6.36439378e+02  3.10174417e+02  9.85e-01 1.29e-05  2.04e-02     8s
  11   6.67384153e+02  6.25763680e+02  7.39e-02 3.02e-05  2.43e-03     8s
  12   6.67944449e+02  6.45349407e+02  2.11e-02 3.81e-05  1.27e-03     8s

Barrier performed 12 iterations in 7.92 seconds (8.51 work units)
Barrier solve interrupted - model solved by another algorithm

Concurrent spin time: 0.35s (can be avoided by choosing Method=3)

Solved with dual simplex

Root simplex log...

Iteration    Objective       Primal Inf.    Dual Inf.      Time
    4592    6.6825000e+02   0.000000e+00   0.000000e+00      8s

Use crossover to convert LP symmetric solution to basic solution...

Root crossover log...

       0 DPushes remaining with DInf 0.0000000e+00                 8s

   18297 PPushes remaining with PInf 0.0000000e+00                 8s
       0 PPushes remaining with PInf 0.0000000e+00                 9s

  Push phase complete: Pinf 0.0000000e+00, Dinf 6.1382011e-12      9s


Root simplex log...

Iteration    Objective       Primal Inf.    Dual Inf.      Time
   22943    6.6825000e+02   0.000000e+00   0.000000e+00      9s
   22943    6.6825000e+02   0.000000e+00   0.000000e+00      9s

Root relaxation: objective 6.682500e+02, 22943 iterations, 3.77 seconds (1.05 work units)
Total elapsed time = 15.05s
Total elapsed time = 21.98s

    Nodes    |    Current Node    |     Objective Bounds      |     Work
 Expl Unexpl |  Obj  Depth IntInf | Incumbent    BestBd   Gap | It/Node Time

     0     0  668.25000    0  420          -  668.25000      -     -   25s
[32m2025-01-01 18:43:36,020 - INFO - d_prime: 3 d: 3[0m
[32m2025-01-01 18:43:36,022 - INFO - d_prime: 4 d: 3[0m
[32m2025-01-01 18:43:36,022 - INFO - d_prime: 5 d: 3[0m
[32m2025-01-01 18:43:36,022 - INFO - d_prime: 6 d: 3[0m
[32m2025-01-01 18:43:36,023 - INFO - d_prime: 7 d: 3[0m
[32m2025-01-01 18:43:36,023 - INFO - d_prime: 8 d: 3[0m
[32m2025-01-01 18:43:36,024 - INFO - d_prime: 9 d: 3[0m
[32m2025-01-01 18:43:36,025 - INFO - d_prime: 10 d: 3[0m
[32m2025-01-01 18:43:36,026 - INFO - forbidden_vars: ([{0:1},{3:1},{1:3},{3:4},{3:4},{3:1,7:3},{0:1,7:4}])[0m
[32m2025-01-01 18:43:36,026 - INFO - False[0m
[32m2025-01-01 18:43:43,878 - INFO - d_prime: 7 d: 7[0m
[32m2025-01-01 18:43:43,881 - INFO - d_prime: 8 d: 7[0m
[32m2025-01-01 18:43:43,882 - INFO - d_prime: 9 d: 7[0m
[32m2025-01-01 18:43:43,884 - INFO - d_prime: 10 d: 7[0m
[32m2025-01-01 18:43:43,886 - INFO - d_prime: 11 d: 7[0m
[32m2025-01-01 18:43:43,888 - INFO - d_prime: 12 d: 7[0m
[32m2025-01-01 18:43:43,890 - INFO - d_prime: 13 d: 7[0m
[32m2025-01-01 18:43:43,891 - INFO - forbidden_vars: ([{6:1},{6:1},{3:2},{5:1,6:1},{5:1,6:1},{1:1,5:1,6:1},{1:1,4:1,5:1},{3:1,4:1,5:1},{3:1,6:2},{3:1,6:2},{4:1,6:2},{1:1,3:1,4:1,7:1},{3:1,4:1,6:2},{3:1,6:1,7:2},{4:1,6:2,7:1},{4:1,6:2,7:1},{5:1,6:3}])[0m
[32m2025-01-01 18:43:43,891 - INFO - False[0m
     0     0  668.25000    0  420          -  668.25000      -     -  120s
     0     0  668.25000    0  380          -  668.25000      -     -  127s
[32m2025-01-01 18:45:27,809 - INFO - d_prime: 3 d: 3[0m
[32m2025-01-01 18:45:27,810 - INFO - d_prime: 4 d: 3[0m
[32m2025-01-01 18:45:27,811 - INFO - d_prime: 5 d: 3[0m
[32m2025-01-01 18:45:27,811 - INFO - d_prime: 6 d: 3[0m
[32m2025-01-01 18:45:27,811 - INFO - d_prime: 7 d: 3[0m
[32m2025-01-01 18:45:27,812 - INFO - d_prime: 8 d: 3[0m
[32m2025-01-01 18:45:27,812 - INFO - d_prime: 9 d: 3[0m
[32m2025-01-01 18:45:27,813 - INFO - d_prime: 10 d: 3[0m
[32m2025-01-01 18:45:27,813 - INFO - d_prime: 11 d: 3[0m
[32m2025-01-01 18:45:27,814 - INFO - d_prime: 12 d: 3[0m
[32m2025-01-01 18:45:27,814 - INFO - d_prime: 13 d: 3[0m
[32m2025-01-01 18:45:27,815 - INFO - forbidden_vars: ([{3:1},{0:1,3:2},{1:1,7:3},{3:4},{3:4},{0:1,7:4}])[0m
[32m2025-01-01 18:45:27,815 - INFO - False[0m
[32m2025-01-01 18:46:07,474 - INFO - d_prime: 7 d: 7[0m
[32m2025-01-01 18:46:07,477 - INFO - d_prime: 8 d: 7[0m
[32m2025-01-01 18:46:07,479 - INFO - d_prime: 9 d: 7[0m
[32m2025-01-01 18:46:07,481 - INFO - d_prime: 10 d: 7[0m
[32m2025-01-01 18:46:07,484 - INFO - forbidden_vars: ([{1:2},{3:1,6:1},{3:1,6:1},{3:1,6:1},{5:1,6:1},{6:2},{1:1,3:1,4:1},{3:1,4:1,6:1},{3:1,5:1,6:1},{1:2,6:2},{1:1,3:1,4:2},{3:1,5:2,6:1},{3:1,5:2,6:1},{4:1,6:3},{4:1,6:1,7:2},{4:1,5:1,7:2},{4:1,6:1,7:2},{3:3,4:1,5:1}])[0m
[32m2025-01-01 18:46:07,484 - INFO - False[0m
[32m2025-01-01 18:48:17,251 - INFO - d_prime: 3 d: 3[0m
[32m2025-01-01 18:48:17,252 - INFO - d_prime: 4 d: 3[0m
[32m2025-01-01 18:48:17,253 - INFO - d_prime: 5 d: 3[0m
[32m2025-01-01 18:48:17,253 - INFO - d_prime: 6 d: 3[0m
[32m2025-01-01 18:48:17,254 - INFO - d_prime: 7 d: 3[0m
[32m2025-01-01 18:48:17,255 - INFO - d_prime: 8 d: 3[0m
[32m2025-01-01 18:48:17,255 - INFO - d_prime: 9 d: 3[0m
[32m2025-01-01 18:48:17,256 - INFO - d_prime: 10 d: 3[0m
[32m2025-01-01 18:48:17,257 - INFO - forbidden_vars: ([{3:1},{1:2},{0:1,1:1,3:1},{1:1,3:3},{3:4},{3:1,7:3},{0:1,7:4}])[0m
[32m2025-01-01 18:48:17,257 - INFO - False[0m
[32m2025-01-01 18:49:12,632 - INFO - d_prime: 9 d: 10[0m
[32m2025-01-01 18:49:12,635 - INFO - d_prime: 10 d: 10[0m
[32m2025-01-01 18:49:12,637 - INFO - d_prime: 11 d: 10[0m
[32m2025-01-01 18:49:12,640 - INFO - d_prime: 12 d: 10[0m
[32m2025-01-01 18:49:12,643 - INFO - d_prime: 13 d: 10[0m
[32m2025-01-01 18:49:12,644 - INFO - forbidden_vars: ([{1:1},{1:1},{1:1,6:1},{1:1,6:1},{1:2},{1:2},{1:1,6:1},{3:1,5:1},{4:1,6:1},{5:2},{1:1,4:1,5:1},{1:1,3:2},{1:3},{1:3},{1:1,3:1,7:1},{3:2,6:1},{3:1,4:1,5:1},{3:2,4:1},{1:2,3:2},{3:3,6:1}])[0m
[32m2025-01-01 18:49:12,644 - INFO - False[0m
     0     2  668.25000    0  380          -  668.25000      -     -  452s
     1     4  668.28846    1  720          -  668.28846      - 18567  458s
     3     8  668.29762    2  797          -  668.29762      -  9509  463s
     7    12  673.00000    3  437          -  668.41667      -  5145  466s
    36    44  673.00000   10  311          -  668.41667      -  1163  470s
   158   178  673.00000   38  144          -  668.41667      -   306  475s
   287   306  673.00000   65  157          -  668.41667      -   195  480s
   425   443  673.00000  108  120          -  668.41667      -   150  485s
[32m2025-01-01 18:51:16,428 - INFO - d_prime: 3 d: 3[0m
[32m2025-01-01 18:51:16,429 - INFO - d_prime: 4 d: 3[0m
[32m2025-01-01 18:51:16,430 - INFO - d_prime: 5 d: 3[0m
[32m2025-01-01 18:51:16,430 - INFO - d_prime: 6 d: 3[0m
[32m2025-01-01 18:51:16,430 - INFO - d_prime: 7 d: 3[0m
[32m2025-01-01 18:51:16,431 - INFO - d_prime: 8 d: 3[0m
[32m2025-01-01 18:51:16,431 - INFO - d_prime: 9 d: 3[0m
[32m2025-01-01 18:51:16,432 - INFO - d_prime: 10 d: 3[0m
[32m2025-01-01 18:51:16,432 - INFO - d_prime: 11 d: 3[0m
[32m2025-01-01 18:51:16,433 - INFO - d_prime: 12 d: 3[0m
[32m2025-01-01 18:51:16,433 - INFO - d_prime: 13 d: 3[0m
[32m2025-01-01 18:51:16,434 - INFO - forbidden_vars: ([{3:1},{0:1,3:1},{1:1,3:3},{3:4},{3:2,7:2},{0:1,7:4}])[0m
[32m2025-01-01 18:51:16,434 - INFO - False[0m
   538   561  673.00000  133  149          -  668.41667      -   132  571s
*  716   272             131     672.0000000  668.41667  0.53%   108  668s
   718   208     cutoff  167       672.00000  671.00000  0.15%   108  674s
[32m2025-01-01 18:54:30,445 - INFO - d_prime: 3 d: 3[0m
[32m2025-01-01 18:54:30,447 - INFO - d_prime: 4 d: 3[0m
[32m2025-01-01 18:54:30,448 - INFO - d_prime: 5 d: 3[0m
[32m2025-01-01 18:54:30,449 - INFO - d_prime: 6 d: 3[0m
[32m2025-01-01 18:54:30,450 - INFO - d_prime: 7 d: 3[0m
[32m2025-01-01 18:54:30,451 - INFO - d_prime: 8 d: 3[0m
[32m2025-01-01 18:54:30,453 - INFO - d_prime: 9 d: 3[0m
[32m2025-01-01 18:54:30,454 - INFO - d_prime: 10 d: 3[0m
[32m2025-01-01 18:54:30,456 - INFO - forbidden_vars: ([{0:2},{1:1,3:1},{0:1,1:1,3:1},{0:1,3:3},{3:4},{3:1,7:3},{0:1,5:1,7:3}])[0m
[32m2025-01-01 18:54:30,457 - INFO - False[0m
H  726   208                     671.0000000  671.00000  0.00%   108  836s

Cutting planes:
  Lazy constraints: 62

Explored 731 nodes (242924 simplex iterations) in 836.34 seconds (114.15 work units)
Thread count was 4 (of 96 available processors)

Solution count 2: 671 672 

Optimal solution found (tolerance 1.00e-04)
Best objective 6.710000000000e+02, best bound 6.710000000000e+02, gap 0.0000%

User-callback calls 13049, time in user-callback 737.92 sec
[34m2025-01-01 18:56:54,004 - DEBUG - Finished optimization[0m
[34m2025-01-01 18:56:54,004 - DEBUG - Subsolver stats:[0m
[32m2025-01-01 18:56:54,004 - INFO - Number of cuts added: 8 (bad=0, good=8)[0m
[32m2025-01-01 18:56:54,004 - INFO - Unnecessary comps: (0 / 8)[0m
[32m2025-01-01 18:56:54,004 - INFO - Calls to is_day_infeasible: cp_solver=92/ total=98 stored=6[0m
[32m2025-01-01 18:56:54,004 - INFO - Is feasible: 737.390302658081 0.9994223080538741[0m
[32m2025-01-01 18:56:54,004 - INFO - Subsolver: Solve Model: 734.4593229293823/0.9960745408878717[0m
[32m2025-01-01 18:56:54,004 - INFO - Subsolver: Create Model: 2.8944520950317383/0.003925459112128235[0m
[32m2025-01-01 18:56:54,004 - INFO - Num_constraints-added: 62[0m
[32m2025-01-01 18:56:54,004 - INFO - Optimal solution found.[0m
[34m2025-01-01 18:56:54,005 - DEBUG - Sub Objectives:[0m
[34m2025-01-01 18:56:54,005 - DEBUG - (SOLVER):Minimize Delay: 3.0[0m
[34m2025-01-01 18:56:54,005 - DEBUG - (SOLVER):Minimize Missing Treatments: 668.0[0m
[32m2025-01-01 18:56:54,005 - INFO - All cuts [defaultdict(<class 'dict'>, {P(patient0): {T(music_therapy): 1}, P(patient3): {T(music_therapy): 1, T(physio): 4}, P(patient20): {T(bath): 3}, P(patient1): {T(knitting): 4}, P(patient2): {T(knitting): 4}, P(patient4): {T(knitting): 1, T(physio): 3}, P(patient7): {T(knitting): 1}}), defaultdict(<class 'dict'>, {P(patient1): {T(bath): 1, T(massage): 1, T(sport): 1}, P(patient12): {T(bath): 1, T(trust_exercise): 1, T(massage): 1}, P(patient16): {T(bath): 1, T(knitting): 1, T(trust_exercise): 1, T(physio): 1}, P(patient2): {T(knitting): 1, T(trust_exercise): 1, T(sport): 2}, P(patient8): {T(knitting): 1, T(trust_exercise): 1, T(massage): 1}, P(patient14): {T(knitting): 1, T(sport): 2}, P(patient15): {T(knitting): 1, T(sport): 2}, P(patient17): {T(knitting): 2}, P(patient18): {T(knitting): 1, T(sport): 1, T(physio): 2}, P(patient7): {T(trust_exercise): 1, T(sport): 2}, P(patient11): {T(trust_exercise): 1, T(sport): 2, T(physio): 1}, P(patient19): {T(trust_exercise): 1, T(sport): 2, T(physio): 1}, P(patient0): {T(massage): 1, T(sport): 1}, P(patient3): {T(massage): 1, T(sport): 1}, P(patient4): {T(massage): 1, T(sport): 3}, P(patient5): {T(sport): 1}, P(patient6): {T(sport): 1}}), defaultdict(<class 'dict'>, {P(patient0): {T(music_therapy): 1, T(knitting): 2}, P(patient3): {T(music_therapy): 1, T(physio): 4}, P(patient4): {T(bath): 1, T(physio): 3}, P(patient1): {T(knitting): 4}, P(patient2): {T(knitting): 4}, P(patient7): {T(knitting): 1}}), defaultdict(<class 'dict'>, {P(patient12): {T(bath): 2, T(sport): 2}, P(patient14): {T(bath): 1, T(knitting): 1, T(trust_exercise): 1}, P(patient16): {T(bath): 1, T(knitting): 1, T(trust_exercise): 2}, P(patient20): {T(bath): 2}, P(patient1): {T(knitting): 1, T(massage): 2, T(sport): 1}, P(patient3): {T(knitting): 1, T(massage): 2, T(sport): 1}, P(patient4): {T(knitting): 1, T(sport): 1}, P(patient5): {T(knitting): 1, T(sport): 1}, P(patient6): {T(knitting): 1, T(sport): 1}, P(patient8): {T(knitting): 1, T(trust_exercise): 1, T(sport): 1}, P(patient15): {T(knitting): 1, T(massage): 1, T(sport): 1}, P(patient17): {T(knitting): 3, T(trust_exercise): 1, T(massage): 1}, P(patient2): {T(trust_exercise): 1, T(sport): 3}, P(patient11): {T(trust_exercise): 1, T(sport): 1, T(physio): 2}, P(patient18): {T(trust_exercise): 1, T(massage): 1, T(physio): 2}, P(patient19): {T(trust_exercise): 1, T(sport): 1, T(physio): 2}, P(patient0): {T(massage): 1, T(sport): 1}, P(patient7): {T(sport): 2}}), defaultdict(<class 'dict'>, {P(patient0): {T(music_therapy): 1, T(bath): 1, T(knitting): 1}, P(patient3): {T(music_therapy): 1, T(physio): 4}, P(patient1): {T(bath): 1, T(knitting): 3}, P(patient20): {T(bath): 2}, P(patient2): {T(knitting): 4}, P(patient4): {T(knitting): 1, T(physio): 3}, P(patient7): {T(knitting): 1}}), defaultdict(<class 'dict'>, {P(patient0): {T(bath): 1, T(trust_exercise): 1, T(massage): 1}, P(patient3): {T(bath): 1, T(sport): 1}, P(patient4): {T(bath): 2, T(knitting): 2}, P(patient5): {T(bath): 1, T(sport): 1}, P(patient6): {T(bath): 2}, P(patient7): {T(bath): 1}, P(patient8): {T(bath): 1}, P(patient9): {T(bath): 1, T(knitting): 2}, P(patient10): {T(bath): 2}, P(patient13): {T(bath): 3}, P(patient14): {T(bath): 3}, P(patient16): {T(bath): 1, T(knitting): 1, T(physio): 1}, P(patient18): {T(bath): 1, T(sport): 1}, P(patient1): {T(knitting): 2, T(sport): 1}, P(patient12): {T(knitting): 1, T(massage): 1}, P(patient15): {T(knitting): 1, T(trust_exercise): 1, T(massage): 1}, P(patient17): {T(knitting): 3, T(sport): 1}, P(patient19): {T(knitting): 2, T(trust_exercise): 1}, P(patient2): {T(trust_exercise): 1, T(sport): 1}, P(patient11): {T(massage): 2}}), defaultdict(<class 'dict'>, {P(patient0): {T(music_therapy): 1, T(knitting): 1}, P(patient3): {T(music_therapy): 1, T(physio): 4}, P(patient1): {T(bath): 1, T(knitting): 3}, P(patient2): {T(knitting): 4}, P(patient4): {T(knitting): 2, T(physio): 2}, P(patient7): {T(knitting): 1}}), defaultdict(<class 'dict'>, {P(patient0): {T(music_therapy): 1, T(bath): 1, T(knitting): 1}, P(patient1): {T(music_therapy): 1, T(knitting): 3}, P(patient3): {T(music_therapy): 1, T(massage): 1, T(physio): 3}, P(patient20): {T(music_therapy): 2}, P(patient7): {T(bath): 1, T(knitting): 1}, P(patient2): {T(knitting): 4}, P(patient4): {T(knitting): 1, T(physio): 3}})][0m
[32m2025-01-01 18:56:54,005 - INFO - All cuts ['([{0:1},{3:1},{1:3},{3:4},{3:4},{3:1,7:3},{0:1,7:4}])', '([{6:1},{6:1},{3:2},{5:1,6:1},{5:1,6:1},{1:1,5:1,6:1},{1:1,4:1,5:1},{3:1,4:1,5:1},{3:1,6:2},{3:1,6:2},{4:1,6:2},{1:1,3:1,4:1,7:1},{3:1,4:1,6:2},{3:1,6:1,7:2},{4:1,6:2,7:1},{4:1,6:2,7:1},{5:1,6:3}])', '([{3:1},{0:1,3:2},{1:1,7:3},{3:4},{3:4},{0:1,7:4}])', '([{1:2},{3:1,6:1},{3:1,6:1},{3:1,6:1},{5:1,6:1},{6:2},{1:1,3:1,4:1},{3:1,4:1,6:1},{3:1,5:1,6:1},{1:2,6:2},{1:1,3:1,4:2},{3:1,5:2,6:1},{3:1,5:2,6:1},{4:1,6:3},{4:1,6:1,7:2},{4:1,5:1,7:2},{4:1,6:1,7:2},{3:3,4:1,5:1}])', '([{3:1},{1:2},{0:1,1:1,3:1},{1:1,3:3},{3:4},{3:1,7:3},{0:1,7:4}])', '([{1:1},{1:1},{1:1,6:1},{1:1,6:1},{1:2},{1:2},{1:1,6:1},{3:1,5:1},{4:1,6:1},{5:2},{1:1,4:1,5:1},{1:1,3:2},{1:3},{1:3},{1:1,3:1,7:1},{3:2,6:1},{3:1,4:1,5:1},{3:2,4:1},{1:2,3:2},{3:3,6:1}])', '([{3:1},{0:1,3:1},{1:1,3:3},{3:4},{3:2,7:2},{0:1,7:4}])', '([{0:2},{1:1,3:1},{0:1,1:1,3:1},{0:1,3:3},{3:4},{3:1,7:3},{0:1,5:1,7:3}])'][0m
[34m2025-01-01 18:57:49,931 - DEBUG - Patient 0 is admitted at day 0.[0m
[34m2025-01-01 18:57:49,931 - DEBUG - Patient 1 is admitted at day 1.[0m
[34m2025-01-01 18:57:49,931 - DEBUG - Patient 2 is admitted at day 2.[0m
[34m2025-01-01 18:57:49,931 - DEBUG - Patient 3 is admitted at day 2.[0m
[34m2025-01-01 18:57:49,931 - DEBUG - Patient 4 is admitted at day 3.[0m
[34m2025-01-01 18:57:49,931 - DEBUG - Patient 5 is admitted at day 4.[0m
[34m2025-01-01 18:57:49,931 - DEBUG - Patient 6 is admitted at day 5.[0m
[34m2025-01-01 18:57:49,931 - DEBUG - Patient 7 is admitted at day 2.[0m
[34m2025-01-01 18:57:49,931 - DEBUG - Patient 8 is admitted at day 7.[0m
[34m2025-01-01 18:57:49,932 - DEBUG - Patient 9 is admitted at day 9.[0m
[34m2025-01-01 18:57:49,932 - DEBUG - Patient 10 is admitted at day 8.[0m
[34m2025-01-01 18:57:49,932 - DEBUG - Patient 11 is admitted at day 7.[0m
[34m2025-01-01 18:57:49,932 - DEBUG - Patient 12 is admitted at day 7.[0m
[34m2025-01-01 18:57:49,932 - DEBUG - Patient 13 is admitted at day 8.[0m
[34m2025-01-01 18:57:49,932 - DEBUG - Patient 14 is admitted at day 7.[0m
[34m2025-01-01 18:57:49,932 - DEBUG - Patient 15 is admitted at day 7.[0m
[34m2025-01-01 18:57:49,932 - DEBUG - Patient 16 is admitted at day 7.[0m
[34m2025-01-01 18:57:49,932 - DEBUG - Patient 17 is admitted at day 7.[0m
[34m2025-01-01 18:57:49,932 - DEBUG - Patient 18 is admitted at day 7.[0m
[34m2025-01-01 18:57:49,932 - DEBUG - Patient 19 is admitted at day 7.[0m
[34m2025-01-01 18:57:49,932 - DEBUG - Patient 20 is admitted at day 3.[0m
[34m2025-01-01 18:57:49,932 - DEBUG - Patients [0] have treatment 4 starting at day 0, hour 8.0 using resources [6, 7].[0m
[34m2025-01-01 18:57:49,932 - DEBUG - Patients [0, 1] have treatment 3 starting at day 1, hour 8.0 using resources [8, 3].[0m
[34m2025-01-01 18:57:49,932 - DEBUG - Patients [0, 1] have treatment 3 starting at day 1, hour 10.0 using resources [1, 3].[0m
[34m2025-01-01 18:57:49,932 - DEBUG - Patients [0, 1] have treatment 5 starting at day 1, hour 14.0 using resources [6, 9, 3].[0m
[34m2025-01-01 18:57:49,932 - DEBUG - Patients [1] have treatment 5 starting at day 1, hour 14.5 using resources [6, 9, 3].[0m
[34m2025-01-01 18:57:49,932 - DEBUG - Patients [1] have treatment 7 starting at day 1, hour 13.0 using resources [7, 3, 9].[0m
[34m2025-01-01 18:57:49,932 - DEBUG - Patients [1, 7] have treatment 0 starting at day 2, hour 13.0 using resources [1, 2, 5].[0m
[34m2025-01-01 18:57:49,932 - DEBUG - Patients [2] have treatment 1 starting at day 2, hour 14.0 using resources [5].[0m
[34m2025-01-01 18:57:49,932 - DEBUG - Patients [0] have treatment 1 starting at day 2, hour 14.5 using resources [5].[0m
[34m2025-01-01 18:57:49,932 - DEBUG - Patients [1, 2, 3] have treatment 3 starting at day 2, hour 8.0 using resources [0, 3].[0m
[34m2025-01-01 18:57:49,932 - DEBUG - Patients [1, 2, 3] have treatment 3 starting at day 2, hour 10.0 using resources [0, 3].[0m
[34m2025-01-01 18:57:49,932 - DEBUG - Patients [1] have treatment 4 starting at day 2, hour 15.0 using resources [1, 3].[0m
[34m2025-01-01 18:57:49,932 - DEBUG - Patients [7] have treatment 4 starting at day 2, hour 15.5 using resources [2, 3].[0m
[34m2025-01-01 18:57:49,932 - DEBUG - Patients [2, 3] have treatment 7 starting at day 2, hour 13.0 using resources [7, 3, 9].[0m
[34m2025-01-01 18:57:49,932 - DEBUG - Patients [3] have treatment 7 starting at day 2, hour 14.0 using resources [7, 3, 9].[0m
[34m2025-01-01 18:57:49,932 - DEBUG - Patients [0, 20] have treatment 0 starting at day 3, hour 10.0 using resources [1, 2, 5].[0m
[34m2025-01-01 18:57:49,933 - DEBUG - Patients [20] have treatment 1 starting at day 3, hour 9.0 using resources [7].[0m
[34m2025-01-01 18:57:49,933 - DEBUG - Patients [0, 1, 4, 7] have treatment 3 starting at day 3, hour 8.0 using resources [2, 3].[0m
[34m2025-01-01 18:57:49,933 - DEBUG - Patients [1, 2, 3, 4, 7] have treatment 3 starting at day 3, hour 10.0 using resources [0, 3].[0m
[34m2025-01-01 18:57:49,933 - DEBUG - Patients [2, 4, 7] have treatment 3 starting at day 3, hour 14.0 using resources [8, 4].[0m
[34m2025-01-01 18:57:49,933 - DEBUG - Patients [3] have treatment 4 starting at day 3, hour 9.0 using resources [1, 5].[0m
[34m2025-01-01 18:57:49,933 - DEBUG - Patients [4] have treatment 4 starting at day 3, hour 13.0 using resources [0, 4].[0m
[34m2025-01-01 18:57:49,933 - DEBUG - Patients [1] have treatment 5 starting at day 3, hour 15.0 using resources [6, 9, 5].[0m
[34m2025-01-01 18:57:49,933 - DEBUG - Patients [2, 3] have treatment 7 starting at day 3, hour 8.0 using resources [7, 4, 6].[0m
[34m2025-01-01 18:57:49,933 - DEBUG - Patients [2, 3] have treatment 7 starting at day 3, hour 13.0 using resources [7, 3, 9].[0m
[34m2025-01-01 18:57:49,933 - DEBUG - Patients [1, 3] have treatment 7 starting at day 3, hour 14.0 using resources [7, 5, 9].[0m
[34m2025-01-01 18:57:49,933 - DEBUG - Patients [0, 1] have treatment 0 starting at day 4, hour 8.0 using resources [1, 2, 5].[0m
[34m2025-01-01 18:57:49,933 - DEBUG - Patients [1, 7, 20] have treatment 0 starting at day 4, hour 8.75 using resources [0, 6, 5].[0m
[34m2025-01-01 18:57:49,933 - DEBUG - Patients [1, 20] have treatment 0 starting at day 4, hour 10.25 using resources [0, 6, 5].[0m
[34m2025-01-01 18:57:49,933 - DEBUG - Patients [4, 20] have treatment 0 starting at day 4, hour 15.0 using resources [0, 2, 5].[0m
[34m2025-01-01 18:57:49,933 - DEBUG - Patients [4] have treatment 1 starting at day 4, hour 9.5 using resources [5].[0m
[34m2025-01-01 18:57:49,933 - DEBUG - Patients [5] have treatment 1 starting at day 4, hour 9.5 using resources [4].[0m
[34m2025-01-01 18:57:49,933 - DEBUG - Patients [0] have treatment 1 starting at day 4, hour 9.5 using resources [3].[0m
[34m2025-01-01 18:57:49,933 - DEBUG - Patients [3, 5] have treatment 3 starting at day 4, hour 13.0 using resources [2, 3].[0m
[34m2025-01-01 18:57:49,933 - DEBUG - Patients [2] have treatment 4 starting at day 4, hour 8.0 using resources [0, 3].[0m
[34m2025-01-01 18:57:49,933 - DEBUG - Patients [2] have treatment 4 starting at day 4, hour 11.0 using resources [1, 3].[0m
[34m2025-01-01 18:57:49,933 - DEBUG - Patients [2] have treatment 4 starting at day 4, hour 11.5 using resources [0, 3].[0m
[34m2025-01-01 18:57:49,934 - DEBUG - Patients [3, 4] have treatment 7 starting at day 4, hour 8.5 using resources [7, 3, 9].[0m
[34m2025-01-01 18:57:49,934 - DEBUG - Patients [3, 4] have treatment 7 starting at day 4, hour 10.0 using resources [7, 3, 9].[0m
[34m2025-01-01 18:57:49,934 - DEBUG - Patients [1] have treatment 7 starting at day 4, hour 15.0 using resources [7, 3, 9].[0m
[34m2025-01-01 18:57:49,934 - DEBUG - Patients [0, 20] have treatment 0 starting at day 5, hour 13.0 using resources [1, 2, 5].[0m
[34m2025-01-01 18:57:49,934 - DEBUG - Patients [20] have treatment 1 starting at day 5, hour 10.0 using resources [5].[0m
[34m2025-01-01 18:57:49,934 - DEBUG - Patients [7] have treatment 1 starting at day 5, hour 10.5 using resources [5].[0m
[34m2025-01-01 18:57:49,934 - DEBUG - Patients [4] have treatment 1 starting at day 5, hour 11.0 using resources [5].[0m
[34m2025-01-01 18:57:49,934 - DEBUG - Patients [0] have treatment 1 starting at day 5, hour 11.5 using resources [5].[0m
[34m2025-01-01 18:57:49,934 - DEBUG - Patients [3, 6] have treatment 3 starting at day 5, hour 8.0 using resources [2, 5].[0m
[34m2025-01-01 18:57:49,934 - DEBUG - Patients [3, 5] have treatment 3 starting at day 5, hour 10.0 using resources [1, 3].[0m
[34m2025-01-01 18:57:49,934 - DEBUG - Patients [4] have treatment 4 starting at day 5, hour 15.0 using resources [0, 3].[0m
[34m2025-01-01 18:57:49,934 - DEBUG - Patients [0] have treatment 5 starting at day 5, hour 15.5 using resources [6, 9, 3].[0m
[34m2025-01-01 18:57:49,934 - DEBUG - Patients [2, 4] have treatment 7 starting at day 5, hour 8.0 using resources [7, 3, 9].[0m
[34m2025-01-01 18:57:49,934 - DEBUG - Patients [2, 4] have treatment 7 starting at day 5, hour 9.0 using resources [7, 3, 9].[0m
[34m2025-01-01 18:57:49,934 - DEBUG - Patients [1] have treatment 7 starting at day 5, hour 13.0 using resources [7, 3, 9].[0m
[34m2025-01-01 18:57:49,934 - DEBUG - Patients [1] have treatment 7 starting at day 5, hour 14.0 using resources [7, 3, 6].[0m
[34m2025-01-01 18:57:49,934 - DEBUG - Patients [3, 4, 5, 6, 20] have treatment 0 starting at day 6, hour 9.0 using resources [1, 2, 5].[0m
[34m2025-01-01 18:57:49,934 - DEBUG - Patients [3, 5] have treatment 0 starting at day 6, hour 10.0 using resources [0, 1, 3].[0m
[34m2025-01-01 18:57:49,934 - DEBUG - Patients [20] have treatment 1 starting at day 6, hour 8.5 using resources [3].[0m
[34m2025-01-01 18:57:49,934 - DEBUG - Patients [20] have treatment 1 starting at day 6, hour 14.5 using resources [3].[0m
[34m2025-01-01 18:57:49,934 - DEBUG - Patients [20] have treatment 1 starting at day 6, hour 15.0 using resources [3].[0m
[34m2025-01-01 18:57:49,934 - DEBUG - Patients [3, 4] have treatment 4 starting at day 6, hour 10.75 using resources [6, 3].[0m
[34m2025-01-01 18:57:49,934 - DEBUG - Patients [1, 3] have treatment 4 starting at day 6, hour 14.0 using resources [0, 3].[0m
[34m2025-01-01 18:57:49,935 - DEBUG - Patients [6, 7] have treatment 5 starting at day 6, hour 8.0 using resources [6, 9, 3].[0m
[34m2025-01-01 18:57:49,935 - DEBUG - Patients [2, 3] have treatment 5 starting at day 6, hour 11.25 using resources [6, 9, 3].[0m
[34m2025-01-01 18:57:49,935 - DEBUG - Patients [1, 2] have treatment 5 starting at day 6, hour 13.0 using resources [6, 9, 3].[0m
[34m2025-01-01 18:57:49,935 - DEBUG - Patients [0, 1] have treatment 5 starting at day 6, hour 13.5 using resources [6, 9, 3].[0m
[34m2025-01-01 18:57:49,935 - DEBUG - Patients [1] have treatment 7 starting at day 6, hour 9.0 using resources [7, 3, 9].[0m
[34m2025-01-01 18:57:49,935 - DEBUG - Patients [6] have treatment 1 starting at day 7, hour 8.0 using resources [3].[0m
[34m2025-01-01 18:57:49,935 - DEBUG - Patients [20] have treatment 1 starting at day 7, hour 10.0 using resources [4].[0m
[34m2025-01-01 18:57:49,935 - DEBUG - Patients [19] have treatment 1 starting at day 7, hour 10.0 using resources [7].[0m
[34m2025-01-01 18:57:49,935 - DEBUG - Patients [3] have treatment 1 starting at day 7, hour 10.5 using resources [4].[0m
[34m2025-01-01 18:57:49,935 - DEBUG - Patients [0] have treatment 1 starting at day 7, hour 11.0 using resources [4].[0m
[34m2025-01-01 18:57:49,935 - DEBUG - Patients [1] have treatment 1 starting at day 7, hour 11.5 using resources [5].[0m
[34m2025-01-01 18:57:49,935 - DEBUG - Patients [1] have treatment 1 starting at day 7, hour 13.0 using resources [5].[0m
[34m2025-01-01 18:57:49,935 - DEBUG - Patients [1] have treatment 1 starting at day 7, hour 13.5 using resources [5].[0m
[34m2025-01-01 18:57:49,935 - DEBUG - Patients [17] have treatment 1 starting at day 7, hour 14.0 using resources [3].[0m
[34m2025-01-01 18:57:49,935 - DEBUG - Patients [0, 1, 3, 8, 12, 14, 16, 17, 18, 20] have treatment 2 starting at day 7, hour 8.0 using resources [8, 5].[0m
[34m2025-01-01 18:57:49,935 - DEBUG - Patients [4, 6, 7, 8, 11, 12, 15, 16, 17, 19, 20] have treatment 2 starting at day 7, hour 10.75 using resources [6, 5].[0m
[34m2025-01-01 18:57:49,935 - DEBUG - Patients [1, 2, 14, 15, 16] have treatment 3 starting at day 7, hour 8.75 using resources [0, 5].[0m
[34m2025-01-01 18:57:49,935 - DEBUG - Patients [4, 15] have treatment 3 starting at day 7, hour 14.0 using resources [0, 5].[0m
[34m2025-01-01 18:57:49,935 - DEBUG - Patients [12, 17] have treatment 4 starting at day 7, hour 8.75 using resources [8, 3].[0m
[34m2025-01-01 18:57:49,935 - DEBUG - Patients [2, 11] have treatment 4 starting at day 7, hour 11.5 using resources [0, 3].[0m
[34m2025-01-01 18:57:49,935 - DEBUG - Patients [16] have treatment 4 starting at day 7, hour 13.5 using resources [0, 3].[0m
[34m2025-01-01 18:57:49,935 - DEBUG - Patients [11] have treatment 4 starting at day 7, hour 15.5 using resources [8, 3].[0m
[34m2025-01-01 18:57:49,935 - DEBUG - Patients [8] have treatment 5 starting at day 7, hour 10.0 using resources [6, 9, 3].[0m
[34m2025-01-01 18:57:49,935 - DEBUG - Patients [3] have treatment 5 starting at day 7, hour 13.0 using resources [6, 9, 3].[0m
[34m2025-01-01 18:57:49,935 - DEBUG - Patients [4] have treatment 5 starting at day 7, hour 13.5 using resources [6, 9, 4].[0m
[34m2025-01-01 18:57:49,935 - DEBUG - Patients [0, 2, 5, 12, 14] have treatment 6 starting at day 7, hour 13.0 using resources [8, 7].[0m
[34m2025-01-01 18:57:49,935 - DEBUG - Patients [11, 19] have treatment 7 starting at day 7, hour 8.0 using resources [7, 4, 9].[0m
[34m2025-01-01 18:57:49,935 - DEBUG - Patients [18, 19] have treatment 7 starting at day 7, hour 9.0 using resources [7, 4, 6].[0m
[34m2025-01-01 18:57:49,935 - DEBUG - Patients [18] have treatment 7 starting at day 7, hour 10.5 using resources [7, 3, 9].[0m
[34m2025-01-01 18:57:49,936 - DEBUG - Patients [2, 18] have treatment 7 starting at day 7, hour 14.5 using resources [7, 3, 9].[0m
[34m2025-01-01 18:57:49,936 - DEBUG - Patients [8, 13, 17, 20] have treatment 0 starting at day 8, hour 10.5 using resources [1, 2, 7].[0m
[34m2025-01-01 18:57:49,936 - DEBUG - Patients [6, 17] have treatment 0 starting at day 8, hour 13.0 using resources [0, 1, 5].[0m
[34m2025-01-01 18:57:49,936 - DEBUG - Patients [18] have treatment 1 starting at day 8, hour 8.0 using resources [5].[0m
[34m2025-01-01 18:57:49,936 - DEBUG - Patients [18] have treatment 1 starting at day 8, hour 8.5 using resources [5].[0m
[34m2025-01-01 18:57:49,936 - DEBUG - Patients [16] have treatment 1 starting at day 8, hour 9.0 using resources [5].[0m
[34m2025-01-01 18:57:49,936 - DEBUG - Patients [13] have treatment 1 starting at day 8, hour 9.5 using resources [5].[0m
[34m2025-01-01 18:57:49,936 - DEBUG - Patients [12] have treatment 1 starting at day 8, hour 10.0 using resources [5].[0m
[34m2025-01-01 18:57:49,936 - DEBUG - Patients [12] have treatment 1 starting at day 8, hour 10.5 using resources [5].[0m
[34m2025-01-01 18:57:49,936 - DEBUG - Patients [10] have treatment 1 starting at day 8, hour 11.0 using resources [5].[0m
[34m2025-01-01 18:57:49,936 - DEBUG - Patients [5] have treatment 1 starting at day 8, hour 11.5 using resources [5].[0m
[34m2025-01-01 18:57:49,936 - DEBUG - Patients [4] have treatment 1 starting at day 8, hour 15.0 using resources [3].[0m
[34m2025-01-01 18:57:49,936 - DEBUG - Patients [0, 1, 2, 3, 8, 12, 15, 16, 18, 20] have treatment 2 starting at day 8, hour 13.25 using resources [6, 4].[0m
[34m2025-01-01 18:57:49,936 - DEBUG - Patients [0, 1, 2, 3, 14, 16, 17, 18, 19, 20] have treatment 2 starting at day 8, hour 14.0 using resources [0, 5].[0m
[34m2025-01-01 18:57:49,936 - DEBUG - Patients [0, 2, 5, 10, 13, 14, 15, 17, 19, 20] have treatment 2 starting at day 8, hour 14.75 using resources [0, 5].[0m
[34m2025-01-01 18:57:49,936 - DEBUG - Patients [8, 17] have treatment 3 starting at day 8, hour 8.5 using resources [2, 3].[0m
[34m2025-01-01 18:57:49,936 - DEBUG - Patients [16, 19] have treatment 4 starting at day 8, hour 10.5 using resources [0, 3].[0m
[34m2025-01-01 18:57:49,936 - DEBUG - Patients [6, 12] have treatment 4 starting at day 8, hour 11.0 using resources [0, 3].[0m
[34m2025-01-01 18:57:49,936 - DEBUG - Patients [3, 4] have treatment 4 starting at day 8, hour 11.5 using resources [0, 3].[0m
[34m2025-01-01 18:57:49,936 - DEBUG - Patients [2, 3] have treatment 4 starting at day 8, hour 15.5 using resources [0, 3].[0m
[34m2025-01-01 18:57:49,936 - DEBUG - Patients [11] have treatment 5 starting at day 8, hour 8.0 using resources [6, 9, 3].[0m
[34m2025-01-01 18:57:49,936 - DEBUG - Patients [1, 4, 7, 13, 14] have treatment 6 starting at day 8, hour 8.0 using resources [0, 7].[0m
[34m2025-01-01 18:57:49,936 - DEBUG - Patients [1, 3, 7, 11, 15] have treatment 6 starting at day 8, hour 9.25 using resources [0, 7].[0m
[34m2025-01-01 18:57:49,936 - DEBUG - Patients [11, 19] have treatment 7 starting at day 8, hour 13.0 using resources [7, 3, 9].[0m
[34m2025-01-01 18:57:49,936 - DEBUG - Patients [4, 11] have treatment 7 starting at day 8, hour 14.0 using resources [7, 3, 9].[0m
[34m2025-01-01 18:57:49,936 - DEBUG - Patients [3, 4] have treatment 0 starting at day 9, hour 8.75 using resources [0, 1, 3].[0m
[34m2025-01-01 18:57:49,936 - DEBUG - Patients [1, 7, 9, 13, 18] have treatment 0 starting at day 9, hour 8.75 using resources [2, 8, 4].[0m
[34m2025-01-01 18:57:49,936 - DEBUG - Patients [16] have treatment 1 starting at day 9, hour 8.0 using resources [4].[0m
[34m2025-01-01 18:57:49,936 - DEBUG - Patients [17] have treatment 1 starting at day 9, hour 9.0 using resources [5].[0m
[34m2025-01-01 18:57:49,937 - DEBUG - Patients [17] have treatment 1 starting at day 9, hour 13.25 using resources [5].[0m
[34m2025-01-01 18:57:49,937 - DEBUG - Patients [1, 2, 3, 7, 8, 9, 10, 13, 18, 19] have treatment 2 starting at day 9, hour 8.0 using resources [8, 5].[0m
[34m2025-01-01 18:57:49,937 - DEBUG - Patients [13, 15] have treatment 4 starting at day 9, hour 9.75 using resources [1, 5].[0m
[34m2025-01-01 18:57:49,937 - DEBUG - Patients [17, 18] have treatment 4 starting at day 9, hour 10.75 using resources [6, 5].[0m
[34m2025-01-01 18:57:49,937 - DEBUG - Patients [3, 15] have treatment 4 starting at day 9, hour 10.75 using resources [8, 3].[0m
[34m2025-01-01 18:57:49,937 - DEBUG - Patients [14, 15] have treatment 4 starting at day 9, hour 11.25 using resources [2, 5].[0m
[34m2025-01-01 18:57:49,937 - DEBUG - Patients [5] have treatment 4 starting at day 9, hour 11.25 using resources [8, 3].[0m
[34m2025-01-01 18:57:49,937 - DEBUG - Patients [0, 4] have treatment 5 starting at day 9, hour 8.0 using resources [6, 9, 3].[0m
[34m2025-01-01 18:57:49,937 - DEBUG - Patients [12] have treatment 5 starting at day 9, hour 9.5 using resources [6, 9, 4].[0m
[34m2025-01-01 18:57:49,937 - DEBUG - Patients [12, 13] have treatment 5 starting at day 9, hour 10.25 using resources [6, 9, 4].[0m
[34m2025-01-01 18:57:49,937 - DEBUG - Patients [0, 1, 2, 8, 16, 17] have treatment 6 starting at day 9, hour 9.5 using resources [2, 7].[0m
[34m2025-01-01 18:57:49,937 - DEBUG - Patients [9, 19] have treatment 7 starting at day 9, hour 10.75 using resources [7, 4, 9].[0m
[34m2025-01-01 18:57:49,937 - DEBUG - Patients [11, 16] have treatment 7 starting at day 9, hour 13.0 using resources [7, 4, 9].[0m
[34m2025-01-01 18:57:49,937 - DEBUG - Patients [2, 19] have treatment 7 starting at day 9, hour 14.0 using resources [7, 5, 9].[0m
[34m2025-01-01 18:57:49,937 - DEBUG - Patients [16] have treatment 7 starting at day 9, hour 15.0 using resources [7, 3, 6].[0m
[34m2025-01-01 18:57:49,937 - DEBUG - Patients [3, 19] have treatment 0 starting at day 10, hour 10.0 using resources [1, 8, 7].[0m
[34m2025-01-01 18:57:49,937 - DEBUG - Patients [4] have treatment 1 starting at day 10, hour 8.0 using resources [5].[0m
[34m2025-01-01 18:57:49,937 - DEBUG - Patients [18] have treatment 1 starting at day 10, hour 8.0 using resources [4].[0m
[34m2025-01-01 18:57:49,937 - DEBUG - Patients [14] have treatment 1 starting at day 10, hour 8.0 using resources [7].[0m
[34m2025-01-01 18:57:49,937 - DEBUG - Patients [14] have treatment 1 starting at day 10, hour 8.5 using resources [5].[0m
[34m2025-01-01 18:57:49,937 - DEBUG - Patients [14] have treatment 1 starting at day 10, hour 9.0 using resources [5].[0m
[34m2025-01-01 18:57:49,937 - DEBUG - Patients [10] have treatment 1 starting at day 10, hour 9.5 using resources [5].[0m
[34m2025-01-01 18:57:49,937 - DEBUG - Patients [9] have treatment 1 starting at day 10, hour 10.0 using resources [5].[0m
[34m2025-01-01 18:57:49,937 - DEBUG - Patients [7] have treatment 1 starting at day 10, hour 10.5 using resources [5].[0m
[34m2025-01-01 18:57:49,937 - DEBUG - Patients [7] have treatment 1 starting at day 10, hour 11.0 using resources [5].[0m
[34m2025-01-01 18:57:49,937 - DEBUG - Patients [7] have treatment 1 starting at day 10, hour 11.5 using resources [5].[0m
[34m2025-01-01 18:57:49,937 - DEBUG - Patients [2] have treatment 1 starting at day 10, hour 13.0 using resources [5].[0m
[34m2025-01-01 18:57:49,937 - DEBUG - Patients [4] have treatment 1 starting at day 10, hour 13.5 using resources [5].[0m
[34m2025-01-01 18:57:49,937 - DEBUG - Patients [18] have treatment 1 starting at day 10, hour 14.0 using resources [5].[0m
[34m2025-01-01 18:57:49,938 - DEBUG - Patients [3] have treatment 1 starting at day 10, hour 14.5 using resources [5].[0m
[34m2025-01-01 18:57:49,938 - DEBUG - Patients [5] have treatment 1 starting at day 10, hour 15.0 using resources [5].[0m
[34m2025-01-01 18:57:49,938 - DEBUG - Patients [10, 12, 13, 15, 16, 17] have treatment 3 starting at day 10, hour 10.0 using resources [0, 3].[0m
[34m2025-01-01 18:57:49,938 - DEBUG - Patients [1, 4, 6, 8, 9, 17] have treatment 3 starting at day 10, hour 14.0 using resources [0, 3].[0m
[34m2025-01-01 18:57:49,938 - DEBUG - Patients [15, 19] have treatment 4 starting at day 10, hour 8.0 using resources [0, 3].[0m
[34m2025-01-01 18:57:49,938 - DEBUG - Patients [2] have treatment 4 starting at day 10, hour 8.5 using resources [0, 3].[0m
[34m2025-01-01 18:57:49,938 - DEBUG - Patients [11, 12] have treatment 5 starting at day 10, hour 9.0 using resources [6, 9, 3].[0m
[34m2025-01-01 18:57:49,938 - DEBUG - Patients [0] have treatment 5 starting at day 10, hour 9.5 using resources [6, 9, 3].[0m
[34m2025-01-01 18:57:49,938 - DEBUG - Patients [1, 3, 9, 13, 17, 18] have treatment 6 starting at day 10, hour 8.75 using resources [2, 7].[0m
[34m2025-01-01 18:57:49,938 - DEBUG - Patients [16] have treatment 7 starting at day 10, hour 13.0 using resources [7, 3, 9].[0m
[34m2025-01-01 18:57:49,938 - DEBUG - Patients [11, 12, 13, 17, 18] have treatment 0 starting at day 11, hour 14.0 using resources [1, 6, 4].[0m
[34m2025-01-01 18:57:49,938 - DEBUG - Patients [0, 5, 6, 9] have treatment 0 starting at day 11, hour 14.0 using resources [2, 8, 5].[0m
[34m2025-01-01 18:57:49,938 - DEBUG - Patients [3, 4] have treatment 0 starting at day 11, hour 14.75 using resources [0, 2, 7].[0m
[34m2025-01-01 18:57:49,938 - DEBUG - Patients [17] have treatment 1 starting at day 11, hour 8.0 using resources [7].[0m
[34m2025-01-01 18:57:49,938 - DEBUG - Patients [18] have treatment 1 starting at day 11, hour 8.0 using resources [4].[0m
[34m2025-01-01 18:57:49,938 - DEBUG - Patients [16] have treatment 1 starting at day 11, hour 8.0 using resources [5].[0m
[34m2025-01-01 18:57:49,938 - DEBUG - Patients [16] have treatment 1 starting at day 11, hour 8.5 using resources [4].[0m
[34m2025-01-01 18:57:49,938 - DEBUG - Patients [15] have treatment 1 starting at day 11, hour 8.5 using resources [5].[0m
[34m2025-01-01 18:57:49,938 - DEBUG - Patients [15] have treatment 1 starting at day 11, hour 9.0 using resources [5].[0m
[34m2025-01-01 18:57:49,938 - DEBUG - Patients [14] have treatment 1 starting at day 11, hour 9.5 using resources [5].[0m
[34m2025-01-01 18:57:49,938 - DEBUG - Patients [10] have treatment 1 starting at day 11, hour 10.0 using resources [5].[0m
[34m2025-01-01 18:57:49,938 - DEBUG - Patients [4] have treatment 1 starting at day 11, hour 10.5 using resources [5].[0m
[34m2025-01-01 18:57:49,938 - DEBUG - Patients [3] have treatment 1 starting at day 11, hour 11.0 using resources [5].[0m
[34m2025-01-01 18:57:49,938 - DEBUG - Patients [3] have treatment 1 starting at day 11, hour 11.5 using resources [5].[0m
[34m2025-01-01 18:57:49,938 - DEBUG - Patients [2] have treatment 1 starting at day 11, hour 11.5 using resources [7].[0m
[34m2025-01-01 18:57:49,938 - DEBUG - Patients [2] have treatment 1 starting at day 11, hour 13.0 using resources [5].[0m
[34m2025-01-01 18:57:49,938 - DEBUG - Patients [1] have treatment 1 starting at day 11, hour 13.5 using resources [5].[0m
[34m2025-01-01 18:57:49,938 - DEBUG - Patients [1] have treatment 1 starting at day 11, hour 14.0 using resources [3].[0m
[34m2025-01-01 18:57:49,938 - DEBUG - Patients [1] have treatment 1 starting at day 11, hour 14.5 using resources [3].[0m
[34m2025-01-01 18:57:49,939 - DEBUG - Patients [0] have treatment 1 starting at day 11, hour 15.0 using resources [3].[0m
[34m2025-01-01 18:57:49,939 - DEBUG - Patients [0] have treatment 1 starting at day 11, hour 15.5 using resources [3].[0m
[34m2025-01-01 18:57:49,939 - DEBUG - Patients [12, 14] have treatment 4 starting at day 11, hour 8.0 using resources [0, 3].[0m
[34m2025-01-01 18:57:49,939 - DEBUG - Patients [6, 10] have treatment 4 starting at day 11, hour 8.5 using resources [0, 3].[0m
[34m2025-01-01 18:57:49,939 - DEBUG - Patients [5, 7] have treatment 5 starting at day 11, hour 11.0 using resources [6, 9, 3].[0m
[34m2025-01-01 18:57:49,939 - DEBUG - Patients [1, 4] have treatment 5 starting at day 11, hour 11.5 using resources [6, 9, 3].[0m
[34m2025-01-01 18:57:49,939 - DEBUG - Patients [11, 19] have treatment 7 starting at day 11, hour 9.0 using resources [7, 3, 9].[0m
[34m2025-01-01 18:57:49,939 - DEBUG - Patients [8, 11] have treatment 7 starting at day 11, hour 10.0 using resources [7, 3, 9].[0m
[34m2025-01-01 18:57:49,939 - DEBUG - Patients [4] have treatment 7 starting at day 11, hour 13.0 using resources [7, 3, 6].[0m
[34m2025-01-01 18:57:49,939 - DEBUG - Patients [4, 13, 15, 17, 18] have treatment 0 starting at day 12, hour 10.5 using resources [1, 8, 7].[0m
[34m2025-01-01 18:57:49,939 - DEBUG - Patients [9, 10, 12, 13] have treatment 0 starting at day 12, hour 11.25 using resources [0, 1, 4].[0m
[34m2025-01-01 18:57:49,939 - DEBUG - Patients [6, 7, 10, 14] have treatment 0 starting at day 12, hour 13.0 using resources [0, 1, 4].[0m
[34m2025-01-01 18:57:49,939 - DEBUG - Patients [0, 4, 9, 11] have treatment 0 starting at day 12, hour 13.0 using resources [2, 8, 7].[0m
[34m2025-01-01 18:57:49,939 - DEBUG - Patients [0, 3] have treatment 0 starting at day 12, hour 13.75 using resources [0, 1, 7].[0m
[34m2025-01-01 18:57:49,939 - DEBUG - Patients [0, 1] have treatment 0 starting at day 12, hour 15.0 using resources [1, 6, 5].[0m
[34m2025-01-01 18:57:49,939 - DEBUG - Patients [19] have treatment 1 starting at day 12, hour 8.5 using resources [4].[0m
[34m2025-01-01 18:57:49,939 - DEBUG - Patients [3] have treatment 1 starting at day 12, hour 8.5 using resources [5].[0m
[34m2025-01-01 18:57:49,939 - DEBUG - Patients [19] have treatment 1 starting at day 12, hour 9.0 using resources [5].[0m
[34m2025-01-01 18:57:49,939 - DEBUG - Patients [19] have treatment 1 starting at day 12, hour 9.5 using resources [4].[0m
[34m2025-01-01 18:57:49,939 - DEBUG - Patients [18] have treatment 1 starting at day 12, hour 11.5 using resources [5].[0m
[34m2025-01-01 18:57:49,939 - DEBUG - Patients [8] have treatment 1 starting at day 12, hour 13.0 using resources [5].[0m
[34m2025-01-01 18:57:49,939 - DEBUG - Patients [19] have treatment 1 starting at day 12, hour 13.5 using resources [5].[0m
[34m2025-01-01 18:57:49,939 - DEBUG - Patients [2] have treatment 1 starting at day 12, hour 14.0 using resources [5].[0m
[34m2025-01-01 18:57:49,939 - DEBUG - Patients [12, 14] have treatment 3 starting at day 12, hour 8.0 using resources [2, 7].[0m
[34m2025-01-01 18:57:49,939 - DEBUG - Patients [6, 17] have treatment 3 starting at day 12, hour 13.75 using resources [8, 4].[0m
[34m2025-01-01 18:57:49,939 - DEBUG - Patients [16, 18] have treatment 4 starting at day 12, hour 9.5 using resources [1, 5].[0m
[34m2025-01-01 18:57:49,939 - DEBUG - Patients [13, 16] have treatment 4 starting at day 12, hour 10.0 using resources [0, 5].[0m
[34m2025-01-01 18:57:49,939 - DEBUG - Patients [8, 12] have treatment 4 starting at day 12, hour 10.5 using resources [0, 5].[0m
[34m2025-01-01 18:57:49,939 - DEBUG - Patients [7, 8] have treatment 4 starting at day 12, hour 11.0 using resources [2, 5].[0m
[34m2025-01-01 18:57:49,940 - DEBUG - Patients [1, 4] have treatment 4 starting at day 12, hour 14.5 using resources [0, 5].[0m
[34m2025-01-01 18:57:49,940 - DEBUG - Patients [2, 4] have treatment 4 starting at day 12, hour 15.0 using resources [2, 3].[0m
[34m2025-01-01 18:57:49,940 - DEBUG - Patients [2, 5] have treatment 4 starting at day 12, hour 15.5 using resources [2, 3].[0m
[34m2025-01-01 18:57:49,940 - DEBUG - Patients [17, 18] have treatment 5 starting at day 12, hour 8.0 using resources [6, 9, 4].[0m
[34m2025-01-01 18:57:49,940 - DEBUG - Patients [16, 17] have treatment 5 starting at day 12, hour 8.5 using resources [6, 9, 3].[0m
[34m2025-01-01 18:57:49,940 - DEBUG - Patients [16, 17] have treatment 5 starting at day 12, hour 9.0 using resources [6, 9, 3].[0m
[34m2025-01-01 18:57:49,940 - DEBUG - Patients [1, 15] have treatment 5 starting at day 12, hour 9.5 using resources [6, 9, 3].[0m
[34m2025-01-01 18:57:49,940 - DEBUG - Patients [12, 15] have treatment 5 starting at day 12, hour 10.0 using resources [6, 9, 3].[0m
[34m2025-01-01 18:57:49,940 - DEBUG - Patients [11] have treatment 5 starting at day 12, hour 10.5 using resources [6, 9, 3].[0m
[34m2025-01-01 18:57:49,940 - DEBUG - Patients [3, 11] have treatment 5 starting at day 12, hour 11.0 using resources [6, 9, 3].[0m
[34m2025-01-01 18:57:49,940 - DEBUG - Patients [3, 14] have treatment 5 starting at day 12, hour 11.5 using resources [6, 9, 3].[0m
[34m2025-01-01 18:57:49,940 - DEBUG - Patients [1, 3] have treatment 5 starting at day 12, hour 13.0 using resources [6, 9, 3].[0m
[34m2025-01-01 18:57:49,940 - DEBUG - Patients [5] have treatment 5 starting at day 12, hour 13.5 using resources [6, 9, 3].[0m
[34m2025-01-01 18:57:49,940 - DEBUG - Patients [1, 11] have treatment 5 starting at day 12, hour 14.0 using resources [6, 9, 3].[0m
[34m2025-01-01 18:57:49,940 - DEBUG - Patients [2] have treatment 5 starting at day 12, hour 14.5 using resources [6, 9, 3].[0m
[34m2025-01-01 18:57:49,940 - DEBUG - Patients [11, 12, 18, 19] have treatment 0 starting at day 13, hour 13.0 using resources [1, 2, 5].[0m
[34m2025-01-01 18:57:49,940 - DEBUG - Patients [7, 15] have treatment 0 starting at day 13, hour 13.75 using resources [1, 2, 5].[0m
[34m2025-01-01 18:57:49,940 - DEBUG - Patients [1, 3, 4, 9, 14] have treatment 0 starting at day 13, hour 14.5 using resources [1, 6, 4].[0m
[34m2025-01-01 18:57:49,940 - DEBUG - Patients [6, 9, 16] have treatment 0 starting at day 13, hour 15.25 using resources [1, 8, 5].[0m
[34m2025-01-01 18:57:49,940 - DEBUG - Patients [15] have treatment 1 starting at day 13, hour 10.0 using resources [5].[0m
[34m2025-01-01 18:57:49,940 - DEBUG - Patients [3] have treatment 1 starting at day 13, hour 10.5 using resources [5].[0m
[34m2025-01-01 18:57:49,940 - DEBUG - Patients [1, 2, 3, 4, 10, 11, 12, 13, 18, 19] have treatment 2 starting at day 13, hour 13.75 using resources [6, 4].[0m
[34m2025-01-01 18:57:49,940 - DEBUG - Patients [0, 1, 2, 3, 4, 5, 8, 14, 15, 17] have treatment 2 starting at day 13, hour 15.25 using resources [6, 4].[0m
[34m2025-01-01 18:57:49,940 - DEBUG - Patients [9, 11, 12, 16, 17, 19] have treatment 3 starting at day 13, hour 8.0 using resources [8, 5].[0m
[34m2025-01-01 18:57:49,940 - DEBUG - Patients [1, 5, 11, 16, 17, 19] have treatment 3 starting at day 13, hour 10.0 using resources [8, 7].[0m
[34m2025-01-01 18:57:49,940 - DEBUG - Patients [8, 17] have treatment 3 starting at day 13, hour 13.25 using resources [8, 3].[0m
[34m2025-01-01 18:57:49,940 - DEBUG - Patients [2, 16] have treatment 4 starting at day 13, hour 13.0 using resources [0, 4].[0m
[34m2025-01-01 18:57:49,940 - DEBUG - Patients [0, 14] have treatment 4 starting at day 13, hour 13.75 using resources [0, 7].[0m
[34m2025-01-01 18:57:49,940 - DEBUG - Patients [12, 13] have treatment 4 starting at day 13, hour 14.5 using resources [0, 7].[0m
[34m2025-01-01 18:57:49,941 - DEBUG - Patients [13, 18] have treatment 4 starting at day 13, hour 15.0 using resources [0, 7].[0m
[34m2025-01-01 18:57:49,941 - DEBUG - Patients [18] have treatment 4 starting at day 13, hour 15.5 using resources [0, 3].[0m
[34m2025-01-01 18:57:49,941 - DEBUG - Patients [10] have treatment 4 starting at day 13, hour 15.5 using resources [2, 7].[0m
[34m2025-01-01 18:57:49,941 - DEBUG - Patients [6, 8] have treatment 5 starting at day 13, hour 10.0 using resources [6, 9, 3].[0m
[34m2025-01-01 18:57:49,941 - DEBUG - Patients [2, 3] have treatment 5 starting at day 13, hour 11.0 using resources [6, 9, 3].[0m
[34m2025-01-01 18:57:49,941 - DEBUG - Patients [4, 13] have treatment 7 starting at day 13, hour 8.0 using resources [7, 3, 9].[0m
[34m2025-01-01 18:57:49,941 - DEBUG - Patients [1] have treatment 7 starting at day 13, hour 9.0 using resources [7, 3, 9].[0m
[34m2025-01-01 18:57:49,953 - DEBUG - Checking solution value.[0m
[34m2025-01-01 18:57:49,953 - DEBUG - Solvers objective function value: 671.0[0m
[34m2025-01-01 18:57:49,955 - DEBUG - (VERIFIER):Treatment value: 0[0m
[34m2025-01-01 18:57:49,955 - DEBUG - (VERIFIER):Delay value: 3[0m
[34m2025-01-01 18:57:49,955 - DEBUG - (VERIFIER):Missing treatment value: 668[0m
[34m2025-01-01 18:57:49,955 - DEBUG - Correct objective function value: 671[0m
[34m2025-01-01 18:57:49,955 - DEBUG - Solution is valid.[0m
[34m2025-01-01 18:57:49,955 - DEBUG - All solvers accepted the solution.[0m
[32m2025-01-01 18:57:49,955 - INFO - Time to find solution: 892.422s with value 671.000000[0m
[32m2025-01-01 18:57:49,955 - INFO - Total Time: 897.332s[0m
