1.NAME: LBBDSolver
2.PARAMS: {'break_symmetry': False, 'add_constraints_to_symmetrc_days': True, 'subsolver_cls': 'CPSubSolver2'}
3.INSTANCE: /home/wx350715/Kobra/rehabiliation-admission-scheduling/data/comp_study_002/instance_4_5.txt
4.REPETITION: 1
Current directory: /home/wx350715/Kobra/rehabiliation-admission-scheduling
[34m2025-01-01 16:05:43,587 - DEBUG - Solver: <class 'src.solvers.benders.LBBDSolver'>[0m
[34m2025-01-01 16:05:43,588 - DEBUG - Args: {'break_symmetry': False, 'add_constraints_to_symmetrc_days': True, 'subsolver_cls': 'CPSubSolver2'}[0m
[34m2025-01-01 16:05:43,588 - DEBUG - File path /home/wx350715/Kobra/rehabiliation-admission-scheduling/data/comp_study_002/instance_4_5.txt[0m
[34m2025-01-01 16:05:43,588 - DEBUG - ADD INSTANCE DATA[0m
[34m2025-01-01 16:05:43,588 - DEBUG - ADD INSTANCE DATA[0m
[34m2025-01-01 16:05:43,588 - DEBUG - ADD INSTANCE DATA[0m
[34m2025-01-01 16:05:43,588 - DEBUG - ADD INSTANCE DATA[0m
[34m2025-01-01 16:05:43,588 - DEBUG - ADD INSTANCE DATA[0m
[34m2025-01-01 16:05:43,588 - DEBUG - ADD INSTANCE DATA[0m
[34m2025-01-01 16:05:43,588 - DEBUG - ADD INSTANCE DATA[0m
[34m2025-01-01 16:05:43,588 - DEBUG - ADD INSTANCE DATA[0m
[34m2025-01-01 16:05:43,588 - DEBUG - ADD INSTANCE DATA[0m
[34m2025-01-01 16:05:43,588 - DEBUG - ADD INSTANCE DATA[0m
[34m2025-01-01 16:05:43,588 - DEBUG - ADD INSTANCE DATA[0m
[34m2025-01-01 16:05:43,589 - DEBUG - ADD RESOURCE_GROUPS[0m
[34m2025-01-01 16:05:43,589 - DEBUG - ADD RESOURCE_GROUPS[0m
[34m2025-01-01 16:05:43,589 - DEBUG - ADD RESOURCE_GROUPS[0m
[34m2025-01-01 16:05:43,589 - DEBUG - ADD RESOURCE_GROUPS[0m
[34m2025-01-01 16:05:43,589 - DEBUG - ADD RESOURCES[0m
[34m2025-01-01 16:05:43,589 - DEBUG - ADD RESOURCES[0m
[34m2025-01-01 16:05:43,589 - DEBUG - ADD RESOURCES[0m
[34m2025-01-01 16:05:43,589 - DEBUG - ADD RESOURCES[0m
[34m2025-01-01 16:05:43,589 - DEBUG - ADD RESOURCES[0m
[34m2025-01-01 16:05:43,589 - DEBUG - ADD RESOURCES[0m
[34m2025-01-01 16:05:43,589 - DEBUG - ADD RESOURCES[0m
[34m2025-01-01 16:05:43,589 - DEBUG - ADD RESOURCES[0m
[34m2025-01-01 16:05:43,590 - DEBUG - ADD RESOURCES[0m
[34m2025-01-01 16:05:43,590 - DEBUG - ADD RESOURCES[0m
[34m2025-01-01 16:05:43,590 - DEBUG - ADD TREATMENTS[0m
[34m2025-01-01 16:05:43,590 - DEBUG - ADD TREATMENTS[0m
[34m2025-01-01 16:05:43,590 - DEBUG - ADD TREATMENTS[0m
[34m2025-01-01 16:05:43,590 - DEBUG - ADD TREATMENTS[0m
[34m2025-01-01 16:05:43,590 - DEBUG - ADD TREATMENTS[0m
[34m2025-01-01 16:05:43,590 - DEBUG - ADD TREATMENTS[0m
[34m2025-01-01 16:05:43,590 - DEBUG - ADD TREATMENTS[0m
[34m2025-01-01 16:05:43,590 - DEBUG - ADD TREATMENTS[0m
[34m2025-01-01 16:05:43,591 - DEBUG - ADD PATIENTS[0m
[34m2025-01-01 16:05:43,591 - DEBUG - ADD PATIENTS[0m
[34m2025-01-01 16:05:43,591 - DEBUG - ADD PATIENTS[0m
[34m2025-01-01 16:05:43,591 - DEBUG - ADD PATIENTS[0m
[34m2025-01-01 16:05:43,591 - DEBUG - ADD PATIENTS[0m
[34m2025-01-01 16:05:43,591 - DEBUG - ADD PATIENTS[0m
[34m2025-01-01 16:05:43,591 - DEBUG - ADD PATIENTS[0m
[34m2025-01-01 16:05:43,592 - DEBUG - ADD PATIENTS[0m
[34m2025-01-01 16:05:43,592 - DEBUG - ADD PATIENTS[0m
[34m2025-01-01 16:05:43,592 - DEBUG - ADD PATIENTS[0m
[34m2025-01-01 16:05:43,592 - DEBUG - ADD PATIENTS[0m
[34m2025-01-01 16:05:43,592 - DEBUG - ADD PATIENTS[0m
[34m2025-01-01 16:05:43,592 - DEBUG - ADD PATIENTS[0m
[34m2025-01-01 16:05:43,592 - DEBUG - ADD PATIENTS[0m
[34m2025-01-01 16:05:43,592 - DEBUG - ADD PATIENTS[0m
[34m2025-01-01 16:05:43,592 - DEBUG - ADD PATIENTS[0m
[34m2025-01-01 16:05:43,593 - DEBUG - ADD PATIENTS[0m
[34m2025-01-01 16:05:43,593 - DEBUG - ADD PATIENTS[0m
[34m2025-01-01 16:05:43,593 - DEBUG - ADD PATIENTS[0m
[34m2025-01-01 16:05:43,593 - DEBUG - ADD PATIENTS[0m
[34m2025-01-01 16:05:43,593 - DEBUG - ADD PATIENTS[0m
[34m2025-01-01 16:05:43,593 - DEBUG - ADD PATIENTS[0m
[34m2025-01-01 16:05:43,593 - DEBUG - ADD PATIENTS[0m
[34m2025-01-01 16:05:43,593 - DEBUG - ADD PATIENTS[0m
[34m2025-01-01 16:05:43,595 - DEBUG - ADD PATIENTS[0m
[34m2025-01-01 16:05:43,595 - DEBUG - ADD PATIENTS[0m
[34m2025-01-01 16:05:43,595 - DEBUG - ADD PATIENTS[0m
[34m2025-01-01 16:05:43,595 - DEBUG - ADD PATIENTS[0m
[34m2025-01-01 16:05:43,595 - DEBUG - ADD PATIENTS[0m
[34m2025-01-01 16:05:43,595 - DEBUG - ADD PATIENTS[0m
[34m2025-01-01 16:05:43,596 - DEBUG - Instance data:[0m
[34m2025-01-01 16:05:43,596 - DEBUG - Number of patients: 30[0m
[34m2025-01-01 16:05:43,596 - DEBUG - Number of beds: 40[0m
[34m2025-01-01 16:05:43,596 - DEBUG - Average number of treatments per patient: 26.5[0m
[34m2025-01-01 16:05:43,596 - DEBUG - Average number of treatment per stayed day: 2.2910662824207493[0m
[34m2025-01-01 16:05:43,596 - DEBUG - Number of treatments: 795[0m
[34m2025-01-01 16:05:43,596 - DEBUG - Number of resources: 10[0m
[34m2025-01-01 16:05:43,596 - DEBUG - Number of resource groups: 4[0m
[34m2025-01-01 16:05:43,596 - DEBUG - Number of resource hours needed per all treatment by RG(therapists): 22.441666666666695[0m
[34m2025-01-01 16:05:43,596 - DEBUG - Number of resource hours needed per all treatment by RG(rooms): 41.99166666666666[0m
[34m2025-01-01 16:05:43,596 - DEBUG - Number of resource hours needed per all treatment by RG(physiotherapist): 15.5[0m
[34m2025-01-01 16:05:43,596 - DEBUG - Number of resource hours needed per all treatment by RG(sport_room): 6.75[0m
[32m2025-01-01 16:05:43,596 - INFO - {'solver': 'LBBDSolver', 'args': {'break_symmetry': False, 'subsolver_cls': <class 'src.solvers.subsolvers.cp_subsolver.CPSubsolver'>, 'subsolver.store_results': True, 'subsolver.store_results_method': 'hash', 'use_helper_constraints': True, 'enforce_min_treatments_per_day': True, 'enforce_max_treatments_per_e_w': True, 'enforce_min_patients_per_treatment': True, 'log_to_console': True}}[0m
[34m2025-01-01 16:05:43,596 - DEBUG - Setting options: LBBDSolver[0m
[34m2025-01-01 16:05:43,596 - DEBUG -  ---- break_symmetry to False[0m
[34m2025-01-01 16:05:43,596 - DEBUG -  ---- subsolver_cls to <class 'src.solvers.subsolvers.cp_subsolver.CPSubsolver'>[0m
[34m2025-01-01 16:05:43,596 - DEBUG -  ---- use_helper_constraints to True[0m
[34m2025-01-01 16:05:43,596 - DEBUG -  ---- add_constraints_to_symmetric_days to True (default)[0m
[34m2025-01-01 16:05:43,596 - DEBUG - Setting options: Solver[0m
[34m2025-01-01 16:05:43,596 - DEBUG -  ---- number_of_threads to 4 (default)[0m
[34m2025-01-01 16:05:43,597 - DEBUG -  ---- treatment_value to 0 (default)[0m
[34m2025-01-01 16:05:43,597 - DEBUG -  ---- delay_value to 1 (default)[0m
[34m2025-01-01 16:05:43,597 - DEBUG -  ---- missing_treatment_value to 4 (default)[0m
[34m2025-01-01 16:05:43,597 - DEBUG -  ---- enforce_min_treatments_per_day to True[0m
[34m2025-01-01 16:05:43,597 - DEBUG -  ---- enforce_max_treatments_per_e_w to True[0m
[34m2025-01-01 16:05:43,597 - DEBUG -  ---- enforce_min_patients_per_treatment to True[0m
[34m2025-01-01 16:05:43,597 - DEBUG -  ---- log_to_console to True[0m
[34m2025-01-01 16:05:43,597 - DEBUG -  ---- log_to_file to True (default)[0m
[34m2025-01-01 16:05:43,597 - DEBUG -  ---- no_rel_heur_time to 1 (default)[0m
[34m2025-01-01 16:05:43,698 - DEBUG - Setting options: CPSubsolver[0m
[34m2025-01-01 16:05:43,698 - DEBUG -  ---- estimated_needed_treatments to True (default)[0m
[34m2025-01-01 16:05:43,698 - DEBUG -  ---- add_patient_symmetry to False (default)[0m
[34m2025-01-01 16:05:43,698 - DEBUG - Setting Subsolver options: SubSolver[0m
[34m2025-01-01 16:05:43,698 - DEBUG -  ---- store_results to True[0m
[34m2025-01-01 16:05:43,698 - DEBUG -  ---- store_results_method to hash[0m
[34m2025-01-01 16:05:43,698 - DEBUG -  ---- enforce_min_patients_per_treatment to True[0m
[34m2025-01-01 16:05:43,698 - DEBUG -  ---- use_day_symmetry to True (default)[0m
[32m2025-01-01 16:05:43,786 - INFO - Create model: LBBDSolver[0m
Set parameter TSPort to value 50039
Set parameter TokenServer to value "license.itc.rwth-aachen.de"
Set parameter Threads to value 4
Set parameter Cuts to value 0
Set parameter LazyConstraints to value 1
Set parameter NoRelHeurTime to value 1
[34m2025-01-01 16:05:44,398 - DEBUG - Variables created.[0m
[34m2025-01-01 16:05:46,407 - DEBUG - Constraint (not too many treatments) created.[0m
[34m2025-01-01 16:05:47,837 - DEBUG - Constraint (no_treatments_outside admittance) created.[0m
[34m2025-01-01 16:05:47,838 - DEBUG - Constraint (bed_usage) created.[0m
[34m2025-01-01 16:05:47,839 - DEBUG - Constraint (must be admitted) created.[0m
[34m2025-01-01 16:05:48,057 - DEBUG - Constraint (e_w_ub) created.[0m
[34m2025-01-01 16:05:48,128 - DEBUG - Constraint (day_ub) created.[0m
[34m2025-01-01 16:05:48,197 - DEBUG - Constraint (Day always) created.[0m
[34m2025-01-01 16:05:48,197 - DEBUG - Constraint (already_admitted) created.[0m
[32m2025-01-01 16:05:51,422 - INFO - Time to create model: 7.636[0m
[32m2025-01-01 16:05:51,423 - INFO - Solving model: LBBDSolver[0m
Gurobi Optimizer version 10.0.0 build v10.0.0rc2 (linux64)

CPU model: Intel(R) Xeon(R) Platinum 8468, instruction set [SSE2|AVX|AVX2|AVX512]
Thread count: 96 physical cores, 96 logical processors, using up to 4 threads

Optimize a model with 286687 rows, 120381 columns and 2306264 nonzeros
Model fingerprint: 0x9e1f5721
Variable types: 3 continuous, 120378 integer (120378 binary)
Coefficient statistics:
  Matrix range     [1e+00, 5e+01]
  Objective range  [1e+00, 1e+01]
  Bounds range     [1e+00, 1e+00]
  RHS range        [1e+00, 3e+03]
Presolve added 0 rows and 2240 columns
Presolve removed 182801 rows and 0 columns
Presolve time: 3.74s
Presolved: 103886 rows, 122621 columns, 1511618 nonzeros
Variable types: 1 continuous, 122620 integer (121676 binary)
Starting NoRel heuristic
Found phase-1 solution: relaxation 54
Found phase-1 solution: relaxation 50
Found phase-1 solution: relaxation 48
Found phase-1 solution: relaxation 45
Root relaxation presolved: 103430 rows, 122473 columns, 1430762 nonzeros

Deterministic concurrent LP optimizer: primal simplex, dual simplex, and barrier
Showing barrier log only...

Root barrier log...

Ordering time: 0.37s

Barrier statistics:
 Dense cols : 64
 AA' NZ     : 1.435e+05
 Factor NZ  : 5.040e+05 (roughly 10 MB of memory)
 Factor Ops : 8.899e+07 (less than 1 second per iteration)
 Threads    : 2

                  Objective                Residual
Iter       Primal          Dual         Primal    Dual     Compl     Time
   0  -4.15943764e+06 -7.73015810e+04  8.86e+04 1.48e+00  9.92e+02     9s
   1  -1.94609379e+06 -1.55630393e+05  4.15e+04 1.08e+01  4.65e+02     9s
   2  -8.23251584e+05 -1.88057934e+05  1.76e+04 1.71e-13  2.02e+02     9s
   3  -3.49392415e+05 -1.52042148e+05  7.50e+03 3.39e-03  8.61e+01     9s
   4  -1.28467422e+05 -1.18930269e+05  2.74e+03 1.63e-02  3.27e+01    10s
   5  -2.95923713e+04 -6.88668149e+04  6.43e+02 4.95e-03  8.86e+00    10s
   6  -6.28157373e+03 -3.32707500e+04  1.49e+02 1.53e-03  2.59e+00    10s
   7  -1.11956548e+03 -1.58072795e+04  3.93e+01 5.50e-04  9.49e-01    10s
   8   4.78233044e+02 -3.06303153e+03  5.27e+00 8.15e-05  1.81e-01    10s
   9   6.67533911e+02  6.60363065e+01  8.36e-01 2.02e-05  2.90e-02    10s
  10   6.88731481e+02  4.97595896e+02  9.65e-02 4.46e-05  8.74e-03    10s
  11   6.85525063e+02  6.21862527e+02  1.43e-02 4.00e-05  2.87e-03    10s
  12   6.84844057e+02  6.45931961e+02  7.81e-03 2.40e-05  1.75e-03    10s
  13   6.84507186e+02  6.72032729e+02  4.52e-03 1.02e-05  5.66e-04    10s
  14   6.84327341e+02  6.80526259e+02  2.55e-03 9.34e-06  1.75e-04    10s
  15   6.84088427e+02  6.83011892e+02  4.46e-04 4.06e-06  4.90e-05    10s
  16   6.84027679e+02  6.83611293e+02  1.36e-04 2.19e-06  1.89e-05    10s
  17   6.84009850e+02  6.83838592e+02  4.33e-05 1.10e-06  7.73e-06    10s
  18   6.84000792e+02  6.83998463e+02  3.04e-06 7.46e-08  1.11e-07    10s
  19   6.84000001e+02  6.83999998e+02  2.98e-11 5.48e-09  1.11e-10    10s

Barrier solved model in 19 iterations and 10.48 seconds (11.78 work units)
Optimal objective 6.84000001e+02


Root crossover log...

     600 DPushes remaining with DInf 0.0000000e+00                10s
       0 DPushes remaining with DInf 0.0000000e+00                10s

    5427 PPushes remaining with PInf 2.1039405e-06                11s
       0 PPushes remaining with PInf 0.0000000e+00                11s

  Push phase complete: Pinf 0.0000000e+00, Dinf 0.0000000e+00     11s


Root simplex log...

Iteration    Objective       Primal Inf.    Dual Inf.      Time
    5683    6.8400000e+02   0.000000e+00   0.000000e+00     11s
Concurrent spin time: 0.56s (can be avoided by choosing Method=3)

Solved with barrier
    5683    6.8400000e+02   0.000000e+00   0.000000e+00     11s

Use crossover to convert LP symmetric solution to basic solution...

Root crossover log...

     830 DPushes remaining with DInf 0.0000000e+00                11s
       0 DPushes remaining with DInf 0.0000000e+00                12s

   18523 PPushes remaining with PInf 0.0000000e+00                12s
       0 PPushes remaining with PInf 0.0000000e+00                12s

  Push phase complete: Pinf 0.0000000e+00, Dinf 7.5546350e-11     12s


Root simplex log...

Iteration    Objective       Primal Inf.    Dual Inf.      Time
   24226    6.8400000e+02   0.000000e+00   0.000000e+00     12s
   24226    6.8400000e+02   0.000000e+00   0.000000e+00     12s

Root relaxation: objective 6.840000e+02, 24226 iterations, 5.08 seconds (1.58 work units)

    Nodes    |    Current Node    |     Objective Bounds      |     Work
 Expl Unexpl |  Obj  Depth IntInf | Incumbent    BestBd   Gap | It/Node Time

     0     0  684.00000    0 3317          -  684.00000      -     -   26s
     0     0  684.00000    0 3317          -  684.00000      -     -   43s
     0     2  684.00000    0 3317          -  684.00000      -     -   96s
     1     4  684.00000    1 3086          -  684.00000      - 23794  110s
     3     8  684.00000    2 1615          -  684.00000      - 11834  138s
     7    12  684.00000    3 1186          -  684.00000      -  7039  143s
    11    16  684.00000    4 1018          -  684.00000      -  4813  146s
    31    72  684.00000    9  882          -  684.00000      -  1755  150s
    71   252  684.00000   21  767          -  684.00000      -   793  160s
   251   518  684.00000   57  278          -  684.00000      -   265  174s
   517   685  684.00000   98  164          -  684.00000      -   192  189s
[32m2025-01-01 16:10:26,400 - INFO - d_prime: 9 d: 11[0m
[32m2025-01-01 16:10:26,404 - INFO - d_prime: 10 d: 11[0m
[32m2025-01-01 16:10:26,407 - INFO - d_prime: 11 d: 11[0m
[32m2025-01-01 16:10:26,410 - INFO - d_prime: 12 d: 11[0m
[32m2025-01-01 16:10:26,413 - INFO - forbidden_vars: ([{0:1},{2:1},{2:1},{3:1},{4:1},{0:1,1:1},{0:1,1:1},{2:1,5:1},{2:1,5:1},{2:1,3:1},{3:1,4:1},{4:2},{0:2,5:1},{0:1,1:1,3:1},{0:1,1:1,2:1},{2:1,4:2},{3:2,5:1},{0:2,2:1,5:1},{1:2,2:1,5:1},{1:1,4:2,5:1},{1:1,2:1,4:1,5:1},{3:4}])[0m
[32m2025-01-01 16:10:26,413 - INFO - False[0m
   695   948  684.00000  100  191          -  684.00000      -   214  345s
*  814   474             229     684.0000000  684.00000  0.00%   211  429s

Cutting planes:
  Lazy constraints: 4

Explored 965 nodes (256448 simplex iterations) in 429.54 seconds (248.92 work units)
Thread count was 4 (of 96 available processors)

Solution count 1: 684 

Optimal solution found (tolerance 1.00e-04)
Best objective 6.840000000000e+02, best bound 6.840000000000e+02, gap 0.0000%

User-callback calls 21579, time in user-callback 223.06 sec
[34m2025-01-01 16:13:01,132 - DEBUG - Finished optimization[0m
[34m2025-01-01 16:13:01,133 - DEBUG - Subsolver stats:[0m
[32m2025-01-01 16:13:01,133 - INFO - Number of cuts added: 1 (bad=0, good=1)[0m
[32m2025-01-01 16:13:01,133 - INFO - Unnecessary comps: (0 / 1)[0m
[32m2025-01-01 16:13:01,133 - INFO - Calls to is_day_infeasible: cp_solver=28/ total=28 stored=0[0m
[32m2025-01-01 16:13:01,133 - INFO - Is feasible: 222.75383019447327 0.9994353157986563[0m
[32m2025-01-01 16:13:01,133 - INFO - Subsolver: Solve Model: 221.69837427139282/0.995314212403197[0m
[32m2025-01-01 16:13:01,133 - INFO - Subsolver: Create Model: 1.043722152709961/0.00468578759680301[0m
[32m2025-01-01 16:13:01,133 - INFO - Num_constraints-added: 4[0m
[32m2025-01-01 16:13:01,133 - INFO - Optimal solution found.[0m
[34m2025-01-01 16:13:01,133 - DEBUG - Sub Objectives:[0m
[34m2025-01-01 16:13:01,133 - DEBUG - (SOLVER):Minimize Delay: 0.0[0m
[34m2025-01-01 16:13:01,133 - DEBUG - (SOLVER):Minimize Missing Treatments: 684.0[0m
[32m2025-01-01 16:13:01,133 - INFO - All cuts [defaultdict(<class 'dict'>, {P(patient0): {T(music_therapy): 2, T(massage): 1}, P(patient5): {T(music_therapy): 1, T(bath): 1}, P(patient6): {T(music_therapy): 1, T(bath): 1}, P(patient7): {T(music_therapy): 1}, P(patient9): {T(music_therapy): 1, T(bath): 1, T(knitting): 1}, P(patient17): {T(music_therapy): 2, T(group_therapy): 1, T(massage): 1}, P(patient29): {T(music_therapy): 1, T(bath): 1, T(group_therapy): 1}, P(patient3): {T(bath): 2, T(group_therapy): 1, T(massage): 1}, P(patient4): {T(bath): 1, T(trust_exercise): 2, T(massage): 1}, P(patient18): {T(bath): 1, T(group_therapy): 1, T(trust_exercise): 1, T(massage): 1}, P(patient10): {T(group_therapy): 1, T(massage): 1}, P(patient12): {T(group_therapy): 1, T(massage): 1}, P(patient13): {T(group_therapy): 1}, P(patient15): {T(group_therapy): 1, T(trust_exercise): 2}, P(patient16): {T(group_therapy): 1, T(knitting): 1}, P(patient28): {T(group_therapy): 1}, P(patient1): {T(knitting): 4}, P(patient2): {T(knitting): 1, T(trust_exercise): 1}, P(patient14): {T(knitting): 2, T(massage): 1}, P(patient19): {T(knitting): 1}, P(patient8): {T(trust_exercise): 1}, P(patient11): {T(trust_exercise): 2}})][0m
[32m2025-01-01 16:13:01,133 - INFO - All cuts ['([{0:1},{2:1},{2:1},{3:1},{4:1},{0:1,1:1},{0:1,1:1},{2:1,5:1},{2:1,5:1},{2:1,3:1},{3:1,4:1},{4:2},{0:2,5:1},{0:1,1:1,3:1},{0:1,1:1,2:1},{2:1,4:2},{3:2,5:1},{0:2,2:1,5:1},{1:2,2:1,5:1},{1:1,4:2,5:1},{1:1,2:1,4:1,5:1},{3:4}])'][0m
[34m2025-01-01 16:14:32,699 - DEBUG - Patient 0 is admitted at day 0.[0m
[34m2025-01-01 16:14:32,699 - DEBUG - Patient 1 is admitted at day 1.[0m
[34m2025-01-01 16:14:32,699 - DEBUG - Patient 2 is admitted at day 2.[0m
[34m2025-01-01 16:14:32,699 - DEBUG - Patient 3 is admitted at day 2.[0m
[34m2025-01-01 16:14:32,699 - DEBUG - Patient 4 is admitted at day 3.[0m
[34m2025-01-01 16:14:32,699 - DEBUG - Patient 5 is admitted at day 4.[0m
[34m2025-01-01 16:14:32,699 - DEBUG - Patient 6 is admitted at day 5.[0m
[34m2025-01-01 16:14:32,699 - DEBUG - Patient 7 is admitted at day 2.[0m
[34m2025-01-01 16:14:32,699 - DEBUG - Patient 8 is admitted at day 7.[0m
[34m2025-01-01 16:14:32,699 - DEBUG - Patient 9 is admitted at day 9.[0m
[34m2025-01-01 16:14:32,699 - DEBUG - Patient 10 is admitted at day 8.[0m
[34m2025-01-01 16:14:32,699 - DEBUG - Patient 11 is admitted at day 7.[0m
[34m2025-01-01 16:14:32,699 - DEBUG - Patient 12 is admitted at day 7.[0m
[34m2025-01-01 16:14:32,700 - DEBUG - Patient 13 is admitted at day 8.[0m
[34m2025-01-01 16:14:32,700 - DEBUG - Patient 14 is admitted at day 7.[0m
[34m2025-01-01 16:14:32,700 - DEBUG - Patient 15 is admitted at day 7.[0m
[34m2025-01-01 16:14:32,700 - DEBUG - Patient 16 is admitted at day 7.[0m
[34m2025-01-01 16:14:32,700 - DEBUG - Patient 17 is admitted at day 7.[0m
[34m2025-01-01 16:14:32,700 - DEBUG - Patient 18 is admitted at day 7.[0m
[34m2025-01-01 16:14:32,700 - DEBUG - Patient 19 is admitted at day 7.[0m
[34m2025-01-01 16:14:32,700 - DEBUG - Patient 20 is admitted at day 0.[0m
[34m2025-01-01 16:14:32,700 - DEBUG - Patient 21 is admitted at day 1.[0m
[34m2025-01-01 16:14:32,700 - DEBUG - Patient 22 is admitted at day 2.[0m
[34m2025-01-01 16:14:32,700 - DEBUG - Patient 23 is admitted at day 2.[0m
[34m2025-01-01 16:14:32,700 - DEBUG - Patient 24 is admitted at day 3.[0m
[34m2025-01-01 16:14:32,700 - DEBUG - Patient 25 is admitted at day 4.[0m
[34m2025-01-01 16:14:32,700 - DEBUG - Patient 26 is admitted at day 5.[0m
[34m2025-01-01 16:14:32,700 - DEBUG - Patient 27 is admitted at day 2.[0m
[34m2025-01-01 16:14:32,700 - DEBUG - Patient 28 is admitted at day 7.[0m
[34m2025-01-01 16:14:32,700 - DEBUG - Patient 29 is admitted at day 9.[0m
[34m2025-01-01 16:14:32,700 - DEBUG - Patients [0, 20] have treatment 0 starting at day 0, hour 8.0 using resources [1, 2, 7].[0m
[34m2025-01-01 16:14:32,700 - DEBUG - Patients [20] have treatment 1 starting at day 0, hour 8.750000000000005 using resources [3].[0m
[34m2025-01-01 16:14:32,700 - DEBUG - Patients [20, 21] have treatment 0 starting at day 1, hour 8.0 using resources [1, 2, 7].[0m
[34m2025-01-01 16:14:32,700 - DEBUG - Patients [20, 21] have treatment 0 starting at day 1, hour 8.750000000000005 using resources [0, 1, 4].[0m
[34m2025-01-01 16:14:32,700 - DEBUG - Patients [20] have treatment 1 starting at day 1, hour 13.500000000000039 using resources [3].[0m
[34m2025-01-01 16:14:32,700 - DEBUG - Patients [0] have treatment 1 starting at day 1, hour 14.500000000000046 using resources [3].[0m
[34m2025-01-01 16:14:32,700 - DEBUG - Patients [0, 1] have treatment 3 starting at day 1, hour 8.0 using resources [8, 3].[0m
[34m2025-01-01 16:14:32,700 - DEBUG - Patients [0, 1] have treatment 3 starting at day 1, hour 10.000000000000014 using resources [0, 3].[0m
[34m2025-01-01 16:14:32,700 - DEBUG - Patients [1] have treatment 5 starting at day 1, hour 13.000000000000036 using resources [6, 9, 3].[0m
[34m2025-01-01 16:14:32,700 - DEBUG - Patients [1] have treatment 5 starting at day 1, hour 14.000000000000043 using resources [6, 9, 3].[0m
[34m2025-01-01 16:14:32,700 - DEBUG - Patients [1] have treatment 5 starting at day 1, hour 15.00000000000005 using resources [6, 9, 3].[0m
[34m2025-01-01 16:14:32,701 - DEBUG - Patients [1, 20] have treatment 0 starting at day 2, hour 10.916666666666687 using resources [1, 2, 5].[0m
[34m2025-01-01 16:14:32,701 - DEBUG - Patients [1, 20] have treatment 0 starting at day 2, hour 13.000000000000036 using resources [0, 1, 5].[0m
[34m2025-01-01 16:14:32,701 - DEBUG - Patients [27] have treatment 1 starting at day 2, hour 8.0 using resources [5].[0m
[34m2025-01-01 16:14:32,701 - DEBUG - Patients [23] have treatment 1 starting at day 2, hour 8.500000000000004 using resources [5].[0m
[34m2025-01-01 16:14:32,701 - DEBUG - Patients [21] have treatment 1 starting at day 2, hour 9.166666666666675 using resources [5].[0m
[34m2025-01-01 16:14:32,701 - DEBUG - Patients [7] have treatment 1 starting at day 2, hour 9.166666666666675 using resources [7].[0m
[34m2025-01-01 16:14:32,701 - DEBUG - Patients [7] have treatment 1 starting at day 2, hour 14.000000000000043 using resources [3].[0m
[34m2025-01-01 16:14:32,701 - DEBUG - Patients [2] have treatment 1 starting at day 2, hour 14.500000000000046 using resources [3].[0m
[34m2025-01-01 16:14:32,701 - DEBUG - Patients [0, 1, 2, 3, 7, 20, 21, 22, 23, 27] have treatment 2 starting at day 2, hour 9.666666666666679 using resources [8, 3].[0m
[34m2025-01-01 16:14:32,701 - DEBUG - Patients [1, 3] have treatment 4 starting at day 2, hour 9.083333333333341 using resources [0, 3].[0m
[34m2025-01-01 16:14:32,701 - DEBUG - Patients [0] have treatment 4 starting at day 2, hour 11.416666666666691 using resources [0, 3].[0m
[34m2025-01-01 16:14:32,701 - DEBUG - Patients [1, 3] have treatment 5 starting at day 2, hour 10.416666666666684 using resources [6, 9, 3].[0m
[34m2025-01-01 16:14:32,701 - DEBUG - Patients [0, 3] have treatment 5 starting at day 2, hour 10.916666666666687 using resources [6, 9, 3].[0m
[34m2025-01-01 16:14:32,701 - DEBUG - Patients [2, 3] have treatment 7 starting at day 2, hour 8.0 using resources [7, 3, 9].[0m
[34m2025-01-01 16:14:32,701 - DEBUG - Patients [2] have treatment 7 starting at day 2, hour 13.000000000000036 using resources [7, 3, 9].[0m
[34m2025-01-01 16:14:32,701 - DEBUG - Patients [7, 24, 27] have treatment 0 starting at day 3, hour 9.000000000000007 using resources [1, 2, 5].[0m
[34m2025-01-01 16:14:32,701 - DEBUG - Patients [4, 24, 27] have treatment 0 starting at day 3, hour 9.750000000000012 using resources [0, 1, 4].[0m
[34m2025-01-01 16:14:32,701 - DEBUG - Patients [20] have treatment 1 starting at day 3, hour 8.916666666666673 using resources [4].[0m
[34m2025-01-01 16:14:32,701 - DEBUG - Patients [22] have treatment 1 starting at day 3, hour 9.750000000000012 using resources [5].[0m
[34m2025-01-01 16:14:32,701 - DEBUG - Patients [21] have treatment 1 starting at day 3, hour 10.250000000000016 using resources [5].[0m
[34m2025-01-01 16:14:32,701 - DEBUG - Patients [23] have treatment 1 starting at day 3, hour 10.500000000000018 using resources [3].[0m
[34m2025-01-01 16:14:32,701 - DEBUG - Patients [20] have treatment 1 starting at day 3, hour 14.250000000000044 using resources [3].[0m
[34m2025-01-01 16:14:32,701 - DEBUG - Patients [2] have treatment 1 starting at day 3, hour 14.750000000000048 using resources [3].[0m
[34m2025-01-01 16:14:32,701 - DEBUG - Patients [0, 2, 3, 4, 20, 21, 22, 23, 24, 27] have treatment 2 starting at day 3, hour 11.16666666666669 using resources [8, 4].[0m
[34m2025-01-01 16:14:32,701 - DEBUG - Patients [0, 1, 2, 3, 4, 20, 21, 22, 23, 24] have treatment 2 starting at day 3, hour 13.000000000000036 using resources [0, 3].[0m
[34m2025-01-01 16:14:32,701 - DEBUG - Patients [2, 7] have treatment 5 starting at day 3, hour 10.000000000000014 using resources [6, 9, 3].[0m
[34m2025-01-01 16:14:32,701 - DEBUG - Patients [0, 1] have treatment 5 starting at day 3, hour 13.75000000000004 using resources [6, 9, 3].[0m
[34m2025-01-01 16:14:32,702 - DEBUG - Patients [3, 4] have treatment 7 starting at day 3, hour 8.0 using resources [7, 5, 9].[0m
[34m2025-01-01 16:14:32,702 - DEBUG - Patients [1, 3] have treatment 7 starting at day 3, hour 9.000000000000007 using resources [7, 3, 9].[0m
[34m2025-01-01 16:14:32,702 - DEBUG - Patients [4, 20, 23, 24] have treatment 0 starting at day 4, hour 8.0 using resources [3, 8, 5].[0m
[34m2025-01-01 16:14:32,702 - DEBUG - Patients [0, 23] have treatment 0 starting at day 4, hour 9.750000000000012 using resources [1, 2, 4].[0m
[34m2025-01-01 16:14:32,702 - DEBUG - Patients [27] have treatment 1 starting at day 4, hour 8.750000000000005 using resources [5].[0m
[34m2025-01-01 16:14:32,702 - DEBUG - Patients [27] have treatment 1 starting at day 4, hour 9.250000000000009 using resources [3].[0m
[34m2025-01-01 16:14:32,702 - DEBUG - Patients [22] have treatment 1 starting at day 4, hour 9.750000000000012 using resources [3].[0m
[34m2025-01-01 16:14:32,702 - DEBUG - Patients [21] have treatment 1 starting at day 4, hour 9.833333333333346 using resources [7].[0m
[34m2025-01-01 16:14:32,702 - DEBUG - Patients [20] have treatment 1 starting at day 4, hour 10.33333333333335 using resources [3].[0m
[34m2025-01-01 16:14:32,702 - DEBUG - Patients [24] have treatment 1 starting at day 4, hour 10.33333333333335 using resources [7].[0m
[34m2025-01-01 16:14:32,702 - DEBUG - Patients [22] have treatment 1 starting at day 4, hour 10.75000000000002 using resources [4].[0m
[34m2025-01-01 16:14:32,702 - DEBUG - Patients [21] have treatment 1 starting at day 4, hour 13.08333333333337 using resources [7].[0m
[34m2025-01-01 16:14:32,702 - DEBUG - Patients [20] have treatment 1 starting at day 4, hour 13.583333333333373 using resources [5].[0m
[34m2025-01-01 16:14:32,702 - DEBUG - Patients [0, 1, 2, 3, 5, 20, 21, 22, 24, 25] have treatment 2 starting at day 4, hour 9.000000000000007 using resources [8, 7].[0m
[34m2025-01-01 16:14:32,702 - DEBUG - Patients [2, 3, 4, 5] have treatment 3 starting at day 4, hour 9.750000000000012 using resources [8, 5].[0m
[34m2025-01-01 16:14:32,702 - DEBUG - Patients [1, 3, 4, 7] have treatment 3 starting at day 4, hour 13.000000000000036 using resources [0, 3].[0m
[34m2025-01-01 16:14:32,702 - DEBUG - Patients [7] have treatment 5 starting at day 4, hour 9.250000000000009 using resources [6, 9, 5].[0m
[34m2025-01-01 16:14:32,702 - DEBUG - Patients [2] have treatment 7 starting at day 4, hour 8.0 using resources [7, 4, 9].[0m
[34m2025-01-01 16:14:32,702 - DEBUG - Patients [1] have treatment 7 starting at day 4, hour 10.833333333333353 using resources [7, 3, 6].[0m
[34m2025-01-01 16:14:32,703 - DEBUG - Patients [4] have treatment 7 starting at day 4, hour 15.00000000000005 using resources [7, 5, 6].[0m
[34m2025-01-01 16:14:32,703 - DEBUG - Patients [20, 23, 24, 27] have treatment 0 starting at day 5, hour 13.000000000000036 using resources [1, 2, 3].[0m
[34m2025-01-01 16:14:32,703 - DEBUG - Patients [26] have treatment 1 starting at day 5, hour 10.000000000000014 using resources [3].[0m
[34m2025-01-01 16:14:32,703 - DEBUG - Patients [25] have treatment 1 starting at day 5, hour 10.500000000000018 using resources [3].[0m
[34m2025-01-01 16:14:32,703 - DEBUG - Patients [24] have treatment 1 starting at day 5, hour 11.000000000000021 using resources [3].[0m
[34m2025-01-01 16:14:32,703 - DEBUG - Patients [4] have treatment 1 starting at day 5, hour 11.500000000000025 using resources [3].[0m
[34m2025-01-01 16:14:32,703 - DEBUG - Patients [1, 2, 3, 4, 5, 6, 20, 21, 22, 26] have treatment 2 starting at day 5, hour 13.75000000000004 using resources [2, 3].[0m
[34m2025-01-01 16:14:32,703 - DEBUG - Patients [0, 3] have treatment 3 starting at day 5, hour 8.0 using resources [1, 3].[0m
[34m2025-01-01 16:14:32,703 - DEBUG - Patients [4] have treatment 4 starting at day 5, hour 15.00000000000005 using resources [0, 3].[0m
[34m2025-01-01 16:14:32,703 - DEBUG - Patients [3, 5] have treatment 5 starting at day 5, hour 14.500000000000046 using resources [6, 9, 3].[0m
[34m2025-01-01 16:14:32,703 - DEBUG - Patients [1] have treatment 5 starting at day 5, hour 15.500000000000053 using resources [6, 9, 3].[0m
[34m2025-01-01 16:14:32,703 - DEBUG - Patients [1, 2, 3, 4, 6, 7] have treatment 6 starting at day 5, hour 10.000000000000014 using resources [0, 7].[0m
[34m2025-01-01 16:14:32,703 - DEBUG - Patients [0, 21, 23, 26, 27] have treatment 0 starting at day 6, hour 9.000000000000007 using resources [1, 2, 7].[0m
[34m2025-01-01 16:14:32,703 - DEBUG - Patients [24] have treatment 1 starting at day 6, hour 8.0 using resources [4].[0m
[34m2025-01-01 16:14:32,703 - DEBUG - Patients [26] have treatment 1 starting at day 6, hour 8.0 using resources [5].[0m
[34m2025-01-01 16:14:32,703 - DEBUG - Patients [25] have treatment 1 starting at day 6, hour 8.500000000000004 using resources [5].[0m
[34m2025-01-01 16:14:32,703 - DEBUG - Patients [24] have treatment 1 starting at day 6, hour 9.000000000000007 using resources [5].[0m
[34m2025-01-01 16:14:32,703 - DEBUG - Patients [24] have treatment 1 starting at day 6, hour 9.50000000000001 using resources [5].[0m
[34m2025-01-01 16:14:32,703 - DEBUG - Patients [23] have treatment 1 starting at day 6, hour 10.000000000000014 using resources [5].[0m
[34m2025-01-01 16:14:32,703 - DEBUG - Patients [23] have treatment 1 starting at day 6, hour 10.500000000000018 using resources [5].[0m
[34m2025-01-01 16:14:32,703 - DEBUG - Patients [22] have treatment 1 starting at day 6, hour 11.000000000000021 using resources [5].[0m
[34m2025-01-01 16:14:32,703 - DEBUG - Patients [21] have treatment 1 starting at day 6, hour 11.500000000000025 using resources [5].[0m
[34m2025-01-01 16:14:32,703 - DEBUG - Patients [21] have treatment 1 starting at day 6, hour 13.000000000000036 using resources [5].[0m
[34m2025-01-01 16:14:32,704 - DEBUG - Patients [6] have treatment 1 starting at day 6, hour 13.500000000000039 using resources [5].[0m
[34m2025-01-01 16:14:32,704 - DEBUG - Patients [3] have treatment 1 starting at day 6, hour 13.500000000000039 using resources [7].[0m
[34m2025-01-01 16:14:32,704 - DEBUG - Patients [1] have treatment 1 starting at day 6, hour 14.000000000000043 using resources [5].[0m
[34m2025-01-01 16:14:32,704 - DEBUG - Patients [1] have treatment 1 starting at day 6, hour 14.500000000000046 using resources [5].[0m
[34m2025-01-01 16:14:32,704 - DEBUG - Patients [1] have treatment 1 starting at day 6, hour 15.00000000000005 using resources [3].[0m
[34m2025-01-01 16:14:32,704 - DEBUG - Patients [0] have treatment 1 starting at day 6, hour 15.500000000000053 using resources [3].[0m
[34m2025-01-01 16:14:32,704 - DEBUG - Patients [2, 5] have treatment 3 starting at day 6, hour 13.000000000000036 using resources [2, 3].[0m
[34m2025-01-01 16:14:32,704 - DEBUG - Patients [6, 7] have treatment 4 starting at day 6, hour 9.000000000000007 using resources [0, 3].[0m
[34m2025-01-01 16:14:32,704 - DEBUG - Patients [2, 4] have treatment 4 starting at day 6, hour 10.000000000000014 using resources [0, 3].[0m
[34m2025-01-01 16:14:32,704 - DEBUG - Patients [1] have treatment 4 starting at day 6, hour 10.500000000000018 using resources [0, 3].[0m
[34m2025-01-01 16:14:32,704 - DEBUG - Patients [4] have treatment 5 starting at day 6, hour 9.50000000000001 using resources [6, 9, 3].[0m
[34m2025-01-01 16:14:32,704 - DEBUG - Patients [3, 4] have treatment 7 starting at day 6, hour 8.0 using resources [7, 3, 9].[0m
[34m2025-01-01 16:14:32,704 - DEBUG - Patients [1, 3] have treatment 7 starting at day 6, hour 11.000000000000021 using resources [7, 3, 9].[0m
[34m2025-01-01 16:14:32,704 - DEBUG - Patients [3, 14, 18, 23, 24] have treatment 0 starting at day 7, hour 8.500000000000004 using resources [2, 8, 4].[0m
[34m2025-01-01 16:14:32,704 - DEBUG - Patients [7, 11, 16, 23, 24] have treatment 0 starting at day 7, hour 9.250000000000009 using resources [1, 8, 7].[0m
[34m2025-01-01 16:14:32,704 - DEBUG - Patients [11, 24, 26] have treatment 0 starting at day 7, hour 10.000000000000014 using resources [1, 2, 7].[0m
[34m2025-01-01 16:14:32,704 - DEBUG - Patients [3, 14, 21] have treatment 0 starting at day 7, hour 14.000000000000043 using resources [1, 2, 7].[0m
[34m2025-01-01 16:14:32,704 - DEBUG - Patients [1, 5] have treatment 0 starting at day 7, hour 15.00000000000005 using resources [1, 8, 7].[0m
[34m2025-01-01 16:14:32,704 - DEBUG - Patients [3, 4] have treatment 0 starting at day 7, hour 15.00000000000005 using resources [2, 6, 5].[0m
[34m2025-01-01 16:14:32,704 - DEBUG - Patients [4] have treatment 1 starting at day 7, hour 8.0 using resources [5].[0m
[34m2025-01-01 16:14:32,704 - DEBUG - Patients [19] have treatment 1 starting at day 7, hour 8.500000000000004 using resources [5].[0m
[34m2025-01-01 16:14:32,704 - DEBUG - Patients [27] have treatment 1 starting at day 7, hour 9.000000000000007 using resources [5].[0m
[34m2025-01-01 16:14:32,704 - DEBUG - Patients [5] have treatment 1 starting at day 7, hour 9.50000000000001 using resources [5].[0m
[34m2025-01-01 16:14:32,704 - DEBUG - Patients [1] have treatment 1 starting at day 7, hour 10.000000000000014 using resources [5].[0m
[34m2025-01-01 16:14:32,704 - DEBUG - Patients [16] have treatment 1 starting at day 7, hour 10.500000000000018 using resources [5].[0m
[34m2025-01-01 16:14:32,704 - DEBUG - Patients [23] have treatment 1 starting at day 7, hour 11.000000000000021 using resources [5].[0m
[34m2025-01-01 16:14:32,704 - DEBUG - Patients [22] have treatment 1 starting at day 7, hour 13.000000000000036 using resources [5].[0m
[34m2025-01-01 16:14:32,705 - DEBUG - Patients [3] have treatment 1 starting at day 7, hour 13.500000000000039 using resources [5].[0m
[34m2025-01-01 16:14:32,705 - DEBUG - Patients [2, 3, 8, 12, 14, 16, 17, 19, 22, 28] have treatment 2 starting at day 7, hour 11.000000000000021 using resources [0, 4].[0m
[34m2025-01-01 16:14:32,705 - DEBUG - Patients [1, 6, 17, 18] have treatment 3 starting at day 7, hour 13.000000000000036 using resources [0, 4].[0m
[34m2025-01-01 16:14:32,705 - DEBUG - Patients [17, 19] have treatment 4 starting at day 7, hour 8.0 using resources [2, 3].[0m
[34m2025-01-01 16:14:32,705 - DEBUG - Patients [1, 19] have treatment 4 starting at day 7, hour 9.333333333333343 using resources [0, 3].[0m
[34m2025-01-01 16:14:32,705 - DEBUG - Patients [12, 15] have treatment 4 starting at day 7, hour 9.833333333333346 using resources [0, 3].[0m
[34m2025-01-01 16:14:32,705 - DEBUG - Patients [12, 15] have treatment 4 starting at day 7, hour 10.33333333333335 using resources [0, 3].[0m
[34m2025-01-01 16:14:32,705 - DEBUG - Patients [2] have treatment 4 starting at day 7, hour 15.00000000000005 using resources [0, 3].[0m
[34m2025-01-01 16:14:32,705 - DEBUG - Patients [2, 16] have treatment 4 starting at day 7, hour 15.500000000000053 using resources [0, 3].[0m
[34m2025-01-01 16:14:32,705 - DEBUG - Patients [11, 18] have treatment 5 starting at day 7, hour 8.0 using resources [6, 9, 4].[0m
[34m2025-01-01 16:14:32,705 - DEBUG - Patients [8] have treatment 5 starting at day 7, hour 8.83333333333334 using resources [6, 9, 3].[0m
[34m2025-01-01 16:14:32,705 - DEBUG - Patients [18] have treatment 5 starting at day 7, hour 9.333333333333343 using resources [6, 9, 4].[0m
[34m2025-01-01 16:14:32,705 - DEBUG - Patients [0, 2, 6, 12, 15] have treatment 6 starting at day 7, hour 8.0 using resources [0, 7].[0m
[34m2025-01-01 16:14:32,705 - DEBUG - Patients [1, 11] have treatment 7 starting at day 7, hour 10.833333333333353 using resources [7, 3, 9].[0m
[34m2025-01-01 16:14:32,705 - DEBUG - Patients [8] have treatment 7 starting at day 7, hour 13.000000000000036 using resources [7, 3, 9].[0m
[34m2025-01-01 16:14:32,705 - DEBUG - Patients [23, 26, 27, 28] have treatment 0 starting at day 8, hour 8.0 using resources [2, 8, 7].[0m
[34m2025-01-01 16:14:32,705 - DEBUG - Patients [13, 16, 18, 19, 21] have treatment 0 starting at day 8, hour 8.750000000000005 using resources [8, 6, 7].[0m
[34m2025-01-01 16:14:32,705 - DEBUG - Patients [13, 16, 18, 19, 21] have treatment 0 starting at day 8, hour 11.250000000000023 using resources [2, 6, 4].[0m
[34m2025-01-01 16:14:32,705 - DEBUG - Patients [5, 7, 11, 13] have treatment 0 starting at day 8, hour 13.000000000000036 using resources [1, 2, 7].[0m
[34m2025-01-01 16:14:32,705 - DEBUG - Patients [3, 25] have treatment 0 starting at day 8, hour 13.75000000000004 using resources [1, 2, 7].[0m
[34m2025-01-01 16:14:32,705 - DEBUG - Patients [0, 1, 3, 18] have treatment 0 starting at day 8, hour 14.500000000000046 using resources [1, 2, 7].[0m
[34m2025-01-01 16:14:32,705 - DEBUG - Patients [26] have treatment 1 starting at day 8, hour 8.750000000000005 using resources [4].[0m
[34m2025-01-01 16:14:32,705 - DEBUG - Patients [3] have treatment 1 starting at day 8, hour 9.250000000000009 using resources [4].[0m
[34m2025-01-01 16:14:32,705 - DEBUG - Patients [2] have treatment 1 starting at day 8, hour 9.50000000000001 using resources [7].[0m
[34m2025-01-01 16:14:32,705 - DEBUG - Patients [18] have treatment 1 starting at day 8, hour 13.000000000000036 using resources [5].[0m
[34m2025-01-01 16:14:32,705 - DEBUG - Patients [24] have treatment 1 starting at day 8, hour 13.500000000000039 using resources [5].[0m
[34m2025-01-01 16:14:32,705 - DEBUG - Patients [23] have treatment 1 starting at day 8, hour 14.000000000000043 using resources [5].[0m
[34m2025-01-01 16:14:32,705 - DEBUG - Patients [15] have treatment 1 starting at day 8, hour 14.500000000000046 using resources [5].[0m
[34m2025-01-01 16:14:32,706 - DEBUG - Patients [0, 4, 7, 8, 12, 14, 15, 16, 17, 24, 25, 28] have treatment 2 starting at day 8, hour 15.250000000000052 using resources [1, 5].[0m
[34m2025-01-01 16:14:32,706 - DEBUG - Patients [4, 8, 10, 11, 12, 17] have treatment 3 starting at day 8, hour 8.0 using resources [1, 5].[0m
[34m2025-01-01 16:14:32,706 - DEBUG - Patients [2, 8] have treatment 3 starting at day 8, hour 10.000000000000014 using resources [1, 5].[0m
[34m2025-01-01 16:14:32,706 - DEBUG - Patients [2, 4, 17] have treatment 3 starting at day 8, hour 13.000000000000036 using resources [8, 4].[0m
[34m2025-01-01 16:14:32,706 - DEBUG - Patients [14, 17] have treatment 4 starting at day 8, hour 11.333333333333357 using resources [0, 3].[0m
[34m2025-01-01 16:14:32,706 - DEBUG - Patients [11, 14] have treatment 4 starting at day 8, hour 14.500000000000046 using resources [0, 3].[0m
[34m2025-01-01 16:14:32,706 - DEBUG - Patients [6] have treatment 4 starting at day 8, hour 15.00000000000005 using resources [0, 3].[0m
[34m2025-01-01 16:14:32,706 - DEBUG - Patients [1] have treatment 5 starting at day 8, hour 8.083333333333334 using resources [6, 9, 3].[0m
[34m2025-01-01 16:14:32,706 - DEBUG - Patients [19] have treatment 5 starting at day 8, hour 9.50000000000001 using resources [6, 9, 3].[0m
[34m2025-01-01 16:14:32,706 - DEBUG - Patients [12] have treatment 5 starting at day 8, hour 10.000000000000014 using resources [6, 9, 3].[0m
[34m2025-01-01 16:14:32,706 - DEBUG - Patients [15] have treatment 5 starting at day 8, hour 10.75000000000002 using resources [6, 9, 3].[0m
[34m2025-01-01 16:14:32,706 - DEBUG - Patients [16] have treatment 5 starting at day 8, hour 13.000000000000036 using resources [6, 9, 3].[0m
[34m2025-01-01 16:14:32,706 - DEBUG - Patients [12] have treatment 5 starting at day 8, hour 13.500000000000039 using resources [6, 9, 3].[0m
[34m2025-01-01 16:14:32,706 - DEBUG - Patients [1] have treatment 5 starting at day 8, hour 14.000000000000043 using resources [6, 9, 3].[0m
[34m2025-01-01 16:14:32,706 - DEBUG - Patients [2] have treatment 5 starting at day 8, hour 15.00000000000005 using resources [6, 9, 4].[0m
[34m2025-01-01 16:14:32,706 - DEBUG - Patients [19] have treatment 5 starting at day 8, hour 15.500000000000053 using resources [6, 9, 7].[0m
[34m2025-01-01 16:14:32,706 - DEBUG - Patients [4, 10, 11, 13, 17] have treatment 6 starting at day 8, hour 10.000000000000014 using resources [2, 7].[0m
[34m2025-01-01 16:14:32,706 - DEBUG - Patients [17, 21, 25, 26, 29] have treatment 0 starting at day 9, hour 13.000000000000036 using resources [1, 2, 4].[0m
[34m2025-01-01 16:14:32,706 - DEBUG - Patients [0, 1, 7, 14] have treatment 0 starting at day 9, hour 14.000000000000043 using resources [0, 1, 5].[0m
[34m2025-01-01 16:14:32,706 - DEBUG - Patients [28] have treatment 1 starting at day 9, hour 8.0 using resources [5].[0m
[34m2025-01-01 16:14:32,706 - DEBUG - Patients [25] have treatment 1 starting at day 9, hour 8.500000000000004 using resources [5].[0m
[34m2025-01-01 16:14:32,706 - DEBUG - Patients [19] have treatment 1 starting at day 9, hour 11.000000000000021 using resources [5].[0m
[34m2025-01-01 16:14:32,706 - DEBUG - Patients [17] have treatment 1 starting at day 9, hour 11.500000000000025 using resources [5].[0m
[34m2025-01-01 16:14:32,706 - DEBUG - Patients [14] have treatment 1 starting at day 9, hour 13.000000000000036 using resources [5].[0m
[34m2025-01-01 16:14:32,706 - DEBUG - Patients [2] have treatment 1 starting at day 9, hour 13.500000000000039 using resources [5].[0m
[34m2025-01-01 16:14:32,706 - DEBUG - Patients [0] have treatment 1 starting at day 9, hour 14.750000000000048 using resources [5].[0m
[34m2025-01-01 16:14:32,706 - DEBUG - Patients [9, 10, 11, 12, 14, 16, 17, 18, 21, 28] have treatment 2 starting at day 9, hour 15.250000000000052 using resources [2, 5].[0m
[34m2025-01-01 16:14:32,706 - DEBUG - Patients [5, 9, 12, 13] have treatment 3 starting at day 9, hour 9.000000000000007 using resources [1, 5].[0m
[34m2025-01-01 16:14:32,707 - DEBUG - Patients [16, 18] have treatment 4 starting at day 9, hour 10.000000000000014 using resources [0, 3].[0m
[34m2025-01-01 16:14:32,707 - DEBUG - Patients [5, 13] have treatment 4 starting at day 9, hour 11.500000000000025 using resources [0, 3].[0m
[34m2025-01-01 16:14:32,707 - DEBUG - Patients [2] have treatment 4 starting at day 9, hour 15.00000000000005 using resources [0, 3].[0m
[34m2025-01-01 16:14:32,707 - DEBUG - Patients [15, 17] have treatment 5 starting at day 9, hour 14.000000000000043 using resources [6, 9, 3].[0m
[34m2025-01-01 16:14:32,707 - DEBUG - Patients [11, 15] have treatment 5 starting at day 9, hour 14.500000000000046 using resources [6, 9, 3].[0m
[34m2025-01-01 16:14:32,707 - DEBUG - Patients [1, 2] have treatment 5 starting at day 9, hour 15.500000000000053 using resources [6, 9, 3].[0m
[34m2025-01-01 16:14:32,707 - DEBUG - Patients [13, 19] have treatment 7 starting at day 9, hour 8.0 using resources [7, 3, 9].[0m
[34m2025-01-01 16:14:32,707 - DEBUG - Patients [4, 8] have treatment 7 starting at day 9, hour 9.000000000000007 using resources [7, 3, 9].[0m
[34m2025-01-01 16:14:32,707 - DEBUG - Patients [3, 4] have treatment 7 starting at day 9, hour 10.500000000000018 using resources [7, 3, 9].[0m
[34m2025-01-01 16:14:32,707 - DEBUG - Patients [3] have treatment 7 starting at day 9, hour 13.000000000000036 using resources [7, 3, 6].[0m
[34m2025-01-01 16:14:32,707 - DEBUG - Patients [1, 4, 6, 25, 26] have treatment 0 starting at day 10, hour 8.0 using resources [1, 2, 7].[0m
[34m2025-01-01 16:14:32,707 - DEBUG - Patients [1, 3] have treatment 0 starting at day 10, hour 11.250000000000023 using resources [0, 1, 5].[0m
[34m2025-01-01 16:14:32,707 - DEBUG - Patients [28] have treatment 1 starting at day 10, hour 8.750000000000005 using resources [5].[0m
[34m2025-01-01 16:14:32,707 - DEBUG - Patients [17] have treatment 1 starting at day 10, hour 10.75000000000002 using resources [5].[0m
[34m2025-01-01 16:14:32,707 - DEBUG - Patients [17] have treatment 1 starting at day 10, hour 13.000000000000036 using resources [5].[0m
[34m2025-01-01 16:14:32,707 - DEBUG - Patients [15] have treatment 1 starting at day 10, hour 13.500000000000039 using resources [5].[0m
[34m2025-01-01 16:14:32,707 - DEBUG - Patients [14] have treatment 1 starting at day 10, hour 14.000000000000043 using resources [5].[0m
[34m2025-01-01 16:14:32,707 - DEBUG - Patients [7] have treatment 1 starting at day 10, hour 14.500000000000046 using resources [5].[0m
[34m2025-01-01 16:14:32,707 - DEBUG - Patients [5] have treatment 1 starting at day 10, hour 15.00000000000005 using resources [5].[0m
[34m2025-01-01 16:14:32,707 - DEBUG - Patients [0] have treatment 1 starting at day 10, hour 15.500000000000053 using resources [5].[0m
[34m2025-01-01 16:14:32,707 - DEBUG - Patients [9, 10, 12, 13, 15, 16, 18, 19, 28, 29] have treatment 2 starting at day 10, hour 8.0 using resources [8, 5].[0m
[34m2025-01-01 16:14:32,707 - DEBUG - Patients [6, 7, 8, 9, 10, 17] have treatment 3 starting at day 10, hour 8.750000000000005 using resources [0, 4].[0m
[34m2025-01-01 16:14:32,707 - DEBUG - Patients [3, 4] have treatment 3 starting at day 10, hour 13.000000000000036 using resources [0, 3].[0m
[34m2025-01-01 16:14:32,707 - DEBUG - Patients [4, 16] have treatment 4 starting at day 10, hour 10.75000000000002 using resources [0, 3].[0m
[34m2025-01-01 16:14:32,707 - DEBUG - Patients [2, 3] have treatment 4 starting at day 10, hour 15.00000000000005 using resources [0, 3].[0m
[34m2025-01-01 16:14:32,707 - DEBUG - Patients [2, 3] have treatment 4 starting at day 10, hour 15.500000000000053 using resources [0, 3].[0m
[34m2025-01-01 16:14:32,707 - DEBUG - Patients [18, 19] have treatment 5 starting at day 10, hour 8.750000000000005 using resources [6, 9, 3].[0m
[34m2025-01-01 16:14:32,707 - DEBUG - Patients [13, 18] have treatment 5 starting at day 10, hour 9.250000000000009 using resources [6, 9, 3].[0m
[34m2025-01-01 16:14:32,708 - DEBUG - Patients [11, 12] have treatment 5 starting at day 10, hour 9.750000000000012 using resources [6, 9, 3].[0m
[34m2025-01-01 16:14:32,708 - DEBUG - Patients [0, 1, 7, 8, 9] have treatment 6 starting at day 10, hour 13.000000000000036 using resources [2, 7].[0m
[34m2025-01-01 16:14:32,708 - DEBUG - Patients [10, 15, 17, 19, 29] have treatment 0 starting at day 11, hour 13.000000000000036 using resources [8, 6, 7].[0m
[34m2025-01-01 16:14:32,708 - DEBUG - Patients [6, 7, 9] have treatment 0 starting at day 11, hour 13.75000000000004 using resources [1, 6, 7].[0m
[34m2025-01-01 16:14:32,708 - DEBUG - Patients [5, 9] have treatment 0 starting at day 11, hour 15.00000000000005 using resources [0, 1, 7].[0m
[34m2025-01-01 16:14:32,708 - DEBUG - Patients [28] have treatment 1 starting at day 11, hour 8.0 using resources [4].[0m
[34m2025-01-01 16:14:32,708 - DEBUG - Patients [29] have treatment 1 starting at day 11, hour 8.500000000000004 using resources [4].[0m
[34m2025-01-01 16:14:32,708 - DEBUG - Patients [18] have treatment 1 starting at day 11, hour 9.000000000000007 using resources [4].[0m
[34m2025-01-01 16:14:32,708 - DEBUG - Patients [16] have treatment 1 starting at day 11, hour 10.500000000000018 using resources [4].[0m
[34m2025-01-01 16:14:32,708 - DEBUG - Patients [13] have treatment 1 starting at day 11, hour 11.000000000000021 using resources [4].[0m
[34m2025-01-01 16:14:32,708 - DEBUG - Patients [4] have treatment 1 starting at day 11, hour 11.500000000000025 using resources [4].[0m
[34m2025-01-01 16:14:32,708 - DEBUG - Patients [6] have treatment 1 starting at day 11, hour 13.000000000000036 using resources [4].[0m
[34m2025-01-01 16:14:32,708 - DEBUG - Patients [3] have treatment 1 starting at day 11, hour 13.000000000000036 using resources [5].[0m
[34m2025-01-01 16:14:32,708 - DEBUG - Patients [3] have treatment 1 starting at day 11, hour 13.500000000000039 using resources [5].[0m
[34m2025-01-01 16:14:32,708 - DEBUG - Patients [1] have treatment 1 starting at day 11, hour 13.500000000000039 using resources [4].[0m
[34m2025-01-01 16:14:32,708 - DEBUG - Patients [0] have treatment 1 starting at day 11, hour 14.500000000000046 using resources [4].[0m
[34m2025-01-01 16:14:32,708 - DEBUG - Patients [1, 14, 16, 19] have treatment 3 starting at day 11, hour 8.0 using resources [1, 5].[0m
[34m2025-01-01 16:14:32,708 - DEBUG - Patients [1, 14] have treatment 3 starting at day 11, hour 10.000000000000014 using resources [8, 5].[0m
[34m2025-01-01 16:14:32,708 - DEBUG - Patients [1, 2] have treatment 3 starting at day 11, hour 14.000000000000043 using resources [2, 5].[0m
[34m2025-01-01 16:14:32,708 - DEBUG - Patients [16, 18] have treatment 4 starting at day 11, hour 10.000000000000014 using resources [6, 4].[0m
[34m2025-01-01 16:14:32,708 - DEBUG - Patients [13, 15] have treatment 4 starting at day 11, hour 10.000000000000014 using resources [2, 3].[0m
[34m2025-01-01 16:14:32,708 - DEBUG - Patients [11, 15] have treatment 4 starting at day 11, hour 10.500000000000018 using resources [0, 3].[0m
[34m2025-01-01 16:14:32,708 - DEBUG - Patients [10, 11] have treatment 4 starting at day 11, hour 11.000000000000021 using resources [0, 3].[0m
[34m2025-01-01 16:14:32,708 - DEBUG - Patients [4, 8] have treatment 4 starting at day 11, hour 13.000000000000036 using resources [0, 3].[0m
[34m2025-01-01 16:14:32,708 - DEBUG - Patients [2, 4] have treatment 4 starting at day 11, hour 13.500000000000039 using resources [0, 3].[0m
[34m2025-01-01 16:14:32,708 - DEBUG - Patients [0] have treatment 4 starting at day 11, hour 14.000000000000043 using resources [0, 3].[0m
[34m2025-01-01 16:14:32,708 - DEBUG - Patients [17, 18] have treatment 5 starting at day 11, hour 8.0 using resources [6, 9, 3].[0m
[34m2025-01-01 16:14:32,708 - DEBUG - Patients [12, 16] have treatment 5 starting at day 11, hour 11.500000000000025 using resources [6, 9, 3].[0m
[34m2025-01-01 16:14:32,709 - DEBUG - Patients [9, 12] have treatment 5 starting at day 11, hour 14.500000000000046 using resources [6, 9, 3].[0m
[34m2025-01-01 16:14:32,709 - DEBUG - Patients [3, 4] have treatment 5 starting at day 11, hour 15.00000000000005 using resources [6, 9, 3].[0m
[34m2025-01-01 16:14:32,709 - DEBUG - Patients [0, 3] have treatment 5 starting at day 11, hour 15.500000000000053 using resources [6, 9, 3].[0m
[34m2025-01-01 16:14:32,709 - DEBUG - Patients [12, 13, 14, 15, 29] have treatment 0 starting at day 12, hour 10.000000000000014 using resources [1, 2, 4].[0m
[34m2025-01-01 16:14:32,709 - DEBUG - Patients [3, 4, 6, 10, 11] have treatment 0 starting at day 12, hour 13.000000000000036 using resources [1, 8, 4].[0m
[34m2025-01-01 16:14:32,709 - DEBUG - Patients [0, 4, 6] have treatment 0 starting at day 12, hour 14.750000000000048 using resources [2, 8, 4].[0m
[34m2025-01-01 16:14:32,709 - DEBUG - Patients [19] have treatment 1 starting at day 12, hour 8.0 using resources [7].[0m
[34m2025-01-01 16:14:32,709 - DEBUG - Patients [19] have treatment 1 starting at day 12, hour 8.500000000000004 using resources [4].[0m
[34m2025-01-01 16:14:32,709 - DEBUG - Patients [17] have treatment 1 starting at day 12, hour 9.50000000000001 using resources [7].[0m
[34m2025-01-01 16:14:32,709 - DEBUG - Patients [9] have treatment 1 starting at day 12, hour 9.50000000000001 using resources [4].[0m
[34m2025-01-01 16:14:32,709 - DEBUG - Patients [8] have treatment 1 starting at day 12, hour 9.50000000000001 using resources [5].[0m
[34m2025-01-01 16:14:32,709 - DEBUG - Patients [8] have treatment 1 starting at day 12, hour 10.000000000000014 using resources [5].[0m
[34m2025-01-01 16:14:32,709 - DEBUG - Patients [7] have treatment 1 starting at day 12, hour 10.500000000000018 using resources [5].[0m
[34m2025-01-01 16:14:32,709 - DEBUG - Patients [5] have treatment 1 starting at day 12, hour 11.000000000000021 using resources [5].[0m
[34m2025-01-01 16:14:32,709 - DEBUG - Patients [3] have treatment 1 starting at day 12, hour 11.500000000000025 using resources [5].[0m
[34m2025-01-01 16:14:32,709 - DEBUG - Patients [1] have treatment 1 starting at day 12, hour 15.00000000000005 using resources [5].[0m
[34m2025-01-01 16:14:32,709 - DEBUG - Patients [0] have treatment 1 starting at day 12, hour 15.500000000000053 using resources [5].[0m
[34m2025-01-01 16:14:32,709 - DEBUG - Patients [1, 12, 13, 14, 15, 16, 17, 18, 28, 29] have treatment 2 starting at day 12, hour 8.0 using resources [0, 5].[0m
[34m2025-01-01 16:14:32,709 - DEBUG - Patients [1, 9, 10, 11, 12, 13, 15, 17, 18, 29] have treatment 2 starting at day 12, hour 8.750000000000005 using resources [8, 5].[0m
[34m2025-01-01 16:14:32,709 - DEBUG - Patients [1, 7, 14, 17] have treatment 3 starting at day 12, hour 13.000000000000036 using resources [0, 5].[0m
[34m2025-01-01 16:14:32,709 - DEBUG - Patients [4, 16] have treatment 4 starting at day 12, hour 9.000000000000007 using resources [0, 3].[0m
[34m2025-01-01 16:14:32,709 - DEBUG - Patients [12, 16] have treatment 4 starting at day 12, hour 9.50000000000001 using resources [0, 3].[0m
[34m2025-01-01 16:14:32,709 - DEBUG - Patients [16] have treatment 4 starting at day 12, hour 10.000000000000014 using resources [0, 3].[0m
[34m2025-01-01 16:14:32,709 - DEBUG - Patients [3] have treatment 4 starting at day 12, hour 10.500000000000018 using resources [0, 3].[0m
[34m2025-01-01 16:14:32,709 - DEBUG - Patients [3] have treatment 4 starting at day 12, hour 11.000000000000021 using resources [0, 3].[0m
[34m2025-01-01 16:14:32,709 - DEBUG - Patients [18] have treatment 4 starting at day 12, hour 11.500000000000025 using resources [0, 3].[0m
[34m2025-01-01 16:14:32,709 - DEBUG - Patients [5] have treatment 4 starting at day 12, hour 11.500000000000025 using resources [6, 4].[0m
[34m2025-01-01 16:14:32,709 - DEBUG - Patients [3] have treatment 4 starting at day 12, hour 13.75000000000004 using resources [6, 4].[0m
[34m2025-01-01 16:14:32,710 - DEBUG - Patients [2] have treatment 4 starting at day 12, hour 14.250000000000044 using resources [6, 4].[0m
[34m2025-01-01 16:14:32,710 - DEBUG - Patients [2, 11] have treatment 5 starting at day 12, hour 8.0 using resources [6, 9, 3].[0m
[34m2025-01-01 16:14:32,710 - DEBUG - Patients [0] have treatment 5 starting at day 12, hour 8.500000000000004 using resources [6, 9, 3].[0m
[34m2025-01-01 16:14:32,710 - DEBUG - Patients [1, 2, 4, 8, 17] have treatment 6 starting at day 12, hour 10.75000000000002 using resources [2, 7].[0m
[34m2025-01-01 16:14:32,710 - DEBUG - Patients [18, 19] have treatment 7 starting at day 12, hour 13.000000000000036 using resources [7, 3, 9].[0m
[34m2025-01-01 16:14:32,710 - DEBUG - Patients [11, 19] have treatment 7 starting at day 12, hour 14.000000000000043 using resources [7, 3, 9].[0m
[34m2025-01-01 16:14:32,710 - DEBUG - Patients [2, 9] have treatment 7 starting at day 12, hour 15.00000000000005 using resources [7, 3, 6].[0m
[34m2025-01-01 16:14:32,710 - DEBUG - Patients [13, 15, 29] have treatment 0 starting at day 13, hour 10.500000000000018 using resources [1, 2, 5].[0m
[34m2025-01-01 16:14:32,710 - DEBUG - Patients [12, 29] have treatment 0 starting at day 13, hour 11.250000000000023 using resources [0, 2, 3].[0m
[34m2025-01-01 16:14:32,710 - DEBUG - Patients [8, 11, 17] have treatment 0 starting at day 13, hour 11.250000000000023 using resources [1, 6, 4].[0m
[34m2025-01-01 16:14:32,710 - DEBUG - Patients [0, 11, 17, 29] have treatment 0 starting at day 13, hour 13.000000000000036 using resources [0, 1, 3].[0m
[34m2025-01-01 16:14:32,710 - DEBUG - Patients [4, 13, 15, 16] have treatment 0 starting at day 13, hour 13.000000000000036 using resources [2, 8, 4].[0m
[34m2025-01-01 16:14:32,710 - DEBUG - Patients [2] have treatment 1 starting at day 13, hour 11.250000000000023 using resources [5].[0m
[34m2025-01-01 16:14:32,710 - DEBUG - Patients [1, 3, 16, 17] have treatment 3 starting at day 13, hour 8.083333333333334 using resources [8, 4].[0m
[34m2025-01-01 16:14:32,710 - DEBUG - Patients [9, 10, 13, 15, 16, 17] have treatment 3 starting at day 13, hour 14.000000000000043 using resources [0, 5].[0m
[34m2025-01-01 16:14:32,710 - DEBUG - Patients [3, 6] have treatment 3 starting at day 13, hour 14.000000000000043 using resources [2, 4].[0m
[34m2025-01-01 16:14:32,710 - DEBUG - Patients [2, 18] have treatment 4 starting at day 13, hour 8.0 using resources [0, 5].[0m
[34m2025-01-01 16:14:32,710 - DEBUG - Patients [14, 18] have treatment 4 starting at day 13, hour 8.500000000000004 using resources [0, 5].[0m
[34m2025-01-01 16:14:32,710 - DEBUG - Patients [10, 19] have treatment 4 starting at day 13, hour 9.000000000000007 using resources [0, 5].[0m
[34m2025-01-01 16:14:32,710 - DEBUG - Patients [7] have treatment 4 starting at day 13, hour 9.50000000000001 using resources [0, 5].[0m
[34m2025-01-01 16:14:32,710 - DEBUG - Patients [8, 19] have treatment 4 starting at day 13, hour 10.000000000000014 using resources [3, 5].[0m
[34m2025-01-01 16:14:32,710 - DEBUG - Patients [11, 18] have treatment 4 starting at day 13, hour 10.250000000000016 using resources [0, 4].[0m
[34m2025-01-01 16:14:32,710 - DEBUG - Patients [12, 19] have treatment 4 starting at day 13, hour 10.75000000000002 using resources [0, 4].[0m
[34m2025-01-01 16:14:32,710 - DEBUG - Patients [5] have treatment 5 starting at day 13, hour 9.000000000000007 using resources [6, 9, 3].[0m
[34m2025-01-01 16:14:32,710 - DEBUG - Patients [0, 19] have treatment 5 starting at day 13, hour 9.50000000000001 using resources [6, 9, 3].[0m
[34m2025-01-01 16:14:32,710 - DEBUG - Patients [3, 12] have treatment 5 starting at day 13, hour 10.250000000000016 using resources [6, 9, 7].[0m
[34m2025-01-01 16:14:32,710 - DEBUG - Patients [16, 17] have treatment 5 starting at day 13, hour 10.75000000000002 using resources [6, 9, 3].[0m
[34m2025-01-01 16:14:32,710 - DEBUG - Patients [2, 11, 12, 13, 14, 18] have treatment 6 starting at day 13, hour 9.000000000000007 using resources [1, 7].[0m
[34m2025-01-01 16:14:32,711 - DEBUG - Patients [1, 3, 4, 5, 14] have treatment 6 starting at day 13, hour 10.75000000000002 using resources [8, 7].[0m
[34m2025-01-01 16:14:32,711 - DEBUG - Patients [4, 8] have treatment 7 starting at day 13, hour 8.0 using resources [7, 3, 6].[0m
[34m2025-01-01 16:14:32,711 - DEBUG - Patients [1] have treatment 7 starting at day 13, hour 13.000000000000036 using resources [7, 5, 9].[0m
[34m2025-01-01 16:14:32,711 - DEBUG - Patients [1, 2] have treatment 7 starting at day 13, hour 14.000000000000043 using resources [7, 3, 6].[0m
[34m2025-01-01 16:14:32,711 - DEBUG - Patients [1, 4] have treatment 7 starting at day 13, hour 15.00000000000005 using resources [7, 3, 6].[0m
[34m2025-01-01 16:14:32,749 - DEBUG - Checking solution value.[0m
[34m2025-01-01 16:14:32,749 - DEBUG - Solvers objective function value: 684.0[0m
[34m2025-01-01 16:14:32,751 - DEBUG - (VERIFIER):Treatment value: 0[0m
[34m2025-01-01 16:14:32,751 - DEBUG - (VERIFIER):Delay value: 0[0m
[34m2025-01-01 16:14:32,752 - DEBUG - (VERIFIER):Missing treatment value: 684[0m
[34m2025-01-01 16:14:32,752 - DEBUG - Correct objective function value: 684[0m
[34m2025-01-01 16:14:32,752 - DEBUG - Solution is valid.[0m
[34m2025-01-01 16:14:32,752 - DEBUG - All solvers accepted the solution.[0m
[32m2025-01-01 16:14:32,752 - INFO - Time to find solution: 521.329s with value 684.000000[0m
[32m2025-01-01 16:14:32,752 - INFO - Total Time: 528.966s[0m
