0.JOB_NAME: LBBDSolver_1_a58c80f123d5087021e99daf06ba7b32
1.SOLVER: LBBDSolver
2.PARAMS: {'break_symmetry': False, 'add_constraints_to_symmetric_days': False, 'subsolver.restrict_obj_func_to_1': True, 'subsolver_cls': 'CPSubsolver'}
3.INSTANCE: /home/ir803925/Kobra/rehabiliation-admission-scheduling/data/comp_study_003/instance_p10_t15_low.txt
4.REPETITION: 1
5.CPU_CORES: 8
Current directory: /home/ir803925/Kobra/rehabiliation-admission-scheduling
[34m2025-01-22 12:33:24,785 - DEBUG - Solver: <class 'src.solvers.benders.LBBDSolver'>[0m
[34m2025-01-22 12:33:24,786 - DEBUG - Args: {'break_symmetry': False, 'add_constraints_to_symmetric_days': False, 'subsolver.restrict_obj_func_to_1': True, 'subsolver_cls': <class 'src.solvers.subsolvers.cp_subsolver.CPSubsolver'>}[0m
[34m2025-01-22 12:33:24,786 - DEBUG - File path /home/ir803925/Kobra/rehabiliation-admission-scheduling/data/comp_study_003/instance_p10_t15_low.txt[0m
[34m2025-01-22 12:33:24,786 - DEBUG - ADD INSTANCE DATA[0m
[34m2025-01-22 12:33:24,786 - DEBUG - ADD INSTANCE DATA[0m
[34m2025-01-22 12:33:24,786 - DEBUG - ADD INSTANCE DATA[0m
[34m2025-01-22 12:33:24,786 - DEBUG - ADD INSTANCE DATA[0m
[34m2025-01-22 12:33:24,786 - DEBUG - ADD INSTANCE DATA[0m
[34m2025-01-22 12:33:24,786 - DEBUG - ADD INSTANCE DATA[0m
[34m2025-01-22 12:33:24,786 - DEBUG - ADD INSTANCE DATA[0m
[34m2025-01-22 12:33:24,786 - DEBUG - ADD INSTANCE DATA[0m
[34m2025-01-22 12:33:24,786 - DEBUG - ADD INSTANCE DATA[0m
[34m2025-01-22 12:33:24,786 - DEBUG - ADD INSTANCE DATA[0m
[34m2025-01-22 12:33:24,786 - DEBUG - ADD INSTANCE DATA[0m
[34m2025-01-22 12:33:24,786 - DEBUG - ADD RESOURCE_GROUPS[0m
[34m2025-01-22 12:33:24,786 - DEBUG - ADD RESOURCE_GROUPS[0m
[34m2025-01-22 12:33:24,787 - DEBUG - ADD RESOURCE_GROUPS[0m
[34m2025-01-22 12:33:24,787 - DEBUG - ADD RESOURCE_GROUPS[0m
[34m2025-01-22 12:33:24,787 - DEBUG - ADD RESOURCE_GROUPS[0m
[34m2025-01-22 12:33:24,787 - DEBUG - ADD RESOURCE_GROUPS[0m
[34m2025-01-22 12:33:24,787 - DEBUG - ADD RESOURCE_GROUPS[0m
[34m2025-01-22 12:33:24,787 - DEBUG - ADD RESOURCE_GROUPS[0m
[34m2025-01-22 12:33:24,787 - DEBUG - ADD RESOURCE_GROUPS[0m
[34m2025-01-22 12:33:24,787 - DEBUG - ADD RESOURCE_GROUPS[0m
[34m2025-01-22 12:33:24,787 - DEBUG - ADD RESOURCE_GROUPS[0m
[34m2025-01-22 12:33:24,787 - DEBUG - ADD RESOURCE_GROUPS[0m
[34m2025-01-22 12:33:24,787 - DEBUG - ADD RESOURCES[0m
[34m2025-01-22 12:33:24,787 - DEBUG - ADD RESOURCES[0m
[34m2025-01-22 12:33:24,787 - DEBUG - ADD RESOURCES[0m
[34m2025-01-22 12:33:24,787 - DEBUG - ADD RESOURCES[0m
[34m2025-01-22 12:33:24,787 - DEBUG - ADD RESOURCES[0m
[34m2025-01-22 12:33:24,787 - DEBUG - ADD RESOURCES[0m
[34m2025-01-22 12:33:24,787 - DEBUG - ADD RESOURCES[0m
[34m2025-01-22 12:33:24,787 - DEBUG - ADD RESOURCES[0m
[34m2025-01-22 12:33:24,787 - DEBUG - ADD RESOURCES[0m
[34m2025-01-22 12:33:24,788 - DEBUG - ADD RESOURCES[0m
[34m2025-01-22 12:33:24,788 - DEBUG - ADD RESOURCES[0m
[34m2025-01-22 12:33:24,788 - DEBUG - ADD RESOURCES[0m
[34m2025-01-22 12:33:24,788 - DEBUG - ADD RESOURCES[0m
[34m2025-01-22 12:33:24,788 - DEBUG - ADD RESOURCES[0m
[34m2025-01-22 12:33:24,788 - DEBUG - ADD RESOURCES[0m
[34m2025-01-22 12:33:24,788 - DEBUG - ADD RESOURCES[0m
[34m2025-01-22 12:33:24,788 - DEBUG - ADD RESOURCES[0m
[34m2025-01-22 12:33:24,788 - DEBUG - ADD TREATMENTS[0m
[34m2025-01-22 12:33:24,788 - DEBUG - ADD TREATMENTS[0m
[34m2025-01-22 12:33:24,788 - DEBUG - ADD TREATMENTS[0m
[34m2025-01-22 12:33:24,788 - DEBUG - ADD TREATMENTS[0m
[34m2025-01-22 12:33:24,788 - DEBUG - ADD TREATMENTS[0m
[34m2025-01-22 12:33:24,788 - DEBUG - ADD TREATMENTS[0m
[34m2025-01-22 12:33:24,789 - DEBUG - ADD TREATMENTS[0m
[34m2025-01-22 12:33:24,789 - DEBUG - ADD TREATMENTS[0m
[34m2025-01-22 12:33:24,789 - DEBUG - ADD TREATMENTS[0m
[34m2025-01-22 12:33:24,789 - DEBUG - ADD TREATMENTS[0m
[34m2025-01-22 12:33:24,789 - DEBUG - ADD TREATMENTS[0m
[34m2025-01-22 12:33:24,791 - DEBUG - ADD TREATMENTS[0m
[34m2025-01-22 12:33:24,791 - DEBUG - ADD TREATMENTS[0m
[34m2025-01-22 12:33:24,791 - DEBUG - ADD TREATMENTS[0m
[34m2025-01-22 12:33:24,791 - DEBUG - ADD TREATMENTS[0m
[34m2025-01-22 12:33:24,791 - DEBUG - ADD TREATMENTS[0m
[34m2025-01-22 12:33:24,791 - DEBUG - ADD TREATMENTS[0m
[34m2025-01-22 12:33:24,791 - DEBUG - ADD TREATMENTS[0m
[34m2025-01-22 12:33:24,791 - DEBUG - ADD TREATMENTS[0m
[34m2025-01-22 12:33:24,791 - DEBUG - ADD TREATMENTS[0m
[34m2025-01-22 12:33:24,791 - DEBUG - ADD TREATMENTS[0m
[34m2025-01-22 12:33:24,792 - DEBUG - ADD TREATMENTS[0m
[34m2025-01-22 12:33:24,792 - DEBUG - ADD PATIENTS[0m
[34m2025-01-22 12:33:24,792 - DEBUG - ADD PATIENTS[0m
[34m2025-01-22 12:33:24,792 - DEBUG - ADD PATIENTS[0m
[34m2025-01-22 12:33:24,792 - DEBUG - ADD PATIENTS[0m
[34m2025-01-22 12:33:24,792 - DEBUG - ADD PATIENTS[0m
[34m2025-01-22 12:33:24,792 - DEBUG - ADD PATIENTS[0m
[34m2025-01-22 12:33:24,792 - DEBUG - ADD PATIENTS[0m
[34m2025-01-22 12:33:24,792 - DEBUG - ADD PATIENTS[0m
[34m2025-01-22 12:33:24,793 - DEBUG - ADD PATIENTS[0m
[34m2025-01-22 12:33:24,793 - DEBUG - ADD PATIENTS[0m
[34m2025-01-22 12:33:24,793 - DEBUG - Instance data:[0m
[34m2025-01-22 12:33:24,793 - DEBUG - Number of patients: 10[0m
[34m2025-01-22 12:33:24,793 - DEBUG - Number of beds: 10[0m
[34m2025-01-22 12:33:24,793 - DEBUG - Average number of treatments per patient: 53.9[0m
[34m2025-01-22 12:33:24,793 - DEBUG - Average number of treatment per stayed day: 2.9944444444444445[0m
[34m2025-01-22 12:33:24,793 - DEBUG - Number of treatments: 539[0m
[34m2025-01-22 12:33:24,793 - DEBUG - Number of resources: 17[0m
[34m2025-01-22 12:33:24,793 - DEBUG - Number of resource groups: 12[0m
[34m2025-01-22 12:33:24,793 - DEBUG - Number of resource hours needed per all treatment by RG(therapists): 8.950000000000003[0m
[34m2025-01-22 12:33:24,793 - DEBUG - Number of resource hours needed per all treatment by RG(rooms): 16.450000000000003[0m
[34m2025-01-22 12:33:24,793 - DEBUG - Number of resource hours needed per all treatment by RG(arts_crafts_materials): 1.25[0m
[34m2025-01-22 12:33:24,793 - DEBUG - Number of resource hours needed per all treatment by RG(physiotherapists): 9.099999999999998[0m
[34m2025-01-22 12:33:24,793 - DEBUG - Number of resource hours needed per all treatment by RG(lifeguards): 1.0[0m
[34m2025-01-22 12:33:24,793 - DEBUG - Number of resource hours needed per all treatment by RG(swimming_pool): 1.0[0m
[34m2025-01-22 12:33:24,793 - DEBUG - Number of resource hours needed per all treatment by RG(hydrotherapy_bath): 3.0[0m
[34m2025-01-22 12:33:24,793 - DEBUG - Number of resource hours needed per all treatment by RG(sport_room): 8.850000000000001[0m
[34m2025-01-22 12:33:24,793 - DEBUG - Number of resource hours needed per all treatment by RG(rooms_with_beamer): 1.1749999999999998[0m
[34m2025-01-22 12:33:24,793 - DEBUG - Number of resource hours needed per all treatment by RG(psychotherapists): 8.0[0m
[34m2025-01-22 12:33:24,793 - DEBUG - Number of resource hours needed per all treatment by RG(massage_therapist): 5.0[0m
[34m2025-01-22 12:33:24,794 - DEBUG - Number of resource hours needed per all treatment by RG(fitness_machines): 0.45[0m
[32m2025-01-22 12:33:24,794 - INFO - {'solver': 'LBBDSolver', 'args': {'use_helper_constraints': True, 'break_symmetry': False, 'add_constraints_to_symmetric_days': False, 'subsolver.restrict_obj_func_to_1': True, 'subsolver_cls': <class 'src.solvers.subsolvers.cp_subsolver.CPSubsolver'>, 'log_to_console': True}}[0m
[34m2025-01-22 12:33:24,794 - DEBUG - Setting options: LBBDSolver[0m
[34m2025-01-22 12:33:24,794 - DEBUG -  ---- break_symmetry to False[0m
[34m2025-01-22 12:33:24,794 - DEBUG -  ---- subsolver_cls to <class 'src.solvers.subsolvers.cp_subsolver.CPSubsolver'>[0m
[34m2025-01-22 12:33:24,794 - DEBUG -  ---- use_helper_constraints to True[0m
[34m2025-01-22 12:33:24,794 - DEBUG -  ---- add_constraints_to_symmetric_days to False[0m
[34m2025-01-22 12:33:24,794 - DEBUG - Setting options: Solver[0m
[34m2025-01-22 12:33:24,794 - DEBUG -  ---- number_of_threads to 8 (default)[0m
[34m2025-01-22 12:33:24,794 - DEBUG -  ---- treatment_value to 0 (default)[0m
[34m2025-01-22 12:33:24,794 - DEBUG -  ---- delay_value to 1 (default)[0m
[34m2025-01-22 12:33:24,794 - DEBUG -  ---- missing_treatment_value to 4 (default)[0m
[34m2025-01-22 12:33:24,794 - DEBUG -  ---- log_to_console to True[0m
[34m2025-01-22 12:33:24,794 - DEBUG -  ---- log_to_file to True (default)[0m
[34m2025-01-22 12:33:24,817 - DEBUG - Setting options: CPSubsolver[0m
[34m2025-01-22 12:33:24,817 - DEBUG -  ---- restrict_obj_func_to_1 to True[0m
[34m2025-01-22 12:33:24,817 - DEBUG - Setting Subsolver options: SubSolver[0m
[34m2025-01-22 12:33:24,817 - DEBUG -  ---- use_day_symmetry to True (default)[0m
[32m2025-01-22 12:33:24,828 - INFO - Create model: LBBDSolver[0m
Set parameter TSPort to value 50039
Set parameter TokenServer to value "license.itc.rwth-aachen.de"
Set parameter Threads to value 8
Set parameter LazyConstraints to value 1
[34m2025-01-22 12:33:24,980 - DEBUG - Variables created.[0m
[34m2025-01-22 12:33:25,449 - DEBUG - Constraint (not too many treatments) created.[0m
[34m2025-01-22 12:33:25,718 - DEBUG - Constraint (no_treatments_outside admittance) created.[0m
[34m2025-01-22 12:33:25,719 - DEBUG - Constraint (bed_usage) created.[0m
[34m2025-01-22 12:33:25,719 - DEBUG - Constraint (must be admitted) created.[0m
[34m2025-01-22 12:33:25,756 - DEBUG - Constraint (e_w_ub) created.[0m
[34m2025-01-22 12:33:25,768 - DEBUG - Constraint (day_ub) created.[0m
[34m2025-01-22 12:33:25,780 - DEBUG - Constraint (Day always) created.[0m
[34m2025-01-22 12:33:25,780 - DEBUG - Constraint (already_admitted) created.[0m
[32m2025-01-22 12:33:25,996 - INFO - Time to create model: 1.167[0m
[32m2025-01-22 12:33:25,996 - INFO - Solving model: LBBDSolver[0m
Gurobi Optimizer version 10.0.0 build v10.0.0rc2 (linux64)

CPU model: Intel(R) Xeon(R) Platinum 8468, instruction set [SSE2|AVX|AVX2|AVX512]
Thread count: 96 physical cores, 96 logical processors, using up to 8 threads

Optimize a model with 76893 rows, 32714 columns and 531485 nonzeros
Model fingerprint: 0x0bf9ba03
Variable types: 3 continuous, 32711 integer (32711 binary)
Coefficient statistics:
  Matrix range     [1e+00, 1e+01]
  Objective range  [1e+00, 4e+00]
  Bounds range     [1e+00, 1e+00]
  RHS range        [1e+00, 2e+03]
Presolve removed 62879 rows and 3185 columns
Presolve time: 0.61s
Presolved: 14014 rows, 29529 columns, 281572 nonzeros
Variable types: 1 continuous, 29528 integer (29512 binary)
Root relaxation presolved: 13971 rows, 29554 columns, 259138 nonzeros

Deterministic concurrent LP optimizer: primal and dual simplex
Showing first log only...

Concurrent spin time: 0.00s

Solved with dual simplex

Use crossover to convert LP symmetric solution to basic solution...

Root relaxation: objective 1.520000e+03, 3550 iterations, 0.11 seconds (0.13 work units)

    Nodes    |    Current Node    |     Objective Bounds      |     Work
 Expl Unexpl |  Obj  Depth IntInf | Incumbent    BestBd   Gap | It/Node Time

     0     0 1520.00000    0    7          - 1520.00000      -     -    1s
[34m2025-01-22 12:33:27,770 - DEBUG - Checking day 0[0m
[34m2025-01-22 12:33:27,771 - DEBUG - ---------- SOLVE SUBSYSTEM ---------[0m
[34m2025-01-22 12:33:27,771 - DEBUG - SUBSOLVER DAY:0[0m
[34m2025-01-22 12:33:27,771 - DEBUG - SUBSOLVER PATIENTS:{T(ergotherapy_a): {}, T(ergotherapy_b): {}, T(ergotherapy_c): {}, T(physiotherapy_a): {}, T(physiotherapy_b): {}, T(physiotherapy_c): {}, T(physiotherapy_d): {P(patient0_o): 2, P(patient1_o): 2}, T(watergymnastics): {P(patient0_c): 2, P(patient0_o): 2, P(patient1_p): 2}, T(hydrotherapy): {}, T(nordic_walking): {}, T(fitness_training): {}, T(yoga): {}, T(psychotherapy_single): {P(patient1_p): 2}, T(psychotherapy_group_a): {}, T(psychotherapy_group_b): {}, T(psychotherapy_group_c): {}, T(psychotherapy_group_d): {}, T(smoking_cessation): {}, T(nutritional_advice): {}, T(cardiological_health_seminar): {}, T(general_psychological_support): {}, T(massage): {P(patient0_c): 3, P(patient0_o): 1, P(patient1_o): 3}}[0m
[34m2025-01-22 12:33:27,802 - DEBUG - ---------- END SUBSYSTEM ---------[0m
[34m2025-01-22 12:33:27,802 - DEBUG - Checking day 1[0m
[34m2025-01-22 12:33:27,802 - DEBUG - ---------- SOLVE SUBSYSTEM ---------[0m
[34m2025-01-22 12:33:27,802 - DEBUG - SUBSOLVER DAY:1[0m
[34m2025-01-22 12:33:27,802 - DEBUG - SUBSOLVER PATIENTS:{T(ergotherapy_a): {}, T(ergotherapy_b): {}, T(ergotherapy_c): {}, T(physiotherapy_a): {P(patient0_c): 1}, T(physiotherapy_b): {}, T(physiotherapy_c): {P(patient0_o): 1, P(patient1_o): 2}, T(physiotherapy_d): {P(patient1_o): 1}, T(watergymnastics): {P(patient0_c): 2, P(patient0_o): 2, P(patient1_p): 2}, T(hydrotherapy): {}, T(nordic_walking): {}, T(fitness_training): {}, T(yoga): {}, T(psychotherapy_single): {}, T(psychotherapy_group_a): {}, T(psychotherapy_group_b): {}, T(psychotherapy_group_c): {}, T(psychotherapy_group_d): {}, T(smoking_cessation): {P(patient0_c): 2, P(patient0_o): 2, P(patient1_o): 2}, T(nutritional_advice): {}, T(cardiological_health_seminar): {}, T(general_psychological_support): {}, T(massage): {P(patient1_p): 2}}[0m
[34m2025-01-22 12:33:27,823 - DEBUG - ---------- END SUBSYSTEM ---------[0m
[34m2025-01-22 12:33:27,823 - DEBUG - Checking day 2[0m
[34m2025-01-22 12:33:27,823 - DEBUG - ---------- SOLVE SUBSYSTEM ---------[0m
[34m2025-01-22 12:33:27,823 - DEBUG - SUBSOLVER DAY:2[0m
[34m2025-01-22 12:33:27,824 - DEBUG - SUBSOLVER PATIENTS:{T(ergotherapy_a): {}, T(ergotherapy_b): {}, T(ergotherapy_c): {}, T(physiotherapy_a): {P(patient0_c): 2}, T(physiotherapy_b): {}, T(physiotherapy_c): {P(patient0_o): 3, P(patient1_o): 2}, T(physiotherapy_d): {}, T(watergymnastics): {}, T(hydrotherapy): {}, T(nordic_walking): {}, T(fitness_training): {P(patient0_p): 1}, T(yoga): {}, T(psychotherapy_single): {P(patient0_p): 2, P(patient1_p): 1}, T(psychotherapy_group_a): {}, T(psychotherapy_group_b): {}, T(psychotherapy_group_c): {}, T(psychotherapy_group_d): {}, T(smoking_cessation): {}, T(nutritional_advice): {}, T(cardiological_health_seminar): {}, T(general_psychological_support): {P(patient0_c): 2}, T(massage): {P(patient1_p): 2}}[0m
[34m2025-01-22 12:33:27,837 - DEBUG - ---------- END SUBSYSTEM ---------[0m
[34m2025-01-22 12:33:27,838 - DEBUG - Checking day 3[0m
[34m2025-01-22 12:33:27,838 - DEBUG - ---------- SOLVE SUBSYSTEM ---------[0m
[34m2025-01-22 12:33:27,838 - DEBUG - SUBSOLVER DAY:3[0m
[34m2025-01-22 12:33:27,838 - DEBUG - SUBSOLVER PATIENTS:{T(ergotherapy_a): {}, T(ergotherapy_b): {}, T(ergotherapy_c): {}, T(physiotherapy_a): {P(patient0_c): 2}, T(physiotherapy_b): {}, T(physiotherapy_c): {P(patient1_o): 1}, T(physiotherapy_d): {P(patient0_o): 3, P(patient1_o): 2}, T(watergymnastics): {}, T(hydrotherapy): {P(patient1_c): 1}, T(nordic_walking): {}, T(fitness_training): {P(patient0_p): 2, P(patient1_p): 2}, T(yoga): {}, T(psychotherapy_single): {P(patient0_p): 1}, T(psychotherapy_group_a): {}, T(psychotherapy_group_b): {}, T(psychotherapy_group_c): {}, T(psychotherapy_group_d): {}, T(smoking_cessation): {}, T(nutritional_advice): {}, T(cardiological_health_seminar): {}, T(general_psychological_support): {P(patient1_c): 3}, T(massage): {}}[0m
[34m2025-01-22 12:33:27,856 - DEBUG - ---------- END SUBSYSTEM ---------[0m
[34m2025-01-22 12:33:27,857 - DEBUG - Checking day 4[0m
[34m2025-01-22 12:33:27,857 - DEBUG - ---------- SOLVE SUBSYSTEM ---------[0m
[34m2025-01-22 12:33:27,857 - DEBUG - SUBSOLVER DAY:4[0m
[34m2025-01-22 12:33:27,857 - DEBUG - SUBSOLVER PATIENTS:{T(ergotherapy_a): {P(patient1_c): 3, P(patient0_o): 1, P(patient1_o): 1}, T(ergotherapy_b): {P(patient0_p): 4}, T(ergotherapy_c): {}, T(physiotherapy_a): {P(patient1_c): 1}, T(physiotherapy_b): {}, T(physiotherapy_c): {}, T(physiotherapy_d): {P(patient2_o): 5}, T(watergymnastics): {}, T(hydrotherapy): {P(patient0_c): 2, P(patient1_o): 1}, T(nordic_walking): {}, T(fitness_training): {}, T(yoga): {P(patient1_p): 1}, T(psychotherapy_single): {P(patient1_p): 1}, T(psychotherapy_group_a): {}, T(psychotherapy_group_b): {}, T(psychotherapy_group_c): {}, T(psychotherapy_group_d): {}, T(smoking_cessation): {}, T(nutritional_advice): {}, T(cardiological_health_seminar): {}, T(general_psychological_support): {P(patient0_c): 1, P(patient0_o): 1}, T(massage): {}}[0m
[34m2025-01-22 12:33:27,882 - DEBUG - ---------- END SUBSYSTEM ---------[0m
[34m2025-01-22 12:33:27,882 - DEBUG - Checking day 5[0m
[34m2025-01-22 12:33:27,882 - DEBUG - ---------- SOLVE SUBSYSTEM ---------[0m
[34m2025-01-22 12:33:27,882 - DEBUG - SUBSOLVER DAY:5[0m
[34m2025-01-22 12:33:27,882 - DEBUG - SUBSOLVER PATIENTS:{T(ergotherapy_a): {P(patient0_c): 4, P(patient1_c): 3, P(patient0_o): 1}, T(ergotherapy_b): {}, T(ergotherapy_c): {}, T(physiotherapy_a): {}, T(physiotherapy_b): {P(patient2_o): 2}, T(physiotherapy_c): {P(patient1_o): 1, P(patient2_o): 2}, T(physiotherapy_d): {P(patient0_o): 1, P(patient1_o): 2, P(patient2_o): 1}, T(watergymnastics): {}, T(hydrotherapy): {P(patient0_c): 1, P(patient1_c): 1, P(patient1_o): 2}, T(nordic_walking): {}, T(fitness_training): {P(patient0_o): 2}, T(yoga): {}, T(psychotherapy_single): {P(patient0_p): 3, P(patient1_p): 4}, T(psychotherapy_group_a): {}, T(psychotherapy_group_b): {}, T(psychotherapy_group_c): {}, T(psychotherapy_group_d): {}, T(smoking_cessation): {}, T(nutritional_advice): {}, T(cardiological_health_seminar): {}, T(general_psychological_support): {}, T(massage): {P(patient0_o): 1}}[0m
[34m2025-01-22 12:33:27,916 - DEBUG - ---------- END SUBSYSTEM ---------[0m
[34m2025-01-22 12:33:27,916 - DEBUG - Checking day 6[0m
[34m2025-01-22 12:33:27,916 - DEBUG - ---------- SOLVE SUBSYSTEM ---------[0m
[34m2025-01-22 12:33:27,916 - DEBUG - SUBSOLVER DAY:6[0m
[34m2025-01-22 12:33:27,917 - DEBUG - SUBSOLVER PATIENTS:{T(ergotherapy_a): {}, T(ergotherapy_b): {P(patient0_c): 1, P(patient1_p): 1}, T(ergotherapy_c): {}, T(physiotherapy_a): {P(patient0_c): 3}, T(physiotherapy_b): {}, T(physiotherapy_c): {P(patient0_o): 2, P(patient1_o): 2, P(patient2_o): 3}, T(physiotherapy_d): {P(patient1_o): 1}, T(watergymnastics): {}, T(hydrotherapy): {}, T(nordic_walking): {}, T(fitness_training): {}, T(yoga): {P(patient0_c): 1, P(patient0_o): 2, P(patient1_p): 1, P(patient2_p): 2}, T(psychotherapy_single): {P(patient2_p): 1}, T(psychotherapy_group_a): {P(patient0_p): 1, P(patient1_p): 1, P(patient2_p): 1}, T(psychotherapy_group_b): {}, T(psychotherapy_group_c): {}, T(psychotherapy_group_d): {}, T(smoking_cessation): {P(patient0_o): 1, P(patient1_o): 1, P(patient0_p): 1}, T(nutritional_advice): {}, T(cardiological_health_seminar): {}, T(general_psychological_support): {P(patient1_c): 1, P(patient2_o): 1}, T(massage): {P(patient1_c): 3, P(patient1_o): 1, P(patient2_o): 1, P(patient0_p): 1, P(patient1_p): 1}}[0m
[34m2025-01-22 12:33:27,997 - DEBUG - ---------- END SUBSYSTEM ---------[0m
H    0     0                    1524.0000000 1520.00000  0.26%     -    1s
[34m2025-01-22 12:33:28,012 - DEBUG - Checking day 0[0m
[34m2025-01-22 12:33:28,013 - DEBUG - Checking day 1[0m
[34m2025-01-22 12:33:28,013 - DEBUG - Checking day 2[0m
[34m2025-01-22 12:33:28,013 - DEBUG - Checking day 3[0m
[34m2025-01-22 12:33:28,013 - DEBUG - ---------- SOLVE SUBSYSTEM ---------[0m
[34m2025-01-22 12:33:28,013 - DEBUG - SUBSOLVER DAY:3[0m
[34m2025-01-22 12:33:28,013 - DEBUG - SUBSOLVER PATIENTS:{T(ergotherapy_a): {}, T(ergotherapy_b): {}, T(ergotherapy_c): {}, T(physiotherapy_a): {P(patient0_c): 2}, T(physiotherapy_b): {}, T(physiotherapy_c): {P(patient1_o): 1}, T(physiotherapy_d): {P(patient0_o): 3, P(patient1_o): 2}, T(watergymnastics): {}, T(hydrotherapy): {P(patient1_c): 1}, T(nordic_walking): {}, T(fitness_training): {P(patient1_o): 1, P(patient0_p): 2, P(patient1_p): 2}, T(yoga): {}, T(psychotherapy_single): {P(patient0_p): 1}, T(psychotherapy_group_a): {}, T(psychotherapy_group_b): {}, T(psychotherapy_group_c): {}, T(psychotherapy_group_d): {}, T(smoking_cessation): {}, T(nutritional_advice): {}, T(cardiological_health_seminar): {}, T(general_psychological_support): {P(patient1_c): 3}, T(massage): {}}[0m
[34m2025-01-22 12:33:28,031 - DEBUG - ---------- END SUBSYSTEM ---------[0m
[34m2025-01-22 12:33:28,031 - DEBUG - Checking day 4[0m
[34m2025-01-22 12:33:28,031 - DEBUG - Checking day 5[0m
[34m2025-01-22 12:33:28,032 - DEBUG - Checking day 6[0m
H    0     0                    1520.0000000 1520.00000  0.00%     -    2s
     0     0 1520.00000    0    7 1520.00000 1520.00000  0.00%     -    2s

Explored 1 nodes (12056 simplex iterations) in 2.01 seconds (3.63 work units)
Thread count was 8 (of 96 available processors)

Solution count 2: 1520 1524 

Optimal solution found (tolerance 1.00e-04)
Best objective 1.520000000000e+03, best bound 1.520000000000e+03, gap 0.0000%

User-callback calls 938, time in user-callback 0.27 sec
Set parameter DegenMoves to value 0
[34m2025-01-22 12:33:28,038 - DEBUG - Finished optimization[0m
[34m2025-01-22 12:33:28,038 - DEBUG - Subsolver stats:[0m
[32m2025-01-22 12:33:28,038 - INFO - Number of cuts added: 0 (bad=0, good=0)[0m
[32m2025-01-22 12:33:28,038 - INFO - Return infeasible: 0[0m
[32m2025-01-22 12:33:28,038 - INFO - Return feasible: 14[0m
[32m2025-01-22 12:33:28,038 - INFO - Unnecessary comps: (0 / 0)[0m
[32m2025-01-22 12:33:28,038 - INFO - Calls to is_day_infeasible: cp_solver=8/ total=14 stored=6[0m
[32m2025-01-22 12:33:28,038 - INFO - Num_constraints-added: 0[0m
[32m2025-01-22 12:33:28,038 - INFO - Is feasible: 0.2448573112487793 0.9265386360745305[0m
[32m2025-01-22 12:33:28,038 - INFO - Subsolver: Solve Model: 0.1408984661102295/0.5866258622384002[0m
[32m2025-01-22 12:33:28,038 - INFO - Subsolver: Create Model: 0.09928607940673828/0.4133741377615998[0m
[32m2025-01-22 12:33:28,038 - INFO - Optimal solution found.[0m
[34m2025-01-22 12:33:28,038 - DEBUG - Sub Objectives:[0m
[34m2025-01-22 12:33:28,038 - DEBUG - (SOLVER):Minimize Delay: 0.0[0m
[34m2025-01-22 12:33:28,038 - DEBUG - (SOLVER):Minimize Missing Treatments: 1520.0[0m
[32m2025-01-22 12:33:28,039 - INFO - All cuts [][0m
[32m2025-01-22 12:33:28,039 - INFO - All cuts [][0m
[34m2025-01-22 12:33:28,066 - DEBUG - SUBSOLVER DAY:0[0m
[34m2025-01-22 12:33:28,067 - DEBUG - SUBSOLVER PATIENTS:{T(ergotherapy_a): {}, T(ergotherapy_b): {}, T(ergotherapy_c): {}, T(physiotherapy_a): {}, T(physiotherapy_b): {}, T(physiotherapy_c): {}, T(physiotherapy_d): {P(patient0_o): 2, P(patient1_o): 2}, T(watergymnastics): {P(patient0_c): 2, P(patient0_o): 2, P(patient1_p): 2}, T(hydrotherapy): {}, T(nordic_walking): {}, T(fitness_training): {}, T(yoga): {}, T(psychotherapy_single): {P(patient1_p): 2}, T(psychotherapy_group_a): {}, T(psychotherapy_group_b): {}, T(psychotherapy_group_c): {}, T(psychotherapy_group_d): {}, T(smoking_cessation): {}, T(nutritional_advice): {}, T(cardiological_health_seminar): {}, T(general_psychological_support): {}, T(massage): {P(patient0_c): 3, P(patient0_o): 1, P(patient1_o): 3}}[0m
[34m2025-01-22 12:33:28,087 - DEBUG - SUBSOLVER DAY:1[0m
[34m2025-01-22 12:33:28,087 - DEBUG - SUBSOLVER PATIENTS:{T(ergotherapy_a): {}, T(ergotherapy_b): {}, T(ergotherapy_c): {}, T(physiotherapy_a): {P(patient0_c): 1}, T(physiotherapy_b): {}, T(physiotherapy_c): {P(patient0_o): 1, P(patient1_o): 2}, T(physiotherapy_d): {P(patient1_o): 1}, T(watergymnastics): {P(patient0_c): 2, P(patient0_o): 2, P(patient1_p): 2}, T(hydrotherapy): {}, T(nordic_walking): {}, T(fitness_training): {}, T(yoga): {}, T(psychotherapy_single): {}, T(psychotherapy_group_a): {}, T(psychotherapy_group_b): {}, T(psychotherapy_group_c): {}, T(psychotherapy_group_d): {}, T(smoking_cessation): {P(patient0_c): 2, P(patient0_o): 2, P(patient1_o): 2}, T(nutritional_advice): {}, T(cardiological_health_seminar): {}, T(general_psychological_support): {}, T(massage): {P(patient1_p): 2}}[0m
[34m2025-01-22 12:33:28,113 - DEBUG - SUBSOLVER DAY:2[0m
[34m2025-01-22 12:33:28,113 - DEBUG - SUBSOLVER PATIENTS:{T(ergotherapy_a): {}, T(ergotherapy_b): {}, T(ergotherapy_c): {}, T(physiotherapy_a): {P(patient0_c): 2}, T(physiotherapy_b): {}, T(physiotherapy_c): {P(patient0_o): 3, P(patient1_o): 2}, T(physiotherapy_d): {}, T(watergymnastics): {}, T(hydrotherapy): {}, T(nordic_walking): {}, T(fitness_training): {P(patient0_p): 1}, T(yoga): {}, T(psychotherapy_single): {P(patient0_p): 2, P(patient1_p): 1}, T(psychotherapy_group_a): {}, T(psychotherapy_group_b): {}, T(psychotherapy_group_c): {}, T(psychotherapy_group_d): {}, T(smoking_cessation): {}, T(nutritional_advice): {}, T(cardiological_health_seminar): {}, T(general_psychological_support): {P(patient0_c): 2}, T(massage): {P(patient1_p): 2}}[0m
[34m2025-01-22 12:33:28,127 - DEBUG - SUBSOLVER DAY:3[0m
[34m2025-01-22 12:33:28,127 - DEBUG - SUBSOLVER PATIENTS:{T(ergotherapy_a): {}, T(ergotherapy_b): {}, T(ergotherapy_c): {}, T(physiotherapy_a): {P(patient0_c): 2}, T(physiotherapy_b): {}, T(physiotherapy_c): {P(patient1_o): 1}, T(physiotherapy_d): {P(patient0_o): 3, P(patient1_o): 2}, T(watergymnastics): {}, T(hydrotherapy): {P(patient1_c): 1}, T(nordic_walking): {}, T(fitness_training): {P(patient1_o): 1, P(patient0_p): 2, P(patient1_p): 2}, T(yoga): {}, T(psychotherapy_single): {P(patient0_p): 1}, T(psychotherapy_group_a): {}, T(psychotherapy_group_b): {}, T(psychotherapy_group_c): {}, T(psychotherapy_group_d): {}, T(smoking_cessation): {}, T(nutritional_advice): {}, T(cardiological_health_seminar): {}, T(general_psychological_support): {P(patient1_c): 3}, T(massage): {}}[0m
[34m2025-01-22 12:33:28,145 - DEBUG - SUBSOLVER DAY:4[0m
[34m2025-01-22 12:33:28,145 - DEBUG - SUBSOLVER PATIENTS:{T(ergotherapy_a): {P(patient1_c): 3, P(patient0_o): 1, P(patient1_o): 1}, T(ergotherapy_b): {P(patient0_p): 4}, T(ergotherapy_c): {}, T(physiotherapy_a): {P(patient1_c): 1}, T(physiotherapy_b): {}, T(physiotherapy_c): {}, T(physiotherapy_d): {P(patient2_o): 5}, T(watergymnastics): {}, T(hydrotherapy): {P(patient0_c): 2, P(patient1_o): 1}, T(nordic_walking): {}, T(fitness_training): {}, T(yoga): {P(patient1_p): 1}, T(psychotherapy_single): {P(patient1_p): 1}, T(psychotherapy_group_a): {}, T(psychotherapy_group_b): {}, T(psychotherapy_group_c): {}, T(psychotherapy_group_d): {}, T(smoking_cessation): {}, T(nutritional_advice): {}, T(cardiological_health_seminar): {}, T(general_psychological_support): {P(patient0_c): 1, P(patient0_o): 1}, T(massage): {}}[0m
[34m2025-01-22 12:33:28,168 - DEBUG - SUBSOLVER DAY:5[0m
[34m2025-01-22 12:33:28,169 - DEBUG - SUBSOLVER PATIENTS:{T(ergotherapy_a): {P(patient0_c): 4, P(patient1_c): 3, P(patient0_o): 1}, T(ergotherapy_b): {}, T(ergotherapy_c): {}, T(physiotherapy_a): {}, T(physiotherapy_b): {P(patient2_o): 2}, T(physiotherapy_c): {P(patient1_o): 1, P(patient2_o): 2}, T(physiotherapy_d): {P(patient0_o): 1, P(patient1_o): 2, P(patient2_o): 1}, T(watergymnastics): {}, T(hydrotherapy): {P(patient0_c): 1, P(patient1_c): 1, P(patient1_o): 2}, T(nordic_walking): {}, T(fitness_training): {P(patient0_o): 2}, T(yoga): {}, T(psychotherapy_single): {P(patient0_p): 3, P(patient1_p): 4}, T(psychotherapy_group_a): {}, T(psychotherapy_group_b): {}, T(psychotherapy_group_c): {}, T(psychotherapy_group_d): {}, T(smoking_cessation): {}, T(nutritional_advice): {}, T(cardiological_health_seminar): {}, T(general_psychological_support): {}, T(massage): {P(patient0_o): 1}}[0m
[34m2025-01-22 12:33:28,202 - DEBUG - SUBSOLVER DAY:6[0m
[34m2025-01-22 12:33:28,202 - DEBUG - SUBSOLVER PATIENTS:{T(ergotherapy_a): {}, T(ergotherapy_b): {P(patient0_c): 1, P(patient1_p): 1}, T(ergotherapy_c): {}, T(physiotherapy_a): {P(patient0_c): 3}, T(physiotherapy_b): {}, T(physiotherapy_c): {P(patient0_o): 2, P(patient1_o): 2, P(patient2_o): 3}, T(physiotherapy_d): {P(patient1_o): 1}, T(watergymnastics): {}, T(hydrotherapy): {}, T(nordic_walking): {}, T(fitness_training): {}, T(yoga): {P(patient0_c): 1, P(patient0_o): 2, P(patient1_p): 1, P(patient2_p): 2}, T(psychotherapy_single): {P(patient2_p): 1}, T(psychotherapy_group_a): {P(patient0_p): 1, P(patient1_p): 1, P(patient2_p): 1}, T(psychotherapy_group_b): {}, T(psychotherapy_group_c): {}, T(psychotherapy_group_d): {}, T(smoking_cessation): {P(patient0_o): 1, P(patient1_o): 1, P(patient0_p): 1}, T(nutritional_advice): {}, T(cardiological_health_seminar): {}, T(general_psychological_support): {P(patient1_c): 1, P(patient2_o): 1}, T(massage): {P(patient1_c): 3, P(patient1_o): 1, P(patient2_o): 1, P(patient0_p): 1, P(patient1_p): 1}}[0m
[34m2025-01-22 12:33:28,258 - DEBUG - Patient 0 is admitted at day 0.[0m
[34m2025-01-22 12:33:28,258 - DEBUG - Patient 1 is admitted at day 3.[0m
[34m2025-01-22 12:33:28,258 - DEBUG - Patient 2 is admitted at day 0.[0m
[34m2025-01-22 12:33:28,258 - DEBUG - Patient 3 is admitted at day 0.[0m
[34m2025-01-22 12:33:28,258 - DEBUG - Patient 4 is admitted at day 4.[0m
[34m2025-01-22 12:33:28,258 - DEBUG - Patient 5 is admitted at day 10.[0m
[34m2025-01-22 12:33:28,258 - DEBUG - Patient 6 is admitted at day 14.[0m
[34m2025-01-22 12:33:28,258 - DEBUG - Patient 7 is admitted at day 2.[0m
[34m2025-01-22 12:33:28,258 - DEBUG - Patient 8 is admitted at day 0.[0m
[34m2025-01-22 12:33:28,258 - DEBUG - Patient 9 is admitted at day 6.[0m
[34m2025-01-22 12:33:28,258 - DEBUG - Patients [3] have treatment 6 starting at day 0, hour 9.0 using resources [2, 8].[0m
[34m2025-01-22 12:33:28,258 - DEBUG - Patients [3] have treatment 6 starting at day 0, hour 9.75 using resources [2, 8].[0m
[34m2025-01-22 12:33:28,258 - DEBUG - Patients [2] have treatment 6 starting at day 0, hour 10.5 using resources [2, 8].[0m
[34m2025-01-22 12:33:28,258 - DEBUG - Patients [2] have treatment 6 starting at day 0, hour 11.25 using resources [1, 8].[0m
[34m2025-01-22 12:33:28,258 - DEBUG - Patients [0, 2, 8] have treatment 7 starting at day 0, hour 8.0 using resources [4, 9].[0m
[34m2025-01-22 12:33:28,258 - DEBUG - Patients [0, 2, 8] have treatment 7 starting at day 0, hour 9.25 using resources [4, 9].[0m
[34m2025-01-22 12:33:28,258 - DEBUG - Patients [8] have treatment 12 starting at day 0, hour 10.5 using resources [3, 5].[0m
[34m2025-01-22 12:33:28,259 - DEBUG - Patients [8] have treatment 12 starting at day 0, hour 11.75 using resources [3, 5].[0m
[34m2025-01-22 12:33:28,259 - DEBUG - Patients [3] have treatment 21 starting at day 0, hour 8.0 using resources [2, 7].[0m
[34m2025-01-22 12:33:28,259 - DEBUG - Patients [3] have treatment 21 starting at day 0, hour 8.5 using resources [2, 5].[0m
[34m2025-01-22 12:33:28,259 - DEBUG - Patients [3] have treatment 21 starting at day 0, hour 11.25 using resources [2, 5].[0m
[34m2025-01-22 12:33:28,259 - DEBUG - Patients [2] have treatment 21 starting at day 0, hour 12.5 using resources [2, 5].[0m
[34m2025-01-22 12:33:28,259 - DEBUG - Patients [0] have treatment 21 starting at day 0, hour 13.0 using resources [2, 5].[0m
[34m2025-01-22 12:33:28,259 - DEBUG - Patients [0] have treatment 21 starting at day 0, hour 13.5 using resources [2, 5].[0m
[34m2025-01-22 12:33:28,259 - DEBUG - Patients [0] have treatment 21 starting at day 0, hour 14.0 using resources [2, 7].[0m
[34m2025-01-22 12:33:28,259 - DEBUG - Patients [0] have treatment 3 starting at day 1, hour 11.25 using resources [2, 7].[0m
[34m2025-01-22 12:33:28,259 - DEBUG - Patients [2] have treatment 5 starting at day 1, hour 8.0 using resources [2, 8].[0m
[34m2025-01-22 12:33:28,259 - DEBUG - Patients [3] have treatment 5 starting at day 1, hour 8.75 using resources [2, 8].[0m
[34m2025-01-22 12:33:28,259 - DEBUG - Patients [3] have treatment 5 starting at day 1, hour 9.5 using resources [2, 8].[0m
[34m2025-01-22 12:33:28,259 - DEBUG - Patients [3] have treatment 6 starting at day 1, hour 10.25 using resources [2, 8].[0m
[34m2025-01-22 12:33:28,259 - DEBUG - Patients [0, 2, 8] have treatment 7 starting at day 1, hour 8.75 using resources [4, 9].[0m
[34m2025-01-22 12:33:28,259 - DEBUG - Patients [0, 2, 8] have treatment 7 starting at day 1, hour 10.0 using resources [4, 9].[0m
[34m2025-01-22 12:33:28,259 - DEBUG - Patients [0, 2, 3] have treatment 17 starting at day 1, hour 12.0 using resources [0, 7].[0m
[34m2025-01-22 12:33:28,259 - DEBUG - Patients [0, 2, 3] have treatment 17 starting at day 1, hour 12.5 using resources [0, 7].[0m
[34m2025-01-22 12:33:28,259 - DEBUG - Patients [8] have treatment 21 starting at day 1, hour 12.0 using resources [2, 5].[0m
[34m2025-01-22 12:33:28,259 - DEBUG - Patients [8] have treatment 21 starting at day 1, hour 12.5 using resources [2, 5].[0m
[34m2025-01-22 12:33:28,259 - DEBUG - Patients [0] have treatment 3 starting at day 2, hour 10.25 using resources [2, 5].[0m
[34m2025-01-22 12:33:28,259 - DEBUG - Patients [0] have treatment 3 starting at day 2, hour 12.5 using resources [2, 5].[0m
[34m2025-01-22 12:33:28,259 - DEBUG - Patients [3] have treatment 5 starting at day 2, hour 8.0 using resources [2, 8].[0m
[34m2025-01-22 12:33:28,259 - DEBUG - Patients [3] have treatment 5 starting at day 2, hour 8.75 using resources [2, 8].[0m
[34m2025-01-22 12:33:28,259 - DEBUG - Patients [2] have treatment 5 starting at day 2, hour 9.5 using resources [2, 8].[0m
[34m2025-01-22 12:33:28,259 - DEBUG - Patients [2] have treatment 5 starting at day 2, hour 11.0 using resources [2, 8].[0m
[34m2025-01-22 12:33:28,259 - DEBUG - Patients [2] have treatment 5 starting at day 2, hour 11.75 using resources [1, 8].[0m
[34m2025-01-22 12:33:28,259 - DEBUG - Patients [7] have treatment 10 starting at day 2, hour 11.75 using resources [2, 12].[0m
[34m2025-01-22 12:33:28,259 - DEBUG - Patients [7] have treatment 12 starting at day 2, hour 9.5 using resources [3, 7].[0m
[34m2025-01-22 12:33:28,259 - DEBUG - Patients [7] have treatment 12 starting at day 2, hour 11.0 using resources [3, 5].[0m
[34m2025-01-22 12:33:28,259 - DEBUG - Patients [8] have treatment 12 starting at day 2, hour 11.75 using resources [3, 7].[0m
[34m2025-01-22 12:33:28,260 - DEBUG - Patients [0] have treatment 20 starting at day 2, hour 8.0 using resources [3, 5].[0m
[34m2025-01-22 12:33:28,260 - DEBUG - Patients [0] have treatment 20 starting at day 2, hour 8.75 using resources [3, 5].[0m
[34m2025-01-22 12:33:28,260 - DEBUG - Patients [8] have treatment 21 starting at day 2, hour 13.25 using resources [2, 5].[0m
[34m2025-01-22 12:33:28,260 - DEBUG - Patients [8] have treatment 21 starting at day 2, hour 13.75 using resources [2, 5].[0m
[34m2025-01-22 12:33:28,260 - DEBUG - Patients [0] have treatment 3 starting at day 3, hour 13.25 using resources [2, 7].[0m
[34m2025-01-22 12:33:28,260 - DEBUG - Patients [0] have treatment 3 starting at day 3, hour 14.0 using resources [2, 7].[0m
[34m2025-01-22 12:33:28,260 - DEBUG - Patients [3] have treatment 5 starting at day 3, hour 10.25 using resources [2, 8].[0m
[34m2025-01-22 12:33:28,260 - DEBUG - Patients [3] have treatment 6 starting at day 3, hour 8.0 using resources [2, 8].[0m
[34m2025-01-22 12:33:28,260 - DEBUG - Patients [3] have treatment 6 starting at day 3, hour 8.75 using resources [2, 8].[0m
[34m2025-01-22 12:33:28,260 - DEBUG - Patients [2] have treatment 6 starting at day 3, hour 9.5 using resources [2, 8].[0m
[34m2025-01-22 12:33:28,260 - DEBUG - Patients [2] have treatment 6 starting at day 3, hour 11.0 using resources [2, 8].[0m
[34m2025-01-22 12:33:28,260 - DEBUG - Patients [2] have treatment 6 starting at day 3, hour 11.75 using resources [1, 8].[0m
[34m2025-01-22 12:33:28,260 - DEBUG - Patients [1] have treatment 8 starting at day 3, hour 8.75 using resources [0, 16].[0m
[34m2025-01-22 12:33:28,260 - DEBUG - Patients [3, 7, 8] have treatment 10 starting at day 3, hour 11.75 using resources [2, 15].[0m
[34m2025-01-22 12:33:28,260 - DEBUG - Patients [7, 8] have treatment 10 starting at day 3, hour 12.5 using resources [2, 12].[0m
[34m2025-01-22 12:33:28,260 - DEBUG - Patients [7] have treatment 12 starting at day 3, hour 8.75 using resources [3, 5].[0m
[34m2025-01-22 12:33:28,260 - DEBUG - Patients [1] have treatment 20 starting at day 3, hour 8.0 using resources [3, 5].[0m
[34m2025-01-22 12:33:28,260 - DEBUG - Patients [1] have treatment 20 starting at day 3, hour 9.5 using resources [3, 5].[0m
[34m2025-01-22 12:33:28,260 - DEBUG - Patients [1] have treatment 20 starting at day 3, hour 10.25 using resources [3, 5].[0m
[34m2025-01-22 12:33:28,260 - DEBUG - Patients [1, 2, 3] have treatment 0 starting at day 4, hour 8.0 using resources [1, 7].[0m
[34m2025-01-22 12:33:28,260 - DEBUG - Patients [1] have treatment 0 starting at day 4, hour 13.5 using resources [0, 6].[0m
[34m2025-01-22 12:33:28,260 - DEBUG - Patients [1] have treatment 0 starting at day 4, hour 14.25 using resources [0, 5].[0m
[34m2025-01-22 12:33:28,260 - DEBUG - Patients [7] have treatment 1 starting at day 4, hour 8.0 using resources [0, 5, 11].[0m
[34m2025-01-22 12:33:28,260 - DEBUG - Patients [7] have treatment 1 starting at day 4, hour 9.0 using resources [0, 5, 11].[0m
[34m2025-01-22 12:33:28,260 - DEBUG - Patients [7] have treatment 1 starting at day 4, hour 10.75 using resources [0, 5, 11].[0m
[34m2025-01-22 12:33:28,260 - DEBUG - Patients [7] have treatment 1 starting at day 4, hour 11.75 using resources [0, 5, 11].[0m
[34m2025-01-22 12:33:28,260 - DEBUG - Patients [1] have treatment 3 starting at day 4, hour 12.75 using resources [2, 5].[0m
[34m2025-01-22 12:33:28,260 - DEBUG - Patients [4] have treatment 6 starting at day 4, hour 8.0 using resources [2, 8].[0m
[34m2025-01-22 12:33:28,260 - DEBUG - Patients [4] have treatment 6 starting at day 4, hour 8.75 using resources [2, 8].[0m
[34m2025-01-22 12:33:28,260 - DEBUG - Patients [4] have treatment 6 starting at day 4, hour 9.5 using resources [2, 8].[0m
[34m2025-01-22 12:33:28,261 - DEBUG - Patients [4] have treatment 6 starting at day 4, hour 10.25 using resources [2, 8].[0m
[34m2025-01-22 12:33:28,261 - DEBUG - Patients [4] have treatment 6 starting at day 4, hour 11.0 using resources [2, 8].[0m
[34m2025-01-22 12:33:28,261 - DEBUG - Patients [0] have treatment 8 starting at day 4, hour 10.0 using resources [0, 16].[0m
[34m2025-01-22 12:33:28,261 - DEBUG - Patients [0] have treatment 8 starting at day 4, hour 15.0 using resources [0, 16].[0m
[34m2025-01-22 12:33:28,261 - DEBUG - Patients [3] have treatment 8 starting at day 4, hour 15.5 using resources [0, 16].[0m
[34m2025-01-22 12:33:28,261 - DEBUG - Patients [8] have treatment 11 starting at day 4, hour 12.75 using resources [0, 8].[0m
[34m2025-01-22 12:33:28,261 - DEBUG - Patients [8] have treatment 12 starting at day 4, hour 15.0 using resources [3, 5].[0m
[34m2025-01-22 12:33:28,261 - DEBUG - Patients [2] have treatment 20 starting at day 4, hour 10.0 using resources [3, 5].[0m
[34m2025-01-22 12:33:28,261 - DEBUG - Patients [0] have treatment 20 starting at day 4, hour 13.5 using resources [3, 5].[0m
[34m2025-01-22 12:33:28,261 - DEBUG - Patients [0, 1, 2] have treatment 0 starting at day 5, hour 8.0 using resources [1, 7].[0m
[34m2025-01-22 12:33:28,261 - DEBUG - Patients [0, 1] have treatment 0 starting at day 5, hour 11.0 using resources [0, 5].[0m
[34m2025-01-22 12:33:28,261 - DEBUG - Patients [0, 1] have treatment 0 starting at day 5, hour 12.5 using resources [0, 5].[0m
[34m2025-01-22 12:33:28,261 - DEBUG - Patients [0] have treatment 0 starting at day 5, hour 13.25 using resources [0, 5].[0m
[34m2025-01-22 12:33:28,261 - DEBUG - Patients [4] have treatment 4 starting at day 5, hour 15.25 using resources [2, 5].[0m
[34m2025-01-22 12:33:28,261 - DEBUG - Patients [4] have treatment 4 starting at day 5, hour 15.5 using resources [2, 5].[0m
[34m2025-01-22 12:33:28,261 - DEBUG - Patients [3] have treatment 5 starting at day 5, hour 10.25 using resources [2, 8].[0m
[34m2025-01-22 12:33:28,261 - DEBUG - Patients [4] have treatment 5 starting at day 5, hour 12.5 using resources [2, 8].[0m
[34m2025-01-22 12:33:28,261 - DEBUG - Patients [4] have treatment 5 starting at day 5, hour 14.0 using resources [2, 8].[0m
[34m2025-01-22 12:33:28,261 - DEBUG - Patients [4] have treatment 6 starting at day 5, hour 8.0 using resources [2, 8].[0m
[34m2025-01-22 12:33:28,261 - DEBUG - Patients [3] have treatment 6 starting at day 5, hour 11.0 using resources [2, 8].[0m
[34m2025-01-22 12:33:28,261 - DEBUG - Patients [3] have treatment 6 starting at day 5, hour 11.75 using resources [2, 8].[0m
[34m2025-01-22 12:33:28,261 - DEBUG - Patients [2] have treatment 6 starting at day 5, hour 13.25 using resources [1, 8].[0m
[34m2025-01-22 12:33:28,261 - DEBUG - Patients [3] have treatment 8 starting at day 5, hour 8.0 using resources [0, 16].[0m
[34m2025-01-22 12:33:28,261 - DEBUG - Patients [3] have treatment 8 starting at day 5, hour 8.5 using resources [0, 16].[0m
[34m2025-01-22 12:33:28,261 - DEBUG - Patients [1] have treatment 8 starting at day 5, hour 9.0 using resources [0, 16].[0m
[34m2025-01-22 12:33:28,261 - DEBUG - Patients [0] have treatment 8 starting at day 5, hour 9.5 using resources [0, 16].[0m
[34m2025-01-22 12:33:28,261 - DEBUG - Patients [2] have treatment 10 starting at day 5, hour 8.75 using resources [2, 15].[0m
[34m2025-01-22 12:33:28,261 - DEBUG - Patients [2] have treatment 10 starting at day 5, hour 9.5 using resources [2, 14].[0m
[34m2025-01-22 12:33:28,261 - DEBUG - Patients [8] have treatment 12 starting at day 5, hour 8.0 using resources [3, 5].[0m
[34m2025-01-22 12:33:28,261 - DEBUG - Patients [8] have treatment 12 starting at day 5, hour 8.75 using resources [3, 5].[0m
[34m2025-01-22 12:33:28,262 - DEBUG - Patients [8] have treatment 12 starting at day 5, hour 9.5 using resources [3, 5].[0m
[34m2025-01-22 12:33:28,262 - DEBUG - Patients [8] have treatment 12 starting at day 5, hour 10.25 using resources [3, 5].[0m
[34m2025-01-22 12:33:28,262 - DEBUG - Patients [7] have treatment 12 starting at day 5, hour 11.75 using resources [3, 5].[0m
[34m2025-01-22 12:33:28,262 - DEBUG - Patients [7] have treatment 12 starting at day 5, hour 14.0 using resources [3, 5].[0m
[34m2025-01-22 12:33:28,262 - DEBUG - Patients [7] have treatment 12 starting at day 5, hour 14.75 using resources [3, 6].[0m
[34m2025-01-22 12:33:28,262 - DEBUG - Patients [2] have treatment 21 starting at day 5, hour 14.75 using resources [2, 5].[0m
[34m2025-01-22 12:33:28,262 - DEBUG - Patients [0] have treatment 1 starting at day 6, hour 8.75 using resources [1, 7, 10].[0m
[34m2025-01-22 12:33:28,262 - DEBUG - Patients [8] have treatment 1 starting at day 6, hour 9.0 using resources [0, 6, 11].[0m
[34m2025-01-22 12:33:28,262 - DEBUG - Patients [0] have treatment 3 starting at day 6, hour 8.0 using resources [1, 6].[0m
[34m2025-01-22 12:33:28,262 - DEBUG - Patients [0] have treatment 3 starting at day 6, hour 10.0 using resources [1, 6].[0m
[34m2025-01-22 12:33:28,262 - DEBUG - Patients [0] have treatment 3 starting at day 6, hour 14.25 using resources [2, 5].[0m
[34m2025-01-22 12:33:28,262 - DEBUG - Patients [4] have treatment 5 starting at day 6, hour 8.0 using resources [2, 8].[0m
[34m2025-01-22 12:33:28,262 - DEBUG - Patients [4] have treatment 5 starting at day 6, hour 8.75 using resources [2, 8].[0m
[34m2025-01-22 12:33:28,262 - DEBUG - Patients [4] have treatment 5 starting at day 6, hour 9.5 using resources [2, 8].[0m
[34m2025-01-22 12:33:28,262 - DEBUG - Patients [3] have treatment 5 starting at day 6, hour 12.25 using resources [2, 8].[0m
[34m2025-01-22 12:33:28,262 - DEBUG - Patients [3] have treatment 5 starting at day 6, hour 13.75 using resources [1, 8].[0m
[34m2025-01-22 12:33:28,262 - DEBUG - Patients [2] have treatment 5 starting at day 6, hour 14.5 using resources [1, 8].[0m
[34m2025-01-22 12:33:28,262 - DEBUG - Patients [2] have treatment 5 starting at day 6, hour 15.25 using resources [1, 8].[0m
[34m2025-01-22 12:33:28,262 - DEBUG - Patients [3] have treatment 6 starting at day 6, hour 13.0 using resources [2, 8].[0m
[34m2025-01-22 12:33:28,262 - DEBUG - Patients [0, 2, 8, 9] have treatment 11 starting at day 6, hour 10.75 using resources [0, 8].[0m
[34m2025-01-22 12:33:28,262 - DEBUG - Patients [2, 9] have treatment 11 starting at day 6, hour 11.5 using resources [0, 8].[0m
[34m2025-01-22 12:33:28,262 - DEBUG - Patients [9] have treatment 12 starting at day 6, hour 9.0 using resources [3, 5].[0m
[34m2025-01-22 12:33:28,262 - DEBUG - Patients [7, 8, 9] have treatment 13 starting at day 6, hour 8.0 using resources [3, 5].[0m
[34m2025-01-22 12:33:28,262 - DEBUG - Patients [2, 3, 7] have treatment 17 starting at day 6, hour 10.0 using resources [0, 7].[0m
[34m2025-01-22 12:33:28,262 - DEBUG - Patients [4] have treatment 20 starting at day 6, hour 12.25 using resources [3, 5].[0m
[34m2025-01-22 12:33:28,262 - DEBUG - Patients [1] have treatment 20 starting at day 6, hour 13.0 using resources [3, 5].[0m
[34m2025-01-22 12:33:28,262 - DEBUG - Patients [8] have treatment 21 starting at day 6, hour 10.25 using resources [2, 5].[0m
[34m2025-01-22 12:33:28,262 - DEBUG - Patients [7] have treatment 21 starting at day 6, hour 10.75 using resources [2, 5].[0m
[34m2025-01-22 12:33:28,262 - DEBUG - Patients [4] have treatment 21 starting at day 6, hour 11.25 using resources [2, 5].[0m
[34m2025-01-22 12:33:28,262 - DEBUG - Patients [3] have treatment 21 starting at day 6, hour 11.75 using resources [2, 5].[0m
[34m2025-01-22 12:33:28,263 - DEBUG - Patients [1] have treatment 21 starting at day 6, hour 13.75 using resources [2, 5].[0m
[34m2025-01-22 12:33:28,263 - DEBUG - Patients [1] have treatment 21 starting at day 6, hour 15.0 using resources [2, 5].[0m
[34m2025-01-22 12:33:28,263 - DEBUG - Patients [1] have treatment 21 starting at day 6, hour 15.5 using resources [2, 5].[0m
Schedule Hash: 98270a064ec7c305e644f5f051033d98
Patients Arrival Hash: 808c0783e170a213c719ced98ad499a1
Solver Hash: 3fbbc132ba7c0020d3fa7df44ee535ee
Solution Hash: a197d58d11da179efc7e1763c6460a8f
[34m2025-01-22 12:33:28,268 - DEBUG - Checking solution value.[0m
[34m2025-01-22 12:33:28,268 - DEBUG - Solvers objective function value: 1520.0[0m
[34m2025-01-22 12:33:28,268 - DEBUG - (VERIFIER):Treatment value: 0[0m
[34m2025-01-22 12:33:28,268 - DEBUG - (VERIFIER):Delay value: 0[0m
[34m2025-01-22 12:33:28,268 - DEBUG - (VERIFIER):Missing treatment value: 1520[0m
[34m2025-01-22 12:33:28,268 - DEBUG - Correct objective function value: 1520[0m
[34m2025-01-22 12:33:28,268 - DEBUG - Solution is valid.[0m
[34m2025-01-22 12:33:28,268 - DEBUG - All solvers accepted the solution.[0m
[32m2025-01-22 12:33:28,268 - INFO - Time to find solution: 2.273s with value 1520.000000[0m
[32m2025-01-22 12:33:28,269 - INFO - Extract solution time: 0.23s[0m
[32m2025-01-22 12:33:28,269 - INFO - Total Time: 3.44s[0m
