1.NAME: MIPSolver3
2.PARAMS: {'break_symmetry': False, 'break_symmetry_strong': False}
3.INSTANCE: /home/wx350715/Kobra/rehabiliation-admission-scheduling/data/comp_study_002/instance_1_less_prescriptions_30.txt
4.REPETITION: 1
Current directory: /home/wx350715/Kobra/rehabiliation-admission-scheduling
[34m2025-01-01 15:58:20,460 - DEBUG - Solver: <class 'src.solvers.mip3.MIPSolver3'>[0m
[34m2025-01-01 15:58:20,461 - DEBUG - Args: {'break_symmetry': False, 'break_symmetry_strong': False}[0m
[34m2025-01-01 15:58:20,461 - DEBUG - File path /home/wx350715/Kobra/rehabiliation-admission-scheduling/data/comp_study_002/instance_1_less_prescriptions_30.txt[0m
[34m2025-01-01 15:58:20,461 - DEBUG - ADD INSTANCE DATA[0m
[34m2025-01-01 15:58:20,461 - DEBUG - ADD INSTANCE DATA[0m
[34m2025-01-01 15:58:20,461 - DEBUG - ADD INSTANCE DATA[0m
[34m2025-01-01 15:58:20,461 - DEBUG - ADD INSTANCE DATA[0m
[34m2025-01-01 15:58:20,461 - DEBUG - ADD INSTANCE DATA[0m
[34m2025-01-01 15:58:20,461 - DEBUG - ADD INSTANCE DATA[0m
[34m2025-01-01 15:58:20,461 - DEBUG - ADD INSTANCE DATA[0m
[34m2025-01-01 15:58:20,461 - DEBUG - ADD INSTANCE DATA[0m
[34m2025-01-01 15:58:20,461 - DEBUG - ADD INSTANCE DATA[0m
[34m2025-01-01 15:58:20,461 - DEBUG - ADD INSTANCE DATA[0m
[34m2025-01-01 15:58:20,461 - DEBUG - ADD INSTANCE DATA[0m
[34m2025-01-01 15:58:20,462 - DEBUG - ADD RESOURCE_GROUPS[0m
[34m2025-01-01 15:58:20,462 - DEBUG - ADD RESOURCE_GROUPS[0m
[34m2025-01-01 15:58:20,462 - DEBUG - ADD RESOURCE_GROUPS[0m
[34m2025-01-01 15:58:20,462 - DEBUG - ADD RESOURCE_GROUPS[0m
[34m2025-01-01 15:58:20,462 - DEBUG - ADD RESOURCES[0m
[34m2025-01-01 15:58:20,462 - DEBUG - ADD RESOURCES[0m
[34m2025-01-01 15:58:20,462 - DEBUG - ADD RESOURCES[0m
[34m2025-01-01 15:58:20,462 - DEBUG - ADD RESOURCES[0m
[34m2025-01-01 15:58:20,462 - DEBUG - ADD RESOURCES[0m
[34m2025-01-01 15:58:20,462 - DEBUG - ADD RESOURCES[0m
[34m2025-01-01 15:58:20,462 - DEBUG - ADD RESOURCES[0m
[34m2025-01-01 15:58:20,463 - DEBUG - ADD RESOURCES[0m
[34m2025-01-01 15:58:20,463 - DEBUG - ADD RESOURCES[0m
[34m2025-01-01 15:58:20,463 - DEBUG - ADD TREATMENTS[0m
[34m2025-01-01 15:58:20,463 - DEBUG - ADD TREATMENTS[0m
[34m2025-01-01 15:58:20,463 - DEBUG - ADD TREATMENTS[0m
[34m2025-01-01 15:58:20,463 - DEBUG - ADD TREATMENTS[0m
[34m2025-01-01 15:58:20,463 - DEBUG - ADD TREATMENTS[0m
[34m2025-01-01 15:58:20,463 - DEBUG - ADD TREATMENTS[0m
[34m2025-01-01 15:58:20,463 - DEBUG - ADD TREATMENTS[0m
[34m2025-01-01 15:58:20,464 - DEBUG - ADD TREATMENTS[0m
[34m2025-01-01 15:58:20,464 - DEBUG - ADD PATIENTS[0m
[34m2025-01-01 15:58:20,464 - DEBUG - ADD PATIENTS[0m
[34m2025-01-01 15:58:20,464 - DEBUG - ADD PATIENTS[0m
[34m2025-01-01 15:58:20,464 - DEBUG - ADD PATIENTS[0m
[34m2025-01-01 15:58:20,464 - DEBUG - ADD PATIENTS[0m
[34m2025-01-01 15:58:20,464 - DEBUG - ADD PATIENTS[0m
[34m2025-01-01 15:58:20,464 - DEBUG - ADD PATIENTS[0m
[34m2025-01-01 15:58:20,465 - DEBUG - ADD PATIENTS[0m
[34m2025-01-01 15:58:20,465 - DEBUG - ADD PATIENTS[0m
[34m2025-01-01 15:58:20,465 - DEBUG - ADD PATIENTS[0m
[34m2025-01-01 15:58:20,465 - DEBUG - ADD PATIENTS[0m
[34m2025-01-01 15:58:20,465 - DEBUG - ADD PATIENTS[0m
[34m2025-01-01 15:58:20,465 - DEBUG - ADD PATIENTS[0m
[34m2025-01-01 15:58:20,465 - DEBUG - ADD PATIENTS[0m
[34m2025-01-01 15:58:20,465 - DEBUG - ADD PATIENTS[0m
[34m2025-01-01 15:58:20,466 - DEBUG - ADD PATIENTS[0m
[34m2025-01-01 15:58:20,466 - DEBUG - ADD PATIENTS[0m
[34m2025-01-01 15:58:20,466 - DEBUG - ADD PATIENTS[0m
[34m2025-01-01 15:58:20,466 - DEBUG - ADD PATIENTS[0m
[34m2025-01-01 15:58:20,466 - DEBUG - ADD PATIENTS[0m
[34m2025-01-01 15:58:20,466 - DEBUG - ADD PATIENTS[0m
[34m2025-01-01 15:58:20,466 - DEBUG - ADD PATIENTS[0m
[34m2025-01-01 15:58:20,466 - DEBUG - ADD PATIENTS[0m
[34m2025-01-01 15:58:20,466 - DEBUG - ADD PATIENTS[0m
[34m2025-01-01 15:58:20,467 - DEBUG - ADD PATIENTS[0m
[34m2025-01-01 15:58:20,467 - DEBUG - ADD PATIENTS[0m
[34m2025-01-01 15:58:20,468 - DEBUG - ADD PATIENTS[0m
[34m2025-01-01 15:58:20,468 - DEBUG - ADD PATIENTS[0m
[34m2025-01-01 15:58:20,468 - DEBUG - ADD PATIENTS[0m
[34m2025-01-01 15:58:20,468 - DEBUG - ADD PATIENTS[0m
[34m2025-01-01 15:58:20,468 - DEBUG - ADD PATIENTS[0m
[34m2025-01-01 15:58:20,469 - DEBUG - ADD PATIENTS[0m
[34m2025-01-01 15:58:20,469 - DEBUG - ADD PATIENTS[0m
[34m2025-01-01 15:58:20,469 - DEBUG - ADD PATIENTS[0m
[34m2025-01-01 15:58:20,469 - DEBUG - ADD PATIENTS[0m
[34m2025-01-01 15:58:20,469 - DEBUG - ADD PATIENTS[0m
[34m2025-01-01 15:58:20,469 - DEBUG - ADD PATIENTS[0m
[34m2025-01-01 15:58:20,469 - DEBUG - ADD PATIENTS[0m
[34m2025-01-01 15:58:20,469 - DEBUG - ADD PATIENTS[0m
[34m2025-01-01 15:58:20,470 - DEBUG - ADD PATIENTS[0m
[34m2025-01-01 15:58:20,470 - DEBUG - Instance data:[0m
[34m2025-01-01 15:58:20,470 - DEBUG - Number of patients: 40[0m
[34m2025-01-01 15:58:20,470 - DEBUG - Number of beds: 40[0m
[34m2025-01-01 15:58:20,470 - DEBUG - Average number of treatments per patient: 21.725[0m
[34m2025-01-01 15:58:20,470 - DEBUG - Average number of treatment per stayed day: 1.5714285714285714[0m
[34m2025-01-01 15:58:20,470 - DEBUG - Number of treatments: 869[0m
[34m2025-01-01 15:58:20,470 - DEBUG - Number of resources: 9[0m
[34m2025-01-01 15:58:20,470 - DEBUG - Number of resource groups: 4[0m
[34m2025-01-01 15:58:20,470 - DEBUG - Number of resource hours needed per all treatment by RG(therapists): 38.3375[0m
[34m2025-01-01 15:58:20,470 - DEBUG - Number of resource hours needed per all treatment by RG(rooms): 74.50000000000004[0m
[34m2025-01-01 15:58:20,470 - DEBUG - Number of resource hours needed per all treatment by RG(physiotherapist): 26.0[0m
[34m2025-01-01 15:58:20,470 - DEBUG - Number of resource hours needed per all treatment by RG(sport_room): 18.9375[0m
[32m2025-01-01 15:58:20,471 - INFO - {'solver': 'MIPSolver3', 'args': {'break_symmetry': True, 'break_symmetry_strong': True, 'enforce_min_treatments_per_day': True, 'enforce_max_treatments_per_e_w': True, 'enforce_min_patients_per_treatment': True, 'log_to_console': True}}[0m
[34m2025-01-01 15:58:20,471 - DEBUG - Setting options: MIPSolver3[0m
[34m2025-01-01 15:58:20,471 - DEBUG -  ---- break_symmetry to True[0m
[34m2025-01-01 15:58:20,471 - DEBUG -  ---- break_symmetry_strong to True[0m
[34m2025-01-01 15:58:20,471 - DEBUG - Setting options: Solver[0m
[34m2025-01-01 15:58:20,471 - DEBUG -  ---- number_of_threads to 4 (default)[0m
[34m2025-01-01 15:58:20,471 - DEBUG -  ---- treatment_value to 0 (default)[0m
[34m2025-01-01 15:58:20,471 - DEBUG -  ---- delay_value to 1 (default)[0m
[34m2025-01-01 15:58:20,471 - DEBUG -  ---- missing_treatment_value to 4 (default)[0m
[34m2025-01-01 15:58:20,471 - DEBUG -  ---- enforce_min_treatments_per_day to True[0m
[34m2025-01-01 15:58:20,471 - DEBUG -  ---- enforce_max_treatments_per_e_w to True[0m
[34m2025-01-01 15:58:20,471 - DEBUG -  ---- enforce_min_patients_per_treatment to True[0m
[34m2025-01-01 15:58:20,471 - DEBUG -  ---- log_to_console to True[0m
[34m2025-01-01 15:58:20,471 - DEBUG -  ---- log_to_file to True (default)[0m
[34m2025-01-01 15:58:20,471 - DEBUG -  ---- no_rel_heur_time to 1 (default)[0m
[32m2025-01-01 15:58:20,488 - INFO - Create model: MIPSolver3[0m
Set parameter TSPort to value 50039
Set parameter TokenServer to value "license.itc.rwth-aachen.de"
Set parameter Threads to value 4
Set parameter Cuts to value 0
Set parameter NoRelHeurTime to value 1
[34m2025-01-01 15:58:50,008 - DEBUG - Variables created.[0m
[34m2025-01-01 15:58:53,509 - DEBUG - Constraint (p1) created.[0m
[34m2025-01-01 15:59:45,265 - DEBUG - Constraint (when_admitted) created.[0m
[34m2025-01-01 15:59:50,168 - DEBUG - Constraint (p3) created.[0m
[34m2025-01-01 15:59:50,170 - DEBUG - Constraint (r1) created.[0m
[34m2025-01-01 15:59:53,432 - DEBUG - Constraint (r2) created.[0m
[34m2025-01-01 15:59:56,884 - DEBUG - Constraint (r3) created.[0m
[34m2025-01-01 16:00:30,608 - DEBUG - Constraint (r4) created.[0m
[34m2025-01-01 16:00:30,710 - DEBUG - Constraint (r5) created.[0m
[34m2025-01-01 16:00:36,016 - DEBUG - Constraint (r6) created.[0m
[34m2025-01-01 16:00:36,017 - DEBUG - Constraint (r7) created.[0m
[34m2025-01-01 16:00:45,943 - DEBUG - Constraint (a4) created.[0m
[34m2025-01-01 16:00:48,956 - DEBUG - Constraint (a5) created.[0m
[34m2025-01-01 16:00:51,805 - DEBUG - Constraint (a5) created.[0m
[34m2025-01-01 16:00:52,423 - DEBUG - Constraint (strong symmetry) created.[0m
[34m2025-01-01 16:00:52,587 - DEBUG - Constraint (symmetry) created.[0m
[32m2025-01-01 16:04:16,964 - INFO - Time to create model: 356.475[0m
[32m2025-01-01 16:04:16,964 - INFO - Solving model: MIPSolver3[0m
Gurobi Optimizer version 10.0.0 build v10.0.0rc2 (linux64)

CPU model: Intel(R) Xeon(R) Platinum 8468, instruction set [SSE2|AVX|AVX2|AVX512]
Thread count: 96 physical cores, 96 logical processors, using up to 4 threads

Optimize a model with 7568353 rows, 4559817 columns and 62849597 nonzeros
Model fingerprint: 0x192d9ed9
Variable types: 2 continuous, 4559815 integer (4559815 binary)
Coefficient statistics:
  Matrix range     [1e+00, 1e+01]
  Objective range  [1e+00, 1e+01]
  Bounds range     [1e+00, 1e+00]
  RHS range        [1e+00, 3e+03]
Presolve removed 1 rows and 2 columns (presolve time = 6s) ...
Presolve removed 21728 rows and 17644 columns (presolve time = 12s) ...
Presolve removed 1889594 rows and 1068542 columns (presolve time = 15s) ...
Presolve removed 1896734 rows and 1082822 columns (presolve time = 20s) ...
Presolve removed 1896734 rows and 1082822 columns (presolve time = 26s) ...
