1.NAME: MIPSolver3
2.PARAMS: {'break_symmetry': True, 'break_symmetry_strong': True}
3.INSTANCE: /home/wx350715/Kobra/rehabiliation-admission-scheduling/data/comp_study_002/instance_4_5.txt
4.REPETITION: 1
Current directory: /home/wx350715/Kobra/rehabiliation-admission-scheduling
[34m2025-01-02 11:00:33,418 - DEBUG - Solver: <class 'src.solvers.mip3.MIPSolver3'>[0m
[34m2025-01-02 11:00:33,418 - DEBUG - Args: {'break_symmetry': True, 'break_symmetry_strong': True}[0m
[34m2025-01-02 11:00:33,418 - DEBUG - File path /home/wx350715/Kobra/rehabiliation-admission-scheduling/data/comp_study_002/instance_4_5.txt[0m
[34m2025-01-02 11:00:33,433 - DEBUG - ADD INSTANCE DATA[0m
[34m2025-01-02 11:00:33,433 - DEBUG - ADD INSTANCE DATA[0m
[34m2025-01-02 11:00:33,433 - DEBUG - ADD INSTANCE DATA[0m
[34m2025-01-02 11:00:33,433 - DEBUG - ADD INSTANCE DATA[0m
[34m2025-01-02 11:00:33,433 - DEBUG - ADD INSTANCE DATA[0m
[34m2025-01-02 11:00:33,433 - DEBUG - ADD INSTANCE DATA[0m
[34m2025-01-02 11:00:33,434 - DEBUG - ADD INSTANCE DATA[0m
[34m2025-01-02 11:00:33,434 - DEBUG - ADD INSTANCE DATA[0m
[34m2025-01-02 11:00:33,434 - DEBUG - ADD INSTANCE DATA[0m
[34m2025-01-02 11:00:33,434 - DEBUG - ADD INSTANCE DATA[0m
[34m2025-01-02 11:00:33,434 - DEBUG - ADD INSTANCE DATA[0m
[34m2025-01-02 11:00:33,434 - DEBUG - ADD RESOURCE_GROUPS[0m
[34m2025-01-02 11:00:33,434 - DEBUG - ADD RESOURCE_GROUPS[0m
[34m2025-01-02 11:00:33,434 - DEBUG - ADD RESOURCE_GROUPS[0m
[34m2025-01-02 11:00:33,434 - DEBUG - ADD RESOURCE_GROUPS[0m
[34m2025-01-02 11:00:33,434 - DEBUG - ADD RESOURCES[0m
[34m2025-01-02 11:00:33,434 - DEBUG - ADD RESOURCES[0m
[34m2025-01-02 11:00:33,434 - DEBUG - ADD RESOURCES[0m
[34m2025-01-02 11:00:33,434 - DEBUG - ADD RESOURCES[0m
[34m2025-01-02 11:00:33,434 - DEBUG - ADD RESOURCES[0m
[34m2025-01-02 11:00:33,435 - DEBUG - ADD RESOURCES[0m
[34m2025-01-02 11:00:33,435 - DEBUG - ADD RESOURCES[0m
[34m2025-01-02 11:00:33,435 - DEBUG - ADD RESOURCES[0m
[34m2025-01-02 11:00:33,435 - DEBUG - ADD RESOURCES[0m
[34m2025-01-02 11:00:33,435 - DEBUG - ADD RESOURCES[0m
[34m2025-01-02 11:00:33,435 - DEBUG - ADD TREATMENTS[0m
[34m2025-01-02 11:00:33,435 - DEBUG - ADD TREATMENTS[0m
[34m2025-01-02 11:00:33,435 - DEBUG - ADD TREATMENTS[0m
[34m2025-01-02 11:00:33,435 - DEBUG - ADD TREATMENTS[0m
[34m2025-01-02 11:00:33,435 - DEBUG - ADD TREATMENTS[0m
[34m2025-01-02 11:00:33,436 - DEBUG - ADD TREATMENTS[0m
[34m2025-01-02 11:00:33,436 - DEBUG - ADD TREATMENTS[0m
[34m2025-01-02 11:00:33,436 - DEBUG - ADD TREATMENTS[0m
[34m2025-01-02 11:00:33,436 - DEBUG - ADD PATIENTS[0m
[34m2025-01-02 11:00:33,436 - DEBUG - ADD PATIENTS[0m
[34m2025-01-02 11:00:33,436 - DEBUG - ADD PATIENTS[0m
[34m2025-01-02 11:00:33,436 - DEBUG - ADD PATIENTS[0m
[34m2025-01-02 11:00:33,436 - DEBUG - ADD PATIENTS[0m
[34m2025-01-02 11:00:33,436 - DEBUG - ADD PATIENTS[0m
[34m2025-01-02 11:00:33,437 - DEBUG - ADD PATIENTS[0m
[34m2025-01-02 11:00:33,437 - DEBUG - ADD PATIENTS[0m
[34m2025-01-02 11:00:33,437 - DEBUG - ADD PATIENTS[0m
[34m2025-01-02 11:00:33,437 - DEBUG - ADD PATIENTS[0m
[34m2025-01-02 11:00:33,437 - DEBUG - ADD PATIENTS[0m
[34m2025-01-02 11:00:33,437 - DEBUG - ADD PATIENTS[0m
[34m2025-01-02 11:00:33,437 - DEBUG - ADD PATIENTS[0m
[34m2025-01-02 11:00:33,437 - DEBUG - ADD PATIENTS[0m
[34m2025-01-02 11:00:33,437 - DEBUG - ADD PATIENTS[0m
[34m2025-01-02 11:00:33,438 - DEBUG - ADD PATIENTS[0m
[34m2025-01-02 11:00:33,438 - DEBUG - ADD PATIENTS[0m
[34m2025-01-02 11:00:33,438 - DEBUG - ADD PATIENTS[0m
[34m2025-01-02 11:00:33,438 - DEBUG - ADD PATIENTS[0m
[34m2025-01-02 11:00:33,438 - DEBUG - ADD PATIENTS[0m
[34m2025-01-02 11:00:33,438 - DEBUG - ADD PATIENTS[0m
[34m2025-01-02 11:00:33,438 - DEBUG - ADD PATIENTS[0m
[34m2025-01-02 11:00:33,438 - DEBUG - ADD PATIENTS[0m
[34m2025-01-02 11:00:33,438 - DEBUG - ADD PATIENTS[0m
[34m2025-01-02 11:00:33,438 - DEBUG - ADD PATIENTS[0m
[34m2025-01-02 11:00:33,440 - DEBUG - ADD PATIENTS[0m
[34m2025-01-02 11:00:33,440 - DEBUG - ADD PATIENTS[0m
[34m2025-01-02 11:00:33,440 - DEBUG - ADD PATIENTS[0m
[34m2025-01-02 11:00:33,440 - DEBUG - ADD PATIENTS[0m
[34m2025-01-02 11:00:33,440 - DEBUG - ADD PATIENTS[0m
[34m2025-01-02 11:00:33,441 - DEBUG - Instance data:[0m
[34m2025-01-02 11:00:33,441 - DEBUG - Number of patients: 30[0m
[34m2025-01-02 11:00:33,441 - DEBUG - Number of beds: 40[0m
[34m2025-01-02 11:00:33,441 - DEBUG - Average number of treatments per patient: 26.5[0m
[34m2025-01-02 11:00:33,441 - DEBUG - Average number of treatment per stayed day: 2.2910662824207493[0m
[34m2025-01-02 11:00:33,441 - DEBUG - Number of treatments: 795[0m
[34m2025-01-02 11:00:33,441 - DEBUG - Number of resources: 10[0m
[34m2025-01-02 11:00:33,441 - DEBUG - Number of resource groups: 4[0m
[34m2025-01-02 11:00:33,441 - DEBUG - Number of resource hours needed per all treatment by RG(therapists): 22.441666666666695[0m
[34m2025-01-02 11:00:33,441 - DEBUG - Number of resource hours needed per all treatment by RG(rooms): 41.99166666666666[0m
[34m2025-01-02 11:00:33,441 - DEBUG - Number of resource hours needed per all treatment by RG(physiotherapist): 15.5[0m
[34m2025-01-02 11:00:33,441 - DEBUG - Number of resource hours needed per all treatment by RG(sport_room): 6.75[0m
[32m2025-01-02 11:00:33,441 - INFO - {'solver': 'MIPSolver3', 'args': {'break_symmetry': True, 'break_symmetry_strong': True, 'enforce_min_treatments_per_day': True, 'enforce_max_treatments_per_e_w': True, 'enforce_min_patients_per_treatment': True, 'log_to_console': True}}[0m
[34m2025-01-02 11:00:33,441 - DEBUG - Setting options: MIPSolver3[0m
[34m2025-01-02 11:00:33,441 - DEBUG -  ---- break_symmetry to True[0m
[34m2025-01-02 11:00:33,441 - DEBUG -  ---- break_symmetry_strong to True[0m
[34m2025-01-02 11:00:33,441 - DEBUG - Setting options: Solver[0m
[34m2025-01-02 11:00:33,441 - DEBUG -  ---- number_of_threads to 4 (default)[0m
[34m2025-01-02 11:00:33,442 - DEBUG -  ---- treatment_value to 0 (default)[0m
[34m2025-01-02 11:00:33,442 - DEBUG -  ---- delay_value to 1 (default)[0m
[34m2025-01-02 11:00:33,442 - DEBUG -  ---- missing_treatment_value to 4 (default)[0m
[34m2025-01-02 11:00:33,442 - DEBUG -  ---- enforce_min_treatments_per_day to True[0m
[34m2025-01-02 11:00:33,442 - DEBUG -  ---- enforce_max_treatments_per_e_w to True[0m
[34m2025-01-02 11:00:33,442 - DEBUG -  ---- enforce_min_patients_per_treatment to True[0m
[34m2025-01-02 11:00:33,442 - DEBUG -  ---- log_to_console to True[0m
[34m2025-01-02 11:00:33,442 - DEBUG -  ---- log_to_file to True (default)[0m
[34m2025-01-02 11:00:33,442 - DEBUG -  ---- no_rel_heur_time to 1 (default)[0m
[32m2025-01-02 11:00:33,546 - INFO - Create model: MIPSolver3[0m
Set parameter TSPort to value 50039
Set parameter TokenServer to value "license.itc.rwth-aachen.de"
Set parameter Threads to value 4
Set parameter Cuts to value 0
Set parameter NoRelHeurTime to value 1
[34m2025-01-02 11:02:25,592 - DEBUG - Variables created.[0m
[34m2025-01-02 11:02:36,005 - DEBUG - Constraint (p1) created.[0m
