1.NAME: MIPSolver
2.PARAMS: {'use_lazy_constraints': False}
3.INSTANCE: /home/wx350715/Kobra/rehabiliation-admission-scheduling/data/comp_study_002/instance_3_5.txt
4.REPETITION: 1
Current directory: /home/wx350715/Kobra/rehabiliation-admission-scheduling
[34m2025-01-01 14:45:17,687 - DEBUG - Solver: <class 'src.solvers.mip.MIPSolver'>[0m
[34m2025-01-01 14:45:17,687 - DEBUG - Args: {'use_lazy_constraints': False}[0m
[34m2025-01-01 14:45:17,687 - DEBUG - File path /home/wx350715/Kobra/rehabiliation-admission-scheduling/data/comp_study_002/instance_3_5.txt[0m
[34m2025-01-01 14:45:17,713 - DEBUG - ADD INSTANCE DATA[0m
[34m2025-01-01 14:45:17,714 - DEBUG - ADD INSTANCE DATA[0m
[34m2025-01-01 14:45:17,714 - DEBUG - ADD INSTANCE DATA[0m
[34m2025-01-01 14:45:17,714 - DEBUG - ADD INSTANCE DATA[0m
[34m2025-01-01 14:45:17,714 - DEBUG - ADD INSTANCE DATA[0m
[34m2025-01-01 14:45:17,714 - DEBUG - ADD INSTANCE DATA[0m
[34m2025-01-01 14:45:17,714 - DEBUG - ADD INSTANCE DATA[0m
[34m2025-01-01 14:45:17,714 - DEBUG - ADD INSTANCE DATA[0m
[34m2025-01-01 14:45:17,714 - DEBUG - ADD INSTANCE DATA[0m
[34m2025-01-01 14:45:17,714 - DEBUG - ADD INSTANCE DATA[0m
[34m2025-01-01 14:45:17,714 - DEBUG - ADD INSTANCE DATA[0m
[34m2025-01-01 14:45:17,714 - DEBUG - ADD RESOURCE_GROUPS[0m
[34m2025-01-01 14:45:17,714 - DEBUG - ADD RESOURCE_GROUPS[0m
[34m2025-01-01 14:45:17,714 - DEBUG - ADD RESOURCE_GROUPS[0m
[34m2025-01-01 14:45:17,714 - DEBUG - ADD RESOURCE_GROUPS[0m
[34m2025-01-01 14:45:17,715 - DEBUG - ADD RESOURCES[0m
[34m2025-01-01 14:45:17,715 - DEBUG - ADD RESOURCES[0m
[34m2025-01-01 14:45:17,715 - DEBUG - ADD RESOURCES[0m
[34m2025-01-01 14:45:17,715 - DEBUG - ADD RESOURCES[0m
[34m2025-01-01 14:45:17,715 - DEBUG - ADD RESOURCES[0m
[34m2025-01-01 14:45:17,715 - DEBUG - ADD RESOURCES[0m
[34m2025-01-01 14:45:17,715 - DEBUG - ADD RESOURCES[0m
[34m2025-01-01 14:45:17,715 - DEBUG - ADD RESOURCES[0m
[34m2025-01-01 14:45:17,715 - DEBUG - ADD RESOURCES[0m
[34m2025-01-01 14:45:17,715 - DEBUG - ADD TREATMENTS[0m
[34m2025-01-01 14:45:17,716 - DEBUG - ADD TREATMENTS[0m
[34m2025-01-01 14:45:17,716 - DEBUG - ADD TREATMENTS[0m
[34m2025-01-01 14:45:17,716 - DEBUG - ADD TREATMENTS[0m
[34m2025-01-01 14:45:17,716 - DEBUG - ADD TREATMENTS[0m
[34m2025-01-01 14:45:17,716 - DEBUG - ADD TREATMENTS[0m
[34m2025-01-01 14:45:17,716 - DEBUG - ADD TREATMENTS[0m
[34m2025-01-01 14:45:17,716 - DEBUG - ADD TREATMENTS[0m
[34m2025-01-01 14:45:17,716 - DEBUG - ADD PATIENTS[0m
[34m2025-01-01 14:45:17,716 - DEBUG - ADD PATIENTS[0m
[34m2025-01-01 14:45:17,717 - DEBUG - ADD PATIENTS[0m
[34m2025-01-01 14:45:17,717 - DEBUG - ADD PATIENTS[0m
[34m2025-01-01 14:45:17,717 - DEBUG - ADD PATIENTS[0m
[34m2025-01-01 14:45:17,717 - DEBUG - ADD PATIENTS[0m
[34m2025-01-01 14:45:17,717 - DEBUG - ADD PATIENTS[0m
[34m2025-01-01 14:45:17,717 - DEBUG - ADD PATIENTS[0m
[34m2025-01-01 14:45:17,717 - DEBUG - ADD PATIENTS[0m
[34m2025-01-01 14:45:17,717 - DEBUG - ADD PATIENTS[0m
[34m2025-01-01 14:45:17,717 - DEBUG - ADD PATIENTS[0m
[34m2025-01-01 14:45:17,718 - DEBUG - ADD PATIENTS[0m
[34m2025-01-01 14:45:17,718 - DEBUG - ADD PATIENTS[0m
[34m2025-01-01 14:45:17,718 - DEBUG - ADD PATIENTS[0m
[34m2025-01-01 14:45:17,718 - DEBUG - ADD PATIENTS[0m
[34m2025-01-01 14:45:17,718 - DEBUG - ADD PATIENTS[0m
[34m2025-01-01 14:45:17,718 - DEBUG - ADD PATIENTS[0m
[34m2025-01-01 14:45:17,718 - DEBUG - ADD PATIENTS[0m
[34m2025-01-01 14:45:17,718 - DEBUG - ADD PATIENTS[0m
[34m2025-01-01 14:45:17,719 - DEBUG - ADD PATIENTS[0m
[34m2025-01-01 14:45:17,719 - DEBUG - ADD PATIENTS[0m
[34m2025-01-01 14:45:17,719 - DEBUG - ADD PATIENTS[0m
[34m2025-01-01 14:45:17,719 - DEBUG - ADD PATIENTS[0m
[34m2025-01-01 14:45:17,719 - DEBUG - ADD PATIENTS[0m
[34m2025-01-01 14:45:17,719 - DEBUG - ADD PATIENTS[0m
[34m2025-01-01 14:45:17,719 - DEBUG - ADD PATIENTS[0m
[34m2025-01-01 14:45:17,719 - DEBUG - ADD PATIENTS[0m
[34m2025-01-01 14:45:17,720 - DEBUG - ADD PATIENTS[0m
[34m2025-01-01 14:45:17,721 - DEBUG - ADD PATIENTS[0m
[34m2025-01-01 14:45:17,721 - DEBUG - ADD PATIENTS[0m
[34m2025-01-01 14:45:17,721 - DEBUG - ADD PATIENTS[0m
[34m2025-01-01 14:45:17,721 - DEBUG - ADD PATIENTS[0m
[34m2025-01-01 14:45:17,721 - DEBUG - ADD PATIENTS[0m
[34m2025-01-01 14:45:17,721 - DEBUG - ADD PATIENTS[0m
[34m2025-01-01 14:45:17,721 - DEBUG - ADD PATIENTS[0m
[34m2025-01-01 14:45:17,721 - DEBUG - ADD PATIENTS[0m
[34m2025-01-01 14:45:17,721 - DEBUG - ADD PATIENTS[0m
[34m2025-01-01 14:45:17,722 - DEBUG - ADD PATIENTS[0m
[34m2025-01-01 14:45:17,722 - DEBUG - ADD PATIENTS[0m
[34m2025-01-01 14:45:17,722 - DEBUG - ADD PATIENTS[0m
[34m2025-01-01 14:45:17,722 - DEBUG - Instance data:[0m
[34m2025-01-01 14:45:17,722 - DEBUG - Number of patients: 40[0m
[34m2025-01-01 14:45:17,722 - DEBUG - Number of beds: 40[0m
[34m2025-01-01 14:45:17,722 - DEBUG - Average number of treatments per patient: 29.275[0m
[34m2025-01-01 14:45:17,722 - DEBUG - Average number of treatment per stayed day: 2.11754068716094[0m
[34m2025-01-01 14:45:17,722 - DEBUG - Number of treatments: 1171[0m
[34m2025-01-01 14:45:17,723 - DEBUG - Number of resources: 9[0m
[34m2025-01-01 14:45:17,723 - DEBUG - Number of resource groups: 4[0m
[34m2025-01-01 14:45:17,723 - DEBUG - Number of resource hours needed per all treatment by RG(therapists): 37.824999999999996[0m
[34m2025-01-01 14:45:17,723 - DEBUG - Number of resource hours needed per all treatment by RG(rooms): 73.20000000000003[0m
[34m2025-01-01 14:45:17,723 - DEBUG - Number of resource hours needed per all treatment by RG(physiotherapist): 25.5[0m
[34m2025-01-01 14:45:17,723 - DEBUG - Number of resource hours needed per all treatment by RG(sport_room): 18.375[0m
[32m2025-01-01 14:45:17,723 - INFO - {'solver': 'MIPSolver', 'args': {'use_lazy_constraints': True, 'enforce_min_treatments_per_day': True, 'enforce_max_treatments_per_e_w': True, 'enforce_min_patients_per_treatment': True, 'log_to_console': True}}[0m
[34m2025-01-01 14:45:17,723 - DEBUG - Setting options: MIPSolver[0m
[34m2025-01-01 14:45:17,723 - DEBUG -  ---- use_lazy_constraints to True[0m
[34m2025-01-01 14:45:17,723 - DEBUG - Setting options: Solver[0m
[34m2025-01-01 14:45:17,723 - DEBUG -  ---- number_of_threads to 4 (default)[0m
[34m2025-01-01 14:45:17,723 - DEBUG -  ---- treatment_value to 0 (default)[0m
[34m2025-01-01 14:45:17,723 - DEBUG -  ---- delay_value to 1 (default)[0m
[34m2025-01-01 14:45:17,723 - DEBUG -  ---- missing_treatment_value to 4 (default)[0m
[34m2025-01-01 14:45:17,723 - DEBUG -  ---- enforce_min_treatments_per_day to True[0m
[34m2025-01-01 14:45:17,723 - DEBUG -  ---- enforce_max_treatments_per_e_w to True[0m
[34m2025-01-01 14:45:17,723 - DEBUG -  ---- enforce_min_patients_per_treatment to True[0m
[34m2025-01-01 14:45:17,723 - DEBUG -  ---- log_to_console to True[0m
[34m2025-01-01 14:45:17,723 - DEBUG -  ---- log_to_file to True (default)[0m
[34m2025-01-01 14:45:17,723 - DEBUG -  ---- no_rel_heur_time to 1 (default)[0m
[32m2025-01-01 14:45:17,809 - INFO - Create model: MIPSolver[0m
Set parameter TSPort to value 50039
Set parameter TokenServer to value "license.itc.rwth-aachen.de"
Set parameter Threads to value 4
Set parameter Cuts to value 0
Set parameter NoRelHeurTime to value 1
Set parameter LazyConstraints to value 1
[34m2025-01-01 14:45:36,145 - DEBUG - Variables created.[0m
[34m2025-01-01 14:45:57,632 - DEBUG - Constraint (p1) created.[0m
[34m2025-01-01 14:46:01,230 - DEBUG - Constraint (when_admitted) created.[0m
[34m2025-01-01 14:46:07,093 - DEBUG - Constraint (p3) created.[0m
[34m2025-01-01 14:46:07,097 - DEBUG - Constraint (p4) created.[0m
[34m2025-01-01 14:46:07,097 - DEBUG - Constraint (p7) created.[0m
[34m2025-01-01 14:46:08,601 - DEBUG - Constraint (r3) created.[0m
[34m2025-01-01 14:46:16,117 - DEBUG - Constraint (r4) created.[0m
[34m2025-01-01 14:46:22,093 - DEBUG - Constraint (a1) created.[0m
[34m2025-01-01 14:46:22,853 - DEBUG - Constraint (a4) created.[0m
[34m2025-01-01 14:46:23,045 - DEBUG - Constraint (a5) created.[0m
[34m2025-01-01 14:46:23,233 - DEBUG - Constraint (a5) created.[0m
[34m2025-01-01 14:46:23,234 - DEBUG - Constraint (already_admitted) created.[0m
[32m2025-01-01 14:46:37,288 - INFO - Time to create model: 79.478[0m
[32m2025-01-01 14:46:37,288 - INFO - Solving model: MIPSolver[0m
Gurobi Optimizer version 10.0.0 build v10.0.0rc2 (linux64)

CPU model: Intel(R) Xeon(R) Platinum 8468, instruction set [SSE2|AVX|AVX2|AVX512]
Thread count: 96 physical cores, 96 logical processors, using up to 4 threads

Optimize a model with 2808820 rows, 2138755 columns and 16695229 nonzeros
Model fingerprint: 0xaa2a7ad5
Variable types: 2 continuous, 2138753 integer (2138753 binary)
Coefficient statistics:
  Matrix range     [1e+00, 1e+01]
  Objective range  [1e+00, 1e+01]
  Bounds range     [1e+00, 1e+00]
  RHS range        [1e+00, 5e+03]
Presolve removed 993487 rows and 769397 columns (presolve time = 5s) ...
Presolve removed 993604 rows and 769398 columns (presolve time = 10s) ...
Presolve removed 1104629 rows and 769398 columns (presolve time = 15s) ...
Presolve removed 1109010 rows and 769408 columns (presolve time = 20s) ...
Presolve removed 1109202 rows and 769408 columns (presolve time = 25s) ...
Presolve removed 1109351 rows and 769408 columns (presolve time = 30s) ...
Presolve removed 1109351 rows and 772128 columns (presolve time = 35s) ...
Presolve removed 1109351 rows and 772128 columns (presolve time = 40s) ...
Presolve removed 1109351 rows and 772128 columns (presolve time = 45s) ...
Presolve removed 1109351 rows and 772128 columns (presolve time = 50s) ...
Presolve removed 1109351 rows and 772128 columns (presolve time = 55s) ...
Presolve removed 1109351 rows and 772128 columns (presolve time = 60s) ...
Presolve removed 1109351 rows and 772128 columns (presolve time = 65s) ...
Presolve removed 1109351 rows and 772128 columns (presolve time = 70s) ...
Presolve removed 1109351 rows and 772128 columns (presolve time = 75s) ...
Presolve removed 1109351 rows and 772128 columns (presolve time = 80s) ...
Presolve removed 1109351 rows and 772128 columns (presolve time = 85s) ...
Presolve removed 1109351 rows and 772128 columns (presolve time = 90s) ...
Presolve removed 1109351 rows and 772128 columns (presolve time = 95s) ...
Presolve removed 1109351 rows and 772128 columns (presolve time = 100s) ...
Presolve removed 1109351 rows and 772128 columns (presolve time = 105s) ...
Presolve removed 1109351 rows and 772128 columns (presolve time = 110s) ...
Presolve removed 1109351 rows and 772128 columns (presolve time = 115s) ...
Presolve removed 1109351 rows and 772128 columns (presolve time = 120s) ...
Presolve removed 1109351 rows and 772128 columns (presolve time = 125s) ...
Presolve removed 1109351 rows and 772128 columns (presolve time = 130s) ...
Presolve removed 1109351 rows and 772128 columns (presolve time = 135s) ...
Presolve removed 1109351 rows and 772128 columns (presolve time = 140s) ...
Presolve removed 1109351 rows and 772128 columns (presolve time = 145s) ...
Presolve removed 1109351 rows and 772128 columns (presolve time = 150s) ...
Presolve removed 1109351 rows and 772128 columns (presolve time = 155s) ...
Presolve removed 1109351 rows and 772128 columns (presolve time = 160s) ...
Presolve removed 1109351 rows and 772128 columns (presolve time = 165s) ...
Presolve removed 1109351 rows and 772128 columns (presolve time = 170s) ...
Presolve removed 1109351 rows and 772128 columns (presolve time = 175s) ...
Presolve removed 1109351 rows and 772128 columns (presolve time = 180s) ...
Presolve removed 1109351 rows and 772128 columns (presolve time = 185s) ...
Presolve removed 1109351 rows and 772128 columns (presolve time = 190s) ...
Presolve removed 1109351 rows and 772128 columns (presolve time = 195s) ...
Presolve removed 1109351 rows and 772128 columns (presolve time = 200s) ...
Presolve removed 1109351 rows and 772128 columns (presolve time = 205s) ...
Presolve removed 1109351 rows and 772128 columns (presolve time = 210s) ...
Presolve removed 1109351 rows and 772128 columns (presolve time = 215s) ...
Presolve removed 1109351 rows and 772128 columns (presolve time = 220s) ...
Presolve removed 1109351 rows and 772128 columns (presolve time = 225s) ...
Presolve removed 1109351 rows and 772128 columns (presolve time = 230s) ...
Presolve removed 1109351 rows and 772128 columns (presolve time = 235s) ...
Presolve removed 1109351 rows and 772128 columns (presolve time = 240s) ...
Presolve removed 1109351 rows and 772128 columns (presolve time = 245s) ...
Presolve removed 1109351 rows and 772128 columns (presolve time = 250s) ...
Presolve removed 1109351 rows and 772128 columns (presolve time = 255s) ...
Presolve removed 1109351 rows and 772128 columns (presolve time = 260s) ...
Presolve removed 1109351 rows and 772128 columns (presolve time = 265s) ...
Presolve removed 1109351 rows and 772128 columns (presolve time = 270s) ...
Presolve removed 1109351 rows and 772128 columns (presolve time = 275s) ...
Presolve removed 1109351 rows and 772128 columns (presolve time = 280s) ...
Presolve removed 1109351 rows and 772128 columns (presolve time = 285s) ...
Presolve removed 1109351 rows and 772128 columns (presolve time = 290s) ...
Presolve removed 1109351 rows and 772128 columns (presolve time = 295s) ...
Presolve removed 1109351 rows and 772128 columns (presolve time = 300s) ...
Presolve removed 1109351 rows and 772128 columns (presolve time = 305s) ...
Presolve removed 1109351 rows and 772128 columns (presolve time = 310s) ...
Presolve removed 1109351 rows and 772128 columns (presolve time = 315s) ...
Presolve removed 1109351 rows and 772128 columns (presolve time = 320s) ...
Presolve removed 1109351 rows and 772128 columns (presolve time = 325s) ...
Presolve removed 1109351 rows and 772128 columns (presolve time = 330s) ...
Presolve removed 1109351 rows and 772128 columns (presolve time = 335s) ...
Presolve removed 1109351 rows and 772128 columns (presolve time = 340s) ...
Presolve removed 1109351 rows and 772128 columns (presolve time = 345s) ...
Presolve removed 1109351 rows and 772128 columns (presolve time = 350s) ...
Presolve removed 1109351 rows and 772128 columns (presolve time = 355s) ...
Presolve removed 1109351 rows and 772128 columns (presolve time = 360s) ...
Presolve removed 1109351 rows and 772128 columns (presolve time = 365s) ...
Presolve removed 1109351 rows and 772128 columns (presolve time = 370s) ...
Presolve removed 1109351 rows and 772128 columns (presolve time = 391s) ...
Presolve removed 1134339 rows and 792984 columns (presolve time = 395s) ...
Presolve removed 1134639 rows and 792984 columns (presolve time = 400s) ...
Presolve removed 1134639 rows and 792984 columns (presolve time = 405s) ...
Presolve removed 1134490 rows and 792835 columns
Presolve time: 405.32s
Presolved: 1674330 rows, 1345920 columns, 9969203 nonzeros
Variable types: 0 continuous, 1345920 integer (1345770 binary)
Starting NoRel heuristic
Found phase-1 solution: relaxation 195
Root relaxation presolved: 1674101 rows, 1346145 columns, 9860423 nonzeros

Deterministic concurrent LP optimizer: primal simplex, dual simplex, and barrier
Showing barrier log only...

Root barrier log...

Elapsed ordering time = 5s
Elapsed ordering time = 10s
Elapsed ordering time = 15s
Elapsed ordering time = 20s
Elapsed ordering time = 25s
Elapsed ordering time = 30s
Elapsed ordering time = 35s
Elapsed ordering time = 40s
Elapsed ordering time = 53s
Elapsed ordering time = 58s
Elapsed ordering time = 62s
Elapsed ordering time = 65s
Elapsed ordering time = 70s
Elapsed ordering time = 75s
Elapsed ordering time = 81s
Elapsed ordering time = 85s
Elapsed ordering time = 90s
Elapsed ordering time = 95s
Elapsed ordering time = 100s
Elapsed ordering time = 105s
Elapsed ordering time = 110s
Elapsed ordering time = 115s
Elapsed ordering time = 120s
Elapsed ordering time = 125s
Elapsed ordering time = 130s
Elapsed ordering time = 135s
Elapsed ordering time = 140s
Ordering time: 142.67s

Barrier statistics:
 Dense cols : 191
 AA' NZ     : 3.368e+07
 Factor NZ  : 4.491e+08 (roughly 5.0 GB of memory)
 Factor Ops : 3.267e+11 (roughly 5 seconds per iteration)
 Threads    : 2
