1.NAME: CPSolver
2.PARAMS: {'break_symmetry': True}
3.INSTANCE: /home/wx350715/Kobra/rehabiliation-admission-scheduling/data/comp_study_002/instance_4_15.txt
4.REPETITION: 1
Current directory: /home/wx350715/Kobra/rehabiliation-admission-scheduling
[34m2025-01-06 11:22:22,538 - DEBUG - Solver: <class 'src.solvers.cp_or.CPSolver'>[0m
[34m2025-01-06 11:22:22,538 - DEBUG - Args: {'break_symmetry': True}[0m
[34m2025-01-06 11:22:22,538 - DEBUG - File path /home/wx350715/Kobra/rehabiliation-admission-scheduling/data/comp_study_002/instance_4_15.txt[0m
[34m2025-01-06 11:22:22,547 - DEBUG - ADD INSTANCE DATA[0m
[34m2025-01-06 11:22:22,547 - DEBUG - ADD INSTANCE DATA[0m
[34m2025-01-06 11:22:22,547 - DEBUG - ADD INSTANCE DATA[0m
[34m2025-01-06 11:22:22,547 - DEBUG - ADD INSTANCE DATA[0m
[34m2025-01-06 11:22:22,547 - DEBUG - ADD INSTANCE DATA[0m
[34m2025-01-06 11:22:22,547 - DEBUG - ADD INSTANCE DATA[0m
[34m2025-01-06 11:22:22,547 - DEBUG - ADD INSTANCE DATA[0m
[34m2025-01-06 11:22:22,547 - DEBUG - ADD INSTANCE DATA[0m
[34m2025-01-06 11:22:22,547 - DEBUG - ADD INSTANCE DATA[0m
[34m2025-01-06 11:22:22,547 - DEBUG - ADD INSTANCE DATA[0m
[34m2025-01-06 11:22:22,547 - DEBUG - ADD INSTANCE DATA[0m
[34m2025-01-06 11:22:22,548 - DEBUG - ADD RESOURCE_GROUPS[0m
[34m2025-01-06 11:22:22,548 - DEBUG - ADD RESOURCE_GROUPS[0m
[34m2025-01-06 11:22:22,548 - DEBUG - ADD RESOURCE_GROUPS[0m
[34m2025-01-06 11:22:22,548 - DEBUG - ADD RESOURCE_GROUPS[0m
[34m2025-01-06 11:22:22,548 - DEBUG - ADD RESOURCES[0m
[34m2025-01-06 11:22:22,548 - DEBUG - ADD RESOURCES[0m
[34m2025-01-06 11:22:22,548 - DEBUG - ADD RESOURCES[0m
[34m2025-01-06 11:22:22,548 - DEBUG - ADD RESOURCES[0m
[34m2025-01-06 11:22:22,548 - DEBUG - ADD RESOURCES[0m
[34m2025-01-06 11:22:22,548 - DEBUG - ADD RESOURCES[0m
[34m2025-01-06 11:22:22,548 - DEBUG - ADD RESOURCES[0m
[34m2025-01-06 11:22:22,549 - DEBUG - ADD RESOURCES[0m
[34m2025-01-06 11:22:22,549 - DEBUG - ADD RESOURCES[0m
[34m2025-01-06 11:22:22,549 - DEBUG - ADD RESOURCES[0m
[34m2025-01-06 11:22:22,549 - DEBUG - ADD TREATMENTS[0m
[34m2025-01-06 11:22:22,549 - DEBUG - ADD TREATMENTS[0m
[34m2025-01-06 11:22:22,549 - DEBUG - ADD TREATMENTS[0m
[34m2025-01-06 11:22:22,549 - DEBUG - ADD TREATMENTS[0m
[34m2025-01-06 11:22:22,549 - DEBUG - ADD TREATMENTS[0m
[34m2025-01-06 11:22:22,549 - DEBUG - ADD TREATMENTS[0m
[34m2025-01-06 11:22:22,549 - DEBUG - ADD TREATMENTS[0m
[34m2025-01-06 11:22:22,550 - DEBUG - ADD TREATMENTS[0m
[34m2025-01-06 11:22:22,550 - DEBUG - ADD PATIENTS[0m
[34m2025-01-06 11:22:22,550 - DEBUG - ADD PATIENTS[0m
[34m2025-01-06 11:22:22,550 - DEBUG - ADD PATIENTS[0m
[34m2025-01-06 11:22:22,550 - DEBUG - ADD PATIENTS[0m
[34m2025-01-06 11:22:22,550 - DEBUG - ADD PATIENTS[0m
[34m2025-01-06 11:22:22,550 - DEBUG - ADD PATIENTS[0m
[34m2025-01-06 11:22:22,550 - DEBUG - ADD PATIENTS[0m
[34m2025-01-06 11:22:22,551 - DEBUG - ADD PATIENTS[0m
[34m2025-01-06 11:22:22,551 - DEBUG - ADD PATIENTS[0m
[34m2025-01-06 11:22:22,551 - DEBUG - ADD PATIENTS[0m
[34m2025-01-06 11:22:22,551 - DEBUG - ADD PATIENTS[0m
[34m2025-01-06 11:22:22,551 - DEBUG - ADD PATIENTS[0m
[34m2025-01-06 11:22:22,551 - DEBUG - ADD PATIENTS[0m
[34m2025-01-06 11:22:22,551 - DEBUG - ADD PATIENTS[0m
[34m2025-01-06 11:22:22,551 - DEBUG - ADD PATIENTS[0m
[34m2025-01-06 11:22:22,552 - DEBUG - ADD PATIENTS[0m
[34m2025-01-06 11:22:22,552 - DEBUG - ADD PATIENTS[0m
[34m2025-01-06 11:22:22,552 - DEBUG - ADD PATIENTS[0m
[34m2025-01-06 11:22:22,552 - DEBUG - ADD PATIENTS[0m
[34m2025-01-06 11:22:22,552 - DEBUG - ADD PATIENTS[0m
[34m2025-01-06 11:22:22,552 - DEBUG - ADD PATIENTS[0m
[34m2025-01-06 11:22:22,552 - DEBUG - ADD PATIENTS[0m
[34m2025-01-06 11:22:22,552 - DEBUG - ADD PATIENTS[0m
[34m2025-01-06 11:22:22,552 - DEBUG - ADD PATIENTS[0m
[34m2025-01-06 11:22:22,553 - DEBUG - ADD PATIENTS[0m
[34m2025-01-06 11:22:22,553 - DEBUG - ADD PATIENTS[0m
[34m2025-01-06 11:22:22,554 - DEBUG - ADD PATIENTS[0m
[34m2025-01-06 11:22:22,554 - DEBUG - ADD PATIENTS[0m
[34m2025-01-06 11:22:22,554 - DEBUG - ADD PATIENTS[0m
[34m2025-01-06 11:22:22,554 - DEBUG - ADD PATIENTS[0m
[34m2025-01-06 11:22:22,554 - DEBUG - Instance data:[0m
[34m2025-01-06 11:22:22,554 - DEBUG - Number of patients: 30[0m
[34m2025-01-06 11:22:22,554 - DEBUG - Number of beds: 40[0m
[34m2025-01-06 11:22:22,555 - DEBUG - Average number of treatments per patient: 26.5[0m
[34m2025-01-06 11:22:22,555 - DEBUG - Average number of treatment per stayed day: 2.2910662824207493[0m
[34m2025-01-06 11:22:22,555 - DEBUG - Number of treatments: 795[0m
[34m2025-01-06 11:22:22,555 - DEBUG - Number of resources: 10[0m
[34m2025-01-06 11:22:22,555 - DEBUG - Number of resource groups: 4[0m
[34m2025-01-06 11:22:22,555 - DEBUG - Number of resource hours needed per all treatment by RG(therapists): 22.441666666666695[0m
[34m2025-01-06 11:22:22,555 - DEBUG - Number of resource hours needed per all treatment by RG(rooms): 41.99166666666666[0m
[34m2025-01-06 11:22:22,555 - DEBUG - Number of resource hours needed per all treatment by RG(physiotherapist): 15.5[0m
[34m2025-01-06 11:22:22,555 - DEBUG - Number of resource hours needed per all treatment by RG(sport_room): 6.75[0m
[32m2025-01-06 11:22:22,555 - INFO - {'solver': 'CPSolver', 'args': {'break_symmetry': True, 'max_repr': 'cumulative', 'min_repr': 'cumulative', 'enforce_min_treatments_per_day': True, 'enforce_max_treatments_per_e_w': True, 'enforce_min_patients_per_treatment': True, 'log_to_console': True}}[0m
[34m2025-01-06 11:22:22,555 - DEBUG - Setting options: CPSolver[0m
[34m2025-01-06 11:22:22,555 - DEBUG -  ---- break_symmetry to True[0m
[34m2025-01-06 11:22:22,555 - DEBUG -  ---- min_repr to cumulative[0m
[34m2025-01-06 11:22:22,555 - DEBUG -  ---- max_repr to cumulative[0m
[34m2025-01-06 11:22:22,555 - DEBUG -  ---- add_knowledge to True (default)[0m
[34m2025-01-06 11:22:22,555 - DEBUG - Setting options: Solver[0m
[34m2025-01-06 11:22:22,555 - DEBUG -  ---- number_of_threads to 1 (default)[0m
[34m2025-01-06 11:22:22,555 - DEBUG -  ---- treatment_value to 0 (default)[0m
[34m2025-01-06 11:22:22,555 - DEBUG -  ---- delay_value to 1 (default)[0m
[34m2025-01-06 11:22:22,555 - DEBUG -  ---- missing_treatment_value to 4 (default)[0m
[34m2025-01-06 11:22:22,555 - DEBUG -  ---- enforce_min_treatments_per_day to True[0m
[34m2025-01-06 11:22:22,555 - DEBUG -  ---- enforce_max_treatments_per_e_w to True[0m
[34m2025-01-06 11:22:22,555 - DEBUG -  ---- enforce_min_patients_per_treatment to True[0m
[34m2025-01-06 11:22:22,555 - DEBUG -  ---- log_to_console to True[0m
[34m2025-01-06 11:22:22,556 - DEBUG -  ---- log_to_file to True (default)[0m
[32m2025-01-06 11:22:22,593 - INFO - Create model: CPSolver[0m
[32m2025-01-06 11:22:25,523 - INFO - Symmetry is being broken[0m
[32m2025-01-06 11:22:25,715 - INFO - Time to create model: 3.122[0m
[32m2025-01-06 11:22:25,715 - INFO - Solving model: CPSolver[0m

Starting CP-SAT solver v9.11.4210
Parameters: log_search_progress: true num_search_workers: 1

Initial optimization model '': (model_fingerprint: 0x44d093ef21ee53f4)
#Variables: 27'681 (#bools: 11'700 #ints: 30 in objective)
  - 16'030 Booleans in [0,1]
  - 3 in [-10000,100000]
  - 2 in [0,6]
  - 526 in [0,923]
  - 28 in [0,924]
  - 11'064 in [0,1056]
  - 2 in [1,5]
  - 2 in [2,4]
  - 2 in [2,6]
  - 2 in [2,8]
  - 2 in [3,7]
  - 2 in [4,8]
  - 2 in [5,9]
  - 9 in [7,8]
  - 1 in [7,18]
  - 1 in [8,12]
  - 1 in [8,16]
  - 2 in [9,13]
#kBoolOr: 16'022 (#enforced: 16'022) (#literals: 16'022)
#kCumulative: 89 (#intervals: 56566, #optional: 34436, #variable_sizes: 22100)
#kInterval: 72'876 (#enforced: 50'466) (#fixed: 280)
#kLinMax: 28 (#expressions: 56)
#kLinear1: 61
#kLinear2: 24'016 (#enforced: 23'400)
#kLinear3: 168
#kLinearN: 1'966 (#terms: 51'462)
#kNoOverlap: 40 (#intervals: 15784, #optional: 15504, #fixed_intervals: 280)

Starting presolve at 0.06s
  2.62e-02s  0.00e+00d  [DetectDominanceRelations] 
  3.02e-01s  0.00e+00d  [PresolveToFixPoint] #num_loops=4 #num_dual_strengthening=2 
  2.36e-03s  0.00e+00d  [ExtractEncodingFromLinear] #potential_supersets=894 
[Symmetry] Graph for symmetry has 239'554 nodes and 449'233 arcs.
[Symmetry] Symmetry computation done. time: 0.175977 dtime: 0.352723
[Symmetry] #generators: 4, average support size: 584
[Symmetry] 734 orbits with sizes: 4,4,4,4,4,4,4,4,4,4,...
[Symmetry] Num fixable by intersecting at_most_one with orbits: 3 largest_orbit: 4
[Symmetry] Found orbitope of size 217 x 4
[SAT presolve] num removable Booleans: 0 / 15865
[SAT presolve] num trivial clauses: 0
[SAT presolve] [0s] clauses:16308 literals:40494 vars:15847 one_side_vars:6978 simple_definition:8482 singleton_clauses:0
[SAT presolve] [0.0014606s] clauses:16308 literals:40494 vars:15847 one_side_vars:6978 simple_definition:8482 singleton_clauses:0
[SAT presolve] [0.00232102s] clauses:16308 literals:40494 vars:15847 one_side_vars:6978 simple_definition:8482 singleton_clauses:0
  1.32e-02s  0.00e+00d  [DetectDuplicateConstraintsWithDifferentEnforcements] #without_enforcements=3'501 
  1.08e+02s  1.00e+00d *[Probe] #probed=30'132 #equiv=79 #new_binary_clauses=544'564 
  1.04e-01s  0.00e+00d  [MaxClique] Merged 16063(36097 literals) into 9609(31073 literals) at_most_ones. 
  2.04e-02s  0.00e+00d  [DetectDominanceRelations] 
  1.45e-01s  0.00e+00d  [PresolveToFixPoint] #num_loops=1 #num_dual_strengthening=1 
  1.94e-02s  0.00e+00d  [ProcessAtMostOneAndLinear] 
  1.30e-02s  0.00e+00d  [DetectDuplicateConstraints] #duplicates=1'969 
  1.16e-02s  0.00e+00d  [DetectDuplicateConstraintsWithDifferentEnforcements] #without_enforcements=3'274 
  4.92e-01s  8.20e-03d  [DetectDominatedLinearConstraints] #relevant_constraints=1'281 #num_inclusions=813 
  3.28e-03s  0.00e+00d  [DetectDifferentVariables] 
  1.11e-02s  3.35e-04d  [ProcessSetPPC] #relevant_constraints=11'351 #num_inclusions=5'069 
  2.98e-03s  0.00e+00d  [FindAlmostIdenticalLinearConstraints] 
  3.31e-01s  1.00e+00d *[FindBigAtMostOneAndLinearOverlap] 
  6.01e-02s  6.93e-01d  [FindBigVerticalLinearOverlap] 
  6.24e-03s  1.52e-02d  [FindBigHorizontalLinearOverlap] #blocks=1 #saved_nz=138 #linears=761 
  3.79e-03s  2.21e-05d  [MergeClauses] 
  2.01e-02s  0.00e+00d  [DetectDominanceRelations] 
  1.43e-01s  0.00e+00d  [PresolveToFixPoint] #num_loops=2 #num_dual_strengthening=1 
  2.04e-02s  0.00e+00d  [DetectDominanceRelations] 
  1.47e-01s  0.00e+00d  [PresolveToFixPoint] #num_loops=1 #num_dual_strengthening=1 
[Symmetry] Graph for symmetry has 226'676 nodes and 419'010 arcs.
[Symmetry] Symmetry computation done. time: 0.201134 dtime: 0.476734
[Symmetry] #generators: 1, average support size: 1034
[Symmetry] 517 orbits with sizes: 2,2,2,2,2,2,2,2,2,2,...
[Symmetry] Num fixable by intersecting at_most_one with orbits: 1 largest_orbit: 2
[SAT presolve] num removable Booleans: 0 / 15780
[SAT presolve] num trivial clauses: 0
[SAT presolve] [0s] clauses:8618 literals:21166 vars:8377 one_side_vars:3678 simple_definition:4453 singleton_clauses:0
[SAT presolve] [0.00127816s] clauses:8618 literals:21166 vars:8377 one_side_vars:3678 simple_definition:4453 singleton_clauses:0
[SAT presolve] [0.00220228s] clauses:8618 literals:21166 vars:8377 one_side_vars:3678 simple_definition:4453 singleton_clauses:0
  1.45e-02s  0.00e+00d  [DetectDuplicateConstraintsWithDifferentEnforcements] #without_enforcements=3'274 
  1.04e+02s  1.00e+00d *[Probe] #probed=30'428 #new_binary_clauses=550'423 
  7.84e-02s  0.00e+00d  [MaxClique] 
  2.04e-02s  0.00e+00d  [DetectDominanceRelations] 
  1.39e-01s  0.00e+00d  [PresolveToFixPoint] #num_loops=1 #num_dual_strengthening=1 
  1.69e-02s  0.00e+00d  [ProcessAtMostOneAndLinear] 
  1.14e-02s  0.00e+00d  [DetectDuplicateConstraints] 
  1.05e-02s  0.00e+00d  [DetectDuplicateConstraintsWithDifferentEnforcements] #without_enforcements=3'274 
  4.83e-01s  8.09e-03d  [DetectDominatedLinearConstraints] #relevant_constraints=1'281 #num_inclusions=812 
  3.14e-03s  0.00e+00d  [DetectDifferentVariables] 
  8.01e-03s  2.86e-04d  [ProcessSetPPC] #relevant_constraints=10'461 #num_inclusions=4'179 
  2.82e-03s  0.00e+00d  [FindAlmostIdenticalLinearConstraints] 
  3.22e-01s  1.00e+00d *[FindBigAtMostOneAndLinearOverlap] 
  5.89e-02s  6.77e-01d  [FindBigVerticalLinearOverlap] 
  5.69e-03s  1.52e-02d  [FindBigHorizontalLinearOverlap] #blocks=1 #saved_nz=138 #linears=761 
  3.62e-03s  2.21e-05d  [MergeClauses] 
  1.81e-02s  0.00e+00d  [DetectDominanceRelations] 
  1.32e-01s  0.00e+00d  [PresolveToFixPoint] #num_loops=2 #num_dual_strengthening=1 
  1.86e-02s  0.00e+00d  [DetectDominanceRelations] 
  1.30e-01s  0.00e+00d  [PresolveToFixPoint] #num_loops=1 #num_dual_strengthening=1 
[Symmetry] Graph for symmetry has 226'677 nodes and 418'868 arcs.
[Symmetry] Symmetry computation done. time: 0.175568 dtime: 0.477481
[SAT presolve] num removable Booleans: 0 / 15779
[SAT presolve] num trivial clauses: 0
[SAT presolve] [0s] clauses:8618 literals:21166 vars:8377 one_side_vars:3678 simple_definition:4453 singleton_clauses:0
[SAT presolve] [0.00151553s] clauses:8618 literals:21166 vars:8377 one_side_vars:3678 simple_definition:4453 singleton_clauses:0
[SAT presolve] [0.00246522s] clauses:8618 literals:21166 vars:8377 one_side_vars:3678 simple_definition:4453 singleton_clauses:0
  1.55e-02s  0.00e+00d  [DetectDuplicateConstraintsWithDifferentEnforcements] #without_enforcements=3'274 
  1.02e+02s  1.00e+00d *[Probe] #probed=30'424 #new_binary_clauses=550'164 
  7.81e-02s  0.00e+00d  [MaxClique] 
  1.97e-02s  0.00e+00d  [DetectDominanceRelations] 
  1.42e-01s  0.00e+00d  [PresolveToFixPoint] #num_loops=1 #num_dual_strengthening=1 
  1.99e-02s  0.00e+00d  [ProcessAtMostOneAndLinear] 
  1.23e-02s  0.00e+00d  [DetectDuplicateConstraints] 
  1.08e-02s  0.00e+00d  [DetectDuplicateConstraintsWithDifferentEnforcements] #without_enforcements=3'274 
  4.84e-01s  7.98e-03d  [DetectDominatedLinearConstraints] #relevant_constraints=1'281 #num_inclusions=811 
  4.25e-03s  0.00e+00d  [DetectDifferentVariables] 
  1.06e-02s  2.86e-04d  [ProcessSetPPC] #relevant_constraints=10'461 #num_inclusions=4'179 
  3.68e-03s  0.00e+00d  [FindAlmostIdenticalLinearConstraints] 
  3.35e-01s  1.00e+00d *[FindBigAtMostOneAndLinearOverlap] 
  5.70e-02s  6.61e-01d  [FindBigVerticalLinearOverlap] 
  5.92e-03s  1.52e-02d  [FindBigHorizontalLinearOverlap] #blocks=1 #saved_nz=138 #linears=761 
  4.01e-03s  2.21e-05d  [MergeClauses] 
  2.06e-02s  0.00e+00d  [DetectDominanceRelations] 
  1.41e-01s  0.00e+00d  [PresolveToFixPoint] #num_loops=2 #num_dual_strengthening=1 
  1.30e-02s  0.00e+00d  [ExpandObjective] #entries=139'909 #tight_variables=8'083 #tight_constraints=895 #expands=141 

Presolve summary:
  - 22372 affine relations were detected.
  - rule 'TODO dual: only one blocking constraint?' was applied 132 times.
  - rule 'TODO linear2: contains a Boolean.' was applied 11'502 times.
  - rule 'affine: new relation' was applied 22'372 times.
  - rule 'at_most_one: transformed into max clique.' was applied 1 time.
  - rule 'bool_and: x => x' was applied 98 times.
  - rule 'bool_or: always true' was applied 316 times.
  - rule 'bool_or: implications' was applied 16'180 times.
  - rule 'cumulative: max profile is always under the min capacity' was applied 1 time.
  - rule 'deductions: 12226 stored' was applied 1 time.
  - rule 'dual: fix variable' was applied 1 time.
  - rule 'duplicate: merged rhs of linear constraint' was applied 1'969 times.
  - rule 'duplicate: removed constraint' was applied 1'969 times.
  - rule 'enforcement: false literal' was applied 7 times.
  - rule 'exactly_one: removed literals' was applied 4 times.
  - rule 'intervals: change duplicate index across constraints' was applied 21'358 times.
  - rule 'intervals: removed unused interval' was applied 556 times.
  - rule 'lin_max: affine_max target domain reduced' was applied 28 times.
  - rule 'lin_max: converted to equality' was applied 5 times.
  - rule 'lin_max: fixed affine_max target' was applied 21 times.
  - rule 'linear matrix: common horizontal rectangle' was applied 3 times.
  - rule 'linear1: always true' was applied 24 times.
  - rule 'linear: always true' was applied 20'806 times.
  - rule 'linear: divide by GCD' was applied 6 times.
  - rule 'linear: empty' was applied 24 times.
  - rule 'linear: extracted enforcement literal' was applied 136 times.
  - rule 'linear: fixed or dup variables' was applied 15'821 times.
  - rule 'linear: negative clause' was applied 390 times.
  - rule 'linear: negative equal one' was applied 749 times.
  - rule 'linear: only two odd Booleans in equality' was applied 79 times.
  - rule 'linear: positive at most one' was applied 145 times.
  - rule 'linear: reduced variable domains' was applied 11'104 times.
  - rule 'linear: remapped using affine relations' was applied 20'730 times.
  - rule 'linear: simplified rhs' was applied 15'574 times.
  - rule 'linear: singleton column' was applied 1 time.
  - rule 'linear: small Boolean expression' was applied 79 times.
  - rule 'linear: variable substitution 0' was applied 1 time.
  - rule 'no_overlap: removed absent intervals' was applied 4 times.
  - rule 'objective: expanded via tight equality' was applied 141 times.
  - rule 'presolve: 67 unused variables removed.' was applied 1 time.
  - rule 'presolve: iteration' was applied 3 times.
  - rule 'setppc: bool_or in at_most_one.' was applied 890 times.
  - rule 'symmetry: fixed all but one to false in orbitope row' was applied 3 times.
  - rule 'symmetry: fixed to false in general orbit' was applied 1 time.
  - rule 'variables with 2 values: create encoding literal' was applied 10 times.
  - rule 'variables with 2 values: new affine relation' was applied 10 times.
  - rule 'variables: canonicalize affine domain' was applied 6 times.
  - rule 'variables: canonicalize domain' was applied 11'047 times.

Presolved optimization model '': (model_fingerprint: 0x513ada670b0998b1)
#Variables: 16'320 (#bools: 7'754 #ints: 18 in objective)
  - 15'769 Booleans in [0,1]
  - 7 in [0,3]
  - 5 in [0,5]
  - 3 in [0,6]
  - 526 in [0,923]
  - 1 in [1,4]
  - 1 in [2,5]
  - 1 in [2,7]
  - 1 in [3,6]
  - 1 in [4,7]
  - 1 in [5,8]
  - 1 in [101][167][233][299][365][430,431][496,497][562,563][628,629][694,695][760]
  - 1 in [167][233][299][364,365][430,431][496,497][562]
  - 1 in [595][661][727][793][859][924]
  - 1 in [727][793][859][924]
#kAtMostOne: 192 (#literals: 5'942)
#kBoolAnd: 525 (#enforced: 525) (#literals: 8'894)
#kBoolOr: 249 (#literals: 4'428)
#kCumulative: 88 (#intervals: 56536, #optional: 34436, #variable_sizes: 22086, #fixed_intervals: 9)
#kExactlyOne: 890 (#literals: 8'076)
#kInterval: 50'955 (#enforced: 49'854) (#fixed: 30)
#kLinMax: 2 (#expressions: 4)
#kLinear1: 4'464 (#enforced: 4'464)
#kLinear2: 7'754 (#enforced: 7'236)
#kLinear3: 2
#kLinearN: 761 (#enforced: 136) (#terms: 34'192)
#kNoOverlap: 40 (#intervals: 15777, #optional: 15497, #fixed_intervals: 280)

Preloading model.
#Bound 318.74s best:inf   next:[-27864,3213] initial_domain
[Symmetry] Graph for symmetry has 161'874 nodes and 355'512 arcs.
[Symmetry] Symmetry computation done. time: 0.126471 dtime: 0.384856

Starting search at 318.90s with 1 workers.
1 full problem subsolver: [main]

[Encoding] 0 literals associated to VAR >= value, and 4237 half-associations.
[Precedences] num_relations=7463 num_clauses=1139
[Probing] deterministic_time: 1.00008 (limit: 1) wall_time: 296.884 (Aborted 12175/17485)
[Probing]  - new binary clause: 323879
[EncodingLinearRelaxation] #tight_equality:0 #loose_equality:0 #inequality:526
[LinearRelaxationBeforeCliqueExpansion] #linear:2462 #at_most_ones:941
[FinalLinearRelaxation] #linear:1600 #cut_generators:0
Initial num_bool: 17485
#Bound 616.35s best:inf   next:[-2400,3213] main (initial_propagation)

Starting subsolver 'main' hint search at 616.35s
Starting subsolver 'main' search at 616.35s
#Bound 616.42s best:inf   next:[-2244,3213] main
#Bound 616.51s best:inf   next:[-340,3213] main
#Bound 616.60s best:inf   next:[0,3213]   main
