1.NAME: CPSolver
2.PARAMS: {'break_symmetry': False}
3.INSTANCE: /home/wx350715/Kobra/rehabiliation-admission-scheduling/data/comp_study_002/instance_1_more_resources_30.txt
4.REPETITION: 1
Current directory: /home/wx350715/Kobra/rehabiliation-admission-scheduling
[34m2025-01-07 04:09:37,424 - DEBUG - Solver: <class 'src.solvers.cp_or.CPSolver'>[0m
[34m2025-01-07 04:09:37,425 - DEBUG - Args: {'break_symmetry': False}[0m
[34m2025-01-07 04:09:37,425 - DEBUG - File path /home/wx350715/Kobra/rehabiliation-admission-scheduling/data/comp_study_002/instance_1_more_resources_30.txt[0m
[34m2025-01-07 04:09:37,443 - DEBUG - ADD INSTANCE DATA[0m
[34m2025-01-07 04:09:37,444 - DEBUG - ADD INSTANCE DATA[0m
[34m2025-01-07 04:09:37,444 - DEBUG - ADD INSTANCE DATA[0m
[34m2025-01-07 04:09:37,444 - DEBUG - ADD INSTANCE DATA[0m
[34m2025-01-07 04:09:37,444 - DEBUG - ADD INSTANCE DATA[0m
[34m2025-01-07 04:09:37,444 - DEBUG - ADD INSTANCE DATA[0m
[34m2025-01-07 04:09:37,444 - DEBUG - ADD INSTANCE DATA[0m
[34m2025-01-07 04:09:37,444 - DEBUG - ADD INSTANCE DATA[0m
[34m2025-01-07 04:09:37,444 - DEBUG - ADD INSTANCE DATA[0m
[34m2025-01-07 04:09:37,444 - DEBUG - ADD INSTANCE DATA[0m
[34m2025-01-07 04:09:37,444 - DEBUG - ADD INSTANCE DATA[0m
[34m2025-01-07 04:09:37,444 - DEBUG - ADD RESOURCE_GROUPS[0m
[34m2025-01-07 04:09:37,444 - DEBUG - ADD RESOURCE_GROUPS[0m
[34m2025-01-07 04:09:37,444 - DEBUG - ADD RESOURCE_GROUPS[0m
[34m2025-01-07 04:09:37,444 - DEBUG - ADD RESOURCE_GROUPS[0m
[34m2025-01-07 04:09:37,445 - DEBUG - ADD RESOURCES[0m
[34m2025-01-07 04:09:37,445 - DEBUG - ADD RESOURCES[0m
[34m2025-01-07 04:09:37,445 - DEBUG - ADD RESOURCES[0m
[34m2025-01-07 04:09:37,445 - DEBUG - ADD RESOURCES[0m
[34m2025-01-07 04:09:37,445 - DEBUG - ADD RESOURCES[0m
[34m2025-01-07 04:09:37,445 - DEBUG - ADD RESOURCES[0m
[34m2025-01-07 04:09:37,445 - DEBUG - ADD RESOURCES[0m
[34m2025-01-07 04:09:37,445 - DEBUG - ADD RESOURCES[0m
[34m2025-01-07 04:09:37,445 - DEBUG - ADD RESOURCES[0m
[34m2025-01-07 04:09:37,445 - DEBUG - ADD RESOURCES[0m
[34m2025-01-07 04:09:37,445 - DEBUG - ADD RESOURCES[0m
[34m2025-01-07 04:09:37,445 - DEBUG - ADD RESOURCES[0m
[34m2025-01-07 04:09:37,445 - DEBUG - ADD RESOURCES[0m
[34m2025-01-07 04:09:37,446 - DEBUG - ADD RESOURCES[0m
[34m2025-01-07 04:09:37,446 - DEBUG - ADD TREATMENTS[0m
[34m2025-01-07 04:09:37,446 - DEBUG - ADD TREATMENTS[0m
[34m2025-01-07 04:09:37,446 - DEBUG - ADD TREATMENTS[0m
[34m2025-01-07 04:09:37,446 - DEBUG - ADD TREATMENTS[0m
[34m2025-01-07 04:09:37,446 - DEBUG - ADD TREATMENTS[0m
[34m2025-01-07 04:09:37,446 - DEBUG - ADD TREATMENTS[0m
[34m2025-01-07 04:09:37,446 - DEBUG - ADD TREATMENTS[0m
[34m2025-01-07 04:09:37,446 - DEBUG - ADD TREATMENTS[0m
[34m2025-01-07 04:09:37,447 - DEBUG - ADD PATIENTS[0m
[34m2025-01-07 04:09:37,447 - DEBUG - ADD PATIENTS[0m
[34m2025-01-07 04:09:37,447 - DEBUG - ADD PATIENTS[0m
[34m2025-01-07 04:09:37,447 - DEBUG - ADD PATIENTS[0m
[34m2025-01-07 04:09:37,447 - DEBUG - ADD PATIENTS[0m
[34m2025-01-07 04:09:37,447 - DEBUG - ADD PATIENTS[0m
[34m2025-01-07 04:09:37,447 - DEBUG - ADD PATIENTS[0m
[34m2025-01-07 04:09:37,447 - DEBUG - ADD PATIENTS[0m
[34m2025-01-07 04:09:37,447 - DEBUG - ADD PATIENTS[0m
[34m2025-01-07 04:09:37,448 - DEBUG - ADD PATIENTS[0m
[34m2025-01-07 04:09:37,448 - DEBUG - ADD PATIENTS[0m
[34m2025-01-07 04:09:37,448 - DEBUG - ADD PATIENTS[0m
[34m2025-01-07 04:09:37,448 - DEBUG - ADD PATIENTS[0m
[34m2025-01-07 04:09:37,448 - DEBUG - ADD PATIENTS[0m
[34m2025-01-07 04:09:37,448 - DEBUG - ADD PATIENTS[0m
[34m2025-01-07 04:09:37,448 - DEBUG - ADD PATIENTS[0m
[34m2025-01-07 04:09:37,448 - DEBUG - ADD PATIENTS[0m
[34m2025-01-07 04:09:37,448 - DEBUG - ADD PATIENTS[0m
[34m2025-01-07 04:09:37,448 - DEBUG - ADD PATIENTS[0m
[34m2025-01-07 04:09:37,449 - DEBUG - ADD PATIENTS[0m
[34m2025-01-07 04:09:37,449 - DEBUG - ADD PATIENTS[0m
[34m2025-01-07 04:09:37,449 - DEBUG - ADD PATIENTS[0m
[34m2025-01-07 04:09:37,450 - DEBUG - ADD PATIENTS[0m
[34m2025-01-07 04:09:37,450 - DEBUG - ADD PATIENTS[0m
[34m2025-01-07 04:09:37,450 - DEBUG - ADD PATIENTS[0m
[34m2025-01-07 04:09:37,450 - DEBUG - ADD PATIENTS[0m
[34m2025-01-07 04:09:37,450 - DEBUG - ADD PATIENTS[0m
[34m2025-01-07 04:09:37,450 - DEBUG - ADD PATIENTS[0m
[34m2025-01-07 04:09:37,450 - DEBUG - ADD PATIENTS[0m
[34m2025-01-07 04:09:37,451 - DEBUG - ADD PATIENTS[0m
[34m2025-01-07 04:09:37,451 - DEBUG - ADD PATIENTS[0m
[34m2025-01-07 04:09:37,451 - DEBUG - ADD PATIENTS[0m
[34m2025-01-07 04:09:37,451 - DEBUG - ADD PATIENTS[0m
[34m2025-01-07 04:09:37,451 - DEBUG - ADD PATIENTS[0m
[34m2025-01-07 04:09:37,451 - DEBUG - ADD PATIENTS[0m
[34m2025-01-07 04:09:37,451 - DEBUG - ADD PATIENTS[0m
[34m2025-01-07 04:09:37,451 - DEBUG - ADD PATIENTS[0m
[34m2025-01-07 04:09:37,451 - DEBUG - ADD PATIENTS[0m
[34m2025-01-07 04:09:37,452 - DEBUG - ADD PATIENTS[0m
[34m2025-01-07 04:09:37,452 - DEBUG - ADD PATIENTS[0m
[34m2025-01-07 04:09:37,452 - DEBUG - Instance data:[0m
[34m2025-01-07 04:09:37,452 - DEBUG - Number of patients: 40[0m
[34m2025-01-07 04:09:37,452 - DEBUG - Number of beds: 40[0m
[34m2025-01-07 04:09:37,452 - DEBUG - Average number of treatments per patient: 29.525[0m
[34m2025-01-07 04:09:37,452 - DEBUG - Average number of treatment per stayed day: 2.135623869801085[0m
[34m2025-01-07 04:09:37,452 - DEBUG - Number of treatments: 1181[0m
[34m2025-01-07 04:09:37,452 - DEBUG - Number of resources: 12[0m
[34m2025-01-07 04:09:37,452 - DEBUG - Number of resource groups: 4[0m
[34m2025-01-07 04:09:37,452 - DEBUG - Number of resource hours needed per all treatment by RG(therapists): 38.3375[0m
[34m2025-01-07 04:09:37,452 - DEBUG - Number of resource hours needed per all treatment by RG(rooms): 74.50000000000004[0m
[34m2025-01-07 04:09:37,452 - DEBUG - Number of resource hours needed per all treatment by RG(physiotherapist): 26.0[0m
[34m2025-01-07 04:09:37,452 - DEBUG - Number of resource hours needed per all treatment by RG(sport_room): 18.9375[0m
[32m2025-01-07 04:09:37,452 - INFO - {'solver': 'CPSolver', 'args': {'break_symmetry': True, 'max_repr': 'cumulative', 'min_repr': 'cumulative', 'enforce_min_treatments_per_day': True, 'enforce_max_treatments_per_e_w': True, 'enforce_min_patients_per_treatment': True, 'log_to_console': True}}[0m
[34m2025-01-07 04:09:37,452 - DEBUG - Setting options: CPSolver[0m
[34m2025-01-07 04:09:37,453 - DEBUG -  ---- break_symmetry to True[0m
[34m2025-01-07 04:09:37,453 - DEBUG -  ---- min_repr to cumulative[0m
[34m2025-01-07 04:09:37,453 - DEBUG -  ---- max_repr to cumulative[0m
[34m2025-01-07 04:09:37,453 - DEBUG -  ---- add_knowledge to True (default)[0m
[34m2025-01-07 04:09:37,453 - DEBUG - Setting options: Solver[0m
[34m2025-01-07 04:09:37,453 - DEBUG -  ---- number_of_threads to 1 (default)[0m
[34m2025-01-07 04:09:37,453 - DEBUG -  ---- treatment_value to 0 (default)[0m
[34m2025-01-07 04:09:37,453 - DEBUG -  ---- delay_value to 1 (default)[0m
[34m2025-01-07 04:09:37,453 - DEBUG -  ---- missing_treatment_value to 4 (default)[0m
[34m2025-01-07 04:09:37,453 - DEBUG -  ---- enforce_min_treatments_per_day to True[0m
[34m2025-01-07 04:09:37,453 - DEBUG -  ---- enforce_max_treatments_per_e_w to True[0m
[34m2025-01-07 04:09:37,453 - DEBUG -  ---- enforce_min_patients_per_treatment to True[0m
[34m2025-01-07 04:09:37,453 - DEBUG -  ---- log_to_console to True[0m
[34m2025-01-07 04:09:37,453 - DEBUG -  ---- log_to_file to True (default)[0m
[32m2025-01-07 04:09:37,473 - INFO - Create model: CPSolver[0m
[32m2025-01-07 04:09:43,613 - INFO - Symmetry is being broken[0m
[32m2025-01-07 04:09:43,975 - INFO - Time to create model: 6.502[0m
[32m2025-01-07 04:09:43,976 - INFO - Solving model: CPSolver[0m

Starting CP-SAT solver v9.11.4210
Parameters: log_search_progress: true num_search_workers: 1

Initial optimization model '': (model_fingerprint: 0xaac34b3fc16a16f1)
#Variables: 65'656 (#bools: 28'934 #ints: 40 in objective)
  - 36'958 Booleans in [0,1]
  - 3 in [-10000,100000]
  - 1 in [0,6]
  - 1 in [0,10]
  - 1 in [0,14]
  - 791 in [0,475]
  - 38 in [0,476]
  - 27'826 in [0,544]
  - 1 in [1,4]
  - 1 in [1,5]
  - 1 in [1,6]
  - 1 in [1,7]
  - 1 in [1,8]
  - 1 in [2,4]
  - 1 in [2,5]
  - 1 in [2,6]
  - 2 in [2,8]
  - 2 in [3,6]
  - 1 in [3,7]
  - 2 in [3,8]
  - 3 in [4,8]
  - 2 in [4,9]
  - 1 in [4,10]
  - 2 in [5,9]
  - 1 in [5,10]
  - 1 in [5,13]
  - 1 in [6,10]
  - 1 in [6,11]
  - 1 in [7,8]
  - 1 in [7,11]
  - 2 in [7,12]
  - 1 in [7,13]
  - 2 in [8,12]
  - 1 in [9,13]
  - 1 in [10,14]
  - 1 in [11,14]
#kBoolOr: 36'950 (#enforced: 36'950) (#literals: 36'950)
#kCumulative: 119 (#intervals: 141310, #optional: 85656, #variable_sizes: 55614)
#kInterval: 178'520 (#enforced: 122'614) (#fixed: 252)
#kLinMax: 38 (#expressions: 76)
#kLinear1: 81
#kLinear2: 58'651 (#enforced: 57'868)
#kLinear3: 449
#kLinearN: 2'995 (#terms: 124'019)
#kNoOverlap: 52 (#intervals: 36419, #optional: 36167, #fixed_intervals: 252)

Starting presolve at 0.12s
  5.01e-02s  0.00e+00d  [DetectDominanceRelations] 
  6.31e-01s  0.00e+00d  [PresolveToFixPoint] #num_loops=3 #num_dual_strengthening=2 
  4.31e-03s  0.00e+00d  [ExtractEncodingFromLinear] #potential_supersets=1'692 
[Symmetry] Graph for symmetry has 577'963 nodes and 1'091'680 arcs.
[Symmetry] Symmetry computation done. time: 0.569461 dtime: 0.87216
[Symmetry] #generators: 7, average support size: 1219.43
[Symmetry] 2038 orbits with sizes: 4,4,4,4,4,4,4,4,4,4,...
[Symmetry] Num fixable by intersecting at_most_one with orbits: 4 largest_orbit: 4
[Symmetry] Found orbitope of size 355 x 4
[SAT presolve] num removable Booleans: 0 / 36960
[SAT presolve] num trivial clauses: 0
[SAT presolve] [0s] clauses:37530 literals:95632 vars:36952 one_side_vars:15007 simple_definition:21363 singleton_clauses:0
[SAT presolve] [0.00333192s] clauses:37530 literals:95632 vars:36952 one_side_vars:15007 simple_definition:21363 singleton_clauses:0
[SAT presolve] [0.00497334s] clauses:37530 literals:95632 vars:36952 one_side_vars:15007 simple_definition:21363 singleton_clauses:0
  2.21e-02s  0.00e+00d  [DetectDuplicateConstraintsWithDifferentEnforcements] 
  1.85e+02s  1.00e+00d *[Probe] #probed=26'526 #new_binary_clauses=279'164 
  5.80e-01s  0.00e+00d  [MaxClique] Merged 37135(83182 literals) into 27030(201712 literals) at_most_ones. 
  5.73e-02s  0.00e+00d  [DetectDominanceRelations] 
  3.78e-01s  0.00e+00d  [PresolveToFixPoint] #num_loops=1 #num_dual_strengthening=1 
  5.37e-02s  0.00e+00d  [ProcessAtMostOneAndLinear] 
  3.19e-02s  0.00e+00d  [DetectDuplicateConstraints] 
  2.74e-02s  0.00e+00d  [DetectDuplicateConstraintsWithDifferentEnforcements] 
  1.88e+00s  3.23e-02d  [DetectDominatedLinearConstraints] #relevant_constraints=1'948 #num_inclusions=1'306 
  8.61e-03s  0.00e+00d  [DetectDifferentVariables] 
  3.68e-02s  1.78e-03d  [ProcessSetPPC] #relevant_constraints=30'282 #num_inclusions=16'908 
  8.01e-03s  0.00e+00d  [FindAlmostIdenticalLinearConstraints] 
  3.02e-01s  1.00e+00d *[FindBigAtMostOneAndLinearOverlap] #blocks=2 #saved_nz=298 
  8.40e-02s  1.00e+00d *[FindBigVerticalLinearOverlap] 
  2.93e-02s  1.07e-01d  [FindBigHorizontalLinearOverlap] #blocks=1 #saved_nz=151 #linears=1'165 
  1.06e-02s  8.10e-05d  [MergeClauses] 
  6.32e-02s  0.00e+00d  [DetectDominanceRelations] 
  3.92e-01s  0.00e+00d  [PresolveToFixPoint] #num_loops=2 #num_dual_strengthening=1 
  5.84e-02s  0.00e+00d  [DetectDominanceRelations] 
  3.90e-01s  0.00e+00d  [PresolveToFixPoint] #num_loops=1 #num_dual_strengthening=1 
[Symmetry] Graph for symmetry has 558'079 nodes and 1'172'950 arcs.
[Symmetry] Symmetry computation done. time: 0.38992 dtime: 0.738325
[Symmetry] #generators: 4, average support size: 1601.5
[Symmetry] 1683 orbits with sizes: 4,4,4,4,4,4,4,4,4,4,...
[Symmetry] Num fixable by binary propagation in orbit: 3 / 4
[Symmetry] Num fixable by intersecting at_most_one with orbits: 4 largest_orbit: 4
[Symmetry] Found orbitope of size 760 x 4
[SAT presolve] num removable Booleans: 0 / 36956
[SAT presolve] num trivial clauses: 0
[SAT presolve] [0s] clauses:22697 literals:60716 vars:23513 one_side_vars:8214 simple_definition:14866 singleton_clauses:0
[SAT presolve] [0.00437289s] clauses:22697 literals:60716 vars:23513 one_side_vars:8214 simple_definition:14866 singleton_clauses:0
[SAT presolve] [0.00634352s] clauses:22697 literals:60716 vars:23513 one_side_vars:8214 simple_definition:14866 singleton_clauses:0
  2.31e-02s  0.00e+00d  [DetectDuplicateConstraintsWithDifferentEnforcements] 
  1.84e+02s  1.00e+00d *[Probe] #probed=25'404 #new_binary_clauses=245'858 
  7.99e-01s  0.00e+00d  [MaxClique] Merged 24636(186703 literals) into 24636(225764 literals) at_most_ones. 
  5.72e-02s  0.00e+00d  [DetectDominanceRelations] 
  3.77e-01s  0.00e+00d  [PresolveToFixPoint] #num_loops=1 #num_dual_strengthening=1 
  5.54e-02s  0.00e+00d  [ProcessAtMostOneAndLinear] 
  2.93e-02s  0.00e+00d  [DetectDuplicateConstraints] 
  2.79e-02s  0.00e+00d  [DetectDuplicateConstraintsWithDifferentEnforcements] 
  1.55e+00s  2.73e-02d  [DetectDominatedLinearConstraints] #relevant_constraints=1'948 #num_inclusions=1'151 
  9.45e-03s  0.00e+00d  [DetectDifferentVariables] 
  3.88e-02s  2.03e-03d  [ProcessSetPPC] #relevant_constraints=27'890 #num_inclusions=13'778 
  7.05e-03s  0.00e+00d  [FindAlmostIdenticalLinearConstraints] 
  3.00e-01s  1.00e+00d *[FindBigAtMostOneAndLinearOverlap] 
  8.48e-02s  1.00e+00d *[FindBigVerticalLinearOverlap] 
  2.92e-02s  1.07e-01d  [FindBigHorizontalLinearOverlap] #blocks=1 #saved_nz=151 #linears=1'165 
  1.17e-02s  8.10e-05d  [MergeClauses] 
  5.53e-02s  0.00e+00d  [DetectDominanceRelations] 
  3.73e-01s  0.00e+00d  [PresolveToFixPoint] #num_loops=2 #num_dual_strengthening=1 
  5.59e-02s  0.00e+00d  [DetectDominanceRelations] 
  3.77e-01s  0.00e+00d  [PresolveToFixPoint] #num_loops=1 #num_dual_strengthening=1 
[Symmetry] Graph for symmetry has 558'075 nodes and 1'211'100 arcs.
[Symmetry] Symmetry computation done. time: 0.341959 dtime: 0.710194
[Symmetry] #generators: 1, average support size: 1846
[Symmetry] 923 orbits with sizes: 2,2,2,2,2,2,2,2,2,2,...
[Symmetry] Num fixable by intersecting at_most_one with orbits: 1 largest_orbit: 2
[SAT presolve] num removable Booleans: 0 / 36950
[SAT presolve] num trivial clauses: 0
[SAT presolve] [0s] clauses:21961 literals:59244 vars:23513 one_side_vars:8950 simple_definition:14130 singleton_clauses:0
[SAT presolve] [0.00580198s] clauses:21961 literals:59244 vars:23513 one_side_vars:8950 simple_definition:14130 singleton_clauses:0
[SAT presolve] [0.00790108s] clauses:21961 literals:59244 vars:23513 one_side_vars:8950 simple_definition:14130 singleton_clauses:0
  2.41e-02s  0.00e+00d  [DetectDuplicateConstraintsWithDifferentEnforcements] 
  1.80e+02s  1.00e+00d *[Probe] #probed=24'840 #equiv=1 #new_binary_clauses=230'905 
  6.78e-01s  0.00e+00d  [MaxClique] 
  5.27e-02s  0.00e+00d  [DetectDominanceRelations] 
  3.55e-01s  0.00e+00d  [PresolveToFixPoint] #num_loops=1 #num_dual_strengthening=1 
  5.30e-02s  0.00e+00d  [ProcessAtMostOneAndLinear] 
  2.81e-02s  0.00e+00d  [DetectDuplicateConstraints] 
  2.61e-02s  0.00e+00d  [DetectDuplicateConstraintsWithDifferentEnforcements] 
  1.56e+00s  2.72e-02d  [DetectDominatedLinearConstraints] #relevant_constraints=1'948 #num_inclusions=1'150 
  8.70e-03s  0.00e+00d  [DetectDifferentVariables] 
  3.81e-02s  2.03e-03d  [ProcessSetPPC] #relevant_constraints=27'889 #num_inclusions=13'778 
  8.27e-03s  0.00e+00d  [FindAlmostIdenticalLinearConstraints] 
  3.10e-01s  1.00e+00d *[FindBigAtMostOneAndLinearOverlap] 
  8.02e-02s  1.00e+00d *[FindBigVerticalLinearOverlap] 
  3.06e-02s  1.07e-01d  [FindBigHorizontalLinearOverlap] #blocks=1 #saved_nz=151 #linears=1'165 
  1.14e-02s  8.10e-05d  [MergeClauses] 
  6.23e-02s  0.00e+00d  [DetectDominanceRelations] 
  3.94e-01s  0.00e+00d  [PresolveToFixPoint] #num_loops=2 #num_dual_strengthening=1 
  2.63e-02s  0.00e+00d  [ExpandObjective] #entries=290'034 #tight_variables=14'263 #tight_constraints=1'655 #expands=151 

Presolve summary:
  - 55650 affine relations were detected.
  - rule 'TODO dual: only one blocking constraint?' was applied 396 times.
  - rule 'TODO linear matrix: reuse defining constraint' was applied 1 time.
  - rule 'TODO linear2: contains a Boolean.' was applied 13'104 times.
  - rule 'affine: new relation' was applied 55'650 times.
  - rule 'at_most_one: size one' was applied 1 time.
  - rule 'at_most_one: transformed into max clique.' was applied 1 time.
  - rule 'bool_or: implications' was applied 36'950 times.
  - rule 'cumulative: max profile is always under the min capacity' was applied 1 time.
  - rule 'deductions: 26561 stored' was applied 1 time.
  - rule 'dual: fix variable' was applied 2 times.
  - rule 'enforcement: false literal' was applied 13 times.
  - rule 'exactly_one: removed literals' was applied 6 times.
  - rule 'exactly_one: x and not(x)' was applied 1 time.
  - rule 'intervals: change duplicate index across constraints' was applied 54'218 times.
  - rule 'intervals: removed unused interval' was applied 831 times.
  - rule 'lin_max: affine_max target domain reduced' was applied 38 times.
  - rule 'lin_max: fixed affine_max target' was applied 38 times.
  - rule 'linear matrix: common amo rectangle' was applied 2 times.
  - rule 'linear matrix: common horizontal rectangle' was applied 3 times.
  - rule 'linear1: always true' was applied 42 times.
  - rule 'linear: always true' was applied 56'762 times.
  - rule 'linear: divide by GCD' was applied 1 time.
  - rule 'linear: empty' was applied 3 times.
  - rule 'linear: extracted enforcement literal' was applied 205 times.
  - rule 'linear: fixed or dup variables' was applied 29'806 times.
  - rule 'linear: negative clause' was applied 586 times.
  - rule 'linear: negative equal one' was applied 1'501 times.
  - rule 'linear: positive at most one' was applied 191 times.
  - rule 'linear: reduced variable domains' was applied 27'871 times.
  - rule 'linear: remapped using affine relations' was applied 53'280 times.
  - rule 'linear: simplified rhs' was applied 31'840 times.
  - rule 'linear: singleton column' was applied 1 time.
  - rule 'linear: variable substitution 0' was applied 1 time.
  - rule 'no_overlap: removed absent intervals' was applied 7 times.
  - rule 'objective: expanded via tight equality' was applied 151 times.
  - rule 'presolve: 57 unused variables removed.' was applied 1 time.
  - rule 'presolve: iteration' was applied 3 times.
  - rule 'setppc: bool_or in at_most_one.' was applied 1'333 times.
  - rule 'setppc: removed dominated constraints' was applied 1'060 times.
  - rule 'symmetry: fixed all but one to false in orbitope row' was applied 6 times.
  - rule 'symmetry: fixed to false in general orbit' was applied 1 time.
  - rule 'variables with 2 values: create encoding literal' was applied 1 time.
  - rule 'variables with 2 values: new affine relation' was applied 1 time.
  - rule 'variables: canonicalize affine domain' was applied 1 time.
  - rule 'variables: canonicalize domain' was applied 27'822 times.

Presolved optimization model '': (model_fingerprint: 0x191c57a447da662)
#Variables: 37'777 (#bools: 23'532 #ints: 36 in objective)
  - 36'947 Booleans in [0,1]
  - 6 in [0,2]
  - 13 in [0,3]
  - 9 in [0,4]
  - 5 in [0,5]
  - 1 in [0,6]
  - 1 in [0,7]
  - 2 in [0,8]
  - 1 in [0,9]
  - 1 in [0,13]
  - 791 in [0,475]
#kAtMostOne: 3'111 (#literals: 182'714)
#kBoolAnd: 790 (#enforced: 790) (#literals: 22'315)
#kBoolOr: 436 (#literals: 16'194)
#kCumulative: 118 (#intervals: 141270, #optional: 85656, #variable_sizes: 55613, #fixed_intervals: 1)
#kExactlyOne: 1'652 (#literals: 14'260)
#kInterval: 123'458 (#enforced: 121'810) (#fixed: 29)
#kLinear1: 1'937 (#enforced: 1'937)
#kLinear2: 27'780 (#enforced: 26'997)
#kLinearN: 1'165 (#enforced: 205) (#terms: 84'904)
#kNoOverlap: 52 (#intervals: 36406, #optional: 36154, #fixed_intervals: 252)

Preloading model.
#Bound 564.15s best:inf   next:[-89400,4870] initial_domain
[Symmetry] Graph for symmetry has 394'155 nodes and 1'048'961 arcs.
[Symmetry] Symmetry computation done. time: 0.205667 dtime: 0.465023

Starting search at 564.46s with 1 workers.
1 full problem subsolver: [main]

[Encoding] 0 literals associated to VAR >= value, and 1937 half-associations.
[Precedences] num_relations=26997 num_clauses=2088
[Probing] deterministic_time: 1.00015 (limit: 1) wall_time: 177.181 (Aborted 12399/39675)
[Probing]  - new binary clause: 239263
[EncodingLinearRelaxation] #tight_equality:0 #loose_equality:0 #inequality:791
[LinearRelaxationBeforeCliqueExpansion] #linear:3480 #at_most_ones:4762
[FinalLinearRelaxation] #linear:5159 #cut_generators:0
Initial num_bool: 39675
#Bound 744.05s best:inf   next:[-4360,4870] main (initial_propagation)

Starting subsolver 'main' hint search at 744.05s
Starting subsolver 'main' search at 744.05s
#Bound 744.15s best:inf   next:[-3836,4870] main
#Bound 1407.95s best:inf   next:[0,4870]   main
