1.NAME: LBBDSolver
2.PARAMS: {'break_symmetry': True, 'add_constraints_to_symmetrc_days': False, 'subsolver_cls': 'CPSubSolver'}
3.INSTANCE: /home/wx350715/Kobra/rehabiliation-admission-scheduling/data/comp_study_002/instance_7_15.txt
4.REPETITION: 1
Current directory: /home/wx350715/Kobra/rehabiliation-admission-scheduling
[34m2025-01-07 01:29:03,646 - DEBUG - Solver: <class 'src.solvers.benders.LBBDSolver'>[0m
[34m2025-01-07 01:29:03,646 - DEBUG - Args: {'break_symmetry': True, 'add_constraints_to_symmetrc_days': False, 'subsolver_cls': 'CPSubSolver'}[0m
[34m2025-01-07 01:29:03,646 - DEBUG - File path /home/wx350715/Kobra/rehabiliation-admission-scheduling/data/comp_study_002/instance_7_15.txt[0m
[34m2025-01-07 01:29:03,646 - DEBUG - ADD INSTANCE DATA[0m
[34m2025-01-07 01:29:03,646 - DEBUG - ADD INSTANCE DATA[0m
[34m2025-01-07 01:29:03,646 - DEBUG - ADD INSTANCE DATA[0m
[34m2025-01-07 01:29:03,646 - DEBUG - ADD INSTANCE DATA[0m
[34m2025-01-07 01:29:03,646 - DEBUG - ADD INSTANCE DATA[0m
[34m2025-01-07 01:29:03,646 - DEBUG - ADD INSTANCE DATA[0m
[34m2025-01-07 01:29:03,646 - DEBUG - ADD INSTANCE DATA[0m
[34m2025-01-07 01:29:03,647 - DEBUG - ADD INSTANCE DATA[0m
[34m2025-01-07 01:29:03,647 - DEBUG - ADD INSTANCE DATA[0m
[34m2025-01-07 01:29:03,647 - DEBUG - ADD INSTANCE DATA[0m
[34m2025-01-07 01:29:03,647 - DEBUG - ADD INSTANCE DATA[0m
[34m2025-01-07 01:29:03,647 - DEBUG - ADD RESOURCE_GROUPS[0m
[34m2025-01-07 01:29:03,647 - DEBUG - ADD RESOURCE_GROUPS[0m
[34m2025-01-07 01:29:03,647 - DEBUG - ADD RESOURCE_GROUPS[0m
[34m2025-01-07 01:29:03,647 - DEBUG - ADD RESOURCE_GROUPS[0m
[34m2025-01-07 01:29:03,647 - DEBUG - ADD RESOURCE_GROUPS[0m
[34m2025-01-07 01:29:03,647 - DEBUG - ADD RESOURCES[0m
[34m2025-01-07 01:29:03,647 - DEBUG - ADD RESOURCES[0m
[34m2025-01-07 01:29:03,647 - DEBUG - ADD RESOURCES[0m
[34m2025-01-07 01:29:03,647 - DEBUG - ADD RESOURCES[0m
[34m2025-01-07 01:29:03,648 - DEBUG - ADD RESOURCES[0m
[34m2025-01-07 01:29:03,648 - DEBUG - ADD RESOURCES[0m
[34m2025-01-07 01:29:03,648 - DEBUG - ADD RESOURCES[0m
[34m2025-01-07 01:29:03,648 - DEBUG - ADD RESOURCES[0m
[34m2025-01-07 01:29:03,648 - DEBUG - ADD RESOURCES[0m
[34m2025-01-07 01:29:03,648 - DEBUG - ADD RESOURCES[0m
[34m2025-01-07 01:29:03,648 - DEBUG - ADD TREATMENTS[0m
[34m2025-01-07 01:29:03,648 - DEBUG - ADD TREATMENTS[0m
[34m2025-01-07 01:29:03,648 - DEBUG - ADD TREATMENTS[0m
[34m2025-01-07 01:29:03,648 - DEBUG - ADD TREATMENTS[0m
[34m2025-01-07 01:29:03,648 - DEBUG - ADD TREATMENTS[0m
[34m2025-01-07 01:29:03,648 - DEBUG - ADD TREATMENTS[0m
[34m2025-01-07 01:29:03,649 - DEBUG - ADD TREATMENTS[0m
[34m2025-01-07 01:29:03,649 - DEBUG - ADD TREATMENTS[0m
[34m2025-01-07 01:29:03,649 - DEBUG - ADD TREATMENTS[0m
[34m2025-01-07 01:29:03,649 - DEBUG - ADD TREATMENTS[0m
[34m2025-01-07 01:29:03,649 - DEBUG - ADD PATIENTS[0m
[34m2025-01-07 01:29:03,649 - DEBUG - ADD PATIENTS[0m
[34m2025-01-07 01:29:03,649 - DEBUG - ADD PATIENTS[0m
[34m2025-01-07 01:29:03,649 - DEBUG - ADD PATIENTS[0m
[34m2025-01-07 01:29:03,649 - DEBUG - ADD PATIENTS[0m
[34m2025-01-07 01:29:03,650 - DEBUG - ADD PATIENTS[0m
[34m2025-01-07 01:29:03,650 - DEBUG - ADD PATIENTS[0m
[34m2025-01-07 01:29:03,650 - DEBUG - ADD PATIENTS[0m
[34m2025-01-07 01:29:03,650 - DEBUG - ADD PATIENTS[0m
[34m2025-01-07 01:29:03,650 - DEBUG - ADD PATIENTS[0m
[34m2025-01-07 01:29:03,650 - DEBUG - ADD PATIENTS[0m
[34m2025-01-07 01:29:03,650 - DEBUG - ADD PATIENTS[0m
[34m2025-01-07 01:29:03,650 - DEBUG - ADD PATIENTS[0m
[34m2025-01-07 01:29:03,650 - DEBUG - ADD PATIENTS[0m
[34m2025-01-07 01:29:03,651 - DEBUG - ADD PATIENTS[0m
[34m2025-01-07 01:29:03,651 - DEBUG - ADD PATIENTS[0m
[34m2025-01-07 01:29:03,651 - DEBUG - ADD PATIENTS[0m
[34m2025-01-07 01:29:03,651 - DEBUG - ADD PATIENTS[0m
[34m2025-01-07 01:29:03,651 - DEBUG - ADD PATIENTS[0m
[34m2025-01-07 01:29:03,651 - DEBUG - ADD PATIENTS[0m
[34m2025-01-07 01:29:03,653 - DEBUG - Instance data:[0m
[34m2025-01-07 01:29:03,653 - DEBUG - Number of patients: 19[0m
[34m2025-01-07 01:29:03,653 - DEBUG - Number of beds: 40[0m
[34m2025-01-07 01:29:03,653 - DEBUG - Average number of treatments per patient: 25.42105263157895[0m
[34m2025-01-07 01:29:03,653 - DEBUG - Average number of treatment per stayed day: 2.542105263157895[0m
[34m2025-01-07 01:29:03,653 - DEBUG - Number of treatments: 483[0m
[34m2025-01-07 01:29:03,653 - DEBUG - Number of resources: 10[0m
[34m2025-01-07 01:29:03,653 - DEBUG - Number of resource groups: 5[0m
[34m2025-01-07 01:29:03,653 - DEBUG - Number of resource hours needed per all treatment by RG(rooms): 22.09999999999998[0m
[34m2025-01-07 01:29:03,653 - DEBUG - Number of resource hours needed per all treatment by RG(physiotherapist): 9.75[0m
[34m2025-01-07 01:29:03,653 - DEBUG - Number of resource hours needed per all treatment by RG(therapists): 7.975000000000001[0m
[34m2025-01-07 01:29:03,653 - DEBUG - Number of resource hours needed per all treatment by RG(sport_room): 5.625[0m
[32m2025-01-07 01:29:03,654 - INFO - {'solver': 'LBBDSolver', 'args': {'break_symmetry': False, 'subsolver_cls': <class 'src.solvers.subsolvers.cp_subsolver.CPSubsolver'>, 'subsolver.store_results': True, 'subsolver.store_results_method': 'hash', 'use_helper_constraints': True, 'enforce_min_treatments_per_day': True, 'enforce_max_treatments_per_e_w': True, 'enforce_min_patients_per_treatment': True, 'log_to_console': True}}[0m
[34m2025-01-07 01:29:03,654 - DEBUG - Setting options: LBBDSolver[0m
[34m2025-01-07 01:29:03,654 - DEBUG -  ---- break_symmetry to False[0m
[34m2025-01-07 01:29:03,654 - DEBUG -  ---- subsolver_cls to <class 'src.solvers.subsolvers.cp_subsolver.CPSubsolver'>[0m
[34m2025-01-07 01:29:03,654 - DEBUG -  ---- use_helper_constraints to True[0m
[34m2025-01-07 01:29:03,654 - DEBUG -  ---- add_constraints_to_symmetric_days to True (default)[0m
[34m2025-01-07 01:29:03,654 - DEBUG - Setting options: Solver[0m
[34m2025-01-07 01:29:03,654 - DEBUG -  ---- number_of_threads to 1 (default)[0m
[34m2025-01-07 01:29:03,654 - DEBUG -  ---- treatment_value to 0 (default)[0m
[34m2025-01-07 01:29:03,654 - DEBUG -  ---- delay_value to 1 (default)[0m
[34m2025-01-07 01:29:03,654 - DEBUG -  ---- missing_treatment_value to 4 (default)[0m
[34m2025-01-07 01:29:03,654 - DEBUG -  ---- enforce_min_treatments_per_day to True[0m
[34m2025-01-07 01:29:03,654 - DEBUG -  ---- enforce_max_treatments_per_e_w to True[0m
[34m2025-01-07 01:29:03,654 - DEBUG -  ---- enforce_min_patients_per_treatment to True[0m
[34m2025-01-07 01:29:03,654 - DEBUG -  ---- log_to_console to True[0m
[34m2025-01-07 01:29:03,654 - DEBUG -  ---- log_to_file to True (default)[0m
[34m2025-01-07 01:29:03,690 - DEBUG - Setting options: CPSubsolver[0m
[34m2025-01-07 01:29:03,690 - DEBUG -  ---- estimated_needed_treatments to True (default)[0m
[34m2025-01-07 01:29:03,690 - DEBUG -  ---- add_patient_symmetry to False (default)[0m
[34m2025-01-07 01:29:03,690 - DEBUG - Setting Subsolver options: SubSolver[0m
[34m2025-01-07 01:29:03,690 - DEBUG -  ---- store_results to True[0m
[34m2025-01-07 01:29:03,690 - DEBUG -  ---- store_results_method to hash[0m
[34m2025-01-07 01:29:03,690 - DEBUG -  ---- enforce_min_patients_per_treatment to True[0m
[34m2025-01-07 01:29:03,691 - DEBUG -  ---- use_day_symmetry to True (default)[0m
[32m2025-01-07 01:29:03,720 - INFO - Create model: LBBDSolver[0m
Set parameter TSPort to value 50039
Set parameter TokenServer to value "license.itc.rwth-aachen.de"
Set parameter Threads to value 1
Set parameter LazyConstraints to value 1
[34m2025-01-07 01:29:04,043 - DEBUG - Variables created.[0m
[34m2025-01-07 01:29:05,022 - DEBUG - Constraint (not too many treatments) created.[0m
[34m2025-01-07 01:29:05,774 - DEBUG - Constraint (no_treatments_outside admittance) created.[0m
[34m2025-01-07 01:29:05,776 - DEBUG - Constraint (bed_usage) created.[0m
[34m2025-01-07 01:29:05,776 - DEBUG - Constraint (must be admitted) created.[0m
[34m2025-01-07 01:29:05,892 - DEBUG - Constraint (e_w_ub) created.[0m
[34m2025-01-07 01:29:05,927 - DEBUG - Constraint (day_ub) created.[0m
[34m2025-01-07 01:29:05,963 - DEBUG - Constraint (Day always) created.[0m
[34m2025-01-07 01:29:05,964 - DEBUG - Constraint (already_admitted) created.[0m
[32m2025-01-07 01:29:07,244 - INFO - Time to create model: 3.524[0m
[32m2025-01-07 01:29:07,245 - INFO - Solving model: LBBDSolver[0m
Gurobi Optimizer version 10.0.0 build v10.0.0rc2 (linux64)

CPU model: Intel(R) Xeon(R) Platinum 8468, instruction set [SSE2|AVX|AVX2|AVX512]
Thread count: 96 physical cores, 96 logical processors, using up to 1 threads

Optimize a model with 144626 rows, 60607 columns and 1204821 nonzeros
Model fingerprint: 0xbd0e5c04
Variable types: 3 continuous, 60604 integer (60604 binary)
Coefficient statistics:
  Matrix range     [1e+00, 1e+01]
  Objective range  [1e+00, 1e+01]
  Bounds range     [1e+00, 1e+00]
  RHS range        [1e+00, 2e+03]
Presolve added 0 rows and 627 columns
Presolve removed 73279 rows and 0 columns
Presolve time: 1.97s
Presolved: 71347 rows, 61234 columns, 894486 nonzeros
Variable types: 1 continuous, 61233 integer (60945 binary)
Root relaxation presolved: 71248 rows, 61333 columns, 862419 nonzeros


Use crossover to convert LP symmetric solution to basic solution...

Root relaxation: objective 1.480000e+02, 17549 iterations, 0.98 seconds (0.83 work units)
Total elapsed time = 7.44s
Total elapsed time = 10.08s

    Nodes    |    Current Node    |     Objective Bounds      |     Work
 Expl Unexpl |  Obj  Depth IntInf | Incumbent    BestBd   Gap | It/Node Time

     0     0  148.00000    0   30          -  148.00000      -     -   12s
     0     0  148.00000    0   13          -  148.00000      -     -   14s
[32m2025-01-07 01:29:53,870 - INFO - d_prime: 11 d: 11[0m
[32m2025-01-07 01:29:53,872 - INFO - d_prime: 12 d: 11[0m
[32m2025-01-07 01:29:53,874 - INFO - forbidden_vars: ([{5:1},{5:1},{1:1,5:1},{1:2},{3:2},{5:2},{5:1,9:1},{5:2},{1:2,5:1},{3:3},{3:2,5:1},{3:3},{3:2,4:1},{3:3,9:1},{3:2,9:2}])[0m
[32m2025-01-07 01:29:53,874 - INFO - False[0m
     0     0  148.00000    0   13          -  148.00000      -     -   52s
[32m2025-01-07 01:30:19,506 - INFO - d_prime: 11 d: 11[0m
[32m2025-01-07 01:30:19,508 - INFO - d_prime: 12 d: 11[0m
[32m2025-01-07 01:30:19,509 - INFO - forbidden_vars: ([{5:1},{5:1},{1:1,5:1},{1:2},{3:2},{3:2},{5:2},{5:1,9:1},{5:2},{1:2,5:1},{3:2,5:1},{3:3},{3:2,4:1},{3:3,9:1},{3:2,9:2}])[0m
[32m2025-01-07 01:30:19,509 - INFO - False[0m
[32m2025-01-07 01:30:35,983 - INFO - d_prime: 11 d: 11[0m
[32m2025-01-07 01:30:35,984 - INFO - d_prime: 12 d: 11[0m
[32m2025-01-07 01:30:35,985 - INFO - forbidden_vars: ([{5:1},{5:1},{1:1,5:1},{1:2},{1:2},{3:2},{5:2},{5:1,9:1},{5:2},{3:3},{3:2,5:1},{3:3},{3:2,4:1},{3:3,9:1},{3:2,9:2}])[0m
[32m2025-01-07 01:30:35,985 - INFO - False[0m
     0     0  148.00000    0   13          -  148.00000      -     -   88s
[32m2025-01-07 01:30:57,909 - INFO - d_prime: 11 d: 11[0m
[32m2025-01-07 01:30:57,911 - INFO - d_prime: 12 d: 11[0m
[32m2025-01-07 01:30:57,912 - INFO - forbidden_vars: ([{5:1},{5:1},{1:1,5:1},{1:2},{3:2},{3:2},{5:2},{5:1,9:1},{5:2},{1:2,5:1},{3:3},{3:2,5:1},{3:3},{3:3,9:1},{3:2,9:2}])[0m
[32m2025-01-07 01:30:57,912 - INFO - False[0m
[32m2025-01-07 01:31:14,102 - INFO - d_prime: 11 d: 11[0m
[32m2025-01-07 01:31:14,104 - INFO - d_prime: 12 d: 11[0m
[32m2025-01-07 01:31:14,105 - INFO - forbidden_vars: ([{5:1},{5:1},{5:1},{1:1,5:1},{1:2},{3:2},{5:2},{5:1,9:1},{1:2,5:1},{3:3},{3:2,5:1},{3:3},{3:2,4:1},{3:3,9:1},{3:2,9:2}])[0m
[32m2025-01-07 01:31:14,105 - INFO - False[0m
[32m2025-01-07 01:31:14,105 - INFO - Number of cuts added: 5 (bad=0, good=5)[0m
[32m2025-01-07 01:31:14,105 - INFO - Unnecessary comps: (0 / 5)[0m
[32m2025-01-07 01:31:14,105 - INFO - Calls to is_day_infeasible: cp_solver=18/ total=70 stored=52[0m
[32m2025-01-07 01:31:14,105 - INFO - Is feasible: 112.28350186347961 0.998754813750079[0m
[32m2025-01-07 01:31:14,105 - INFO - Subsolver: Solve Model: 111.8730320930481/0.9964053095244416[0m
[32m2025-01-07 01:31:14,105 - INFO - Subsolver: Create Model: 0.40359973907470703/0.0035946904755583832[0m
[32m2025-01-07 01:31:14,105 - INFO - Num_constraints-added: 10[0m
     0     0  148.00000    0   13          -  148.00000      -     -  126s
H    0     0                     148.0000000  148.00000  0.00%     -  154s
     0     0  148.00000    0   13  148.00000  148.00000  0.00%     -  154s

Cutting planes:
  Gomory: 7
  MIR: 6
  Zero half: 21
  RLT: 1
  Lazy constraints: 10

Explored 1 nodes (57453 simplex iterations) in 154.08 seconds (20.22 work units)
Thread count was 1 (of 96 available processors)

Solution count 1: 148 

Optimal solution found (tolerance 1.00e-04)
Best objective 1.480000000000e+02, best bound 1.480000000000e+02, gap 0.0000%

User-callback calls 1440, time in user-callback 139.38 sec
[34m2025-01-07 01:31:41,404 - DEBUG - Finished optimization[0m
[34m2025-01-07 01:31:41,404 - DEBUG - Subsolver stats:[0m
[32m2025-01-07 01:31:41,404 - INFO - Number of cuts added: 5 (bad=0, good=5)[0m
[32m2025-01-07 01:31:41,404 - INFO - Unnecessary comps: (0 / 5)[0m
[32m2025-01-07 01:31:41,404 - INFO - Calls to is_day_infeasible: cp_solver=30/ total=84 stored=54[0m
[32m2025-01-07 01:31:41,404 - INFO - Is feasible: 139.20219683647156 0.9988445263935727[0m
[32m2025-01-07 01:31:41,404 - INFO - Subsolver: Solve Model: 138.40012288093567/0.9943192654060209[0m
[32m2025-01-07 01:31:41,405 - INFO - Subsolver: Create Model: 0.7907061576843262/0.0056807345939791495[0m
[32m2025-01-07 01:31:41,405 - INFO - Num_constraints-added: 10[0m
[32m2025-01-07 01:31:41,405 - INFO - Optimal solution found.[0m
[34m2025-01-07 01:31:41,405 - DEBUG - Sub Objectives:[0m
[34m2025-01-07 01:31:41,405 - DEBUG - (SOLVER):Minimize Delay: 0.0[0m
[34m2025-01-07 01:31:41,405 - DEBUG - (SOLVER):Minimize Missing Treatments: 148.0[0m
[32m2025-01-07 01:31:41,405 - INFO - All cuts [defaultdict(<class 'dict'>, {P(patient3): {T(bath): 1, T(massage): 1}, P(patient6): {T(bath): 2, T(massage): 1}, P(patient8): {T(bath): 2}, P(patient11): {T(knitting): 3}, P(patient12): {T(knitting): 2, T(massage): 1}, P(patient13): {T(knitting): 3}, P(patient14): {T(knitting): 2, T(trust_exercise): 1}, P(patient15): {T(knitting): 3, T(board_games): 1}, P(patient16): {T(knitting): 2}, P(patient17): {T(knitting): 2, T(board_games): 2}, P(patient2): {T(massage): 2}, P(patient4): {T(massage): 1}, P(patient5): {T(massage): 1, T(board_games): 1}, P(patient7): {T(massage): 2}, P(patient9): {T(massage): 1}}), defaultdict(<class 'dict'>, {P(patient3): {T(bath): 1, T(massage): 1}, P(patient6): {T(bath): 2, T(massage): 1}, P(patient8): {T(bath): 2}, P(patient11): {T(knitting): 2}, P(patient12): {T(knitting): 2, T(massage): 1}, P(patient13): {T(knitting): 3}, P(patient14): {T(knitting): 2, T(trust_exercise): 1}, P(patient15): {T(knitting): 3, T(board_games): 1}, P(patient16): {T(knitting): 2}, P(patient17): {T(knitting): 2, T(board_games): 2}, P(patient2): {T(massage): 2}, P(patient4): {T(massage): 1}, P(patient5): {T(massage): 1, T(board_games): 1}, P(patient7): {T(massage): 2}, P(patient9): {T(massage): 1}}), defaultdict(<class 'dict'>, {P(patient3): {T(bath): 1, T(massage): 1}, P(patient6): {T(bath): 2}, P(patient8): {T(bath): 2}, P(patient11): {T(knitting): 3}, P(patient12): {T(knitting): 2, T(massage): 1}, P(patient13): {T(knitting): 3}, P(patient14): {T(knitting): 2, T(trust_exercise): 1}, P(patient15): {T(knitting): 3, T(board_games): 1}, P(patient16): {T(knitting): 2}, P(patient17): {T(knitting): 2, T(board_games): 2}, P(patient2): {T(massage): 2}, P(patient4): {T(massage): 1}, P(patient5): {T(massage): 1, T(board_games): 1}, P(patient7): {T(massage): 2}, P(patient9): {T(massage): 1}}), defaultdict(<class 'dict'>, {P(patient3): {T(bath): 1, T(massage): 1}, P(patient6): {T(bath): 2, T(massage): 1}, P(patient8): {T(bath): 2}, P(patient11): {T(knitting): 3}, P(patient12): {T(knitting): 2, T(massage): 1}, P(patient13): {T(knitting): 3}, P(patient14): {T(knitting): 2}, P(patient15): {T(knitting): 3, T(board_games): 1}, P(patient16): {T(knitting): 2}, P(patient17): {T(knitting): 2, T(board_games): 2}, P(patient2): {T(massage): 2}, P(patient4): {T(massage): 1}, P(patient5): {T(massage): 1, T(board_games): 1}, P(patient7): {T(massage): 2}, P(patient9): {T(massage): 1}}), defaultdict(<class 'dict'>, {P(patient3): {T(bath): 1, T(massage): 1}, P(patient6): {T(bath): 2, T(massage): 1}, P(patient8): {T(bath): 2}, P(patient11): {T(knitting): 3}, P(patient12): {T(knitting): 2, T(massage): 1}, P(patient13): {T(knitting): 3}, P(patient14): {T(knitting): 2, T(trust_exercise): 1}, P(patient15): {T(knitting): 3, T(board_games): 1}, P(patient16): {T(knitting): 2}, P(patient17): {T(knitting): 2, T(board_games): 2}, P(patient2): {T(massage): 2}, P(patient4): {T(massage): 1}, P(patient5): {T(massage): 1, T(board_games): 1}, P(patient7): {T(massage): 1}, P(patient9): {T(massage): 1}})][0m
[32m2025-01-07 01:31:41,405 - INFO - All cuts ['([{5:1},{5:1},{1:1,5:1},{1:2},{3:2},{5:2},{5:1,9:1},{5:2},{1:2,5:1},{3:3},{3:2,5:1},{3:3},{3:2,4:1},{3:3,9:1},{3:2,9:2}])', '([{5:1},{5:1},{1:1,5:1},{1:2},{3:2},{3:2},{5:2},{5:1,9:1},{5:2},{1:2,5:1},{3:2,5:1},{3:3},{3:2,4:1},{3:3,9:1},{3:2,9:2}])', '([{5:1},{5:1},{1:1,5:1},{1:2},{1:2},{3:2},{5:2},{5:1,9:1},{5:2},{3:3},{3:2,5:1},{3:3},{3:2,4:1},{3:3,9:1},{3:2,9:2}])', '([{5:1},{5:1},{1:1,5:1},{1:2},{3:2},{3:2},{5:2},{5:1,9:1},{5:2},{1:2,5:1},{3:3},{3:2,5:1},{3:3},{3:3,9:1},{3:2,9:2}])', '([{5:1},{5:1},{5:1},{1:1,5:1},{1:2},{3:2},{5:2},{5:1,9:1},{1:2,5:1},{3:3},{3:2,5:1},{3:3},{3:2,4:1},{3:3,9:1},{3:2,9:2}])'][0m
[34m2025-01-07 01:32:14,641 - DEBUG - Patient 0 is admitted at day 0.[0m
[34m2025-01-07 01:32:14,642 - DEBUG - Patient 1 is admitted at day 1.[0m
[34m2025-01-07 01:32:14,642 - DEBUG - Patient 2 is admitted at day 2.[0m
[34m2025-01-07 01:32:14,642 - DEBUG - Patient 3 is admitted at day 2.[0m
[34m2025-01-07 01:32:14,642 - DEBUG - Patient 4 is admitted at day 3.[0m
[34m2025-01-07 01:32:14,642 - DEBUG - Patient 5 is admitted at day 4.[0m
[34m2025-01-07 01:32:14,642 - DEBUG - Patient 6 is admitted at day 5.[0m
[34m2025-01-07 01:32:14,642 - DEBUG - Patient 7 is admitted at day 2.[0m
[34m2025-01-07 01:32:14,642 - DEBUG - Patient 8 is admitted at day 7.[0m
[34m2025-01-07 01:32:14,642 - DEBUG - Patient 9 is admitted at day 9.[0m
[34m2025-01-07 01:32:14,642 - DEBUG - Patient 10 is admitted at day 0.[0m
[34m2025-01-07 01:32:14,642 - DEBUG - Patient 11 is admitted at day 2.[0m
[34m2025-01-07 01:32:14,642 - DEBUG - Patient 12 is admitted at day 3.[0m
[34m2025-01-07 01:32:14,642 - DEBUG - Patient 13 is admitted at day 8.[0m
[34m2025-01-07 01:32:14,642 - DEBUG - Patient 14 is admitted at day 6.[0m
[34m2025-01-07 01:32:14,642 - DEBUG - Patient 15 is admitted at day 11.[0m
[34m2025-01-07 01:32:14,642 - DEBUG - Patient 16 is admitted at day 4.[0m
[34m2025-01-07 01:32:14,642 - DEBUG - Patient 17 is admitted at day 5.[0m
[34m2025-01-07 01:32:14,642 - DEBUG - Patient 19 is admitted at day 0.[0m
[34m2025-01-07 01:32:14,642 - DEBUG - Patients [10] have treatment 4 starting at day 0, hour 9.0 using resources [9, 8].[0m
[34m2025-01-07 01:32:14,643 - DEBUG - Patients [10] have treatment 4 starting at day 0, hour 14.0 using resources [3, 6].[0m
[34m2025-01-07 01:32:14,643 - DEBUG - Patients [0, 19] have treatment 5 starting at day 0, hour 9.0 using resources [5, 6].[0m
[34m2025-01-07 01:32:14,643 - DEBUG - Patients [19] have treatment 5 starting at day 0, hour 11.5 using resources [5, 6].[0m
[34m2025-01-07 01:32:14,643 - DEBUG - Patients [19] have treatment 5 starting at day 0, hour 13.0 using resources [5, 6].[0m
[34m2025-01-07 01:32:14,643 - DEBUG - Patients [19] have treatment 5 starting at day 0, hour 13.5 using resources [5, 6].[0m
[34m2025-01-07 01:32:14,643 - DEBUG - Patients [0] have treatment 7 starting at day 0, hour 8.0 using resources [8, 6, 5].[0m
[34m2025-01-07 01:32:14,643 - DEBUG - Patients [0] have treatment 7 starting at day 0, hour 9.5 using resources [8, 6, 5].[0m
[34m2025-01-07 01:32:14,643 - DEBUG - Patients [0] have treatment 7 starting at day 0, hour 10.5 using resources [8, 6, 5].[0m
[34m2025-01-07 01:32:14,643 - DEBUG - Patients [0] have treatment 1 starting at day 1, hour 8.0 using resources [8].[0m
[34m2025-01-07 01:32:14,643 - DEBUG - Patients [1] have treatment 1 starting at day 1, hour 8.0 using resources [7].[0m
[34m2025-01-07 01:32:14,643 - DEBUG - Patients [1] have treatment 1 starting at day 1, hour 12.0 using resources [6].[0m
[34m2025-01-07 01:32:14,643 - DEBUG - Patients [10, 19] have treatment 3 starting at day 1, hour 8.0 using resources [9, 6].[0m
[34m2025-01-07 01:32:14,643 - DEBUG - Patients [10, 19] have treatment 3 starting at day 1, hour 10.0 using resources [3, 6].[0m
[34m2025-01-07 01:32:14,643 - DEBUG - Patients [10, 19] have treatment 3 starting at day 1, hour 13.0 using resources [0, 6].[0m
[34m2025-01-07 01:32:14,643 - DEBUG - Patients [0] have treatment 5 starting at day 1, hour 8.5 using resources [5, 8].[0m
[34m2025-01-07 01:32:14,643 - DEBUG - Patients [3] have treatment 5 starting at day 2, hour 14.25 using resources [5, 6].[0m
[34m2025-01-07 01:32:14,643 - DEBUG - Patients [19] have treatment 5 starting at day 2, hour 14.75 using resources [4, 6].[0m
[34m2025-01-07 01:32:14,643 - DEBUG - Patients [0, 1, 2, 3, 7] have treatment 6 starting at day 2, hour 8.0 using resources [9, 8].[0m
[34m2025-01-07 01:32:14,643 - DEBUG - Patients [0, 1, 2, 3, 7] have treatment 6 starting at day 2, hour 9.25 using resources [0, 8].[0m
[34m2025-01-07 01:32:14,643 - DEBUG - Patients [0, 1, 2, 3, 7] have treatment 6 starting at day 2, hour 13.0 using resources [0, 8].[0m
[34m2025-01-07 01:32:14,643 - DEBUG - Patients [10, 11, 19] have treatment 9 starting at day 2, hour 8.0 using resources [2, 6].[0m
[34m2025-01-07 01:32:14,643 - DEBUG - Patients [0, 10] have treatment 9 starting at day 2, hour 10.5 using resources [0, 6].[0m
[34m2025-01-07 01:32:14,643 - DEBUG - Patients [4] have treatment 1 starting at day 3, hour 8.0 using resources [7].[0m
[34m2025-01-07 01:32:14,643 - DEBUG - Patients [4] have treatment 1 starting at day 3, hour 10.5 using resources [7].[0m
[34m2025-01-07 01:32:14,643 - DEBUG - Patients [10, 19] have treatment 3 starting at day 3, hour 8.5 using resources [9, 7].[0m
[34m2025-01-07 01:32:14,644 - DEBUG - Patients [12, 19] have treatment 4 starting at day 3, hour 13.0 using resources [2, 8].[0m
[34m2025-01-07 01:32:14,644 - DEBUG - Patients [10, 11] have treatment 4 starting at day 3, hour 13.0 using resources [9, 7].[0m
[34m2025-01-07 01:32:14,644 - DEBUG - Patients [11] have treatment 4 starting at day 3, hour 15.5 using resources [0, 6].[0m
[34m2025-01-07 01:32:14,644 - DEBUG - Patients [1] have treatment 5 starting at day 3, hour 13.0 using resources [5, 6].[0m
[34m2025-01-07 01:32:14,644 - DEBUG - Patients [3, 7] have treatment 7 starting at day 3, hour 8.0 using resources [8, 6, 5].[0m
[34m2025-01-07 01:32:14,644 - DEBUG - Patients [3, 7] have treatment 7 starting at day 3, hour 9.0 using resources [8, 6, 5].[0m
[34m2025-01-07 01:32:14,644 - DEBUG - Patients [2, 7] have treatment 7 starting at day 3, hour 10.0 using resources [8, 6, 5].[0m
[34m2025-01-07 01:32:14,644 - DEBUG - Patients [2, 7] have treatment 7 starting at day 3, hour 11.0 using resources [8, 6, 5].[0m
[34m2025-01-07 01:32:14,644 - DEBUG - Patients [0, 1] have treatment 7 starting at day 3, hour 13.5 using resources [8, 6, 4].[0m
[34m2025-01-07 01:32:14,644 - DEBUG - Patients [0] have treatment 7 starting at day 3, hour 14.5 using resources [8, 6, 4].[0m
[34m2025-01-07 01:32:14,644 - DEBUG - Patients [7] have treatment 1 starting at day 4, hour 8.0 using resources [7].[0m
[34m2025-01-07 01:32:14,644 - DEBUG - Patients [5] have treatment 1 starting at day 4, hour 9.5 using resources [7].[0m
[34m2025-01-07 01:32:14,644 - DEBUG - Patients [2] have treatment 1 starting at day 4, hour 10.0 using resources [7].[0m
[34m2025-01-07 01:32:14,644 - DEBUG - Patients [1] have treatment 1 starting at day 4, hour 11.0 using resources [7].[0m
[34m2025-01-07 01:32:14,644 - DEBUG - Patients [10, 12] have treatment 5 starting at day 4, hour 14.5 using resources [5, 7].[0m
[34m2025-01-07 01:32:14,644 - DEBUG - Patients [0, 5] have treatment 5 starting at day 4, hour 15.0 using resources [5, 7].[0m
[34m2025-01-07 01:32:14,644 - DEBUG - Patients [3] have treatment 7 starting at day 4, hour 11.0 using resources [8, 6, 5].[0m
[34m2025-01-07 01:32:14,644 - DEBUG - Patients [1, 2, 4, 5, 10, 11, 12, 16, 19] have treatment 9 starting at day 4, hour 8.0 using resources [9, 6].[0m
[34m2025-01-07 01:32:14,644 - DEBUG - Patients [1, 4, 11, 12, 16, 19] have treatment 9 starting at day 4, hour 9.5 using resources [3, 6].[0m
[34m2025-01-07 01:32:14,644 - DEBUG - Patients [0, 12, 16] have treatment 9 starting at day 4, hour 13.0 using resources [0, 6].[0m
[34m2025-01-07 01:32:14,644 - DEBUG - Patients [1, 16] have treatment 9 starting at day 4, hour 14.5 using resources [0, 6].[0m
[34m2025-01-07 01:32:14,644 - DEBUG - Patients [12, 19] have treatment 3 starting at day 5, hour 8.0 using resources [9, 7].[0m
[34m2025-01-07 01:32:14,644 - DEBUG - Patients [10, 19] have treatment 3 starting at day 5, hour 10.0 using resources [2, 7].[0m
[34m2025-01-07 01:32:14,644 - DEBUG - Patients [19] have treatment 4 starting at day 5, hour 14.5 using resources [3, 6].[0m
[34m2025-01-07 01:32:14,644 - DEBUG - Patients [11] have treatment 4 starting at day 5, hour 14.5 using resources [2, 7].[0m
[34m2025-01-07 01:32:14,645 - DEBUG - Patients [17] have treatment 4 starting at day 5, hour 15.0 using resources [3, 7].[0m
[34m2025-01-07 01:32:14,645 - DEBUG - Patients [16] have treatment 5 starting at day 5, hour 8.0 using resources [5, 6].[0m
[34m2025-01-07 01:32:14,645 - DEBUG - Patients [17] have treatment 5 starting at day 5, hour 8.5 using resources [4, 6].[0m
[34m2025-01-07 01:32:14,645 - DEBUG - Patients [1, 4, 5, 6, 7] have treatment 6 starting at day 5, hour 8.0 using resources [0, 8].[0m
[34m2025-01-07 01:32:14,645 - DEBUG - Patients [0, 2, 4, 5, 6] have treatment 6 starting at day 5, hour 9.25 using resources [0, 8].[0m
[34m2025-01-07 01:32:14,645 - DEBUG - Patients [0, 1, 4, 6, 7] have treatment 6 starting at day 5, hour 10.5 using resources [0, 8].[0m
[34m2025-01-07 01:32:14,645 - DEBUG - Patients [0, 1, 2, 4, 5, 7] have treatment 6 starting at day 5, hour 14.5 using resources [0, 8].[0m
[34m2025-01-07 01:32:14,645 - DEBUG - Patients [3] have treatment 7 starting at day 5, hour 13.0 using resources [8, 7, 4].[0m
[34m2025-01-07 01:32:14,645 - DEBUG - Patients [5, 6, 7, 10, 11, 12, 16, 17, 19] have treatment 9 starting at day 5, hour 13.0 using resources [1, 6].[0m
[34m2025-01-07 01:32:14,645 - DEBUG - Patients [5] have treatment 1 starting at day 6, hour 8.0 using resources [8].[0m
[34m2025-01-07 01:32:14,645 - DEBUG - Patients [1] have treatment 1 starting at day 6, hour 8.0 using resources [6].[0m
[34m2025-01-07 01:32:14,645 - DEBUG - Patients [2] have treatment 1 starting at day 6, hour 8.5 using resources [8].[0m
[34m2025-01-07 01:32:14,645 - DEBUG - Patients [2] have treatment 1 starting at day 6, hour 10.5 using resources [7].[0m
[34m2025-01-07 01:32:14,645 - DEBUG - Patients [3] have treatment 1 starting at day 6, hour 10.5 using resources [8].[0m
[34m2025-01-07 01:32:14,645 - DEBUG - Patients [2] have treatment 1 starting at day 6, hour 11.0 using resources [8].[0m
[34m2025-01-07 01:32:14,645 - DEBUG - Patients [6] have treatment 1 starting at day 6, hour 11.0 using resources [6].[0m
[34m2025-01-07 01:32:14,645 - DEBUG - Patients [3] have treatment 1 starting at day 6, hour 11.5 using resources [8].[0m
[34m2025-01-07 01:32:14,645 - DEBUG - Patients [0] have treatment 1 starting at day 6, hour 12.25 using resources [7].[0m
[34m2025-01-07 01:32:14,645 - DEBUG - Patients [5] have treatment 1 starting at day 6, hour 14.0 using resources [6].[0m
[34m2025-01-07 01:32:14,645 - DEBUG - Patients [7] have treatment 1 starting at day 6, hour 14.0 using resources [8].[0m
[34m2025-01-07 01:32:14,645 - DEBUG - Patients [1] have treatment 1 starting at day 6, hour 14.0 using resources [7].[0m
[34m2025-01-07 01:32:14,645 - DEBUG - Patients [3] have treatment 1 starting at day 6, hour 14.5 using resources [8].[0m
[34m2025-01-07 01:32:14,645 - DEBUG - Patients [5] have treatment 1 starting at day 6, hour 14.5 using resources [7].[0m
[34m2025-01-07 01:32:14,645 - DEBUG - Patients [6] have treatment 1 starting at day 6, hour 14.5 using resources [6].[0m
[34m2025-01-07 01:32:14,645 - DEBUG - Patients [0] have treatment 1 starting at day 6, hour 15.0 using resources [6].[0m
[34m2025-01-07 01:32:14,645 - DEBUG - Patients [10, 12, 16, 17, 19] have treatment 2 starting at day 6, hour 8.75 using resources [9, 6].[0m
[34m2025-01-07 01:32:14,645 - DEBUG - Patients [10, 11, 14, 16, 17] have treatment 2 starting at day 6, hour 9.5 using resources [1, 6].[0m
[34m2025-01-07 01:32:14,646 - DEBUG - Patients [10, 11, 12, 16, 17] have treatment 2 starting at day 6, hour 10.25 using resources [2, 6].[0m
[34m2025-01-07 01:32:14,646 - DEBUG - Patients [10, 11, 14, 16, 17, 19] have treatment 2 starting at day 6, hour 11.25 using resources [4, 7].[0m
[34m2025-01-07 01:32:14,646 - DEBUG - Patients [4, 12] have treatment 5 starting at day 6, hour 9.75 using resources [5, 7].[0m
[34m2025-01-07 01:32:14,646 - DEBUG - Patients [7] have treatment 7 starting at day 6, hour 13.0 using resources [8, 7, 4].[0m
[34m2025-01-07 01:32:14,646 - DEBUG - Patients [0, 14] have treatment 9 starting at day 6, hour 8.0 using resources [3, 7].[0m
[34m2025-01-07 01:32:14,646 - DEBUG - Patients [0] have treatment 1 starting at day 7, hour 9.25 using resources [7].[0m
[34m2025-01-07 01:32:14,646 - DEBUG - Patients [10, 12, 14, 16, 17, 19] have treatment 2 starting at day 7, hour 8.0 using resources [1, 6].[0m
[34m2025-01-07 01:32:14,646 - DEBUG - Patients [10, 14, 16, 17, 19] have treatment 2 starting at day 7, hour 8.75 using resources [1, 6].[0m
[34m2025-01-07 01:32:14,646 - DEBUG - Patients [10, 11, 14, 16, 17] have treatment 2 starting at day 7, hour 10.5 using resources [0, 6].[0m
[34m2025-01-07 01:32:14,646 - DEBUG - Patients [10, 11, 12, 16, 17] have treatment 2 starting at day 7, hour 11.25 using resources [0, 6].[0m
[34m2025-01-07 01:32:14,646 - DEBUG - Patients [12] have treatment 4 starting at day 7, hour 15.5 using resources [0, 6].[0m
[34m2025-01-07 01:32:14,646 - DEBUG - Patients [0, 1, 2, 3, 4, 5, 6, 7, 8] have treatment 6 starting at day 7, hour 8.0 using resources [0, 8].[0m
[34m2025-01-07 01:32:14,646 - DEBUG - Patients [1, 2, 3, 4, 5, 6, 7, 8] have treatment 6 starting at day 7, hour 9.25 using resources [0, 8].[0m
[34m2025-01-07 01:32:14,646 - DEBUG - Patients [1, 2, 3, 4, 6, 8] have treatment 6 starting at day 7, hour 13.0 using resources [0, 8].[0m
[34m2025-01-07 01:32:14,646 - DEBUG - Patients [0, 3, 4, 6, 8] have treatment 6 starting at day 7, hour 14.25 using resources [0, 8].[0m
[34m2025-01-07 01:32:14,646 - DEBUG - Patients [1] have treatment 1 starting at day 8, hour 8.0 using resources [6].[0m
[34m2025-01-07 01:32:14,646 - DEBUG - Patients [4] have treatment 1 starting at day 8, hour 11.75 using resources [7].[0m
[34m2025-01-07 01:32:14,646 - DEBUG - Patients [8] have treatment 1 starting at day 8, hour 11.75 using resources [8].[0m
[34m2025-01-07 01:32:14,646 - DEBUG - Patients [6] have treatment 1 starting at day 8, hour 13.5 using resources [6].[0m
[34m2025-01-07 01:32:14,646 - DEBUG - Patients [16] have treatment 4 starting at day 8, hour 8.0 using resources [4, 8].[0m
[34m2025-01-07 01:32:14,646 - DEBUG - Patients [13, 16] have treatment 5 starting at day 8, hour 8.5 using resources [5, 6].[0m
[34m2025-01-07 01:32:14,646 - DEBUG - Patients [1, 11] have treatment 5 starting at day 8, hour 9.0 using resources [5, 6].[0m
[34m2025-01-07 01:32:14,646 - DEBUG - Patients [4, 7] have treatment 5 starting at day 8, hour 9.5 using resources [4, 8].[0m
[34m2025-01-07 01:32:14,646 - DEBUG - Patients [3, 11] have treatment 5 starting at day 8, hour 10.0 using resources [4, 7].[0m
[34m2025-01-07 01:32:14,646 - DEBUG - Patients [5, 13] have treatment 5 starting at day 8, hour 10.0 using resources [5, 8].[0m
[34m2025-01-07 01:32:14,646 - DEBUG - Patients [8, 19] have treatment 5 starting at day 8, hour 13.0 using resources [4, 6].[0m
[34m2025-01-07 01:32:14,646 - DEBUG - Patients [12, 17] have treatment 5 starting at day 8, hour 13.0 using resources [5, 8].[0m
[34m2025-01-07 01:32:14,647 - DEBUG - Patients [6, 14] have treatment 5 starting at day 8, hour 14.0 using resources [4, 6].[0m
[34m2025-01-07 01:32:14,647 - DEBUG - Patients [8] have treatment 7 starting at day 8, hour 10.5 using resources [8, 7, 5].[0m
[34m2025-01-07 01:32:14,647 - DEBUG - Patients [5] have treatment 7 starting at day 8, hour 13.5 using resources [8, 7, 5].[0m
[34m2025-01-07 01:32:14,647 - DEBUG - Patients [6] have treatment 7 starting at day 8, hour 14.5 using resources [8, 6, 5].[0m
[34m2025-01-07 01:32:14,647 - DEBUG - Patients [0, 2, 3, 7, 8, 10, 14, 17, 19] have treatment 9 starting at day 8, hour 8.0 using resources [3, 7].[0m
[34m2025-01-07 01:32:14,647 - DEBUG - Patients [0, 2, 3, 7, 10, 13, 14, 17, 19] have treatment 9 starting at day 8, hour 10.5 using resources [4, 6].[0m
[34m2025-01-07 01:32:14,647 - DEBUG - Patients [9] have treatment 1 starting at day 9, hour 8.0 using resources [7].[0m
[34m2025-01-07 01:32:14,647 - DEBUG - Patients [9] have treatment 1 starting at day 9, hour 12.0 using resources [7].[0m
[34m2025-01-07 01:32:14,647 - DEBUG - Patients [6] have treatment 1 starting at day 9, hour 12.5 using resources [7].[0m
[34m2025-01-07 01:32:14,647 - DEBUG - Patients [6] have treatment 1 starting at day 9, hour 15.0 using resources [8].[0m
[34m2025-01-07 01:32:14,647 - DEBUG - Patients [1] have treatment 1 starting at day 9, hour 15.5 using resources [7].[0m
[34m2025-01-07 01:32:14,647 - DEBUG - Patients [13, 16, 19] have treatment 3 starting at day 9, hour 10.0 using resources [9, 7].[0m
[34m2025-01-07 01:32:14,647 - DEBUG - Patients [11, 13] have treatment 3 starting at day 9, hour 13.0 using resources [3, 7].[0m
[34m2025-01-07 01:32:14,647 - DEBUG - Patients [16, 17] have treatment 4 starting at day 9, hour 8.5 using resources [0, 7].[0m
[34m2025-01-07 01:32:14,647 - DEBUG - Patients [13, 14] have treatment 4 starting at day 9, hour 15.0 using resources [0, 7].[0m
[34m2025-01-07 01:32:14,647 - DEBUG - Patients [10] have treatment 4 starting at day 9, hour 15.5 using resources [0, 6].[0m
[34m2025-01-07 01:32:14,647 - DEBUG - Patients [17, 19] have treatment 5 starting at day 9, hour 9.0 using resources [5, 6].[0m
[34m2025-01-07 01:32:14,647 - DEBUG - Patients [10, 12] have treatment 5 starting at day 9, hour 9.5 using resources [5, 6].[0m
[34m2025-01-07 01:32:14,647 - DEBUG - Patients [7, 9] have treatment 5 starting at day 9, hour 11.0 using resources [4, 6].[0m
[34m2025-01-07 01:32:14,647 - DEBUG - Patients [1, 2] have treatment 5 starting at day 9, hour 11.5 using resources [4, 6].[0m
[34m2025-01-07 01:32:14,647 - DEBUG - Patients [0] have treatment 5 starting at day 9, hour 15.0 using resources [4, 6].[0m
[34m2025-01-07 01:32:14,647 - DEBUG - Patients [5, 8] have treatment 7 starting at day 9, hour 8.0 using resources [8, 6, 5].[0m
[34m2025-01-07 01:32:14,647 - DEBUG - Patients [5, 8] have treatment 7 starting at day 9, hour 9.0 using resources [8, 7, 4].[0m
[34m2025-01-07 01:32:14,647 - DEBUG - Patients [3, 4] have treatment 7 starting at day 9, hour 10.0 using resources [8, 6, 5].[0m
[34m2025-01-07 01:32:14,647 - DEBUG - Patients [1, 2] have treatment 7 starting at day 9, hour 13.0 using resources [8, 6, 4].[0m
[34m2025-01-07 01:32:14,647 - DEBUG - Patients [0, 1] have treatment 7 starting at day 9, hour 14.0 using resources [8, 6, 4].[0m
[34m2025-01-07 01:32:14,648 - DEBUG - Patients [8] have treatment 1 starting at day 10, hour 12.0 using resources [8].[0m
[34m2025-01-07 01:32:14,648 - DEBUG - Patients [3] have treatment 1 starting at day 10, hour 12.0 using resources [7].[0m
[34m2025-01-07 01:32:14,648 - DEBUG - Patients [11, 12, 16, 17] have treatment 3 starting at day 10, hour 8.0 using resources [9, 7].[0m
[34m2025-01-07 01:32:14,648 - DEBUG - Patients [12, 13, 17] have treatment 3 starting at day 10, hour 10.0 using resources [3, 6].[0m
[34m2025-01-07 01:32:14,648 - DEBUG - Patients [11, 12, 14] have treatment 3 starting at day 10, hour 14.0 using resources [3, 7].[0m
[34m2025-01-07 01:32:14,648 - DEBUG - Patients [13, 14] have treatment 4 starting at day 10, hour 9.5 using resources [4, 6].[0m
[34m2025-01-07 01:32:14,648 - DEBUG - Patients [16] have treatment 4 starting at day 10, hour 10.5 using resources [4, 7].[0m
[34m2025-01-07 01:32:14,648 - DEBUG - Patients [5] have treatment 5 starting at day 10, hour 10.0 using resources [5, 7].[0m
[34m2025-01-07 01:32:14,648 - DEBUG - Patients [1, 14] have treatment 5 starting at day 10, hour 11.0 using resources [5, 7].[0m
[34m2025-01-07 01:32:14,648 - DEBUG - Patients [16] have treatment 5 starting at day 10, hour 11.5 using resources [4, 7].[0m
[34m2025-01-07 01:32:14,648 - DEBUG - Patients [12] have treatment 5 starting at day 10, hour 13.0 using resources [5, 6].[0m
[34m2025-01-07 01:32:14,648 - DEBUG - Patients [3] have treatment 5 starting at day 10, hour 14.0 using resources [5, 8].[0m
[34m2025-01-07 01:32:14,648 - DEBUG - Patients [17] have treatment 5 starting at day 10, hour 14.5 using resources [4, 8].[0m
[34m2025-01-07 01:32:14,648 - DEBUG - Patients [4, 5, 6, 7, 9] have treatment 6 starting at day 10, hour 8.25 using resources [1, 8].[0m
[34m2025-01-07 01:32:14,648 - DEBUG - Patients [1, 2, 4, 6, 9] have treatment 6 starting at day 10, hour 9.5 using resources [0, 8].[0m
[34m2025-01-07 01:32:14,648 - DEBUG - Patients [2, 5, 6, 7, 8, 9] have treatment 6 starting at day 10, hour 10.75 using resources [0, 8].[0m
[34m2025-01-07 01:32:14,648 - DEBUG - Patients [2] have treatment 7 starting at day 10, hour 13.0 using resources [8, 7, 4].[0m
[34m2025-01-07 01:32:14,648 - DEBUG - Patients [2] have treatment 7 starting at day 10, hour 15.0 using resources [8, 6, 5].[0m
[34m2025-01-07 01:32:14,648 - DEBUG - Patients [1, 3, 13] have treatment 9 starting at day 10, hour 8.0 using resources [2, 6].[0m
[34m2025-01-07 01:32:14,648 - DEBUG - Patients [1, 4] have treatment 9 starting at day 10, hour 13.5 using resources [0, 6].[0m
[34m2025-01-07 01:32:14,648 - DEBUG - Patients [8] have treatment 1 starting at day 11, hour 8.0 using resources [8].[0m
[34m2025-01-07 01:32:14,648 - DEBUG - Patients [3] have treatment 1 starting at day 11, hour 9.5 using resources [8].[0m
[34m2025-01-07 01:32:14,648 - DEBUG - Patients [7] have treatment 1 starting at day 11, hour 11.25 using resources [6].[0m
[34m2025-01-07 01:32:14,648 - DEBUG - Patients [6] have treatment 1 starting at day 11, hour 12.5 using resources [8].[0m
[34m2025-01-07 01:32:14,648 - DEBUG - Patients [5] have treatment 1 starting at day 11, hour 12.5 using resources [7].[0m
[34m2025-01-07 01:32:14,648 - DEBUG - Patients [11, 12, 14, 15, 16, 17] have treatment 3 starting at day 11, hour 8.0 using resources [9, 7].[0m
[34m2025-01-07 01:32:14,648 - DEBUG - Patients [12, 13, 15, 17] have treatment 3 starting at day 11, hour 10.0 using resources [2, 8].[0m
[34m2025-01-07 01:32:14,649 - DEBUG - Patients [11, 14, 16, 17] have treatment 3 starting at day 11, hour 13.75 using resources [1, 8].[0m
[34m2025-01-07 01:32:14,649 - DEBUG - Patients [12, 15] have treatment 3 starting at day 11, hour 13.75 using resources [9, 6].[0m
[34m2025-01-07 01:32:14,649 - DEBUG - Patients [11] have treatment 4 starting at day 11, hour 10.0 using resources [3, 7].[0m
[34m2025-01-07 01:32:14,649 - DEBUG - Patients [17] have treatment 4 starting at day 11, hour 13.0 using resources [9, 7].[0m
[34m2025-01-07 01:32:14,649 - DEBUG - Patients [3, 13] have treatment 5 starting at day 11, hour 8.0 using resources [4, 6].[0m
[34m2025-01-07 01:32:14,649 - DEBUG - Patients [4, 9] have treatment 5 starting at day 11, hour 8.5 using resources [5, 6].[0m
[34m2025-01-07 01:32:14,649 - DEBUG - Patients [8] have treatment 5 starting at day 11, hour 8.75 using resources [4, 8].[0m
[34m2025-01-07 01:32:14,649 - DEBUG - Patients [2, 7] have treatment 5 starting at day 11, hour 9.75 using resources [5, 6].[0m
[34m2025-01-07 01:32:14,649 - DEBUG - Patients [14, 15] have treatment 5 starting at day 11, hour 13.0 using resources [4, 8].[0m
[34m2025-01-07 01:32:14,649 - DEBUG - Patients [2, 12] have treatment 5 starting at day 11, hour 13.0 using resources [5, 6].[0m
[34m2025-01-07 01:32:14,649 - DEBUG - Patients [5, 9] have treatment 9 starting at day 11, hour 10.5 using resources [9, 7].[0m
[34m2025-01-07 01:32:14,649 - DEBUG - Patients [5, 6, 9] have treatment 9 starting at day 11, hour 13.5 using resources [3, 7].[0m
[34m2025-01-07 01:32:14,649 - DEBUG - Patients [6] have treatment 1 starting at day 12, hour 8.0 using resources [6].[0m
[34m2025-01-07 01:32:14,649 - DEBUG - Patients [9] have treatment 1 starting at day 12, hour 9.75 using resources [6].[0m
[34m2025-01-07 01:32:14,649 - DEBUG - Patients [14] have treatment 4 starting at day 12, hour 8.0 using resources [2, 7].[0m
[34m2025-01-07 01:32:14,649 - DEBUG - Patients [8, 15] have treatment 5 starting at day 12, hour 8.5 using resources [5, 7].[0m
[34m2025-01-07 01:32:14,649 - DEBUG - Patients [6, 12] have treatment 5 starting at day 12, hour 8.5 using resources [4, 6].[0m
[34m2025-01-07 01:32:14,649 - DEBUG - Patients [15] have treatment 5 starting at day 12, hour 10.25 using resources [4, 6].[0m
[34m2025-01-07 01:32:14,649 - DEBUG - Patients [14, 16] have treatment 5 starting at day 12, hour 11.0 using resources [4, 7].[0m
[34m2025-01-07 01:32:14,649 - DEBUG - Patients [13, 16] have treatment 5 starting at day 12, hour 11.5 using resources [4, 7].[0m
[34m2025-01-07 01:32:14,649 - DEBUG - Patients [14, 15] have treatment 5 starting at day 12, hour 14.25 using resources [5, 8].[0m
[34m2025-01-07 01:32:14,649 - DEBUG - Patients [5, 15] have treatment 5 starting at day 12, hour 14.75 using resources [4, 7].[0m
[34m2025-01-07 01:32:14,649 - DEBUG - Patients [6, 17] have treatment 5 starting at day 12, hour 15.25 using resources [4, 7].[0m
[34m2025-01-07 01:32:14,649 - DEBUG - Patients [4, 5] have treatment 7 starting at day 12, hour 9.0 using resources [8, 7, 5].[0m
[34m2025-01-07 01:32:14,649 - DEBUG - Patients [4, 8] have treatment 7 starting at day 12, hour 10.0 using resources [8, 7, 5].[0m
[34m2025-01-07 01:32:14,649 - DEBUG - Patients [4, 8] have treatment 7 starting at day 12, hour 11.0 using resources [8, 6, 5].[0m
[34m2025-01-07 01:32:14,649 - DEBUG - Patients [5, 6] have treatment 7 starting at day 12, hour 13.0 using resources [8, 7, 5].[0m
[34m2025-01-07 01:32:14,650 - DEBUG - Patients [4, 8] have treatment 7 starting at day 12, hour 15.0 using resources [8, 6, 5].[0m
[34m2025-01-07 01:32:14,650 - DEBUG - Patients [13, 17] have treatment 9 starting at day 12, hour 13.25 using resources [9, 6].[0m
[34m2025-01-07 01:32:14,650 - DEBUG - Patients [9] have treatment 1 starting at day 13, hour 12.0 using resources [8].[0m
[34m2025-01-07 01:32:14,650 - DEBUG - Patients [14, 16] have treatment 3 starting at day 13, hour 8.0 using resources [9, 7].[0m
[34m2025-01-07 01:32:14,650 - DEBUG - Patients [13, 14, 16] have treatment 3 starting at day 13, hour 10.0 using resources [2, 7].[0m
[34m2025-01-07 01:32:14,650 - DEBUG - Patients [13] have treatment 4 starting at day 13, hour 8.0 using resources [0, 8].[0m
[34m2025-01-07 01:32:14,650 - DEBUG - Patients [5] have treatment 7 starting at day 13, hour 11.0 using resources [8, 6, 5].[0m
[34m2025-01-07 01:32:14,650 - DEBUG - Patients [6] have treatment 7 starting at day 13, hour 13.0 using resources [8, 6, 4].[0m
[34m2025-01-07 01:32:14,650 - DEBUG - Patients [5, 6, 8, 9, 15, 17] have treatment 9 starting at day 13, hour 8.0 using resources [2, 6].[0m
[34m2025-01-07 01:32:14,650 - DEBUG - Patients [6, 8, 9, 15, 17] have treatment 9 starting at day 13, hour 9.5 using resources [0, 6].[0m
[34m2025-01-07 01:32:14,650 - DEBUG - Patients [8, 15, 17] have treatment 9 starting at day 13, hour 13.0 using resources [0, 7].[0m
[34m2025-01-07 01:32:14,650 - DEBUG - Patients [6, 14, 15, 17] have treatment 9 starting at day 13, hour 14.5 using resources [0, 7].[0m
[34m2025-01-07 01:32:14,650 - DEBUG - Patients [13, 16] have treatment 9 starting at day 13, hour 14.5 using resources [3, 6].[0m
[34m2025-01-07 01:32:14,650 - DEBUG - Patients [8, 9] have treatment 9 starting at day 13, hour 14.5 using resources [4, 8].[0m
[34m2025-01-07 01:32:14,661 - DEBUG - Checking solution value.[0m
[34m2025-01-07 01:32:14,661 - DEBUG - Solvers objective function value: 148.0[0m
[34m2025-01-07 01:32:14,662 - DEBUG - (VERIFIER):Treatment value: 0[0m
[34m2025-01-07 01:32:14,662 - DEBUG - (VERIFIER):Delay value: 0[0m
[34m2025-01-07 01:32:14,663 - DEBUG - (VERIFIER):Missing treatment value: 148[0m
[34m2025-01-07 01:32:14,663 - DEBUG - Correct objective function value: 148[0m
[34m2025-01-07 01:32:14,663 - DEBUG - Solution is valid.[0m
[34m2025-01-07 01:32:14,663 - DEBUG - All solvers accepted the solution.[0m
[32m2025-01-07 01:32:14,663 - INFO - Time to find solution: 187.418s with value 148.000000[0m
[32m2025-01-07 01:32:14,663 - INFO - Total Time: 190.942s[0m
