1.NAME: LBBDSolver
2.PARAMS: {'break_symmetry': True, 'add_constraints_to_symmetrc_days': False, 'subsolver_cls': 'CPSubSolver2'}
3.INSTANCE: /home/wx350715/Kobra/rehabiliation-admission-scheduling/data/comp_study_002/instance_1_short_timeframe_15.txt
4.REPETITION: 1
Current directory: /home/wx350715/Kobra/rehabiliation-admission-scheduling
[34m2025-01-07 04:31:36,712 - DEBUG - Solver: <class 'src.solvers.benders.LBBDSolver'>[0m
[34m2025-01-07 04:31:36,712 - DEBUG - Args: {'break_symmetry': True, 'add_constraints_to_symmetrc_days': False, 'subsolver_cls': 'CPSubSolver2'}[0m
[34m2025-01-07 04:31:36,712 - DEBUG - File path /home/wx350715/Kobra/rehabiliation-admission-scheduling/data/comp_study_002/instance_1_short_timeframe_15.txt[0m
[34m2025-01-07 04:31:36,723 - DEBUG - ADD INSTANCE DATA[0m
[34m2025-01-07 04:31:36,723 - DEBUG - ADD INSTANCE DATA[0m
[34m2025-01-07 04:31:36,723 - DEBUG - ADD INSTANCE DATA[0m
[34m2025-01-07 04:31:36,723 - DEBUG - ADD INSTANCE DATA[0m
[34m2025-01-07 04:31:36,723 - DEBUG - ADD INSTANCE DATA[0m
[34m2025-01-07 04:31:36,723 - DEBUG - ADD INSTANCE DATA[0m
[34m2025-01-07 04:31:36,723 - DEBUG - ADD INSTANCE DATA[0m
[34m2025-01-07 04:31:36,723 - DEBUG - ADD INSTANCE DATA[0m
[34m2025-01-07 04:31:36,723 - DEBUG - ADD INSTANCE DATA[0m
[34m2025-01-07 04:31:36,723 - DEBUG - ADD INSTANCE DATA[0m
[34m2025-01-07 04:31:36,723 - DEBUG - ADD INSTANCE DATA[0m
[34m2025-01-07 04:31:36,723 - DEBUG - ADD RESOURCE_GROUPS[0m
[34m2025-01-07 04:31:36,723 - DEBUG - ADD RESOURCE_GROUPS[0m
[34m2025-01-07 04:31:36,723 - DEBUG - ADD RESOURCE_GROUPS[0m
[34m2025-01-07 04:31:36,723 - DEBUG - ADD RESOURCE_GROUPS[0m
[34m2025-01-07 04:31:36,724 - DEBUG - ADD RESOURCES[0m
[34m2025-01-07 04:31:36,724 - DEBUG - ADD RESOURCES[0m
[34m2025-01-07 04:31:36,724 - DEBUG - ADD RESOURCES[0m
[34m2025-01-07 04:31:36,724 - DEBUG - ADD RESOURCES[0m
[34m2025-01-07 04:31:36,724 - DEBUG - ADD RESOURCES[0m
[34m2025-01-07 04:31:36,724 - DEBUG - ADD RESOURCES[0m
[34m2025-01-07 04:31:36,724 - DEBUG - ADD RESOURCES[0m
[34m2025-01-07 04:31:36,724 - DEBUG - ADD RESOURCES[0m
[34m2025-01-07 04:31:36,724 - DEBUG - ADD RESOURCES[0m
[34m2025-01-07 04:31:36,725 - DEBUG - ADD TREATMENTS[0m
[34m2025-01-07 04:31:36,725 - DEBUG - ADD TREATMENTS[0m
[34m2025-01-07 04:31:36,725 - DEBUG - ADD TREATMENTS[0m
[34m2025-01-07 04:31:36,725 - DEBUG - ADD TREATMENTS[0m
[34m2025-01-07 04:31:36,725 - DEBUG - ADD TREATMENTS[0m
[34m2025-01-07 04:31:36,725 - DEBUG - ADD TREATMENTS[0m
[34m2025-01-07 04:31:36,725 - DEBUG - ADD TREATMENTS[0m
[34m2025-01-07 04:31:36,725 - DEBUG - ADD TREATMENTS[0m
[34m2025-01-07 04:31:36,725 - DEBUG - ADD PATIENTS[0m
[34m2025-01-07 04:31:36,726 - DEBUG - ADD PATIENTS[0m
[34m2025-01-07 04:31:36,726 - DEBUG - ADD PATIENTS[0m
[34m2025-01-07 04:31:36,726 - DEBUG - ADD PATIENTS[0m
[34m2025-01-07 04:31:36,726 - DEBUG - ADD PATIENTS[0m
[34m2025-01-07 04:31:36,726 - DEBUG - ADD PATIENTS[0m
[34m2025-01-07 04:31:36,726 - DEBUG - ADD PATIENTS[0m
[34m2025-01-07 04:31:36,726 - DEBUG - ADD PATIENTS[0m
[34m2025-01-07 04:31:36,726 - DEBUG - ADD PATIENTS[0m
[34m2025-01-07 04:31:36,726 - DEBUG - ADD PATIENTS[0m
[34m2025-01-07 04:31:36,727 - DEBUG - ADD PATIENTS[0m
[34m2025-01-07 04:31:36,727 - DEBUG - ADD PATIENTS[0m
[34m2025-01-07 04:31:36,727 - DEBUG - ADD PATIENTS[0m
[34m2025-01-07 04:31:36,727 - DEBUG - ADD PATIENTS[0m
[34m2025-01-07 04:31:36,727 - DEBUG - ADD PATIENTS[0m
[34m2025-01-07 04:31:36,727 - DEBUG - ADD PATIENTS[0m
[34m2025-01-07 04:31:36,727 - DEBUG - ADD PATIENTS[0m
[34m2025-01-07 04:31:36,727 - DEBUG - ADD PATIENTS[0m
[34m2025-01-07 04:31:36,727 - DEBUG - ADD PATIENTS[0m
[34m2025-01-07 04:31:36,728 - DEBUG - ADD PATIENTS[0m
[34m2025-01-07 04:31:36,728 - DEBUG - ADD PATIENTS[0m
[34m2025-01-07 04:31:36,728 - DEBUG - ADD PATIENTS[0m
[34m2025-01-07 04:31:36,728 - DEBUG - ADD PATIENTS[0m
[34m2025-01-07 04:31:36,728 - DEBUG - ADD PATIENTS[0m
[34m2025-01-07 04:31:36,729 - DEBUG - ADD PATIENTS[0m
[34m2025-01-07 04:31:36,729 - DEBUG - ADD PATIENTS[0m
[34m2025-01-07 04:31:36,729 - DEBUG - ADD PATIENTS[0m
[34m2025-01-07 04:31:36,729 - DEBUG - ADD PATIENTS[0m
[34m2025-01-07 04:31:36,729 - DEBUG - ADD PATIENTS[0m
[34m2025-01-07 04:31:36,730 - DEBUG - ADD PATIENTS[0m
[34m2025-01-07 04:31:36,730 - DEBUG - ADD PATIENTS[0m
[34m2025-01-07 04:31:36,730 - DEBUG - ADD PATIENTS[0m
[34m2025-01-07 04:31:36,730 - DEBUG - ADD PATIENTS[0m
[34m2025-01-07 04:31:36,730 - DEBUG - ADD PATIENTS[0m
[34m2025-01-07 04:31:36,730 - DEBUG - ADD PATIENTS[0m
[34m2025-01-07 04:31:36,730 - DEBUG - ADD PATIENTS[0m
[34m2025-01-07 04:31:36,730 - DEBUG - ADD PATIENTS[0m
[34m2025-01-07 04:31:36,731 - DEBUG - ADD PATIENTS[0m
[34m2025-01-07 04:31:36,731 - DEBUG - ADD PATIENTS[0m
[34m2025-01-07 04:31:36,731 - DEBUG - ADD PATIENTS[0m
[34m2025-01-07 04:31:36,731 - DEBUG - Instance data:[0m
[34m2025-01-07 04:31:36,731 - DEBUG - Number of patients: 40[0m
[34m2025-01-07 04:31:36,731 - DEBUG - Number of beds: 40[0m
[34m2025-01-07 04:31:36,731 - DEBUG - Average number of treatments per patient: 29.525[0m
[34m2025-01-07 04:31:36,731 - DEBUG - Average number of treatment per stayed day: 2.135623869801085[0m
[34m2025-01-07 04:31:36,731 - DEBUG - Number of treatments: 1181[0m
[34m2025-01-07 04:31:36,731 - DEBUG - Number of resources: 9[0m
[34m2025-01-07 04:31:36,731 - DEBUG - Number of resource groups: 4[0m
[34m2025-01-07 04:31:36,731 - DEBUG - Number of resource hours needed per all treatment by RG(therapists): 38.3375[0m
[34m2025-01-07 04:31:36,732 - DEBUG - Number of resource hours needed per all treatment by RG(rooms): 74.50000000000004[0m
[34m2025-01-07 04:31:36,732 - DEBUG - Number of resource hours needed per all treatment by RG(physiotherapist): 26.0[0m
[34m2025-01-07 04:31:36,732 - DEBUG - Number of resource hours needed per all treatment by RG(sport_room): 18.9375[0m
[32m2025-01-07 04:31:36,732 - INFO - {'solver': 'LBBDSolver', 'args': {'break_symmetry': False, 'subsolver_cls': <class 'src.solvers.subsolvers.cp_subsolver.CPSubsolver'>, 'subsolver.store_results': True, 'subsolver.store_results_method': 'hash', 'use_helper_constraints': True, 'enforce_min_treatments_per_day': True, 'enforce_max_treatments_per_e_w': True, 'enforce_min_patients_per_treatment': True, 'log_to_console': True}}[0m
[34m2025-01-07 04:31:36,732 - DEBUG - Setting options: LBBDSolver[0m
[34m2025-01-07 04:31:36,732 - DEBUG -  ---- break_symmetry to False[0m
[34m2025-01-07 04:31:36,732 - DEBUG -  ---- subsolver_cls to <class 'src.solvers.subsolvers.cp_subsolver.CPSubsolver'>[0m
[34m2025-01-07 04:31:36,732 - DEBUG -  ---- use_helper_constraints to True[0m
[34m2025-01-07 04:31:36,732 - DEBUG -  ---- add_constraints_to_symmetric_days to True (default)[0m
[34m2025-01-07 04:31:36,732 - DEBUG - Setting options: Solver[0m
[34m2025-01-07 04:31:36,732 - DEBUG -  ---- number_of_threads to 1 (default)[0m
[34m2025-01-07 04:31:36,732 - DEBUG -  ---- treatment_value to 0 (default)[0m
[34m2025-01-07 04:31:36,732 - DEBUG -  ---- delay_value to 1 (default)[0m
[34m2025-01-07 04:31:36,732 - DEBUG -  ---- missing_treatment_value to 4 (default)[0m
[34m2025-01-07 04:31:36,732 - DEBUG -  ---- enforce_min_treatments_per_day to True[0m
[34m2025-01-07 04:31:36,732 - DEBUG -  ---- enforce_max_treatments_per_e_w to True[0m
[34m2025-01-07 04:31:36,732 - DEBUG -  ---- enforce_min_patients_per_treatment to True[0m
[34m2025-01-07 04:31:36,732 - DEBUG -  ---- log_to_console to True[0m
[34m2025-01-07 04:31:36,732 - DEBUG -  ---- log_to_file to True (default)[0m
[34m2025-01-07 04:31:36,748 - DEBUG - Setting options: CPSubsolver[0m
[34m2025-01-07 04:31:36,749 - DEBUG -  ---- estimated_needed_treatments to True (default)[0m
[34m2025-01-07 04:31:36,749 - DEBUG -  ---- add_patient_symmetry to False (default)[0m
[34m2025-01-07 04:31:36,749 - DEBUG - Setting Subsolver options: SubSolver[0m
[34m2025-01-07 04:31:36,749 - DEBUG -  ---- store_results to True[0m
[34m2025-01-07 04:31:36,749 - DEBUG -  ---- store_results_method to hash[0m
[34m2025-01-07 04:31:36,749 - DEBUG -  ---- enforce_min_patients_per_treatment to True[0m
[34m2025-01-07 04:31:36,749 - DEBUG -  ---- use_day_symmetry to True (default)[0m
[32m2025-01-07 04:31:36,755 - INFO - Create model: LBBDSolver[0m
Set parameter TSPort to value 50039
Set parameter TokenServer to value "license.itc.rwth-aachen.de"
Set parameter Threads to value 1
Set parameter LazyConstraints to value 1
[34m2025-01-07 04:31:37,060 - DEBUG - Variables created.[0m
[34m2025-01-07 04:31:38,001 - DEBUG - Constraint (not too many treatments) created.[0m
[34m2025-01-07 04:31:38,725 - DEBUG - Constraint (no_treatments_outside admittance) created.[0m
[34m2025-01-07 04:31:38,726 - DEBUG - Constraint (bed_usage) created.[0m
[34m2025-01-07 04:31:38,726 - DEBUG - Constraint (must be admitted) created.[0m
[34m2025-01-07 04:31:38,809 - DEBUG - Constraint (e_w_ub) created.[0m
[34m2025-01-07 04:31:38,840 - DEBUG - Constraint (day_ub) created.[0m
[34m2025-01-07 04:31:38,872 - DEBUG - Constraint (Day always) created.[0m
[34m2025-01-07 04:31:38,872 - DEBUG - Constraint (already_admitted) created.[0m
[32m2025-01-07 04:31:40,902 - INFO - Time to create model: 4.146[0m
[32m2025-01-07 04:31:40,902 - INFO - Solving model: LBBDSolver[0m
Gurobi Optimizer version 10.0.0 build v10.0.0rc2 (linux64)

CPU model: Intel(R) Xeon(R) Platinum 8468, instruction set [SSE2|AVX|AVX2|AVX512]
Thread count: 96 physical cores, 96 logical processors, using up to 1 threads

Optimize a model with 145773 rows, 60516 columns and 1079807 nonzeros
Model fingerprint: 0xd1881f05
Variable types: 3 continuous, 60513 integer (60513 binary)
Coefficient statistics:
  Matrix range     [1e+00, 1e+01]
  Objective range  [1e+00, 1e+01]
  Bounds range     [1e+00, 1e+00]
  RHS range        [1e+00, 5e+03]
Found heuristic solution: objective 4590.0000000
Presolve added 0 rows and 861 columns
Presolve removed 77848 rows and 0 columns
Presolve time: 1.80s
Presolved: 67925 rows, 61377 columns, 704658 nonzeros
Variable types: 1 continuous, 61376 integer (60810 binary)
Found heuristic solution: objective 4407.0000000
Root relaxation presolved: 67900 rows, 61402 columns, 690539 nonzeros


Use crossover to convert LP symmetric solution to basic solution...

Root crossover log...

       0 PPushes remaining with PInf 0.0000000e+00                 5s

  Push phase complete: Pinf 0.0000000e+00, Dinf 1.6978145e-11      5s


Root simplex log...

Iteration    Objective       Primal Inf.    Dual Inf.      Time
   17469    3.3200000e+03   0.000000e+00   0.000000e+00      5s
   17469    3.3200000e+03   0.000000e+00   0.000000e+00      5s

Root relaxation: objective 3.320000e+03, 17469 iterations, 0.59 seconds (0.59 work units)
Total elapsed time = 10.84s

    Nodes    |    Current Node    |     Objective Bounds      |     Work
 Expl Unexpl |  Obj  Depth IntInf | Incumbent    BestBd   Gap | It/Node Time

H    0     0                    3320.0000000 -232228.00  7095%     -  676s
     0     0          -    0      3320.00000 3320.00000  0.00%     -  676s

Explored 1 nodes (52300 simplex iterations) in 676.89 seconds (13.66 work units)
Thread count was 1 (of 96 available processors)

Solution count 3: 3320 4407 4590 

Optimal solution found (tolerance 1.00e-04)
Best objective 3.320000000000e+03, best bound 3.320000000000e+03, gap 0.0000%

User-callback calls 733, time in user-callback 668.09 sec
[34m2025-01-07 04:42:57,857 - DEBUG - Finished optimization[0m
[34m2025-01-07 04:42:57,858 - DEBUG - Subsolver stats:[0m
[32m2025-01-07 04:42:57,858 - INFO - Number of cuts added: 0 (bad=0, good=0)[0m
[32m2025-01-07 04:42:57,858 - INFO - Unnecessary comps: (0 / 0)[0m
[32m2025-01-07 04:42:57,858 - INFO - Calls to is_day_infeasible: cp_solver=17/ total=21 stored=4[0m
[32m2025-01-07 04:42:57,858 - INFO - Is feasible: 668.016181230545 0.99990232346428[0m
[32m2025-01-07 04:42:57,858 - INFO - Subsolver: Solve Model: 667.6050462722778/0.9993923003189309[0m
[32m2025-01-07 04:42:57,858 - INFO - Subsolver: Create Model: 0.40595006942749023/0.0006076996810690763[0m
[32m2025-01-07 04:42:57,858 - INFO - Num_constraints-added: 0[0m
[32m2025-01-07 04:42:57,858 - INFO - Optimal solution found.[0m
[34m2025-01-07 04:42:57,858 - DEBUG - Sub Objectives:[0m
[34m2025-01-07 04:42:57,858 - DEBUG - (SOLVER):Minimize Delay: 0.0[0m
[34m2025-01-07 04:42:57,858 - DEBUG - (SOLVER):Minimize Missing Treatments: 3320.0[0m
[32m2025-01-07 04:42:57,858 - INFO - All cuts [][0m
[32m2025-01-07 04:42:57,858 - INFO - All cuts [][0m
[34m2025-01-07 04:58:11,121 - DEBUG - Patient 0 is admitted at day 0.[0m
[34m2025-01-07 04:58:11,123 - DEBUG - Patient 1 is admitted at day 1.[0m
[34m2025-01-07 04:58:11,123 - DEBUG - Patient 2 is admitted at day 2.[0m
[34m2025-01-07 04:58:11,123 - DEBUG - Patient 3 is admitted at day 2.[0m
[34m2025-01-07 04:58:11,123 - DEBUG - Patient 4 is admitted at day 3.[0m
[34m2025-01-07 04:58:11,123 - DEBUG - Patient 5 is admitted at day 4.[0m
[34m2025-01-07 04:58:11,124 - DEBUG - Patient 6 is admitted at day 5.[0m
[34m2025-01-07 04:58:11,124 - DEBUG - Patient 7 is admitted at day 2.[0m
[34m2025-01-07 04:58:11,124 - DEBUG - Patient 8 is admitted at day 7.[0m
[34m2025-01-07 04:58:11,124 - DEBUG - Patient 9 is admitted at day 9.[0m
[34m2025-01-07 04:58:11,124 - DEBUG - Patient 10 is admitted at day 1.[0m
[34m2025-01-07 04:58:11,124 - DEBUG - Patient 11 is admitted at day 2.[0m
[34m2025-01-07 04:58:11,124 - DEBUG - Patient 12 is admitted at day 3.[0m
[34m2025-01-07 04:58:11,124 - DEBUG - Patient 13 is admitted at day 8.[0m
[34m2025-01-07 04:58:11,124 - DEBUG - Patient 14 is admitted at day 6.[0m
[34m2025-01-07 04:58:11,124 - DEBUG - Patient 15 is admitted at day 11.[0m
[34m2025-01-07 04:58:11,124 - DEBUG - Patient 16 is admitted at day 4.[0m
[34m2025-01-07 04:58:11,124 - DEBUG - Patient 17 is admitted at day 5.[0m
[34m2025-01-07 04:58:11,124 - DEBUG - Patient 18 is admitted at day 0.[0m
[34m2025-01-07 04:58:11,124 - DEBUG - Patient 19 is admitted at day 0.[0m
[34m2025-01-07 04:58:11,124 - DEBUG - Patient 20 is admitted at day 3.[0m
[34m2025-01-07 04:58:11,124 - DEBUG - Patient 21 is admitted at day 4.[0m
[34m2025-01-07 04:58:11,124 - DEBUG - Patient 22 is admitted at day 7.[0m
[34m2025-01-07 04:58:11,124 - DEBUG - Patient 23 is admitted at day 7.[0m
[34m2025-01-07 04:58:11,124 - DEBUG - Patient 24 is admitted at day 6.[0m
[34m2025-01-07 04:58:11,124 - DEBUG - Patient 25 is admitted at day 1.[0m
[34m2025-01-07 04:58:11,124 - DEBUG - Patient 26 is admitted at day 5.[0m
[34m2025-01-07 04:58:11,124 - DEBUG - Patient 27 is admitted at day 2.[0m
[34m2025-01-07 04:58:11,124 - DEBUG - Patient 28 is admitted at day 4.[0m
[34m2025-01-07 04:58:11,124 - DEBUG - Patient 29 is admitted at day 1.[0m
[34m2025-01-07 04:58:11,124 - DEBUG - Patient 30 is admitted at day 8.[0m
[34m2025-01-07 04:58:11,124 - DEBUG - Patient 31 is admitted at day 7.[0m
[34m2025-01-07 04:58:11,124 - DEBUG - Patient 32 is admitted at day 5.[0m
[34m2025-01-07 04:58:11,124 - DEBUG - Patient 33 is admitted at day 4.[0m
[34m2025-01-07 04:58:11,124 - DEBUG - Patient 34 is admitted at day 4.[0m
[34m2025-01-07 04:58:11,124 - DEBUG - Patient 35 is admitted at day 3.[0m
[34m2025-01-07 04:58:11,125 - DEBUG - Patient 36 is admitted at day 10.[0m
[34m2025-01-07 04:58:11,125 - DEBUG - Patient 37 is admitted at day 7.[0m
[34m2025-01-07 04:58:11,125 - DEBUG - Patient 38 is admitted at day 1.[0m
[34m2025-01-07 04:58:11,125 - DEBUG - Patient 39 is admitted at day 3.[0m
[34m2025-01-07 04:58:11,125 - DEBUG - Patients [19] have treatment 1 starting at day 0, hour 10.0 using resources [8].[0m
[34m2025-01-07 04:58:11,125 - DEBUG - Patients [19] have treatment 1 starting at day 0, hour 11.5 using resources [6].[0m
[34m2025-01-07 04:58:11,125 - DEBUG - Patients [0, 18] have treatment 4 starting at day 0, hour 10.0 using resources [4, 6].[0m
[34m2025-01-07 04:58:11,125 - DEBUG - Patients [0, 18] have treatment 4 starting at day 0, hour 10.5 using resources [1, 6].[0m
[34m2025-01-07 04:58:11,125 - DEBUG - Patients [18] have treatment 5 starting at day 0, hour 11.0 using resources [5, 6].[0m
[34m2025-01-07 04:58:11,125 - DEBUG - Patients [0] have treatment 7 starting at day 0, hour 8.0 using resources [8, 6, 5].[0m
[34m2025-01-07 04:58:11,125 - DEBUG - Patients [19] have treatment 7 starting at day 0, hour 9.0 using resources [8, 6, 4].[0m
[34m2025-01-07 04:58:11,125 - DEBUG - Patients [18] have treatment 1 starting at day 1, hour 8.0 using resources [8].[0m
[34m2025-01-07 04:58:11,125 - DEBUG - Patients [19] have treatment 1 starting at day 1, hour 8.0 using resources [7].[0m
[34m2025-01-07 04:58:11,125 - DEBUG - Patients [19] have treatment 1 starting at day 1, hour 8.5 using resources [7].[0m
[34m2025-01-07 04:58:11,125 - DEBUG - Patients [18] have treatment 1 starting at day 1, hour 9.0 using resources [7].[0m
[34m2025-01-07 04:58:11,125 - DEBUG - Patients [10] have treatment 1 starting at day 1, hour 10.0 using resources [6].[0m
[34m2025-01-07 04:58:11,125 - DEBUG - Patients [10] have treatment 1 starting at day 1, hour 10.5 using resources [6].[0m
[34m2025-01-07 04:58:11,125 - DEBUG - Patients [10] have treatment 1 starting at day 1, hour 11.0 using resources [6].[0m
[34m2025-01-07 04:58:11,125 - DEBUG - Patients [1] have treatment 1 starting at day 1, hour 12.0 using resources [6].[0m
[34m2025-01-07 04:58:11,125 - DEBUG - Patients [0] have treatment 1 starting at day 1, hour 12.5 using resources [6].[0m
[34m2025-01-07 04:58:11,125 - DEBUG - Patients [0, 1, 10, 29] have treatment 3 starting at day 1, hour 8.0 using resources [4, 6].[0m
[34m2025-01-07 04:58:11,125 - DEBUG - Patients [25, 38] have treatment 4 starting at day 1, hour 11.5 using resources [0, 6].[0m
[34m2025-01-07 04:58:11,125 - DEBUG - Patients [38] have treatment 4 starting at day 1, hour 15.5 using resources [0, 6].[0m
[34m2025-01-07 04:58:11,125 - DEBUG - Patients [29] have treatment 5 starting at day 1, hour 15.0 using resources [5, 6].[0m
[34m2025-01-07 04:58:11,125 - DEBUG - Patients [0, 18, 19, 25, 38] have treatment 6 starting at day 1, hour 10.0 using resources [0, 8].[0m
[34m2025-01-07 04:58:11,125 - DEBUG - Patients [1, 29] have treatment 7 starting at day 1, hour 13.0 using resources [8, 6, 5].[0m
[34m2025-01-07 04:58:11,126 - DEBUG - Patients [1] have treatment 7 starting at day 1, hour 14.0 using resources [8, 6, 5].[0m
[34m2025-01-07 04:58:11,126 - DEBUG - Patients [1, 3] have treatment 0 starting at day 2, hour 8.0 using resources [3, 4, 6].[0m
[34m2025-01-07 04:58:11,126 - DEBUG - Patients [0, 1, 3, 27] have treatment 0 starting at day 2, hour 8.75 using resources [1, 2, 6].[0m
[34m2025-01-07 04:58:11,126 - DEBUG - Patients [3, 7] have treatment 0 starting at day 2, hour 13.0 using resources [1, 4, 8].[0m
[34m2025-01-07 04:58:11,126 - DEBUG - Patients [19] have treatment 1 starting at day 2, hour 8.0 using resources [8].[0m
[34m2025-01-07 04:58:11,126 - DEBUG - Patients [2] have treatment 1 starting at day 2, hour 9.5 using resources [6].[0m
[34m2025-01-07 04:58:11,126 - DEBUG - Patients [25] have treatment 1 starting at day 2, hour 12.5 using resources [7].[0m
[34m2025-01-07 04:58:11,126 - DEBUG - Patients [2, 3, 29] have treatment 3 starting at day 2, hour 10.0 using resources [2, 6].[0m
[34m2025-01-07 04:58:11,126 - DEBUG - Patients [2, 29] have treatment 3 starting at day 2, hour 13.0 using resources [3, 6].[0m
[34m2025-01-07 04:58:11,126 - DEBUG - Patients [7] have treatment 4 starting at day 2, hour 9.5 using resources [2, 7].[0m
[34m2025-01-07 04:58:11,126 - DEBUG - Patients [0, 2] have treatment 4 starting at day 2, hour 15.0 using resources [0, 6].[0m
[34m2025-01-07 04:58:11,126 - DEBUG - Patients [0, 10] have treatment 5 starting at day 2, hour 8.0 using resources [5, 7].[0m
[34m2025-01-07 04:58:11,126 - DEBUG - Patients [18, 38] have treatment 7 starting at day 2, hour 8.5 using resources [8, 7, 5].[0m
[34m2025-01-07 04:58:11,126 - DEBUG - Patients [27, 38] have treatment 7 starting at day 2, hour 10.0 using resources [8, 7, 5].[0m
[34m2025-01-07 04:58:11,126 - DEBUG - Patients [11, 38] have treatment 7 starting at day 2, hour 11.0 using resources [8, 7, 4].[0m
[34m2025-01-07 04:58:11,126 - DEBUG - Patients [27] have treatment 7 starting at day 2, hour 13.75 using resources [8, 7, 5].[0m
[34m2025-01-07 04:58:11,126 - DEBUG - Patients [25, 27, 29, 35, 39] have treatment 0 starting at day 3, hour 10.5 using resources [1, 3, 6].[0m
[34m2025-01-07 04:58:11,126 - DEBUG - Patients [1, 4, 19, 20, 35] have treatment 0 starting at day 3, hour 11.25 using resources [2, 4, 7].[0m
[34m2025-01-07 04:58:11,126 - DEBUG - Patients [4, 19] have treatment 0 starting at day 3, hour 14.5 using resources [1, 2, 7].[0m
[34m2025-01-07 04:58:11,126 - DEBUG - Patients [35] have treatment 1 starting at day 3, hour 10.0 using resources [7].[0m
[34m2025-01-07 04:58:11,126 - DEBUG - Patients [18] have treatment 1 starting at day 3, hour 10.5 using resources [7].[0m
[34m2025-01-07 04:58:11,126 - DEBUG - Patients [4] have treatment 1 starting at day 3, hour 12.0 using resources [7].[0m
[34m2025-01-07 04:58:11,126 - DEBUG - Patients [0] have treatment 1 starting at day 3, hour 12.5 using resources [7].[0m
[34m2025-01-07 04:58:11,126 - DEBUG - Patients [3, 10, 11, 18, 39] have treatment 2 starting at day 3, hour 11.25 using resources [1, 6].[0m
[34m2025-01-07 04:58:11,126 - DEBUG - Patients [0, 3, 4, 10, 39] have treatment 2 starting at day 3, hour 15.25 using resources [1, 6].[0m
[34m2025-01-07 04:58:11,126 - DEBUG - Patients [3, 7, 10, 35, 38] have treatment 3 starting at day 3, hour 8.0 using resources [0, 7].[0m
[34m2025-01-07 04:58:11,127 - DEBUG - Patients [7, 38] have treatment 3 starting at day 3, hour 10.0 using resources [0, 8].[0m
[34m2025-01-07 04:58:11,127 - DEBUG - Patients [29, 38] have treatment 4 starting at day 3, hour 13.0 using resources [4, 6].[0m
[34m2025-01-07 04:58:11,127 - DEBUG - Patients [20, 25] have treatment 4 starting at day 3, hour 13.0 using resources [0, 7].[0m
[34m2025-01-07 04:58:11,127 - DEBUG - Patients [11, 20] have treatment 4 starting at day 3, hour 13.5 using resources [0, 6].[0m
[34m2025-01-07 04:58:11,127 - DEBUG - Patients [3] have treatment 4 starting at day 3, hour 14.0 using resources [0, 6].[0m
[34m2025-01-07 04:58:11,127 - DEBUG - Patients [1, 7] have treatment 4 starting at day 3, hour 14.5 using resources [0, 6].[0m
[34m2025-01-07 04:58:11,127 - DEBUG - Patients [1] have treatment 4 starting at day 3, hour 15.0 using resources [0, 8].[0m
[34m2025-01-07 04:58:11,127 - DEBUG - Patients [1] have treatment 4 starting at day 3, hour 15.5 using resources [0, 7].[0m
[34m2025-01-07 04:58:11,127 - DEBUG - Patients [27] have treatment 5 starting at day 3, hour 8.0 using resources [5, 8].[0m
[34m2025-01-07 04:58:11,127 - DEBUG - Patients [11, 12] have treatment 5 starting at day 3, hour 8.0 using resources [4, 6].[0m
[34m2025-01-07 04:58:11,127 - DEBUG - Patients [2, 12] have treatment 5 starting at day 3, hour 8.5 using resources [5, 6].[0m
[34m2025-01-07 04:58:11,127 - DEBUG - Patients [2, 12] have treatment 5 starting at day 3, hour 9.0 using resources [5, 6].[0m
[34m2025-01-07 04:58:11,127 - DEBUG - Patients [12] have treatment 5 starting at day 3, hour 9.5 using resources [5, 8].[0m
[34m2025-01-07 04:58:11,127 - DEBUG - Patients [7] have treatment 7 starting at day 3, hour 13.5 using resources [8, 7, 5].[0m
[34m2025-01-07 04:58:11,127 - DEBUG - Patients [7, 10, 19, 35] have treatment 0 starting at day 4, hour 13.0 using resources [1, 2, 7].[0m
[34m2025-01-07 04:58:11,127 - DEBUG - Patients [4, 7] have treatment 0 starting at day 4, hour 13.75 using resources [0, 1, 7].[0m
[34m2025-01-07 04:58:11,127 - DEBUG - Patients [33] have treatment 1 starting at day 4, hour 8.5 using resources [7].[0m
[34m2025-01-07 04:58:11,127 - DEBUG - Patients [27] have treatment 1 starting at day 4, hour 8.5 using resources [8].[0m
[34m2025-01-07 04:58:11,127 - DEBUG - Patients [20] have treatment 1 starting at day 4, hour 9.0 using resources [7].[0m
[34m2025-01-07 04:58:11,127 - DEBUG - Patients [18] have treatment 1 starting at day 4, hour 10.25 using resources [7].[0m
[34m2025-01-07 04:58:11,127 - DEBUG - Patients [12] have treatment 1 starting at day 4, hour 10.75 using resources [7].[0m
[34m2025-01-07 04:58:11,127 - DEBUG - Patients [10] have treatment 1 starting at day 4, hour 12.0 using resources [7].[0m
[34m2025-01-07 04:58:11,127 - DEBUG - Patients [10] have treatment 1 starting at day 4, hour 12.5 using resources [7].[0m
[34m2025-01-07 04:58:11,127 - DEBUG - Patients [5] have treatment 1 starting at day 4, hour 14.5 using resources [7].[0m
[34m2025-01-07 04:58:11,127 - DEBUG - Patients [18, 19, 20, 21, 27, 28, 33, 34, 35, 39] have treatment 2 starting at day 4, hour 9.5 using resources [2, 7].[0m
[34m2025-01-07 04:58:11,127 - DEBUG - Patients [1, 2, 10, 11, 12, 16, 21, 28, 34, 39] have treatment 2 starting at day 4, hour 11.25 using resources [0, 6].[0m
[34m2025-01-07 04:58:11,127 - DEBUG - Patients [0, 1, 2, 3, 5, 11, 12, 21, 34, 39] have treatment 2 starting at day 4, hour 13.0 using resources [0, 6].[0m
[34m2025-01-07 04:58:11,128 - DEBUG - Patients [1, 2, 3, 5, 39] have treatment 2 starting at day 4, hour 15.25 using resources [0, 6].[0m
[34m2025-01-07 04:58:11,128 - DEBUG - Patients [35, 38] have treatment 4 starting at day 4, hour 8.0 using resources [1, 7].[0m
[34m2025-01-07 04:58:11,128 - DEBUG - Patients [29, 38] have treatment 4 starting at day 4, hour 8.5 using resources [0, 6].[0m
[34m2025-01-07 04:58:11,128 - DEBUG - Patients [16, 28] have treatment 4 starting at day 4, hour 9.0 using resources [0, 6].[0m
[34m2025-01-07 04:58:11,128 - DEBUG - Patients [3, 4] have treatment 4 starting at day 4, hour 9.5 using resources [0, 6].[0m
[34m2025-01-07 04:58:11,128 - DEBUG - Patients [3, 4] have treatment 4 starting at day 4, hour 10.0 using resources [0, 6].[0m
[34m2025-01-07 04:58:11,128 - DEBUG - Patients [2] have treatment 4 starting at day 4, hour 10.5 using resources [0, 6].[0m
[34m2025-01-07 04:58:11,128 - DEBUG - Patients [33] have treatment 5 starting at day 4, hour 8.0 using resources [4, 8].[0m
[34m2025-01-07 04:58:11,128 - DEBUG - Patients [29] have treatment 5 starting at day 4, hour 8.0 using resources [5, 6].[0m
[34m2025-01-07 04:58:11,128 - DEBUG - Patients [20, 35] have treatment 5 starting at day 4, hour 13.75 using resources [5, 6].[0m
[34m2025-01-07 04:58:11,128 - DEBUG - Patients [16, 33] have treatment 5 starting at day 4, hour 14.25 using resources [4, 6].[0m
[34m2025-01-07 04:58:11,128 - DEBUG - Patients [7, 12] have treatment 5 starting at day 4, hour 14.75 using resources [4, 6].[0m
[34m2025-01-07 04:58:11,128 - DEBUG - Patients [4, 7] have treatment 5 starting at day 4, hour 15.25 using resources [5, 8].[0m
[34m2025-01-07 04:58:11,128 - DEBUG - Patients [4, 27, 28, 33, 34] have treatment 0 starting at day 5, hour 8.0 using resources [1, 4, 6].[0m
[34m2025-01-07 04:58:11,128 - DEBUG - Patients [32] have treatment 1 starting at day 5, hour 8.5 using resources [8].[0m
[34m2025-01-07 04:58:11,128 - DEBUG - Patients [28] have treatment 1 starting at day 5, hour 9.5 using resources [7].[0m
[34m2025-01-07 04:58:11,128 - DEBUG - Patients [35] have treatment 1 starting at day 5, hour 12.0 using resources [7].[0m
[34m2025-01-07 04:58:11,128 - DEBUG - Patients [4] have treatment 1 starting at day 5, hour 12.0 using resources [8].[0m
[34m2025-01-07 04:58:11,128 - DEBUG - Patients [35] have treatment 1 starting at day 5, hour 12.5 using resources [6].[0m
[34m2025-01-07 04:58:11,128 - DEBUG - Patients [2] have treatment 1 starting at day 5, hour 12.5 using resources [7].[0m
[34m2025-01-07 04:58:11,128 - DEBUG - Patients [10] have treatment 1 starting at day 5, hour 13.5 using resources [7].[0m
[34m2025-01-07 04:58:11,128 - DEBUG - Patients [0] have treatment 1 starting at day 5, hour 14.0 using resources [7].[0m
[34m2025-01-07 04:58:11,128 - DEBUG - Patients [2] have treatment 1 starting at day 5, hour 14.5 using resources [7].[0m
[34m2025-01-07 04:58:11,128 - DEBUG - Patients [27] have treatment 1 starting at day 5, hour 14.5 using resources [8].[0m
[34m2025-01-07 04:58:11,128 - DEBUG - Patients [2] have treatment 1 starting at day 5, hour 15.0 using resources [7].[0m
[34m2025-01-07 04:58:11,128 - DEBUG - Patients [34] have treatment 1 starting at day 5, hour 15.0 using resources [8].[0m
[34m2025-01-07 04:58:11,128 - DEBUG - Patients [39] have treatment 1 starting at day 5, hour 15.5 using resources [7].[0m
[34m2025-01-07 04:58:11,129 - DEBUG - Patients [0, 6, 27, 33, 34, 35] have treatment 2 starting at day 5, hour 8.75 using resources [4, 6].[0m
[34m2025-01-07 04:58:11,129 - DEBUG - Patients [19, 39] have treatment 4 starting at day 5, hour 8.0 using resources [0, 8].[0m
[34m2025-01-07 04:58:11,129 - DEBUG - Patients [19, 39] have treatment 4 starting at day 5, hour 8.5 using resources [2, 7].[0m
[34m2025-01-07 04:58:11,129 - DEBUG - Patients [39] have treatment 4 starting at day 5, hour 9.0 using resources [3, 8].[0m
[34m2025-01-07 04:58:11,129 - DEBUG - Patients [3, 32] have treatment 4 starting at day 5, hour 9.0 using resources [0, 7].[0m
[34m2025-01-07 04:58:11,129 - DEBUG - Patients [2, 32] have treatment 4 starting at day 5, hour 9.5 using resources [0, 8].[0m
[34m2025-01-07 04:58:11,129 - DEBUG - Patients [25, 26] have treatment 4 starting at day 5, hour 9.5 using resources [2, 6].[0m
[34m2025-01-07 04:58:11,129 - DEBUG - Patients [21, 26] have treatment 4 starting at day 5, hour 10.0 using resources [3, 7].[0m
[34m2025-01-07 04:58:11,129 - DEBUG - Patients [26, 38] have treatment 4 starting at day 5, hour 10.5 using resources [0, 8].[0m
[34m2025-01-07 04:58:11,129 - DEBUG - Patients [18, 20] have treatment 4 starting at day 5, hour 10.5 using resources [1, 7].[0m
[34m2025-01-07 04:58:11,129 - DEBUG - Patients [20] have treatment 4 starting at day 5, hour 11.0 using resources [2, 7].[0m
[34m2025-01-07 04:58:11,129 - DEBUG - Patients [20] have treatment 4 starting at day 5, hour 11.5 using resources [0, 7].[0m
[34m2025-01-07 04:58:11,129 - DEBUG - Patients [18, 19] have treatment 4 starting at day 5, hour 11.5 using resources [3, 8].[0m
[34m2025-01-07 04:58:11,129 - DEBUG - Patients [4, 18] have treatment 4 starting at day 5, hour 13.0 using resources [3, 8].[0m
[34m2025-01-07 04:58:11,129 - DEBUG - Patients [17, 33] have treatment 4 starting at day 5, hour 13.0 using resources [4, 7].[0m
[34m2025-01-07 04:58:11,129 - DEBUG - Patients [12, 16] have treatment 4 starting at day 5, hour 13.0 using resources [0, 6].[0m
[34m2025-01-07 04:58:11,129 - DEBUG - Patients [12, 16] have treatment 4 starting at day 5, hour 13.5 using resources [0, 6].[0m
[34m2025-01-07 04:58:11,129 - DEBUG - Patients [7, 17] have treatment 4 starting at day 5, hour 13.5 using resources [1, 8].[0m
[34m2025-01-07 04:58:11,129 - DEBUG - Patients [7, 21] have treatment 4 starting at day 5, hour 14.0 using resources [2, 8].[0m
[34m2025-01-07 04:58:11,129 - DEBUG - Patients [5, 17] have treatment 4 starting at day 5, hour 14.0 using resources [0, 6].[0m
[34m2025-01-07 04:58:11,129 - DEBUG - Patients [5, 28] have treatment 4 starting at day 5, hour 14.5 using resources [0, 6].[0m
[34m2025-01-07 04:58:11,129 - DEBUG - Patients [5, 10] have treatment 4 starting at day 5, hour 15.0 using resources [0, 6].[0m
[34m2025-01-07 04:58:11,129 - DEBUG - Patients [3, 38] have treatment 4 starting at day 5, hour 15.5 using resources [0, 6].[0m
[34m2025-01-07 04:58:11,129 - DEBUG - Patients [4, 29] have treatment 4 starting at day 5, hour 15.5 using resources [3, 8].[0m
[34m2025-01-07 04:58:11,129 - DEBUG - Patients [16, 21] have treatment 5 starting at day 5, hour 8.0 using resources [5, 7].[0m
[34m2025-01-07 04:58:11,129 - DEBUG - Patients [1, 33] have treatment 5 starting at day 5, hour 10.0 using resources [5, 6].[0m
[34m2025-01-07 04:58:11,130 - DEBUG - Patients [11, 12] have treatment 5 starting at day 5, hour 10.5 using resources [4, 6].[0m
[34m2025-01-07 04:58:11,130 - DEBUG - Patients [0, 6] have treatment 5 starting at day 5, hour 11.0 using resources [5, 8].[0m
[34m2025-01-07 04:58:11,130 - DEBUG - Patients [1, 35] have treatment 5 starting at day 5, hour 11.0 using resources [4, 6].[0m
[34m2025-01-07 04:58:11,130 - DEBUG - Patients [1] have treatment 5 starting at day 5, hour 11.5 using resources [5, 6].[0m
[34m2025-01-07 04:58:11,130 - DEBUG - Patients [4, 11, 16, 18, 34] have treatment 0 starting at day 6, hour 9.5 using resources [0, 3, 7].[0m
[34m2025-01-07 04:58:11,130 - DEBUG - Patients [0, 4, 16, 29, 34] have treatment 0 starting at day 6, hour 10.25 using resources [0, 3, 7].[0m
[34m2025-01-07 04:58:11,130 - DEBUG - Patients [0, 4, 10, 33, 34] have treatment 0 starting at day 6, hour 11.0 using resources [0, 2, 6].[0m
[34m2025-01-07 04:58:11,130 - DEBUG - Patients [7] have treatment 1 starting at day 6, hour 12.0 using resources [7].[0m
[34m2025-01-07 04:58:11,130 - DEBUG - Patients [0, 32] have treatment 4 starting at day 6, hour 8.0 using resources [2, 6].[0m
[34m2025-01-07 04:58:11,130 - DEBUG - Patients [10, 38] have treatment 4 starting at day 6, hour 8.0 using resources [0, 8].[0m
[34m2025-01-07 04:58:11,130 - DEBUG - Patients [4, 33] have treatment 4 starting at day 6, hour 8.0 using resources [4, 7].[0m
[34m2025-01-07 04:58:11,130 - DEBUG - Patients [12, 24] have treatment 4 starting at day 6, hour 8.5 using resources [4, 7].[0m
[34m2025-01-07 04:58:11,130 - DEBUG - Patients [26, 35] have treatment 4 starting at day 6, hour 8.5 using resources [2, 6].[0m
[34m2025-01-07 04:58:11,130 - DEBUG - Patients [29, 33] have treatment 4 starting at day 6, hour 8.5 using resources [3, 8].[0m
[34m2025-01-07 04:58:11,130 - DEBUG - Patients [1, 14] have treatment 4 starting at day 6, hour 9.0 using resources [0, 8].[0m
[34m2025-01-07 04:58:11,130 - DEBUG - Patients [12, 26] have treatment 4 starting at day 6, hour 9.0 using resources [2, 6].[0m
[34m2025-01-07 04:58:11,130 - DEBUG - Patients [11, 35] have treatment 4 starting at day 6, hour 9.0 using resources [1, 7].[0m
[34m2025-01-07 04:58:11,130 - DEBUG - Patients [14, 26] have treatment 4 starting at day 6, hour 9.5 using resources [2, 6].[0m
[34m2025-01-07 04:58:11,130 - DEBUG - Patients [24, 29] have treatment 4 starting at day 6, hour 9.5 using resources [4, 8].[0m
[34m2025-01-07 04:58:11,130 - DEBUG - Patients [17, 21] have treatment 4 starting at day 6, hour 13.0 using resources [3, 7].[0m
[34m2025-01-07 04:58:11,130 - DEBUG - Patients [10, 14] have treatment 4 starting at day 6, hour 13.5 using resources [3, 8].[0m
[34m2025-01-07 04:58:11,130 - DEBUG - Patients [25, 32] have treatment 4 starting at day 6, hour 14.0 using resources [3, 7].[0m
[34m2025-01-07 04:58:11,130 - DEBUG - Patients [14, 21] have treatment 4 starting at day 6, hour 14.5 using resources [3, 6].[0m
[34m2025-01-07 04:58:11,130 - DEBUG - Patients [21, 25] have treatment 4 starting at day 6, hour 15.0 using resources [1, 7].[0m
[34m2025-01-07 04:58:11,130 - DEBUG - Patients [32] have treatment 4 starting at day 6, hour 15.5 using resources [3, 8].[0m
[34m2025-01-07 04:58:11,130 - DEBUG - Patients [5, 19] have treatment 5 starting at day 6, hour 10.0 using resources [4, 6].[0m
[34m2025-01-07 04:58:11,130 - DEBUG - Patients [27, 33] have treatment 5 starting at day 6, hour 10.0 using resources [5, 8].[0m
[34m2025-01-07 04:58:11,131 - DEBUG - Patients [3, 14] have treatment 5 starting at day 6, hour 10.5 using resources [5, 6].[0m
[34m2025-01-07 04:58:11,131 - DEBUG - Patients [19, 35] have treatment 5 starting at day 6, hour 10.5 using resources [4, 8].[0m
[34m2025-01-07 04:58:11,131 - DEBUG - Patients [5, 20] have treatment 5 starting at day 6, hour 11.0 using resources [5, 7].[0m
[34m2025-01-07 04:58:11,131 - DEBUG - Patients [6, 28] have treatment 5 starting at day 6, hour 11.0 using resources [4, 8].[0m
[34m2025-01-07 04:58:11,131 - DEBUG - Patients [16, 17] have treatment 5 starting at day 6, hour 11.5 using resources [5, 8].[0m
[34m2025-01-07 04:58:11,131 - DEBUG - Patients [5, 6] have treatment 5 starting at day 6, hour 11.5 using resources [4, 7].[0m
[34m2025-01-07 04:58:11,131 - DEBUG - Patients [3, 38] have treatment 5 starting at day 6, hour 13.0 using resources [4, 8].[0m
[34m2025-01-07 04:58:11,131 - DEBUG - Patients [10, 28] have treatment 5 starting at day 6, hour 13.0 using resources [5, 6].[0m
[34m2025-01-07 04:58:11,131 - DEBUG - Patients [2, 20] have treatment 5 starting at day 6, hour 13.5 using resources [5, 7].[0m
[34m2025-01-07 04:58:11,131 - DEBUG - Patients [1, 17] have treatment 5 starting at day 6, hour 13.5 using resources [4, 6].[0m
[34m2025-01-07 04:58:11,131 - DEBUG - Patients [12, 20] have treatment 5 starting at day 6, hour 14.0 using resources [5, 6].[0m
[34m2025-01-07 04:58:11,131 - DEBUG - Patients [1, 28] have treatment 5 starting at day 6, hour 14.0 using resources [4, 8].[0m
[34m2025-01-07 04:58:11,131 - DEBUG - Patients [11, 39] have treatment 5 starting at day 6, hour 14.5 using resources [5, 7].[0m
[34m2025-01-07 04:58:11,131 - DEBUG - Patients [2, 38] have treatment 5 starting at day 6, hour 14.5 using resources [4, 8].[0m
[34m2025-01-07 04:58:11,131 - DEBUG - Patients [1, 19] have treatment 5 starting at day 6, hour 15.0 using resources [4, 8].[0m
[34m2025-01-07 04:58:11,131 - DEBUG - Patients [18, 39] have treatment 5 starting at day 6, hour 15.0 using resources [5, 6].[0m
[34m2025-01-07 04:58:11,131 - DEBUG - Patients [18, 39] have treatment 5 starting at day 6, hour 15.5 using resources [4, 6].[0m
[34m2025-01-07 04:58:11,131 - DEBUG - Patients [7] have treatment 5 starting at day 6, hour 15.5 using resources [5, 7].[0m
[34m2025-01-07 04:58:11,139 - DEBUG - Checking solution value.[0m
[34m2025-01-07 04:58:11,139 - DEBUG - Solvers objective function value: 3320.0[0m
[34m2025-01-07 04:58:11,144 - DEBUG - (VERIFIER):Treatment value: 0[0m
[34m2025-01-07 04:58:11,144 - DEBUG - (VERIFIER):Delay value: 0[0m
[34m2025-01-07 04:58:11,144 - DEBUG - (VERIFIER):Missing treatment value: 3320[0m
[34m2025-01-07 04:58:11,144 - DEBUG - Correct objective function value: 3320[0m
[34m2025-01-07 04:58:11,144 - DEBUG - Solution is valid.[0m
[34m2025-01-07 04:58:11,144 - DEBUG - All solvers accepted the solution.[0m
[32m2025-01-07 04:58:11,145 - INFO - Time to find solution: 1590.242s with value 3320.000000[0m
[32m2025-01-07 04:58:11,145 - INFO - Total Time: 1594.389s[0m
