1.NAME: LBBDSolver
2.PARAMS: {'break_symmetry': False, 'add_constraints_to_symmetrc_days': True, 'subsolver_cls': 'CPSubSolver2'}
3.INSTANCE: /home/wx350715/Kobra/rehabiliation-admission-scheduling/data/comp_study_002/instance_4_5.txt
4.REPETITION: 1
Current directory: /home/wx350715/Kobra/rehabiliation-admission-scheduling
[34m2025-01-07 02:22:39,472 - DEBUG - Solver: <class 'src.solvers.benders.LBBDSolver'>[0m
[34m2025-01-07 02:22:39,473 - DEBUG - Args: {'break_symmetry': False, 'add_constraints_to_symmetrc_days': True, 'subsolver_cls': 'CPSubSolver2'}[0m
[34m2025-01-07 02:22:39,473 - DEBUG - File path /home/wx350715/Kobra/rehabiliation-admission-scheduling/data/comp_study_002/instance_4_5.txt[0m
[34m2025-01-07 02:22:39,473 - DEBUG - ADD INSTANCE DATA[0m
[34m2025-01-07 02:22:39,473 - DEBUG - ADD INSTANCE DATA[0m
[34m2025-01-07 02:22:39,473 - DEBUG - ADD INSTANCE DATA[0m
[34m2025-01-07 02:22:39,473 - DEBUG - ADD INSTANCE DATA[0m
[34m2025-01-07 02:22:39,473 - DEBUG - ADD INSTANCE DATA[0m
[34m2025-01-07 02:22:39,473 - DEBUG - ADD INSTANCE DATA[0m
[34m2025-01-07 02:22:39,473 - DEBUG - ADD INSTANCE DATA[0m
[34m2025-01-07 02:22:39,473 - DEBUG - ADD INSTANCE DATA[0m
[34m2025-01-07 02:22:39,473 - DEBUG - ADD INSTANCE DATA[0m
[34m2025-01-07 02:22:39,473 - DEBUG - ADD INSTANCE DATA[0m
[34m2025-01-07 02:22:39,473 - DEBUG - ADD INSTANCE DATA[0m
[34m2025-01-07 02:22:39,473 - DEBUG - ADD RESOURCE_GROUPS[0m
[34m2025-01-07 02:22:39,473 - DEBUG - ADD RESOURCE_GROUPS[0m
[34m2025-01-07 02:22:39,474 - DEBUG - ADD RESOURCE_GROUPS[0m
[34m2025-01-07 02:22:39,474 - DEBUG - ADD RESOURCE_GROUPS[0m
[34m2025-01-07 02:22:39,474 - DEBUG - ADD RESOURCES[0m
[34m2025-01-07 02:22:39,474 - DEBUG - ADD RESOURCES[0m
[34m2025-01-07 02:22:39,474 - DEBUG - ADD RESOURCES[0m
[34m2025-01-07 02:22:39,474 - DEBUG - ADD RESOURCES[0m
[34m2025-01-07 02:22:39,474 - DEBUG - ADD RESOURCES[0m
[34m2025-01-07 02:22:39,474 - DEBUG - ADD RESOURCES[0m
[34m2025-01-07 02:22:39,474 - DEBUG - ADD RESOURCES[0m
[34m2025-01-07 02:22:39,474 - DEBUG - ADD RESOURCES[0m
[34m2025-01-07 02:22:39,474 - DEBUG - ADD RESOURCES[0m
[34m2025-01-07 02:22:39,474 - DEBUG - ADD RESOURCES[0m
[34m2025-01-07 02:22:39,475 - DEBUG - ADD TREATMENTS[0m
[34m2025-01-07 02:22:39,475 - DEBUG - ADD TREATMENTS[0m
[34m2025-01-07 02:22:39,475 - DEBUG - ADD TREATMENTS[0m
[34m2025-01-07 02:22:39,475 - DEBUG - ADD TREATMENTS[0m
[34m2025-01-07 02:22:39,475 - DEBUG - ADD TREATMENTS[0m
[34m2025-01-07 02:22:39,475 - DEBUG - ADD TREATMENTS[0m
[34m2025-01-07 02:22:39,475 - DEBUG - ADD TREATMENTS[0m
[34m2025-01-07 02:22:39,475 - DEBUG - ADD TREATMENTS[0m
[34m2025-01-07 02:22:39,475 - DEBUG - ADD PATIENTS[0m
[34m2025-01-07 02:22:39,476 - DEBUG - ADD PATIENTS[0m
[34m2025-01-07 02:22:39,476 - DEBUG - ADD PATIENTS[0m
[34m2025-01-07 02:22:39,476 - DEBUG - ADD PATIENTS[0m
[34m2025-01-07 02:22:39,476 - DEBUG - ADD PATIENTS[0m
[34m2025-01-07 02:22:39,476 - DEBUG - ADD PATIENTS[0m
[34m2025-01-07 02:22:39,476 - DEBUG - ADD PATIENTS[0m
[34m2025-01-07 02:22:39,476 - DEBUG - ADD PATIENTS[0m
[34m2025-01-07 02:22:39,476 - DEBUG - ADD PATIENTS[0m
[34m2025-01-07 02:22:39,476 - DEBUG - ADD PATIENTS[0m
[34m2025-01-07 02:22:39,477 - DEBUG - ADD PATIENTS[0m
[34m2025-01-07 02:22:39,477 - DEBUG - ADD PATIENTS[0m
[34m2025-01-07 02:22:39,477 - DEBUG - ADD PATIENTS[0m
[34m2025-01-07 02:22:39,477 - DEBUG - ADD PATIENTS[0m
[34m2025-01-07 02:22:39,477 - DEBUG - ADD PATIENTS[0m
[34m2025-01-07 02:22:39,477 - DEBUG - ADD PATIENTS[0m
[34m2025-01-07 02:22:39,477 - DEBUG - ADD PATIENTS[0m
[34m2025-01-07 02:22:39,477 - DEBUG - ADD PATIENTS[0m
[34m2025-01-07 02:22:39,477 - DEBUG - ADD PATIENTS[0m
[34m2025-01-07 02:22:39,478 - DEBUG - ADD PATIENTS[0m
[34m2025-01-07 02:22:39,478 - DEBUG - ADD PATIENTS[0m
[34m2025-01-07 02:22:39,478 - DEBUG - ADD PATIENTS[0m
[34m2025-01-07 02:22:39,478 - DEBUG - ADD PATIENTS[0m
[34m2025-01-07 02:22:39,478 - DEBUG - ADD PATIENTS[0m
[34m2025-01-07 02:22:39,480 - DEBUG - ADD PATIENTS[0m
[34m2025-01-07 02:22:39,480 - DEBUG - ADD PATIENTS[0m
[34m2025-01-07 02:22:39,480 - DEBUG - ADD PATIENTS[0m
[34m2025-01-07 02:22:39,480 - DEBUG - ADD PATIENTS[0m
[34m2025-01-07 02:22:39,480 - DEBUG - ADD PATIENTS[0m
[34m2025-01-07 02:22:39,480 - DEBUG - ADD PATIENTS[0m
[34m2025-01-07 02:22:39,481 - DEBUG - Instance data:[0m
[34m2025-01-07 02:22:39,481 - DEBUG - Number of patients: 30[0m
[34m2025-01-07 02:22:39,481 - DEBUG - Number of beds: 40[0m
[34m2025-01-07 02:22:39,481 - DEBUG - Average number of treatments per patient: 26.5[0m
[34m2025-01-07 02:22:39,481 - DEBUG - Average number of treatment per stayed day: 2.2910662824207493[0m
[34m2025-01-07 02:22:39,481 - DEBUG - Number of treatments: 795[0m
[34m2025-01-07 02:22:39,481 - DEBUG - Number of resources: 10[0m
[34m2025-01-07 02:22:39,481 - DEBUG - Number of resource groups: 4[0m
[34m2025-01-07 02:22:39,481 - DEBUG - Number of resource hours needed per all treatment by RG(therapists): 22.441666666666695[0m
[34m2025-01-07 02:22:39,481 - DEBUG - Number of resource hours needed per all treatment by RG(rooms): 41.99166666666666[0m
[34m2025-01-07 02:22:39,481 - DEBUG - Number of resource hours needed per all treatment by RG(physiotherapist): 15.5[0m
[34m2025-01-07 02:22:39,481 - DEBUG - Number of resource hours needed per all treatment by RG(sport_room): 6.75[0m
[32m2025-01-07 02:22:39,481 - INFO - {'solver': 'LBBDSolver', 'args': {'break_symmetry': False, 'subsolver_cls': <class 'src.solvers.subsolvers.cp_subsolver.CPSubsolver'>, 'subsolver.store_results': True, 'subsolver.store_results_method': 'hash', 'use_helper_constraints': True, 'enforce_min_treatments_per_day': True, 'enforce_max_treatments_per_e_w': True, 'enforce_min_patients_per_treatment': True, 'log_to_console': True}}[0m
[34m2025-01-07 02:22:39,481 - DEBUG - Setting options: LBBDSolver[0m
[34m2025-01-07 02:22:39,481 - DEBUG -  ---- break_symmetry to False[0m
[34m2025-01-07 02:22:39,481 - DEBUG -  ---- subsolver_cls to <class 'src.solvers.subsolvers.cp_subsolver.CPSubsolver'>[0m
[34m2025-01-07 02:22:39,481 - DEBUG -  ---- use_helper_constraints to True[0m
[34m2025-01-07 02:22:39,481 - DEBUG -  ---- add_constraints_to_symmetric_days to True (default)[0m
[34m2025-01-07 02:22:39,481 - DEBUG - Setting options: Solver[0m
[34m2025-01-07 02:22:39,481 - DEBUG -  ---- number_of_threads to 1 (default)[0m
[34m2025-01-07 02:22:39,481 - DEBUG -  ---- treatment_value to 0 (default)[0m
[34m2025-01-07 02:22:39,482 - DEBUG -  ---- delay_value to 1 (default)[0m
[34m2025-01-07 02:22:39,482 - DEBUG -  ---- missing_treatment_value to 4 (default)[0m
[34m2025-01-07 02:22:39,482 - DEBUG -  ---- enforce_min_treatments_per_day to True[0m
[34m2025-01-07 02:22:39,482 - DEBUG -  ---- enforce_max_treatments_per_e_w to True[0m
[34m2025-01-07 02:22:39,482 - DEBUG -  ---- enforce_min_patients_per_treatment to True[0m
[34m2025-01-07 02:22:39,482 - DEBUG -  ---- log_to_console to True[0m
[34m2025-01-07 02:22:39,482 - DEBUG -  ---- log_to_file to True (default)[0m
[34m2025-01-07 02:22:39,579 - DEBUG - Setting options: CPSubsolver[0m
[34m2025-01-07 02:22:39,580 - DEBUG -  ---- estimated_needed_treatments to True (default)[0m
[34m2025-01-07 02:22:39,580 - DEBUG -  ---- add_patient_symmetry to False (default)[0m
[34m2025-01-07 02:22:39,580 - DEBUG - Setting Subsolver options: SubSolver[0m
[34m2025-01-07 02:22:39,580 - DEBUG -  ---- store_results to True[0m
[34m2025-01-07 02:22:39,580 - DEBUG -  ---- store_results_method to hash[0m
[34m2025-01-07 02:22:39,580 - DEBUG -  ---- enforce_min_patients_per_treatment to True[0m
[34m2025-01-07 02:22:39,580 - DEBUG -  ---- use_day_symmetry to True (default)[0m
[32m2025-01-07 02:22:39,666 - INFO - Create model: LBBDSolver[0m
Set parameter TSPort to value 50039
Set parameter TokenServer to value "license.itc.rwth-aachen.de"
Set parameter Threads to value 1
Set parameter LazyConstraints to value 1
[34m2025-01-07 02:22:40,225 - DEBUG - Variables created.[0m
[34m2025-01-07 02:22:42,061 - DEBUG - Constraint (not too many treatments) created.[0m
[34m2025-01-07 02:22:43,385 - DEBUG - Constraint (no_treatments_outside admittance) created.[0m
[34m2025-01-07 02:22:43,387 - DEBUG - Constraint (bed_usage) created.[0m
[34m2025-01-07 02:22:43,387 - DEBUG - Constraint (must be admitted) created.[0m
[34m2025-01-07 02:22:43,590 - DEBUG - Constraint (e_w_ub) created.[0m
[34m2025-01-07 02:22:43,653 - DEBUG - Constraint (day_ub) created.[0m
[34m2025-01-07 02:22:43,717 - DEBUG - Constraint (Day always) created.[0m
[34m2025-01-07 02:22:43,717 - DEBUG - Constraint (already_admitted) created.[0m
[32m2025-01-07 02:22:46,657 - INFO - Time to create model: 6.991[0m
[32m2025-01-07 02:22:46,657 - INFO - Solving model: LBBDSolver[0m
Gurobi Optimizer version 10.0.0 build v10.0.0rc2 (linux64)

CPU model: Intel(R) Xeon(R) Platinum 8468, instruction set [SSE2|AVX|AVX2|AVX512]
Thread count: 96 physical cores, 96 logical processors, using up to 1 threads

Optimize a model with 286687 rows, 120381 columns and 2306264 nonzeros
Model fingerprint: 0x00787c0b
Variable types: 3 continuous, 120378 integer (120378 binary)
Coefficient statistics:
  Matrix range     [1e+00, 5e+01]
  Objective range  [1e+00, 1e+01]
  Bounds range     [1e+00, 1e+00]
  RHS range        [1e+00, 3e+03]
Presolve added 0 rows and 2240 columns
Presolve removed 182801 rows and 0 columns
Presolve time: 3.66s
Presolved: 103886 rows, 122621 columns, 1511618 nonzeros
Variable types: 1 continuous, 122620 integer (121676 binary)
Root relaxation presolved: 103430 rows, 122473 columns, 1430762 nonzeros


Root simplex log...

Iteration    Objective       Primal Inf.    Dual Inf.      Time
       0   -3.9920930e+03   3.771573e+03   0.000000e+00      6s
    6690    6.8400000e+02   0.000000e+00   0.000000e+00      7s
    6690    6.8400000e+02   0.000000e+00   0.000000e+00      7s

Use crossover to convert LP symmetric solution to basic solution...

Root crossover log...

       0 DPushes remaining with DInf 0.0000000e+00                 7s

   24013 PPushes remaining with PInf 0.0000000e+00                 7s
       0 PPushes remaining with PInf 0.0000000e+00                 7s

  Push phase complete: Pinf 0.0000000e+00, Dinf 1.0425856e-10      7s


Root simplex log...

Iteration    Objective       Primal Inf.    Dual Inf.      Time
   30725    6.8400000e+02   0.000000e+00   0.000000e+00      7s
   30725    6.8400000e+02   0.000000e+00   0.000000e+00      7s

Root relaxation: objective 6.840000e+02, 30725 iterations, 1.50 seconds (1.74 work units)

    Nodes    |    Current Node    |     Objective Bounds      |     Work
 Expl Unexpl |  Obj  Depth IntInf | Incumbent    BestBd   Gap | It/Node Time

     0     0  684.00000    0 4161          -  684.00000      -     -   22s
     0     0  684.00000    0 2714          -  684.00000      -     -   61s
     0     0  684.00000    0 2095          -  684.00000      -     -   90s
     0     0  684.00000    0   13          -  684.00000      -     -  130s
[32m2025-01-07 02:25:44,907 - INFO - d_prime: 9 d: 10[0m
[32m2025-01-07 02:25:44,911 - INFO - d_prime: 10 d: 10[0m
[32m2025-01-07 02:25:44,914 - INFO - d_prime: 11 d: 10[0m
[32m2025-01-07 02:25:44,917 - INFO - d_prime: 12 d: 10[0m
[32m2025-01-07 02:25:44,920 - INFO - forbidden_vars: ([{1:1},{1:1},{1:1},{3:1},{3:1},{4:1},{0:1,1:1},{0:1,1:1},{1:2},{1:2},{1:2},{1:2},{3:2},{3:1,4:1},{4:2},{0:1,1:2},{0:1,1:2},{1:2,4:1},{1:3},{3:2,4:1},{3:1,4:2},{3:2,4:1},{3:3},{3:4}])[0m
[32m2025-01-07 02:25:44,920 - INFO - False[0m
     0     0  684.00000    0   13          -  684.00000      -     -  279s
[32m2025-01-07 02:27:43,656 - INFO - d_prime: 9 d: 10[0m
[32m2025-01-07 02:27:43,660 - INFO - d_prime: 10 d: 10[0m
[32m2025-01-07 02:27:43,663 - INFO - d_prime: 11 d: 10[0m
[32m2025-01-07 02:27:43,665 - INFO - d_prime: 12 d: 10[0m
[32m2025-01-07 02:27:43,668 - INFO - forbidden_vars: ([{1:1},{1:1},{1:1},{3:1},{3:1},{4:1},{0:1,1:1},{0:1,1:1},{0:1,1:1},{1:2},{1:2},{1:2},{1:2},{3:2},{3:1,4:1},{4:2},{0:1,1:2},{1:2,4:1},{1:3},{3:2,4:1},{3:1,4:2},{3:2,4:1},{3:3},{3:4}])[0m
[32m2025-01-07 02:27:43,668 - INFO - False[0m
     0     0  684.00000    0   13          -  684.00000      -     -  329s
[32m2025-01-07 02:28:27,312 - INFO - d_prime: 9 d: 10[0m
[32m2025-01-07 02:28:27,315 - INFO - d_prime: 10 d: 10[0m
[32m2025-01-07 02:28:27,318 - INFO - d_prime: 11 d: 10[0m
[32m2025-01-07 02:28:27,321 - INFO - d_prime: 12 d: 10[0m
[32m2025-01-07 02:28:27,323 - INFO - forbidden_vars: ([{1:1},{1:1},{1:1},{1:1},{3:1},{3:1},{4:1},{0:1,1:1},{0:1,1:1},{0:1,1:1},{1:2},{1:2},{1:2},{3:2},{3:1,4:1},{4:2},{0:1,1:2},{1:2,4:1},{1:3},{3:2,4:1},{3:1,4:2},{3:2,4:1},{3:3},{3:4}])[0m
[32m2025-01-07 02:28:27,324 - INFO - False[0m
     0     0  684.00000    0   13          -  684.00000      -     -  340s
[32m2025-01-07 02:28:56,524 - INFO - d_prime: 9 d: 10[0m
[32m2025-01-07 02:28:56,528 - INFO - d_prime: 10 d: 10[0m
[32m2025-01-07 02:28:56,531 - INFO - d_prime: 11 d: 10[0m
[32m2025-01-07 02:28:56,533 - INFO - d_prime: 12 d: 10[0m
[32m2025-01-07 02:28:56,536 - INFO - forbidden_vars: ([{1:1},{1:1},{1:1},{3:1},{3:1},{4:1},{4:1},{0:1,1:1},{0:1,1:1},{0:1,1:1},{1:2},{1:2},{1:2},{1:2},{3:2},{4:2},{0:1,1:2},{1:2,4:1},{1:3},{3:2,4:1},{3:1,4:2},{3:2,4:1},{3:3},{3:4}])[0m
[32m2025-01-07 02:28:56,536 - INFO - False[0m
     0     0  684.00000    0   13          -  684.00000      -     -  369s
[32m2025-01-07 02:29:19,552 - INFO - d_prime: 9 d: 10[0m
[32m2025-01-07 02:29:19,555 - INFO - d_prime: 10 d: 10[0m
[32m2025-01-07 02:29:19,558 - INFO - d_prime: 11 d: 10[0m
[32m2025-01-07 02:29:19,561 - INFO - d_prime: 12 d: 10[0m
[32m2025-01-07 02:29:19,564 - INFO - forbidden_vars: ([{1:1},{1:1},{1:1},{3:1},{3:1},{4:1},{0:1,1:1},{0:1,1:1},{0:1,1:1},{1:2},{1:2},{1:2},{1:2},{3:2},{3:1,4:1},{3:2},{4:2},{0:1,1:2},{1:2,4:1},{1:3},{3:2,4:1},{3:1,4:2},{3:2,4:1},{3:4}])[0m
[32m2025-01-07 02:29:19,564 - INFO - False[0m
[32m2025-01-07 02:29:19,564 - INFO - Number of cuts added: 5 (bad=0, good=5)[0m
[32m2025-01-07 02:29:19,564 - INFO - Unnecessary comps: (0 / 5)[0m
[32m2025-01-07 02:29:19,564 - INFO - Calls to is_day_infeasible: cp_solver=19/ total=70 stored=51[0m
[32m2025-01-07 02:29:19,564 - INFO - Is feasible: 261.9935655593872 0.9988588974744494[0m
[32m2025-01-07 02:29:19,564 - INFO - Subsolver: Solve Model: 261.2873513698578/0.9973336569812277[0m
[32m2025-01-07 02:29:19,564 - INFO - Subsolver: Create Model: 0.6985442638397217/0.002666343018772315[0m
[32m2025-01-07 02:29:19,564 - INFO - Num_constraints-added: 20[0m
     0     0  684.00000    0   13          -  684.00000      -     -  392s
[32m2025-01-07 02:30:36,176 - INFO - d_prime: 9 d: 10[0m
[32m2025-01-07 02:30:36,181 - INFO - d_prime: 10 d: 10[0m
[32m2025-01-07 02:30:36,184 - INFO - d_prime: 11 d: 10[0m
[32m2025-01-07 02:30:36,187 - INFO - d_prime: 12 d: 10[0m
[32m2025-01-07 02:30:36,191 - INFO - forbidden_vars: ([{0:1},{0:1},{1:1},{1:1},{1:1},{0:1,1:1},{0:1,1:1},{0:1,1:1},{1:2},{1:2},{1:1,3:1},{1:1,4:1},{1:2},{3:2},{3:1,4:1},{3:2},{4:2},{1:3},{1:3},{3:2,4:1},{3:1,4:2},{3:2,4:1},{0:1,1:2,3:1},{3:4}])[0m
[32m2025-01-07 02:30:36,191 - INFO - False[0m
[32m2025-01-07 02:33:13,984 - INFO - d_prime: 9 d: 12[0m
[32m2025-01-07 02:33:13,987 - INFO - d_prime: 10 d: 12[0m
[32m2025-01-07 02:33:13,989 - INFO - d_prime: 11 d: 12[0m
[32m2025-01-07 02:33:13,991 - INFO - d_prime: 12 d: 12[0m
[32m2025-01-07 02:33:13,993 - INFO - forbidden_vars: ([{0:1},{0:1},{0:1},{3:1},{5:1},{3:2},{6:2},{3:2,5:1},{3:3},{3:1,4:1,5:1},{3:1,4:2},{5:2,6:1},{0:1,4:1,5:2},{1:2,6:2},{3:1,4:1,5:2},{3:3,5:1},{3:2,5:1,7:1},{3:3,6:1},{4:1,5:2,6:1},{4:1,5:2,6:1},{0:2,5:1,6:2},{0:1,3:3,6:1}])[0m
[32m2025-01-07 02:33:13,993 - INFO - False[0m
     0     0  684.00000    0   13          -  684.00000      -     -  641s
[32m2025-01-07 02:35:11,021 - INFO - d_prime: 9 d: 10[0m
[32m2025-01-07 02:35:11,026 - INFO - d_prime: 10 d: 10[0m
[32m2025-01-07 02:35:11,029 - INFO - d_prime: 11 d: 10[0m
[32m2025-01-07 02:35:11,032 - INFO - d_prime: 12 d: 10[0m
[32m2025-01-07 02:35:11,035 - INFO - forbidden_vars: ([{0:1},{0:1},{1:1},{1:1},{1:1},{3:1},{3:1},{0:1,1:1},{1:2},{1:1,3:1},{1:2},{1:2},{1:2},{3:2},{3:1,4:1},{4:2},{0:1,1:2},{1:2,3:1},{1:2,3:1},{1:3},{3:2,4:1},{3:1,4:2},{3:4},{0:1,3:2,4:2}])[0m
[32m2025-01-07 02:35:11,035 - INFO - False[0m
     0     0  684.00000    0   13          -  684.00000      -     -  840s
[32m2025-01-07 02:38:19,342 - INFO - d_prime: 9 d: 10[0m
[32m2025-01-07 02:38:19,346 - INFO - d_prime: 10 d: 10[0m
[32m2025-01-07 02:38:19,349 - INFO - d_prime: 11 d: 10[0m
[32m2025-01-07 02:38:19,352 - INFO - d_prime: 12 d: 10[0m
[32m2025-01-07 02:38:19,354 - INFO - forbidden_vars: ([{0:1},{1:1},{1:1},{1:1},{0:1,1:1},{0:1,1:1},{0:2},{1:2},{1:2},{1:1,3:1},{1:1,3:1},{1:1,3:1},{1:1,3:1},{1:2},{3:2},{3:1,4:1},{4:2},{0:1,1:2},{1:2,4:1},{1:3},{3:2,4:1},{3:1,4:2},{3:1,4:2},{3:4}])[0m
[32m2025-01-07 02:38:19,354 - INFO - False[0m
[32m2025-01-07 02:39:02,858 - INFO - d_prime: 9 d: 12[0m
[32m2025-01-07 02:39:02,860 - INFO - d_prime: 10 d: 12[0m
[32m2025-01-07 02:39:02,862 - INFO - d_prime: 11 d: 12[0m
[32m2025-01-07 02:39:02,864 - INFO - d_prime: 12 d: 12[0m
[32m2025-01-07 02:39:02,866 - INFO - forbidden_vars: ([{0:1},{1:1},{3:1},{3:1},{6:1},{3:1,6:1},{6:2},{0:1,5:2},{3:1,6:1,7:1},{3:2,6:1},{3:1,5:2},{5:2,6:1},{0:1,3:1,4:1,6:1},{0:1,4:2,6:1},{0:1,5:3},{1:1,3:3},{3:1,4:1,5:2},{3:3,5:1},{3:2,5:1,7:1},{3:4},{4:1,5:3},{0:2,5:1,6:2}])[0m
[32m2025-01-07 02:39:02,866 - INFO - False[0m
     0     0  684.00000    0   13          -  684.00000      -     -  993s
[32m2025-01-07 02:41:05,829 - INFO - d_prime: 9 d: 10[0m
[32m2025-01-07 02:41:05,835 - INFO - d_prime: 10 d: 10[0m
[32m2025-01-07 02:41:05,838 - INFO - d_prime: 11 d: 10[0m
[32m2025-01-07 02:41:05,841 - INFO - d_prime: 12 d: 10[0m
[32m2025-01-07 02:41:05,842 - INFO - forbidden_vars: ([{0:1},{0:1},{1:1},{1:1},{1:1},{3:1},{4:1},{0:1,1:1},{1:2},{1:1,3:1},{1:2},{1:2},{3:2},{3:1,4:1},{4:2},{0:1,1:2},{1:3},{1:2,3:1},{1:1,3:2},{1:3},{3:2,4:1},{3:1,4:2},{3:3},{3:4}])[0m
[32m2025-01-07 02:41:05,843 - INFO - False[0m
     0     0  684.00000    0   13          -  684.00000      -     - 1174s
[32m2025-01-07 02:43:25,146 - INFO - d_prime: 9 d: 10[0m
[32m2025-01-07 02:43:25,149 - INFO - d_prime: 10 d: 10[0m
[32m2025-01-07 02:43:25,152 - INFO - d_prime: 11 d: 10[0m
[32m2025-01-07 02:43:25,154 - INFO - d_prime: 12 d: 10[0m
[32m2025-01-07 02:43:25,157 - INFO - forbidden_vars: ([{1:1},{1:1},{1:1},{1:1},{3:1},{0:1,1:1},{0:1,1:1},{0:1,1:1},{0:1,1:1},{1:2},{1:2},{1:2},{3:2},{3:1,4:1},{3:2},{4:2},{4:2},{1:3},{1:3},{1:2,3:1},{3:2,4:1},{3:1,4:2},{3:4},{3:4}])[0m
[32m2025-01-07 02:43:25,158 - INFO - False[0m
[32m2025-01-07 02:46:05,594 - INFO - d_prime: 9 d: 12[0m
[32m2025-01-07 02:46:05,598 - INFO - d_prime: 10 d: 12[0m
[32m2025-01-07 02:46:05,601 - INFO - d_prime: 11 d: 12[0m
[32m2025-01-07 02:46:05,603 - INFO - d_prime: 12 d: 12[0m
[32m2025-01-07 02:46:05,604 - INFO - forbidden_vars: ([{0:1},{0:1},{3:1},{5:1},{3:1,5:1},{4:2},{6:2},{0:1,3:1,7:1},{0:1,5:2},{1:2,6:1},{3:2,6:1},{5:2,6:1},{0:1,3:2,5:1},{3:1,4:1,5:2},{3:3,5:1},{3:2,5:1,7:1},{3:1,4:1,5:2},{3:2,5:1,6:1},{3:3,6:1},{4:1,5:2,6:1},{4:3,5:1},{0:2,5:1,6:2}])[0m
[32m2025-01-07 02:46:05,604 - INFO - False[0m
[32m2025-01-07 02:46:38,528 - INFO - Number of cuts added: 13 (bad=0, good=13)[0m
[32m2025-01-07 02:46:38,528 - INFO - Unnecessary comps: (0 / 13)[0m
[32m2025-01-07 02:46:38,528 - INFO - Calls to is_day_infeasible: cp_solver=79/ total=140 stored=61[0m
[32m2025-01-07 02:46:38,528 - INFO - Is feasible: 1296.9340691566467 0.9995173965135045[0m
[32m2025-01-07 02:46:38,528 - INFO - Subsolver: Solve Model: 1293.7090857028961/0.9975424182763798[0m
[32m2025-01-07 02:46:38,528 - INFO - Subsolver: Create Model: 3.1872286796569824/0.0024575817236202175[0m
[32m2025-01-07 02:46:38,528 - INFO - Num_constraints-added: 52[0m
     0     0  684.00000    0   13          -  684.00000      -     - 1431s
[32m2025-01-07 02:47:00,213 - INFO - d_prime: 9 d: 10[0m
[32m2025-01-07 02:47:00,216 - INFO - d_prime: 10 d: 10[0m
[32m2025-01-07 02:47:00,219 - INFO - d_prime: 11 d: 10[0m
[32m2025-01-07 02:47:00,222 - INFO - d_prime: 12 d: 10[0m
[32m2025-01-07 02:47:00,225 - INFO - forbidden_vars: ([{1:1},{1:1},{1:1},{3:1},{3:1},{3:1},{4:1},{0:1,1:1},{0:1,1:1},{1:2},{1:2},{1:2},{1:2},{3:1,4:1},{4:2},{0:1,1:2},{0:1,1:2},{1:2,4:1},{1:3},{3:2,4:1},{3:1,4:2},{3:2,4:1},{3:3},{3:4}])[0m
[32m2025-01-07 02:47:00,225 - INFO - False[0m
     0     0  684.00000    0    -          -  684.00000      -     - 1514s
[32m2025-01-07 02:48:29,010 - INFO - d_prime: 9 d: 10[0m
[32m2025-01-07 02:48:29,013 - INFO - d_prime: 10 d: 10[0m
[32m2025-01-07 02:48:29,016 - INFO - d_prime: 11 d: 10[0m
[32m2025-01-07 02:48:29,020 - INFO - d_prime: 12 d: 10[0m
[32m2025-01-07 02:48:29,023 - INFO - forbidden_vars: ([{1:1},{1:1},{1:1},{3:1},{3:1},{4:1},{0:1,1:1},{0:1,1:1},{1:2},{1:2},{1:2},{1:2},{3:2},{3:1,4:1},{4:2},{0:1,1:2},{1:2,3:1},{1:2,4:1},{3:2,4:1},{3:1,4:2},{3:2,4:1},{3:3},{0:1,1:3},{3:4}])[0m
[32m2025-01-07 02:48:29,023 - INFO - False[0m
     0     0  684.00000    0    -          -  684.00000      -     - 1542s
     0     0  684.00000    0   10          -  684.00000      -     - 1542s
[32m2025-01-07 02:49:00,355 - INFO - d_prime: 9 d: 10[0m
[32m2025-01-07 02:49:00,358 - INFO - d_prime: 10 d: 10[0m
[32m2025-01-07 02:49:00,361 - INFO - d_prime: 11 d: 10[0m
[32m2025-01-07 02:49:00,365 - INFO - d_prime: 12 d: 10[0m
[32m2025-01-07 02:49:00,368 - INFO - forbidden_vars: ([{1:1},{1:1},{1:1},{3:1},{3:1},{4:1},{0:1,1:1},{0:1,1:1},{0:1,1:1},{1:2},{1:2},{1:2},{1:2},{3:2},{3:1,4:1},{4:2},{0:1,1:1,3:1},{1:2,4:1},{3:2,4:1},{3:1,4:2},{3:2,4:1},{3:3},{0:1,1:3},{3:4}])[0m
[32m2025-01-07 02:49:00,368 - INFO - False[0m
     0     0  684.00000    0   10          -  684.00000      -     - 1573s
[32m2025-01-07 02:49:17,210 - INFO - d_prime: 9 d: 10[0m
[32m2025-01-07 02:49:17,214 - INFO - d_prime: 10 d: 10[0m
[32m2025-01-07 02:49:17,217 - INFO - d_prime: 11 d: 10[0m
[32m2025-01-07 02:49:17,220 - INFO - d_prime: 12 d: 10[0m
[32m2025-01-07 02:49:17,223 - INFO - forbidden_vars: ([{1:1},{1:1},{1:1},{3:1},{3:1},{4:1},{0:1,1:1},{0:1,1:1},{1:2},{1:2},{1:2},{1:2},{1:2},{3:2},{3:1,4:1},{4:2},{0:1,1:1,3:1},{1:2,4:1},{3:2,4:1},{3:1,4:2},{3:2,4:1},{3:3},{0:1,1:3},{3:4}])[0m
[32m2025-01-07 02:49:17,223 - INFO - False[0m
     0     0  684.00000    0   10          -  684.00000      -     - 1590s
[32m2025-01-07 02:49:47,342 - INFO - d_prime: 9 d: 10[0m
[32m2025-01-07 02:49:47,345 - INFO - d_prime: 10 d: 10[0m
[32m2025-01-07 02:49:47,348 - INFO - d_prime: 11 d: 10[0m
[32m2025-01-07 02:49:47,351 - INFO - d_prime: 12 d: 10[0m
[32m2025-01-07 02:49:47,354 - INFO - forbidden_vars: ([{1:1},{1:1},{1:1},{3:1},{3:1},{4:1},{0:1,1:1},{0:1,1:1},{0:1,1:1},{1:2},{1:2},{1:2},{1:2},{3:2},{3:1,4:1},{4:2},{0:1,1:2},{1:2,4:1},{3:2,4:1},{3:1,4:2},{3:2,4:1},{3:3},{0:1,1:3},{3:4}])[0m
[32m2025-01-07 02:49:47,355 - INFO - False[0m
[32m2025-01-07 02:49:47,355 - INFO - Number of cuts added: 18 (bad=0, good=18)[0m
[32m2025-01-07 02:49:47,355 - INFO - Unnecessary comps: (0 / 18)[0m
[32m2025-01-07 02:49:47,355 - INFO - Calls to is_day_infeasible: cp_solver=88/ total=210 stored=122[0m
[32m2025-01-07 02:49:47,355 - INFO - Is feasible: 1484.2627575397491 0.9993774236417557[0m
[32m2025-01-07 02:49:47,355 - INFO - Subsolver: Solve Model: 1480.60928273201/0.9975684527191333[0m
[32m2025-01-07 02:49:47,355 - INFO - Subsolver: Create Model: 3.6089468002319336/0.002431547280866716[0m
[32m2025-01-07 02:49:47,355 - INFO - Num_constraints-added: 72[0m
     0     0  684.00000    0   10          -  684.00000      -     - 1620s
[32m2025-01-07 02:50:00,816 - INFO - d_prime: 9 d: 10[0m
[32m2025-01-07 02:50:00,822 - INFO - d_prime: 10 d: 10[0m
[32m2025-01-07 02:50:00,825 - INFO - d_prime: 11 d: 10[0m
[32m2025-01-07 02:50:00,828 - INFO - d_prime: 12 d: 10[0m
[32m2025-01-07 02:50:00,831 - INFO - forbidden_vars: ([{1:1},{1:1},{1:1},{3:1},{3:1},{4:1},{0:1,1:1},{0:1,1:1},{1:2},{1:2},{1:2},{1:2},{1:2},{3:2},{3:1,4:1},{4:2},{0:1,1:2},{1:2,4:1},{3:2,4:1},{3:1,4:2},{3:2,4:1},{3:3},{0:1,1:3},{3:4}])[0m
[32m2025-01-07 02:50:00,831 - INFO - False[0m
     0     0  684.00000    0   10          -  684.00000      -     - 1634s
[32m2025-01-07 02:50:34,570 - INFO - d_prime: 9 d: 10[0m
[32m2025-01-07 02:50:34,573 - INFO - d_prime: 10 d: 10[0m
[32m2025-01-07 02:50:34,576 - INFO - d_prime: 11 d: 10[0m
[32m2025-01-07 02:50:34,579 - INFO - d_prime: 12 d: 10[0m
[32m2025-01-07 02:50:34,582 - INFO - forbidden_vars: ([{1:1},{1:1},{1:1},{3:1},{3:1},{4:1},{0:1,1:1},{0:1,1:1},{0:1,1:1},{1:2},{1:2},{1:2},{1:2},{3:2},{3:1,4:1},{4:2},{1:2,3:1},{1:2,4:1},{3:2,4:1},{3:1,4:2},{3:2,4:1},{3:3},{0:1,1:3},{3:4}])[0m
[32m2025-01-07 02:50:34,582 - INFO - False[0m
     0     0  684.00000    0   10          -  684.00000      -     - 1667s
[32m2025-01-07 02:51:50,527 - INFO - d_prime: 9 d: 10[0m
[32m2025-01-07 02:51:50,530 - INFO - d_prime: 10 d: 10[0m
[32m2025-01-07 02:51:50,533 - INFO - d_prime: 11 d: 10[0m
[32m2025-01-07 02:51:50,536 - INFO - d_prime: 12 d: 10[0m
[32m2025-01-07 02:51:50,537 - INFO - forbidden_vars: ([{0:1},{0:1},{0:1},{1:1},{1:1},{3:1},{3:1},{0:1,1:1},{1:2},{1:2},{1:1,3:1},{1:2},{1:2},{1:2},{3:2},{3:1,4:1},{4:2},{0:1,1:2},{1:3},{1:3},{3:2,4:1},{3:1,4:2},{0:1,3:3},{3:4}])[0m
[32m2025-01-07 02:51:50,537 - INFO - False[0m
     0     0  684.00000    0   10          -  684.00000      -     - 1812s
[32m2025-01-07 02:53:41,411 - INFO - d_prime: 9 d: 10[0m
[32m2025-01-07 02:53:41,414 - INFO - d_prime: 10 d: 10[0m
[32m2025-01-07 02:53:41,417 - INFO - d_prime: 11 d: 10[0m
[32m2025-01-07 02:53:41,419 - INFO - d_prime: 12 d: 10[0m
[32m2025-01-07 02:53:41,421 - INFO - forbidden_vars: ([{0:1},{1:1},{1:1},{1:1},{3:1},{0:1,1:1},{1:2},{1:2},{1:2},{1:2},{3:2},{3:1,4:1},{3:2},{3:2},{4:2},{0:1,4:2},{0:1,1:2},{1:3},{1:3},{3:2,4:1},{3:1,4:2},{1:2,3:2},{3:4},{3:3,4:1}])[0m
[32m2025-01-07 02:53:41,421 - INFO - False[0m
     0     0  684.00000    0   10          -  684.00000      -     - 1940s
[32m2025-01-07 02:56:06,840 - INFO - d_prime: 9 d: 10[0m
[32m2025-01-07 02:56:06,843 - INFO - d_prime: 10 d: 10[0m
[32m2025-01-07 02:56:06,845 - INFO - d_prime: 11 d: 10[0m
[32m2025-01-07 02:56:06,848 - INFO - d_prime: 12 d: 10[0m
[32m2025-01-07 02:56:06,851 - INFO - forbidden_vars: ([{0:1},{1:1},{1:1},{1:1},{1:1},{1:1},{3:1},{0:1,3:1},{1:1,3:1},{1:2},{1:2},{1:2},{1:2},{1:2},{1:2},{3:2},{3:1,4:1},{4:2},{0:2,1:1},{3:2,4:1},{3:1,4:2},{1:3,3:1},{3:4},{3:4}])[0m
[32m2025-01-07 02:56:06,851 - INFO - False[0m
[32m2025-01-07 02:59:06,836 - INFO - d_prime: 9 d: 12[0m
[32m2025-01-07 02:59:06,839 - INFO - d_prime: 10 d: 12[0m
[32m2025-01-07 02:59:06,841 - INFO - d_prime: 11 d: 12[0m
[32m2025-01-07 02:59:06,843 - INFO - d_prime: 12 d: 12[0m
[32m2025-01-07 02:59:06,845 - INFO - forbidden_vars: ([{0:1},{0:1},{0:1},{3:1},{6:1},{4:1,5:1},{6:2},{0:3},{3:2,6:1},{3:1,5:1,6:1},{4:1,5:2},{5:2,6:1},{0:1,3:1,4:1,5:1},{0:1,3:1,5:2},{1:1,4:2,6:1},{1:1,3:2,6:1},{3:1,4:1,5:2},{3:3,5:1},{3:2,5:1,7:1},{3:1,5:2,7:1},{0:2,5:1,6:2},{0:1,3:3,6:1}])[0m
[32m2025-01-07 02:59:06,845 - INFO - False[0m
[32m2025-01-07 02:59:26,291 - INFO - Number of cuts added: 24 (bad=0, good=24)[0m
[32m2025-01-07 02:59:26,291 - INFO - Unnecessary comps: (0 / 24)[0m
[32m2025-01-07 02:59:26,291 - INFO - Calls to is_day_infeasible: cp_solver=121/ total=280 stored=159[0m
[32m2025-01-07 02:59:26,291 - INFO - Is feasible: 2060.53187251091 0.9994047332932005[0m
[32m2025-01-07 02:59:26,291 - INFO - Subsolver: Solve Model: 2055.395904779434/0.9975394056905675[0m
[32m2025-01-07 02:59:26,291 - INFO - Subsolver: Create Model: 5.069970607757568/0.002460594309432495[0m
[32m2025-01-07 02:59:26,291 - INFO - Num_constraints-added: 96[0m
     0     0  684.00000    0   10          -  684.00000      -     - 2199s
[32m2025-01-07 03:00:44,504 - INFO - d_prime: 9 d: 10[0m
[32m2025-01-07 03:00:44,509 - INFO - d_prime: 10 d: 10[0m
[32m2025-01-07 03:00:44,512 - INFO - d_prime: 11 d: 10[0m
[32m2025-01-07 03:00:44,515 - INFO - d_prime: 12 d: 10[0m
[32m2025-01-07 03:00:44,517 - INFO - forbidden_vars: ([{0:1},{0:1},{1:1},{1:1},{1:1},{1:1},{0:1,1:1},{1:2},{1:2},{1:1,3:1},{1:1,3:1},{1:2},{3:2},{3:1,4:1},{3:2},{4:2},{0:1,1:1,3:1},{1:2,4:1},{1:1,3:2},{3:2,4:1},{3:1,4:2},{1:2,4:2},{1:3,3:1},{3:4}])[0m
[32m2025-01-07 03:00:44,517 - INFO - False[0m
     0     0  684.00000    0   10          -  684.00000      -     - 2334s
[32m2025-01-07 03:02:49,391 - INFO - d_prime: 9 d: 10[0m
[32m2025-01-07 03:02:49,394 - INFO - d_prime: 10 d: 10[0m
[32m2025-01-07 03:02:49,397 - INFO - d_prime: 11 d: 10[0m
[32m2025-01-07 03:02:49,400 - INFO - d_prime: 12 d: 10[0m
[32m2025-01-07 03:02:49,403 - INFO - forbidden_vars: ([{0:1},{1:1},{1:1},{1:1},{1:1},{1:1},{0:2},{1:2},{1:2},{1:1,3:1},{1:2},{1:2},{3:2},{3:1,4:1},{4:2},{0:1,1:2},{0:1,1:1,3:1},{1:3},{1:1,4:2},{3:2,4:1},{3:1,4:2},{1:1,3:3},{3:4}])[0m
[32m2025-01-07 03:02:49,403 - INFO - False[0m
     0     0  684.00000    0   10          -  684.00000      -     - 2465s
[32m2025-01-07 03:04:40,012 - INFO - d_prime: 9 d: 10[0m
[32m2025-01-07 03:04:40,015 - INFO - d_prime: 10 d: 10[0m
[32m2025-01-07 03:04:40,018 - INFO - d_prime: 11 d: 10[0m
[32m2025-01-07 03:04:40,021 - INFO - d_prime: 12 d: 10[0m
[32m2025-01-07 03:04:40,024 - INFO - forbidden_vars: ([{1:1},{1:1},{1:1},{3:1},{4:1},{0:1,1:1},{0:1,1:1},{1:2},{1:2},{1:2},{1:2},{3:2},{3:1,4:1},{3:2},{3:1,4:1},{4:2},{0:1,1:2},{1:2,3:1},{1:2,4:1},{3:1,4:2},{3:3},{0:1,1:3},{3:4},{3:2,4:2}])[0m
[32m2025-01-07 03:04:40,024 - INFO - False[0m
     0     0  684.00000    0    -          -  684.00000      -     - 2514s
     0     0  684.00000    0   36          -  684.00000      -     - 2514s
[32m2025-01-07 03:05:46,120 - INFO - d_prime: 9 d: 10[0m
[32m2025-01-07 03:05:46,126 - INFO - d_prime: 10 d: 10[0m
[32m2025-01-07 03:05:46,129 - INFO - d_prime: 11 d: 10[0m
[32m2025-01-07 03:05:46,132 - INFO - d_prime: 12 d: 10[0m
[32m2025-01-07 03:05:46,135 - INFO - forbidden_vars: ([{1:1},{1:1},{1:1},{3:1},{4:1},{0:1,4:1},{0:1,1:1},{1:2},{1:2},{1:2},{1:2},{3:2},{3:1,4:1},{3:2},{4:2},{0:1,1:1,3:1},{0:2,1:1},{1:2,3:1},{1:2,4:1},{3:1,4:2},{3:3},{0:1,1:3},{3:4},{3:2,4:2}])[0m
[32m2025-01-07 03:05:46,135 - INFO - False[0m
     0     0  684.00000    0   36          -  684.00000      -     - 2662s
[32m2025-01-07 03:07:40,426 - INFO - d_prime: 9 d: 10[0m
[32m2025-01-07 03:07:40,429 - INFO - d_prime: 10 d: 10[0m
[32m2025-01-07 03:07:40,432 - INFO - d_prime: 11 d: 10[0m
[32m2025-01-07 03:07:40,435 - INFO - d_prime: 12 d: 10[0m
[32m2025-01-07 03:07:40,437 - INFO - forbidden_vars: ([{1:1},{1:1},{1:1},{3:1},{4:1},{0:1,3:1},{0:1,1:1},{1:2},{1:2},{1:2},{1:2},{3:2},{3:1,4:1},{3:2},{4:2},{0:1,1:1,3:1},{0:2,1:1},{1:2,3:1},{1:2,4:1},{3:1,4:2},{3:3},{0:1,1:3},{3:4},{3:2,4:2}])[0m
[32m2025-01-07 03:07:40,438 - INFO - False[0m
[32m2025-01-07 03:08:05,517 - INFO - Number of cuts added: 29 (bad=0, good=29)[0m
[32m2025-01-07 03:08:05,518 - INFO - Unnecessary comps: (0 / 29)[0m
[32m2025-01-07 03:08:05,518 - INFO - Calls to is_day_infeasible: cp_solver=156/ total=350 stored=194[0m
[32m2025-01-07 03:08:05,518 - INFO - Is feasible: 2575.985816717148 0.9994067482670584[0m
[32m2025-01-07 03:08:05,518 - INFO - Subsolver: Solve Model: 2569.1862218379974/0.9974048685834029[0m
[32m2025-01-07 03:08:05,518 - INFO - Subsolver: Create Model: 6.684723615646362/0.0025951314165970755[0m
[32m2025-01-07 03:08:05,518 - INFO - Num_constraints-added: 116[0m
     0     0  684.00000    0   36          -  684.00000      -     - 2718s
[32m2025-01-07 03:08:24,415 - INFO - d_prime: 9 d: 10[0m
[32m2025-01-07 03:08:24,418 - INFO - d_prime: 10 d: 10[0m
[32m2025-01-07 03:08:24,421 - INFO - d_prime: 11 d: 10[0m
[32m2025-01-07 03:08:24,424 - INFO - d_prime: 12 d: 10[0m
[32m2025-01-07 03:08:24,427 - INFO - forbidden_vars: ([{1:1},{1:1},{1:1},{3:1},{4:1},{0:1,1:1},{0:1,1:1},{1:2},{1:2},{1:2},{1:2},{3:2},{3:1,4:1},{3:2},{3:1,4:1},{4:2},{0:1,1:1,3:1},{1:2,3:1},{1:2,4:1},{3:1,4:2},{3:3},{0:1,1:3},{3:4},{3:2,4:2}])[0m
[32m2025-01-07 03:08:24,427 - INFO - False[0m
     0     0  684.00000    0   36          -  684.00000      -     - 2737s
[32m2025-01-07 03:08:49,098 - INFO - d_prime: 9 d: 10[0m
[32m2025-01-07 03:08:49,102 - INFO - d_prime: 10 d: 10[0m
[32m2025-01-07 03:08:49,105 - INFO - d_prime: 11 d: 10[0m
[32m2025-01-07 03:08:49,108 - INFO - d_prime: 12 d: 10[0m
[32m2025-01-07 03:08:49,111 - INFO - forbidden_vars: ([{0:1},{1:1},{1:1},{1:1},{3:1},{4:1},{0:1,1:1},{1:2},{1:2},{1:2},{1:2},{3:2},{3:1,4:1},{3:2},{4:2},{0:1,1:1,3:1},{0:2,1:1},{1:2,3:1},{1:2,4:1},{3:1,4:2},{3:3},{0:1,1:3},{3:4},{3:2,4:2}])[0m
[32m2025-01-07 03:08:49,111 - INFO - False[0m
     0     0  684.00000    0   36          -  684.00000      -     - 2762s
[32m2025-01-07 03:09:19,758 - INFO - d_prime: 9 d: 10[0m
[32m2025-01-07 03:09:19,761 - INFO - d_prime: 10 d: 10[0m
[32m2025-01-07 03:09:19,764 - INFO - d_prime: 11 d: 10[0m
[32m2025-01-07 03:09:19,767 - INFO - d_prime: 12 d: 10[0m
[32m2025-01-07 03:09:19,770 - INFO - forbidden_vars: ([{1:1},{1:1},{1:1},{3:1},{4:1},{0:1,4:1},{0:1,1:1},{1:2},{1:2},{1:2},{1:1,4:1},{1:2},{3:2},{3:1,4:1},{3:2},{4:2},{0:1,1:1,3:1},{0:2,1:1},{1:2,3:1},{3:1,4:2},{3:3},{0:1,1:3},{3:4},{3:2,4:2}])[0m
[32m2025-01-07 03:09:19,770 - INFO - False[0m
     0     0  684.00000    0   36          -  684.00000      -     - 2792s
[32m2025-01-07 03:10:33,721 - INFO - d_prime: 9 d: 10[0m
[32m2025-01-07 03:10:33,726 - INFO - d_prime: 10 d: 10[0m
[32m2025-01-07 03:10:33,729 - INFO - d_prime: 11 d: 10[0m
[32m2025-01-07 03:10:33,732 - INFO - d_prime: 12 d: 10[0m
[32m2025-01-07 03:10:33,735 - INFO - forbidden_vars: ([{1:1},{1:1},{1:1},{1:1},{1:1},{1:1},{0:1,1:1},{1:1,3:1},{1:2},{1:2},{1:1,3:1},{1:2},{3:2},{3:1,4:1},{4:2},{0:1,1:1,3:1},{0:1,3:2},{1:3},{3:1,4:2},{3:1,4:2},{0:1,1:2,3:1},{1:1,3:3},{3:4},{3:2,4:2}])[0m
[32m2025-01-07 03:10:33,735 - INFO - False[0m
[32m2025-01-07 03:18:32,761 - INFO - d_prime: 9 d: 12[0m
[32m2025-01-07 03:18:32,767 - INFO - d_prime: 10 d: 12[0m
[32m2025-01-07 03:18:32,770 - INFO - d_prime: 11 d: 12[0m
[32m2025-01-07 03:18:32,772 - INFO - d_prime: 12 d: 12[0m
[32m2025-01-07 03:18:32,774 - INFO - forbidden_vars: ([{0:1},{0:1},{0:1},{0:1},{3:1},{5:1},{0:2},{6:2},{0:1,1:1,4:1},{3:2,4:1},{3:1,4:1,6:1},{5:2,6:1},{0:1,4:1,5:1,6:1},{1:1,3:1,6:2},{3:1,4:1,5:2},{3:3,5:1},{3:2,5:1,7:1},{3:1,4:1,5:2},{3:1,5:3},{5:3,6:1},{0:2,5:1,6:2},{0:1,3:3,5:1}])[0m
[32m2025-01-07 03:18:32,775 - INFO - False[0m
     0     0  684.00000    0   36          -  684.00000      -     - 3362s
[32m2025-01-07 03:20:05,866 - INFO - d_prime: 9 d: 10[0m
[32m2025-01-07 03:20:05,869 - INFO - d_prime: 10 d: 10[0m
[32m2025-01-07 03:20:05,872 - INFO - d_prime: 11 d: 10[0m
[32m2025-01-07 03:20:05,875 - INFO - d_prime: 12 d: 10[0m
[32m2025-01-07 03:20:05,878 - INFO - forbidden_vars: ([{0:1},{0:1},{1:1},{1:1},{1:1},{3:1},{3:1},{1:1,3:1},{1:2},{1:2},{1:2},{1:2},{3:2},{3:1,4:1},{4:2},{0:2,1:1},{0:1,1:1,3:1},{1:3},{1:1,4:2},{1:1,3:2},{1:3},{3:1,4:2},{3:4},{3:2,4:2}])[0m
[32m2025-01-07 03:20:05,879 - INFO - False[0m
