1.NAME: LBBDSolver
2.PARAMS: {'break_symmetry': False, 'add_constraints_to_symmetrc_days': True, 'subsolver_cls': 'CPSubSolver2'}
3.INSTANCE: /home/wx350715/Kobra/rehabiliation-admission-scheduling/data/comp_study_002/instance_6_15.txt
4.REPETITION: 1
Current directory: /home/wx350715/Kobra/rehabiliation-admission-scheduling
[34m2025-01-07 03:32:36,414 - DEBUG - Solver: <class 'src.solvers.benders.LBBDSolver'>[0m
[34m2025-01-07 03:32:36,414 - DEBUG - Args: {'break_symmetry': False, 'add_constraints_to_symmetrc_days': True, 'subsolver_cls': 'CPSubSolver2'}[0m
[34m2025-01-07 03:32:36,414 - DEBUG - File path /home/wx350715/Kobra/rehabiliation-admission-scheduling/data/comp_study_002/instance_6_15.txt[0m
[34m2025-01-07 03:32:36,436 - DEBUG - ADD INSTANCE DATA[0m
[34m2025-01-07 03:32:36,437 - DEBUG - ADD INSTANCE DATA[0m
[34m2025-01-07 03:32:36,437 - DEBUG - ADD INSTANCE DATA[0m
[34m2025-01-07 03:32:36,437 - DEBUG - ADD INSTANCE DATA[0m
[34m2025-01-07 03:32:36,437 - DEBUG - ADD INSTANCE DATA[0m
[34m2025-01-07 03:32:36,437 - DEBUG - ADD INSTANCE DATA[0m
[34m2025-01-07 03:32:36,437 - DEBUG - ADD INSTANCE DATA[0m
[34m2025-01-07 03:32:36,437 - DEBUG - ADD INSTANCE DATA[0m
[34m2025-01-07 03:32:36,437 - DEBUG - ADD INSTANCE DATA[0m
[34m2025-01-07 03:32:36,437 - DEBUG - ADD INSTANCE DATA[0m
[34m2025-01-07 03:32:36,437 - DEBUG - ADD INSTANCE DATA[0m
[34m2025-01-07 03:32:36,437 - DEBUG - ADD RESOURCE_GROUPS[0m
[34m2025-01-07 03:32:36,437 - DEBUG - ADD RESOURCE_GROUPS[0m
[34m2025-01-07 03:32:36,437 - DEBUG - ADD RESOURCE_GROUPS[0m
[34m2025-01-07 03:32:36,437 - DEBUG - ADD RESOURCE_GROUPS[0m
[34m2025-01-07 03:32:36,438 - DEBUG - ADD RESOURCES[0m
[34m2025-01-07 03:32:36,438 - DEBUG - ADD RESOURCES[0m
[34m2025-01-07 03:32:36,438 - DEBUG - ADD RESOURCES[0m
[34m2025-01-07 03:32:36,438 - DEBUG - ADD RESOURCES[0m
[34m2025-01-07 03:32:36,438 - DEBUG - ADD RESOURCES[0m
[34m2025-01-07 03:32:36,438 - DEBUG - ADD RESOURCES[0m
[34m2025-01-07 03:32:36,438 - DEBUG - ADD RESOURCES[0m
[34m2025-01-07 03:32:36,438 - DEBUG - ADD RESOURCES[0m
[34m2025-01-07 03:32:36,438 - DEBUG - ADD RESOURCES[0m
[34m2025-01-07 03:32:36,438 - DEBUG - ADD RESOURCES[0m
[34m2025-01-07 03:32:36,438 - DEBUG - ADD TREATMENTS[0m
[34m2025-01-07 03:32:36,439 - DEBUG - ADD TREATMENTS[0m
[34m2025-01-07 03:32:36,439 - DEBUG - ADD TREATMENTS[0m
[34m2025-01-07 03:32:36,439 - DEBUG - ADD TREATMENTS[0m
[34m2025-01-07 03:32:36,439 - DEBUG - ADD TREATMENTS[0m
[34m2025-01-07 03:32:36,439 - DEBUG - ADD TREATMENTS[0m
[34m2025-01-07 03:32:36,439 - DEBUG - ADD TREATMENTS[0m
[34m2025-01-07 03:32:36,439 - DEBUG - ADD TREATMENTS[0m
[34m2025-01-07 03:32:36,439 - DEBUG - ADD PATIENTS[0m
[34m2025-01-07 03:32:36,439 - DEBUG - ADD PATIENTS[0m
[34m2025-01-07 03:32:36,439 - DEBUG - ADD PATIENTS[0m
[34m2025-01-07 03:32:36,440 - DEBUG - ADD PATIENTS[0m
[34m2025-01-07 03:32:36,440 - DEBUG - ADD PATIENTS[0m
[34m2025-01-07 03:32:36,440 - DEBUG - ADD PATIENTS[0m
[34m2025-01-07 03:32:36,440 - DEBUG - ADD PATIENTS[0m
[34m2025-01-07 03:32:36,440 - DEBUG - ADD PATIENTS[0m
[34m2025-01-07 03:32:36,440 - DEBUG - ADD PATIENTS[0m
[34m2025-01-07 03:32:36,440 - DEBUG - ADD PATIENTS[0m
[34m2025-01-07 03:32:36,440 - DEBUG - ADD PATIENTS[0m
[34m2025-01-07 03:32:36,440 - DEBUG - ADD PATIENTS[0m
[34m2025-01-07 03:32:36,441 - DEBUG - ADD PATIENTS[0m
[34m2025-01-07 03:32:36,441 - DEBUG - ADD PATIENTS[0m
[34m2025-01-07 03:32:36,441 - DEBUG - ADD PATIENTS[0m
[34m2025-01-07 03:32:36,441 - DEBUG - ADD PATIENTS[0m
[34m2025-01-07 03:32:36,441 - DEBUG - ADD PATIENTS[0m
[34m2025-01-07 03:32:36,441 - DEBUG - ADD PATIENTS[0m
[34m2025-01-07 03:32:36,441 - DEBUG - ADD PATIENTS[0m
[34m2025-01-07 03:32:36,441 - DEBUG - ADD PATIENTS[0m
[34m2025-01-07 03:32:36,441 - DEBUG - ADD PATIENTS[0m
[34m2025-01-07 03:32:36,442 - DEBUG - Instance data:[0m
[34m2025-01-07 03:32:36,442 - DEBUG - Number of patients: 21[0m
[34m2025-01-07 03:32:36,444 - DEBUG - Number of beds: 36[0m
[34m2025-01-07 03:32:36,444 - DEBUG - Average number of treatments per patient: 32.38095238095238[0m
[34m2025-01-07 03:32:36,444 - DEBUG - Average number of treatment per stayed day: 2.3859649122807016[0m
[34m2025-01-07 03:32:36,444 - DEBUG - Number of treatments: 680[0m
[34m2025-01-07 03:32:36,444 - DEBUG - Number of resources: 10[0m
[34m2025-01-07 03:32:36,444 - DEBUG - Number of resource groups: 4[0m
[34m2025-01-07 03:32:36,444 - DEBUG - Number of resource hours needed per all treatment by RG(therapists): 19.704166666666676[0m
[34m2025-01-07 03:32:36,444 - DEBUG - Number of resource hours needed per all treatment by RG(rooms): 35.95416666666666[0m
[34m2025-01-07 03:32:36,444 - DEBUG - Number of resource hours needed per all treatment by RG(physiotherapist): 15.5[0m
[34m2025-01-07 03:32:36,444 - DEBUG - Number of resource hours needed per all treatment by RG(sport_room): 6.75[0m
[32m2025-01-07 03:32:36,444 - INFO - {'solver': 'LBBDSolver', 'args': {'break_symmetry': False, 'subsolver_cls': <class 'src.solvers.subsolvers.cp_subsolver.CPSubsolver'>, 'subsolver.store_results': True, 'subsolver.store_results_method': 'hash', 'use_helper_constraints': True, 'enforce_min_treatments_per_day': True, 'enforce_max_treatments_per_e_w': True, 'enforce_min_patients_per_treatment': True, 'log_to_console': True}}[0m
[34m2025-01-07 03:32:36,444 - DEBUG - Setting options: LBBDSolver[0m
[34m2025-01-07 03:32:36,444 - DEBUG -  ---- break_symmetry to False[0m
[34m2025-01-07 03:32:36,444 - DEBUG -  ---- subsolver_cls to <class 'src.solvers.subsolvers.cp_subsolver.CPSubsolver'>[0m
[34m2025-01-07 03:32:36,444 - DEBUG -  ---- use_helper_constraints to True[0m
[34m2025-01-07 03:32:36,445 - DEBUG -  ---- add_constraints_to_symmetric_days to True (default)[0m
[34m2025-01-07 03:32:36,445 - DEBUG - Setting options: Solver[0m
[34m2025-01-07 03:32:36,445 - DEBUG -  ---- number_of_threads to 1 (default)[0m
[34m2025-01-07 03:32:36,445 - DEBUG -  ---- treatment_value to 0 (default)[0m
[34m2025-01-07 03:32:36,445 - DEBUG -  ---- delay_value to 1 (default)[0m
[34m2025-01-07 03:32:36,445 - DEBUG -  ---- missing_treatment_value to 4 (default)[0m
[34m2025-01-07 03:32:36,445 - DEBUG -  ---- enforce_min_treatments_per_day to True[0m
[34m2025-01-07 03:32:36,445 - DEBUG -  ---- enforce_max_treatments_per_e_w to True[0m
[34m2025-01-07 03:32:36,445 - DEBUG -  ---- enforce_min_patients_per_treatment to True[0m
[34m2025-01-07 03:32:36,445 - DEBUG -  ---- log_to_console to True[0m
[34m2025-01-07 03:32:36,445 - DEBUG -  ---- log_to_file to True (default)[0m
[34m2025-01-07 03:32:36,481 - DEBUG - Setting options: CPSubsolver[0m
[34m2025-01-07 03:32:36,481 - DEBUG -  ---- estimated_needed_treatments to True (default)[0m
[34m2025-01-07 03:32:36,481 - DEBUG -  ---- add_patient_symmetry to False (default)[0m
[34m2025-01-07 03:32:36,482 - DEBUG - Setting Subsolver options: SubSolver[0m
[34m2025-01-07 03:32:36,482 - DEBUG -  ---- store_results to True[0m
[34m2025-01-07 03:32:36,482 - DEBUG -  ---- store_results_method to hash[0m
[34m2025-01-07 03:32:36,482 - DEBUG -  ---- enforce_min_patients_per_treatment to True[0m
[34m2025-01-07 03:32:36,482 - DEBUG -  ---- use_day_symmetry to True (default)[0m
[32m2025-01-07 03:32:36,510 - INFO - Create model: LBBDSolver[0m
Set parameter TSPort to value 50039
Set parameter TokenServer to value "license.itc.rwth-aachen.de"
Set parameter Threads to value 1
Set parameter LazyConstraints to value 1
[34m2025-01-07 03:32:36,993 - DEBUG - Variables created.[0m
[34m2025-01-07 03:32:38,492 - DEBUG - Constraint (not too many treatments) created.[0m
[34m2025-01-07 03:32:39,543 - DEBUG - Constraint (no_treatments_outside admittance) created.[0m
[34m2025-01-07 03:32:39,543 - DEBUG - Constraint (bed_usage) created.[0m
[34m2025-01-07 03:32:39,544 - DEBUG - Constraint (must be admitted) created.[0m
[34m2025-01-07 03:32:39,701 - DEBUG - Constraint (e_w_ub) created.[0m
[34m2025-01-07 03:32:39,754 - DEBUG - Constraint (day_ub) created.[0m
[34m2025-01-07 03:32:39,807 - DEBUG - Constraint (Day always) created.[0m
[34m2025-01-07 03:32:39,807 - DEBUG - Constraint (already_admitted) created.[0m
[32m2025-01-07 03:32:41,630 - INFO - Time to create model: 5.12[0m
[32m2025-01-07 03:32:41,630 - INFO - Solving model: LBBDSolver[0m
Gurobi Optimizer version 10.0.0 build v10.0.0rc2 (linux64)

CPU model: Intel(R) Xeon(R) Platinum 8468, instruction set [SSE2|AVX|AVX2|AVX512]
Thread count: 96 physical cores, 96 logical processors, using up to 1 threads

Optimize a model with 231537 rows, 97384 columns and 1866352 nonzeros
Model fingerprint: 0xde3cd1a6
Variable types: 3 continuous, 97381 integer (97381 binary)
Coefficient statistics:
  Matrix range     [1e+00, 2e+01]
  Objective range  [1e+00, 1e+01]
  Bounds range     [1e+00, 1e+00]
  RHS range        [1e+00, 3e+03]
Presolve added 0 rows and 1697 columns
Presolve removed 149009 rows and 0 columns
Presolve time: 2.93s
Presolved: 82528 rows, 99081 columns, 1227214 nonzeros
Variable types: 1 continuous, 99080 integer (98224 binary)
Root relaxation presolved: 82145 rows, 98944 columns, 1155729 nonzeros


Use crossover to convert LP symmetric solution to basic solution...

Root relaxation: objective 6.682500e+02, 22984 iterations, 0.90 seconds (1.02 work units)
Total elapsed time = 10.89s
Total elapsed time = 17.66s

    Nodes    |    Current Node    |     Objective Bounds      |     Work
 Expl Unexpl |  Obj  Depth IntInf | Incumbent    BestBd   Gap | It/Node Time

     0     0  668.25000    0  413          -  668.25000      -     -   21s
[32m2025-01-07 03:33:17,871 - INFO - d_prime: 3 d: 3[0m
[32m2025-01-07 03:33:17,874 - INFO - d_prime: 4 d: 3[0m
[32m2025-01-07 03:33:17,874 - INFO - d_prime: 5 d: 3[0m
[32m2025-01-07 03:33:17,875 - INFO - d_prime: 6 d: 3[0m
[32m2025-01-07 03:33:17,876 - INFO - d_prime: 7 d: 3[0m
[32m2025-01-07 03:33:17,877 - INFO - d_prime: 8 d: 3[0m
[32m2025-01-07 03:33:17,878 - INFO - d_prime: 9 d: 3[0m
[32m2025-01-07 03:33:17,879 - INFO - d_prime: 10 d: 3[0m
[32m2025-01-07 03:33:17,880 - INFO - forbidden_vars: ([{0:1},{3:1},{0:1,1:1},{1:1,3:3},{1:1,3:1,7:2},{3:4},{3:2,4:1,7:1}])[0m
[32m2025-01-07 03:33:17,880 - INFO - False[0m
[32m2025-01-07 03:43:54,715 - INFO - d_prime: 9 d: 13[0m
[32m2025-01-07 03:43:54,720 - INFO - d_prime: 10 d: 13[0m
[32m2025-01-07 03:43:54,723 - INFO - d_prime: 11 d: 13[0m
[32m2025-01-07 03:43:54,726 - INFO - d_prime: 12 d: 13[0m
[32m2025-01-07 03:43:54,729 - INFO - d_prime: 13 d: 13[0m
[32m2025-01-07 03:43:54,731 - INFO - forbidden_vars: ([{0:1},{2:1},{3:1},{1:1,2:1},{2:1,3:1},{4:1,5:1},{0:2,5:1},{1:1,3:1,4:1},{2:1,5:1,7:1},{2:1,4:2},{0:1,2:1,3:1,7:1},{0:2,3:1,4:1},{0:2,3:1,4:1},{0:1,4:2,5:1},{1:3,5:1},{1:1,2:1,3:1,4:1},{2:1,3:2,7:1},{3:3,5:1},{0:1,2:1,3:1,4:1,7:1},{0:1,2:1,3:3}])[0m
[32m2025-01-07 03:43:54,731 - INFO - False[0m
     0     0  668.25000    0  413          -  668.25000      -     -  672s
     0     0  669.50000    0  495          -  669.50000      -     -  677s
     0     0  670.04762    0  887          -  670.04762      -     -  686s
[32m2025-01-07 03:44:23,044 - INFO - d_prime: 3 d: 3[0m
[32m2025-01-07 03:44:23,045 - INFO - d_prime: 4 d: 3[0m
[32m2025-01-07 03:44:23,046 - INFO - d_prime: 5 d: 3[0m
[32m2025-01-07 03:44:23,046 - INFO - d_prime: 6 d: 3[0m
[32m2025-01-07 03:44:23,047 - INFO - d_prime: 7 d: 3[0m
[32m2025-01-07 03:44:23,048 - INFO - d_prime: 8 d: 3[0m
[32m2025-01-07 03:44:23,049 - INFO - d_prime: 9 d: 3[0m
[32m2025-01-07 03:44:23,049 - INFO - d_prime: 10 d: 3[0m
[32m2025-01-07 03:44:23,050 - INFO - forbidden_vars: ([{0:1,3:1},{0:1,3:1},{0:1,1:2},{1:1,3:3},{3:4},{3:2,4:1,7:1},{3:3,7:2}])[0m
[32m2025-01-07 03:44:23,050 - INFO - False[0m
     0     0  670.04762    0  887          -  670.04762      -     -  786s
     0     0  670.04762    0  788          -  670.04762      -     -  787s
     0     0  670.07143    0  703          -  670.07143      -     -  790s
     0     0  670.15625    0  675          -  670.15625      -     -  792s
     0     0  670.15625    0  657          -  670.15625      -     -  793s
     0     0  670.21053    0  603          -  670.21053      -     -  794s
H    0     0                     678.0000000  670.21053  1.15%     -  858s
H    0     0                     674.0000000  670.21053  0.56%     -  877s
     0     0  670.21053    0  572  674.00000  670.21053  0.56%     -  878s
     0     0  670.21053    0  555  674.00000  670.21053  0.56%     -  880s
     0     0  670.21053    0  468  674.00000  670.21053  0.56%     -  883s
     0     0  670.21053    0  214  674.00000  670.21053  0.56%     -  888s
     0     0  670.21053    0  220  674.00000  670.21053  0.56%     -  889s
     0     0  670.21053    0  184  674.00000  670.21053  0.56%     -  895s
     0     0  670.21053    0  344  674.00000  670.21053  0.56%     -  897s
     0     0  670.22000    0  244  674.00000  670.22000  0.56%     -  902s
     0     0  670.22000    0  254  674.00000  670.22000  0.56%     -  903s
     0     0  670.22000    0  623  674.00000  670.22000  0.56%     -  905s
[32m2025-01-07 03:48:04,713 - INFO - d_prime: 3 d: 3[0m
[32m2025-01-07 03:48:04,714 - INFO - d_prime: 4 d: 3[0m
[32m2025-01-07 03:48:04,715 - INFO - d_prime: 5 d: 3[0m
[32m2025-01-07 03:48:04,715 - INFO - d_prime: 6 d: 3[0m
[32m2025-01-07 03:48:04,716 - INFO - d_prime: 7 d: 3[0m
[32m2025-01-07 03:48:04,717 - INFO - d_prime: 8 d: 3[0m
[32m2025-01-07 03:48:04,717 - INFO - d_prime: 9 d: 3[0m
[32m2025-01-07 03:48:04,718 - INFO - d_prime: 10 d: 3[0m
[32m2025-01-07 03:48:04,719 - INFO - d_prime: 11 d: 3[0m
[32m2025-01-07 03:48:04,720 - INFO - d_prime: 12 d: 3[0m
[32m2025-01-07 03:48:04,721 - INFO - d_prime: 13 d: 3[0m
[32m2025-01-07 03:48:04,721 - INFO - forbidden_vars: ([{3:1},{1:1,3:1},{1:1,3:2,4:1},{3:4},{3:1,4:2,7:1},{3:1,4:1,7:2}])[0m
[32m2025-01-07 03:48:04,721 - INFO - False[0m
[32m2025-01-07 04:00:21,770 - INFO - d_prime: 9 d: 12[0m
[32m2025-01-07 04:00:21,776 - INFO - d_prime: 10 d: 12[0m
[32m2025-01-07 04:00:21,779 - INFO - d_prime: 11 d: 12[0m
[32m2025-01-07 04:00:21,782 - INFO - d_prime: 12 d: 12[0m
[32m2025-01-07 04:00:21,785 - INFO - d_prime: 13 d: 12[0m
[32m2025-01-07 04:00:21,786 - INFO - forbidden_vars: ([{5:1},{0:2},{0:1,5:1},{0:2},{5:2},{0:2,5:1},{0:1,1:1,5:1},{0:1,1:1,4:1},{0:2,5:1},{1:1,3:2},{0:3,5:1},{0:3,4:1},{0:2,3:1,5:1},{0:1,1:1,3:1,5:1},{0:2,5:2},{0:3,4:1},{3:1,4:1,5:2},{4:1,5:3},{0:2,3:3},{1:1,3:1,5:2,7:1}])[0m
[32m2025-01-07 04:00:21,786 - INFO - False[0m
[32m2025-01-07 04:00:36,678 - INFO - Number of cuts added: 5 (bad=0, good=5)[0m
[32m2025-01-07 04:00:36,678 - INFO - Unnecessary comps: (0 / 5)[0m
[32m2025-01-07 04:00:36,679 - INFO - Calls to is_day_infeasible: cp_solver=56/ total=70 stored=14[0m
[32m2025-01-07 04:00:36,679 - INFO - Is feasible: 1598.7583854198456 0.9998419661081339[0m
[32m2025-01-07 04:00:36,679 - INFO - Subsolver: Solve Model: 1597.1062200069427/0.9989801922524097[0m
[32m2025-01-07 04:00:36,679 - INFO - Subsolver: Create Model: 1.630403995513916/0.0010198077475902063[0m
[32m2025-01-07 04:00:36,679 - INFO - Num_constraints-added: 37[0m
     0     0  670.22000    0  623  674.00000  670.22000  0.56%     - 1674s
[32m2025-01-07 04:11:03,147 - INFO - d_prime: 9 d: 12[0m
[32m2025-01-07 04:11:03,152 - INFO - d_prime: 10 d: 12[0m
[32m2025-01-07 04:11:03,155 - INFO - d_prime: 11 d: 12[0m
[32m2025-01-07 04:11:03,158 - INFO - d_prime: 12 d: 12[0m
[32m2025-01-07 04:11:03,161 - INFO - d_prime: 13 d: 12[0m
[32m2025-01-07 04:11:03,163 - INFO - forbidden_vars: ([{0:1},{4:1},{0:2},{0:2},{0:2},{5:2},{0:1,3:2},{0:1,1:1,4:1},{0:1,4:1,5:1},{1:2,5:1},{0:3,5:1},{0:1,4:1,5:2},{0:2,5:2},{0:2,3:1,5:1},{0:1,1:1,5:2},{0:2,1:1,4:1},{4:3,5:1},{0:3,4:1,5:1},{0:2,3:3},{3:1,5:4}])[0m
[32m2025-01-07 04:11:03,163 - INFO - False[0m
     0     0  670.22000    0  623  674.00000  670.22000  0.56%     - 2313s
[32m2025-01-07 04:11:37,171 - INFO - d_prime: 3 d: 3[0m
[32m2025-01-07 04:11:37,172 - INFO - d_prime: 4 d: 3[0m
[32m2025-01-07 04:11:37,173 - INFO - d_prime: 5 d: 3[0m
[32m2025-01-07 04:11:37,173 - INFO - d_prime: 6 d: 3[0m
[32m2025-01-07 04:11:37,174 - INFO - d_prime: 7 d: 3[0m
[32m2025-01-07 04:11:37,175 - INFO - d_prime: 8 d: 3[0m
[32m2025-01-07 04:11:37,176 - INFO - d_prime: 9 d: 3[0m
[32m2025-01-07 04:11:37,176 - INFO - d_prime: 10 d: 3[0m
[32m2025-01-07 04:11:37,177 - INFO - d_prime: 11 d: 3[0m
[32m2025-01-07 04:11:37,178 - INFO - d_prime: 12 d: 3[0m
[32m2025-01-07 04:11:37,179 - INFO - d_prime: 13 d: 3[0m
[32m2025-01-07 04:11:37,179 - INFO - forbidden_vars: ([{3:1},{1:1,3:1},{4:1,7:2},{1:1,3:2,4:1},{3:4},{3:3,4:1}])[0m
[32m2025-01-07 04:11:37,179 - INFO - False[0m
     0     0  670.22000    0  623  674.00000  670.22000  0.56%     - 2406s
[32m2025-01-07 04:13:12,542 - INFO - d_prime: 3 d: 3[0m
[32m2025-01-07 04:13:12,543 - INFO - d_prime: 4 d: 3[0m
[32m2025-01-07 04:13:12,544 - INFO - d_prime: 5 d: 3[0m
[32m2025-01-07 04:13:12,544 - INFO - d_prime: 6 d: 3[0m
[32m2025-01-07 04:13:12,545 - INFO - d_prime: 7 d: 3[0m
[32m2025-01-07 04:13:12,546 - INFO - d_prime: 8 d: 3[0m
[32m2025-01-07 04:13:12,546 - INFO - d_prime: 9 d: 3[0m
[32m2025-01-07 04:13:12,547 - INFO - d_prime: 10 d: 3[0m
[32m2025-01-07 04:13:12,548 - INFO - d_prime: 11 d: 3[0m
[32m2025-01-07 04:13:12,548 - INFO - d_prime: 12 d: 3[0m
[32m2025-01-07 04:13:12,549 - INFO - d_prime: 13 d: 3[0m
[32m2025-01-07 04:13:12,550 - INFO - forbidden_vars: ([{1:1,3:1},{3:2},{1:1,4:1,7:2},{3:4},{3:3,4:1},{4:2,7:2}])[0m
[32m2025-01-07 04:13:12,550 - INFO - False[0m
     0     0  670.22000    0  623  674.00000  670.22000  0.56%     - 2500s
H    0     0                     672.0000000  670.22000  0.26%     - 2580s
     0     0  670.22000    0  604  672.00000  670.22000  0.26%     - 2581s
     0     0  670.22000    0  299  672.00000  670.22000  0.26%     - 2590s
     0     0  670.22000    0  465  672.00000  670.22000  0.26%     - 2592s
     0     0  670.22000    0  223  672.00000  670.22000  0.26%     - 2596s
     0     0  670.22000    0  200  672.00000  670.22000  0.26%     - 2598s
[32m2025-01-07 04:17:04,542 - INFO - d_prime: 3 d: 3[0m
[32m2025-01-07 04:17:04,543 - INFO - d_prime: 4 d: 3[0m
[32m2025-01-07 04:17:04,544 - INFO - d_prime: 5 d: 3[0m
[32m2025-01-07 04:17:04,545 - INFO - d_prime: 6 d: 3[0m
[32m2025-01-07 04:17:04,546 - INFO - d_prime: 7 d: 3[0m
[32m2025-01-07 04:17:04,547 - INFO - d_prime: 8 d: 3[0m
[32m2025-01-07 04:17:04,548 - INFO - d_prime: 9 d: 3[0m
[32m2025-01-07 04:17:04,549 - INFO - d_prime: 10 d: 3[0m
[32m2025-01-07 04:17:04,550 - INFO - forbidden_vars: ([{3:1},{3:1,4:1},{0:2,3:1,4:1},{0:3,1:1},{1:1,3:1,4:2},{3:1,4:1,7:2},{0:1,3:3,5:1}])[0m
[32m2025-01-07 04:17:04,550 - INFO - False[0m
[32m2025-01-07 04:18:17,667 - INFO - Number of cuts added: 9 (bad=0, good=9)[0m
[32m2025-01-07 04:18:17,668 - INFO - Unnecessary comps: (0 / 9)[0m
[32m2025-01-07 04:18:17,668 - INFO - Calls to is_day_infeasible: cp_solver=124/ total=140 stored=16[0m
[32m2025-01-07 04:18:17,668 - INFO - Is feasible: 2630.756513118744 0.9998179822987735[0m
[32m2025-01-07 04:18:17,668 - INFO - Subsolver: Solve Model: 2627.077026128769/0.9986254363773286[0m
[32m2025-01-07 04:18:17,668 - INFO - Subsolver: Create Model: 3.6160550117492676/0.0013745636226714644[0m
[32m2025-01-07 04:18:17,668 - INFO - Num_constraints-added: 72[0m
     0     0  670.22000    0  200  672.00000  670.22000  0.26%     - 2735s
H    0     0                     671.0000000  670.22000  0.12%     - 2820s
     0     0  670.22000    0  200  671.00000  670.22000  0.12%     - 2820s

Cutting planes:
  Implied bound: 5
  Clique: 2
  MIR: 34
  StrongCG: 1
  Zero half: 21
  RLT: 52
  Relax-and-lift: 2
  Lazy constraints: 72

Explored 1 nodes (318991 simplex iterations) in 2820.81 seconds (146.90 work units)
Thread count was 1 (of 96 available processors)

Solution count 4: 671 672 674 678 

Optimal solution found (tolerance 1.00e-04)
Best objective 6.710000000000e+02, best bound 6.710000000000e+02, gap 0.0000%

User-callback calls 9575, time in user-callback 2714.97 sec
[34m2025-01-07 04:19:42,557 - DEBUG - Finished optimization[0m
[34m2025-01-07 04:19:42,557 - DEBUG - Subsolver stats:[0m
[32m2025-01-07 04:19:42,557 - INFO - Number of cuts added: 9 (bad=0, good=9)[0m
[32m2025-01-07 04:19:42,557 - INFO - Unnecessary comps: (0 / 9)[0m
[32m2025-01-07 04:19:42,557 - INFO - Calls to is_day_infeasible: cp_solver=136/ total=154 stored=18[0m
[32m2025-01-07 04:19:42,557 - INFO - Is feasible: 2714.369651079178 0.9998120002688912[0m
[32m2025-01-07 04:19:42,557 - INFO - Subsolver: Solve Model: 2710.285534143448/0.9985206987522464[0m
[32m2025-01-07 04:19:42,557 - INFO - Subsolver: Create Model: 4.015268564224243/0.0014793012477536684[0m
[32m2025-01-07 04:19:42,557 - INFO - Num_constraints-added: 72[0m
[32m2025-01-07 04:19:42,557 - INFO - Optimal solution found.[0m
[34m2025-01-07 04:19:42,557 - DEBUG - Sub Objectives:[0m
[34m2025-01-07 04:19:42,557 - DEBUG - (SOLVER):Minimize Delay: 3.0[0m
[34m2025-01-07 04:19:42,557 - DEBUG - (SOLVER):Minimize Missing Treatments: 668.0[0m
[32m2025-01-07 04:19:42,558 - INFO - All cuts [defaultdict(<class 'dict'>, {P(patient7): {T(music_therapy): 1}, P(patient20): {T(music_therapy): 1, T(bath): 1}, P(patient2): {T(bath): 1, T(knitting): 3}, P(patient3): {T(bath): 1, T(knitting): 1, T(physio): 2}, P(patient0): {T(knitting): 1}, P(patient1): {T(knitting): 4}, P(patient4): {T(knitting): 2, T(trust_exercise): 1, T(physio): 1}}), defaultdict(<class 'dict'>, {P(patient1): {T(music_therapy): 1, T(group_therapy): 1, T(knitting): 1, T(trust_exercise): 1, T(physio): 1}, P(patient3): {T(music_therapy): 1, T(group_therapy): 1, T(knitting): 1, T(physio): 1}, P(patient5): {T(music_therapy): 1}, P(patient11): {T(music_therapy): 2, T(knitting): 1, T(trust_exercise): 1}, P(patient13): {T(music_therapy): 2, T(knitting): 1, T(trust_exercise): 1}, P(patient15): {T(music_therapy): 2, T(massage): 1}, P(patient17): {T(music_therapy): 1, T(group_therapy): 1, T(knitting): 3}, P(patient18): {T(music_therapy): 1, T(trust_exercise): 2, T(massage): 1}, P(patient4): {T(bath): 3, T(massage): 1}, P(patient6): {T(bath): 1, T(group_therapy): 1}, P(patient12): {T(bath): 1, T(group_therapy): 1, T(knitting): 1, T(trust_exercise): 1}, P(patient14): {T(bath): 1, T(knitting): 1, T(trust_exercise): 1}, P(patient2): {T(group_therapy): 1, T(massage): 1, T(physio): 1}, P(patient7): {T(group_therapy): 1}, P(patient8): {T(group_therapy): 1, T(trust_exercise): 2}, P(patient10): {T(group_therapy): 1, T(knitting): 1}, P(patient16): {T(group_therapy): 1, T(knitting): 2, T(physio): 1}, P(patient9): {T(knitting): 1}, P(patient19): {T(knitting): 3, T(massage): 1}, P(patient0): {T(trust_exercise): 1, T(massage): 1}}), defaultdict(<class 'dict'>, {P(patient0): {T(music_therapy): 1, T(knitting): 1}, P(patient7): {T(music_therapy): 1, T(knitting): 1}, P(patient20): {T(music_therapy): 1, T(bath): 2}, P(patient2): {T(bath): 1, T(knitting): 3}, P(patient1): {T(knitting): 4}, P(patient3): {T(knitting): 3, T(physio): 2}, P(patient4): {T(knitting): 2, T(trust_exercise): 1, T(physio): 1}}), defaultdict(<class 'dict'>, {P(patient0): {T(bath): 1, T(knitting): 1}, P(patient4): {T(bath): 1, T(knitting): 2, T(trust_exercise): 1}, P(patient1): {T(knitting): 4}, P(patient2): {T(knitting): 1, T(trust_exercise): 2, T(physio): 1}, P(patient3): {T(knitting): 1, T(trust_exercise): 1, T(physio): 2}, P(patient7): {T(knitting): 1}}), defaultdict(<class 'dict'>, {P(patient0): {T(music_therapy): 2, T(massage): 1}, P(patient3): {T(music_therapy): 3, T(massage): 1}, P(patient4): {T(music_therapy): 3, T(trust_exercise): 1}, P(patient6): {T(music_therapy): 2}, P(patient8): {T(music_therapy): 1, T(bath): 1, T(massage): 1}, P(patient10): {T(music_therapy): 1, T(massage): 1}, P(patient12): {T(music_therapy): 2, T(knitting): 1, T(massage): 1}, P(patient13): {T(music_therapy): 2}, P(patient14): {T(music_therapy): 1, T(bath): 1, T(trust_exercise): 1}, P(patient15): {T(music_therapy): 2, T(massage): 1}, P(patient16): {T(music_therapy): 1, T(bath): 1, T(knitting): 1, T(massage): 1}, P(patient17): {T(music_therapy): 2, T(knitting): 3}, P(patient18): {T(music_therapy): 2, T(massage): 2}, P(patient19): {T(music_therapy): 3, T(trust_exercise): 1}, P(patient1): {T(bath): 1, T(knitting): 1, T(massage): 2, T(physio): 1}, P(patient9): {T(bath): 1, T(knitting): 2}, P(patient2): {T(knitting): 1, T(trust_exercise): 1, T(massage): 2}, P(patient11): {T(trust_exercise): 1, T(massage): 3}, P(patient5): {T(massage): 2}, P(patient7): {T(massage): 1}}), defaultdict(<class 'dict'>, {P(patient0): {T(music_therapy): 2}, P(patient3): {T(music_therapy): 3, T(trust_exercise): 1, T(massage): 1}, P(patient4): {T(music_therapy): 3, T(massage): 1}, P(patient6): {T(music_therapy): 2}, P(patient9): {T(music_therapy): 1, T(knitting): 2}, P(patient10): {T(music_therapy): 1}, P(patient11): {T(music_therapy): 1, T(trust_exercise): 1, T(massage): 2}, P(patient12): {T(music_therapy): 2, T(massage): 2}, P(patient13): {T(music_therapy): 2}, P(patient14): {T(music_therapy): 1, T(bath): 1, T(trust_exercise): 1}, P(patient15): {T(music_therapy): 1, T(trust_exercise): 1, T(massage): 1}, P(patient16): {T(music_therapy): 2, T(knitting): 1, T(massage): 1}, P(patient17): {T(music_therapy): 2, T(knitting): 3}, P(patient18): {T(music_therapy): 1, T(bath): 1, T(massage): 2}, P(patient19): {T(music_therapy): 2, T(bath): 1, T(trust_exercise): 1}, P(patient8): {T(bath): 2, T(massage): 1}, P(patient1): {T(knitting): 1, T(massage): 4}, P(patient2): {T(trust_exercise): 3, T(massage): 1}, P(patient7): {T(trust_exercise): 1}, P(patient5): {T(massage): 2}}), defaultdict(<class 'dict'>, {P(patient0): {T(bath): 1, T(knitting): 1}, P(patient2): {T(bath): 1, T(knitting): 2, T(trust_exercise): 1}, P(patient1): {T(knitting): 4}, P(patient4): {T(knitting): 3, T(trust_exercise): 1}, P(patient7): {T(knitting): 1}, P(patient3): {T(trust_exercise): 1, T(physio): 2}}), defaultdict(<class 'dict'>, {P(patient2): {T(bath): 1, T(trust_exercise): 1, T(physio): 2}, P(patient7): {T(bath): 1, T(knitting): 1}, P(patient0): {T(knitting): 2}, P(patient1): {T(knitting): 4}, P(patient4): {T(knitting): 3, T(trust_exercise): 1}, P(patient3): {T(trust_exercise): 2, T(physio): 2}}), defaultdict(<class 'dict'>, {P(patient1): {T(music_therapy): 1, T(knitting): 3, T(massage): 1}, P(patient4): {T(music_therapy): 2, T(knitting): 1, T(trust_exercise): 1}, P(patient20): {T(music_therapy): 3, T(bath): 1}, P(patient2): {T(bath): 1, T(knitting): 1, T(trust_exercise): 2}, P(patient0): {T(knitting): 1, T(trust_exercise): 1}, P(patient3): {T(knitting): 1, T(trust_exercise): 1, T(physio): 2}, P(patient7): {T(knitting): 1}})][0m
[32m2025-01-07 04:19:42,558 - INFO - All cuts ['([{0:1},{3:1},{0:1,1:1},{1:1,3:3},{1:1,3:1,7:2},{3:4},{3:2,4:1,7:1}])', '([{0:1},{2:1},{3:1},{1:1,2:1},{2:1,3:1},{4:1,5:1},{0:2,5:1},{1:1,3:1,4:1},{2:1,5:1,7:1},{2:1,4:2},{0:1,2:1,3:1,7:1},{0:2,3:1,4:1},{0:2,3:1,4:1},{0:1,4:2,5:1},{1:3,5:1},{1:1,2:1,3:1,4:1},{2:1,3:2,7:1},{3:3,5:1},{0:1,2:1,3:1,4:1,7:1},{0:1,2:1,3:3}])', '([{0:1,3:1},{0:1,3:1},{0:1,1:2},{1:1,3:3},{3:4},{3:2,4:1,7:1},{3:3,7:2}])', '([{3:1},{1:1,3:1},{1:1,3:2,4:1},{3:4},{3:1,4:2,7:1},{3:1,4:1,7:2}])', '([{5:1},{0:2},{0:1,5:1},{0:2},{5:2},{0:2,5:1},{0:1,1:1,5:1},{0:1,1:1,4:1},{0:2,5:1},{1:1,3:2},{0:3,5:1},{0:3,4:1},{0:2,3:1,5:1},{0:1,1:1,3:1,5:1},{0:2,5:2},{0:3,4:1},{3:1,4:1,5:2},{4:1,5:3},{0:2,3:3},{1:1,3:1,5:2,7:1}])', '([{0:1},{4:1},{0:2},{0:2},{0:2},{5:2},{0:1,3:2},{0:1,1:1,4:1},{0:1,4:1,5:1},{1:2,5:1},{0:3,5:1},{0:1,4:1,5:2},{0:2,5:2},{0:2,3:1,5:1},{0:1,1:1,5:2},{0:2,1:1,4:1},{4:3,5:1},{0:3,4:1,5:1},{0:2,3:3},{3:1,5:4}])', '([{3:1},{1:1,3:1},{4:1,7:2},{1:1,3:2,4:1},{3:4},{3:3,4:1}])', '([{1:1,3:1},{3:2},{1:1,4:1,7:2},{3:4},{3:3,4:1},{4:2,7:2}])', '([{3:1},{3:1,4:1},{0:2,3:1,4:1},{0:3,1:1},{1:1,3:1,4:2},{3:1,4:1,7:2},{0:1,3:3,5:1}])'][0m
[34m2025-01-07 04:20:47,294 - DEBUG - Patient 0 is admitted at day 0.[0m
[34m2025-01-07 04:20:47,294 - DEBUG - Patient 1 is admitted at day 1.[0m
[34m2025-01-07 04:20:47,294 - DEBUG - Patient 2 is admitted at day 2.[0m
[34m2025-01-07 04:20:47,294 - DEBUG - Patient 3 is admitted at day 2.[0m
[34m2025-01-07 04:20:47,294 - DEBUG - Patient 4 is admitted at day 3.[0m
[34m2025-01-07 04:20:47,294 - DEBUG - Patient 5 is admitted at day 4.[0m
[34m2025-01-07 04:20:47,294 - DEBUG - Patient 6 is admitted at day 5.[0m
[34m2025-01-07 04:20:47,294 - DEBUG - Patient 7 is admitted at day 2.[0m
[34m2025-01-07 04:20:47,294 - DEBUG - Patient 8 is admitted at day 7.[0m
[34m2025-01-07 04:20:47,294 - DEBUG - Patient 9 is admitted at day 9.[0m
[34m2025-01-07 04:20:47,294 - DEBUG - Patient 10 is admitted at day 8.[0m
[34m2025-01-07 04:20:47,294 - DEBUG - Patient 11 is admitted at day 7.[0m
[34m2025-01-07 04:20:47,294 - DEBUG - Patient 12 is admitted at day 7.[0m
[34m2025-01-07 04:20:47,295 - DEBUG - Patient 13 is admitted at day 8.[0m
[34m2025-01-07 04:20:47,295 - DEBUG - Patient 14 is admitted at day 7.[0m
[34m2025-01-07 04:20:47,295 - DEBUG - Patient 15 is admitted at day 7.[0m
[34m2025-01-07 04:20:47,295 - DEBUG - Patient 16 is admitted at day 7.[0m
[34m2025-01-07 04:20:47,295 - DEBUG - Patient 17 is admitted at day 7.[0m
[34m2025-01-07 04:20:47,295 - DEBUG - Patient 18 is admitted at day 7.[0m
[34m2025-01-07 04:20:47,295 - DEBUG - Patient 19 is admitted at day 7.[0m
[34m2025-01-07 04:20:47,295 - DEBUG - Patient 20 is admitted at day 3.[0m
[34m2025-01-07 04:20:47,295 - DEBUG - Patients [0] have treatment 5 starting at day 0, hour 8.0 using resources [6, 9, 7].[0m
[34m2025-01-07 04:20:47,295 - DEBUG - Patients [0] have treatment 5 starting at day 0, hour 8.5 using resources [6, 9, 7].[0m
[34m2025-01-07 04:20:47,295 - DEBUG - Patients [0] have treatment 5 starting at day 0, hour 9.0 using resources [6, 9, 7].[0m
[34m2025-01-07 04:20:47,295 - DEBUG - Patients [1] have treatment 1 starting at day 1, hour 13.0 using resources [5].[0m
[34m2025-01-07 04:20:47,295 - DEBUG - Patients [0, 1] have treatment 3 starting at day 1, hour 8.0 using resources [8, 3].[0m
[34m2025-01-07 04:20:47,295 - DEBUG - Patients [0] have treatment 4 starting at day 1, hour 13.0 using resources [0, 3].[0m
[34m2025-01-07 04:20:47,295 - DEBUG - Patients [1] have treatment 4 starting at day 1, hour 13.5 using resources [2, 3].[0m
[34m2025-01-07 04:20:47,295 - DEBUG - Patients [1] have treatment 7 starting at day 1, hour 10.0 using resources [7, 3, 9].[0m
[34m2025-01-07 04:20:47,295 - DEBUG - Patients [1] have treatment 7 starting at day 1, hour 11.0 using resources [7, 3, 9].[0m
[34m2025-01-07 04:20:47,295 - DEBUG - Patients [0, 1, 3, 7] have treatment 0 starting at day 2, hour 11.25 using resources [8, 6, 5].[0m
[34m2025-01-07 04:20:47,295 - DEBUG - Patients [1, 3, 7] have treatment 0 starting at day 2, hour 13.0 using resources [2, 6, 5].[0m
[34m2025-01-07 04:20:47,295 - DEBUG - Patients [0, 1] have treatment 0 starting at day 2, hour 13.75 using resources [0, 1, 5].[0m
[34m2025-01-07 04:20:47,295 - DEBUG - Patients [0, 1] have treatment 0 starting at day 2, hour 14.5 using resources [0, 1, 3].[0m
[34m2025-01-07 04:20:47,295 - DEBUG - Patients [3, 7] have treatment 3 starting at day 2, hour 14.0 using resources [8, 7].[0m
[34m2025-01-07 04:20:47,295 - DEBUG - Patients [2, 3] have treatment 7 starting at day 2, hour 8.0 using resources [7, 3, 9].[0m
[34m2025-01-07 04:20:47,295 - DEBUG - Patients [2, 3] have treatment 7 starting at day 2, hour 9.25 using resources [7, 3, 9].[0m
[34m2025-01-07 04:20:47,296 - DEBUG - Patients [1, 2] have treatment 7 starting at day 2, hour 10.25 using resources [7, 3, 9].[0m
[34m2025-01-07 04:20:47,296 - DEBUG - Patients [2] have treatment 7 starting at day 2, hour 13.0 using resources [7, 3, 9].[0m
[34m2025-01-07 04:20:47,296 - DEBUG - Patients [4, 20] have treatment 0 starting at day 3, hour 13.5 using resources [1, 2, 5].[0m
[34m2025-01-07 04:20:47,296 - DEBUG - Patients [20] have treatment 1 starting at day 3, hour 8.0 using resources [5].[0m
[34m2025-01-07 04:20:47,296 - DEBUG - Patients [3] have treatment 1 starting at day 3, hour 10.0 using resources [5].[0m
[34m2025-01-07 04:20:47,296 - DEBUG - Patients [2] have treatment 1 starting at day 3, hour 13.0 using resources [5].[0m
[34m2025-01-07 04:20:47,296 - DEBUG - Patients [1] have treatment 1 starting at day 3, hour 14.25 using resources [5].[0m
[34m2025-01-07 04:20:47,296 - DEBUG - Patients [1] have treatment 1 starting at day 3, hour 14.75 using resources [5].[0m
[34m2025-01-07 04:20:47,296 - DEBUG - Patients [0] have treatment 1 starting at day 3, hour 15.5 using resources [3].[0m
[34m2025-01-07 04:20:47,296 - DEBUG - Patients [0, 1, 2, 3, 4, 7] have treatment 3 starting at day 3, hour 8.0 using resources [2, 3].[0m
[34m2025-01-07 04:20:47,296 - DEBUG - Patients [1, 2, 4] have treatment 3 starting at day 3, hour 10.0 using resources [0, 3].[0m
[34m2025-01-07 04:20:47,296 - DEBUG - Patients [4] have treatment 4 starting at day 3, hour 13.0 using resources [0, 3].[0m
[34m2025-01-07 04:20:47,296 - DEBUG - Patients [2, 3] have treatment 7 starting at day 3, hour 13.5 using resources [7, 3, 9].[0m
[34m2025-01-07 04:20:47,296 - DEBUG - Patients [3] have treatment 7 starting at day 3, hour 14.5 using resources [7, 3, 9].[0m
[34m2025-01-07 04:20:47,296 - DEBUG - Patients [7, 20] have treatment 0 starting at day 4, hour 8.5 using resources [1, 2, 5].[0m
[34m2025-01-07 04:20:47,296 - DEBUG - Patients [5, 20] have treatment 0 starting at day 4, hour 9.25 using resources [0, 1, 5].[0m
[34m2025-01-07 04:20:47,296 - DEBUG - Patients [3, 20] have treatment 0 starting at day 4, hour 10.0 using resources [0, 1, 5].[0m
[34m2025-01-07 04:20:47,296 - DEBUG - Patients [20] have treatment 1 starting at day 4, hour 8.0 using resources [5].[0m
[34m2025-01-07 04:20:47,296 - DEBUG - Patients [7] have treatment 1 starting at day 4, hour 10.0 using resources [3].[0m
[34m2025-01-07 04:20:47,296 - DEBUG - Patients [0] have treatment 1 starting at day 4, hour 14.0 using resources [3].[0m
[34m2025-01-07 04:20:47,296 - DEBUG - Patients [0] have treatment 1 starting at day 4, hour 14.5 using resources [3].[0m
[34m2025-01-07 04:20:47,296 - DEBUG - Patients [1, 4] have treatment 3 starting at day 4, hour 13.0 using resources [2, 5].[0m
[34m2025-01-07 04:20:47,296 - DEBUG - Patients [2] have treatment 4 starting at day 4, hour 13.0 using resources [1, 3].[0m
[34m2025-01-07 04:20:47,296 - DEBUG - Patients [5] have treatment 4 starting at day 4, hour 13.5 using resources [0, 3].[0m
[34m2025-01-07 04:20:47,296 - DEBUG - Patients [3] have treatment 5 starting at day 4, hour 11.5 using resources [6, 9, 3].[0m
[34m2025-01-07 04:20:47,296 - DEBUG - Patients [3, 4] have treatment 7 starting at day 4, hour 8.0 using resources [7, 3, 9].[0m
[34m2025-01-07 04:20:47,297 - DEBUG - Patients [2, 4] have treatment 7 starting at day 4, hour 9.0 using resources [7, 3, 9].[0m
[34m2025-01-07 04:20:47,297 - DEBUG - Patients [2, 4] have treatment 7 starting at day 4, hour 10.5 using resources [7, 3, 9].[0m
[34m2025-01-07 04:20:47,297 - DEBUG - Patients [1] have treatment 7 starting at day 4, hour 15.0 using resources [7, 3, 6].[0m
[34m2025-01-07 04:20:47,297 - DEBUG - Patients [4] have treatment 1 starting at day 5, hour 8.0 using resources [5].[0m
[34m2025-01-07 04:20:47,297 - DEBUG - Patients [20] have treatment 1 starting at day 5, hour 10.0 using resources [3].[0m
[34m2025-01-07 04:20:47,297 - DEBUG - Patients [20] have treatment 1 starting at day 5, hour 15.5 using resources [3].[0m
[34m2025-01-07 04:20:47,297 - DEBUG - Patients [3, 5, 6] have treatment 3 starting at day 5, hour 9.0 using resources [8, 5].[0m
[34m2025-01-07 04:20:47,297 - DEBUG - Patients [2, 3] have treatment 3 starting at day 5, hour 13.0 using resources [0, 3].[0m
[34m2025-01-07 04:20:47,297 - DEBUG - Patients [2] have treatment 4 starting at day 5, hour 10.5 using resources [1, 3].[0m
[34m2025-01-07 04:20:47,297 - DEBUG - Patients [7] have treatment 4 starting at day 5, hour 11.0 using resources [0, 3].[0m
[34m2025-01-07 04:20:47,297 - DEBUG - Patients [4, 6] have treatment 5 starting at day 5, hour 11.5 using resources [6, 9, 3].[0m
[34m2025-01-07 04:20:47,297 - DEBUG - Patients [0, 1] have treatment 5 starting at day 5, hour 15.0 using resources [6, 9, 3].[0m
[34m2025-01-07 04:20:47,297 - DEBUG - Patients [1, 3] have treatment 7 starting at day 5, hour 8.0 using resources [7, 3, 9].[0m
[34m2025-01-07 04:20:47,297 - DEBUG - Patients [1] have treatment 7 starting at day 5, hour 9.0 using resources [7, 3, 9].[0m
[34m2025-01-07 04:20:47,297 - DEBUG - Patients [6, 20] have treatment 0 starting at day 6, hour 10.0 using resources [1, 2, 5].[0m
[34m2025-01-07 04:20:47,297 - DEBUG - Patients [5, 20] have treatment 0 starting at day 6, hour 10.75 using resources [0, 1, 5].[0m
[34m2025-01-07 04:20:47,297 - DEBUG - Patients [20] have treatment 1 starting at day 6, hour 8.0 using resources [5].[0m
[34m2025-01-07 04:20:47,297 - DEBUG - Patients [20] have treatment 1 starting at day 6, hour 8.5 using resources [5].[0m
[34m2025-01-07 04:20:47,297 - DEBUG - Patients [4] have treatment 1 starting at day 6, hour 9.0 using resources [5].[0m
[34m2025-01-07 04:20:47,297 - DEBUG - Patients [2] have treatment 1 starting at day 6, hour 9.5 using resources [5].[0m
[34m2025-01-07 04:20:47,297 - DEBUG - Patients [1] have treatment 1 starting at day 6, hour 10.0 using resources [3].[0m
[34m2025-01-07 04:20:47,297 - DEBUG - Patients [1] have treatment 1 starting at day 6, hour 10.5 using resources [3].[0m
[34m2025-01-07 04:20:47,297 - DEBUG - Patients [1] have treatment 1 starting at day 6, hour 14.0 using resources [3].[0m
[34m2025-01-07 04:20:47,297 - DEBUG - Patients [0] have treatment 1 starting at day 6, hour 15.5 using resources [3].[0m
[34m2025-01-07 04:20:47,297 - DEBUG - Patients [5, 6] have treatment 4 starting at day 6, hour 13.5 using resources [0, 3].[0m
[34m2025-01-07 04:20:47,297 - DEBUG - Patients [2, 4] have treatment 4 starting at day 6, hour 15.0 using resources [0, 3].[0m
[34m2025-01-07 04:20:47,298 - DEBUG - Patients [3, 7] have treatment 5 starting at day 6, hour 8.0 using resources [6, 9, 3].[0m
[34m2025-01-07 04:20:47,298 - DEBUG - Patients [1, 3] have treatment 5 starting at day 6, hour 8.5 using resources [6, 9, 3].[0m
[34m2025-01-07 04:20:47,298 - DEBUG - Patients [1, 3] have treatment 5 starting at day 6, hour 13.0 using resources [6, 9, 3].[0m
[34m2025-01-07 04:20:47,298 - DEBUG - Patients [0] have treatment 5 starting at day 6, hour 14.5 using resources [6, 9, 3].[0m
[34m2025-01-07 04:20:47,298 - DEBUG - Patients [3] have treatment 7 starting at day 6, hour 9.0 using resources [7, 3, 9].[0m
[34m2025-01-07 04:20:47,298 - DEBUG - Patients [4] have treatment 7 starting at day 6, hour 11.0 using resources [7, 3, 6].[0m
[34m2025-01-07 04:20:47,298 - DEBUG - Patients [14, 20] have treatment 0 starting at day 7, hour 8.75 using resources [2, 6, 5].[0m
[34m2025-01-07 04:20:47,298 - DEBUG - Patients [15] have treatment 1 starting at day 7, hour 9.5 using resources [5].[0m
[34m2025-01-07 04:20:47,298 - DEBUG - Patients [15] have treatment 1 starting at day 7, hour 10.0 using resources [5].[0m
[34m2025-01-07 04:20:47,298 - DEBUG - Patients [6] have treatment 1 starting at day 7, hour 10.5 using resources [5].[0m
[34m2025-01-07 04:20:47,298 - DEBUG - Patients [0] have treatment 1 starting at day 7, hour 11.25 using resources [3].[0m
[34m2025-01-07 04:20:47,298 - DEBUG - Patients [8, 11, 12, 14, 15, 16, 17, 18, 19, 20] have treatment 2 starting at day 7, hour 8.0 using resources [0, 3].[0m
[34m2025-01-07 04:20:47,298 - DEBUG - Patients [2, 3, 4, 11, 12, 16, 17, 18, 19, 20] have treatment 2 starting at day 7, hour 11.25 using resources [0, 5].[0m
[34m2025-01-07 04:20:47,298 - DEBUG - Patients [0, 1, 2, 4, 12, 16, 17, 18, 19, 20] have treatment 2 starting at day 7, hour 13.0 using resources [0, 3].[0m
[34m2025-01-07 04:20:47,298 - DEBUG - Patients [0, 1, 2, 3, 4, 5, 6, 7, 8, 19] have treatment 2 starting at day 7, hour 13.75 using resources [0, 3].[0m
[34m2025-01-07 04:20:47,298 - DEBUG - Patients [4, 8, 12, 16, 17, 18] have treatment 3 starting at day 7, hour 8.75 using resources [0, 3].[0m
[34m2025-01-07 04:20:47,298 - DEBUG - Patients [11, 17] have treatment 4 starting at day 7, hour 10.75 using resources [0, 3].[0m
[34m2025-01-07 04:20:47,298 - DEBUG - Patients [2] have treatment 4 starting at day 7, hour 15.5 using resources [0, 3].[0m
[34m2025-01-07 04:20:47,298 - DEBUG - Patients [11, 14] have treatment 5 starting at day 7, hour 14.5 using resources [6, 9, 3].[0m
[34m2025-01-07 04:20:47,298 - DEBUG - Patients [1, 3] have treatment 5 starting at day 7, hour 15.0 using resources [6, 9, 3].[0m
[34m2025-01-07 04:20:47,298 - DEBUG - Patients [1, 11, 15, 16, 18] have treatment 0 starting at day 8, hour 11.0 using resources [1, 2, 7].[0m
[34m2025-01-07 04:20:47,298 - DEBUG - Patients [1, 11] have treatment 0 starting at day 8, hour 13.0 using resources [1, 2, 4].[0m
[34m2025-01-07 04:20:47,298 - DEBUG - Patients [18] have treatment 1 starting at day 8, hour 8.0 using resources [7].[0m
[34m2025-01-07 04:20:47,298 - DEBUG - Patients [16] have treatment 1 starting at day 8, hour 8.75 using resources [4].[0m
[34m2025-01-07 04:20:47,298 - DEBUG - Patients [12] have treatment 1 starting at day 8, hour 9.25 using resources [4].[0m
[34m2025-01-07 04:20:47,299 - DEBUG - Patients [7] have treatment 1 starting at day 8, hour 9.5 using resources [5].[0m
[34m2025-01-07 04:20:47,299 - DEBUG - Patients [5] have treatment 1 starting at day 8, hour 10.25 using resources [5].[0m
[34m2025-01-07 04:20:47,299 - DEBUG - Patients [10] have treatment 1 starting at day 8, hour 10.75 using resources [5].[0m
[34m2025-01-07 04:20:47,299 - DEBUG - Patients [3] have treatment 1 starting at day 8, hour 11.5 using resources [5].[0m
[34m2025-01-07 04:20:47,299 - DEBUG - Patients [2] have treatment 1 starting at day 8, hour 11.5 using resources [3].[0m
[34m2025-01-07 04:20:47,299 - DEBUG - Patients [1, 3, 8, 11, 12, 13, 14, 15, 17, 20] have treatment 2 starting at day 8, hour 8.5 using resources [8, 5].[0m
[34m2025-01-07 04:20:47,299 - DEBUG - Patients [0, 1, 3, 4, 5, 13, 14, 15, 17, 18, 20] have treatment 2 starting at day 8, hour 15.0 using resources [0, 5].[0m
[34m2025-01-07 04:20:47,299 - DEBUG - Patients [2, 6, 19] have treatment 3 starting at day 8, hour 13.0 using resources [0, 5].[0m
[34m2025-01-07 04:20:47,299 - DEBUG - Patients [2, 13] have treatment 4 starting at day 8, hour 8.0 using resources [2, 4].[0m
[34m2025-01-07 04:20:47,299 - DEBUG - Patients [4, 16] have treatment 4 starting at day 8, hour 8.0 using resources [1, 5].[0m
[34m2025-01-07 04:20:47,299 - DEBUG - Patients [11, 12] have treatment 4 starting at day 8, hour 8.0 using resources [0, 3].[0m
[34m2025-01-07 04:20:47,299 - DEBUG - Patients [8, 10] have treatment 4 starting at day 8, hour 9.75 using resources [0, 3].[0m
[34m2025-01-07 04:20:47,299 - DEBUG - Patients [2, 3] have treatment 4 starting at day 8, hour 11.0 using resources [0, 3].[0m
[34m2025-01-07 04:20:47,299 - DEBUG - Patients [16] have treatment 4 starting at day 8, hour 14.0 using resources [2, 3].[0m
[34m2025-01-07 04:20:47,299 - DEBUG - Patients [13] have treatment 4 starting at day 8, hour 14.5 using resources [8, 3].[0m
[34m2025-01-07 04:20:47,299 - DEBUG - Patients [4, 17] have treatment 5 starting at day 8, hour 13.0 using resources [6, 9, 3].[0m
[34m2025-01-07 04:20:47,299 - DEBUG - Patients [17] have treatment 5 starting at day 8, hour 13.5 using resources [6, 9, 3].[0m
[34m2025-01-07 04:20:47,299 - DEBUG - Patients [0, 1, 3, 4, 12, 14, 19] have treatment 6 starting at day 8, hour 9.75 using resources [1, 7].[0m
[34m2025-01-07 04:20:47,299 - DEBUG - Patients [18, 19] have treatment 7 starting at day 8, hour 8.75 using resources [7, 3, 9].[0m
[34m2025-01-07 04:20:47,299 - DEBUG - Patients [8, 19] have treatment 7 starting at day 8, hour 15.0 using resources [7, 3, 9].[0m
[34m2025-01-07 04:20:47,299 - DEBUG - Patients [7, 11, 14, 15, 16] have treatment 0 starting at day 9, hour 13.5 using resources [1, 2, 5].[0m
[34m2025-01-07 04:20:47,299 - DEBUG - Patients [3, 4] have treatment 0 starting at day 9, hour 14.25 using resources [0, 1, 5].[0m
[34m2025-01-07 04:20:47,299 - DEBUG - Patients [17] have treatment 1 starting at day 9, hour 9.25 using resources [5].[0m
[34m2025-01-07 04:20:47,299 - DEBUG - Patients [17] have treatment 1 starting at day 9, hour 9.75 using resources [5].[0m
[34m2025-01-07 04:20:47,299 - DEBUG - Patients [17] have treatment 1 starting at day 9, hour 10.25 using resources [3].[0m
[34m2025-01-07 04:20:47,300 - DEBUG - Patients [15] have treatment 1 starting at day 9, hour 10.25 using resources [5].[0m
[34m2025-01-07 04:20:47,300 - DEBUG - Patients [13] have treatment 1 starting at day 9, hour 10.75 using resources [5].[0m
[34m2025-01-07 04:20:47,300 - DEBUG - Patients [12] have treatment 1 starting at day 9, hour 13.0 using resources [5].[0m
[34m2025-01-07 04:20:47,300 - DEBUG - Patients [5] have treatment 1 starting at day 9, hour 14.0 using resources [3].[0m
[34m2025-01-07 04:20:47,300 - DEBUG - Patients [0, 2, 3, 8, 9, 10, 12, 14, 16, 18] have treatment 2 starting at day 9, hour 11.25 using resources [2, 3].[0m
[34m2025-01-07 04:20:47,300 - DEBUG - Patients [18, 19] have treatment 4 starting at day 9, hour 9.25 using resources [1, 3].[0m
[34m2025-01-07 04:20:47,300 - DEBUG - Patients [15, 18] have treatment 4 starting at day 9, hour 10.75 using resources [0, 3].[0m
[34m2025-01-07 04:20:47,300 - DEBUG - Patients [9, 11] have treatment 4 starting at day 9, hour 13.0 using resources [0, 3].[0m
[34m2025-01-07 04:20:47,300 - DEBUG - Patients [1, 4] have treatment 4 starting at day 9, hour 13.5 using resources [0, 3].[0m
[34m2025-01-07 04:20:47,300 - DEBUG - Patients [0] have treatment 4 starting at day 9, hour 15.5 using resources [0, 3].[0m
[34m2025-01-07 04:20:47,300 - DEBUG - Patients [1, 2, 9, 10, 11, 17, 19] have treatment 6 starting at day 9, hour 8.0 using resources [0, 7].[0m
[34m2025-01-07 04:20:47,300 - DEBUG - Patients [0, 1, 2, 3, 4] have treatment 6 starting at day 9, hour 9.25 using resources [0, 7].[0m
[34m2025-01-07 04:20:47,300 - DEBUG - Patients [8] have treatment 7 starting at day 9, hour 14.5 using resources [7, 3, 9].[0m
[34m2025-01-07 04:20:47,300 - DEBUG - Patients [14] have treatment 1 starting at day 10, hour 8.0 using resources [7].[0m
[34m2025-01-07 04:20:47,300 - DEBUG - Patients [4] have treatment 1 starting at day 10, hour 8.0 using resources [4].[0m
[34m2025-01-07 04:20:47,300 - DEBUG - Patients [10] have treatment 1 starting at day 10, hour 9.5 using resources [5].[0m
[34m2025-01-07 04:20:47,300 - DEBUG - Patients [7] have treatment 1 starting at day 10, hour 9.5 using resources [7].[0m
[34m2025-01-07 04:20:47,300 - DEBUG - Patients [15] have treatment 1 starting at day 10, hour 9.5 using resources [4].[0m
[34m2025-01-07 04:20:47,300 - DEBUG - Patients [3] have treatment 1 starting at day 10, hour 10.0 using resources [3].[0m
[34m2025-01-07 04:20:47,300 - DEBUG - Patients [9] have treatment 1 starting at day 10, hour 10.25 using resources [5].[0m
[34m2025-01-07 04:20:47,300 - DEBUG - Patients [15] have treatment 1 starting at day 10, hour 11.25 using resources [5].[0m
[34m2025-01-07 04:20:47,300 - DEBUG - Patients [9] have treatment 1 starting at day 10, hour 15.25 using resources [3].[0m
[34m2025-01-07 04:20:47,300 - DEBUG - Patients [17, 18] have treatment 3 starting at day 10, hour 8.0 using resources [8, 3].[0m
[34m2025-01-07 04:20:47,300 - DEBUG - Patients [4, 5, 11, 12, 16] have treatment 3 starting at day 10, hour 10.0 using resources [8, 4].[0m
[34m2025-01-07 04:20:47,300 - DEBUG - Patients [1, 8, 13, 17, 18, 19] have treatment 3 starting at day 10, hour 10.0 using resources [1, 7].[0m
[34m2025-01-07 04:20:47,300 - DEBUG - Patients [2, 7, 10] have treatment 3 starting at day 10, hour 13.0 using resources [6, 5].[0m
[34m2025-01-07 04:20:47,301 - DEBUG - Patients [1, 5] have treatment 3 starting at day 10, hour 13.0 using resources [0, 4].[0m
[34m2025-01-07 04:20:47,301 - DEBUG - Patients [12, 17, 18] have treatment 3 starting at day 10, hour 13.0 using resources [1, 3].[0m
[34m2025-01-07 04:20:47,301 - DEBUG - Patients [0, 3] have treatment 3 starting at day 10, hour 13.0 using resources [8, 7].[0m
[34m2025-01-07 04:20:47,301 - DEBUG - Patients [3] have treatment 4 starting at day 10, hour 8.0 using resources [2, 5].[0m
[34m2025-01-07 04:20:47,301 - DEBUG - Patients [16] have treatment 4 starting at day 10, hour 8.5 using resources [0, 7].[0m
[34m2025-01-07 04:20:47,301 - DEBUG - Patients [13] have treatment 4 starting at day 10, hour 8.5 using resources [2, 5].[0m
[34m2025-01-07 04:20:47,301 - DEBUG - Patients [3] have treatment 4 starting at day 10, hour 9.0 using resources [2, 4].[0m
[34m2025-01-07 04:20:47,301 - DEBUG - Patients [1, 19] have treatment 5 starting at day 10, hour 8.5 using resources [6, 9, 4].[0m
[34m2025-01-07 04:20:47,301 - DEBUG - Patients [2, 6] have treatment 5 starting at day 10, hour 9.0 using resources [6, 9, 7].[0m
[34m2025-01-07 04:20:47,301 - DEBUG - Patients [6, 14, 16] have treatment 0 starting at day 11, hour 11.0 using resources [1, 2, 7].[0m
[34m2025-01-07 04:20:47,301 - DEBUG - Patients [9, 17] have treatment 0 starting at day 11, hour 13.0 using resources [8, 6, 7].[0m
[34m2025-01-07 04:20:47,301 - DEBUG - Patients [19] have treatment 1 starting at day 11, hour 9.0 using resources [4].[0m
[34m2025-01-07 04:20:47,301 - DEBUG - Patients [18] have treatment 1 starting at day 11, hour 9.5 using resources [4].[0m
[34m2025-01-07 04:20:47,301 - DEBUG - Patients [18] have treatment 1 starting at day 11, hour 11.0 using resources [5].[0m
[34m2025-01-07 04:20:47,301 - DEBUG - Patients [17] have treatment 1 starting at day 11, hour 11.5 using resources [5].[0m
[34m2025-01-07 04:20:47,301 - DEBUG - Patients [16] have treatment 1 starting at day 11, hour 13.0 using resources [5].[0m
[34m2025-01-07 04:20:47,301 - DEBUG - Patients [16] have treatment 1 starting at day 11, hour 13.5 using resources [5].[0m
[34m2025-01-07 04:20:47,301 - DEBUG - Patients [12] have treatment 1 starting at day 11, hour 14.0 using resources [5].[0m
[34m2025-01-07 04:20:47,301 - DEBUG - Patients [8] have treatment 1 starting at day 11, hour 14.5 using resources [5].[0m
[34m2025-01-07 04:20:47,301 - DEBUG - Patients [7] have treatment 1 starting at day 11, hour 15.0 using resources [5].[0m
[34m2025-01-07 04:20:47,301 - DEBUG - Patients [6] have treatment 1 starting at day 11, hour 15.5 using resources [5].[0m
[34m2025-01-07 04:20:47,301 - DEBUG - Patients [0] have treatment 1 starting at day 11, hour 15.5 using resources [3].[0m
[34m2025-01-07 04:20:47,301 - DEBUG - Patients [0, 1, 2, 3, 7, 9, 10, 12, 15, 16] have treatment 2 starting at day 11, hour 8.25 using resources [0, 5].[0m
[34m2025-01-07 04:20:47,301 - DEBUG - Patients [11, 14] have treatment 3 starting at day 11, hour 9.0 using resources [0, 5].[0m
[34m2025-01-07 04:20:47,301 - DEBUG - Patients [1, 14] have treatment 3 starting at day 11, hour 13.0 using resources [0, 3].[0m
[34m2025-01-07 04:20:47,301 - DEBUG - Patients [3, 4] have treatment 4 starting at day 11, hour 11.0 using resources [0, 3].[0m
[34m2025-01-07 04:20:47,302 - DEBUG - Patients [4] have treatment 4 starting at day 11, hour 11.5 using resources [0, 3].[0m
[34m2025-01-07 04:20:47,302 - DEBUG - Patients [2] have treatment 5 starting at day 11, hour 15.0 using resources [6, 9, 3].[0m
[34m2025-01-07 04:20:47,302 - DEBUG - Patients [5, 7, 10, 13, 15] have treatment 6 starting at day 11, hour 13.75 using resources [2, 7].[0m
[34m2025-01-07 04:20:47,302 - DEBUG - Patients [13, 19] have treatment 7 starting at day 11, hour 8.0 using resources [7, 3, 9].[0m
[34m2025-01-07 04:20:47,302 - DEBUG - Patients [4, 13] have treatment 7 starting at day 11, hour 9.0 using resources [7, 3, 9].[0m
[34m2025-01-07 04:20:47,302 - DEBUG - Patients [1, 4] have treatment 7 starting at day 11, hour 10.0 using resources [7, 3, 9].[0m
[34m2025-01-07 04:20:47,302 - DEBUG - Patients [15, 16, 17, 18, 19] have treatment 0 starting at day 12, hour 11.25 using resources [0, 3, 7].[0m
[34m2025-01-07 04:20:47,302 - DEBUG - Patients [9, 12, 13, 14] have treatment 0 starting at day 12, hour 11.25 using resources [8, 6, 4].[0m
[34m2025-01-07 04:20:47,302 - DEBUG - Patients [10, 11, 12, 13, 17] have treatment 0 starting at day 12, hour 13.0 using resources [0, 2, 4].[0m
[34m2025-01-07 04:20:47,302 - DEBUG - Patients [3, 4, 6, 8] have treatment 0 starting at day 12, hour 13.0 using resources [1, 8, 7].[0m
[34m2025-01-07 04:20:47,302 - DEBUG - Patients [3, 4, 6] have treatment 0 starting at day 12, hour 13.75 using resources [1, 8, 5].[0m
[34m2025-01-07 04:20:47,302 - DEBUG - Patients [0, 4, 19] have treatment 0 starting at day 12, hour 14.5 using resources [2, 8, 4].[0m
[34m2025-01-07 04:20:47,302 - DEBUG - Patients [0, 4] have treatment 0 starting at day 12, hour 15.25 using resources [2, 8, 4].[0m
[34m2025-01-07 04:20:47,302 - DEBUG - Patients [14] have treatment 1 starting at day 12, hour 10.0 using resources [3].[0m
[34m2025-01-07 04:20:47,302 - DEBUG - Patients [3] have treatment 1 starting at day 12, hour 10.0 using resources [4].[0m
[34m2025-01-07 04:20:47,302 - DEBUG - Patients [3] have treatment 1 starting at day 12, hour 10.5 using resources [4].[0m
[34m2025-01-07 04:20:47,302 - DEBUG - Patients [8] have treatment 1 starting at day 12, hour 10.5 using resources [3].[0m
[34m2025-01-07 04:20:47,302 - DEBUG - Patients [1, 11, 16, 17, 19] have treatment 3 starting at day 12, hour 9.25 using resources [8, 5].[0m
[34m2025-01-07 04:20:47,302 - DEBUG - Patients [9, 17] have treatment 3 starting at day 12, hour 14.0 using resources [0, 3].[0m
[34m2025-01-07 04:20:47,302 - DEBUG - Patients [14, 19] have treatment 4 starting at day 12, hour 8.0 using resources [1, 7].[0m
[34m2025-01-07 04:20:47,302 - DEBUG - Patients [7, 11] have treatment 4 starting at day 12, hour 8.0 using resources [8, 3].[0m
[34m2025-01-07 04:20:47,302 - DEBUG - Patients [3, 11] have treatment 4 starting at day 12, hour 8.5 using resources [0, 7].[0m
[34m2025-01-07 04:20:47,302 - DEBUG - Patients [2] have treatment 4 starting at day 12, hour 8.75 using resources [3, 5].[0m
[34m2025-01-07 04:20:47,302 - DEBUG - Patients [2] have treatment 4 starting at day 12, hour 9.25 using resources [0, 3].[0m
[34m2025-01-07 04:20:47,302 - DEBUG - Patients [2] have treatment 4 starting at day 12, hour 11.25 using resources [1, 5].[0m
[34m2025-01-07 04:20:47,302 - DEBUG - Patients [17, 18] have treatment 5 starting at day 12, hour 8.25 using resources [6, 9, 5].[0m
[34m2025-01-07 04:20:47,303 - DEBUG - Patients [5, 16] have treatment 5 starting at day 12, hour 8.75 using resources [6, 9, 4].[0m
[34m2025-01-07 04:20:47,303 - DEBUG - Patients [18] have treatment 5 starting at day 12, hour 9.25 using resources [6, 9, 4].[0m
[34m2025-01-07 04:20:47,303 - DEBUG - Patients [13, 18] have treatment 5 starting at day 12, hour 9.75 using resources [6, 9, 7].[0m
[34m2025-01-07 04:20:47,303 - DEBUG - Patients [13, 15] have treatment 5 starting at day 12, hour 10.25 using resources [6, 9, 7].[0m
[34m2025-01-07 04:20:47,303 - DEBUG - Patients [12, 15] have treatment 5 starting at day 12, hour 10.75 using resources [6, 9, 7].[0m
[34m2025-01-07 04:20:47,303 - DEBUG - Patients [5, 7] have treatment 5 starting at day 12, hour 13.0 using resources [6, 9, 5].[0m
[34m2025-01-07 04:20:47,303 - DEBUG - Patients [2] have treatment 5 starting at day 12, hour 13.5 using resources [6, 9, 3].[0m
[34m2025-01-07 04:20:47,303 - DEBUG - Patients [1, 8] have treatment 5 starting at day 12, hour 14.0 using resources [6, 9, 7].[0m
[34m2025-01-07 04:20:47,303 - DEBUG - Patients [1] have treatment 5 starting at day 12, hour 14.5 using resources [6, 9, 7].[0m
[34m2025-01-07 04:20:47,303 - DEBUG - Patients [1, 12] have treatment 5 starting at day 12, hour 15.0 using resources [6, 9, 7].[0m
[34m2025-01-07 04:20:47,303 - DEBUG - Patients [1, 16] have treatment 5 starting at day 12, hour 15.5 using resources [6, 9, 5].[0m
[34m2025-01-07 04:20:47,303 - DEBUG - Patients [0, 3, 11, 17] have treatment 0 starting at day 13, hour 8.5 using resources [0, 3, 7].[0m
[34m2025-01-07 04:20:47,303 - DEBUG - Patients [7, 12, 15, 18, 19] have treatment 0 starting at day 13, hour 9.25 using resources [1, 3, 4].[0m
[34m2025-01-07 04:20:47,303 - DEBUG - Patients [0, 1, 5, 11, 13] have treatment 0 starting at day 13, hour 9.25 using resources [0, 8, 7].[0m
[34m2025-01-07 04:20:47,303 - DEBUG - Patients [4] have treatment 1 starting at day 13, hour 10.0 using resources [3].[0m
[34m2025-01-07 04:20:47,303 - DEBUG - Patients [19] have treatment 1 starting at day 13, hour 10.5 using resources [3].[0m
[34m2025-01-07 04:20:47,303 - DEBUG - Patients [2] have treatment 1 starting at day 13, hour 10.5 using resources [4].[0m
[34m2025-01-07 04:20:47,303 - DEBUG - Patients [5] have treatment 1 starting at day 13, hour 11.0 using resources [3].[0m
[34m2025-01-07 04:20:47,303 - DEBUG - Patients [14] have treatment 1 starting at day 13, hour 13.0 using resources [5].[0m
[34m2025-01-07 04:20:47,303 - DEBUG - Patients [4] have treatment 1 starting at day 13, hour 13.5 using resources [4].[0m
[34m2025-01-07 04:20:47,303 - DEBUG - Patients [4] have treatment 1 starting at day 13, hour 14.0 using resources [4].[0m
[34m2025-01-07 04:20:47,303 - DEBUG - Patients [10] have treatment 1 starting at day 13, hour 14.5 using resources [4].[0m
[34m2025-01-07 04:20:47,303 - DEBUG - Patients [3] have treatment 1 starting at day 13, hour 14.5 using resources [3].[0m
[34m2025-01-07 04:20:47,303 - DEBUG - Patients [6] have treatment 1 starting at day 13, hour 15.0 using resources [4].[0m
[34m2025-01-07 04:20:47,303 - DEBUG - Patients [1, 2, 8, 9, 10, 12, 13, 14, 15, 19] have treatment 2 starting at day 13, hour 8.0 using resources [1, 5].[0m
[34m2025-01-07 04:20:47,303 - DEBUG - Patients [1, 16, 17] have treatment 3 starting at day 13, hour 10.0 using resources [8, 5].[0m
[34m2025-01-07 04:20:47,303 - DEBUG - Patients [3, 6, 8] have treatment 3 starting at day 13, hour 10.0 using resources [2, 7].[0m
[34m2025-01-07 04:20:47,304 - DEBUG - Patients [13, 14, 19] have treatment 3 starting at day 13, hour 13.5 using resources [1, 5].[0m
[34m2025-01-07 04:20:47,304 - DEBUG - Patients [17] have treatment 4 starting at day 13, hour 8.0 using resources [8, 3].[0m
[34m2025-01-07 04:20:47,304 - DEBUG - Patients [16, 18] have treatment 4 starting at day 13, hour 8.0 using resources [6, 4].[0m
[34m2025-01-07 04:20:47,304 - DEBUG - Patients [11, 18] have treatment 4 starting at day 13, hour 11.5 using resources [0, 3].[0m
[34m2025-01-07 04:20:47,304 - DEBUG - Patients [15, 18] have treatment 4 starting at day 13, hour 13.0 using resources [0, 3].[0m
[34m2025-01-07 04:20:47,304 - DEBUG - Patients [1, 3] have treatment 4 starting at day 13, hour 13.0 using resources [2, 7].[0m
[34m2025-01-07 04:20:47,304 - DEBUG - Patients [9, 16] have treatment 4 starting at day 13, hour 13.0 using resources [8, 4].[0m
[34m2025-01-07 04:20:47,304 - DEBUG - Patients [12, 13] have treatment 5 starting at day 13, hour 8.75 using resources [6, 9, 5].[0m
[34m2025-01-07 04:20:47,304 - DEBUG - Patients [3, 8] have treatment 5 starting at day 13, hour 9.25 using resources [6, 9, 5].[0m
[34m2025-01-07 04:20:47,304 - DEBUG - Patients [2, 12] have treatment 5 starting at day 13, hour 10.0 using resources [6, 9, 4].[0m
[34m2025-01-07 04:20:47,304 - DEBUG - Patients [1, 2, 4, 7, 11, 17] have treatment 6 starting at day 13, hour 14.5 using resources [0, 7].[0m
[34m2025-01-07 04:20:47,304 - DEBUG - Patients [9, 16] have treatment 7 starting at day 13, hour 13.5 using resources [7, 3, 9].[0m
[34m2025-01-07 04:20:47,318 - DEBUG - Checking solution value.[0m
[34m2025-01-07 04:20:47,318 - DEBUG - Solvers objective function value: 671.0[0m
[34m2025-01-07 04:20:47,319 - DEBUG - (VERIFIER):Treatment value: 0[0m
[34m2025-01-07 04:20:47,319 - DEBUG - (VERIFIER):Delay value: 3[0m
[34m2025-01-07 04:20:47,319 - DEBUG - (VERIFIER):Missing treatment value: 668[0m
[34m2025-01-07 04:20:47,320 - DEBUG - Correct objective function value: 671[0m
[34m2025-01-07 04:20:47,320 - DEBUG - Solution is valid.[0m
[34m2025-01-07 04:20:47,320 - DEBUG - All solvers accepted the solution.[0m
[32m2025-01-07 04:20:47,320 - INFO - Time to find solution: 2885.689s with value 671.000000[0m
[32m2025-01-07 04:20:47,320 - INFO - Total Time: 2890.81s[0m
