1.NAME: LBBDSolver
2.PARAMS: {'break_symmetry': True, 'add_constraints_to_symmetrc_days': False, 'subsolver_cls': 'CPSubSolver'}
3.INSTANCE: /home/wx350715/Kobra/rehabiliation-admission-scheduling/data/comp_study_002/instance_4_30.txt
4.REPETITION: 1
Current directory: /home/wx350715/Kobra/rehabiliation-admission-scheduling
[34m2025-01-07 03:09:16,174 - DEBUG - Solver: <class 'src.solvers.benders.LBBDSolver'>[0m
[34m2025-01-07 03:09:16,174 - DEBUG - Args: {'break_symmetry': True, 'add_constraints_to_symmetrc_days': False, 'subsolver_cls': 'CPSubSolver'}[0m
[34m2025-01-07 03:09:16,174 - DEBUG - File path /home/wx350715/Kobra/rehabiliation-admission-scheduling/data/comp_study_002/instance_4_30.txt[0m
[34m2025-01-07 03:09:16,175 - DEBUG - ADD INSTANCE DATA[0m
[34m2025-01-07 03:09:16,175 - DEBUG - ADD INSTANCE DATA[0m
[34m2025-01-07 03:09:16,175 - DEBUG - ADD INSTANCE DATA[0m
[34m2025-01-07 03:09:16,175 - DEBUG - ADD INSTANCE DATA[0m
[34m2025-01-07 03:09:16,175 - DEBUG - ADD INSTANCE DATA[0m
[34m2025-01-07 03:09:16,175 - DEBUG - ADD INSTANCE DATA[0m
[34m2025-01-07 03:09:16,175 - DEBUG - ADD INSTANCE DATA[0m
[34m2025-01-07 03:09:16,175 - DEBUG - ADD INSTANCE DATA[0m
[34m2025-01-07 03:09:16,175 - DEBUG - ADD INSTANCE DATA[0m
[34m2025-01-07 03:09:16,175 - DEBUG - ADD INSTANCE DATA[0m
[34m2025-01-07 03:09:16,175 - DEBUG - ADD INSTANCE DATA[0m
[34m2025-01-07 03:09:16,175 - DEBUG - ADD RESOURCE_GROUPS[0m
[34m2025-01-07 03:09:16,175 - DEBUG - ADD RESOURCE_GROUPS[0m
[34m2025-01-07 03:09:16,175 - DEBUG - ADD RESOURCE_GROUPS[0m
[34m2025-01-07 03:09:16,175 - DEBUG - ADD RESOURCE_GROUPS[0m
[34m2025-01-07 03:09:16,176 - DEBUG - ADD RESOURCES[0m
[34m2025-01-07 03:09:16,176 - DEBUG - ADD RESOURCES[0m
[34m2025-01-07 03:09:16,176 - DEBUG - ADD RESOURCES[0m
[34m2025-01-07 03:09:16,176 - DEBUG - ADD RESOURCES[0m
[34m2025-01-07 03:09:16,176 - DEBUG - ADD RESOURCES[0m
[34m2025-01-07 03:09:16,176 - DEBUG - ADD RESOURCES[0m
[34m2025-01-07 03:09:16,176 - DEBUG - ADD RESOURCES[0m
[34m2025-01-07 03:09:16,176 - DEBUG - ADD RESOURCES[0m
[34m2025-01-07 03:09:16,176 - DEBUG - ADD RESOURCES[0m
[34m2025-01-07 03:09:16,176 - DEBUG - ADD RESOURCES[0m
[34m2025-01-07 03:09:16,177 - DEBUG - ADD TREATMENTS[0m
[34m2025-01-07 03:09:16,177 - DEBUG - ADD TREATMENTS[0m
[34m2025-01-07 03:09:16,177 - DEBUG - ADD TREATMENTS[0m
[34m2025-01-07 03:09:16,177 - DEBUG - ADD TREATMENTS[0m
[34m2025-01-07 03:09:16,177 - DEBUG - ADD TREATMENTS[0m
[34m2025-01-07 03:09:16,177 - DEBUG - ADD TREATMENTS[0m
[34m2025-01-07 03:09:16,177 - DEBUG - ADD TREATMENTS[0m
[34m2025-01-07 03:09:16,177 - DEBUG - ADD TREATMENTS[0m
[34m2025-01-07 03:09:16,177 - DEBUG - ADD PATIENTS[0m
[34m2025-01-07 03:09:16,177 - DEBUG - ADD PATIENTS[0m
[34m2025-01-07 03:09:16,178 - DEBUG - ADD PATIENTS[0m
[34m2025-01-07 03:09:16,178 - DEBUG - ADD PATIENTS[0m
[34m2025-01-07 03:09:16,178 - DEBUG - ADD PATIENTS[0m
[34m2025-01-07 03:09:16,178 - DEBUG - ADD PATIENTS[0m
[34m2025-01-07 03:09:16,178 - DEBUG - ADD PATIENTS[0m
[34m2025-01-07 03:09:16,178 - DEBUG - ADD PATIENTS[0m
[34m2025-01-07 03:09:16,178 - DEBUG - ADD PATIENTS[0m
[34m2025-01-07 03:09:16,178 - DEBUG - ADD PATIENTS[0m
[34m2025-01-07 03:09:16,179 - DEBUG - ADD PATIENTS[0m
[34m2025-01-07 03:09:16,179 - DEBUG - ADD PATIENTS[0m
[34m2025-01-07 03:09:16,179 - DEBUG - ADD PATIENTS[0m
[34m2025-01-07 03:09:16,179 - DEBUG - ADD PATIENTS[0m
[34m2025-01-07 03:09:16,179 - DEBUG - ADD PATIENTS[0m
[34m2025-01-07 03:09:16,179 - DEBUG - ADD PATIENTS[0m
[34m2025-01-07 03:09:16,179 - DEBUG - ADD PATIENTS[0m
[34m2025-01-07 03:09:16,179 - DEBUG - ADD PATIENTS[0m
[34m2025-01-07 03:09:16,179 - DEBUG - ADD PATIENTS[0m
[34m2025-01-07 03:09:16,180 - DEBUG - ADD PATIENTS[0m
[34m2025-01-07 03:09:16,180 - DEBUG - ADD PATIENTS[0m
[34m2025-01-07 03:09:16,180 - DEBUG - ADD PATIENTS[0m
[34m2025-01-07 03:09:16,180 - DEBUG - ADD PATIENTS[0m
[34m2025-01-07 03:09:16,180 - DEBUG - ADD PATIENTS[0m
[34m2025-01-07 03:09:16,181 - DEBUG - ADD PATIENTS[0m
[34m2025-01-07 03:09:16,181 - DEBUG - ADD PATIENTS[0m
[34m2025-01-07 03:09:16,181 - DEBUG - ADD PATIENTS[0m
[34m2025-01-07 03:09:16,181 - DEBUG - ADD PATIENTS[0m
[34m2025-01-07 03:09:16,181 - DEBUG - ADD PATIENTS[0m
[34m2025-01-07 03:09:16,181 - DEBUG - ADD PATIENTS[0m
[34m2025-01-07 03:09:16,182 - DEBUG - Instance data:[0m
[34m2025-01-07 03:09:16,182 - DEBUG - Number of patients: 30[0m
[34m2025-01-07 03:09:16,182 - DEBUG - Number of beds: 40[0m
[34m2025-01-07 03:09:16,182 - DEBUG - Average number of treatments per patient: 26.5[0m
[34m2025-01-07 03:09:16,182 - DEBUG - Average number of treatment per stayed day: 2.2910662824207493[0m
[34m2025-01-07 03:09:16,182 - DEBUG - Number of treatments: 795[0m
[34m2025-01-07 03:09:16,182 - DEBUG - Number of resources: 10[0m
[34m2025-01-07 03:09:16,182 - DEBUG - Number of resource groups: 4[0m
[34m2025-01-07 03:09:16,182 - DEBUG - Number of resource hours needed per all treatment by RG(therapists): 22.441666666666695[0m
[34m2025-01-07 03:09:16,182 - DEBUG - Number of resource hours needed per all treatment by RG(rooms): 41.99166666666666[0m
[34m2025-01-07 03:09:16,182 - DEBUG - Number of resource hours needed per all treatment by RG(physiotherapist): 15.5[0m
[34m2025-01-07 03:09:16,182 - DEBUG - Number of resource hours needed per all treatment by RG(sport_room): 6.75[0m
[32m2025-01-07 03:09:16,182 - INFO - {'solver': 'LBBDSolver', 'args': {'break_symmetry': False, 'subsolver_cls': <class 'src.solvers.subsolvers.cp_subsolver.CPSubsolver'>, 'subsolver.store_results': True, 'subsolver.store_results_method': 'hash', 'use_helper_constraints': True, 'enforce_min_treatments_per_day': True, 'enforce_max_treatments_per_e_w': True, 'enforce_min_patients_per_treatment': True, 'log_to_console': True}}[0m
[34m2025-01-07 03:09:16,182 - DEBUG - Setting options: LBBDSolver[0m
[34m2025-01-07 03:09:16,182 - DEBUG -  ---- break_symmetry to False[0m
[34m2025-01-07 03:09:16,182 - DEBUG -  ---- subsolver_cls to <class 'src.solvers.subsolvers.cp_subsolver.CPSubsolver'>[0m
[34m2025-01-07 03:09:16,182 - DEBUG -  ---- use_helper_constraints to True[0m
[34m2025-01-07 03:09:16,182 - DEBUG -  ---- add_constraints_to_symmetric_days to True (default)[0m
[34m2025-01-07 03:09:16,182 - DEBUG - Setting options: Solver[0m
[34m2025-01-07 03:09:16,182 - DEBUG -  ---- number_of_threads to 1 (default)[0m
[34m2025-01-07 03:09:16,183 - DEBUG -  ---- treatment_value to 0 (default)[0m
[34m2025-01-07 03:09:16,183 - DEBUG -  ---- delay_value to 1 (default)[0m
[34m2025-01-07 03:09:16,183 - DEBUG -  ---- missing_treatment_value to 4 (default)[0m
[34m2025-01-07 03:09:16,183 - DEBUG -  ---- enforce_min_treatments_per_day to True[0m
[34m2025-01-07 03:09:16,183 - DEBUG -  ---- enforce_max_treatments_per_e_w to True[0m
[34m2025-01-07 03:09:16,183 - DEBUG -  ---- enforce_min_patients_per_treatment to True[0m
[34m2025-01-07 03:09:16,183 - DEBUG -  ---- log_to_console to True[0m
[34m2025-01-07 03:09:16,183 - DEBUG -  ---- log_to_file to True (default)[0m
[34m2025-01-07 03:09:16,202 - DEBUG - Setting options: CPSubsolver[0m
[34m2025-01-07 03:09:16,202 - DEBUG -  ---- estimated_needed_treatments to True (default)[0m
[34m2025-01-07 03:09:16,202 - DEBUG -  ---- add_patient_symmetry to False (default)[0m
[34m2025-01-07 03:09:16,202 - DEBUG - Setting Subsolver options: SubSolver[0m
[34m2025-01-07 03:09:16,202 - DEBUG -  ---- store_results to True[0m
[34m2025-01-07 03:09:16,203 - DEBUG -  ---- store_results_method to hash[0m
[34m2025-01-07 03:09:16,203 - DEBUG -  ---- enforce_min_patients_per_treatment to True[0m
[34m2025-01-07 03:09:16,203 - DEBUG -  ---- use_day_symmetry to True (default)[0m
[32m2025-01-07 03:09:16,218 - INFO - Create model: LBBDSolver[0m
Set parameter TSPort to value 50039
Set parameter TokenServer to value "license.itc.rwth-aachen.de"
Set parameter Threads to value 1
Set parameter LazyConstraints to value 1
[34m2025-01-07 03:09:16,773 - DEBUG - Variables created.[0m
[34m2025-01-07 03:09:18,590 - DEBUG - Constraint (not too many treatments) created.[0m
[34m2025-01-07 03:09:19,876 - DEBUG - Constraint (no_treatments_outside admittance) created.[0m
[34m2025-01-07 03:09:19,878 - DEBUG - Constraint (bed_usage) created.[0m
[34m2025-01-07 03:09:19,878 - DEBUG - Constraint (must be admitted) created.[0m
[34m2025-01-07 03:09:20,080 - DEBUG - Constraint (e_w_ub) created.[0m
[34m2025-01-07 03:09:20,145 - DEBUG - Constraint (day_ub) created.[0m
[34m2025-01-07 03:09:20,212 - DEBUG - Constraint (Day always) created.[0m
[34m2025-01-07 03:09:20,213 - DEBUG - Constraint (already_admitted) created.[0m
[32m2025-01-07 03:09:23,586 - INFO - Time to create model: 7.367[0m
[32m2025-01-07 03:09:23,586 - INFO - Solving model: LBBDSolver[0m
Gurobi Optimizer version 10.0.0 build v10.0.0rc2 (linux64)

CPU model: Intel(R) Xeon(R) Platinum 8468, instruction set [SSE2|AVX|AVX2|AVX512]
Thread count: 96 physical cores, 96 logical processors, using up to 1 threads

Optimize a model with 276321 rows, 115925 columns and 2219621 nonzeros
Model fingerprint: 0x2c579189
Variable types: 3 continuous, 115922 integer (115922 binary)
Coefficient statistics:
  Matrix range     [1e+00, 1e+01]
  Objective range  [1e+00, 1e+01]
  Bounds range     [1e+00, 1e+00]
  RHS range        [1e+00, 3e+03]
Presolve added 0 rows and 1978 columns
Presolve removed 176694 rows and 0 columns
Presolve time: 3.86s
Presolved: 99627 rows, 117903 columns, 1459548 nonzeros
Variable types: 1 continuous, 117902 integer (117014 binary)
Root relaxation presolved: 99171 rows, 117755 columns, 1381801 nonzeros


Root simplex log...

Iteration    Objective       Primal Inf.    Dual Inf.      Time
       0   -3.5484880e+03   3.147961e+03   0.000000e+00      6s
    6587    6.8400000e+02   0.000000e+00   0.000000e+00      7s
    6587    6.8400000e+02   0.000000e+00   0.000000e+00      7s

Use crossover to convert LP symmetric solution to basic solution...

Root crossover log...

       0 DPushes remaining with DInf 0.0000000e+00                 7s

   20609 PPushes remaining with PInf 0.0000000e+00                 7s
       0 PPushes remaining with PInf 0.0000000e+00                 7s

  Push phase complete: Pinf 0.0000000e+00, Dinf 9.0116110e-11      7s


Root simplex log...

Iteration    Objective       Primal Inf.    Dual Inf.      Time
   27207    6.8400000e+02   0.000000e+00   0.000000e+00      7s
   27207    6.8400000e+02   0.000000e+00   0.000000e+00      7s

Root relaxation: objective 6.840000e+02, 27207 iterations, 1.47 seconds (1.57 work units)

    Nodes    |    Current Node    |     Objective Bounds      |     Work
 Expl Unexpl |  Obj  Depth IntInf | Incumbent    BestBd   Gap | It/Node Time

     0     0  684.00000    0 3615          -  684.00000      -     -   21s
     0     0  684.00000    0 2485          -  684.00000      -     -   59s
     0     0  684.00000    0 2055          -  684.00000      -     -   76s
     0     0  684.00000    0  115          -  684.00000      -     -  126s
[32m2025-01-07 03:19:36,990 - INFO - d_prime: 2 d: 2[0m
[32m2025-01-07 03:19:36,994 - INFO - d_prime: 3 d: 2[0m
[32m2025-01-07 03:19:36,995 - INFO - d_prime: 4 d: 2[0m
[32m2025-01-07 03:19:36,996 - INFO - d_prime: 5 d: 2[0m
[32m2025-01-07 03:19:36,996 - INFO - d_prime: 6 d: 2[0m
[32m2025-01-07 03:19:36,997 - INFO - d_prime: 7 d: 2[0m
[32m2025-01-07 03:19:36,998 - INFO - d_prime: 8 d: 2[0m
[32m2025-01-07 03:19:37,000 - INFO - forbidden_vars: ([{0:1,2:1},{1:1,2:1},{0:1,2:1,6:1},{0:2,2:1},{0:2,2:1},{2:1,3:1,6:1},{0:3,2:1},{2:1,3:1,5:1,6:1},{0:1,2:1,3:2,6:1},{0:3,2:1,6:1}])[0m
[32m2025-01-07 03:19:37,000 - INFO - False[0m
[32m2025-01-07 03:24:02,026 - INFO - d_prime: 9 d: 10[0m
[32m2025-01-07 03:24:02,030 - INFO - d_prime: 10 d: 10[0m
[32m2025-01-07 03:24:02,032 - INFO - d_prime: 11 d: 10[0m
[32m2025-01-07 03:24:02,034 - INFO - d_prime: 12 d: 10[0m
[32m2025-01-07 03:24:02,036 - INFO - forbidden_vars: ([{0:1},{2:1},{4:1},{0:2},{0:1,7:1},{0:1,3:1},{0:1,2:1},{2:2},{2:2},{2:1,3:1},{2:1,4:1},{2:2},{2:2},{3:2},{7:2},{0:1,4:1,7:1},{0:1,2:1,5:1},{1:1,7:2},{1:1,3:2},{2:1,3:1,4:1},{2:2,4:1},{0:1,2:2,3:1},{2:2,3:3}])[0m
[32m2025-01-07 03:24:02,036 - INFO - False[0m
[32m2025-01-07 03:24:12,832 - INFO - d_prime: 9 d: 11[0m
[32m2025-01-07 03:24:12,835 - INFO - d_prime: 10 d: 11[0m
[32m2025-01-07 03:24:12,837 - INFO - d_prime: 11 d: 11[0m
[32m2025-01-07 03:24:12,839 - INFO - d_prime: 12 d: 11[0m
[32m2025-01-07 03:24:12,841 - INFO - forbidden_vars: ([{1:1},{1:1},{5:1},{6:1},{6:1},{1:1,4:1},{1:1,6:1},{1:2},{3:2},{3:2},{4:1,6:1},{4:1,7:1},{6:2},{6:2},{6:2},{1:3},{4:1,6:2},{6:3},{1:1,3:1,6:2},{3:2,6:2},{3:3,6:1},{1:4,3:1}])[0m
[32m2025-01-07 03:24:12,841 - INFO - False[0m
[32m2025-01-07 03:24:21,453 - INFO - d_prime: 9 d: 12[0m
[32m2025-01-07 03:24:21,456 - INFO - d_prime: 10 d: 12[0m
[32m2025-01-07 03:24:21,459 - INFO - d_prime: 11 d: 12[0m
[32m2025-01-07 03:24:21,461 - INFO - d_prime: 12 d: 12[0m
[32m2025-01-07 03:24:21,463 - INFO - forbidden_vars: ([{0:1},{0:1},{4:1},{5:1},{0:1,5:1},{0:1,4:1},{0:2},{1:2},{1:1,5:1},{5:2},{0:1,5:1,7:1},{0:1,4:1,5:1},{0:3},{0:2,1:1},{4:1,5:2},{5:1,7:2},{0:1,4:1,5:1,7:1},{0:1,4:1,5:2},{4:2,5:1,7:1},{4:1,5:3},{4:1,5:3},{1:2,5:2,7:1}])[0m
[32m2025-01-07 03:24:21,463 - INFO - False[0m
[32m2025-01-07 03:24:28,682 - INFO - d_prime: 9 d: 13[0m
[32m2025-01-07 03:24:28,685 - INFO - d_prime: 10 d: 13[0m
[32m2025-01-07 03:24:28,688 - INFO - d_prime: 11 d: 13[0m
[32m2025-01-07 03:24:28,691 - INFO - d_prime: 12 d: 13[0m
[32m2025-01-07 03:24:28,694 - INFO - d_prime: 13 d: 13[0m
[32m2025-01-07 03:24:28,695 - INFO - forbidden_vars: ([{1:1},{1:1},{3:1},{1:1,5:1},{3:1,5:1},{1:3},{1:2,3:1},{1:2,3:1},{3:2,4:1},{5:3},{1:3,4:1},{1:3,5:1},{1:3,5:1},{1:3,3:1},{3:1,5:3},{3:3,4:1},{3:3,5:1},{3:3,4:1},{3:2,4:1,5:1},{1:2,3:1,5:2},{3:4,5:1}])[0m
[32m2025-01-07 03:24:28,695 - INFO - False[0m
     0     0  684.00000    0  115          -  684.00000      -     -  904s
[32m2025-01-07 03:31:59,903 - INFO - d_prime: 2 d: 2[0m
[32m2025-01-07 03:31:59,906 - INFO - d_prime: 3 d: 2[0m
[32m2025-01-07 03:31:59,907 - INFO - d_prime: 4 d: 2[0m
[32m2025-01-07 03:31:59,908 - INFO - d_prime: 5 d: 2[0m
[32m2025-01-07 03:31:59,909 - INFO - d_prime: 6 d: 2[0m
[32m2025-01-07 03:31:59,910 - INFO - d_prime: 7 d: 2[0m
[32m2025-01-07 03:31:59,911 - INFO - d_prime: 8 d: 2[0m
[32m2025-01-07 03:31:59,913 - INFO - forbidden_vars: ([{0:1,2:1},{1:1,2:1},{0:1,2:1,6:1},{0:2,2:1},{0:2,2:1},{2:1,3:1,6:1},{2:1,3:1,6:1},{0:3,2:1},{0:1,2:1,3:2,6:1},{0:3,2:1,6:1}])[0m
[32m2025-01-07 03:31:59,913 - INFO - False[0m
[32m2025-01-07 03:35:20,664 - INFO - d_prime: 9 d: 10[0m
[32m2025-01-07 03:35:20,666 - INFO - d_prime: 10 d: 10[0m
[32m2025-01-07 03:35:20,668 - INFO - d_prime: 11 d: 10[0m
[32m2025-01-07 03:35:20,670 - INFO - d_prime: 12 d: 10[0m
[32m2025-01-07 03:35:20,672 - INFO - forbidden_vars: ([{0:1},{2:1},{4:1},{0:2},{0:1,7:1},{0:1,3:1},{0:1,2:1},{2:1,3:1},{2:2},{2:2},{2:1,3:1},{2:1,4:1},{2:2},{2:2},{3:2},{7:2},{0:1,4:1,7:1},{0:1,2:1,5:1},{1:1,7:2},{1:1,3:2},{2:2,4:1},{0:1,2:2,3:1},{2:2,3:3}])[0m
[32m2025-01-07 03:35:20,672 - INFO - False[0m
[32m2025-01-07 03:35:33,544 - INFO - d_prime: 9 d: 11[0m
[32m2025-01-07 03:35:33,548 - INFO - d_prime: 10 d: 11[0m
[32m2025-01-07 03:35:33,549 - INFO - d_prime: 11 d: 11[0m
[32m2025-01-07 03:35:33,551 - INFO - d_prime: 12 d: 11[0m
[32m2025-01-07 03:35:33,553 - INFO - forbidden_vars: ([{1:1},{1:1},{5:1},{6:1},{6:1},{1:1,4:1},{1:1,6:1},{1:2},{3:2},{3:2},{4:1,6:1},{4:1,7:1},{6:2},{6:2},{6:2},{6:2},{1:3},{6:3},{1:1,3:1,6:2},{3:2,6:2},{3:3,6:1},{1:4,3:1}])[0m
[32m2025-01-07 03:35:33,553 - INFO - False[0m
[32m2025-01-07 03:35:42,012 - INFO - d_prime: 9 d: 12[0m
[32m2025-01-07 03:35:42,015 - INFO - d_prime: 10 d: 12[0m
[32m2025-01-07 03:35:42,018 - INFO - d_prime: 11 d: 12[0m
[32m2025-01-07 03:35:42,021 - INFO - d_prime: 12 d: 12[0m
[32m2025-01-07 03:35:42,022 - INFO - forbidden_vars: ([{0:1},{0:1},{4:1},{5:1},{5:1},{0:1,5:1},{0:1,4:1},{0:2},{1:2},{1:1,5:1},{0:1,5:2},{0:1,4:1,5:1},{0:3},{0:2,1:1},{4:1,5:2},{0:1,4:1,5:1,7:1},{0:1,4:1,5:1,7:1},{4:2,5:1,7:1},{4:1,5:3},{4:1,5:3},{5:2,7:2},{1:2,5:2,7:1}])[0m
[32m2025-01-07 03:35:42,023 - INFO - False[0m
[32m2025-01-07 03:36:20,293 - INFO - d_prime: 9 d: 13[0m
[32m2025-01-07 03:36:20,297 - INFO - d_prime: 10 d: 13[0m
[32m2025-01-07 03:36:20,299 - INFO - d_prime: 11 d: 13[0m
[32m2025-01-07 03:36:20,302 - INFO - d_prime: 12 d: 13[0m
[32m2025-01-07 03:36:20,305 - INFO - d_prime: 13 d: 13[0m
[32m2025-01-07 03:36:20,306 - INFO - forbidden_vars: ([{1:1},{3:1},{1:1,5:1},{1:1,5:1},{3:1,5:1},{1:3},{1:2,3:1},{1:2,3:1},{3:2,4:1},{5:3},{1:3,4:1},{1:3,5:1},{1:3,5:1},{1:3,3:1},{3:1,5:3},{3:3,4:1},{3:4},{3:3,5:1},{3:3,4:1},{3:2,4:1,5:1},{1:2,3:1,5:2}])[0m
[32m2025-01-07 03:36:20,306 - INFO - False[0m
     0     0  684.00000    0  115          -  684.00000      -     - 1616s
[32m2025-01-07 03:40:00,768 - INFO - d_prime: 9 d: 10[0m
[32m2025-01-07 03:40:00,770 - INFO - d_prime: 10 d: 10[0m
[32m2025-01-07 03:40:00,771 - INFO - d_prime: 11 d: 10[0m
[32m2025-01-07 03:40:00,773 - INFO - d_prime: 12 d: 10[0m
[32m2025-01-07 03:40:00,775 - INFO - forbidden_vars: ([{0:1},{2:1},{4:1},{0:2},{0:1,7:1},{0:1,3:1},{0:1,2:1},{2:2},{2:2},{2:1,3:1},{2:1,4:1},{2:2},{2:2},{2:2},{3:2},{7:2},{0:1,4:1,7:1},{0:1,2:1,5:1},{1:1,7:2},{1:1,3:2},{2:1,3:1,4:1},{0:1,2:2,3:1},{2:2,3:3}])[0m
[32m2025-01-07 03:40:00,775 - INFO - False[0m
[32m2025-01-07 03:40:11,595 - INFO - d_prime: 9 d: 11[0m
[32m2025-01-07 03:40:11,597 - INFO - d_prime: 10 d: 11[0m
[32m2025-01-07 03:40:11,599 - INFO - d_prime: 11 d: 11[0m
[32m2025-01-07 03:40:11,600 - INFO - d_prime: 12 d: 11[0m
[32m2025-01-07 03:40:11,602 - INFO - forbidden_vars: ([{1:1},{1:1},{5:1},{6:1},{6:1},{6:1},{1:1,4:1},{1:2},{3:2},{3:2},{4:1,6:1},{4:1,7:1},{6:2},{6:2},{6:2},{1:3},{4:1,6:2},{6:3},{1:1,3:1,6:2},{3:2,6:2},{3:3,6:1},{1:4,3:1}])[0m
[32m2025-01-07 03:40:11,602 - INFO - False[0m
[32m2025-01-07 03:40:19,548 - INFO - d_prime: 9 d: 12[0m
[32m2025-01-07 03:40:19,551 - INFO - d_prime: 10 d: 12[0m
[32m2025-01-07 03:40:19,554 - INFO - d_prime: 11 d: 12[0m
[32m2025-01-07 03:40:19,556 - INFO - d_prime: 12 d: 12[0m
[32m2025-01-07 03:40:19,558 - INFO - forbidden_vars: ([{0:1},{0:1},{1:1},{4:1},{5:1},{0:1,5:1},{0:2},{1:2},{5:2},{7:2},{0:1,5:2},{0:3},{0:1,4:1,5:1},{0:2,1:1},{4:1,5:2},{0:1,4:1,5:2},{0:1,4:1,5:1,7:1},{0:1,4:1,5:1,7:1},{4:2,5:1,7:1},{4:1,5:3},{4:1,5:3},{1:2,5:2,7:1}])[0m
[32m2025-01-07 03:40:19,558 - INFO - False[0m
     0     0  684.00000    0  115          -  684.00000      -     - 1913s
[32m2025-01-07 03:45:01,783 - INFO - d_prime: 9 d: 10[0m
[32m2025-01-07 03:45:01,785 - INFO - d_prime: 10 d: 10[0m
[32m2025-01-07 03:45:01,787 - INFO - d_prime: 11 d: 10[0m
[32m2025-01-07 03:45:01,789 - INFO - d_prime: 12 d: 10[0m
[32m2025-01-07 03:45:01,792 - INFO - forbidden_vars: ([{0:1},{2:1},{4:1},{0:2},{0:1,7:1},{0:1,3:1},{0:1,2:1},{1:1,7:1},{2:2},{2:2},{2:1,3:1},{2:1,4:1},{2:2},{2:2},{3:2},{7:2},{0:1,4:1,7:1},{0:1,2:1,5:1},{1:1,3:2},{2:1,3:1,4:1},{2:2,4:1},{0:1,2:2,3:1},{2:2,3:3}])[0m
[32m2025-01-07 03:45:01,792 - INFO - False[0m
[32m2025-01-07 03:45:10,416 - INFO - d_prime: 9 d: 11[0m
[32m2025-01-07 03:45:10,418 - INFO - d_prime: 10 d: 11[0m
[32m2025-01-07 03:45:10,420 - INFO - d_prime: 11 d: 11[0m
[32m2025-01-07 03:45:10,422 - INFO - d_prime: 12 d: 11[0m
[32m2025-01-07 03:45:10,424 - INFO - forbidden_vars: ([{1:1},{1:1},{5:1},{6:1},{6:1},{1:1,4:1},{1:1,6:1},{1:2},{3:2},{3:2},{4:1,6:1},{4:1,7:1},{6:2},{6:2},{6:2},{1:3},{3:1,6:2},{4:1,6:2},{6:3},{3:2,6:2},{3:3,6:1},{1:4,3:1}])[0m
[32m2025-01-07 03:45:10,424 - INFO - False[0m
[32m2025-01-07 03:45:25,620 - INFO - d_prime: 9 d: 12[0m
[32m2025-01-07 03:45:25,623 - INFO - d_prime: 10 d: 12[0m
[32m2025-01-07 03:45:25,626 - INFO - d_prime: 11 d: 12[0m
[32m2025-01-07 03:45:25,628 - INFO - d_prime: 12 d: 12[0m
[32m2025-01-07 03:45:25,630 - INFO - forbidden_vars: ([{0:1},{0:1},{4:1},{5:1},{5:1},{0:1,5:1},{0:2},{1:2},{1:1,5:1},{0:1,5:2},{0:3},{0:1,4:1,5:1},{0:2,1:1},{4:1,5:2},{5:1,7:2},{0:1,4:1,5:2},{0:1,4:1,5:1,7:1},{0:1,4:1,5:2},{1:2,5:2},{4:2,5:1,7:1},{4:1,5:3},{4:1,5:3}])[0m
[32m2025-01-07 03:45:25,630 - INFO - False[0m
[32m2025-01-07 03:45:32,611 - INFO - d_prime: 9 d: 13[0m
[32m2025-01-07 03:45:32,614 - INFO - d_prime: 10 d: 13[0m
[32m2025-01-07 03:45:32,617 - INFO - d_prime: 11 d: 13[0m
[32m2025-01-07 03:45:32,620 - INFO - d_prime: 12 d: 13[0m
[32m2025-01-07 03:45:32,623 - INFO - d_prime: 13 d: 13[0m
[32m2025-01-07 03:45:32,624 - INFO - forbidden_vars: ([{1:1},{3:1},{1:1,5:1},{1:1,5:1},{3:1,5:1},{1:3},{1:2,3:1},{1:2,3:1},{3:2,4:1},{3:2,4:1},{5:3},{1:3,4:1},{1:3,5:1},{1:3,5:1},{1:3,3:1},{3:1,5:3},{3:3,4:1},{3:3,5:1},{3:3,4:1},{1:2,3:1,5:2},{3:4,5:1}])[0m
[32m2025-01-07 03:45:32,624 - INFO - False[0m
     0     0  684.00000    0  115          -  684.00000      -     - 2168s
[32m2025-01-07 03:49:58,553 - INFO - d_prime: 9 d: 10[0m
[32m2025-01-07 03:49:58,558 - INFO - d_prime: 10 d: 10[0m
[32m2025-01-07 03:49:58,560 - INFO - d_prime: 11 d: 10[0m
[32m2025-01-07 03:49:58,562 - INFO - d_prime: 12 d: 10[0m
[32m2025-01-07 03:49:58,564 - INFO - forbidden_vars: ([{0:1},{2:1},{4:1},{0:2},{0:1,7:1},{0:1,3:1},{0:1,2:1},{2:2},{2:2},{2:1,3:1},{2:1,4:1},{2:2},{2:2},{3:2},{7:2},{7:2},{0:1,4:1,7:1},{0:1,2:1,5:1},{1:1,3:2},{2:1,3:1,4:1},{2:2,4:1},{0:1,2:2,3:1},{2:2,3:3}])[0m
[32m2025-01-07 03:49:58,564 - INFO - False[0m
[32m2025-01-07 03:50:13,107 - INFO - d_prime: 9 d: 11[0m
[32m2025-01-07 03:50:13,109 - INFO - d_prime: 10 d: 11[0m
[32m2025-01-07 03:50:13,111 - INFO - d_prime: 11 d: 11[0m
[32m2025-01-07 03:50:13,112 - INFO - d_prime: 12 d: 11[0m
[32m2025-01-07 03:50:13,114 - INFO - forbidden_vars: ([{1:1},{1:1},{1:1},{5:1},{6:1},{6:1},{1:1,6:1},{1:2},{3:2},{3:2},{4:1,6:1},{4:1,7:1},{6:2},{6:2},{6:2},{1:3},{4:1,6:2},{6:3},{1:1,3:1,6:2},{3:2,6:2},{3:3,6:1},{1:4,3:1}])[0m
[32m2025-01-07 03:50:13,114 - INFO - False[0m
[32m2025-01-07 03:50:21,292 - INFO - d_prime: 9 d: 12[0m
[32m2025-01-07 03:50:21,296 - INFO - d_prime: 10 d: 12[0m
[32m2025-01-07 03:50:21,299 - INFO - d_prime: 11 d: 12[0m
[32m2025-01-07 03:50:21,301 - INFO - d_prime: 12 d: 12[0m
[32m2025-01-07 03:50:21,303 - INFO - forbidden_vars: ([{0:1},{0:1},{1:1},{4:1},{5:1},{0:1,5:1},{0:2},{1:2},{5:2},{7:2},{0:1,5:1,7:1},{0:3},{0:1,4:1,5:1},{0:2,1:1},{4:1,5:2},{0:1,4:1,5:2},{0:1,4:1,5:1,7:1},{0:1,4:1,5:2},{4:2,5:1,7:1},{4:1,5:3},{4:1,5:3},{1:2,5:2,7:1}])[0m
[32m2025-01-07 03:50:21,304 - INFO - False[0m
[32m2025-01-07 03:50:21,304 - INFO - Number of cuts added: 20 (bad=0, good=20)[0m
[32m2025-01-07 03:50:21,304 - INFO - Unnecessary comps: (0 / 20)[0m
[32m2025-01-07 03:50:21,304 - INFO - Calls to is_day_infeasible: cp_solver=32/ total=70 stored=38[0m
[32m2025-01-07 03:50:21,304 - INFO - Is feasible: 2329.2716257572174 0.9997930865668369[0m
[32m2025-01-07 03:50:21,304 - INFO - Subsolver: Solve Model: 2327.955802679062/0.999441408599644[0m
[32m2025-01-07 03:50:21,304 - INFO - Subsolver: Create Model: 1.301102876663208/0.0005585914003559795[0m
[32m2025-01-07 03:50:21,304 - INFO - Num_constraints-added: 89[0m
     0     0  684.00000    0  115          -  684.00000      -     - 2457s
[32m2025-01-07 03:59:01,911 - INFO - d_prime: 2 d: 2[0m
[32m2025-01-07 03:59:01,916 - INFO - d_prime: 3 d: 2[0m
[32m2025-01-07 03:59:01,917 - INFO - d_prime: 4 d: 2[0m
[32m2025-01-07 03:59:01,917 - INFO - d_prime: 5 d: 2[0m
[32m2025-01-07 03:59:01,918 - INFO - d_prime: 6 d: 2[0m
[32m2025-01-07 03:59:01,919 - INFO - d_prime: 7 d: 2[0m
[32m2025-01-07 03:59:01,920 - INFO - d_prime: 8 d: 2[0m
[32m2025-01-07 03:59:01,922 - INFO - forbidden_vars: ([{2:1},{0:1,2:1},{0:1,2:1,6:1},{0:2,2:1},{0:2,2:1},{2:1,3:1,6:1},{0:2,1:1,2:1},{2:1,3:1,5:1,6:1},{0:1,2:1,3:2,6:1},{0:3,2:1,6:1}])[0m
[32m2025-01-07 03:59:01,923 - INFO - False[0m
[32m2025-01-07 04:00:10,235 - INFO - d_prime: 9 d: 12[0m
[32m2025-01-07 04:00:10,238 - INFO - d_prime: 10 d: 12[0m
[32m2025-01-07 04:00:10,241 - INFO - d_prime: 11 d: 12[0m
[32m2025-01-07 04:00:10,244 - INFO - d_prime: 12 d: 12[0m
[32m2025-01-07 04:00:10,246 - INFO - forbidden_vars: ([{0:1},{0:1},{0:1},{4:1},{5:1},{0:1,5:1},{1:2},{1:1,5:1},{5:2},{5:2},{7:2},{0:1,5:2},{0:1,4:1,5:1},{4:1,5:2},{0:1,4:1,5:2},{0:1,5:3},{0:1,4:1,5:1,7:1},{0:3,1:1},{0:3,4:1},{1:2,5:2},{4:2,5:1,7:1},{4:1,5:3}])[0m
[32m2025-01-07 04:00:10,246 - INFO - False[0m
[32m2025-01-07 04:00:44,905 - INFO - d_prime: 9 d: 13[0m
[32m2025-01-07 04:00:44,908 - INFO - d_prime: 10 d: 13[0m
[32m2025-01-07 04:00:44,911 - INFO - d_prime: 11 d: 13[0m
[32m2025-01-07 04:00:44,914 - INFO - d_prime: 12 d: 13[0m
[32m2025-01-07 04:00:44,916 - INFO - d_prime: 13 d: 13[0m
[32m2025-01-07 04:00:44,918 - INFO - forbidden_vars: ([{1:1},{1:1},{3:1},{5:1},{1:1,4:1},{1:1,3:2},{1:2,4:1},{1:1,3:2},{1:3},{5:3},{1:4},{1:1,3:2,5:1},{1:1,3:2,5:1},{1:4},{1:4},{3:1,5:3},{3:3,4:1},{3:4},{3:3,5:1},{3:1,4:1,5:2},{3:2,5:2}])[0m
[32m2025-01-07 04:00:44,918 - INFO - False[0m
     0     0  684.00000    0  115          -  684.00000      -     - 3081s
[32m2025-01-07 04:09:10,944 - INFO - d_prime: 2 d: 2[0m
[32m2025-01-07 04:09:10,949 - INFO - d_prime: 3 d: 2[0m
[32m2025-01-07 04:09:10,950 - INFO - d_prime: 4 d: 2[0m
[32m2025-01-07 04:09:10,950 - INFO - d_prime: 5 d: 2[0m
[32m2025-01-07 04:09:10,951 - INFO - d_prime: 6 d: 2[0m
[32m2025-01-07 04:09:10,952 - INFO - d_prime: 7 d: 2[0m
[32m2025-01-07 04:09:10,953 - INFO - d_prime: 8 d: 2[0m
[32m2025-01-07 04:09:10,955 - INFO - forbidden_vars: ([{0:1,2:1},{1:1,2:1},{0:1,2:1,6:1},{0:2,2:1},{0:2,2:1},{2:1,3:1,6:1},{0:3,2:1},{2:1,3:1,5:1,6:1},{0:1,2:1,3:2,6:1},{0:3,2:1,6:1}])[0m
[32m2025-01-07 04:09:10,955 - INFO - True[0m
