1.NAME: LBBDSolver
2.PARAMS: {'break_symmetry': True, 'add_constraints_to_symmetrc_days': False, 'subsolver_cls': 'CPSubSolver2'}
3.INSTANCE: /home/wx350715/Kobra/rehabiliation-admission-scheduling/data/comp_study_002/instance_2_5.txt
4.REPETITION: 1
Current directory: /home/wx350715/Kobra/rehabiliation-admission-scheduling
[34m2025-01-07 04:26:36,917 - DEBUG - Solver: <class 'src.solvers.benders.LBBDSolver'>[0m
[34m2025-01-07 04:26:36,917 - DEBUG - Args: {'break_symmetry': True, 'add_constraints_to_symmetrc_days': False, 'subsolver_cls': 'CPSubSolver2'}[0m
[34m2025-01-07 04:26:36,917 - DEBUG - File path /home/wx350715/Kobra/rehabiliation-admission-scheduling/data/comp_study_002/instance_2_5.txt[0m
[34m2025-01-07 04:26:36,918 - DEBUG - ADD INSTANCE DATA[0m
[34m2025-01-07 04:26:36,918 - DEBUG - ADD INSTANCE DATA[0m
[34m2025-01-07 04:26:36,918 - DEBUG - ADD INSTANCE DATA[0m
[34m2025-01-07 04:26:36,918 - DEBUG - ADD INSTANCE DATA[0m
[34m2025-01-07 04:26:36,918 - DEBUG - ADD INSTANCE DATA[0m
[34m2025-01-07 04:26:36,918 - DEBUG - ADD INSTANCE DATA[0m
[34m2025-01-07 04:26:36,918 - DEBUG - ADD INSTANCE DATA[0m
[34m2025-01-07 04:26:36,918 - DEBUG - ADD INSTANCE DATA[0m
[34m2025-01-07 04:26:36,918 - DEBUG - ADD INSTANCE DATA[0m
[34m2025-01-07 04:26:36,918 - DEBUG - ADD INSTANCE DATA[0m
[34m2025-01-07 04:26:36,918 - DEBUG - ADD INSTANCE DATA[0m
[34m2025-01-07 04:26:36,918 - DEBUG - ADD RESOURCE_GROUPS[0m
[34m2025-01-07 04:26:36,918 - DEBUG - ADD RESOURCE_GROUPS[0m
[34m2025-01-07 04:26:36,918 - DEBUG - ADD RESOURCE_GROUPS[0m
[34m2025-01-07 04:26:36,918 - DEBUG - ADD RESOURCE_GROUPS[0m
[34m2025-01-07 04:26:36,918 - DEBUG - ADD RESOURCE_GROUPS[0m
[34m2025-01-07 04:26:36,918 - DEBUG - ADD RESOURCES[0m
[34m2025-01-07 04:26:36,919 - DEBUG - ADD RESOURCES[0m
[34m2025-01-07 04:26:36,919 - DEBUG - ADD RESOURCES[0m
[34m2025-01-07 04:26:36,919 - DEBUG - ADD RESOURCES[0m
[34m2025-01-07 04:26:36,919 - DEBUG - ADD RESOURCES[0m
[34m2025-01-07 04:26:36,919 - DEBUG - ADD RESOURCES[0m
[34m2025-01-07 04:26:36,919 - DEBUG - ADD RESOURCES[0m
[34m2025-01-07 04:26:36,919 - DEBUG - ADD RESOURCES[0m
[34m2025-01-07 04:26:36,919 - DEBUG - ADD RESOURCES[0m
[34m2025-01-07 04:26:36,919 - DEBUG - ADD RESOURCES[0m
[34m2025-01-07 04:26:36,919 - DEBUG - ADD TREATMENTS[0m
[34m2025-01-07 04:26:36,919 - DEBUG - ADD TREATMENTS[0m
[34m2025-01-07 04:26:36,920 - DEBUG - ADD TREATMENTS[0m
[34m2025-01-07 04:26:36,920 - DEBUG - ADD TREATMENTS[0m
[34m2025-01-07 04:26:36,920 - DEBUG - ADD TREATMENTS[0m
[34m2025-01-07 04:26:36,920 - DEBUG - ADD TREATMENTS[0m
[34m2025-01-07 04:26:36,920 - DEBUG - ADD TREATMENTS[0m
[34m2025-01-07 04:26:36,920 - DEBUG - ADD TREATMENTS[0m
[34m2025-01-07 04:26:36,920 - DEBUG - ADD TREATMENTS[0m
[34m2025-01-07 04:26:36,920 - DEBUG - ADD TREATMENTS[0m
[34m2025-01-07 04:26:36,920 - DEBUG - ADD PATIENTS[0m
[34m2025-01-07 04:26:36,920 - DEBUG - ADD PATIENTS[0m
[34m2025-01-07 04:26:36,921 - DEBUG - ADD PATIENTS[0m
[34m2025-01-07 04:26:36,921 - DEBUG - ADD PATIENTS[0m
[34m2025-01-07 04:26:36,921 - DEBUG - ADD PATIENTS[0m
[34m2025-01-07 04:26:36,921 - DEBUG - ADD PATIENTS[0m
[34m2025-01-07 04:26:36,921 - DEBUG - ADD PATIENTS[0m
[34m2025-01-07 04:26:36,921 - DEBUG - ADD PATIENTS[0m
[34m2025-01-07 04:26:36,921 - DEBUG - ADD PATIENTS[0m
[34m2025-01-07 04:26:36,921 - DEBUG - ADD PATIENTS[0m
[34m2025-01-07 04:26:36,921 - DEBUG - ADD PATIENTS[0m
[34m2025-01-07 04:26:36,922 - DEBUG - ADD PATIENTS[0m
[34m2025-01-07 04:26:36,922 - DEBUG - ADD PATIENTS[0m
[34m2025-01-07 04:26:36,922 - DEBUG - ADD PATIENTS[0m
[34m2025-01-07 04:26:36,922 - DEBUG - ADD PATIENTS[0m
[34m2025-01-07 04:26:36,922 - DEBUG - ADD PATIENTS[0m
[34m2025-01-07 04:26:36,922 - DEBUG - ADD PATIENTS[0m
[34m2025-01-07 04:26:36,922 - DEBUG - ADD PATIENTS[0m
[34m2025-01-07 04:26:36,922 - DEBUG - ADD PATIENTS[0m
[34m2025-01-07 04:26:36,922 - DEBUG - ADD PATIENTS[0m
[34m2025-01-07 04:26:36,923 - DEBUG - ADD PATIENTS[0m
[34m2025-01-07 04:26:36,924 - DEBUG - ADD PATIENTS[0m
[34m2025-01-07 04:26:36,924 - DEBUG - ADD PATIENTS[0m
[34m2025-01-07 04:26:36,924 - DEBUG - ADD PATIENTS[0m
[34m2025-01-07 04:26:36,924 - DEBUG - ADD PATIENTS[0m
[34m2025-01-07 04:26:36,924 - DEBUG - ADD PATIENTS[0m
[34m2025-01-07 04:26:36,924 - DEBUG - ADD PATIENTS[0m
[34m2025-01-07 04:26:36,924 - DEBUG - ADD PATIENTS[0m
[34m2025-01-07 04:26:36,924 - DEBUG - ADD PATIENTS[0m
[34m2025-01-07 04:26:36,924 - DEBUG - ADD PATIENTS[0m
[34m2025-01-07 04:26:36,924 - DEBUG - ADD PATIENTS[0m
[34m2025-01-07 04:26:36,925 - DEBUG - ADD PATIENTS[0m
[34m2025-01-07 04:26:36,925 - DEBUG - ADD PATIENTS[0m
[34m2025-01-07 04:26:36,925 - DEBUG - ADD PATIENTS[0m
[34m2025-01-07 04:26:36,925 - DEBUG - ADD PATIENTS[0m
[34m2025-01-07 04:26:36,925 - DEBUG - ADD PATIENTS[0m
[34m2025-01-07 04:26:36,925 - DEBUG - ADD PATIENTS[0m
[34m2025-01-07 04:26:36,925 - DEBUG - ADD PATIENTS[0m
[34m2025-01-07 04:26:36,925 - DEBUG - ADD PATIENTS[0m
[34m2025-01-07 04:26:36,925 - DEBUG - ADD PATIENTS[0m
[34m2025-01-07 04:26:36,926 - DEBUG - Instance data:[0m
[34m2025-01-07 04:26:36,926 - DEBUG - Number of patients: 40[0m
[34m2025-01-07 04:26:36,926 - DEBUG - Number of beds: 40[0m
[34m2025-01-07 04:26:36,926 - DEBUG - Average number of treatments per patient: 24.5[0m
[34m2025-01-07 04:26:36,926 - DEBUG - Average number of treatment per stayed day: 1.3611111111111112[0m
[34m2025-01-07 04:26:36,926 - DEBUG - Number of treatments: 980[0m
[34m2025-01-07 04:26:36,926 - DEBUG - Number of resources: 10[0m
[34m2025-01-07 04:26:36,926 - DEBUG - Number of resource groups: 5[0m
[34m2025-01-07 04:26:36,926 - DEBUG - Number of resource hours needed per all treatment by RG(rooms): 52.50000000000001[0m
[34m2025-01-07 04:26:36,926 - DEBUG - Number of resource hours needed per all treatment by RG(physiotherapist): 20.0[0m
[34m2025-01-07 04:26:36,926 - DEBUG - Number of resource hours needed per all treatment by RG(therapists): 24.374999999999986[0m
[34m2025-01-07 04:26:36,926 - DEBUG - Number of resource hours needed per all treatment by RG(sport_room): 11.875[0m
[34m2025-01-07 04:26:36,926 - DEBUG - Number of resource hours needed per all treatment by RG(language_therapist): 1.4999999999999998[0m
[32m2025-01-07 04:26:36,926 - INFO - {'solver': 'LBBDSolver', 'args': {'break_symmetry': False, 'subsolver_cls': <class 'src.solvers.subsolvers.cp_subsolver.CPSubsolver'>, 'subsolver.store_results': True, 'subsolver.store_results_method': 'hash', 'use_helper_constraints': True, 'enforce_min_treatments_per_day': True, 'enforce_max_treatments_per_e_w': True, 'enforce_min_patients_per_treatment': True, 'log_to_console': True}}[0m
[34m2025-01-07 04:26:36,926 - DEBUG - Setting options: LBBDSolver[0m
[34m2025-01-07 04:26:36,926 - DEBUG -  ---- break_symmetry to False[0m
[34m2025-01-07 04:26:36,926 - DEBUG -  ---- subsolver_cls to <class 'src.solvers.subsolvers.cp_subsolver.CPSubsolver'>[0m
[34m2025-01-07 04:26:36,926 - DEBUG -  ---- use_helper_constraints to True[0m
[34m2025-01-07 04:26:36,926 - DEBUG -  ---- add_constraints_to_symmetric_days to True (default)[0m
[34m2025-01-07 04:26:36,926 - DEBUG - Setting options: Solver[0m
[34m2025-01-07 04:26:36,927 - DEBUG -  ---- number_of_threads to 1 (default)[0m
[34m2025-01-07 04:26:36,927 - DEBUG -  ---- treatment_value to 0 (default)[0m
[34m2025-01-07 04:26:36,927 - DEBUG -  ---- delay_value to 1 (default)[0m
[34m2025-01-07 04:26:36,927 - DEBUG -  ---- missing_treatment_value to 4 (default)[0m
[34m2025-01-07 04:26:36,927 - DEBUG -  ---- enforce_min_treatments_per_day to True[0m
[34m2025-01-07 04:26:36,927 - DEBUG -  ---- enforce_max_treatments_per_e_w to True[0m
[34m2025-01-07 04:26:36,927 - DEBUG -  ---- enforce_min_patients_per_treatment to True[0m
[34m2025-01-07 04:26:36,927 - DEBUG -  ---- log_to_console to True[0m
[34m2025-01-07 04:26:36,927 - DEBUG -  ---- log_to_file to True (default)[0m
[34m2025-01-07 04:26:37,020 - DEBUG - Setting options: CPSubsolver[0m
[34m2025-01-07 04:26:37,021 - DEBUG -  ---- estimated_needed_treatments to True (default)[0m
[34m2025-01-07 04:26:37,021 - DEBUG -  ---- add_patient_symmetry to False (default)[0m
[34m2025-01-07 04:26:37,021 - DEBUG - Setting Subsolver options: SubSolver[0m
[34m2025-01-07 04:26:37,021 - DEBUG -  ---- store_results to True[0m
[34m2025-01-07 04:26:37,021 - DEBUG -  ---- store_results_method to hash[0m
[34m2025-01-07 04:26:37,021 - DEBUG -  ---- enforce_min_patients_per_treatment to True[0m
[34m2025-01-07 04:26:37,021 - DEBUG -  ---- use_day_symmetry to True (default)[0m
[32m2025-01-07 04:26:37,105 - INFO - Create model: LBBDSolver[0m
Set parameter TSPort to value 50039
Set parameter TokenServer to value "license.itc.rwth-aachen.de"
Set parameter Threads to value 1
Set parameter LazyConstraints to value 1
[34m2025-01-07 04:26:37,452 - DEBUG - Variables created.[0m
[34m2025-01-07 04:26:38,788 - DEBUG - Constraint (not too many treatments) created.[0m
[34m2025-01-07 04:26:39,744 - DEBUG - Constraint (no_treatments_outside admittance) created.[0m
[34m2025-01-07 04:26:39,746 - DEBUG - Constraint (bed_usage) created.[0m
[34m2025-01-07 04:26:39,747 - DEBUG - Constraint (must be admitted) created.[0m
[34m2025-01-07 04:26:39,882 - DEBUG - Constraint (e_w_ub) created.[0m
[34m2025-01-07 04:26:39,923 - DEBUG - Constraint (day_ub) created.[0m
[34m2025-01-07 04:26:39,966 - DEBUG - Constraint (Day always) created.[0m
[34m2025-01-07 04:26:39,966 - DEBUG - Constraint (already_admitted) created.[0m
[32m2025-01-07 04:26:42,211 - INFO - Time to create model: 5.105[0m
[32m2025-01-07 04:26:42,211 - INFO - Solving model: LBBDSolver[0m
Gurobi Optimizer version 10.0.0 build v10.0.0rc2 (linux64)

CPU model: Intel(R) Xeon(R) Platinum 8468, instruction set [SSE2|AVX|AVX2|AVX512]
Thread count: 96 physical cores, 96 logical processors, using up to 1 threads

Optimize a model with 207034 rows, 79978 columns and 1578128 nonzeros
Model fingerprint: 0x6d6ab7c1
Variable types: 3 continuous, 79975 integer (79975 binary)
Coefficient statistics:
  Matrix range     [1e+00, 2e+01]
  Objective range  [1e+00, 1e+01]
  Bounds range     [1e+00, 1e+00]
  RHS range        [1e+00, 4e+03]
Presolve added 0 rows and 643 columns
Presolve removed 96559 rows and 0 columns
Presolve time: 2.15s
Presolved: 110475 rows, 80621 columns, 1229609 nonzeros
Variable types: 1 continuous, 80620 integer (79958 binary)
Root relaxation presolved: 110236 rows, 80860 columns, 1180224 nonzeros


Use crossover to convert LP symmetric solution to basic solution...

Root relaxation: objective 1.300000e+03, 22585 iterations, 1.09 seconds (1.28 work units)
Total elapsed time = 10.46s
Total elapsed time = 15.01s

    Nodes    |    Current Node    |     Objective Bounds      |     Work
 Expl Unexpl |  Obj  Depth IntInf | Incumbent    BestBd   Gap | It/Node Time

     0     0 1300.00000    0   56          - 1300.00000      -     -   18s
H    0     0                    1312.0000000 1300.00000  0.91%     -   89s
H    0     0                    1308.0000000 1300.00000  0.61%     -  152s
H    0     0                    1304.0000000 1300.00000  0.31%     -  162s
     0     0 1300.00000    0   76 1304.00000 1300.00000  0.31%     -  163s
H    0     0                    1300.0000000 1300.00000  0.00%     -  228s
     0     0 1300.00000    0   76 1300.00000 1300.00000  0.00%     -  228s

Cutting planes:
  Cover: 1
  MIR: 8
  Zero half: 6
  RLT: 1

Explored 1 nodes (85483 simplex iterations) in 228.26 seconds (36.96 work units)
Thread count was 1 (of 96 available processors)

Solution count 4: 1300 1304 1308 1312 

Optimal solution found (tolerance 1.00e-04)
Best objective 1.300000000000e+03, best bound 1.300000000000e+03, gap 0.0000%

User-callback calls 1901, time in user-callback 206.64 sec
[34m2025-01-07 04:30:30,561 - DEBUG - Finished optimization[0m
[34m2025-01-07 04:30:30,561 - DEBUG - Subsolver stats:[0m
[32m2025-01-07 04:30:30,561 - INFO - Number of cuts added: 0 (bad=0, good=0)[0m
[32m2025-01-07 04:30:30,561 - INFO - Unnecessary comps: (0 / 0)[0m
[32m2025-01-07 04:30:30,561 - INFO - Calls to is_day_infeasible: cp_solver=36/ total=56 stored=20[0m
[32m2025-01-07 04:30:30,561 - INFO - Is feasible: 206.4793725013733 0.9992964159709328[0m
[32m2025-01-07 04:30:30,561 - INFO - Subsolver: Solve Model: 205.04601621627808/0.9931258086851713[0m
[32m2025-01-07 04:30:30,561 - INFO - Subsolver: Create Model: 1.4192819595336914/0.00687419131482874[0m
[32m2025-01-07 04:30:30,561 - INFO - Num_constraints-added: 0[0m
[32m2025-01-07 04:30:30,562 - INFO - Optimal solution found.[0m
[34m2025-01-07 04:30:30,562 - DEBUG - Sub Objectives:[0m
[34m2025-01-07 04:30:30,562 - DEBUG - (SOLVER):Minimize Delay: 0.0[0m
[34m2025-01-07 04:30:30,562 - DEBUG - (SOLVER):Minimize Missing Treatments: 1300.0[0m
[32m2025-01-07 04:30:30,562 - INFO - All cuts [][0m
[32m2025-01-07 04:30:30,562 - INFO - All cuts [][0m
[34m2025-01-07 04:31:30,563 - DEBUG - Patient 0 is admitted at day 0.[0m
[34m2025-01-07 04:31:30,565 - DEBUG - Patient 1 is admitted at day 1.[0m
[34m2025-01-07 04:31:30,565 - DEBUG - Patient 2 is admitted at day 2.[0m
[34m2025-01-07 04:31:30,565 - DEBUG - Patient 3 is admitted at day 2.[0m
[34m2025-01-07 04:31:30,565 - DEBUG - Patient 4 is admitted at day 3.[0m
[34m2025-01-07 04:31:30,565 - DEBUG - Patient 5 is admitted at day 4.[0m
[34m2025-01-07 04:31:30,565 - DEBUG - Patient 6 is admitted at day 5.[0m
[34m2025-01-07 04:31:30,565 - DEBUG - Patient 7 is admitted at day 2.[0m
[34m2025-01-07 04:31:30,565 - DEBUG - Patient 8 is admitted at day 7.[0m
[34m2025-01-07 04:31:30,565 - DEBUG - Patient 9 is admitted at day 9.[0m
[34m2025-01-07 04:31:30,565 - DEBUG - Patient 10 is admitted at day 1.[0m
[34m2025-01-07 04:31:30,565 - DEBUG - Patient 11 is admitted at day 2.[0m
[34m2025-01-07 04:31:30,565 - DEBUG - Patient 12 is admitted at day 3.[0m
[34m2025-01-07 04:31:30,565 - DEBUG - Patient 13 is admitted at day 8.[0m
[34m2025-01-07 04:31:30,565 - DEBUG - Patient 14 is admitted at day 6.[0m
[34m2025-01-07 04:31:30,565 - DEBUG - Patient 15 is admitted at day 11.[0m
[34m2025-01-07 04:31:30,565 - DEBUG - Patient 16 is admitted at day 4.[0m
[34m2025-01-07 04:31:30,565 - DEBUG - Patient 17 is admitted at day 5.[0m
[34m2025-01-07 04:31:30,565 - DEBUG - Patient 18 is admitted at day 0.[0m
[34m2025-01-07 04:31:30,565 - DEBUG - Patient 19 is admitted at day 0.[0m
[34m2025-01-07 04:31:30,565 - DEBUG - Patient 20 is admitted at day 3.[0m
[34m2025-01-07 04:31:30,565 - DEBUG - Patient 21 is admitted at day 4.[0m
[34m2025-01-07 04:31:30,565 - DEBUG - Patient 22 is admitted at day 7.[0m
[34m2025-01-07 04:31:30,565 - DEBUG - Patient 23 is admitted at day 7.[0m
[34m2025-01-07 04:31:30,565 - DEBUG - Patient 24 is admitted at day 6.[0m
[34m2025-01-07 04:31:30,565 - DEBUG - Patient 25 is admitted at day 1.[0m
[34m2025-01-07 04:31:30,566 - DEBUG - Patient 26 is admitted at day 5.[0m
[34m2025-01-07 04:31:30,566 - DEBUG - Patient 27 is admitted at day 2.[0m
[34m2025-01-07 04:31:30,566 - DEBUG - Patient 28 is admitted at day 4.[0m
[34m2025-01-07 04:31:30,566 - DEBUG - Patient 29 is admitted at day 1.[0m
[34m2025-01-07 04:31:30,566 - DEBUG - Patient 30 is admitted at day 8.[0m
[34m2025-01-07 04:31:30,566 - DEBUG - Patient 31 is admitted at day 7.[0m
[34m2025-01-07 04:31:30,566 - DEBUG - Patient 32 is admitted at day 5.[0m
[34m2025-01-07 04:31:30,566 - DEBUG - Patient 33 is admitted at day 4.[0m
[34m2025-01-07 04:31:30,566 - DEBUG - Patient 34 is admitted at day 4.[0m
[34m2025-01-07 04:31:30,566 - DEBUG - Patient 35 is admitted at day 3.[0m
[34m2025-01-07 04:31:30,566 - DEBUG - Patient 36 is admitted at day 10.[0m
[34m2025-01-07 04:31:30,566 - DEBUG - Patient 37 is admitted at day 7.[0m
[34m2025-01-07 04:31:30,566 - DEBUG - Patient 38 is admitted at day 1.[0m
[34m2025-01-07 04:31:30,566 - DEBUG - Patient 39 is admitted at day 3.[0m
[34m2025-01-07 04:31:30,566 - DEBUG - Patients [18, 19] have treatment 3 starting at day 0, hour 8.0 using resources [9, 8].[0m
[34m2025-01-07 04:31:30,566 - DEBUG - Patients [19] have treatment 4 starting at day 0, hour 11.500000000000025 using resources [0, 6].[0m
[34m2025-01-07 04:31:30,566 - DEBUG - Patients [0] have treatment 7 starting at day 0, hour 13.000000000000036 using resources [8, 6, 5].[0m
[34m2025-01-07 04:31:30,566 - DEBUG - Patients [0, 18] have treatment 9 starting at day 0, hour 10.000000000000014 using resources [2, 6].[0m
[34m2025-01-07 04:31:30,566 - DEBUG - Patients [10, 19] have treatment 3 starting at day 1, hour 8.0 using resources [9, 7].[0m
[34m2025-01-07 04:31:30,566 - DEBUG - Patients [18, 19] have treatment 4 starting at day 1, hour 10.000000000000014 using resources [2, 6].[0m
[34m2025-01-07 04:31:30,566 - DEBUG - Patients [10, 18] have treatment 4 starting at day 1, hour 10.500000000000018 using resources [0, 6].[0m
[34m2025-01-07 04:31:30,566 - DEBUG - Patients [0, 1, 25, 29, 38] have treatment 6 starting at day 1, hour 8.0 using resources [1, 8].[0m
[34m2025-01-07 04:31:30,566 - DEBUG - Patients [0, 1, 25, 29, 38] have treatment 6 starting at day 1, hour 9.250000000000009 using resources [0, 8].[0m
[34m2025-01-07 04:31:30,566 - DEBUG - Patients [10, 11, 18, 19, 38] have treatment 2 starting at day 2, hour 8.0 using resources [9, 6].[0m
[34m2025-01-07 04:31:30,566 - DEBUG - Patients [11, 38] have treatment 4 starting at day 2, hour 10.500000000000018 using resources [0, 6].[0m
[34m2025-01-07 04:31:30,566 - DEBUG - Patients [10] have treatment 4 starting at day 2, hour 11.000000000000021 using resources [0, 6].[0m
[34m2025-01-07 04:31:30,566 - DEBUG - Patients [0, 1, 2, 3, 7] have treatment 6 starting at day 2, hour 8.0 using resources [0, 8].[0m
[34m2025-01-07 04:31:30,566 - DEBUG - Patients [0, 1, 2, 3, 7] have treatment 6 starting at day 2, hour 9.250000000000009 using resources [0, 8].[0m
[34m2025-01-07 04:31:30,567 - DEBUG - Patients [25, 27, 29] have treatment 8 starting at day 2, hour 8.750000000000005 using resources [6, 9].[0m
[34m2025-01-07 04:31:30,567 - DEBUG - Patients [25, 27, 29] have treatment 8 starting at day 2, hour 9.50000000000001 using resources [6, 9].[0m
[34m2025-01-07 04:31:30,567 - DEBUG - Patients [35, 38] have treatment 0 starting at day 3, hour 10.75000000000002 using resources [2, 9, 7].[0m
[34m2025-01-07 04:31:30,567 - DEBUG - Patients [7] have treatment 1 starting at day 3, hour 8.0 using resources [8].[0m
[34m2025-01-07 04:31:30,567 - DEBUG - Patients [2] have treatment 1 starting at day 3, hour 10.250000000000016 using resources [7].[0m
[34m2025-01-07 04:31:30,567 - DEBUG - Patients [11, 12, 18, 19, 39] have treatment 2 starting at day 3, hour 9.50000000000001 using resources [2, 7].[0m
[34m2025-01-07 04:31:30,567 - DEBUG - Patients [35] have treatment 4 starting at day 3, hour 8.583333333333337 using resources [0, 7].[0m
[34m2025-01-07 04:31:30,567 - DEBUG - Patients [19, 38] have treatment 5 starting at day 3, hour 8.083333333333334 using resources [4, 7].[0m
[34m2025-01-07 04:31:30,567 - DEBUG - Patients [4, 12] have treatment 5 starting at day 3, hour 10.500000000000018 using resources [5, 6].[0m
[34m2025-01-07 04:31:30,567 - DEBUG - Patients [1, 3] have treatment 5 starting at day 3, hour 13.000000000000036 using resources [4, 6].[0m
[34m2025-01-07 04:31:30,567 - DEBUG - Patients [1] have treatment 7 starting at day 3, hour 9.50000000000001 using resources [8, 6, 5].[0m
[34m2025-01-07 04:31:30,567 - DEBUG - Patients [7] have treatment 7 starting at day 3, hour 11.000000000000021 using resources [8, 6, 4].[0m
[34m2025-01-07 04:31:30,567 - DEBUG - Patients [20, 25, 27, 29] have treatment 8 starting at day 3, hour 13.000000000000036 using resources [7, 9].[0m
[34m2025-01-07 04:31:30,567 - DEBUG - Patients [25, 29] have treatment 8 starting at day 3, hour 15.00000000000005 using resources [6, 9].[0m
[34m2025-01-07 04:31:30,567 - DEBUG - Patients [2, 3, 4, 10, 11, 18, 20, 27, 39] have treatment 9 starting at day 3, hour 8.0 using resources [1, 6].[0m
[34m2025-01-07 04:31:30,567 - DEBUG - Patients [0, 10] have treatment 9 starting at day 3, hour 13.500000000000039 using resources [0, 6].[0m
[34m2025-01-07 04:31:30,567 - DEBUG - Patients [35] have treatment 1 starting at day 4, hour 8.0 using resources [7].[0m
[34m2025-01-07 04:31:30,567 - DEBUG - Patients [11, 12, 16, 33, 34] have treatment 2 starting at day 4, hour 13.000000000000036 using resources [0, 6].[0m
[34m2025-01-07 04:31:30,567 - DEBUG - Patients [10, 11, 12, 16, 19] have treatment 2 starting at day 4, hour 13.75000000000004 using resources [0, 6].[0m
[34m2025-01-07 04:31:30,567 - DEBUG - Patients [18] have treatment 4 starting at day 4, hour 14.500000000000046 using resources [0, 6].[0m
[34m2025-01-07 04:31:30,568 - DEBUG - Patients [0, 1, 2, 3, 4, 5, 7, 20, 21, 25, 27, 28, 29, 33, 34, 35, 38, 39] have treatment 6 starting at day 4, hour 9.50000000000001 using resources [0, 8].[0m
[34m2025-01-07 04:31:30,568 - DEBUG - Patients [2, 3, 4, 5, 7, 27, 39] have treatment 6 starting at day 4, hour 10.75000000000002 using resources [0, 8].[0m
[34m2025-01-07 04:31:30,568 - DEBUG - Patients [20, 21, 28] have treatment 9 starting at day 4, hour 8.0 using resources [0, 6].[0m
[34m2025-01-07 04:31:30,568 - DEBUG - Patients [34] have treatment 1 starting at day 5, hour 12.000000000000028 using resources [7].[0m
[34m2025-01-07 04:31:30,568 - DEBUG - Patients [32] have treatment 1 starting at day 5, hour 12.500000000000032 using resources [7].[0m
[34m2025-01-07 04:31:30,568 - DEBUG - Patients [10, 12, 18, 29] have treatment 3 starting at day 5, hour 8.0 using resources [0, 7].[0m
[34m2025-01-07 04:31:30,568 - DEBUG - Patients [17, 39] have treatment 4 starting at day 5, hour 14.500000000000046 using resources [0, 7].[0m
[34m2025-01-07 04:31:30,568 - DEBUG - Patients [16, 17] have treatment 4 starting at day 5, hour 15.00000000000005 using resources [0, 7].[0m
[34m2025-01-07 04:31:30,568 - DEBUG - Patients [33, 35] have treatment 5 starting at day 5, hour 10.000000000000014 using resources [4, 7].[0m
[34m2025-01-07 04:31:30,568 - DEBUG - Patients [2, 7] have treatment 5 starting at day 5, hour 10.500000000000018 using resources [4, 7].[0m
[34m2025-01-07 04:31:30,568 - DEBUG - Patients [1] have treatment 5 starting at day 5, hour 15.500000000000053 using resources [4, 6].[0m
[34m2025-01-07 04:31:30,568 - DEBUG - Patients [0] have treatment 7 starting at day 5, hour 8.0 using resources [8, 6, 5].[0m
[34m2025-01-07 04:31:30,568 - DEBUG - Patients [6] have treatment 7 starting at day 5, hour 14.500000000000046 using resources [8, 6, 4].[0m
[34m2025-01-07 04:31:30,568 - DEBUG - Patients [20, 21, 25, 26, 27] have treatment 8 starting at day 5, hour 9.000000000000007 using resources [6, 9].[0m
[34m2025-01-07 04:31:30,568 - DEBUG - Patients [21] have treatment 8 starting at day 5, hour 9.750000000000012 using resources [6, 9].[0m
[34m2025-01-07 04:31:30,568 - DEBUG - Patients [3, 4, 5, 6, 11, 16, 18, 19, 26, 28, 32, 33, 34, 38] have treatment 9 starting at day 5, hour 10.500000000000018 using resources [0, 6].[0m
[34m2025-01-07 04:31:30,568 - DEBUG - Patients [0, 19] have treatment 9 starting at day 5, hour 13.000000000000036 using resources [0, 6].[0m
[34m2025-01-07 04:31:30,568 - DEBUG - Patients [10, 14, 17, 18, 38, 39] have treatment 2 starting at day 6, hour 9.50000000000001 using resources [1, 6].[0m
[34m2025-01-07 04:31:30,568 - DEBUG - Patients [10, 11, 14, 16, 38] have treatment 2 starting at day 6, hour 10.75000000000002 using resources [0, 6].[0m
[34m2025-01-07 04:31:30,568 - DEBUG - Patients [17, 19] have treatment 4 starting at day 6, hour 13.000000000000036 using resources [0, 6].[0m
[34m2025-01-07 04:31:30,568 - DEBUG - Patients [12] have treatment 4 starting at day 6, hour 13.500000000000039 using resources [0, 6].[0m
[34m2025-01-07 04:31:30,568 - DEBUG - Patients [18] have treatment 5 starting at day 6, hour 10.250000000000016 using resources [5, 6].[0m
[34m2025-01-07 04:31:30,569 - DEBUG - Patients [25] have treatment 5 starting at day 6, hour 11.500000000000025 using resources [4, 6].[0m
[34m2025-01-07 04:31:30,569 - DEBUG - Patients [0, 1, 2, 3, 4, 5, 6, 7, 20, 21, 24, 26, 28, 32, 33, 34, 35, 39] have treatment 6 starting at day 6, hour 8.0 using resources [0, 8].[0m
[34m2025-01-07 04:31:30,569 - DEBUG - Patients [0, 1, 4, 5, 6, 20, 21, 24, 26, 28, 32, 33, 35] have treatment 6 starting at day 6, hour 9.250000000000009 using resources [0, 8].[0m
[34m2025-01-07 04:31:30,569 - DEBUG - Patients [25, 27, 29] have treatment 8 starting at day 6, hour 8.0 using resources [6, 9].[0m
[34m2025-01-07 04:31:30,569 - DEBUG - Patients [29] have treatment 8 starting at day 6, hour 8.750000000000005 using resources [6, 9].[0m
[34m2025-01-07 04:31:30,569 - DEBUG - Patients [39] have treatment 1 starting at day 7, hour 9.333333333333343 using resources [7].[0m
[34m2025-01-07 04:31:30,569 - DEBUG - Patients [31] have treatment 1 starting at day 7, hour 10.33333333333335 using resources [7].[0m
[34m2025-01-07 04:31:30,569 - DEBUG - Patients [7] have treatment 1 starting at day 7, hour 10.833333333333353 using resources [7].[0m
[34m2025-01-07 04:31:30,569 - DEBUG - Patients [5] have treatment 1 starting at day 7, hour 11.333333333333357 using resources [7].[0m
[34m2025-01-07 04:31:30,569 - DEBUG - Patients [5] have treatment 1 starting at day 7, hour 11.83333333333336 using resources [7].[0m
[34m2025-01-07 04:31:30,569 - DEBUG - Patients [3] have treatment 1 starting at day 7, hour 11.83333333333336 using resources [8].[0m
[34m2025-01-07 04:31:30,569 - DEBUG - Patients [10, 11, 12, 17, 18, 19, 35, 37] have treatment 2 starting at day 7, hour 8.083333333333334 using resources [3, 7].[0m
[34m2025-01-07 04:31:30,569 - DEBUG - Patients [31, 38] have treatment 4 starting at day 7, hour 8.83333333333334 using resources [4, 7].[0m
[34m2025-01-07 04:31:30,569 - DEBUG - Patients [17, 19] have treatment 4 starting at day 7, hour 9.833333333333346 using resources [1, 7].[0m
[34m2025-01-07 04:31:30,569 - DEBUG - Patients [14, 16] have treatment 4 starting at day 7, hour 15.500000000000053 using resources [1, 8].[0m
[34m2025-01-07 04:31:30,569 - DEBUG - Patients [11, 12] have treatment 4 starting at day 7, hour 15.500000000000053 using resources [0, 7].[0m
[34m2025-01-07 04:31:30,569 - DEBUG - Patients [16, 22] have treatment 5 starting at day 7, hour 8.0 using resources [5, 6].[0m
[34m2025-01-07 04:31:30,569 - DEBUG - Patients [2, 6] have treatment 5 starting at day 7, hour 15.500000000000053 using resources [5, 6].[0m
[34m2025-01-07 04:31:30,569 - DEBUG - Patients [0, 1, 4, 7, 8, 22, 23, 26, 27] have treatment 6 starting at day 7, hour 9.250000000000009 using resources [0, 8].[0m
[34m2025-01-07 04:31:30,569 - DEBUG - Patients [8, 33] have treatment 7 starting at day 7, hour 10.75000000000002 using resources [8, 6, 5].[0m
[34m2025-01-07 04:31:30,569 - DEBUG - Patients [1, 3] have treatment 7 starting at day 7, hour 14.500000000000046 using resources [8, 6, 5].[0m
[34m2025-01-07 04:31:30,569 - DEBUG - Patients [25, 26, 27, 28, 29] have treatment 8 starting at day 7, hour 8.500000000000004 using resources [6, 9].[0m
[34m2025-01-07 04:31:30,569 - DEBUG - Patients [20, 21, 24, 28, 29] have treatment 8 starting at day 7, hour 9.250000000000009 using resources [6, 9].[0m
[34m2025-01-07 04:31:30,569 - DEBUG - Patients [24] have treatment 8 starting at day 7, hour 10.000000000000014 using resources [6, 9].[0m
[34m2025-01-07 04:31:30,569 - DEBUG - Patients [2, 10, 14, 23, 25, 32, 34, 37, 38] have treatment 9 starting at day 7, hour 13.000000000000036 using resources [0, 6].[0m
[34m2025-01-07 04:31:30,569 - DEBUG - Patients [32, 34, 35, 38, 39] have treatment 0 starting at day 8, hour 8.583333333333337 using resources [0, 3, 7].[0m
[34m2025-01-07 04:31:30,569 - DEBUG - Patients [0] have treatment 1 starting at day 8, hour 8.0 using resources [8].[0m
[34m2025-01-07 04:31:30,569 - DEBUG - Patients [39] have treatment 1 starting at day 8, hour 11.750000000000027 using resources [8].[0m
[34m2025-01-07 04:31:30,570 - DEBUG - Patients [4] have treatment 1 starting at day 8, hour 12.6666666666667 using resources [6].[0m
[34m2025-01-07 04:31:30,570 - DEBUG - Patients [37] have treatment 1 starting at day 8, hour 14.500000000000046 using resources [7].[0m
[34m2025-01-07 04:31:30,570 - DEBUG - Patients [30] have treatment 1 starting at day 8, hour 15.250000000000052 using resources [7].[0m
[34m2025-01-07 04:31:30,570 - DEBUG - Patients [10, 16, 18, 19, 25, 27] have treatment 3 starting at day 8, hour 8.0 using resources [1, 6].[0m
[34m2025-01-07 04:31:30,570 - DEBUG - Patients [11, 14] have treatment 4 starting at day 8, hour 10.000000000000014 using resources [2, 6].[0m
[34m2025-01-07 04:31:30,570 - DEBUG - Patients [13, 18] have treatment 4 starting at day 8, hour 10.500000000000018 using resources [9, 7].[0m
[34m2025-01-07 04:31:30,570 - DEBUG - Patients [12, 14] have treatment 4 starting at day 8, hour 10.500000000000018 using resources [0, 6].[0m
[34m2025-01-07 04:31:30,570 - DEBUG - Patients [5, 24] have treatment 5 starting at day 8, hour 8.0 using resources [5, 7].[0m
[34m2025-01-07 04:31:30,570 - DEBUG - Patients [20, 37] have treatment 5 starting at day 8, hour 8.500000000000004 using resources [5, 8].[0m
[34m2025-01-07 04:31:30,570 - DEBUG - Patients [28, 29] have treatment 5 starting at day 8, hour 9.000000000000007 using resources [5, 8].[0m
[34m2025-01-07 04:31:30,570 - DEBUG - Patients [10, 11] have treatment 5 starting at day 8, hour 11.500000000000025 using resources [5, 6].[0m
[34m2025-01-07 04:31:30,570 - DEBUG - Patients [12, 27] have treatment 5 starting at day 8, hour 11.500000000000025 using resources [4, 7].[0m
[34m2025-01-07 04:31:30,570 - DEBUG - Patients [26, 35] have treatment 5 starting at day 8, hour 13.000000000000036 using resources [5, 7].[0m
[34m2025-01-07 04:31:30,570 - DEBUG - Patients [19, 38] have treatment 5 starting at day 8, hour 13.000000000000036 using resources [4, 8].[0m
[34m2025-01-07 04:31:30,570 - DEBUG - Patients [6, 23] have treatment 5 starting at day 8, hour 13.500000000000039 using resources [5, 8].[0m
[34m2025-01-07 04:31:30,570 - DEBUG - Patients [13, 17] have treatment 5 starting at day 8, hour 14.000000000000043 using resources [5, 6].[0m
[34m2025-01-07 04:31:30,570 - DEBUG - Patients [1, 2, 3, 7, 8, 20, 21, 22, 24, 31, 34] have treatment 6 starting at day 8, hour 10.500000000000018 using resources [2, 8].[0m
[34m2025-01-07 04:31:30,570 - DEBUG - Patients [0, 1, 3, 4, 6, 7, 8, 22, 23, 30, 31, 32] have treatment 6 starting at day 8, hour 14.000000000000043 using resources [4, 8].[0m
[34m2025-01-07 04:31:30,570 - DEBUG - Patients [2, 33] have treatment 7 starting at day 8, hour 9.50000000000001 using resources [8, 7, 4].[0m
[34m2025-01-07 04:31:30,570 - DEBUG - Patients [29] have treatment 8 starting at day 8, hour 13.75000000000004 using resources [7, 9].[0m
[34m2025-01-07 04:31:30,570 - DEBUG - Patients [25] have treatment 8 starting at day 8, hour 14.833333333333382 using resources [6, 9].[0m
[34m2025-01-07 04:31:30,570 - DEBUG - Patients [30, 33, 39] have treatment 0 starting at day 9, hour 8.0 using resources [3, 9, 7].[0m
[34m2025-01-07 04:31:30,570 - DEBUG - Patients [8] have treatment 1 starting at day 9, hour 12.083333333333362 using resources [8].[0m
[34m2025-01-07 04:31:30,570 - DEBUG - Patients [12, 19, 25, 27, 28, 29] have treatment 3 starting at day 9, hour 14.000000000000043 using resources [1, 7].[0m
[34m2025-01-07 04:31:30,570 - DEBUG - Patients [13, 35] have treatment 4 starting at day 9, hour 8.583333333333337 using resources [0, 6].[0m
[34m2025-01-07 04:31:30,570 - DEBUG - Patients [10, 13] have treatment 4 starting at day 9, hour 10.33333333333335 using resources [2, 7].[0m
[34m2025-01-07 04:31:30,570 - DEBUG - Patients [32, 37] have treatment 4 starting at day 9, hour 11.16666666666669 using resources [4, 6].[0m
[34m2025-01-07 04:31:30,570 - DEBUG - Patients [16, 30] have treatment 4 starting at day 9, hour 11.500000000000025 using resources [1, 8].[0m
[34m2025-01-07 04:31:30,571 - DEBUG - Patients [11] have treatment 4 starting at day 9, hour 13.000000000000036 using resources [3, 6].[0m
[34m2025-01-07 04:31:30,571 - DEBUG - Patients [17, 22] have treatment 5 starting at day 9, hour 8.0 using resources [5, 6].[0m
[34m2025-01-07 04:31:30,571 - DEBUG - Patients [9, 18] have treatment 5 starting at day 9, hour 8.0 using resources [4, 8].[0m
[34m2025-01-07 04:31:30,571 - DEBUG - Patients [1, 34] have treatment 5 starting at day 9, hour 10.916666666666687 using resources [5, 7].[0m
[34m2025-01-07 04:31:30,571 - DEBUG - Patients [14, 31] have treatment 5 starting at day 9, hour 11.416666666666691 using resources [5, 7].[0m
[34m2025-01-07 04:31:30,571 - DEBUG - Patients [0, 5] have treatment 7 starting at day 9, hour 9.166666666666675 using resources [8, 6, 5].[0m
[34m2025-01-07 04:31:30,571 - DEBUG - Patients [3, 38] have treatment 7 starting at day 9, hour 10.166666666666682 using resources [8, 6, 4].[0m
[34m2025-01-07 04:31:30,571 - DEBUG - Patients [6, 8] have treatment 7 starting at day 9, hour 13.000000000000036 using resources [8, 7, 5].[0m
[34m2025-01-07 04:31:30,571 - DEBUG - Patients [2, 4] have treatment 7 starting at day 9, hour 14.000000000000043 using resources [8, 6, 5].[0m
[34m2025-01-07 04:31:30,571 - DEBUG - Patients [7] have treatment 7 starting at day 9, hour 15.00000000000005 using resources [8, 6, 4].[0m
[34m2025-01-07 04:31:30,571 - DEBUG - Patients [20, 21, 28] have treatment 8 starting at day 9, hour 8.750000000000005 using resources [7, 9].[0m
[34m2025-01-07 04:31:30,571 - DEBUG - Patients [20, 21, 23, 24, 26] have treatment 8 starting at day 9, hour 9.50000000000001 using resources [7, 9].[0m
[34m2025-01-07 04:31:30,571 - DEBUG - Patients [6] have treatment 1 starting at day 10, hour 8.0 using resources [8].[0m
[34m2025-01-07 04:31:30,571 - DEBUG - Patients [3] have treatment 1 starting at day 10, hour 10.500000000000018 using resources [7].[0m
[34m2025-01-07 04:31:30,571 - DEBUG - Patients [0] have treatment 1 starting at day 10, hour 10.500000000000018 using resources [8].[0m
[34m2025-01-07 04:31:30,571 - DEBUG - Patients [10, 11, 14, 16, 17, 18, 19, 31, 39] have treatment 2 starting at day 10, hour 14.250000000000044 using resources [0, 7].[0m
[34m2025-01-07 04:31:30,571 - DEBUG - Patients [36, 37] have treatment 4 starting at day 10, hour 11.000000000000021 using resources [0, 7].[0m
[34m2025-01-07 04:31:30,571 - DEBUG - Patients [33, 34] have treatment 4 starting at day 10, hour 11.500000000000025 using resources [0, 7].[0m
[34m2025-01-07 04:31:30,571 - DEBUG - Patients [30] have treatment 4 starting at day 10, hour 13.000000000000036 using resources [0, 7].[0m
[34m2025-01-07 04:31:30,571 - DEBUG - Patients [36, 38] have treatment 5 starting at day 10, hour 8.0 using resources [5, 7].[0m
[34m2025-01-07 04:31:30,571 - DEBUG - Patients [35] have treatment 5 starting at day 10, hour 15.00000000000005 using resources [5, 7].[0m
[34m2025-01-07 04:31:30,571 - DEBUG - Patients [2, 34] have treatment 7 starting at day 10, hour 8.500000000000004 using resources [8, 7, 4].[0m
[34m2025-01-07 04:31:30,571 - DEBUG - Patients [9, 32] have treatment 7 starting at day 10, hour 9.50000000000001 using resources [8, 7, 5].[0m
[34m2025-01-07 04:31:30,571 - DEBUG - Patients [5, 7] have treatment 7 starting at day 10, hour 11.000000000000021 using resources [8, 6, 5].[0m
[34m2025-01-07 04:31:30,571 - DEBUG - Patients [4, 5] have treatment 7 starting at day 10, hour 13.000000000000036 using resources [8, 6, 4].[0m
[34m2025-01-07 04:31:30,571 - DEBUG - Patients [1, 4] have treatment 7 starting at day 10, hour 14.000000000000043 using resources [8, 6, 4].[0m
[34m2025-01-07 04:31:30,572 - DEBUG - Patients [25, 26, 27, 28, 29] have treatment 8 starting at day 10, hour 13.500000000000039 using resources [7, 9].[0m
[34m2025-01-07 04:31:30,572 - DEBUG - Patients [23, 24] have treatment 8 starting at day 10, hour 15.00000000000005 using resources [6, 9].[0m
[34m2025-01-07 04:31:30,572 - DEBUG - Patients [8, 9, 11, 12, 13, 16, 17, 19, 20, 21, 22, 31, 32, 33, 35, 37] have treatment 9 starting at day 10, hour 8.0 using resources [0, 6].[0m
[34m2025-01-07 04:31:30,572 - DEBUG - Patients [13, 22] have treatment 9 starting at day 10, hour 9.50000000000001 using resources [0, 6].[0m
[34m2025-01-07 04:31:30,572 - DEBUG - Patients [32, 36] have treatment 0 starting at day 11, hour 10.500000000000018 using resources [1, 2, 8].[0m
[34m2025-01-07 04:31:30,572 - DEBUG - Patients [33] have treatment 1 starting at day 11, hour 8.0 using resources [8].[0m
[34m2025-01-07 04:31:30,572 - DEBUG - Patients [34] have treatment 1 starting at day 11, hour 8.0 using resources [7].[0m
[34m2025-01-07 04:31:30,572 - DEBUG - Patients [38] have treatment 1 starting at day 11, hour 11.250000000000023 using resources [7].[0m
[34m2025-01-07 04:31:30,572 - DEBUG - Patients [1] have treatment 1 starting at day 11, hour 11.750000000000027 using resources [7].[0m
[34m2025-01-07 04:31:30,572 - DEBUG - Patients [6] have treatment 1 starting at day 11, hour 12.25000000000003 using resources [7].[0m
[34m2025-01-07 04:31:30,572 - DEBUG - Patients [35] have treatment 1 starting at day 11, hour 15.500000000000053 using resources [7].[0m
[34m2025-01-07 04:31:30,572 - DEBUG - Patients [11, 12, 13, 14, 18, 19, 30, 32] have treatment 2 starting at day 11, hour 14.000000000000043 using resources [0, 7].[0m
[34m2025-01-07 04:31:30,572 - DEBUG - Patients [33, 34] have treatment 4 starting at day 11, hour 9.50000000000001 using resources [0, 7].[0m
[34m2025-01-07 04:31:30,572 - DEBUG - Patients [15, 16] have treatment 4 starting at day 11, hour 10.000000000000014 using resources [0, 7].[0m
[34m2025-01-07 04:31:30,572 - DEBUG - Patients [14, 15] have treatment 4 starting at day 11, hour 13.000000000000036 using resources [0, 7].[0m
[34m2025-01-07 04:31:30,572 - DEBUG - Patients [10] have treatment 4 starting at day 11, hour 13.500000000000039 using resources [0, 7].[0m
[34m2025-01-07 04:31:30,572 - DEBUG - Patients [3, 25] have treatment 5 starting at day 11, hour 13.000000000000036 using resources [5, 6].[0m
[34m2025-01-07 04:31:30,572 - DEBUG - Patients [21, 39] have treatment 5 starting at day 11, hour 14.500000000000046 using resources [5, 6].[0m
[34m2025-01-07 04:31:30,572 - DEBUG - Patients [21] have treatment 5 starting at day 11, hour 15.00000000000005 using resources [5, 6].[0m
[34m2025-01-07 04:31:30,572 - DEBUG - Patients [39] have treatment 5 starting at day 11, hour 15.500000000000053 using resources [5, 6].[0m
[34m2025-01-07 04:31:30,572 - DEBUG - Patients [0, 2, 3, 4, 8, 9, 22, 25, 26, 28, 30] have treatment 6 starting at day 11, hour 14.750000000000048 using resources [0, 8].[0m
[34m2025-01-07 04:31:30,572 - DEBUG - Patients [0] have treatment 7 starting at day 11, hour 9.50000000000001 using resources [8, 6, 5].[0m
[34m2025-01-07 04:31:30,572 - DEBUG - Patients [2] have treatment 7 starting at day 11, hour 13.500000000000039 using resources [8, 6, 4].[0m
[34m2025-01-07 04:31:30,572 - DEBUG - Patients [20, 23, 24, 28] have treatment 8 starting at day 11, hour 10.500000000000018 using resources [7, 9].[0m
[34m2025-01-07 04:31:30,572 - DEBUG - Patients [23] have treatment 8 starting at day 11, hour 14.750000000000048 using resources [7, 9].[0m
[34m2025-01-07 04:31:30,572 - DEBUG - Patients [1, 4, 5, 6, 7, 9, 10, 12, 16, 17, 18, 24, 26, 27, 29, 31, 35, 36, 37, 38] have treatment 9 starting at day 11, hour 8.0 using resources [0, 6].[0m
[34m2025-01-07 04:31:30,572 - DEBUG - Patients [7, 17, 27, 29] have treatment 9 starting at day 11, hour 10.500000000000018 using resources [0, 6].[0m
[34m2025-01-07 04:31:30,572 - DEBUG - Patients [33] have treatment 1 starting at day 12, hour 8.0 using resources [7].[0m
[34m2025-01-07 04:31:30,573 - DEBUG - Patients [37] have treatment 1 starting at day 12, hour 8.0 using resources [6].[0m
[34m2025-01-07 04:31:30,573 - DEBUG - Patients [3] have treatment 1 starting at day 12, hour 8.500000000000004 using resources [7].[0m
[34m2025-01-07 04:31:30,573 - DEBUG - Patients [7] have treatment 1 starting at day 12, hour 9.250000000000009 using resources [6].[0m
[34m2025-01-07 04:31:30,573 - DEBUG - Patients [4] have treatment 1 starting at day 12, hour 9.50000000000001 using resources [7].[0m
[34m2025-01-07 04:31:30,573 - DEBUG - Patients [38] have treatment 1 starting at day 12, hour 10.250000000000016 using resources [6].[0m
[34m2025-01-07 04:31:30,573 - DEBUG - Patients [9] have treatment 1 starting at day 12, hour 11.750000000000027 using resources [8].[0m
[34m2025-01-07 04:31:30,573 - DEBUG - Patients [32] have treatment 1 starting at day 12, hour 11.750000000000027 using resources [6].[0m
[34m2025-01-07 04:31:30,573 - DEBUG - Patients [1] have treatment 1 starting at day 12, hour 12.25000000000003 using resources [6].[0m
[34m2025-01-07 04:31:30,573 - DEBUG - Patients [8] have treatment 1 starting at day 12, hour 12.25000000000003 using resources [8].[0m
[34m2025-01-07 04:31:30,573 - DEBUG - Patients [0] have treatment 1 starting at day 12, hour 12.750000000000034 using resources [6].[0m
[34m2025-01-07 04:31:30,573 - DEBUG - Patients [31] have treatment 1 starting at day 12, hour 12.750000000000034 using resources [8].[0m
[34m2025-01-07 04:31:30,573 - DEBUG - Patients [9] have treatment 1 starting at day 12, hour 12.750000000000034 using resources [7].[0m
[34m2025-01-07 04:31:30,573 - DEBUG - Patients [1] have treatment 1 starting at day 12, hour 15.00000000000005 using resources [6].[0m
[34m2025-01-07 04:31:30,573 - DEBUG - Patients [12, 13, 14, 15, 17, 18, 19, 30, 34, 38] have treatment 2 starting at day 12, hour 13.250000000000037 using resources [0, 7].[0m
[34m2025-01-07 04:31:30,573 - DEBUG - Patients [10, 28, 29, 33, 35, 37] have treatment 3 starting at day 12, hour 8.500000000000004 using resources [2, 8].[0m
[34m2025-01-07 04:31:30,573 - DEBUG - Patients [11, 19, 20, 25, 26, 39] have treatment 3 starting at day 12, hour 10.000000000000014 using resources [9, 7].[0m
[34m2025-01-07 04:31:30,573 - DEBUG - Patients [10, 11, 14, 16, 18, 39] have treatment 3 starting at day 12, hour 14.000000000000043 using resources [4, 7].[0m
[34m2025-01-07 04:31:30,573 - DEBUG - Patients [15, 36] have treatment 4 starting at day 12, hour 9.000000000000007 using resources [4, 7].[0m
[34m2025-01-07 04:31:30,573 - DEBUG - Patients [12] have treatment 4 starting at day 12, hour 15.500000000000053 using resources [1, 6].[0m
[34m2025-01-07 04:31:30,573 - DEBUG - Patients [2, 5] have treatment 5 starting at day 12, hour 8.0 using resources [5, 8].[0m
[34m2025-01-07 04:31:30,573 - DEBUG - Patients [0, 36] have treatment 5 starting at day 12, hour 9.750000000000012 using resources [5, 6].[0m
[34m2025-01-07 04:31:30,573 - DEBUG - Patients [6, 8] have treatment 5 starting at day 12, hour 14.250000000000044 using resources [5, 8].[0m
[34m2025-01-07 04:31:30,573 - DEBUG - Patients [7, 31] have treatment 5 starting at day 12, hour 14.750000000000048 using resources [5, 8].[0m
[34m2025-01-07 04:31:30,573 - DEBUG - Patients [5, 6] have treatment 7 starting at day 12, hour 10.75000000000002 using resources [8, 6, 4].[0m
[34m2025-01-07 04:31:30,573 - DEBUG - Patients [2, 3] have treatment 7 starting at day 12, hour 13.250000000000037 using resources [8, 6, 5].[0m
[34m2025-01-07 04:31:30,573 - DEBUG - Patients [20, 21, 23, 24, 27] have treatment 8 starting at day 12, hour 8.500000000000004 using resources [6, 9].[0m
[34m2025-01-07 04:31:30,573 - DEBUG - Patients [22, 23, 24, 27, 29] have treatment 8 starting at day 12, hour 14.250000000000044 using resources [6, 9].[0m
[34m2025-01-07 04:31:30,573 - DEBUG - Patients [22, 25, 26] have treatment 8 starting at day 12, hour 15.250000000000052 using resources [8, 9].[0m
[34m2025-01-07 04:31:30,574 - DEBUG - Patients [35, 36, 38] have treatment 0 starting at day 13, hour 13.916666666666709 using resources [1, 2, 8].[0m
[34m2025-01-07 04:31:30,574 - DEBUG - Patients [32, 38] have treatment 0 starting at day 13, hour 14.666666666666714 using resources [1, 9, 7].[0m
[34m2025-01-07 04:31:30,574 - DEBUG - Patients [2] have treatment 1 starting at day 13, hour 8.0 using resources [8].[0m
[34m2025-01-07 04:31:30,574 - DEBUG - Patients [2] have treatment 1 starting at day 13, hour 12.000000000000028 using resources [7].[0m
[34m2025-01-07 04:31:30,574 - DEBUG - Patients [6] have treatment 1 starting at day 13, hour 12.500000000000032 using resources [7].[0m
[34m2025-01-07 04:31:30,574 - DEBUG - Patients [10, 14, 17, 18, 19, 30, 36] have treatment 2 starting at day 13, hour 13.166666666666703 using resources [0, 7].[0m
[34m2025-01-07 04:31:30,574 - DEBUG - Patients [17, 18, 21, 22, 23, 28] have treatment 3 starting at day 13, hour 10.000000000000014 using resources [9, 8].[0m
[34m2025-01-07 04:31:30,574 - DEBUG - Patients [31] have treatment 4 starting at day 13, hour 11.500000000000025 using resources [0, 7].[0m
[34m2025-01-07 04:31:30,574 - DEBUG - Patients [37, 39] have treatment 5 starting at day 13, hour 8.0 using resources [4, 7].[0m
[34m2025-01-07 04:31:30,574 - DEBUG - Patients [37] have treatment 5 starting at day 13, hour 8.500000000000004 using resources [5, 7].[0m
[34m2025-01-07 04:31:30,574 - DEBUG - Patients [31, 32] have treatment 5 starting at day 13, hour 8.583333333333337 using resources [4, 8].[0m
[34m2025-01-07 04:31:30,574 - DEBUG - Patients [28, 30] have treatment 5 starting at day 13, hour 9.000000000000007 using resources [5, 7].[0m
[34m2025-01-07 04:31:30,574 - DEBUG - Patients [24, 26] have treatment 5 starting at day 13, hour 9.50000000000001 using resources [4, 7].[0m
[34m2025-01-07 04:31:30,574 - DEBUG - Patients [20] have treatment 5 starting at day 13, hour 10.000000000000014 using resources [4, 7].[0m
[34m2025-01-07 04:31:30,574 - DEBUG - Patients [15, 16] have treatment 5 starting at day 13, hour 10.500000000000018 using resources [4, 7].[0m
[34m2025-01-07 04:31:30,574 - DEBUG - Patients [14, 15] have treatment 5 starting at day 13, hour 11.000000000000021 using resources [4, 7].[0m
[34m2025-01-07 04:31:30,574 - DEBUG - Patients [10, 11] have treatment 5 starting at day 13, hour 11.500000000000025 using resources [4, 6].[0m
[34m2025-01-07 04:31:30,574 - DEBUG - Patients [9, 23] have treatment 5 starting at day 13, hour 13.000000000000036 using resources [4, 6].[0m
[34m2025-01-07 04:31:30,574 - DEBUG - Patients [8] have treatment 5 starting at day 13, hour 13.500000000000039 using resources [4, 6].[0m
[34m2025-01-07 04:31:30,574 - DEBUG - Patients [4, 5] have treatment 5 starting at day 13, hour 14.000000000000043 using resources [4, 6].[0m
[34m2025-01-07 04:31:30,574 - DEBUG - Patients [3, 4] have treatment 5 starting at day 13, hour 14.500000000000046 using resources [4, 6].[0m
[34m2025-01-07 04:31:30,574 - DEBUG - Patients [0, 34] have treatment 5 starting at day 13, hour 15.00000000000005 using resources [4, 6].[0m
[34m2025-01-07 04:31:30,574 - DEBUG - Patients [0] have treatment 5 starting at day 13, hour 15.500000000000053 using resources [4, 7].[0m
[34m2025-01-07 04:31:30,574 - DEBUG - Patients [7, 8] have treatment 5 starting at day 13, hour 15.500000000000053 using resources [5, 8].[0m
[34m2025-01-07 04:31:30,574 - DEBUG - Patients [20, 21, 24, 27, 29] have treatment 8 starting at day 13, hour 13.000000000000036 using resources [8, 9].[0m
[34m2025-01-07 04:31:30,574 - DEBUG - Patients [27] have treatment 8 starting at day 13, hour 13.916666666666709 using resources [7, 9].[0m
[34m2025-01-07 04:31:30,574 - DEBUG - Patients [1, 3, 5, 6, 7, 11, 12, 13, 16, 19, 22, 25, 29, 33, 34, 35, 39] have treatment 9 starting at day 13, hour 8.500000000000004 using resources [0, 6].[0m
[34m2025-01-07 04:31:30,574 - DEBUG - Patients [1, 12, 13, 25, 26] have treatment 9 starting at day 13, hour 10.000000000000014 using resources [0, 6].[0m
[34m2025-01-07 04:31:30,601 - DEBUG - Checking solution value.[0m
[34m2025-01-07 04:31:30,601 - DEBUG - Solvers objective function value: 1300.0[0m
[34m2025-01-07 04:31:30,606 - DEBUG - (VERIFIER):Treatment value: 0[0m
[34m2025-01-07 04:31:30,606 - DEBUG - (VERIFIER):Delay value: 0[0m
[34m2025-01-07 04:31:30,606 - DEBUG - (VERIFIER):Missing treatment value: 1300[0m
[34m2025-01-07 04:31:30,606 - DEBUG - Correct objective function value: 1300[0m
[34m2025-01-07 04:31:30,606 - DEBUG - Solution is valid.[0m
[34m2025-01-07 04:31:30,606 - DEBUG - All solvers accepted the solution.[0m
[32m2025-01-07 04:31:30,606 - INFO - Time to find solution: 288.395s with value 1300.000000[0m
[32m2025-01-07 04:31:30,606 - INFO - Total Time: 293.501s[0m
