1.NAME: LBBDSolver
2.PARAMS: {'break_symmetry': True, 'add_constraints_to_symmetrc_days': False, 'subsolver_cls': 'CPSubSolver2'}
3.INSTANCE: /home/wx350715/Kobra/rehabiliation-admission-scheduling/data/comp_study_002/instance_6_30.txt
4.REPETITION: 1
Current directory: /home/wx350715/Kobra/rehabiliation-admission-scheduling
[34m2025-01-07 03:15:44,808 - DEBUG - Solver: <class 'src.solvers.benders.LBBDSolver'>[0m
[34m2025-01-07 03:15:44,808 - DEBUG - Args: {'break_symmetry': True, 'add_constraints_to_symmetrc_days': False, 'subsolver_cls': 'CPSubSolver2'}[0m
[34m2025-01-07 03:15:44,808 - DEBUG - File path /home/wx350715/Kobra/rehabiliation-admission-scheduling/data/comp_study_002/instance_6_30.txt[0m
[34m2025-01-07 03:15:44,829 - DEBUG - ADD INSTANCE DATA[0m
[34m2025-01-07 03:15:44,829 - DEBUG - ADD INSTANCE DATA[0m
[34m2025-01-07 03:15:44,829 - DEBUG - ADD INSTANCE DATA[0m
[34m2025-01-07 03:15:44,829 - DEBUG - ADD INSTANCE DATA[0m
[34m2025-01-07 03:15:44,829 - DEBUG - ADD INSTANCE DATA[0m
[34m2025-01-07 03:15:44,829 - DEBUG - ADD INSTANCE DATA[0m
[34m2025-01-07 03:15:44,829 - DEBUG - ADD INSTANCE DATA[0m
[34m2025-01-07 03:15:44,829 - DEBUG - ADD INSTANCE DATA[0m
[34m2025-01-07 03:15:44,829 - DEBUG - ADD INSTANCE DATA[0m
[34m2025-01-07 03:15:44,829 - DEBUG - ADD INSTANCE DATA[0m
[34m2025-01-07 03:15:44,829 - DEBUG - ADD INSTANCE DATA[0m
[34m2025-01-07 03:15:44,829 - DEBUG - ADD RESOURCE_GROUPS[0m
[34m2025-01-07 03:15:44,829 - DEBUG - ADD RESOURCE_GROUPS[0m
[34m2025-01-07 03:15:44,829 - DEBUG - ADD RESOURCE_GROUPS[0m
[34m2025-01-07 03:15:44,830 - DEBUG - ADD RESOURCE_GROUPS[0m
[34m2025-01-07 03:15:44,830 - DEBUG - ADD RESOURCES[0m
[34m2025-01-07 03:15:44,830 - DEBUG - ADD RESOURCES[0m
[34m2025-01-07 03:15:44,830 - DEBUG - ADD RESOURCES[0m
[34m2025-01-07 03:15:44,830 - DEBUG - ADD RESOURCES[0m
[34m2025-01-07 03:15:44,830 - DEBUG - ADD RESOURCES[0m
[34m2025-01-07 03:15:44,830 - DEBUG - ADD RESOURCES[0m
[34m2025-01-07 03:15:44,830 - DEBUG - ADD RESOURCES[0m
[34m2025-01-07 03:15:44,830 - DEBUG - ADD RESOURCES[0m
[34m2025-01-07 03:15:44,830 - DEBUG - ADD RESOURCES[0m
[34m2025-01-07 03:15:44,830 - DEBUG - ADD RESOURCES[0m
[34m2025-01-07 03:15:44,831 - DEBUG - ADD TREATMENTS[0m
[34m2025-01-07 03:15:44,831 - DEBUG - ADD TREATMENTS[0m
[34m2025-01-07 03:15:44,831 - DEBUG - ADD TREATMENTS[0m
[34m2025-01-07 03:15:44,831 - DEBUG - ADD TREATMENTS[0m
[34m2025-01-07 03:15:44,831 - DEBUG - ADD TREATMENTS[0m
[34m2025-01-07 03:15:44,831 - DEBUG - ADD TREATMENTS[0m
[34m2025-01-07 03:15:44,831 - DEBUG - ADD TREATMENTS[0m
[34m2025-01-07 03:15:44,831 - DEBUG - ADD TREATMENTS[0m
[34m2025-01-07 03:15:44,831 - DEBUG - ADD PATIENTS[0m
[34m2025-01-07 03:15:44,831 - DEBUG - ADD PATIENTS[0m
[34m2025-01-07 03:15:44,832 - DEBUG - ADD PATIENTS[0m
[34m2025-01-07 03:15:44,832 - DEBUG - ADD PATIENTS[0m
[34m2025-01-07 03:15:44,832 - DEBUG - ADD PATIENTS[0m
[34m2025-01-07 03:15:44,832 - DEBUG - ADD PATIENTS[0m
[34m2025-01-07 03:15:44,832 - DEBUG - ADD PATIENTS[0m
[34m2025-01-07 03:15:44,832 - DEBUG - ADD PATIENTS[0m
[34m2025-01-07 03:15:44,832 - DEBUG - ADD PATIENTS[0m
[34m2025-01-07 03:15:44,832 - DEBUG - ADD PATIENTS[0m
[34m2025-01-07 03:15:44,832 - DEBUG - ADD PATIENTS[0m
[34m2025-01-07 03:15:44,832 - DEBUG - ADD PATIENTS[0m
[34m2025-01-07 03:15:44,833 - DEBUG - ADD PATIENTS[0m
[34m2025-01-07 03:15:44,833 - DEBUG - ADD PATIENTS[0m
[34m2025-01-07 03:15:44,833 - DEBUG - ADD PATIENTS[0m
[34m2025-01-07 03:15:44,833 - DEBUG - ADD PATIENTS[0m
[34m2025-01-07 03:15:44,833 - DEBUG - ADD PATIENTS[0m
[34m2025-01-07 03:15:44,833 - DEBUG - ADD PATIENTS[0m
[34m2025-01-07 03:15:44,833 - DEBUG - ADD PATIENTS[0m
[34m2025-01-07 03:15:44,833 - DEBUG - ADD PATIENTS[0m
[34m2025-01-07 03:15:44,833 - DEBUG - ADD PATIENTS[0m
[34m2025-01-07 03:15:44,834 - DEBUG - Instance data:[0m
[34m2025-01-07 03:15:44,834 - DEBUG - Number of patients: 21[0m
[34m2025-01-07 03:15:44,835 - DEBUG - Number of beds: 36[0m
[34m2025-01-07 03:15:44,835 - DEBUG - Average number of treatments per patient: 32.38095238095238[0m
[34m2025-01-07 03:15:44,835 - DEBUG - Average number of treatment per stayed day: 2.3859649122807016[0m
[34m2025-01-07 03:15:44,835 - DEBUG - Number of treatments: 680[0m
[34m2025-01-07 03:15:44,835 - DEBUG - Number of resources: 10[0m
[34m2025-01-07 03:15:44,835 - DEBUG - Number of resource groups: 4[0m
[34m2025-01-07 03:15:44,835 - DEBUG - Number of resource hours needed per all treatment by RG(therapists): 19.704166666666676[0m
[34m2025-01-07 03:15:44,835 - DEBUG - Number of resource hours needed per all treatment by RG(rooms): 35.95416666666666[0m
[34m2025-01-07 03:15:44,835 - DEBUG - Number of resource hours needed per all treatment by RG(physiotherapist): 15.5[0m
[34m2025-01-07 03:15:44,835 - DEBUG - Number of resource hours needed per all treatment by RG(sport_room): 6.75[0m
[32m2025-01-07 03:15:44,835 - INFO - {'solver': 'LBBDSolver', 'args': {'break_symmetry': False, 'subsolver_cls': <class 'src.solvers.subsolvers.cp_subsolver.CPSubsolver'>, 'subsolver.store_results': True, 'subsolver.store_results_method': 'hash', 'use_helper_constraints': True, 'enforce_min_treatments_per_day': True, 'enforce_max_treatments_per_e_w': True, 'enforce_min_patients_per_treatment': True, 'log_to_console': True}}[0m
[34m2025-01-07 03:15:44,835 - DEBUG - Setting options: LBBDSolver[0m
[34m2025-01-07 03:15:44,836 - DEBUG -  ---- break_symmetry to False[0m
[34m2025-01-07 03:15:44,836 - DEBUG -  ---- subsolver_cls to <class 'src.solvers.subsolvers.cp_subsolver.CPSubsolver'>[0m
[34m2025-01-07 03:15:44,836 - DEBUG -  ---- use_helper_constraints to True[0m
[34m2025-01-07 03:15:44,836 - DEBUG -  ---- add_constraints_to_symmetric_days to True (default)[0m
[34m2025-01-07 03:15:44,836 - DEBUG - Setting options: Solver[0m
[34m2025-01-07 03:15:44,836 - DEBUG -  ---- number_of_threads to 1 (default)[0m
[34m2025-01-07 03:15:44,836 - DEBUG -  ---- treatment_value to 0 (default)[0m
[34m2025-01-07 03:15:44,836 - DEBUG -  ---- delay_value to 1 (default)[0m
[34m2025-01-07 03:15:44,836 - DEBUG -  ---- missing_treatment_value to 4 (default)[0m
[34m2025-01-07 03:15:44,836 - DEBUG -  ---- enforce_min_treatments_per_day to True[0m
[34m2025-01-07 03:15:44,836 - DEBUG -  ---- enforce_max_treatments_per_e_w to True[0m
[34m2025-01-07 03:15:44,836 - DEBUG -  ---- enforce_min_patients_per_treatment to True[0m
[34m2025-01-07 03:15:44,836 - DEBUG -  ---- log_to_console to True[0m
[34m2025-01-07 03:15:44,836 - DEBUG -  ---- log_to_file to True (default)[0m
[34m2025-01-07 03:15:44,855 - DEBUG - Setting options: CPSubsolver[0m
[34m2025-01-07 03:15:44,855 - DEBUG -  ---- estimated_needed_treatments to True (default)[0m
[34m2025-01-07 03:15:44,855 - DEBUG -  ---- add_patient_symmetry to False (default)[0m
[34m2025-01-07 03:15:44,855 - DEBUG - Setting Subsolver options: SubSolver[0m
[34m2025-01-07 03:15:44,855 - DEBUG -  ---- store_results to True[0m
[34m2025-01-07 03:15:44,855 - DEBUG -  ---- store_results_method to hash[0m
[34m2025-01-07 03:15:44,855 - DEBUG -  ---- enforce_min_patients_per_treatment to True[0m
[34m2025-01-07 03:15:44,855 - DEBUG -  ---- use_day_symmetry to True (default)[0m
[32m2025-01-07 03:15:44,870 - INFO - Create model: LBBDSolver[0m
Set parameter TSPort to value 50039
Set parameter TokenServer to value "license.itc.rwth-aachen.de"
Set parameter Threads to value 1
Set parameter LazyConstraints to value 1
[34m2025-01-07 03:15:45,312 - DEBUG - Variables created.[0m
[34m2025-01-07 03:15:46,728 - DEBUG - Constraint (not too many treatments) created.[0m
[34m2025-01-07 03:15:47,673 - DEBUG - Constraint (no_treatments_outside admittance) created.[0m
[34m2025-01-07 03:15:47,674 - DEBUG - Constraint (bed_usage) created.[0m
[34m2025-01-07 03:15:47,674 - DEBUG - Constraint (must be admitted) created.[0m
[34m2025-01-07 03:15:47,825 - DEBUG - Constraint (e_w_ub) created.[0m
[34m2025-01-07 03:15:47,872 - DEBUG - Constraint (day_ub) created.[0m
[34m2025-01-07 03:15:47,917 - DEBUG - Constraint (Day always) created.[0m
[34m2025-01-07 03:15:47,918 - DEBUG - Constraint (already_admitted) created.[0m
[32m2025-01-07 03:15:49,545 - INFO - Time to create model: 4.675[0m
[32m2025-01-07 03:15:49,545 - INFO - Solving model: LBBDSolver[0m
Gurobi Optimizer version 10.0.0 build v10.0.0rc2 (linux64)

CPU model: Intel(R) Xeon(R) Platinum 8468, instruction set [SSE2|AVX|AVX2|AVX512]
Thread count: 96 physical cores, 96 logical processors, using up to 1 threads

Optimize a model with 223441 rows, 93881 columns and 1798630 nonzeros
Model fingerprint: 0x6bb5aace
Variable types: 3 continuous, 93878 integer (93878 binary)
Coefficient statistics:
  Matrix range     [1e+00, 1e+01]
  Objective range  [1e+00, 1e+01]
  Bounds range     [1e+00, 1e+00]
  RHS range        [1e+00, 3e+03]
Presolve added 0 rows and 1440 columns
Presolve removed 144064 rows and 0 columns
Presolve time: 2.72s
Presolved: 79377 rows, 95321 columns, 1187290 nonzeros
Variable types: 1 continuous, 95320 integer (94520 binary)
Root relaxation presolved: 78994 rows, 95184 columns, 1118563 nonzeros


Use crossover to convert LP symmetric solution to basic solution...

Root relaxation: objective 6.682500e+02, 21563 iterations, 0.88 seconds (1.03 work units)
Total elapsed time = 12.53s
Total elapsed time = 16.62s
Total elapsed time = 20.29s

    Nodes    |    Current Node    |     Objective Bounds      |     Work
 Expl Unexpl |  Obj  Depth IntInf | Incumbent    BestBd   Gap | It/Node Time

     0     0  668.25000    0  488          -  668.25000      -     -   24s
     0     0  669.50000    0  408          -  669.50000      -     -   28s
     0     0  669.50000    0  421          -  669.50000      -     -   31s
     0     0  670.03960    0  810          -  670.03960      -     -   35s
[32m2025-01-07 03:16:26,141 - INFO - d_prime: 2 d: 2[0m
[32m2025-01-07 03:16:26,142 - INFO - d_prime: 3 d: 2[0m
[32m2025-01-07 03:16:26,143 - INFO - d_prime: 4 d: 2[0m
[32m2025-01-07 03:16:26,143 - INFO - d_prime: 5 d: 2[0m
[32m2025-01-07 03:16:26,144 - INFO - d_prime: 6 d: 2[0m
[32m2025-01-07 03:16:26,145 - INFO - d_prime: 7 d: 2[0m
[32m2025-01-07 03:16:26,146 - INFO - d_prime: 8 d: 2[0m
[32m2025-01-07 03:16:26,147 - INFO - d_prime: 9 d: 2[0m
[32m2025-01-07 03:16:26,148 - INFO - d_prime: 10 d: 2[0m
[32m2025-01-07 03:16:26,149 - INFO - forbidden_vars: ([{1:1,6:1},{0:1,4:1,6:1},{0:1,1:3},{1:1,3:1,4:1,6:1},{0:1,3:3,6:1},{1:1,3:3,6:1}])[0m
[32m2025-01-07 03:16:26,149 - INFO - False[0m
[32m2025-01-07 03:17:54,462 - INFO - d_prime: 3 d: 3[0m
[32m2025-01-07 03:17:54,463 - INFO - d_prime: 4 d: 3[0m
[32m2025-01-07 03:17:54,463 - INFO - d_prime: 5 d: 3[0m
[32m2025-01-07 03:17:54,464 - INFO - d_prime: 6 d: 3[0m
[32m2025-01-07 03:17:54,465 - INFO - d_prime: 7 d: 3[0m
[32m2025-01-07 03:17:54,465 - INFO - d_prime: 8 d: 3[0m
[32m2025-01-07 03:17:54,466 - INFO - d_prime: 9 d: 3[0m
[32m2025-01-07 03:17:54,467 - INFO - d_prime: 10 d: 3[0m
[32m2025-01-07 03:17:54,468 - INFO - forbidden_vars: ([{0:1,1:1},{0:1,3:1,6:1},{3:1,4:1,6:1},{3:2,6:1},{3:2,4:1,7:1},{3:2,6:1,7:1},{0:1,3:2,6:1,7:1}])[0m
[32m2025-01-07 03:17:54,468 - INFO - False[0m
     0     0  670.03960    0  810          -  670.03960      -     -  186s
     0     0  670.04000    0  761          -  670.04000      -     -  188s
     0     0  670.15625    0  617          -  670.15625      -     -  191s
[32m2025-01-07 03:19:05,855 - INFO - d_prime: 2 d: 2[0m
[32m2025-01-07 03:19:05,856 - INFO - d_prime: 3 d: 2[0m
[32m2025-01-07 03:19:05,857 - INFO - d_prime: 4 d: 2[0m
[32m2025-01-07 03:19:05,857 - INFO - d_prime: 5 d: 2[0m
[32m2025-01-07 03:19:05,858 - INFO - d_prime: 6 d: 2[0m
[32m2025-01-07 03:19:05,859 - INFO - d_prime: 7 d: 2[0m
[32m2025-01-07 03:19:05,860 - INFO - d_prime: 8 d: 2[0m
[32m2025-01-07 03:19:05,860 - INFO - d_prime: 9 d: 2[0m
[32m2025-01-07 03:19:05,861 - INFO - d_prime: 10 d: 2[0m
[32m2025-01-07 03:19:05,862 - INFO - forbidden_vars: ([{0:1,4:1,6:1},{0:2,1:1},{1:2,6:1},{1:1,3:2,6:1},{3:3,6:1},{0:1,1:2,3:1,6:1}])[0m
[32m2025-01-07 03:19:05,862 - INFO - False[0m
[32m2025-01-07 03:20:45,438 - INFO - d_prime: 3 d: 3[0m
[32m2025-01-07 03:20:45,441 - INFO - d_prime: 4 d: 3[0m
[32m2025-01-07 03:20:45,441 - INFO - d_prime: 5 d: 3[0m
[32m2025-01-07 03:20:45,442 - INFO - d_prime: 6 d: 3[0m
[32m2025-01-07 03:20:45,443 - INFO - d_prime: 7 d: 3[0m
[32m2025-01-07 03:20:45,443 - INFO - d_prime: 8 d: 3[0m
[32m2025-01-07 03:20:45,444 - INFO - d_prime: 9 d: 3[0m
[32m2025-01-07 03:20:45,445 - INFO - d_prime: 10 d: 3[0m
[32m2025-01-07 03:20:45,446 - INFO - forbidden_vars: ([{0:1,1:1},{3:1,4:1,6:1},{3:2,6:1},{3:2,6:1},{3:2,4:1,7:1},{3:2,6:1,7:1},{0:1,3:2,6:1,7:1}])[0m
[32m2025-01-07 03:20:45,446 - INFO - False[0m
     0     0  670.15625    0  617          -  670.15625      -     -  366s
     0     0  670.16509    0  619          -  670.16509      -     -  367s
     0     0  670.16509    0  571          -  670.16509      -     -  367s
     0     0  670.18685    0  701          -  670.18685      -     -  369s
[32m2025-01-07 03:22:06,609 - INFO - d_prime: 2 d: 2[0m
[32m2025-01-07 03:22:06,610 - INFO - d_prime: 3 d: 2[0m
[32m2025-01-07 03:22:06,611 - INFO - d_prime: 4 d: 2[0m
[32m2025-01-07 03:22:06,611 - INFO - d_prime: 5 d: 2[0m
[32m2025-01-07 03:22:06,612 - INFO - d_prime: 6 d: 2[0m
[32m2025-01-07 03:22:06,613 - INFO - d_prime: 7 d: 2[0m
[32m2025-01-07 03:22:06,614 - INFO - d_prime: 8 d: 2[0m
[32m2025-01-07 03:22:06,615 - INFO - d_prime: 9 d: 2[0m
[32m2025-01-07 03:22:06,616 - INFO - d_prime: 10 d: 2[0m
[32m2025-01-07 03:22:06,616 - INFO - forbidden_vars: ([{0:1,1:1},{1:1,6:1},{0:1,4:1,6:1},{3:2,4:1,6:1},{1:1,3:3,6:1},{1:2,3:2,6:1}])[0m
[32m2025-01-07 03:22:06,616 - INFO - False[0m
     0     0  670.18685    0  701          -  670.18685      -     -  462s
[32m2025-01-07 03:23:35,680 - INFO - d_prime: 2 d: 2[0m
[32m2025-01-07 03:23:35,681 - INFO - d_prime: 3 d: 2[0m
[32m2025-01-07 03:23:35,682 - INFO - d_prime: 4 d: 2[0m
[32m2025-01-07 03:23:35,683 - INFO - d_prime: 5 d: 2[0m
[32m2025-01-07 03:23:35,683 - INFO - d_prime: 6 d: 2[0m
[32m2025-01-07 03:23:35,684 - INFO - d_prime: 7 d: 2[0m
[32m2025-01-07 03:23:35,685 - INFO - d_prime: 8 d: 2[0m
[32m2025-01-07 03:23:35,686 - INFO - d_prime: 9 d: 2[0m
[32m2025-01-07 03:23:35,687 - INFO - d_prime: 10 d: 2[0m
[32m2025-01-07 03:23:35,687 - INFO - forbidden_vars: ([{6:1},{0:1,1:1},{1:2,6:1},{0:1,1:1,3:1,6:1},{3:2,4:1,6:1},{1:1,3:3,6:1}])[0m
[32m2025-01-07 03:23:35,687 - INFO - False[0m
[32m2025-01-07 03:23:36,013 - INFO - d_prime: 3 d: 3[0m
[32m2025-01-07 03:23:36,014 - INFO - d_prime: 4 d: 3[0m
[32m2025-01-07 03:23:36,015 - INFO - d_prime: 5 d: 3[0m
[32m2025-01-07 03:23:36,015 - INFO - d_prime: 6 d: 3[0m
[32m2025-01-07 03:23:36,016 - INFO - d_prime: 7 d: 3[0m
[32m2025-01-07 03:23:36,017 - INFO - d_prime: 8 d: 3[0m
[32m2025-01-07 03:23:36,018 - INFO - d_prime: 9 d: 3[0m
[32m2025-01-07 03:23:36,018 - INFO - d_prime: 10 d: 3[0m
[32m2025-01-07 03:23:36,019 - INFO - forbidden_vars: ([{0:2,1:1},{3:1,4:1,6:1},{3:2,6:1},{0:1,3:1,6:1,7:1},{3:2,4:1,7:1},{3:2,6:1,7:1},{0:1,3:3,6:1}])[0m
[32m2025-01-07 03:23:36,019 - INFO - False[0m
     0     0  670.18685    0  701          -  670.18685      -     -  567s
[32m2025-01-07 03:25:21,385 - INFO - d_prime: 2 d: 2[0m
[32m2025-01-07 03:25:21,387 - INFO - d_prime: 3 d: 2[0m
[32m2025-01-07 03:25:21,387 - INFO - d_prime: 4 d: 2[0m
[32m2025-01-07 03:25:21,388 - INFO - d_prime: 5 d: 2[0m
[32m2025-01-07 03:25:21,388 - INFO - d_prime: 6 d: 2[0m
[32m2025-01-07 03:25:21,389 - INFO - d_prime: 7 d: 2[0m
[32m2025-01-07 03:25:21,390 - INFO - d_prime: 8 d: 2[0m
[32m2025-01-07 03:25:21,391 - INFO - d_prime: 9 d: 2[0m
[32m2025-01-07 03:25:21,392 - INFO - d_prime: 10 d: 2[0m
[32m2025-01-07 03:25:21,393 - INFO - forbidden_vars: ([{0:1,1:1},{4:1,6:1},{1:2,6:1},{1:1,3:2,6:1},{0:1,1:2,3:1,6:1},{1:1,3:3,6:1}])[0m
[32m2025-01-07 03:25:21,393 - INFO - False[0m
[32m2025-01-07 03:26:10,319 - INFO - Number of cuts added: 8 (bad=0, good=8)[0m
[32m2025-01-07 03:26:10,321 - INFO - Unnecessary comps: (0 / 8)[0m
[32m2025-01-07 03:26:10,321 - INFO - Calls to is_day_infeasible: cp_solver=61/ total=70 stored=9[0m
[32m2025-01-07 03:26:10,321 - INFO - Is feasible: 574.8561835289001 0.9996084352697685[0m
[32m2025-01-07 03:26:10,321 - INFO - Subsolver: Solve Model: 573.0231411457062/0.9968720843973993[0m
[32m2025-01-07 03:26:10,321 - INFO - Subsolver: Create Model: 1.7979919910430908/0.0031279156026007672[0m
[32m2025-01-07 03:26:10,321 - INFO - Num_constraints-added: 69[0m
     0     0  670.18685    0  701          -  670.18685      -     -  620s
[32m2025-01-07 03:26:14,817 - INFO - d_prime: 2 d: 2[0m
[32m2025-01-07 03:26:14,818 - INFO - d_prime: 3 d: 2[0m
[32m2025-01-07 03:26:14,818 - INFO - d_prime: 4 d: 2[0m
[32m2025-01-07 03:26:14,819 - INFO - d_prime: 5 d: 2[0m
[32m2025-01-07 03:26:14,819 - INFO - d_prime: 6 d: 2[0m
[32m2025-01-07 03:26:14,820 - INFO - d_prime: 7 d: 2[0m
[32m2025-01-07 03:26:14,821 - INFO - d_prime: 8 d: 2[0m
[32m2025-01-07 03:26:14,822 - INFO - d_prime: 9 d: 2[0m
[32m2025-01-07 03:26:14,822 - INFO - d_prime: 10 d: 2[0m
[32m2025-01-07 03:26:14,823 - INFO - forbidden_vars: ([{6:1},{6:1},{0:1,1:2},{3:2,4:1,6:1},{0:1,1:2,3:1,6:1},{1:1,3:3,6:1}])[0m
[32m2025-01-07 03:26:14,823 - INFO - False[0m
[32m2025-01-07 03:26:15,154 - INFO - d_prime: 3 d: 3[0m
[32m2025-01-07 03:26:15,155 - INFO - d_prime: 4 d: 3[0m
[32m2025-01-07 03:26:15,156 - INFO - d_prime: 5 d: 3[0m
[32m2025-01-07 03:26:15,156 - INFO - d_prime: 6 d: 3[0m
[32m2025-01-07 03:26:15,157 - INFO - d_prime: 7 d: 3[0m
[32m2025-01-07 03:26:15,158 - INFO - d_prime: 8 d: 3[0m
[32m2025-01-07 03:26:15,158 - INFO - d_prime: 9 d: 3[0m
[32m2025-01-07 03:26:15,159 - INFO - d_prime: 10 d: 3[0m
[32m2025-01-07 03:26:15,160 - INFO - forbidden_vars: ([{0:2},{3:1,4:1,6:1},{3:2,6:1},{3:2,4:1,7:1},{3:2,6:1,7:1},{0:1,3:2,6:1,7:1},{0:1,3:3,6:1}])[0m
[32m2025-01-07 03:26:15,160 - INFO - False[0m
     0     0  670.18685    0  701          -  670.18685      -     -  711s
[32m2025-01-07 03:27:41,850 - INFO - d_prime: 3 d: 3[0m
[32m2025-01-07 03:27:41,851 - INFO - d_prime: 4 d: 3[0m
[32m2025-01-07 03:27:41,852 - INFO - d_prime: 5 d: 3[0m
[32m2025-01-07 03:27:41,852 - INFO - d_prime: 6 d: 3[0m
[32m2025-01-07 03:27:41,853 - INFO - d_prime: 7 d: 3[0m
[32m2025-01-07 03:27:41,854 - INFO - d_prime: 8 d: 3[0m
[32m2025-01-07 03:27:41,855 - INFO - d_prime: 9 d: 3[0m
[32m2025-01-07 03:27:41,856 - INFO - d_prime: 10 d: 3[0m
[32m2025-01-07 03:27:41,857 - INFO - forbidden_vars: ([{0:2,1:1},{3:1,4:1,6:1},{3:2,6:1},{1:1,3:2,6:1},{3:2,4:1,7:1},{0:1,3:2,6:1,7:1},{0:1,3:3,6:1}])[0m
[32m2025-01-07 03:27:41,857 - INFO - False[0m
     0     0  670.18685    0  701          -  670.18685      -     -  763s
     0     0  670.20455    0  583          -  670.20455      -     -  765s
     0     0  670.20455    0  578          -  670.20455      -     -  765s
     0     0  670.22414    0  619          -  670.22414      -     -  767s
[32m2025-01-07 03:28:41,485 - INFO - d_prime: 2 d: 2[0m
[32m2025-01-07 03:28:41,486 - INFO - d_prime: 3 d: 2[0m
[32m2025-01-07 03:28:41,486 - INFO - d_prime: 4 d: 2[0m
[32m2025-01-07 03:28:41,487 - INFO - d_prime: 5 d: 2[0m
[32m2025-01-07 03:28:41,487 - INFO - d_prime: 6 d: 2[0m
[32m2025-01-07 03:28:41,488 - INFO - d_prime: 7 d: 2[0m
[32m2025-01-07 03:28:41,489 - INFO - d_prime: 8 d: 2[0m
[32m2025-01-07 03:28:41,489 - INFO - d_prime: 9 d: 2[0m
[32m2025-01-07 03:28:41,490 - INFO - d_prime: 10 d: 2[0m
[32m2025-01-07 03:28:41,491 - INFO - forbidden_vars: ([{0:1,6:1},{4:1,6:1},{0:1,1:3},{1:2,3:1,6:1},{3:3,6:1},{3:2,4:1,6:1}])[0m
[32m2025-01-07 03:28:41,491 - INFO - False[0m
[32m2025-01-07 03:30:05,312 - INFO - d_prime: 9 d: 10[0m
[32m2025-01-07 03:30:05,314 - INFO - d_prime: 10 d: 10[0m
[32m2025-01-07 03:30:05,316 - INFO - d_prime: 11 d: 10[0m
[32m2025-01-07 03:30:05,318 - INFO - d_prime: 12 d: 10[0m
[32m2025-01-07 03:30:05,320 - INFO - d_prime: 13 d: 10[0m
[32m2025-01-07 03:30:05,321 - INFO - forbidden_vars: ([{3:1},{3:1},{3:1},{6:1},{1:1,3:1},{1:1,4:1},{1:1,6:1},{4:1,7:1},{4:1,6:1},{5:1,6:1},{6:2},{6:2},{6:2},{1:2,3:1},{1:1,4:2},{3:2,4:1},{3:1,4:1,6:1},{5:1,6:2},{1:1,3:1,4:1,6:1},{3:3,6:1}])[0m
[32m2025-01-07 03:30:05,321 - INFO - False[0m
     0     0  670.22414    0  619          -  670.22414      -     -  905s
     0     0  670.24647    0  562          -  670.24647      -     -  907s
     0     0  670.24647    0  543          -  670.24647      -     -  907s
     0     0  670.26829    0  440          -  670.26829      -     -  909s
[32m2025-01-07 03:31:02,838 - INFO - d_prime: 2 d: 2[0m
[32m2025-01-07 03:31:02,839 - INFO - d_prime: 3 d: 2[0m
[32m2025-01-07 03:31:02,840 - INFO - d_prime: 4 d: 2[0m
[32m2025-01-07 03:31:02,840 - INFO - d_prime: 5 d: 2[0m
[32m2025-01-07 03:31:02,841 - INFO - d_prime: 6 d: 2[0m
[32m2025-01-07 03:31:02,842 - INFO - d_prime: 7 d: 2[0m
[32m2025-01-07 03:31:02,842 - INFO - d_prime: 8 d: 2[0m
[32m2025-01-07 03:31:02,843 - INFO - d_prime: 9 d: 2[0m
[32m2025-01-07 03:31:02,844 - INFO - d_prime: 10 d: 2[0m
[32m2025-01-07 03:31:02,845 - INFO - forbidden_vars: ([{6:1},{1:2},{4:1,6:1},{1:2,3:1,6:1},{3:2,4:1,6:1},{1:1,3:3,6:1}])[0m
[32m2025-01-07 03:31:02,845 - INFO - False[0m
[32m2025-01-07 03:32:30,159 - INFO - d_prime: 9 d: 10[0m
[32m2025-01-07 03:32:30,163 - INFO - d_prime: 10 d: 10[0m
[32m2025-01-07 03:32:30,165 - INFO - d_prime: 11 d: 10[0m
[32m2025-01-07 03:32:30,168 - INFO - d_prime: 12 d: 10[0m
[32m2025-01-07 03:32:30,170 - INFO - d_prime: 13 d: 10[0m
[32m2025-01-07 03:32:30,172 - INFO - forbidden_vars: ([{3:1},{6:1},{1:1,4:1},{1:1,4:1},{3:1,4:1},{3:1,6:1},{4:1,7:1},{4:1,6:1},{4:2},{6:2},{6:2},{1:2,3:1},{1:1,6:1,7:1},{1:1,3:1,6:1},{3:1,4:1,6:1},{4:1,5:1,6:1},{4:2,6:1},{5:1,6:2},{1:1,3:1,4:1,6:1},{3:3,6:1}])[0m
[32m2025-01-07 03:32:30,172 - INFO - False[0m
     0     0  670.26829    0  440          -  670.26829      -     - 1043s
[32m2025-01-07 03:33:17,193 - INFO - d_prime: 2 d: 2[0m
[32m2025-01-07 03:33:17,195 - INFO - d_prime: 3 d: 2[0m
[32m2025-01-07 03:33:17,196 - INFO - d_prime: 4 d: 2[0m
[32m2025-01-07 03:33:17,196 - INFO - d_prime: 5 d: 2[0m
[32m2025-01-07 03:33:17,197 - INFO - d_prime: 6 d: 2[0m
[32m2025-01-07 03:33:17,198 - INFO - d_prime: 7 d: 2[0m
[32m2025-01-07 03:33:17,198 - INFO - d_prime: 8 d: 2[0m
[32m2025-01-07 03:33:17,199 - INFO - d_prime: 9 d: 2[0m
[32m2025-01-07 03:33:17,200 - INFO - d_prime: 10 d: 2[0m
[32m2025-01-07 03:33:17,201 - INFO - forbidden_vars: ([{0:1,6:1},{0:1,1:1},{4:1,6:1},{1:1,3:2,6:1},{0:1,1:2,3:1,6:1},{1:1,3:3,6:1}])[0m
[32m2025-01-07 03:33:17,201 - INFO - False[0m
[32m2025-01-07 03:34:35,084 - INFO - d_prime: 9 d: 10[0m
[32m2025-01-07 03:34:35,087 - INFO - d_prime: 10 d: 10[0m
[32m2025-01-07 03:34:35,089 - INFO - d_prime: 11 d: 10[0m
[32m2025-01-07 03:34:35,091 - INFO - d_prime: 12 d: 10[0m
[32m2025-01-07 03:34:35,093 - INFO - d_prime: 13 d: 10[0m
[32m2025-01-07 03:34:35,095 - INFO - forbidden_vars: ([{3:1},{6:1},{1:1,4:1},{1:1,4:1},{3:1,4:1},{3:1,6:1},{4:2},{6:2},{6:2},{6:2},{1:2,3:1},{1:1,6:1,7:1},{1:1,3:1,6:1},{3:1,4:1,6:1},{4:2,7:1},{4:1,5:1,6:1},{4:2,6:1},{5:1,6:2},{1:1,3:1,4:1,6:1},{3:3,6:1}])[0m
[32m2025-01-07 03:34:35,095 - INFO - False[0m
[32m2025-01-07 03:35:38,835 - INFO - Number of cuts added: 19 (bad=2, good=17)[0m
[32m2025-01-07 03:35:38,837 - INFO - Unnecessary comps: (0 / 17)[0m
[32m2025-01-07 03:35:38,837 - INFO - Calls to is_day_infeasible: cp_solver=117/ total=140 stored=23[0m
[32m2025-01-07 03:35:38,837 - INFO - Is feasible: 1135.531168460846 0.9995888956134042[0m
[32m2025-01-07 03:35:38,837 - INFO - Subsolver: Solve Model: 1131.9298033714294/0.9968806470592586[0m
[32m2025-01-07 03:35:38,837 - INFO - Subsolver: Create Model: 3.5419371128082275/0.003119352940741369[0m
[32m2025-01-07 03:35:38,837 - INFO - Num_constraints-added: 136[0m
     0     0  670.26829    0  440          -  670.26829      -     - 1189s
[32m2025-01-07 03:35:41,673 - INFO - d_prime: 2 d: 2[0m
[32m2025-01-07 03:35:41,675 - INFO - d_prime: 3 d: 2[0m
[32m2025-01-07 03:35:41,675 - INFO - d_prime: 4 d: 2[0m
[32m2025-01-07 03:35:41,676 - INFO - d_prime: 5 d: 2[0m
[32m2025-01-07 03:35:41,676 - INFO - d_prime: 6 d: 2[0m
[32m2025-01-07 03:35:41,677 - INFO - d_prime: 7 d: 2[0m
[32m2025-01-07 03:35:41,678 - INFO - d_prime: 8 d: 2[0m
[32m2025-01-07 03:35:41,679 - INFO - d_prime: 9 d: 2[0m
[32m2025-01-07 03:35:41,680 - INFO - d_prime: 10 d: 2[0m
[32m2025-01-07 03:35:41,680 - INFO - forbidden_vars: ([{0:1,6:1},{0:1,1:1},{4:1,6:1},{1:2,3:1,6:1},{3:2,4:1,6:1},{1:1,3:3,6:1}])[0m
[32m2025-01-07 03:35:41,681 - INFO - False[0m
[32m2025-01-07 03:36:35,166 - INFO - d_prime: 9 d: 10[0m
[32m2025-01-07 03:36:35,169 - INFO - d_prime: 10 d: 10[0m
[32m2025-01-07 03:36:35,171 - INFO - d_prime: 11 d: 10[0m
[32m2025-01-07 03:36:35,174 - INFO - d_prime: 12 d: 10[0m
[32m2025-01-07 03:36:35,176 - INFO - d_prime: 13 d: 10[0m
[32m2025-01-07 03:36:35,177 - INFO - forbidden_vars: ([{3:1},{6:1},{1:1,4:1},{1:1,4:1},{3:1,4:1},{4:1,7:1},{4:1,6:1},{4:2},{5:1,6:1},{6:2},{6:2},{6:2},{1:2,3:1},{1:1,6:1,7:1},{1:1,3:1,6:1},{3:1,4:1,6:1},{4:2,6:1},{5:1,6:2},{1:1,3:1,4:1,6:1},{3:3,6:1}])[0m
[32m2025-01-07 03:36:35,177 - INFO - False[0m
     0     0  670.26829    0  440          -  670.26829      -     - 1274s
[32m2025-01-07 03:37:08,922 - INFO - d_prime: 2 d: 2[0m
[32m2025-01-07 03:37:08,923 - INFO - d_prime: 3 d: 2[0m
[32m2025-01-07 03:37:08,924 - INFO - d_prime: 4 d: 2[0m
[32m2025-01-07 03:37:08,924 - INFO - d_prime: 5 d: 2[0m
[32m2025-01-07 03:37:08,925 - INFO - d_prime: 6 d: 2[0m
[32m2025-01-07 03:37:08,926 - INFO - d_prime: 7 d: 2[0m
[32m2025-01-07 03:37:08,926 - INFO - d_prime: 8 d: 2[0m
[32m2025-01-07 03:37:08,927 - INFO - d_prime: 9 d: 2[0m
[32m2025-01-07 03:37:08,928 - INFO - d_prime: 10 d: 2[0m
[32m2025-01-07 03:37:08,929 - INFO - forbidden_vars: ([{6:1},{0:1,1:1},{4:1,6:1},{1:1,3:2,6:1},{0:1,1:2,3:1,6:1},{1:1,3:3,6:1}])[0m
[32m2025-01-07 03:37:08,929 - INFO - False[0m
[32m2025-01-07 03:37:59,023 - INFO - d_prime: 9 d: 10[0m
[32m2025-01-07 03:37:59,026 - INFO - d_prime: 10 d: 10[0m
[32m2025-01-07 03:37:59,029 - INFO - d_prime: 11 d: 10[0m
[32m2025-01-07 03:37:59,031 - INFO - d_prime: 12 d: 10[0m
[32m2025-01-07 03:37:59,033 - INFO - d_prime: 13 d: 10[0m
[32m2025-01-07 03:37:59,035 - INFO - forbidden_vars: ([{3:1},{6:1},{1:1,4:1},{1:1,4:1},{3:1,4:1},{4:1,6:1},{4:2},{6:2},{6:2},{6:2},{1:2,3:1},{1:1,6:1,7:1},{1:1,3:1,6:1},{3:1,6:2},{3:1,4:1,6:1},{4:2,7:1},{4:1,5:1,6:1},{4:2,6:1},{1:1,3:1,4:1,6:1},{3:3,6:1}])[0m
[32m2025-01-07 03:37:59,035 - INFO - False[0m
     0     0  670.26829    0  440          -  670.26829      -     - 1379s
[32m2025-01-07 03:38:52,582 - INFO - d_prime: 2 d: 2[0m
[32m2025-01-07 03:38:52,584 - INFO - d_prime: 3 d: 2[0m
[32m2025-01-07 03:38:52,584 - INFO - d_prime: 4 d: 2[0m
[32m2025-01-07 03:38:52,585 - INFO - d_prime: 5 d: 2[0m
[32m2025-01-07 03:38:52,585 - INFO - d_prime: 6 d: 2[0m
[32m2025-01-07 03:38:52,586 - INFO - d_prime: 7 d: 2[0m
[32m2025-01-07 03:38:52,587 - INFO - d_prime: 8 d: 2[0m
[32m2025-01-07 03:38:52,588 - INFO - d_prime: 9 d: 2[0m
[32m2025-01-07 03:38:52,589 - INFO - d_prime: 10 d: 2[0m
[32m2025-01-07 03:38:52,590 - INFO - forbidden_vars: ([{0:1,6:1},{1:2},{4:1,6:1},{0:1,1:1,3:1,6:1},{3:2,4:1,6:1},{1:1,3:3,6:1}])[0m
[32m2025-01-07 03:38:52,590 - INFO - False[0m
[32m2025-01-07 03:40:05,363 - INFO - d_prime: 9 d: 10[0m
[32m2025-01-07 03:40:05,366 - INFO - d_prime: 10 d: 10[0m
[32m2025-01-07 03:40:05,369 - INFO - d_prime: 11 d: 10[0m
[32m2025-01-07 03:40:05,371 - INFO - d_prime: 12 d: 10[0m
[32m2025-01-07 03:40:05,374 - INFO - d_prime: 13 d: 10[0m
[32m2025-01-07 03:40:05,375 - INFO - forbidden_vars: ([{3:1},{6:1},{1:1,4:1},{1:1,4:1},{3:1,4:1},{3:1,6:1},{4:1,6:1},{4:1,6:1},{4:2},{4:1,6:1},{6:2},{1:2,3:1},{1:1,6:1,7:1},{1:1,3:1,6:1},{4:2,7:1},{4:1,5:1,6:1},{4:2,6:1},{5:1,6:2},{1:1,3:1,4:1,6:1},{3:3,6:1}])[0m
[32m2025-01-07 03:40:05,375 - INFO - False[0m
     0     0  670.26829    0  440          -  670.26829      -     - 1489s
     0     0  670.26829    0  415          -  670.26829      -     - 1489s
     0     0  670.44444    0  501          -  670.44444      -     - 1492s
[32m2025-01-07 03:40:45,072 - INFO - d_prime: 2 d: 2[0m
[32m2025-01-07 03:40:45,073 - INFO - d_prime: 3 d: 2[0m
[32m2025-01-07 03:40:45,073 - INFO - d_prime: 4 d: 2[0m
[32m2025-01-07 03:40:45,074 - INFO - d_prime: 5 d: 2[0m
[32m2025-01-07 03:40:45,075 - INFO - d_prime: 6 d: 2[0m
[32m2025-01-07 03:40:45,076 - INFO - d_prime: 7 d: 2[0m
[32m2025-01-07 03:40:45,076 - INFO - d_prime: 8 d: 2[0m
[32m2025-01-07 03:40:45,077 - INFO - d_prime: 9 d: 2[0m
[32m2025-01-07 03:40:45,078 - INFO - d_prime: 10 d: 2[0m
[32m2025-01-07 03:40:45,079 - INFO - forbidden_vars: ([{0:1,6:1},{0:1,1:1},{4:1,6:1},{1:1,3:2,6:1},{1:2,3:1,6:1},{1:1,3:3,6:1}])[0m
[32m2025-01-07 03:40:45,079 - INFO - False[0m
[32m2025-01-07 03:42:11,018 - INFO - d_prime: 9 d: 10[0m
[32m2025-01-07 03:42:11,021 - INFO - d_prime: 10 d: 10[0m
[32m2025-01-07 03:42:11,023 - INFO - d_prime: 11 d: 10[0m
[32m2025-01-07 03:42:11,025 - INFO - d_prime: 12 d: 10[0m
[32m2025-01-07 03:42:11,027 - INFO - d_prime: 13 d: 10[0m
[32m2025-01-07 03:42:11,029 - INFO - forbidden_vars: ([{3:1},{1:1,4:1},{1:1,6:1},{1:1,3:1},{1:1,4:1},{4:2},{5:1,6:1},{6:1,7:1},{6:2},{6:2},{6:2},{1:2,3:1},{3:1,4:2},{3:1,6:2},{4:2,7:1},{4:2,6:1},{5:1,6:2},{1:1,3:1,4:1,6:1},{3:3,6:1},{3:2,4:1,6:1}])[0m
[32m2025-01-07 03:42:11,029 - INFO - False[0m
     0     0  670.44444    0  501          -  670.44444      -     - 1635s
[32m2025-01-07 03:43:09,938 - INFO - d_prime: 2 d: 2[0m
[32m2025-01-07 03:43:09,939 - INFO - d_prime: 3 d: 2[0m
[32m2025-01-07 03:43:09,939 - INFO - d_prime: 4 d: 2[0m
[32m2025-01-07 03:43:09,940 - INFO - d_prime: 5 d: 2[0m
[32m2025-01-07 03:43:09,940 - INFO - d_prime: 6 d: 2[0m
[32m2025-01-07 03:43:09,941 - INFO - d_prime: 7 d: 2[0m
[32m2025-01-07 03:43:09,942 - INFO - d_prime: 8 d: 2[0m
[32m2025-01-07 03:43:09,943 - INFO - d_prime: 9 d: 2[0m
[32m2025-01-07 03:43:09,943 - INFO - d_prime: 10 d: 2[0m
[32m2025-01-07 03:43:09,944 - INFO - forbidden_vars: ([{6:1},{4:1,6:1},{0:1,1:2},{3:2,6:1},{0:1,1:2,3:1,6:1},{1:1,3:3,6:1}])[0m
[32m2025-01-07 03:43:09,944 - INFO - False[0m
[32m2025-01-07 03:52:48,627 - INFO - d_prime: 7 d: 7[0m
[32m2025-01-07 03:52:48,630 - INFO - d_prime: 8 d: 7[0m
[32m2025-01-07 03:52:48,631 - INFO - d_prime: 9 d: 7[0m
[32m2025-01-07 03:52:48,632 - INFO - d_prime: 10 d: 7[0m
[32m2025-01-07 03:52:48,634 - INFO - forbidden_vars: ([{2:1},{2:1},{2:1},{2:2},{3:2},{1:1,2:2},{1:1,2:2},{2:3},{2:3,7:1},{2:3,7:1},{2:4},{2:1,3:2,7:1},{2:4},{2:2,3:1,7:1},{2:3,3:1},{2:3,3:1},{2:4},{2:2,3:3}])[0m
[32m2025-01-07 03:52:48,634 - INFO - False[0m
[32m2025-01-07 03:53:57,804 - INFO - Number of cuts added: 30 (bad=3, good=27)[0m
[32m2025-01-07 03:53:57,804 - INFO - Unnecessary comps: (0 / 27)[0m
[32m2025-01-07 03:53:57,804 - INFO - Calls to is_day_infeasible: cp_solver=161/ total=210 stored=49[0m
[32m2025-01-07 03:53:57,804 - INFO - Is feasible: 2230.60804438591 0.9996699302617246[0m
[32m2025-01-07 03:53:57,804 - INFO - Subsolver: Solve Model: 2225.402684211731/0.997703444588854[0m
[32m2025-01-07 03:53:57,804 - INFO - Subsolver: Create Model: 5.122524738311768/0.002296555411145993[0m
[32m2025-01-07 03:53:57,804 - INFO - Num_constraints-added: 205[0m
     0     0  670.44444    0  501          -  670.44444      -     - 2288s
[32m2025-01-07 03:54:01,980 - INFO - d_prime: 2 d: 2[0m
[32m2025-01-07 03:54:01,980 - INFO - d_prime: 3 d: 2[0m
[32m2025-01-07 03:54:01,981 - INFO - d_prime: 4 d: 2[0m
[32m2025-01-07 03:54:01,982 - INFO - d_prime: 5 d: 2[0m
[32m2025-01-07 03:54:01,982 - INFO - d_prime: 6 d: 2[0m
[32m2025-01-07 03:54:01,983 - INFO - d_prime: 7 d: 2[0m
[32m2025-01-07 03:54:01,983 - INFO - d_prime: 8 d: 2[0m
[32m2025-01-07 03:54:01,984 - INFO - d_prime: 9 d: 2[0m
[32m2025-01-07 03:54:01,985 - INFO - d_prime: 10 d: 2[0m
[32m2025-01-07 03:54:01,986 - INFO - forbidden_vars: ([{0:1,6:1},{1:2},{4:1,6:1},{3:2,6:1},{0:1,1:2,3:1,6:1},{1:1,3:3,6:1}])[0m
[32m2025-01-07 03:54:01,986 - INFO - False[0m
[32m2025-01-07 04:00:15,879 - INFO - d_prime: 7 d: 7[0m
[32m2025-01-07 04:00:15,882 - INFO - d_prime: 8 d: 7[0m
[32m2025-01-07 04:00:15,883 - INFO - d_prime: 9 d: 7[0m
[32m2025-01-07 04:00:15,884 - INFO - d_prime: 10 d: 7[0m
[32m2025-01-07 04:00:15,886 - INFO - forbidden_vars: ([{2:1},{2:1},{2:1},{2:2},{3:2},{1:1,2:2},{1:1,2:2},{2:3},{2:3,7:1},{2:4},{2:1,3:2,7:1},{2:4},{2:1,3:2,7:1},{2:3,3:1},{2:3,3:1},{2:4},{2:3,3:1,7:1},{2:2,3:3}])[0m
[32m2025-01-07 04:00:15,886 - INFO - False[0m
     0     0  670.44444    0  501          -  670.44444      -     - 2703s
[32m2025-01-07 04:00:57,715 - INFO - d_prime: 2 d: 2[0m
[32m2025-01-07 04:00:57,717 - INFO - d_prime: 3 d: 2[0m
[32m2025-01-07 04:00:57,717 - INFO - d_prime: 4 d: 2[0m
[32m2025-01-07 04:00:57,718 - INFO - d_prime: 5 d: 2[0m
[32m2025-01-07 04:00:57,718 - INFO - d_prime: 6 d: 2[0m
[32m2025-01-07 04:00:57,719 - INFO - d_prime: 7 d: 2[0m
[32m2025-01-07 04:00:57,719 - INFO - d_prime: 8 d: 2[0m
[32m2025-01-07 04:00:57,720 - INFO - d_prime: 9 d: 2[0m
[32m2025-01-07 04:00:57,721 - INFO - d_prime: 10 d: 2[0m
[32m2025-01-07 04:00:57,721 - INFO - forbidden_vars: ([{6:1},{0:1,1:1},{4:1,6:1},{3:2,6:1},{0:1,1:2,3:1,6:1},{1:1,3:3,6:1}])[0m
[32m2025-01-07 04:00:57,721 - INFO - False[0m
[32m2025-01-07 04:01:53,629 - INFO - d_prime: 9 d: 10[0m
[32m2025-01-07 04:01:53,633 - INFO - d_prime: 10 d: 10[0m
[32m2025-01-07 04:01:53,636 - INFO - d_prime: 11 d: 10[0m
[32m2025-01-07 04:01:53,638 - INFO - d_prime: 12 d: 10[0m
[32m2025-01-07 04:01:53,640 - INFO - d_prime: 13 d: 10[0m
[32m2025-01-07 04:01:53,641 - INFO - forbidden_vars: ([{3:1},{1:1,4:1},{1:1,6:1},{1:1,3:1},{1:1,4:1},{3:1,4:1},{4:2},{6:1,7:1},{6:2},{6:2},{6:2},{1:2,3:1},{3:1,6:2},{4:2,7:1},{4:1,5:1,6:1},{4:2,6:1},{5:1,6:2},{1:1,3:1,4:1,6:1},{3:3,6:1},{3:2,4:2}])[0m
[32m2025-01-07 04:01:53,641 - INFO - False[0m
     0     0  670.44444    0  501          -  670.44444      -     - 2788s
[32m2025-01-07 04:02:20,998 - INFO - d_prime: 2 d: 2[0m
[32m2025-01-07 04:02:20,999 - INFO - d_prime: 3 d: 2[0m
[32m2025-01-07 04:02:21,000 - INFO - d_prime: 4 d: 2[0m
[32m2025-01-07 04:02:21,000 - INFO - d_prime: 5 d: 2[0m
[32m2025-01-07 04:02:21,001 - INFO - d_prime: 6 d: 2[0m
[32m2025-01-07 04:02:21,002 - INFO - d_prime: 7 d: 2[0m
[32m2025-01-07 04:02:21,003 - INFO - d_prime: 8 d: 2[0m
[32m2025-01-07 04:02:21,005 - INFO - d_prime: 9 d: 2[0m
[32m2025-01-07 04:02:21,006 - INFO - d_prime: 10 d: 2[0m
[32m2025-01-07 04:02:21,007 - INFO - forbidden_vars: ([{0:1,6:1},{0:1,1:1},{4:1,6:1},{0:1,1:1,3:1,6:1},{1:1,3:2,6:1},{1:1,3:3,6:1}])[0m
[32m2025-01-07 04:02:21,007 - INFO - False[0m
[32m2025-01-07 04:03:00,924 - INFO - d_prime: 9 d: 10[0m
[32m2025-01-07 04:03:00,926 - INFO - d_prime: 10 d: 10[0m
[32m2025-01-07 04:03:00,928 - INFO - d_prime: 11 d: 10[0m
[32m2025-01-07 04:03:00,931 - INFO - d_prime: 12 d: 10[0m
[32m2025-01-07 04:03:00,933 - INFO - d_prime: 13 d: 10[0m
[32m2025-01-07 04:03:00,934 - INFO - forbidden_vars: ([{3:1},{1:1,4:1},{1:1,6:1},{1:1,3:1},{1:1,4:1},{3:1,4:1},{4:1,5:1},{4:2},{6:1,7:1},{6:2},{6:2},{6:2},{1:2,3:1},{3:1,6:2},{4:2,7:1},{4:2,6:1},{5:1,6:2},{1:1,3:1,4:1,6:1},{3:3,6:1},{3:2,4:2}])[0m
[32m2025-01-07 04:03:00,934 - INFO - False[0m
     0     0  670.44444    0  501          -  670.44444      -     - 2860s
     0     0  670.44444    0  478          -  670.44444      -     - 2861s
     0     0  670.44444    0  525          -  670.44444      -     - 2862s
[32m2025-01-07 04:03:36,544 - INFO - d_prime: 2 d: 2[0m
[32m2025-01-07 04:03:36,545 - INFO - d_prime: 3 d: 2[0m
[32m2025-01-07 04:03:36,545 - INFO - d_prime: 4 d: 2[0m
[32m2025-01-07 04:03:36,546 - INFO - d_prime: 5 d: 2[0m
[32m2025-01-07 04:03:36,546 - INFO - d_prime: 6 d: 2[0m
[32m2025-01-07 04:03:36,547 - INFO - d_prime: 7 d: 2[0m
[32m2025-01-07 04:03:36,548 - INFO - d_prime: 8 d: 2[0m
[32m2025-01-07 04:03:36,549 - INFO - d_prime: 9 d: 2[0m
[32m2025-01-07 04:03:36,550 - INFO - d_prime: 10 d: 2[0m
[32m2025-01-07 04:03:36,551 - INFO - forbidden_vars: ([{1:1,6:1},{1:2},{4:1,6:1},{1:1,3:2,6:1},{1:2,3:1,6:1},{1:1,3:3,6:1}])[0m
[32m2025-01-07 04:03:36,551 - INFO - False[0m
[32m2025-01-07 04:04:55,226 - INFO - d_prime: 9 d: 10[0m
[32m2025-01-07 04:04:55,229 - INFO - d_prime: 10 d: 10[0m
[32m2025-01-07 04:04:55,230 - INFO - d_prime: 11 d: 10[0m
[32m2025-01-07 04:04:55,232 - INFO - d_prime: 12 d: 10[0m
[32m2025-01-07 04:04:55,234 - INFO - d_prime: 13 d: 10[0m
[32m2025-01-07 04:04:55,235 - INFO - forbidden_vars: ([{3:1},{4:1},{4:1},{6:1},{6:1},{1:1,6:1},{1:1,6:1},{4:2},{6:1,7:1},{6:2},{1:1,3:1,6:1},{3:1,4:2},{3:1,6:2},{3:2,6:1},{4:2,7:1},{4:1,5:1,6:1},{4:2,6:1},{5:1,6:2},{1:2,3:1,6:1},{3:3,6:1}])[0m
[32m2025-01-07 04:04:55,235 - INFO - False[0m
     0     0  670.44444    0  525          -  670.44444      -     - 3003s
[32m2025-01-07 04:05:57,570 - INFO - d_prime: 2 d: 2[0m
[32m2025-01-07 04:05:57,571 - INFO - d_prime: 3 d: 2[0m
[32m2025-01-07 04:05:57,571 - INFO - d_prime: 4 d: 2[0m
[32m2025-01-07 04:05:57,572 - INFO - d_prime: 5 d: 2[0m
[32m2025-01-07 04:05:57,572 - INFO - d_prime: 6 d: 2[0m
[32m2025-01-07 04:05:57,573 - INFO - d_prime: 7 d: 2[0m
[32m2025-01-07 04:05:57,574 - INFO - d_prime: 8 d: 2[0m
[32m2025-01-07 04:05:57,575 - INFO - d_prime: 9 d: 2[0m
[32m2025-01-07 04:05:57,576 - INFO - d_prime: 10 d: 2[0m
[32m2025-01-07 04:05:57,577 - INFO - forbidden_vars: ([{6:1},{1:2},{4:1,6:1},{1:1,3:2,6:1},{1:2,3:1,6:1},{1:1,3:3,6:1}])[0m
[32m2025-01-07 04:05:57,577 - INFO - False[0m
[32m2025-01-07 04:07:01,670 - INFO - d_prime: 9 d: 10[0m
[32m2025-01-07 04:07:01,672 - INFO - d_prime: 10 d: 10[0m
[32m2025-01-07 04:07:01,674 - INFO - d_prime: 11 d: 10[0m
[32m2025-01-07 04:07:01,676 - INFO - d_prime: 12 d: 10[0m
[32m2025-01-07 04:07:01,677 - INFO - d_prime: 13 d: 10[0m
[32m2025-01-07 04:07:01,678 - INFO - forbidden_vars: ([{3:1},{4:1},{4:1},{6:1},{6:1},{1:1,6:1},{1:1,6:1},{4:2},{6:1,7:1},{6:2},{1:2,3:1},{1:1,3:1,6:1},{3:1,6:2},{3:1,4:1,6:1},{4:2,7:1},{4:1,5:1,6:1},{4:2,6:1},{5:1,6:2},{1:2,3:1,6:1},{3:3,6:1}])[0m
[32m2025-01-07 04:07:01,679 - INFO - False[0m
[32m2025-01-07 04:07:47,619 - INFO - Number of cuts added: 41 (bad=4, good=37)[0m
[32m2025-01-07 04:07:47,620 - INFO - Unnecessary comps: (0 / 37)[0m
[32m2025-01-07 04:07:47,620 - INFO - Calls to is_day_infeasible: cp_solver=200/ total=280 stored=80[0m
[32m2025-01-07 04:07:47,620 - INFO - Is feasible: 3057.7348511219025 0.9996728063307341[0m
[32m2025-01-07 04:07:47,620 - INFO - Subsolver: Solve Model: 3050.9409952163696/0.9978122032943304[0m
[32m2025-01-07 04:07:47,620 - INFO - Subsolver: Create Model: 6.689473867416382/0.002187796705669561[0m
[32m2025-01-07 04:07:47,620 - INFO - Num_constraints-added: 274[0m
     0     0  670.44444    0  525          -  670.44444      -     - 3117s
[32m2025-01-07 04:07:52,202 - INFO - d_prime: 2 d: 2[0m
[32m2025-01-07 04:07:52,203 - INFO - d_prime: 3 d: 2[0m
[32m2025-01-07 04:07:52,204 - INFO - d_prime: 4 d: 2[0m
[32m2025-01-07 04:07:52,204 - INFO - d_prime: 5 d: 2[0m
[32m2025-01-07 04:07:52,205 - INFO - d_prime: 6 d: 2[0m
[32m2025-01-07 04:07:52,206 - INFO - d_prime: 7 d: 2[0m
[32m2025-01-07 04:07:52,206 - INFO - d_prime: 8 d: 2[0m
[32m2025-01-07 04:07:52,207 - INFO - d_prime: 9 d: 2[0m
[32m2025-01-07 04:07:52,208 - INFO - d_prime: 10 d: 2[0m
[32m2025-01-07 04:07:52,209 - INFO - forbidden_vars: ([{4:1,6:1},{0:1,1:1,6:1},{0:1,1:2},{1:1,3:2,6:1},{3:3,6:1},{0:1,1:2,3:1,6:1}])[0m
[32m2025-01-07 04:07:52,209 - INFO - False[0m
[32m2025-01-07 04:08:48,874 - INFO - d_prime: 9 d: 10[0m
[32m2025-01-07 04:08:48,877 - INFO - d_prime: 10 d: 10[0m
[32m2025-01-07 04:08:48,878 - INFO - d_prime: 11 d: 10[0m
[32m2025-01-07 04:08:48,880 - INFO - d_prime: 12 d: 10[0m
[32m2025-01-07 04:08:48,881 - INFO - d_prime: 13 d: 10[0m
[32m2025-01-07 04:08:48,883 - INFO - forbidden_vars: ([{3:1},{4:1},{4:1},{6:1},{6:1},{1:1,6:1},{1:1,6:1},{4:2},{5:1,6:1},{6:1,7:1},{6:2},{1:1,3:1,6:1},{3:1,4:2},{3:1,6:2},{3:2,6:1},{4:2,7:1},{4:2,6:1},{5:1,6:2},{1:2,3:1,6:1},{3:3,6:1}])[0m
[32m2025-01-07 04:08:48,883 - INFO - False[0m
     0     0  670.44444    0  525          -  670.44444      -     - 3233s
[32m2025-01-07 04:09:45,812 - INFO - d_prime: 2 d: 2[0m
[32m2025-01-07 04:09:45,813 - INFO - d_prime: 3 d: 2[0m
[32m2025-01-07 04:09:45,814 - INFO - d_prime: 4 d: 2[0m
[32m2025-01-07 04:09:45,815 - INFO - d_prime: 5 d: 2[0m
[32m2025-01-07 04:09:45,815 - INFO - d_prime: 6 d: 2[0m
[32m2025-01-07 04:09:45,816 - INFO - d_prime: 7 d: 2[0m
[32m2025-01-07 04:09:45,816 - INFO - d_prime: 8 d: 2[0m
[32m2025-01-07 04:09:45,817 - INFO - d_prime: 9 d: 2[0m
[32m2025-01-07 04:09:45,818 - INFO - d_prime: 10 d: 2[0m
[32m2025-01-07 04:09:45,819 - INFO - forbidden_vars: ([{0:1,6:1},{4:1,6:1},{0:1,1:2},{1:1,3:2,6:1},{3:3,6:1},{0:1,1:2,3:1,6:1}])[0m
[32m2025-01-07 04:09:45,819 - INFO - False[0m
[32m2025-01-07 04:10:35,649 - INFO - d_prime: 9 d: 10[0m
[32m2025-01-07 04:10:35,652 - INFO - d_prime: 10 d: 10[0m
[32m2025-01-07 04:10:35,654 - INFO - d_prime: 11 d: 10[0m
[32m2025-01-07 04:10:35,655 - INFO - d_prime: 12 d: 10[0m
[32m2025-01-07 04:10:35,657 - INFO - d_prime: 13 d: 10[0m
[32m2025-01-07 04:10:35,659 - INFO - forbidden_vars: ([{3:1},{4:1},{6:1},{6:1},{1:1,4:1},{1:1,6:1},{1:1,6:1},{4:2},{6:1,7:1},{6:2},{1:1,3:1,4:1},{1:1,3:1,6:1},{3:1,6:2},{3:2,6:1},{4:2,7:1},{4:1,5:1,6:1},{4:2,6:1},{5:1,6:2},{1:2,3:1,6:1},{3:3,6:1}])[0m
[32m2025-01-07 04:10:35,659 - INFO - False[0m
     0     0  670.44444    0  525          -  670.44444      -     - 3355s
[32m2025-01-07 04:11:49,730 - INFO - d_prime: 2 d: 2[0m
[32m2025-01-07 04:11:49,731 - INFO - d_prime: 3 d: 2[0m
[32m2025-01-07 04:11:49,732 - INFO - d_prime: 4 d: 2[0m
[32m2025-01-07 04:11:49,732 - INFO - d_prime: 5 d: 2[0m
[32m2025-01-07 04:11:49,733 - INFO - d_prime: 6 d: 2[0m
[32m2025-01-07 04:11:49,734 - INFO - d_prime: 7 d: 2[0m
[32m2025-01-07 04:11:49,734 - INFO - d_prime: 8 d: 2[0m
[32m2025-01-07 04:11:49,735 - INFO - d_prime: 9 d: 2[0m
[32m2025-01-07 04:11:49,736 - INFO - d_prime: 10 d: 2[0m
[32m2025-01-07 04:11:49,737 - INFO - forbidden_vars: ([{6:1},{0:1,6:1},{0:1,1:2},{1:1,3:2,6:1},{0:1,1:2,3:1,6:1},{1:1,3:3,6:1}])[0m
[32m2025-01-07 04:11:49,737 - INFO - False[0m
[32m2025-01-07 04:12:40,487 - INFO - d_prime: 9 d: 10[0m
[32m2025-01-07 04:12:40,491 - INFO - d_prime: 10 d: 10[0m
[32m2025-01-07 04:12:40,493 - INFO - d_prime: 11 d: 10[0m
[32m2025-01-07 04:12:40,495 - INFO - d_prime: 12 d: 10[0m
[32m2025-01-07 04:12:40,496 - INFO - d_prime: 13 d: 10[0m
[32m2025-01-07 04:12:40,498 - INFO - forbidden_vars: ([{3:1},{4:1},{6:1},{6:1},{1:1,4:1},{1:1,6:1},{1:1,6:1},{4:1,6:1},{4:2},{6:1,7:1},{6:2},{1:2,3:1},{1:1,3:1,6:1},{3:1,6:2},{3:1,4:1,6:1},{4:2,7:1},{4:2,6:1},{5:1,6:2},{1:2,3:1,6:1},{3:3,6:1}])[0m
[32m2025-01-07 04:12:40,498 - INFO - False[0m
     0     0  670.44444    0  525          -  670.44444      -     - 3470s
     0     0  670.44444    0  383          -  670.44444      -     - 3472s
     0     0  670.44444    0  180          -  670.44444      -     - 3476s
[32m2025-01-07 04:13:50,995 - INFO - d_prime: 2 d: 2[0m
[32m2025-01-07 04:13:50,996 - INFO - d_prime: 3 d: 2[0m
[32m2025-01-07 04:13:50,997 - INFO - d_prime: 4 d: 2[0m
[32m2025-01-07 04:13:50,997 - INFO - d_prime: 5 d: 2[0m
[32m2025-01-07 04:13:50,998 - INFO - d_prime: 6 d: 2[0m
[32m2025-01-07 04:13:50,999 - INFO - d_prime: 7 d: 2[0m
[32m2025-01-07 04:13:50,999 - INFO - d_prime: 8 d: 2[0m
[32m2025-01-07 04:13:51,000 - INFO - d_prime: 9 d: 2[0m
[32m2025-01-07 04:13:51,001 - INFO - d_prime: 10 d: 2[0m
[32m2025-01-07 04:13:51,001 - INFO - forbidden_vars: ([{6:1},{4:1,6:1},{0:1,1:2},{1:1,3:2,6:1},{3:3,6:1},{0:1,1:2,3:1,6:1}])[0m
[32m2025-01-07 04:13:51,001 - INFO - False[0m
[32m2025-01-07 04:14:50,758 - INFO - d_prime: 3 d: 3[0m
[32m2025-01-07 04:14:50,759 - INFO - d_prime: 4 d: 3[0m
[32m2025-01-07 04:14:50,760 - INFO - d_prime: 5 d: 3[0m
[32m2025-01-07 04:14:50,760 - INFO - d_prime: 6 d: 3[0m
[32m2025-01-07 04:14:50,761 - INFO - d_prime: 7 d: 3[0m
[32m2025-01-07 04:14:50,762 - INFO - d_prime: 8 d: 3[0m
[32m2025-01-07 04:14:50,762 - INFO - d_prime: 9 d: 3[0m
[32m2025-01-07 04:14:50,763 - INFO - d_prime: 10 d: 3[0m
[32m2025-01-07 04:14:50,764 - INFO - forbidden_vars: ([{0:1,1:1},{3:1,4:1,6:1},{3:2,6:1},{3:2,6:1},{3:1,4:1,6:1,7:1},{3:2,6:1,7:1},{0:1,3:3,7:1}])[0m
[32m2025-01-07 04:14:50,764 - INFO - False[0m
