1.NAME: LBBDSolver
2.PARAMS: {'break_symmetry': True, 'add_constraints_to_symmetrc_days': True, 'subsolver_cls': 'CPSubSolver'}
3.INSTANCE: /home/wx350715/Kobra/rehabiliation-admission-scheduling/data/comp_study_002/instance_5_15.txt
4.REPETITION: 1
Current directory: /home/wx350715/Kobra/rehabiliation-admission-scheduling
[34m2025-01-07 01:17:19,789 - DEBUG - Solver: <class 'src.solvers.benders.LBBDSolver'>[0m
[34m2025-01-07 01:17:19,789 - DEBUG - Args: {'break_symmetry': True, 'add_constraints_to_symmetrc_days': True, 'subsolver_cls': 'CPSubSolver'}[0m
[34m2025-01-07 01:17:19,789 - DEBUG - File path /home/wx350715/Kobra/rehabiliation-admission-scheduling/data/comp_study_002/instance_5_15.txt[0m
[34m2025-01-07 01:17:19,790 - DEBUG - ADD INSTANCE DATA[0m
[34m2025-01-07 01:17:19,790 - DEBUG - ADD INSTANCE DATA[0m
[34m2025-01-07 01:17:19,790 - DEBUG - ADD INSTANCE DATA[0m
[34m2025-01-07 01:17:19,790 - DEBUG - ADD INSTANCE DATA[0m
[34m2025-01-07 01:17:19,790 - DEBUG - ADD INSTANCE DATA[0m
[34m2025-01-07 01:17:19,790 - DEBUG - ADD INSTANCE DATA[0m
[34m2025-01-07 01:17:19,790 - DEBUG - ADD INSTANCE DATA[0m
[34m2025-01-07 01:17:19,790 - DEBUG - ADD INSTANCE DATA[0m
[34m2025-01-07 01:17:19,790 - DEBUG - ADD INSTANCE DATA[0m
[34m2025-01-07 01:17:19,790 - DEBUG - ADD INSTANCE DATA[0m
[34m2025-01-07 01:17:19,790 - DEBUG - ADD INSTANCE DATA[0m
[34m2025-01-07 01:17:19,790 - DEBUG - ADD RESOURCE_GROUPS[0m
[34m2025-01-07 01:17:19,790 - DEBUG - ADD RESOURCE_GROUPS[0m
[34m2025-01-07 01:17:19,790 - DEBUG - ADD RESOURCE_GROUPS[0m
[34m2025-01-07 01:17:19,790 - DEBUG - ADD RESOURCE_GROUPS[0m
[34m2025-01-07 01:17:19,791 - DEBUG - ADD RESOURCES[0m
[34m2025-01-07 01:17:19,791 - DEBUG - ADD RESOURCES[0m
[34m2025-01-07 01:17:19,791 - DEBUG - ADD RESOURCES[0m
[34m2025-01-07 01:17:19,791 - DEBUG - ADD RESOURCES[0m
[34m2025-01-07 01:17:19,791 - DEBUG - ADD RESOURCES[0m
[34m2025-01-07 01:17:19,791 - DEBUG - ADD RESOURCES[0m
[34m2025-01-07 01:17:19,791 - DEBUG - ADD RESOURCES[0m
[34m2025-01-07 01:17:19,791 - DEBUG - ADD RESOURCES[0m
[34m2025-01-07 01:17:19,791 - DEBUG - ADD RESOURCES[0m
[34m2025-01-07 01:17:19,791 - DEBUG - ADD RESOURCES[0m
[34m2025-01-07 01:17:19,792 - DEBUG - ADD TREATMENTS[0m
[34m2025-01-07 01:17:19,792 - DEBUG - ADD TREATMENTS[0m
[34m2025-01-07 01:17:19,792 - DEBUG - ADD TREATMENTS[0m
[34m2025-01-07 01:17:19,792 - DEBUG - ADD TREATMENTS[0m
[34m2025-01-07 01:17:19,792 - DEBUG - ADD TREATMENTS[0m
[34m2025-01-07 01:17:19,792 - DEBUG - ADD TREATMENTS[0m
[34m2025-01-07 01:17:19,792 - DEBUG - ADD TREATMENTS[0m
[34m2025-01-07 01:17:19,792 - DEBUG - ADD TREATMENTS[0m
[34m2025-01-07 01:17:19,792 - DEBUG - ADD PATIENTS[0m
[34m2025-01-07 01:17:19,793 - DEBUG - ADD PATIENTS[0m
[34m2025-01-07 01:17:19,793 - DEBUG - ADD PATIENTS[0m
[34m2025-01-07 01:17:19,793 - DEBUG - ADD PATIENTS[0m
[34m2025-01-07 01:17:19,793 - DEBUG - ADD PATIENTS[0m
[34m2025-01-07 01:17:19,793 - DEBUG - ADD PATIENTS[0m
[34m2025-01-07 01:17:19,793 - DEBUG - ADD PATIENTS[0m
[34m2025-01-07 01:17:19,793 - DEBUG - ADD PATIENTS[0m
[34m2025-01-07 01:17:19,793 - DEBUG - ADD PATIENTS[0m
[34m2025-01-07 01:17:19,793 - DEBUG - ADD PATIENTS[0m
[34m2025-01-07 01:17:19,794 - DEBUG - ADD PATIENTS[0m
[34m2025-01-07 01:17:19,794 - DEBUG - ADD PATIENTS[0m
[34m2025-01-07 01:17:19,794 - DEBUG - ADD PATIENTS[0m
[34m2025-01-07 01:17:19,794 - DEBUG - ADD PATIENTS[0m
[34m2025-01-07 01:17:19,794 - DEBUG - ADD PATIENTS[0m
[34m2025-01-07 01:17:19,794 - DEBUG - ADD PATIENTS[0m
[34m2025-01-07 01:17:19,794 - DEBUG - ADD PATIENTS[0m
[34m2025-01-07 01:17:19,794 - DEBUG - ADD PATIENTS[0m
[34m2025-01-07 01:17:19,794 - DEBUG - ADD PATIENTS[0m
[34m2025-01-07 01:17:19,795 - DEBUG - ADD PATIENTS[0m
[34m2025-01-07 01:17:19,795 - DEBUG - ADD PATIENTS[0m
[34m2025-01-07 01:17:19,795 - DEBUG - ADD PATIENTS[0m
[34m2025-01-07 01:17:19,795 - DEBUG - ADD PATIENTS[0m
[34m2025-01-07 01:17:19,795 - DEBUG - ADD PATIENTS[0m
[34m2025-01-07 01:17:19,796 - DEBUG - ADD PATIENTS[0m
[34m2025-01-07 01:17:19,796 - DEBUG - ADD PATIENTS[0m
[34m2025-01-07 01:17:19,796 - DEBUG - ADD PATIENTS[0m
[34m2025-01-07 01:17:19,796 - DEBUG - ADD PATIENTS[0m
[34m2025-01-07 01:17:19,796 - DEBUG - ADD PATIENTS[0m
[34m2025-01-07 01:17:19,797 - DEBUG - ADD PATIENTS[0m
[34m2025-01-07 01:17:19,797 - DEBUG - ADD PATIENTS[0m
[34m2025-01-07 01:17:19,797 - DEBUG - ADD PATIENTS[0m
[34m2025-01-07 01:17:19,797 - DEBUG - ADD PATIENTS[0m
[34m2025-01-07 01:17:19,797 - DEBUG - ADD PATIENTS[0m
[34m2025-01-07 01:17:19,797 - DEBUG - ADD PATIENTS[0m
[34m2025-01-07 01:17:19,797 - DEBUG - ADD PATIENTS[0m
[34m2025-01-07 01:17:19,797 - DEBUG - ADD PATIENTS[0m
[34m2025-01-07 01:17:19,797 - DEBUG - ADD PATIENTS[0m
[34m2025-01-07 01:17:19,798 - DEBUG - ADD PATIENTS[0m
[34m2025-01-07 01:17:19,798 - DEBUG - ADD PATIENTS[0m
[34m2025-01-07 01:17:19,798 - DEBUG - Instance data:[0m
[34m2025-01-07 01:17:19,798 - DEBUG - Number of patients: 40[0m
[34m2025-01-07 01:17:19,798 - DEBUG - Number of beds: 40[0m
[34m2025-01-07 01:17:19,798 - DEBUG - Average number of treatments per patient: 23.325[0m
[34m2025-01-07 01:17:19,798 - DEBUG - Average number of treatment per stayed day: 2.2004716981132075[0m
[34m2025-01-07 01:17:19,798 - DEBUG - Number of treatments: 933[0m
[34m2025-01-07 01:17:19,798 - DEBUG - Number of resources: 10[0m
[34m2025-01-07 01:17:19,798 - DEBUG - Number of resource groups: 4[0m
[34m2025-01-07 01:17:19,798 - DEBUG - Number of resource hours needed per all treatment by RG(therapists): 25.816666666666716[0m
[34m2025-01-07 01:17:19,798 - DEBUG - Number of resource hours needed per all treatment by RG(rooms): 48.36666666666666[0m
[34m2025-01-07 01:17:19,798 - DEBUG - Number of resource hours needed per all treatment by RG(physiotherapist): 15.5[0m
[34m2025-01-07 01:17:19,798 - DEBUG - Number of resource hours needed per all treatment by RG(sport_room): 6.75[0m
[32m2025-01-07 01:17:19,798 - INFO - {'solver': 'LBBDSolver', 'args': {'break_symmetry': False, 'subsolver_cls': <class 'src.solvers.subsolvers.cp_subsolver.CPSubsolver'>, 'subsolver.store_results': True, 'subsolver.store_results_method': 'hash', 'use_helper_constraints': True, 'enforce_min_treatments_per_day': True, 'enforce_max_treatments_per_e_w': True, 'enforce_min_patients_per_treatment': True, 'log_to_console': True}}[0m
[34m2025-01-07 01:17:19,799 - DEBUG - Setting options: LBBDSolver[0m
[34m2025-01-07 01:17:19,799 - DEBUG -  ---- break_symmetry to False[0m
[34m2025-01-07 01:17:19,799 - DEBUG -  ---- subsolver_cls to <class 'src.solvers.subsolvers.cp_subsolver.CPSubsolver'>[0m
[34m2025-01-07 01:17:19,799 - DEBUG -  ---- use_helper_constraints to True[0m
[34m2025-01-07 01:17:19,799 - DEBUG -  ---- add_constraints_to_symmetric_days to True (default)[0m
[34m2025-01-07 01:17:19,799 - DEBUG - Setting options: Solver[0m
[34m2025-01-07 01:17:19,799 - DEBUG -  ---- number_of_threads to 1 (default)[0m
[34m2025-01-07 01:17:19,799 - DEBUG -  ---- treatment_value to 0 (default)[0m
[34m2025-01-07 01:17:19,799 - DEBUG -  ---- delay_value to 1 (default)[0m
[34m2025-01-07 01:17:19,799 - DEBUG -  ---- missing_treatment_value to 4 (default)[0m
[34m2025-01-07 01:17:19,799 - DEBUG -  ---- enforce_min_treatments_per_day to True[0m
[34m2025-01-07 01:17:19,799 - DEBUG -  ---- enforce_max_treatments_per_e_w to True[0m
[34m2025-01-07 01:17:19,799 - DEBUG -  ---- enforce_min_patients_per_treatment to True[0m
[34m2025-01-07 01:17:19,799 - DEBUG -  ---- log_to_console to True[0m
[34m2025-01-07 01:17:19,799 - DEBUG -  ---- log_to_file to True (default)[0m
[34m2025-01-07 01:17:19,837 - DEBUG - Setting options: CPSubsolver[0m
[34m2025-01-07 01:17:19,837 - DEBUG -  ---- estimated_needed_treatments to True (default)[0m
[34m2025-01-07 01:17:19,837 - DEBUG -  ---- add_patient_symmetry to False (default)[0m
[34m2025-01-07 01:17:19,837 - DEBUG - Setting Subsolver options: SubSolver[0m
[34m2025-01-07 01:17:19,837 - DEBUG -  ---- store_results to True[0m
[34m2025-01-07 01:17:19,837 - DEBUG -  ---- store_results_method to hash[0m
[34m2025-01-07 01:17:19,837 - DEBUG -  ---- enforce_min_patients_per_treatment to True[0m
[34m2025-01-07 01:17:19,837 - DEBUG -  ---- use_day_symmetry to True (default)[0m
[32m2025-01-07 01:17:19,867 - INFO - Create model: LBBDSolver[0m
Set parameter TSPort to value 50039
Set parameter TokenServer to value "license.itc.rwth-aachen.de"
Set parameter Threads to value 1
Set parameter LazyConstraints to value 1
[34m2025-01-07 01:17:20,689 - DEBUG - Variables created.[0m
[34m2025-01-07 01:17:23,374 - DEBUG - Constraint (not too many treatments) created.[0m
[34m2025-01-07 01:17:25,319 - DEBUG - Constraint (no_treatments_outside admittance) created.[0m
[34m2025-01-07 01:17:25,320 - DEBUG - Constraint (bed_usage) created.[0m
[34m2025-01-07 01:17:25,321 - DEBUG - Constraint (must be admitted) created.[0m
[34m2025-01-07 01:17:25,582 - DEBUG - Constraint (e_w_ub) created.[0m
[34m2025-01-07 01:17:25,680 - DEBUG - Constraint (day_ub) created.[0m
[34m2025-01-07 01:17:25,778 - DEBUG - Constraint (Day always) created.[0m
[34m2025-01-07 01:17:25,778 - DEBUG - Constraint (already_admitted) created.[0m
[32m2025-01-07 01:17:32,336 - INFO - Time to create model: 12.469[0m
[32m2025-01-07 01:17:32,337 - INFO - Solving model: LBBDSolver[0m
Gurobi Optimizer version 10.0.0 build v10.0.0rc2 (linux64)

CPU model: Intel(R) Xeon(R) Platinum 8468, instruction set [SSE2|AVX|AVX2|AVX512]
Thread count: 96 physical cores, 96 logical processors, using up to 1 threads

Optimize a model with 334025 rows, 140160 columns and 2657247 nonzeros
Model fingerprint: 0xe6e9d835
Variable types: 3 continuous, 140157 integer (140157 binary)
Coefficient statistics:
  Matrix range     [1e+00, 2e+01]
  Objective range  [1e+00, 1e+01]
  Bounds range     [1e+00, 1e+00]
  RHS range        [1e+00, 4e+03]
Presolve removed 222683 rows and 49 columns (presolve time = 5s) ...
Presolve added 0 rows and 2509 columns
Presolve removed 220125 rows and 0 columns
Presolve time: 5.57s
Presolved: 113900 rows, 142669 columns, 1706706 nonzeros
Variable types: 1 continuous, 142668 integer (141689 binary)
Root relaxation presolved: 113341 rows, 142508 columns, 1611631 nonzeros


Root simplex log...

Iteration    Objective       Primal Inf.    Dual Inf.      Time
       0   -4.9117530e+03   3.925563e+03   0.000000e+00      9s
    7138    6.8800000e+02   0.000000e+00   0.000000e+00     10s
    7138    6.8800000e+02   0.000000e+00   0.000000e+00     10s

Use crossover to convert LP symmetric solution to basic solution...

Root crossover log...

       0 DPushes remaining with DInf 0.0000000e+00                10s

   23739 PPushes remaining with PInf 0.0000000e+00                10s
   17019 PPushes remaining with PInf 0.0000000e+00                10s
       0 PPushes remaining with PInf 0.0000000e+00                10s

  Push phase complete: Pinf 0.0000000e+00, Dinf 3.1022185e-11     10s


Root simplex log...

Iteration    Objective       Primal Inf.    Dual Inf.      Time
   30886    6.8800000e+02   0.000000e+00   0.000000e+00     10s
   30886    6.8800000e+02   0.000000e+00   0.000000e+00     10s

Root relaxation: objective 6.880000e+02, 30886 iterations, 1.99 seconds (1.83 work units)

    Nodes    |    Current Node    |     Objective Bounds      |     Work
 Expl Unexpl |  Obj  Depth IntInf | Incumbent    BestBd   Gap | It/Node Time

     0     0  688.00000    0 4540          -  688.00000      -     -   29s
     0     0  688.00000    0 3194          -  688.00000      -     -  104s
     0     0  688.00000    0 2709          -  688.00000      -     -  143s
     0     0  688.00000    0   43          -  688.00000      -     -  231s
[32m2025-01-07 01:25:27,551 - INFO - d_prime: 9 d: 13[0m
[32m2025-01-07 01:25:27,558 - INFO - d_prime: 10 d: 13[0m
[32m2025-01-07 01:25:27,562 - INFO - d_prime: 11 d: 13[0m
[32m2025-01-07 01:25:27,567 - INFO - d_prime: 12 d: 13[0m
[32m2025-01-07 01:25:27,571 - INFO - d_prime: 13 d: 13[0m
[32m2025-01-07 01:25:27,573 - INFO - forbidden_vars: ([{0:1},{1:1},{3:1},{4:1},{5:1},{0:2},{0:2},{3:2},{3:1,4:1},{0:2,5:1},{0:2,5:1},{0:2,4:1},{0:3},{0:3},{0:1,1:2},{1:3},{1:3},{1:3},{1:3},{3:2,5:1},{0:1,1:2,3:1},{0:2,4:1,5:1},{0:2,5:2},{0:1,4:1,5:2},{0:1,3:2,4:1},{0:1,3:2,5:1},{3:4},{3:3,4:1},{3:3,4:1},{0:4,4:1},{1:1,3:3,4:1}])[0m
[32m2025-01-07 01:25:27,574 - INFO - False[0m
     0     0  688.00000    0   43          -  688.00000      -     -  475s
[32m2025-01-07 01:25:57,424 - INFO - d_prime: 9 d: 13[0m
[32m2025-01-07 01:25:57,428 - INFO - d_prime: 10 d: 13[0m
[32m2025-01-07 01:25:57,432 - INFO - d_prime: 11 d: 13[0m
[32m2025-01-07 01:25:57,436 - INFO - d_prime: 12 d: 13[0m
[32m2025-01-07 01:25:57,440 - INFO - d_prime: 13 d: 13[0m
[32m2025-01-07 01:25:57,443 - INFO - forbidden_vars: ([{0:1},{1:1},{3:1},{4:1},{5:1},{0:2},{0:2},{3:2},{3:1,4:1},{0:2,5:1},{0:2,5:1},{0:2,4:1},{0:3},{0:3},{0:1,1:2},{1:3},{1:3},{1:3},{1:3},{3:2,5:1},{3:2,4:1},{0:1,1:2,3:1},{0:2,4:1,5:1},{0:2,5:2},{0:1,4:1,5:2},{0:1,3:2,4:1},{0:1,3:2,5:1},{3:4},{3:3,4:1},{0:4,4:1},{1:1,3:3,4:1}])[0m
[32m2025-01-07 01:25:57,443 - INFO - False[0m
     0     0  688.00000    0   43          -  688.00000      -     -  504s
[32m2025-01-07 01:26:44,060 - INFO - d_prime: 9 d: 13[0m
[32m2025-01-07 01:26:44,064 - INFO - d_prime: 10 d: 13[0m
[32m2025-01-07 01:26:44,068 - INFO - d_prime: 11 d: 13[0m
[32m2025-01-07 01:26:44,072 - INFO - d_prime: 12 d: 13[0m
[32m2025-01-07 01:26:44,076 - INFO - d_prime: 13 d: 13[0m
[32m2025-01-07 01:26:44,078 - INFO - forbidden_vars: ([{0:1},{0:1},{1:1},{3:1},{4:1},{5:1},{0:2},{3:2},{3:1,4:1},{0:2,5:1},{0:2,5:1},{0:2,4:1},{0:3},{0:3},{0:1,1:2},{1:3},{1:3},{1:3},{1:3},{3:2,5:1},{0:1,1:2,3:1},{0:2,4:1,5:1},{0:2,5:2},{0:1,4:1,5:2},{0:1,3:2,4:1},{0:1,3:2,5:1},{3:4},{3:3,4:1},{3:3,4:1},{0:4,4:1},{1:1,3:3,4:1}])[0m
[32m2025-01-07 01:26:44,079 - INFO - False[0m
     0     0  688.00000    0   43          -  688.00000      -     -  551s
[32m2025-01-07 01:27:13,767 - INFO - d_prime: 9 d: 13[0m
[32m2025-01-07 01:27:13,772 - INFO - d_prime: 10 d: 13[0m
[32m2025-01-07 01:27:13,776 - INFO - d_prime: 11 d: 13[0m
[32m2025-01-07 01:27:13,780 - INFO - d_prime: 12 d: 13[0m
[32m2025-01-07 01:27:13,784 - INFO - d_prime: 13 d: 13[0m
[32m2025-01-07 01:27:13,787 - INFO - forbidden_vars: ([{0:1},{1:1},{3:1},{4:1},{5:1},{0:2},{0:2},{3:2},{3:1,4:1},{0:2,5:1},{0:2,5:1},{0:2,4:1},{0:3},{0:3},{0:1,1:2},{1:3},{1:3},{1:3},{1:3},{3:2,5:1},{3:2,5:1},{0:1,1:2,3:1},{0:2,4:1,5:1},{0:2,5:2},{0:1,4:1,5:2},{0:1,3:2,4:1},{3:4},{3:3,4:1},{3:3,4:1},{0:4,4:1},{1:1,3:3,4:1}])[0m
[32m2025-01-07 01:27:13,787 - INFO - False[0m
     0     0  688.00000    0   43          -  688.00000      -     -  581s
[32m2025-01-07 01:28:00,385 - INFO - d_prime: 9 d: 13[0m
[32m2025-01-07 01:28:00,389 - INFO - d_prime: 10 d: 13[0m
[32m2025-01-07 01:28:00,394 - INFO - d_prime: 11 d: 13[0m
[32m2025-01-07 01:28:00,398 - INFO - d_prime: 12 d: 13[0m
[32m2025-01-07 01:28:00,402 - INFO - d_prime: 13 d: 13[0m
[32m2025-01-07 01:28:00,404 - INFO - forbidden_vars: ([{0:1},{1:1},{3:1},{4:1},{5:1},{0:2},{0:2},{3:2},{3:1,4:1},{0:2,5:1},{0:2,5:1},{0:2,4:1},{0:3},{0:3},{0:1,1:2},{1:3},{1:3},{1:3},{1:3},{3:2,5:1},{3:2,4:1},{0:1,1:2,3:1},{0:2,4:1,5:1},{0:2,5:2},{0:1,4:1,5:2},{0:1,3:2,4:1},{0:1,3:2,5:1},{3:4},{3:3,4:1},{0:4,4:1},{1:1,3:3,4:1}])[0m
[32m2025-01-07 01:28:00,404 - INFO - True[0m
[32m2025-01-07 01:28:00,405 - INFO - Number of cuts added: 5 (bad=0, good=5)[0m
[32m2025-01-07 01:28:00,405 - INFO - Unnecessary comps: (1 / 5)[0m
[32m2025-01-07 01:28:00,405 - INFO - Calls to is_day_infeasible: cp_solver=18/ total=70 stored=52[0m
[32m2025-01-07 01:28:00,405 - INFO - Is feasible: 394.94203639030457 0.9988974509950131[0m
[32m2025-01-07 01:28:00,405 - INFO - Subsolver: Solve Model: 393.7158808708191/0.9969237839397341[0m
[32m2025-01-07 01:28:00,405 - INFO - Subsolver: Create Model: 1.2148923873901367/0.0030762160602659074[0m
[32m2025-01-07 01:28:00,405 - INFO - Num_constraints-added: 25[0m
     0     0  688.00000    0   43          -  688.00000      -     -  627s
[32m2025-01-07 01:30:45,048 - INFO - d_prime: 9 d: 13[0m
[32m2025-01-07 01:30:45,054 - INFO - d_prime: 10 d: 13[0m
[32m2025-01-07 01:30:45,058 - INFO - d_prime: 11 d: 13[0m
[32m2025-01-07 01:30:45,063 - INFO - d_prime: 12 d: 13[0m
[32m2025-01-07 01:30:45,067 - INFO - d_prime: 13 d: 13[0m
[32m2025-01-07 01:30:45,070 - INFO - forbidden_vars: ([{0:1},{3:1},{4:1},{5:1},{0:2},{0:2},{1:2},{3:2},{3:1,4:1},{0:1,1:1,3:1},{0:2,5:1},{0:2,5:1},{0:2,4:1},{0:3},{0:3},{0:1,1:2},{1:3},{1:3},{1:3},{1:3},{3:2,4:1},{0:2,4:1,5:1},{0:2,5:2},{0:1,4:1,5:2},{0:1,3:2,4:1},{0:1,3:2,5:1},{0:1,3:3},{3:4},{3:3,4:1},{3:3,4:1},{0:4,4:1}])[0m
[32m2025-01-07 01:30:45,070 - INFO - False[0m
     0     0  688.00000    0    -          -  688.00000      -     -  793s
     0     0  688.00000    0    2          -  688.00000      -     -  794s
[32m2025-01-07 01:31:45,284 - INFO - d_prime: 9 d: 13[0m
[32m2025-01-07 01:31:45,288 - INFO - d_prime: 10 d: 13[0m
[32m2025-01-07 01:31:45,293 - INFO - d_prime: 11 d: 13[0m
[32m2025-01-07 01:31:45,297 - INFO - d_prime: 12 d: 13[0m
[32m2025-01-07 01:31:45,301 - INFO - d_prime: 13 d: 13[0m
[32m2025-01-07 01:31:45,303 - INFO - forbidden_vars: ([{0:1},{3:1},{4:1},{5:1},{0:2},{0:2},{1:2},{3:2},{3:1,4:1},{0:1,1:1,3:1},{0:2,5:1},{0:1,4:1,5:1},{0:2,4:1},{0:3},{0:3},{0:1,1:2},{1:3},{1:3},{1:3},{1:3},{3:2,4:1},{0:2,4:1,5:1},{0:2,5:2},{0:1,4:1,5:2},{0:1,3:2,4:1},{0:1,3:2,5:1},{0:1,3:3},{3:4},{3:3,4:1},{3:3,4:1},{0:4,4:1}])[0m
[32m2025-01-07 01:31:45,303 - INFO - False[0m
     0     0  688.00000    0    2          -  688.00000      -     -  852s
[32m2025-01-07 01:32:22,059 - INFO - d_prime: 9 d: 13[0m
[32m2025-01-07 01:32:22,065 - INFO - d_prime: 10 d: 13[0m
[32m2025-01-07 01:32:22,069 - INFO - d_prime: 11 d: 13[0m
[32m2025-01-07 01:32:22,074 - INFO - d_prime: 12 d: 13[0m
[32m2025-01-07 01:32:22,078 - INFO - d_prime: 13 d: 13[0m
[32m2025-01-07 01:32:22,080 - INFO - forbidden_vars: ([{0:1},{3:1},{4:1},{5:1},{0:2},{0:2},{1:2},{3:2},{3:1,4:1},{0:1,1:1,3:1},{0:2,5:1},{0:1,4:1,5:1},{0:2,4:1},{0:3},{0:3},{0:1,1:2},{1:3},{1:3},{1:3},{1:3},{3:2,4:1},{3:2,5:1},{0:2,4:1,5:1},{0:2,5:2},{0:1,4:1,5:2},{0:1,3:2,4:1},{0:1,3:3},{3:4},{3:3,4:1},{3:3,4:1},{0:4,4:1}])[0m
[32m2025-01-07 01:32:22,081 - INFO - False[0m
     0     0  688.00000    0    2          -  688.00000      -     -  889s
[32m2025-01-07 01:33:25,435 - INFO - d_prime: 9 d: 13[0m
[32m2025-01-07 01:33:25,440 - INFO - d_prime: 10 d: 13[0m
[32m2025-01-07 01:33:25,444 - INFO - d_prime: 11 d: 13[0m
[32m2025-01-07 01:33:25,448 - INFO - d_prime: 12 d: 13[0m
[32m2025-01-07 01:33:25,453 - INFO - d_prime: 13 d: 13[0m
[32m2025-01-07 01:33:25,455 - INFO - forbidden_vars: ([{0:1},{3:1},{4:1},{5:1},{0:2},{0:2},{1:2},{3:2},{3:1,4:1},{0:1,1:1,3:1},{0:2,5:1},{0:1,4:1,5:1},{0:2,4:1},{0:1,3:2},{0:3},{0:3},{0:1,1:2},{1:3},{1:3},{1:3},{1:3},{3:2,4:1},{0:2,4:1,5:1},{0:2,5:2},{0:1,4:1,5:2},{0:1,3:2,4:1},{0:1,3:2,5:1},{3:4},{3:3,4:1},{3:3,4:1},{0:4,4:1}])[0m
[32m2025-01-07 01:33:25,455 - INFO - False[0m
     0     0  688.00000    0    2          -  688.00000      -     -  952s
[32m2025-01-07 01:34:11,777 - INFO - d_prime: 9 d: 13[0m
[32m2025-01-07 01:34:11,783 - INFO - d_prime: 10 d: 13[0m
[32m2025-01-07 01:34:11,788 - INFO - d_prime: 11 d: 13[0m
[32m2025-01-07 01:34:11,792 - INFO - d_prime: 12 d: 13[0m
[32m2025-01-07 01:34:11,797 - INFO - d_prime: 13 d: 13[0m
[32m2025-01-07 01:34:11,799 - INFO - forbidden_vars: ([{0:1},{3:1},{4:1},{5:1},{0:2},{0:2},{1:2},{3:2},{3:1,4:1},{0:1,1:1,3:1},{0:2,5:1},{0:1,4:1,5:1},{0:2,4:1},{0:3},{0:3},{0:1,1:2},{1:3},{1:3},{1:3},{1:3},{3:2,4:1},{3:2,4:1},{0:2,4:1,5:1},{0:2,5:2},{0:1,4:1,5:2},{0:1,3:2,4:1},{0:1,3:2,5:1},{0:1,3:3},{3:4},{3:3,4:1},{0:4,4:1}])[0m
[32m2025-01-07 01:34:11,799 - INFO - False[0m
[32m2025-01-07 01:34:11,799 - INFO - Number of cuts added: 10 (bad=0, good=10)[0m
[32m2025-01-07 01:34:11,799 - INFO - Unnecessary comps: (1 / 10)[0m
[32m2025-01-07 01:34:11,799 - INFO - Calls to is_day_infeasible: cp_solver=30/ total=140 stored=110[0m
[32m2025-01-07 01:34:11,799 - INFO - Is feasible: 758.7629637718201 0.998835481686091[0m
[32m2025-01-07 01:34:11,799 - INFO - Subsolver: Solve Model: 756.6845617294312/0.9972890968973425[0m
[32m2025-01-07 01:34:11,799 - INFO - Subsolver: Create Model: 2.0568745136260986/0.002710903102657483[0m
[32m2025-01-07 01:34:11,799 - INFO - Num_constraints-added: 50[0m
     0     0  688.00000    0    2          -  688.00000      -     -  999s
[32m2025-01-07 01:34:56,020 - INFO - d_prime: 9 d: 13[0m
[32m2025-01-07 01:34:56,025 - INFO - d_prime: 10 d: 13[0m
[32m2025-01-07 01:34:56,030 - INFO - d_prime: 11 d: 13[0m
[32m2025-01-07 01:34:56,034 - INFO - d_prime: 12 d: 13[0m
[32m2025-01-07 01:34:56,038 - INFO - d_prime: 13 d: 13[0m
[32m2025-01-07 01:34:56,041 - INFO - forbidden_vars: ([{0:1},{0:1},{3:1},{4:1},{5:1},{0:2},{1:2},{3:2},{3:1,4:1},{0:1,1:1,3:1},{0:2,5:1},{0:1,4:1,5:1},{0:2,4:1},{0:3},{0:3},{0:1,1:2},{1:3},{1:3},{1:3},{1:3},{3:2,4:1},{0:2,4:1,5:1},{0:2,5:2},{0:1,4:1,5:2},{0:1,3:2,4:1},{0:1,3:2,5:1},{0:1,3:3},{3:4},{3:3,4:1},{3:3,4:1},{0:4,4:1}])[0m
[32m2025-01-07 01:34:56,041 - INFO - False[0m
     0     0  688.00000    0    2          -  688.00000      -     - 1043s
[32m2025-01-07 01:52:22,448 - INFO - d_prime: 7 d: 7[0m
[32m2025-01-07 01:52:22,454 - INFO - d_prime: 8 d: 7[0m
[32m2025-01-07 01:52:22,461 - INFO - forbidden_vars: ([{0:1},{2:1},{2:1},{6:1},{0:1,2:1},{0:2},{0:1,2:1},{2:2},{2:2},{2:2},{3:1,6:1},{4:1,6:1},{6:2},{0:1,3:1,6:1},{0:2,1:1},{1:1,2:2},{1:1,2:2},{2:2,6:1},{2:3},{2:3},{2:3},{2:3},{3:1,6:2},{0:1,4:1,6:1,7:1},{0:1,3:1,6:2},{0:2,2:1,6:1},{0:1,2:1,3:1,7:1},{3:2,4:1,6:1},{4:2,6:2},{4:4},{0:1,3:2,4:2},{1:1,2:1,3:3}])[0m
[32m2025-01-07 01:52:22,462 - INFO - False[0m
[32m2025-01-07 01:56:39,917 - INFO - d_prime: 9 d: 13[0m
[32m2025-01-07 01:56:39,924 - INFO - d_prime: 10 d: 13[0m
[32m2025-01-07 01:56:39,929 - INFO - d_prime: 11 d: 13[0m
[32m2025-01-07 01:56:39,933 - INFO - d_prime: 12 d: 13[0m
[32m2025-01-07 01:56:39,938 - INFO - d_prime: 13 d: 13[0m
[32m2025-01-07 01:56:39,940 - INFO - forbidden_vars: ([{0:1},{0:1},{0:1},{3:1},{4:1},{5:1},{0:2},{0:1,1:1},{1:2},{1:2},{3:2},{3:1,4:1},{0:1,1:1,3:1},{0:2,5:1},{0:2,4:1},{0:1,3:1,5:1},{0:2,1:1},{0:2,1:1},{0:3},{1:3},{3:2,4:1},{3:2,4:1},{0:2,4:1,5:1},{0:2,5:2},{0:1,5:3},{0:2,1:1,3:1},{0:1,1:1,3:2},{1:4},{3:4},{3:2,4:2},{0:4,4:1}])[0m
[32m2025-01-07 01:56:39,940 - INFO - False[0m
     0     0  688.00000    0    2          -  688.00000      -     - 2347s
[32m2025-01-07 02:03:14,931 - INFO - d_prime: 9 d: 13[0m
[32m2025-01-07 02:03:14,938 - INFO - d_prime: 10 d: 13[0m
[32m2025-01-07 02:03:14,942 - INFO - d_prime: 11 d: 13[0m
[32m2025-01-07 02:03:14,947 - INFO - d_prime: 12 d: 13[0m
[32m2025-01-07 02:03:14,952 - INFO - d_prime: 13 d: 13[0m
[32m2025-01-07 02:03:14,954 - INFO - forbidden_vars: ([{0:1},{1:1},{1:1},{3:1},{4:1},{5:1},{0:2},{0:1,1:1},{0:2},{0:1,1:1},{0:2},{1:2},{3:2},{3:1,4:1},{0:1,1:1,3:1},{0:2,5:1},{0:1,3:1,4:1},{0:2,4:1},{0:2,1:1},{1:3},{3:2,4:1},{0:2,4:1,5:1},{0:2,5:2},{0:1,3:2,4:1},{0:2,5:2},{0:1,3:1,5:2},{0:1,1:1,3:2},{1:1,3:2,4:1},{1:4},{3:4},{0:4,4:1}])[0m
[32m2025-01-07 02:03:14,955 - INFO - False[0m
     0     0  688.00000    0    2          -  688.00000      -     - 2742s
