1.NAME: LBBDSolver
2.PARAMS: {'break_symmetry': True, 'add_constraints_to_symmetrc_days': False, 'subsolver_cls': 'CPSubSolver'}
3.INSTANCE: /home/wx350715/Kobra/rehabiliation-admission-scheduling/data/comp_study_002/instance_4_15.txt
4.REPETITION: 1
Current directory: /home/wx350715/Kobra/rehabiliation-admission-scheduling
[34m2025-01-07 02:13:16,799 - DEBUG - Solver: <class 'src.solvers.benders.LBBDSolver'>[0m
[34m2025-01-07 02:13:16,799 - DEBUG - Args: {'break_symmetry': True, 'add_constraints_to_symmetrc_days': False, 'subsolver_cls': 'CPSubSolver'}[0m
[34m2025-01-07 02:13:16,799 - DEBUG - File path /home/wx350715/Kobra/rehabiliation-admission-scheduling/data/comp_study_002/instance_4_15.txt[0m
[34m2025-01-07 02:13:16,799 - DEBUG - ADD INSTANCE DATA[0m
[34m2025-01-07 02:13:16,799 - DEBUG - ADD INSTANCE DATA[0m
[34m2025-01-07 02:13:16,799 - DEBUG - ADD INSTANCE DATA[0m
[34m2025-01-07 02:13:16,799 - DEBUG - ADD INSTANCE DATA[0m
[34m2025-01-07 02:13:16,800 - DEBUG - ADD INSTANCE DATA[0m
[34m2025-01-07 02:13:16,800 - DEBUG - ADD INSTANCE DATA[0m
[34m2025-01-07 02:13:16,800 - DEBUG - ADD INSTANCE DATA[0m
[34m2025-01-07 02:13:16,800 - DEBUG - ADD INSTANCE DATA[0m
[34m2025-01-07 02:13:16,800 - DEBUG - ADD INSTANCE DATA[0m
[34m2025-01-07 02:13:16,800 - DEBUG - ADD INSTANCE DATA[0m
[34m2025-01-07 02:13:16,800 - DEBUG - ADD INSTANCE DATA[0m
[34m2025-01-07 02:13:16,800 - DEBUG - ADD RESOURCE_GROUPS[0m
[34m2025-01-07 02:13:16,800 - DEBUG - ADD RESOURCE_GROUPS[0m
[34m2025-01-07 02:13:16,800 - DEBUG - ADD RESOURCE_GROUPS[0m
[34m2025-01-07 02:13:16,800 - DEBUG - ADD RESOURCE_GROUPS[0m
[34m2025-01-07 02:13:16,800 - DEBUG - ADD RESOURCES[0m
[34m2025-01-07 02:13:16,800 - DEBUG - ADD RESOURCES[0m
[34m2025-01-07 02:13:16,801 - DEBUG - ADD RESOURCES[0m
[34m2025-01-07 02:13:16,801 - DEBUG - ADD RESOURCES[0m
[34m2025-01-07 02:13:16,801 - DEBUG - ADD RESOURCES[0m
[34m2025-01-07 02:13:16,801 - DEBUG - ADD RESOURCES[0m
[34m2025-01-07 02:13:16,801 - DEBUG - ADD RESOURCES[0m
[34m2025-01-07 02:13:16,801 - DEBUG - ADD RESOURCES[0m
[34m2025-01-07 02:13:16,801 - DEBUG - ADD RESOURCES[0m
[34m2025-01-07 02:13:16,801 - DEBUG - ADD RESOURCES[0m
[34m2025-01-07 02:13:16,801 - DEBUG - ADD TREATMENTS[0m
[34m2025-01-07 02:13:16,802 - DEBUG - ADD TREATMENTS[0m
[34m2025-01-07 02:13:16,802 - DEBUG - ADD TREATMENTS[0m
[34m2025-01-07 02:13:16,802 - DEBUG - ADD TREATMENTS[0m
[34m2025-01-07 02:13:16,802 - DEBUG - ADD TREATMENTS[0m
[34m2025-01-07 02:13:16,802 - DEBUG - ADD TREATMENTS[0m
[34m2025-01-07 02:13:16,802 - DEBUG - ADD TREATMENTS[0m
[34m2025-01-07 02:13:16,802 - DEBUG - ADD TREATMENTS[0m
[34m2025-01-07 02:13:16,802 - DEBUG - ADD PATIENTS[0m
[34m2025-01-07 02:13:16,802 - DEBUG - ADD PATIENTS[0m
[34m2025-01-07 02:13:16,803 - DEBUG - ADD PATIENTS[0m
[34m2025-01-07 02:13:16,803 - DEBUG - ADD PATIENTS[0m
[34m2025-01-07 02:13:16,803 - DEBUG - ADD PATIENTS[0m
[34m2025-01-07 02:13:16,803 - DEBUG - ADD PATIENTS[0m
[34m2025-01-07 02:13:16,803 - DEBUG - ADD PATIENTS[0m
[34m2025-01-07 02:13:16,803 - DEBUG - ADD PATIENTS[0m
[34m2025-01-07 02:13:16,803 - DEBUG - ADD PATIENTS[0m
[34m2025-01-07 02:13:16,803 - DEBUG - ADD PATIENTS[0m
[34m2025-01-07 02:13:16,804 - DEBUG - ADD PATIENTS[0m
[34m2025-01-07 02:13:16,804 - DEBUG - ADD PATIENTS[0m
[34m2025-01-07 02:13:16,804 - DEBUG - ADD PATIENTS[0m
[34m2025-01-07 02:13:16,804 - DEBUG - ADD PATIENTS[0m
[34m2025-01-07 02:13:16,804 - DEBUG - ADD PATIENTS[0m
[34m2025-01-07 02:13:16,804 - DEBUG - ADD PATIENTS[0m
[34m2025-01-07 02:13:16,804 - DEBUG - ADD PATIENTS[0m
[34m2025-01-07 02:13:16,804 - DEBUG - ADD PATIENTS[0m
[34m2025-01-07 02:13:16,805 - DEBUG - ADD PATIENTS[0m
[34m2025-01-07 02:13:16,805 - DEBUG - ADD PATIENTS[0m
[34m2025-01-07 02:13:16,805 - DEBUG - ADD PATIENTS[0m
[34m2025-01-07 02:13:16,805 - DEBUG - ADD PATIENTS[0m
[34m2025-01-07 02:13:16,805 - DEBUG - ADD PATIENTS[0m
[34m2025-01-07 02:13:16,805 - DEBUG - ADD PATIENTS[0m
[34m2025-01-07 02:13:16,807 - DEBUG - ADD PATIENTS[0m
[34m2025-01-07 02:13:16,807 - DEBUG - ADD PATIENTS[0m
[34m2025-01-07 02:13:16,807 - DEBUG - ADD PATIENTS[0m
[34m2025-01-07 02:13:16,807 - DEBUG - ADD PATIENTS[0m
[34m2025-01-07 02:13:16,807 - DEBUG - ADD PATIENTS[0m
[34m2025-01-07 02:13:16,807 - DEBUG - ADD PATIENTS[0m
[34m2025-01-07 02:13:16,808 - DEBUG - Instance data:[0m
[34m2025-01-07 02:13:16,808 - DEBUG - Number of patients: 30[0m
[34m2025-01-07 02:13:16,808 - DEBUG - Number of beds: 40[0m
[34m2025-01-07 02:13:16,808 - DEBUG - Average number of treatments per patient: 26.5[0m
[34m2025-01-07 02:13:16,808 - DEBUG - Average number of treatment per stayed day: 2.2910662824207493[0m
[34m2025-01-07 02:13:16,808 - DEBUG - Number of treatments: 795[0m
[34m2025-01-07 02:13:16,808 - DEBUG - Number of resources: 10[0m
[34m2025-01-07 02:13:16,808 - DEBUG - Number of resource groups: 4[0m
[34m2025-01-07 02:13:16,808 - DEBUG - Number of resource hours needed per all treatment by RG(therapists): 22.441666666666695[0m
[34m2025-01-07 02:13:16,808 - DEBUG - Number of resource hours needed per all treatment by RG(rooms): 41.99166666666666[0m
[34m2025-01-07 02:13:16,808 - DEBUG - Number of resource hours needed per all treatment by RG(physiotherapist): 15.5[0m
[34m2025-01-07 02:13:16,808 - DEBUG - Number of resource hours needed per all treatment by RG(sport_room): 6.75[0m
[32m2025-01-07 02:13:16,808 - INFO - {'solver': 'LBBDSolver', 'args': {'break_symmetry': False, 'subsolver_cls': <class 'src.solvers.subsolvers.cp_subsolver.CPSubsolver'>, 'subsolver.store_results': True, 'subsolver.store_results_method': 'hash', 'use_helper_constraints': True, 'enforce_min_treatments_per_day': True, 'enforce_max_treatments_per_e_w': True, 'enforce_min_patients_per_treatment': True, 'log_to_console': True}}[0m
[34m2025-01-07 02:13:16,808 - DEBUG - Setting options: LBBDSolver[0m
[34m2025-01-07 02:13:16,808 - DEBUG -  ---- break_symmetry to False[0m
[34m2025-01-07 02:13:16,808 - DEBUG -  ---- subsolver_cls to <class 'src.solvers.subsolvers.cp_subsolver.CPSubsolver'>[0m
[34m2025-01-07 02:13:16,808 - DEBUG -  ---- use_helper_constraints to True[0m
[34m2025-01-07 02:13:16,809 - DEBUG -  ---- add_constraints_to_symmetric_days to True (default)[0m
[34m2025-01-07 02:13:16,809 - DEBUG - Setting options: Solver[0m
[34m2025-01-07 02:13:16,809 - DEBUG -  ---- number_of_threads to 1 (default)[0m
[34m2025-01-07 02:13:16,809 - DEBUG -  ---- treatment_value to 0 (default)[0m
[34m2025-01-07 02:13:16,809 - DEBUG -  ---- delay_value to 1 (default)[0m
[34m2025-01-07 02:13:16,809 - DEBUG -  ---- missing_treatment_value to 4 (default)[0m
[34m2025-01-07 02:13:16,809 - DEBUG -  ---- enforce_min_treatments_per_day to True[0m
[34m2025-01-07 02:13:16,809 - DEBUG -  ---- enforce_max_treatments_per_e_w to True[0m
[34m2025-01-07 02:13:16,809 - DEBUG -  ---- enforce_min_patients_per_treatment to True[0m
[34m2025-01-07 02:13:16,809 - DEBUG -  ---- log_to_console to True[0m
[34m2025-01-07 02:13:16,809 - DEBUG -  ---- log_to_file to True (default)[0m
[34m2025-01-07 02:13:16,845 - DEBUG - Setting options: CPSubsolver[0m
[34m2025-01-07 02:13:16,846 - DEBUG -  ---- estimated_needed_treatments to True (default)[0m
[34m2025-01-07 02:13:16,846 - DEBUG -  ---- add_patient_symmetry to False (default)[0m
[34m2025-01-07 02:13:16,846 - DEBUG - Setting Subsolver options: SubSolver[0m
[34m2025-01-07 02:13:16,846 - DEBUG -  ---- store_results to True[0m
[34m2025-01-07 02:13:16,846 - DEBUG -  ---- store_results_method to hash[0m
[34m2025-01-07 02:13:16,846 - DEBUG -  ---- enforce_min_patients_per_treatment to True[0m
[34m2025-01-07 02:13:16,846 - DEBUG -  ---- use_day_symmetry to True (default)[0m
[32m2025-01-07 02:13:16,875 - INFO - Create model: LBBDSolver[0m
Set parameter TSPort to value 50039
Set parameter TokenServer to value "license.itc.rwth-aachen.de"
Set parameter Threads to value 1
Set parameter LazyConstraints to value 1
[34m2025-01-07 02:13:17,432 - DEBUG - Variables created.[0m
[34m2025-01-07 02:13:19,300 - DEBUG - Constraint (not too many treatments) created.[0m
[34m2025-01-07 02:13:20,636 - DEBUG - Constraint (no_treatments_outside admittance) created.[0m
[34m2025-01-07 02:13:20,637 - DEBUG - Constraint (bed_usage) created.[0m
[34m2025-01-07 02:13:20,638 - DEBUG - Constraint (must be admitted) created.[0m
[34m2025-01-07 02:13:20,848 - DEBUG - Constraint (e_w_ub) created.[0m
[34m2025-01-07 02:13:20,913 - DEBUG - Constraint (day_ub) created.[0m
[34m2025-01-07 02:13:20,976 - DEBUG - Constraint (Day always) created.[0m
[34m2025-01-07 02:13:20,976 - DEBUG - Constraint (already_admitted) created.[0m
[32m2025-01-07 02:13:24,158 - INFO - Time to create model: 7.283[0m
[32m2025-01-07 02:13:24,159 - INFO - Solving model: LBBDSolver[0m
Gurobi Optimizer version 10.0.0 build v10.0.0rc2 (linux64)

CPU model: Intel(R) Xeon(R) Platinum 8468, instruction set [SSE2|AVX|AVX2|AVX512]
Thread count: 96 physical cores, 96 logical processors, using up to 1 threads

Optimize a model with 286687 rows, 120381 columns and 2306264 nonzeros
Model fingerprint: 0x3aa594b9
Variable types: 3 continuous, 120378 integer (120378 binary)
Coefficient statistics:
  Matrix range     [1e+00, 2e+01]
  Objective range  [1e+00, 1e+01]
  Bounds range     [1e+00, 1e+00]
  RHS range        [1e+00, 3e+03]
Presolve added 0 rows and 2240 columns
Presolve removed 182801 rows and 0 columns
Presolve time: 3.79s
Presolved: 103886 rows, 122621 columns, 1511618 nonzeros
Variable types: 1 continuous, 122620 integer (121676 binary)
Root relaxation presolved: 103430 rows, 122473 columns, 1430762 nonzeros


Root simplex log...

Iteration    Objective       Primal Inf.    Dual Inf.      Time
       0   -3.9920930e+03   3.769885e+03   0.000000e+00      6s
    6907    6.8400000e+02   0.000000e+00   0.000000e+00      7s
    6907    6.8400000e+02   0.000000e+00   0.000000e+00      7s

Use crossover to convert LP symmetric solution to basic solution...

Root crossover log...

       0 DPushes remaining with DInf 0.0000000e+00                 7s

   21058 PPushes remaining with PInf 0.0000000e+00                 7s
       0 PPushes remaining with PInf 0.0000000e+00                 7s

  Push phase complete: Pinf 0.0000000e+00, Dinf 4.0025760e-12      7s


Root simplex log...

Iteration    Objective       Primal Inf.    Dual Inf.      Time
   27977    6.8400000e+02   0.000000e+00   0.000000e+00      7s
   27977    6.8400000e+02   0.000000e+00   0.000000e+00      7s

Root relaxation: objective 6.840000e+02, 27977 iterations, 1.41 seconds (1.65 work units)
Total elapsed time = 17.48s
Total elapsed time = 20.34s
Total elapsed time = 25.73s

    Nodes    |    Current Node    |     Objective Bounds      |     Work
 Expl Unexpl |  Obj  Depth IntInf | Incumbent    BestBd   Gap | It/Node Time

     0     0  684.00000    0  134          -  684.00000      -     -   28s
[32m2025-01-07 02:15:34,698 - INFO - d_prime: 7 d: 7[0m
[32m2025-01-07 02:15:34,703 - INFO - d_prime: 8 d: 7[0m
[32m2025-01-07 02:15:34,709 - INFO - forbidden_vars: ([{0:1},{0:1},{0:1},{0:1},{0:1},{2:1},{2:1},{0:1,2:1},{0:2},{0:1,2:1},{3:1,6:1},{0:1,6:2},{0:1,6:2},{1:1,2:1,7:1},{3:2,6:1},{3:2,6:1},{0:1,4:1,6:2},{0:1,2:1,3:1,4:1},{0:1,2:1,3:1,6:1},{1:3,6:1},{2:1,4:1,6:2},{2:1,3:2,4:1},{0:1,3:3,6:1},{0:2,4:1,6:1,7:1},{0:1,2:1,3:1,6:2}])[0m
[32m2025-01-07 02:15:34,709 - INFO - False[0m
     0     0  684.00000    0  134          -  684.00000      -     -  283s
H    0     0                     684.0000000  684.00000  0.00%     -  366s
     0     0  684.00000    0  134  684.00000  684.00000  0.00%     -  366s

Cutting planes:
  Lazy constraints: 2

Explored 1 nodes (123252 simplex iterations) in 366.59 seconds (49.39 work units)
Thread count was 1 (of 96 available processors)

Solution count 1: 684 

Optimal solution found (tolerance 1.00e-04)
Best objective 6.840000000000e+02, best bound 6.840000000000e+02, gap 0.0000%

User-callback calls 2229, time in user-callback 336.02 sec
[34m2025-01-07 02:19:30,890 - DEBUG - Finished optimization[0m
[34m2025-01-07 02:19:30,890 - DEBUG - Subsolver stats:[0m
[32m2025-01-07 02:19:30,890 - INFO - Number of cuts added: 1 (bad=0, good=1)[0m
[32m2025-01-07 02:19:30,890 - INFO - Unnecessary comps: (0 / 1)[0m
[32m2025-01-07 02:19:30,890 - INFO - Calls to is_day_infeasible: cp_solver=19/ total=28 stored=9[0m
[32m2025-01-07 02:19:30,890 - INFO - Is feasible: 335.89446687698364 0.9996862282786237[0m
[32m2025-01-07 02:19:30,890 - INFO - Subsolver: Solve Model: 335.1547358036041/0.9978186544927612[0m
[32m2025-01-07 02:19:30,890 - INFO - Subsolver: Create Model: 0.7326865196228027/0.0021813455072388307[0m
[32m2025-01-07 02:19:30,890 - INFO - Num_constraints-added: 2[0m
[32m2025-01-07 02:19:30,890 - INFO - Optimal solution found.[0m
[34m2025-01-07 02:19:30,890 - DEBUG - Sub Objectives:[0m
[34m2025-01-07 02:19:30,890 - DEBUG - (SOLVER):Minimize Delay: 0.0[0m
[34m2025-01-07 02:19:30,890 - DEBUG - (SOLVER):Minimize Missing Treatments: 684.0[0m
[32m2025-01-07 02:19:30,890 - INFO - All cuts [defaultdict(<class 'dict'>, {P(patient1): {T(music_therapy): 1, T(knitting): 3, T(sport): 1}, P(patient3): {T(music_therapy): 2, T(trust_exercise): 1, T(sport): 1, T(physio): 1}, P(patient4): {T(music_therapy): 1, T(sport): 2}, P(patient6): {T(music_therapy): 1, T(group_therapy): 1}, P(patient7): {T(music_therapy): 2}, P(patient12): {T(music_therapy): 1, T(trust_exercise): 1, T(sport): 2}, P(patient15): {T(music_therapy): 1, T(sport): 2}, P(patient16): {T(music_therapy): 1, T(group_therapy): 1, T(knitting): 1, T(trust_exercise): 1}, P(patient17): {T(music_therapy): 1, T(group_therapy): 1, T(knitting): 1, T(sport): 2}, P(patient18): {T(music_therapy): 1, T(group_therapy): 1, T(knitting): 1, T(sport): 1}, P(patient21): {T(music_therapy): 1}, P(patient23): {T(music_therapy): 1}, P(patient24): {T(music_therapy): 1, T(group_therapy): 1}, P(patient25): {T(music_therapy): 1}, P(patient26): {T(music_therapy): 1}, P(patient27): {T(music_therapy): 1}, P(patient2): {T(bath): 3, T(sport): 1}, P(patient8): {T(bath): 1, T(group_therapy): 1, T(physio): 1}, P(patient11): {T(group_therapy): 1, T(trust_exercise): 1, T(sport): 2}, P(patient19): {T(group_therapy): 1, T(knitting): 2, T(trust_exercise): 1}, P(patient22): {T(group_therapy): 1}, P(patient28): {T(group_therapy): 1}, P(patient0): {T(knitting): 2, T(sport): 1}, P(patient5): {T(knitting): 1, T(sport): 1}, P(patient14): {T(knitting): 2, T(sport): 1}})][0m
[32m2025-01-07 02:19:30,890 - INFO - All cuts ['([{0:1},{0:1},{0:1},{0:1},{0:1},{2:1},{2:1},{0:1,2:1},{0:2},{0:1,2:1},{3:1,6:1},{0:1,6:2},{0:1,6:2},{1:1,2:1,7:1},{3:2,6:1},{3:2,6:1},{0:1,4:1,6:2},{0:1,2:1,3:1,4:1},{0:1,2:1,3:1,6:1},{1:3,6:1},{2:1,4:1,6:2},{2:1,3:2,4:1},{0:1,3:3,6:1},{0:2,4:1,6:1,7:1},{0:1,2:1,3:1,6:2}])'][0m
[34m2025-01-07 02:22:34,518 - DEBUG - Patient 0 is admitted at day 0.[0m
[34m2025-01-07 02:22:34,520 - DEBUG - Patient 1 is admitted at day 1.[0m
[34m2025-01-07 02:22:34,520 - DEBUG - Patient 2 is admitted at day 2.[0m
[34m2025-01-07 02:22:34,520 - DEBUG - Patient 3 is admitted at day 2.[0m
[34m2025-01-07 02:22:34,520 - DEBUG - Patient 4 is admitted at day 3.[0m
[34m2025-01-07 02:22:34,520 - DEBUG - Patient 5 is admitted at day 4.[0m
[34m2025-01-07 02:22:34,520 - DEBUG - Patient 6 is admitted at day 5.[0m
[34m2025-01-07 02:22:34,520 - DEBUG - Patient 7 is admitted at day 2.[0m
[34m2025-01-07 02:22:34,520 - DEBUG - Patient 8 is admitted at day 7.[0m
[34m2025-01-07 02:22:34,520 - DEBUG - Patient 9 is admitted at day 9.[0m
[34m2025-01-07 02:22:34,520 - DEBUG - Patient 10 is admitted at day 8.[0m
[34m2025-01-07 02:22:34,520 - DEBUG - Patient 11 is admitted at day 7.[0m
[34m2025-01-07 02:22:34,520 - DEBUG - Patient 12 is admitted at day 7.[0m
[34m2025-01-07 02:22:34,520 - DEBUG - Patient 13 is admitted at day 8.[0m
[34m2025-01-07 02:22:34,520 - DEBUG - Patient 14 is admitted at day 7.[0m
[34m2025-01-07 02:22:34,520 - DEBUG - Patient 15 is admitted at day 7.[0m
[34m2025-01-07 02:22:34,520 - DEBUG - Patient 16 is admitted at day 7.[0m
[34m2025-01-07 02:22:34,521 - DEBUG - Patient 17 is admitted at day 7.[0m
[34m2025-01-07 02:22:34,521 - DEBUG - Patient 18 is admitted at day 7.[0m
[34m2025-01-07 02:22:34,521 - DEBUG - Patient 19 is admitted at day 7.[0m
[34m2025-01-07 02:22:34,521 - DEBUG - Patient 20 is admitted at day 0.[0m
[34m2025-01-07 02:22:34,521 - DEBUG - Patient 21 is admitted at day 1.[0m
[34m2025-01-07 02:22:34,521 - DEBUG - Patient 22 is admitted at day 2.[0m
[34m2025-01-07 02:22:34,521 - DEBUG - Patient 23 is admitted at day 2.[0m
[34m2025-01-07 02:22:34,521 - DEBUG - Patient 24 is admitted at day 3.[0m
[34m2025-01-07 02:22:34,521 - DEBUG - Patient 25 is admitted at day 4.[0m
[34m2025-01-07 02:22:34,521 - DEBUG - Patient 26 is admitted at day 5.[0m
[34m2025-01-07 02:22:34,521 - DEBUG - Patient 27 is admitted at day 2.[0m
[34m2025-01-07 02:22:34,521 - DEBUG - Patient 28 is admitted at day 7.[0m
[34m2025-01-07 02:22:34,521 - DEBUG - Patient 29 is admitted at day 9.[0m
[34m2025-01-07 02:22:34,521 - DEBUG - Patients [0, 20] have treatment 0 starting at day 0, hour 8.5 using resources [1, 2, 7].[0m
[34m2025-01-07 02:22:34,521 - DEBUG - Patients [0] have treatment 1 starting at day 0, hour 8.0 using resources [3].[0m
[34m2025-01-07 02:22:34,521 - DEBUG - Patients [0] have treatment 1 starting at day 0, hour 9.25 using resources [3].[0m
[34m2025-01-07 02:22:34,521 - DEBUG - Patients [20] have treatment 1 starting at day 0, hour 9.75 using resources [3].[0m
[34m2025-01-07 02:22:34,521 - DEBUG - Patients [20, 21] have treatment 0 starting at day 1, hour 9.5 using resources [1, 2, 3].[0m
[34m2025-01-07 02:22:34,521 - DEBUG - Patients [1, 21] have treatment 0 starting at day 1, hour 10.25 using resources [0, 1, 3].[0m
[34m2025-01-07 02:22:34,521 - DEBUG - Patients [20] have treatment 1 starting at day 1, hour 9.0 using resources [3].[0m
[34m2025-01-07 02:22:34,521 - DEBUG - Patients [20] have treatment 1 starting at day 1, hour 11.5 using resources [3].[0m
[34m2025-01-07 02:22:34,521 - DEBUG - Patients [20] have treatment 1 starting at day 1, hour 13.0 using resources [3].[0m
[34m2025-01-07 02:22:34,521 - DEBUG - Patients [0, 1] have treatment 5 starting at day 1, hour 8.0 using resources [6, 9, 3].[0m
[34m2025-01-07 02:22:34,521 - DEBUG - Patients [0, 1] have treatment 5 starting at day 1, hour 8.5 using resources [6, 9, 3].[0m
[34m2025-01-07 02:22:34,521 - DEBUG - Patients [1] have treatment 5 starting at day 1, hour 11.0 using resources [6, 9, 3].[0m
[34m2025-01-07 02:22:34,521 - DEBUG - Patients [1] have treatment 5 starting at day 1, hour 13.5 using resources [6, 9, 3].[0m
[34m2025-01-07 02:22:34,522 - DEBUG - Patients [1, 3, 21, 27] have treatment 0 starting at day 2, hour 10.0 using resources [1, 2, 5].[0m
[34m2025-01-07 02:22:34,522 - DEBUG - Patients [20] have treatment 1 starting at day 2, hour 10.0 using resources [3].[0m
[34m2025-01-07 02:22:34,522 - DEBUG - Patients [2] have treatment 1 starting at day 2, hour 10.5 using resources [3].[0m
[34m2025-01-07 02:22:34,522 - DEBUG - Patients [23] have treatment 1 starting at day 2, hour 15.5 using resources [3].[0m
[34m2025-01-07 02:22:34,522 - DEBUG - Patients [0, 1, 2, 3, 7, 20, 21, 22, 23, 27] have treatment 2 starting at day 2, hour 14.0 using resources [2, 3].[0m
[34m2025-01-07 02:22:34,522 - DEBUG - Patients [0, 1, 2, 3, 7, 20, 21, 22, 23, 27] have treatment 2 starting at day 2, hour 14.75 using resources [0, 3].[0m
[34m2025-01-07 02:22:34,522 - DEBUG - Patients [1, 7] have treatment 3 starting at day 2, hour 8.0 using resources [1, 3].[0m
[34m2025-01-07 02:22:34,522 - DEBUG - Patients [2, 3] have treatment 7 starting at day 2, hour 11.0 using resources [7, 3, 9].[0m
[34m2025-01-07 02:22:34,522 - DEBUG - Patients [1, 3] have treatment 7 starting at day 2, hour 13.0 using resources [7, 3, 9].[0m
[34m2025-01-07 02:22:34,522 - DEBUG - Patients [20, 24] have treatment 0 starting at day 3, hour 9.0 using resources [1, 2, 5].[0m
[34m2025-01-07 02:22:34,522 - DEBUG - Patients [27] have treatment 1 starting at day 3, hour 8.0 using resources [5].[0m
[34m2025-01-07 02:22:34,522 - DEBUG - Patients [24] have treatment 1 starting at day 3, hour 8.5 using resources [5].[0m
[34m2025-01-07 02:22:34,522 - DEBUG - Patients [22] have treatment 1 starting at day 3, hour 9.75 using resources [5].[0m
[34m2025-01-07 02:22:34,522 - DEBUG - Patients [2] have treatment 1 starting at day 3, hour 15.0 using resources [5].[0m
[34m2025-01-07 02:22:34,522 - DEBUG - Patients [0, 1, 2, 3, 4, 20, 21, 22, 23, 24] have treatment 2 starting at day 3, hour 11.25 using resources [0, 4].[0m
[34m2025-01-07 02:22:34,522 - DEBUG - Patients [0, 1, 2, 4] have treatment 3 starting at day 3, hour 13.0 using resources [6, 5].[0m
[34m2025-01-07 02:22:34,522 - DEBUG - Patients [4] have treatment 4 starting at day 3, hour 15.5 using resources [0, 3].[0m
[34m2025-01-07 02:22:34,522 - DEBUG - Patients [1] have treatment 5 starting at day 3, hour 15.0 using resources [6, 9, 3].[0m
[34m2025-01-07 02:22:34,522 - DEBUG - Patients [0, 1, 2, 4, 7] have treatment 6 starting at day 3, hour 10.0 using resources [0, 7].[0m
[34m2025-01-07 02:22:34,522 - DEBUG - Patients [3] have treatment 7 starting at day 3, hour 8.0 using resources [7, 3, 9].[0m
[34m2025-01-07 02:22:34,522 - DEBUG - Patients [3] have treatment 7 starting at day 3, hour 9.0 using resources [7, 3, 9].[0m
[34m2025-01-07 02:22:34,522 - DEBUG - Patients [3] have treatment 7 starting at day 3, hour 13.0 using resources [7, 3, 9].[0m
[34m2025-01-07 02:22:34,522 - DEBUG - Patients [3] have treatment 7 starting at day 3, hour 14.0 using resources [7, 3, 9].[0m
[34m2025-01-07 02:22:34,522 - DEBUG - Patients [4, 20, 21, 23] have treatment 0 starting at day 4, hour 8.0 using resources [1, 2, 5].[0m
[34m2025-01-07 02:22:34,522 - DEBUG - Patients [1, 23] have treatment 0 starting at day 4, hour 10.0 using resources [0, 1, 5].[0m
[34m2025-01-07 02:22:34,522 - DEBUG - Patients [27] have treatment 1 starting at day 4, hour 14.5 using resources [3].[0m
[34m2025-01-07 02:22:34,522 - DEBUG - Patients [23] have treatment 1 starting at day 4, hour 15.0 using resources [3].[0m
[34m2025-01-07 02:22:34,523 - DEBUG - Patients [5] have treatment 1 starting at day 4, hour 15.5 using resources [3].[0m
[34m2025-01-07 02:22:34,523 - DEBUG - Patients [0, 1, 3, 4, 5, 20, 21, 22, 24, 25] have treatment 2 starting at day 4, hour 13.0 using resources [0, 3].[0m
[34m2025-01-07 02:22:34,523 - DEBUG - Patients [0, 1, 2, 3, 4, 20, 21, 22, 24, 25] have treatment 2 starting at day 4, hour 13.75 using resources [0, 3].[0m
[34m2025-01-07 02:22:34,523 - DEBUG - Patients [3, 7] have treatment 3 starting at day 4, hour 8.0 using resources [0, 3].[0m
[34m2025-01-07 02:22:34,523 - DEBUG - Patients [2, 4] have treatment 7 starting at day 4, hour 10.0 using resources [7, 3, 9].[0m
[34m2025-01-07 02:22:34,523 - DEBUG - Patients [2] have treatment 7 starting at day 4, hour 11.0 using resources [7, 3, 9].[0m
[34m2025-01-07 02:22:34,523 - DEBUG - Patients [23, 24, 25, 26, 27] have treatment 0 starting at day 5, hour 8.5 using resources [1, 2, 5].[0m
[34m2025-01-07 02:22:34,523 - DEBUG - Patients [6, 20, 21, 23, 26] have treatment 0 starting at day 5, hour 9.25 using resources [0, 1, 5].[0m
[34m2025-01-07 02:22:34,523 - DEBUG - Patients [3, 5, 20, 21, 23] have treatment 0 starting at day 5, hour 10.0 using resources [0, 1, 5].[0m
[34m2025-01-07 02:22:34,523 - DEBUG - Patients [0, 3, 5, 20] have treatment 0 starting at day 5, hour 10.75 using resources [0, 1, 5].[0m
[34m2025-01-07 02:22:34,523 - DEBUG - Patients [24] have treatment 1 starting at day 5, hour 8.0 using resources [5].[0m
[34m2025-01-07 02:22:34,523 - DEBUG - Patients [22] have treatment 1 starting at day 5, hour 8.0 using resources [3].[0m
[34m2025-01-07 02:22:34,523 - DEBUG - Patients [22] have treatment 1 starting at day 5, hour 9.5 using resources [3].[0m
[34m2025-01-07 02:22:34,523 - DEBUG - Patients [22] have treatment 1 starting at day 5, hour 13.0 using resources [3].[0m
[34m2025-01-07 02:22:34,523 - DEBUG - Patients [20] have treatment 1 starting at day 5, hour 13.5 using resources [3].[0m
[34m2025-01-07 02:22:34,523 - DEBUG - Patients [7] have treatment 1 starting at day 5, hour 14.0 using resources [3].[0m
[34m2025-01-07 02:22:34,523 - DEBUG - Patients [2] have treatment 4 starting at day 5, hour 15.5 using resources [0, 3].[0m
[34m2025-01-07 02:22:34,523 - DEBUG - Patients [6] have treatment 5 starting at day 5, hour 14.5 using resources [6, 9, 3].[0m
[34m2025-01-07 02:22:34,523 - DEBUG - Patients [7] have treatment 5 starting at day 5, hour 15.0 using resources [6, 9, 3].[0m
[34m2025-01-07 02:22:34,523 - DEBUG - Patients [2, 4] have treatment 7 starting at day 5, hour 8.5 using resources [7, 3, 9].[0m
[34m2025-01-07 02:22:34,523 - DEBUG - Patients [1, 4] have treatment 7 starting at day 5, hour 10.0 using resources [7, 3, 9].[0m
[34m2025-01-07 02:22:34,523 - DEBUG - Patients [1, 4] have treatment 7 starting at day 5, hour 11.0 using resources [7, 3, 9].[0m
[34m2025-01-07 02:22:34,523 - DEBUG - Patients [7, 24, 25, 26, 27] have treatment 0 starting at day 6, hour 11.0 using resources [8, 6, 7].[0m
[34m2025-01-07 02:22:34,523 - DEBUG - Patients [4, 5, 6, 24, 27] have treatment 0 starting at day 6, hour 13.0 using resources [1, 2, 7].[0m
[34m2025-01-07 02:22:34,523 - DEBUG - Patients [0, 6, 24] have treatment 0 starting at day 6, hour 14.5 using resources [0, 1, 5].[0m
[34m2025-01-07 02:22:34,523 - DEBUG - Patients [0, 4] have treatment 0 starting at day 6, hour 15.25 using resources [0, 1, 5].[0m
[34m2025-01-07 02:22:34,524 - DEBUG - Patients [25] have treatment 1 starting at day 6, hour 10.0 using resources [5].[0m
[34m2025-01-07 02:22:34,524 - DEBUG - Patients [24] have treatment 1 starting at day 6, hour 10.5 using resources [5].[0m
[34m2025-01-07 02:22:34,524 - DEBUG - Patients [23] have treatment 1 starting at day 6, hour 11.0 using resources [5].[0m
[34m2025-01-07 02:22:34,524 - DEBUG - Patients [23] have treatment 1 starting at day 6, hour 11.5 using resources [5].[0m
[34m2025-01-07 02:22:34,524 - DEBUG - Patients [23] have treatment 1 starting at day 6, hour 13.0 using resources [5].[0m
[34m2025-01-07 02:22:34,524 - DEBUG - Patients [22] have treatment 1 starting at day 6, hour 13.5 using resources [5].[0m
[34m2025-01-07 02:22:34,524 - DEBUG - Patients [21] have treatment 1 starting at day 6, hour 14.0 using resources [5].[0m
[34m2025-01-07 02:22:34,524 - DEBUG - Patients [3] have treatment 1 starting at day 6, hour 15.0 using resources [3].[0m
[34m2025-01-07 02:22:34,524 - DEBUG - Patients [3] have treatment 1 starting at day 6, hour 15.5 using resources [3].[0m
[34m2025-01-07 02:22:34,524 - DEBUG - Patients [3, 4] have treatment 3 starting at day 6, hour 8.0 using resources [0, 5].[0m
[34m2025-01-07 02:22:34,524 - DEBUG - Patients [1, 3] have treatment 3 starting at day 6, hour 10.0 using resources [0, 3].[0m
[34m2025-01-07 02:22:34,524 - DEBUG - Patients [0] have treatment 4 starting at day 6, hour 13.0 using resources [0, 3].[0m
[34m2025-01-07 02:22:34,524 - DEBUG - Patients [2] have treatment 4 starting at day 6, hour 13.5 using resources [0, 3].[0m
[34m2025-01-07 02:22:34,524 - DEBUG - Patients [1, 2] have treatment 7 starting at day 6, hour 8.0 using resources [7, 3, 9].[0m
[34m2025-01-07 02:22:34,524 - DEBUG - Patients [1] have treatment 7 starting at day 6, hour 9.0 using resources [7, 3, 9].[0m
[34m2025-01-07 02:22:34,524 - DEBUG - Patients [1] have treatment 7 starting at day 6, hour 14.0 using resources [7, 3, 9].[0m
[34m2025-01-07 02:22:34,524 - DEBUG - Patients [23, 24, 25, 26, 27] have treatment 0 starting at day 7, hour 8.0 using resources [2, 6, 4].[0m
[34m2025-01-07 02:22:34,524 - DEBUG - Patients [15, 16, 17, 18, 21] have treatment 0 starting at day 7, hour 13.0 using resources [1, 2, 5].[0m
[34m2025-01-07 02:22:34,524 - DEBUG - Patients [3, 4, 6, 7, 12] have treatment 0 starting at day 7, hour 13.75 using resources [1, 2, 5].[0m
[34m2025-01-07 02:22:34,524 - DEBUG - Patients [1, 3, 7] have treatment 0 starting at day 7, hour 15.25 using resources [1, 2, 7].[0m
[34m2025-01-07 02:22:34,524 - DEBUG - Patients [2] have treatment 1 starting at day 7, hour 10.0 using resources [5].[0m
[34m2025-01-07 02:22:34,524 - DEBUG - Patients [2] have treatment 1 starting at day 7, hour 10.5 using resources [5].[0m
[34m2025-01-07 02:22:34,524 - DEBUG - Patients [2] have treatment 1 starting at day 7, hour 11.0 using resources [5].[0m
[34m2025-01-07 02:22:34,524 - DEBUG - Patients [8] have treatment 1 starting at day 7, hour 11.5 using resources [5].[0m
[34m2025-01-07 02:22:34,524 - DEBUG - Patients [6, 8, 11, 16, 17, 18, 19, 22, 24, 28] have treatment 2 starting at day 7, hour 15.25 using resources [0, 5].[0m
[34m2025-01-07 02:22:34,524 - DEBUG - Patients [5, 14, 16, 17, 18, 19] have treatment 3 starting at day 7, hour 8.0 using resources [8, 5].[0m
[34m2025-01-07 02:22:34,524 - DEBUG - Patients [0, 1, 14, 19] have treatment 3 starting at day 7, hour 10.0 using resources [1, 4].[0m
[34m2025-01-07 02:22:34,525 - DEBUG - Patients [0, 1, 19] have treatment 3 starting at day 7, hour 13.0 using resources [8, 4].[0m
[34m2025-01-07 02:22:34,525 - DEBUG - Patients [12, 16] have treatment 4 starting at day 7, hour 11.5 using resources [0, 3].[0m
[34m2025-01-07 02:22:34,525 - DEBUG - Patients [3, 11] have treatment 4 starting at day 7, hour 14.5 using resources [0, 3].[0m
[34m2025-01-07 02:22:34,525 - DEBUG - Patients [0, 1, 3, 4, 11, 12] have treatment 6 starting at day 7, hour 8.0 using resources [1, 7].[0m
[34m2025-01-07 02:22:34,525 - DEBUG - Patients [4, 11, 12, 15, 17, 18] have treatment 6 starting at day 7, hour 10.25 using resources [6, 7].[0m
[34m2025-01-07 02:22:34,525 - DEBUG - Patients [2, 5, 14, 15, 17] have treatment 6 starting at day 7, hour 14.0 using resources [6, 7].[0m
[34m2025-01-07 02:22:34,525 - DEBUG - Patients [3] have treatment 7 starting at day 7, hour 9.25 using resources [7, 3, 9].[0m
[34m2025-01-07 02:22:34,525 - DEBUG - Patients [8] have treatment 7 starting at day 7, hour 13.0 using resources [7, 3, 6].[0m
[34m2025-01-07 02:22:34,525 - DEBUG - Patients [12, 14, 15, 23, 24] have treatment 0 starting at day 8, hour 9.25 using resources [8, 6, 3].[0m
[34m2025-01-07 02:22:34,525 - DEBUG - Patients [0, 6, 7, 19] have treatment 0 starting at day 8, hour 14.0 using resources [2, 6, 4].[0m
[34m2025-01-07 02:22:34,525 - DEBUG - Patients [0, 4, 19] have treatment 0 starting at day 8, hour 14.75 using resources [8, 6, 4].[0m
[34m2025-01-07 02:22:34,525 - DEBUG - Patients [24] have treatment 1 starting at day 8, hour 8.0 using resources [4].[0m
[34m2025-01-07 02:22:34,525 - DEBUG - Patients [27] have treatment 1 starting at day 8, hour 8.0 using resources [7].[0m
[34m2025-01-07 02:22:34,525 - DEBUG - Patients [27] have treatment 1 starting at day 8, hour 8.5 using resources [4].[0m
[34m2025-01-07 02:22:34,525 - DEBUG - Patients [24] have treatment 1 starting at day 8, hour 8.5 using resources [7].[0m
[34m2025-01-07 02:22:34,525 - DEBUG - Patients [21] have treatment 1 starting at day 8, hour 9.0 using resources [4].[0m
[34m2025-01-07 02:22:34,525 - DEBUG - Patients [10] have treatment 1 starting at day 8, hour 9.5 using resources [5].[0m
[34m2025-01-07 02:22:34,525 - DEBUG - Patients [1] have treatment 1 starting at day 8, hour 9.5 using resources [4].[0m
[34m2025-01-07 02:22:34,525 - DEBUG - Patients [24] have treatment 1 starting at day 8, hour 10.0 using resources [5].[0m
[34m2025-01-07 02:22:34,525 - DEBUG - Patients [21] have treatment 1 starting at day 8, hour 10.0 using resources [3].[0m
[34m2025-01-07 02:22:34,525 - DEBUG - Patients [21] have treatment 1 starting at day 8, hour 10.5 using resources [4].[0m
[34m2025-01-07 02:22:34,525 - DEBUG - Patients [18] have treatment 1 starting at day 8, hour 10.5 using resources [3].[0m
[34m2025-01-07 02:22:34,525 - DEBUG - Patients [1] have treatment 1 starting at day 8, hour 11.0 using resources [3].[0m
[34m2025-01-07 02:22:34,525 - DEBUG - Patients [17] have treatment 1 starting at day 8, hour 11.0 using resources [4].[0m
[34m2025-01-07 02:22:34,525 - DEBUG - Patients [26] have treatment 1 starting at day 8, hour 11.5 using resources [4].[0m
[34m2025-01-07 02:22:34,525 - DEBUG - Patients [1] have treatment 1 starting at day 8, hour 11.5 using resources [3].[0m
[34m2025-01-07 02:22:34,525 - DEBUG - Patients [16] have treatment 1 starting at day 8, hour 13.0 using resources [3].[0m
[34m2025-01-07 02:22:34,526 - DEBUG - Patients [1] have treatment 1 starting at day 8, hour 13.0 using resources [4].[0m
[34m2025-01-07 02:22:34,526 - DEBUG - Patients [23] have treatment 1 starting at day 8, hour 13.0 using resources [7].[0m
[34m2025-01-07 02:22:34,526 - DEBUG - Patients [16] have treatment 1 starting at day 8, hour 13.5 using resources [3].[0m
[34m2025-01-07 02:22:34,526 - DEBUG - Patients [14] have treatment 1 starting at day 8, hour 13.5 using resources [7].[0m
[34m2025-01-07 02:22:34,526 - DEBUG - Patients [10] have treatment 1 starting at day 8, hour 13.5 using resources [4].[0m
[34m2025-01-07 02:22:34,526 - DEBUG - Patients [8] have treatment 1 starting at day 8, hour 13.75 using resources [5].[0m
[34m2025-01-07 02:22:34,526 - DEBUG - Patients [1] have treatment 1 starting at day 8, hour 14.25 using resources [5].[0m
[34m2025-01-07 02:22:34,526 - DEBUG - Patients [17] have treatment 1 starting at day 8, hour 14.25 using resources [7].[0m
[34m2025-01-07 02:22:34,526 - DEBUG - Patients [13] have treatment 1 starting at day 8, hour 14.75 using resources [5].[0m
[34m2025-01-07 02:22:34,526 - DEBUG - Patients [18] have treatment 1 starting at day 8, hour 15.0 using resources [7].[0m
[34m2025-01-07 02:22:34,526 - DEBUG - Patients [14] have treatment 1 starting at day 8, hour 15.5 using resources [5].[0m
[34m2025-01-07 02:22:34,526 - DEBUG - Patients [11, 12, 13, 15, 16, 17, 18, 19, 26, 28] have treatment 2 starting at day 8, hour 8.0 using resources [1, 5].[0m
[34m2025-01-07 02:22:34,526 - DEBUG - Patients [2, 3, 4, 5, 8, 12, 17, 18, 19, 28] have treatment 2 starting at day 8, hour 13.0 using resources [8, 5].[0m
[34m2025-01-07 02:22:34,526 - DEBUG - Patients [2, 4, 17] have treatment 3 starting at day 8, hour 9.0 using resources [0, 7].[0m
[34m2025-01-07 02:22:34,526 - DEBUG - Patients [2, 12] have treatment 3 starting at day 8, hour 14.0 using resources [0, 3].[0m
[34m2025-01-07 02:22:34,526 - DEBUG - Patients [8] have treatment 4 starting at day 8, hour 8.0 using resources [0, 3].[0m
[34m2025-01-07 02:22:34,526 - DEBUG - Patients [2, 4] have treatment 4 starting at day 8, hour 8.5 using resources [0, 3].[0m
[34m2025-01-07 02:22:34,526 - DEBUG - Patients [11, 13] have treatment 4 starting at day 8, hour 8.75 using resources [8, 5].[0m
[34m2025-01-07 02:22:34,526 - DEBUG - Patients [11] have treatment 4 starting at day 8, hour 10.0 using resources [6, 4].[0m
[34m2025-01-07 02:22:34,526 - DEBUG - Patients [3, 16] have treatment 4 starting at day 8, hour 10.5 using resources [1, 5].[0m
[34m2025-01-07 02:22:34,526 - DEBUG - Patients [3, 13] have treatment 4 starting at day 8, hour 15.5 using resources [2, 4].[0m
[34m2025-01-07 02:22:34,526 - DEBUG - Patients [11, 15] have treatment 4 starting at day 8, hour 15.5 using resources [1, 7].[0m
[34m2025-01-07 02:22:34,526 - DEBUG - Patients [14, 15, 26, 28, 29] have treatment 0 starting at day 9, hour 9.5 using resources [1, 2, 5].[0m
[34m2025-01-07 02:22:34,526 - DEBUG - Patients [0, 4, 10, 11] have treatment 0 starting at day 9, hour 10.25 using resources [0, 1, 5].[0m
[34m2025-01-07 02:22:34,526 - DEBUG - Patients [21] have treatment 1 starting at day 9, hour 8.0 using resources [5].[0m
[34m2025-01-07 02:22:34,526 - DEBUG - Patients [21] have treatment 1 starting at day 9, hour 9.0 using resources [5].[0m
[34m2025-01-07 02:22:34,526 - DEBUG - Patients [17] have treatment 1 starting at day 9, hour 13.5 using resources [5].[0m
[34m2025-01-07 02:22:34,526 - DEBUG - Patients [13] have treatment 1 starting at day 9, hour 14.0 using resources [5].[0m
[34m2025-01-07 02:22:34,527 - DEBUG - Patients [2, 8, 11, 12, 14, 17, 18, 21, 28, 29] have treatment 2 starting at day 9, hour 11.0 using resources [1, 5].[0m
[34m2025-01-07 02:22:34,527 - DEBUG - Patients [5, 18] have treatment 4 starting at day 9, hour 8.5 using resources [0, 5].[0m
[34m2025-01-07 02:22:34,527 - DEBUG - Patients [3, 5] have treatment 4 starting at day 9, hour 13.0 using resources [0, 5].[0m
[34m2025-01-07 02:22:34,527 - DEBUG - Patients [1, 3] have treatment 4 starting at day 9, hour 14.5 using resources [0, 5].[0m
[34m2025-01-07 02:22:34,527 - DEBUG - Patients [1] have treatment 4 starting at day 9, hour 15.0 using resources [0, 3].[0m
[34m2025-01-07 02:22:34,527 - DEBUG - Patients [13, 19] have treatment 5 starting at day 9, hour 9.0 using resources [6, 9, 3].[0m
[34m2025-01-07 02:22:34,527 - DEBUG - Patients [7, 12] have treatment 5 starting at day 9, hour 10.5 using resources [6, 9, 3].[0m
[34m2025-01-07 02:22:34,527 - DEBUG - Patients [3, 4] have treatment 5 starting at day 9, hour 11.0 using resources [6, 9, 3].[0m
[34m2025-01-07 02:22:34,527 - DEBUG - Patients [0, 3] have treatment 5 starting at day 9, hour 11.5 using resources [6, 9, 3].[0m
[34m2025-01-07 02:22:34,527 - DEBUG - Patients [0, 3] have treatment 5 starting at day 9, hour 15.5 using resources [6, 9, 3].[0m
[34m2025-01-07 02:22:34,527 - DEBUG - Patients [11, 16] have treatment 7 starting at day 9, hour 8.0 using resources [7, 3, 9].[0m
[34m2025-01-07 02:22:34,527 - DEBUG - Patients [9, 16] have treatment 7 starting at day 9, hour 9.5 using resources [7, 3, 9].[0m
[34m2025-01-07 02:22:34,527 - DEBUG - Patients [4, 8] have treatment 7 starting at day 9, hour 13.0 using resources [7, 3, 6].[0m
[34m2025-01-07 02:22:34,527 - DEBUG - Patients [2] have treatment 7 starting at day 9, hour 14.0 using resources [7, 3, 6].[0m
[34m2025-01-07 02:22:34,527 - DEBUG - Patients [13, 17] have treatment 0 starting at day 10, hour 9.25 using resources [1, 8, 7].[0m
[34m2025-01-07 02:22:34,527 - DEBUG - Patients [10] have treatment 1 starting at day 10, hour 8.0 using resources [4].[0m
[34m2025-01-07 02:22:34,527 - DEBUG - Patients [5] have treatment 1 starting at day 10, hour 8.5 using resources [4].[0m
[34m2025-01-07 02:22:34,527 - DEBUG - Patients [29] have treatment 1 starting at day 10, hour 8.5 using resources [5].[0m
[34m2025-01-07 02:22:34,527 - DEBUG - Patients [12] have treatment 1 starting at day 10, hour 9.0 using resources [4].[0m
[34m2025-01-07 02:22:34,527 - DEBUG - Patients [15] have treatment 1 starting at day 10, hour 9.0 using resources [5].[0m
[34m2025-01-07 02:22:34,527 - DEBUG - Patients [5] have treatment 1 starting at day 10, hour 9.5 using resources [5].[0m
[34m2025-01-07 02:22:34,527 - DEBUG - Patients [28] have treatment 1 starting at day 10, hour 9.5 using resources [4].[0m
[34m2025-01-07 02:22:34,527 - DEBUG - Patients [4] have treatment 1 starting at day 10, hour 10.0 using resources [4].[0m
[34m2025-01-07 02:22:34,527 - DEBUG - Patients [15] have treatment 1 starting at day 10, hour 10.5 using resources [4].[0m
[34m2025-01-07 02:22:34,527 - DEBUG - Patients [16] have treatment 1 starting at day 10, hour 11.0 using resources [4].[0m
[34m2025-01-07 02:22:34,527 - DEBUG - Patients [0] have treatment 1 starting at day 10, hour 11.5 using resources [4].[0m
[34m2025-01-07 02:22:34,527 - DEBUG - Patients [4] have treatment 1 starting at day 10, hour 11.5 using resources [7].[0m
[34m2025-01-07 02:22:34,527 - DEBUG - Patients [26] have treatment 1 starting at day 10, hour 11.5 using resources [3].[0m
[34m2025-01-07 02:22:34,528 - DEBUG - Patients [26] have treatment 1 starting at day 10, hour 13.0 using resources [5].[0m
[34m2025-01-07 02:22:34,528 - DEBUG - Patients [12] have treatment 1 starting at day 10, hour 13.0 using resources [4].[0m
[34m2025-01-07 02:22:34,528 - DEBUG - Patients [18] have treatment 1 starting at day 10, hour 13.5 using resources [5].[0m
[34m2025-01-07 02:22:34,528 - DEBUG - Patients [19] have treatment 1 starting at day 10, hour 14.0 using resources [3].[0m
[34m2025-01-07 02:22:34,528 - DEBUG - Patients [4] have treatment 1 starting at day 10, hour 14.0 using resources [7].[0m
[34m2025-01-07 02:22:34,528 - DEBUG - Patients [18] have treatment 1 starting at day 10, hour 14.0 using resources [4].[0m
[34m2025-01-07 02:22:34,528 - DEBUG - Patients [16] have treatment 1 starting at day 10, hour 14.0 using resources [5].[0m
[34m2025-01-07 02:22:34,528 - DEBUG - Patients [18] have treatment 1 starting at day 10, hour 14.5 using resources [5].[0m
[34m2025-01-07 02:22:34,528 - DEBUG - Patients [16] have treatment 1 starting at day 10, hour 14.5 using resources [3].[0m
[34m2025-01-07 02:22:34,528 - DEBUG - Patients [15] have treatment 1 starting at day 10, hour 14.5 using resources [4].[0m
[34m2025-01-07 02:22:34,528 - DEBUG - Patients [25] have treatment 1 starting at day 10, hour 15.0 using resources [4].[0m
[34m2025-01-07 02:22:34,528 - DEBUG - Patients [19] have treatment 1 starting at day 10, hour 15.0 using resources [5].[0m
[34m2025-01-07 02:22:34,528 - DEBUG - Patients [6] have treatment 1 starting at day 10, hour 15.5 using resources [5].[0m
[34m2025-01-07 02:22:34,528 - DEBUG - Patients [4] have treatment 1 starting at day 10, hour 15.5 using resources [4].[0m
[34m2025-01-07 02:22:34,528 - DEBUG - Patients [19] have treatment 1 starting at day 10, hour 15.5 using resources [7].[0m
[34m2025-01-07 02:22:34,528 - DEBUG - Patients [25] have treatment 1 starting at day 10, hour 15.5 using resources [3].[0m
[34m2025-01-07 02:22:34,528 - DEBUG - Patients [1, 7, 17] have treatment 3 starting at day 10, hour 10.0 using resources [0, 5].[0m
[34m2025-01-07 02:22:34,528 - DEBUG - Patients [10] have treatment 4 starting at day 10, hour 11.0 using resources [2, 3].[0m
[34m2025-01-07 02:22:34,528 - DEBUG - Patients [1] have treatment 4 starting at day 10, hour 13.5 using resources [1, 4].[0m
[34m2025-01-07 02:22:34,528 - DEBUG - Patients [9] have treatment 4 starting at day 10, hour 15.0 using resources [1, 3].[0m
[34m2025-01-07 02:22:34,528 - DEBUG - Patients [2, 13] have treatment 4 starting at day 10, hour 15.0 using resources [6, 7].[0m
[34m2025-01-07 02:22:34,528 - DEBUG - Patients [6] have treatment 5 starting at day 10, hour 8.0 using resources [6, 9, 3].[0m
[34m2025-01-07 02:22:34,528 - DEBUG - Patients [17] have treatment 5 starting at day 10, hour 8.5 using resources [6, 9, 3].[0m
[34m2025-01-07 02:22:34,528 - DEBUG - Patients [9, 11] have treatment 5 starting at day 10, hour 9.0 using resources [6, 9, 3].[0m
[34m2025-01-07 02:22:34,528 - DEBUG - Patients [16] have treatment 5 starting at day 10, hour 9.5 using resources [6, 9, 3].[0m
[34m2025-01-07 02:22:34,528 - DEBUG - Patients [3] have treatment 5 starting at day 10, hour 11.0 using resources [6, 9, 7].[0m
[34m2025-01-07 02:22:34,528 - DEBUG - Patients [1, 17] have treatment 5 starting at day 10, hour 14.5 using resources [6, 9, 7].[0m
[34m2025-01-07 02:22:34,528 - DEBUG - Patients [3, 7, 8, 13, 14] have treatment 6 starting at day 10, hour 8.0 using resources [0, 7].[0m
[34m2025-01-07 02:22:34,529 - DEBUG - Patients [9, 18] have treatment 7 starting at day 10, hour 10.0 using resources [7, 3, 9].[0m
[34m2025-01-07 02:22:34,529 - DEBUG - Patients [2] have treatment 7 starting at day 10, hour 13.0 using resources [7, 3, 9].[0m
[34m2025-01-07 02:22:34,529 - DEBUG - Patients [1, 14, 19] have treatment 0 starting at day 11, hour 10.25 using resources [2, 6, 7].[0m
[34m2025-01-07 02:22:34,529 - DEBUG - Patients [13, 16] have treatment 0 starting at day 11, hour 14.5 using resources [0, 6, 4].[0m
[34m2025-01-07 02:22:34,529 - DEBUG - Patients [16] have treatment 1 starting at day 11, hour 8.0 using resources [4].[0m
[34m2025-01-07 02:22:34,529 - DEBUG - Patients [29] have treatment 1 starting at day 11, hour 8.0 using resources [5].[0m
[34m2025-01-07 02:22:34,529 - DEBUG - Patients [29] have treatment 1 starting at day 11, hour 8.5 using resources [3].[0m
[34m2025-01-07 02:22:34,529 - DEBUG - Patients [15] have treatment 1 starting at day 11, hour 8.5 using resources [5].[0m
[34m2025-01-07 02:22:34,529 - DEBUG - Patients [15] have treatment 1 starting at day 11, hour 9.0 using resources [5].[0m
[34m2025-01-07 02:22:34,529 - DEBUG - Patients [13] have treatment 1 starting at day 11, hour 9.0 using resources [3].[0m
[34m2025-01-07 02:22:34,529 - DEBUG - Patients [13] have treatment 1 starting at day 11, hour 9.5 using resources [5].[0m
[34m2025-01-07 02:22:34,529 - DEBUG - Patients [12] have treatment 1 starting at day 11, hour 9.5 using resources [4].[0m
[34m2025-01-07 02:22:34,529 - DEBUG - Patients [12] have treatment 1 starting at day 11, hour 10.0 using resources [4].[0m
[34m2025-01-07 02:22:34,529 - DEBUG - Patients [9] have treatment 1 starting at day 11, hour 10.0 using resources [3].[0m
[34m2025-01-07 02:22:34,529 - DEBUG - Patients [9] have treatment 1 starting at day 11, hour 10.5 using resources [3].[0m
[34m2025-01-07 02:22:34,529 - DEBUG - Patients [9] have treatment 1 starting at day 11, hour 11.0 using resources [7].[0m
[34m2025-01-07 02:22:34,529 - DEBUG - Patients [7] have treatment 1 starting at day 11, hour 11.0 using resources [4].[0m
[34m2025-01-07 02:22:34,529 - DEBUG - Patients [7] have treatment 1 starting at day 11, hour 11.5 using resources [7].[0m
[34m2025-01-07 02:22:34,529 - DEBUG - Patients [7] have treatment 1 starting at day 11, hour 13.0 using resources [3].[0m
[34m2025-01-07 02:22:34,529 - DEBUG - Patients [6] have treatment 1 starting at day 11, hour 13.0 using resources [4].[0m
[34m2025-01-07 02:22:34,529 - DEBUG - Patients [6] have treatment 1 starting at day 11, hour 13.5 using resources [3].[0m
[34m2025-01-07 02:22:34,529 - DEBUG - Patients [4] have treatment 1 starting at day 11, hour 14.0 using resources [3].[0m
[34m2025-01-07 02:22:34,529 - DEBUG - Patients [4] have treatment 1 starting at day 11, hour 14.5 using resources [3].[0m
[34m2025-01-07 02:22:34,529 - DEBUG - Patients [0] have treatment 1 starting at day 11, hour 14.5 using resources [7].[0m
[34m2025-01-07 02:22:34,529 - DEBUG - Patients [1] have treatment 1 starting at day 11, hour 15.0 using resources [3].[0m
[34m2025-01-07 02:22:34,529 - DEBUG - Patients [0] have treatment 1 starting at day 11, hour 15.0 using resources [7].[0m
[34m2025-01-07 02:22:34,529 - DEBUG - Patients [0] have treatment 1 starting at day 11, hour 15.5 using resources [4].[0m
[34m2025-01-07 02:22:34,529 - DEBUG - Patients [1, 10, 13, 14, 15, 17, 18, 19, 28, 29] have treatment 2 starting at day 11, hour 11.0 using resources [1, 3].[0m
[34m2025-01-07 02:22:34,530 - DEBUG - Patients [3, 17] have treatment 3 starting at day 11, hour 8.0 using resources [0, 7].[0m
[34m2025-01-07 02:22:34,530 - DEBUG - Patients [3, 5] have treatment 3 starting at day 11, hour 10.0 using resources [8, 5].[0m
[34m2025-01-07 02:22:34,530 - DEBUG - Patients [1, 3, 10] have treatment 3 starting at day 11, hour 13.0 using resources [8, 5].[0m
[34m2025-01-07 02:22:34,530 - DEBUG - Patients [14] have treatment 4 starting at day 11, hour 8.0 using resources [1, 3].[0m
[34m2025-01-07 02:22:34,530 - DEBUG - Patients [11] have treatment 4 starting at day 11, hour 8.5 using resources [1, 4].[0m
[34m2025-01-07 02:22:34,530 - DEBUG - Patients [2] have treatment 4 starting at day 11, hour 9.0 using resources [2, 4].[0m
[34m2025-01-07 02:22:34,530 - DEBUG - Patients [2, 18] have treatment 4 starting at day 11, hour 9.5 using resources [2, 3].[0m
[34m2025-01-07 02:22:34,530 - DEBUG - Patients [2] have treatment 4 starting at day 11, hour 15.5 using resources [2, 3].[0m
[34m2025-01-07 02:22:34,530 - DEBUG - Patients [17] have treatment 4 starting at day 11, hour 15.5 using resources [1, 5].[0m
[34m2025-01-07 02:22:34,530 - DEBUG - Patients [3] have treatment 4 starting at day 11, hour 15.5 using resources [0, 7].[0m
[34m2025-01-07 02:22:34,530 - DEBUG - Patients [8] have treatment 7 starting at day 11, hour 13.5 using resources [7, 4, 9].[0m
[34m2025-01-07 02:22:34,530 - DEBUG - Patients [1, 12, 17, 18, 29] have treatment 0 starting at day 12, hour 8.0 using resources [0, 8, 5].[0m
[34m2025-01-07 02:22:34,530 - DEBUG - Patients [9, 11, 15, 16, 17] have treatment 0 starting at day 12, hour 13.0 using resources [1, 2, 4].[0m
[34m2025-01-07 02:22:34,530 - DEBUG - Patients [10, 18, 29] have treatment 0 starting at day 12, hour 13.75 using resources [1, 8, 4].[0m
[34m2025-01-07 02:22:34,530 - DEBUG - Patients [1, 3, 7, 8, 29] have treatment 0 starting at day 12, hour 14.5 using resources [0, 8, 5].[0m
[34m2025-01-07 02:22:34,530 - DEBUG - Patients [3, 14, 16, 18] have treatment 0 starting at day 12, hour 15.25 using resources [1, 2, 5].[0m
[34m2025-01-07 02:22:34,530 - DEBUG - Patients [28] have treatment 1 starting at day 12, hour 8.0 using resources [4].[0m
[34m2025-01-07 02:22:34,530 - DEBUG - Patients [28] have treatment 1 starting at day 12, hour 8.5 using resources [4].[0m
[34m2025-01-07 02:22:34,530 - DEBUG - Patients [4, 11, 12, 15, 17] have treatment 3 starting at day 12, hour 14.0 using resources [3, 7].[0m
[34m2025-01-07 02:22:34,530 - DEBUG - Patients [17, 18] have treatment 4 starting at day 12, hour 8.75 using resources [0, 5].[0m
[34m2025-01-07 02:22:34,530 - DEBUG - Patients [10, 14] have treatment 4 starting at day 12, hour 9.25 using resources [0, 5].[0m
[34m2025-01-07 02:22:34,530 - DEBUG - Patients [6, 7] have treatment 4 starting at day 12, hour 9.75 using resources [0, 3].[0m
[34m2025-01-07 02:22:34,530 - DEBUG - Patients [2] have treatment 4 starting at day 12, hour 10.75 using resources [0, 5].[0m
[34m2025-01-07 02:22:34,530 - DEBUG - Patients [2] have treatment 4 starting at day 12, hour 11.25 using resources [0, 5].[0m
[34m2025-01-07 02:22:34,530 - DEBUG - Patients [3, 11] have treatment 5 starting at day 12, hour 8.0 using resources [6, 9, 3].[0m
[34m2025-01-07 02:22:34,530 - DEBUG - Patients [15, 19] have treatment 5 starting at day 12, hour 8.5 using resources [6, 9, 3].[0m
[34m2025-01-07 02:22:34,530 - DEBUG - Patients [12, 19] have treatment 5 starting at day 12, hour 10.25 using resources [6, 9, 5].[0m
[34m2025-01-07 02:22:34,531 - DEBUG - Patients [11, 12] have treatment 5 starting at day 12, hour 10.75 using resources [6, 9, 3].[0m
[34m2025-01-07 02:22:34,531 - DEBUG - Patients [4, 17] have treatment 5 starting at day 12, hour 11.5 using resources [6, 9, 7].[0m
[34m2025-01-07 02:22:34,531 - DEBUG - Patients [2, 19] have treatment 5 starting at day 12, hour 14.0 using resources [6, 9, 5].[0m
[34m2025-01-07 02:22:34,531 - DEBUG - Patients [5, 14] have treatment 5 starting at day 12, hour 14.5 using resources [6, 9, 4].[0m
[34m2025-01-07 02:22:34,531 - DEBUG - Patients [0, 13] have treatment 5 starting at day 12, hour 15.0 using resources [6, 9, 4].[0m
[34m2025-01-07 02:22:34,531 - DEBUG - Patients [8, 9] have treatment 5 starting at day 12, hour 15.5 using resources [6, 9, 4].[0m
[34m2025-01-07 02:22:34,531 - DEBUG - Patients [1, 2, 4, 16, 19] have treatment 6 starting at day 12, hour 9.0 using resources [1, 7].[0m
[34m2025-01-07 02:22:34,531 - DEBUG - Patients [1, 4, 5, 8, 16] have treatment 6 starting at day 12, hour 10.25 using resources [1, 7].[0m
[34m2025-01-07 02:22:34,531 - DEBUG - Patients [1] have treatment 7 starting at day 12, hour 13.0 using resources [7, 5, 6].[0m
[34m2025-01-07 02:22:34,531 - DEBUG - Patients [29] have treatment 1 starting at day 13, hour 8.0 using resources [5].[0m
[34m2025-01-07 02:22:34,531 - DEBUG - Patients [19] have treatment 1 starting at day 13, hour 8.0 using resources [3].[0m
[34m2025-01-07 02:22:34,531 - DEBUG - Patients [19] have treatment 1 starting at day 13, hour 8.5 using resources [3].[0m
[34m2025-01-07 02:22:34,531 - DEBUG - Patients [17] have treatment 1 starting at day 13, hour 13.0 using resources [3].[0m
[34m2025-01-07 02:22:34,531 - DEBUG - Patients [3] have treatment 1 starting at day 13, hour 13.5 using resources [3].[0m
[34m2025-01-07 02:22:34,531 - DEBUG - Patients [3] have treatment 1 starting at day 13, hour 14.0 using resources [3].[0m
[34m2025-01-07 02:22:34,531 - DEBUG - Patients [3] have treatment 1 starting at day 13, hour 15.0 using resources [5].[0m
[34m2025-01-07 02:22:34,531 - DEBUG - Patients [3] have treatment 1 starting at day 13, hour 15.5 using resources [3].[0m
[34m2025-01-07 02:22:34,531 - DEBUG - Patients [4, 8, 9, 11, 13, 17] have treatment 3 starting at day 13, hour 8.0 using resources [2, 7].[0m
[34m2025-01-07 02:22:34,531 - DEBUG - Patients [2, 13, 16, 18] have treatment 3 starting at day 13, hour 10.0 using resources [0, 5].[0m
[34m2025-01-07 02:22:34,531 - DEBUG - Patients [1, 5, 6, 9, 15, 17] have treatment 3 starting at day 13, hour 10.0 using resources [2, 4].[0m
[34m2025-01-07 02:22:34,531 - DEBUG - Patients [1, 2, 6, 8] have treatment 3 starting at day 13, hour 13.0 using resources [6, 5].[0m
[34m2025-01-07 02:22:34,531 - DEBUG - Patients [11, 14, 15, 16] have treatment 3 starting at day 13, hour 13.0 using resources [0, 4].[0m
[34m2025-01-07 02:22:34,531 - DEBUG - Patients [12, 14] have treatment 4 starting at day 13, hour 10.0 using resources [6, 7].[0m
[34m2025-01-07 02:22:34,531 - DEBUG - Patients [0, 12] have treatment 4 starting at day 13, hour 10.5 using resources [6, 3].[0m
[34m2025-01-07 02:22:34,531 - DEBUG - Patients [8, 11] have treatment 4 starting at day 13, hour 11.0 using resources [6, 7].[0m
[34m2025-01-07 02:22:34,531 - DEBUG - Patients [4, 7] have treatment 4 starting at day 13, hour 11.5 using resources [8, 7].[0m
[34m2025-01-07 02:22:34,531 - DEBUG - Patients [19] have treatment 4 starting at day 13, hour 13.0 using resources [8, 7].[0m
[34m2025-01-07 02:22:34,532 - DEBUG - Patients [4, 18] have treatment 4 starting at day 13, hour 13.5 using resources [2, 7].[0m
[34m2025-01-07 02:22:34,532 - DEBUG - Patients [12, 18] have treatment 4 starting at day 13, hour 14.0 using resources [8, 7].[0m
[34m2025-01-07 02:22:34,532 - DEBUG - Patients [4, 9] have treatment 4 starting at day 13, hour 14.5 using resources [8, 7].[0m
[34m2025-01-07 02:22:34,532 - DEBUG - Patients [13, 18] have treatment 4 starting at day 13, hour 15.0 using resources [8, 7].[0m
[34m2025-01-07 02:22:34,532 - DEBUG - Patients [15, 16] have treatment 4 starting at day 13, hour 15.5 using resources [8, 7].[0m
[34m2025-01-07 02:22:34,532 - DEBUG - Patients [1, 3] have treatment 5 starting at day 13, hour 8.0 using resources [6, 9, 4].[0m
[34m2025-01-07 02:22:34,532 - DEBUG - Patients [1, 2] have treatment 5 starting at day 13, hour 8.5 using resources [6, 9, 4].[0m
[34m2025-01-07 02:22:34,532 - DEBUG - Patients [1, 16] have treatment 5 starting at day 13, hour 9.0 using resources [6, 9, 4].[0m
[34m2025-01-07 02:22:34,532 - DEBUG - Patients [10, 12] have treatment 5 starting at day 13, hour 9.5 using resources [6, 9, 3].[0m
[34m2025-01-07 02:22:34,532 - DEBUG - Patients [14, 19] have treatment 5 starting at day 13, hour 11.5 using resources [6, 9, 3].[0m
[34m2025-01-07 02:22:34,532 - DEBUG - Patients [10, 11] have treatment 5 starting at day 13, hour 15.0 using resources [6, 9, 4].[0m
[34m2025-01-07 02:22:34,532 - DEBUG - Patients [2, 13] have treatment 5 starting at day 13, hour 15.5 using resources [6, 9, 5].[0m
[34m2025-01-07 02:22:34,547 - DEBUG - Checking solution value.[0m
[34m2025-01-07 02:22:34,547 - DEBUG - Solvers objective function value: 684.0[0m
[34m2025-01-07 02:22:34,550 - DEBUG - (VERIFIER):Treatment value: 0[0m
[34m2025-01-07 02:22:34,550 - DEBUG - (VERIFIER):Delay value: 0[0m
[34m2025-01-07 02:22:34,550 - DEBUG - (VERIFIER):Missing treatment value: 684[0m
[34m2025-01-07 02:22:34,550 - DEBUG - Correct objective function value: 684[0m
[34m2025-01-07 02:22:34,550 - DEBUG - Solution is valid.[0m
[34m2025-01-07 02:22:34,550 - DEBUG - All solvers accepted the solution.[0m
[32m2025-01-07 02:22:34,550 - INFO - Time to find solution: 550.392s with value 684.000000[0m
[32m2025-01-07 02:22:34,550 - INFO - Total Time: 557.675s[0m
