1.NAME: LBBDSolver
2.PARAMS: {'break_symmetry': False, 'add_constraints_to_symmetrc_days': True, 'subsolver_cls': 'CPSubSolver2'}
3.INSTANCE: /home/wx350715/Kobra/rehabiliation-admission-scheduling/data/comp_study_002/instance_5_30.txt
4.REPETITION: 1
Current directory: /home/wx350715/Kobra/rehabiliation-admission-scheduling
[34m2025-01-07 01:18:39,980 - DEBUG - Solver: <class 'src.solvers.benders.LBBDSolver'>[0m
[34m2025-01-07 01:18:39,981 - DEBUG - Args: {'break_symmetry': False, 'add_constraints_to_symmetrc_days': True, 'subsolver_cls': 'CPSubSolver2'}[0m
[34m2025-01-07 01:18:39,981 - DEBUG - File path /home/wx350715/Kobra/rehabiliation-admission-scheduling/data/comp_study_002/instance_5_30.txt[0m
[34m2025-01-07 01:18:39,981 - DEBUG - ADD INSTANCE DATA[0m
[34m2025-01-07 01:18:39,981 - DEBUG - ADD INSTANCE DATA[0m
[34m2025-01-07 01:18:39,981 - DEBUG - ADD INSTANCE DATA[0m
[34m2025-01-07 01:18:39,981 - DEBUG - ADD INSTANCE DATA[0m
[34m2025-01-07 01:18:39,981 - DEBUG - ADD INSTANCE DATA[0m
[34m2025-01-07 01:18:39,981 - DEBUG - ADD INSTANCE DATA[0m
[34m2025-01-07 01:18:39,981 - DEBUG - ADD INSTANCE DATA[0m
[34m2025-01-07 01:18:39,981 - DEBUG - ADD INSTANCE DATA[0m
[34m2025-01-07 01:18:39,981 - DEBUG - ADD INSTANCE DATA[0m
[34m2025-01-07 01:18:39,981 - DEBUG - ADD INSTANCE DATA[0m
[34m2025-01-07 01:18:39,982 - DEBUG - ADD INSTANCE DATA[0m
[34m2025-01-07 01:18:39,982 - DEBUG - ADD RESOURCE_GROUPS[0m
[34m2025-01-07 01:18:39,982 - DEBUG - ADD RESOURCE_GROUPS[0m
[34m2025-01-07 01:18:39,982 - DEBUG - ADD RESOURCE_GROUPS[0m
[34m2025-01-07 01:18:39,982 - DEBUG - ADD RESOURCE_GROUPS[0m
[34m2025-01-07 01:18:39,982 - DEBUG - ADD RESOURCES[0m
[34m2025-01-07 01:18:39,982 - DEBUG - ADD RESOURCES[0m
[34m2025-01-07 01:18:39,982 - DEBUG - ADD RESOURCES[0m
[34m2025-01-07 01:18:39,982 - DEBUG - ADD RESOURCES[0m
[34m2025-01-07 01:18:39,982 - DEBUG - ADD RESOURCES[0m
[34m2025-01-07 01:18:39,983 - DEBUG - ADD RESOURCES[0m
[34m2025-01-07 01:18:39,983 - DEBUG - ADD RESOURCES[0m
[34m2025-01-07 01:18:39,983 - DEBUG - ADD RESOURCES[0m
[34m2025-01-07 01:18:39,983 - DEBUG - ADD RESOURCES[0m
[34m2025-01-07 01:18:39,983 - DEBUG - ADD RESOURCES[0m
[34m2025-01-07 01:18:39,983 - DEBUG - ADD TREATMENTS[0m
[34m2025-01-07 01:18:39,983 - DEBUG - ADD TREATMENTS[0m
[34m2025-01-07 01:18:39,984 - DEBUG - ADD TREATMENTS[0m
[34m2025-01-07 01:18:39,984 - DEBUG - ADD TREATMENTS[0m
[34m2025-01-07 01:18:39,984 - DEBUG - ADD TREATMENTS[0m
[34m2025-01-07 01:18:39,984 - DEBUG - ADD TREATMENTS[0m
[34m2025-01-07 01:18:39,984 - DEBUG - ADD TREATMENTS[0m
[34m2025-01-07 01:18:39,984 - DEBUG - ADD TREATMENTS[0m
[34m2025-01-07 01:18:39,984 - DEBUG - ADD PATIENTS[0m
[34m2025-01-07 01:18:39,984 - DEBUG - ADD PATIENTS[0m
[34m2025-01-07 01:18:39,984 - DEBUG - ADD PATIENTS[0m
[34m2025-01-07 01:18:39,985 - DEBUG - ADD PATIENTS[0m
[34m2025-01-07 01:18:39,985 - DEBUG - ADD PATIENTS[0m
[34m2025-01-07 01:18:39,985 - DEBUG - ADD PATIENTS[0m
[34m2025-01-07 01:18:39,985 - DEBUG - ADD PATIENTS[0m
[34m2025-01-07 01:18:39,985 - DEBUG - ADD PATIENTS[0m
[34m2025-01-07 01:18:39,985 - DEBUG - ADD PATIENTS[0m
[34m2025-01-07 01:18:39,985 - DEBUG - ADD PATIENTS[0m
[34m2025-01-07 01:18:39,985 - DEBUG - ADD PATIENTS[0m
[34m2025-01-07 01:18:39,986 - DEBUG - ADD PATIENTS[0m
[34m2025-01-07 01:18:39,986 - DEBUG - ADD PATIENTS[0m
[34m2025-01-07 01:18:39,986 - DEBUG - ADD PATIENTS[0m
[34m2025-01-07 01:18:39,986 - DEBUG - ADD PATIENTS[0m
[34m2025-01-07 01:18:39,986 - DEBUG - ADD PATIENTS[0m
[34m2025-01-07 01:18:39,986 - DEBUG - ADD PATIENTS[0m
[34m2025-01-07 01:18:39,986 - DEBUG - ADD PATIENTS[0m
[34m2025-01-07 01:18:39,986 - DEBUG - ADD PATIENTS[0m
[34m2025-01-07 01:18:39,987 - DEBUG - ADD PATIENTS[0m
[34m2025-01-07 01:18:39,987 - DEBUG - ADD PATIENTS[0m
[34m2025-01-07 01:18:39,987 - DEBUG - ADD PATIENTS[0m
[34m2025-01-07 01:18:39,987 - DEBUG - ADD PATIENTS[0m
[34m2025-01-07 01:18:39,987 - DEBUG - ADD PATIENTS[0m
[34m2025-01-07 01:18:39,988 - DEBUG - ADD PATIENTS[0m
[34m2025-01-07 01:18:39,988 - DEBUG - ADD PATIENTS[0m
[34m2025-01-07 01:18:39,988 - DEBUG - ADD PATIENTS[0m
[34m2025-01-07 01:18:39,988 - DEBUG - ADD PATIENTS[0m
[34m2025-01-07 01:18:39,988 - DEBUG - ADD PATIENTS[0m
[34m2025-01-07 01:18:39,988 - DEBUG - ADD PATIENTS[0m
[34m2025-01-07 01:18:39,989 - DEBUG - ADD PATIENTS[0m
[34m2025-01-07 01:18:39,989 - DEBUG - ADD PATIENTS[0m
[34m2025-01-07 01:18:39,989 - DEBUG - ADD PATIENTS[0m
[34m2025-01-07 01:18:39,989 - DEBUG - ADD PATIENTS[0m
[34m2025-01-07 01:18:39,989 - DEBUG - ADD PATIENTS[0m
[34m2025-01-07 01:18:39,989 - DEBUG - ADD PATIENTS[0m
[34m2025-01-07 01:18:39,989 - DEBUG - ADD PATIENTS[0m
[34m2025-01-07 01:18:39,989 - DEBUG - ADD PATIENTS[0m
[34m2025-01-07 01:18:39,990 - DEBUG - ADD PATIENTS[0m
[34m2025-01-07 01:18:39,990 - DEBUG - ADD PATIENTS[0m
[34m2025-01-07 01:18:39,990 - DEBUG - Instance data:[0m
[34m2025-01-07 01:18:39,990 - DEBUG - Number of patients: 40[0m
[34m2025-01-07 01:18:39,990 - DEBUG - Number of beds: 40[0m
[34m2025-01-07 01:18:39,990 - DEBUG - Average number of treatments per patient: 23.325[0m
[34m2025-01-07 01:18:39,990 - DEBUG - Average number of treatment per stayed day: 2.2004716981132075[0m
[34m2025-01-07 01:18:39,990 - DEBUG - Number of treatments: 933[0m
[34m2025-01-07 01:18:39,990 - DEBUG - Number of resources: 10[0m
[34m2025-01-07 01:18:39,990 - DEBUG - Number of resource groups: 4[0m
[34m2025-01-07 01:18:39,990 - DEBUG - Number of resource hours needed per all treatment by RG(therapists): 25.816666666666716[0m
[34m2025-01-07 01:18:39,990 - DEBUG - Number of resource hours needed per all treatment by RG(rooms): 48.36666666666666[0m
[34m2025-01-07 01:18:39,990 - DEBUG - Number of resource hours needed per all treatment by RG(physiotherapist): 15.5[0m
[34m2025-01-07 01:18:39,990 - DEBUG - Number of resource hours needed per all treatment by RG(sport_room): 6.75[0m
[32m2025-01-07 01:18:39,991 - INFO - {'solver': 'LBBDSolver', 'args': {'break_symmetry': False, 'subsolver_cls': <class 'src.solvers.subsolvers.cp_subsolver.CPSubsolver'>, 'subsolver.store_results': True, 'subsolver.store_results_method': 'hash', 'use_helper_constraints': True, 'enforce_min_treatments_per_day': True, 'enforce_max_treatments_per_e_w': True, 'enforce_min_patients_per_treatment': True, 'log_to_console': True}}[0m
[34m2025-01-07 01:18:39,991 - DEBUG - Setting options: LBBDSolver[0m
[34m2025-01-07 01:18:39,991 - DEBUG -  ---- break_symmetry to False[0m
[34m2025-01-07 01:18:39,991 - DEBUG -  ---- subsolver_cls to <class 'src.solvers.subsolvers.cp_subsolver.CPSubsolver'>[0m
[34m2025-01-07 01:18:39,991 - DEBUG -  ---- use_helper_constraints to True[0m
[34m2025-01-07 01:18:39,991 - DEBUG -  ---- add_constraints_to_symmetric_days to True (default)[0m
[34m2025-01-07 01:18:39,991 - DEBUG - Setting options: Solver[0m
[34m2025-01-07 01:18:39,991 - DEBUG -  ---- number_of_threads to 1 (default)[0m
[34m2025-01-07 01:18:39,991 - DEBUG -  ---- treatment_value to 0 (default)[0m
[34m2025-01-07 01:18:39,991 - DEBUG -  ---- delay_value to 1 (default)[0m
[34m2025-01-07 01:18:39,991 - DEBUG -  ---- missing_treatment_value to 4 (default)[0m
[34m2025-01-07 01:18:39,991 - DEBUG -  ---- enforce_min_treatments_per_day to True[0m
[34m2025-01-07 01:18:39,991 - DEBUG -  ---- enforce_max_treatments_per_e_w to True[0m
[34m2025-01-07 01:18:39,991 - DEBUG -  ---- enforce_min_patients_per_treatment to True[0m
[34m2025-01-07 01:18:39,991 - DEBUG -  ---- log_to_console to True[0m
[34m2025-01-07 01:18:39,991 - DEBUG -  ---- log_to_file to True (default)[0m
[34m2025-01-07 01:18:40,012 - DEBUG - Setting options: CPSubsolver[0m
[34m2025-01-07 01:18:40,012 - DEBUG -  ---- estimated_needed_treatments to True (default)[0m
[34m2025-01-07 01:18:40,012 - DEBUG -  ---- add_patient_symmetry to False (default)[0m
[34m2025-01-07 01:18:40,012 - DEBUG - Setting Subsolver options: SubSolver[0m
[34m2025-01-07 01:18:40,012 - DEBUG -  ---- store_results to True[0m
[34m2025-01-07 01:18:40,012 - DEBUG -  ---- store_results_method to hash[0m
[34m2025-01-07 01:18:40,012 - DEBUG -  ---- enforce_min_patients_per_treatment to True[0m
[34m2025-01-07 01:18:40,012 - DEBUG -  ---- use_day_symmetry to True (default)[0m
[32m2025-01-07 01:18:40,029 - INFO - Create model: LBBDSolver[0m
Set parameter TSPort to value 50039
Set parameter TokenServer to value "license.itc.rwth-aachen.de"
Set parameter Threads to value 1
Set parameter LazyConstraints to value 1
[34m2025-01-07 01:18:40,706 - DEBUG - Variables created.[0m
[34m2025-01-07 01:18:42,951 - DEBUG - Constraint (not too many treatments) created.[0m
[34m2025-01-07 01:18:44,651 - DEBUG - Constraint (no_treatments_outside admittance) created.[0m
[34m2025-01-07 01:18:44,653 - DEBUG - Constraint (bed_usage) created.[0m
[34m2025-01-07 01:18:44,653 - DEBUG - Constraint (must be admitted) created.[0m
[34m2025-01-07 01:18:44,896 - DEBUG - Constraint (e_w_ub) created.[0m
[34m2025-01-07 01:18:45,101 - DEBUG - Constraint (day_ub) created.[0m
[34m2025-01-07 01:18:45,184 - DEBUG - Constraint (Day always) created.[0m
[34m2025-01-07 01:18:45,184 - DEBUG - Constraint (already_admitted) created.[0m
[32m2025-01-07 01:18:50,269 - INFO - Time to create model: 10.24[0m
[32m2025-01-07 01:18:50,269 - INFO - Solving model: LBBDSolver[0m
Gurobi Optimizer version 10.0.0 build v10.0.0rc2 (linux64)

CPU model: Intel(R) Xeon(R) Platinum 8468, instruction set [SSE2|AVX|AVX2|AVX512]
Thread count: 96 physical cores, 96 logical processors, using up to 1 threads

Optimize a model with 320425 rows, 134325 columns and 2546377 nonzeros
Model fingerprint: 0x76d5e47c
Variable types: 3 continuous, 134322 integer (134322 binary)
Coefficient statistics:
  Matrix range     [1e+00, 1e+01]
  Objective range  [1e+00, 1e+01]
  Bounds range     [1e+00, 1e+00]
  RHS range        [1e+00, 4e+03]
Presolve added 0 rows and 2189 columns
Presolve removed 212148 rows and 0 columns
Presolve time: 4.58s
Presolved: 108277 rows, 136514 columns, 1641343 nonzeros
Variable types: 1 continuous, 136513 integer (135590 binary)
Root relaxation presolved: 107718 rows, 136353 columns, 1550322 nonzeros


Root simplex log...

Iteration    Objective       Primal Inf.    Dual Inf.      Time
       0   -4.0996240e+03   3.324042e+03   0.000000e+00      7s
    6425    6.8800000e+02   0.000000e+00   0.000000e+00      8s
    6425    6.8800000e+02   0.000000e+00   0.000000e+00      8s

Use crossover to convert LP symmetric solution to basic solution...

Root crossover log...

       0 DPushes remaining with DInf 0.0000000e+00                 8s

   21300 PPushes remaining with PInf 0.0000000e+00                 8s
       0 PPushes remaining with PInf 0.0000000e+00                 8s

  Push phase complete: Pinf 0.0000000e+00, Dinf 8.2271967e-12      8s


Root simplex log...

Iteration    Objective       Primal Inf.    Dual Inf.      Time
   27737    6.8800000e+02   0.000000e+00   0.000000e+00      8s
   27737    6.8800000e+02   0.000000e+00   0.000000e+00      8s

Root relaxation: objective 6.880000e+02, 27737 iterations, 1.54 seconds (1.55 work units)

    Nodes    |    Current Node    |     Objective Bounds      |     Work
 Expl Unexpl |  Obj  Depth IntInf | Incumbent    BestBd   Gap | It/Node Time

     0     0  688.00000    0 3647          -  688.00000      -     -   25s
     0     0  688.00000    0 2970          -  688.00000      -     -   80s
     0     0  688.00000    0 2406          -  688.00000      -     -  116s
     0     0  688.00000    0  148          -  688.00000      -     -  197s
[32m2025-01-07 01:22:30,559 - INFO - d_prime: 7 d: 7[0m
[32m2025-01-07 01:22:30,564 - INFO - d_prime: 8 d: 7[0m
[32m2025-01-07 01:22:30,570 - INFO - forbidden_vars: ([{0:1},{0:1},{0:1},{2:1},{4:1},{0:1,4:1},{0:1,2:1},{0:2},{0:1,2:1},{0:1,2:1},{0:1,2:1},{2:2},{2:2},{5:1,7:1},{0:1,2:2},{0:3},{0:3},{0:3},{0:2,2:1},{0:1,2:2},{0:1,2:2},{4:1,5:1,7:1},{4:1,5:2},{4:1,5:2},{5:3},{0:1,7:3},{0:3,5:1},{0:1,2:1,5:2},{2:2,7:2},{2:1,4:1,5:1,7:1},{4:1,5:3},{0:3,7:2},{1:2,2:1,4:1,5:1}])[0m
[32m2025-01-07 01:22:30,570 - INFO - False[0m
[32m2025-01-07 01:26:53,137 - INFO - d_prime: 9 d: 13[0m
[32m2025-01-07 01:26:53,144 - INFO - d_prime: 10 d: 13[0m
[32m2025-01-07 01:26:53,148 - INFO - d_prime: 11 d: 13[0m
[32m2025-01-07 01:26:53,152 - INFO - d_prime: 12 d: 13[0m
[32m2025-01-07 01:26:53,156 - INFO - d_prime: 13 d: 13[0m
[32m2025-01-07 01:26:53,158 - INFO - forbidden_vars: ([{0:1},{0:1},{0:1},{0:1},{0:1},{1:1},{4:1},{0:1,3:1},{1:2},{1:2},{1:2},{1:2},{1:2},{3:1,5:1},{0:1,3:2},{0:2,1:1},{0:1,1:2},{0:1,1:2},{1:3},{3:1,4:2},{3:3},{0:1,3:3},{0:1,3:3},{0:2,3:1,4:1},{0:1,1:2,4:1},{0:1,3:3},{0:2,1:2},{3:2,4:1,5:1},{3:3,4:1},{3:3,4:1},{3:4}])[0m
[32m2025-01-07 01:26:53,158 - INFO - False[0m
     0     0  688.00000    0  148          -  688.00000      -     -  482s
[32m2025-01-07 01:27:16,811 - INFO - d_prime: 7 d: 7[0m
[32m2025-01-07 01:27:16,815 - INFO - d_prime: 8 d: 7[0m
[32m2025-01-07 01:27:16,821 - INFO - forbidden_vars: ([{0:1},{0:1},{0:1},{2:1},{4:1},{0:1,4:1},{0:1,2:1},{0:2},{0:1,2:1},{0:1,2:1},{0:1,2:1},{2:2},{2:2},{5:1,7:1},{5:2},{0:1,2:2},{0:3},{0:3},{0:3},{0:2,2:1},{0:1,2:2},{0:1,2:2},{2:1,4:1,5:1},{4:1,5:2},{5:3},{0:3,5:1},{0:1,2:1,5:2},{2:2,7:2},{4:1,5:1,7:2},{4:1,5:3},{0:3,7:2},{0:1,1:1,7:3},{1:2,2:1,4:1,5:1}])[0m
[32m2025-01-07 01:27:16,821 - INFO - False[0m
[32m2025-01-07 01:30:22,818 - INFO - d_prime: 9 d: 13[0m
[32m2025-01-07 01:30:22,824 - INFO - d_prime: 10 d: 13[0m
[32m2025-01-07 01:30:22,828 - INFO - d_prime: 11 d: 13[0m
[32m2025-01-07 01:30:22,832 - INFO - d_prime: 12 d: 13[0m
[32m2025-01-07 01:30:22,836 - INFO - d_prime: 13 d: 13[0m
[32m2025-01-07 01:30:22,838 - INFO - forbidden_vars: ([{0:1},{0:1},{0:1},{1:1},{4:1},{0:1,3:1},{0:2},{0:2},{1:2},{1:2},{1:2},{1:2},{1:2},{3:2},{0:1,3:2},{0:1,3:2},{0:1,1:1,4:1},{0:2,1:1},{0:1,1:2},{1:3},{1:3},{3:1,4:2},{3:3},{0:1,3:3},{0:2,3:1,4:1},{0:1,3:3},{0:2,1:2},{3:2,4:1,5:1},{3:3,4:1},{3:3,4:1},{3:4}])[0m
[32m2025-01-07 01:30:22,838 - INFO - False[0m
     0     0  688.00000    0  148          -  688.00000      -     -  692s
[32m2025-01-07 01:30:46,971 - INFO - d_prime: 7 d: 7[0m
[32m2025-01-07 01:30:46,974 - INFO - d_prime: 8 d: 7[0m
[32m2025-01-07 01:30:46,980 - INFO - forbidden_vars: ([{0:1},{0:1},{0:1},{2:1},{2:1},{4:1},{0:1,4:1},{0:1,2:1},{0:2},{0:1,2:1},{0:1,2:1},{2:2},{2:2},{5:1,7:1},{5:2},{0:1,2:2},{0:3},{0:3},{0:3},{0:2,2:1},{0:1,2:2},{0:1,2:2},{2:1,4:1,5:1},{4:1,5:2},{5:3},{0:3,5:1},{0:1,2:1,5:2},{2:2,7:2},{4:1,5:1,7:2},{4:1,5:3},{0:3,7:2},{0:1,1:1,7:3},{1:2,2:1,4:1,5:1}])[0m
[32m2025-01-07 01:30:46,981 - INFO - False[0m
[32m2025-01-07 01:32:30,217 - INFO - d_prime: 9 d: 13[0m
[32m2025-01-07 01:32:30,224 - INFO - d_prime: 10 d: 13[0m
[32m2025-01-07 01:32:30,228 - INFO - d_prime: 11 d: 13[0m
[32m2025-01-07 01:32:30,232 - INFO - d_prime: 12 d: 13[0m
[32m2025-01-07 01:32:30,236 - INFO - d_prime: 13 d: 13[0m
[32m2025-01-07 01:32:30,238 - INFO - forbidden_vars: ([{0:1},{0:1},{0:1},{0:1},{1:1},{4:1},{0:1,3:1},{0:2},{1:2},{1:2},{1:2},{1:2},{3:2},{0:1,3:2},{0:1,3:2},{0:1,1:1,4:1},{0:2,1:1},{0:1,1:2},{0:1,1:2},{1:3},{1:3},{3:1,4:2},{3:3},{0:1,3:3},{0:2,3:1,4:1},{0:1,3:3},{0:2,1:2},{3:2,4:1,5:1},{3:3,4:1},{3:3,4:1},{3:4}])[0m
[32m2025-01-07 01:32:30,238 - INFO - False[0m
     0     0  688.00000    0  148          -  688.00000      -     -  819s
[32m2025-01-07 01:32:54,476 - INFO - d_prime: 7 d: 7[0m
[32m2025-01-07 01:32:54,479 - INFO - d_prime: 8 d: 7[0m
[32m2025-01-07 01:32:54,485 - INFO - forbidden_vars: ([{0:1},{0:1},{0:1},{2:1},{4:1},{0:1,4:1},{0:1,2:1},{0:2},{0:1,2:1},{0:1,2:1},{0:1,2:1},{2:2},{2:2},{5:1,7:1},{5:2},{0:1,2:2},{0:3},{0:3},{0:3},{0:2,2:1},{0:1,2:2},{0:1,2:2},{4:1,5:2},{5:3},{0:1,1:1,7:2},{0:3,5:1},{0:1,2:1,5:2},{2:2,7:2},{2:1,4:1,5:1,7:1},{4:1,5:1,7:2},{4:1,5:3},{0:3,7:2},{1:2,2:1,4:1,5:1}])[0m
[32m2025-01-07 01:32:54,485 - INFO - False[0m
[32m2025-01-07 01:34:39,167 - INFO - d_prime: 9 d: 13[0m
[32m2025-01-07 01:34:39,173 - INFO - d_prime: 10 d: 13[0m
[32m2025-01-07 01:34:39,177 - INFO - d_prime: 11 d: 13[0m
[32m2025-01-07 01:34:39,181 - INFO - d_prime: 12 d: 13[0m
[32m2025-01-07 01:34:39,185 - INFO - d_prime: 13 d: 13[0m
[32m2025-01-07 01:34:39,187 - INFO - forbidden_vars: ([{0:1},{0:1},{0:1},{0:1},{1:1},{4:1},{0:1,3:1},{0:2},{1:2},{1:2},{1:2},{1:2},{1:2},{1:2},{3:1,5:1},{0:1,3:2},{0:2,1:1},{0:1,1:2},{1:3},{3:3},{3:1,4:2},{3:3},{0:1,3:3},{0:2,3:1,4:1},{0:1,1:2,4:1},{0:1,3:3},{0:2,1:2},{3:2,4:1,5:1},{3:3,4:1},{3:3,4:1},{3:4}])[0m
[32m2025-01-07 01:34:39,187 - INFO - False[0m
     0     0  688.00000    0  148          -  688.00000      -     -  948s
[32m2025-01-07 01:35:54,082 - INFO - d_prime: 7 d: 7[0m
[32m2025-01-07 01:35:54,088 - INFO - d_prime: 8 d: 7[0m
[32m2025-01-07 01:35:54,094 - INFO - forbidden_vars: ([{0:1},{0:1},{0:1},{2:1},{2:1},{4:1},{0:1,4:1},{0:1,2:1},{0:2},{0:1,2:1},{0:1,2:1},{2:2},{2:2},{5:1,7:1},{0:1,2:2},{0:3},{0:3},{0:3},{0:2,2:1},{0:1,2:2},{0:1,2:2},{2:1,4:1,5:1},{4:1,5:2},{4:1,5:2},{5:3},{0:1,1:1,7:2},{0:3,5:1},{0:1,2:1,5:2},{2:2,7:2},{4:2,5:1,7:1},{4:1,5:3},{0:3,7:2},{1:2,2:1,4:1,5:1}])[0m
[32m2025-01-07 01:35:54,094 - INFO - False[0m
[32m2025-01-07 01:36:35,965 - INFO - d_prime: 9 d: 13[0m
[32m2025-01-07 01:36:35,970 - INFO - d_prime: 10 d: 13[0m
[32m2025-01-07 01:36:35,973 - INFO - d_prime: 11 d: 13[0m
[32m2025-01-07 01:36:35,977 - INFO - d_prime: 12 d: 13[0m
[32m2025-01-07 01:36:35,981 - INFO - d_prime: 13 d: 13[0m
[32m2025-01-07 01:36:35,983 - INFO - forbidden_vars: ([{0:1},{0:1},{0:1},{0:1},{1:1},{4:1},{0:1,3:1},{0:2},{1:2},{1:2},{1:2},{1:2},{3:1,5:1},{0:1,3:2},{0:1,1:1,4:1},{0:2,1:1},{0:1,1:2},{0:1,1:2},{1:3},{1:3},{3:3},{3:1,4:2},{3:3},{0:1,3:3},{0:2,3:1,4:1},{0:1,3:3},{0:2,1:2},{3:2,4:1,5:1},{3:3,4:1},{3:3,4:1},{3:4}])[0m
[32m2025-01-07 01:36:35,983 - INFO - False[0m
[32m2025-01-07 01:36:35,984 - INFO - Number of cuts added: 10 (bad=0, good=10)[0m
[32m2025-01-07 01:36:35,984 - INFO - Unnecessary comps: (0 / 10)[0m
[32m2025-01-07 01:36:35,984 - INFO - Calls to is_day_infeasible: cp_solver=29/ total=70 stored=41[0m
[32m2025-01-07 01:36:35,984 - INFO - Is feasible: 867.1417520046234 0.9994441678536914[0m
[32m2025-01-07 01:36:35,984 - INFO - Subsolver: Solve Model: 865.037184715271/0.9976149891666467[0m
[32m2025-01-07 01:36:35,984 - INFO - Subsolver: Create Model: 2.0680553913116455/0.0023850108333533363[0m
[32m2025-01-07 01:36:35,984 - INFO - Num_constraints-added: 35[0m
     0     0  688.00000    0  148          -  688.00000      -     - 1065s
     0     0  688.00000    0  256          -  688.00000      -     - 1070s
     0     0  688.00000    0    2          -  688.00000      -     - 1082s
[32m2025-01-07 01:37:46,161 - INFO - d_prime: 7 d: 7[0m
[32m2025-01-07 01:37:46,165 - INFO - d_prime: 8 d: 7[0m
[32m2025-01-07 01:37:46,172 - INFO - forbidden_vars: ([{0:1},{0:1},{0:1},{2:1},{4:1},{0:1,4:1},{0:1,2:1},{0:2},{0:1,2:1},{0:1,2:1},{0:1,1:1},{2:2},{2:2},{5:1,7:1},{0:1,2:2},{0:3},{0:3},{0:3},{0:2,2:1},{0:1,2:2},{0:1,2:2},{4:1,5:2},{4:1,5:2},{5:3},{0:3,5:1},{0:1,2:1,5:2},{0:1,2:2,7:1},{2:1,4:1,5:2},{2:1,4:1,5:2},{4:1,5:1,7:2},{0:3,7:2},{0:2,1:1,7:2},{1:2,2:1,4:1,5:1}])[0m
[32m2025-01-07 01:37:46,172 - INFO - False[0m
[32m2025-01-07 01:42:06,787 - INFO - d_prime: 9 d: 13[0m
[32m2025-01-07 01:42:06,793 - INFO - d_prime: 10 d: 13[0m
[32m2025-01-07 01:42:06,798 - INFO - d_prime: 11 d: 13[0m
[32m2025-01-07 01:42:06,802 - INFO - d_prime: 12 d: 13[0m
[32m2025-01-07 01:42:06,806 - INFO - d_prime: 13 d: 13[0m
[32m2025-01-07 01:42:06,808 - INFO - forbidden_vars: ([{0:1},{0:1},{0:1},{0:1},{1:1},{4:1},{0:1,3:1},{0:2},{1:2},{1:2},{1:2},{1:2},{1:2},{1:2},{3:1,5:1},{0:2,3:1},{0:1,1:2},{0:1,1:2},{1:1,3:2},{3:1,4:2},{3:3},{0:1,3:3},{0:1,3:2,4:1},{0:2,3:1,4:1},{0:2,1:1,4:1},{0:1,3:3},{0:2,1:2},{3:2,4:1,5:1},{3:3,4:1},{3:3,4:1},{3:4}])[0m
[32m2025-01-07 01:42:06,808 - INFO - False[0m
     0     0  688.00000    0    2          -  688.00000      -     - 1396s
[32m2025-01-07 01:42:46,648 - INFO - d_prime: 7 d: 7[0m
[32m2025-01-07 01:42:46,652 - INFO - d_prime: 8 d: 7[0m
[32m2025-01-07 01:42:46,658 - INFO - forbidden_vars: ([{0:1},{0:1},{0:1},{1:1},{2:1},{4:1},{0:1,4:1},{0:1,2:1},{0:2},{0:1,2:1},{0:1,2:1},{2:2},{2:2},{5:1,7:1},{0:1,2:2},{0:3},{0:3},{0:3},{0:2,2:1},{0:1,2:2},{0:1,2:2},{4:1,5:2},{4:1,5:2},{5:3},{0:3,5:1},{0:1,2:1,5:2},{0:1,2:2,7:1},{2:1,4:1,5:2},{2:1,4:1,5:2},{4:1,5:1,7:2},{0:3,7:2},{0:2,1:1,7:2},{1:2,2:1,4:1,5:1}])[0m
[32m2025-01-07 01:42:46,659 - INFO - False[0m
[32m2025-01-07 01:43:21,551 - INFO - d_prime: 9 d: 13[0m
[32m2025-01-07 01:43:21,555 - INFO - d_prime: 10 d: 13[0m
[32m2025-01-07 01:43:21,560 - INFO - d_prime: 11 d: 13[0m
[32m2025-01-07 01:43:21,564 - INFO - d_prime: 12 d: 13[0m
[32m2025-01-07 01:43:21,568 - INFO - d_prime: 13 d: 13[0m
[32m2025-01-07 01:43:21,570 - INFO - forbidden_vars: ([{0:1},{0:1},{0:1},{0:1},{1:1},{4:1},{0:1,3:1},{0:2},{1:2},{1:2},{1:2},{1:2},{1:2},{1:2},{1:2},{3:1,5:1},{0:2,3:1},{0:1,1:2},{1:1,3:2},{3:1,4:2},{3:3},{0:1,3:3},{0:1,3:2,4:1},{0:2,3:1,4:1},{0:2,1:1,4:1},{0:1,3:3},{0:2,1:2},{3:2,4:1,5:1},{3:3,4:1},{3:3,4:1},{3:4}])[0m
[32m2025-01-07 01:43:21,570 - INFO - False[0m
     0     0  688.00000    0    2          -  688.00000      -     - 1471s
[32m2025-01-07 01:44:23,454 - INFO - d_prime: 7 d: 7[0m
[32m2025-01-07 01:44:23,460 - INFO - d_prime: 8 d: 7[0m
[32m2025-01-07 01:44:23,466 - INFO - forbidden_vars: ([{0:1},{0:1},{0:1},{2:1},{4:1},{0:1,4:1},{0:1,2:1},{0:2},{0:1,2:1},{0:1,2:1},{0:1,2:1},{0:1,1:1},{2:2},{2:2},{5:1,7:1},{0:1,2:2},{0:3},{0:3},{0:3},{0:1,2:2},{0:1,2:2},{4:1,5:2},{4:1,5:2},{5:3},{0:3,5:1},{0:1,2:1,5:2},{0:1,2:2,7:1},{2:1,4:1,5:2},{2:1,4:1,5:2},{4:1,5:1,7:2},{0:3,7:2},{0:2,1:1,7:2},{1:2,2:1,4:1,5:1}])[0m
[32m2025-01-07 01:44:23,467 - INFO - False[0m
[32m2025-01-07 01:44:50,522 - INFO - d_prime: 9 d: 13[0m
[32m2025-01-07 01:44:50,526 - INFO - d_prime: 10 d: 13[0m
[32m2025-01-07 01:44:50,529 - INFO - d_prime: 11 d: 13[0m
[32m2025-01-07 01:44:50,533 - INFO - d_prime: 12 d: 13[0m
[32m2025-01-07 01:44:50,537 - INFO - d_prime: 13 d: 13[0m
[32m2025-01-07 01:44:50,539 - INFO - forbidden_vars: ([{0:1},{0:1},{0:1},{1:1},{4:1},{0:1,3:1},{0:2},{1:2},{1:2},{1:2},{1:2},{1:2},{1:2},{3:1,5:1},{0:2,3:1},{0:1,1:2},{0:1,1:2},{1:1,3:2},{3:1,4:2},{3:3},{0:1,3:3},{0:1,3:2,4:1},{0:2,3:1,4:1},{0:2,1:1,4:1},{0:1,3:3},{0:2,1:2},{3:2,4:1,5:1},{3:3,4:1},{3:3,4:1},{3:4}])[0m
[32m2025-01-07 01:44:50,540 - INFO - False[0m
     0     0  688.00000    0    2          -  688.00000      -     - 1560s
[32m2025-01-07 01:45:48,367 - INFO - d_prime: 7 d: 7[0m
[32m2025-01-07 01:45:48,370 - INFO - d_prime: 8 d: 7[0m
[32m2025-01-07 01:45:48,377 - INFO - forbidden_vars: ([{0:1},{0:1},{0:1},{2:1},{4:1},{0:1,4:1},{0:1,2:1},{0:2},{0:1,2:1},{0:1,2:1},{0:1,1:1},{2:2},{2:2},{2:2},{5:1,7:1},{0:1,2:2},{0:3},{0:3},{0:3},{0:2,2:1},{0:1,2:2},{4:1,5:2},{4:1,5:2},{5:3},{0:3,5:1},{0:1,2:1,5:2},{0:1,2:2,7:1},{2:1,4:1,5:2},{2:1,4:1,5:2},{4:1,5:1,7:2},{0:3,7:2},{0:2,1:1,7:2},{1:2,2:1,4:1,5:1}])[0m
[32m2025-01-07 01:45:48,377 - INFO - False[0m
[32m2025-01-07 01:46:11,343 - INFO - d_prime: 9 d: 13[0m
[32m2025-01-07 01:46:11,347 - INFO - d_prime: 10 d: 13[0m
[32m2025-01-07 01:46:11,351 - INFO - d_prime: 11 d: 13[0m
[32m2025-01-07 01:46:11,356 - INFO - d_prime: 12 d: 13[0m
[32m2025-01-07 01:46:11,359 - INFO - d_prime: 13 d: 13[0m
[32m2025-01-07 01:46:11,362 - INFO - forbidden_vars: ([{0:1},{0:1},{0:1},{0:1},{1:1},{4:1},{0:1,3:1},{0:2},{1:2},{1:2},{1:2},{1:2},{1:2},{1:2},{1:2},{3:1,5:1},{0:2,3:1},{0:1,1:2},{1:1,3:2},{3:1,4:2},{3:3},{0:1,3:3},{0:1,3:2,4:1},{0:2,3:1,4:1},{0:2,1:1,4:1},{0:1,3:3},{0:2,1:2},{3:2,4:1,5:1},{3:3,4:1},{3:3,4:1},{3:4}])[0m
[32m2025-01-07 01:46:11,362 - INFO - True[0m
     0     0  688.00000    0    2          -  688.00000      -     - 1640s
[32m2025-01-07 01:47:56,761 - INFO - d_prime: 7 d: 7[0m
[32m2025-01-07 01:47:56,765 - INFO - d_prime: 8 d: 7[0m
[32m2025-01-07 01:47:56,771 - INFO - forbidden_vars: ([{0:1},{0:1},{0:1},{2:1},{2:1},{4:1},{0:1,4:1},{0:1,2:1},{0:2},{0:1,2:1},{0:1,1:1},{2:2},{2:2},{5:1,7:1},{0:1,2:2},{0:3},{0:3},{0:3},{0:2,2:1},{0:1,2:2},{0:1,2:2},{4:1,5:2},{4:1,5:2},{5:3},{0:3,5:1},{0:1,2:1,5:2},{0:1,2:2,7:1},{2:1,4:1,5:2},{2:1,4:1,5:2},{4:1,5:1,7:2},{0:3,7:2},{0:2,1:1,7:2},{1:2,2:1,4:1,5:1}])[0m
[32m2025-01-07 01:47:56,772 - INFO - False[0m
[32m2025-01-07 01:48:27,387 - INFO - d_prime: 9 d: 13[0m
[32m2025-01-07 01:48:27,392 - INFO - d_prime: 10 d: 13[0m
[32m2025-01-07 01:48:27,396 - INFO - d_prime: 11 d: 13[0m
[32m2025-01-07 01:48:27,400 - INFO - d_prime: 12 d: 13[0m
[32m2025-01-07 01:48:27,404 - INFO - d_prime: 13 d: 13[0m
[32m2025-01-07 01:48:27,406 - INFO - forbidden_vars: ([{0:1},{0:1},{0:1},{0:1},{1:1},{4:1},{0:1,3:1},{0:2},{1:2},{1:2},{1:2},{1:2},{1:2},{1:2},{3:1,5:1},{0:2,3:1},{0:1,1:2},{0:1,1:2},{1:1,3:2},{3:1,4:2},{3:3},{3:3},{0:1,3:3},{0:1,3:2,4:1},{0:2,3:1,4:1},{0:2,1:1,4:1},{0:2,1:2},{3:2,4:1,5:1},{3:3,4:1},{3:3,4:1},{3:4}])[0m
[32m2025-01-07 01:48:27,406 - INFO - False[0m
[32m2025-01-07 01:48:27,406 - INFO - Number of cuts added: 20 (bad=0, good=20)[0m
[32m2025-01-07 01:48:27,406 - INFO - Unnecessary comps: (1 / 20)[0m
[32m2025-01-07 01:48:27,406 - INFO - Calls to is_day_infeasible: cp_solver=45/ total=140 stored=95[0m
[32m2025-01-07 01:48:27,406 - INFO - Is feasible: 1560.68128657341 0.9993905389134758[0m
[32m2025-01-07 01:48:27,406 - INFO - Subsolver: Solve Model: 1557.2154052257538/0.9978115154259355[0m
[32m2025-01-07 01:48:27,406 - INFO - Subsolver: Create Model: 3.4154164791107178/0.002188484574064511[0m
[32m2025-01-07 01:48:27,406 - INFO - Num_constraints-added: 70[0m
     0     0  688.00000    0    2          -  688.00000      -     - 1776s
H    0     0                     752.0000000  688.00000  8.51%     - 2086s
[32m2025-01-07 01:54:51,632 - INFO - d_prime: 7 d: 7[0m
[32m2025-01-07 01:54:51,638 - INFO - d_prime: 8 d: 7[0m
[32m2025-01-07 01:54:51,645 - INFO - forbidden_vars: ([{0:1},{0:1},{0:1},{0:1},{2:1},{2:1},{4:1},{0:1,4:1},{0:2},{0:1,2:1},{0:1,2:1},{2:2},{2:2},{2:2},{5:1,7:1},{0:1,2:2},{0:1,2:1,5:1},{0:1,5:2},{0:3},{0:2,1:1},{0:2,1:1},{0:2,2:1},{1:1,2:2},{5:3},{0:3,5:1},{0:1,2:1,4:1,5:1},{0:2,4:1,5:1},{0:1,2:1,4:1,5:1},{0:1,2:1,5:2},{2:1,5:3},{4:1,5:1,7:2},{0:3,7:2},{0:2,1:1,7:2}])[0m
[32m2025-01-07 01:54:51,645 - INFO - False[0m
     0     0  688.00000    0    2  752.00000  688.00000  8.51%     - 2369s
[32m2025-01-07 01:59:53,567 - INFO - d_prime: 7 d: 7[0m
[32m2025-01-07 01:59:53,574 - INFO - d_prime: 8 d: 7[0m
[32m2025-01-07 01:59:53,582 - INFO - forbidden_vars: ([{0:1},{0:1},{0:1},{0:1},{0:1},{0:1},{2:1},{4:1},{0:1,4:1},{0:2},{0:1,1:1},{0:1,2:1},{0:1,1:1},{2:2},{2:2},{2:2},{2:2},{5:1,7:1},{0:1,2:2},{0:1,5:2},{0:1,1:1,2:1},{2:2,5:1},{5:3},{0:3,5:1},{0:2,2:1,5:1},{0:1,2:1,4:1,5:1},{0:1,2:1,5:1,7:1},{0:4},{2:1,5:3},{4:1,5:1,7:2},{0:3,7:2},{0:2,1:1,7:2},{0:2,2:2,4:1}])[0m
[32m2025-01-07 01:59:53,582 - INFO - False[0m
     0     0  688.00000    0    2  752.00000  688.00000  8.51%     - 2780s
[32m2025-01-07 02:09:29,351 - INFO - d_prime: 7 d: 7[0m
[32m2025-01-07 02:09:29,357 - INFO - d_prime: 8 d: 7[0m
[32m2025-01-07 02:09:29,364 - INFO - forbidden_vars: ([{0:1},{0:1},{0:1},{0:1},{0:1},{2:1},{4:1},{0:1,4:1},{0:1,1:1},{0:2},{0:1,2:1},{0:2},{1:1,2:1},{2:2},{2:2},{2:2},{2:2},{5:1,7:1},{0:1,2:2},{0:1,2:1,4:1},{0:1,2:1,5:1},{0:3},{1:1,2:2},{5:3},{0:3,5:1},{0:1,2:1,4:1,5:1},{2:1,5:2,7:1},{4:1,5:1,7:2},{4:2,5:2},{5:4},{0:3,7:2},{0:2,1:1,7:2},{0:4,2:1}])[0m
[32m2025-01-07 02:09:29,365 - INFO - False[0m
     0     0  688.00000    0    2  752.00000  688.00000  8.51%     - 3430s
[32m2025-01-07 02:17:44,656 - INFO - d_prime: 7 d: 7[0m
[32m2025-01-07 02:17:44,660 - INFO - d_prime: 8 d: 7[0m
[32m2025-01-07 02:17:44,667 - INFO - forbidden_vars: ([{0:1},{0:1},{0:1},{0:1},{1:1},{2:1},{2:1},{2:1},{4:1},{0:1,4:1},{0:1,1:1},{0:2},{0:2},{0:1,2:1},{5:1,7:1},{0:1,2:2},{0:1,2:2},{0:1,2:2},{0:1,2:2},{0:1,2:2},{0:1,1:1,2:1},{2:2,5:1},{4:1,5:2},{5:3},{0:3,5:1},{0:1,2:1,4:1,5:1},{0:2,2:1,5:1},{0:2,5:2},{0:1,2:1,5:2},{2:1,4:2,7:1},{4:1,5:1,7:2},{0:3,7:2},{0:2,1:1,7:2}])[0m
[32m2025-01-07 02:17:44,668 - INFO - False[0m
