1.NAME: LBBDSolver
2.PARAMS: {'break_symmetry': False, 'add_constraints_to_symmetrc_days': False, 'subsolver_cls': 'CPSubSolver'}
3.INSTANCE: /home/wx350715/Kobra/rehabiliation-admission-scheduling/data/comp_study_002/instance_8_30.txt
4.REPETITION: 1
Current directory: /home/wx350715/Kobra/rehabiliation-admission-scheduling
[34m2025-01-07 03:26:31,401 - DEBUG - Solver: <class 'src.solvers.benders.LBBDSolver'>[0m
[34m2025-01-07 03:26:31,402 - DEBUG - Args: {'break_symmetry': False, 'add_constraints_to_symmetrc_days': False, 'subsolver_cls': 'CPSubSolver'}[0m
[34m2025-01-07 03:26:31,402 - DEBUG - File path /home/wx350715/Kobra/rehabiliation-admission-scheduling/data/comp_study_002/instance_8_30.txt[0m
[34m2025-01-07 03:26:31,421 - DEBUG - ADD INSTANCE DATA[0m
[34m2025-01-07 03:26:31,421 - DEBUG - ADD INSTANCE DATA[0m
[34m2025-01-07 03:26:31,421 - DEBUG - ADD INSTANCE DATA[0m
[34m2025-01-07 03:26:31,422 - DEBUG - ADD INSTANCE DATA[0m
[34m2025-01-07 03:26:31,422 - DEBUG - ADD INSTANCE DATA[0m
[34m2025-01-07 03:26:31,422 - DEBUG - ADD INSTANCE DATA[0m
[34m2025-01-07 03:26:31,422 - DEBUG - ADD INSTANCE DATA[0m
[34m2025-01-07 03:26:31,422 - DEBUG - ADD INSTANCE DATA[0m
[34m2025-01-07 03:26:31,422 - DEBUG - ADD INSTANCE DATA[0m
[34m2025-01-07 03:26:31,422 - DEBUG - ADD INSTANCE DATA[0m
[34m2025-01-07 03:26:31,422 - DEBUG - ADD INSTANCE DATA[0m
[34m2025-01-07 03:26:31,422 - DEBUG - ADD RESOURCE_GROUPS[0m
[34m2025-01-07 03:26:31,422 - DEBUG - ADD RESOURCE_GROUPS[0m
[34m2025-01-07 03:26:31,422 - DEBUG - ADD RESOURCE_GROUPS[0m
[34m2025-01-07 03:26:31,422 - DEBUG - ADD RESOURCE_GROUPS[0m
[34m2025-01-07 03:26:31,422 - DEBUG - ADD RESOURCE_GROUPS[0m
[34m2025-01-07 03:26:31,422 - DEBUG - ADD RESOURCES[0m
[34m2025-01-07 03:26:31,422 - DEBUG - ADD RESOURCES[0m
[34m2025-01-07 03:26:31,422 - DEBUG - ADD RESOURCES[0m
[34m2025-01-07 03:26:31,422 - DEBUG - ADD RESOURCES[0m
[34m2025-01-07 03:26:31,423 - DEBUG - ADD RESOURCES[0m
[34m2025-01-07 03:26:31,423 - DEBUG - ADD RESOURCES[0m
[34m2025-01-07 03:26:31,423 - DEBUG - ADD RESOURCES[0m
[34m2025-01-07 03:26:31,423 - DEBUG - ADD RESOURCES[0m
[34m2025-01-07 03:26:31,423 - DEBUG - ADD RESOURCES[0m
[34m2025-01-07 03:26:31,423 - DEBUG - ADD RESOURCES[0m
[34m2025-01-07 03:26:31,423 - DEBUG - ADD TREATMENTS[0m
[34m2025-01-07 03:26:31,423 - DEBUG - ADD TREATMENTS[0m
[34m2025-01-07 03:26:31,423 - DEBUG - ADD TREATMENTS[0m
[34m2025-01-07 03:26:31,423 - DEBUG - ADD TREATMENTS[0m
[34m2025-01-07 03:26:31,423 - DEBUG - ADD TREATMENTS[0m
[34m2025-01-07 03:26:31,423 - DEBUG - ADD TREATMENTS[0m
[34m2025-01-07 03:26:31,423 - DEBUG - ADD TREATMENTS[0m
[34m2025-01-07 03:26:31,423 - DEBUG - ADD TREATMENTS[0m
[34m2025-01-07 03:26:31,423 - DEBUG - ADD TREATMENTS[0m
[34m2025-01-07 03:26:31,424 - DEBUG - ADD TREATMENTS[0m
[34m2025-01-07 03:26:31,424 - DEBUG - ADD PATIENTS[0m
[34m2025-01-07 03:26:31,424 - DEBUG - ADD PATIENTS[0m
[34m2025-01-07 03:26:31,424 - DEBUG - ADD PATIENTS[0m
[34m2025-01-07 03:26:31,424 - DEBUG - ADD PATIENTS[0m
[34m2025-01-07 03:26:31,424 - DEBUG - ADD PATIENTS[0m
[34m2025-01-07 03:26:31,424 - DEBUG - ADD PATIENTS[0m
[34m2025-01-07 03:26:31,424 - DEBUG - ADD PATIENTS[0m
[34m2025-01-07 03:26:31,424 - DEBUG - ADD PATIENTS[0m
[34m2025-01-07 03:26:31,424 - DEBUG - ADD PATIENTS[0m
[34m2025-01-07 03:26:31,425 - DEBUG - ADD PATIENTS[0m
[34m2025-01-07 03:26:31,425 - DEBUG - ADD PATIENTS[0m
[34m2025-01-07 03:26:31,425 - DEBUG - ADD PATIENTS[0m
[34m2025-01-07 03:26:31,425 - DEBUG - ADD PATIENTS[0m
[34m2025-01-07 03:26:31,425 - DEBUG - ADD PATIENTS[0m
[34m2025-01-07 03:26:31,425 - DEBUG - ADD PATIENTS[0m
[34m2025-01-07 03:26:31,425 - DEBUG - ADD PATIENTS[0m
[34m2025-01-07 03:26:31,425 - DEBUG - ADD PATIENTS[0m
[34m2025-01-07 03:26:31,425 - DEBUG - ADD PATIENTS[0m
[34m2025-01-07 03:26:31,425 - DEBUG - ADD PATIENTS[0m
[34m2025-01-07 03:26:31,425 - DEBUG - ADD PATIENTS[0m
[34m2025-01-07 03:26:31,428 - DEBUG - Instance data:[0m
[34m2025-01-07 03:26:31,428 - DEBUG - Number of patients: 19[0m
[34m2025-01-07 03:26:31,428 - DEBUG - Number of beds: 40[0m
[34m2025-01-07 03:26:31,428 - DEBUG - Average number of treatments per patient: 25.42105263157895[0m
[34m2025-01-07 03:26:31,428 - DEBUG - Average number of treatment per stayed day: 2.542105263157895[0m
[34m2025-01-07 03:26:31,428 - DEBUG - Number of treatments: 483[0m
[34m2025-01-07 03:26:31,428 - DEBUG - Number of resources: 10[0m
[34m2025-01-07 03:26:31,428 - DEBUG - Number of resource groups: 5[0m
[34m2025-01-07 03:26:31,428 - DEBUG - Number of resource hours needed per all treatment by RG(rooms): 22.09999999999998[0m
[34m2025-01-07 03:26:31,428 - DEBUG - Number of resource hours needed per all treatment by RG(physiotherapist): 9.75[0m
[34m2025-01-07 03:26:31,428 - DEBUG - Number of resource hours needed per all treatment by RG(therapists): 7.975000000000001[0m
[34m2025-01-07 03:26:31,428 - DEBUG - Number of resource hours needed per all treatment by RG(sport_room): 5.625[0m
[32m2025-01-07 03:26:31,428 - INFO - {'solver': 'LBBDSolver', 'args': {'break_symmetry': False, 'subsolver_cls': <class 'src.solvers.subsolvers.cp_subsolver.CPSubsolver'>, 'subsolver.store_results': True, 'subsolver.store_results_method': 'hash', 'use_helper_constraints': True, 'enforce_min_treatments_per_day': True, 'enforce_max_treatments_per_e_w': True, 'enforce_min_patients_per_treatment': True, 'log_to_console': True}}[0m
[34m2025-01-07 03:26:31,429 - DEBUG - Setting options: LBBDSolver[0m
[34m2025-01-07 03:26:31,429 - DEBUG -  ---- break_symmetry to False[0m
[34m2025-01-07 03:26:31,429 - DEBUG -  ---- subsolver_cls to <class 'src.solvers.subsolvers.cp_subsolver.CPSubsolver'>[0m
[34m2025-01-07 03:26:31,429 - DEBUG -  ---- use_helper_constraints to True[0m
[34m2025-01-07 03:26:31,429 - DEBUG -  ---- add_constraints_to_symmetric_days to True (default)[0m
[34m2025-01-07 03:26:31,429 - DEBUG - Setting options: Solver[0m
[34m2025-01-07 03:26:31,429 - DEBUG -  ---- number_of_threads to 1 (default)[0m
[34m2025-01-07 03:26:31,429 - DEBUG -  ---- treatment_value to 0 (default)[0m
[34m2025-01-07 03:26:31,429 - DEBUG -  ---- delay_value to 1 (default)[0m
[34m2025-01-07 03:26:31,429 - DEBUG -  ---- missing_treatment_value to 4 (default)[0m
[34m2025-01-07 03:26:31,429 - DEBUG -  ---- enforce_min_treatments_per_day to True[0m
[34m2025-01-07 03:26:31,429 - DEBUG -  ---- enforce_max_treatments_per_e_w to True[0m
[34m2025-01-07 03:26:31,429 - DEBUG -  ---- enforce_min_patients_per_treatment to True[0m
[34m2025-01-07 03:26:31,429 - DEBUG -  ---- log_to_console to True[0m
[34m2025-01-07 03:26:31,429 - DEBUG -  ---- log_to_file to True (default)[0m
[34m2025-01-07 03:26:31,439 - DEBUG - Setting options: CPSubsolver[0m
[34m2025-01-07 03:26:31,440 - DEBUG -  ---- estimated_needed_treatments to True (default)[0m
[34m2025-01-07 03:26:31,440 - DEBUG -  ---- add_patient_symmetry to False (default)[0m
[34m2025-01-07 03:26:31,440 - DEBUG - Setting Subsolver options: SubSolver[0m
[34m2025-01-07 03:26:31,440 - DEBUG -  ---- store_results to True[0m
[34m2025-01-07 03:26:31,440 - DEBUG -  ---- store_results_method to hash[0m
[34m2025-01-07 03:26:31,440 - DEBUG -  ---- enforce_min_patients_per_treatment to True[0m
[34m2025-01-07 03:26:31,440 - DEBUG -  ---- use_day_symmetry to True (default)[0m
[32m2025-01-07 03:26:31,446 - INFO - Create model: LBBDSolver[0m
Set parameter TSPort to value 50039
Set parameter TokenServer to value "license.itc.rwth-aachen.de"
Set parameter Threads to value 1
Set parameter LazyConstraints to value 1
[34m2025-01-07 03:26:31,585 - DEBUG - Variables created.[0m
[34m2025-01-07 03:26:32,021 - DEBUG - Constraint (not too many treatments) created.[0m
[34m2025-01-07 03:26:32,357 - DEBUG - Constraint (no_treatments_outside admittance) created.[0m
[34m2025-01-07 03:26:32,358 - DEBUG - Constraint (bed_usage) created.[0m
[34m2025-01-07 03:26:32,358 - DEBUG - Constraint (must be admitted) created.[0m
[34m2025-01-07 03:26:32,400 - DEBUG - Constraint (e_w_ub) created.[0m
[34m2025-01-07 03:26:32,414 - DEBUG - Constraint (day_ub) created.[0m
[34m2025-01-07 03:26:32,428 - DEBUG - Constraint (Day always) created.[0m
[34m2025-01-07 03:26:32,428 - DEBUG - Constraint (already_admitted) created.[0m
[32m2025-01-07 03:26:32,736 - INFO - Time to create model: 1.29[0m
[32m2025-01-07 03:26:32,736 - INFO - Solving model: LBBDSolver[0m
Gurobi Optimizer version 10.0.0 build v10.0.0rc2 (linux64)

CPU model: Intel(R) Xeon(R) Platinum 8468, instruction set [SSE2|AVX|AVX2|AVX512]
Thread count: 96 physical cores, 96 logical processors, using up to 1 threads

Optimize a model with 84097 rows, 35182 columns and 677108 nonzeros
Model fingerprint: 0x5b40f93c
Variable types: 3 continuous, 35179 integer (35179 binary)
Coefficient statistics:
  Matrix range     [1e+00, 1e+01]
  Objective range  [1e+00, 1e+01]
  Bounds range     [1e+00, 1e+00]
  RHS range        [1e+00, 2e+03]
Presolve added 0 rows and 290 columns
Presolve removed 43162 rows and 0 columns
Presolve time: 0.71s
Presolved: 40935 rows, 35472 columns, 484318 nonzeros
Variable types: 1 continuous, 35471 integer (35323 binary)
Root relaxation presolved: 40881 rows, 35526 columns, 467245 nonzeros


Use crossover to convert LP symmetric solution to basic solution...

Root relaxation: objective 5.400000e+02, 12359 iterations, 0.30 seconds (0.37 work units)

    Nodes    |    Current Node    |     Objective Bounds      |     Work
 Expl Unexpl |  Obj  Depth IntInf | Incumbent    BestBd   Gap | It/Node Time

     0     0  540.00000    0   72          -  540.00000      -     -    4s
[32m2025-01-07 03:26:39,556 - INFO - d_prime: 3 d: 3[0m
[32m2025-01-07 03:26:39,558 - INFO - d_prime: 4 d: 3[0m
[32m2025-01-07 03:26:39,558 - INFO - d_prime: 5 d: 3[0m
[32m2025-01-07 03:26:39,559 - INFO - d_prime: 6 d: 3[0m
[32m2025-01-07 03:26:39,559 - INFO - d_prime: 7 d: 3[0m
[32m2025-01-07 03:26:39,560 - INFO - d_prime: 8 d: 3[0m
[32m2025-01-07 03:26:39,561 - INFO - d_prime: 9 d: 3[0m
[32m2025-01-07 03:26:39,561 - INFO - forbidden_vars: ([{3:2},{3:2,9:1},{9:3},{1:1,6:2,7:1},{1:1,5:1,9:2},{1:1,6:2,9:1},{3:4},{5:1,6:2,7:1},{5:1,6:2,7:1},{6:2,7:1,9:1}])[0m
[32m2025-01-07 03:26:39,561 - INFO - False[0m
     0     0  540.00000    0   72          -  540.00000      -     -   21s
[32m2025-01-07 03:26:59,379 - INFO - d_prime: 3 d: 3[0m
[32m2025-01-07 03:26:59,380 - INFO - d_prime: 4 d: 3[0m
[32m2025-01-07 03:26:59,381 - INFO - d_prime: 5 d: 3[0m
[32m2025-01-07 03:26:59,381 - INFO - d_prime: 6 d: 3[0m
[32m2025-01-07 03:26:59,382 - INFO - d_prime: 7 d: 3[0m
[32m2025-01-07 03:26:59,383 - INFO - d_prime: 8 d: 3[0m
[32m2025-01-07 03:26:59,383 - INFO - d_prime: 9 d: 3[0m
[32m2025-01-07 03:26:59,384 - INFO - forbidden_vars: ([{1:1,7:1},{1:1,9:1},{3:2},{5:1,7:1},{5:1,7:1},{7:1,9:1},{3:2,9:1},{9:3},{1:1,5:1,9:2},{3:4}])[0m
[32m2025-01-07 03:26:59,384 - INFO - False[0m
[32m2025-01-07 03:27:04,664 - INFO - d_prime: 3 d: 3[0m
[32m2025-01-07 03:27:04,664 - INFO - d_prime: 4 d: 3[0m
[32m2025-01-07 03:27:04,665 - INFO - d_prime: 5 d: 3[0m
[32m2025-01-07 03:27:04,666 - INFO - d_prime: 6 d: 3[0m
[32m2025-01-07 03:27:04,667 - INFO - d_prime: 7 d: 3[0m
[32m2025-01-07 03:27:04,667 - INFO - d_prime: 8 d: 3[0m
[32m2025-01-07 03:27:04,668 - INFO - d_prime: 9 d: 3[0m
[32m2025-01-07 03:27:04,668 - INFO - forbidden_vars: ([{3:2},{3:2,9:1},{6:2,9:1},{9:3},{1:1,6:2,7:1},{1:1,5:1,9:2},{1:1,6:2,9:1},{3:4},{5:1,6:2,7:1},{5:1,6:2,7:1}])[0m
[32m2025-01-07 03:27:04,668 - INFO - False[0m
     0     0  540.00000    0   72          -  540.00000      -     -   32s
[32m2025-01-07 03:27:07,573 - INFO - d_prime: 3 d: 3[0m
[32m2025-01-07 03:27:07,574 - INFO - d_prime: 4 d: 3[0m
[32m2025-01-07 03:27:07,575 - INFO - d_prime: 5 d: 3[0m
[32m2025-01-07 03:27:07,575 - INFO - d_prime: 6 d: 3[0m
[32m2025-01-07 03:27:07,576 - INFO - d_prime: 7 d: 3[0m
[32m2025-01-07 03:27:07,577 - INFO - d_prime: 8 d: 3[0m
[32m2025-01-07 03:27:07,577 - INFO - d_prime: 9 d: 3[0m
[32m2025-01-07 03:27:07,578 - INFO - forbidden_vars: ([{3:2},{3:2,9:1},{5:1,6:2},{9:3},{1:1,6:2,7:1},{1:1,5:1,9:2},{1:1,6:2,9:1},{3:4},{5:1,6:2,7:1},{6:2,7:1,9:1}])[0m
[32m2025-01-07 03:27:07,578 - INFO - False[0m
[32m2025-01-07 03:27:14,883 - INFO - d_prime: 3 d: 3[0m
[32m2025-01-07 03:27:14,884 - INFO - d_prime: 4 d: 3[0m
[32m2025-01-07 03:27:14,885 - INFO - d_prime: 5 d: 3[0m
[32m2025-01-07 03:27:14,885 - INFO - d_prime: 6 d: 3[0m
[32m2025-01-07 03:27:14,886 - INFO - d_prime: 7 d: 3[0m
[32m2025-01-07 03:27:14,887 - INFO - d_prime: 8 d: 3[0m
[32m2025-01-07 03:27:14,887 - INFO - d_prime: 9 d: 3[0m
[32m2025-01-07 03:27:14,888 - INFO - forbidden_vars: ([{3:2},{3:2,9:1},{6:2,9:1},{6:2,7:1},{9:3},{1:1,6:2,7:1},{1:1,5:1,9:2},{1:1,6:2,9:1},{3:4},{5:1,6:2,7:1}])[0m
[32m2025-01-07 03:27:14,888 - INFO - False[0m
[32m2025-01-07 03:27:14,888 - INFO - Number of cuts added: 5 (bad=0, good=5)[0m
[32m2025-01-07 03:27:14,888 - INFO - Unnecessary comps: (0 / 5)[0m
[32m2025-01-07 03:27:14,888 - INFO - Calls to is_day_infeasible: cp_solver=18/ total=50 stored=32[0m
[32m2025-01-07 03:27:14,888 - INFO - Is feasible: 36.650925397872925 0.9979015683663489[0m
[32m2025-01-07 03:27:14,888 - INFO - Subsolver: Solve Model: 36.27728199958801/0.9899303031138353[0m
[32m2025-01-07 03:27:14,888 - INFO - Subsolver: Create Model: 0.3690171241760254/0.010069696886164659[0m
[32m2025-01-07 03:27:14,888 - INFO - Num_constraints-added: 35[0m
     0     0  540.00000    0   72          -  540.00000      -     -   42s
     0     0  540.00000    0  122          -  540.00000      -     -   42s
[32m2025-01-07 03:27:33,279 - INFO - d_prime: 3 d: 3[0m
[32m2025-01-07 03:27:33,280 - INFO - d_prime: 4 d: 3[0m
[32m2025-01-07 03:27:33,280 - INFO - d_prime: 5 d: 3[0m
[32m2025-01-07 03:27:33,281 - INFO - d_prime: 6 d: 3[0m
[32m2025-01-07 03:27:33,282 - INFO - d_prime: 7 d: 3[0m
[32m2025-01-07 03:27:33,282 - INFO - d_prime: 8 d: 3[0m
[32m2025-01-07 03:27:33,283 - INFO - d_prime: 9 d: 3[0m
[32m2025-01-07 03:27:33,284 - INFO - forbidden_vars: ([{3:2},{3:2,9:1},{9:3},{1:1,6:2,7:1},{1:1,5:1,9:2},{1:1,6:2,9:1},{3:3,9:1},{5:1,6:2,7:1},{5:1,6:2,7:1},{6:2,7:1,9:1}])[0m
[32m2025-01-07 03:27:33,284 - INFO - False[0m
     0     0  540.00000    0  122          -  540.00000      -     -   69s
     0     0  540.00000    0  121          -  540.00000      -     -   69s
[32m2025-01-07 03:27:53,554 - INFO - d_prime: 3 d: 3[0m
[32m2025-01-07 03:27:53,555 - INFO - d_prime: 4 d: 3[0m
[32m2025-01-07 03:27:53,556 - INFO - d_prime: 5 d: 3[0m
[32m2025-01-07 03:27:53,556 - INFO - d_prime: 6 d: 3[0m
[32m2025-01-07 03:27:53,557 - INFO - d_prime: 7 d: 3[0m
[32m2025-01-07 03:27:53,558 - INFO - d_prime: 8 d: 3[0m
[32m2025-01-07 03:27:53,558 - INFO - d_prime: 9 d: 3[0m
[32m2025-01-07 03:27:53,559 - INFO - forbidden_vars: ([{3:2},{3:2,9:1},{9:3},{1:1,6:2,7:1},{1:1,5:1,6:2},{1:1,6:2,9:1},{3:3,9:1},{5:1,6:1,9:2},{5:1,6:2,7:1},{6:2,7:1,9:1}])[0m
[32m2025-01-07 03:27:53,559 - INFO - False[0m
     0     0  540.00000    0    -          -  540.00000      -     -   89s
[32m2025-01-07 03:28:15,676 - INFO - d_prime: 3 d: 3[0m
[32m2025-01-07 03:28:15,677 - INFO - d_prime: 4 d: 3[0m
[32m2025-01-07 03:28:15,678 - INFO - d_prime: 5 d: 3[0m
[32m2025-01-07 03:28:15,679 - INFO - d_prime: 6 d: 3[0m
[32m2025-01-07 03:28:15,679 - INFO - d_prime: 7 d: 3[0m
[32m2025-01-07 03:28:15,680 - INFO - d_prime: 8 d: 3[0m
[32m2025-01-07 03:28:15,681 - INFO - d_prime: 9 d: 3[0m
[32m2025-01-07 03:28:15,681 - INFO - forbidden_vars: ([{3:2},{3:2,9:1},{6:2,9:1},{9:3},{1:1,6:2,7:1},{1:1,5:1,6:2},{1:1,6:2,9:1},{3:3,9:1},{5:1,6:1,9:2},{5:1,6:2,7:1}])[0m
[32m2025-01-07 03:28:15,681 - INFO - False[0m
     0     0  540.00000    0    -          -  540.00000      -     -  103s
[32m2025-01-07 03:28:27,267 - INFO - d_prime: 3 d: 3[0m
[32m2025-01-07 03:28:27,268 - INFO - d_prime: 4 d: 3[0m
[32m2025-01-07 03:28:27,268 - INFO - d_prime: 5 d: 3[0m
[32m2025-01-07 03:28:27,269 - INFO - d_prime: 6 d: 3[0m
[32m2025-01-07 03:28:27,270 - INFO - d_prime: 7 d: 3[0m
[32m2025-01-07 03:28:27,270 - INFO - d_prime: 8 d: 3[0m
[32m2025-01-07 03:28:27,271 - INFO - d_prime: 9 d: 3[0m
[32m2025-01-07 03:28:27,272 - INFO - forbidden_vars: ([{3:2},{3:2,9:1},{9:3},{1:1,6:2,7:1},{1:1,5:1,6:1,7:1},{1:1,6:2,9:1},{3:3,9:1},{5:1,6:1,9:2},{5:1,6:2,7:1},{6:2,7:1,9:1}])[0m
[32m2025-01-07 03:28:27,272 - INFO - False[0m
     0     0  540.00000    0    -          -  540.00000      -     -  114s
[32m2025-01-07 03:28:37,200 - INFO - d_prime: 3 d: 3[0m
[32m2025-01-07 03:28:37,200 - INFO - d_prime: 4 d: 3[0m
[32m2025-01-07 03:28:37,201 - INFO - d_prime: 5 d: 3[0m
[32m2025-01-07 03:28:37,202 - INFO - d_prime: 6 d: 3[0m
[32m2025-01-07 03:28:37,202 - INFO - d_prime: 7 d: 3[0m
[32m2025-01-07 03:28:37,203 - INFO - d_prime: 8 d: 3[0m
[32m2025-01-07 03:28:37,204 - INFO - d_prime: 9 d: 3[0m
[32m2025-01-07 03:28:37,204 - INFO - forbidden_vars: ([{3:2},{3:2,9:1},{6:2,9:1},{9:3},{1:1,6:2,7:1},{1:1,5:1,6:1,7:1},{1:1,6:2,9:1},{3:3,9:1},{5:1,6:1,9:2},{5:1,6:2,7:1}])[0m
[32m2025-01-07 03:28:37,204 - INFO - False[0m
[32m2025-01-07 03:28:37,205 - INFO - Number of cuts added: 10 (bad=0, good=10)[0m
[32m2025-01-07 03:28:37,205 - INFO - Unnecessary comps: (0 / 10)[0m
[32m2025-01-07 03:28:37,205 - INFO - Calls to is_day_infeasible: cp_solver=36/ total=100 stored=64[0m
[32m2025-01-07 03:28:37,205 - INFO - Is feasible: 117.63364243507385 0.9987165677677179[0m
[32m2025-01-07 03:28:37,205 - INFO - Subsolver: Solve Model: 116.92956495285034/0.9940986227729341[0m
[32m2025-01-07 03:28:37,205 - INFO - Subsolver: Create Model: 0.6941418647766113/0.005901377227065828[0m
[32m2025-01-07 03:28:37,205 - INFO - Num_constraints-added: 70[0m
     0     0  540.00000    0    -          -  540.00000      -     -  124s
     0     0  540.00000    0   15          -  540.00000      -     -  124s
[32m2025-01-07 03:28:47,820 - INFO - d_prime: 3 d: 3[0m
[32m2025-01-07 03:28:47,821 - INFO - d_prime: 4 d: 3[0m
[32m2025-01-07 03:28:47,822 - INFO - d_prime: 5 d: 3[0m
[32m2025-01-07 03:28:47,822 - INFO - d_prime: 6 d: 3[0m
[32m2025-01-07 03:28:47,823 - INFO - d_prime: 7 d: 3[0m
[32m2025-01-07 03:28:47,824 - INFO - d_prime: 8 d: 3[0m
[32m2025-01-07 03:28:47,824 - INFO - d_prime: 9 d: 3[0m
[32m2025-01-07 03:28:47,825 - INFO - forbidden_vars: ([{3:2},{3:2,9:1},{9:3},{1:1,6:2,7:1},{1:1,6:2,9:1},{3:3,9:1},{5:1,6:2,7:1},{5:1,6:1,9:2},{5:1,6:2,7:1},{6:2,7:1,9:1}])[0m
[32m2025-01-07 03:28:47,825 - INFO - False[0m
     0     0  540.00000    0   15          -  540.00000      -     -  144s
[32m2025-01-07 03:29:04,584 - INFO - d_prime: 3 d: 3[0m
[32m2025-01-07 03:29:04,585 - INFO - d_prime: 4 d: 3[0m
[32m2025-01-07 03:29:04,585 - INFO - d_prime: 5 d: 3[0m
[32m2025-01-07 03:29:04,586 - INFO - d_prime: 6 d: 3[0m
[32m2025-01-07 03:29:04,587 - INFO - d_prime: 7 d: 3[0m
[32m2025-01-07 03:29:04,587 - INFO - d_prime: 8 d: 3[0m
[32m2025-01-07 03:29:04,588 - INFO - d_prime: 9 d: 3[0m
[32m2025-01-07 03:29:04,588 - INFO - forbidden_vars: ([{3:2},{3:2,9:1},{9:3},{1:1,6:2,7:1},{1:1,6:1,9:2},{1:1,6:2,9:1},{3:3,9:1},{5:1,6:2,7:1},{5:1,6:2,7:1},{6:2,7:1,9:1}])[0m
[32m2025-01-07 03:29:04,588 - INFO - False[0m
[32m2025-01-07 03:29:18,928 - INFO - d_prime: 3 d: 3[0m
[32m2025-01-07 03:29:18,929 - INFO - d_prime: 4 d: 3[0m
[32m2025-01-07 03:29:18,930 - INFO - d_prime: 5 d: 3[0m
[32m2025-01-07 03:29:18,930 - INFO - d_prime: 6 d: 3[0m
[32m2025-01-07 03:29:18,931 - INFO - d_prime: 7 d: 3[0m
[32m2025-01-07 03:29:18,932 - INFO - d_prime: 8 d: 3[0m
[32m2025-01-07 03:29:18,932 - INFO - d_prime: 9 d: 3[0m
[32m2025-01-07 03:29:18,933 - INFO - forbidden_vars: ([{3:2},{3:2,9:1},{9:3},{1:1,6:2,7:1},{1:1,6:2,7:1},{1:1,6:2,9:1},{3:3,9:1},{5:1,6:1,9:2},{5:1,6:2,7:1},{6:2,7:1,9:1}])[0m
[32m2025-01-07 03:29:18,933 - INFO - False[0m
[32m2025-01-07 03:29:31,033 - INFO - d_prime: 3 d: 3[0m
[32m2025-01-07 03:29:31,034 - INFO - d_prime: 4 d: 3[0m
[32m2025-01-07 03:29:31,034 - INFO - d_prime: 5 d: 3[0m
[32m2025-01-07 03:29:31,035 - INFO - d_prime: 6 d: 3[0m
[32m2025-01-07 03:29:31,035 - INFO - d_prime: 7 d: 3[0m
[32m2025-01-07 03:29:31,036 - INFO - d_prime: 8 d: 3[0m
[32m2025-01-07 03:29:31,037 - INFO - d_prime: 9 d: 3[0m
[32m2025-01-07 03:29:31,037 - INFO - forbidden_vars: ([{3:2},{3:2,9:1},{6:1,9:2},{9:3},{1:1,6:2,7:1},{1:1,6:2,7:1},{1:1,6:2,9:1},{3:3,9:1},{5:1,6:2,7:1},{6:2,7:1,9:1}])[0m
[32m2025-01-07 03:29:31,037 - INFO - False[0m
     0     0  540.00000    0   15          -  540.00000      -     -  178s
[32m2025-01-07 03:29:41,240 - INFO - d_prime: 3 d: 3[0m
[32m2025-01-07 03:29:41,241 - INFO - d_prime: 4 d: 3[0m
[32m2025-01-07 03:29:41,241 - INFO - d_prime: 5 d: 3[0m
[32m2025-01-07 03:29:41,242 - INFO - d_prime: 6 d: 3[0m
[32m2025-01-07 03:29:41,242 - INFO - d_prime: 7 d: 3[0m
[32m2025-01-07 03:29:41,243 - INFO - d_prime: 8 d: 3[0m
[32m2025-01-07 03:29:41,244 - INFO - d_prime: 9 d: 3[0m
[32m2025-01-07 03:29:41,244 - INFO - forbidden_vars: ([{3:2},{3:2,9:1},{6:1,9:2},{9:3},{1:1,6:2,7:1},{1:1,5:1,6:2},{1:1,6:2,9:1},{3:3,9:1},{5:1,6:2,7:1},{6:2,7:1,9:1}])[0m
[32m2025-01-07 03:29:41,245 - INFO - False[0m
[32m2025-01-07 03:29:41,245 - INFO - Number of cuts added: 15 (bad=0, good=15)[0m
[32m2025-01-07 03:29:41,245 - INFO - Unnecessary comps: (0 / 15)[0m
[32m2025-01-07 03:29:41,245 - INFO - Calls to is_day_infeasible: cp_solver=44/ total=150 stored=106[0m
[32m2025-01-07 03:29:41,245 - INFO - Is feasible: 181.45580911636353 0.9987471345726737[0m
[32m2025-01-07 03:29:41,245 - INFO - Subsolver: Solve Model: 180.56547856330872/0.995162766581695[0m
[32m2025-01-07 03:29:41,245 - INFO - Subsolver: Create Model: 0.8776829242706299/0.0048372334183050016[0m
[32m2025-01-07 03:29:41,245 - INFO - Num_constraints-added: 105[0m
     0     0  540.00000    0    4          -  540.00000      -     -  189s
[32m2025-01-07 03:29:51,196 - INFO - d_prime: 3 d: 3[0m
[32m2025-01-07 03:29:51,197 - INFO - d_prime: 4 d: 3[0m
[32m2025-01-07 03:29:51,197 - INFO - d_prime: 5 d: 3[0m
[32m2025-01-07 03:29:51,198 - INFO - d_prime: 6 d: 3[0m
[32m2025-01-07 03:29:51,199 - INFO - d_prime: 7 d: 3[0m
[32m2025-01-07 03:29:51,199 - INFO - d_prime: 8 d: 3[0m
[32m2025-01-07 03:29:51,200 - INFO - d_prime: 9 d: 3[0m
[32m2025-01-07 03:29:51,200 - INFO - forbidden_vars: ([{3:2},{3:2},{9:3},{1:1,6:2,7:1},{1:1,6:2,9:1},{3:3,9:1},{5:1,6:2,7:1},{5:1,6:1,9:2},{5:1,6:2,7:1},{6:2,7:1,9:1}])[0m
[32m2025-01-07 03:29:51,200 - INFO - False[0m
     0     0  540.00000    0    4          -  540.00000      -     -  198s
H    0     0                     544.0000000  540.00000  0.74%     -  200s
[32m2025-01-07 03:30:16,242 - INFO - d_prime: 8 d: 8[0m
[32m2025-01-07 03:30:16,244 - INFO - d_prime: 9 d: 8[0m
[32m2025-01-07 03:30:16,245 - INFO - forbidden_vars: ([{3:2},{3:1,5:1},{3:2},{4:1,9:1},{5:1,7:1},{5:1,6:1},{5:1,9:1},{3:1,4:1,5:1},{4:2,9:1},{4:1,5:2},{1:1,6:2,7:1},{1:2,5:1,6:1},{1:1,5:1,6:2},{1:1,5:2,6:1},{3:3,9:1},{5:1,6:2,7:1},{5:2,6:2}])[0m
[32m2025-01-07 03:30:16,245 - INFO - False[0m
     0     0  540.00000    0    4  544.00000  540.00000  0.74%     -  226s
[32m2025-01-07 03:30:39,426 - INFO - d_prime: 8 d: 8[0m
[32m2025-01-07 03:30:39,429 - INFO - d_prime: 9 d: 8[0m
[32m2025-01-07 03:30:39,430 - INFO - forbidden_vars: ([{1:1,5:1},{1:1,9:1},{3:2},{3:2},{4:1,9:1},{5:1,6:1},{1:1,6:1,7:1},{3:1,4:1,5:1},{3:3},{4:2,9:1},{4:1,5:2},{1:2,5:1,7:1},{1:1,5:1,6:2},{3:3,9:1},{5:1,6:2,7:1},{5:2,6:2},{5:2,6:2}])[0m
[32m2025-01-07 03:30:39,430 - INFO - False[0m
     0     0  540.00000    0    4  544.00000  540.00000  0.74%     -  254s
[32m2025-01-07 03:31:10,914 - INFO - Number of cuts added: 18 (bad=0, good=18)[0m
[32m2025-01-07 03:31:10,915 - INFO - Unnecessary comps: (0 / 18)[0m
[32m2025-01-07 03:31:10,915 - INFO - Calls to is_day_infeasible: cp_solver=71/ total=200 stored=129[0m
[32m2025-01-07 03:31:10,915 - INFO - Is feasible: 270.1646912097931 0.9989251393257731[0m
[32m2025-01-07 03:31:10,915 - INFO - Subsolver: Solve Model: 268.7385895252228/0.9947992581161217[0m
[32m2025-01-07 03:31:10,915 - INFO - Subsolver: Create Model: 1.4049468040466309/0.005200741883878301[0m
[32m2025-01-07 03:31:10,915 - INFO - Num_constraints-added: 116[0m
H    0     0                     540.0000000  540.00000  0.00%     -  278s
     0     0  540.00000    0    4  540.00000  540.00000  0.00%     -  278s

Cutting planes:
  Gomory: 8
  Lift-and-project: 7
  Clique: 1
  MIR: 25
  StrongCG: 1
  Zero half: 23
  RLT: 22
  Lazy constraints: 116

Explored 1 nodes (55879 simplex iterations) in 278.15 seconds (14.10 work units)
Thread count was 1 (of 96 available processors)

Solution count 2: 540 544 

Optimal solution found (tolerance 1.00e-04)
Best objective 5.400000000000e+02, best bound 5.400000000000e+02, gap 0.0000%

User-callback calls 1423, time in user-callback 270.47 sec
[34m2025-01-07 03:31:10,919 - DEBUG - Finished optimization[0m
[34m2025-01-07 03:31:10,920 - DEBUG - Subsolver stats:[0m
[32m2025-01-07 03:31:10,920 - INFO - Number of cuts added: 18 (bad=0, good=18)[0m
[32m2025-01-07 03:31:10,920 - INFO - Unnecessary comps: (0 / 18)[0m
[32m2025-01-07 03:31:10,920 - INFO - Calls to is_day_infeasible: cp_solver=71/ total=200 stored=129[0m
[32m2025-01-07 03:31:10,920 - INFO - Is feasible: 270.1646912097931 0.9989251393257731[0m
[32m2025-01-07 03:31:10,920 - INFO - Subsolver: Solve Model: 268.7385895252228/0.9947992581161217[0m
[32m2025-01-07 03:31:10,920 - INFO - Subsolver: Create Model: 1.4049468040466309/0.005200741883878301[0m
[32m2025-01-07 03:31:10,920 - INFO - Num_constraints-added: 116[0m
[32m2025-01-07 03:31:10,920 - INFO - Optimal solution found.[0m
[34m2025-01-07 03:31:10,920 - DEBUG - Sub Objectives:[0m
[34m2025-01-07 03:31:10,920 - DEBUG - (SOLVER):Minimize Delay: 0.0[0m
[34m2025-01-07 03:31:10,920 - DEBUG - (SOLVER):Minimize Missing Treatments: 540.0[0m
[32m2025-01-07 03:31:10,920 - INFO - All cuts [defaultdict(<class 'dict'>, {P(patient0): {T(bath): 1, T(sport): 2, T(physio): 1}, P(patient3): {T(bath): 1, T(massage): 1, T(board_games): 2}, P(patient4): {T(bath): 1, T(sport): 2, T(board_games): 1}, P(patient11): {T(knitting): 2, T(board_games): 1}, P(patient12): {T(knitting): 4}, P(patient19): {T(knitting): 2}, P(patient2): {T(massage): 1, T(sport): 2, T(physio): 1}, P(patient7): {T(massage): 1, T(sport): 2, T(physio): 1}, P(patient1): {T(sport): 2, T(physio): 1, T(board_games): 1}, P(patient10): {T(board_games): 3}}), defaultdict(<class 'dict'>, {P(patient0): {T(bath): 1, T(physio): 1}, P(patient3): {T(bath): 1, T(massage): 1, T(board_games): 2}, P(patient4): {T(bath): 1, T(board_games): 1}, P(patient11): {T(knitting): 2, T(board_games): 1}, P(patient12): {T(knitting): 4}, P(patient19): {T(knitting): 2}, P(patient2): {T(massage): 1, T(physio): 1}, P(patient7): {T(massage): 1, T(physio): 1}, P(patient1): {T(physio): 1, T(board_games): 1}, P(patient10): {T(board_games): 3}}), defaultdict(<class 'dict'>, {P(patient0): {T(bath): 1, T(sport): 2, T(physio): 1}, P(patient3): {T(bath): 1, T(massage): 1, T(board_games): 2}, P(patient4): {T(bath): 1, T(sport): 2, T(board_games): 1}, P(patient11): {T(knitting): 2, T(board_games): 1}, P(patient12): {T(knitting): 4}, P(patient19): {T(knitting): 2}, P(patient2): {T(massage): 1, T(sport): 2, T(physio): 1}, P(patient7): {T(massage): 1, T(sport): 2, T(physio): 1}, P(patient1): {T(sport): 2, T(board_games): 1}, P(patient10): {T(board_games): 3}}), defaultdict(<class 'dict'>, {P(patient0): {T(bath): 1, T(sport): 2, T(physio): 1}, P(patient3): {T(bath): 1, T(massage): 1, T(board_games): 2}, P(patient4): {T(bath): 1, T(sport): 2, T(board_games): 1}, P(patient11): {T(knitting): 2, T(board_games): 1}, P(patient12): {T(knitting): 4}, P(patient19): {T(knitting): 2}, P(patient2): {T(massage): 1, T(sport): 2}, P(patient7): {T(massage): 1, T(sport): 2, T(physio): 1}, P(patient1): {T(sport): 2, T(physio): 1, T(board_games): 1}, P(patient10): {T(board_games): 3}}), defaultdict(<class 'dict'>, {P(patient0): {T(bath): 1, T(sport): 2, T(physio): 1}, P(patient3): {T(bath): 1, T(massage): 1, T(board_games): 2}, P(patient4): {T(bath): 1, T(sport): 2, T(board_games): 1}, P(patient11): {T(knitting): 2, T(board_games): 1}, P(patient12): {T(knitting): 4}, P(patient19): {T(knitting): 2}, P(patient2): {T(massage): 1, T(sport): 2, T(physio): 1}, P(patient1): {T(sport): 2, T(board_games): 1}, P(patient7): {T(sport): 2, T(physio): 1}, P(patient10): {T(board_games): 3}}), defaultdict(<class 'dict'>, {P(patient0): {T(bath): 1, T(sport): 2, T(physio): 1}, P(patient3): {T(bath): 1, T(massage): 1, T(board_games): 2}, P(patient4): {T(bath): 1, T(sport): 2, T(board_games): 1}, P(patient11): {T(knitting): 2, T(board_games): 1}, P(patient12): {T(knitting): 3, T(board_games): 1}, P(patient19): {T(knitting): 2}, P(patient2): {T(massage): 1, T(sport): 2, T(physio): 1}, P(patient7): {T(massage): 1, T(sport): 2, T(physio): 1}, P(patient1): {T(sport): 2, T(physio): 1, T(board_games): 1}, P(patient10): {T(board_games): 3}}), defaultdict(<class 'dict'>, {P(patient0): {T(bath): 1, T(sport): 2, T(physio): 1}, P(patient2): {T(bath): 1, T(massage): 1, T(sport): 2}, P(patient4): {T(bath): 1, T(sport): 2, T(board_games): 1}, P(patient11): {T(knitting): 2, T(board_games): 1}, P(patient12): {T(knitting): 3, T(board_games): 1}, P(patient19): {T(knitting): 2}, P(patient3): {T(massage): 1, T(sport): 1, T(board_games): 2}, P(patient7): {T(massage): 1, T(sport): 2, T(physio): 1}, P(patient1): {T(sport): 2, T(physio): 1, T(board_games): 1}, P(patient10): {T(board_games): 3}}), defaultdict(<class 'dict'>, {P(patient0): {T(bath): 1, T(sport): 2, T(physio): 1}, P(patient2): {T(bath): 1, T(massage): 1, T(sport): 2}, P(patient4): {T(bath): 1, T(sport): 2, T(board_games): 1}, P(patient11): {T(knitting): 2, T(board_games): 1}, P(patient12): {T(knitting): 3, T(board_games): 1}, P(patient19): {T(knitting): 2}, P(patient3): {T(massage): 1, T(sport): 1, T(board_games): 2}, P(patient7): {T(massage): 1, T(sport): 2, T(physio): 1}, P(patient1): {T(sport): 2, T(board_games): 1}, P(patient10): {T(board_games): 3}}), defaultdict(<class 'dict'>, {P(patient0): {T(bath): 1, T(sport): 2, T(physio): 1}, P(patient2): {T(bath): 1, T(massage): 1, T(sport): 1, T(physio): 1}, P(patient4): {T(bath): 1, T(sport): 2, T(board_games): 1}, P(patient11): {T(knitting): 2, T(board_games): 1}, P(patient12): {T(knitting): 3, T(board_games): 1}, P(patient19): {T(knitting): 2}, P(patient3): {T(massage): 1, T(sport): 1, T(board_games): 2}, P(patient7): {T(massage): 1, T(sport): 2, T(physio): 1}, P(patient1): {T(sport): 2, T(physio): 1, T(board_games): 1}, P(patient10): {T(board_games): 3}}), defaultdict(<class 'dict'>, {P(patient0): {T(bath): 1, T(sport): 2, T(physio): 1}, P(patient2): {T(bath): 1, T(massage): 1, T(sport): 1, T(physio): 1}, P(patient4): {T(bath): 1, T(sport): 2, T(board_games): 1}, P(patient11): {T(knitting): 2, T(board_games): 1}, P(patient12): {T(knitting): 3, T(board_games): 1}, P(patient19): {T(knitting): 2}, P(patient3): {T(massage): 1, T(sport): 1, T(board_games): 2}, P(patient7): {T(massage): 1, T(sport): 2, T(physio): 1}, P(patient1): {T(sport): 2, T(board_games): 1}, P(patient10): {T(board_games): 3}}), defaultdict(<class 'dict'>, {P(patient0): {T(bath): 1, T(sport): 2, T(physio): 1}, P(patient4): {T(bath): 1, T(sport): 2, T(board_games): 1}, P(patient11): {T(knitting): 2, T(board_games): 1}, P(patient12): {T(knitting): 3, T(board_games): 1}, P(patient19): {T(knitting): 2}, P(patient2): {T(massage): 1, T(sport): 2, T(physio): 1}, P(patient3): {T(massage): 1, T(sport): 1, T(board_games): 2}, P(patient7): {T(massage): 1, T(sport): 2, T(physio): 1}, P(patient1): {T(sport): 2, T(physio): 1, T(board_games): 1}, P(patient10): {T(board_games): 3}}), defaultdict(<class 'dict'>, {P(patient0): {T(bath): 1, T(sport): 2, T(physio): 1}, P(patient3): {T(bath): 1, T(sport): 1, T(board_games): 2}, P(patient4): {T(bath): 1, T(sport): 2, T(board_games): 1}, P(patient11): {T(knitting): 2, T(board_games): 1}, P(patient12): {T(knitting): 3, T(board_games): 1}, P(patient19): {T(knitting): 2}, P(patient2): {T(massage): 1, T(sport): 2, T(physio): 1}, P(patient7): {T(massage): 1, T(sport): 2, T(physio): 1}, P(patient1): {T(sport): 2, T(physio): 1, T(board_games): 1}, P(patient10): {T(board_games): 3}}), defaultdict(<class 'dict'>, {P(patient0): {T(bath): 1, T(sport): 2, T(physio): 1}, P(patient2): {T(bath): 1, T(sport): 2, T(physio): 1}, P(patient4): {T(bath): 1, T(sport): 2, T(board_games): 1}, P(patient11): {T(knitting): 2, T(board_games): 1}, P(patient12): {T(knitting): 3, T(board_games): 1}, P(patient19): {T(knitting): 2}, P(patient3): {T(massage): 1, T(sport): 1, T(board_games): 2}, P(patient7): {T(massage): 1, T(sport): 2, T(physio): 1}, P(patient1): {T(sport): 2, T(physio): 1, T(board_games): 1}, P(patient10): {T(board_games): 3}}), defaultdict(<class 'dict'>, {P(patient0): {T(bath): 1, T(sport): 2, T(physio): 1}, P(patient2): {T(bath): 1, T(sport): 2, T(physio): 1}, P(patient4): {T(bath): 1, T(sport): 2, T(board_games): 1}, P(patient11): {T(knitting): 2, T(board_games): 1}, P(patient12): {T(knitting): 3, T(board_games): 1}, P(patient19): {T(knitting): 2}, P(patient7): {T(massage): 1, T(sport): 2, T(physio): 1}, P(patient1): {T(sport): 2, T(physio): 1, T(board_games): 1}, P(patient3): {T(sport): 1, T(board_games): 2}, P(patient10): {T(board_games): 3}}), defaultdict(<class 'dict'>, {P(patient0): {T(bath): 1, T(sport): 2, T(physio): 1}, P(patient2): {T(bath): 1, T(massage): 1, T(sport): 2}, P(patient4): {T(bath): 1, T(sport): 2, T(board_games): 1}, P(patient11): {T(knitting): 2, T(board_games): 1}, P(patient12): {T(knitting): 3, T(board_games): 1}, P(patient19): {T(knitting): 2}, P(patient7): {T(massage): 1, T(sport): 2, T(physio): 1}, P(patient1): {T(sport): 2, T(physio): 1, T(board_games): 1}, P(patient3): {T(sport): 1, T(board_games): 2}, P(patient10): {T(board_games): 3}}), defaultdict(<class 'dict'>, {P(patient0): {T(bath): 1, T(sport): 2, T(physio): 1}, P(patient4): {T(bath): 1, T(sport): 2, T(board_games): 1}, P(patient11): {T(knitting): 2}, P(patient12): {T(knitting): 3, T(board_games): 1}, P(patient19): {T(knitting): 2}, P(patient2): {T(massage): 1, T(sport): 2, T(physio): 1}, P(patient3): {T(massage): 1, T(sport): 1, T(board_games): 2}, P(patient7): {T(massage): 1, T(sport): 2, T(physio): 1}, P(patient1): {T(sport): 2, T(physio): 1, T(board_games): 1}, P(patient10): {T(board_games): 3}}), defaultdict(<class 'dict'>, {P(patient2): {T(bath): 1, T(sport): 2, T(physio): 1}, P(patient3): {T(bath): 2, T(massage): 1, T(sport): 1}, P(patient4): {T(bath): 1, T(massage): 1, T(sport): 2}, P(patient7): {T(bath): 1, T(massage): 2, T(sport): 1}, P(patient10): {T(knitting): 2}, P(patient11): {T(knitting): 1, T(trust_exercise): 1, T(massage): 1}, P(patient12): {T(knitting): 3, T(board_games): 1}, P(patient16): {T(knitting): 1, T(massage): 1}, P(patient19): {T(knitting): 2}, P(patient13): {T(trust_exercise): 2, T(board_games): 1}, P(patient14): {T(trust_exercise): 1, T(massage): 2}, P(patient17): {T(trust_exercise): 1, T(board_games): 1}, P(patient0): {T(massage): 1, T(physio): 1}, P(patient1): {T(massage): 1, T(sport): 2, T(physio): 1}, P(patient5): {T(massage): 1, T(sport): 1}, P(patient6): {T(massage): 1, T(board_games): 1}, P(patient8): {T(massage): 2, T(sport): 2}}), defaultdict(<class 'dict'>, {P(patient0): {T(bath): 1, T(massage): 1}, P(patient2): {T(bath): 1, T(sport): 1, T(physio): 1}, P(patient3): {T(bath): 2, T(massage): 1, T(physio): 1}, P(patient4): {T(bath): 1, T(massage): 1, T(sport): 2}, P(patient6): {T(bath): 1, T(board_games): 1}, P(patient10): {T(knitting): 2}, P(patient11): {T(knitting): 1, T(trust_exercise): 1, T(massage): 1}, P(patient12): {T(knitting): 3, T(board_games): 1}, P(patient16): {T(knitting): 3}, P(patient19): {T(knitting): 2}, P(patient13): {T(trust_exercise): 2, T(board_games): 1}, P(patient14): {T(trust_exercise): 1, T(massage): 2}, P(patient17): {T(trust_exercise): 1, T(board_games): 1}, P(patient1): {T(massage): 1, T(sport): 2, T(physio): 1}, P(patient5): {T(massage): 1, T(sport): 1}, P(patient7): {T(massage): 2, T(sport): 2}, P(patient8): {T(massage): 2, T(sport): 2}})][0m
[32m2025-01-07 03:31:10,920 - INFO - All cuts ['([{3:2},{3:2,9:1},{9:3},{1:1,6:2,7:1},{1:1,5:1,9:2},{1:1,6:2,9:1},{3:4},{5:1,6:2,7:1},{5:1,6:2,7:1},{6:2,7:1,9:1}])', '([{1:1,7:1},{1:1,9:1},{3:2},{5:1,7:1},{5:1,7:1},{7:1,9:1},{3:2,9:1},{9:3},{1:1,5:1,9:2},{3:4}])', '([{3:2},{3:2,9:1},{6:2,9:1},{9:3},{1:1,6:2,7:1},{1:1,5:1,9:2},{1:1,6:2,9:1},{3:4},{5:1,6:2,7:1},{5:1,6:2,7:1}])', '([{3:2},{3:2,9:1},{5:1,6:2},{9:3},{1:1,6:2,7:1},{1:1,5:1,9:2},{1:1,6:2,9:1},{3:4},{5:1,6:2,7:1},{6:2,7:1,9:1}])', '([{3:2},{3:2,9:1},{6:2,9:1},{6:2,7:1},{9:3},{1:1,6:2,7:1},{1:1,5:1,9:2},{1:1,6:2,9:1},{3:4},{5:1,6:2,7:1}])', '([{3:2},{3:2,9:1},{9:3},{1:1,6:2,7:1},{1:1,5:1,9:2},{1:1,6:2,9:1},{3:3,9:1},{5:1,6:2,7:1},{5:1,6:2,7:1},{6:2,7:1,9:1}])', '([{3:2},{3:2,9:1},{9:3},{1:1,6:2,7:1},{1:1,5:1,6:2},{1:1,6:2,9:1},{3:3,9:1},{5:1,6:1,9:2},{5:1,6:2,7:1},{6:2,7:1,9:1}])', '([{3:2},{3:2,9:1},{6:2,9:1},{9:3},{1:1,6:2,7:1},{1:1,5:1,6:2},{1:1,6:2,9:1},{3:3,9:1},{5:1,6:1,9:2},{5:1,6:2,7:1}])', '([{3:2},{3:2,9:1},{9:3},{1:1,6:2,7:1},{1:1,5:1,6:1,7:1},{1:1,6:2,9:1},{3:3,9:1},{5:1,6:1,9:2},{5:1,6:2,7:1},{6:2,7:1,9:1}])', '([{3:2},{3:2,9:1},{6:2,9:1},{9:3},{1:1,6:2,7:1},{1:1,5:1,6:1,7:1},{1:1,6:2,9:1},{3:3,9:1},{5:1,6:1,9:2},{5:1,6:2,7:1}])', '([{3:2},{3:2,9:1},{9:3},{1:1,6:2,7:1},{1:1,6:2,9:1},{3:3,9:1},{5:1,6:2,7:1},{5:1,6:1,9:2},{5:1,6:2,7:1},{6:2,7:1,9:1}])', '([{3:2},{3:2,9:1},{9:3},{1:1,6:2,7:1},{1:1,6:1,9:2},{1:1,6:2,9:1},{3:3,9:1},{5:1,6:2,7:1},{5:1,6:2,7:1},{6:2,7:1,9:1}])', '([{3:2},{3:2,9:1},{9:3},{1:1,6:2,7:1},{1:1,6:2,7:1},{1:1,6:2,9:1},{3:3,9:1},{5:1,6:1,9:2},{5:1,6:2,7:1},{6:2,7:1,9:1}])', '([{3:2},{3:2,9:1},{6:1,9:2},{9:3},{1:1,6:2,7:1},{1:1,6:2,7:1},{1:1,6:2,9:1},{3:3,9:1},{5:1,6:2,7:1},{6:2,7:1,9:1}])', '([{3:2},{3:2,9:1},{6:1,9:2},{9:3},{1:1,6:2,7:1},{1:1,5:1,6:2},{1:1,6:2,9:1},{3:3,9:1},{5:1,6:2,7:1},{6:2,7:1,9:1}])', '([{3:2},{3:2},{9:3},{1:1,6:2,7:1},{1:1,6:2,9:1},{3:3,9:1},{5:1,6:2,7:1},{5:1,6:1,9:2},{5:1,6:2,7:1},{6:2,7:1,9:1}])', '([{3:2},{3:1,5:1},{3:2},{4:1,9:1},{5:1,7:1},{5:1,6:1},{5:1,9:1},{3:1,4:1,5:1},{4:2,9:1},{4:1,5:2},{1:1,6:2,7:1},{1:2,5:1,6:1},{1:1,5:1,6:2},{1:1,5:2,6:1},{3:3,9:1},{5:1,6:2,7:1},{5:2,6:2}])', '([{1:1,5:1},{1:1,9:1},{3:2},{3:2},{4:1,9:1},{5:1,6:1},{1:1,6:1,7:1},{3:1,4:1,5:1},{3:3},{4:2,9:1},{4:1,5:2},{1:2,5:1,7:1},{1:1,5:1,6:2},{3:3,9:1},{5:1,6:2,7:1},{5:2,6:2},{5:2,6:2}])'][0m
[34m2025-01-07 03:31:31,115 - DEBUG - Patient 0 is admitted at day 0.[0m
[34m2025-01-07 03:31:31,115 - DEBUG - Patient 1 is admitted at day 1.[0m
[34m2025-01-07 03:31:31,115 - DEBUG - Patient 2 is admitted at day 2.[0m
[34m2025-01-07 03:31:31,115 - DEBUG - Patient 3 is admitted at day 2.[0m
[34m2025-01-07 03:31:31,115 - DEBUG - Patient 4 is admitted at day 3.[0m
[34m2025-01-07 03:31:31,115 - DEBUG - Patient 5 is admitted at day 4.[0m
[34m2025-01-07 03:31:31,115 - DEBUG - Patient 6 is admitted at day 5.[0m
[34m2025-01-07 03:31:31,116 - DEBUG - Patient 7 is admitted at day 2.[0m
[34m2025-01-07 03:31:31,116 - DEBUG - Patient 8 is admitted at day 7.[0m
[34m2025-01-07 03:31:31,116 - DEBUG - Patient 9 is admitted at day 9.[0m
[34m2025-01-07 03:31:31,116 - DEBUG - Patient 10 is admitted at day 0.[0m
[34m2025-01-07 03:31:31,116 - DEBUG - Patient 11 is admitted at day 2.[0m
[34m2025-01-07 03:31:31,116 - DEBUG - Patient 12 is admitted at day 3.[0m
[34m2025-01-07 03:31:31,116 - DEBUG - Patient 13 is admitted at day 8.[0m
[34m2025-01-07 03:31:31,116 - DEBUG - Patient 14 is admitted at day 6.[0m
[34m2025-01-07 03:31:31,116 - DEBUG - Patient 15 is admitted at day 11.[0m
[34m2025-01-07 03:31:31,116 - DEBUG - Patient 16 is admitted at day 4.[0m
[34m2025-01-07 03:31:31,116 - DEBUG - Patient 17 is admitted at day 5.[0m
[34m2025-01-07 03:31:31,116 - DEBUG - Patient 19 is admitted at day 0.[0m
[34m2025-01-07 03:31:31,116 - DEBUG - Patients [0] have treatment 1 starting at day 0, hour 8.0 using resources [8].[0m
[34m2025-01-07 03:31:31,116 - DEBUG - Patients [10, 19] have treatment 3 starting at day 0, hour 8.0 using resources [9, 6].[0m
[34m2025-01-07 03:31:31,116 - DEBUG - Patients [10] have treatment 4 starting at day 0, hour 14.0 using resources [1, 6].[0m
[34m2025-01-07 03:31:31,116 - DEBUG - Patients [10] have treatment 4 starting at day 0, hour 14.5 using resources [2, 6].[0m
[34m2025-01-07 03:31:31,116 - DEBUG - Patients [19] have treatment 5 starting at day 0, hour 13.0 using resources [5, 6].[0m
[34m2025-01-07 03:31:31,116 - DEBUG - Patients [19] have treatment 5 starting at day 0, hour 13.5 using resources [5, 6].[0m
[34m2025-01-07 03:31:31,116 - DEBUG - Patients [0] have treatment 7 starting at day 0, hour 10.0 using resources [8, 6, 5].[0m
[34m2025-01-07 03:31:31,116 - DEBUG - Patients [0] have treatment 7 starting at day 0, hour 11.0 using resources [8, 6, 5].[0m
[34m2025-01-07 03:31:31,116 - DEBUG - Patients [1] have treatment 1 starting at day 1, hour 8.0 using resources [8].[0m
[34m2025-01-07 03:31:31,116 - DEBUG - Patients [0] have treatment 1 starting at day 1, hour 8.0 using resources [7].[0m
[34m2025-01-07 03:31:31,116 - DEBUG - Patients [10, 19] have treatment 3 starting at day 1, hour 8.0 using resources [9, 6].[0m
[34m2025-01-07 03:31:31,116 - DEBUG - Patients [1, 19] have treatment 5 starting at day 1, hour 11.5 using resources [5, 6].[0m
[34m2025-01-07 03:31:31,116 - DEBUG - Patients [0] have treatment 5 starting at day 1, hour 13.0 using resources [5, 6].[0m
[34m2025-01-07 03:31:31,116 - DEBUG - Patients [1, 10, 19] have treatment 9 starting at day 1, hour 10.0 using resources [3, 6].[0m
[34m2025-01-07 03:31:31,116 - DEBUG - Patients [11, 19] have treatment 3 starting at day 2, hour 8.0 using resources [1, 6].[0m
[34m2025-01-07 03:31:31,116 - DEBUG - Patients [10, 11] have treatment 3 starting at day 2, hour 13.0 using resources [1, 6].[0m
[34m2025-01-07 03:31:31,116 - DEBUG - Patients [11] have treatment 4 starting at day 2, hour 11.5 using resources [0, 6].[0m
[34m2025-01-07 03:31:31,116 - DEBUG - Patients [10, 19] have treatment 5 starting at day 2, hour 10.0 using resources [5, 6].[0m
[34m2025-01-07 03:31:31,116 - DEBUG - Patients [19] have treatment 5 starting at day 2, hour 10.5 using resources [5, 6].[0m
[34m2025-01-07 03:31:31,116 - DEBUG - Patients [19] have treatment 5 starting at day 2, hour 11.0 using resources [5, 6].[0m
[34m2025-01-07 03:31:31,116 - DEBUG - Patients [0, 1, 2, 3, 7] have treatment 6 starting at day 2, hour 8.0 using resources [0, 8].[0m
[34m2025-01-07 03:31:31,116 - DEBUG - Patients [0, 1, 2, 3, 7] have treatment 6 starting at day 2, hour 9.5 using resources [0, 8].[0m
[34m2025-01-07 03:31:31,117 - DEBUG - Patients [0, 1, 2, 3, 7] have treatment 6 starting at day 2, hour 13.0 using resources [0, 8].[0m
[34m2025-01-07 03:31:31,117 - DEBUG - Patients [0, 1, 2, 3, 7] have treatment 6 starting at day 2, hour 14.5 using resources [0, 8].[0m
[34m2025-01-07 03:31:31,117 - DEBUG - Patients [0] have treatment 1 starting at day 3, hour 12.5 using resources [8].[0m
[34m2025-01-07 03:31:31,117 - DEBUG - Patients [4] have treatment 1 starting at day 3, hour 15.5 using resources [6].[0m
[34m2025-01-07 03:31:31,117 - DEBUG - Patients [11, 12] have treatment 3 starting at day 3, hour 9.5 using resources [9, 6].[0m
[34m2025-01-07 03:31:31,117 - DEBUG - Patients [11, 12, 19] have treatment 3 starting at day 3, hour 14.0 using resources [3, 7].[0m
[34m2025-01-07 03:31:31,117 - DEBUG - Patients [2] have treatment 5 starting at day 3, hour 11.5 using resources [4, 6].[0m
[34m2025-01-07 03:31:31,117 - DEBUG - Patients [2, 12] have treatment 5 starting at day 3, hour 13.0 using resources [5, 6].[0m
[34m2025-01-07 03:31:31,117 - DEBUG - Patients [7] have treatment 5 starting at day 3, hour 15.5 using resources [5, 8].[0m
[34m2025-01-07 03:31:31,117 - DEBUG - Patients [0, 1, 2, 4, 7] have treatment 6 starting at day 3, hour 8.0 using resources [0, 8].[0m
[34m2025-01-07 03:31:31,117 - DEBUG - Patients [0, 1, 2, 4, 7] have treatment 6 starting at day 3, hour 14.0 using resources [4, 8].[0m
[34m2025-01-07 03:31:31,117 - DEBUG - Patients [3, 7] have treatment 7 starting at day 3, hour 11.0 using resources [8, 7, 5].[0m
[34m2025-01-07 03:31:31,117 - DEBUG - Patients [1, 3] have treatment 7 starting at day 3, hour 13.0 using resources [8, 7, 4].[0m
[34m2025-01-07 03:31:31,117 - DEBUG - Patients [10, 11, 12] have treatment 9 starting at day 3, hour 8.0 using resources [2, 7].[0m
[34m2025-01-07 03:31:31,117 - DEBUG - Patients [1, 3, 4, 10] have treatment 9 starting at day 3, hour 9.5 using resources [2, 7].[0m
[34m2025-01-07 03:31:31,117 - DEBUG - Patients [0, 19] have treatment 9 starting at day 3, hour 9.5 using resources [4, 8].[0m
[34m2025-01-07 03:31:31,117 - DEBUG - Patients [3, 10] have treatment 9 starting at day 3, hour 14.0 using resources [9, 6].[0m
[34m2025-01-07 03:31:31,117 - DEBUG - Patients [1] have treatment 1 starting at day 4, hour 12.0 using resources [7].[0m
[34m2025-01-07 03:31:31,117 - DEBUG - Patients [10, 11, 12, 16, 19] have treatment 2 starting at day 4, hour 11.0 using resources [9, 7].[0m
[34m2025-01-07 03:31:31,117 - DEBUG - Patients [10, 11, 12, 16, 19] have treatment 2 starting at day 4, hour 13.0 using resources [1, 7].[0m
[34m2025-01-07 03:31:31,117 - DEBUG - Patients [12] have treatment 4 starting at day 4, hour 15.0 using resources [0, 7].[0m
[34m2025-01-07 03:31:31,117 - DEBUG - Patients [10, 16] have treatment 5 starting at day 4, hour 14.0 using resources [5, 7].[0m
[34m2025-01-07 03:31:31,117 - DEBUG - Patients [1, 3] have treatment 5 starting at day 4, hour 14.5 using resources [5, 7].[0m
[34m2025-01-07 03:31:31,117 - DEBUG - Patients [4] have treatment 7 starting at day 4, hour 8.0 using resources [8, 7, 5].[0m
[34m2025-01-07 03:31:31,118 - DEBUG - Patients [4] have treatment 7 starting at day 4, hour 9.0 using resources [8, 7, 5].[0m
[34m2025-01-07 03:31:31,118 - DEBUG - Patients [0, 4] have treatment 7 starting at day 4, hour 10.0 using resources [8, 7, 4].[0m
[34m2025-01-07 03:31:31,118 - DEBUG - Patients [2, 4] have treatment 7 starting at day 4, hour 11.0 using resources [8, 6, 5].[0m
[34m2025-01-07 03:31:31,118 - DEBUG - Patients [5, 7] have treatment 7 starting at day 4, hour 14.5 using resources [8, 6, 4].[0m
[34m2025-01-07 03:31:31,118 - DEBUG - Patients [3, 5, 7, 11, 12, 16, 19] have treatment 9 starting at day 4, hour 8.0 using resources [2, 6].[0m
[34m2025-01-07 03:31:31,118 - DEBUG - Patients [2, 5] have treatment 9 starting at day 4, hour 9.5 using resources [0, 6].[0m
[34m2025-01-07 03:31:31,118 - DEBUG - Patients [0, 5] have treatment 9 starting at day 4, hour 13.0 using resources [0, 6].[0m
[34m2025-01-07 03:31:31,118 - DEBUG - Patients [6] have treatment 1 starting at day 5, hour 10.0 using resources [8].[0m
[34m2025-01-07 03:31:31,118 - DEBUG - Patients [6] have treatment 1 starting at day 5, hour 11.5 using resources [7].[0m
[34m2025-01-07 03:31:31,118 - DEBUG - Patients [1] have treatment 1 starting at day 5, hour 12.0 using resources [7].[0m
[34m2025-01-07 03:31:31,118 - DEBUG - Patients [5] have treatment 1 starting at day 5, hour 12.5 using resources [7].[0m
[34m2025-01-07 03:31:31,118 - DEBUG - Patients [5] have treatment 1 starting at day 5, hour 14.0 using resources [7].[0m
[34m2025-01-07 03:31:31,118 - DEBUG - Patients [2] have treatment 1 starting at day 5, hour 14.5 using resources [7].[0m
[34m2025-01-07 03:31:31,118 - DEBUG - Patients [5] have treatment 1 starting at day 5, hour 15.0 using resources [7].[0m
[34m2025-01-07 03:31:31,118 - DEBUG - Patients [1] have treatment 1 starting at day 5, hour 15.5 using resources [7].[0m
[34m2025-01-07 03:31:31,118 - DEBUG - Patients [10, 12, 16, 17, 19] have treatment 2 starting at day 5, hour 13.0 using resources [9, 6].[0m
[34m2025-01-07 03:31:31,118 - DEBUG - Patients [10, 11, 12, 16, 17] have treatment 2 starting at day 5, hour 14.5 using resources [0, 6].[0m
[34m2025-01-07 03:31:31,118 - DEBUG - Patients [16, 19] have treatment 4 starting at day 5, hour 9.5 using resources [0, 7].[0m
[34m2025-01-07 03:31:31,118 - DEBUG - Patients [19] have treatment 4 starting at day 5, hour 10.0 using resources [0, 6].[0m
[34m2025-01-07 03:31:31,118 - DEBUG - Patients [12, 17] have treatment 5 starting at day 5, hour 11.5 using resources [5, 6].[0m
[34m2025-01-07 03:31:31,118 - DEBUG - Patients [6, 12] have treatment 5 starting at day 5, hour 14.0 using resources [5, 6].[0m
[34m2025-01-07 03:31:31,118 - DEBUG - Patients [5, 6] have treatment 5 starting at day 5, hour 15.5 using resources [5, 6].[0m
[34m2025-01-07 03:31:31,118 - DEBUG - Patients [4] have treatment 7 starting at day 5, hour 8.0 using resources [8, 6, 5].[0m
[34m2025-01-07 03:31:31,118 - DEBUG - Patients [2] have treatment 7 starting at day 5, hour 9.0 using resources [8, 6, 5].[0m
[34m2025-01-07 03:31:31,118 - DEBUG - Patients [3] have treatment 7 starting at day 5, hour 10.5 using resources [8, 7, 5].[0m
[34m2025-01-07 03:31:31,118 - DEBUG - Patients [0] have treatment 7 starting at day 5, hour 13.0 using resources [8, 7, 5].[0m
[34m2025-01-07 03:31:31,118 - DEBUG - Patients [0, 7, 17] have treatment 9 starting at day 5, hour 8.0 using resources [2, 7].[0m
[34m2025-01-07 03:31:31,118 - DEBUG - Patients [7] have treatment 1 starting at day 6, hour 12.0 using resources [6].[0m
[34m2025-01-07 03:31:31,119 - DEBUG - Patients [6] have treatment 1 starting at day 6, hour 12.0 using resources [7].[0m
[34m2025-01-07 03:31:31,119 - DEBUG - Patients [2] have treatment 1 starting at day 6, hour 12.5 using resources [7].[0m
[34m2025-01-07 03:31:31,119 - DEBUG - Patients [1] have treatment 1 starting at day 6, hour 14.0 using resources [7].[0m
[34m2025-01-07 03:31:31,119 - DEBUG - Patients [10, 11, 14, 16, 17] have treatment 2 starting at day 6, hour 8.0 using resources [9, 6].[0m
[34m2025-01-07 03:31:31,119 - DEBUG - Patients [12, 19] have treatment 3 starting at day 6, hour 8.0 using resources [2, 7].[0m
[34m2025-01-07 03:31:31,119 - DEBUG - Patients [14] have treatment 4 starting at day 6, hour 9.0 using resources [1, 6].[0m
[34m2025-01-07 03:31:31,119 - DEBUG - Patients [5] have treatment 5 starting at day 6, hour 9.5 using resources [5, 6].[0m
[34m2025-01-07 03:31:31,119 - DEBUG - Patients [17] have treatment 5 starting at day 6, hour 10.0 using resources [4, 6].[0m
[34m2025-01-07 03:31:31,119 - DEBUG - Patients [0, 3, 4, 5, 6, 7] have treatment 6 starting at day 6, hour 8.0 using resources [0, 8].[0m
[34m2025-01-07 03:31:31,119 - DEBUG - Patients [0, 3, 4, 6, 7] have treatment 6 starting at day 6, hour 9.5 using resources [0, 8].[0m
[34m2025-01-07 03:31:31,119 - DEBUG - Patients [1, 3] have treatment 7 starting at day 6, hour 11.0 using resources [8, 6, 4].[0m
[34m2025-01-07 03:31:31,119 - DEBUG - Patients [0] have treatment 7 starting at day 6, hour 13.0 using resources [8, 7, 5].[0m
[34m2025-01-07 03:31:31,119 - DEBUG - Patients [2, 6, 10, 14, 16, 17, 19] have treatment 9 starting at day 6, hour 13.0 using resources [0, 6].[0m
[34m2025-01-07 03:31:31,119 - DEBUG - Patients [10, 16] have treatment 9 starting at day 6, hour 14.5 using resources [0, 6].[0m
[34m2025-01-07 03:31:31,119 - DEBUG - Patients [6] have treatment 1 starting at day 7, hour 9.5 using resources [6].[0m
[34m2025-01-07 03:31:31,119 - DEBUG - Patients [7] have treatment 1 starting at day 7, hour 12.0 using resources [7].[0m
[34m2025-01-07 03:31:31,119 - DEBUG - Patients [4] have treatment 1 starting at day 7, hour 12.0 using resources [6].[0m
[34m2025-01-07 03:31:31,119 - DEBUG - Patients [3] have treatment 1 starting at day 7, hour 12.5 using resources [7].[0m
[34m2025-01-07 03:31:31,119 - DEBUG - Patients [8] have treatment 1 starting at day 7, hour 12.5 using resources [8].[0m
[34m2025-01-07 03:31:31,119 - DEBUG - Patients [5] have treatment 1 starting at day 7, hour 12.5 using resources [6].[0m
[34m2025-01-07 03:31:31,119 - DEBUG - Patients [1] have treatment 1 starting at day 7, hour 13.0 using resources [8].[0m
[34m2025-01-07 03:31:31,119 - DEBUG - Patients [3] have treatment 1 starting at day 7, hour 13.0 using resources [7].[0m
[34m2025-01-07 03:31:31,119 - DEBUG - Patients [10] have treatment 4 starting at day 7, hour 8.0 using resources [9, 7].[0m
[34m2025-01-07 03:31:31,119 - DEBUG - Patients [10] have treatment 4 starting at day 7, hour 8.5 using resources [2, 7].[0m
[34m2025-01-07 03:31:31,119 - DEBUG - Patients [11] have treatment 4 starting at day 7, hour 10.0 using resources [3, 6].[0m
[34m2025-01-07 03:31:31,119 - DEBUG - Patients [16, 17] have treatment 5 starting at day 7, hour 9.5 using resources [5, 7].[0m
[34m2025-01-07 03:31:31,119 - DEBUG - Patients [16, 17] have treatment 5 starting at day 7, hour 10.5 using resources [5, 6].[0m
[34m2025-01-07 03:31:31,119 - DEBUG - Patients [0, 16] have treatment 5 starting at day 7, hour 13.0 using resources [4, 6].[0m
[34m2025-01-07 03:31:31,119 - DEBUG - Patients [14] have treatment 5 starting at day 7, hour 13.5 using resources [5, 6].[0m
[34m2025-01-07 03:31:31,119 - DEBUG - Patients [3] have treatment 5 starting at day 7, hour 13.5 using resources [4, 8].[0m
[34m2025-01-07 03:31:31,119 - DEBUG - Patients [14] have treatment 5 starting at day 7, hour 14.0 using resources [5, 6].[0m
[34m2025-01-07 03:31:31,119 - DEBUG - Patients [6] have treatment 5 starting at day 7, hour 14.5 using resources [5, 8].[0m
[34m2025-01-07 03:31:31,119 - DEBUG - Patients [1, 2, 4, 5, 6] have treatment 6 starting at day 7, hour 8.0 using resources [0, 8].[0m
[34m2025-01-07 03:31:31,120 - DEBUG - Patients [1, 2, 3, 4, 5, 7] have treatment 6 starting at day 7, hour 9.5 using resources [1, 8].[0m
[34m2025-01-07 03:31:31,120 - DEBUG - Patients [2, 7] have treatment 7 starting at day 7, hour 11.0 using resources [8, 6, 5].[0m
[34m2025-01-07 03:31:31,120 - DEBUG - Patients [0, 8, 11, 17, 19] have treatment 9 starting at day 7, hour 8.0 using resources [1, 6].[0m
[34m2025-01-07 03:31:31,120 - DEBUG - Patients [6, 8, 11, 12, 19] have treatment 9 starting at day 7, hour 10.5 using resources [3, 7].[0m
[34m2025-01-07 03:31:31,120 - DEBUG - Patients [1, 2, 8, 14] have treatment 9 starting at day 7, hour 14.5 using resources [4, 7].[0m
[34m2025-01-07 03:31:31,120 - DEBUG - Patients [0, 17] have treatment 9 starting at day 7, hour 14.5 using resources [0, 6].[0m
[34m2025-01-07 03:31:31,120 - DEBUG - Patients [7] have treatment 1 starting at day 8, hour 10.5 using resources [6].[0m
[34m2025-01-07 03:31:31,120 - DEBUG - Patients [4] have treatment 1 starting at day 8, hour 12.0 using resources [7].[0m
[34m2025-01-07 03:31:31,120 - DEBUG - Patients [2] have treatment 1 starting at day 8, hour 12.5 using resources [7].[0m
[34m2025-01-07 03:31:31,120 - DEBUG - Patients [3] have treatment 1 starting at day 8, hour 12.5 using resources [6].[0m
[34m2025-01-07 03:31:31,120 - DEBUG - Patients [3] have treatment 1 starting at day 8, hour 13.5 using resources [6].[0m
[34m2025-01-07 03:31:31,120 - DEBUG - Patients [0] have treatment 1 starting at day 8, hour 14.0 using resources [6].[0m
[34m2025-01-07 03:31:31,120 - DEBUG - Patients [10, 11, 12, 16, 19] have treatment 3 starting at day 8, hour 8.0 using resources [9, 6].[0m
[34m2025-01-07 03:31:31,120 - DEBUG - Patients [16, 19] have treatment 3 starting at day 8, hour 10.0 using resources [9, 8].[0m
[34m2025-01-07 03:31:31,120 - DEBUG - Patients [10, 12, 16] have treatment 3 starting at day 8, hour 13.0 using resources [0, 7].[0m
[34m2025-01-07 03:31:31,120 - DEBUG - Patients [14, 17] have treatment 4 starting at day 8, hour 11.5 using resources [2, 7].[0m
[34m2025-01-07 03:31:31,120 - DEBUG - Patients [11, 13] have treatment 4 starting at day 8, hour 15.0 using resources [0, 7].[0m
[34m2025-01-07 03:31:31,120 - DEBUG - Patients [13] have treatment 4 starting at day 8, hour 15.5 using resources [0, 7].[0m
[34m2025-01-07 03:31:31,120 - DEBUG - Patients [1, 14] have treatment 5 starting at day 8, hour 10.0 using resources [5, 6].[0m
[34m2025-01-07 03:31:31,120 - DEBUG - Patients [8, 11] have treatment 5 starting at day 8, hour 11.0 using resources [5, 6].[0m
[34m2025-01-07 03:31:31,120 - DEBUG - Patients [4, 8] have treatment 5 starting at day 8, hour 11.5 using resources [4, 6].[0m
[34m2025-01-07 03:31:31,120 - DEBUG - Patients [5, 14] have treatment 5 starting at day 8, hour 13.0 using resources [5, 6].[0m
[34m2025-01-07 03:31:31,120 - DEBUG - Patients [7] have treatment 5 starting at day 8, hour 14.5 using resources [5, 6].[0m
[34m2025-01-07 03:31:31,120 - DEBUG - Patients [3, 7] have treatment 5 starting at day 8, hour 15.0 using resources [4, 6].[0m
[34m2025-01-07 03:31:31,120 - DEBUG - Patients [0, 12] have treatment 5 starting at day 8, hour 15.5 using resources [4, 6].[0m
[34m2025-01-07 03:31:31,120 - DEBUG - Patients [1, 2, 4, 7, 8] have treatment 6 starting at day 8, hour 13.0 using resources [3, 8].[0m
[34m2025-01-07 03:31:31,120 - DEBUG - Patients [1, 2, 4, 5, 8] have treatment 6 starting at day 8, hour 14.5 using resources [1, 8].[0m
[34m2025-01-07 03:31:31,120 - DEBUG - Patients [1, 2] have treatment 7 starting at day 8, hour 8.0 using resources [8, 7, 5].[0m
[34m2025-01-07 03:31:31,120 - DEBUG - Patients [6] have treatment 7 starting at day 8, hour 9.0 using resources [8, 7, 4].[0m
[34m2025-01-07 03:31:31,120 - DEBUG - Patients [6, 12, 13, 17] have treatment 9 starting at day 8, hour 10.0 using resources [1, 7].[0m
[34m2025-01-07 03:31:31,120 - DEBUG - Patients [8] have treatment 1 starting at day 9, hour 8.0 using resources [8].[0m
[34m2025-01-07 03:31:31,120 - DEBUG - Patients [6] have treatment 1 starting at day 9, hour 8.0 using resources [7].[0m
[34m2025-01-07 03:31:31,120 - DEBUG - Patients [9] have treatment 1 starting at day 9, hour 8.0 using resources [6].[0m
[34m2025-01-07 03:31:31,120 - DEBUG - Patients [9] have treatment 1 starting at day 9, hour 8.5 using resources [7].[0m
[34m2025-01-07 03:31:31,121 - DEBUG - Patients [9] have treatment 1 starting at day 9, hour 10.0 using resources [8].[0m
[34m2025-01-07 03:31:31,121 - DEBUG - Patients [5] have treatment 1 starting at day 9, hour 12.0 using resources [6].[0m
[34m2025-01-07 03:31:31,121 - DEBUG - Patients [1] have treatment 1 starting at day 9, hour 12.0 using resources [8].[0m
[34m2025-01-07 03:31:31,121 - DEBUG - Patients [3] have treatment 1 starting at day 9, hour 12.0 using resources [7].[0m
[34m2025-01-07 03:31:31,121 - DEBUG - Patients [6] have treatment 1 starting at day 9, hour 12.5 using resources [6].[0m
[34m2025-01-07 03:31:31,121 - DEBUG - Patients [9] have treatment 1 starting at day 9, hour 12.5 using resources [7].[0m
[34m2025-01-07 03:31:31,121 - DEBUG - Patients [2] have treatment 1 starting at day 9, hour 14.5 using resources [8].[0m
[34m2025-01-07 03:31:31,121 - DEBUG - Patients [10, 13, 14, 16, 17] have treatment 2 starting at day 9, hour 8.5 using resources [4, 6].[0m
[34m2025-01-07 03:31:31,121 - DEBUG - Patients [10, 14, 16, 17, 19] have treatment 2 starting at day 9, hour 9.5 using resources [9, 6].[0m
[34m2025-01-07 03:31:31,121 - DEBUG - Patients [10, 11, 13, 16, 17] have treatment 2 starting at day 9, hour 10.5 using resources [2, 7].[0m
[34m2025-01-07 03:31:31,121 - DEBUG - Patients [11, 12] have treatment 4 starting at day 9, hour 8.5 using resources [9, 8].[0m
[34m2025-01-07 03:31:31,121 - DEBUG - Patients [12, 19] have treatment 5 starting at day 9, hour 11.0 using resources [5, 6].[0m
[34m2025-01-07 03:31:31,121 - DEBUG - Patients [13] have treatment 5 starting at day 9, hour 11.5 using resources [4, 7].[0m
[34m2025-01-07 03:31:31,121 - DEBUG - Patients [3, 11] have treatment 5 starting at day 9, hour 13.0 using resources [4, 7].[0m
[34m2025-01-07 03:31:31,121 - DEBUG - Patients [0] have treatment 5 starting at day 9, hour 13.0 using resources [5, 8].[0m
[34m2025-01-07 03:31:31,121 - DEBUG - Patients [4, 8] have treatment 5 starting at day 9, hour 14.5 using resources [5, 7].[0m
[34m2025-01-07 03:31:31,121 - DEBUG - Patients [1, 12] have treatment 5 starting at day 9, hour 14.5 using resources [4, 6].[0m
[34m2025-01-07 03:31:31,121 - DEBUG - Patients [5, 12] have treatment 5 starting at day 9, hour 15.0 using resources [4, 6].[0m
[34m2025-01-07 03:31:31,121 - DEBUG - Patients [4] have treatment 5 starting at day 9, hour 15.5 using resources [4, 6].[0m
[34m2025-01-07 03:31:31,121 - DEBUG - Patients [2, 3] have treatment 7 starting at day 9, hour 9.0 using resources [8, 7, 5].[0m
[34m2025-01-07 03:31:31,121 - DEBUG - Patients [7] have treatment 7 starting at day 9, hour 13.5 using resources [8, 7, 5].[0m
[34m2025-01-07 03:31:31,121 - DEBUG - Patients [0, 7] have treatment 7 starting at day 9, hour 15.0 using resources [8, 7, 5].[0m
[34m2025-01-07 03:31:31,121 - DEBUG - Patients [1, 4, 5, 7, 8, 14] have treatment 9 starting at day 9, hour 10.5 using resources [3, 8].[0m
[34m2025-01-07 03:31:31,121 - DEBUG - Patients [1, 4, 5, 8, 16] have treatment 9 starting at day 9, hour 13.0 using resources [9, 6].[0m
[34m2025-01-07 03:31:31,125 - DEBUG - Checking solution value.[0m
[34m2025-01-07 03:31:31,125 - DEBUG - Solvers objective function value: 540.0[0m
[34m2025-01-07 03:31:31,126 - DEBUG - (VERIFIER):Treatment value: 0[0m
[34m2025-01-07 03:31:31,126 - DEBUG - (VERIFIER):Delay value: 0[0m
[34m2025-01-07 03:31:31,126 - DEBUG - (VERIFIER):Missing treatment value: 540[0m
[34m2025-01-07 03:31:31,126 - DEBUG - Correct objective function value: 540[0m
[34m2025-01-07 03:31:31,126 - DEBUG - Solution is valid.[0m
[34m2025-01-07 03:31:31,126 - DEBUG - All solvers accepted the solution.[0m
[32m2025-01-07 03:31:31,126 - INFO - Time to find solution: 298.39s with value 540.000000[0m
[32m2025-01-07 03:31:31,126 - INFO - Total Time: 299.68s[0m
