1.NAME: LBBDSolver
2.PARAMS: {'break_symmetry': True, 'add_constraints_to_symmetrc_days': False, 'subsolver_cls': 'CPSubSolver2'}
3.INSTANCE: /home/wx350715/Kobra/rehabiliation-admission-scheduling/data/comp_study_002/instance_4_15.txt
4.REPETITION: 1
Current directory: /home/wx350715/Kobra/rehabiliation-admission-scheduling
[34m2025-01-07 04:38:46,911 - DEBUG - Solver: <class 'src.solvers.benders.LBBDSolver'>[0m
[34m2025-01-07 04:38:46,911 - DEBUG - Args: {'break_symmetry': True, 'add_constraints_to_symmetrc_days': False, 'subsolver_cls': 'CPSubSolver2'}[0m
[34m2025-01-07 04:38:46,911 - DEBUG - File path /home/wx350715/Kobra/rehabiliation-admission-scheduling/data/comp_study_002/instance_4_15.txt[0m
[34m2025-01-07 04:38:46,928 - DEBUG - ADD INSTANCE DATA[0m
[34m2025-01-07 04:38:46,929 - DEBUG - ADD INSTANCE DATA[0m
[34m2025-01-07 04:38:46,929 - DEBUG - ADD INSTANCE DATA[0m
[34m2025-01-07 04:38:46,929 - DEBUG - ADD INSTANCE DATA[0m
[34m2025-01-07 04:38:46,929 - DEBUG - ADD INSTANCE DATA[0m
[34m2025-01-07 04:38:46,929 - DEBUG - ADD INSTANCE DATA[0m
[34m2025-01-07 04:38:46,929 - DEBUG - ADD INSTANCE DATA[0m
[34m2025-01-07 04:38:46,929 - DEBUG - ADD INSTANCE DATA[0m
[34m2025-01-07 04:38:46,929 - DEBUG - ADD INSTANCE DATA[0m
[34m2025-01-07 04:38:46,929 - DEBUG - ADD INSTANCE DATA[0m
[34m2025-01-07 04:38:46,929 - DEBUG - ADD INSTANCE DATA[0m
[34m2025-01-07 04:38:46,929 - DEBUG - ADD RESOURCE_GROUPS[0m
[34m2025-01-07 04:38:46,929 - DEBUG - ADD RESOURCE_GROUPS[0m
[34m2025-01-07 04:38:46,929 - DEBUG - ADD RESOURCE_GROUPS[0m
[34m2025-01-07 04:38:46,929 - DEBUG - ADD RESOURCE_GROUPS[0m
[34m2025-01-07 04:38:46,930 - DEBUG - ADD RESOURCES[0m
[34m2025-01-07 04:38:46,930 - DEBUG - ADD RESOURCES[0m
[34m2025-01-07 04:38:46,930 - DEBUG - ADD RESOURCES[0m
[34m2025-01-07 04:38:46,930 - DEBUG - ADD RESOURCES[0m
[34m2025-01-07 04:38:46,930 - DEBUG - ADD RESOURCES[0m
[34m2025-01-07 04:38:46,930 - DEBUG - ADD RESOURCES[0m
[34m2025-01-07 04:38:46,930 - DEBUG - ADD RESOURCES[0m
[34m2025-01-07 04:38:46,930 - DEBUG - ADD RESOURCES[0m
[34m2025-01-07 04:38:46,930 - DEBUG - ADD RESOURCES[0m
[34m2025-01-07 04:38:46,930 - DEBUG - ADD RESOURCES[0m
[34m2025-01-07 04:38:46,931 - DEBUG - ADD TREATMENTS[0m
[34m2025-01-07 04:38:46,931 - DEBUG - ADD TREATMENTS[0m
[34m2025-01-07 04:38:46,931 - DEBUG - ADD TREATMENTS[0m
[34m2025-01-07 04:38:46,931 - DEBUG - ADD TREATMENTS[0m
[34m2025-01-07 04:38:46,931 - DEBUG - ADD TREATMENTS[0m
[34m2025-01-07 04:38:46,931 - DEBUG - ADD TREATMENTS[0m
[34m2025-01-07 04:38:46,931 - DEBUG - ADD TREATMENTS[0m
[34m2025-01-07 04:38:46,931 - DEBUG - ADD TREATMENTS[0m
[34m2025-01-07 04:38:46,931 - DEBUG - ADD PATIENTS[0m
[34m2025-01-07 04:38:46,932 - DEBUG - ADD PATIENTS[0m
[34m2025-01-07 04:38:46,932 - DEBUG - ADD PATIENTS[0m
[34m2025-01-07 04:38:46,932 - DEBUG - ADD PATIENTS[0m
[34m2025-01-07 04:38:46,932 - DEBUG - ADD PATIENTS[0m
[34m2025-01-07 04:38:46,932 - DEBUG - ADD PATIENTS[0m
[34m2025-01-07 04:38:46,932 - DEBUG - ADD PATIENTS[0m
[34m2025-01-07 04:38:46,932 - DEBUG - ADD PATIENTS[0m
[34m2025-01-07 04:38:46,932 - DEBUG - ADD PATIENTS[0m
[34m2025-01-07 04:38:46,932 - DEBUG - ADD PATIENTS[0m
[34m2025-01-07 04:38:46,933 - DEBUG - ADD PATIENTS[0m
[34m2025-01-07 04:38:46,933 - DEBUG - ADD PATIENTS[0m
[34m2025-01-07 04:38:46,933 - DEBUG - ADD PATIENTS[0m
[34m2025-01-07 04:38:46,933 - DEBUG - ADD PATIENTS[0m
[34m2025-01-07 04:38:46,933 - DEBUG - ADD PATIENTS[0m
[34m2025-01-07 04:38:46,933 - DEBUG - ADD PATIENTS[0m
[34m2025-01-07 04:38:46,933 - DEBUG - ADD PATIENTS[0m
[34m2025-01-07 04:38:46,933 - DEBUG - ADD PATIENTS[0m
[34m2025-01-07 04:38:46,933 - DEBUG - ADD PATIENTS[0m
[34m2025-01-07 04:38:46,933 - DEBUG - ADD PATIENTS[0m
[34m2025-01-07 04:38:46,934 - DEBUG - ADD PATIENTS[0m
[34m2025-01-07 04:38:46,934 - DEBUG - ADD PATIENTS[0m
[34m2025-01-07 04:38:46,934 - DEBUG - ADD PATIENTS[0m
[34m2025-01-07 04:38:46,934 - DEBUG - ADD PATIENTS[0m
[34m2025-01-07 04:38:46,935 - DEBUG - ADD PATIENTS[0m
[34m2025-01-07 04:38:46,935 - DEBUG - ADD PATIENTS[0m
[34m2025-01-07 04:38:46,935 - DEBUG - ADD PATIENTS[0m
[34m2025-01-07 04:38:46,935 - DEBUG - ADD PATIENTS[0m
[34m2025-01-07 04:38:46,935 - DEBUG - ADD PATIENTS[0m
[34m2025-01-07 04:38:46,935 - DEBUG - ADD PATIENTS[0m
[34m2025-01-07 04:38:46,935 - DEBUG - Instance data:[0m
[34m2025-01-07 04:38:46,936 - DEBUG - Number of patients: 30[0m
[34m2025-01-07 04:38:46,936 - DEBUG - Number of beds: 40[0m
[34m2025-01-07 04:38:46,936 - DEBUG - Average number of treatments per patient: 26.5[0m
[34m2025-01-07 04:38:46,936 - DEBUG - Average number of treatment per stayed day: 2.2910662824207493[0m
[34m2025-01-07 04:38:46,936 - DEBUG - Number of treatments: 795[0m
[34m2025-01-07 04:38:46,936 - DEBUG - Number of resources: 10[0m
[34m2025-01-07 04:38:46,936 - DEBUG - Number of resource groups: 4[0m
[34m2025-01-07 04:38:46,936 - DEBUG - Number of resource hours needed per all treatment by RG(therapists): 22.441666666666695[0m
[34m2025-01-07 04:38:46,936 - DEBUG - Number of resource hours needed per all treatment by RG(rooms): 41.99166666666666[0m
[34m2025-01-07 04:38:46,936 - DEBUG - Number of resource hours needed per all treatment by RG(physiotherapist): 15.5[0m
[34m2025-01-07 04:38:46,936 - DEBUG - Number of resource hours needed per all treatment by RG(sport_room): 6.75[0m
[32m2025-01-07 04:38:46,936 - INFO - {'solver': 'LBBDSolver', 'args': {'break_symmetry': False, 'subsolver_cls': <class 'src.solvers.subsolvers.cp_subsolver.CPSubsolver'>, 'subsolver.store_results': True, 'subsolver.store_results_method': 'hash', 'use_helper_constraints': True, 'enforce_min_treatments_per_day': True, 'enforce_max_treatments_per_e_w': True, 'enforce_min_patients_per_treatment': True, 'log_to_console': True}}[0m
[34m2025-01-07 04:38:46,936 - DEBUG - Setting options: LBBDSolver[0m
[34m2025-01-07 04:38:46,936 - DEBUG -  ---- break_symmetry to False[0m
[34m2025-01-07 04:38:46,936 - DEBUG -  ---- subsolver_cls to <class 'src.solvers.subsolvers.cp_subsolver.CPSubsolver'>[0m
[34m2025-01-07 04:38:46,936 - DEBUG -  ---- use_helper_constraints to True[0m
[34m2025-01-07 04:38:46,936 - DEBUG -  ---- add_constraints_to_symmetric_days to True (default)[0m
[34m2025-01-07 04:38:46,936 - DEBUG - Setting options: Solver[0m
[34m2025-01-07 04:38:46,936 - DEBUG -  ---- number_of_threads to 1 (default)[0m
[34m2025-01-07 04:38:46,936 - DEBUG -  ---- treatment_value to 0 (default)[0m
[34m2025-01-07 04:38:46,936 - DEBUG -  ---- delay_value to 1 (default)[0m
[34m2025-01-07 04:38:46,936 - DEBUG -  ---- missing_treatment_value to 4 (default)[0m
[34m2025-01-07 04:38:46,936 - DEBUG -  ---- enforce_min_treatments_per_day to True[0m
[34m2025-01-07 04:38:46,936 - DEBUG -  ---- enforce_max_treatments_per_e_w to True[0m
[34m2025-01-07 04:38:46,937 - DEBUG -  ---- enforce_min_patients_per_treatment to True[0m
[34m2025-01-07 04:38:46,937 - DEBUG -  ---- log_to_console to True[0m
[34m2025-01-07 04:38:46,937 - DEBUG -  ---- log_to_file to True (default)[0m
[34m2025-01-07 04:38:46,972 - DEBUG - Setting options: CPSubsolver[0m
[34m2025-01-07 04:38:46,972 - DEBUG -  ---- estimated_needed_treatments to True (default)[0m
[34m2025-01-07 04:38:46,972 - DEBUG -  ---- add_patient_symmetry to False (default)[0m
[34m2025-01-07 04:38:46,972 - DEBUG - Setting Subsolver options: SubSolver[0m
[34m2025-01-07 04:38:46,972 - DEBUG -  ---- store_results to True[0m
[34m2025-01-07 04:38:46,972 - DEBUG -  ---- store_results_method to hash[0m
[34m2025-01-07 04:38:46,972 - DEBUG -  ---- enforce_min_patients_per_treatment to True[0m
[34m2025-01-07 04:38:46,972 - DEBUG -  ---- use_day_symmetry to True (default)[0m
[32m2025-01-07 04:38:47,001 - INFO - Create model: LBBDSolver[0m
Set parameter TSPort to value 50039
Set parameter TokenServer to value "license.itc.rwth-aachen.de"
Set parameter Threads to value 1
Set parameter LazyConstraints to value 1
[34m2025-01-07 04:38:47,559 - DEBUG - Variables created.[0m
[34m2025-01-07 04:38:49,457 - DEBUG - Constraint (not too many treatments) created.[0m
[34m2025-01-07 04:38:50,804 - DEBUG - Constraint (no_treatments_outside admittance) created.[0m
[34m2025-01-07 04:38:50,806 - DEBUG - Constraint (bed_usage) created.[0m
[34m2025-01-07 04:38:50,806 - DEBUG - Constraint (must be admitted) created.[0m
[34m2025-01-07 04:38:51,019 - DEBUG - Constraint (e_w_ub) created.[0m
[34m2025-01-07 04:38:51,083 - DEBUG - Constraint (day_ub) created.[0m
[34m2025-01-07 04:38:51,148 - DEBUG - Constraint (Day always) created.[0m
[34m2025-01-07 04:38:51,148 - DEBUG - Constraint (already_admitted) created.[0m
[32m2025-01-07 04:38:54,405 - INFO - Time to create model: 7.403[0m
[32m2025-01-07 04:38:54,405 - INFO - Solving model: LBBDSolver[0m
Gurobi Optimizer version 10.0.0 build v10.0.0rc2 (linux64)

CPU model: Intel(R) Xeon(R) Platinum 8468, instruction set [SSE2|AVX|AVX2|AVX512]
Thread count: 96 physical cores, 96 logical processors, using up to 1 threads

Optimize a model with 286687 rows, 120381 columns and 2306264 nonzeros
Model fingerprint: 0xc97d15b5
Variable types: 3 continuous, 120378 integer (120378 binary)
Coefficient statistics:
  Matrix range     [1e+00, 2e+01]
  Objective range  [1e+00, 1e+01]
  Bounds range     [1e+00, 1e+00]
  RHS range        [1e+00, 3e+03]
Presolve added 0 rows and 2240 columns
Presolve removed 182801 rows and 0 columns
Presolve time: 3.85s
Presolved: 103886 rows, 122621 columns, 1511618 nonzeros
Variable types: 1 continuous, 122620 integer (121676 binary)
Root relaxation presolved: 103430 rows, 122473 columns, 1430762 nonzeros


Root simplex log...

Iteration    Objective       Primal Inf.    Dual Inf.      Time
       0   -3.9920930e+03   3.769885e+03   0.000000e+00      6s
    6907    6.8400000e+02   0.000000e+00   0.000000e+00      7s
    6907    6.8400000e+02   0.000000e+00   0.000000e+00      7s

Use crossover to convert LP symmetric solution to basic solution...

Root crossover log...

       0 DPushes remaining with DInf 0.0000000e+00                 7s

   21058 PPushes remaining with PInf 0.0000000e+00                 7s
       0 PPushes remaining with PInf 0.0000000e+00                 7s

  Push phase complete: Pinf 0.0000000e+00, Dinf 4.0025760e-12      7s


Root simplex log...

Iteration    Objective       Primal Inf.    Dual Inf.      Time
   27977    6.8400000e+02   0.000000e+00   0.000000e+00      7s
   27977    6.8400000e+02   0.000000e+00   0.000000e+00      7s

Root relaxation: objective 6.840000e+02, 27977 iterations, 1.45 seconds (1.65 work units)
Total elapsed time = 19.03s
Total elapsed time = 22.26s
Total elapsed time = 27.43s

    Nodes    |    Current Node    |     Objective Bounds      |     Work
 Expl Unexpl |  Obj  Depth IntInf | Incumbent    BestBd   Gap | It/Node Time

     0     0  684.00000    0  105          -  684.00000      -     -   30s
[32m2025-01-07 04:42:18,275 - INFO - d_prime: 9 d: 12[0m
[32m2025-01-07 04:42:18,281 - INFO - d_prime: 10 d: 12[0m
[32m2025-01-07 04:42:18,284 - INFO - d_prime: 11 d: 12[0m
[32m2025-01-07 04:42:18,287 - INFO - d_prime: 12 d: 12[0m
[32m2025-01-07 04:42:18,289 - INFO - forbidden_vars: ([{0:1},{0:1},{0:1,4:1},{0:1,3:1},{0:1,4:1},{0:1,5:1},{5:2},{0:1,5:2},{0:1,3:1,7:1},{0:1,3:1,5:1},{0:3},{3:1,4:1,5:1},{5:3},{0:2,3:1,5:1},{0:1,3:1,5:2},{0:3,4:1},{0:1,3:1,4:1,5:1},{0:1,4:2,5:1},{1:1,5:2,7:1},{3:1,5:3},{4:1,5:3},{0:1,3:1,5:3}])[0m
[32m2025-01-07 04:42:18,289 - INFO - False[0m
     0     0  684.00000    0  105          -  684.00000      -     -  265s
[32m2025-01-07 04:44:05,215 - INFO - d_prime: 9 d: 12[0m
[32m2025-01-07 04:44:05,218 - INFO - d_prime: 10 d: 12[0m
[32m2025-01-07 04:44:05,221 - INFO - d_prime: 11 d: 12[0m
[32m2025-01-07 04:44:05,224 - INFO - d_prime: 12 d: 12[0m
[32m2025-01-07 04:44:05,226 - INFO - forbidden_vars: ([{0:1},{0:1},{0:1},{0:1,4:1},{0:1,3:1},{0:1,4:1},{5:2},{0:1,5:2},{0:1,3:1,7:1},{0:1,3:1,5:1},{0:3},{3:1,4:1,5:1},{5:3},{0:2,3:1,5:1},{0:1,3:1,5:2},{0:3,4:1},{0:1,3:1,4:1,5:1},{0:1,4:2,5:1},{1:1,5:2,7:1},{3:1,5:3},{4:1,5:3},{0:1,3:1,5:3}])[0m
[32m2025-01-07 04:44:05,226 - INFO - False[0m
     0     0  684.00000    0  105          -  684.00000      -     -  310s
[32m2025-01-07 04:45:08,727 - INFO - d_prime: 9 d: 12[0m
[32m2025-01-07 04:45:08,730 - INFO - d_prime: 10 d: 12[0m
[32m2025-01-07 04:45:08,733 - INFO - d_prime: 11 d: 12[0m
[32m2025-01-07 04:45:08,735 - INFO - d_prime: 12 d: 12[0m
[32m2025-01-07 04:45:08,737 - INFO - forbidden_vars: ([{0:1},{0:1},{0:1,4:1},{0:1,3:1},{0:1,4:1},{0:1,5:1},{5:2},{0:1,5:2},{0:1,3:1,7:1},{0:1,3:1,5:1},{0:3},{0:3},{3:1,4:1,5:1},{5:3},{0:2,3:1,5:1},{0:1,3:1,5:2},{0:1,3:1,4:1,5:1},{0:1,4:2,5:1},{1:1,5:2,7:1},{3:1,5:3},{4:1,5:3},{0:1,3:1,5:3}])[0m
[32m2025-01-07 04:45:08,738 - INFO - False[0m
     0     0  684.00000    0  105          -  684.00000      -     -  374s
[32m2025-01-07 04:46:00,608 - INFO - d_prime: 9 d: 12[0m
[32m2025-01-07 04:46:00,611 - INFO - d_prime: 10 d: 12[0m
[32m2025-01-07 04:46:00,614 - INFO - d_prime: 11 d: 12[0m
[32m2025-01-07 04:46:00,616 - INFO - d_prime: 12 d: 12[0m
[32m2025-01-07 04:46:00,619 - INFO - forbidden_vars: ([{0:1},{0:1},{0:1},{0:1,4:1},{0:1,4:1},{0:1,5:1},{5:2},{0:1,5:2},{0:1,3:1,7:1},{0:1,3:1,5:1},{0:3},{3:1,4:1,5:1},{5:3},{0:2,3:1,5:1},{0:1,3:1,5:2},{0:3,4:1},{0:1,3:1,4:1,5:1},{0:1,4:2,5:1},{1:1,5:2,7:1},{3:1,5:3},{4:1,5:3},{0:1,3:1,5:3}])[0m
[32m2025-01-07 04:46:00,619 - INFO - False[0m
     0     0  684.00000    0  105          -  684.00000      -     -  426s
[32m2025-01-07 04:46:52,406 - INFO - d_prime: 9 d: 12[0m
[32m2025-01-07 04:46:52,411 - INFO - d_prime: 10 d: 12[0m
[32m2025-01-07 04:46:52,414 - INFO - d_prime: 11 d: 12[0m
[32m2025-01-07 04:46:52,416 - INFO - d_prime: 12 d: 12[0m
[32m2025-01-07 04:46:52,418 - INFO - forbidden_vars: ([{0:1},{0:1},{0:1,4:1},{0:1,3:1},{0:1,4:1},{0:1,5:1},{5:2},{0:1,5:2},{0:1,3:1,7:1},{0:1,3:1,5:1},{0:3},{3:1,5:2},{3:1,4:1,5:1},{5:3},{0:2,3:1,5:1},{0:1,3:1,5:2},{0:3,4:1},{0:1,3:1,4:1,5:1},{0:1,4:2,5:1},{1:1,5:2,7:1},{4:1,5:3},{0:1,3:1,5:3}])[0m
[32m2025-01-07 04:46:52,419 - INFO - False[0m
[32m2025-01-07 04:46:52,419 - INFO - Number of cuts added: 5 (bad=0, good=5)[0m
[32m2025-01-07 04:46:52,419 - INFO - Unnecessary comps: (0 / 5)[0m
[32m2025-01-07 04:46:52,419 - INFO - Calls to is_day_infeasible: cp_solver=23/ total=70 stored=47[0m
[32m2025-01-07 04:46:52,419 - INFO - Is feasible: 445.44835782051086 0.999339702608806[0m
[32m2025-01-07 04:46:52,419 - INFO - Subsolver: Solve Model: 444.3892915248871/0.997645880577179[0m
[32m2025-01-07 04:46:52,419 - INFO - Subsolver: Create Model: 1.0486140251159668/0.0023541194228209965[0m
[32m2025-01-07 04:46:52,419 - INFO - Num_constraints-added: 20[0m
     0     0  684.00000    0  105          -  684.00000      -     -  477s
[32m2025-01-07 04:51:39,045 - INFO - d_prime: 9 d: 11[0m
[32m2025-01-07 04:51:39,050 - INFO - d_prime: 10 d: 11[0m
[32m2025-01-07 04:51:39,053 - INFO - d_prime: 11 d: 11[0m
[32m2025-01-07 04:51:39,056 - INFO - d_prime: 12 d: 11[0m
[32m2025-01-07 04:51:39,059 - INFO - forbidden_vars: ([{2:1},{3:1},{3:1},{4:1},{0:1,2:1},{1:2},{1:2},{1:1,4:1},{1:1,2:1},{1:1,2:1},{0:1,3:2},{0:1,2:1,7:1},{0:1,1:1,2:1},{1:3},{1:3},{1:1,2:1,4:1},{1:3},{4:3},{1:1,2:1,3:2},{1:2,4:2},{1:3,2:1},{0:1,2:1,3:3}])[0m
[32m2025-01-07 04:51:39,059 - INFO - False[0m
     0     0  684.00000    0  105          -  684.00000      -     -  805s
[32m2025-01-07 04:56:10,804 - INFO - d_prime: 9 d: 13[0m
[32m2025-01-07 04:56:10,807 - INFO - d_prime: 10 d: 13[0m
[32m2025-01-07 04:56:10,810 - INFO - d_prime: 11 d: 13[0m
[32m2025-01-07 04:56:10,813 - INFO - d_prime: 12 d: 13[0m
[32m2025-01-07 04:56:10,816 - INFO - d_prime: 13 d: 13[0m
[32m2025-01-07 04:56:10,818 - INFO - forbidden_vars: ([{1:1},{4:1},{4:1},{3:1,4:1},{3:1,5:1},{3:1,4:1},{4:2},{3:3},{3:2,4:1},{3:1,4:2},{4:2,5:1},{1:1,3:1,4:2},{1:1,3:2,4:1},{1:1,4:3},{3:2,5:2},{3:2,4:2},{3:4},{4:4},{4:3,5:1},{4:1,5:3},{1:4,3:1}])[0m
[32m2025-01-07 04:56:10,818 - INFO - False[0m
     0     0  684.00000    0  105          -  684.00000      -     - 1036s
H    0     0                     696.0000000  684.00000  1.72%     - 1198s
H    0     0                     688.0000000  684.00000  0.58%     - 1398s
     0     0  684.00000    0  124  688.00000  684.00000  0.58%     - 1400s
[32m2025-01-07 05:04:50,374 - INFO - d_prime: 9 d: 12[0m
[32m2025-01-07 05:04:50,377 - INFO - d_prime: 10 d: 12[0m
[32m2025-01-07 05:04:50,380 - INFO - d_prime: 11 d: 12[0m
[32m2025-01-07 05:04:50,383 - INFO - d_prime: 12 d: 12[0m
[32m2025-01-07 05:04:50,385 - INFO - forbidden_vars: ([{0:1},{0:1},{0:1,4:1},{0:1,3:1},{0:1,4:1},{0:1,5:1},{5:2},{0:1,5:2},{0:1,3:1,7:1},{0:1,3:1,5:1},{0:3},{3:1,4:1,5:1},{5:3},{0:2,3:1,5:1},{0:1,3:1,5:2},{0:2,4:2},{0:1,3:1,4:1,5:1},{0:1,4:2,5:1},{1:1,5:2,7:1},{3:1,5:3},{4:1,5:3},{0:1,3:1,5:3}])[0m
[32m2025-01-07 05:04:50,385 - INFO - False[0m
[32m2025-01-07 05:05:37,344 - INFO - Number of cuts added: 8 (bad=0, good=8)[0m
[32m2025-01-07 05:05:37,344 - INFO - Unnecessary comps: (0 / 8)[0m
[32m2025-01-07 05:05:37,344 - INFO - Calls to is_day_infeasible: cp_solver=82/ total=140 stored=58[0m
[32m2025-01-07 05:05:37,344 - INFO - Is feasible: 1564.802953004837 0.9996391629478338[0m
[32m2025-01-07 05:05:37,344 - INFO - Subsolver: Solve Model: 1561.1544959545135/0.9976975728306432[0m
[32m2025-01-07 05:05:37,344 - INFO - Subsolver: Create Model: 3.6027395725250244/0.0023024271693567575[0m
[32m2025-01-07 05:05:37,344 - INFO - Num_constraints-added: 33[0m
     0     0  684.00000    0  124  688.00000  684.00000  0.58%     - 1602s
[32m2025-01-07 05:09:48,017 - INFO - d_prime: 7 d: 7[0m
[32m2025-01-07 05:09:48,022 - INFO - d_prime: 8 d: 7[0m
[32m2025-01-07 05:09:48,029 - INFO - forbidden_vars: ([{0:1},{0:1},{2:1},{2:1},{0:1,6:1},{0:1,1:1},{0:1,1:1},{0:2},{1:1,2:1},{1:1,2:1},{3:1,6:1},{3:1,4:1},{0:1,2:1,6:1},{2:1,4:1,6:1},{2:1,3:1,6:1},{0:1,3:1,6:1,7:1},{0:2,4:1,6:1},{0:1,1:1,4:1,6:1},{0:1,1:1,3:1,6:1},{1:1,3:1,6:1,7:1},{1:1,2:1,4:1,6:1},{1:1,2:1,4:1,6:1},{0:2,3:1,4:1,6:1},{2:1,3:2,6:2}])[0m
[32m2025-01-07 05:09:48,030 - INFO - False[0m
[32m2025-01-07 05:17:13,219 - INFO - d_prime: 9 d: 11[0m
[32m2025-01-07 05:17:13,224 - INFO - d_prime: 10 d: 11[0m
[32m2025-01-07 05:17:13,226 - INFO - d_prime: 11 d: 11[0m
[32m2025-01-07 05:17:13,229 - INFO - d_prime: 12 d: 11[0m
[32m2025-01-07 05:17:13,231 - INFO - forbidden_vars: ([{0:1},{0:1},{1:1},{2:1},{3:1},{3:1},{0:1,2:1},{0:1,2:1},{1:2},{1:1,4:1},{1:1,4:1},{1:1,2:1},{2:1,7:1},{2:1,3:1},{2:1,7:1},{0:1,1:2},{1:1,2:1,3:1},{1:2,2:1},{3:2,4:1},{4:3},{1:2,4:2},{1:1,2:1,3:3}])[0m
[32m2025-01-07 05:17:13,231 - INFO - False[0m
     0     0  684.00000    0  124  688.00000  684.00000  0.58%     - 2452s
[32m2025-01-07 05:23:56,123 - INFO - d_prime: 7 d: 7[0m
[32m2025-01-07 05:23:56,128 - INFO - d_prime: 8 d: 7[0m
[32m2025-01-07 05:23:56,134 - INFO - forbidden_vars: ([{0:1},{0:1},{0:1},{1:1},{2:1},{2:1},{0:1,3:1},{0:1,6:1},{1:1,2:1},{3:1,6:1},{3:1,4:1},{0:1,2:1,6:1},{0:1,2:1,6:1},{0:1,1:1,2:1},{1:2,2:1},{2:1,4:1,6:1},{0:1,3:1,6:1,7:1},{0:2,2:1,4:1},{0:1,1:1,4:1,6:1},{0:1,2:1,4:1,6:1},{1:1,3:1,6:1,7:1},{1:1,3:1,4:1,6:1},{1:1,3:1,6:2},{0:2,3:1,4:1,6:1},{2:1,3:2,6:2}])[0m
[32m2025-01-07 05:23:56,135 - INFO - False[0m
     0     0  684.00000    0  124  688.00000  684.00000  0.58%     - 2816s
[32m2025-01-07 05:29:00,332 - INFO - d_prime: 7 d: 7[0m
[32m2025-01-07 05:29:00,337 - INFO - d_prime: 8 d: 7[0m
[32m2025-01-07 05:29:00,342 - INFO - forbidden_vars: ([{0:1},{0:1},{0:1},{2:1},{2:1},{3:1},{0:1,3:1},{0:2},{0:1,4:1},{0:2},{0:1,1:1},{0:1,1:1},{1:1,2:1},{0:1,2:1,6:1},{2:1,4:1,6:1},{2:1,3:1,6:1},{0:1,3:1,6:1,7:1},{0:1,2:1,4:1,6:1},{0:1,2:1,4:1,6:1},{1:1,3:1,6:1,7:1},{1:1,3:1,6:2},{2:1,3:1,4:1,6:1},{3:1,4:1,6:2},{0:2,3:1,4:1,6:1},{2:1,3:2,6:2}])[0m
[32m2025-01-07 05:29:00,342 - INFO - False[0m
     0     0  684.00000    0  124  688.00000  684.00000  0.58%     - 3193s
[32m2025-01-07 05:36:31,165 - INFO - d_prime: 7 d: 7[0m
[32m2025-01-07 05:36:31,169 - INFO - d_prime: 8 d: 7[0m
[32m2025-01-07 05:36:31,174 - INFO - forbidden_vars: ([{0:1},{0:1},{0:1},{1:1},{2:1},{2:1},{0:2},{0:1,2:1},{0:2},{3:1,6:1},{3:1,4:1},{0:1,1:1,2:1},{0:1,2:1,6:1},{0:1,2:1,6:1},{2:1,3:1,6:1},{0:1,1:1,4:1,6:1},{1:1,3:1,6:1,7:1},{1:1,3:1,4:1,6:1},{2:1,4:1,6:2},{2:1,3:1,4:1,6:1},{3:2,4:1,6:1},{3:1,4:1,6:2},{0:2,3:1,6:1,7:1},{2:1,3:2,6:2}])[0m
[32m2025-01-07 05:36:31,174 - INFO - False[0m
[32m2025-01-07 05:37:48,644 - INFO - d_prime: 9 d: 12[0m
[32m2025-01-07 05:37:48,647 - INFO - d_prime: 10 d: 12[0m
[32m2025-01-07 05:37:48,650 - INFO - d_prime: 11 d: 12[0m
[32m2025-01-07 05:37:48,653 - INFO - d_prime: 12 d: 12[0m
[32m2025-01-07 05:37:48,655 - INFO - forbidden_vars: ([{0:1},{3:1},{0:1,4:1},{0:1,4:1},{0:2},{1:1,4:1},{5:2},{0:1,5:2},{0:1,7:2},{0:1,5:1,7:1},{0:3},{0:1,3:1,5:1},{1:1,4:1,5:1},{0:2,5:1,7:1},{0:2,5:2},{0:1,3:1,4:2},{0:1,1:1,3:1,4:1},{0:1,4:2,5:1},{1:2,5:2},{1:1,4:1,5:2},{0:1,1:1,3:1,5:2},{4:1,5:4}])[0m
[32m2025-01-07 05:37:48,655 - INFO - False[0m
     0     0  684.00000    0  124  688.00000  684.00000  0.58%     - 3570s
