1.NAME: LBBDSolver
2.PARAMS: {'break_symmetry': True, 'add_constraints_to_symmetrc_days': False, 'subsolver_cls': 'CPSubSolver'}
3.INSTANCE: /home/wx350715/Kobra/rehabiliation-admission-scheduling/data/comp_study_002/instance_8_15.txt
4.REPETITION: 1
Current directory: /home/wx350715/Kobra/rehabiliation-admission-scheduling
[34m2025-01-07 04:35:36,095 - DEBUG - Solver: <class 'src.solvers.benders.LBBDSolver'>[0m
[34m2025-01-07 04:35:36,095 - DEBUG - Args: {'break_symmetry': True, 'add_constraints_to_symmetrc_days': False, 'subsolver_cls': 'CPSubSolver'}[0m
[34m2025-01-07 04:35:36,095 - DEBUG - File path /home/wx350715/Kobra/rehabiliation-admission-scheduling/data/comp_study_002/instance_8_15.txt[0m
[34m2025-01-07 04:35:36,095 - DEBUG - ADD INSTANCE DATA[0m
[34m2025-01-07 04:35:36,095 - DEBUG - ADD INSTANCE DATA[0m
[34m2025-01-07 04:35:36,095 - DEBUG - ADD INSTANCE DATA[0m
[34m2025-01-07 04:35:36,095 - DEBUG - ADD INSTANCE DATA[0m
[34m2025-01-07 04:35:36,096 - DEBUG - ADD INSTANCE DATA[0m
[34m2025-01-07 04:35:36,096 - DEBUG - ADD INSTANCE DATA[0m
[34m2025-01-07 04:35:36,096 - DEBUG - ADD INSTANCE DATA[0m
[34m2025-01-07 04:35:36,096 - DEBUG - ADD INSTANCE DATA[0m
[34m2025-01-07 04:35:36,096 - DEBUG - ADD INSTANCE DATA[0m
[34m2025-01-07 04:35:36,096 - DEBUG - ADD INSTANCE DATA[0m
[34m2025-01-07 04:35:36,096 - DEBUG - ADD INSTANCE DATA[0m
[34m2025-01-07 04:35:36,096 - DEBUG - ADD RESOURCE_GROUPS[0m
[34m2025-01-07 04:35:36,096 - DEBUG - ADD RESOURCE_GROUPS[0m
[34m2025-01-07 04:35:36,096 - DEBUG - ADD RESOURCE_GROUPS[0m
[34m2025-01-07 04:35:36,096 - DEBUG - ADD RESOURCE_GROUPS[0m
[34m2025-01-07 04:35:36,096 - DEBUG - ADD RESOURCE_GROUPS[0m
[34m2025-01-07 04:35:36,096 - DEBUG - ADD RESOURCES[0m
[34m2025-01-07 04:35:36,096 - DEBUG - ADD RESOURCES[0m
[34m2025-01-07 04:35:36,096 - DEBUG - ADD RESOURCES[0m
[34m2025-01-07 04:35:36,096 - DEBUG - ADD RESOURCES[0m
[34m2025-01-07 04:35:36,097 - DEBUG - ADD RESOURCES[0m
[34m2025-01-07 04:35:36,097 - DEBUG - ADD RESOURCES[0m
[34m2025-01-07 04:35:36,097 - DEBUG - ADD RESOURCES[0m
[34m2025-01-07 04:35:36,097 - DEBUG - ADD RESOURCES[0m
[34m2025-01-07 04:35:36,097 - DEBUG - ADD RESOURCES[0m
[34m2025-01-07 04:35:36,097 - DEBUG - ADD RESOURCES[0m
[34m2025-01-07 04:35:36,097 - DEBUG - ADD TREATMENTS[0m
[34m2025-01-07 04:35:36,097 - DEBUG - ADD TREATMENTS[0m
[34m2025-01-07 04:35:36,097 - DEBUG - ADD TREATMENTS[0m
[34m2025-01-07 04:35:36,097 - DEBUG - ADD TREATMENTS[0m
[34m2025-01-07 04:35:36,097 - DEBUG - ADD TREATMENTS[0m
[34m2025-01-07 04:35:36,097 - DEBUG - ADD TREATMENTS[0m
[34m2025-01-07 04:35:36,097 - DEBUG - ADD TREATMENTS[0m
[34m2025-01-07 04:35:36,098 - DEBUG - ADD TREATMENTS[0m
[34m2025-01-07 04:35:36,098 - DEBUG - ADD TREATMENTS[0m
[34m2025-01-07 04:35:36,098 - DEBUG - ADD TREATMENTS[0m
[34m2025-01-07 04:35:36,098 - DEBUG - ADD PATIENTS[0m
[34m2025-01-07 04:35:36,098 - DEBUG - ADD PATIENTS[0m
[34m2025-01-07 04:35:36,098 - DEBUG - ADD PATIENTS[0m
[34m2025-01-07 04:35:36,098 - DEBUG - ADD PATIENTS[0m
[34m2025-01-07 04:35:36,098 - DEBUG - ADD PATIENTS[0m
[34m2025-01-07 04:35:36,098 - DEBUG - ADD PATIENTS[0m
[34m2025-01-07 04:35:36,098 - DEBUG - ADD PATIENTS[0m
[34m2025-01-07 04:35:36,099 - DEBUG - ADD PATIENTS[0m
[34m2025-01-07 04:35:36,099 - DEBUG - ADD PATIENTS[0m
[34m2025-01-07 04:35:36,099 - DEBUG - ADD PATIENTS[0m
[34m2025-01-07 04:35:36,099 - DEBUG - ADD PATIENTS[0m
[34m2025-01-07 04:35:36,099 - DEBUG - ADD PATIENTS[0m
[34m2025-01-07 04:35:36,099 - DEBUG - ADD PATIENTS[0m
[34m2025-01-07 04:35:36,099 - DEBUG - ADD PATIENTS[0m
[34m2025-01-07 04:35:36,099 - DEBUG - ADD PATIENTS[0m
[34m2025-01-07 04:35:36,099 - DEBUG - ADD PATIENTS[0m
[34m2025-01-07 04:35:36,099 - DEBUG - ADD PATIENTS[0m
[34m2025-01-07 04:35:36,100 - DEBUG - ADD PATIENTS[0m
[34m2025-01-07 04:35:36,100 - DEBUG - ADD PATIENTS[0m
[34m2025-01-07 04:35:36,100 - DEBUG - ADD PATIENTS[0m
[34m2025-01-07 04:35:36,101 - DEBUG - Instance data:[0m
[34m2025-01-07 04:35:36,101 - DEBUG - Number of patients: 19[0m
[34m2025-01-07 04:35:36,101 - DEBUG - Number of beds: 40[0m
[34m2025-01-07 04:35:36,101 - DEBUG - Average number of treatments per patient: 25.42105263157895[0m
[34m2025-01-07 04:35:36,101 - DEBUG - Average number of treatment per stayed day: 2.542105263157895[0m
[34m2025-01-07 04:35:36,101 - DEBUG - Number of treatments: 483[0m
[34m2025-01-07 04:35:36,101 - DEBUG - Number of resources: 10[0m
[34m2025-01-07 04:35:36,102 - DEBUG - Number of resource groups: 5[0m
[34m2025-01-07 04:35:36,102 - DEBUG - Number of resource hours needed per all treatment by RG(rooms): 22.09999999999998[0m
[34m2025-01-07 04:35:36,102 - DEBUG - Number of resource hours needed per all treatment by RG(physiotherapist): 9.75[0m
[34m2025-01-07 04:35:36,102 - DEBUG - Number of resource hours needed per all treatment by RG(therapists): 7.975000000000001[0m
[34m2025-01-07 04:35:36,102 - DEBUG - Number of resource hours needed per all treatment by RG(sport_room): 5.625[0m
[32m2025-01-07 04:35:36,102 - INFO - {'solver': 'LBBDSolver', 'args': {'break_symmetry': False, 'subsolver_cls': <class 'src.solvers.subsolvers.cp_subsolver.CPSubsolver'>, 'subsolver.store_results': True, 'subsolver.store_results_method': 'hash', 'use_helper_constraints': True, 'enforce_min_treatments_per_day': True, 'enforce_max_treatments_per_e_w': True, 'enforce_min_patients_per_treatment': True, 'log_to_console': True}}[0m
[34m2025-01-07 04:35:36,102 - DEBUG - Setting options: LBBDSolver[0m
[34m2025-01-07 04:35:36,102 - DEBUG -  ---- break_symmetry to False[0m
[34m2025-01-07 04:35:36,102 - DEBUG -  ---- subsolver_cls to <class 'src.solvers.subsolvers.cp_subsolver.CPSubsolver'>[0m
[34m2025-01-07 04:35:36,102 - DEBUG -  ---- use_helper_constraints to True[0m
[34m2025-01-07 04:35:36,102 - DEBUG -  ---- add_constraints_to_symmetric_days to True (default)[0m
[34m2025-01-07 04:35:36,102 - DEBUG - Setting options: Solver[0m
[34m2025-01-07 04:35:36,102 - DEBUG -  ---- number_of_threads to 1 (default)[0m
[34m2025-01-07 04:35:36,102 - DEBUG -  ---- treatment_value to 0 (default)[0m
[34m2025-01-07 04:35:36,102 - DEBUG -  ---- delay_value to 1 (default)[0m
[34m2025-01-07 04:35:36,102 - DEBUG -  ---- missing_treatment_value to 4 (default)[0m
[34m2025-01-07 04:35:36,102 - DEBUG -  ---- enforce_min_treatments_per_day to True[0m
[34m2025-01-07 04:35:36,102 - DEBUG -  ---- enforce_max_treatments_per_e_w to True[0m
[34m2025-01-07 04:35:36,102 - DEBUG -  ---- enforce_min_patients_per_treatment to True[0m
[34m2025-01-07 04:35:36,102 - DEBUG -  ---- log_to_console to True[0m
[34m2025-01-07 04:35:36,102 - DEBUG -  ---- log_to_file to True (default)[0m
[34m2025-01-07 04:35:36,122 - DEBUG - Setting options: CPSubsolver[0m
[34m2025-01-07 04:35:36,122 - DEBUG -  ---- estimated_needed_treatments to True (default)[0m
[34m2025-01-07 04:35:36,122 - DEBUG -  ---- add_patient_symmetry to False (default)[0m
[34m2025-01-07 04:35:36,122 - DEBUG - Setting Subsolver options: SubSolver[0m
[34m2025-01-07 04:35:36,122 - DEBUG -  ---- store_results to True[0m
[34m2025-01-07 04:35:36,122 - DEBUG -  ---- store_results_method to hash[0m
[34m2025-01-07 04:35:36,122 - DEBUG -  ---- enforce_min_patients_per_treatment to True[0m
[34m2025-01-07 04:35:36,122 - DEBUG -  ---- use_day_symmetry to True (default)[0m
[32m2025-01-07 04:35:36,135 - INFO - Create model: LBBDSolver[0m
Set parameter TSPort to value 50039
Set parameter TokenServer to value "license.itc.rwth-aachen.de"
Set parameter Threads to value 1
Set parameter LazyConstraints to value 1
[34m2025-01-07 04:35:36,281 - DEBUG - Variables created.[0m
[34m2025-01-07 04:35:36,711 - DEBUG - Constraint (not too many treatments) created.[0m
[34m2025-01-07 04:35:37,054 - DEBUG - Constraint (no_treatments_outside admittance) created.[0m
[34m2025-01-07 04:35:37,055 - DEBUG - Constraint (bed_usage) created.[0m
[34m2025-01-07 04:35:37,055 - DEBUG - Constraint (must be admitted) created.[0m
[34m2025-01-07 04:35:37,098 - DEBUG - Constraint (e_w_ub) created.[0m
[34m2025-01-07 04:35:37,112 - DEBUG - Constraint (day_ub) created.[0m
[34m2025-01-07 04:35:37,126 - DEBUG - Constraint (Day always) created.[0m
[34m2025-01-07 04:35:37,126 - DEBUG - Constraint (already_admitted) created.[0m
[32m2025-01-07 04:35:37,440 - INFO - Time to create model: 1.305[0m
[32m2025-01-07 04:35:37,441 - INFO - Solving model: LBBDSolver[0m
Gurobi Optimizer version 10.0.0 build v10.0.0rc2 (linux64)

CPU model: Intel(R) Xeon(R) Platinum 8468, instruction set [SSE2|AVX|AVX2|AVX512]
Thread count: 96 physical cores, 96 logical processors, using up to 1 threads

Optimize a model with 84503 rows, 35363 columns and 680706 nonzeros
Model fingerprint: 0x31e937dc
Variable types: 3 continuous, 35360 integer (35360 binary)
Coefficient statistics:
  Matrix range     [1e+00, 1e+01]
  Objective range  [1e+00, 1e+01]
  Bounds range     [1e+00, 1e+00]
  RHS range        [1e+00, 2e+03]
Found heuristic solution: objective 1451.0000000
Presolve added 0 rows and 290 columns
Presolve removed 43380 rows and 0 columns
Presolve time: 0.73s
Presolved: 41123 rows, 35653 columns, 486957 nonzeros
Variable types: 1 continuous, 35652 integer (35504 binary)
Found heuristic solution: objective 1248.0000000
Root relaxation presolved: 41069 rows, 35707 columns, 469740 nonzeros


Root simplex log...

Iteration    Objective       Primal Inf.    Dual Inf.      Time
       0   -2.1001800e+03   1.101492e+03   0.000000e+00     15s
    2677    5.4000000e+02   0.000000e+00   0.000000e+00     15s
    2677    5.4000000e+02   0.000000e+00   0.000000e+00     15s

Use crossover to convert LP symmetric solution to basic solution...

Root crossover log...

    7355 PPushes remaining with PInf 0.0000000e+00                15s
       0 PPushes remaining with PInf 0.0000000e+00                15s

  Push phase complete: Pinf 0.0000000e+00, Dinf 1.6786572e-13     15s


Root simplex log...

Iteration    Objective       Primal Inf.    Dual Inf.      Time
   10035    5.4000000e+02   0.000000e+00   0.000000e+00     15s
   10035    5.4000000e+02   0.000000e+00   0.000000e+00     15s

Root relaxation: objective 5.400000e+02, 10035 iterations, 0.27 seconds (0.33 work units)
Total elapsed time = 15.83s

    Nodes    |    Current Node    |     Objective Bounds      |     Work
 Expl Unexpl |  Obj  Depth IntInf | Incumbent    BestBd   Gap | It/Node Time

H    0     0                     540.0000000 -134428.00      -     -   30s
     0     0          -    0       540.00000  540.00000  0.00%     -   30s

Explored 1 nodes (33423 simplex iterations) in 30.78 seconds (6.03 work units)
Thread count was 1 (of 96 available processors)

Solution count 3: 540 1248 1451 

Optimal solution found (tolerance 1.00e-04)
Best objective 5.400000000000e+02, best bound 5.400000000000e+02, gap 0.0000%

User-callback calls 549, time in user-callback 27.95 sec
[34m2025-01-07 04:36:08,252 - DEBUG - Finished optimization[0m
[34m2025-01-07 04:36:08,252 - DEBUG - Subsolver stats:[0m
[32m2025-01-07 04:36:08,252 - INFO - Number of cuts added: 0 (bad=0, good=0)[0m
[32m2025-01-07 04:36:08,252 - INFO - Unnecessary comps: (0 / 0)[0m
[32m2025-01-07 04:36:08,252 - INFO - Calls to is_day_infeasible: cp_solver=24/ total=30 stored=6[0m
[32m2025-01-07 04:36:08,252 - INFO - Is feasible: 27.91879940032959 0.9989831181992223[0m
[32m2025-01-07 04:36:08,252 - INFO - Subsolver: Solve Model: 27.53116774559021/0.9863798719137064[0m
[32m2025-01-07 04:36:08,252 - INFO - Subsolver: Create Model: 0.3801558017730713/0.013620128086293627[0m
[32m2025-01-07 04:36:08,252 - INFO - Num_constraints-added: 0[0m
[32m2025-01-07 04:36:08,252 - INFO - Optimal solution found.[0m
[34m2025-01-07 04:36:08,252 - DEBUG - Sub Objectives:[0m
[34m2025-01-07 04:36:08,252 - DEBUG - (SOLVER):Minimize Delay: 0.0[0m
[34m2025-01-07 04:36:08,252 - DEBUG - (SOLVER):Minimize Missing Treatments: 540.0[0m
[32m2025-01-07 04:36:08,252 - INFO - All cuts [][0m
[32m2025-01-07 04:36:08,252 - INFO - All cuts [][0m
[34m2025-01-07 04:36:23,403 - DEBUG - Patient 0 is admitted at day 0.[0m
[34m2025-01-07 04:36:23,405 - DEBUG - Patient 1 is admitted at day 1.[0m
[34m2025-01-07 04:36:23,405 - DEBUG - Patient 2 is admitted at day 2.[0m
[34m2025-01-07 04:36:23,405 - DEBUG - Patient 3 is admitted at day 2.[0m
[34m2025-01-07 04:36:23,405 - DEBUG - Patient 4 is admitted at day 3.[0m
[34m2025-01-07 04:36:23,405 - DEBUG - Patient 5 is admitted at day 4.[0m
[34m2025-01-07 04:36:23,405 - DEBUG - Patient 6 is admitted at day 5.[0m
[34m2025-01-07 04:36:23,405 - DEBUG - Patient 7 is admitted at day 2.[0m
[34m2025-01-07 04:36:23,405 - DEBUG - Patient 8 is admitted at day 7.[0m
[34m2025-01-07 04:36:23,405 - DEBUG - Patient 9 is admitted at day 9.[0m
[34m2025-01-07 04:36:23,405 - DEBUG - Patient 10 is admitted at day 0.[0m
[34m2025-01-07 04:36:23,405 - DEBUG - Patient 11 is admitted at day 2.[0m
[34m2025-01-07 04:36:23,405 - DEBUG - Patient 12 is admitted at day 3.[0m
[34m2025-01-07 04:36:23,405 - DEBUG - Patient 13 is admitted at day 8.[0m
[34m2025-01-07 04:36:23,405 - DEBUG - Patient 14 is admitted at day 6.[0m
[34m2025-01-07 04:36:23,405 - DEBUG - Patient 15 is admitted at day 11.[0m
[34m2025-01-07 04:36:23,405 - DEBUG - Patient 16 is admitted at day 4.[0m
[34m2025-01-07 04:36:23,405 - DEBUG - Patient 17 is admitted at day 5.[0m
[34m2025-01-07 04:36:23,405 - DEBUG - Patient 19 is admitted at day 0.[0m
[34m2025-01-07 04:36:23,405 - DEBUG - Patients [10] have treatment 4 starting at day 0, hour 13.0 using resources [9, 8].[0m
[34m2025-01-07 04:36:23,405 - DEBUG - Patients [10] have treatment 4 starting at day 0, hour 13.5 using resources [3, 6].[0m
[34m2025-01-07 04:36:23,405 - DEBUG - Patients [10] have treatment 4 starting at day 0, hour 14.0 using resources [2, 6].[0m
[34m2025-01-07 04:36:23,406 - DEBUG - Patients [19] have treatment 5 starting at day 0, hour 13.0 using resources [5, 6].[0m
[34m2025-01-07 04:36:23,406 - DEBUG - Patients [19] have treatment 5 starting at day 0, hour 14.5 using resources [5, 6].[0m
[34m2025-01-07 04:36:23,406 - DEBUG - Patients [19] have treatment 5 starting at day 0, hour 15.0 using resources [5, 6].[0m
[34m2025-01-07 04:36:23,406 - DEBUG - Patients [0] have treatment 7 starting at day 0, hour 8.0 using resources [8, 6, 5].[0m
[34m2025-01-07 04:36:23,406 - DEBUG - Patients [0] have treatment 7 starting at day 0, hour 9.0 using resources [8, 6, 5].[0m
[34m2025-01-07 04:36:23,406 - DEBUG - Patients [0] have treatment 7 starting at day 0, hour 10.0 using resources [8, 6, 5].[0m
[34m2025-01-07 04:36:23,406 - DEBUG - Patients [0] have treatment 7 starting at day 0, hour 11.0 using resources [8, 6, 5].[0m
[34m2025-01-07 04:36:23,406 - DEBUG - Patients [1] have treatment 1 starting at day 1, hour 8.0 using resources [8].[0m
[34m2025-01-07 04:36:23,406 - DEBUG - Patients [1] have treatment 1 starting at day 1, hour 8.5 using resources [7].[0m
[34m2025-01-07 04:36:23,406 - DEBUG - Patients [1] have treatment 1 starting at day 1, hour 12.0 using resources [6].[0m
[34m2025-01-07 04:36:23,406 - DEBUG - Patients [10, 19] have treatment 3 starting at day 1, hour 8.0 using resources [9, 6].[0m
[34m2025-01-07 04:36:23,406 - DEBUG - Patients [10, 19] have treatment 3 starting at day 1, hour 10.0 using resources [1, 6].[0m
[34m2025-01-07 04:36:23,406 - DEBUG - Patients [1, 19] have treatment 5 starting at day 1, hour 13.0 using resources [5, 6].[0m
[34m2025-01-07 04:36:23,406 - DEBUG - Patients [0] have treatment 5 starting at day 1, hour 13.5 using resources [5, 6].[0m
[34m2025-01-07 04:36:23,406 - DEBUG - Patients [0] have treatment 5 starting at day 1, hour 14.0 using resources [4, 6].[0m
[34m2025-01-07 04:36:23,406 - DEBUG - Patients [7] have treatment 1 starting at day 2, hour 9.5 using resources [8].[0m
[34m2025-01-07 04:36:23,406 - DEBUG - Patients [3] have treatment 1 starting at day 2, hour 10.0 using resources [7].[0m
[34m2025-01-07 04:36:23,406 - DEBUG - Patients [2] have treatment 1 starting at day 2, hour 10.5 using resources [7].[0m
[34m2025-01-07 04:36:23,406 - DEBUG - Patients [2] have treatment 1 starting at day 2, hour 11.0 using resources [7].[0m
[34m2025-01-07 04:36:23,406 - DEBUG - Patients [2] have treatment 1 starting at day 2, hour 12.0 using resources [6].[0m
[34m2025-01-07 04:36:23,406 - DEBUG - Patients [2] have treatment 1 starting at day 2, hour 12.5 using resources [6].[0m
[34m2025-01-07 04:36:23,406 - DEBUG - Patients [3] have treatment 5 starting at day 2, hour 9.5 using resources [5, 6].[0m
[34m2025-01-07 04:36:23,406 - DEBUG - Patients [7] have treatment 5 starting at day 2, hour 10.0 using resources [4, 6].[0m
[34m2025-01-07 04:36:23,406 - DEBUG - Patients [0, 1, 3, 7, 10, 11, 19] have treatment 9 starting at day 2, hour 8.0 using resources [9, 6].[0m
[34m2025-01-07 04:36:23,406 - DEBUG - Patients [1, 3, 7, 10, 11, 19] have treatment 9 starting at day 2, hour 10.5 using resources [3, 6].[0m
[34m2025-01-07 04:36:23,406 - DEBUG - Patients [1, 11, 19] have treatment 9 starting at day 2, hour 13.0 using resources [1, 6].[0m
[34m2025-01-07 04:36:23,406 - DEBUG - Patients [0, 1] have treatment 9 starting at day 2, hour 14.5 using resources [0, 6].[0m
[34m2025-01-07 04:36:23,406 - DEBUG - Patients [3] have treatment 1 starting at day 3, hour 8.0 using resources [6].[0m
[34m2025-01-07 04:36:23,406 - DEBUG - Patients [4] have treatment 1 starting at day 3, hour 9.0 using resources [7].[0m
[34m2025-01-07 04:36:23,406 - DEBUG - Patients [0] have treatment 1 starting at day 3, hour 10.25 using resources [6].[0m
[34m2025-01-07 04:36:23,406 - DEBUG - Patients [0] have treatment 1 starting at day 3, hour 12.25 using resources [6].[0m
[34m2025-01-07 04:36:23,406 - DEBUG - Patients [3] have treatment 1 starting at day 3, hour 12.75 using resources [8].[0m
[34m2025-01-07 04:36:23,406 - DEBUG - Patients [4] have treatment 1 starting at day 3, hour 14.75 using resources [8].[0m
[34m2025-01-07 04:36:23,407 - DEBUG - Patients [4] have treatment 1 starting at day 3, hour 15.25 using resources [6].[0m
[34m2025-01-07 04:36:23,407 - DEBUG - Patients [10, 11, 12] have treatment 3 starting at day 3, hour 8.0 using resources [9, 8].[0m
[34m2025-01-07 04:36:23,407 - DEBUG - Patients [10, 11, 12] have treatment 3 starting at day 3, hour 10.0 using resources [3, 7].[0m
[34m2025-01-07 04:36:23,407 - DEBUG - Patients [11, 12, 19] have treatment 3 starting at day 3, hour 13.5 using resources [3, 7].[0m
[34m2025-01-07 04:36:23,407 - DEBUG - Patients [1, 19] have treatment 5 starting at day 3, hour 8.0 using resources [4, 7].[0m
[34m2025-01-07 04:36:23,407 - DEBUG - Patients [1, 2] have treatment 5 starting at day 3, hour 8.5 using resources [4, 7].[0m
[34m2025-01-07 04:36:23,407 - DEBUG - Patients [2, 3] have treatment 5 starting at day 3, hour 9.0 using resources [5, 6].[0m
[34m2025-01-07 04:36:23,407 - DEBUG - Patients [2] have treatment 5 starting at day 3, hour 9.5 using resources [4, 7].[0m
[34m2025-01-07 04:36:23,407 - DEBUG - Patients [7, 12] have treatment 5 starting at day 3, hour 13.0 using resources [5, 6].[0m
[34m2025-01-07 04:36:23,407 - DEBUG - Patients [0, 1, 2, 4, 7] have treatment 6 starting at day 3, hour 13.5 using resources [2, 8].[0m
[34m2025-01-07 04:36:23,407 - DEBUG - Patients [3, 7] have treatment 7 starting at day 3, hour 11.0 using resources [8, 6, 5].[0m
[34m2025-01-07 04:36:23,407 - DEBUG - Patients [7] have treatment 1 starting at day 4, hour 12.0 using resources [6].[0m
[34m2025-01-07 04:36:23,407 - DEBUG - Patients [5] have treatment 1 starting at day 4, hour 12.5 using resources [7].[0m
[34m2025-01-07 04:36:23,407 - DEBUG - Patients [0] have treatment 1 starting at day 4, hour 12.5 using resources [6].[0m
[34m2025-01-07 04:36:23,407 - DEBUG - Patients [11, 19] have treatment 4 starting at day 4, hour 10.5 using resources [9, 6].[0m
[34m2025-01-07 04:36:23,407 - DEBUG - Patients [12, 16] have treatment 4 starting at day 4, hour 11.0 using resources [3, 7].[0m
[34m2025-01-07 04:36:23,407 - DEBUG - Patients [11] have treatment 4 starting at day 4, hour 11.5 using resources [1, 7].[0m
[34m2025-01-07 04:36:23,407 - DEBUG - Patients [12, 16] have treatment 4 starting at day 4, hour 13.0 using resources [2, 7].[0m
[34m2025-01-07 04:36:23,407 - DEBUG - Patients [10, 16] have treatment 5 starting at day 4, hour 8.0 using resources [4, 7].[0m
[34m2025-01-07 04:36:23,407 - DEBUG - Patients [11, 12] have treatment 5 starting at day 4, hour 8.5 using resources [4, 7].[0m
[34m2025-01-07 04:36:23,407 - DEBUG - Patients [0, 12] have treatment 5 starting at day 4, hour 9.0 using resources [5, 6].[0m
[34m2025-01-07 04:36:23,407 - DEBUG - Patients [10, 16] have treatment 5 starting at day 4, hour 9.5 using resources [5, 6].[0m
[34m2025-01-07 04:36:23,407 - DEBUG - Patients [4, 19] have treatment 5 starting at day 4, hour 10.0 using resources [4, 6].[0m
[34m2025-01-07 04:36:23,407 - DEBUG - Patients [4, 5] have treatment 7 starting at day 4, hour 8.0 using resources [8, 6, 5].[0m
[34m2025-01-07 04:36:23,407 - DEBUG - Patients [1, 3] have treatment 7 starting at day 4, hour 9.0 using resources [8, 7, 4].[0m
[34m2025-01-07 04:36:23,407 - DEBUG - Patients [2] have treatment 7 starting at day 4, hour 10.0 using resources [8, 7, 5].[0m
[34m2025-01-07 04:36:23,407 - DEBUG - Patients [3, 4] have treatment 7 starting at day 4, hour 11.0 using resources [8, 6, 5].[0m
[34m2025-01-07 04:36:23,407 - DEBUG - Patients [5, 7] have treatment 7 starting at day 4, hour 13.0 using resources [8, 6, 4].[0m
[34m2025-01-07 04:36:23,407 - DEBUG - Patients [1, 7] have treatment 7 starting at day 4, hour 14.0 using resources [8, 7, 4].[0m
[34m2025-01-07 04:36:23,407 - DEBUG - Patients [2, 5] have treatment 7 starting at day 4, hour 15.0 using resources [8, 7, 4].[0m
[34m2025-01-07 04:36:23,407 - DEBUG - Patients [4, 19] have treatment 9 starting at day 4, hour 14.25 using resources [3, 6].[0m
[34m2025-01-07 04:36:23,407 - DEBUG - Patients [7] have treatment 1 starting at day 5, hour 8.0 using resources [7].[0m
[34m2025-01-07 04:36:23,407 - DEBUG - Patients [6] have treatment 1 starting at day 5, hour 8.5 using resources [7].[0m
[34m2025-01-07 04:36:23,408 - DEBUG - Patients [6] have treatment 1 starting at day 5, hour 9.0 using resources [7].[0m
[34m2025-01-07 04:36:23,408 - DEBUG - Patients [6] have treatment 1 starting at day 5, hour 9.5 using resources [7].[0m
[34m2025-01-07 04:36:23,408 - DEBUG - Patients [5] have treatment 1 starting at day 5, hour 10.0 using resources [7].[0m
[34m2025-01-07 04:36:23,408 - DEBUG - Patients [5] have treatment 1 starting at day 5, hour 10.5 using resources [7].[0m
[34m2025-01-07 04:36:23,408 - DEBUG - Patients [5] have treatment 1 starting at day 5, hour 11.0 using resources [7].[0m
[34m2025-01-07 04:36:23,408 - DEBUG - Patients [5] have treatment 1 starting at day 5, hour 11.5 using resources [7].[0m
[34m2025-01-07 04:36:23,408 - DEBUG - Patients [3] have treatment 1 starting at day 5, hour 12.0 using resources [7].[0m
[34m2025-01-07 04:36:23,408 - DEBUG - Patients [1] have treatment 1 starting at day 5, hour 12.0 using resources [8].[0m
[34m2025-01-07 04:36:23,408 - DEBUG - Patients [1] have treatment 1 starting at day 5, hour 12.5 using resources [6].[0m
[34m2025-01-07 04:36:23,408 - DEBUG - Patients [11, 17, 19] have treatment 3 starting at day 5, hour 8.5 using resources [9, 6].[0m
[34m2025-01-07 04:36:23,408 - DEBUG - Patients [4] have treatment 5 starting at day 5, hour 8.0 using resources [5, 6].[0m
[34m2025-01-07 04:36:23,408 - DEBUG - Patients [6] have treatment 5 starting at day 5, hour 10.0 using resources [5, 8].[0m
[34m2025-01-07 04:36:23,408 - DEBUG - Patients [0, 1, 2, 3, 4, 10, 12, 16, 17, 19] have treatment 9 starting at day 5, hour 10.5 using resources [1, 6].[0m
[34m2025-01-07 04:36:23,408 - DEBUG - Patients [0, 2, 10, 16, 17] have treatment 9 starting at day 5, hour 13.0 using resources [0, 6].[0m
[34m2025-01-07 04:36:23,408 - DEBUG - Patients [10, 17] have treatment 9 starting at day 5, hour 14.5 using resources [0, 6].[0m
[34m2025-01-07 04:36:23,408 - DEBUG - Patients [6] have treatment 1 starting at day 6, hour 12.0 using resources [6].[0m
[34m2025-01-07 04:36:23,408 - DEBUG - Patients [6] have treatment 1 starting at day 6, hour 12.5 using resources [7].[0m
[34m2025-01-07 04:36:23,408 - DEBUG - Patients [6] have treatment 1 starting at day 6, hour 13.0 using resources [7].[0m
[34m2025-01-07 04:36:23,408 - DEBUG - Patients [1] have treatment 1 starting at day 6, hour 13.5 using resources [7].[0m
[34m2025-01-07 04:36:23,408 - DEBUG - Patients [1] have treatment 1 starting at day 6, hour 15.0 using resources [8].[0m
[34m2025-01-07 04:36:23,408 - DEBUG - Patients [10, 11, 16, 17, 19] have treatment 2 starting at day 6, hour 11.0 using resources [9, 7].[0m
[34m2025-01-07 04:36:23,408 - DEBUG - Patients [10, 19] have treatment 3 starting at day 6, hour 8.0 using resources [1, 7].[0m
[34m2025-01-07 04:36:23,408 - DEBUG - Patients [16, 17] have treatment 5 starting at day 6, hour 14.0 using resources [5, 7].[0m
[34m2025-01-07 04:36:23,408 - DEBUG - Patients [12, 14] have treatment 5 starting at day 6, hour 14.5 using resources [5, 7].[0m
[34m2025-01-07 04:36:23,408 - DEBUG - Patients [12, 14] have treatment 5 starting at day 6, hour 15.0 using resources [5, 7].[0m
[34m2025-01-07 04:36:23,408 - DEBUG - Patients [7, 14] have treatment 5 starting at day 6, hour 15.5 using resources [5, 7].[0m
[34m2025-01-07 04:36:23,408 - DEBUG - Patients [1, 3] have treatment 5 starting at day 6, hour 15.5 using resources [4, 6].[0m
[34m2025-01-07 04:36:23,408 - DEBUG - Patients [5, 7] have treatment 7 starting at day 6, hour 10.0 using resources [8, 7, 5].[0m
[34m2025-01-07 04:36:23,408 - DEBUG - Patients [4, 5] have treatment 7 starting at day 6, hour 11.0 using resources [8, 6, 5].[0m
[34m2025-01-07 04:36:23,408 - DEBUG - Patients [2, 3] have treatment 7 starting at day 6, hour 13.0 using resources [8, 6, 5].[0m
[34m2025-01-07 04:36:23,408 - DEBUG - Patients [0, 2] have treatment 7 starting at day 6, hour 14.0 using resources [8, 6, 4].[0m
[34m2025-01-07 04:36:23,408 - DEBUG - Patients [6, 16] have treatment 9 starting at day 6, hour 8.0 using resources [0, 6].[0m
[34m2025-01-07 04:36:23,409 - DEBUG - Patients [0, 16] have treatment 9 starting at day 6, hour 9.5 using resources [0, 6].[0m
[34m2025-01-07 04:36:23,409 - DEBUG - Patients [8] have treatment 1 starting at day 7, hour 10.5 using resources [7].[0m
[34m2025-01-07 04:36:23,409 - DEBUG - Patients [0] have treatment 1 starting at day 7, hour 12.0 using resources [6].[0m
[34m2025-01-07 04:36:23,409 - DEBUG - Patients [10, 14, 16, 17, 19] have treatment 2 starting at day 7, hour 8.0 using resources [9, 6].[0m
[34m2025-01-07 04:36:23,409 - DEBUG - Patients [10, 14, 16, 17, 19] have treatment 2 starting at day 7, hour 8.75 using resources [1, 6].[0m
[34m2025-01-07 04:36:23,409 - DEBUG - Patients [10, 12, 16, 17, 19] have treatment 2 starting at day 7, hour 10.5 using resources [0, 6].[0m
[34m2025-01-07 04:36:23,409 - DEBUG - Patients [10, 11, 12, 14, 17] have treatment 2 starting at day 7, hour 11.25 using resources [0, 6].[0m
[34m2025-01-07 04:36:23,409 - DEBUG - Patients [12, 19] have treatment 3 starting at day 7, hour 13.0 using resources [1, 6].[0m
[34m2025-01-07 04:36:23,409 - DEBUG - Patients [11, 16] have treatment 4 starting at day 7, hour 9.5 using resources [2, 6].[0m
[34m2025-01-07 04:36:23,409 - DEBUG - Patients [11] have treatment 4 starting at day 7, hour 15.5 using resources [0, 6].[0m
[34m2025-01-07 04:36:23,409 - DEBUG - Patients [0, 1, 2, 3, 4, 5, 6, 7, 8] have treatment 6 starting at day 7, hour 8.0 using resources [0, 8].[0m
[34m2025-01-07 04:36:23,409 - DEBUG - Patients [0, 1, 2, 4, 5, 6, 7, 8] have treatment 6 starting at day 7, hour 9.25 using resources [0, 8].[0m
[34m2025-01-07 04:36:23,409 - DEBUG - Patients [1, 2, 4, 5, 7, 8] have treatment 6 starting at day 7, hour 13.0 using resources [0, 8].[0m
[34m2025-01-07 04:36:23,409 - DEBUG - Patients [0, 1, 2, 3, 7] have treatment 6 starting at day 7, hour 14.25 using resources [0, 8].[0m
[34m2025-01-07 04:36:23,409 - DEBUG - Patients [6] have treatment 1 starting at day 8, hour 10.5 using resources [7].[0m
[34m2025-01-07 04:36:23,409 - DEBUG - Patients [8] have treatment 1 starting at day 8, hour 11.0 using resources [7].[0m
[34m2025-01-07 04:36:23,409 - DEBUG - Patients [8] have treatment 1 starting at day 8, hour 11.5 using resources [7].[0m
[34m2025-01-07 04:36:23,409 - DEBUG - Patients [13, 16, 17, 19] have treatment 3 starting at day 8, hour 8.0 using resources [1, 7].[0m
[34m2025-01-07 04:36:23,409 - DEBUG - Patients [11, 12, 13, 17] have treatment 3 starting at day 8, hour 10.0 using resources [9, 6].[0m
[34m2025-01-07 04:36:23,409 - DEBUG - Patients [12, 16] have treatment 3 starting at day 8, hour 13.0 using resources [1, 7].[0m
[34m2025-01-07 04:36:23,409 - DEBUG - Patients [14, 19] have treatment 4 starting at day 8, hour 10.0 using resources [1, 7].[0m
[34m2025-01-07 04:36:23,409 - DEBUG - Patients [10, 13] have treatment 4 starting at day 8, hour 15.0 using resources [1, 7].[0m
[34m2025-01-07 04:36:23,409 - DEBUG - Patients [14] have treatment 4 starting at day 8, hour 15.5 using resources [1, 7].[0m
[34m2025-01-07 04:36:23,409 - DEBUG - Patients [11, 12] have treatment 5 starting at day 8, hour 8.0 using resources [5, 6].[0m
[34m2025-01-07 04:36:23,409 - DEBUG - Patients [12] have treatment 5 starting at day 8, hour 8.5 using resources [5, 6].[0m
[34m2025-01-07 04:36:23,409 - DEBUG - Patients [0, 1, 2, 3, 4, 5, 6, 7] have treatment 6 starting at day 8, hour 8.0 using resources [3, 8].[0m
[34m2025-01-07 04:36:23,409 - DEBUG - Patients [0, 1, 2, 3, 4, 6, 7] have treatment 6 starting at day 8, hour 9.25 using resources [0, 8].[0m
[34m2025-01-07 04:36:23,409 - DEBUG - Patients [0, 1, 2, 3, 4, 7] have treatment 6 starting at day 8, hour 10.5 using resources [0, 8].[0m
[34m2025-01-07 04:36:23,409 - DEBUG - Patients [0, 1, 2, 3, 4, 7] have treatment 6 starting at day 8, hour 14.5 using resources [0, 8].[0m
[34m2025-01-07 04:36:23,409 - DEBUG - Patients [5, 6, 8, 10, 11, 14, 17] have treatment 9 starting at day 8, hour 13.0 using resources [0, 6].[0m
[34m2025-01-07 04:36:23,409 - DEBUG - Patients [8, 17] have treatment 9 starting at day 8, hour 14.5 using resources [4, 6].[0m
[34m2025-01-07 04:36:23,409 - DEBUG - Patients [9] have treatment 1 starting at day 9, hour 12.0 using resources [6].[0m
[34m2025-01-07 04:36:23,410 - DEBUG - Patients [3] have treatment 1 starting at day 9, hour 12.5 using resources [6].[0m
[34m2025-01-07 04:36:23,410 - DEBUG - Patients [10, 11, 12, 14, 16] have treatment 2 starting at day 9, hour 9.5 using resources [9, 7].[0m
[34m2025-01-07 04:36:23,410 - DEBUG - Patients [10, 11, 12, 13, 16, 17] have treatment 2 starting at day 9, hour 10.25 using resources [4, 7].[0m
[34m2025-01-07 04:36:23,410 - DEBUG - Patients [10, 11, 14, 16, 17] have treatment 2 starting at day 9, hour 11.0 using resources [2, 7].[0m
[34m2025-01-07 04:36:23,410 - DEBUG - Patients [13] have treatment 4 starting at day 9, hour 8.0 using resources [0, 7].[0m
[34m2025-01-07 04:36:23,410 - DEBUG - Patients [14] have treatment 4 starting at day 9, hour 14.5 using resources [0, 6].[0m
[34m2025-01-07 04:36:23,410 - DEBUG - Patients [13, 19] have treatment 5 starting at day 9, hour 15.0 using resources [4, 7].[0m
[34m2025-01-07 04:36:23,410 - DEBUG - Patients [0, 3] have treatment 5 starting at day 9, hour 15.5 using resources [4, 7].[0m
[34m2025-01-07 04:36:23,410 - DEBUG - Patients [1, 3, 4, 7, 8] have treatment 6 starting at day 9, hour 10.5 using resources [1, 8].[0m
[34m2025-01-07 04:36:23,410 - DEBUG - Patients [1, 3] have treatment 7 starting at day 9, hour 8.5 using resources [8, 7, 5].[0m
[34m2025-01-07 04:36:23,410 - DEBUG - Patients [5, 8] have treatment 7 starting at day 9, hour 9.5 using resources [8, 6, 5].[0m
[34m2025-01-07 04:36:23,410 - DEBUG - Patients [4, 8] have treatment 7 starting at day 9, hour 13.0 using resources [8, 7, 5].[0m
[34m2025-01-07 04:36:23,410 - DEBUG - Patients [0, 2] have treatment 7 starting at day 9, hour 14.0 using resources [8, 7, 5].[0m
[34m2025-01-07 04:36:23,410 - DEBUG - Patients [4, 7] have treatment 7 starting at day 9, hour 15.0 using resources [8, 6, 5].[0m
[34m2025-01-07 04:36:23,410 - DEBUG - Patients [2, 4, 5, 6, 7, 8, 9, 12, 16, 19] have treatment 9 starting at day 9, hour 8.0 using resources [4, 6].[0m
[34m2025-01-07 04:36:23,410 - DEBUG - Patients [5, 9] have treatment 9 starting at day 9, hour 10.5 using resources [0, 6].[0m
[34m2025-01-07 04:36:23,410 - DEBUG - Patients [5, 6, 9, 12] have treatment 9 starting at day 9, hour 13.0 using resources [0, 6].[0m
[34m2025-01-07 04:36:23,416 - DEBUG - Checking solution value.[0m
[34m2025-01-07 04:36:23,417 - DEBUG - Solvers objective function value: 540.0[0m
[34m2025-01-07 04:36:23,417 - DEBUG - (VERIFIER):Treatment value: 0[0m
[34m2025-01-07 04:36:23,417 - DEBUG - (VERIFIER):Delay value: 0[0m
[34m2025-01-07 04:36:23,417 - DEBUG - (VERIFIER):Missing treatment value: 540[0m
[34m2025-01-07 04:36:23,417 - DEBUG - Correct objective function value: 540[0m
[34m2025-01-07 04:36:23,417 - DEBUG - Solution is valid.[0m
[34m2025-01-07 04:36:23,418 - DEBUG - All solvers accepted the solution.[0m
[32m2025-01-07 04:36:23,418 - INFO - Time to find solution: 45.977s with value 540.000000[0m
[32m2025-01-07 04:36:23,418 - INFO - Total Time: 47.283s[0m
