1.NAME: LBBDSolver
2.PARAMS: {'break_symmetry': False, 'add_constraints_to_symmetrc_days': True, 'subsolver_cls': 'CPSubSolver'}
3.INSTANCE: /home/wx350715/Kobra/rehabiliation-admission-scheduling/data/comp_study_002/instance_1_15.txt
4.REPETITION: 1
Current directory: /home/wx350715/Kobra/rehabiliation-admission-scheduling
[34m2025-01-07 04:03:51,741 - DEBUG - Solver: <class 'src.solvers.benders.LBBDSolver'>[0m
[34m2025-01-07 04:03:51,741 - DEBUG - Args: {'break_symmetry': False, 'add_constraints_to_symmetrc_days': True, 'subsolver_cls': 'CPSubSolver'}[0m
[34m2025-01-07 04:03:51,741 - DEBUG - File path /home/wx350715/Kobra/rehabiliation-admission-scheduling/data/comp_study_002/instance_1_15.txt[0m
[34m2025-01-07 04:03:51,761 - DEBUG - ADD INSTANCE DATA[0m
[34m2025-01-07 04:03:51,762 - DEBUG - ADD INSTANCE DATA[0m
[34m2025-01-07 04:03:51,762 - DEBUG - ADD INSTANCE DATA[0m
[34m2025-01-07 04:03:51,762 - DEBUG - ADD INSTANCE DATA[0m
[34m2025-01-07 04:03:51,762 - DEBUG - ADD INSTANCE DATA[0m
[34m2025-01-07 04:03:51,762 - DEBUG - ADD INSTANCE DATA[0m
[34m2025-01-07 04:03:51,762 - DEBUG - ADD INSTANCE DATA[0m
[34m2025-01-07 04:03:51,762 - DEBUG - ADD INSTANCE DATA[0m
[34m2025-01-07 04:03:51,762 - DEBUG - ADD INSTANCE DATA[0m
[34m2025-01-07 04:03:51,762 - DEBUG - ADD INSTANCE DATA[0m
[34m2025-01-07 04:03:51,762 - DEBUG - ADD INSTANCE DATA[0m
[34m2025-01-07 04:03:51,762 - DEBUG - ADD RESOURCE_GROUPS[0m
[34m2025-01-07 04:03:51,762 - DEBUG - ADD RESOURCE_GROUPS[0m
[34m2025-01-07 04:03:51,762 - DEBUG - ADD RESOURCE_GROUPS[0m
[34m2025-01-07 04:03:51,762 - DEBUG - ADD RESOURCE_GROUPS[0m
[34m2025-01-07 04:03:51,762 - DEBUG - ADD RESOURCES[0m
[34m2025-01-07 04:03:51,763 - DEBUG - ADD RESOURCES[0m
[34m2025-01-07 04:03:51,763 - DEBUG - ADD RESOURCES[0m
[34m2025-01-07 04:03:51,763 - DEBUG - ADD RESOURCES[0m
[34m2025-01-07 04:03:51,763 - DEBUG - ADD RESOURCES[0m
[34m2025-01-07 04:03:51,763 - DEBUG - ADD RESOURCES[0m
[34m2025-01-07 04:03:51,763 - DEBUG - ADD RESOURCES[0m
[34m2025-01-07 04:03:51,763 - DEBUG - ADD RESOURCES[0m
[34m2025-01-07 04:03:51,763 - DEBUG - ADD RESOURCES[0m
[34m2025-01-07 04:03:51,763 - DEBUG - ADD TREATMENTS[0m
[34m2025-01-07 04:03:51,763 - DEBUG - ADD TREATMENTS[0m
[34m2025-01-07 04:03:51,763 - DEBUG - ADD TREATMENTS[0m
[34m2025-01-07 04:03:51,763 - DEBUG - ADD TREATMENTS[0m
[34m2025-01-07 04:03:51,764 - DEBUG - ADD TREATMENTS[0m
[34m2025-01-07 04:03:51,764 - DEBUG - ADD TREATMENTS[0m
[34m2025-01-07 04:03:51,764 - DEBUG - ADD TREATMENTS[0m
[34m2025-01-07 04:03:51,764 - DEBUG - ADD TREATMENTS[0m
[34m2025-01-07 04:03:51,764 - DEBUG - ADD PATIENTS[0m
[34m2025-01-07 04:03:51,764 - DEBUG - ADD PATIENTS[0m
[34m2025-01-07 04:03:51,764 - DEBUG - ADD PATIENTS[0m
[34m2025-01-07 04:03:51,764 - DEBUG - ADD PATIENTS[0m
[34m2025-01-07 04:03:51,764 - DEBUG - ADD PATIENTS[0m
[34m2025-01-07 04:03:51,765 - DEBUG - ADD PATIENTS[0m
[34m2025-01-07 04:03:51,765 - DEBUG - ADD PATIENTS[0m
[34m2025-01-07 04:03:51,765 - DEBUG - ADD PATIENTS[0m
[34m2025-01-07 04:03:51,765 - DEBUG - ADD PATIENTS[0m
[34m2025-01-07 04:03:51,765 - DEBUG - ADD PATIENTS[0m
[34m2025-01-07 04:03:51,765 - DEBUG - ADD PATIENTS[0m
[34m2025-01-07 04:03:51,765 - DEBUG - ADD PATIENTS[0m
[34m2025-01-07 04:03:51,765 - DEBUG - ADD PATIENTS[0m
[34m2025-01-07 04:03:51,765 - DEBUG - ADD PATIENTS[0m
[34m2025-01-07 04:03:51,765 - DEBUG - ADD PATIENTS[0m
[34m2025-01-07 04:03:51,766 - DEBUG - ADD PATIENTS[0m
[34m2025-01-07 04:03:51,766 - DEBUG - ADD PATIENTS[0m
[34m2025-01-07 04:03:51,766 - DEBUG - ADD PATIENTS[0m
[34m2025-01-07 04:03:51,766 - DEBUG - ADD PATIENTS[0m
[34m2025-01-07 04:03:51,766 - DEBUG - ADD PATIENTS[0m
[34m2025-01-07 04:03:51,766 - DEBUG - ADD PATIENTS[0m
[34m2025-01-07 04:03:51,766 - DEBUG - ADD PATIENTS[0m
[34m2025-01-07 04:03:51,766 - DEBUG - ADD PATIENTS[0m
[34m2025-01-07 04:03:51,766 - DEBUG - ADD PATIENTS[0m
[34m2025-01-07 04:03:51,767 - DEBUG - Instance data:[0m
[34m2025-01-07 04:03:51,767 - DEBUG - Number of patients: 24[0m
[34m2025-01-07 04:03:51,767 - DEBUG - Number of beds: 40[0m
[34m2025-01-07 04:03:51,768 - DEBUG - Average number of treatments per patient: 27.875[0m
[34m2025-01-07 04:03:51,768 - DEBUG - Average number of treatment per stayed day: 1.9970149253731344[0m
[34m2025-01-07 04:03:51,768 - DEBUG - Number of treatments: 669[0m
[34m2025-01-07 04:03:51,768 - DEBUG - Number of resources: 9[0m
[34m2025-01-07 04:03:51,768 - DEBUG - Number of resource groups: 4[0m
[34m2025-01-07 04:03:51,768 - DEBUG - Number of resource hours needed per all treatment by RG(therapists): 22.554166666666664[0m
[34m2025-01-07 04:03:51,768 - DEBUG - Number of resource hours needed per all treatment by RG(rooms): 44.96666666666667[0m
[34m2025-01-07 04:03:51,768 - DEBUG - Number of resource hours needed per all treatment by RG(physiotherapist): 16.5[0m
[34m2025-01-07 04:03:51,768 - DEBUG - Number of resource hours needed per all treatment by RG(sport_room): 12.4375[0m
[32m2025-01-07 04:03:51,768 - INFO - {'solver': 'LBBDSolver', 'args': {'break_symmetry': False, 'subsolver_cls': <class 'src.solvers.subsolvers.cp_subsolver.CPSubsolver'>, 'subsolver.store_results': True, 'subsolver.store_results_method': 'hash', 'use_helper_constraints': True, 'enforce_min_treatments_per_day': True, 'enforce_max_treatments_per_e_w': True, 'enforce_min_patients_per_treatment': True, 'log_to_console': True}}[0m
[34m2025-01-07 04:03:51,768 - DEBUG - Setting options: LBBDSolver[0m
[34m2025-01-07 04:03:51,768 - DEBUG -  ---- break_symmetry to False[0m
[34m2025-01-07 04:03:51,768 - DEBUG -  ---- subsolver_cls to <class 'src.solvers.subsolvers.cp_subsolver.CPSubsolver'>[0m
[34m2025-01-07 04:03:51,768 - DEBUG -  ---- use_helper_constraints to True[0m
[34m2025-01-07 04:03:51,768 - DEBUG -  ---- add_constraints_to_symmetric_days to True (default)[0m
[34m2025-01-07 04:03:51,768 - DEBUG - Setting options: Solver[0m
[34m2025-01-07 04:03:51,768 - DEBUG -  ---- number_of_threads to 1 (default)[0m
[34m2025-01-07 04:03:51,768 - DEBUG -  ---- treatment_value to 0 (default)[0m
[34m2025-01-07 04:03:51,768 - DEBUG -  ---- delay_value to 1 (default)[0m
[34m2025-01-07 04:03:51,768 - DEBUG -  ---- missing_treatment_value to 4 (default)[0m
[34m2025-01-07 04:03:51,768 - DEBUG -  ---- enforce_min_treatments_per_day to True[0m
[34m2025-01-07 04:03:51,768 - DEBUG -  ---- enforce_max_treatments_per_e_w to True[0m
[34m2025-01-07 04:03:51,768 - DEBUG -  ---- enforce_min_patients_per_treatment to True[0m
[34m2025-01-07 04:03:51,768 - DEBUG -  ---- log_to_console to True[0m
[34m2025-01-07 04:03:51,768 - DEBUG -  ---- log_to_file to True (default)[0m
[34m2025-01-07 04:03:51,796 - DEBUG - Setting options: CPSubsolver[0m
[34m2025-01-07 04:03:51,797 - DEBUG -  ---- estimated_needed_treatments to True (default)[0m
[34m2025-01-07 04:03:51,797 - DEBUG -  ---- add_patient_symmetry to False (default)[0m
[34m2025-01-07 04:03:51,797 - DEBUG - Setting Subsolver options: SubSolver[0m
[34m2025-01-07 04:03:51,797 - DEBUG -  ---- store_results to True[0m
[34m2025-01-07 04:03:51,797 - DEBUG -  ---- store_results_method to hash[0m
[34m2025-01-07 04:03:51,797 - DEBUG -  ---- enforce_min_patients_per_treatment to True[0m
[34m2025-01-07 04:03:51,797 - DEBUG -  ---- use_day_symmetry to True (default)[0m
[32m2025-01-07 04:03:51,823 - INFO - Create model: LBBDSolver[0m
Set parameter TSPort to value 50039
Set parameter TokenServer to value "license.itc.rwth-aachen.de"
Set parameter Threads to value 1
Set parameter LazyConstraints to value 1
[34m2025-01-07 04:03:52,269 - DEBUG - Variables created.[0m
[34m2025-01-07 04:03:53,806 - DEBUG - Constraint (not too many treatments) created.[0m
[34m2025-01-07 04:03:54,937 - DEBUG - Constraint (no_treatments_outside admittance) created.[0m
[34m2025-01-07 04:03:54,939 - DEBUG - Constraint (bed_usage) created.[0m
[34m2025-01-07 04:03:54,939 - DEBUG - Constraint (must be admitted) created.[0m
[34m2025-01-07 04:03:55,099 - DEBUG - Constraint (e_w_ub) created.[0m
[34m2025-01-07 04:03:55,154 - DEBUG - Constraint (day_ub) created.[0m
[34m2025-01-07 04:03:55,206 - DEBUG - Constraint (Day always) created.[0m
[34m2025-01-07 04:03:55,206 - DEBUG - Constraint (already_admitted) created.[0m
[32m2025-01-07 04:03:57,031 - INFO - Time to create model: 5.208[0m
[32m2025-01-07 04:03:57,031 - INFO - Solving model: LBBDSolver[0m
Gurobi Optimizer version 10.0.0 build v10.0.0rc2 (linux64)

CPU model: Intel(R) Xeon(R) Platinum 8468, instruction set [SSE2|AVX|AVX2|AVX512]
Thread count: 96 physical cores, 96 logical processors, using up to 1 threads

Optimize a model with 244757 rows, 99967 columns and 2039017 nonzeros
Model fingerprint: 0x6de32709
Variable types: 3 continuous, 99964 integer (99964 binary)
Coefficient statistics:
  Matrix range     [1e+00, 1e+01]
  Objective range  [1e+00, 1e+01]
  Bounds range     [1e+00, 1e+00]
  RHS range        [1e+00, 3e+03]
Presolve added 0 rows and 1429 columns
Presolve removed 114727 rows and 0 columns
Presolve time: 3.26s
Presolved: 130030 rows, 101396 columns, 1544275 nonzeros
Variable types: 1 continuous, 101395 integer (100363 binary)
Root relaxation presolved: 129915 rows, 101511 columns, 1491204 nonzeros


Root simplex log...

Iteration    Objective       Primal Inf.    Dual Inf.      Time
       0   -4.3867680e+03   2.523620e+03   0.000000e+00      6s
    4332    5.0800000e+02   0.000000e+00   0.000000e+00      6s
    4332    5.0800000e+02   0.000000e+00   0.000000e+00      6s

Use crossover to convert LP symmetric solution to basic solution...

Root crossover log...

       0 DPushes remaining with DInf 0.0000000e+00                 6s

   16837 PPushes remaining with PInf 0.0000000e+00                 6s
       0 PPushes remaining with PInf 0.0000000e+00                 7s

  Push phase complete: Pinf 0.0000000e+00, Dinf 6.2683192e-12      7s


Root simplex log...

Iteration    Objective       Primal Inf.    Dual Inf.      Time
   21173    5.0800000e+02   0.000000e+00   0.000000e+00      7s
   21173    5.0800000e+02   0.000000e+00   0.000000e+00      7s

Root relaxation: objective 5.080000e+02, 21173 iterations, 0.99 seconds (1.21 work units)
Total elapsed time = 11.41s
Total elapsed time = 16.67s

    Nodes    |    Current Node    |     Objective Bounds      |     Work
 Expl Unexpl |  Obj  Depth IntInf | Incumbent    BestBd   Gap | It/Node Time

     0     0  508.00000    0   38          -  508.00000      -     -   19s
H    0     0                     552.0000000  508.00000  7.97%     -   48s
H    0     0                     508.0000000  508.00000  0.00%     -   76s
     0     0  508.00000    0   38  508.00000  508.00000  0.00%     -   76s

Explored 1 nodes (93132 simplex iterations) in 76.86 seconds (37.55 work units)
Thread count was 1 (of 96 available processors)

Solution count 2: 508 552 

Optimal solution found (tolerance 1.00e-04)
Best objective 5.080000000000e+02, best bound 5.080000000000e+02, gap 0.0000%

User-callback calls 1968, time in user-callback 56.47 sec
[34m2025-01-07 04:05:13,997 - DEBUG - Finished optimization[0m
[34m2025-01-07 04:05:13,997 - DEBUG - Subsolver stats:[0m
[32m2025-01-07 04:05:13,997 - INFO - Number of cuts added: 0 (bad=0, good=0)[0m
[32m2025-01-07 04:05:13,998 - INFO - Unnecessary comps: (0 / 0)[0m
[32m2025-01-07 04:05:13,998 - INFO - Calls to is_day_infeasible: cp_solver=22/ total=28 stored=6[0m
[32m2025-01-07 04:05:13,998 - INFO - Is feasible: 56.37197208404541 0.9984643388201018[0m
[32m2025-01-07 04:05:13,998 - INFO - Subsolver: Solve Model: 55.76065254211426/0.9892756683155671[0m
[32m2025-01-07 04:05:13,998 - INFO - Subsolver: Create Model: 0.6044783592224121/0.010724331684432887[0m
[32m2025-01-07 04:05:13,998 - INFO - Num_constraints-added: 0[0m
[32m2025-01-07 04:05:13,998 - INFO - Optimal solution found.[0m
[34m2025-01-07 04:05:13,998 - DEBUG - Sub Objectives:[0m
[34m2025-01-07 04:05:13,998 - DEBUG - (SOLVER):Minimize Delay: 0.0[0m
[34m2025-01-07 04:05:13,998 - DEBUG - (SOLVER):Minimize Missing Treatments: 508.0[0m
[32m2025-01-07 04:05:13,998 - INFO - All cuts [][0m
[32m2025-01-07 04:05:13,998 - INFO - All cuts [][0m
[34m2025-01-07 04:05:44,102 - DEBUG - Patient 16 is admitted at day 4.[0m
[34m2025-01-07 04:05:44,102 - DEBUG - Patient 17 is admitted at day 5.[0m
[34m2025-01-07 04:05:44,102 - DEBUG - Patient 18 is admitted at day 0.[0m
[34m2025-01-07 04:05:44,102 - DEBUG - Patient 19 is admitted at day 0.[0m
[34m2025-01-07 04:05:44,102 - DEBUG - Patient 20 is admitted at day 3.[0m
[34m2025-01-07 04:05:44,102 - DEBUG - Patient 21 is admitted at day 4.[0m
[34m2025-01-07 04:05:44,102 - DEBUG - Patient 22 is admitted at day 7.[0m
[34m2025-01-07 04:05:44,103 - DEBUG - Patient 23 is admitted at day 7.[0m
[34m2025-01-07 04:05:44,103 - DEBUG - Patient 24 is admitted at day 6.[0m
[34m2025-01-07 04:05:44,103 - DEBUG - Patient 25 is admitted at day 1.[0m
[34m2025-01-07 04:05:44,103 - DEBUG - Patient 26 is admitted at day 5.[0m
[34m2025-01-07 04:05:44,103 - DEBUG - Patient 27 is admitted at day 2.[0m
[34m2025-01-07 04:05:44,103 - DEBUG - Patient 28 is admitted at day 4.[0m
[34m2025-01-07 04:05:44,103 - DEBUG - Patient 29 is admitted at day 1.[0m
[34m2025-01-07 04:05:44,103 - DEBUG - Patient 30 is admitted at day 8.[0m
[34m2025-01-07 04:05:44,103 - DEBUG - Patient 31 is admitted at day 7.[0m
[34m2025-01-07 04:05:44,103 - DEBUG - Patient 32 is admitted at day 5.[0m
[34m2025-01-07 04:05:44,103 - DEBUG - Patient 33 is admitted at day 4.[0m
[34m2025-01-07 04:05:44,103 - DEBUG - Patient 34 is admitted at day 4.[0m
[34m2025-01-07 04:05:44,103 - DEBUG - Patient 35 is admitted at day 3.[0m
[34m2025-01-07 04:05:44,103 - DEBUG - Patient 36 is admitted at day 10.[0m
[34m2025-01-07 04:05:44,103 - DEBUG - Patient 37 is admitted at day 7.[0m
[34m2025-01-07 04:05:44,103 - DEBUG - Patient 38 is admitted at day 1.[0m
[34m2025-01-07 04:05:44,103 - DEBUG - Patient 39 is admitted at day 3.[0m
[34m2025-01-07 04:05:44,103 - DEBUG - Patients [18] have treatment 1 starting at day 0, hour 10.5 using resources [8].[0m
[34m2025-01-07 04:05:44,103 - DEBUG - Patients [18] have treatment 4 starting at day 0, hour 10.0 using resources [4, 6].[0m
[34m2025-01-07 04:05:44,103 - DEBUG - Patients [18, 19] have treatment 7 starting at day 0, hour 8.0 using resources [8, 6, 5].[0m
[34m2025-01-07 04:05:44,103 - DEBUG - Patients [19] have treatment 7 starting at day 0, hour 9.0 using resources [8, 6, 5].[0m
[34m2025-01-07 04:05:44,103 - DEBUG - Patients [19, 38] have treatment 3 starting at day 1, hour 8.0 using resources [4, 7].[0m
[34m2025-01-07 04:05:44,103 - DEBUG - Patients [18, 19, 25, 29, 38] have treatment 6 starting at day 1, hour 10.0 using resources [4, 8].[0m
[34m2025-01-07 04:05:44,103 - DEBUG - Patients [18, 19, 25, 29, 38] have treatment 6 starting at day 1, hour 13.0 using resources [0, 8].[0m
[34m2025-01-07 04:05:44,103 - DEBUG - Patients [27, 38] have treatment 0 starting at day 2, hour 13.0 using resources [1, 2, 8].[0m
[34m2025-01-07 04:05:44,103 - DEBUG - Patients [18, 38] have treatment 0 starting at day 2, hour 13.75 using resources [0, 1, 6].[0m
[34m2025-01-07 04:05:44,103 - DEBUG - Patients [18] have treatment 1 starting at day 2, hour 12.0 using resources [6].[0m
[34m2025-01-07 04:05:44,103 - DEBUG - Patients [19, 29, 38] have treatment 3 starting at day 2, hour 8.0 using resources [2, 6].[0m
[34m2025-01-07 04:05:44,104 - DEBUG - Patients [27, 29] have treatment 7 starting at day 2, hour 10.0 using resources [8, 6, 5].[0m
[34m2025-01-07 04:05:44,104 - DEBUG - Patients [19] have treatment 7 starting at day 2, hour 11.0 using resources [8, 6, 5].[0m
[34m2025-01-07 04:05:44,104 - DEBUG - Patients [35, 39] have treatment 0 starting at day 3, hour 11.25 using resources [1, 2, 8].[0m
[34m2025-01-07 04:05:44,104 - DEBUG - Patients [20] have treatment 1 starting at day 3, hour 10.0 using resources [6].[0m
[34m2025-01-07 04:05:44,104 - DEBUG - Patients [19] have treatment 1 starting at day 3, hour 11.0 using resources [6].[0m
[34m2025-01-07 04:05:44,104 - DEBUG - Patients [18, 19, 25, 35, 39] have treatment 2 starting at day 3, hour 15.0 using resources [4, 6].[0m
[34m2025-01-07 04:05:44,104 - DEBUG - Patients [20] have treatment 4 starting at day 3, hour 10.5 using resources [0, 6].[0m
[34m2025-01-07 04:05:44,104 - DEBUG - Patients [18, 27, 29, 38, 39] have treatment 6 starting at day 3, hour 10.0 using resources [1, 8].[0m
[34m2025-01-07 04:05:44,104 - DEBUG - Patients [35, 39] have treatment 7 starting at day 3, hour 8.0 using resources [8, 6, 5].[0m
[34m2025-01-07 04:05:44,104 - DEBUG - Patients [27, 29] have treatment 7 starting at day 3, hour 9.0 using resources [8, 6, 5].[0m
[34m2025-01-07 04:05:44,104 - DEBUG - Patients [20, 27] have treatment 7 starting at day 3, hour 13.0 using resources [8, 6, 4].[0m
[34m2025-01-07 04:05:44,104 - DEBUG - Patients [19] have treatment 7 starting at day 3, hour 14.0 using resources [8, 6, 4].[0m
[34m2025-01-07 04:05:44,104 - DEBUG - Patients [35] have treatment 1 starting at day 4, hour 8.0 using resources [6].[0m
[34m2025-01-07 04:05:44,104 - DEBUG - Patients [28] have treatment 1 starting at day 4, hour 9.0 using resources [7].[0m
[34m2025-01-07 04:05:44,104 - DEBUG - Patients [28] have treatment 1 starting at day 4, hour 9.5 using resources [7].[0m
[34m2025-01-07 04:05:44,104 - DEBUG - Patients [20] have treatment 1 starting at day 4, hour 12.0 using resources [7].[0m
[34m2025-01-07 04:05:44,104 - DEBUG - Patients [16] have treatment 1 starting at day 4, hour 12.5 using resources [7].[0m
[34m2025-01-07 04:05:44,104 - DEBUG - Patients [16] have treatment 1 starting at day 4, hour 15.5 using resources [7].[0m
[34m2025-01-07 04:05:44,104 - DEBUG - Patients [35, 39] have treatment 4 starting at day 4, hour 11.0 using resources [4, 7].[0m
[34m2025-01-07 04:05:44,104 - DEBUG - Patients [19, 33] have treatment 4 starting at day 4, hour 15.0 using resources [1, 7].[0m
[34m2025-01-07 04:05:44,104 - DEBUG - Patients [38, 39] have treatment 5 starting at day 4, hour 10.0 using resources [5, 7].[0m
[34m2025-01-07 04:05:44,104 - DEBUG - Patients [29, 35] have treatment 5 starting at day 4, hour 10.5 using resources [5, 7].[0m
[34m2025-01-07 04:05:44,104 - DEBUG - Patients [16, 20] have treatment 5 starting at day 4, hour 11.5 using resources [4, 7].[0m
[34m2025-01-07 04:05:44,104 - DEBUG - Patients [20] have treatment 5 starting at day 4, hour 13.0 using resources [4, 6].[0m
[34m2025-01-07 04:05:44,104 - DEBUG - Patients [34, 39] have treatment 7 starting at day 4, hour 8.0 using resources [8, 7, 5].[0m
[34m2025-01-07 04:05:44,104 - DEBUG - Patients [34, 39] have treatment 7 starting at day 4, hour 9.0 using resources [8, 6, 5].[0m
[34m2025-01-07 04:05:44,104 - DEBUG - Patients [33, 34] have treatment 7 starting at day 4, hour 10.0 using resources [8, 6, 4].[0m
[34m2025-01-07 04:05:44,104 - DEBUG - Patients [21, 28] have treatment 7 starting at day 4, hour 11.0 using resources [8, 6, 5].[0m
[34m2025-01-07 04:05:44,104 - DEBUG - Patients [18, 29] have treatment 7 starting at day 4, hour 13.0 using resources [8, 7, 5].[0m
[34m2025-01-07 04:05:44,105 - DEBUG - Patients [21, 33] have treatment 7 starting at day 4, hour 14.0 using resources [8, 7, 4].[0m
[34m2025-01-07 04:05:44,105 - DEBUG - Patients [18, 27] have treatment 7 starting at day 4, hour 15.0 using resources [8, 6, 4].[0m
[34m2025-01-07 04:05:44,105 - DEBUG - Patients [29, 33, 34, 38, 39] have treatment 0 starting at day 5, hour 8.0 using resources [1, 2, 8].[0m
[34m2025-01-07 04:05:44,105 - DEBUG - Patients [19, 25, 28, 33, 34] have treatment 0 starting at day 5, hour 13.0 using resources [1, 2, 7].[0m
[34m2025-01-07 04:05:44,105 - DEBUG - Patients [19, 33, 34] have treatment 0 starting at day 5, hour 13.75 using resources [1, 2, 7].[0m
[34m2025-01-07 04:05:44,105 - DEBUG - Patients [35] have treatment 1 starting at day 5, hour 8.5 using resources [6].[0m
[34m2025-01-07 04:05:44,105 - DEBUG - Patients [32] have treatment 1 starting at day 5, hour 9.0 using resources [6].[0m
[34m2025-01-07 04:05:44,105 - DEBUG - Patients [32] have treatment 1 starting at day 5, hour 9.5 using resources [6].[0m
[34m2025-01-07 04:05:44,105 - DEBUG - Patients [26] have treatment 1 starting at day 5, hour 9.5 using resources [8].[0m
[34m2025-01-07 04:05:44,105 - DEBUG - Patients [20] have treatment 1 starting at day 5, hour 10.0 using resources [7].[0m
[34m2025-01-07 04:05:44,105 - DEBUG - Patients [18] have treatment 1 starting at day 5, hour 10.5 using resources [7].[0m
[34m2025-01-07 04:05:44,105 - DEBUG - Patients [16] have treatment 1 starting at day 5, hour 12.0 using resources [6].[0m
[34m2025-01-07 04:05:44,105 - DEBUG - Patients [26, 32, 33, 35, 39] have treatment 2 starting at day 5, hour 10.0 using resources [0, 6].[0m
[34m2025-01-07 04:05:44,105 - DEBUG - Patients [20, 21, 26, 27, 28] have treatment 2 starting at day 5, hour 11.25 using resources [0, 6].[0m
[34m2025-01-07 04:05:44,105 - DEBUG - Patients [18, 20, 21, 25] have treatment 3 starting at day 5, hour 8.0 using resources [0, 7].[0m
[34m2025-01-07 04:05:44,105 - DEBUG - Patients [16, 17, 18] have treatment 3 starting at day 5, hour 13.0 using resources [0, 6].[0m
[34m2025-01-07 04:05:44,105 - DEBUG - Patients [29, 35] have treatment 4 starting at day 5, hour 10.75 using resources [0, 6].[0m
[34m2025-01-07 04:05:44,105 - DEBUG - Patients [21] have treatment 4 starting at day 5, hour 15.0 using resources [0, 6].[0m
[34m2025-01-07 04:05:44,105 - DEBUG - Patients [17, 28] have treatment 5 starting at day 5, hour 8.0 using resources [5, 6].[0m
[34m2025-01-07 04:05:44,105 - DEBUG - Patients [16, 17] have treatment 5 starting at day 5, hour 15.5 using resources [5, 6].[0m
[34m2025-01-07 04:05:44,105 - DEBUG - Patients [21, 33] have treatment 0 starting at day 6, hour 8.0 using resources [1, 2, 8].[0m
[34m2025-01-07 04:05:44,105 - DEBUG - Patients [16, 33] have treatment 0 starting at day 6, hour 10.75 using resources [0, 1, 7].[0m
[34m2025-01-07 04:05:44,105 - DEBUG - Patients [34] have treatment 1 starting at day 6, hour 8.0 using resources [7].[0m
[34m2025-01-07 04:05:44,105 - DEBUG - Patients [33] have treatment 1 starting at day 6, hour 11.5 using resources [7].[0m
[34m2025-01-07 04:05:44,105 - DEBUG - Patients [19] have treatment 1 starting at day 6, hour 12.0 using resources [7].[0m
[34m2025-01-07 04:05:44,105 - DEBUG - Patients [19] have treatment 1 starting at day 6, hour 12.5 using resources [7].[0m
[34m2025-01-07 04:05:44,105 - DEBUG - Patients [24, 27, 32, 33, 34] have treatment 2 starting at day 6, hour 14.0 using resources [1, 6].[0m
[34m2025-01-07 04:05:44,105 - DEBUG - Patients [35, 39] have treatment 3 starting at day 6, hour 8.75 using resources [1, 7].[0m
[34m2025-01-07 04:05:44,105 - DEBUG - Patients [20, 35] have treatment 3 starting at day 6, hour 13.0 using resources [0, 7].[0m
[34m2025-01-07 04:05:44,106 - DEBUG - Patients [29, 38] have treatment 4 starting at day 6, hour 8.0 using resources [0, 6].[0m
[34m2025-01-07 04:05:44,106 - DEBUG - Patients [28, 38] have treatment 4 starting at day 6, hour 8.5 using resources [0, 6].[0m
[34m2025-01-07 04:05:44,106 - DEBUG - Patients [26, 38] have treatment 4 starting at day 6, hour 9.0 using resources [0, 6].[0m
[34m2025-01-07 04:05:44,106 - DEBUG - Patients [25, 26] have treatment 4 starting at day 6, hour 9.5 using resources [0, 6].[0m
[34m2025-01-07 04:05:44,106 - DEBUG - Patients [20, 21] have treatment 4 starting at day 6, hour 10.0 using resources [0, 6].[0m
[34m2025-01-07 04:05:44,106 - DEBUG - Patients [20, 21] have treatment 4 starting at day 6, hour 11.5 using resources [0, 6].[0m
[34m2025-01-07 04:05:44,106 - DEBUG - Patients [16, 17] have treatment 4 starting at day 6, hour 15.0 using resources [0, 6].[0m
[34m2025-01-07 04:05:44,106 - DEBUG - Patients [16, 17] have treatment 4 starting at day 6, hour 15.5 using resources [0, 6].[0m
[34m2025-01-07 04:05:44,106 - DEBUG - Patients [27, 28] have treatment 5 starting at day 6, hour 10.5 using resources [5, 6].[0m
[34m2025-01-07 04:05:44,106 - DEBUG - Patients [18, 24] have treatment 5 starting at day 6, hour 11.0 using resources [5, 6].[0m
[34m2025-01-07 04:05:44,106 - DEBUG - Patients [29, 39] have treatment 7 starting at day 6, hour 13.0 using resources [8, 6, 5].[0m
[34m2025-01-07 04:05:44,106 - DEBUG - Patients [19, 26] have treatment 7 starting at day 6, hour 15.0 using resources [8, 7, 5].[0m
[34m2025-01-07 04:05:44,106 - DEBUG - Patients [31, 33, 35, 37, 39] have treatment 0 starting at day 7, hour 9.75 using resources [2, 3, 8].[0m
[34m2025-01-07 04:05:44,106 - DEBUG - Patients [22, 23, 27, 28, 29] have treatment 0 starting at day 7, hour 11.0 using resources [0, 1, 7].[0m
[34m2025-01-07 04:05:44,106 - DEBUG - Patients [23, 28] have treatment 0 starting at day 7, hour 15.0 using resources [1, 3, 7].[0m
[34m2025-01-07 04:05:44,106 - DEBUG - Patients [39] have treatment 1 starting at day 7, hour 8.0 using resources [7].[0m
[34m2025-01-07 04:05:44,106 - DEBUG - Patients [38] have treatment 1 starting at day 7, hour 8.5 using resources [7].[0m
[34m2025-01-07 04:05:44,106 - DEBUG - Patients [35] have treatment 1 starting at day 7, hour 9.0 using resources [7].[0m
[34m2025-01-07 04:05:44,106 - DEBUG - Patients [32] have treatment 1 starting at day 7, hour 9.5 using resources [7].[0m
[34m2025-01-07 04:05:44,106 - DEBUG - Patients [27] have treatment 1 starting at day 7, hour 10.0 using resources [7].[0m
[34m2025-01-07 04:05:44,106 - DEBUG - Patients [22] have treatment 1 starting at day 7, hour 10.5 using resources [7].[0m
[34m2025-01-07 04:05:44,106 - DEBUG - Patients [22] have treatment 1 starting at day 7, hour 11.75 using resources [7].[0m
[34m2025-01-07 04:05:44,106 - DEBUG - Patients [20] have treatment 1 starting at day 7, hour 12.25 using resources [7].[0m
[34m2025-01-07 04:05:44,106 - DEBUG - Patients [18] have treatment 1 starting at day 7, hour 12.25 using resources [6].[0m
[34m2025-01-07 04:05:44,106 - DEBUG - Patients [16, 17, 26, 32, 34] have treatment 2 starting at day 7, hour 8.5 using resources [0, 6].[0m
[34m2025-01-07 04:05:44,106 - DEBUG - Patients [16, 17, 26, 29, 33] have treatment 3 starting at day 7, hour 13.0 using resources [1, 7].[0m
[34m2025-01-07 04:05:44,107 - DEBUG - Patients [32, 37] have treatment 4 starting at day 7, hour 8.0 using resources [2, 6].[0m
[34m2025-01-07 04:05:44,107 - DEBUG - Patients [26, 31] have treatment 4 starting at day 7, hour 9.25 using resources [0, 6].[0m
[34m2025-01-07 04:05:44,107 - DEBUG - Patients [24, 25] have treatment 4 starting at day 7, hour 14.0 using resources [0, 6].[0m
[34m2025-01-07 04:05:44,107 - DEBUG - Patients [18, 23] have treatment 4 starting at day 7, hour 14.5 using resources [0, 6].[0m
[34m2025-01-07 04:05:44,107 - DEBUG - Patients [17, 18] have treatment 4 starting at day 7, hour 15.0 using resources [0, 8].[0m
[34m2025-01-07 04:05:44,107 - DEBUG - Patients [38] have treatment 5 starting at day 7, hour 9.75 using resources [5, 6].[0m
[34m2025-01-07 04:05:44,107 - DEBUG - Patients [27, 33] have treatment 5 starting at day 7, hour 10.5 using resources [5, 6].[0m
[34m2025-01-07 04:05:44,107 - DEBUG - Patients [21, 24] have treatment 5 starting at day 7, hour 15.0 using resources [4, 6].[0m
[34m2025-01-07 04:05:44,107 - DEBUG - Patients [19, 35] have treatment 5 starting at day 7, hour 15.5 using resources [4, 6].[0m
[34m2025-01-07 04:05:44,107 - DEBUG - Patients [31, 38] have treatment 7 starting at day 7, hour 11.0 using resources [8, 6, 5].[0m
[34m2025-01-07 04:05:44,107 - DEBUG - Patients [19, 23] have treatment 7 starting at day 7, hour 13.0 using resources [8, 6, 5].[0m
[34m2025-01-07 04:05:44,107 - DEBUG - Patients [16, 23, 34, 37, 39] have treatment 0 starting at day 8, hour 9.0 using resources [1, 2, 7].[0m
[34m2025-01-07 04:05:44,107 - DEBUG - Patients [16, 19, 23, 34, 39] have treatment 0 starting at day 8, hour 10.75 using resources [0, 1, 7].[0m
[34m2025-01-07 04:05:44,107 - DEBUG - Patients [19] have treatment 1 starting at day 8, hour 12.0 using resources [7].[0m
[34m2025-01-07 04:05:44,107 - DEBUG - Patients [20, 22, 23, 24, 26, 27, 30, 31, 32, 39] have treatment 2 starting at day 8, hour 8.0 using resources [3, 7].[0m
[34m2025-01-07 04:05:44,107 - DEBUG - Patients [17, 18, 22, 27, 31] have treatment 2 starting at day 8, hour 14.0 using resources [0, 7].[0m
[34m2025-01-07 04:05:44,107 - DEBUG - Patients [35, 38] have treatment 4 starting at day 8, hour 11.5 using resources [0, 7].[0m
[34m2025-01-07 04:05:44,107 - DEBUG - Patients [35, 38] have treatment 4 starting at day 8, hour 13.0 using resources [0, 7].[0m
[34m2025-01-07 04:05:44,107 - DEBUG - Patients [32, 38] have treatment 4 starting at day 8, hour 13.5 using resources [0, 7].[0m
[34m2025-01-07 04:05:44,107 - DEBUG - Patients [26, 30] have treatment 4 starting at day 8, hour 14.75 using resources [0, 7].[0m
[34m2025-01-07 04:05:44,107 - DEBUG - Patients [17, 21] have treatment 4 starting at day 8, hour 15.25 using resources [0, 7].[0m
[34m2025-01-07 04:05:44,107 - DEBUG - Patients [28, 39] have treatment 5 starting at day 8, hour 9.75 using resources [4, 7].[0m
[34m2025-01-07 04:05:44,107 - DEBUG - Patients [22, 23] have treatment 5 starting at day 8, hour 10.25 using resources [4, 7].[0m
[34m2025-01-07 04:05:44,107 - DEBUG - Patients [20] have treatment 5 starting at day 8, hour 15.0 using resources [4, 6].[0m
[34m2025-01-07 04:05:44,107 - DEBUG - Patients [20] have treatment 5 starting at day 8, hour 15.5 using resources [4, 6].[0m
[34m2025-01-07 04:05:44,107 - DEBUG - Patients [33, 37] have treatment 7 starting at day 8, hour 8.0 using resources [8, 6, 5].[0m
[34m2025-01-07 04:05:44,107 - DEBUG - Patients [32, 33] have treatment 7 starting at day 8, hour 9.0 using resources [8, 6, 5].[0m
[34m2025-01-07 04:05:44,108 - DEBUG - Patients [31, 33] have treatment 7 starting at day 8, hour 10.0 using resources [8, 6, 5].[0m
[34m2025-01-07 04:05:44,108 - DEBUG - Patients [29, 30] have treatment 7 starting at day 8, hour 11.0 using resources [8, 6, 4].[0m
[34m2025-01-07 04:05:44,108 - DEBUG - Patients [26, 29] have treatment 7 starting at day 8, hour 13.0 using resources [8, 6, 4].[0m
[34m2025-01-07 04:05:44,108 - DEBUG - Patients [19, 24] have treatment 7 starting at day 8, hour 14.0 using resources [8, 6, 4].[0m
[34m2025-01-07 04:05:44,108 - DEBUG - Patients [34, 35, 39] have treatment 0 starting at day 9, hour 13.75 using resources [1, 2, 7].[0m
[34m2025-01-07 04:05:44,108 - DEBUG - Patients [27, 35] have treatment 0 starting at day 9, hour 14.5 using resources [1, 2, 7].[0m
[34m2025-01-07 04:05:44,108 - DEBUG - Patients [35] have treatment 1 starting at day 9, hour 8.0 using resources [7].[0m
[34m2025-01-07 04:05:44,108 - DEBUG - Patients [35] have treatment 1 starting at day 9, hour 8.75 using resources [7].[0m
[34m2025-01-07 04:05:44,108 - DEBUG - Patients [31] have treatment 1 starting at day 9, hour 10.0 using resources [7].[0m
[34m2025-01-07 04:05:44,108 - DEBUG - Patients [31] have treatment 1 starting at day 9, hour 10.5 using resources [7].[0m
[34m2025-01-07 04:05:44,108 - DEBUG - Patients [30] have treatment 1 starting at day 9, hour 11.0 using resources [7].[0m
[34m2025-01-07 04:05:44,108 - DEBUG - Patients [28] have treatment 1 starting at day 9, hour 11.5 using resources [7].[0m
[34m2025-01-07 04:05:44,108 - DEBUG - Patients [28] have treatment 1 starting at day 9, hour 12.0 using resources [7].[0m
[34m2025-01-07 04:05:44,108 - DEBUG - Patients [22] have treatment 1 starting at day 9, hour 12.5 using resources [7].[0m
[34m2025-01-07 04:05:44,108 - DEBUG - Patients [18, 20, 21, 22, 23, 30, 32, 33, 34, 39] have treatment 2 starting at day 9, hour 13.0 using resources [2, 7].[0m
[34m2025-01-07 04:05:44,108 - DEBUG - Patients [16, 21, 33, 34, 39] have treatment 2 starting at day 9, hour 14.75 using resources [0, 6].[0m
[34m2025-01-07 04:05:44,108 - DEBUG - Patients [28, 29, 30, 38] have treatment 3 starting at day 9, hour 8.0 using resources [0, 6].[0m
[34m2025-01-07 04:05:44,108 - DEBUG - Patients [16, 18, 20, 37] have treatment 3 starting at day 9, hour 8.0 using resources [2, 8].[0m
[34m2025-01-07 04:05:44,108 - DEBUG - Patients [31, 37] have treatment 3 starting at day 9, hour 13.0 using resources [4, 8].[0m
[34m2025-01-07 04:05:44,108 - DEBUG - Patients [29, 39] have treatment 4 starting at day 9, hour 10.5 using resources [1, 6].[0m
[34m2025-01-07 04:05:44,108 - DEBUG - Patients [25, 26] have treatment 4 starting at day 9, hour 11.0 using resources [0, 6].[0m
[34m2025-01-07 04:05:44,108 - DEBUG - Patients [20, 25] have treatment 4 starting at day 9, hour 11.5 using resources [0, 6].[0m
[34m2025-01-07 04:05:44,108 - DEBUG - Patients [18, 19] have treatment 4 starting at day 9, hour 13.75 using resources [0, 6].[0m
[34m2025-01-07 04:05:44,108 - DEBUG - Patients [16, 17] have treatment 4 starting at day 9, hour 14.25 using resources [0, 6].[0m
[34m2025-01-07 04:05:44,108 - DEBUG - Patients [24] have treatment 5 starting at day 9, hour 10.0 using resources [5, 6].[0m
[34m2025-01-07 04:05:44,108 - DEBUG - Patients [30, 33, 35, 37, 38] have treatment 0 starting at day 10, hour 9.0 using resources [1, 2, 8].[0m
[34m2025-01-07 04:05:44,108 - DEBUG - Patients [20, 22, 23, 28, 33] have treatment 0 starting at day 10, hour 10.0 using resources [1, 2, 7].[0m
[34m2025-01-07 04:05:44,108 - DEBUG - Patients [20, 23] have treatment 0 starting at day 10, hour 11.25 using resources [1, 2, 7].[0m
[34m2025-01-07 04:05:44,108 - DEBUG - Patients [17, 23] have treatment 0 starting at day 10, hour 14.25 using resources [0, 1, 7].[0m
[34m2025-01-07 04:05:44,109 - DEBUG - Patients [17, 23] have treatment 0 starting at day 10, hour 15.0 using resources [0, 1, 7].[0m
[34m2025-01-07 04:05:44,109 - DEBUG - Patients [36] have treatment 1 starting at day 10, hour 8.5 using resources [7].[0m
[34m2025-01-07 04:05:44,109 - DEBUG - Patients [36] have treatment 1 starting at day 10, hour 9.0 using resources [7].[0m
[34m2025-01-07 04:05:44,109 - DEBUG - Patients [31] have treatment 1 starting at day 10, hour 10.75 using resources [7].[0m
[34m2025-01-07 04:05:44,109 - DEBUG - Patients [31] have treatment 1 starting at day 10, hour 11.25 using resources [6].[0m
[34m2025-01-07 04:05:44,109 - DEBUG - Patients [27] have treatment 1 starting at day 10, hour 12.0 using resources [6].[0m
[34m2025-01-07 04:05:44,109 - DEBUG - Patients [16] have treatment 1 starting at day 10, hour 12.5 using resources [6].[0m
[34m2025-01-07 04:05:44,109 - DEBUG - Patients [38, 39] have treatment 4 starting at day 10, hour 8.0 using resources [2, 8].[0m
[34m2025-01-07 04:05:44,109 - DEBUG - Patients [32] have treatment 4 starting at day 10, hour 8.0 using resources [4, 6].[0m
[34m2025-01-07 04:05:44,109 - DEBUG - Patients [30, 33] have treatment 4 starting at day 10, hour 8.0 using resources [0, 7].[0m
[34m2025-01-07 04:05:44,109 - DEBUG - Patients [28, 33] have treatment 4 starting at day 10, hour 8.5 using resources [0, 6].[0m
[34m2025-01-07 04:05:44,109 - DEBUG - Patients [22, 25] have treatment 4 starting at day 10, hour 9.0 using resources [0, 6].[0m
[34m2025-01-07 04:05:44,109 - DEBUG - Patients [18, 20] have treatment 4 starting at day 10, hour 9.5 using resources [0, 7].[0m
[34m2025-01-07 04:05:44,109 - DEBUG - Patients [27, 39] have treatment 5 starting at day 10, hour 13.0 using resources [5, 6].[0m
[34m2025-01-07 04:05:44,109 - DEBUG - Patients [22, 26] have treatment 5 starting at day 10, hour 13.5 using resources [5, 6].[0m
[34m2025-01-07 04:05:44,109 - DEBUG - Patients [21, 26] have treatment 5 starting at day 10, hour 15.25 using resources [4, 6].[0m
[34m2025-01-07 04:05:44,109 - DEBUG - Patients [26, 27, 32, 34, 35] have treatment 6 starting at day 10, hour 10.75 using resources [0, 8].[0m
[34m2025-01-07 04:05:44,109 - DEBUG - Patients [16, 18, 21, 25, 35] have treatment 6 starting at day 10, hour 13.0 using resources [0, 8].[0m
[34m2025-01-07 04:05:44,109 - DEBUG - Patients [19] have treatment 7 starting at day 10, hour 9.75 using resources [8, 6, 4].[0m
[34m2025-01-07 04:05:44,109 - DEBUG - Patients [29] have treatment 7 starting at day 10, hour 14.25 using resources [8, 6, 4].[0m
[34m2025-01-07 04:05:44,109 - DEBUG - Patients [27] have treatment 1 starting at day 11, hour 12.0 using resources [8].[0m
[34m2025-01-07 04:05:44,110 - DEBUG - Patients [17] have treatment 1 starting at day 11, hour 12.0 using resources [6].[0m
[34m2025-01-07 04:05:44,110 - DEBUG - Patients [18, 20, 21, 38, 39] have treatment 3 starting at day 11, hour 10.0 using resources [3, 8].[0m
[34m2025-01-07 04:05:44,110 - DEBUG - Patients [16, 17, 24, 33, 34, 36] have treatment 3 starting at day 11, hour 10.0 using resources [4, 6].[0m
[34m2025-01-07 04:05:44,110 - DEBUG - Patients [16, 26, 33, 34, 38, 39] have treatment 3 starting at day 11, hour 13.0 using resources [2, 8].[0m
[34m2025-01-07 04:05:44,110 - DEBUG - Patients [21, 29] have treatment 4 starting at day 11, hour 8.0 using resources [2, 8].[0m
[34m2025-01-07 04:05:44,110 - DEBUG - Patients [32, 36] have treatment 4 starting at day 11, hour 9.0 using resources [2, 7].[0m
[34m2025-01-07 04:05:44,110 - DEBUG - Patients [20, 22] have treatment 4 starting at day 11, hour 9.0 using resources [0, 6].[0m
[34m2025-01-07 04:05:44,110 - DEBUG - Patients [19, 22] have treatment 4 starting at day 11, hour 9.5 using resources [2, 8].[0m
[34m2025-01-07 04:05:44,110 - DEBUG - Patients [29, 37] have treatment 4 starting at day 11, hour 9.5 using resources [1, 6].[0m
[34m2025-01-07 04:05:44,110 - DEBUG - Patients [23, 26] have treatment 4 starting at day 11, hour 9.5 using resources [4, 7].[0m
[34m2025-01-07 04:05:44,110 - DEBUG - Patients [17, 35] have treatment 5 starting at day 11, hour 8.0 using resources [4, 6].[0m
[34m2025-01-07 04:05:44,110 - DEBUG - Patients [33, 35] have treatment 5 starting at day 11, hour 8.5 using resources [4, 6].[0m
[34m2025-01-07 04:05:44,110 - DEBUG - Patients [16, 28] have treatment 5 starting at day 11, hour 8.5 using resources [5, 8].[0m
[34m2025-01-07 04:05:44,110 - DEBUG - Patients [24, 30] have treatment 5 starting at day 11, hour 9.0 using resources [4, 8].[0m
[34m2025-01-07 04:05:44,110 - DEBUG - Patients [26, 35] have treatment 5 starting at day 11, hour 10.0 using resources [5, 7].[0m
[34m2025-01-07 04:05:44,110 - DEBUG - Patients [19, 30] have treatment 5 starting at day 11, hour 13.25 using resources [4, 7].[0m
[34m2025-01-07 04:05:44,110 - DEBUG - Patients [18, 32] have treatment 5 starting at day 11, hour 14.5 using resources [5, 6].[0m
[34m2025-01-07 04:05:44,110 - DEBUG - Patients [19] have treatment 5 starting at day 11, hour 14.5 using resources [4, 7].[0m
[34m2025-01-07 04:05:44,110 - DEBUG - Patients [20, 30] have treatment 5 starting at day 11, hour 15.0 using resources [4, 8].[0m
[34m2025-01-07 04:05:44,110 - DEBUG - Patients [31, 33] have treatment 5 starting at day 11, hour 15.0 using resources [5, 7].[0m
[34m2025-01-07 04:05:44,110 - DEBUG - Patients [24, 31] have treatment 0 starting at day 12, hour 9.0 using resources [1, 2, 7].[0m
[34m2025-01-07 04:05:44,110 - DEBUG - Patients [33] have treatment 1 starting at day 12, hour 8.0 using resources [7].[0m
[34m2025-01-07 04:05:44,110 - DEBUG - Patients [23] have treatment 1 starting at day 12, hour 8.0 using resources [6].[0m
[34m2025-01-07 04:05:44,110 - DEBUG - Patients [22] have treatment 1 starting at day 12, hour 8.0 using resources [8].[0m
[34m2025-01-07 04:05:44,110 - DEBUG - Patients [23] have treatment 1 starting at day 12, hour 8.5 using resources [7].[0m
[34m2025-01-07 04:05:44,110 - DEBUG - Patients [32] have treatment 1 starting at day 12, hour 8.75 using resources [6].[0m
[34m2025-01-07 04:05:44,110 - DEBUG - Patients [22] have treatment 1 starting at day 12, hour 9.75 using resources [7].[0m
[34m2025-01-07 04:05:44,110 - DEBUG - Patients [38] have treatment 1 starting at day 12, hour 11.0 using resources [6].[0m
[34m2025-01-07 04:05:44,110 - DEBUG - Patients [36] have treatment 1 starting at day 12, hour 11.0 using resources [8].[0m
[34m2025-01-07 04:05:44,111 - DEBUG - Patients [32] have treatment 1 starting at day 12, hour 12.25 using resources [8].[0m
[34m2025-01-07 04:05:44,111 - DEBUG - Patients [23] have treatment 1 starting at day 12, hour 12.25 using resources [7].[0m
[34m2025-01-07 04:05:44,111 - DEBUG - Patients [25] have treatment 1 starting at day 12, hour 12.75 using resources [7].[0m
[34m2025-01-07 04:05:44,111 - DEBUG - Patients [30] have treatment 1 starting at day 12, hour 12.75 using resources [6].[0m
[34m2025-01-07 04:05:44,111 - DEBUG - Patients [36] have treatment 1 starting at day 12, hour 13.75 using resources [7].[0m
[34m2025-01-07 04:05:44,111 - DEBUG - Patients [33] have treatment 1 starting at day 12, hour 13.75 using resources [6].[0m
[34m2025-01-07 04:05:44,111 - DEBUG - Patients [16, 23, 26, 31, 34] have treatment 2 starting at day 12, hour 9.75 using resources [0, 6].[0m
[34m2025-01-07 04:05:44,111 - DEBUG - Patients [16] have treatment 4 starting at day 12, hour 11.0 using resources [0, 7].[0m
[34m2025-01-07 04:05:44,111 - DEBUG - Patients [19, 32] have treatment 5 starting at day 12, hour 9.25 using resources [5, 6].[0m
[34m2025-01-07 04:05:44,111 - DEBUG - Patients [24, 35] have treatment 5 starting at day 12, hour 10.5 using resources [5, 6].[0m
[34m2025-01-07 04:05:44,111 - DEBUG - Patients [22, 30] have treatment 5 starting at day 12, hour 11.5 using resources [5, 6].[0m
[34m2025-01-07 04:05:44,111 - DEBUG - Patients [18, 35] have treatment 5 starting at day 12, hour 11.5 using resources [4, 7].[0m
[34m2025-01-07 04:05:44,111 - DEBUG - Patients [19, 33] have treatment 5 starting at day 12, hour 13.25 using resources [5, 6].[0m
[34m2025-01-07 04:05:44,111 - DEBUG - Patients [35, 39] have treatment 5 starting at day 12, hour 13.25 using resources [4, 7].[0m
[34m2025-01-07 04:05:44,111 - DEBUG - Patients [16, 17, 26, 27, 28, 37, 38] have treatment 6 starting at day 12, hour 8.5 using resources [4, 8].[0m
[34m2025-01-07 04:05:44,111 - DEBUG - Patients [18, 19, 20, 21, 25, 27, 28, 29, 33] have treatment 6 starting at day 12, hour 9.75 using resources [4, 8].[0m
[34m2025-01-07 04:05:44,111 - DEBUG - Patients [17, 21, 26, 27, 28, 31, 34, 37, 38] have treatment 6 starting at day 12, hour 13.0 using resources [3, 8].[0m
[34m2025-01-07 04:05:44,111 - DEBUG - Patients [34, 39] have treatment 7 starting at day 12, hour 14.25 using resources [8, 6, 4].[0m
[34m2025-01-07 04:05:44,111 - DEBUG - Patients [37] have treatment 1 starting at day 13, hour 8.0 using resources [6].[0m
[34m2025-01-07 04:05:44,111 - DEBUG - Patients [37] have treatment 1 starting at day 13, hour 9.0 using resources [7].[0m
[34m2025-01-07 04:05:44,111 - DEBUG - Patients [32] have treatment 1 starting at day 13, hour 9.5 using resources [7].[0m
[34m2025-01-07 04:05:44,111 - DEBUG - Patients [32] have treatment 1 starting at day 13, hour 10.0 using resources [7].[0m
[34m2025-01-07 04:05:44,111 - DEBUG - Patients [22] have treatment 1 starting at day 13, hour 10.5 using resources [7].[0m
[34m2025-01-07 04:05:44,111 - DEBUG - Patients [22] have treatment 1 starting at day 13, hour 11.0 using resources [7].[0m
[34m2025-01-07 04:05:44,111 - DEBUG - Patients [26] have treatment 1 starting at day 13, hour 12.0 using resources [7].[0m
[34m2025-01-07 04:05:44,111 - DEBUG - Patients [26] have treatment 1 starting at day 13, hour 12.5 using resources [7].[0m
[34m2025-01-07 04:05:44,111 - DEBUG - Patients [23] have treatment 1 starting at day 13, hour 13.0 using resources [7].[0m
[34m2025-01-07 04:05:44,111 - DEBUG - Patients [23] have treatment 1 starting at day 13, hour 13.5 using resources [7].[0m
[34m2025-01-07 04:05:44,111 - DEBUG - Patients [23] have treatment 1 starting at day 13, hour 14.0 using resources [7].[0m
[34m2025-01-07 04:05:44,112 - DEBUG - Patients [30] have treatment 1 starting at day 13, hour 15.0 using resources [7].[0m
[34m2025-01-07 04:05:44,112 - DEBUG - Patients [27] have treatment 1 starting at day 13, hour 15.5 using resources [7].[0m
[34m2025-01-07 04:05:44,112 - DEBUG - Patients [19] have treatment 1 starting at day 13, hour 15.5 using resources [8].[0m
[34m2025-01-07 04:05:44,112 - DEBUG - Patients [26, 28, 31, 33, 34, 36, 39] have treatment 2 starting at day 13, hour 14.5 using resources [3, 6].[0m
[34m2025-01-07 04:05:44,112 - DEBUG - Patients [21, 22, 23, 31, 33] have treatment 2 starting at day 13, hour 15.25 using resources [4, 6].[0m
[34m2025-01-07 04:05:44,112 - DEBUG - Patients [35, 38] have treatment 4 starting at day 13, hour 14.5 using resources [4, 7].[0m
[34m2025-01-07 04:05:44,112 - DEBUG - Patients [20, 39] have treatment 5 starting at day 13, hour 8.5 using resources [5, 6].[0m
[34m2025-01-07 04:05:44,112 - DEBUG - Patients [16, 17] have treatment 5 starting at day 13, hour 11.5 using resources [5, 7].[0m
[34m2025-01-07 04:05:44,112 - DEBUG - Patients [29, 30] have treatment 5 starting at day 13, hour 13.0 using resources [5, 6].[0m
[34m2025-01-07 04:05:44,112 - DEBUG - Patients [30, 36] have treatment 5 starting at day 13, hour 13.5 using resources [4, 6].[0m
[34m2025-01-07 04:05:44,112 - DEBUG - Patients [33, 35] have treatment 5 starting at day 13, hour 14.0 using resources [5, 6].[0m
[34m2025-01-07 04:05:44,112 - DEBUG - Patients [16, 20, 21, 27, 31, 32, 34, 39] have treatment 6 starting at day 13, hour 13.0 using resources [0, 8].[0m
[34m2025-01-07 04:05:44,112 - DEBUG - Patients [17, 18, 19, 20, 24] have treatment 6 starting at day 13, hour 14.25 using resources [0, 8].[0m
[34m2025-01-07 04:05:44,112 - DEBUG - Patients [17, 38] have treatment 7 starting at day 13, hour 8.0 using resources [8, 7, 4].[0m
[34m2025-01-07 04:05:44,112 - DEBUG - Patients [29, 38] have treatment 7 starting at day 13, hour 9.0 using resources [8, 6, 5].[0m
[34m2025-01-07 04:05:44,112 - DEBUG - Patients [19, 24] have treatment 7 starting at day 13, hour 10.0 using resources [8, 6, 4].[0m
[34m2025-01-07 04:05:44,112 - DEBUG - Patients [28, 39] have treatment 7 starting at day 13, hour 11.0 using resources [8, 6, 4].[0m
[34m2025-01-07 04:05:44,123 - DEBUG - Checking solution value.[0m
[34m2025-01-07 04:05:44,123 - DEBUG - Solvers objective function value: 508.0[0m
[34m2025-01-07 04:05:44,125 - DEBUG - (VERIFIER):Treatment value: 0[0m
[34m2025-01-07 04:05:44,125 - DEBUG - (VERIFIER):Delay value: 0[0m
[34m2025-01-07 04:05:44,125 - DEBUG - (VERIFIER):Missing treatment value: 508[0m
[34m2025-01-07 04:05:44,125 - DEBUG - Correct objective function value: 508[0m
[34m2025-01-07 04:05:44,125 - DEBUG - Solution is valid.[0m
[34m2025-01-07 04:05:44,125 - DEBUG - All solvers accepted the solution.[0m
[32m2025-01-07 04:05:44,125 - INFO - Time to find solution: 107.094s with value 508.000000[0m
[32m2025-01-07 04:05:44,125 - INFO - Total Time: 112.302s[0m
