1.NAME: MIPSolver3
2.PARAMS: {'break_symmetry': False, 'break_symmetry_strong': False}
3.INSTANCE: /home/wx350715/Kobra/rehabiliation-admission-scheduling/data/comp_study_002/instance_6_30.txt
4.REPETITION: 1
Current directory: /home/wx350715/Kobra/rehabiliation-admission-scheduling
[34m2025-01-07 01:38:22,834 - DEBUG - Solver: <class 'src.solvers.mip3.MIPSolver3'>[0m
[34m2025-01-07 01:38:22,834 - DEBUG - Args: {'break_symmetry': False, 'break_symmetry_strong': False}[0m
[34m2025-01-07 01:38:22,834 - DEBUG - File path /home/wx350715/Kobra/rehabiliation-admission-scheduling/data/comp_study_002/instance_6_30.txt[0m
[34m2025-01-07 01:38:22,843 - DEBUG - ADD INSTANCE DATA[0m
[34m2025-01-07 01:38:22,843 - DEBUG - ADD INSTANCE DATA[0m
[34m2025-01-07 01:38:22,843 - DEBUG - ADD INSTANCE DATA[0m
[34m2025-01-07 01:38:22,843 - DEBUG - ADD INSTANCE DATA[0m
[34m2025-01-07 01:38:22,843 - DEBUG - ADD INSTANCE DATA[0m
[34m2025-01-07 01:38:22,843 - DEBUG - ADD INSTANCE DATA[0m
[34m2025-01-07 01:38:22,844 - DEBUG - ADD INSTANCE DATA[0m
[34m2025-01-07 01:38:22,844 - DEBUG - ADD INSTANCE DATA[0m
[34m2025-01-07 01:38:22,844 - DEBUG - ADD INSTANCE DATA[0m
[34m2025-01-07 01:38:22,844 - DEBUG - ADD INSTANCE DATA[0m
[34m2025-01-07 01:38:22,844 - DEBUG - ADD INSTANCE DATA[0m
[34m2025-01-07 01:38:22,844 - DEBUG - ADD RESOURCE_GROUPS[0m
[34m2025-01-07 01:38:22,844 - DEBUG - ADD RESOURCE_GROUPS[0m
[34m2025-01-07 01:38:22,844 - DEBUG - ADD RESOURCE_GROUPS[0m
[34m2025-01-07 01:38:22,844 - DEBUG - ADD RESOURCE_GROUPS[0m
[34m2025-01-07 01:38:22,844 - DEBUG - ADD RESOURCES[0m
[34m2025-01-07 01:38:22,844 - DEBUG - ADD RESOURCES[0m
[34m2025-01-07 01:38:22,844 - DEBUG - ADD RESOURCES[0m
[34m2025-01-07 01:38:22,844 - DEBUG - ADD RESOURCES[0m
[34m2025-01-07 01:38:22,845 - DEBUG - ADD RESOURCES[0m
[34m2025-01-07 01:38:22,845 - DEBUG - ADD RESOURCES[0m
[34m2025-01-07 01:38:22,845 - DEBUG - ADD RESOURCES[0m
[34m2025-01-07 01:38:22,845 - DEBUG - ADD RESOURCES[0m
[34m2025-01-07 01:38:22,845 - DEBUG - ADD RESOURCES[0m
[34m2025-01-07 01:38:22,845 - DEBUG - ADD RESOURCES[0m
[34m2025-01-07 01:38:22,845 - DEBUG - ADD TREATMENTS[0m
[34m2025-01-07 01:38:22,845 - DEBUG - ADD TREATMENTS[0m
[34m2025-01-07 01:38:22,845 - DEBUG - ADD TREATMENTS[0m
[34m2025-01-07 01:38:22,845 - DEBUG - ADD TREATMENTS[0m
[34m2025-01-07 01:38:22,846 - DEBUG - ADD TREATMENTS[0m
[34m2025-01-07 01:38:22,846 - DEBUG - ADD TREATMENTS[0m
[34m2025-01-07 01:38:22,846 - DEBUG - ADD TREATMENTS[0m
[34m2025-01-07 01:38:22,846 - DEBUG - ADD TREATMENTS[0m
[34m2025-01-07 01:38:22,846 - DEBUG - ADD PATIENTS[0m
[34m2025-01-07 01:38:22,846 - DEBUG - ADD PATIENTS[0m
[34m2025-01-07 01:38:22,846 - DEBUG - ADD PATIENTS[0m
[34m2025-01-07 01:38:22,846 - DEBUG - ADD PATIENTS[0m
[34m2025-01-07 01:38:22,846 - DEBUG - ADD PATIENTS[0m
[34m2025-01-07 01:38:22,847 - DEBUG - ADD PATIENTS[0m
[34m2025-01-07 01:38:22,847 - DEBUG - ADD PATIENTS[0m
[34m2025-01-07 01:38:22,847 - DEBUG - ADD PATIENTS[0m
[34m2025-01-07 01:38:22,847 - DEBUG - ADD PATIENTS[0m
[34m2025-01-07 01:38:22,847 - DEBUG - ADD PATIENTS[0m
[34m2025-01-07 01:38:22,847 - DEBUG - ADD PATIENTS[0m
[34m2025-01-07 01:38:22,847 - DEBUG - ADD PATIENTS[0m
[34m2025-01-07 01:38:22,847 - DEBUG - ADD PATIENTS[0m
[34m2025-01-07 01:38:22,847 - DEBUG - ADD PATIENTS[0m
[34m2025-01-07 01:38:22,848 - DEBUG - ADD PATIENTS[0m
[34m2025-01-07 01:38:22,848 - DEBUG - ADD PATIENTS[0m
[34m2025-01-07 01:38:22,848 - DEBUG - ADD PATIENTS[0m
[34m2025-01-07 01:38:22,848 - DEBUG - ADD PATIENTS[0m
[34m2025-01-07 01:38:22,848 - DEBUG - ADD PATIENTS[0m
[34m2025-01-07 01:38:22,848 - DEBUG - ADD PATIENTS[0m
[34m2025-01-07 01:38:22,848 - DEBUG - ADD PATIENTS[0m
[34m2025-01-07 01:38:22,848 - DEBUG - Instance data:[0m
[34m2025-01-07 01:38:22,849 - DEBUG - Number of patients: 21[0m
[34m2025-01-07 01:38:22,849 - DEBUG - Number of beds: 36[0m
[34m2025-01-07 01:38:22,849 - DEBUG - Average number of treatments per patient: 32.38095238095238[0m
[34m2025-01-07 01:38:22,849 - DEBUG - Average number of treatment per stayed day: 2.3859649122807016[0m
[34m2025-01-07 01:38:22,849 - DEBUG - Number of treatments: 680[0m
[34m2025-01-07 01:38:22,850 - DEBUG - Number of resources: 10[0m
[34m2025-01-07 01:38:22,850 - DEBUG - Number of resource groups: 4[0m
[34m2025-01-07 01:38:22,850 - DEBUG - Number of resource hours needed per all treatment by RG(therapists): 19.704166666666676[0m
[34m2025-01-07 01:38:22,850 - DEBUG - Number of resource hours needed per all treatment by RG(rooms): 35.95416666666666[0m
[34m2025-01-07 01:38:22,850 - DEBUG - Number of resource hours needed per all treatment by RG(physiotherapist): 15.5[0m
[34m2025-01-07 01:38:22,850 - DEBUG - Number of resource hours needed per all treatment by RG(sport_room): 6.75[0m
[32m2025-01-07 01:38:22,850 - INFO - {'solver': 'MIPSolver3', 'args': {'break_symmetry': True, 'break_symmetry_strong': True, 'enforce_min_treatments_per_day': True, 'enforce_max_treatments_per_e_w': True, 'enforce_min_patients_per_treatment': True, 'log_to_console': True}}[0m
[34m2025-01-07 01:38:22,850 - DEBUG - Setting options: MIPSolver3[0m
[34m2025-01-07 01:38:22,850 - DEBUG -  ---- break_symmetry to True[0m
[34m2025-01-07 01:38:22,850 - DEBUG -  ---- break_symmetry_strong to True[0m
[34m2025-01-07 01:38:22,850 - DEBUG - Setting options: Solver[0m
[34m2025-01-07 01:38:22,850 - DEBUG -  ---- number_of_threads to 1 (default)[0m
[34m2025-01-07 01:38:22,850 - DEBUG -  ---- treatment_value to 0 (default)[0m
[34m2025-01-07 01:38:22,850 - DEBUG -  ---- delay_value to 1 (default)[0m
[34m2025-01-07 01:38:22,850 - DEBUG -  ---- missing_treatment_value to 4 (default)[0m
[34m2025-01-07 01:38:22,850 - DEBUG -  ---- enforce_min_treatments_per_day to True[0m
[34m2025-01-07 01:38:22,850 - DEBUG -  ---- enforce_max_treatments_per_e_w to True[0m
[34m2025-01-07 01:38:22,850 - DEBUG -  ---- enforce_min_patients_per_treatment to True[0m
[34m2025-01-07 01:38:22,850 - DEBUG -  ---- log_to_console to True[0m
[34m2025-01-07 01:38:22,850 - DEBUG -  ---- log_to_file to True (default)[0m
[32m2025-01-07 01:38:22,870 - INFO - Create model: MIPSolver3[0m
Set parameter TSPort to value 50039
Set parameter TokenServer to value "license.itc.rwth-aachen.de"
Set parameter Threads to value 1
Set parameter Cuts to value 0
[34m2025-01-07 01:38:37,135 - DEBUG - Variables created.[0m
[34m2025-01-07 01:38:38,552 - DEBUG - Constraint (p1) created.[0m
[34m2025-01-07 01:38:54,171 - DEBUG - Constraint (when_admitted) created.[0m
[34m2025-01-07 01:38:55,949 - DEBUG - Constraint (p3) created.[0m
[34m2025-01-07 01:38:55,950 - DEBUG - Constraint (r1) created.[0m
[34m2025-01-07 01:38:58,944 - DEBUG - Constraint (r2) created.[0m
[34m2025-01-07 01:39:01,659 - DEBUG - Constraint (r3) created.[0m
[34m2025-01-07 01:39:13,151 - DEBUG - Constraint (r4) created.[0m
[34m2025-01-07 01:39:13,222 - DEBUG - Constraint (r5) created.[0m
[34m2025-01-07 01:39:15,392 - DEBUG - Constraint (r6) created.[0m
[34m2025-01-07 01:39:15,394 - DEBUG - Constraint (r7) created.[0m
[34m2025-01-07 01:39:18,481 - DEBUG - Constraint (a4) created.[0m
[34m2025-01-07 01:39:19,539 - DEBUG - Constraint (a5) created.[0m
[34m2025-01-07 01:39:20,614 - DEBUG - Constraint (a5) created.[0m
[34m2025-01-07 01:39:21,081 - DEBUG - Constraint (strong symmetry) created.[0m
[34m2025-01-07 01:39:21,200 - DEBUG - Constraint (symmetry) created.[0m
[32m2025-01-07 01:39:56,658 - INFO - Time to create model: 93.788[0m
[32m2025-01-07 01:39:56,659 - INFO - Solving model: MIPSolver3[0m
Gurobi Optimizer version 10.0.0 build v10.0.0rc2 (linux64)

CPU model: Intel(R) Xeon(R) Platinum 8468, instruction set [SSE2|AVX|AVX2|AVX512]
Thread count: 96 physical cores, 96 logical processors, using up to 1 threads

Optimize a model with 2827601 rows, 2161508 columns and 22288469 nonzeros
Model fingerprint: 0x2ac04f02
Variable types: 2 continuous, 2161506 integer (2161506 binary)
Coefficient statistics:
  Matrix range     [1e+00, 1e+01]
  Objective range  [1e+00, 1e+01]
  Bounds range     [1e+00, 1e+00]
  RHS range        [1e+00, 3e+03]
Presolve removed 1096276 rows and 595980 columns (presolve time = 5s) ...
Presolve removed 1096276 rows and 595983 columns (presolve time = 10s) ...
Presolve removed 1096277 rows and 595986 columns (presolve time = 15s) ...
Presolve removed 1096277 rows and 595986 columns (presolve time = 20s) ...
Presolve removed 1099105 rows and 595986 columns (presolve time = 26s) ...
Presolve removed 1099105 rows and 595986 columns (presolve time = 30s) ...
Presolve removed 1346555 rows and 595986 columns (presolve time = 35s) ...
Presolve removed 1423887 rows and 595986 columns (presolve time = 40s) ...
Presolve removed 1423887 rows and 595986 columns (presolve time = 45s) ...
Presolve removed 1452711 rows and 595987 columns (presolve time = 50s) ...
Presolve removed 1452711 rows and 595987 columns (presolve time = 56s) ...
Presolve removed 1452711 rows and 595987 columns (presolve time = 60s) ...
Presolve removed 1453280 rows and 595987 columns (presolve time = 65s) ...
Presolve removed 1453280 rows and 595987 columns (presolve time = 70s) ...
Presolve removed 1453280 rows and 595987 columns (presolve time = 75s) ...
Presolve removed 1453280 rows and 595987 columns (presolve time = 80s) ...
Presolve removed 1453280 rows and 595987 columns (presolve time = 85s) ...
Presolve removed 1453280 rows and 595987 columns (presolve time = 90s) ...
Presolve removed 1453280 rows and 595987 columns (presolve time = 95s) ...
Presolve removed 1453280 rows and 595987 columns (presolve time = 100s) ...
Presolve removed 1453280 rows and 595987 columns (presolve time = 105s) ...
Presolve removed 1453280 rows and 595987 columns (presolve time = 110s) ...
Presolve removed 1453280 rows and 595987 columns (presolve time = 115s) ...
Presolve removed 1453280 rows and 595987 columns (presolve time = 120s) ...
Presolve removed 1453280 rows and 595987 columns (presolve time = 125s) ...
Presolve removed 1453280 rows and 595987 columns (presolve time = 130s) ...
Presolve removed 1453280 rows and 595987 columns (presolve time = 135s) ...
Presolve removed 1453280 rows and 595987 columns (presolve time = 140s) ...
Presolve removed 1453280 rows and 595987 columns (presolve time = 145s) ...
Presolve removed 1453280 rows and 595987 columns (presolve time = 150s) ...
Presolve removed 1453280 rows and 595987 columns (presolve time = 155s) ...
Presolve removed 1453280 rows and 595987 columns (presolve time = 160s) ...
Presolve removed 1453280 rows and 595987 columns (presolve time = 165s) ...
Presolve removed 1453280 rows and 595987 columns (presolve time = 170s) ...
Presolve removed 1453280 rows and 595987 columns (presolve time = 175s) ...
Presolve removed 1453280 rows and 595987 columns (presolve time = 180s) ...
Presolve removed 1453280 rows and 595987 columns (presolve time = 185s) ...
Presolve removed 1453280 rows and 595987 columns (presolve time = 190s) ...
Presolve removed 1453280 rows and 595987 columns (presolve time = 195s) ...
Presolve removed 1453280 rows and 595987 columns (presolve time = 200s) ...
Presolve removed 1453280 rows and 595987 columns (presolve time = 205s) ...
Presolve removed 1453280 rows and 595987 columns (presolve time = 210s) ...
Presolve removed 1453280 rows and 595987 columns (presolve time = 215s) ...
Presolve removed 1453280 rows and 595987 columns (presolve time = 220s) ...
Presolve removed 1453280 rows and 595987 columns (presolve time = 225s) ...
Presolve removed 1453280 rows and 595987 columns (presolve time = 230s) ...
Presolve removed 1453280 rows and 595987 columns (presolve time = 235s) ...
Presolve removed 1453280 rows and 595987 columns (presolve time = 240s) ...
Presolve removed 1453280 rows and 595987 columns (presolve time = 245s) ...
Presolve removed 1453280 rows and 595987 columns (presolve time = 250s) ...
Presolve removed 1453280 rows and 595987 columns (presolve time = 255s) ...
Presolve removed 1453280 rows and 595987 columns (presolve time = 260s) ...
Presolve removed 1453280 rows and 595987 columns (presolve time = 265s) ...
Presolve removed 1453280 rows and 595987 columns (presolve time = 270s) ...
Presolve removed 1453280 rows and 595987 columns (presolve time = 275s) ...
Presolve removed 1453280 rows and 595987 columns (presolve time = 280s) ...
Presolve removed 1453280 rows and 595987 columns (presolve time = 285s) ...
Presolve removed 1453280 rows and 595987 columns (presolve time = 290s) ...
Presolve removed 1453280 rows and 595987 columns (presolve time = 295s) ...
Presolve removed 1453280 rows and 595987 columns (presolve time = 300s) ...
Presolve removed 1453280 rows and 595987 columns (presolve time = 305s) ...
Presolve removed 1453280 rows and 595987 columns (presolve time = 310s) ...
Presolve removed 1453280 rows and 595987 columns (presolve time = 315s) ...
Presolve removed 1453280 rows and 595987 columns (presolve time = 320s) ...
Presolve removed 1453280 rows and 595987 columns (presolve time = 325s) ...
Presolve removed 1453280 rows and 595987 columns (presolve time = 330s) ...
Presolve removed 1453280 rows and 595987 columns (presolve time = 335s) ...
Presolve removed 1453280 rows and 595987 columns (presolve time = 340s) ...
Presolve removed 1453280 rows and 595987 columns (presolve time = 345s) ...
Presolve removed 1453280 rows and 595987 columns (presolve time = 350s) ...
Presolve removed 1453280 rows and 595987 columns (presolve time = 355s) ...
Presolve removed 1453280 rows and 595987 columns (presolve time = 360s) ...
Presolve removed 1453280 rows and 595987 columns (presolve time = 365s) ...
Presolve removed 1453280 rows and 595987 columns (presolve time = 370s) ...
Presolve removed 1453280 rows and 595987 columns (presolve time = 375s) ...
Presolve removed 1453280 rows and 595987 columns (presolve time = 380s) ...
Presolve removed 1453280 rows and 595987 columns (presolve time = 385s) ...
Presolve removed 1453280 rows and 595987 columns (presolve time = 390s) ...
Presolve removed 1453280 rows and 595987 columns (presolve time = 395s) ...
Presolve removed 1453280 rows and 595987 columns (presolve time = 400s) ...
Presolve removed 1453280 rows and 595987 columns (presolve time = 405s) ...
Presolve removed 1453280 rows and 595987 columns (presolve time = 410s) ...
Presolve removed 1453280 rows and 595987 columns (presolve time = 415s) ...
Presolve removed 1453280 rows and 595987 columns (presolve time = 420s) ...
Presolve removed 1453280 rows and 595987 columns (presolve time = 425s) ...
Presolve removed 1453280 rows and 595987 columns (presolve time = 430s) ...
Presolve removed 1453280 rows and 595987 columns (presolve time = 435s) ...
Presolve removed 1453280 rows and 595987 columns (presolve time = 440s) ...
Presolve removed 1453280 rows and 595987 columns (presolve time = 445s) ...
Presolve removed 1453280 rows and 595987 columns (presolve time = 450s) ...
Presolve removed 1453280 rows and 595987 columns (presolve time = 455s) ...
Presolve removed 1453280 rows and 595987 columns (presolve time = 460s) ...
Presolve removed 1453280 rows and 595987 columns (presolve time = 465s) ...
Presolve removed 1453280 rows and 595987 columns (presolve time = 470s) ...
Presolve removed 1453280 rows and 595987 columns (presolve time = 475s) ...
Presolve removed 1453280 rows and 595987 columns (presolve time = 480s) ...
Presolve removed 1453280 rows and 595987 columns (presolve time = 485s) ...
Presolve removed 1453280 rows and 595987 columns (presolve time = 490s) ...
Presolve removed 1453280 rows and 595987 columns (presolve time = 495s) ...
Presolve removed 1453280 rows and 595987 columns (presolve time = 500s) ...
Presolve removed 1453280 rows and 595987 columns (presolve time = 505s) ...
Presolve removed 1453280 rows and 595987 columns (presolve time = 510s) ...
Presolve removed 1453280 rows and 595987 columns (presolve time = 515s) ...
Presolve removed 1453280 rows and 595987 columns (presolve time = 520s) ...
Presolve removed 1453280 rows and 595987 columns (presolve time = 525s) ...
Presolve removed 1453280 rows and 595987 columns (presolve time = 530s) ...
Presolve removed 1453280 rows and 595987 columns (presolve time = 535s) ...
Presolve removed 1453280 rows and 595987 columns (presolve time = 540s) ...
Presolve removed 1453280 rows and 595987 columns (presolve time = 545s) ...
Presolve removed 1453280 rows and 595987 columns (presolve time = 550s) ...
Presolve removed 1453280 rows and 595987 columns (presolve time = 555s) ...
Presolve removed 1453280 rows and 595987 columns (presolve time = 560s) ...
Presolve removed 1453280 rows and 595987 columns (presolve time = 565s) ...
Presolve removed 1453280 rows and 595987 columns (presolve time = 570s) ...
Presolve removed 1453280 rows and 595987 columns (presolve time = 575s) ...
Presolve removed 1453280 rows and 595987 columns (presolve time = 580s) ...
Presolve removed 1453280 rows and 595987 columns (presolve time = 585s) ...
Presolve removed 1453280 rows and 595987 columns (presolve time = 590s) ...
Presolve removed 1453280 rows and 595987 columns (presolve time = 595s) ...
Presolve removed 1453280 rows and 595987 columns (presolve time = 600s) ...
Presolve removed 1453280 rows and 595987 columns (presolve time = 605s) ...
Presolve removed 1453280 rows and 595987 columns (presolve time = 610s) ...
Presolve removed 1453280 rows and 595987 columns (presolve time = 615s) ...
Presolve removed 1453280 rows and 595987 columns (presolve time = 620s) ...
Presolve removed 1453280 rows and 595987 columns (presolve time = 625s) ...
Presolve removed 1453280 rows and 595987 columns (presolve time = 630s) ...
Presolve removed 1453280 rows and 595987 columns (presolve time = 635s) ...
Presolve removed 1453280 rows and 595987 columns (presolve time = 640s) ...
Presolve removed 1453280 rows and 595987 columns (presolve time = 645s) ...
Presolve removed 1453280 rows and 595987 columns (presolve time = 650s) ...
Presolve removed 1453280 rows and 595987 columns (presolve time = 655s) ...
Presolve removed 1453280 rows and 595987 columns (presolve time = 660s) ...
Presolve removed 1453280 rows and 595987 columns (presolve time = 665s) ...
Presolve removed 1453280 rows and 595987 columns (presolve time = 670s) ...
Presolve removed 1453280 rows and 595987 columns (presolve time = 675s) ...
Presolve removed 1453280 rows and 595987 columns (presolve time = 680s) ...
Presolve removed 1453280 rows and 595987 columns (presolve time = 685s) ...
Presolve removed 1453280 rows and 595987 columns (presolve time = 690s) ...
Presolve removed 1453280 rows and 595987 columns (presolve time = 695s) ...
Presolve removed 1453280 rows and 595987 columns (presolve time = 700s) ...
Presolve removed 1453280 rows and 595987 columns (presolve time = 705s) ...
Presolve removed 1453280 rows and 595987 columns (presolve time = 710s) ...
Presolve removed 1453280 rows and 595987 columns (presolve time = 715s) ...
Presolve removed 1453280 rows and 595987 columns (presolve time = 720s) ...
Presolve removed 1453280 rows and 595987 columns (presolve time = 725s) ...
Presolve removed 1453280 rows and 595987 columns (presolve time = 730s) ...
Presolve removed 1453280 rows and 595987 columns (presolve time = 735s) ...
Presolve removed 1453280 rows and 595987 columns (presolve time = 740s) ...
Presolve removed 1453280 rows and 595987 columns (presolve time = 745s) ...
Presolve removed 1453280 rows and 595987 columns (presolve time = 750s) ...
Presolve removed 1453280 rows and 595987 columns (presolve time = 755s) ...
Presolve removed 1453280 rows and 595987 columns (presolve time = 760s) ...
Presolve removed 1453280 rows and 595987 columns (presolve time = 765s) ...
Presolve removed 1453280 rows and 595987 columns (presolve time = 770s) ...
Presolve removed 1453280 rows and 595987 columns (presolve time = 775s) ...
Presolve removed 1453280 rows and 595987 columns (presolve time = 780s) ...
Presolve removed 1453280 rows and 595987 columns (presolve time = 785s) ...
Presolve removed 1453280 rows and 595987 columns (presolve time = 790s) ...
Presolve removed 1453280 rows and 595987 columns (presolve time = 795s) ...
Presolve removed 1453280 rows and 595987 columns (presolve time = 800s) ...
Presolve removed 1453280 rows and 595987 columns (presolve time = 805s) ...
Presolve removed 1453280 rows and 595987 columns (presolve time = 810s) ...
Presolve removed 1453280 rows and 595987 columns (presolve time = 815s) ...
Presolve removed 1453280 rows and 595987 columns (presolve time = 820s) ...
Presolve removed 1453280 rows and 595987 columns (presolve time = 825s) ...
Presolve removed 1453280 rows and 595987 columns (presolve time = 830s) ...
Presolve removed 1453280 rows and 595987 columns (presolve time = 835s) ...
Presolve removed 1453280 rows and 595987 columns (presolve time = 840s) ...
Presolve removed 1453280 rows and 595987 columns (presolve time = 845s) ...
Presolve removed 1453280 rows and 595987 columns (presolve time = 850s) ...
Presolve removed 1453280 rows and 595987 columns (presolve time = 855s) ...
Presolve removed 1453280 rows and 595987 columns (presolve time = 860s) ...
Presolve removed 1453280 rows and 595987 columns (presolve time = 865s) ...
Presolve removed 1453280 rows and 595987 columns (presolve time = 870s) ...
Presolve removed 1453280 rows and 595987 columns (presolve time = 875s) ...
Presolve removed 1453280 rows and 595987 columns (presolve time = 880s) ...
Presolve removed 1453280 rows and 595987 columns (presolve time = 885s) ...
Presolve removed 1453280 rows and 595987 columns (presolve time = 890s) ...
Presolve removed 1453280 rows and 595987 columns (presolve time = 895s) ...
Presolve removed 1453280 rows and 595987 columns (presolve time = 900s) ...
Presolve removed 1453280 rows and 595987 columns (presolve time = 905s) ...
Presolve removed 1453280 rows and 595987 columns (presolve time = 910s) ...
Presolve removed 1453280 rows and 595987 columns (presolve time = 915s) ...
Presolve removed 1453280 rows and 595987 columns (presolve time = 920s) ...
Presolve removed 1453280 rows and 595987 columns (presolve time = 925s) ...
Presolve removed 1453280 rows and 595987 columns (presolve time = 930s) ...
Presolve removed 1453280 rows and 595987 columns (presolve time = 935s) ...
Presolve removed 1453280 rows and 595987 columns (presolve time = 940s) ...
Presolve removed 1453280 rows and 595987 columns (presolve time = 945s) ...
Presolve removed 1453280 rows and 595987 columns (presolve time = 950s) ...
Presolve removed 1453280 rows and 595987 columns (presolve time = 955s) ...
Presolve removed 1453280 rows and 595987 columns (presolve time = 960s) ...
Presolve removed 1453280 rows and 595987 columns (presolve time = 965s) ...
Presolve removed 1453280 rows and 595987 columns (presolve time = 970s) ...
Presolve removed 1453280 rows and 595987 columns (presolve time = 975s) ...
Presolve removed 1453280 rows and 595987 columns (presolve time = 980s) ...
Presolve removed 1453280 rows and 595987 columns (presolve time = 985s) ...
Presolve removed 1453280 rows and 595987 columns (presolve time = 990s) ...
Presolve removed 1453280 rows and 595987 columns (presolve time = 995s) ...
Presolve removed 1453280 rows and 595987 columns (presolve time = 1000s) ...
Presolve removed 1453280 rows and 595987 columns (presolve time = 1005s) ...
Presolve removed 1453280 rows and 595987 columns (presolve time = 1010s) ...
Presolve removed 1453280 rows and 595987 columns (presolve time = 1015s) ...
Presolve removed 1453280 rows and 595987 columns (presolve time = 1020s) ...
Presolve removed 1453280 rows and 595987 columns (presolve time = 1025s) ...
Presolve removed 1453280 rows and 595987 columns (presolve time = 1030s) ...
Presolve removed 1453280 rows and 595987 columns (presolve time = 1035s) ...
Presolve removed 1453280 rows and 595987 columns (presolve time = 1040s) ...
Presolve removed 1453280 rows and 610939 columns (presolve time = 1046s) ...
Presolve removed 1453280 rows and 610939 columns (presolve time = 1050s) ...
Presolve removed 1453288 rows and 610947 columns (presolve time = 1056s) ...
Presolve removed 1452713 rows and 610372 columns
Presolve time: 1057.09s
Presolved: 1374888 rows, 1551136 columns, 11959098 nonzeros
Variable types: 0 continuous, 1551136 integer (1551027 binary)

Root simplex log...

Iteration    Objective       Primal Inf.    Dual Inf.      Time
       0   -3.1880000e+03   6.783830e+05   0.000000e+00   1077s
   43529    6.6018215e+02   7.606241e+03   0.000000e+00   1081s
   54855    6.6018227e+02   5.127237e+03   0.000000e+00   1086s
   61145    6.6018230e+02   5.206183e+03   0.000000e+00   1090s
   66089    6.6818234e+02   3.962030e+04   0.000000e+00   1095s
   72680    6.6818238e+02   2.999418e+03   0.000000e+00   1101s
   77404    6.6818241e+02   9.792860e+03   0.000000e+00   1105s
   81603    6.6818246e+02   3.857752e+04   0.000000e+00   1111s
   83434    6.6818249e+02   2.306991e+04   0.000000e+00   1116s
   85582    6.6818251e+02   1.871829e+04   0.000000e+00   1121s
   89522    6.6818254e+02   1.173979e+04   0.000000e+00   1125s
   93375    6.6818258e+02   6.782791e+03   0.000000e+00   1131s
   97154    6.6818260e+02   5.099406e+03   0.000000e+00   1136s
  100720    6.6818262e+02   1.016669e+04   0.000000e+00   1140s
  105430    6.6818264e+02   7.502500e+03   0.000000e+00   1147s
  106082    6.6818264e+02   1.176441e+04   0.000000e+00   1151s
  107089    6.6818265e+02   6.299124e+03   0.000000e+00   1156s
  108084    6.6818265e+02   1.042979e+04   0.000000e+00   1161s
  110090    6.6818266e+02   7.284226e+03   0.000000e+00   1165s
  112200    6.6818267e+02   7.532277e+03   0.000000e+00   1170s
  113160    6.6818268e+02   5.886913e+04   0.000000e+00   1175s
  115420    6.6818269e+02   8.333986e+03   0.000000e+00   1181s
  116540    6.6818270e+02   4.479616e+03   0.000000e+00   1187s
  118176    6.6818271e+02   4.147283e+03   0.000000e+00   1191s
  119253    6.6818272e+02   2.732794e+04   0.000000e+00   1197s
  120993    6.6818273e+02   4.176397e+03   0.000000e+00   1203s
  121393    6.6818273e+02   3.208149e+03   0.000000e+00   1206s
  122483    6.6818274e+02   2.571488e+03   0.000000e+00   1212s
  125099    6.6818275e+02   6.775783e+03   0.000000e+00   1215s
  130321    6.6818277e+02   2.299173e+03   0.000000e+00   1221s
  132688    6.6818278e+02   1.380580e+03   0.000000e+00   1226s
  136882    6.6818279e+02   1.446515e+03   0.000000e+00   1230s
  141587    6.6818280e+02   5.369189e+03   0.000000e+00   1236s
  143982    6.6818281e+02   1.484294e+04   0.000000e+00   1241s
  146178    6.6818282e+02   5.802102e+03   0.000000e+00   1246s
  149452    6.6818282e+02   1.127384e+04   0.000000e+00   1251s
  151953    6.6818284e+02   5.340503e+03   0.000000e+00   1257s
  154138    6.6818286e+02   7.584914e+03   0.000000e+00   1262s
  155012    6.6818287e+02   3.205107e+03   0.000000e+00   1265s
  155886    6.6818288e+02   1.504503e+03   0.000000e+00   1270s
  157634    6.6818289e+02   7.002518e+03   0.000000e+00   1275s
  159819    6.6818291e+02   3.523273e+03   0.000000e+00   1282s
  160693    6.6818292e+02   4.543996e+03   0.000000e+00   1286s
  161380    6.6818292e+02   2.912451e+03   0.000000e+00   1292s
  162237    6.6818293e+02   1.276347e+03   0.000000e+00   1296s
  163548    6.6818294e+02   2.392006e+03   0.000000e+00   1300s
  165296    6.6818294e+02   3.788454e+03   0.000000e+00   1306s
  166170    6.6818295e+02   8.028978e+03   0.000000e+00   1312s
  166490    6.6818295e+02   7.080837e+03   0.000000e+00   1315s
  167120    6.6818295e+02   5.270712e+03   0.000000e+00   1322s
  167540    6.6818295e+02   1.872367e+04   0.000000e+00   1326s
  168177    6.6818296e+02   4.370637e+04   0.000000e+00   1332s
  168357    6.6818296e+02   6.237057e+03   0.000000e+00   1335s
  168717    6.6818296e+02   1.760577e+04   0.000000e+00   1341s
  169277    6.6818296e+02   1.609091e+03   0.000000e+00   1347s
  169714    6.6818296e+02   1.596418e+03   0.000000e+00   1350s
  170588    6.6818297e+02   1.685459e+03   0.000000e+00   1355s
  171899    6.6819256e+02   1.778445e+03   0.000000e+00   1363s
  172279    6.6819256e+02   1.855698e+03   0.000000e+00   1366s
  172929    6.6819256e+02   2.225179e+03   0.000000e+00   1373s
  173279    6.6819256e+02   1.982330e+03   0.000000e+00   1377s
  173709    6.6819256e+02   6.149078e+03   0.000000e+00   1381s
  174576    6.6819257e+02   2.989129e+03   0.000000e+00   1388s
  175013    6.6819257e+02   3.103193e+03   0.000000e+00   1391s
  175887    6.6819257e+02   1.733874e+04   0.000000e+00   1396s
  176627    6.6819257e+02   9.579156e+04   0.000000e+00   1403s
  177057    6.6819257e+02   5.773803e+03   0.000000e+00   1407s
  177931    6.6819257e+02   9.157421e+03   0.000000e+00   1411s
  178708    6.6819258e+02   1.941153e+04   0.000000e+00   1418s
  178938    6.6819258e+02   6.624053e+03   0.000000e+00   1421s
  179768    6.6819258e+02   3.758268e+03   0.000000e+00   1428s
  180088    6.6819258e+02   6.019027e+03   0.000000e+00   1431s
  180418    6.6819258e+02   7.504996e+03   0.000000e+00   1435s
  181215    6.6819259e+02   3.407523e+03   0.000000e+00   1442s
  181652    6.6819259e+02   3.781771e+03   0.000000e+00   1446s
  182526    6.6819259e+02   2.934683e+03   0.000000e+00   1453s
  182963    6.6819259e+02   2.005189e+03   0.000000e+00   1457s
  183243    6.6819259e+02   4.582899e+03   0.000000e+00   1460s
  183773    6.6819260e+02   3.126616e+03   0.000000e+00   1467s
  184093    6.6819260e+02   4.443924e+03   0.000000e+00   1471s
  184967    6.6819260e+02   1.019471e+03   0.000000e+00   1475s
  185841    6.6819260e+02   5.999697e+03   0.000000e+00   1482s
  186041    6.6819260e+02   5.207514e+03   0.000000e+00   1485s
  186491    6.6819260e+02   1.715974e+03   0.000000e+00   1492s
  186761    6.6819260e+02   1.254490e+04   0.000000e+00   1496s
  187618    6.6819261e+02   8.282233e+03   0.000000e+00   1503s
  187978    6.6819261e+02   4.192599e+03   0.000000e+00   1506s
  188378    6.6819261e+02   3.549970e+03   0.000000e+00   1512s
  188548    6.6819261e+02   8.842463e+03   0.000000e+00   1515s
  188848    6.6819261e+02   5.297638e+04   0.000000e+00   1521s
  189318    6.6819261e+02   3.009188e+03   0.000000e+00   1528s
  189498    6.6819261e+02   3.145208e+03   0.000000e+00   1531s
  189878    6.6819261e+02   3.645735e+03   0.000000e+00   1537s
  190258    6.6819261e+02   1.729818e+03   0.000000e+00   1543s
  190458    6.6819262e+02   1.114446e+03   0.000000e+00   1546s
  190828    6.6819262e+02   2.613547e+03   0.000000e+00   1553s
  190988    6.6819262e+02   2.376297e+03   0.000000e+00   1556s
  191488    6.6819262e+02   6.262531e+03   0.000000e+00   1563s
  191858    6.6819262e+02   1.910792e+03   0.000000e+00   1566s
  192298    6.6819262e+02   1.232483e+03   0.000000e+00   1573s
  192438    6.6819262e+02   1.018191e+03   0.000000e+00   1576s
  192918    6.6819262e+02   1.231952e+03   0.000000e+00   1583s
  193308    6.6819262e+02   1.811058e+03   0.000000e+00   1586s
  193608    6.6819262e+02   3.629349e+03   0.000000e+00   1590s
  194168    6.6819262e+02   1.220707e+04   0.000000e+00   1598s
  194338    6.6819262e+02   9.598551e+03   0.000000e+00   1601s
  194738    6.6819263e+02   5.810229e+03   0.000000e+00   1608s
  194928    6.6819263e+02   2.762117e+03   0.000000e+00   1611s
  195308    6.6819263e+02   3.558335e+03   0.000000e+00   1618s
  195468    6.6819263e+02   6.072940e+03   0.000000e+00   1621s
  195828    6.6819263e+02   1.588217e+03   0.000000e+00   1628s
  195988    6.6819263e+02   6.431766e+03   0.000000e+00   1631s
  196468    6.6819265e+02   1.314024e+03   0.000000e+00   1638s
  196728    6.6819266e+02   5.071000e+03   0.000000e+00   1641s
  197158    6.6819267e+02   3.431836e+03   0.000000e+00   1645s
  197788    6.6819268e+02   7.584697e+03   0.000000e+00   1652s
  197958    6.6819268e+02   4.930938e+03   0.000000e+00   1656s
  198418    6.6819270e+02   1.178728e+03   0.000000e+00   1663s
  198628    6.6819270e+02   1.192358e+03   0.000000e+00   1667s
  198908    6.6819270e+02   1.381532e+03   0.000000e+00   1670s
  199398    6.6819271e+02   9.872334e+02   0.000000e+00   1677s
  199588    6.6819271e+02   1.407162e+03   0.000000e+00   1680s
  199988    6.6819272e+02   2.252940e+03   0.000000e+00   1686s
  200448    6.6819273e+02   7.805170e+03   0.000000e+00   1691s
  200938    6.6819273e+02   1.001280e+04   0.000000e+00   1697s
  201438    6.6819274e+02   5.669483e+03   0.000000e+00   1702s
  202028    6.6819275e+02   9.755951e+02   0.000000e+00   1708s
  202218    6.6819275e+02   1.562809e+03   0.000000e+00   1711s
  202688    6.6819276e+02   5.770513e+03   0.000000e+00   1717s
  203268    6.6819276e+02   4.999626e+03   0.000000e+00   1723s
  203548    6.6819276e+02   9.487630e+04   0.000000e+00   1726s
  204078    6.6819277e+02   2.239357e+03   0.000000e+00   1732s
  204568    6.6819277e+02   6.638687e+03   0.000000e+00   1738s
  204838    6.6819278e+02   8.105311e+03   0.000000e+00   1740s
  205665    6.6819279e+02   1.469303e+03   0.000000e+00   1747s
  206539    6.6819280e+02   4.388773e+03   0.000000e+00   1752s
  206869    6.6819280e+02   3.334000e+03   0.000000e+00   1755s
  207549    6.6819281e+02   2.299002e+03   0.000000e+00   1761s
  208366    6.6819283e+02   1.075280e+03   0.000000e+00   1767s
  208926    6.6819283e+02   1.821104e+03   0.000000e+00   1773s
  209166    6.6819283e+02   1.838873e+03   0.000000e+00   1775s
  209686    6.6819283e+02   1.491386e+03   0.000000e+00   1781s
  210136    6.6819284e+02   1.387052e+03   0.000000e+00   1786s
  210596    6.6819284e+02   5.629525e+03   0.000000e+00   1792s
  211106    6.6819294e+02   1.106763e+04   0.000000e+00   1797s
  211526    6.6819294e+02   2.582771e+03   0.000000e+00   1803s
  211766    6.6819294e+02   8.338768e+03   0.000000e+00   1805s
  212186    6.6819295e+02   5.159474e+03   0.000000e+00   1811s
  212656    6.6819295e+02   2.276253e+03   0.000000e+00   1816s
  213326    6.6819295e+02   1.384834e+03   0.000000e+00   1822s
  213716    6.6819296e+02   4.597783e+03   0.000000e+00   1825s
  214176    6.6819296e+02   3.632002e+03   0.000000e+00   1831s
  214656    6.6819296e+02   7.914124e+04   0.000000e+00   1836s
  215036    6.6819297e+02   1.299574e+03   0.000000e+00   1841s
  215586    6.6819297e+02   1.020001e+04   0.000000e+00   1846s
  216076    6.6819297e+02   5.115490e+03   0.000000e+00   1851s
  216456    6.6819298e+02   3.026016e+04   0.000000e+00   1857s
  216826    6.6819298e+02   1.241674e+04   0.000000e+00   1862s
  217416    6.6819298e+02   8.205420e+03   0.000000e+00   1868s
  217786    6.6819299e+02   5.494656e+03   0.000000e+00   1871s
  218476    6.6819299e+02   3.470288e+03   0.000000e+00   1878s
  218776    6.6819300e+02   4.515485e+03   0.000000e+00   1881s
  219296    6.6819300e+02   6.281694e+03   0.000000e+00   1886s
  219766    6.6819300e+02   1.125097e+04   0.000000e+00   1892s
  220166    6.6819300e+02   3.954603e+03   0.000000e+00   1897s
  220536    6.6819301e+02   1.269809e+04   0.000000e+00   1902s
  220976    6.6819301e+02   2.268152e+03   0.000000e+00   1907s
  221456    6.6819302e+02   1.536337e+03   0.000000e+00   1911s
  222116    6.6819302e+02   1.130147e+03   0.000000e+00   1917s
  222656    6.6819302e+02   2.682687e+03   0.000000e+00   1922s
  222926    6.6819303e+02   9.263192e+02   0.000000e+00   1925s
  223426    6.6819303e+02   2.561849e+03   0.000000e+00   1931s
  223916    6.6819303e+02   2.341227e+03   0.000000e+00   1936s
  224646    6.6819304e+02   7.704886e+02   0.000000e+00   1942s
  224916    6.6819304e+02   3.787860e+04   0.000000e+00   1945s
  225416    6.6819304e+02   3.709200e+03   0.000000e+00   1951s
  225926    6.6819304e+02   7.145835e+03   0.000000e+00   1957s
  226366    6.6819304e+02   2.859180e+03   0.000000e+00   1962s
  226746    6.6819304e+02   7.623089e+04   0.000000e+00   1967s
  227116    6.6819305e+02   4.761188e+03   0.000000e+00   1972s
  227346    6.6819305e+02   1.370269e+03   0.000000e+00   1975s
  227806    6.6819305e+02   1.688922e+03   0.000000e+00   1981s
  228226    6.6819305e+02   2.003867e+03   0.000000e+00   1986s
  228636    6.6819305e+02   1.050560e+03   0.000000e+00   1992s
  229116    6.6819305e+02   2.011866e+03   0.000000e+00   1996s
  229496    6.6819306e+02   6.318666e+03   0.000000e+00   2002s
  229986    6.6819311e+02   2.237544e+03   0.000000e+00   2007s
  230426    6.6819311e+02   6.376622e+02   0.000000e+00   2012s
  230836    6.6819311e+02   1.368383e+03   0.000000e+00   2017s
  231186    6.6819311e+02   1.618401e+03   0.000000e+00   2022s
  231576    6.6819311e+02   1.097976e+03   0.000000e+00   2027s
  231946    6.6819311e+02   4.300901e+02   0.000000e+00   2032s
  232126    6.6819311e+02   2.568195e+03   0.000000e+00   2035s
  232516    6.6819311e+02   2.212253e+03   0.000000e+00   2040s
  232936    6.6819321e+02   2.016333e+03   0.000000e+00   2046s
  233356    6.6819326e+02   1.987604e+04   0.000000e+00   2051s
  233856    6.6819331e+02   1.590351e+03   0.000000e+00   2056s
  234276    6.6819332e+02   7.827065e+03   0.000000e+00   2062s
  234616    6.6819332e+02   1.249872e+03   0.000000e+00   2067s
  234966    6.6819332e+02   4.849406e+03   0.000000e+00   2072s
  235376    6.6819332e+02   4.221839e+03   0.000000e+00   2077s
  235796    6.6819332e+02   2.823358e+03   0.000000e+00   2082s
  236146    6.6819332e+02   2.182148e+03   0.000000e+00   2087s
  236456    6.6819338e+02   1.184496e+03   0.000000e+00   2092s
  236766    6.6819338e+02   1.520190e+03   0.000000e+00   2097s
  237036    6.6819338e+02   3.289210e+03   0.000000e+00   2102s
  237366    6.6819343e+02   1.202765e+04   0.000000e+00   2107s
  237686    6.6819343e+02   6.083700e+02   0.000000e+00   2111s
  237986    6.6819343e+02   1.099815e+03   0.000000e+00   2116s
  238286    6.6819343e+02   2.410143e+03   0.000000e+00   2121s
  238796    6.6819348e+02   4.365318e+03   0.000000e+00   2126s
  239226    6.6819354e+02   5.851026e+03   0.000000e+00   2131s
  239726    6.6819354e+02   2.120376e+03   0.000000e+00   2136s
  240306    6.6819359e+02   1.313273e+03   0.000000e+00   2141s
  240776    6.6819359e+02   4.378500e+03   0.000000e+00   2146s
  241136    6.6819360e+02   1.966062e+03   0.000000e+00   2151s
  241516    6.6819360e+02   3.711490e+03   0.000000e+00   2155s
  242006    6.6819360e+02   2.718424e+03   0.000000e+00   2162s
  242266    6.6819360e+02   4.832142e+02   0.000000e+00   2166s
  242536    6.6819360e+02   6.057918e+03   0.000000e+00   2171s
  242816    6.6819360e+02   3.121785e+03   0.000000e+00   2175s
  243226    6.6819365e+02   5.005515e+03   0.000000e+00   2182s
  243486    6.6819392e+02   6.880470e+02   0.000000e+00   2187s
  243776    6.6819398e+02   3.939298e+03   0.000000e+00   2191s
  244056    6.6819398e+02   1.878468e+04   0.000000e+00   2196s
  244326    6.6819398e+02   2.091367e+03   0.000000e+00   2201s
  244676    6.6819398e+02   2.979110e+03   0.000000e+00   2206s
  245006    6.6819404e+02   3.306102e+03   0.000000e+00   2210s
  245596    6.6819404e+02   4.971262e+03   0.000000e+00   2217s
  245916    6.6819404e+02   5.753505e+02   0.000000e+00   2222s
  246206    6.6819405e+02   1.734221e+03   0.000000e+00   2227s
  246446    6.6819405e+02   5.691542e+03   0.000000e+00   2231s
  246686    6.6819405e+02   3.182993e+03   0.000000e+00   2235s
  247136    6.6819405e+02   1.137630e+03   0.000000e+00   2242s
  247416    6.6819405e+02   1.144337e+03   0.000000e+00   2246s
  247726    6.6819405e+02   2.029378e+04   0.000000e+00   2251s
  248146    6.6819411e+02   1.261335e+03   0.000000e+00   2257s
  248446    6.6819411e+02   8.801841e+02   0.000000e+00   2261s
  248746    6.6819411e+02   3.340451e+03   0.000000e+00   2265s
  249256    6.6819411e+02   6.135249e+03   0.000000e+00   2272s
  249566    6.6819411e+02   1.717298e+03   0.000000e+00   2276s
  249886    6.6819411e+02   8.486082e+03   0.000000e+00   2281s
  250206    6.6819411e+02   9.195055e+02   0.000000e+00   2285s
  250656    6.6819411e+02   3.127468e+03   0.000000e+00   2292s
  250936    6.6819412e+02   3.046596e+03   0.000000e+00   2296s
  251216    6.6819412e+02   5.426194e+03   0.000000e+00   2301s
  251506    6.6819412e+02   2.661270e+02   0.000000e+00   2305s
  252076    6.6819429e+02   1.135677e+03   0.000000e+00   2312s
  252476    6.6819435e+02   9.657024e+02   0.000000e+00   2317s
  252916    6.6819479e+02   1.806044e+03   0.000000e+00   2322s
  253386    6.6819492e+02   2.824302e+03   0.000000e+00   2327s
  253786    6.6819492e+02   8.863337e+02   0.000000e+00   2332s
  254126    6.6819492e+02   5.127226e+03   0.000000e+00   2337s
  254546    6.6819492e+02   4.441479e+02   0.000000e+00   2342s
  254836    6.6819492e+02   6.753539e+02   0.000000e+00   2346s
  255156    6.6819492e+02   2.855546e+03   0.000000e+00   2351s
  255426    6.6819492e+02   1.245738e+03   0.000000e+00   2355s
  255916    6.6819533e+02   1.063823e+03   0.000000e+00   2362s
  256286    6.6819559e+02   4.767937e+02   0.000000e+00   2367s
  256536    6.6819559e+02   1.458537e+03   0.000000e+00   2372s
  256866    6.6819582e+02   4.512186e+02   0.000000e+00   2377s
  257126    6.6819582e+02   1.103084e+04   0.000000e+00   2382s
  257286    6.6819582e+02   1.123381e+03   0.000000e+00   2385s
  257596    6.6819582e+02   1.037619e+03   0.000000e+00   2390s
  257906    6.6819582e+02   2.317158e+03   0.000000e+00   2396s
  258176    6.6819582e+02   1.723504e+03   0.000000e+00   2401s
  258466    6.6819582e+02   7.847838e+02   0.000000e+00   2406s
  258756    6.6819582e+02   5.320870e+03   0.000000e+00   2412s
  259026    6.6819582e+02   1.526633e+03   0.000000e+00   2418s
  259166    6.6819582e+02   5.038382e+02   0.000000e+00   2420s
  259456    6.6819582e+02   6.711465e+03   0.000000e+00   2426s
  259756    6.6819582e+02   5.089910e+02   0.000000e+00   2431s
  260056    6.6819582e+02   9.206879e+02   0.000000e+00   2436s
  260326    6.6819582e+02   1.281559e+03   0.000000e+00   2441s
  260576    6.6819582e+02   1.443933e+03   0.000000e+00   2446s
  260876    6.6819583e+02   8.495391e+02   0.000000e+00   2451s
  261186    6.6819583e+02   1.625605e+03   0.000000e+00   2456s
  261456    6.6819583e+02   8.892328e+02   0.000000e+00   2460s
  261766    6.6819583e+02   4.199045e+03   0.000000e+00   2465s
  262236    6.6819583e+02   5.108325e+02   0.000000e+00   2473s
  262536    6.6819583e+02   7.274892e+02   0.000000e+00   2477s
  262906    6.6819583e+02   7.671463e+03   0.000000e+00   2482s
  263176    6.6819583e+02   8.047863e+02   0.000000e+00   2487s
  263436    6.6819583e+02   1.652953e+03   0.000000e+00   2492s
  263746    6.6819583e+02   3.503859e+02   0.000000e+00   2497s
  264276    6.6819583e+02   7.532389e+03   0.000000e+00   2502s
  264586    6.6819583e+02   3.791262e+03   0.000000e+00   2507s
  264966    6.6819584e+02   4.257119e+03   0.000000e+00   2512s
  265246    6.6819584e+02   2.302635e+03   0.000000e+00   2517s
  265566    6.6819584e+02   1.308688e+03   0.000000e+00   2522s
  265846    6.6819584e+02   4.726204e+03   0.000000e+00   2526s
  266116    6.6819584e+02   2.177858e+03   0.000000e+00   2531s
  266366    6.6819584e+02   1.278488e+03   0.000000e+00   2536s
  266596    6.6819584e+02   3.087097e+02   0.000000e+00   2540s
  266876    6.6819584e+02   7.667737e+02   0.000000e+00   2545s
  267196    6.6819584e+02   8.158819e+02   0.000000e+00   2550s
  267516    6.6819584e+02   7.771000e+02   0.000000e+00   2555s
  268026    6.6819584e+02   6.158024e+02   0.000000e+00   2563s
  268176    6.6819584e+02   1.123584e+03   0.000000e+00   2565s
  268516    6.6819584e+02   2.603272e+03   0.000000e+00   2571s
  268826    6.6819584e+02   1.098443e+03   0.000000e+00   2576s
  269106    6.6819584e+02   9.788288e+02   0.000000e+00   2581s
  269406    6.6819586e+02   4.538358e+03   0.000000e+00   2586s
  269716    6.6819588e+02   2.836256e+03   0.000000e+00   2592s
  270046    6.6819589e+02   2.025716e+03   0.000000e+00   2596s
  270356    6.6819589e+02   1.200488e+03   0.000000e+00   2601s
  270676    6.6819590e+02   2.017496e+03   0.000000e+00   2606s
  270986    6.6819591e+02   3.107086e+03   0.000000e+00   2610s
  271336    6.6819592e+02   1.616371e+03   0.000000e+00   2615s
  271656    6.6819592e+02   7.503713e+02   0.000000e+00   2620s
  272146    6.6819593e+02   6.041966e+03   0.000000e+00   2627s
  272466    6.6819593e+02   1.746049e+03   0.000000e+00   2632s
  272796    6.6819594e+02   6.062166e+02   0.000000e+00   2637s
  273096    6.6819594e+02   3.853422e+03   0.000000e+00   2642s
  273386    6.6819595e+02   5.141826e+02   0.000000e+00   2646s
  273686    6.6819595e+02   4.932125e+02   0.000000e+00   2651s
  274016    6.6819595e+02   4.811248e+03   0.000000e+00   2655s
  274476    6.6819596e+02   1.257925e+03   0.000000e+00   2662s
  274776    6.6819596e+02   6.462079e+03   0.000000e+00   2667s
  275076    6.6819597e+02   7.049076e+02   0.000000e+00   2672s
  275346    6.6819597e+02   9.389943e+02   0.000000e+00   2677s
  275626    6.6819597e+02   1.209720e+03   0.000000e+00   2682s
  275896    6.6819597e+02   1.563220e+03   0.000000e+00   2686s
  276196    6.6819598e+02   2.884880e+03   0.000000e+00   2691s
  276496    6.6819598e+02   3.610168e+02   0.000000e+00   2696s
  276816    6.6819598e+02   8.247687e+02   0.000000e+00   2700s
  277266    6.6819598e+02   3.485576e+02   0.000000e+00   2707s
  277536    6.6819599e+02   6.780304e+02   0.000000e+00   2711s
  277826    6.6819599e+02   3.501213e+02   0.000000e+00   2715s
  278266    6.6819599e+02   1.044638e+03   0.000000e+00   2722s
  278556    6.6819599e+02   4.260203e+03   0.000000e+00   2727s
  278836    6.6819600e+02   1.026048e+03   0.000000e+00   2731s
  279126    6.6819600e+02   1.276748e+03   0.000000e+00   2736s
  279416    6.6819600e+02   4.073129e+03   0.000000e+00   2741s
  279696    6.6819600e+02   6.248160e+02   0.000000e+00   2745s
  280136    6.6819601e+02   2.027315e+03   0.000000e+00   2752s
  280406    6.6819601e+02   1.792280e+02   0.000000e+00   2756s
  280696    6.6819601e+02   6.938901e+02   0.000000e+00   2761s
  281006    6.6819601e+02   1.434051e+03   0.000000e+00   2766s
  281296    6.6819602e+02   6.657388e+02   0.000000e+00   2770s
  281706    6.6819602e+02   1.575522e+03   0.000000e+00   2777s
  282036    6.6819602e+02   1.368057e+03   0.000000e+00   2782s
  282306    6.6819602e+02   1.903221e+03   0.000000e+00   2787s
  282596    6.6819602e+02   3.193239e+03   0.000000e+00   2792s
  282896    6.6819603e+02   3.955207e+02   0.000000e+00   2797s
  283186    6.6819603e+02   2.581220e+02   0.000000e+00   2802s
  283476    6.6819603e+02   1.135820e+03   0.000000e+00   2807s
  283756    6.6819603e+02   3.987496e+03   0.000000e+00   2811s
  284066    6.6819603e+02   5.764151e+02   0.000000e+00   2816s
  284356    6.6819603e+02   1.173477e+03   0.000000e+00   2821s
  284636    6.6819604e+02   1.051889e+03   0.000000e+00   2826s
  284876    6.6819604e+02   5.832046e+02   0.000000e+00   2830s
  285246    6.6819604e+02   7.319512e+02   0.000000e+00   2837s
  285496    6.6819604e+02   2.145072e+03   0.000000e+00   2841s
  285766    6.6819604e+02   2.477579e+03   0.000000e+00   2846s
  286016    6.6819604e+02   1.248746e+03   0.000000e+00   2851s
  286386    6.6819604e+02   3.224702e+02   0.000000e+00   2857s
  286626    6.6819604e+02   2.479835e+03   0.000000e+00   2862s
  286866    6.6819605e+02   1.812739e+04   0.000000e+00   2866s
  287106    6.6819605e+02   3.375284e+02   0.000000e+00   2871s
  287366    6.6819605e+02   3.887046e+03   0.000000e+00   2876s
  287616    6.6819605e+02   7.970780e+02   0.000000e+00   2881s
  287866    6.6819605e+02   2.680311e+02   0.000000e+00   2886s
  288086    6.6819605e+02   3.279581e+03   0.000000e+00   2891s
  288326    6.6819605e+02   2.833110e+03   0.000000e+00   2896s
  288566    6.6819605e+02   3.236975e+02   0.000000e+00   2901s
  288806    6.6819606e+02   1.933660e+03   0.000000e+00   2906s
  289036    6.6819606e+02   1.068133e+03   0.000000e+00   2911s
  289286    6.6819606e+02   3.877778e+02   0.000000e+00   2916s
  289546    6.6819606e+02   2.133083e+03   0.000000e+00   2921s
  289786    6.6819606e+02   1.677686e+02   0.000000e+00   2926s
  290046    6.6819606e+02   1.343422e+03   0.000000e+00   2931s
  290296    6.6819606e+02   9.244238e+02   0.000000e+00   2936s
  290546    6.6819606e+02   1.953076e+03   0.000000e+00   2941s
  290786    6.6819606e+02   3.391597e+02   0.000000e+00   2945s
  291176    6.6819607e+02   5.334338e+03   0.000000e+00   2952s
  291426    6.6819607e+02   3.347962e+02   0.000000e+00   2957s
  291686    6.6819607e+02   1.299340e+03   0.000000e+00   2961s
  291946    6.6819607e+02   9.267998e+02   0.000000e+00   2966s
  292176    6.6819607e+02   3.024433e+02   0.000000e+00   2971s
  292416    6.6819607e+02   1.200727e+03   0.000000e+00   2975s
  292776    6.6819607e+02   1.808919e+03   0.000000e+00   2982s
  293036    6.6819607e+02   4.389176e+02   0.000000e+00   2987s
  293266    6.6819607e+02   1.120930e+03   0.000000e+00   2991s
  293486    6.6819607e+02   3.925184e+02   0.000000e+00   2996s
  293736    6.6819608e+02   4.944767e+02   0.000000e+00   3000s
  293956    6.6819608e+02   9.946402e+02   0.000000e+00   3005s
  294296    6.6819608e+02   2.247292e+03   0.000000e+00   3012s
  294506    6.6819608e+02   7.079108e+02   0.000000e+00   3016s
  294736    6.6819608e+02   5.855745e+02   0.000000e+00   3021s
  294976    6.6819608e+02   7.789131e+02   0.000000e+00   3025s
  295216    6.6819608e+02   1.028946e+03   0.000000e+00   3030s
  295576    6.6819608e+02   2.910349e+02   0.000000e+00   3037s
  295846    6.6819608e+02   1.643546e+03   0.000000e+00   3042s
  296106    6.6819608e+02   8.817571e+02   0.000000e+00   3047s
  296376    6.6819609e+02   2.600266e+04   0.000000e+00   3052s
  296636    6.6819609e+02   2.766972e+02   0.000000e+00   3057s
  296886    6.6819609e+02   1.118029e+03   0.000000e+00   3061s
  297156    6.6819609e+02   1.102785e+03   0.000000e+00   3067s
  297436    6.6819609e+02   6.009098e+02   0.000000e+00   3072s
  297696    6.6819609e+02   7.728403e+02   0.000000e+00   3076s
  297946    6.6819609e+02   5.421460e+02   0.000000e+00   3081s
  298206    6.6819609e+02   3.090895e+03   0.000000e+00   3085s
  298576    6.6819609e+02   3.557250e+02   0.000000e+00   3093s
  298826    6.6819609e+02   7.126734e+02   0.000000e+00   3097s
  299076    6.6819609e+02   9.430371e+02   0.000000e+00   3102s
  299306    6.6819609e+02   3.073904e+02   0.000000e+00   3107s
  299536    6.6819609e+02   3.397408e+03   0.000000e+00   3111s
  299776    6.6819610e+02   8.950850e+02   0.000000e+00   3116s
  300006    6.6819610e+02   1.480853e+02   0.000000e+00   3120s
  300336    6.6819610e+02   3.241880e+02   0.000000e+00   3127s
  300556    6.6819610e+02   3.671982e+03   0.000000e+00   3132s
  300776    6.6819610e+02   7.580032e+02   0.000000e+00   3136s
  300996    6.6819610e+02   2.665493e+02   0.000000e+00   3141s
  301216    6.6819610e+02   1.924269e+02   0.000000e+00   3146s
  301456    6.6819610e+02   3.617922e+02   0.000000e+00   3150s
  301776    6.6819610e+02   6.324257e+02   0.000000e+00   3157s
  302006    6.6819610e+02   9.207920e+02   0.000000e+00   3162s
  302236    6.6819610e+02   3.003217e+02   0.000000e+00   3167s
  302466    6.6819610e+02   3.302337e+02   0.000000e+00   3171s
  302666    6.6819610e+02   1.088271e+03   0.000000e+00   3176s
  302886    6.6819610e+02   5.414123e+02   0.000000e+00   3181s
  303116    6.6819610e+02   6.540911e+02   0.000000e+00   3186s
  303336    6.6819610e+02   9.066030e+02   0.000000e+00   3190s
  303556    6.6819611e+02   7.767268e+03   0.000000e+00   3195s
  303876    6.6819611e+02   1.026610e+02   0.000000e+00   3202s
  304086    6.6819611e+02   1.256867e+03   0.000000e+00   3207s
  304296    6.6819611e+02   5.669876e+02   0.000000e+00   3212s
  304506    6.6819611e+02   9.419719e+03   0.000000e+00   3216s
  304726    6.6819611e+02   3.055312e+03   0.000000e+00   3221s
  304926    6.6819611e+02   1.412083e+04   0.000000e+00   3225s
  305146    6.6819611e+02   8.498799e+02   0.000000e+00   3230s
  305446    6.6819611e+02   4.690560e+02   0.000000e+00   3237s
  305666    6.6819611e+02   6.278988e+02   0.000000e+00   3242s
  305796    6.6819611e+02   3.420609e+02   0.000000e+00   3245s
  306066    6.6819611e+02   2.744507e+02   0.000000e+00   3250s
  306306    6.6819611e+02   7.601410e+02   0.000000e+00   3256s
  306536    6.6819611e+02   2.664504e+03   0.000000e+00   3261s
  306756    6.6819611e+02   1.714410e+02   0.000000e+00   3266s
  306956    6.6819611e+02   1.027688e+02   0.000000e+00   3271s
  307166    6.6819611e+02   5.991891e+02   0.000000e+00   3276s
  307366    6.6819611e+02   6.038219e+02   0.000000e+00   3281s
  307556    6.6819611e+02   5.951231e+03   0.000000e+00   3286s
  307756    6.6819611e+02   3.618761e+02   0.000000e+00   3292s
  307966    6.6819611e+02   3.676740e+02   0.000000e+00   3297s
  308186    6.6819612e+02   4.676303e+02   0.000000e+00   3302s
  308396    6.6819612e+02   8.213965e+01   0.000000e+00   3307s
  308586    6.6819612e+02   3.042293e+03   0.000000e+00   3311s
  308796    6.6819612e+02   2.344273e+02   0.000000e+00   3316s
  308996    6.6819612e+02   1.205283e+02   0.000000e+00   3321s
  309206    6.6819612e+02   1.759752e+03   0.000000e+00   3326s
  309416    6.6819612e+02   2.148820e+02   0.000000e+00   3331s
  309616    6.6819612e+02   2.128385e+02   0.000000e+00   3336s
  309826    6.6819612e+02   2.575339e+02   0.000000e+00   3341s
  310016    6.6819612e+02   2.776618e+02   0.000000e+00   3345s
  310296    6.6819612e+02   1.121565e+02   0.000000e+00   3352s
  310586    6.6819612e+02   1.437275e+03   0.000000e+00   3359s
  310686    6.6819612e+02   3.677999e+02   0.000000e+00   3361s
  310886    6.6819612e+02   2.072929e+02   0.000000e+00   3366s
  311086    6.6819612e+02   2.539898e+02   0.000000e+00   3371s
  311366    6.6819612e+02   6.787017e+02   0.000000e+00   3378s
  311466    6.6819612e+02   4.005372e+02   0.000000e+00   3380s
  311666    6.6819612e+02   4.530508e+02   0.000000e+00   3385s
  312056    6.6819612e+02   1.092952e+03   0.000000e+00   3395s
  312156    6.6819612e+02   3.501652e+02   0.000000e+00   3397s
  312346    6.6819612e+02   2.328202e+02   0.000000e+00   3402s
  312536    6.6819612e+02   2.203328e+02   0.000000e+00   3406s
  312736    6.6819612e+02   1.041487e+03   0.000000e+00   3411s
  312936    6.6819612e+02   5.374707e+02   0.000000e+00   3416s
  313116    6.6819612e+02   3.806806e+02   0.000000e+00   3420s
  313326    6.6819612e+02   1.264411e+03   0.000000e+00   3425s
  313626    6.6819612e+02   1.747900e+02   0.000000e+00   3432s
  313826    6.6819612e+02   3.599405e+02   0.000000e+00   3437s
  314026    6.6819612e+02   9.647492e+01   0.000000e+00   3442s
  314206    6.6819612e+02   6.472169e+01   0.000000e+00   3446s
  314386    6.6819613e+02   9.359851e+02   0.000000e+00   3451s
  314566    6.6819613e+02   1.437166e+02   0.000000e+00   3456s
  314746    6.6819613e+02   1.072134e+03   0.000000e+00   3460s
  314936    6.6819613e+02   9.972755e+01   0.000000e+00   3465s
  315226    6.6819613e+02   1.216624e+03   0.000000e+00   3472s
  315506    6.6819613e+02   2.592399e+03   0.000000e+00   3479s
  315686    6.6819613e+02   2.788516e+02   0.000000e+00   3483s
  315866    6.6819613e+02   3.918975e+02   0.000000e+00   3488s
  316046    6.6819613e+02   4.132247e+02   0.000000e+00   3493s
  316226    6.6819613e+02   1.792114e+02   0.000000e+00   3498s
  316406    6.6819613e+02   7.891562e+01   0.000000e+00   3503s
  316586    6.6819613e+02   5.191612e+02   0.000000e+00   3507s
  316766    6.6819613e+02   9.652980e+02   0.000000e+00   3512s
