1.NAME: MIPSolver3
2.PARAMS: {'break_symmetry': True, 'break_symmetry_strong': False}
3.INSTANCE: /home/wx350715/Kobra/rehabiliation-admission-scheduling/data/comp_study_002/instance_1_less_prescriptions_30.txt
4.REPETITION: 1
Current directory: /home/wx350715/Kobra/rehabiliation-admission-scheduling
[34m2025-01-07 03:31:23,910 - DEBUG - Solver: <class 'src.solvers.mip3.MIPSolver3'>[0m
[34m2025-01-07 03:31:23,910 - DEBUG - Args: {'break_symmetry': True, 'break_symmetry_strong': False}[0m
[34m2025-01-07 03:31:23,910 - DEBUG - File path /home/wx350715/Kobra/rehabiliation-admission-scheduling/data/comp_study_002/instance_1_less_prescriptions_30.txt[0m
[34m2025-01-07 03:31:23,925 - DEBUG - ADD INSTANCE DATA[0m
[34m2025-01-07 03:31:23,925 - DEBUG - ADD INSTANCE DATA[0m
[34m2025-01-07 03:31:23,925 - DEBUG - ADD INSTANCE DATA[0m
[34m2025-01-07 03:31:23,925 - DEBUG - ADD INSTANCE DATA[0m
[34m2025-01-07 03:31:23,925 - DEBUG - ADD INSTANCE DATA[0m
[34m2025-01-07 03:31:23,925 - DEBUG - ADD INSTANCE DATA[0m
[34m2025-01-07 03:31:23,925 - DEBUG - ADD INSTANCE DATA[0m
[34m2025-01-07 03:31:23,925 - DEBUG - ADD INSTANCE DATA[0m
[34m2025-01-07 03:31:23,925 - DEBUG - ADD INSTANCE DATA[0m
[34m2025-01-07 03:31:23,925 - DEBUG - ADD INSTANCE DATA[0m
[34m2025-01-07 03:31:23,925 - DEBUG - ADD INSTANCE DATA[0m
[34m2025-01-07 03:31:23,926 - DEBUG - ADD RESOURCE_GROUPS[0m
[34m2025-01-07 03:31:23,926 - DEBUG - ADD RESOURCE_GROUPS[0m
[34m2025-01-07 03:31:23,926 - DEBUG - ADD RESOURCE_GROUPS[0m
[34m2025-01-07 03:31:23,926 - DEBUG - ADD RESOURCE_GROUPS[0m
[34m2025-01-07 03:31:23,926 - DEBUG - ADD RESOURCES[0m
[34m2025-01-07 03:31:23,926 - DEBUG - ADD RESOURCES[0m
[34m2025-01-07 03:31:23,926 - DEBUG - ADD RESOURCES[0m
[34m2025-01-07 03:31:23,926 - DEBUG - ADD RESOURCES[0m
[34m2025-01-07 03:31:23,926 - DEBUG - ADD RESOURCES[0m
[34m2025-01-07 03:31:23,926 - DEBUG - ADD RESOURCES[0m
[34m2025-01-07 03:31:23,926 - DEBUG - ADD RESOURCES[0m
[34m2025-01-07 03:31:23,926 - DEBUG - ADD RESOURCES[0m
[34m2025-01-07 03:31:23,926 - DEBUG - ADD RESOURCES[0m
[34m2025-01-07 03:31:23,927 - DEBUG - ADD TREATMENTS[0m
[34m2025-01-07 03:31:23,927 - DEBUG - ADD TREATMENTS[0m
[34m2025-01-07 03:31:23,927 - DEBUG - ADD TREATMENTS[0m
[34m2025-01-07 03:31:23,927 - DEBUG - ADD TREATMENTS[0m
[34m2025-01-07 03:31:23,927 - DEBUG - ADD TREATMENTS[0m
[34m2025-01-07 03:31:23,927 - DEBUG - ADD TREATMENTS[0m
[34m2025-01-07 03:31:23,927 - DEBUG - ADD TREATMENTS[0m
[34m2025-01-07 03:31:23,927 - DEBUG - ADD TREATMENTS[0m
[34m2025-01-07 03:31:23,927 - DEBUG - ADD PATIENTS[0m
[34m2025-01-07 03:31:23,928 - DEBUG - ADD PATIENTS[0m
[34m2025-01-07 03:31:23,928 - DEBUG - ADD PATIENTS[0m
[34m2025-01-07 03:31:23,928 - DEBUG - ADD PATIENTS[0m
[34m2025-01-07 03:31:23,928 - DEBUG - ADD PATIENTS[0m
[34m2025-01-07 03:31:23,928 - DEBUG - ADD PATIENTS[0m
[34m2025-01-07 03:31:23,928 - DEBUG - ADD PATIENTS[0m
[34m2025-01-07 03:31:23,928 - DEBUG - ADD PATIENTS[0m
[34m2025-01-07 03:31:23,928 - DEBUG - ADD PATIENTS[0m
[34m2025-01-07 03:31:23,928 - DEBUG - ADD PATIENTS[0m
[34m2025-01-07 03:31:23,928 - DEBUG - ADD PATIENTS[0m
[34m2025-01-07 03:31:23,929 - DEBUG - ADD PATIENTS[0m
[34m2025-01-07 03:31:23,929 - DEBUG - ADD PATIENTS[0m
[34m2025-01-07 03:31:23,929 - DEBUG - ADD PATIENTS[0m
[34m2025-01-07 03:31:23,929 - DEBUG - ADD PATIENTS[0m
[34m2025-01-07 03:31:23,929 - DEBUG - ADD PATIENTS[0m
[34m2025-01-07 03:31:23,929 - DEBUG - ADD PATIENTS[0m
[34m2025-01-07 03:31:23,929 - DEBUG - ADD PATIENTS[0m
[34m2025-01-07 03:31:23,929 - DEBUG - ADD PATIENTS[0m
[34m2025-01-07 03:31:23,929 - DEBUG - ADD PATIENTS[0m
[34m2025-01-07 03:31:23,930 - DEBUG - Instance data:[0m
[34m2025-01-07 03:31:23,930 - DEBUG - Number of patients: 20[0m
[34m2025-01-07 03:31:23,930 - DEBUG - Number of beds: 40[0m
[34m2025-01-07 03:31:23,930 - DEBUG - Average number of treatments per patient: 22.05[0m
[34m2025-01-07 03:31:23,930 - DEBUG - Average number of treatment per stayed day: 1.5806451612903225[0m
[34m2025-01-07 03:31:23,931 - DEBUG - Number of treatments: 441[0m
[34m2025-01-07 03:31:23,931 - DEBUG - Number of resources: 9[0m
[34m2025-01-07 03:31:23,931 - DEBUG - Number of resource groups: 4[0m
[34m2025-01-07 03:31:23,932 - DEBUG - Number of resource hours needed per all treatment by RG(therapists): 19.395833333333332[0m
[34m2025-01-07 03:31:23,932 - DEBUG - Number of resource hours needed per all treatment by RG(rooms): 35.60833333333331[0m
[34m2025-01-07 03:31:23,932 - DEBUG - Number of resource hours needed per all treatment by RG(physiotherapist): 12.25[0m
[34m2025-01-07 03:31:23,932 - DEBUG - Number of resource hours needed per all treatment by RG(sport_room): 8.6875[0m
[32m2025-01-07 03:31:23,932 - INFO - {'solver': 'MIPSolver3', 'args': {'break_symmetry': True, 'break_symmetry_strong': True, 'enforce_min_treatments_per_day': True, 'enforce_max_treatments_per_e_w': True, 'enforce_min_patients_per_treatment': True, 'log_to_console': True}}[0m
[34m2025-01-07 03:31:23,932 - DEBUG - Setting options: MIPSolver3[0m
[34m2025-01-07 03:31:23,932 - DEBUG -  ---- break_symmetry to True[0m
[34m2025-01-07 03:31:23,932 - DEBUG -  ---- break_symmetry_strong to True[0m
[34m2025-01-07 03:31:23,932 - DEBUG - Setting options: Solver[0m
[34m2025-01-07 03:31:23,932 - DEBUG -  ---- number_of_threads to 1 (default)[0m
[34m2025-01-07 03:31:23,932 - DEBUG -  ---- treatment_value to 0 (default)[0m
[34m2025-01-07 03:31:23,932 - DEBUG -  ---- delay_value to 1 (default)[0m
[34m2025-01-07 03:31:23,932 - DEBUG -  ---- missing_treatment_value to 4 (default)[0m
[34m2025-01-07 03:31:23,932 - DEBUG -  ---- enforce_min_treatments_per_day to True[0m
[34m2025-01-07 03:31:23,932 - DEBUG -  ---- enforce_max_treatments_per_e_w to True[0m
[34m2025-01-07 03:31:23,932 - DEBUG -  ---- enforce_min_patients_per_treatment to True[0m
[34m2025-01-07 03:31:23,932 - DEBUG -  ---- log_to_console to True[0m
[34m2025-01-07 03:31:23,932 - DEBUG -  ---- log_to_file to True (default)[0m
[32m2025-01-07 03:31:23,947 - INFO - Create model: MIPSolver3[0m
Set parameter TSPort to value 50039
Set parameter TokenServer to value "license.itc.rwth-aachen.de"
Set parameter Threads to value 1
Set parameter Cuts to value 0
[34m2025-01-07 03:31:31,660 - DEBUG - Variables created.[0m
[34m2025-01-07 03:31:32,418 - DEBUG - Constraint (p1) created.[0m
[34m2025-01-07 03:31:43,933 - DEBUG - Constraint (when_admitted) created.[0m
[34m2025-01-07 03:31:45,010 - DEBUG - Constraint (p3) created.[0m
[34m2025-01-07 03:31:45,012 - DEBUG - Constraint (r1) created.[0m
[34m2025-01-07 03:31:46,460 - DEBUG - Constraint (r2) created.[0m
[34m2025-01-07 03:31:47,978 - DEBUG - Constraint (r3) created.[0m
[34m2025-01-07 03:31:55,287 - DEBUG - Constraint (r4) created.[0m
[34m2025-01-07 03:31:55,322 - DEBUG - Constraint (r5) created.[0m
[34m2025-01-07 03:31:56,620 - DEBUG - Constraint (r6) created.[0m
[34m2025-01-07 03:31:56,620 - DEBUG - Constraint (r7) created.[0m
[34m2025-01-07 03:31:58,503 - DEBUG - Constraint (a4) created.[0m
[34m2025-01-07 03:31:59,062 - DEBUG - Constraint (a5) created.[0m
[34m2025-01-07 03:31:59,670 - DEBUG - Constraint (a5) created.[0m
[34m2025-01-07 03:31:59,955 - DEBUG - Constraint (strong symmetry) created.[0m
[34m2025-01-07 03:32:00,023 - DEBUG - Constraint (symmetry) created.[0m
[32m2025-01-07 03:32:17,353 - INFO - Time to create model: 53.405[0m
[32m2025-01-07 03:32:17,353 - INFO - Solving model: MIPSolver3[0m
Gurobi Optimizer version 10.0.0 build v10.0.0rc2 (linux64)

CPU model: Intel(R) Xeon(R) Platinum 8468, instruction set [SSE2|AVX|AVX2|AVX512]
Thread count: 96 physical cores, 96 logical processors, using up to 1 threads

Optimize a model with 2007068 rows, 1395078 columns and 17126308 nonzeros
Model fingerprint: 0x236f5817
Variable types: 2 continuous, 1395076 integer (1395076 binary)
Coefficient statistics:
  Matrix range     [1e+00, 1e+01]
  Objective range  [1e+00, 1e+01]
  Bounds range     [1e+00, 1e+00]
  RHS range        [1e+00, 2e+03]
Presolve removed 479265 rows and 340489 columns (presolve time = 5s) ...
Presolve removed 479266 rows and 340494 columns (presolve time = 10s) ...
Presolve removed 479266 rows and 340494 columns (presolve time = 15s) ...
Presolve removed 614914 rows and 340494 columns (presolve time = 20s) ...
Presolve removed 694348 rows and 340494 columns (presolve time = 25s) ...
Presolve removed 714724 rows and 340494 columns (presolve time = 30s) ...
Presolve removed 714724 rows and 340494 columns (presolve time = 35s) ...
Presolve removed 715199 rows and 340494 columns (presolve time = 40s) ...
Presolve removed 715199 rows and 340494 columns (presolve time = 45s) ...
Presolve removed 715199 rows and 340494 columns (presolve time = 50s) ...
Presolve removed 715199 rows and 340494 columns (presolve time = 55s) ...
Presolve removed 715199 rows and 340494 columns (presolve time = 60s) ...
Presolve removed 715199 rows and 340494 columns (presolve time = 65s) ...
Presolve removed 715199 rows and 340494 columns (presolve time = 70s) ...
Presolve removed 715199 rows and 340494 columns (presolve time = 75s) ...
Presolve removed 715199 rows and 340494 columns (presolve time = 80s) ...
Presolve removed 715199 rows and 340494 columns (presolve time = 85s) ...
Presolve removed 715199 rows and 340494 columns (presolve time = 90s) ...
Presolve removed 715199 rows and 340494 columns (presolve time = 95s) ...
Presolve removed 715199 rows and 340494 columns (presolve time = 100s) ...
Presolve removed 715199 rows and 340494 columns (presolve time = 105s) ...
Presolve removed 715199 rows and 340494 columns (presolve time = 110s) ...
Presolve removed 715199 rows and 340494 columns (presolve time = 115s) ...
Presolve removed 715199 rows and 340494 columns (presolve time = 120s) ...
Presolve removed 715199 rows and 340494 columns (presolve time = 125s) ...
Presolve removed 715199 rows and 340494 columns (presolve time = 130s) ...
Presolve removed 715199 rows and 340494 columns (presolve time = 135s) ...
Presolve removed 715199 rows and 340494 columns (presolve time = 140s) ...
Presolve removed 715199 rows and 340494 columns (presolve time = 145s) ...
Presolve removed 715199 rows and 340494 columns (presolve time = 150s) ...
Presolve removed 715199 rows and 340494 columns (presolve time = 155s) ...
Presolve removed 715199 rows and 340494 columns (presolve time = 160s) ...
Presolve removed 715199 rows and 340494 columns (presolve time = 165s) ...
Presolve removed 715199 rows and 340494 columns (presolve time = 170s) ...
Presolve removed 715199 rows and 340494 columns (presolve time = 175s) ...
Presolve removed 715199 rows and 340494 columns (presolve time = 180s) ...
Presolve removed 715199 rows and 340494 columns (presolve time = 185s) ...
Presolve removed 715199 rows and 340494 columns (presolve time = 190s) ...
Presolve removed 715199 rows and 340494 columns (presolve time = 195s) ...
Presolve removed 715199 rows and 340494 columns (presolve time = 200s) ...
Presolve removed 715199 rows and 340494 columns (presolve time = 205s) ...
Presolve removed 715199 rows and 340494 columns (presolve time = 210s) ...
Presolve removed 715199 rows and 340494 columns (presolve time = 215s) ...
Presolve removed 715199 rows and 340494 columns (presolve time = 220s) ...
Presolve removed 715199 rows and 340494 columns (presolve time = 225s) ...
Presolve removed 715199 rows and 340494 columns (presolve time = 230s) ...
Presolve removed 715199 rows and 340494 columns (presolve time = 235s) ...
Presolve removed 715199 rows and 340494 columns (presolve time = 240s) ...
Presolve removed 715199 rows and 340494 columns (presolve time = 245s) ...
Presolve removed 715199 rows and 340494 columns (presolve time = 250s) ...
Presolve removed 715199 rows and 340494 columns (presolve time = 255s) ...
Presolve removed 715199 rows and 340494 columns (presolve time = 260s) ...
Presolve removed 715199 rows and 340494 columns (presolve time = 265s) ...
Presolve removed 715199 rows and 340494 columns (presolve time = 270s) ...
Presolve removed 715199 rows and 340494 columns (presolve time = 275s) ...
Presolve removed 715199 rows and 340494 columns (presolve time = 280s) ...
Presolve removed 715199 rows and 340494 columns (presolve time = 285s) ...
Presolve removed 715199 rows and 340494 columns (presolve time = 290s) ...
Presolve removed 715199 rows and 340494 columns (presolve time = 295s) ...
Presolve removed 715199 rows and 340494 columns (presolve time = 300s) ...
Presolve removed 715199 rows and 340494 columns (presolve time = 305s) ...
Presolve removed 715199 rows and 340494 columns (presolve time = 310s) ...
Presolve removed 715199 rows and 340494 columns (presolve time = 315s) ...
Presolve removed 715199 rows and 340494 columns (presolve time = 320s) ...
Presolve removed 715199 rows and 340494 columns (presolve time = 325s) ...
Presolve removed 715199 rows and 340494 columns (presolve time = 330s) ...
Presolve removed 715199 rows and 340494 columns (presolve time = 335s) ...
Presolve removed 715199 rows and 340494 columns (presolve time = 340s) ...
Presolve removed 715199 rows and 340494 columns (presolve time = 345s) ...
Presolve removed 715199 rows and 340494 columns (presolve time = 350s) ...
Presolve removed 715199 rows and 340494 columns (presolve time = 355s) ...
Presolve removed 715199 rows and 340494 columns (presolve time = 360s) ...
Presolve removed 715199 rows and 340494 columns (presolve time = 365s) ...
Presolve removed 715199 rows and 340494 columns (presolve time = 370s) ...
Presolve removed 715199 rows and 340494 columns (presolve time = 375s) ...
Presolve removed 715202 rows and 347382 columns (presolve time = 380s) ...
Presolve removed 714729 rows and 346909 columns
Presolve time: 384.11s
Presolved: 1292339 rows, 1048169 columns, 9009766 nonzeros
Variable types: 0 continuous, 1048169 integer (1047989 binary)

Root simplex log...

Iteration    Objective       Primal Inf.    Dual Inf.      Time
       0    0.0000000e+00   1.465750e+03   0.000000e+00    403s
   10950    2.6800004e+02   1.613894e+03   0.000000e+00    406s
   24471    2.6800016e+02   1.222273e+03   0.000000e+00    410s
   31337    2.6800019e+02   5.675936e+03   0.000000e+00    415s
   36379    2.6800021e+02   1.424999e+04   0.000000e+00    421s
   38971    2.6800022e+02   5.629003e+02   0.000000e+00    425s
   40695    2.6800023e+02   1.303219e+03   0.000000e+00    430s
   42529    2.6800023e+02   1.025036e+03   0.000000e+00    436s
   44011    2.6800024e+02   4.674412e+02   0.000000e+00    440s
   45371    2.6800024e+02   1.653753e+03   0.000000e+00    445s
   47335    2.6800025e+02   7.358406e+02   0.000000e+00    450s
   49041    2.6800025e+02   1.786004e+03   0.000000e+00    456s
   49971    2.6800026e+02   6.781966e+02   0.000000e+00    460s
   51345    2.6800026e+02   2.631205e+03   0.000000e+00    465s
   52807    2.6800026e+02   4.433731e+03   0.000000e+00    470s
   54187    2.6800027e+02   8.054376e+02   0.000000e+00    476s
   56854    2.6800030e+02   7.563522e+02   0.000000e+00    480s
   58890    2.6800034e+02   9.016732e+03   0.000000e+00    485s
   62346    2.6800041e+02   4.676145e+03   0.000000e+00    491s
   63366    2.6800043e+02   5.118345e+02   0.000000e+00    495s
   64678    2.6800045e+02   2.668571e+03   0.000000e+00    501s
   65780    2.6800046e+02   4.357154e+03   0.000000e+00    505s
   67324    2.6800048e+02   2.176462e+03   0.000000e+00    511s
   68868    2.6800050e+02   9.302783e+02   0.000000e+00    516s
   69868    2.6800051e+02   1.612426e+03   0.000000e+00    520s
   70918    2.6800053e+02   1.732909e+03   0.000000e+00    526s
   71758    2.6800054e+02   3.511151e+03   0.000000e+00    531s
   73182    2.6800057e+02   2.248169e+03   0.000000e+00    536s
   74052    2.6800057e+02   2.668737e+04   0.000000e+00    541s
   74802    2.6800058e+02   1.127857e+03   0.000000e+00    546s
   75582    2.6800059e+02   1.940715e+03   0.000000e+00    551s
   76482    2.6800060e+02   5.070254e+03   0.000000e+00    555s
   77602    2.6800061e+02   1.847714e+03   0.000000e+00    561s
   78252    2.6800061e+02   2.225880e+03   0.000000e+00    565s
   79282    2.6800062e+02   3.981750e+03   0.000000e+00    571s
   80082    2.6800063e+02   2.091889e+03   0.000000e+00    575s
   80762    2.6800063e+02   1.145588e+04   0.000000e+00    581s
   81502    2.6800064e+02   1.787029e+03   0.000000e+00    586s
   82022    2.6800064e+02   5.995700e+02   0.000000e+00    590s
   83162    2.6800065e+02   1.797988e+03   0.000000e+00    596s
   83782    2.6800066e+02   4.935610e+03   0.000000e+00    601s
   84582    2.6800066e+02   4.390203e+03   0.000000e+00    606s
   85422    2.6800067e+02   4.782925e+03   0.000000e+00    611s
   86182    2.6800068e+02   3.602162e+02   0.000000e+00    615s
   87122    2.6800068e+02   3.466295e+03   0.000000e+00    621s
   87772    2.6800069e+02   5.927149e+03   0.000000e+00    626s
   88452    2.6800069e+02   1.837123e+03   0.000000e+00    630s
   89282    2.6800070e+02   9.263109e+02   0.000000e+00    636s
   89992    2.6800070e+02   2.717074e+03   0.000000e+00    641s
   91052    2.6800071e+02   1.149275e+04   0.000000e+00    647s
   91832    2.6800072e+02   6.867078e+02   0.000000e+00    651s
   93004    2.6800072e+02   8.596420e+02   0.000000e+00    656s
   93764    2.6800073e+02   7.473806e+03   0.000000e+00    660s
   94604    2.6800073e+02   2.072568e+03   0.000000e+00    666s
   95184    2.6800074e+02   3.239630e+03   0.000000e+00    671s
   95724    2.6800074e+02   1.592521e+03   0.000000e+00    675s
   96604    2.6800075e+02   7.029179e+02   0.000000e+00    681s
   97024    2.6800075e+02   1.379276e+03   0.000000e+00    686s
   97684    2.6800075e+02   1.133685e+03   0.000000e+00    690s
   98474    2.6800075e+02   1.821090e+03   0.000000e+00    695s
   99384    2.6800076e+02   1.932741e+03   0.000000e+00    702s
   99874    2.6800076e+02   7.188349e+03   0.000000e+00    706s
  100494    2.6800076e+02   2.511808e+03   0.000000e+00    711s
  100994    2.6800076e+02   3.309777e+03   0.000000e+00    715s
  101624    2.6800077e+02   3.034091e+03   0.000000e+00    721s
  102094    2.6800077e+02   4.871480e+03   0.000000e+00    725s
  102564    2.6800077e+02   1.014410e+03   0.000000e+00    730s
  103224    2.6800077e+02   1.246382e+03   0.000000e+00    736s
  103674    2.6800077e+02   7.007073e+02   0.000000e+00    741s
  104154    2.6800078e+02   1.933783e+03   0.000000e+00    745s
  104844    2.6800078e+02   4.101698e+03   0.000000e+00    751s
  105254    2.6800078e+02   1.087966e+03   0.000000e+00    756s
  105744    2.6800078e+02   4.768648e+02   0.000000e+00    760s
  106174    2.6800078e+02   2.977599e+03   0.000000e+00    765s
  106704    2.6800078e+02   2.784786e+03   0.000000e+00    771s
  107134    2.6800079e+02   5.595780e+02   0.000000e+00    776s
  107574    2.6800079e+02   5.429239e+02   0.000000e+00    780s
  108124    2.6800079e+02   8.338589e+02   0.000000e+00    786s
  108554    2.6800079e+02   6.935078e+03   0.000000e+00    791s
  109034    2.6800079e+02   8.210668e+02   0.000000e+00    795s
  109614    2.6800079e+02   6.832897e+02   0.000000e+00    801s
  109964    2.6800079e+02   6.362222e+03   0.000000e+00    806s
  110444    2.6800080e+02   2.312251e+03   0.000000e+00    810s
  110874    2.6800080e+02   1.948208e+03   0.000000e+00    815s
  111484    2.6800080e+02   5.842981e+02   0.000000e+00    821s
  111884    2.6800080e+02   1.051462e+03   0.000000e+00    825s
  112394    2.6800080e+02   1.039597e+04   0.000000e+00    832s
  112804    2.6800080e+02   1.560352e+03   0.000000e+00    836s
  113174    2.6800080e+02   8.838576e+02   0.000000e+00    840s
  113704    2.6800080e+02   3.693622e+02   0.000000e+00    846s
  114074    2.6800081e+02   2.819579e+02   0.000000e+00    851s
  114484    2.6800081e+02   1.392421e+03   0.000000e+00    856s
  114864    2.6800081e+02   1.159159e+03   0.000000e+00    860s
  115404    2.6800081e+02   1.362143e+03   0.000000e+00    866s
  115784    2.6800081e+02   2.700485e+03   0.000000e+00    871s
  116214    2.6800081e+02   8.049740e+02   0.000000e+00    876s
  116634    2.6800081e+02   7.418536e+02   0.000000e+00    880s
  117164    2.6800081e+02   3.062177e+02   0.000000e+00    886s
  117574    2.6800081e+02   1.228983e+03   0.000000e+00    891s
  117954    2.6800082e+02   1.208543e+03   0.000000e+00    896s
  118354    2.6800082e+02   4.103963e+02   0.000000e+00    900s
  118754    2.6800082e+02   1.451699e+03   0.000000e+00    905s
  119184    2.6800082e+02   2.990630e+03   0.000000e+00    911s
  119534    2.6800082e+02   1.573397e+03   0.000000e+00    916s
  119884    2.6800082e+02   1.300273e+03   0.000000e+00    921s
  120234    2.6800082e+02   5.882395e+02   0.000000e+00    925s
  120744    2.6800082e+02   8.245335e+02   0.000000e+00    931s
  121114    2.6800082e+02   3.295740e+02   0.000000e+00    936s
  121464    2.6800082e+02   4.266477e+03   0.000000e+00    941s
  121804    2.6800082e+02   8.598232e+02   0.000000e+00    946s
  122194    2.6800083e+02   6.792787e+02   0.000000e+00    951s
  122594    2.6800084e+02   3.675101e+03   0.000000e+00    955s
  123154    2.6800085e+02   4.859411e+02   0.000000e+00    961s
  123614    2.6800086e+02   3.310874e+03   0.000000e+00    966s
  124074    2.6800087e+02   6.296367e+02   0.000000e+00    971s
  124564    2.6800087e+02   2.755040e+03   0.000000e+00    976s
  125014    2.6800088e+02   1.400528e+02   0.000000e+00    981s
  125434    2.6800089e+02   2.000046e+03   0.000000e+00    985s
  125844    2.6800089e+02   4.281810e+03   0.000000e+00    990s
  126364    2.6800090e+02   3.312247e+03   0.000000e+00    996s
  126794    2.6800090e+02   5.661239e+02   0.000000e+00   1001s
  127254    2.6800091e+02   6.352830e+02   0.000000e+00   1006s
  127674    2.6800091e+02   2.979372e+03   0.000000e+00   1010s
  128204    2.6800092e+02   1.508840e+02   0.000000e+00   1017s
  128444    2.6800092e+02   1.246622e+03   0.000000e+00   1020s
  128844    2.6800092e+02   4.607486e+02   0.000000e+00   1025s
  129294    2.6800092e+02   3.013642e+02   0.000000e+00   1030s
  129674    2.6800093e+02   2.669311e+03   0.000000e+00   1035s
  130034    2.6800093e+02   1.087622e+03   0.000000e+00   1040s
  130394    2.6800093e+02   3.813683e+02   0.000000e+00   1045s
  130744    2.6800093e+02   8.301338e+02   0.000000e+00   1050s
  131084    2.6800093e+02   5.108692e+02   0.000000e+00   1055s
  131454    2.6800094e+02   3.679863e+03   0.000000e+00   1061s
  131794    2.6800094e+02   5.035161e+02   0.000000e+00   1066s
  132124    2.6800094e+02   1.185905e+02   0.000000e+00   1071s
  132494    2.6800094e+02   2.574842e+03   0.000000e+00   1076s
  132834    2.6800094e+02   2.906595e+02   0.000000e+00   1081s
  133174    2.6800095e+02   7.647239e+02   0.000000e+00   1086s
  133524    2.6800095e+02   1.728276e+02   0.000000e+00   1092s
  133744    2.6800095e+02   1.688551e+02   0.000000e+00   1095s
  134094    2.6800095e+02   9.640359e+02   0.000000e+00   1101s
  134434    2.6800095e+02   4.624689e+03   0.000000e+00   1106s
  134764    2.6800095e+02   6.656191e+02   0.000000e+00   1111s
  135094    2.6800095e+02   1.598726e+02   0.000000e+00   1117s
  135314    2.6800096e+02   6.551005e+02   0.000000e+00   1120s
  135664    2.6800096e+02   6.159255e+02   0.000000e+00   1125s
  135994    2.6800096e+02   1.104387e+03   0.000000e+00   1131s
  136344    2.6800096e+02   4.683839e+02   0.000000e+00   1136s
  136664    2.6800096e+02   4.320128e+02   0.000000e+00   1141s
  136984    2.6800096e+02   1.195638e+02   0.000000e+00   1146s
  137284    2.6800096e+02   6.333948e+02   0.000000e+00   1151s
  137584    2.6800096e+02   1.654693e+02   0.000000e+00   1156s
  137874    2.6800096e+02   3.985024e+02   0.000000e+00   1162s
  138074    2.6800097e+02   3.799414e+02   0.000000e+00   1165s
  138374    2.6800097e+02   5.796504e+02   0.000000e+00   1170s
  138674    2.6800097e+02   1.292805e+02   0.000000e+00   1176s
  138974    2.6800097e+02   2.678298e+02   0.000000e+00   1181s
  139274    2.6800097e+02   3.147144e+02   0.000000e+00   1186s
  139564    2.6800097e+02   1.516034e+03   0.000000e+00   1191s
  139854    2.6800097e+02   2.100213e+03   0.000000e+00   1197s
  140044    2.6800097e+02   2.645830e+02   0.000000e+00   1200s
  140344    2.6800097e+02   3.958814e+02   0.000000e+00   1205s
  140634    2.6800097e+02   2.151371e+03   0.000000e+00   1211s
  140934    2.6800097e+02   2.091825e+02   0.000000e+00   1216s
  141314    2.6800097e+02   3.158500e+02   0.000000e+00   1223s
  141494    2.6800097e+02   5.719190e+02   0.000000e+00   1227s
  141684    2.6800097e+02   3.712384e+03   0.000000e+00   1230s
  141984    2.6800097e+02   1.500921e+02   0.000000e+00   1236s
  142304    2.6800098e+02   6.348915e+02   0.000000e+00   1241s
  142614    2.6800098e+02   2.039077e+02   0.000000e+00   1246s
  142904    2.6800098e+02   1.967804e+02   0.000000e+00   1252s
  143104    2.6800098e+02   3.297781e+02   0.000000e+00   1255s
  143404    2.6800098e+02   4.384816e+02   0.000000e+00   1261s
  143704    2.6800098e+02   1.658208e+02   0.000000e+00   1266s
  143984    2.6800098e+02   5.510883e+02   0.000000e+00   1271s
  144274    2.6800098e+02   2.513271e+02   0.000000e+00   1277s
  144474    2.6800098e+02   1.187951e+02   0.000000e+00   1280s
  144764    2.6800098e+02   4.801907e+02   0.000000e+00   1286s
  145044    2.6800098e+02   7.266542e+01   0.000000e+00   1291s
  145434    2.6800098e+02   1.274639e+02   0.000000e+00   1299s
  145624    2.6800098e+02   5.253410e+02   0.000000e+00   1302s
  145814    2.6800098e+02   1.171264e+02   0.000000e+00   1305s
  146094    2.6800098e+02   2.529836e+02   0.000000e+00   1310s
  146374    2.6800098e+02   5.239598e+01   0.000000e+00   1315s
  146644    2.6800098e+02   7.087613e+02   0.000000e+00   1320s
  147004    2.6800098e+02   1.406874e+02   0.000000e+00   1327s
  147184    2.6800098e+02   1.163568e+02   0.000000e+00   1331s
  147544    2.6800098e+02   4.575264e+01   0.000000e+00   1338s
  147724    2.6800098e+02   1.738156e+02   0.000000e+00   1341s
  148084    2.6800099e+02   4.800741e+01   0.000000e+00   1348s
  148264    2.6800099e+02   1.077947e+02   0.000000e+00   1351s
  148644    2.6800099e+02   5.304038e+01   0.000000e+00   1358s
  148924    2.6800099e+02   4.948755e+01   0.000000e+00   1363s
  149104    2.6800099e+02   1.357329e+02   0.000000e+00   1367s
  149284    2.6800099e+02   3.796372e+02   0.000000e+00   1370s
  149644    2.6800099e+02   4.764477e+01   0.000000e+00   1377s
  149824    2.6800099e+02   1.982848e+02   0.000000e+00   1381s
  150184    2.6800099e+02   2.888373e+02   0.000000e+00   1387s
  150364    2.6800099e+02   1.266944e+02   0.000000e+00   1391s
  150724    2.6800099e+02   1.077174e+02   0.000000e+00   1398s
  150904    2.6800099e+02   6.026632e+01   0.000000e+00   1401s
  151084    2.6800099e+02   9.811408e+01   0.000000e+00   1405s
  151444    2.6800099e+02   2.958818e+02   0.000000e+00   1412s
  151624    2.6800099e+02   9.485843e+02   0.000000e+00   1416s
  151984    2.6800099e+02   2.084984e+01   0.000000e+00   1423s
  152164    2.6800099e+02   8.021399e+02   0.000000e+00   1426s
  152524    2.6800099e+02   4.136327e+01   0.000000e+00   1434s
  152704    2.6800099e+02   1.802178e+02   0.000000e+00   1437s
  152884    2.6800099e+02   3.048982e+01   0.000000e+00   1441s
  153244    2.6800099e+02   7.695837e+01   0.000000e+00   1448s
  153424    2.6800099e+02   3.477168e+01   0.000000e+00   1451s
  153784    2.6800099e+02   2.163256e+01   0.000000e+00   1458s
  153964    2.6800099e+02   6.871119e+01   0.000000e+00   1462s
  154144    2.6800099e+02   1.788619e+01   0.000000e+00   1466s
  154504    2.6800099e+02   1.296868e+01   0.000000e+00   1473s
  154684    2.6800099e+02   1.432323e+01   0.000000e+00   1476s
  155044    2.6800099e+02   3.478680e+01   0.000000e+00   1483s
  155224    2.6800099e+02   8.263412e+01   0.000000e+00   1487s
  155404    2.6800099e+02   1.828189e+01   0.000000e+00   1491s
  155774    2.6800099e+02   7.923741e+00   0.000000e+00   1498s
  156064    2.6800099e+02   5.907909e+00   0.000000e+00   1503s
  156164    2.6800099e+02   3.191741e+02   0.000000e+00   1505s
  156464    2.6800099e+02   5.810641e+00   0.000000e+00   1511s
  156764    2.6800099e+02   1.487754e+01   0.000000e+00   1516s
  157064    2.6800099e+02   5.419641e+00   0.000000e+00   1521s
  157264    2.6800099e+02   9.184785e+00   0.000000e+00   1525s
  157564    2.6800099e+02   1.186261e+01   0.000000e+00   1531s
  157864    2.6800099e+02   3.104607e-01   0.000000e+00   1536s
  158164    2.6800099e+02   7.672633e-01   0.000000e+00   1542s
  158364    2.6800099e+02   1.008587e+00   0.000000e+00   1545s
  158512    2.6800000e+02   0.000000e+00   0.000000e+00   1548s
  158512    2.6800000e+02   0.000000e+00   0.000000e+00   1549s

Use crossover to convert LP symmetric solution to basic solution...

Root crossover log...

      19 DPushes remaining with DInf 0.0000000e+00              1549s
       0 DPushes remaining with DInf 0.0000000e+00              1549s

   13357 PPushes remaining with PInf 0.0000000e+00              1550s
    3211 PPushes remaining with PInf 0.0000000e+00              1550s
       0 PPushes remaining with PInf 0.0000000e+00              1551s

  Push phase complete: Pinf 0.0000000e+00, Dinf 9.5890391e-11   1551s


Root simplex log...

Iteration    Objective       Primal Inf.    Dual Inf.      Time
  171875    2.6800000e+02   0.000000e+00   0.000000e+00   1552s
  171875    2.6800000e+02   0.000000e+00   0.000000e+00   1552s

Root relaxation: objective 2.680000e+02, 171875 iterations, 1155.89 seconds (2326.59 work units)
