1.NAME: MIPSolver
2.PARAMS: {'use_lazy_constraints': False}
3.INSTANCE: /home/wx350715/Kobra/rehabiliation-admission-scheduling/data/comp_study_002/instance_6_15.txt
4.REPETITION: 1
Current directory: /home/wx350715/Kobra/rehabiliation-admission-scheduling
[34m2025-01-06 11:22:19,429 - DEBUG - Solver: <class 'src.solvers.mip.MIPSolver'>[0m
[34m2025-01-06 11:22:19,429 - DEBUG - Args: {'use_lazy_constraints': False}[0m
[34m2025-01-06 11:22:19,429 - DEBUG - File path /home/wx350715/Kobra/rehabiliation-admission-scheduling/data/comp_study_002/instance_6_15.txt[0m
[34m2025-01-06 11:22:19,455 - DEBUG - ADD INSTANCE DATA[0m
[34m2025-01-06 11:22:19,456 - DEBUG - ADD INSTANCE DATA[0m
[34m2025-01-06 11:22:19,456 - DEBUG - ADD INSTANCE DATA[0m
[34m2025-01-06 11:22:19,456 - DEBUG - ADD INSTANCE DATA[0m
[34m2025-01-06 11:22:19,456 - DEBUG - ADD INSTANCE DATA[0m
[34m2025-01-06 11:22:19,456 - DEBUG - ADD INSTANCE DATA[0m
[34m2025-01-06 11:22:19,456 - DEBUG - ADD INSTANCE DATA[0m
[34m2025-01-06 11:22:19,456 - DEBUG - ADD INSTANCE DATA[0m
[34m2025-01-06 11:22:19,456 - DEBUG - ADD INSTANCE DATA[0m
[34m2025-01-06 11:22:19,456 - DEBUG - ADD INSTANCE DATA[0m
[34m2025-01-06 11:22:19,456 - DEBUG - ADD INSTANCE DATA[0m
[34m2025-01-06 11:22:19,456 - DEBUG - ADD RESOURCE_GROUPS[0m
[34m2025-01-06 11:22:19,456 - DEBUG - ADD RESOURCE_GROUPS[0m
[34m2025-01-06 11:22:19,456 - DEBUG - ADD RESOURCE_GROUPS[0m
[34m2025-01-06 11:22:19,456 - DEBUG - ADD RESOURCE_GROUPS[0m
[34m2025-01-06 11:22:19,456 - DEBUG - ADD RESOURCES[0m
[34m2025-01-06 11:22:19,457 - DEBUG - ADD RESOURCES[0m
[34m2025-01-06 11:22:19,457 - DEBUG - ADD RESOURCES[0m
[34m2025-01-06 11:22:19,457 - DEBUG - ADD RESOURCES[0m
[34m2025-01-06 11:22:19,457 - DEBUG - ADD RESOURCES[0m
[34m2025-01-06 11:22:19,457 - DEBUG - ADD RESOURCES[0m
[34m2025-01-06 11:22:19,457 - DEBUG - ADD RESOURCES[0m
[34m2025-01-06 11:22:19,457 - DEBUG - ADD RESOURCES[0m
[34m2025-01-06 11:22:19,458 - DEBUG - ADD RESOURCES[0m
[34m2025-01-06 11:22:19,458 - DEBUG - ADD RESOURCES[0m
[34m2025-01-06 11:22:19,458 - DEBUG - ADD TREATMENTS[0m
[34m2025-01-06 11:22:19,458 - DEBUG - ADD TREATMENTS[0m
[34m2025-01-06 11:22:19,458 - DEBUG - ADD TREATMENTS[0m
[34m2025-01-06 11:22:19,458 - DEBUG - ADD TREATMENTS[0m
[34m2025-01-06 11:22:19,458 - DEBUG - ADD TREATMENTS[0m
[34m2025-01-06 11:22:19,458 - DEBUG - ADD TREATMENTS[0m
[34m2025-01-06 11:22:19,459 - DEBUG - ADD TREATMENTS[0m
[34m2025-01-06 11:22:19,459 - DEBUG - ADD TREATMENTS[0m
[34m2025-01-06 11:22:19,459 - DEBUG - ADD PATIENTS[0m
[34m2025-01-06 11:22:19,459 - DEBUG - ADD PATIENTS[0m
[34m2025-01-06 11:22:19,459 - DEBUG - ADD PATIENTS[0m
[34m2025-01-06 11:22:19,459 - DEBUG - ADD PATIENTS[0m
[34m2025-01-06 11:22:19,460 - DEBUG - ADD PATIENTS[0m
[34m2025-01-06 11:22:19,460 - DEBUG - ADD PATIENTS[0m
[34m2025-01-06 11:22:19,460 - DEBUG - ADD PATIENTS[0m
[34m2025-01-06 11:22:19,460 - DEBUG - ADD PATIENTS[0m
[34m2025-01-06 11:22:19,460 - DEBUG - ADD PATIENTS[0m
[34m2025-01-06 11:22:19,461 - DEBUG - ADD PATIENTS[0m
[34m2025-01-06 11:22:19,461 - DEBUG - ADD PATIENTS[0m
[34m2025-01-06 11:22:19,461 - DEBUG - ADD PATIENTS[0m
[34m2025-01-06 11:22:19,461 - DEBUG - ADD PATIENTS[0m
[34m2025-01-06 11:22:19,461 - DEBUG - ADD PATIENTS[0m
[34m2025-01-06 11:22:19,461 - DEBUG - ADD PATIENTS[0m
[34m2025-01-06 11:22:19,462 - DEBUG - ADD PATIENTS[0m
[34m2025-01-06 11:22:19,462 - DEBUG - ADD PATIENTS[0m
[34m2025-01-06 11:22:19,462 - DEBUG - ADD PATIENTS[0m
[34m2025-01-06 11:22:19,462 - DEBUG - ADD PATIENTS[0m
[34m2025-01-06 11:22:19,462 - DEBUG - ADD PATIENTS[0m
[34m2025-01-06 11:22:19,463 - DEBUG - ADD PATIENTS[0m
[34m2025-01-06 11:22:19,463 - DEBUG - Instance data:[0m
[34m2025-01-06 11:22:19,463 - DEBUG - Number of patients: 21[0m
[34m2025-01-06 11:22:19,463 - DEBUG - Number of beds: 36[0m
[34m2025-01-06 11:22:19,463 - DEBUG - Average number of treatments per patient: 32.38095238095238[0m
[34m2025-01-06 11:22:19,466 - DEBUG - Average number of treatment per stayed day: 2.3859649122807016[0m
[34m2025-01-06 11:22:19,466 - DEBUG - Number of treatments: 680[0m
[34m2025-01-06 11:22:19,466 - DEBUG - Number of resources: 10[0m
[34m2025-01-06 11:22:19,466 - DEBUG - Number of resource groups: 4[0m
[34m2025-01-06 11:22:19,466 - DEBUG - Number of resource hours needed per all treatment by RG(therapists): 19.704166666666676[0m
[34m2025-01-06 11:22:19,466 - DEBUG - Number of resource hours needed per all treatment by RG(rooms): 35.95416666666666[0m
[34m2025-01-06 11:22:19,466 - DEBUG - Number of resource hours needed per all treatment by RG(physiotherapist): 15.5[0m
[34m2025-01-06 11:22:19,466 - DEBUG - Number of resource hours needed per all treatment by RG(sport_room): 6.75[0m
[32m2025-01-06 11:22:19,466 - INFO - {'solver': 'MIPSolver', 'args': {'use_lazy_constraints': True, 'enforce_min_treatments_per_day': True, 'enforce_max_treatments_per_e_w': True, 'enforce_min_patients_per_treatment': True, 'log_to_console': True}}[0m
[34m2025-01-06 11:22:19,466 - DEBUG - Setting options: MIPSolver[0m
[34m2025-01-06 11:22:19,466 - DEBUG -  ---- use_lazy_constraints to True[0m
[34m2025-01-06 11:22:19,466 - DEBUG - Setting options: Solver[0m
[34m2025-01-06 11:22:19,466 - DEBUG -  ---- number_of_threads to 1 (default)[0m
[34m2025-01-06 11:22:19,467 - DEBUG -  ---- treatment_value to 0 (default)[0m
[34m2025-01-06 11:22:19,467 - DEBUG -  ---- delay_value to 1 (default)[0m
[34m2025-01-06 11:22:19,467 - DEBUG -  ---- missing_treatment_value to 4 (default)[0m
[34m2025-01-06 11:22:19,467 - DEBUG -  ---- enforce_min_treatments_per_day to True[0m
[34m2025-01-06 11:22:19,467 - DEBUG -  ---- enforce_max_treatments_per_e_w to True[0m
[34m2025-01-06 11:22:19,467 - DEBUG -  ---- enforce_min_patients_per_treatment to True[0m
[34m2025-01-06 11:22:19,467 - DEBUG -  ---- log_to_console to True[0m
[34m2025-01-06 11:22:19,467 - DEBUG -  ---- log_to_file to True (default)[0m
[32m2025-01-06 11:22:19,504 - INFO - Create model: MIPSolver[0m
Set parameter TSPort to value 50039
Set parameter TokenServer to value "license.itc.rwth-aachen.de"
Set parameter Threads to value 1
Set parameter Cuts to value 0
Set parameter LazyConstraints to value 1
[34m2025-01-06 11:22:22,409 - DEBUG - Variables created.[0m
[34m2025-01-06 11:22:26,351 - DEBUG - Constraint (p1) created.[0m
[34m2025-01-06 11:22:26,883 - DEBUG - Constraint (when_admitted) created.[0m
[34m2025-01-06 11:22:27,274 - DEBUG - Constraint (p3) created.[0m
[34m2025-01-06 11:22:27,276 - DEBUG - Constraint (p4) created.[0m
[34m2025-01-06 11:22:27,276 - DEBUG - Constraint (p7) created.[0m
[34m2025-01-06 11:22:27,536 - DEBUG - Constraint (r3) created.[0m
[34m2025-01-06 11:22:28,717 - DEBUG - Constraint (r4) created.[0m
[34m2025-01-06 11:22:30,294 - DEBUG - Constraint (a1) created.[0m
[34m2025-01-06 11:22:30,402 - DEBUG - Constraint (a4) created.[0m
[34m2025-01-06 11:22:30,432 - DEBUG - Constraint (a5) created.[0m
[34m2025-01-06 11:22:30,470 - DEBUG - Constraint (a5) created.[0m
[34m2025-01-06 11:22:30,470 - DEBUG - Constraint (already_admitted) created.[0m
[32m2025-01-06 11:22:31,334 - INFO - Time to create model: 11.83[0m
[32m2025-01-06 11:22:31,334 - INFO - Solving model: MIPSolver[0m
Gurobi Optimizer version 10.0.0 build v10.0.0rc2 (linux64)

CPU model: Intel(R) Xeon(R) Platinum 8468, instruction set [SSE2|AVX|AVX2|AVX512]
Thread count: 96 physical cores, 96 logical processors, using up to 1 threads

Optimize a model with 549384 rows, 424127 columns and 2628615 nonzeros
Model fingerprint: 0x5c6e8ae4
Variable types: 2 continuous, 424125 integer (424125 binary)
Coefficient statistics:
  Matrix range     [1e+00, 1e+01]
  Objective range  [1e+00, 1e+01]
  Bounds range     [1e+00, 1e+00]
  RHS range        [1e+00, 3e+03]
Presolve removed 246842 rows and 166602 columns (presolve time = 5s) ...
Presolve removed 246842 rows and 166602 columns (presolve time = 10s) ...
Presolve removed 246842 rows and 166602 columns (presolve time = 15s) ...
Presolve removed 246842 rows and 166602 columns (presolve time = 20s) ...
Presolve removed 246842 rows and 166602 columns (presolve time = 25s) ...
Presolve removed 251552 rows and 168928 columns (presolve time = 30s) ...
Presolve removed 251506 rows and 168882 columns
Presolve time: 31.57s
Presolved: 297878 rows, 255245 columns, 1430298 nonzeros
Variable types: 0 continuous, 255245 integer (255198 binary)
Root relaxation presolved: 297755 rows, 255368 columns, 1409979 nonzeros


Root simplex log...

Iteration    Objective       Primal Inf.    Dual Inf.      Time
       0   -3.3910000e+03   1.033884e+05   0.000000e+00     34s
   18829    6.5200617e+02   5.446135e+03   0.000000e+00     35s
   29645    6.6000633e+02   4.050957e+03   0.000000e+00     40s
   36054    6.6028416e+02   5.690891e+03   0.000000e+00     45s
   39722    6.6028419e+02   1.681384e+03   0.000000e+00     50s
   42604    6.6028420e+02   1.226635e+03   0.000000e+00     55s
   44962    6.6028420e+02   1.832888e+03   0.000000e+00     60s
   46796    6.6028421e+02   1.751507e+03   0.000000e+00     65s
   49154    6.6028421e+02   3.844132e+03   0.000000e+00     70s
   50724    6.6028422e+02   1.549118e+03   0.000000e+00     75s
   52558    6.6828422e+02   1.947136e+03   0.000000e+00     81s
   53854    6.6828422e+02   7.007564e+02   0.000000e+00     85s
   55148    6.6828422e+02   5.962822e+02   0.000000e+00     90s
   56682    6.6828422e+02   8.952566e+02   0.000000e+00     96s
   57852    6.6828423e+02   3.296164e+02   0.000000e+00    101s
   59116    6.6828423e+02   1.154557e+02   0.000000e+00    106s
   60076    6.6828423e+02   2.523004e+02   0.000000e+00    110s
   61358    6.6828423e+02   4.726763e+02   0.000000e+00    115s
   62480    6.6828424e+02   1.213584e+03   0.000000e+00    120s
   63580    6.6828424e+02   1.072925e+02   0.000000e+00    126s
   64430    6.6828424e+02   2.357480e+01   0.000000e+00    130s
   65420    6.6828424e+02   1.267976e+02   0.000000e+00    136s
   66200    6.6828424e+02   1.013799e+00   0.000000e+00    141s
   66372    6.6827778e+02   0.000000e+00   0.000000e+00    142s
   66372    6.6827778e+02   0.000000e+00   0.000000e+00    142s

Use crossover to convert LP symmetric solution to basic solution...

Root crossover log...

    3553 DPushes remaining with DInf 0.0000000e+00               142s
       0 DPushes remaining with DInf 0.0000000e+00               142s

    7887 PPushes remaining with PInf 0.0000000e+00               142s
       0 PPushes remaining with PInf 0.0000000e+00               143s

  Push phase complete: Pinf 0.0000000e+00, Dinf 7.0816303e-11    143s


Root simplex log...

Iteration    Objective       Primal Inf.    Dual Inf.      Time
   74271    6.6827778e+02   0.000000e+00   0.000000e+00    143s
   74271    6.6827778e+02   0.000000e+00   0.000000e+00    143s

Root relaxation: objective 6.682778e+02, 74271 iterations, 109.99 seconds (105.32 work units)
Total elapsed time = 290.01s
Total elapsed time = 687.22s
Total elapsed time = 810.69s
Total elapsed time = 884.39s

    Nodes    |    Current Node    |     Objective Bounds      |     Work
 Expl Unexpl |  Obj  Depth IntInf | Incumbent    BestBd   Gap | It/Node Time

     0     0  668.27778    0 3034          -  668.27778      -     -  937s
     0     0  668.27778    0 3034          -  668.27778      -     -  943s
     0     0  668.27778    0 3034          -  668.27778      -     -  945s
     0     0  668.27778    0 2849          -  668.27778      -     - 1241s
     0     0  668.27778    0 2849          -  668.27778      -     - 1246s
H    0     0                     740.0000000  668.27778  9.69%     - 1251s
     0     0  668.27778    0 2849  740.00000  668.27778  9.69%     - 1515s
H    0     0                     684.0000000  668.27778  2.30%     - 1519s
     0     0  668.27778    0 2726  684.00000  668.27778  2.30%     - 1698s
     0     0  668.27778    0 2726  684.00000  668.27778  2.30%     - 1700s
     0     0  668.27778    0 2726  684.00000  668.27778  2.30%     - 1705s
     0     2  668.27778    0 2726  684.00000  668.27778  2.30%     - 1707s
     2     2  668.27778    1 2950  684.00000  668.27778  2.30% 83475 1750s
     4     2  668.27778    2 2893  684.00000  668.27778  2.30% 45394 1771s
     6     2  668.27778    3 3054  684.00000  668.27778  2.30% 35818 1824s
     7     3  668.27778    4 3008  684.00000  668.27778  2.30% 30780 1826s
     8     4  668.27778    5 2975  684.00000  668.27778  2.30% 28636 1859s
     9     5  668.27778    6 3056  684.00000  668.27778  2.30% 28444 1894s
    10     6  668.27778    6 3056  684.00000  668.27778  2.30% 29010 1928s
    11     7  668.27778    7 3015  684.00000  668.27778  2.30% 26700 1930s
    14    10  668.27778    9 3010  684.00000  668.27778  2.30% 21598 1937s
    16    12  668.27778   10 2997  684.00000  668.27778  2.30% 19250 1941s
    18    14  668.27778   11 3004  684.00000  668.27778  2.30% 17514 1947s
    19    15  668.27778   11 2971  684.00000  668.27778  2.30% 17840 1970s
    21    17  668.27778   12 2992  684.00000  668.27778  2.30% 16984 1983s
    23    19  668.27778   14 2912  684.00000  668.27778  2.30% 15971 2004s
    24    20  668.27778   15 2889  684.00000  668.27778  2.30% 15389 2006s
    26    22  668.27778   16 2878  684.00000  668.27778  2.30% 14286 2010s
    27    23  668.27778   16 2949  684.00000  668.27778  2.30% 14447 2039s
    28    24  668.27778   17 2961  684.00000  668.27778  2.30% 15012 2065s
    30    26  668.27778   18 2997  684.00000  668.27778  2.30% 14863 2090s
    33    29  668.27778   20 2977  684.00000  668.27778  2.30% 14224 2107s
    34    30  668.27778   21 2946  684.00000  668.27778  2.30% 14356 2132s
    35    31  668.27778   21 2927  684.00000  668.27778  2.30% 14549 2148s
    37    33  668.27778   23 2877  684.00000  668.27778  2.30% 13830 2154s
    38    34  668.27778   23 3115  684.00000  668.27778  2.30% 14108 2190s
    39    35  668.27778   24 2894  684.00000  668.27778  2.30% 14272 2208s
    41    37  668.27778   25 2883  684.00000  668.27778  2.30% 13655 2210s
    43    39  668.27778   26 2948  684.00000  668.27778  2.30% 13227 2217s
    44    40  668.27778   27 2922  684.00000  668.27778  2.30% 13097 2228s
    45    41  668.27778   27 2912  684.00000  668.27778  2.30% 13114 2246s
    47    43  668.27778   28 2927  684.00000  668.27778  2.30% 12691 2251s
    48    44  668.27778   29 2973  684.00000  668.27778  2.30% 12545 2255s
    49    45  668.27778   29 3010  684.00000  668.27778  2.30% 12844 2275s
    50    46  668.27778   30 3063  684.00000  668.27778  2.30% 13044 2302s
    51    47  668.27778   30 2985  684.00000  668.27778  2.30% 12861 2305s
    53    49  668.27778   32 3016  684.00000  668.27778  2.30% 12427 2310s
    54    50  668.27778   32 2986  684.00000  668.27778  2.30% 12248 2332s
    55    51  668.27778   33 2951  684.00000  668.27778  2.30% 12092 2335s
    61    57  668.27778   37 2956  684.00000  668.27778  2.30% 10995 2340s
    67    63  668.27778   41 2978  684.00000  668.27778  2.30% 10097 2345s
    70    66  668.27778   42 2947  684.00000  668.27778  2.30%  9750 2350s
    72    68  668.27778   44 3004  684.00000  668.27778  2.30%  9570 2355s
    75    71  668.27778   46 2991  684.00000  668.27778  2.30%  9289 2362s
    78    74  668.27778   48 2992  684.00000  668.27778  2.30%  8972 2369s
    79    75  668.27778   48 2998  684.00000  668.27778  2.30%  8899 2372s
    81    77  668.27778   49 2982  684.00000  668.27778  2.30%  8710 2394s
    82    78  668.27778   50 2978  684.00000  668.27778  2.30%  8616 2395s
    84    80  668.27778   52 2918  684.00000  668.27778  2.30%  8493 2402s
    85    81  668.27778   52 2968  684.00000  668.27778  2.30%  8618 2426s
    87    83  668.27778   53 2978  684.00000  668.27778  2.30%  8552 2434s
    88    84  668.27778   54 3082  684.00000  668.27778  2.30%  8831 2459s
    89    85  668.27778   54 2944  684.00000  668.27778  2.30%  8748 2461s
    93    89  668.27778   57 2964  684.00000  668.27778  2.30%  8435 2466s
    97    93  668.27778   59 2943  684.00000  668.27778  2.30%  8139 2470s
    99    95  668.27778   60 2950  684.00000  668.27778  2.30%  8043 2475s
   102    98  668.27778   62 2916  684.00000  668.27778  2.30%  7981 2510s
   104   100  668.27778   64 2905  684.00000  668.27778  2.30%  7859 2518s
   105   101  668.27778   64 2946  684.00000  668.27778  2.30%  7840 2522s
   106   102  668.27778   65 2958  684.00000  668.27778  2.30%  7827 2527s
   107   103  668.27778   65 2879  684.00000  668.27778  2.30%  7786 2530s
   108   104  668.27778   66 2881  684.00000  668.27778  2.30%  7720 2559s
   109   105  668.27778   67 2893  684.00000  668.27778  2.30%  7674 2562s
   111   107  668.27778   68 2903  684.00000  668.27778  2.30%  7586 2567s
   114   110  668.27778   69 2949  684.00000  668.27778  2.30%  7460 2574s
   116   112  668.27778   70 2944  684.00000  668.27778  2.30%  7370 2578s
   118   114  668.27778   72 2948  684.00000  668.27778  2.30%  7293 2583s
   119   115  668.27778   72 2911  684.00000  668.27778  2.30%  7310 2597s
   122   118  668.27778   75 2886  684.00000  668.27778  2.30%  7164 2600s
   124   120  668.27778   76 2935  684.00000  668.27778  2.30%  7256 2619s
   125   121  668.27778   77 2855  684.00000  668.27778  2.30%  7275 2635s
   126   122  668.27778   78 2853  684.00000  668.27778  2.30%  7384 2655s
   127   123  668.27778   79 2912  684.00000  668.27778  2.30%  7504 2680s
   128   124  668.27778   79 2897  684.00000  668.27778  2.30%  7570 2691s
   129   125  668.27778   80 2831  684.00000  668.27778  2.30%  7544 2699s
   130   126  668.27778   81 2835  684.00000  668.27778  2.30%  7543 2717s
   131   127  668.27778   82 2946  684.00000  668.27778  2.30%  7709 2738s
   132   128  668.27778   82 2879  684.00000  668.27778  2.30%  7683 2742s
   134   130  668.27778   84 2846  684.00000  668.27778  2.30%  7599 2745s
   135   131  668.27778   84 2859  684.00000  668.27778  2.30%  7543 2772s
   137   133  668.27778   86 2976  684.00000  668.27778  2.30%  7570 2785s
   138   134  668.27778   87 2872  684.00000  668.27778  2.30%  7587 2805s
   141   137  668.27778   89 2917  684.00000  668.27778  2.30%  7507 2814s
   142   138  668.27778   89 2994  684.00000  668.27778  2.30%  7628 2848s
   143   139  668.27778   90 2929  684.00000  668.27778  2.30%  7665 2857s
   144   140  668.27778   90 2850  684.00000  668.27778  2.30%  7697 2866s
   146   142  668.27778   92 2895  684.00000  668.27778  2.30%  7658 2873s
   147   143  668.27778   92 2892  684.00000  668.27778  2.30%  7802 2892s
   148   144  668.27778   93 2852  684.00000  668.27778  2.30%  7826 2906s
   151   147  668.27778   94 2845  684.00000  668.27778  2.30%  7711 2910s
   153   149  668.27778   95 2851  684.00000  668.27778  2.30%  7696 2924s
   154   150  668.27778   96 2859  684.00000  668.27778  2.30%  7722 2956s
   156   152  668.27778   98 4379  684.00000  668.27778  2.30%  8200 3314s
   157   153  668.27778   98 3047  684.00000  668.27778  2.30%  8323 3336s
   160   156  668.27778  101 3011  684.00000  668.27778  2.30%  8256 3364s
   161   157  668.27778  102 2944  684.00000  668.27778  2.30%  8264 3376s
   162   158  668.27778  102 2910  684.00000  668.27778  2.30%  8274 3425s
   163   159  668.27778  103 2901  684.00000  668.27778  2.30%  8375 3441s
   164   160  668.27778  104 2818  684.00000  668.27778  2.30%  8363 3452s
   165   161  668.27778  104 2892  684.00000  668.27778  2.30%  8420 3471s
   166   162  668.27778  105 2907  684.00000  668.27778  2.30%  8396 3475s
   167   163  668.27778  106 4158  684.00000  668.27778  2.30%  8376 3494s
   168   164  668.27778  106 2824  684.00000  668.27778  2.30%  8398 3507s
   169   165  668.27778  107 2856  684.00000  668.27778  2.30%  8447 3526s
   170   166  668.27778  107 2893  684.00000  668.27778  2.30%  8489 3553s
   172   168  668.27778  109 2849  684.00000  668.27778  2.30%  8398 3555s
