1.NAME: MIPSolver3
2.PARAMS: {'break_symmetry': False, 'break_symmetry_strong': False}
3.INSTANCE: /home/wx350715/Kobra/rehabiliation-admission-scheduling/data/comp_study_002/instance_1_30.txt
4.REPETITION: 1
Current directory: /home/wx350715/Kobra/rehabiliation-admission-scheduling
[34m2025-01-07 04:05:49,017 - DEBUG - Solver: <class 'src.solvers.mip3.MIPSolver3'>[0m
[34m2025-01-07 04:05:49,017 - DEBUG - Args: {'break_symmetry': False, 'break_symmetry_strong': False}[0m
[34m2025-01-07 04:05:49,017 - DEBUG - File path /home/wx350715/Kobra/rehabiliation-admission-scheduling/data/comp_study_002/instance_1_30.txt[0m
[34m2025-01-07 04:05:49,017 - DEBUG - ADD INSTANCE DATA[0m
[34m2025-01-07 04:05:49,017 - DEBUG - ADD INSTANCE DATA[0m
[34m2025-01-07 04:05:49,017 - DEBUG - ADD INSTANCE DATA[0m
[34m2025-01-07 04:05:49,017 - DEBUG - ADD INSTANCE DATA[0m
[34m2025-01-07 04:05:49,017 - DEBUG - ADD INSTANCE DATA[0m
[34m2025-01-07 04:05:49,018 - DEBUG - ADD INSTANCE DATA[0m
[34m2025-01-07 04:05:49,018 - DEBUG - ADD INSTANCE DATA[0m
[34m2025-01-07 04:05:49,018 - DEBUG - ADD INSTANCE DATA[0m
[34m2025-01-07 04:05:49,018 - DEBUG - ADD INSTANCE DATA[0m
[34m2025-01-07 04:05:49,018 - DEBUG - ADD INSTANCE DATA[0m
[34m2025-01-07 04:05:49,018 - DEBUG - ADD INSTANCE DATA[0m
[34m2025-01-07 04:05:49,018 - DEBUG - ADD RESOURCE_GROUPS[0m
[34m2025-01-07 04:05:49,018 - DEBUG - ADD RESOURCE_GROUPS[0m
[34m2025-01-07 04:05:49,018 - DEBUG - ADD RESOURCE_GROUPS[0m
[34m2025-01-07 04:05:49,018 - DEBUG - ADD RESOURCE_GROUPS[0m
[34m2025-01-07 04:05:49,018 - DEBUG - ADD RESOURCES[0m
[34m2025-01-07 04:05:49,018 - DEBUG - ADD RESOURCES[0m
[34m2025-01-07 04:05:49,018 - DEBUG - ADD RESOURCES[0m
[34m2025-01-07 04:05:49,018 - DEBUG - ADD RESOURCES[0m
[34m2025-01-07 04:05:49,018 - DEBUG - ADD RESOURCES[0m
[34m2025-01-07 04:05:49,019 - DEBUG - ADD RESOURCES[0m
[34m2025-01-07 04:05:49,019 - DEBUG - ADD RESOURCES[0m
[34m2025-01-07 04:05:49,019 - DEBUG - ADD RESOURCES[0m
[34m2025-01-07 04:05:49,019 - DEBUG - ADD RESOURCES[0m
[34m2025-01-07 04:05:49,019 - DEBUG - ADD TREATMENTS[0m
[34m2025-01-07 04:05:49,019 - DEBUG - ADD TREATMENTS[0m
[34m2025-01-07 04:05:49,019 - DEBUG - ADD TREATMENTS[0m
[34m2025-01-07 04:05:49,019 - DEBUG - ADD TREATMENTS[0m
[34m2025-01-07 04:05:49,019 - DEBUG - ADD TREATMENTS[0m
[34m2025-01-07 04:05:49,019 - DEBUG - ADD TREATMENTS[0m
[34m2025-01-07 04:05:49,019 - DEBUG - ADD TREATMENTS[0m
[34m2025-01-07 04:05:49,019 - DEBUG - ADD TREATMENTS[0m
[34m2025-01-07 04:05:49,020 - DEBUG - ADD PATIENTS[0m
[34m2025-01-07 04:05:49,020 - DEBUG - ADD PATIENTS[0m
[34m2025-01-07 04:05:49,020 - DEBUG - ADD PATIENTS[0m
[34m2025-01-07 04:05:49,020 - DEBUG - ADD PATIENTS[0m
[34m2025-01-07 04:05:49,020 - DEBUG - ADD PATIENTS[0m
[34m2025-01-07 04:05:49,020 - DEBUG - ADD PATIENTS[0m
[34m2025-01-07 04:05:49,020 - DEBUG - ADD PATIENTS[0m
[34m2025-01-07 04:05:49,020 - DEBUG - ADD PATIENTS[0m
[34m2025-01-07 04:05:49,021 - DEBUG - ADD PATIENTS[0m
[34m2025-01-07 04:05:49,021 - DEBUG - ADD PATIENTS[0m
[34m2025-01-07 04:05:49,021 - DEBUG - ADD PATIENTS[0m
[34m2025-01-07 04:05:49,021 - DEBUG - ADD PATIENTS[0m
[34m2025-01-07 04:05:49,021 - DEBUG - ADD PATIENTS[0m
[34m2025-01-07 04:05:49,021 - DEBUG - ADD PATIENTS[0m
[34m2025-01-07 04:05:49,021 - DEBUG - ADD PATIENTS[0m
[34m2025-01-07 04:05:49,021 - DEBUG - ADD PATIENTS[0m
[34m2025-01-07 04:05:49,021 - DEBUG - ADD PATIENTS[0m
[34m2025-01-07 04:05:49,021 - DEBUG - ADD PATIENTS[0m
[34m2025-01-07 04:05:49,022 - DEBUG - ADD PATIENTS[0m
[34m2025-01-07 04:05:49,022 - DEBUG - ADD PATIENTS[0m
[34m2025-01-07 04:05:49,022 - DEBUG - ADD PATIENTS[0m
[34m2025-01-07 04:05:49,022 - DEBUG - ADD PATIENTS[0m
[34m2025-01-07 04:05:49,022 - DEBUG - ADD PATIENTS[0m
[34m2025-01-07 04:05:49,022 - DEBUG - ADD PATIENTS[0m
[34m2025-01-07 04:05:49,022 - DEBUG - Instance data:[0m
[34m2025-01-07 04:05:49,022 - DEBUG - Number of patients: 24[0m
[34m2025-01-07 04:05:49,023 - DEBUG - Number of beds: 40[0m
[34m2025-01-07 04:05:49,023 - DEBUG - Average number of treatments per patient: 27.875[0m
[34m2025-01-07 04:05:49,023 - DEBUG - Average number of treatment per stayed day: 1.9970149253731344[0m
[34m2025-01-07 04:05:49,023 - DEBUG - Number of treatments: 669[0m
[34m2025-01-07 04:05:49,023 - DEBUG - Number of resources: 9[0m
[34m2025-01-07 04:05:49,023 - DEBUG - Number of resource groups: 4[0m
[34m2025-01-07 04:05:49,023 - DEBUG - Number of resource hours needed per all treatment by RG(therapists): 22.554166666666664[0m
[34m2025-01-07 04:05:49,023 - DEBUG - Number of resource hours needed per all treatment by RG(rooms): 44.96666666666667[0m
[34m2025-01-07 04:05:49,024 - DEBUG - Number of resource hours needed per all treatment by RG(physiotherapist): 16.5[0m
[34m2025-01-07 04:05:49,024 - DEBUG - Number of resource hours needed per all treatment by RG(sport_room): 12.4375[0m
[32m2025-01-07 04:05:49,024 - INFO - {'solver': 'MIPSolver3', 'args': {'break_symmetry': True, 'break_symmetry_strong': True, 'enforce_min_treatments_per_day': True, 'enforce_max_treatments_per_e_w': True, 'enforce_min_patients_per_treatment': True, 'log_to_console': True}}[0m
[34m2025-01-07 04:05:49,024 - DEBUG - Setting options: MIPSolver3[0m
[34m2025-01-07 04:05:49,024 - DEBUG -  ---- break_symmetry to True[0m
[34m2025-01-07 04:05:49,024 - DEBUG -  ---- break_symmetry_strong to True[0m
[34m2025-01-07 04:05:49,024 - DEBUG - Setting options: Solver[0m
[34m2025-01-07 04:05:49,024 - DEBUG -  ---- number_of_threads to 1 (default)[0m
[34m2025-01-07 04:05:49,024 - DEBUG -  ---- treatment_value to 0 (default)[0m
[34m2025-01-07 04:05:49,024 - DEBUG -  ---- delay_value to 1 (default)[0m
[34m2025-01-07 04:05:49,024 - DEBUG -  ---- missing_treatment_value to 4 (default)[0m
[34m2025-01-07 04:05:49,024 - DEBUG -  ---- enforce_min_treatments_per_day to True[0m
[34m2025-01-07 04:05:49,024 - DEBUG -  ---- enforce_max_treatments_per_e_w to True[0m
[34m2025-01-07 04:05:49,024 - DEBUG -  ---- enforce_min_patients_per_treatment to True[0m
[34m2025-01-07 04:05:49,024 - DEBUG -  ---- log_to_console to True[0m
[34m2025-01-07 04:05:49,024 - DEBUG -  ---- log_to_file to True (default)[0m
[32m2025-01-07 04:05:49,040 - INFO - Create model: MIPSolver3[0m
Set parameter TSPort to value 50039
Set parameter TokenServer to value "license.itc.rwth-aachen.de"
Set parameter Threads to value 1
Set parameter Cuts to value 0
[34m2025-01-07 04:06:02,073 - DEBUG - Variables created.[0m
[34m2025-01-07 04:06:03,369 - DEBUG - Constraint (p1) created.[0m
[34m2025-01-07 04:06:23,407 - DEBUG - Constraint (when_admitted) created.[0m
[34m2025-01-07 04:06:25,277 - DEBUG - Constraint (p3) created.[0m
[34m2025-01-07 04:06:25,279 - DEBUG - Constraint (r1) created.[0m
[34m2025-01-07 04:06:27,526 - DEBUG - Constraint (r2) created.[0m
[34m2025-01-07 04:06:29,848 - DEBUG - Constraint (r3) created.[0m
[34m2025-01-07 04:06:43,068 - DEBUG - Constraint (r4) created.[0m
[34m2025-01-07 04:06:43,127 - DEBUG - Constraint (r5) created.[0m
[34m2025-01-07 04:06:45,234 - DEBUG - Constraint (r6) created.[0m
[34m2025-01-07 04:06:45,234 - DEBUG - Constraint (r7) created.[0m
[34m2025-01-07 04:06:48,501 - DEBUG - Constraint (a4) created.[0m
[34m2025-01-07 04:06:49,481 - DEBUG - Constraint (a5) created.[0m
[34m2025-01-07 04:06:50,535 - DEBUG - Constraint (a5) created.[0m
[34m2025-01-07 04:06:50,970 - DEBUG - Constraint (strong symmetry) created.[0m
[34m2025-01-07 04:06:51,077 - DEBUG - Constraint (symmetry) created.[0m
[32m2025-01-07 04:07:27,097 - INFO - Time to create model: 98.057[0m
[32m2025-01-07 04:07:27,097 - INFO - Solving model: MIPSolver3[0m
Gurobi Optimizer version 10.0.0 build v10.0.0rc2 (linux64)

CPU model: Intel(R) Xeon(R) Platinum 8468, instruction set [SSE2|AVX|AVX2|AVX512]
Thread count: 96 physical cores, 96 logical processors, using up to 1 threads

Optimize a model with 3643672 rows, 2425251 columns and 31073762 nonzeros
Model fingerprint: 0xbc6c3283
Variable types: 2 continuous, 2425249 integer (2425249 binary)
Coefficient statistics:
  Matrix range     [1e+00, 1e+01]
  Objective range  [1e+00, 1e+01]
  Bounds range     [1e+00, 1e+00]
  RHS range        [1e+00, 3e+03]
Presolve removed 893434 rows and 599752 columns (presolve time = 5s) ...
Presolve removed 900658 rows and 614200 columns (presolve time = 10s) ...
Presolve removed 900659 rows and 614205 columns (presolve time = 15s) ...
Presolve removed 900659 rows and 614205 columns (presolve time = 20s) ...
Presolve removed 900659 rows and 614205 columns (presolve time = 25s) ...
Presolve removed 903251 rows and 614205 columns (presolve time = 30s) ...
Presolve removed 1165043 rows and 614205 columns (presolve time = 35s) ...
Presolve removed 1165043 rows and 614205 columns (presolve time = 40s) ...
Presolve removed 1308889 rows and 614205 columns (presolve time = 45s) ...
Presolve removed 1338831 rows and 614205 columns (presolve time = 50s) ...
Presolve removed 1338831 rows and 614205 columns (presolve time = 56s) ...
Presolve removed 1338831 rows and 614205 columns (presolve time = 60s) ...
Presolve removed 1338831 rows and 614205 columns (presolve time = 65s) ...
Presolve removed 1339502 rows and 614205 columns (presolve time = 70s) ...
Presolve removed 1339502 rows and 614205 columns (presolve time = 75s) ...
Presolve removed 1339502 rows and 614205 columns (presolve time = 80s) ...
Presolve removed 1339502 rows and 614205 columns (presolve time = 85s) ...
Presolve removed 1339502 rows and 614205 columns (presolve time = 90s) ...
Presolve removed 1339502 rows and 614205 columns (presolve time = 95s) ...
Presolve removed 1339502 rows and 614205 columns (presolve time = 100s) ...
Presolve removed 1339502 rows and 614205 columns (presolve time = 105s) ...
Presolve removed 1339502 rows and 614205 columns (presolve time = 110s) ...
Presolve removed 1339502 rows and 614205 columns (presolve time = 115s) ...
Presolve removed 1339502 rows and 614205 columns (presolve time = 120s) ...
Presolve removed 1339502 rows and 614205 columns (presolve time = 125s) ...
Presolve removed 1339502 rows and 614205 columns (presolve time = 130s) ...
Presolve removed 1339502 rows and 614205 columns (presolve time = 135s) ...
Presolve removed 1339502 rows and 614205 columns (presolve time = 140s) ...
Presolve removed 1339502 rows and 614205 columns (presolve time = 145s) ...
Presolve removed 1339502 rows and 614205 columns (presolve time = 150s) ...
Presolve removed 1339502 rows and 614205 columns (presolve time = 155s) ...
Presolve removed 1339502 rows and 614205 columns (presolve time = 160s) ...
Presolve removed 1339502 rows and 614205 columns (presolve time = 165s) ...
Presolve removed 1339502 rows and 614205 columns (presolve time = 170s) ...
Presolve removed 1339502 rows and 614205 columns (presolve time = 175s) ...
Presolve removed 1339502 rows and 614205 columns (presolve time = 180s) ...
Presolve removed 1339502 rows and 614205 columns (presolve time = 185s) ...
Presolve removed 1339502 rows and 614205 columns (presolve time = 190s) ...
Presolve removed 1339502 rows and 614205 columns (presolve time = 195s) ...
Presolve removed 1339502 rows and 614205 columns (presolve time = 200s) ...
Presolve removed 1339502 rows and 614205 columns (presolve time = 205s) ...
Presolve removed 1339502 rows and 614205 columns (presolve time = 210s) ...
Presolve removed 1339502 rows and 614205 columns (presolve time = 215s) ...
Presolve removed 1339502 rows and 614205 columns (presolve time = 220s) ...
Presolve removed 1339502 rows and 614205 columns (presolve time = 225s) ...
Presolve removed 1339502 rows and 614205 columns (presolve time = 230s) ...
Presolve removed 1339502 rows and 614205 columns (presolve time = 235s) ...
Presolve removed 1339502 rows and 614205 columns (presolve time = 240s) ...
Presolve removed 1339502 rows and 614205 columns (presolve time = 245s) ...
Presolve removed 1339502 rows and 614205 columns (presolve time = 250s) ...
Presolve removed 1339502 rows and 614205 columns (presolve time = 255s) ...
Presolve removed 1339502 rows and 614205 columns (presolve time = 260s) ...
Presolve removed 1339502 rows and 614205 columns (presolve time = 265s) ...
Presolve removed 1339502 rows and 614205 columns (presolve time = 270s) ...
Presolve removed 1339502 rows and 614205 columns (presolve time = 275s) ...
Presolve removed 1339502 rows and 614205 columns (presolve time = 280s) ...
Presolve removed 1339502 rows and 614205 columns (presolve time = 285s) ...
Presolve removed 1339502 rows and 614205 columns (presolve time = 290s) ...
Presolve removed 1339502 rows and 614205 columns (presolve time = 295s) ...
Presolve removed 1339502 rows and 614205 columns (presolve time = 300s) ...
Presolve removed 1339502 rows and 614205 columns (presolve time = 305s) ...
Presolve removed 1339502 rows and 614205 columns (presolve time = 310s) ...
Presolve removed 1339502 rows and 614205 columns (presolve time = 315s) ...
Presolve removed 1339502 rows and 614205 columns (presolve time = 320s) ...
Presolve removed 1339502 rows and 614205 columns (presolve time = 325s) ...
Presolve removed 1339502 rows and 614205 columns (presolve time = 330s) ...
Presolve removed 1339502 rows and 614205 columns (presolve time = 335s) ...
Presolve removed 1339502 rows and 614205 columns (presolve time = 340s) ...
Presolve removed 1339502 rows and 614205 columns (presolve time = 345s) ...
Presolve removed 1339502 rows and 614205 columns (presolve time = 350s) ...
Presolve removed 1339502 rows and 614205 columns (presolve time = 355s) ...
Presolve removed 1339502 rows and 614205 columns (presolve time = 360s) ...
Presolve removed 1339502 rows and 614205 columns (presolve time = 365s) ...
Presolve removed 1339502 rows and 614205 columns (presolve time = 370s) ...
Presolve removed 1339502 rows and 614205 columns (presolve time = 375s) ...
Presolve removed 1339502 rows and 614205 columns (presolve time = 380s) ...
Presolve removed 1339502 rows and 614205 columns (presolve time = 385s) ...
Presolve removed 1339502 rows and 614205 columns (presolve time = 390s) ...
Presolve removed 1339502 rows and 614205 columns (presolve time = 395s) ...
Presolve removed 1339502 rows and 614205 columns (presolve time = 400s) ...
Presolve removed 1339502 rows and 614205 columns (presolve time = 405s) ...
Presolve removed 1339502 rows and 614205 columns (presolve time = 410s) ...
Presolve removed 1339502 rows and 614205 columns (presolve time = 415s) ...
Presolve removed 1339502 rows and 614205 columns (presolve time = 420s) ...
Presolve removed 1339502 rows and 614205 columns (presolve time = 425s) ...
Presolve removed 1339502 rows and 614205 columns (presolve time = 430s) ...
Presolve removed 1339502 rows and 614205 columns (presolve time = 435s) ...
Presolve removed 1339502 rows and 614205 columns (presolve time = 440s) ...
Presolve removed 1339502 rows and 614205 columns (presolve time = 445s) ...
Presolve removed 1339502 rows and 614205 columns (presolve time = 450s) ...
Presolve removed 1339502 rows and 614205 columns (presolve time = 455s) ...
Presolve removed 1339502 rows and 614205 columns (presolve time = 460s) ...
Presolve removed 1339502 rows and 614205 columns (presolve time = 465s) ...
Presolve removed 1339502 rows and 614205 columns (presolve time = 470s) ...
Presolve removed 1339502 rows and 614205 columns (presolve time = 475s) ...
Presolve removed 1339502 rows and 614205 columns (presolve time = 480s) ...
Presolve removed 1339502 rows and 614205 columns (presolve time = 485s) ...
Presolve removed 1339502 rows and 614205 columns (presolve time = 490s) ...
Presolve removed 1339502 rows and 614205 columns (presolve time = 495s) ...
Presolve removed 1339502 rows and 614205 columns (presolve time = 500s) ...
Presolve removed 1339502 rows and 614205 columns (presolve time = 505s) ...
Presolve removed 1339502 rows and 614205 columns (presolve time = 510s) ...
Presolve removed 1339502 rows and 614205 columns (presolve time = 515s) ...
Presolve removed 1339502 rows and 614205 columns (presolve time = 520s) ...
Presolve removed 1339502 rows and 614205 columns (presolve time = 525s) ...
Presolve removed 1339502 rows and 614205 columns (presolve time = 530s) ...
Presolve removed 1339502 rows and 614205 columns (presolve time = 535s) ...
Presolve removed 1339502 rows and 614205 columns (presolve time = 540s) ...
Presolve removed 1339502 rows and 614205 columns (presolve time = 545s) ...
Presolve removed 1339502 rows and 614205 columns (presolve time = 550s) ...
Presolve removed 1339502 rows and 614205 columns (presolve time = 555s) ...
Presolve removed 1339502 rows and 614205 columns (presolve time = 560s) ...
Presolve removed 1339502 rows and 614205 columns (presolve time = 565s) ...
Presolve removed 1339502 rows and 614205 columns (presolve time = 570s) ...
Presolve removed 1339502 rows and 614205 columns (presolve time = 575s) ...
Presolve removed 1339502 rows and 614205 columns (presolve time = 580s) ...
Presolve removed 1339502 rows and 614205 columns (presolve time = 585s) ...
Presolve removed 1339502 rows and 614205 columns (presolve time = 590s) ...
Presolve removed 1339502 rows and 614205 columns (presolve time = 595s) ...
Presolve removed 1339502 rows and 614205 columns (presolve time = 600s) ...
Presolve removed 1339502 rows and 614205 columns (presolve time = 605s) ...
Presolve removed 1339502 rows and 614205 columns (presolve time = 610s) ...
Presolve removed 1339502 rows and 614205 columns (presolve time = 615s) ...
Presolve removed 1339502 rows and 614205 columns (presolve time = 620s) ...
Presolve removed 1339502 rows and 614205 columns (presolve time = 625s) ...
Presolve removed 1339502 rows and 614205 columns (presolve time = 630s) ...
Presolve removed 1339502 rows and 614205 columns (presolve time = 635s) ...
Presolve removed 1339502 rows and 614205 columns (presolve time = 640s) ...
Presolve removed 1339502 rows and 614205 columns (presolve time = 645s) ...
Presolve removed 1339502 rows and 614205 columns (presolve time = 650s) ...
Presolve removed 1339502 rows and 614205 columns (presolve time = 655s) ...
Presolve removed 1339502 rows and 614205 columns (presolve time = 660s) ...
Presolve removed 1339502 rows and 614205 columns (presolve time = 665s) ...
Presolve removed 1339502 rows and 614205 columns (presolve time = 670s) ...
Presolve removed 1339502 rows and 614205 columns (presolve time = 675s) ...
Presolve removed 1339502 rows and 614205 columns (presolve time = 680s) ...
Presolve removed 1339502 rows and 614205 columns (presolve time = 685s) ...
Presolve removed 1339502 rows and 614205 columns (presolve time = 690s) ...
Presolve removed 1339502 rows and 614205 columns (presolve time = 695s) ...
Presolve removed 1339502 rows and 614205 columns (presolve time = 700s) ...
Presolve removed 1339502 rows and 614205 columns (presolve time = 705s) ...
Presolve removed 1339502 rows and 614205 columns (presolve time = 710s) ...
Presolve removed 1339502 rows and 614205 columns (presolve time = 715s) ...
Presolve removed 1339502 rows and 614205 columns (presolve time = 720s) ...
Presolve removed 1339502 rows and 614205 columns (presolve time = 725s) ...
Presolve removed 1339502 rows and 614205 columns (presolve time = 730s) ...
Presolve removed 1339502 rows and 614205 columns (presolve time = 735s) ...
Presolve removed 1339502 rows and 614205 columns (presolve time = 740s) ...
Presolve removed 1339502 rows and 614205 columns (presolve time = 745s) ...
Presolve removed 1339502 rows and 614205 columns (presolve time = 750s) ...
Presolve removed 1339502 rows and 614205 columns (presolve time = 755s) ...
Presolve removed 1339502 rows and 614205 columns (presolve time = 760s) ...
Presolve removed 1339502 rows and 614205 columns (presolve time = 765s) ...
Presolve removed 1339502 rows and 614205 columns (presolve time = 770s) ...
Presolve removed 1339502 rows and 614205 columns (presolve time = 775s) ...
Presolve removed 1339502 rows and 614205 columns (presolve time = 780s) ...
Presolve removed 1339502 rows and 614205 columns (presolve time = 785s) ...
Presolve removed 1339502 rows and 614205 columns (presolve time = 790s) ...
Presolve removed 1339502 rows and 614205 columns (presolve time = 795s) ...
Presolve removed 1339502 rows and 614205 columns (presolve time = 800s) ...
Presolve removed 1339502 rows and 614205 columns (presolve time = 805s) ...
Presolve removed 1339502 rows and 614205 columns (presolve time = 810s) ...
Presolve removed 1339502 rows and 614205 columns (presolve time = 815s) ...
Presolve removed 1339502 rows and 614205 columns (presolve time = 820s) ...
Presolve removed 1339502 rows and 614205 columns (presolve time = 825s) ...
Presolve removed 1339502 rows and 614205 columns (presolve time = 830s) ...
Presolve removed 1339502 rows and 614205 columns (presolve time = 835s) ...
Presolve removed 1339502 rows and 614205 columns (presolve time = 840s) ...
Presolve removed 1339502 rows and 614205 columns (presolve time = 845s) ...
Presolve removed 1339502 rows and 614205 columns (presolve time = 850s) ...
Presolve removed 1339502 rows and 614205 columns (presolve time = 855s) ...
Presolve removed 1339502 rows and 614205 columns (presolve time = 860s) ...
Presolve removed 1339502 rows and 614205 columns (presolve time = 865s) ...
Presolve removed 1339502 rows and 614205 columns (presolve time = 870s) ...
Presolve removed 1339502 rows and 628653 columns (presolve time = 875s) ...
Presolve removed 1339505 rows and 628653 columns (presolve time = 880s) ...
Presolve removed 1339505 rows and 628653 columns (presolve time = 885s) ...
Presolve removed 1338837 rows and 627985 columns
Presolve time: 888.77s
Presolved: 2304835 rows, 1797266 columns, 16134575 nonzeros
Variable types: 0 continuous, 1797266 integer (1797051 binary)

Root simplex log...

Iteration    Objective       Primal Inf.    Dual Inf.      Time
       0    0.0000000e+00   2.219000e+03   0.000000e+00    917s
   14389    5.0400005e+02   2.578047e+03   0.000000e+00    922s
   24942    5.0800010e+02   8.516033e+03   0.000000e+00    926s
   36979    5.0800025e+02   5.834673e+03   0.000000e+00    931s
   42656    5.0800027e+02   1.159234e+04   0.000000e+00    935s
   48517    5.0800029e+02   2.995949e+03   0.000000e+00    940s
   50552    5.0800030e+02   1.107052e+04   0.000000e+00    947s
   51395    5.0800030e+02   5.832668e+03   0.000000e+00    950s
   53261    5.0800031e+02   5.138805e+03   0.000000e+00    957s
   54114    5.0800031e+02   1.042441e+04   0.000000e+00    961s
   56734    5.0800032e+02   4.563052e+03   0.000000e+00    967s
   57860    5.0800033e+02   7.994790e+03   0.000000e+00    971s
   59376    5.0800033e+02   1.366005e+04   0.000000e+00    977s
   60289    5.0800033e+02   1.403408e+03   0.000000e+00    981s
   61249    5.0800034e+02   1.456736e+03   0.000000e+00    986s
   62938    5.0800034e+02   3.136309e+03   0.000000e+00    991s
   66046    5.0800035e+02   8.272886e+03   0.000000e+00    996s
   67069    5.0800036e+02   2.253444e+03   0.000000e+00   1001s
   67939    5.0800036e+02   1.447359e+04   0.000000e+00   1006s
   68862    5.0800036e+02   5.443688e+03   0.000000e+00   1010s
   69872    5.0800037e+02   5.223981e+04   0.000000e+00   1015s
   71135    5.0800037e+02   2.210177e+03   0.000000e+00   1021s
   72498    5.0800038e+02   1.628433e+03   0.000000e+00   1027s
   73178    5.0800038e+02   2.319908e+04   0.000000e+00   1032s
   74304    5.0800038e+02   1.952509e+03   0.000000e+00   1035s
   76433    5.0800039e+02   2.606879e+03   0.000000e+00   1041s
   77403    5.0800039e+02   3.187329e+03   0.000000e+00   1046s
   78103    5.0800039e+02   1.764901e+03   0.000000e+00   1051s
   80355    5.0800040e+02   1.952667e+03   0.000000e+00   1056s
   82041    5.0800040e+02   8.521324e+02   0.000000e+00   1060s
   83051    5.0800040e+02   7.668526e+02   0.000000e+00   1067s
   84577    5.0800041e+02   1.666685e+03   0.000000e+00   1072s
   85497    5.0800042e+02   2.467472e+03   0.000000e+00   1077s
   86057    5.0800042e+02   2.021927e+03   0.000000e+00   1082s
   86767    5.0800042e+02   8.601363e+03   0.000000e+00   1086s
   87557    5.0800042e+02   9.382800e+03   0.000000e+00   1091s
   88077    5.0800042e+02   5.614344e+03   0.000000e+00   1095s
   89190    5.0800043e+02   5.684878e+03   0.000000e+00   1102s
   89930    5.0800043e+02   1.613659e+03   0.000000e+00   1107s
   90560    5.0800043e+02   3.518337e+03   0.000000e+00   1112s
   91433    5.0800044e+02   2.886225e+03   0.000000e+00   1117s
   91903    5.0800044e+02   3.247900e+03   0.000000e+00   1122s
   92683    5.0800044e+02   2.583415e+03   0.000000e+00   1127s
   94192    5.0800045e+02   2.148094e+03   0.000000e+00   1132s
   95318    5.0800045e+02   5.310519e+03   0.000000e+00   1135s
   95818    5.0800045e+02   4.156235e+03   0.000000e+00   1140s
   96458    5.0800045e+02   5.059596e+04   0.000000e+00   1145s
   97508    5.0800046e+02   2.425628e+03   0.000000e+00   1150s
   98781    5.0800046e+02   2.050369e+03   0.000000e+00   1157s
   99461    5.0800046e+02   2.843026e+03   0.000000e+00   1163s
  100021    5.0800046e+02   1.153043e+04   0.000000e+00   1165s
  100691    5.0800047e+02   5.226894e+04   0.000000e+00   1170s
  101101    5.0800047e+02   1.867615e+03   0.000000e+00   1175s
  101721    5.0800047e+02   3.815886e+03   0.000000e+00   1180s
  102624    5.0800047e+02   3.392887e+03   0.000000e+00   1185s
  103544    5.0800048e+02   1.927277e+03   0.000000e+00   1192s
  104034    5.0800048e+02   4.742478e+03   0.000000e+00   1197s
  105723    5.0800054e+02   1.670320e+03   0.000000e+00   1201s
  108018    5.0800060e+02   2.175199e+03   0.000000e+00   1207s
  109151    5.0800063e+02   9.903601e+02   0.000000e+00   1211s
  110184    5.0800064e+02   3.507976e+03   0.000000e+00   1216s
  111187    5.0800065e+02   3.232200e+03   0.000000e+00   1221s
  112230    5.0800066e+02   2.741329e+03   0.000000e+00   1225s
  113813    5.0800068e+02   6.446705e+03   0.000000e+00   1232s
  114453    5.0800071e+02   1.480216e+03   0.000000e+00   1237s
  115463    5.0800072e+02   2.340837e+03   0.000000e+00   1242s
  116306    5.0800073e+02   9.489327e+02   0.000000e+00   1246s
  117079    5.0800074e+02   1.004203e+03   0.000000e+00   1251s
  118059    5.0800075e+02   1.858414e+03   0.000000e+00   1256s
  118922    5.0800076e+02   1.403304e+03   0.000000e+00   1261s
  120792    5.0800077e+02   1.729174e+03   0.000000e+00   1266s
  122305    5.0800078e+02   3.109493e+03   0.000000e+00   1272s
  122955    5.0800079e+02   7.721747e+02   0.000000e+00   1278s
  123365    5.0800079e+02   1.077986e+04   0.000000e+00   1280s
  123815    5.0800079e+02   8.020731e+02   0.000000e+00   1285s
  124335    5.0800079e+02   2.588668e+03   0.000000e+00   1291s
  124795    5.0800080e+02   1.855224e+03   0.000000e+00   1296s
  125335    5.0800080e+02   9.780862e+02   0.000000e+00   1302s
  126461    5.0800081e+02   1.557701e+03   0.000000e+00   1306s
  127211    5.0800081e+02   9.038137e+03   0.000000e+00   1312s
  127931    5.0800082e+02   4.805671e+03   0.000000e+00   1317s
  128894    5.0800082e+02   1.547398e+03   0.000000e+00   1322s
  129504    5.0800083e+02   2.518391e+03   0.000000e+00   1328s
  130630    5.0800084e+02   3.431446e+03   0.000000e+00   1332s
  131220    5.0800084e+02   4.246170e+03   0.000000e+00   1338s
  131783    5.0800085e+02   2.977558e+03   0.000000e+00   1340s
  132443    5.0800085e+02   6.386443e+03   0.000000e+00   1347s
  133163    5.0800086e+02   2.918158e+03   0.000000e+00   1352s
  133353    5.0800086e+02   9.199417e+03   0.000000e+00   1355s
  133993    5.0800086e+02   2.852464e+03   0.000000e+00   1361s
  134853    5.0800086e+02   4.099410e+04   0.000000e+00   1367s
  135523    5.0800087e+02   2.575702e+03   0.000000e+00   1372s
  135823    5.0800087e+02   4.576256e+03   0.000000e+00   1375s
  136793    5.0800088e+02   4.890180e+03   0.000000e+00   1381s
  137743    5.0800089e+02   1.789589e+03   0.000000e+00   1387s
  138553    5.0800089e+02   1.928712e+03   0.000000e+00   1393s
  138943    5.0800090e+02   9.254008e+03   0.000000e+00   1396s
  139523    5.0800090e+02   8.158569e+03   0.000000e+00   1401s
  139983    5.0800090e+02   8.155050e+03   0.000000e+00   1407s
  140633    5.0800091e+02   6.347782e+03   0.000000e+00   1412s
  140883    5.0800091e+02   1.035861e+03   0.000000e+00   1415s
  141263    5.0800091e+02   9.229585e+03   0.000000e+00   1420s
  141863    5.0800091e+02   8.304492e+03   0.000000e+00   1427s
  142273    5.0800092e+02   2.251892e+03   0.000000e+00   1432s
  142623    5.0800092e+02   8.125914e+03   0.000000e+00   1435s
  143263    5.0800092e+02   2.196551e+03   0.000000e+00   1441s
  143983    5.0800093e+02   2.797006e+04   0.000000e+00   1447s
  144683    5.0800093e+02   6.876853e+03   0.000000e+00   1453s
  144973    5.0800093e+02   1.150745e+04   0.000000e+00   1456s
  145653    5.0800094e+02   9.862529e+02   0.000000e+00   1462s
  146093    5.0800094e+02   6.345315e+03   0.000000e+00   1466s
  146853    5.0800094e+02   6.315980e+03   0.000000e+00   1472s
  147193    5.0800094e+02   4.417206e+03   0.000000e+00   1475s
  148063    5.0800095e+02   3.209597e+03   0.000000e+00   1482s
  149013    5.0800096e+02   1.339439e+03   0.000000e+00   1487s
  149303    5.0800096e+02   1.096816e+03   0.000000e+00   1490s
  149873    5.0800096e+02   1.472952e+03   0.000000e+00   1496s
  150423    5.0800096e+02   4.921858e+03   0.000000e+00   1502s
  151316    5.0800097e+02   1.519061e+04   0.000000e+00   1506s
  151906    5.0800097e+02   1.128445e+04   0.000000e+00   1512s
  152386    5.0800098e+02   7.713648e+03   0.000000e+00   1515s
  153016    5.0800098e+02   5.001453e+03   0.000000e+00   1520s
  153466    5.0800098e+02   1.155815e+04   0.000000e+00   1526s
  153876    5.0800098e+02   6.938589e+03   0.000000e+00   1532s
  154346    5.0800099e+02   6.433373e+03   0.000000e+00   1537s
  154936    5.0800099e+02   2.551563e+03   0.000000e+00   1542s
  155186    5.0800099e+02   1.177043e+03   0.000000e+00   1545s
  155756    5.0800099e+02   4.651741e+03   0.000000e+00   1551s
  156356    5.0800100e+02   2.229291e+04   0.000000e+00   1558s
  156616    5.0800100e+02   3.462438e+04   0.000000e+00   1561s
  157076    5.0800100e+02   5.454195e+03   0.000000e+00   1566s
  157576    5.0800100e+02   3.761308e+03   0.000000e+00   1571s
  158116    5.0800101e+02   1.487831e+04   0.000000e+00   1577s
  158856    5.0800101e+02   7.021326e+03   0.000000e+00   1583s
  159186    5.0800101e+02   6.126660e+03   0.000000e+00   1585s
  159906    5.0800102e+02   1.560518e+03   0.000000e+00   1591s
  160506    5.0800102e+02   5.086156e+03   0.000000e+00   1596s
  161186    5.0800103e+02   7.904801e+03   0.000000e+00   1601s
  161796    5.0800103e+02   4.998379e+03   0.000000e+00   1607s
  162756    5.0800104e+02   9.150853e+03   0.000000e+00   1612s
  163676    5.0800106e+02   3.134173e+04   0.000000e+00   1617s
  164416    5.0800106e+02   2.732924e+04   0.000000e+00   1623s
  164866    5.0800107e+02   4.187125e+03   0.000000e+00   1625s
  165526    5.0800107e+02   1.449415e+04   0.000000e+00   1631s
  166036    5.0800108e+02   3.442757e+03   0.000000e+00   1636s
  166556    5.0800108e+02   1.313115e+04   0.000000e+00   1642s
  167216    5.0800109e+02   1.661449e+03   0.000000e+00   1647s
  167926    5.0800109e+02   1.727516e+03   0.000000e+00   1653s
  168286    5.0800109e+02   9.510271e+03   0.000000e+00   1656s
  168976    5.0800110e+02   1.940941e+03   0.000000e+00   1661s
  169496    5.0800111e+02   4.077679e+03   0.000000e+00   1666s
  169966    5.0800111e+02   3.971626e+03   0.000000e+00   1672s
  170346    5.0800111e+02   1.067442e+04   0.000000e+00   1677s
  170816    5.0800111e+02   1.195808e+03   0.000000e+00   1682s
  171366    5.0800112e+02   5.584495e+04   0.000000e+00   1687s
  171956    5.0800112e+02   1.103601e+05   0.000000e+00   1692s
  172556    5.0800112e+02   1.365438e+04   0.000000e+00   1696s
  173086    5.0800112e+02   1.172555e+05   0.000000e+00   1702s
  173566    5.0800112e+02   9.124378e+03   0.000000e+00   1707s
  174166    5.0800113e+02   5.806133e+04   0.000000e+00   1712s
  174586    5.0800113e+02   3.083876e+05   0.000000e+00   1716s
  175216    5.0800113e+02   2.429468e+03   0.000000e+00   1721s
  175796    5.0800113e+02   1.919453e+03   0.000000e+00   1727s
  176116    5.0800113e+02   1.299252e+03   0.000000e+00   1732s
  176276    5.0800113e+02   2.414346e+03   0.000000e+00   1735s
  176596    5.0800113e+02   4.575510e+03   0.000000e+00   1740s
  176876    5.0800113e+02   3.326369e+03   0.000000e+00   1745s
  177146    5.0800114e+02   1.533463e+04   0.000000e+00   1751s
  177456    5.0800114e+02   3.206572e+03   0.000000e+00   1756s
  177786    5.0800114e+02   1.401524e+03   0.000000e+00   1761s
  178076    5.0800114e+02   3.494517e+03   0.000000e+00   1767s
  178326    5.0800114e+02   4.546961e+03   0.000000e+00   1772s
  178626    5.0800114e+02   4.477214e+03   0.000000e+00   1777s
  178786    5.0800114e+02   3.535079e+03   0.000000e+00   1780s
  179336    5.0800144e+02   8.915039e+02   0.000000e+00   1785s
  179906    5.0800146e+02   2.138604e+03   0.000000e+00   1791s
  180516    5.0800149e+02   7.175016e+02   0.000000e+00   1796s
  181216    5.0800152e+02   3.944840e+03   0.000000e+00   1802s
  181766    5.0800154e+02   1.212435e+03   0.000000e+00   1807s
  181976    5.0800154e+02   4.543627e+03   0.000000e+00   1810s
  182476    5.0800155e+02   9.146888e+02   0.000000e+00   1816s
  182946    5.0800156e+02   1.012180e+03   0.000000e+00   1821s
  183346    5.0800157e+02   2.651663e+03   0.000000e+00   1827s
  183726    5.0800157e+02   9.017560e+02   0.000000e+00   1833s
  183906    5.0800158e+02   4.003684e+03   0.000000e+00   1835s
  184336    5.0800158e+02   3.450366e+03   0.000000e+00   1841s
  184726    5.0800159e+02   1.513462e+03   0.000000e+00   1847s
  185116    5.0800160e+02   4.888674e+02   0.000000e+00   1852s
  185516    5.0800161e+02   2.792993e+03   0.000000e+00   1858s
  185756    5.0800161e+02   2.704196e+03   0.000000e+00   1861s
  186176    5.0800162e+02   1.691102e+04   0.000000e+00   1866s
  186626    5.0800162e+02   1.149659e+03   0.000000e+00   1872s
  187026    5.0800163e+02   2.623204e+03   0.000000e+00   1878s
  187206    5.0800163e+02   1.141299e+04   0.000000e+00   1881s
  187546    5.0800163e+02   8.077232e+03   0.000000e+00   1886s
  187916    5.0800164e+02   1.472275e+03   0.000000e+00   1892s
  188226    5.0800164e+02   1.351849e+03   0.000000e+00   1897s
  188576    5.0800165e+02   1.085467e+03   0.000000e+00   1902s
  188776    5.0800165e+02   1.908837e+03   0.000000e+00   1905s
  189166    5.0800166e+02   4.958703e+03   0.000000e+00   1911s
  189586    5.0800166e+02   1.922215e+03   0.000000e+00   1916s
  190096    5.0800167e+02   9.149300e+03   0.000000e+00   1922s
  190456    5.0800167e+02   6.628117e+03   0.000000e+00   1927s
  190856    5.0800168e+02   5.505802e+03   0.000000e+00   1933s
  191046    5.0800169e+02   6.530834e+02   0.000000e+00   1936s
  191436    5.0800169e+02   6.071747e+02   0.000000e+00   1942s
  191806    5.0800170e+02   1.886189e+03   0.000000e+00   1947s
  191966    5.0800170e+02   4.054593e+03   0.000000e+00   1950s
  192346    5.0800170e+02   2.198507e+03   0.000000e+00   1956s
  192716    5.0800171e+02   1.666096e+03   0.000000e+00   1961s
  193026    5.0800171e+02   6.818893e+02   0.000000e+00   1967s
  193356    5.0800172e+02   3.328895e+03   0.000000e+00   1973s
  193546    5.0800172e+02   6.321257e+03   0.000000e+00   1976s
  193896    5.0800172e+02   6.225694e+02   0.000000e+00   1981s
  194246    5.0800173e+02   2.802320e+03   0.000000e+00   1987s
  194636    5.0800174e+02   3.008100e+03   0.000000e+00   1993s
  194816    5.0800174e+02   1.487667e+03   0.000000e+00   1995s
  195196    5.0800174e+02   9.217613e+03   0.000000e+00   2001s
  195566    5.0800175e+02   1.362390e+03   0.000000e+00   2007s
  195936    5.0800175e+02   1.389313e+03   0.000000e+00   2013s
  196116    5.0800175e+02   5.206422e+03   0.000000e+00   2015s
  196466    5.0800175e+02   2.278186e+03   0.000000e+00   2021s
  196826    5.0800176e+02   2.068095e+03   0.000000e+00   2027s
  197236    5.0800176e+02   2.756982e+04   0.000000e+00   2032s
  197416    5.0800176e+02   5.182004e+03   0.000000e+00   2035s
  197766    5.0800177e+02   1.425974e+03   0.000000e+00   2041s
  198116    5.0800177e+02   2.269111e+03   0.000000e+00   2047s
  198426    5.0800178e+02   1.350711e+03   0.000000e+00   2052s
  198756    5.0800178e+02   3.917822e+02   0.000000e+00   2058s
  198936    5.0800178e+02   4.917341e+03   0.000000e+00   2061s
  199256    5.0800178e+02   5.573304e+03   0.000000e+00   2067s
  199546    5.0800179e+02   6.208698e+03   0.000000e+00   2072s
  199686    5.0800179e+02   1.617852e+03   0.000000e+00   2075s
  200026    5.0800179e+02   3.921236e+03   0.000000e+00   2081s
  200376    5.0800180e+02   1.440993e+03   0.000000e+00   2087s
  200726    5.0800180e+02   2.316209e+03   0.000000e+00   2093s
  200906    5.0800180e+02   6.504432e+02   0.000000e+00   2095s
  201236    5.0800180e+02   1.057081e+03   0.000000e+00   2101s
  201576    5.0800181e+02   1.985792e+03   0.000000e+00   2106s
  201866    5.0800181e+02   3.562457e+04   0.000000e+00   2112s
  202186    5.0800181e+02   1.317161e+04   0.000000e+00   2117s
  202336    5.0800181e+02   9.606266e+02   0.000000e+00   2120s
  202636    5.0800181e+02   6.137968e+02   0.000000e+00   2126s
  202916    5.0800182e+02   1.778233e+03   0.000000e+00   2131s
  203196    5.0800182e+02   5.192089e+03   0.000000e+00   2136s
  203526    5.0800182e+02   1.040835e+03   0.000000e+00   2142s
  203836    5.0800182e+02   2.608324e+03   0.000000e+00   2148s
  203976    5.0800182e+02   4.499923e+03   0.000000e+00   2150s
  204296    5.0800182e+02   3.578201e+03   0.000000e+00   2156s
  204586    5.0800183e+02   7.005506e+03   0.000000e+00   2162s
  204906    5.0800183e+02   1.038819e+03   0.000000e+00   2167s
  205046    5.0800183e+02   7.611425e+03   0.000000e+00   2170s
  205336    5.0800183e+02   3.272036e+03   0.000000e+00   2176s
  205626    5.0800183e+02   1.543295e+04   0.000000e+00   2181s
  205916    5.0800184e+02   4.775077e+03   0.000000e+00   2187s
  206206    5.0800184e+02   1.070025e+03   0.000000e+00   2192s
  206376    5.0800184e+02   4.412488e+02   0.000000e+00   2195s
  206696    5.0800184e+02   8.699575e+03   0.000000e+00   2201s
  206996    5.0800184e+02   1.872761e+03   0.000000e+00   2207s
  207336    5.0800185e+02   2.996112e+02   0.000000e+00   2212s
  207496    5.0800185e+02   1.153024e+03   0.000000e+00   2215s
  207806    5.0800185e+02   1.016445e+03   0.000000e+00   2221s
  208076    5.0800185e+02   3.073211e+03   0.000000e+00   2226s
  208356    5.0800185e+02   1.428335e+04   0.000000e+00   2232s
  208646    5.0800185e+02   2.732326e+03   0.000000e+00   2238s
  208786    5.0800185e+02   8.882230e+02   0.000000e+00   2240s
  209116    5.0800186e+02   3.302553e+03   0.000000e+00   2246s
  209436    5.0800186e+02   6.749016e+02   0.000000e+00   2252s
  209586    5.0800186e+02   1.377228e+03   0.000000e+00   2255s
  209876    5.0800186e+02   1.005323e+03   0.000000e+00   2261s
  210186    5.0800186e+02   4.989107e+03   0.000000e+00   2267s
  210486    5.0800186e+02   1.292241e+03   0.000000e+00   2273s
  210636    5.0800186e+02   1.401801e+03   0.000000e+00   2276s
  210906    5.0800187e+02   1.368375e+03   0.000000e+00   2281s
  211156    5.0800187e+02   1.008227e+03   0.000000e+00   2287s
  211426    5.0800187e+02   4.677058e+03   0.000000e+00   2292s
  211676    5.0800187e+02   3.610584e+03   0.000000e+00   2297s
  211806    5.0800187e+02   1.529184e+03   0.000000e+00   2300s
  212076    5.0800187e+02   1.052088e+04   0.000000e+00   2306s
  212336    5.0800187e+02   1.077069e+03   0.000000e+00   2311s
  212586    5.0800187e+02   4.614022e+03   0.000000e+00   2317s
  212846    5.0800187e+02   9.079651e+02   0.000000e+00   2322s
  213106    5.0800188e+02   1.218961e+03   0.000000e+00   2328s
  213236    5.0800188e+02   3.472302e+03   0.000000e+00   2330s
  213506    5.0800188e+02   1.091878e+03   0.000000e+00   2336s
  213766    5.0800188e+02   5.960078e+03   0.000000e+00   2341s
  214026    5.0800188e+02   1.088238e+03   0.000000e+00   2347s
  214306    5.0800188e+02   4.496527e+02   0.000000e+00   2352s
  214446    5.0800188e+02   1.102583e+03   0.000000e+00   2355s
  214746    5.0800188e+02   1.878611e+03   0.000000e+00   2361s
  215026    5.0800188e+02   1.195958e+03   0.000000e+00   2366s
  215286    5.0800189e+02   3.101114e+03   0.000000e+00   2372s
  215556    5.0800189e+02   3.818241e+03   0.000000e+00   2378s
  215696    5.0800189e+02   4.129711e+02   0.000000e+00   2380s
  215976    5.0800189e+02   1.116932e+03   0.000000e+00   2386s
  216266    5.0800189e+02   2.329338e+03   0.000000e+00   2391s
  216546    5.0800189e+02   1.052193e+03   0.000000e+00   2397s
  216806    5.0800189e+02   8.994011e+02   0.000000e+00   2402s
  216936    5.0800189e+02   6.267751e+03   0.000000e+00   2405s
  217216    5.0800189e+02   8.368514e+02   0.000000e+00   2411s
  217526    5.0800190e+02   4.682289e+02   0.000000e+00   2417s
  217806    5.0800190e+02   2.270177e+03   0.000000e+00   2423s
  217946    5.0800190e+02   5.186776e+02   0.000000e+00   2426s
  218206    5.0800190e+02   9.693427e+02   0.000000e+00   2431s
  218456    5.0800190e+02   1.437974e+03   0.000000e+00   2437s
  218686    5.0800190e+02   4.625866e+03   0.000000e+00   2442s
  218826    5.0800190e+02   4.340590e+03   0.000000e+00   2445s
  219076    5.0800190e+02   4.157447e+02   0.000000e+00   2451s
  219316    5.0800190e+02   2.460064e+02   0.000000e+00   2457s
  219586    5.0800190e+02   1.969546e+02   0.000000e+00   2462s
  219716    5.0800190e+02   1.037996e+03   0.000000e+00   2465s
  219966    5.0800190e+02   4.828592e+02   0.000000e+00   2471s
  220236    5.0800190e+02   1.266494e+03   0.000000e+00   2476s
  220496    5.0800191e+02   1.315416e+03   0.000000e+00   2482s
  220736    5.0800191e+02   5.991757e+02   0.000000e+00   2488s
  220876    5.0800191e+02   3.002920e+03   0.000000e+00   2491s
  221146    5.0800191e+02   7.930169e+03   0.000000e+00   2496s
  221416    5.0800191e+02   5.703509e+03   0.000000e+00   2502s
  221556    5.0800191e+02   5.523040e+02   0.000000e+00   2505s
  221846    5.0800191e+02   1.086197e+03   0.000000e+00   2511s
  222126    5.0800191e+02   4.564765e+02   0.000000e+00   2517s
  222396    5.0800191e+02   8.859287e+02   0.000000e+00   2523s
  222526    5.0800191e+02   2.941110e+03   0.000000e+00   2526s
  222806    5.0800191e+02   9.371105e+02   0.000000e+00   2532s
  223066    5.0800192e+02   3.617433e+02   0.000000e+00   2538s
  223206    5.0800192e+02   1.127160e+03   0.000000e+00   2540s
  223456    5.0800192e+02   2.225364e+03   0.000000e+00   2546s
  223696    5.0800192e+02   2.663254e+03   0.000000e+00   2552s
  223956    5.0800192e+02   1.463889e+03   0.000000e+00   2558s
  224076    5.0800192e+02   4.472847e+02   0.000000e+00   2561s
  224336    5.0800192e+02   1.889972e+04   0.000000e+00   2566s
  224596    5.0800192e+02   1.863347e+03   0.000000e+00   2572s
  224866    5.0800192e+02   5.185758e+02   0.000000e+00   2578s
  224986    5.0800192e+02   2.142957e+03   0.000000e+00   2581s
  225256    5.0800192e+02   1.007545e+04   0.000000e+00   2587s
  225526    5.0800192e+02   1.632469e+03   0.000000e+00   2592s
  225666    5.0800192e+02   2.166573e+02   0.000000e+00   2595s
  225916    5.0800192e+02   1.502885e+03   0.000000e+00   2601s
  226196    5.0800193e+02   6.744003e+02   0.000000e+00   2607s
  226466    5.0800193e+02   4.310478e+03   0.000000e+00   2613s
  226586    5.0800193e+02   1.460750e+03   0.000000e+00   2615s
  226836    5.0800193e+02   1.135007e+03   0.000000e+00   2621s
  227076    5.0800193e+02   2.456643e+03   0.000000e+00   2627s
  227196    5.0800193e+02   6.330117e+02   0.000000e+00   2630s
  227426    5.0800193e+02   4.937430e+03   0.000000e+00   2636s
  227666    5.0800193e+02   2.978204e+03   0.000000e+00   2642s
  227926    5.0800193e+02   3.627375e+03   0.000000e+00   2648s
  228056    5.0800193e+02   4.463095e+02   0.000000e+00   2651s
  228316    5.0800193e+02   6.083244e+03   0.000000e+00   2657s
  228576    5.0800193e+02   5.091595e+02   0.000000e+00   2663s
  228696    5.0800193e+02   4.073653e+02   0.000000e+00   2666s
  228946    5.0800193e+02   6.451801e+02   0.000000e+00   2672s
  229216    5.0800193e+02   1.786644e+03   0.000000e+00   2678s
  229336    5.0800194e+02   5.339386e+03   0.000000e+00   2681s
  229586    5.0800194e+02   2.193182e+02   0.000000e+00   2687s
  229816    5.0800194e+02   8.574538e+02   0.000000e+00   2692s
  229936    5.0800194e+02   8.299438e+02   0.000000e+00   2695s
  230176    5.0800194e+02   2.681510e+02   0.000000e+00   2701s
  230416    5.0800194e+02   7.806782e+02   0.000000e+00   2707s
  230656    5.0800194e+02   3.259024e+03   0.000000e+00   2713s
  230776    5.0800194e+02   3.365128e+02   0.000000e+00   2716s
  231016    5.0800194e+02   7.671597e+02   0.000000e+00   2722s
  231276    5.0800194e+02   2.489324e+03   0.000000e+00   2727s
  231406    5.0800194e+02   2.729365e+03   0.000000e+00   2730s
  231656    5.0800194e+02   2.054035e+03   0.000000e+00   2736s
  231936    5.0800194e+02   1.077957e+03   0.000000e+00   2742s
  232216    5.0800194e+02   2.957944e+03   0.000000e+00   2748s
  232346    5.0800194e+02   3.592376e+02   0.000000e+00   2751s
  232606    5.0800194e+02   2.108311e+03   0.000000e+00   2758s
  232726    5.0800194e+02   1.185151e+03   0.000000e+00   2761s
  232956    5.0800195e+02   4.965341e+03   0.000000e+00   2767s
  233196    5.0800195e+02   4.818241e+02   0.000000e+00   2773s
  233306    5.0800195e+02   2.260395e+03   0.000000e+00   2776s
  233536    5.0800195e+02   1.313020e+03   0.000000e+00   2783s
  233656    5.0800195e+02   6.108767e+03   0.000000e+00   2785s
  233886    5.0800195e+02   5.114739e+02   0.000000e+00   2792s
  234116    5.0800195e+02   1.142027e+03   0.000000e+00   2798s
  234246    5.0800195e+02   4.486042e+02   0.000000e+00   2801s
  234476    5.0800195e+02   1.087407e+03   0.000000e+00   2807s
  234596    5.0800195e+02   1.485191e+03   0.000000e+00   2810s
  234846    5.0800195e+02   2.756892e+03   0.000000e+00   2816s
  235066    5.0800195e+02   8.301521e+02   0.000000e+00   2822s
  235286    5.0800195e+02   4.382305e+02   0.000000e+00   2828s
  235396    5.0800195e+02   5.853574e+02   0.000000e+00   2831s
  235626    5.0800195e+02   3.228171e+02   0.000000e+00   2837s
  235866    5.0800195e+02   8.057283e+03   0.000000e+00   2843s
  235986    5.0800195e+02   1.267948e+03   0.000000e+00   2846s
  236246    5.0800195e+02   6.690534e+02   0.000000e+00   2852s
  236486    5.0800195e+02   3.086551e+03   0.000000e+00   2858s
  236616    5.0800196e+02   7.247135e+02   0.000000e+00   2861s
  236876    5.0800196e+02   5.562765e+03   0.000000e+00   2867s
  237146    5.0800196e+02   8.076909e+02   0.000000e+00   2873s
  237286    5.0800196e+02   3.256755e+03   0.000000e+00   2876s
  237576    5.0800196e+02   1.657735e+03   0.000000e+00   2882s
  237856    5.0800196e+02   6.332374e+02   0.000000e+00   2888s
  237986    5.0800196e+02   3.267917e+02   0.000000e+00   2891s
  238236    5.0800196e+02   2.425376e+02   0.000000e+00   2897s
  238466    5.0800196e+02   3.987153e+02   0.000000e+00   2903s
  238576    5.0800196e+02   4.687804e+02   0.000000e+00   2905s
  238836    5.0800196e+02   1.237382e+02   0.000000e+00   2912s
  239076    5.0800196e+02   1.685672e+03   0.000000e+00   2918s
  239196    5.0800196e+02   1.498088e+03   0.000000e+00   2921s
  239446    5.0800196e+02   3.534890e+02   0.000000e+00   2927s
  239686    5.0800196e+02   1.656024e+02   0.000000e+00   2933s
  239796    5.0800196e+02   4.774884e+03   0.000000e+00   2936s
  240026    5.0800196e+02   1.903466e+03   0.000000e+00   2942s
  240256    5.0800196e+02   2.116816e+03   0.000000e+00   2948s
  240376    5.0800196e+02   4.747395e+02   0.000000e+00   2951s
  240606    5.0800196e+02   8.041704e+02   0.000000e+00   2957s
  240716    5.0800196e+02   3.622959e+03   0.000000e+00   2960s
  240936    5.0800196e+02   2.187574e+02   0.000000e+00   2966s
  241166    5.0800196e+02   1.009466e+03   0.000000e+00   2972s
  241276    5.0800196e+02   1.917851e+03   0.000000e+00   2975s
  241496    5.0800197e+02   7.581836e+02   0.000000e+00   2981s
  241706    5.0800197e+02   3.163432e+02   0.000000e+00   2987s
  241806    5.0800197e+02   3.226491e+02   0.000000e+00   2990s
  242006    5.0800197e+02   6.991451e+02   0.000000e+00   2996s
  242226    5.0800197e+02   5.139942e+02   0.000000e+00   3002s
  242336    5.0800197e+02   4.301864e+02   0.000000e+00   3006s
  242536    5.0800197e+02   5.773483e+02   0.000000e+00   3012s
  242746    5.0800197e+02   1.026755e+03   0.000000e+00   3018s
  242846    5.0800197e+02   8.512803e+02   0.000000e+00   3021s
  243136    5.0800197e+02   8.725941e+02   0.000000e+00   3029s
  243246    5.0800197e+02   2.039037e+03   0.000000e+00   3033s
  243346    5.0800197e+02   3.090770e+02   0.000000e+00   3036s
  243586    5.0800197e+02   3.636518e+02   0.000000e+00   3042s
  243816    5.0800197e+02   3.853738e+02   0.000000e+00   3048s
  243936    5.0800197e+02   1.947999e+03   0.000000e+00   3051s
  244166    5.0800197e+02   5.809025e+02   0.000000e+00   3057s
  244276    5.0800197e+02   1.892298e+02   0.000000e+00   3060s
  244476    5.0800197e+02   6.958987e+02   0.000000e+00   3066s
  244686    5.0800197e+02   2.448355e+02   0.000000e+00   3072s
  244796    5.0800197e+02   7.751754e+03   0.000000e+00   3075s
  245026    5.0800197e+02   2.518696e+02   0.000000e+00   3081s
  245266    5.0800197e+02   3.162000e+02   0.000000e+00   3087s
  245376    5.0800197e+02   2.332363e+02   0.000000e+00   3090s
  245596    5.0800197e+02   3.182922e+03   0.000000e+00   3096s
  245816    5.0800197e+02   1.255492e+03   0.000000e+00   3102s
  246036    5.0800197e+02   2.659052e+03   0.000000e+00   3108s
  246146    5.0800197e+02   2.966360e+02   0.000000e+00   3111s
  246376    5.0800197e+02   1.714831e+02   0.000000e+00   3117s
  246486    5.0800197e+02   5.853352e+02   0.000000e+00   3120s
  246686    5.0800197e+02   1.821217e+03   0.000000e+00   3126s
  246886    5.0800197e+02   2.806210e+03   0.000000e+00   3132s
  246986    5.0800197e+02   1.897875e+02   0.000000e+00   3135s
  247196    5.0800197e+02   3.494416e+02   0.000000e+00   3141s
  247406    5.0800197e+02   2.652602e+03   0.000000e+00   3147s
  247516    5.0800197e+02   9.931358e+02   0.000000e+00   3150s
  247806    5.0800198e+02   2.317921e+02   0.000000e+00   3159s
  247996    5.0800198e+02   2.549544e+02   0.000000e+00   3165s
  248196    5.0800198e+02   2.597669e+02   0.000000e+00   3171s
  248396    5.0800198e+02   1.010433e+03   0.000000e+00   3177s
  248496    5.0800198e+02   6.572299e+02   0.000000e+00   3180s
  248696    5.0800198e+02   3.795874e+03   0.000000e+00   3186s
  248896    5.0800198e+02   9.148363e+02   0.000000e+00   3192s
  248996    5.0800198e+02   4.009078e+03   0.000000e+00   3195s
  249196    5.0800198e+02   5.224290e+02   0.000000e+00   3201s
  249406    5.0800198e+02   3.141436e+02   0.000000e+00   3208s
  249516    5.0800198e+02   4.065269e+03   0.000000e+00   3211s
  249756    5.0800198e+02   7.645856e+02   0.000000e+00   3218s
  249856    5.0800198e+02   2.531841e+02   0.000000e+00   3221s
  250056    5.0800198e+02   4.232255e+02   0.000000e+00   3227s
  250256    5.0800198e+02   3.494242e+02   0.000000e+00   3233s
  250366    5.0800198e+02   1.309582e+03   0.000000e+00   3236s
  250566    5.0800198e+02   7.372946e+01   0.000000e+00   3242s
  250666    5.0800198e+02   5.590443e+01   0.000000e+00   3245s
  250866    5.0800198e+02   1.994307e+02   0.000000e+00   3252s
  251066    5.0800198e+02   2.891586e+02   0.000000e+00   3258s
  251166    5.0800198e+02   5.139398e+02   0.000000e+00   3261s
  251366    5.0800198e+02   3.694791e+02   0.000000e+00   3266s
  251566    5.0800198e+02   1.088556e+03   0.000000e+00   3273s
  251756    5.0800198e+02   8.035404e+02   0.000000e+00   3279s
  251856    5.0800198e+02   4.224839e+02   0.000000e+00   3282s
  251956    5.0800198e+02   2.183184e+02   0.000000e+00   3285s
  252156    5.0800198e+02   2.893416e+02   0.000000e+00   3291s
  252356    5.0800198e+02   4.945175e+02   0.000000e+00   3297s
  252556    5.0800198e+02   1.036096e+03   0.000000e+00   3302s
  252666    5.0800198e+02   2.394885e+02   0.000000e+00   3305s
  252866    5.0800198e+02   1.916274e+02   0.000000e+00   3312s
  253066    5.0800198e+02   6.671802e+02   0.000000e+00   3318s
  253166    5.0800198e+02   4.678994e+02   0.000000e+00   3321s
  253366    5.0800198e+02   3.211271e+02   0.000000e+00   3327s
  253466    5.0800198e+02   3.154130e+02   0.000000e+00   3330s
  253666    5.0800198e+02   1.049674e+02   0.000000e+00   3336s
  253866    5.0800198e+02   1.243363e+02   0.000000e+00   3342s
  253966    5.0800198e+02   4.581910e+02   0.000000e+00   3345s
  254186    5.0800198e+02   4.836471e+02   0.000000e+00   3352s
  254386    5.0800198e+02   1.050242e+02   0.000000e+00   3358s
  254486    5.0800198e+02   5.117729e+02   0.000000e+00   3361s
  254686    5.0800198e+02   1.596829e+02   0.000000e+00   3367s
  254886    5.0800198e+02   3.369129e+02   0.000000e+00   3373s
  254986    5.0800198e+02   5.858864e+01   0.000000e+00   3376s
  255186    5.0800198e+02   4.046106e+03   0.000000e+00   3382s
  255286    5.0800198e+02   3.449294e+02   0.000000e+00   3385s
  255496    5.0800198e+02   5.729865e+02   0.000000e+00   3392s
  255696    5.0800198e+02   1.370584e+03   0.000000e+00   3398s
  255796    5.0800198e+02   2.336631e+02   0.000000e+00   3401s
  256076    5.0800199e+02   5.320012e+02   0.000000e+00   3410s
  256176    5.0800199e+02   7.758819e+02   0.000000e+00   3413s
  256276    5.0800199e+02   1.057879e+02   0.000000e+00   3416s
  256476    5.0800199e+02   1.715472e+02   0.000000e+00   3422s
  256676    5.0800199e+02   2.722436e+02   0.000000e+00   3428s
  256776    5.0800199e+02   6.525919e+02   0.000000e+00   3431s
  256976    5.0800199e+02   1.424658e+02   0.000000e+00   3437s
  257186    5.0800199e+02   1.472266e+02   0.000000e+00   3442s
  257296    5.0800199e+02   1.266604e+04   0.000000e+00   3445s
  257516    5.0800199e+02   7.280969e+01   0.000000e+00   3451s
  257736    5.0800199e+02   1.884482e+02   0.000000e+00   3457s
  257846    5.0800199e+02   2.656167e+02   0.000000e+00   3460s
  258046    5.0800199e+02   1.156826e+03   0.000000e+00   3466s
  258246    5.0800199e+02   1.722289e+02   0.000000e+00   3472s
  258346    5.0800199e+02   4.687491e+02   0.000000e+00   3475s
  258546    5.0800199e+02   7.967485e+02   0.000000e+00   3481s
  258746    5.0800199e+02   3.467232e+02   0.000000e+00   3487s
  258846    5.0800199e+02   3.492458e+02   0.000000e+00   3490s
  259046    5.0800199e+02   2.538659e+02   0.000000e+00   3496s
  259226    5.0800199e+02   2.792384e+02   0.000000e+00   3502s
  259426    5.0800199e+02   1.789013e+02   0.000000e+00   3508s
  259526    5.0800199e+02   2.198433e+02   0.000000e+00   3511s
