1.NAME: MIPSolver
2.PARAMS: {'use_lazy_constraints': True}
3.INSTANCE: /home/wx350715/Kobra/rehabiliation-admission-scheduling/data/comp_study_002/instance_1_more_resources_5.txt
4.REPETITION: 1
Current directory: /home/wx350715/Kobra/rehabiliation-admission-scheduling
[34m2025-01-06 11:28:35,745 - DEBUG - Solver: <class 'src.solvers.mip.MIPSolver'>[0m
[34m2025-01-06 11:28:35,745 - DEBUG - Args: {'use_lazy_constraints': True}[0m
[34m2025-01-06 11:28:35,745 - DEBUG - File path /home/wx350715/Kobra/rehabiliation-admission-scheduling/data/comp_study_002/instance_1_more_resources_5.txt[0m
[34m2025-01-06 11:28:35,745 - DEBUG - ADD INSTANCE DATA[0m
[34m2025-01-06 11:28:35,745 - DEBUG - ADD INSTANCE DATA[0m
[34m2025-01-06 11:28:35,745 - DEBUG - ADD INSTANCE DATA[0m
[34m2025-01-06 11:28:35,745 - DEBUG - ADD INSTANCE DATA[0m
[34m2025-01-06 11:28:35,746 - DEBUG - ADD INSTANCE DATA[0m
[34m2025-01-06 11:28:35,746 - DEBUG - ADD INSTANCE DATA[0m
[34m2025-01-06 11:28:35,746 - DEBUG - ADD INSTANCE DATA[0m
[34m2025-01-06 11:28:35,746 - DEBUG - ADD INSTANCE DATA[0m
[34m2025-01-06 11:28:35,746 - DEBUG - ADD INSTANCE DATA[0m
[34m2025-01-06 11:28:35,746 - DEBUG - ADD INSTANCE DATA[0m
[34m2025-01-06 11:28:35,746 - DEBUG - ADD INSTANCE DATA[0m
[34m2025-01-06 11:28:35,746 - DEBUG - ADD RESOURCE_GROUPS[0m
[34m2025-01-06 11:28:35,746 - DEBUG - ADD RESOURCE_GROUPS[0m
[34m2025-01-06 11:28:35,746 - DEBUG - ADD RESOURCE_GROUPS[0m
[34m2025-01-06 11:28:35,746 - DEBUG - ADD RESOURCE_GROUPS[0m
[34m2025-01-06 11:28:35,746 - DEBUG - ADD RESOURCES[0m
[34m2025-01-06 11:28:35,746 - DEBUG - ADD RESOURCES[0m
[34m2025-01-06 11:28:35,747 - DEBUG - ADD RESOURCES[0m
[34m2025-01-06 11:28:35,747 - DEBUG - ADD RESOURCES[0m
[34m2025-01-06 11:28:35,747 - DEBUG - ADD RESOURCES[0m
[34m2025-01-06 11:28:35,747 - DEBUG - ADD RESOURCES[0m
[34m2025-01-06 11:28:35,747 - DEBUG - ADD RESOURCES[0m
[34m2025-01-06 11:28:35,747 - DEBUG - ADD RESOURCES[0m
[34m2025-01-06 11:28:35,747 - DEBUG - ADD RESOURCES[0m
[34m2025-01-06 11:28:35,747 - DEBUG - ADD RESOURCES[0m
[34m2025-01-06 11:28:35,747 - DEBUG - ADD RESOURCES[0m
[34m2025-01-06 11:28:35,747 - DEBUG - ADD RESOURCES[0m
[34m2025-01-06 11:28:35,747 - DEBUG - ADD RESOURCES[0m
[34m2025-01-06 11:28:35,747 - DEBUG - ADD RESOURCES[0m
[34m2025-01-06 11:28:35,748 - DEBUG - ADD TREATMENTS[0m
[34m2025-01-06 11:28:35,748 - DEBUG - ADD TREATMENTS[0m
[34m2025-01-06 11:28:35,748 - DEBUG - ADD TREATMENTS[0m
[34m2025-01-06 11:28:35,748 - DEBUG - ADD TREATMENTS[0m
[34m2025-01-06 11:28:35,748 - DEBUG - ADD TREATMENTS[0m
[34m2025-01-06 11:28:35,748 - DEBUG - ADD TREATMENTS[0m
[34m2025-01-06 11:28:35,748 - DEBUG - ADD TREATMENTS[0m
[34m2025-01-06 11:28:35,748 - DEBUG - ADD TREATMENTS[0m
[34m2025-01-06 11:28:35,748 - DEBUG - ADD PATIENTS[0m
[34m2025-01-06 11:28:35,749 - DEBUG - ADD PATIENTS[0m
[34m2025-01-06 11:28:35,749 - DEBUG - ADD PATIENTS[0m
[34m2025-01-06 11:28:35,749 - DEBUG - ADD PATIENTS[0m
[34m2025-01-06 11:28:35,749 - DEBUG - ADD PATIENTS[0m
[34m2025-01-06 11:28:35,749 - DEBUG - ADD PATIENTS[0m
[34m2025-01-06 11:28:35,749 - DEBUG - ADD PATIENTS[0m
[34m2025-01-06 11:28:35,749 - DEBUG - ADD PATIENTS[0m
[34m2025-01-06 11:28:35,749 - DEBUG - ADD PATIENTS[0m
[34m2025-01-06 11:28:35,749 - DEBUG - ADD PATIENTS[0m
[34m2025-01-06 11:28:35,750 - DEBUG - ADD PATIENTS[0m
[34m2025-01-06 11:28:35,750 - DEBUG - ADD PATIENTS[0m
[34m2025-01-06 11:28:35,750 - DEBUG - ADD PATIENTS[0m
[34m2025-01-06 11:28:35,750 - DEBUG - ADD PATIENTS[0m
[34m2025-01-06 11:28:35,750 - DEBUG - ADD PATIENTS[0m
[34m2025-01-06 11:28:35,750 - DEBUG - ADD PATIENTS[0m
[34m2025-01-06 11:28:35,750 - DEBUG - ADD PATIENTS[0m
[34m2025-01-06 11:28:35,750 - DEBUG - ADD PATIENTS[0m
[34m2025-01-06 11:28:35,750 - DEBUG - ADD PATIENTS[0m
[34m2025-01-06 11:28:35,751 - DEBUG - ADD PATIENTS[0m
[34m2025-01-06 11:28:35,751 - DEBUG - ADD PATIENTS[0m
[34m2025-01-06 11:28:35,751 - DEBUG - ADD PATIENTS[0m
[34m2025-01-06 11:28:35,752 - DEBUG - ADD PATIENTS[0m
[34m2025-01-06 11:28:35,752 - DEBUG - ADD PATIENTS[0m
[34m2025-01-06 11:28:35,752 - DEBUG - ADD PATIENTS[0m
[34m2025-01-06 11:28:35,752 - DEBUG - ADD PATIENTS[0m
[34m2025-01-06 11:28:35,752 - DEBUG - ADD PATIENTS[0m
[34m2025-01-06 11:28:35,752 - DEBUG - ADD PATIENTS[0m
[34m2025-01-06 11:28:35,752 - DEBUG - ADD PATIENTS[0m
[34m2025-01-06 11:28:35,752 - DEBUG - ADD PATIENTS[0m
[34m2025-01-06 11:28:35,753 - DEBUG - ADD PATIENTS[0m
[34m2025-01-06 11:28:35,753 - DEBUG - ADD PATIENTS[0m
[34m2025-01-06 11:28:35,753 - DEBUG - ADD PATIENTS[0m
[34m2025-01-06 11:28:35,753 - DEBUG - ADD PATIENTS[0m
[34m2025-01-06 11:28:35,753 - DEBUG - ADD PATIENTS[0m
[34m2025-01-06 11:28:35,753 - DEBUG - ADD PATIENTS[0m
[34m2025-01-06 11:28:35,753 - DEBUG - ADD PATIENTS[0m
[34m2025-01-06 11:28:35,753 - DEBUG - ADD PATIENTS[0m
[34m2025-01-06 11:28:35,754 - DEBUG - ADD PATIENTS[0m
[34m2025-01-06 11:28:35,754 - DEBUG - ADD PATIENTS[0m
[34m2025-01-06 11:28:35,754 - DEBUG - Instance data:[0m
[34m2025-01-06 11:28:35,754 - DEBUG - Number of patients: 40[0m
[34m2025-01-06 11:28:35,754 - DEBUG - Number of beds: 40[0m
[34m2025-01-06 11:28:35,754 - DEBUG - Average number of treatments per patient: 29.525[0m
[34m2025-01-06 11:28:35,754 - DEBUG - Average number of treatment per stayed day: 2.135623869801085[0m
[34m2025-01-06 11:28:35,754 - DEBUG - Number of treatments: 1181[0m
[34m2025-01-06 11:28:35,754 - DEBUG - Number of resources: 12[0m
[34m2025-01-06 11:28:35,754 - DEBUG - Number of resource groups: 4[0m
[34m2025-01-06 11:28:35,754 - DEBUG - Number of resource hours needed per all treatment by RG(therapists): 38.3375[0m
[34m2025-01-06 11:28:35,754 - DEBUG - Number of resource hours needed per all treatment by RG(rooms): 74.50000000000004[0m
[34m2025-01-06 11:28:35,754 - DEBUG - Number of resource hours needed per all treatment by RG(physiotherapist): 26.0[0m
[34m2025-01-06 11:28:35,754 - DEBUG - Number of resource hours needed per all treatment by RG(sport_room): 18.9375[0m
[32m2025-01-06 11:28:35,754 - INFO - {'solver': 'MIPSolver', 'args': {'use_lazy_constraints': True, 'enforce_min_treatments_per_day': True, 'enforce_max_treatments_per_e_w': True, 'enforce_min_patients_per_treatment': True, 'log_to_console': True}}[0m
[34m2025-01-06 11:28:35,755 - DEBUG - Setting options: MIPSolver[0m
[34m2025-01-06 11:28:35,755 - DEBUG -  ---- use_lazy_constraints to True[0m
[34m2025-01-06 11:28:35,755 - DEBUG - Setting options: Solver[0m
[34m2025-01-06 11:28:35,755 - DEBUG -  ---- number_of_threads to 1 (default)[0m
[34m2025-01-06 11:28:35,755 - DEBUG -  ---- treatment_value to 0 (default)[0m
[34m2025-01-06 11:28:35,755 - DEBUG -  ---- delay_value to 1 (default)[0m
[34m2025-01-06 11:28:35,755 - DEBUG -  ---- missing_treatment_value to 4 (default)[0m
[34m2025-01-06 11:28:35,755 - DEBUG -  ---- enforce_min_treatments_per_day to True[0m
[34m2025-01-06 11:28:35,755 - DEBUG -  ---- enforce_max_treatments_per_e_w to True[0m
[34m2025-01-06 11:28:35,755 - DEBUG -  ---- enforce_min_patients_per_treatment to True[0m
[34m2025-01-06 11:28:35,755 - DEBUG -  ---- log_to_console to True[0m
[34m2025-01-06 11:28:35,755 - DEBUG -  ---- log_to_file to True (default)[0m
[32m2025-01-06 11:28:35,874 - INFO - Create model: MIPSolver[0m
Set parameter TSPort to value 50039
Set parameter TokenServer to value "license.itc.rwth-aachen.de"
Set parameter Threads to value 1
Set parameter Cuts to value 0
Set parameter LazyConstraints to value 1
[34m2025-01-06 11:28:59,178 - DEBUG - Variables created.[0m
[34m2025-01-06 11:29:29,690 - DEBUG - Constraint (p1) created.[0m
[34m2025-01-06 11:29:33,441 - DEBUG - Constraint (when_admitted) created.[0m
[34m2025-01-06 11:29:39,587 - DEBUG - Constraint (p3) created.[0m
[34m2025-01-06 11:29:39,591 - DEBUG - Constraint (p4) created.[0m
[34m2025-01-06 11:29:39,591 - DEBUG - Constraint (p7) created.[0m
[34m2025-01-06 11:29:41,910 - DEBUG - Constraint (r3) created.[0m
[34m2025-01-06 11:29:51,574 - DEBUG - Constraint (r4) created.[0m
[34m2025-01-06 11:29:59,623 - DEBUG - Constraint (a1) created.[0m
[34m2025-01-06 11:30:00,403 - DEBUG - Constraint (a4) created.[0m
[34m2025-01-06 11:30:00,577 - DEBUG - Constraint (a5) created.[0m
[34m2025-01-06 11:30:00,738 - DEBUG - Constraint (a5) created.[0m
[34m2025-01-06 11:30:00,738 - DEBUG - Constraint (already_admitted) created.[0m
[32m2025-01-06 11:30:10,492 - INFO - Time to create model: 94.618[0m
[32m2025-01-06 11:30:10,493 - INFO - Solving model: MIPSolver[0m
Gurobi Optimizer version 10.0.0 build v10.0.0rc2 (linux64)

CPU model: Intel(R) Xeon(R) Platinum 8468, instruction set [SSE2|AVX|AVX2|AVX512]
Thread count: 96 physical cores, 96 logical processors, using up to 1 threads

Optimize a model with 3739444 rows, 3021067 columns and 21423032 nonzeros
Model fingerprint: 0xc3643bba
Variable types: 2 continuous, 3021065 integer (3021065 binary)
Coefficient statistics:
  Matrix range     [1e+00, 1e+01]
  Objective range  [1e+00, 1e+01]
  Bounds range     [1e+00, 1e+00]
  RHS range        [1e+00, 5e+03]
Presolve removed 1242918 rows and 1004593 columns (presolve time = 5s) ...
Presolve removed 1434095 rows and 1004594 columns (presolve time = 10s) ...
Presolve removed 1453646 rows and 1004594 columns (presolve time = 15s) ...
Presolve removed 1461629 rows and 1004614 columns (presolve time = 20s) ...
Presolve removed 1461632 rows and 1004614 columns (presolve time = 25s) ...
Presolve removed 1461778 rows and 1004614 columns (presolve time = 30s) ...
Presolve removed 1461778 rows and 1004614 columns (presolve time = 35s) ...
Presolve removed 1461778 rows and 1004614 columns (presolve time = 40s) ...
Presolve removed 1461632 rows and 1004468 columns
Presolve time: 43.44s
Presolved: 2277812 rows, 2016599 columns, 13382451 nonzeros
Variable types: 0 continuous, 2016599 integer (2016452 binary)
Root relaxation presolved: 2277586 rows, 2016825 columns, 13271827 nonzeros


Root simplex log...

Iteration    Objective       Primal Inf.    Dual Inf.      Time
       0   -2.2976000e+04   2.632275e+05   0.000000e+00     80s
   72330    6.6800444e+02   4.737963e+04   0.000000e+00     86s
   91248    7.4400529e+02   7.340360e+04   0.000000e+00     92s
  101692    7.4400558e+02   3.992437e+04   0.000000e+00     96s
  110399    7.4400579e+02   6.814948e+04   0.000000e+00    101s
  116673    7.4400591e+02   1.227541e+05   0.000000e+00    106s
  121624    7.4400598e+02   5.525152e+04   0.000000e+00    111s
  125602    7.4400604e+02   5.395156e+04   0.000000e+00    115s
  130641    7.4800610e+02   4.405758e+04   0.000000e+00    121s
  135489    7.4800617e+02   6.660257e+04   0.000000e+00    126s
  139270    7.6000622e+02   3.663684e+04   0.000000e+00    131s
  141917    7.6000624e+02   3.746116e+04   0.000000e+00    135s
  144981    7.6000627e+02   3.361881e+04   0.000000e+00    140s
  149176    7.6000630e+02   5.793880e+04   0.000000e+00    147s
  152594    7.6000632e+02   2.471749e+04   0.000000e+00    151s
  156541    7.6000636e+02   3.411857e+04   0.000000e+00    155s
  161179    7.6000639e+02   2.294437e+04   0.000000e+00    161s
  165399    7.6000642e+02   3.688621e+04   0.000000e+00    166s
  168627    7.6000643e+02   3.350168e+04   0.000000e+00    171s
  172372    7.6000646e+02   4.580708e+04   0.000000e+00    178s
  173824    7.6000648e+02   5.408775e+04   0.000000e+00    183s
  175276    7.6000649e+02   4.760176e+04   0.000000e+00    186s
  179060    7.6000651e+02   1.946146e+04   0.000000e+00    191s
  183010    7.6000653e+02   2.872790e+04   0.000000e+00    197s
  185621    7.6000654e+02   2.280143e+04   0.000000e+00    200s
  187986    7.6000655e+02   2.915403e+04   0.000000e+00    205s
  192348    7.6000658e+02   2.134338e+04   0.000000e+00    211s
  198224    7.6000662e+02   1.593250e+04   0.000000e+00    216s
  202302    7.6000665e+02   1.599309e+04   0.000000e+00    220s
  207109    7.6000668e+02   1.383003e+04   0.000000e+00    226s
  211290    7.6000672e+02   2.300930e+04   0.000000e+00    231s
  215277    7.6000675e+02   1.984189e+04   0.000000e+00    236s
  219486    7.6000678e+02   1.405965e+04   0.000000e+00    241s
  222477    7.6000679e+02   1.394144e+04   0.000000e+00    246s
  224869    7.6000681e+02   1.916461e+04   0.000000e+00    251s
  229820    7.6000683e+02   1.648516e+04   0.000000e+00    257s
  232040    7.6000685e+02   5.789502e+04   0.000000e+00    261s
  235819    7.6000686e+02   2.007025e+04   0.000000e+00    265s
  239788    7.6000688e+02   1.562770e+04   0.000000e+00    270s
  242717    7.6000690e+02   2.429272e+04   0.000000e+00    275s
  245966    7.6000691e+02   1.478738e+04   0.000000e+00    281s
  249675    7.6000693e+02   1.873122e+04   0.000000e+00    286s
  253513    7.6000696e+02   3.717429e+04   0.000000e+00    291s
  255771    7.6000697e+02   1.538976e+04   0.000000e+00    295s
  257267    7.6000698e+02   2.121901e+04   0.000000e+00    301s
  258719    7.6000698e+02   2.533522e+04   0.000000e+00    307s
  260207    7.6000699e+02   3.073437e+04   0.000000e+00    312s
  261659    7.6000700e+02   3.436209e+04   0.000000e+00    317s
  263111    7.6000700e+02   3.240040e+04   0.000000e+00    323s
  263837    7.6000701e+02   1.982279e+04   0.000000e+00    327s
  264662    7.6000701e+02   5.356031e+04   0.000000e+00    333s
  265388    7.6000701e+02   6.340665e+04   0.000000e+00    337s
  266114    7.6000702e+02   1.983166e+04   0.000000e+00    342s
  267648    7.6000702e+02   2.073216e+04   0.000000e+00    345s
  270854    7.6000704e+02   1.409926e+04   0.000000e+00    351s
  273938    7.6000705e+02   1.042344e+04   0.000000e+00    356s
  276842    7.6000707e+02   1.240047e+04   0.000000e+00    361s
  278294    7.6000707e+02   3.288724e+04   0.000000e+00    366s
  281198    7.6000708e+02   2.316912e+04   0.000000e+00    371s
  283376    7.6000709e+02   1.346766e+04   0.000000e+00    376s
  286559    7.6000711e+02   1.891996e+04   0.000000e+00    381s
  289085    7.6000711e+02   1.878696e+04   0.000000e+00    387s
  291418    7.6000712e+02   9.821605e+03   0.000000e+00    391s
  293824    7.6000713e+02   1.030614e+04   0.000000e+00    396s
  295760    7.6000714e+02   1.434097e+04   0.000000e+00    400s
  298202    7.6000714e+02   1.648614e+04   0.000000e+00    409s
  298928    7.6000715e+02   2.342077e+04   0.000000e+00    410s
  300380    7.6000715e+02   2.008724e+04   0.000000e+00    416s
  302558    7.6000716e+02   1.141651e+04   0.000000e+00    421s
  304736    7.6000716e+02   2.972026e+04   0.000000e+00    428s
  305462    7.6000716e+02   1.539917e+04   0.000000e+00    431s
  307640    7.6000717e+02   1.538136e+04   0.000000e+00    435s
  309818    7.6000717e+02   1.067981e+04   0.000000e+00    441s
  310544    7.6000718e+02   1.062555e+04   0.000000e+00    445s
  312722    7.6000719e+02   2.031943e+04   0.000000e+00    453s
  313448    7.6000719e+02   9.605747e+03   0.000000e+00    456s
  314900    7.6000719e+02   9.478059e+03   0.000000e+00    462s
  315626    7.6000719e+02   4.021656e+04   0.000000e+00    470s
  316352    7.6000719e+02   1.276166e+04   0.000000e+00    475s
  318530    7.6000720e+02   1.562416e+04   0.000000e+00    482s
  320718    7.6000729e+02   1.504775e+04   0.000000e+00    486s
  322896    7.6000736e+02   1.472534e+04   0.000000e+00    491s
  324348    7.6000739e+02   1.464031e+04   0.000000e+00    496s
  326526    7.6000742e+02   1.567918e+04   0.000000e+00    502s
  327978    7.6000746e+02   6.376248e+04   0.000000e+00    506s
  330156    7.6000749e+02   3.453423e+04   0.000000e+00    513s
  330882    7.6000750e+02   6.039545e+04   0.000000e+00    516s
  333060    7.6000754e+02   8.435403e+03   0.000000e+00    522s
  333786    7.6000755e+02   2.350597e+04   0.000000e+00    525s
  335238    7.6000757e+02   1.503398e+04   0.000000e+00    532s
  335964    7.6000757e+02   6.233855e+04   0.000000e+00    538s
  336690    7.6000758e+02   1.221332e+04   0.000000e+00    544s
  337416    7.6000759e+02   1.540600e+05   0.000000e+00    547s
  338142    7.6000760e+02   3.853794e+04   0.000000e+00    554s
  338868    7.6000761e+02   2.039706e+04   0.000000e+00    558s
  339594    7.6000762e+02   1.358172e+04   0.000000e+00    561s
  341046    7.6000764e+02   1.135318e+04   0.000000e+00    567s
  341772    7.6000765e+02   2.146787e+04   0.000000e+00    572s
  342498    7.6000765e+02   8.628783e+03   0.000000e+00    578s
  343224    7.6000766e+02   1.631735e+04   0.000000e+00    580s
  344676    7.6000767e+02   1.873720e+04   0.000000e+00    589s
  345402    7.6000768e+02   9.949640e+03   0.000000e+00    593s
  347580    7.6000772e+02   1.435563e+04   0.000000e+00    596s
  349032    7.6000773e+02   3.088958e+04   0.000000e+00    605s
  351210    7.6000776e+02   5.283577e+04   0.000000e+00    614s
  351936    7.6000777e+02   3.315524e+04   0.000000e+00    618s
  352662    7.6000777e+02   2.622619e+04   0.000000e+00    625s
  353388    7.6000778e+02   1.942752e+04   0.000000e+00    627s
  354114    7.6000779e+02   2.841845e+04   0.000000e+00    630s
  356292    7.6000782e+02   4.077511e+04   0.000000e+00    636s
  357744    7.6200783e+02   4.038947e+04   0.000000e+00    641s
  358470    7.6200784e+02   2.104714e+04   0.000000e+00    647s
  359922    7.6200786e+02   4.663789e+04   0.000000e+00    652s
  361374    7.6200788e+02   6.108192e+04   0.000000e+00    659s
  362100    7.6200789e+02   1.279111e+04   0.000000e+00    664s
  362826    7.6200790e+02   4.295757e+04   0.000000e+00    668s
  363552    7.6200791e+02   1.333458e+04   0.000000e+00    672s
  364278    7.6200792e+02   2.906897e+04   0.000000e+00    678s
  365004    7.6200792e+02   6.547389e+04   0.000000e+00    685s
  365730    7.6200794e+02   2.030478e+04   0.000000e+00    687s
  366456    7.6200794e+02   8.184810e+03   0.000000e+00    692s
  367182    7.6200795e+02   2.470148e+04   0.000000e+00    696s
  368634    7.6200797e+02   2.522542e+04   0.000000e+00    702s
  369360    7.6200797e+02   1.785189e+04   0.000000e+00    707s
  370086    7.6200798e+02   9.791649e+03   0.000000e+00    711s
  371538    7.6200799e+02   1.479181e+04   0.000000e+00    721s
  372990    7.6200800e+02   1.231843e+04   0.000000e+00    725s
  373716    7.6200801e+02   1.018321e+04   0.000000e+00    731s
  375168    7.6200802e+02   1.834811e+04   0.000000e+00    738s
  375894    7.6200802e+02   1.237876e+04   0.000000e+00    743s
  377346    7.6200803e+02   1.539044e+04   0.000000e+00    751s
  378798    7.6200804e+02   1.579926e+04   0.000000e+00    760s
  379524    7.6200805e+02   9.696461e+03   0.000000e+00    766s
  380976    7.6200808e+02   8.050278e+03   0.000000e+00    770s
  382428    7.6200810e+02   1.244136e+05   0.000000e+00    785s
  383154    7.6200810e+02   6.580098e+04   0.000000e+00    794s
  383880    7.6200810e+02   2.293652e+04   0.000000e+00    804s
  384606    7.6200811e+02   2.681593e+04   0.000000e+00    809s
  385316    7.6200811e+02   4.656853e+04   0.000000e+00    822s
  386042    7.6200812e+02   2.002550e+04   0.000000e+00    826s
  386768    7.6200812e+02   8.821839e+03   0.000000e+00    834s
  387494    7.6200813e+02   2.424649e+04   0.000000e+00    839s
  388220    7.6200814e+02   9.452358e+03   0.000000e+00    846s
  388946    7.6200814e+02   8.575411e+03   0.000000e+00    850s
  390398    7.6200816e+02   1.811061e+04   0.000000e+00    856s
  391124    7.6200817e+02   1.356355e+04   0.000000e+00    862s
  391850    7.6200818e+02   2.255395e+04   0.000000e+00    870s
  392576    7.6200818e+02   2.470698e+04   0.000000e+00    873s
  393302    7.6200819e+02   2.025837e+04   0.000000e+00    875s
  395480    7.6200821e+02   3.551733e+04   0.000000e+00    887s
  396206    7.6200821e+02   7.094119e+04   0.000000e+00    893s
  396932    7.6200822e+02   1.185031e+04   0.000000e+00    897s
  397658    7.6200823e+02   6.476920e+04   0.000000e+00    904s
  398384    7.6200823e+02   1.167247e+04   0.000000e+00    909s
  399110    7.6200823e+02   5.978701e+03   0.000000e+00    916s
  400562    7.6200824e+02   1.048925e+04   0.000000e+00    922s
  401288    7.6200825e+02   2.094259e+04   0.000000e+00    927s
  402014    7.6200825e+02   1.076852e+04   0.000000e+00    938s
  402740    7.6200825e+02   2.325939e+04   0.000000e+00    947s
  403466    7.6200826e+02   2.259467e+04   0.000000e+00    955s
  404192    7.6200826e+02   6.674033e+03   0.000000e+00    965s
  404918    7.6200826e+02   1.360141e+04   0.000000e+00    976s
  405644    7.6200827e+02   1.508212e+04   0.000000e+00    987s
  406370    7.6200827e+02   1.130498e+04   0.000000e+00    993s
  407096    7.6200827e+02   1.195457e+05   0.000000e+00   1000s
  407822    7.6200828e+02   3.455395e+04   0.000000e+00   1009s
  408548    7.6200828e+02   1.103775e+04   0.000000e+00   1018s
  409274    7.6200829e+02   2.227799e+04   0.000000e+00   1022s
  410000    7.6200829e+02   6.198441e+03   0.000000e+00   1029s
  410726    7.6200829e+02   1.655702e+04   0.000000e+00   1035s
  411452    7.6200830e+02   5.695505e+03   0.000000e+00   1037s
  412904    7.6200830e+02   9.286200e+03   0.000000e+00   1043s
  413630    7.6200831e+02   7.434795e+03   0.000000e+00   1047s
  414356    7.6200831e+02   4.957677e+03   0.000000e+00   1056s
  415082    7.6200832e+02   4.041629e+03   0.000000e+00   1061s
  415808    7.6200832e+02   7.220144e+03   0.000000e+00   1068s
  416534    7.6200833e+02   7.599444e+03   0.000000e+00   1072s
  417260    7.6200833e+02   4.046295e+03   0.000000e+00   1083s
  417986    7.6200833e+02   1.681337e+04   0.000000e+00   1092s
  418712    7.6200834e+02   4.265074e+04   0.000000e+00   1101s
  419438    7.6200834e+02   2.684809e+04   0.000000e+00   1110s
  420164    7.6200834e+02   2.038649e+04   0.000000e+00   1120s
  420890    7.6200835e+02   4.575096e+04   0.000000e+00   1130s
  421616    7.6200835e+02   1.984082e+04   0.000000e+00   1139s
  422342    7.6200835e+02   1.591448e+04   0.000000e+00   1146s
  423068    7.6200836e+02   1.141522e+04   0.000000e+00   1150s
  423794    7.6200836e+02   9.598653e+03   0.000000e+00   1157s
  424520    7.6200836e+02   6.450008e+03   0.000000e+00   1166s
  425246    7.6200837e+02   3.545345e+04   0.000000e+00   1175s
  425972    7.6200837e+02   9.595770e+03   0.000000e+00   1185s
  426698    7.6200837e+02   7.439324e+03   0.000000e+00   1193s
  427424    7.6200838e+02   7.702986e+03   0.000000e+00   1196s
  428150    7.6200838e+02   6.838712e+03   0.000000e+00   1204s
  428876    7.6200838e+02   6.880641e+03   0.000000e+00   1212s
  429602    7.6200839e+02   1.464820e+04   0.000000e+00   1218s
  430328    7.6200839e+02   1.099426e+04   0.000000e+00   1226s
  431780    7.6200840e+02   1.246437e+04   0.000000e+00   1231s
  433232    7.6200840e+02   1.139727e+04   0.000000e+00   1236s
  433958    7.6200841e+02   2.239209e+04   0.000000e+00   1240s
  434684    7.6200841e+02   1.022596e+05   0.000000e+00   1250s
  435410    7.6200841e+02   5.632200e+04   0.000000e+00   1261s
  436136    7.6200842e+02   2.039885e+04   0.000000e+00   1269s
  436862    7.6200842e+02   2.125673e+04   0.000000e+00   1276s
  437588    7.6200842e+02   1.434745e+04   0.000000e+00   1283s
  438314    7.6200843e+02   3.004341e+04   0.000000e+00   1289s
  439040    7.6200843e+02   8.151184e+03   0.000000e+00   1295s
  440492    7.6200844e+02   5.032972e+03   0.000000e+00   1304s
  441218    7.6200844e+02   3.949208e+03   0.000000e+00   1308s
  441944    7.6200844e+02   3.350217e+03   0.000000e+00   1311s
  442670    7.6200845e+02   1.530241e+04   0.000000e+00   1316s
  443396    7.6200845e+02   6.880942e+03   0.000000e+00   1322s
  444122    7.6200845e+02   6.590698e+03   0.000000e+00   1329s
  444848    7.6200845e+02   3.480653e+04   0.000000e+00   1337s
  445574    7.6200846e+02   7.643227e+03   0.000000e+00   1345s
  446300    7.6200846e+02   9.301124e+03   0.000000e+00   1353s
  447026    7.6200846e+02   1.459717e+04   0.000000e+00   1359s
  447752    7.6200847e+02   6.121647e+03   0.000000e+00   1370s
  448478    7.6200847e+02   4.839054e+03   0.000000e+00   1376s
  449204    7.6200847e+02   8.989991e+04   0.000000e+00   1387s
  449930    7.6200847e+02   1.601992e+04   0.000000e+00   1395s
  450630    7.6200847e+02   3.137249e+04   0.000000e+00   1407s
  451356    7.6200848e+02   2.256842e+04   0.000000e+00   1417s
  452082    7.6200848e+02   1.798202e+05   0.000000e+00   1428s
  452802    7.6200848e+02   3.579754e+03   0.000000e+00   1439s
  453528    7.6200848e+02   6.554076e+03   0.000000e+00   1447s
  454254    7.6200849e+02   7.933927e+04   0.000000e+00   1457s
  454980    7.6200849e+02   1.344566e+04   0.000000e+00   1467s
  455706    7.6200849e+02   1.126408e+04   0.000000e+00   1475s
  456432    7.6200850e+02   5.223316e+03   0.000000e+00   1482s
  457158    7.6200850e+02   8.723131e+03   0.000000e+00   1485s
  457884    7.6200850e+02   3.308004e+03   0.000000e+00   1494s
  458610    7.6200850e+02   1.557321e+04   0.000000e+00   1502s
  459336    7.6200851e+02   6.899529e+03   0.000000e+00   1508s
  460062    7.6200851e+02   4.084128e+03   0.000000e+00   1517s
  460788    7.6200851e+02   7.951351e+03   0.000000e+00   1524s
  461514    7.6200852e+02   6.714633e+03   0.000000e+00   1529s
  462240    7.6200852e+02   1.240355e+05   0.000000e+00   1536s
  462966    7.6200852e+02   3.799996e+04   0.000000e+00   1546s
  463646    7.6200852e+02   5.080238e+04   0.000000e+00   1557s
  464372    7.6200853e+02   1.725076e+04   0.000000e+00   1564s
  465098    7.6200853e+02   4.839965e+04   0.000000e+00   1573s
  465824    7.6200853e+02   8.472837e+03   0.000000e+00   1582s
  466550    7.6200854e+02   4.035067e+05   0.000000e+00   1589s
  467250    7.6200854e+02   3.243637e+04   0.000000e+00   1600s
  467976    7.6200854e+02   1.585863e+04   0.000000e+00   1609s
  468702    7.6200854e+02   2.233551e+04   0.000000e+00   1618s
  469312    7.6200855e+02   3.414674e+04   0.000000e+00   1629s
  470012    7.6200855e+02   1.184827e+04   0.000000e+00   1640s
  470738    7.6200855e+02   2.258354e+04   0.000000e+00   1650s
  471464    7.6200855e+02   1.833865e+04   0.000000e+00   1659s
  472190    7.6200856e+02   2.242935e+04   0.000000e+00   1664s
  472916    7.6200856e+02   4.928123e+03   0.000000e+00   1672s
  473642    7.6200856e+02   4.690382e+03   0.000000e+00   1683s
  474282    7.6200856e+02   1.707662e+04   0.000000e+00   1694s
  474972    7.6200856e+02   2.535343e+04   0.000000e+00   1705s
  475602    7.6200857e+02   2.913778e+04   0.000000e+00   1716s
  476302    7.6200857e+02   3.359127e+04   0.000000e+00   1728s
  477028    7.6200857e+02   8.376325e+04   0.000000e+00   1738s
  477618    7.6200857e+02   1.727325e+04   0.000000e+00   1750s
  478308    7.6200857e+02   8.083376e+03   0.000000e+00   1761s
  479034    7.6200858e+02   2.942206e+04   0.000000e+00   1771s
  479644    7.6200858e+02   1.137952e+04   0.000000e+00   1782s
  480294    7.6200858e+02   1.633737e+04   0.000000e+00   1793s
  481020    7.6200858e+02   7.778713e+03   0.000000e+00   1803s
  481746    7.6200859e+02   6.874582e+03   0.000000e+00   1810s
  482472    7.6200859e+02   1.960848e+04   0.000000e+00   1818s
  483198    7.6200859e+02   8.635672e+04   0.000000e+00   1828s
  483924    7.6200859e+02   6.637320e+03   0.000000e+00   1838s
  484604    7.6200860e+02   6.764143e+03   0.000000e+00   1849s
  485274    7.6200860e+02   1.757410e+04   0.000000e+00   1860s
  485884    7.6200860e+02   2.674835e+04   0.000000e+00   1872s
  486564    7.6200860e+02   1.276702e+04   0.000000e+00   1883s
  487234    7.6200860e+02   7.753909e+04   0.000000e+00   1894s
  487914    7.6200861e+02   1.140623e+04   0.000000e+00   1905s
  488640    7.6200861e+02   1.082958e+04   0.000000e+00   1916s
  489366    7.6200861e+02   9.045116e+03   0.000000e+00   1925s
  490092    7.6200861e+02   3.094153e+03   0.000000e+00   1932s
  490818    7.6200862e+02   9.889818e+03   0.000000e+00   1943s
  491544    7.6200862e+02   5.871842e+03   0.000000e+00   1954s
  492234    7.6200862e+02   4.485007e+04   0.000000e+00   1965s
  492914    7.6200862e+02   1.094056e+05   0.000000e+00   1977s
  493624    7.6200862e+02   4.434050e+04   0.000000e+00   1988s
  494264    7.6200863e+02   1.847712e+04   0.000000e+00   2000s
  494924    7.6200863e+02   1.257271e+04   0.000000e+00   2012s
  495650    7.6200863e+02   2.551299e+04   0.000000e+00   2022s
  496376    7.6200863e+02   7.265332e+03   0.000000e+00   2031s
  497066    7.6200863e+02   7.522650e+03   0.000000e+00   2043s
  497792    7.6200864e+02   1.458464e+04   0.000000e+00   2052s
  498472    7.6200864e+02   4.176672e+04   0.000000e+00   2065s
  499198    7.6200864e+02   4.915056e+04   0.000000e+00   2076s
  499924    7.6200864e+02   8.407602e+03   0.000000e+00   2085s
  500650    7.6200864e+02   1.856896e+04   0.000000e+00   2095s
  501376    7.6200865e+02   6.587347e+03   0.000000e+00   2105s
  502102    7.6200865e+02   6.217775e+03   0.000000e+00   2115s
  502828    7.6200865e+02   2.677459e+04   0.000000e+00   2123s
  503554    7.6200865e+02   3.559016e+03   0.000000e+00   2134s
  504280    7.6200865e+02   9.592945e+03   0.000000e+00   2146s
  504910    7.6600865e+02   6.211994e+03   0.000000e+00   2158s
  505510    7.6600865e+02   1.494328e+04   0.000000e+00   2169s
  506190    7.6600865e+02   7.560643e+03   0.000000e+00   2181s
  506900    7.6600866e+02   4.133477e+03   0.000000e+00   2193s
  507626    7.6600866e+02   1.102760e+04   0.000000e+00   2202s
  508266    7.6600866e+02   4.236945e+03   0.000000e+00   2214s
  508886    7.6600866e+02   1.035147e+04   0.000000e+00   2225s
  509436    7.6600866e+02   1.050683e+04   0.000000e+00   2237s
  510162    7.6600866e+02   1.512028e+04   0.000000e+00   2246s
  510888    7.6600867e+02   9.879129e+03   0.000000e+00   2258s
  511538    7.6600867e+02   5.801367e+03   0.000000e+00   2270s
  512118    7.6600867e+02   2.763642e+04   0.000000e+00   2283s
  512718    7.6600867e+02   1.438368e+04   0.000000e+00   2296s
  513378    7.6600867e+02   1.192233e+04   0.000000e+00   2309s
  514008    7.6600867e+02   6.828477e+04   0.000000e+00   2321s
  514588    7.6600868e+02   7.757014e+03   0.000000e+00   2334s
  515268    7.6600868e+02   2.703113e+04   0.000000e+00   2347s
  515958    7.6600868e+02   1.601973e+04   0.000000e+00   2358s
  516538    7.6600868e+02   4.551776e+03   0.000000e+00   2371s
  517178    7.6600868e+02   4.361732e+04   0.000000e+00   2384s
  517798    7.6600868e+02   1.062138e+04   0.000000e+00   2396s
  518448    7.6600869e+02   2.408914e+04   0.000000e+00   2409s
  519038    7.6600869e+02   2.303064e+04   0.000000e+00   2422s
  519738    7.6600869e+02   7.171355e+03   0.000000e+00   2434s
  520458    7.6600869e+02   1.584314e+04   0.000000e+00   2446s
  521184    7.6600869e+02   6.406559e+03   0.000000e+00   2458s
  521910    7.6600870e+02   1.062198e+04   0.000000e+00   2462s
  522610    7.6600870e+02   2.470333e+04   0.000000e+00   2474s
  523320    7.6600870e+02   1.039770e+04   0.000000e+00   2486s
  524046    7.6600870e+02   2.668101e+03   0.000000e+00   2497s
  524772    7.6600870e+02   1.756012e+04   0.000000e+00   2503s
  525498    7.6600870e+02   2.022917e+04   0.000000e+00   2515s
  526078    7.6600870e+02   1.411087e+04   0.000000e+00   2527s
  526718    7.6600871e+02   1.058630e+04   0.000000e+00   2539s
  527444    7.6600871e+02   3.520484e+04   0.000000e+00   2552s
  528170    7.6600871e+02   5.577262e+04   0.000000e+00   2565s
  528896    7.6600871e+02   2.534266e+04   0.000000e+00   2576s
  529616    7.6600872e+02   3.338029e+04   0.000000e+00   2589s
  530342    7.6600872e+02   3.979436e+04   0.000000e+00   2599s
  531068    7.6600872e+02   5.291825e+03   0.000000e+00   2610s
  531794    7.6600873e+02   4.926962e+03   0.000000e+00   2622s
  532520    7.6600873e+02   9.919598e+03   0.000000e+00   2633s
  533246    7.6600873e+02   6.772551e+03   0.000000e+00   2643s
  533972    7.8600872e+02   1.767472e+04   0.000000e+00   2652s
  534698    7.8600873e+02   1.699381e+04   0.000000e+00   2661s
  535424    7.8600873e+02   4.664067e+04   0.000000e+00   2668s
  536150    7.8600873e+02   4.293699e+04   0.000000e+00   2677s
  536876    7.8600873e+02   1.927549e+04   0.000000e+00   2687s
  537602    7.8600874e+02   6.200020e+03   0.000000e+00   2694s
  538328    7.8600874e+02   7.153472e+03   0.000000e+00   2706s
  539054    7.8600874e+02   1.248984e+04   0.000000e+00   2715s
  539774    7.8600874e+02   4.973275e+04   0.000000e+00   2727s
  540464    7.8600874e+02   3.321793e+03   0.000000e+00   2740s
  541190    7.8600874e+02   5.553806e+03   0.000000e+00   2751s
  541830    7.8600875e+02   7.027890e+04   0.000000e+00   2764s
  542460    7.8600875e+02   1.138445e+04   0.000000e+00   2776s
  543120    7.8600875e+02   2.562003e+04   0.000000e+00   2789s
  543690    7.8600875e+02   1.190033e+04   0.000000e+00   2801s
  544310    7.8600875e+02   5.464272e+03   0.000000e+00   2814s
  545036    7.8600875e+02   1.306612e+04   0.000000e+00   2824s
  545762    7.8600876e+02   3.393179e+03   0.000000e+00   2836s
  546488    7.8600876e+02   8.707795e+03   0.000000e+00   2846s
  547214    8.1000871e+02   1.008534e+05   0.000000e+00   2858s
  547940    8.1000874e+02   1.115499e+04   0.000000e+00   2860s
  548666    8.1000875e+02   1.686050e+04   0.000000e+00   2870s
  549392    8.1000875e+02   5.275066e+03   0.000000e+00   2877s
  550118    8.1000875e+02   4.764950e+03   0.000000e+00   2881s
  550844    8.1000875e+02   3.950263e+03   0.000000e+00   2891s
  551570    8.1000875e+02   1.118324e+04   0.000000e+00   2899s
  552296    8.1000876e+02   4.001410e+03   0.000000e+00   2911s
  553022    8.1000876e+02   2.905515e+03   0.000000e+00   2919s
  553748    8.1000876e+02   4.236821e+03   0.000000e+00   2927s
  554428    8.1000876e+02   7.371639e+03   0.000000e+00   2939s
  555154    8.1000876e+02   2.448657e+04   0.000000e+00   2949s
  555880    8.1000877e+02   7.131727e+03   0.000000e+00   2960s
  556606    8.1000877e+02   6.508583e+03   0.000000e+00   2968s
  557332    8.1000877e+02   3.734268e+03   0.000000e+00   2978s
  558052    8.1000877e+02   7.200775e+03   0.000000e+00   2991s
  558778    8.1000878e+02   3.714313e+04   0.000000e+00   3003s
  559504    8.1000878e+02   4.703176e+03   0.000000e+00   3012s
  560230    8.1000878e+02   4.826428e+03   0.000000e+00   3018s
  560956    8.1000878e+02   8.094217e+04   0.000000e+00   3025s
  561682    8.1000878e+02   3.023836e+04   0.000000e+00   3035s
  563134    8.1000879e+02   7.643616e+03   0.000000e+00   3052s
  563854    8.1000879e+02   4.319614e+03   0.000000e+00   3065s
  564580    8.1000879e+02   5.541385e+03   0.000000e+00   3077s
  565306    8.2200877e+02   5.162800e+03   0.000000e+00   3087s
  566032    8.2200878e+02   3.501896e+03   0.000000e+00   3096s
  566732    8.2200878e+02   1.690978e+04   0.000000e+00   3109s
  567458    8.2200878e+02   3.806479e+03   0.000000e+00   3119s
  568184    8.2200878e+02   7.859705e+03   0.000000e+00   3128s
  568804    8.2200878e+02   4.235129e+03   0.000000e+00   3141s
  569384    8.2200878e+02   2.950614e+04   0.000000e+00   3154s
  570004    8.2200878e+02   7.937911e+03   0.000000e+00   3165s
  570534    8.2200879e+02   2.577173e+04   0.000000e+00   3176s
  571064    8.2600878e+02   1.637697e+04   0.000000e+00   3187s
  571790    8.2600883e+02   3.297023e+03   0.000000e+00   3195s
  572490    8.2600884e+02   5.018438e+03   0.000000e+00   3206s
  573170    8.2600886e+02   1.029670e+05   0.000000e+00   3217s
  573896    8.2600887e+02   8.345873e+03   0.000000e+00   3221s
  574576    8.2600888e+02   7.596758e+03   0.000000e+00   3232s
  575302    8.2600890e+02   2.052412e+04   0.000000e+00   3240s
  576028    8.2600892e+02   4.343012e+03   0.000000e+00   3247s
  576738    8.2600893e+02   1.220973e+04   0.000000e+00   3258s
  577464    8.2600894e+02   9.736773e+03   0.000000e+00   3265s
  578094    8.2600895e+02   1.227576e+04   0.000000e+00   3276s
  578820    8.2600896e+02   8.275347e+03   0.000000e+00   3283s
  579530    8.2600897e+02   6.547047e+03   0.000000e+00   3293s
  580250    8.2600897e+02   6.381641e+03   0.000000e+00   3303s
  580940    8.2600898e+02   5.332868e+03   0.000000e+00   3314s
  581560    8.2600899e+02   4.537751e+03   0.000000e+00   3324s
  582230    8.2600899e+02   9.579283e+03   0.000000e+00   3335s
  582860    8.2600900e+02   2.143353e+04   0.000000e+00   3345s
  583450    8.2600900e+02   1.633866e+04   0.000000e+00   3356s
  584040    8.2600901e+02   3.451844e+03   0.000000e+00   3366s
  584690    8.2600901e+02   4.553425e+03   0.000000e+00   3377s
  585416    8.2600902e+02   1.584278e+04   0.000000e+00   3386s
  586126    8.2600903e+02   8.611528e+03   0.000000e+00   3397s
  586766    8.2600903e+02   1.970887e+03   0.000000e+00   3407s
  587426    8.2600904e+02   9.202708e+03   0.000000e+00   3418s
  587996    8.2600904e+02   2.833893e+03   0.000000e+00   3428s
  588536    8.2600905e+02   8.465376e+03   0.000000e+00   3438s
  589136    8.2600905e+02   2.311305e+03   0.000000e+00   3449s
  589706    8.2600905e+02   4.879214e+03   0.000000e+00   3459s
  590316    8.2600906e+02   5.080939e+03   0.000000e+00   3469s
  590876    8.2600907e+02   1.102052e+04   0.000000e+00   3479s
  591396    8.2600907e+02   5.548938e+03   0.000000e+00   3490s
  591936    8.2600907e+02   3.076021e+04   0.000000e+00   3500s
  592526    8.2600908e+02   9.047508e+03   0.000000e+00   3510s
