1.NAME: MIPSolver3
2.PARAMS: {'break_symmetry': False, 'break_symmetry_strong': False}
3.INSTANCE: /home/wx350715/Kobra/rehabiliation-admission-scheduling/data/comp_study_002/instance_3_15.txt
4.REPETITION: 1
Current directory: /home/wx350715/Kobra/rehabiliation-admission-scheduling
[34m2025-01-07 04:59:18,870 - DEBUG - Solver: <class 'src.solvers.mip3.MIPSolver3'>[0m
[34m2025-01-07 04:59:18,871 - DEBUG - Args: {'break_symmetry': False, 'break_symmetry_strong': False}[0m
[34m2025-01-07 04:59:18,871 - DEBUG - File path /home/wx350715/Kobra/rehabiliation-admission-scheduling/data/comp_study_002/instance_3_15.txt[0m
[34m2025-01-07 04:59:18,871 - DEBUG - ADD INSTANCE DATA[0m
[34m2025-01-07 04:59:18,871 - DEBUG - ADD INSTANCE DATA[0m
[34m2025-01-07 04:59:18,871 - DEBUG - ADD INSTANCE DATA[0m
[34m2025-01-07 04:59:18,871 - DEBUG - ADD INSTANCE DATA[0m
[34m2025-01-07 04:59:18,871 - DEBUG - ADD INSTANCE DATA[0m
[34m2025-01-07 04:59:18,871 - DEBUG - ADD INSTANCE DATA[0m
[34m2025-01-07 04:59:18,871 - DEBUG - ADD INSTANCE DATA[0m
[34m2025-01-07 04:59:18,871 - DEBUG - ADD INSTANCE DATA[0m
[34m2025-01-07 04:59:18,871 - DEBUG - ADD INSTANCE DATA[0m
[34m2025-01-07 04:59:18,871 - DEBUG - ADD INSTANCE DATA[0m
[34m2025-01-07 04:59:18,871 - DEBUG - ADD INSTANCE DATA[0m
[34m2025-01-07 04:59:18,872 - DEBUG - ADD RESOURCE_GROUPS[0m
[34m2025-01-07 04:59:18,872 - DEBUG - ADD RESOURCE_GROUPS[0m
[34m2025-01-07 04:59:18,872 - DEBUG - ADD RESOURCE_GROUPS[0m
[34m2025-01-07 04:59:18,872 - DEBUG - ADD RESOURCE_GROUPS[0m
[34m2025-01-07 04:59:18,872 - DEBUG - ADD RESOURCES[0m
[34m2025-01-07 04:59:18,872 - DEBUG - ADD RESOURCES[0m
[34m2025-01-07 04:59:18,872 - DEBUG - ADD RESOURCES[0m
[34m2025-01-07 04:59:18,872 - DEBUG - ADD RESOURCES[0m
[34m2025-01-07 04:59:18,872 - DEBUG - ADD RESOURCES[0m
[34m2025-01-07 04:59:18,872 - DEBUG - ADD RESOURCES[0m
[34m2025-01-07 04:59:18,872 - DEBUG - ADD RESOURCES[0m
[34m2025-01-07 04:59:18,872 - DEBUG - ADD RESOURCES[0m
[34m2025-01-07 04:59:18,873 - DEBUG - ADD RESOURCES[0m
[34m2025-01-07 04:59:18,873 - DEBUG - ADD TREATMENTS[0m
[34m2025-01-07 04:59:18,873 - DEBUG - ADD TREATMENTS[0m
[34m2025-01-07 04:59:18,873 - DEBUG - ADD TREATMENTS[0m
[34m2025-01-07 04:59:18,873 - DEBUG - ADD TREATMENTS[0m
[34m2025-01-07 04:59:18,873 - DEBUG - ADD TREATMENTS[0m
[34m2025-01-07 04:59:18,873 - DEBUG - ADD TREATMENTS[0m
[34m2025-01-07 04:59:18,873 - DEBUG - ADD TREATMENTS[0m
[34m2025-01-07 04:59:18,873 - DEBUG - ADD TREATMENTS[0m
[34m2025-01-07 04:59:18,874 - DEBUG - ADD PATIENTS[0m
[34m2025-01-07 04:59:18,874 - DEBUG - ADD PATIENTS[0m
[34m2025-01-07 04:59:18,874 - DEBUG - ADD PATIENTS[0m
[34m2025-01-07 04:59:18,874 - DEBUG - ADD PATIENTS[0m
[34m2025-01-07 04:59:18,874 - DEBUG - ADD PATIENTS[0m
[34m2025-01-07 04:59:18,874 - DEBUG - ADD PATIENTS[0m
[34m2025-01-07 04:59:18,874 - DEBUG - ADD PATIENTS[0m
[34m2025-01-07 04:59:18,874 - DEBUG - ADD PATIENTS[0m
[34m2025-01-07 04:59:18,874 - DEBUG - ADD PATIENTS[0m
[34m2025-01-07 04:59:18,875 - DEBUG - ADD PATIENTS[0m
[34m2025-01-07 04:59:18,875 - DEBUG - ADD PATIENTS[0m
[34m2025-01-07 04:59:18,875 - DEBUG - ADD PATIENTS[0m
[34m2025-01-07 04:59:18,875 - DEBUG - ADD PATIENTS[0m
[34m2025-01-07 04:59:18,875 - DEBUG - ADD PATIENTS[0m
[34m2025-01-07 04:59:18,875 - DEBUG - ADD PATIENTS[0m
[34m2025-01-07 04:59:18,875 - DEBUG - ADD PATIENTS[0m
[34m2025-01-07 04:59:18,875 - DEBUG - ADD PATIENTS[0m
[34m2025-01-07 04:59:18,875 - DEBUG - ADD PATIENTS[0m
[34m2025-01-07 04:59:18,875 - DEBUG - ADD PATIENTS[0m
[34m2025-01-07 04:59:18,876 - DEBUG - ADD PATIENTS[0m
[34m2025-01-07 04:59:18,876 - DEBUG - ADD PATIENTS[0m
[34m2025-01-07 04:59:18,876 - DEBUG - ADD PATIENTS[0m
[34m2025-01-07 04:59:18,876 - DEBUG - ADD PATIENTS[0m
[34m2025-01-07 04:59:18,876 - DEBUG - ADD PATIENTS[0m
[34m2025-01-07 04:59:18,876 - DEBUG - ADD PATIENTS[0m
[34m2025-01-07 04:59:18,876 - DEBUG - ADD PATIENTS[0m
[34m2025-01-07 04:59:18,878 - DEBUG - ADD PATIENTS[0m
[34m2025-01-07 04:59:18,878 - DEBUG - ADD PATIENTS[0m
[34m2025-01-07 04:59:18,878 - DEBUG - ADD PATIENTS[0m
[34m2025-01-07 04:59:18,878 - DEBUG - ADD PATIENTS[0m
[34m2025-01-07 04:59:18,878 - DEBUG - ADD PATIENTS[0m
[34m2025-01-07 04:59:18,878 - DEBUG - ADD PATIENTS[0m
[34m2025-01-07 04:59:18,878 - DEBUG - ADD PATIENTS[0m
[34m2025-01-07 04:59:18,879 - DEBUG - ADD PATIENTS[0m
[34m2025-01-07 04:59:18,879 - DEBUG - ADD PATIENTS[0m
[34m2025-01-07 04:59:18,879 - DEBUG - ADD PATIENTS[0m
[34m2025-01-07 04:59:18,879 - DEBUG - ADD PATIENTS[0m
[34m2025-01-07 04:59:18,879 - DEBUG - ADD PATIENTS[0m
[34m2025-01-07 04:59:18,879 - DEBUG - ADD PATIENTS[0m
[34m2025-01-07 04:59:18,879 - DEBUG - ADD PATIENTS[0m
[34m2025-01-07 04:59:18,879 - DEBUG - Instance data:[0m
[34m2025-01-07 04:59:18,880 - DEBUG - Number of patients: 40[0m
[34m2025-01-07 04:59:18,880 - DEBUG - Number of beds: 40[0m
[34m2025-01-07 04:59:18,880 - DEBUG - Average number of treatments per patient: 29.275[0m
[34m2025-01-07 04:59:18,880 - DEBUG - Average number of treatment per stayed day: 2.11754068716094[0m
[34m2025-01-07 04:59:18,880 - DEBUG - Number of treatments: 1171[0m
[34m2025-01-07 04:59:18,880 - DEBUG - Number of resources: 9[0m
[34m2025-01-07 04:59:18,880 - DEBUG - Number of resource groups: 4[0m
[34m2025-01-07 04:59:18,880 - DEBUG - Number of resource hours needed per all treatment by RG(therapists): 37.824999999999996[0m
[34m2025-01-07 04:59:18,880 - DEBUG - Number of resource hours needed per all treatment by RG(rooms): 73.20000000000003[0m
[34m2025-01-07 04:59:18,880 - DEBUG - Number of resource hours needed per all treatment by RG(physiotherapist): 25.5[0m
[34m2025-01-07 04:59:18,880 - DEBUG - Number of resource hours needed per all treatment by RG(sport_room): 18.375[0m
[32m2025-01-07 04:59:18,880 - INFO - {'solver': 'MIPSolver3', 'args': {'break_symmetry': True, 'break_symmetry_strong': True, 'enforce_min_treatments_per_day': True, 'enforce_max_treatments_per_e_w': True, 'enforce_min_patients_per_treatment': True, 'log_to_console': True}}[0m
[34m2025-01-07 04:59:18,880 - DEBUG - Setting options: MIPSolver3[0m
[34m2025-01-07 04:59:18,880 - DEBUG -  ---- break_symmetry to True[0m
[34m2025-01-07 04:59:18,880 - DEBUG -  ---- break_symmetry_strong to True[0m
[34m2025-01-07 04:59:18,880 - DEBUG - Setting options: Solver[0m
[34m2025-01-07 04:59:18,880 - DEBUG -  ---- number_of_threads to 1 (default)[0m
[34m2025-01-07 04:59:18,880 - DEBUG -  ---- treatment_value to 0 (default)[0m
[34m2025-01-07 04:59:18,880 - DEBUG -  ---- delay_value to 1 (default)[0m
[34m2025-01-07 04:59:18,880 - DEBUG -  ---- missing_treatment_value to 4 (default)[0m
[34m2025-01-07 04:59:18,880 - DEBUG -  ---- enforce_min_treatments_per_day to True[0m
[34m2025-01-07 04:59:18,881 - DEBUG -  ---- enforce_max_treatments_per_e_w to True[0m
[34m2025-01-07 04:59:18,881 - DEBUG -  ---- enforce_min_patients_per_treatment to True[0m
[34m2025-01-07 04:59:18,881 - DEBUG -  ---- log_to_console to True[0m
[34m2025-01-07 04:59:18,881 - DEBUG -  ---- log_to_file to True (default)[0m
[32m2025-01-07 04:59:18,898 - INFO - Create model: MIPSolver3[0m
Set parameter TSPort to value 50039
Set parameter TokenServer to value "license.itc.rwth-aachen.de"
Set parameter Threads to value 1
Set parameter Cuts to value 0
[34m2025-01-07 04:59:44,642 - DEBUG - Variables created.[0m
[34m2025-01-07 04:59:47,456 - DEBUG - Constraint (p1) created.[0m
[34m2025-01-07 05:00:27,084 - DEBUG - Constraint (when_admitted) created.[0m
[34m2025-01-07 05:00:33,249 - DEBUG - Constraint (p3) created.[0m
[34m2025-01-07 05:00:33,250 - DEBUG - Constraint (r1) created.[0m
[34m2025-01-07 05:00:40,453 - DEBUG - Constraint (r2) created.[0m
[34m2025-01-07 05:00:46,198 - DEBUG - Constraint (r3) created.[0m
[34m2025-01-07 05:01:15,806 - DEBUG - Constraint (r4) created.[0m
[34m2025-01-07 05:01:15,916 - DEBUG - Constraint (r5) created.[0m
[34m2025-01-07 05:01:20,596 - DEBUG - Constraint (r6) created.[0m
[34m2025-01-07 05:01:20,598 - DEBUG - Constraint (r7) created.[0m
[34m2025-01-07 05:01:23,843 - DEBUG - Constraint (a4) created.[0m
[34m2025-01-07 05:01:25,952 - DEBUG - Constraint (a5) created.[0m
[34m2025-01-07 05:01:28,201 - DEBUG - Constraint (a5) created.[0m
[34m2025-01-07 05:01:28,711 - DEBUG - Constraint (strong symmetry) created.[0m
[34m2025-01-07 05:01:28,902 - DEBUG - Constraint (symmetry) created.[0m
[32m2025-01-07 05:03:30,697 - INFO - Time to create model: 251.799[0m
[32m2025-01-07 05:03:30,698 - INFO - Solving model: MIPSolver3[0m
Gurobi Optimizer version 10.0.0 build v10.0.0rc2 (linux64)

CPU model: Intel(R) Xeon(R) Platinum 8468, instruction set [SSE2|AVX|AVX2|AVX512]
Thread count: 96 physical cores, 96 logical processors, using up to 1 threads

Optimize a model with 7321383 rows, 4713555 columns and 58605116 nonzeros
Model fingerprint: 0xd408a614
Variable types: 2 continuous, 4713553 integer (4713553 binary)
Coefficient statistics:
  Matrix range     [1e+00, 1e+01]
  Objective range  [1e+00, 1e+01]
  Bounds range     [1e+00, 1e+00]
  RHS range        [1e+00, 5e+03]
Presolve removed 11525 rows and 6 columns (presolve time = 5s) ...
Presolve removed 2014362 rows and 1253061 columns (presolve time = 11s) ...
Presolve removed 2021530 rows and 1267402 columns (presolve time = 16s) ...
Presolve removed 2021530 rows and 1267402 columns (presolve time = 21s) ...
Presolve removed 2021530 rows and 1267404 columns (presolve time = 25s) ...
Presolve removed 2021530 rows and 1267404 columns (presolve time = 31s) ...
Presolve removed 2021530 rows and 1267405 columns (presolve time = 36s) ...
Presolve removed 2021530 rows and 1267405 columns (presolve time = 40s) ...
Presolve removed 2021530 rows and 1267405 columns (presolve time = 45s) ...
Presolve removed 2021530 rows and 1267405 columns (presolve time = 50s) ...
Presolve removed 2021539 rows and 1267405 columns (presolve time = 55s) ...
Presolve removed 2021539 rows and 1267405 columns (presolve time = 60s) ...
Presolve removed 2021539 rows and 1267405 columns (presolve time = 65s) ...
Presolve removed 2021539 rows and 1267405 columns (presolve time = 70s) ...
Presolve removed 2021539 rows and 1267405 columns (presolve time = 75s) ...
Presolve removed 2021539 rows and 1267405 columns (presolve time = 80s) ...
Presolve removed 3103240 rows and 1267405 columns (presolve time = 85s) ...
Presolve removed 3103240 rows and 1267405 columns (presolve time = 90s) ...
Presolve removed 3103240 rows and 1267405 columns (presolve time = 95s) ...
Presolve removed 3103371 rows and 1267406 columns (presolve time = 100s) ...
Presolve removed 3191909 rows and 1267406 columns (presolve time = 107s) ...
Presolve removed 3191909 rows and 1267406 columns (presolve time = 110s) ...
Presolve removed 3191909 rows and 1267406 columns (presolve time = 115s) ...
Presolve removed 3191909 rows and 1267406 columns (presolve time = 120s) ...
Presolve removed 3191909 rows and 1267406 columns (presolve time = 125s) ...
Presolve removed 3191909 rows and 1267406 columns (presolve time = 130s) ...
Presolve removed 3192763 rows and 1267406 columns (presolve time = 135s) ...
Presolve removed 3192763 rows and 1267406 columns (presolve time = 140s) ...
Presolve removed 3192763 rows and 1267406 columns (presolve time = 145s) ...
Presolve removed 3192763 rows and 1267406 columns (presolve time = 150s) ...
Presolve removed 3192763 rows and 1267406 columns (presolve time = 155s) ...
Presolve removed 3192763 rows and 1267406 columns (presolve time = 160s) ...
Presolve removed 3192763 rows and 1267406 columns (presolve time = 165s) ...
Presolve removed 3192763 rows and 1267406 columns (presolve time = 170s) ...
Presolve removed 3192763 rows and 1267406 columns (presolve time = 175s) ...
Presolve removed 3192763 rows and 1267406 columns (presolve time = 180s) ...
Presolve removed 3192763 rows and 1267406 columns (presolve time = 185s) ...
Presolve removed 3192763 rows and 1267406 columns (presolve time = 190s) ...
Presolve removed 3192763 rows and 1267406 columns (presolve time = 195s) ...
Presolve removed 3192763 rows and 1267406 columns (presolve time = 200s) ...
Presolve removed 3192763 rows and 1267406 columns (presolve time = 205s) ...
Presolve removed 3192763 rows and 1267406 columns (presolve time = 210s) ...
Presolve removed 3192763 rows and 1267406 columns (presolve time = 215s) ...
Presolve removed 3192763 rows and 1267406 columns (presolve time = 220s) ...
Presolve removed 3192763 rows and 1267406 columns (presolve time = 225s) ...
Presolve removed 3192763 rows and 1267406 columns (presolve time = 230s) ...
Presolve removed 3192763 rows and 1267406 columns (presolve time = 235s) ...
Presolve removed 3192763 rows and 1267406 columns (presolve time = 240s) ...
Presolve removed 3192763 rows and 1267406 columns (presolve time = 245s) ...
Presolve removed 3192763 rows and 1267406 columns (presolve time = 250s) ...
Presolve removed 3192763 rows and 1267406 columns (presolve time = 255s) ...
Presolve removed 3192763 rows and 1267406 columns (presolve time = 260s) ...
Presolve removed 3192763 rows and 1267406 columns (presolve time = 265s) ...
Presolve removed 3192763 rows and 1267406 columns (presolve time = 270s) ...
Presolve removed 3192763 rows and 1267406 columns (presolve time = 275s) ...
Presolve removed 3192763 rows and 1267406 columns (presolve time = 280s) ...
Presolve removed 3192763 rows and 1267406 columns (presolve time = 285s) ...
Presolve removed 3192763 rows and 1267406 columns (presolve time = 290s) ...
Presolve removed 3192763 rows and 1267406 columns (presolve time = 295s) ...
Presolve removed 3192763 rows and 1267406 columns (presolve time = 300s) ...
Presolve removed 3192763 rows and 1267406 columns (presolve time = 305s) ...
Presolve removed 3192763 rows and 1267406 columns (presolve time = 310s) ...
Presolve removed 3192763 rows and 1267406 columns (presolve time = 315s) ...
Presolve removed 3192763 rows and 1267406 columns (presolve time = 320s) ...
Presolve removed 3192763 rows and 1267406 columns (presolve time = 325s) ...
Presolve removed 3192763 rows and 1267406 columns (presolve time = 330s) ...
Presolve removed 3192763 rows and 1267406 columns (presolve time = 335s) ...
Presolve removed 3192763 rows and 1267406 columns (presolve time = 340s) ...
Presolve removed 3192763 rows and 1267406 columns (presolve time = 345s) ...
Presolve removed 3192763 rows and 1267406 columns (presolve time = 350s) ...
Presolve removed 3192763 rows and 1267406 columns (presolve time = 355s) ...
Presolve removed 3192763 rows and 1267406 columns (presolve time = 360s) ...
