1.NAME: MIPSolver3
2.PARAMS: {'break_symmetry': True, 'break_symmetry_strong': True}
3.INSTANCE: /home/wx350715/Kobra/rehabiliation-admission-scheduling/data/comp_study_002/instance_6_5.txt
4.REPETITION: 1
Current directory: /home/wx350715/Kobra/rehabiliation-admission-scheduling
[34m2025-01-07 03:47:21,457 - DEBUG - Solver: <class 'src.solvers.mip3.MIPSolver3'>[0m
[34m2025-01-07 03:47:21,457 - DEBUG - Args: {'break_symmetry': True, 'break_symmetry_strong': True}[0m
[34m2025-01-07 03:47:21,457 - DEBUG - File path /home/wx350715/Kobra/rehabiliation-admission-scheduling/data/comp_study_002/instance_6_5.txt[0m
[34m2025-01-07 03:47:21,472 - DEBUG - ADD INSTANCE DATA[0m
[34m2025-01-07 03:47:21,472 - DEBUG - ADD INSTANCE DATA[0m
[34m2025-01-07 03:47:21,472 - DEBUG - ADD INSTANCE DATA[0m
[34m2025-01-07 03:47:21,472 - DEBUG - ADD INSTANCE DATA[0m
[34m2025-01-07 03:47:21,472 - DEBUG - ADD INSTANCE DATA[0m
[34m2025-01-07 03:47:21,472 - DEBUG - ADD INSTANCE DATA[0m
[34m2025-01-07 03:47:21,472 - DEBUG - ADD INSTANCE DATA[0m
[34m2025-01-07 03:47:21,472 - DEBUG - ADD INSTANCE DATA[0m
[34m2025-01-07 03:47:21,472 - DEBUG - ADD INSTANCE DATA[0m
[34m2025-01-07 03:47:21,472 - DEBUG - ADD INSTANCE DATA[0m
[34m2025-01-07 03:47:21,473 - DEBUG - ADD INSTANCE DATA[0m
[34m2025-01-07 03:47:21,473 - DEBUG - ADD RESOURCE_GROUPS[0m
[34m2025-01-07 03:47:21,473 - DEBUG - ADD RESOURCE_GROUPS[0m
[34m2025-01-07 03:47:21,473 - DEBUG - ADD RESOURCE_GROUPS[0m
[34m2025-01-07 03:47:21,473 - DEBUG - ADD RESOURCE_GROUPS[0m
[34m2025-01-07 03:47:21,473 - DEBUG - ADD RESOURCES[0m
[34m2025-01-07 03:47:21,473 - DEBUG - ADD RESOURCES[0m
[34m2025-01-07 03:47:21,473 - DEBUG - ADD RESOURCES[0m
[34m2025-01-07 03:47:21,473 - DEBUG - ADD RESOURCES[0m
[34m2025-01-07 03:47:21,473 - DEBUG - ADD RESOURCES[0m
[34m2025-01-07 03:47:21,473 - DEBUG - ADD RESOURCES[0m
[34m2025-01-07 03:47:21,473 - DEBUG - ADD RESOURCES[0m
[34m2025-01-07 03:47:21,474 - DEBUG - ADD RESOURCES[0m
[34m2025-01-07 03:47:21,474 - DEBUG - ADD RESOURCES[0m
[34m2025-01-07 03:47:21,474 - DEBUG - ADD RESOURCES[0m
[34m2025-01-07 03:47:21,474 - DEBUG - ADD TREATMENTS[0m
[34m2025-01-07 03:47:21,474 - DEBUG - ADD TREATMENTS[0m
[34m2025-01-07 03:47:21,474 - DEBUG - ADD TREATMENTS[0m
[34m2025-01-07 03:47:21,474 - DEBUG - ADD TREATMENTS[0m
[34m2025-01-07 03:47:21,474 - DEBUG - ADD TREATMENTS[0m
[34m2025-01-07 03:47:21,474 - DEBUG - ADD TREATMENTS[0m
[34m2025-01-07 03:47:21,474 - DEBUG - ADD TREATMENTS[0m
[34m2025-01-07 03:47:21,474 - DEBUG - ADD TREATMENTS[0m
[34m2025-01-07 03:47:21,475 - DEBUG - ADD PATIENTS[0m
[34m2025-01-07 03:47:21,475 - DEBUG - ADD PATIENTS[0m
[34m2025-01-07 03:47:21,475 - DEBUG - ADD PATIENTS[0m
[34m2025-01-07 03:47:21,475 - DEBUG - ADD PATIENTS[0m
[34m2025-01-07 03:47:21,475 - DEBUG - ADD PATIENTS[0m
[34m2025-01-07 03:47:21,475 - DEBUG - ADD PATIENTS[0m
[34m2025-01-07 03:47:21,475 - DEBUG - ADD PATIENTS[0m
[34m2025-01-07 03:47:21,475 - DEBUG - ADD PATIENTS[0m
[34m2025-01-07 03:47:21,476 - DEBUG - ADD PATIENTS[0m
[34m2025-01-07 03:47:21,476 - DEBUG - ADD PATIENTS[0m
[34m2025-01-07 03:47:21,476 - DEBUG - ADD PATIENTS[0m
[34m2025-01-07 03:47:21,476 - DEBUG - ADD PATIENTS[0m
[34m2025-01-07 03:47:21,476 - DEBUG - ADD PATIENTS[0m
[34m2025-01-07 03:47:21,476 - DEBUG - ADD PATIENTS[0m
[34m2025-01-07 03:47:21,476 - DEBUG - ADD PATIENTS[0m
[34m2025-01-07 03:47:21,476 - DEBUG - ADD PATIENTS[0m
[34m2025-01-07 03:47:21,476 - DEBUG - ADD PATIENTS[0m
[34m2025-01-07 03:47:21,476 - DEBUG - ADD PATIENTS[0m
[34m2025-01-07 03:47:21,477 - DEBUG - ADD PATIENTS[0m
[34m2025-01-07 03:47:21,477 - DEBUG - ADD PATIENTS[0m
[34m2025-01-07 03:47:21,477 - DEBUG - ADD PATIENTS[0m
[34m2025-01-07 03:47:21,477 - DEBUG - Instance data:[0m
[34m2025-01-07 03:47:21,477 - DEBUG - Number of patients: 21[0m
[34m2025-01-07 03:47:21,477 - DEBUG - Number of beds: 36[0m
[34m2025-01-07 03:47:21,477 - DEBUG - Average number of treatments per patient: 32.38095238095238[0m
[34m2025-01-07 03:47:21,479 - DEBUG - Average number of treatment per stayed day: 2.3859649122807016[0m
[34m2025-01-07 03:47:21,479 - DEBUG - Number of treatments: 680[0m
[34m2025-01-07 03:47:21,479 - DEBUG - Number of resources: 10[0m
[34m2025-01-07 03:47:21,479 - DEBUG - Number of resource groups: 4[0m
[34m2025-01-07 03:47:21,479 - DEBUG - Number of resource hours needed per all treatment by RG(therapists): 19.704166666666676[0m
[34m2025-01-07 03:47:21,479 - DEBUG - Number of resource hours needed per all treatment by RG(rooms): 35.95416666666666[0m
[34m2025-01-07 03:47:21,479 - DEBUG - Number of resource hours needed per all treatment by RG(physiotherapist): 15.5[0m
[34m2025-01-07 03:47:21,479 - DEBUG - Number of resource hours needed per all treatment by RG(sport_room): 6.75[0m
[32m2025-01-07 03:47:21,479 - INFO - {'solver': 'MIPSolver3', 'args': {'break_symmetry': True, 'break_symmetry_strong': True, 'enforce_min_treatments_per_day': True, 'enforce_max_treatments_per_e_w': True, 'enforce_min_patients_per_treatment': True, 'log_to_console': True}}[0m
[34m2025-01-07 03:47:21,479 - DEBUG - Setting options: MIPSolver3[0m
[34m2025-01-07 03:47:21,479 - DEBUG -  ---- break_symmetry to True[0m
[34m2025-01-07 03:47:21,479 - DEBUG -  ---- break_symmetry_strong to True[0m
[34m2025-01-07 03:47:21,479 - DEBUG - Setting options: Solver[0m
[34m2025-01-07 03:47:21,479 - DEBUG -  ---- number_of_threads to 1 (default)[0m
[34m2025-01-07 03:47:21,480 - DEBUG -  ---- treatment_value to 0 (default)[0m
[34m2025-01-07 03:47:21,480 - DEBUG -  ---- delay_value to 1 (default)[0m
[34m2025-01-07 03:47:21,480 - DEBUG -  ---- missing_treatment_value to 4 (default)[0m
[34m2025-01-07 03:47:21,480 - DEBUG -  ---- enforce_min_treatments_per_day to True[0m
[34m2025-01-07 03:47:21,480 - DEBUG -  ---- enforce_max_treatments_per_e_w to True[0m
[34m2025-01-07 03:47:21,480 - DEBUG -  ---- enforce_min_patients_per_treatment to True[0m
[34m2025-01-07 03:47:21,480 - DEBUG -  ---- log_to_console to True[0m
[34m2025-01-07 03:47:21,480 - DEBUG -  ---- log_to_file to True (default)[0m
[32m2025-01-07 03:47:21,580 - INFO - Create model: MIPSolver3[0m
Set parameter TSPort to value 50039
Set parameter TokenServer to value "license.itc.rwth-aachen.de"
Set parameter Threads to value 1
Set parameter Cuts to value 0
[34m2025-01-07 03:48:40,966 - DEBUG - Variables created.[0m
[34m2025-01-07 03:48:47,323 - DEBUG - Constraint (p1) created.[0m
[34m2025-01-07 03:50:14,145 - DEBUG - Constraint (when_admitted) created.[0m
[34m2025-01-07 03:50:46,618 - DEBUG - Constraint (p3) created.[0m
[34m2025-01-07 03:50:46,621 - DEBUG - Constraint (r1) created.[0m
[34m2025-01-07 03:52:09,332 - DEBUG - Constraint (r2) created.[0m
[34m2025-01-07 03:52:23,743 - DEBUG - Constraint (r3) created.[0m
[34m2025-01-07 03:53:22,136 - DEBUG - Constraint (r4) created.[0m
[34m2025-01-07 03:53:22,505 - DEBUG - Constraint (r5) created.[0m
[34m2025-01-07 03:53:33,400 - DEBUG - Constraint (r6) created.[0m
[34m2025-01-07 03:53:33,400 - DEBUG - Constraint (r7) created.[0m
[34m2025-01-07 03:53:47,558 - DEBUG - Constraint (a4) created.[0m
[34m2025-01-07 03:53:51,659 - DEBUG - Constraint (a5) created.[0m
[34m2025-01-07 03:53:56,113 - DEBUG - Constraint (a5) created.[0m
[34m2025-01-07 03:53:58,352 - DEBUG - Constraint (strong symmetry) created.[0m
[34m2025-01-07 03:53:59,001 - DEBUG - Constraint (symmetry) created.[0m
[32m2025-01-07 03:56:32,134 - INFO - Time to create model: 550.554[0m
[32m2025-01-07 03:56:32,137 - INFO - Solving model: MIPSolver3[0m
