1.NAME: MIPSolver
2.PARAMS: {'use_lazy_constraints': False}
3.INSTANCE: /home/wx350715/Kobra/rehabiliation-admission-scheduling/data/comp_study_002/instance_1_more_resources_15.txt
4.REPETITION: 1
Current directory: /home/wx350715/Kobra/rehabiliation-admission-scheduling
[34m2025-01-06 21:28:24,388 - DEBUG - Solver: <class 'src.solvers.mip.MIPSolver'>[0m
[34m2025-01-06 21:28:24,388 - DEBUG - Args: {'use_lazy_constraints': False}[0m
[34m2025-01-06 21:28:24,388 - DEBUG - File path /home/wx350715/Kobra/rehabiliation-admission-scheduling/data/comp_study_002/instance_1_more_resources_15.txt[0m
[34m2025-01-06 21:28:24,395 - DEBUG - ADD INSTANCE DATA[0m
[34m2025-01-06 21:28:24,395 - DEBUG - ADD INSTANCE DATA[0m
[34m2025-01-06 21:28:24,395 - DEBUG - ADD INSTANCE DATA[0m
[34m2025-01-06 21:28:24,395 - DEBUG - ADD INSTANCE DATA[0m
[34m2025-01-06 21:28:24,395 - DEBUG - ADD INSTANCE DATA[0m
[34m2025-01-06 21:28:24,395 - DEBUG - ADD INSTANCE DATA[0m
[34m2025-01-06 21:28:24,395 - DEBUG - ADD INSTANCE DATA[0m
[34m2025-01-06 21:28:24,395 - DEBUG - ADD INSTANCE DATA[0m
[34m2025-01-06 21:28:24,395 - DEBUG - ADD INSTANCE DATA[0m
[34m2025-01-06 21:28:24,395 - DEBUG - ADD INSTANCE DATA[0m
[34m2025-01-06 21:28:24,395 - DEBUG - ADD INSTANCE DATA[0m
[34m2025-01-06 21:28:24,395 - DEBUG - ADD RESOURCE_GROUPS[0m
[34m2025-01-06 21:28:24,395 - DEBUG - ADD RESOURCE_GROUPS[0m
[34m2025-01-06 21:28:24,395 - DEBUG - ADD RESOURCE_GROUPS[0m
[34m2025-01-06 21:28:24,395 - DEBUG - ADD RESOURCE_GROUPS[0m
[34m2025-01-06 21:28:24,396 - DEBUG - ADD RESOURCES[0m
[34m2025-01-06 21:28:24,396 - DEBUG - ADD RESOURCES[0m
[34m2025-01-06 21:28:24,396 - DEBUG - ADD RESOURCES[0m
[34m2025-01-06 21:28:24,396 - DEBUG - ADD RESOURCES[0m
[34m2025-01-06 21:28:24,396 - DEBUG - ADD RESOURCES[0m
[34m2025-01-06 21:28:24,396 - DEBUG - ADD RESOURCES[0m
[34m2025-01-06 21:28:24,396 - DEBUG - ADD RESOURCES[0m
[34m2025-01-06 21:28:24,396 - DEBUG - ADD RESOURCES[0m
[34m2025-01-06 21:28:24,396 - DEBUG - ADD RESOURCES[0m
[34m2025-01-06 21:28:24,396 - DEBUG - ADD RESOURCES[0m
[34m2025-01-06 21:28:24,396 - DEBUG - ADD RESOURCES[0m
[34m2025-01-06 21:28:24,397 - DEBUG - ADD RESOURCES[0m
[34m2025-01-06 21:28:24,397 - DEBUG - ADD RESOURCES[0m
[34m2025-01-06 21:28:24,397 - DEBUG - ADD RESOURCES[0m
[34m2025-01-06 21:28:24,397 - DEBUG - ADD TREATMENTS[0m
[34m2025-01-06 21:28:24,397 - DEBUG - ADD TREATMENTS[0m
[34m2025-01-06 21:28:24,397 - DEBUG - ADD TREATMENTS[0m
[34m2025-01-06 21:28:24,397 - DEBUG - ADD TREATMENTS[0m
[34m2025-01-06 21:28:24,397 - DEBUG - ADD TREATMENTS[0m
[34m2025-01-06 21:28:24,397 - DEBUG - ADD TREATMENTS[0m
[34m2025-01-06 21:28:24,397 - DEBUG - ADD TREATMENTS[0m
[34m2025-01-06 21:28:24,397 - DEBUG - ADD TREATMENTS[0m
[34m2025-01-06 21:28:24,398 - DEBUG - ADD PATIENTS[0m
[34m2025-01-06 21:28:24,398 - DEBUG - ADD PATIENTS[0m
[34m2025-01-06 21:28:24,398 - DEBUG - ADD PATIENTS[0m
[34m2025-01-06 21:28:24,398 - DEBUG - ADD PATIENTS[0m
[34m2025-01-06 21:28:24,398 - DEBUG - ADD PATIENTS[0m
[34m2025-01-06 21:28:24,398 - DEBUG - ADD PATIENTS[0m
[34m2025-01-06 21:28:24,398 - DEBUG - ADD PATIENTS[0m
[34m2025-01-06 21:28:24,398 - DEBUG - ADD PATIENTS[0m
[34m2025-01-06 21:28:24,399 - DEBUG - ADD PATIENTS[0m
[34m2025-01-06 21:28:24,399 - DEBUG - ADD PATIENTS[0m
[34m2025-01-06 21:28:24,399 - DEBUG - ADD PATIENTS[0m
[34m2025-01-06 21:28:24,399 - DEBUG - ADD PATIENTS[0m
[34m2025-01-06 21:28:24,399 - DEBUG - ADD PATIENTS[0m
[34m2025-01-06 21:28:24,399 - DEBUG - ADD PATIENTS[0m
[34m2025-01-06 21:28:24,399 - DEBUG - ADD PATIENTS[0m
[34m2025-01-06 21:28:24,399 - DEBUG - ADD PATIENTS[0m
[34m2025-01-06 21:28:24,399 - DEBUG - ADD PATIENTS[0m
[34m2025-01-06 21:28:24,399 - DEBUG - ADD PATIENTS[0m
[34m2025-01-06 21:28:24,400 - DEBUG - ADD PATIENTS[0m
[34m2025-01-06 21:28:24,400 - DEBUG - ADD PATIENTS[0m
[34m2025-01-06 21:28:24,400 - DEBUG - ADD PATIENTS[0m
[34m2025-01-06 21:28:24,400 - DEBUG - ADD PATIENTS[0m
[34m2025-01-06 21:28:24,408 - DEBUG - ADD PATIENTS[0m
[34m2025-01-06 21:28:24,409 - DEBUG - ADD PATIENTS[0m
[34m2025-01-06 21:28:24,409 - DEBUG - ADD PATIENTS[0m
[34m2025-01-06 21:28:24,409 - DEBUG - ADD PATIENTS[0m
[34m2025-01-06 21:28:24,409 - DEBUG - ADD PATIENTS[0m
[34m2025-01-06 21:28:24,409 - DEBUG - ADD PATIENTS[0m
[34m2025-01-06 21:28:24,409 - DEBUG - ADD PATIENTS[0m
[34m2025-01-06 21:28:24,409 - DEBUG - ADD PATIENTS[0m
[34m2025-01-06 21:28:24,409 - DEBUG - ADD PATIENTS[0m
[34m2025-01-06 21:28:24,410 - DEBUG - ADD PATIENTS[0m
[34m2025-01-06 21:28:24,410 - DEBUG - ADD PATIENTS[0m
[34m2025-01-06 21:28:24,410 - DEBUG - ADD PATIENTS[0m
[34m2025-01-06 21:28:24,410 - DEBUG - ADD PATIENTS[0m
[34m2025-01-06 21:28:24,410 - DEBUG - ADD PATIENTS[0m
[34m2025-01-06 21:28:24,410 - DEBUG - ADD PATIENTS[0m
[34m2025-01-06 21:28:24,410 - DEBUG - ADD PATIENTS[0m
[34m2025-01-06 21:28:24,410 - DEBUG - ADD PATIENTS[0m
[34m2025-01-06 21:28:24,411 - DEBUG - ADD PATIENTS[0m
[34m2025-01-06 21:28:24,411 - DEBUG - Instance data:[0m
[34m2025-01-06 21:28:24,411 - DEBUG - Number of patients: 40[0m
[34m2025-01-06 21:28:24,411 - DEBUG - Number of beds: 40[0m
[34m2025-01-06 21:28:24,411 - DEBUG - Average number of treatments per patient: 29.525[0m
[34m2025-01-06 21:28:24,411 - DEBUG - Average number of treatment per stayed day: 2.135623869801085[0m
[34m2025-01-06 21:28:24,411 - DEBUG - Number of treatments: 1181[0m
[34m2025-01-06 21:28:24,411 - DEBUG - Number of resources: 12[0m
[34m2025-01-06 21:28:24,411 - DEBUG - Number of resource groups: 4[0m
[34m2025-01-06 21:28:24,411 - DEBUG - Number of resource hours needed per all treatment by RG(therapists): 38.3375[0m
[34m2025-01-06 21:28:24,411 - DEBUG - Number of resource hours needed per all treatment by RG(rooms): 74.50000000000004[0m
[34m2025-01-06 21:28:24,411 - DEBUG - Number of resource hours needed per all treatment by RG(physiotherapist): 26.0[0m
[34m2025-01-06 21:28:24,411 - DEBUG - Number of resource hours needed per all treatment by RG(sport_room): 18.9375[0m
[32m2025-01-06 21:28:24,411 - INFO - {'solver': 'MIPSolver', 'args': {'use_lazy_constraints': True, 'enforce_min_treatments_per_day': True, 'enforce_max_treatments_per_e_w': True, 'enforce_min_patients_per_treatment': True, 'log_to_console': True}}[0m
[34m2025-01-06 21:28:24,411 - DEBUG - Setting options: MIPSolver[0m
[34m2025-01-06 21:28:24,411 - DEBUG -  ---- use_lazy_constraints to True[0m
[34m2025-01-06 21:28:24,412 - DEBUG - Setting options: Solver[0m
[34m2025-01-06 21:28:24,412 - DEBUG -  ---- number_of_threads to 1 (default)[0m
[34m2025-01-06 21:28:24,412 - DEBUG -  ---- treatment_value to 0 (default)[0m
[34m2025-01-06 21:28:24,412 - DEBUG -  ---- delay_value to 1 (default)[0m
[34m2025-01-06 21:28:24,412 - DEBUG -  ---- missing_treatment_value to 4 (default)[0m
[34m2025-01-06 21:28:24,412 - DEBUG -  ---- enforce_min_treatments_per_day to True[0m
[34m2025-01-06 21:28:24,412 - DEBUG -  ---- enforce_max_treatments_per_e_w to True[0m
[34m2025-01-06 21:28:24,412 - DEBUG -  ---- enforce_min_patients_per_treatment to True[0m
[34m2025-01-06 21:28:24,412 - DEBUG -  ---- log_to_console to True[0m
[34m2025-01-06 21:28:24,412 - DEBUG -  ---- log_to_file to True (default)[0m
[32m2025-01-06 21:28:24,449 - INFO - Create model: MIPSolver[0m
Set parameter TSPort to value 50039
Set parameter TokenServer to value "license.itc.rwth-aachen.de"
Set parameter Threads to value 1
Set parameter Cuts to value 0
Set parameter LazyConstraints to value 1
[34m2025-01-06 21:28:31,812 - DEBUG - Variables created.[0m
[34m2025-01-06 21:28:40,722 - DEBUG - Constraint (p1) created.[0m
[34m2025-01-06 21:28:41,857 - DEBUG - Constraint (when_admitted) created.[0m
[34m2025-01-06 21:28:42,670 - DEBUG - Constraint (p3) created.[0m
[34m2025-01-06 21:28:42,674 - DEBUG - Constraint (p4) created.[0m
[34m2025-01-06 21:28:42,674 - DEBUG - Constraint (p7) created.[0m
[34m2025-01-06 21:28:42,976 - DEBUG - Constraint (r3) created.[0m
[34m2025-01-06 21:28:46,075 - DEBUG - Constraint (r4) created.[0m
[34m2025-01-06 21:28:48,516 - DEBUG - Constraint (a1) created.[0m
[34m2025-01-06 21:28:48,757 - DEBUG - Constraint (a4) created.[0m
[34m2025-01-06 21:28:48,815 - DEBUG - Constraint (a5) created.[0m
[34m2025-01-06 21:28:48,877 - DEBUG - Constraint (a5) created.[0m
[34m2025-01-06 21:28:48,877 - DEBUG - Constraint (already_admitted) created.[0m
[32m2025-01-06 21:28:52,345 - INFO - Time to create model: 27.896[0m
[32m2025-01-06 21:28:52,346 - INFO - Solving model: MIPSolver[0m
Gurobi Optimizer version 10.0.0 build v10.0.0rc2 (linux64)

CPU model: Intel(R) Xeon(R) Platinum 8468, instruction set [SSE2|AVX|AVX2|AVX512]
Thread count: 96 physical cores, 96 logical processors, using up to 1 threads

Optimize a model with 1273204 rows, 1027915 columns and 6402142 nonzeros
Model fingerprint: 0xbbce9923
Variable types: 2 continuous, 1027913 integer (1027913 binary)
Coefficient statistics:
  Matrix range     [1e+00, 1e+01]
  Objective range  [1e+00, 1e+01]
  Bounds range     [1e+00, 1e+00]
  RHS range        [1e+00, 5e+03]
Presolve removed 465046 rows and 315898 columns (presolve time = 5s) ...
Presolve removed 469167 rows and 316240 columns (presolve time = 10s) ...
Presolve removed 469021 rows and 316094 columns
Presolve time: 13.90s
Presolved: 804183 rows, 711821 columns, 4153334 nonzeros
Variable types: 0 continuous, 711821 integer (711674 binary)
Root relaxation presolved: 803957 rows, 712047 columns, 4114506 nonzeros


Root simplex log...

Iteration    Objective       Primal Inf.    Dual Inf.      Time
       0   -1.3804000e+04   6.377338e+04   0.000000e+00     26s
   46851    7.6600128e+02   2.111249e+04   0.000000e+00     31s
   60069    7.6600155e+02   3.426234e+04   0.000000e+00     35s
   67194    7.7400164e+02   1.994449e+04   0.000000e+00     40s
   71893    7.7400169e+02   1.013171e+04   0.000000e+00     45s
   75583    7.7400172e+02   3.004170e+04   0.000000e+00     51s
   78868    7.7400174e+02   7.443142e+03   0.000000e+00     55s
   83867    7.7400177e+02   1.070871e+04   0.000000e+00     60s
   87786    7.7400178e+02   7.843981e+03   0.000000e+00     65s
   91881    7.7400180e+02   7.848169e+03   0.000000e+00     71s
   95066    7.8600180e+02   1.691816e+04   0.000000e+00     75s
   97341    7.8600181e+02   1.311430e+04   0.000000e+00     80s
   99616    7.8600183e+02   1.217484e+04   0.000000e+00     86s
  100981    7.8600183e+02   9.329856e+03   0.000000e+00     91s
  102801    7.8600184e+02   6.511314e+03   0.000000e+00     96s
  104621    7.8600184e+02   8.111188e+03   0.000000e+00    101s
  106441    7.8600185e+02   2.885338e+04   0.000000e+00    105s
  108716    7.8600186e+02   7.658511e+03   0.000000e+00    110s
  110536    7.8600186e+02   6.221410e+03   0.000000e+00    116s
  112811    7.8600187e+02   4.830986e+03   0.000000e+00    120s
  115541    7.8600187e+02   5.026265e+03   0.000000e+00    127s
  116906    7.8600188e+02   1.644949e+04   0.000000e+00    132s
  117816    7.8600188e+02   3.954101e+03   0.000000e+00    136s
  119636    7.8600188e+02   3.579493e+03   0.000000e+00    142s
  120546    7.8600188e+02   8.550755e+03   0.000000e+00    145s
  121456    7.8600189e+02   1.261977e+04   0.000000e+00    151s
  122366    7.8600189e+02   4.808290e+03   0.000000e+00    155s
  123276    7.8600189e+02   8.841495e+03   0.000000e+00    161s
  124641    7.8600189e+02   7.945959e+03   0.000000e+00    166s
  126006    7.8600190e+02   8.652780e+03   0.000000e+00    171s
  126916    7.8600190e+02   6.530440e+03   0.000000e+00    178s
  127826    7.8600190e+02   5.871526e+03   0.000000e+00    183s
  128736    7.8600190e+02   4.388831e+03   0.000000e+00    188s
  129646    7.8600191e+02   2.297889e+04   0.000000e+00    192s
  131466    7.8600191e+02   2.335617e+04   0.000000e+00    196s
  132831    7.8600191e+02   9.630233e+04   0.000000e+00    202s
  133741    7.8600191e+02   2.947430e+04   0.000000e+00    206s
  135106    7.8600192e+02   1.827441e+04   0.000000e+00    210s
  136016    7.8600192e+02   5.014230e+03   0.000000e+00    216s
  137836    7.8600194e+02   1.511022e+04   0.000000e+00    221s
  138746    7.8600195e+02   6.205626e+03   0.000000e+00    228s
  139656    7.8600196e+02   1.480142e+04   0.000000e+00    232s
  140566    7.8600197e+02   4.750871e+03   0.000000e+00    237s
  141476    7.8600199e+02   2.112495e+03   0.000000e+00    242s
  141931    7.8600199e+02   2.235816e+03   0.000000e+00    245s
  142841    7.8600200e+02   1.884706e+04   0.000000e+00    252s
  143296    7.8600200e+02   1.705366e+03   0.000000e+00    256s
  144206    7.8600201e+02   4.892934e+03   0.000000e+00    262s
  145571    7.8600202e+02   2.661250e+03   0.000000e+00    268s
  146026    7.8600203e+02   4.594665e+03   0.000000e+00    271s
  146936    7.8600203e+02   8.514977e+03   0.000000e+00    278s
  147391    7.8600204e+02   4.540250e+03   0.000000e+00    282s
  147846    7.8600204e+02   4.416871e+04   0.000000e+00    286s
  148756    7.8600205e+02   4.623662e+03   0.000000e+00    292s
  149211    7.8600205e+02   6.993616e+03   0.000000e+00    296s
  149666    7.8600206e+02   1.281410e+04   0.000000e+00    300s
  150571    7.8600206e+02   4.570996e+03   0.000000e+00    309s
  151026    7.8600207e+02   7.498414e+03   0.000000e+00    312s
  151481    7.8600207e+02   1.599901e+04   0.000000e+00    316s
  152391    7.8600208e+02   1.989659e+04   0.000000e+00    323s
  152846    8.1000209e+02   1.433644e+04   0.000000e+00    326s
  153756    8.1000209e+02   2.290248e+04   0.000000e+00    333s
  154211    8.1000210e+02   1.260638e+04   0.000000e+00    337s
  154666    8.1000210e+02   3.377076e+03   0.000000e+00    341s
  155551    8.1000211e+02   2.270925e+04   0.000000e+00    349s
  156006    8.1000211e+02   3.089406e+04   0.000000e+00    353s
  156916    8.1000212e+02   5.391852e+04   0.000000e+00    358s
  157371    8.1000212e+02   1.000505e+05   0.000000e+00    362s
  158281    8.1000212e+02   1.621719e+04   0.000000e+00    368s
  158736    8.1000213e+02   9.854170e+03   0.000000e+00    372s
  159646    8.1000213e+02   2.782176e+04   0.000000e+00    377s
  160541    8.1000214e+02   1.022660e+04   0.000000e+00    383s
  160996    8.1000214e+02   3.281908e+04   0.000000e+00    387s
  161451    8.1000214e+02   3.236857e+04   0.000000e+00    391s
  162281    8.1000214e+02   1.886464e+04   0.000000e+00    398s
  162701    8.1000215e+02   1.945199e+04   0.000000e+00    401s
  163611    8.1000215e+02   6.808154e+03   0.000000e+00    407s
  164521    8.1000216e+02   1.928836e+04   0.000000e+00    411s
  165431    8.1000217e+02   2.446506e+03   0.000000e+00    419s
  165886    8.1000217e+02   2.316596e+04   0.000000e+00    423s
  166341    8.1000217e+02   1.871052e+04   0.000000e+00    427s
  166796    8.1000217e+02   1.730202e+04   0.000000e+00    431s
  167706    8.1000218e+02   1.028660e+04   0.000000e+00    439s
  168161    8.1000218e+02   6.769099e+04   0.000000e+00    443s
  168616    8.1000219e+02   1.645519e+03   0.000000e+00    446s
  169526    8.2200219e+02   9.217447e+03   0.000000e+00    453s
  169981    8.2200219e+02   1.184487e+04   0.000000e+00    457s
  170436    8.2600220e+02   3.666921e+04   0.000000e+00    461s
  171801    8.2600221e+02   9.683738e+03   0.000000e+00    468s
  172256    8.2600221e+02   1.201539e+04   0.000000e+00    470s
  173166    8.2600222e+02   1.092831e+04   0.000000e+00    478s
  173621    8.2600222e+02   6.752037e+03   0.000000e+00    482s
  174076    8.2600222e+02   5.889687e+03   0.000000e+00    486s
  174496    8.2600222e+02   1.354569e+04   0.000000e+00    490s
  175361    8.2600223e+02   6.312092e+03   0.000000e+00    499s
  175816    8.2600223e+02   2.239059e+03   0.000000e+00    503s
  176186    8.2600223e+02   1.165175e+04   0.000000e+00    507s
  176641    8.2600223e+02   9.812280e+03   0.000000e+00    511s
  177091    8.2600223e+02   2.439537e+04   0.000000e+00    516s
  177521    8.2600223e+02   3.764990e+03   0.000000e+00    520s
  178351    8.2600224e+02   1.790141e+04   0.000000e+00    529s
  178806    8.2600224e+02   2.289852e+04   0.000000e+00    533s
  179261    8.2600224e+02   5.629495e+03   0.000000e+00    537s
  179716    8.2600225e+02   1.428760e+04   0.000000e+00    541s
  180171    8.2600225e+02   4.776229e+03   0.000000e+00    546s
  180981    8.2600225e+02   2.927223e+03   0.000000e+00    554s
  181436    8.2600225e+02   6.663060e+04   0.000000e+00    558s
  181856    8.2600226e+02   1.360795e+04   0.000000e+00    562s
  182286    8.2600226e+02   3.863032e+03   0.000000e+00    567s
  182741    8.2600226e+02   9.445053e+03   0.000000e+00    570s
  183616    8.2600226e+02   2.444386e+03   0.000000e+00    577s
  184016    8.2600227e+02   3.987783e+03   0.000000e+00    581s
  184471    8.2600227e+02   4.542197e+03   0.000000e+00    586s
  184871    8.2600227e+02   1.105392e+04   0.000000e+00    590s
  185711    8.2600227e+02   8.843823e+03   0.000000e+00    599s
  186166    8.2600227e+02   4.389605e+03   0.000000e+00    603s
  186556    8.2600228e+02   1.072723e+04   0.000000e+00    607s
  186956    8.2600228e+02   2.126999e+04   0.000000e+00    612s
  187386    8.2600228e+02   9.073992e+03   0.000000e+00    616s
  188296    8.3000228e+02   7.665566e+03   0.000000e+00    621s
  189206    8.3000228e+02   1.306867e+04   0.000000e+00    628s
  189661    8.3000229e+02   2.796052e+04   0.000000e+00    631s
  190071    8.3000229e+02   3.530394e+04   0.000000e+00    635s
  190821    8.3000229e+02   1.219501e+04   0.000000e+00    642s
  191201    8.3000229e+02   1.354384e+03   0.000000e+00    646s
  192041    8.3000230e+02   1.534042e+04   0.000000e+00    654s
  192481    8.3000230e+02   2.744913e+03   0.000000e+00    658s
  192851    8.3000230e+02   9.453520e+03   0.000000e+00    661s
  193181    8.3000230e+02   1.030544e+04   0.000000e+00    665s
  193971    8.3000230e+02   2.005743e+03   0.000000e+00    673s
  194351    8.3000230e+02   3.425240e+03   0.000000e+00    677s
  194741    8.3000230e+02   1.326674e+03   0.000000e+00    681s
  195541    8.3000231e+02   8.284059e+03   0.000000e+00    689s
  195911    8.3000231e+02   2.441411e+04   0.000000e+00    693s
  196261    8.3000231e+02   6.110310e+03   0.000000e+00    697s
  196601    8.3000231e+02   1.873881e+03   0.000000e+00    700s
  197261    8.3000231e+02   8.046866e+03   0.000000e+00    708s
  197601    8.3000231e+02   3.058920e+04   0.000000e+00    712s
  197941    8.3000231e+02   1.096694e+04   0.000000e+00    716s
  198781    8.3000232e+02   8.332796e+03   0.000000e+00    723s
  199131    8.3000232e+02   5.555302e+03   0.000000e+00    727s
  199501    8.3000232e+02   2.322193e+04   0.000000e+00    731s
  200171    8.3000232e+02   5.171734e+03   0.000000e+00    739s
  200551    8.3000232e+02   1.077866e+04   0.000000e+00    743s
  200921    8.3000232e+02   5.052668e+03   0.000000e+00    747s
  201251    8.3000232e+02   5.350981e+03   0.000000e+00    751s
  201951    8.3000233e+02   1.637464e+04   0.000000e+00    759s
  202261    8.3000233e+02   2.364332e+03   0.000000e+00    763s
  202561    8.3000233e+02   2.123115e+04   0.000000e+00    767s
  202851    8.3000233e+02   1.890668e+03   0.000000e+00    771s
  203636    8.3000235e+02   2.442446e+03   0.000000e+00    778s
  204091    8.3000238e+02   7.426337e+04   0.000000e+00    781s
  204906    8.3000240e+02   2.715358e+03   0.000000e+00    788s
  205286    8.3000241e+02   6.600360e+03   0.000000e+00    792s
  205706    8.3000242e+02   4.341683e+03   0.000000e+00    796s
  206506    8.3000243e+02   1.252558e+04   0.000000e+00    803s
  206961    8.3000244e+02   6.210942e+03   0.000000e+00    806s
  207401    8.3000245e+02   2.341782e+03   0.000000e+00    810s
  208271    8.3000246e+02   2.344488e+04   0.000000e+00    818s
  208721    8.3000247e+02   2.774013e+03   0.000000e+00    821s
  209501    8.3000248e+02   2.472731e+03   0.000000e+00    828s
  209881    8.3000249e+02   2.118880e+03   0.000000e+00    832s
  210271    8.3000249e+02   3.341936e+03   0.000000e+00    836s
  211151    8.3000250e+02   3.264126e+03   0.000000e+00    843s
  211606    8.3000251e+02   5.177804e+03   0.000000e+00    847s
  211986    8.3000251e+02   1.472058e+03   0.000000e+00    851s
  212776    8.3000252e+02   1.913101e+04   0.000000e+00    859s
  213146    8.3000253e+02   1.545380e+03   0.000000e+00    862s
  213556    8.3000253e+02   7.950183e+03   0.000000e+00    867s
  213926    8.3000253e+02   1.457580e+03   0.000000e+00    870s
  214706    8.3000254e+02   1.958327e+04   0.000000e+00    878s
  215066    8.3000255e+02   9.926393e+03   0.000000e+00    882s
  215426    8.3000255e+02   3.246943e+03   0.000000e+00    886s
  216226    8.3000256e+02   8.745893e+03   0.000000e+00    893s
  216576    8.3000256e+02   3.110641e+03   0.000000e+00    897s
  216926    8.3000256e+02   7.381959e+03   0.000000e+00    901s
  217626    8.3000258e+02   3.297850e+03   0.000000e+00    909s
  217966    8.3000258e+02   1.656528e+04   0.000000e+00    912s
  218316    8.3000258e+02   6.356127e+03   0.000000e+00    916s
  219026    8.3000259e+02   1.167040e+04   0.000000e+00    924s
  219386    8.3000259e+02   3.232237e+03   0.000000e+00    928s
  219766    8.3000260e+02   1.686463e+03   0.000000e+00    932s
  220156    8.3000260e+02   8.946812e+03   0.000000e+00    935s
  220866    8.3000261e+02   2.544206e+03   0.000000e+00    943s
  221216    8.3000261e+02   6.216416e+03   0.000000e+00    947s
  221586    8.3000261e+02   9.015618e+03   0.000000e+00    951s
  222286    8.3000262e+02   1.542785e+03   0.000000e+00    958s
  222646    8.3000262e+02   1.957640e+03   0.000000e+00    962s
  223016    8.3000262e+02   1.448519e+03   0.000000e+00    966s
  223676    8.3000263e+02   4.352849e+04   0.000000e+00    973s
  223996    8.3000263e+02   8.675728e+03   0.000000e+00    977s
  224346    8.3000263e+02   1.330232e+03   0.000000e+00    981s
  224956    8.3000264e+02   7.934181e+02   0.000000e+00    988s
  225246    8.3000264e+02   2.110712e+03   0.000000e+00    992s
  225576    8.3000264e+02   1.118133e+04   0.000000e+00    996s
  226166    8.3000264e+02   1.410028e+04   0.000000e+00   1004s
  226456    8.3000264e+02   1.351301e+03   0.000000e+00   1007s
  226736    8.3000265e+02   1.679203e+03   0.000000e+00   1011s
  227336    8.3000265e+02   1.941680e+03   0.000000e+00   1019s
  227626    8.3000265e+02   5.422189e+03   0.000000e+00   1023s
  227906    8.3000265e+02   2.052463e+03   0.000000e+00   1026s
  228206    8.3000265e+02   4.686635e+03   0.000000e+00   1030s
  228766    8.3000266e+02   6.806453e+02   0.000000e+00   1038s
  229066    8.3000266e+02   1.832088e+04   0.000000e+00   1042s
  229456    8.3000266e+02   3.553268e+03   0.000000e+00   1045s
  230066    8.3000266e+02   5.946781e+03   0.000000e+00   1052s
  230346    8.3000267e+02   1.895902e+03   0.000000e+00   1056s
  230966    8.3000267e+02   4.679077e+03   0.000000e+00   1063s
  231276    8.3000267e+02   4.831702e+03   0.000000e+00   1067s
  231536    8.3000267e+02   2.761089e+03   0.000000e+00   1071s
  232146    8.3000267e+02   1.269654e+03   0.000000e+00   1078s
  232486    8.3000268e+02   1.538732e+04   0.000000e+00   1082s
  232806    8.3000268e+02   5.223859e+02   0.000000e+00   1086s
  233366    8.3000268e+02   1.072985e+03   0.000000e+00   1094s
  233646    8.3000268e+02   3.009973e+03   0.000000e+00   1098s
  233916    8.3000268e+02   1.286575e+03   0.000000e+00   1102s
  234226    8.3000268e+02   1.581711e+04   0.000000e+00   1106s
  234796    8.3000268e+02   1.924347e+03   0.000000e+00   1113s
  235066    8.3000269e+02   4.547874e+02   0.000000e+00   1117s
  235326    8.3000269e+02   1.089513e+04   0.000000e+00   1121s
  235856    8.3000269e+02   8.600114e+03   0.000000e+00   1129s
  236106    8.3000269e+02   3.723239e+02   0.000000e+00   1132s
  236376    8.3000269e+02   2.199896e+03   0.000000e+00   1136s
  236906    8.3000269e+02   8.752399e+02   0.000000e+00   1144s
  237186    8.3000269e+02   8.614238e+03   0.000000e+00   1147s
  237466    8.3000269e+02   1.164974e+04   0.000000e+00   1151s
  238026    8.3000270e+02   5.570035e+02   0.000000e+00   1159s
  238316    8.3000270e+02   5.072888e+03   0.000000e+00   1162s
  238586    8.3000270e+02   1.095417e+03   0.000000e+00   1166s
  238836    8.3000270e+02   9.109486e+04   0.000000e+00   1170s
  239366    8.3000270e+02   7.331707e+02   0.000000e+00   1178s
  239616    8.3000270e+02   1.513207e+03   0.000000e+00   1181s
  239856    8.3000270e+02   6.590221e+03   0.000000e+00   1185s
  240336    8.3000270e+02   3.162013e+03   0.000000e+00   1193s
  240576    8.3000270e+02   4.507707e+03   0.000000e+00   1196s
  240826    8.3000271e+02   3.593416e+03   0.000000e+00   1200s
  241306    8.3000271e+02   1.066170e+03   0.000000e+00   1208s
  241546    8.3000271e+02   1.617449e+03   0.000000e+00   1212s
  242036    8.3000271e+02   1.352364e+03   0.000000e+00   1219s
  242276    8.3000271e+02   1.111623e+03   0.000000e+00   1222s
  242516    8.3000271e+02   7.423541e+03   0.000000e+00   1226s
  243036    8.3000271e+02   6.097414e+03   0.000000e+00   1234s
  243286    8.3000271e+02   5.767541e+03   0.000000e+00   1238s
  243536    8.3000271e+02   2.890738e+03   0.000000e+00   1241s
  243786    8.3000271e+02   1.016468e+03   0.000000e+00   1245s
  244276    8.3000272e+02   1.295382e+03   0.000000e+00   1253s
  244516    8.3000272e+02   4.996636e+03   0.000000e+00   1257s
  244796    8.3000272e+02   2.055834e+04   0.000000e+00   1261s
  245326    8.3000272e+02   3.121931e+03   0.000000e+00   1268s
  245576    8.3000272e+02   5.062224e+02   0.000000e+00   1272s
  245836    8.3000272e+02   9.998714e+03   0.000000e+00   1276s
  246346    8.3000272e+02   1.955901e+03   0.000000e+00   1283s
  246586    8.3000272e+02   4.598603e+02   0.000000e+00   1287s
  246816    8.3000272e+02   1.129682e+03   0.000000e+00   1291s
  247256    8.3000272e+02   1.446888e+03   0.000000e+00   1298s
  247476    8.3000272e+02   4.707340e+03   0.000000e+00   1302s
  247706    8.3000272e+02   1.707567e+03   0.000000e+00   1305s
  248166    8.3000273e+02   9.694551e+02   0.000000e+00   1313s
  248386    8.3000273e+02   6.205368e+03   0.000000e+00   1317s
  248596    8.3000273e+02   6.878931e+03   0.000000e+00   1321s
  249036    8.3000273e+02   2.470993e+03   0.000000e+00   1328s
  249266    8.3000273e+02   4.931963e+03   0.000000e+00   1332s
  249486    8.3000273e+02   3.140904e+03   0.000000e+00   1336s
  249936    8.3000273e+02   1.887643e+03   0.000000e+00   1343s
  250156    8.3000273e+02   1.389617e+03   0.000000e+00   1347s
  250406    8.3000273e+02   1.907163e+03   0.000000e+00   1351s
  250616    8.3000273e+02   6.688741e+02   0.000000e+00   1355s
  251056    8.3000273e+02   5.717356e+02   0.000000e+00   1363s
  251296    8.3000273e+02   2.715852e+03   0.000000e+00   1367s
  251526    8.3000273e+02   1.534659e+03   0.000000e+00   1370s
  251956    8.3000273e+02   4.128661e+03   0.000000e+00   1378s
  252166    8.3000273e+02   6.956852e+03   0.000000e+00   1381s
  252376    8.3000273e+02   2.977931e+03   0.000000e+00   1385s
  252806    8.3000274e+02   7.332401e+02   0.000000e+00   1393s
  253026    8.3000274e+02   1.304690e+03   0.000000e+00   1396s
  253466    8.3000274e+02   2.160019e+03   0.000000e+00   1404s
  253686    8.3000274e+02   2.334124e+03   0.000000e+00   1407s
  253906    8.3000274e+02   1.608601e+03   0.000000e+00   1411s
  254346    8.3000274e+02   1.224265e+03   0.000000e+00   1419s
  254556    8.3000274e+02   2.087396e+03   0.000000e+00   1422s
  254776    8.3000274e+02   1.179720e+03   0.000000e+00   1426s
  254986    8.3000274e+02   1.573046e+03   0.000000e+00   1430s
  255416    8.3000274e+02   1.934467e+03   0.000000e+00   1438s
  255616    8.3000274e+02   1.299038e+03   0.000000e+00   1441s
  255816    8.3000274e+02   2.637043e+03   0.000000e+00   1445s
  256226    8.3000274e+02   4.494634e+02   0.000000e+00   1453s
  256426    8.3000274e+02   4.518092e+03   0.000000e+00   1457s
  256626    8.3000274e+02   4.412976e+02   0.000000e+00   1461s
  257046    8.3000274e+02   7.990740e+02   0.000000e+00   1469s
  257256    8.3000274e+02   1.161479e+03   0.000000e+00   1473s
  257456    8.3000274e+02   7.977217e+02   0.000000e+00   1477s
  257656    8.3000275e+02   9.222125e+02   0.000000e+00   1481s
  257866    8.3000275e+02   6.154493e+02   0.000000e+00   1485s
  258276    8.3000275e+02   4.934287e+02   0.000000e+00   1493s
  258486    8.3000275e+02   1.062365e+04   0.000000e+00   1497s
  258696    8.3000275e+02   2.949842e+03   0.000000e+00   1501s
  258906    8.3000275e+02   3.085361e+03   0.000000e+00   1506s
  259346    8.3000275e+02   8.636925e+03   0.000000e+00   1514s
  259576    8.3000275e+02   9.006407e+03   0.000000e+00   1518s
  259796    8.3000275e+02   5.482062e+02   0.000000e+00   1522s
  260006    8.3000275e+02   3.378362e+02   0.000000e+00   1526s
  260216    8.3000275e+02   1.198638e+03   0.000000e+00   1531s
  260426    8.3000275e+02   4.610794e+02   0.000000e+00   1536s
  260636    8.3000275e+02   2.774873e+03   0.000000e+00   1540s
  261066    8.3000275e+02   7.025767e+02   0.000000e+00   1549s
  261286    8.3000275e+02   8.271554e+02   0.000000e+00   1554s
  261486    8.3000275e+02   7.542616e+02   0.000000e+00   1559s
  261686    8.3000275e+02   9.248804e+02   0.000000e+00   1564s
  261886    8.3000275e+02   6.543393e+02   0.000000e+00   1568s
  262086    8.3000275e+02   5.791365e+02   0.000000e+00   1573s
  262296    8.3000275e+02   1.228104e+04   0.000000e+00   1578s
  262496    8.3000275e+02   1.407106e+03   0.000000e+00   1583s
  262686    8.3000275e+02   2.462257e+02   0.000000e+00   1588s
  262876    8.3000275e+02   1.714982e+03   0.000000e+00   1592s
  263076    8.3000275e+02   1.182148e+03   0.000000e+00   1597s
  263266    8.3000275e+02   3.922191e+02   0.000000e+00   1602s
  263456    8.3000275e+02   1.179966e+02   0.000000e+00   1607s
  263646    8.3000276e+02   7.675992e+02   0.000000e+00   1612s
  263836    8.3000276e+02   8.034482e+02   0.000000e+00   1616s
  264026    8.3000276e+02   4.099102e+02   0.000000e+00   1621s
  264216    8.3000276e+02   3.320124e+02   0.000000e+00   1626s
  264406    8.3000276e+02   5.317685e+02   0.000000e+00   1630s
  264796    8.3000276e+02   2.601291e+02   0.000000e+00   1640s
  264996    8.3000276e+02   1.280080e+02   0.000000e+00   1645s
  265186    8.3000276e+02   1.556049e+02   0.000000e+00   1649s
  265386    8.3000276e+02   3.225860e+02   0.000000e+00   1654s
  265576    8.3000276e+02   1.548197e+03   0.000000e+00   1659s
  265786    8.3000276e+02   4.448927e+02   0.000000e+00   1664s
  265986    8.3000276e+02   2.325524e+02   0.000000e+00   1669s
  266186    8.3000276e+02   2.836932e+03   0.000000e+00   1674s
  266386    8.3000276e+02   3.228629e+02   0.000000e+00   1678s
  266586    8.3000276e+02   1.201626e+03   0.000000e+00   1683s
  266776    8.3000276e+02   7.003578e+02   0.000000e+00   1688s
  266966    8.3000276e+02   1.058659e+03   0.000000e+00   1693s
  267166    8.3000276e+02   1.035325e+03   0.000000e+00   1698s
  267376    8.3000276e+02   4.913899e+03   0.000000e+00   1703s
  267586    8.3000276e+02   5.841068e+02   0.000000e+00   1708s
  267786    8.3000276e+02   4.547991e+02   0.000000e+00   1712s
  267986    8.3000276e+02   3.621563e+02   0.000000e+00   1717s
  268176    8.3000276e+02   4.404697e+02   0.000000e+00   1721s
  268366    8.3000276e+02   1.750904e+02   0.000000e+00   1726s
  268556    8.3000276e+02   8.041796e+02   0.000000e+00   1730s
  268936    8.3000276e+02   1.496738e+02   0.000000e+00   1739s
  269126    8.3000276e+02   4.117985e+02   0.000000e+00   1743s
  269316    8.3000276e+02   7.566068e+02   0.000000e+00   1748s
  269516    8.3000276e+02   6.888430e+02   0.000000e+00   1752s
  269716    8.3000277e+02   1.097721e+03   0.000000e+00   1757s
  269916    8.3000277e+02   7.774525e+02   0.000000e+00   1761s
  270116    8.3000277e+02   2.807354e+02   0.000000e+00   1765s
  270546    8.3000277e+02   3.460604e+02   0.000000e+00   1774s
  270766    8.3000278e+02   1.501012e+03   0.000000e+00   1778s
  270976    8.3000278e+02   5.596643e+03   0.000000e+00   1782s
  271176    8.3000278e+02   9.468632e+01   0.000000e+00   1787s
  271396    8.3000278e+02   5.425922e+03   0.000000e+00   1791s
  271796    8.3000278e+02   2.336808e+02   0.000000e+00   1799s
  272016    8.3000278e+02   6.902893e+02   0.000000e+00   1804s
  272226    8.3000278e+02   1.279734e+02   0.000000e+00   1808s
  272436    8.3000279e+02   1.795845e+02   0.000000e+00   1813s
  272646    8.3000279e+02   8.865178e+03   0.000000e+00   1818s
  272856    8.3000279e+02   2.126522e+02   0.000000e+00   1822s
  273056    8.3000279e+02   1.988696e+02   0.000000e+00   1826s
  273266    8.3000279e+02   1.405461e+02   0.000000e+00   1830s
  273686    8.3000279e+02   8.540140e+02   0.000000e+00   1838s
  273896    8.3000279e+02   6.172735e+02   0.000000e+00   1842s
  274106    8.3000279e+02   9.790194e+03   0.000000e+00   1846s
  274316    8.3000280e+02   2.593203e+02   0.000000e+00   1850s
  274736    8.3000280e+02   8.144352e+02   0.000000e+00   1858s
  274946    8.3000280e+02   1.776687e+03   0.000000e+00   1862s
  275156    8.3000280e+02   6.086719e+02   0.000000e+00   1866s
  275366    8.3000280e+02   5.011155e+02   0.000000e+00   1870s
  275786    8.3000280e+02   1.158421e+03   0.000000e+00   1878s
  275986    8.3000280e+02   1.398308e+02   0.000000e+00   1882s
  276196    8.3000280e+02   3.982853e+02   0.000000e+00   1886s
  276406    8.3000280e+02   9.840435e+01   0.000000e+00   1891s
  276816    8.3000280e+02   3.003433e+02   0.000000e+00   1899s
  277016    8.3000281e+02   9.534821e+01   0.000000e+00   1903s
  277216    8.3000281e+02   1.852199e+02   0.000000e+00   1907s
  277426    8.3000281e+02   2.062868e+02   0.000000e+00   1911s
  277626    8.3000281e+02   1.478351e+02   0.000000e+00   1915s
  278036    8.3000281e+02   1.876418e+03   0.000000e+00   1923s
  278236    8.3000281e+02   2.712636e+02   0.000000e+00   1927s
  278436    8.3000281e+02   9.933573e+01   0.000000e+00   1931s
  278846    8.3000281e+02   8.516601e+02   0.000000e+00   1939s
  279056    8.3000281e+02   9.097209e+01   0.000000e+00   1943s
  279256    8.3000281e+02   1.227171e+02   0.000000e+00   1947s
  279456    8.3000281e+02   5.257529e+01   0.000000e+00   1951s
  279856    8.3000281e+02   9.410760e+01   0.000000e+00   1959s
  280066    8.3000281e+02   2.125508e+02   0.000000e+00   1963s
  280266    8.3000281e+02   6.634834e+02   0.000000e+00   1967s
  280466    8.3000281e+02   2.733018e+01   0.000000e+00   1971s
  280656    8.3000281e+02   9.738848e+00   0.000000e+00   1976s
  281046    8.3000281e+02   3.507601e+01   0.000000e+00   1984s
  281236    8.3000281e+02   1.896565e+02   0.000000e+00   1988s
  281436    8.3000282e+02   2.224916e+02   0.000000e+00   1992s
  281636    8.3000282e+02   1.218099e+02   0.000000e+00   1996s
  281836    8.3000282e+02   3.158019e+02   0.000000e+00   2000s
  282216    8.3000282e+02   2.864874e+01   0.000000e+00   2008s
  282406    8.3000282e+02   1.652653e+01   0.000000e+00   2012s
  282606    8.3000282e+02   1.869235e+01   0.000000e+00   2016s
  282806    8.3000282e+02   5.162440e+01   0.000000e+00   2021s
  283006    8.3000282e+02   9.340850e+01   0.000000e+00   2025s
  283406    8.3000282e+02   2.186517e+02   0.000000e+00   2034s
  283596    8.3000282e+02   7.525841e+01   0.000000e+00   2038s
  283796    8.3000282e+02   2.028542e+01   0.000000e+00   2042s
  283986    8.3000282e+02   1.008736e+01   0.000000e+00   2046s
  284176    8.3000282e+02   1.020433e+01   0.000000e+00   2050s
  284556    8.3000282e+02   3.058023e+00   0.000000e+00   2058s
  284746    8.3000282e+02   9.524592e+00   0.000000e+00   2063s
  284936    8.3000282e+02   1.698843e-01   0.000000e+00   2067s
  285126    8.3000282e+02   3.612546e+00   0.000000e+00   2071s
  285506    8.3000282e+02   1.551936e-02   0.000000e+00   2079s
  285528    8.3000000e+02   0.000000e+00   0.000000e+00   2080s
  285528    8.3000000e+02   0.000000e+00   0.000000e+00   2080s

Root relaxation: objective 8.300000e+02, 285528 iterations, 2058.14 seconds (1812.06 work units)
Total elapsed time = 3290.31s
