1.NAME: MIPSolver3
2.PARAMS: {'break_symmetry': True, 'break_symmetry_strong': True}
3.INSTANCE: /home/wx350715/Kobra/rehabiliation-admission-scheduling/data/comp_study_002/instance_1_30.txt
4.REPETITION: 1
Current directory: /home/wx350715/Kobra/rehabiliation-admission-scheduling
[34m2025-01-07 01:07:46,980 - DEBUG - Solver: <class 'src.solvers.mip3.MIPSolver3'>[0m
[34m2025-01-07 01:07:46,980 - DEBUG - Args: {'break_symmetry': True, 'break_symmetry_strong': True}[0m
[34m2025-01-07 01:07:46,980 - DEBUG - File path /home/wx350715/Kobra/rehabiliation-admission-scheduling/data/comp_study_002/instance_1_30.txt[0m
[34m2025-01-07 01:07:46,982 - DEBUG - ADD INSTANCE DATA[0m
[34m2025-01-07 01:07:46,982 - DEBUG - ADD INSTANCE DATA[0m
[34m2025-01-07 01:07:46,982 - DEBUG - ADD INSTANCE DATA[0m
[34m2025-01-07 01:07:46,982 - DEBUG - ADD INSTANCE DATA[0m
[34m2025-01-07 01:07:46,982 - DEBUG - ADD INSTANCE DATA[0m
[34m2025-01-07 01:07:46,982 - DEBUG - ADD INSTANCE DATA[0m
[34m2025-01-07 01:07:46,982 - DEBUG - ADD INSTANCE DATA[0m
[34m2025-01-07 01:07:46,982 - DEBUG - ADD INSTANCE DATA[0m
[34m2025-01-07 01:07:46,983 - DEBUG - ADD INSTANCE DATA[0m
[34m2025-01-07 01:07:46,983 - DEBUG - ADD INSTANCE DATA[0m
[34m2025-01-07 01:07:46,983 - DEBUG - ADD INSTANCE DATA[0m
[34m2025-01-07 01:07:46,983 - DEBUG - ADD RESOURCE_GROUPS[0m
[34m2025-01-07 01:07:46,983 - DEBUG - ADD RESOURCE_GROUPS[0m
[34m2025-01-07 01:07:46,983 - DEBUG - ADD RESOURCE_GROUPS[0m
[34m2025-01-07 01:07:46,983 - DEBUG - ADD RESOURCE_GROUPS[0m
[34m2025-01-07 01:07:46,983 - DEBUG - ADD RESOURCES[0m
[34m2025-01-07 01:07:46,983 - DEBUG - ADD RESOURCES[0m
[34m2025-01-07 01:07:46,983 - DEBUG - ADD RESOURCES[0m
[34m2025-01-07 01:07:46,983 - DEBUG - ADD RESOURCES[0m
[34m2025-01-07 01:07:46,983 - DEBUG - ADD RESOURCES[0m
[34m2025-01-07 01:07:46,983 - DEBUG - ADD RESOURCES[0m
[34m2025-01-07 01:07:46,984 - DEBUG - ADD RESOURCES[0m
[34m2025-01-07 01:07:46,984 - DEBUG - ADD RESOURCES[0m
[34m2025-01-07 01:07:46,984 - DEBUG - ADD RESOURCES[0m
[34m2025-01-07 01:07:46,984 - DEBUG - ADD TREATMENTS[0m
[34m2025-01-07 01:07:46,984 - DEBUG - ADD TREATMENTS[0m
[34m2025-01-07 01:07:46,984 - DEBUG - ADD TREATMENTS[0m
[34m2025-01-07 01:07:46,984 - DEBUG - ADD TREATMENTS[0m
[34m2025-01-07 01:07:46,984 - DEBUG - ADD TREATMENTS[0m
[34m2025-01-07 01:07:46,984 - DEBUG - ADD TREATMENTS[0m
[34m2025-01-07 01:07:46,984 - DEBUG - ADD TREATMENTS[0m
[34m2025-01-07 01:07:46,984 - DEBUG - ADD TREATMENTS[0m
[34m2025-01-07 01:07:46,985 - DEBUG - ADD PATIENTS[0m
[34m2025-01-07 01:07:46,985 - DEBUG - ADD PATIENTS[0m
[34m2025-01-07 01:07:46,985 - DEBUG - ADD PATIENTS[0m
[34m2025-01-07 01:07:46,985 - DEBUG - ADD PATIENTS[0m
[34m2025-01-07 01:07:46,985 - DEBUG - ADD PATIENTS[0m
[34m2025-01-07 01:07:46,985 - DEBUG - ADD PATIENTS[0m
[34m2025-01-07 01:07:46,985 - DEBUG - ADD PATIENTS[0m
[34m2025-01-07 01:07:46,985 - DEBUG - ADD PATIENTS[0m
[34m2025-01-07 01:07:46,985 - DEBUG - ADD PATIENTS[0m
[34m2025-01-07 01:07:46,986 - DEBUG - ADD PATIENTS[0m
[34m2025-01-07 01:07:46,986 - DEBUG - ADD PATIENTS[0m
[34m2025-01-07 01:07:46,986 - DEBUG - ADD PATIENTS[0m
[34m2025-01-07 01:07:46,986 - DEBUG - ADD PATIENTS[0m
[34m2025-01-07 01:07:46,986 - DEBUG - ADD PATIENTS[0m
[34m2025-01-07 01:07:46,986 - DEBUG - ADD PATIENTS[0m
[34m2025-01-07 01:07:46,986 - DEBUG - ADD PATIENTS[0m
[34m2025-01-07 01:07:46,986 - DEBUG - ADD PATIENTS[0m
[34m2025-01-07 01:07:46,986 - DEBUG - ADD PATIENTS[0m
[34m2025-01-07 01:07:46,986 - DEBUG - ADD PATIENTS[0m
[34m2025-01-07 01:07:46,987 - DEBUG - ADD PATIENTS[0m
[34m2025-01-07 01:07:46,987 - DEBUG - ADD PATIENTS[0m
[34m2025-01-07 01:07:46,987 - DEBUG - ADD PATIENTS[0m
[34m2025-01-07 01:07:46,987 - DEBUG - ADD PATIENTS[0m
[34m2025-01-07 01:07:46,987 - DEBUG - ADD PATIENTS[0m
[34m2025-01-07 01:07:46,987 - DEBUG - Instance data:[0m
[34m2025-01-07 01:07:46,987 - DEBUG - Number of patients: 24[0m
[34m2025-01-07 01:07:46,988 - DEBUG - Number of beds: 40[0m
[34m2025-01-07 01:07:46,989 - DEBUG - Average number of treatments per patient: 27.875[0m
[34m2025-01-07 01:07:46,989 - DEBUG - Average number of treatment per stayed day: 1.9970149253731344[0m
[34m2025-01-07 01:07:46,989 - DEBUG - Number of treatments: 669[0m
[34m2025-01-07 01:07:46,989 - DEBUG - Number of resources: 9[0m
[34m2025-01-07 01:07:46,989 - DEBUG - Number of resource groups: 4[0m
[34m2025-01-07 01:07:46,989 - DEBUG - Number of resource hours needed per all treatment by RG(therapists): 22.554166666666664[0m
[34m2025-01-07 01:07:46,989 - DEBUG - Number of resource hours needed per all treatment by RG(rooms): 44.96666666666667[0m
[34m2025-01-07 01:07:46,989 - DEBUG - Number of resource hours needed per all treatment by RG(physiotherapist): 16.5[0m
[34m2025-01-07 01:07:46,989 - DEBUG - Number of resource hours needed per all treatment by RG(sport_room): 12.4375[0m
[32m2025-01-07 01:07:46,989 - INFO - {'solver': 'MIPSolver3', 'args': {'break_symmetry': True, 'break_symmetry_strong': True, 'enforce_min_treatments_per_day': True, 'enforce_max_treatments_per_e_w': True, 'enforce_min_patients_per_treatment': True, 'log_to_console': True}}[0m
[34m2025-01-07 01:07:46,989 - DEBUG - Setting options: MIPSolver3[0m
[34m2025-01-07 01:07:46,989 - DEBUG -  ---- break_symmetry to True[0m
[34m2025-01-07 01:07:46,989 - DEBUG -  ---- break_symmetry_strong to True[0m
[34m2025-01-07 01:07:46,989 - DEBUG - Setting options: Solver[0m
[34m2025-01-07 01:07:46,989 - DEBUG -  ---- number_of_threads to 1 (default)[0m
[34m2025-01-07 01:07:46,989 - DEBUG -  ---- treatment_value to 0 (default)[0m
[34m2025-01-07 01:07:46,989 - DEBUG -  ---- delay_value to 1 (default)[0m
[34m2025-01-07 01:07:46,989 - DEBUG -  ---- missing_treatment_value to 4 (default)[0m
[34m2025-01-07 01:07:46,989 - DEBUG -  ---- enforce_min_treatments_per_day to True[0m
[34m2025-01-07 01:07:46,989 - DEBUG -  ---- enforce_max_treatments_per_e_w to True[0m
[34m2025-01-07 01:07:46,989 - DEBUG -  ---- enforce_min_patients_per_treatment to True[0m
[34m2025-01-07 01:07:46,989 - DEBUG -  ---- log_to_console to True[0m
[34m2025-01-07 01:07:46,989 - DEBUG -  ---- log_to_file to True (default)[0m
[32m2025-01-07 01:07:47,004 - INFO - Create model: MIPSolver3[0m
Set parameter TSPort to value 50039
Set parameter TokenServer to value "license.itc.rwth-aachen.de"
Set parameter Threads to value 1
Set parameter Cuts to value 0
[34m2025-01-07 01:07:58,941 - DEBUG - Variables created.[0m
[34m2025-01-07 01:08:00,068 - DEBUG - Constraint (p1) created.[0m
[34m2025-01-07 01:08:17,215 - DEBUG - Constraint (when_admitted) created.[0m
[34m2025-01-07 01:08:18,829 - DEBUG - Constraint (p3) created.[0m
[34m2025-01-07 01:08:18,830 - DEBUG - Constraint (r1) created.[0m
[34m2025-01-07 01:08:20,797 - DEBUG - Constraint (r2) created.[0m
[34m2025-01-07 01:08:22,771 - DEBUG - Constraint (r3) created.[0m
[34m2025-01-07 01:08:33,908 - DEBUG - Constraint (r4) created.[0m
[34m2025-01-07 01:08:33,961 - DEBUG - Constraint (r5) created.[0m
[34m2025-01-07 01:08:35,884 - DEBUG - Constraint (r6) created.[0m
[34m2025-01-07 01:08:35,884 - DEBUG - Constraint (r7) created.[0m
[34m2025-01-07 01:08:38,625 - DEBUG - Constraint (a4) created.[0m
[34m2025-01-07 01:08:39,471 - DEBUG - Constraint (a5) created.[0m
[34m2025-01-07 01:08:40,368 - DEBUG - Constraint (a5) created.[0m
[34m2025-01-07 01:08:40,740 - DEBUG - Constraint (strong symmetry) created.[0m
[34m2025-01-07 01:08:40,830 - DEBUG - Constraint (symmetry) created.[0m
[32m2025-01-07 01:09:17,645 - INFO - Time to create model: 90.64[0m
[32m2025-01-07 01:09:17,646 - INFO - Solving model: MIPSolver3[0m
Gurobi Optimizer version 10.0.0 build v10.0.0rc2 (linux64)

CPU model: Intel(R) Xeon(R) Platinum 8468, instruction set [SSE2|AVX|AVX2|AVX512]
Thread count: 96 physical cores, 96 logical processors, using up to 1 threads

Optimize a model with 3643672 rows, 2425251 columns and 31073762 nonzeros
Model fingerprint: 0xbc6c3283
Variable types: 2 continuous, 2425249 integer (2425249 binary)
Coefficient statistics:
  Matrix range     [1e+00, 1e+01]
  Objective range  [1e+00, 1e+01]
  Bounds range     [1e+00, 1e+00]
  RHS range        [1e+00, 3e+03]
Presolve removed 893434 rows and 614200 columns (presolve time = 5s) ...
Presolve removed 900658 rows and 614200 columns (presolve time = 11s) ...
Presolve removed 900659 rows and 614205 columns (presolve time = 15s) ...
Presolve removed 900659 rows and 614205 columns (presolve time = 20s) ...
Presolve removed 903251 rows and 614205 columns (presolve time = 25s) ...
Presolve removed 903251 rows and 614205 columns (presolve time = 30s) ...
Presolve removed 1165043 rows and 614205 columns (presolve time = 35s) ...
Presolve removed 1308889 rows and 614205 columns (presolve time = 40s) ...
Presolve removed 1308889 rows and 614205 columns (presolve time = 45s) ...
Presolve removed 1338831 rows and 614205 columns (presolve time = 50s) ...
Presolve removed 1338831 rows and 614205 columns (presolve time = 55s) ...
Presolve removed 1338831 rows and 614205 columns (presolve time = 60s) ...
Presolve removed 1339502 rows and 614205 columns (presolve time = 65s) ...
Presolve removed 1339502 rows and 614205 columns (presolve time = 70s) ...
Presolve removed 1339502 rows and 614205 columns (presolve time = 75s) ...
Presolve removed 1339502 rows and 614205 columns (presolve time = 80s) ...
Presolve removed 1339502 rows and 614205 columns (presolve time = 85s) ...
Presolve removed 1339502 rows and 614205 columns (presolve time = 90s) ...
Presolve removed 1339502 rows and 614205 columns (presolve time = 95s) ...
Presolve removed 1339502 rows and 614205 columns (presolve time = 100s) ...
Presolve removed 1339502 rows and 614205 columns (presolve time = 105s) ...
Presolve removed 1339502 rows and 614205 columns (presolve time = 110s) ...
Presolve removed 1339502 rows and 614205 columns (presolve time = 115s) ...
Presolve removed 1339502 rows and 614205 columns (presolve time = 120s) ...
Presolve removed 1339502 rows and 614205 columns (presolve time = 125s) ...
Presolve removed 1339502 rows and 614205 columns (presolve time = 130s) ...
Presolve removed 1339502 rows and 614205 columns (presolve time = 135s) ...
Presolve removed 1339502 rows and 614205 columns (presolve time = 140s) ...
Presolve removed 1339502 rows and 614205 columns (presolve time = 145s) ...
Presolve removed 1339502 rows and 614205 columns (presolve time = 150s) ...
Presolve removed 1339502 rows and 614205 columns (presolve time = 155s) ...
Presolve removed 1339502 rows and 614205 columns (presolve time = 160s) ...
Presolve removed 1339502 rows and 614205 columns (presolve time = 165s) ...
Presolve removed 1339502 rows and 614205 columns (presolve time = 170s) ...
Presolve removed 1339502 rows and 614205 columns (presolve time = 175s) ...
Presolve removed 1339502 rows and 614205 columns (presolve time = 180s) ...
Presolve removed 1339502 rows and 614205 columns (presolve time = 185s) ...
Presolve removed 1339502 rows and 614205 columns (presolve time = 190s) ...
Presolve removed 1339502 rows and 614205 columns (presolve time = 195s) ...
Presolve removed 1339502 rows and 614205 columns (presolve time = 200s) ...
Presolve removed 1339502 rows and 614205 columns (presolve time = 205s) ...
Presolve removed 1339502 rows and 614205 columns (presolve time = 210s) ...
Presolve removed 1339502 rows and 614205 columns (presolve time = 215s) ...
Presolve removed 1339502 rows and 614205 columns (presolve time = 220s) ...
Presolve removed 1339502 rows and 614205 columns (presolve time = 225s) ...
Presolve removed 1339502 rows and 614205 columns (presolve time = 230s) ...
Presolve removed 1339502 rows and 614205 columns (presolve time = 235s) ...
Presolve removed 1339502 rows and 614205 columns (presolve time = 240s) ...
Presolve removed 1339502 rows and 614205 columns (presolve time = 245s) ...
Presolve removed 1339502 rows and 614205 columns (presolve time = 250s) ...
Presolve removed 1339502 rows and 614205 columns (presolve time = 255s) ...
Presolve removed 1339502 rows and 614205 columns (presolve time = 260s) ...
Presolve removed 1339502 rows and 614205 columns (presolve time = 265s) ...
Presolve removed 1339502 rows and 614205 columns (presolve time = 270s) ...
Presolve removed 1339502 rows and 614205 columns (presolve time = 275s) ...
Presolve removed 1339502 rows and 614205 columns (presolve time = 280s) ...
Presolve removed 1339502 rows and 614205 columns (presolve time = 285s) ...
Presolve removed 1339502 rows and 614205 columns (presolve time = 290s) ...
Presolve removed 1339502 rows and 614205 columns (presolve time = 295s) ...
Presolve removed 1339502 rows and 614205 columns (presolve time = 300s) ...
Presolve removed 1339502 rows and 614205 columns (presolve time = 305s) ...
Presolve removed 1339502 rows and 614205 columns (presolve time = 310s) ...
Presolve removed 1339502 rows and 614205 columns (presolve time = 315s) ...
Presolve removed 1339502 rows and 614205 columns (presolve time = 320s) ...
Presolve removed 1339502 rows and 614205 columns (presolve time = 325s) ...
Presolve removed 1339502 rows and 614205 columns (presolve time = 330s) ...
Presolve removed 1339502 rows and 614205 columns (presolve time = 335s) ...
Presolve removed 1339502 rows and 614205 columns (presolve time = 340s) ...
Presolve removed 1339502 rows and 614205 columns (presolve time = 345s) ...
Presolve removed 1339502 rows and 614205 columns (presolve time = 350s) ...
Presolve removed 1339502 rows and 614205 columns (presolve time = 355s) ...
Presolve removed 1339502 rows and 614205 columns (presolve time = 360s) ...
Presolve removed 1339502 rows and 614205 columns (presolve time = 365s) ...
Presolve removed 1339502 rows and 614205 columns (presolve time = 370s) ...
Presolve removed 1339502 rows and 614205 columns (presolve time = 375s) ...
Presolve removed 1339502 rows and 614205 columns (presolve time = 380s) ...
Presolve removed 1339502 rows and 614205 columns (presolve time = 385s) ...
Presolve removed 1339502 rows and 614205 columns (presolve time = 390s) ...
Presolve removed 1339502 rows and 614205 columns (presolve time = 395s) ...
Presolve removed 1339502 rows and 614205 columns (presolve time = 400s) ...
Presolve removed 1339502 rows and 614205 columns (presolve time = 405s) ...
Presolve removed 1339502 rows and 614205 columns (presolve time = 410s) ...
Presolve removed 1339502 rows and 614205 columns (presolve time = 415s) ...
Presolve removed 1339502 rows and 614205 columns (presolve time = 420s) ...
Presolve removed 1339502 rows and 614205 columns (presolve time = 425s) ...
Presolve removed 1339502 rows and 614205 columns (presolve time = 430s) ...
Presolve removed 1339502 rows and 614205 columns (presolve time = 435s) ...
Presolve removed 1339502 rows and 614205 columns (presolve time = 440s) ...
Presolve removed 1339502 rows and 614205 columns (presolve time = 445s) ...
Presolve removed 1339502 rows and 614205 columns (presolve time = 450s) ...
Presolve removed 1339502 rows and 614205 columns (presolve time = 455s) ...
Presolve removed 1339502 rows and 614205 columns (presolve time = 460s) ...
Presolve removed 1339502 rows and 614205 columns (presolve time = 465s) ...
Presolve removed 1339502 rows and 614205 columns (presolve time = 470s) ...
Presolve removed 1339502 rows and 614205 columns (presolve time = 475s) ...
Presolve removed 1339502 rows and 614205 columns (presolve time = 480s) ...
Presolve removed 1339502 rows and 614205 columns (presolve time = 485s) ...
Presolve removed 1339502 rows and 614205 columns (presolve time = 490s) ...
Presolve removed 1339502 rows and 614205 columns (presolve time = 495s) ...
Presolve removed 1339502 rows and 614205 columns (presolve time = 500s) ...
Presolve removed 1339502 rows and 614205 columns (presolve time = 505s) ...
Presolve removed 1339502 rows and 614205 columns (presolve time = 510s) ...
Presolve removed 1339502 rows and 614205 columns (presolve time = 515s) ...
Presolve removed 1339502 rows and 614205 columns (presolve time = 520s) ...
Presolve removed 1339502 rows and 614205 columns (presolve time = 525s) ...
Presolve removed 1339502 rows and 614205 columns (presolve time = 530s) ...
Presolve removed 1339502 rows and 614205 columns (presolve time = 535s) ...
Presolve removed 1339502 rows and 614205 columns (presolve time = 540s) ...
Presolve removed 1339502 rows and 614205 columns (presolve time = 545s) ...
Presolve removed 1339502 rows and 614205 columns (presolve time = 550s) ...
Presolve removed 1339502 rows and 614205 columns (presolve time = 555s) ...
Presolve removed 1339502 rows and 614205 columns (presolve time = 560s) ...
Presolve removed 1339502 rows and 614205 columns (presolve time = 565s) ...
Presolve removed 1339502 rows and 614205 columns (presolve time = 570s) ...
Presolve removed 1339502 rows and 614205 columns (presolve time = 575s) ...
Presolve removed 1339502 rows and 614205 columns (presolve time = 580s) ...
Presolve removed 1339502 rows and 614205 columns (presolve time = 585s) ...
Presolve removed 1339502 rows and 614205 columns (presolve time = 590s) ...
Presolve removed 1339502 rows and 614205 columns (presolve time = 595s) ...
Presolve removed 1339502 rows and 614205 columns (presolve time = 600s) ...
Presolve removed 1339502 rows and 614205 columns (presolve time = 605s) ...
Presolve removed 1339502 rows and 614205 columns (presolve time = 610s) ...
Presolve removed 1339502 rows and 614205 columns (presolve time = 615s) ...
Presolve removed 1339502 rows and 614205 columns (presolve time = 620s) ...
Presolve removed 1339502 rows and 614205 columns (presolve time = 625s) ...
Presolve removed 1339502 rows and 614205 columns (presolve time = 630s) ...
Presolve removed 1339502 rows and 614205 columns (presolve time = 635s) ...
Presolve removed 1339502 rows and 614205 columns (presolve time = 640s) ...
Presolve removed 1339502 rows and 614205 columns (presolve time = 645s) ...
Presolve removed 1339502 rows and 614205 columns (presolve time = 650s) ...
Presolve removed 1339502 rows and 614205 columns (presolve time = 655s) ...
Presolve removed 1339502 rows and 614205 columns (presolve time = 660s) ...
Presolve removed 1339502 rows and 614205 columns (presolve time = 665s) ...
Presolve removed 1339502 rows and 614205 columns (presolve time = 670s) ...
Presolve removed 1339502 rows and 614205 columns (presolve time = 675s) ...
Presolve removed 1339502 rows and 614205 columns (presolve time = 680s) ...
Presolve removed 1339502 rows and 614205 columns (presolve time = 685s) ...
Presolve removed 1339502 rows and 614205 columns (presolve time = 690s) ...
Presolve removed 1339502 rows and 614205 columns (presolve time = 695s) ...
Presolve removed 1339502 rows and 614205 columns (presolve time = 700s) ...
Presolve removed 1339502 rows and 614205 columns (presolve time = 705s) ...
Presolve removed 1339502 rows and 614205 columns (presolve time = 710s) ...
Presolve removed 1339502 rows and 614205 columns (presolve time = 715s) ...
Presolve removed 1339502 rows and 614205 columns (presolve time = 720s) ...
Presolve removed 1339502 rows and 614205 columns (presolve time = 725s) ...
Presolve removed 1339502 rows and 614205 columns (presolve time = 730s) ...
Presolve removed 1339502 rows and 614205 columns (presolve time = 735s) ...
Presolve removed 1339502 rows and 614205 columns (presolve time = 740s) ...
Presolve removed 1339502 rows and 614205 columns (presolve time = 745s) ...
Presolve removed 1339502 rows and 614205 columns (presolve time = 750s) ...
Presolve removed 1339502 rows and 614205 columns (presolve time = 755s) ...
Presolve removed 1339502 rows and 614205 columns (presolve time = 760s) ...
Presolve removed 1339502 rows and 614205 columns (presolve time = 765s) ...
Presolve removed 1339502 rows and 614205 columns (presolve time = 770s) ...
Presolve removed 1339502 rows and 614205 columns (presolve time = 775s) ...
Presolve removed 1339502 rows and 614205 columns (presolve time = 780s) ...
Presolve removed 1339502 rows and 614205 columns (presolve time = 785s) ...
Presolve removed 1339502 rows and 614205 columns (presolve time = 790s) ...
Presolve removed 1339502 rows and 614205 columns (presolve time = 795s) ...
Presolve removed 1339505 rows and 628653 columns (presolve time = 800s) ...
Presolve removed 1339505 rows and 628653 columns (presolve time = 805s) ...
Presolve removed 1339514 rows and 628662 columns (presolve time = 810s) ...
Presolve removed 1338837 rows and 627985 columns
Presolve time: 812.33s
Presolved: 2304835 rows, 1797266 columns, 16134575 nonzeros
Variable types: 0 continuous, 1797266 integer (1797051 binary)

Root simplex log...

Iteration    Objective       Primal Inf.    Dual Inf.      Time
       0    0.0000000e+00   2.219000e+03   0.000000e+00    837s
    9030    5.0400000e+02   2.647235e+03   0.000000e+00    840s
   24942    5.0800010e+02   8.516033e+03   0.000000e+00    845s
   38168    5.0800025e+02   3.355981e+03   0.000000e+00    850s
   44684    5.0800028e+02   2.745421e+03   0.000000e+00    855s
   49429    5.0800029e+02   1.139111e+04   0.000000e+00    861s
   50832    5.0800030e+02   1.731079e+03   0.000000e+00    866s
   53011    5.0800031e+02   1.569821e+04   0.000000e+00    870s
   53551    5.0800031e+02   1.310117e+04   0.000000e+00    875s
   56171    5.0800032e+02   6.165019e+03   0.000000e+00    881s
   57297    5.0800032e+02   9.396606e+03   0.000000e+00    886s
   58986    5.0800033e+02   1.321878e+03   0.000000e+00    892s
   59726    5.0800033e+02   3.826025e+03   0.000000e+00    897s
   60829    5.0800034e+02   1.277962e+03   0.000000e+00    902s
   61812    5.0800034e+02   8.643000e+03   0.000000e+00    906s
   63501    5.0800034e+02   2.625841e+03   0.000000e+00    911s
   66046    5.0800035e+02   8.272886e+03   0.000000e+00    916s
   67069    5.0800036e+02   2.253444e+03   0.000000e+00    922s
   67939    5.0800036e+02   1.447359e+04   0.000000e+00    927s
   68862    5.0800036e+02   5.443688e+03   0.000000e+00    932s
   69872    5.0800037e+02   5.223981e+04   0.000000e+00    938s
   70735    5.0800037e+02   2.135025e+03   0.000000e+00    941s
   71545    5.0800037e+02   1.858003e+03   0.000000e+00    946s
   72498    5.0800038e+02   1.628433e+03   0.000000e+00    951s
   73178    5.0800038e+02   2.319908e+04   0.000000e+00    957s
   74304    5.0800038e+02   1.952509e+03   0.000000e+00    961s
   75870    5.0800039e+02   1.001272e+04   0.000000e+00    966s
   77403    5.0800039e+02   3.187329e+03   0.000000e+00    972s
   78103    5.0800039e+02   1.764901e+03   0.000000e+00    977s
   79229    5.0800040e+02   4.091079e+03   0.000000e+00    980s
   80918    5.0800040e+02   4.855770e+03   0.000000e+00    985s
   82351    5.0800040e+02   1.887957e+03   0.000000e+00    991s
   83051    5.0800040e+02   7.668526e+02   0.000000e+00    997s
   84577    5.0800041e+02   1.666685e+03   0.000000e+00   1003s
   85027    5.0800041e+02   1.730109e+03   0.000000e+00   1005s
   85827    5.0800042e+02   1.851348e+03   0.000000e+00   1011s
   86387    5.0800042e+02   5.744250e+03   0.000000e+00   1017s
   87097    5.0800042e+02   3.079963e+03   0.000000e+00   1022s
   87877    5.0800042e+02   5.143357e+03   0.000000e+00   1028s
   88077    5.0800042e+02   5.614344e+03   0.000000e+00   1030s
   88940    5.0800043e+02   2.288972e+03   0.000000e+00   1035s
   89660    5.0800043e+02   1.928815e+03   0.000000e+00   1041s
   90280    5.0800043e+02   1.398707e+03   0.000000e+00   1046s
   90870    5.0800043e+02   3.648713e+03   0.000000e+00   1052s
   91653    5.0800044e+02   7.376091e+03   0.000000e+00   1057s
   92393    5.0800044e+02   2.456143e+03   0.000000e+00   1063s
   92683    5.0800044e+02   2.583415e+03   0.000000e+00   1065s
   94192    5.0800045e+02   2.148094e+03   0.000000e+00   1072s
   95538    5.0800045e+02   1.035099e+04   0.000000e+00   1078s
   95818    5.0800045e+02   4.156235e+03   0.000000e+00   1080s
   96458    5.0800045e+02   5.059596e+04   0.000000e+00   1086s
   97508    5.0800046e+02   2.425628e+03   0.000000e+00   1092s
   98481    5.0800046e+02   2.413168e+03   0.000000e+00   1097s
   99041    5.0800046e+02   2.014155e+03   0.000000e+00   1102s
   99461    5.0800046e+02   2.843026e+03   0.000000e+00   1105s
  100471    5.0800047e+02   6.397243e+03   0.000000e+00   1111s
  100881    5.0800047e+02   3.536200e+03   0.000000e+00   1116s
  101461    5.0800047e+02   5.148680e+03   0.000000e+00   1122s
  101721    5.0800047e+02   3.815886e+03   0.000000e+00   1125s
  102624    5.0800047e+02   3.392887e+03   0.000000e+00   1130s
  103274    5.0800047e+02   4.592310e+03   0.000000e+00   1136s
  103804    5.0800048e+02   1.763552e+03   0.000000e+00   1142s
  104597    5.0800051e+02   3.265716e+03   0.000000e+00   1147s
  106302    5.0800056e+02   2.188906e+03   0.000000e+00   1150s
  108018    5.0800060e+02   2.175199e+03   0.000000e+00   1156s
  109714    5.0800064e+02   1.154292e+03   0.000000e+00   1162s
  110624    5.0800065e+02   1.539535e+03   0.000000e+00   1168s
  111187    5.0800065e+02   3.232200e+03   0.000000e+00   1170s
  112230    5.0800066e+02   2.741329e+03   0.000000e+00   1175s
  113313    5.0800068e+02   3.151089e+03   0.000000e+00   1180s
  114083    5.0800068e+02   1.345237e+03   0.000000e+00   1185s
  114923    5.0800071e+02   3.087954e+03   0.000000e+00   1191s
  116026    5.0800073e+02   1.351907e+03   0.000000e+00   1196s
  116869    5.0800073e+02   1.158858e+03   0.000000e+00   1201s
  117619    5.0800074e+02   1.608996e+03   0.000000e+00   1206s
  118359    5.0800075e+02   1.270474e+03   0.000000e+00   1212s
  119689    5.0800076e+02   1.699450e+03   0.000000e+00   1216s
  120792    5.0800077e+02   1.729174e+03   0.000000e+00   1221s
  122305    5.0800078e+02   3.109493e+03   0.000000e+00   1228s
  122645    5.0800079e+02   2.634754e+03   0.000000e+00   1231s
  123365    5.0800079e+02   1.077986e+04   0.000000e+00   1237s
  123815    5.0800079e+02   8.020731e+02   0.000000e+00   1243s
  124105    5.0800079e+02   2.177717e+03   0.000000e+00   1245s
  124575    5.0800080e+02   1.620151e+04   0.000000e+00   1252s
  125065    5.0800080e+02   8.171413e+02   0.000000e+00   1258s
  125335    5.0800080e+02   9.780862e+02   0.000000e+00   1261s
  126461    5.0800081e+02   1.557701e+03   0.000000e+00   1267s
  127211    5.0800081e+02   9.038137e+03   0.000000e+00   1273s
  127511    5.0800082e+02   1.872742e+03   0.000000e+00   1277s
  128494    5.0800082e+02   1.862304e+03   0.000000e+00   1282s
  128894    5.0800082e+02   1.547398e+03   0.000000e+00   1285s
  129504    5.0800083e+02   2.518391e+03   0.000000e+00   1292s
  130630    5.0800084e+02   3.431446e+03   0.000000e+00   1296s
  131220    5.0800084e+02   4.246170e+03   0.000000e+00   1303s
  131783    5.0800085e+02   2.977558e+03   0.000000e+00   1306s
  132063    5.0800085e+02   1.695297e+03   0.000000e+00   1310s
  132803    5.0800085e+02   8.166915e+03   0.000000e+00   1317s
  133163    5.0800086e+02   2.918158e+03   0.000000e+00   1320s
  133663    5.0800086e+02   4.214387e+03   0.000000e+00   1327s
  133993    5.0800086e+02   2.852464e+03   0.000000e+00   1330s
  134853    5.0800086e+02   4.099410e+04   0.000000e+00   1336s
  135523    5.0800087e+02   2.575702e+03   0.000000e+00   1343s
  135823    5.0800087e+02   4.576256e+03   0.000000e+00   1346s
  136793    5.0800088e+02   4.890180e+03   0.000000e+00   1353s
  137253    5.0800089e+02   1.587652e+03   0.000000e+00   1356s
  138023    5.0800089e+02   2.371576e+03   0.000000e+00   1363s
  138553    5.0800089e+02   1.928712e+03   0.000000e+00   1366s
  139273    5.0800090e+02   2.368695e+03   0.000000e+00   1373s
  139523    5.0800090e+02   8.158569e+03   0.000000e+00   1376s
  139983    5.0800090e+02   8.155050e+03   0.000000e+00   1383s
  140393    5.0800091e+02   9.449144e+02   0.000000e+00   1386s
  140883    5.0800091e+02   1.035861e+03   0.000000e+00   1392s
  141063    5.0800091e+02   3.339235e+03   0.000000e+00   1395s
  141563    5.0800091e+02   6.320350e+03   0.000000e+00   1402s
  141863    5.0800091e+02   8.304492e+03   0.000000e+00   1405s
  142273    5.0800092e+02   2.251892e+03   0.000000e+00   1412s
  142623    5.0800092e+02   8.125914e+03   0.000000e+00   1415s
  143263    5.0800092e+02   2.196551e+03   0.000000e+00   1422s
  143533    5.0800092e+02   4.209445e+03   0.000000e+00   1425s
  144373    5.0800093e+02   8.376999e+03   0.000000e+00   1432s
  144683    5.0800093e+02   6.876853e+03   0.000000e+00   1436s
  145333    5.0800093e+02   1.723496e+03   0.000000e+00   1443s
  145653    5.0800094e+02   9.862529e+02   0.000000e+00   1447s
  146093    5.0800094e+02   6.345315e+03   0.000000e+00   1450s
  146853    5.0800094e+02   6.315980e+03   0.000000e+00   1458s
  147193    5.0800094e+02   4.417206e+03   0.000000e+00   1462s
  147613    5.0800095e+02   2.482002e+04   0.000000e+00   1465s
  148563    5.0800095e+02   2.415279e+04   0.000000e+00   1472s
  149013    5.0800096e+02   1.339439e+03   0.000000e+00   1475s
  149603    5.0800096e+02   1.657074e+03   0.000000e+00   1482s
  149873    5.0800096e+02   1.472952e+03   0.000000e+00   1485s
  150423    5.0800096e+02   4.921858e+03   0.000000e+00   1492s
  151316    5.0800097e+02   1.519061e+04   0.000000e+00   1496s
  151906    5.0800097e+02   1.128445e+04   0.000000e+00   1503s
  152386    5.0800098e+02   7.713648e+03   0.000000e+00   1506s
  153016    5.0800098e+02   5.001453e+03   0.000000e+00   1513s
  153196    5.0800098e+02   4.074265e+03   0.000000e+00   1516s
  153656    5.0800098e+02   5.430857e+03   0.000000e+00   1522s
  153876    5.0800098e+02   6.938589e+03   0.000000e+00   1525s
  154346    5.0800099e+02   6.433373e+03   0.000000e+00   1531s
  154936    5.0800099e+02   2.551563e+03   0.000000e+00   1537s
  155186    5.0800099e+02   1.177043e+03   0.000000e+00   1541s
  155756    5.0800099e+02   4.651741e+03   0.000000e+00   1547s
  156006    5.0800099e+02   2.688319e+03   0.000000e+00   1551s
  156616    5.0800100e+02   3.462438e+04   0.000000e+00   1558s
  156826    5.0800100e+02   3.618311e+04   0.000000e+00   1561s
  157326    5.0800100e+02   9.976751e+04   0.000000e+00   1567s
  157576    5.0800100e+02   3.761308e+03   0.000000e+00   1570s
  158116    5.0800101e+02   1.487831e+04   0.000000e+00   1577s
  158856    5.0800101e+02   7.021326e+03   0.000000e+00   1583s
  159186    5.0800101e+02   6.126660e+03   0.000000e+00   1586s
  159906    5.0800102e+02   1.560518e+03   0.000000e+00   1592s
  160246    5.0800102e+02   2.381875e+03   0.000000e+00   1596s
  160826    5.0800103e+02   9.539531e+03   0.000000e+00   1601s
  161486    5.0800103e+02   2.178233e+03   0.000000e+00   1607s
  161796    5.0800103e+02   4.998379e+03   0.000000e+00   1611s
  162756    5.0800104e+02   9.150853e+03   0.000000e+00   1617s
  163676    5.0800106e+02   3.134173e+04   0.000000e+00   1623s
  164116    5.0800106e+02   1.552520e+03   0.000000e+00   1626s
  164866    5.0800107e+02   4.187125e+03   0.000000e+00   1632s
  165246    5.0800107e+02   1.399953e+03   0.000000e+00   1635s
  165826    5.0800107e+02   1.004106e+04   0.000000e+00   1641s
  166256    5.0800108e+02   1.023613e+04   0.000000e+00   1648s
  166556    5.0800108e+02   1.313115e+04   0.000000e+00   1651s
  167216    5.0800109e+02   1.661449e+03   0.000000e+00   1657s
  167616    5.0800109e+02   1.484602e+04   0.000000e+00   1660s
  168286    5.0800109e+02   9.510271e+03   0.000000e+00   1667s
  168696    5.0800110e+02   2.586294e+04   0.000000e+00   1670s
  169176    5.0800110e+02   1.773310e+03   0.000000e+00   1677s
  169746    5.0800111e+02   5.573091e+03   0.000000e+00   1683s
  169966    5.0800111e+02   3.971626e+03   0.000000e+00   1686s
  170346    5.0800111e+02   1.067442e+04   0.000000e+00   1692s
  170816    5.0800111e+02   1.195808e+03   0.000000e+00   1697s
  170996    5.0800111e+02   2.042592e+03   0.000000e+00   1700s
  171656    5.0800112e+02   2.661365e+04   0.000000e+00   1706s
  172256    5.0800112e+02   2.895257e+04   0.000000e+00   1712s
  172556    5.0800112e+02   1.365438e+04   0.000000e+00   1715s
  173086    5.0800112e+02   1.172555e+05   0.000000e+00   1722s
  173316    5.0800112e+02   5.945062e+04   0.000000e+00   1725s
  173836    5.0800112e+02   6.453218e+03   0.000000e+00   1731s
  174586    5.0800113e+02   3.083876e+05   0.000000e+00   1738s
  174926    5.0800113e+02   7.715373e+03   0.000000e+00   1742s
  175216    5.0800113e+02   2.429468e+03   0.000000e+00   1745s
  175796    5.0800113e+02   1.919453e+03   0.000000e+00   1752s
  176116    5.0800113e+02   1.299252e+03   0.000000e+00   1758s
  176276    5.0800113e+02   2.414346e+03   0.000000e+00   1761s
  176596    5.0800113e+02   4.575510e+03   0.000000e+00   1766s
  176876    5.0800113e+02   3.326369e+03   0.000000e+00   1772s
  177146    5.0800114e+02   1.533463e+04   0.000000e+00   1778s
  177306    5.0800114e+02   4.270780e+03   0.000000e+00   1781s
  177656    5.0800114e+02   7.928366e+02   0.000000e+00   1787s
  177946    5.0800114e+02   5.583973e+03   0.000000e+00   1792s
  178076    5.0800114e+02   3.494517e+03   0.000000e+00   1795s
  178326    5.0800114e+02   4.546961e+03   0.000000e+00   1801s
  178626    5.0800114e+02   4.477214e+03   0.000000e+00   1807s
  178786    5.0800114e+02   3.535079e+03   0.000000e+00   1810s
  179336    5.0800144e+02   8.915039e+02   0.000000e+00   1816s
  179906    5.0800146e+02   2.138604e+03   0.000000e+00   1822s
  180156    5.0800148e+02   3.239240e+04   0.000000e+00   1825s
  180866    5.0800151e+02   7.013953e+04   0.000000e+00   1831s
  181486    5.0800153e+02   1.283390e+03   0.000000e+00   1837s
  181766    5.0800154e+02   1.212435e+03   0.000000e+00   1841s
  182216    5.0800155e+02   1.674652e+03   0.000000e+00   1847s
  182476    5.0800155e+02   9.146888e+02   0.000000e+00   1850s
  182946    5.0800156e+02   1.012180e+03   0.000000e+00   1857s
  183346    5.0800157e+02   2.651663e+03   0.000000e+00   1863s
  183546    5.0800157e+02   2.463594e+03   0.000000e+00   1866s
  183906    5.0800158e+02   4.003684e+03   0.000000e+00   1872s
  184106    5.0800158e+02   2.455241e+03   0.000000e+00   1875s
  184526    5.0800159e+02   1.595800e+03   0.000000e+00   1882s
  184936    5.0800160e+02   1.314343e+03   0.000000e+00   1888s
  185116    5.0800160e+02   4.888674e+02   0.000000e+00   1891s
  185516    5.0800161e+02   2.792993e+03   0.000000e+00   1898s
  185756    5.0800161e+02   2.704196e+03   0.000000e+00   1901s
  186176    5.0800162e+02   1.691102e+04   0.000000e+00   1907s
  186396    5.0800162e+02   6.268894e+02   0.000000e+00   1910s
  186826    5.0800163e+02   9.466021e+02   0.000000e+00   1917s
  187026    5.0800163e+02   2.623204e+03   0.000000e+00   1920s
  187386    5.0800163e+02   1.860529e+03   0.000000e+00   1927s
  187546    5.0800163e+02   8.077232e+03   0.000000e+00   1930s
  187916    5.0800164e+02   1.472275e+03   0.000000e+00   1937s
  188226    5.0800164e+02   1.351849e+03   0.000000e+00   1943s
  188406    5.0800165e+02   4.183627e+03   0.000000e+00   1946s
  188776    5.0800165e+02   1.908837e+03   0.000000e+00   1952s
  188986    5.0800165e+02   3.539681e+03   0.000000e+00   1955s
  189396    5.0800166e+02   4.008278e+03   0.000000e+00   1962s
  189796    5.0800167e+02   4.106610e+03   0.000000e+00   1968s
  190096    5.0800167e+02   9.149300e+03   0.000000e+00   1971s
  190456    5.0800167e+02   6.628117e+03   0.000000e+00   1977s
  190656    5.0800168e+02   1.917797e+03   0.000000e+00   1980s
  191046    5.0800169e+02   6.530834e+02   0.000000e+00   1987s
  191436    5.0800169e+02   6.071747e+02   0.000000e+00   1993s
  191616    5.0800170e+02   3.584846e+03   0.000000e+00   1996s
  191966    5.0800170e+02   4.054593e+03   0.000000e+00   2002s
  192346    5.0800170e+02   2.198507e+03   0.000000e+00   2008s
  192526    5.0800170e+02   7.485957e+02   0.000000e+00   2011s
  192876    5.0800171e+02   1.077889e+03   0.000000e+00   2018s
  193026    5.0800171e+02   6.818893e+02   0.000000e+00   2021s
  193356    5.0800172e+02   3.328895e+03   0.000000e+00   2027s
  193546    5.0800172e+02   6.321257e+03   0.000000e+00   2030s
  193896    5.0800172e+02   6.225694e+02   0.000000e+00   2037s
  194246    5.0800173e+02   2.802320e+03   0.000000e+00   2043s
  194446    5.0800173e+02   1.179155e+03   0.000000e+00   2046s
  194816    5.0800174e+02   1.487667e+03   0.000000e+00   2053s
  195016    5.0800174e+02   4.680789e+03   0.000000e+00   2056s
  195386    5.0800174e+02   1.476795e+05   0.000000e+00   2063s
  195566    5.0800175e+02   1.362390e+03   0.000000e+00   2066s
  195936    5.0800175e+02   1.389313e+03   0.000000e+00   2073s
  196116    5.0800175e+02   5.206422e+03   0.000000e+00   2076s
  196466    5.0800175e+02   2.278186e+03   0.000000e+00   2082s
  196626    5.0800176e+02   1.960737e+03   0.000000e+00   2086s
  197026    5.0800176e+02   2.246019e+03   0.000000e+00   2092s
  197236    5.0800176e+02   2.756982e+04   0.000000e+00   2095s
  197586    5.0800177e+02   3.425584e+03   0.000000e+00   2102s
  197766    5.0800177e+02   1.425974e+03   0.000000e+00   2105s
  198116    5.0800177e+02   2.269111e+03   0.000000e+00   2112s
  198266    5.0800177e+02   2.936286e+03   0.000000e+00   2115s
  198586    5.0800178e+02   1.248601e+03   0.000000e+00   2122s
  198756    5.0800178e+02   3.917822e+02   0.000000e+00   2125s
  199096    5.0800178e+02   1.573418e+03   0.000000e+00   2132s
  199396    5.0800179e+02   1.827313e+03   0.000000e+00   2138s
  199546    5.0800179e+02   6.208698e+03   0.000000e+00   2141s
  199846    5.0800179e+02   5.313892e+02   0.000000e+00   2148s
  200026    5.0800179e+02   3.921236e+03   0.000000e+00   2151s
  200376    5.0800180e+02   1.440993e+03   0.000000e+00   2158s
  200556    5.0800180e+02   2.360484e+03   0.000000e+00   2161s
  200906    5.0800180e+02   6.504432e+02   0.000000e+00   2167s
  201086    5.0800180e+02   3.611536e+03   0.000000e+00   2171s
  201406    5.0800181e+02   3.511123e+03   0.000000e+00   2177s
  201576    5.0800181e+02   1.985792e+03   0.000000e+00   2180s
  201866    5.0800181e+02   3.562457e+04   0.000000e+00   2187s
  202186    5.0800181e+02   1.317161e+04   0.000000e+00   2193s
  202336    5.0800181e+02   9.606266e+02   0.000000e+00   2196s
  202636    5.0800181e+02   6.137968e+02   0.000000e+00   2203s
  202796    5.0800182e+02   8.726497e+02   0.000000e+00   2206s
  203056    5.0800182e+02   8.951329e+02   0.000000e+00   2212s
  203196    5.0800182e+02   5.192089e+03   0.000000e+00   2215s
  203526    5.0800182e+02   1.040835e+03   0.000000e+00   2221s
  203836    5.0800182e+02   2.608324e+03   0.000000e+00   2228s
  203976    5.0800182e+02   4.499923e+03   0.000000e+00   2231s
  204296    5.0800182e+02   3.578201e+03   0.000000e+00   2238s
  204436    5.0800183e+02   4.580178e+03   0.000000e+00   2241s
  204756    5.0800183e+02   1.082869e+03   0.000000e+00   2247s
  204906    5.0800183e+02   1.038819e+03   0.000000e+00   2250s
  205196    5.0800183e+02   1.290326e+03   0.000000e+00   2257s
  205466    5.0800183e+02   5.008176e+03   0.000000e+00   2263s
  205626    5.0800183e+02   1.543295e+04   0.000000e+00   2266s
  205916    5.0800184e+02   4.775077e+03   0.000000e+00   2273s
  206046    5.0800184e+02   9.656165e+03   0.000000e+00   2276s
  206376    5.0800184e+02   4.412488e+02   0.000000e+00   2282s
  206546    5.0800184e+02   2.686675e+03   0.000000e+00   2286s
  206836    5.0800184e+02   1.109678e+03   0.000000e+00   2292s
  206996    5.0800184e+02   1.872761e+03   0.000000e+00   2295s
  207336    5.0800185e+02   2.996112e+02   0.000000e+00   2302s
  207496    5.0800185e+02   1.153024e+03   0.000000e+00   2305s
  207806    5.0800185e+02   1.016445e+03   0.000000e+00   2312s
  208076    5.0800185e+02   3.073211e+03   0.000000e+00   2318s
  208216    5.0800185e+02   1.709842e+03   0.000000e+00   2321s
  208506    5.0800185e+02   1.129329e+03   0.000000e+00   2328s
  208646    5.0800185e+02   2.732326e+03   0.000000e+00   2331s
  208956    5.0800186e+02   2.533775e+02   0.000000e+00   2337s
  209116    5.0800186e+02   3.302553e+03   0.000000e+00   2341s
  209436    5.0800186e+02   6.749016e+02   0.000000e+00   2347s
  209586    5.0800186e+02   1.377228e+03   0.000000e+00   2351s
  209876    5.0800186e+02   1.005323e+03   0.000000e+00   2357s
  210026    5.0800186e+02   7.175263e+02   0.000000e+00   2360s
  210336    5.0800186e+02   1.289814e+03   0.000000e+00   2367s
  210486    5.0800186e+02   1.292241e+03   0.000000e+00   2370s
  210776    5.0800187e+02   1.777006e+03   0.000000e+00   2377s
  210906    5.0800187e+02   1.368375e+03   0.000000e+00   2380s
  211156    5.0800187e+02   1.008227e+03   0.000000e+00   2386s
  211426    5.0800187e+02   4.677058e+03   0.000000e+00   2393s
  211556    5.0800187e+02   2.271148e+03   0.000000e+00   2396s
  211806    5.0800187e+02   1.529184e+03   0.000000e+00   2403s
  211936    5.0800187e+02   2.653658e+02   0.000000e+00   2406s
  212206    5.0800187e+02   3.179632e+03   0.000000e+00   2412s
  212336    5.0800187e+02   1.077069e+03   0.000000e+00   2415s
  212586    5.0800187e+02   4.614022e+03   0.000000e+00   2422s
  212846    5.0800187e+02   9.079651e+02   0.000000e+00   2428s
  212966    5.0800188e+02   1.617421e+03   0.000000e+00   2431s
  213236    5.0800188e+02   3.472302e+03   0.000000e+00   2437s
  213386    5.0800188e+02   9.437151e+02   0.000000e+00   2441s
  213636    5.0800188e+02   1.147440e+03   0.000000e+00   2447s
  213766    5.0800188e+02   5.960078e+03   0.000000e+00   2451s
  214026    5.0800188e+02   1.088238e+03   0.000000e+00   2457s
  214166    5.0800188e+02   5.999754e+02   0.000000e+00   2460s
  214446    5.0800188e+02   1.102583e+03   0.000000e+00   2467s
  214596    5.0800188e+02   1.183979e+03   0.000000e+00   2470s
  214896    5.0800188e+02   3.639536e+03   0.000000e+00   2477s
  215026    5.0800188e+02   1.195958e+03   0.000000e+00   2480s
  215286    5.0800189e+02   3.101114e+03   0.000000e+00   2487s
  215426    5.0800189e+02   3.899177e+03   0.000000e+00   2490s
  215696    5.0800189e+02   4.129711e+02   0.000000e+00   2497s
  215826    5.0800189e+02   7.034168e+03   0.000000e+00   2500s
  216126    5.0800189e+02   8.863069e+03   0.000000e+00   2507s
  216406    5.0800189e+02   3.629875e+03   0.000000e+00   2513s
  216546    5.0800189e+02   1.052193e+03   0.000000e+00   2516s
  216806    5.0800189e+02   8.994011e+02   0.000000e+00   2523s
  216936    5.0800189e+02   6.267751e+03   0.000000e+00   2526s
  217216    5.0800189e+02   8.368514e+02   0.000000e+00   2533s
  217366    5.0800190e+02   3.241000e+03   0.000000e+00   2537s
  217526    5.0800190e+02   4.682289e+02   0.000000e+00   2540s
  217806    5.0800190e+02   2.270177e+03   0.000000e+00   2547s
  218076    5.0800190e+02   2.753910e+03   0.000000e+00   2553s
  218206    5.0800190e+02   9.693427e+02   0.000000e+00   2556s
  218456    5.0800190e+02   1.437974e+03   0.000000e+00   2563s
  218576    5.0800190e+02   3.161702e+03   0.000000e+00   2566s
  218826    5.0800190e+02   4.340590e+03   0.000000e+00   2573s
  218946    5.0800190e+02   7.379476e+03   0.000000e+00   2576s
  219186    5.0800190e+02   8.229829e+02   0.000000e+00   2583s
  219316    5.0800190e+02   2.460064e+02   0.000000e+00   2586s
  219586    5.0800190e+02   1.969546e+02   0.000000e+00   2593s
  219716    5.0800190e+02   1.037996e+03   0.000000e+00   2596s
  219966    5.0800190e+02   4.828592e+02   0.000000e+00   2602s
  220096    5.0800190e+02   9.356306e+03   0.000000e+00   2606s
  220366    5.0800191e+02   3.973738e+03   0.000000e+00   2612s
  220496    5.0800191e+02   1.315416e+03   0.000000e+00   2616s
  220736    5.0800191e+02   5.991757e+02   0.000000e+00   2622s
  220876    5.0800191e+02   3.002920e+03   0.000000e+00   2626s
  221146    5.0800191e+02   7.930169e+03   0.000000e+00   2632s
  221276    5.0800191e+02   3.305710e+03   0.000000e+00   2636s
  221556    5.0800191e+02   5.523040e+02   0.000000e+00   2643s
  221716    5.0800191e+02   1.170129e+03   0.000000e+00   2646s
  221986    5.0800191e+02   4.632691e+02   0.000000e+00   2653s
  222126    5.0800191e+02   4.564765e+02   0.000000e+00   2657s
  222266    5.0800191e+02   1.335860e+03   0.000000e+00   2660s
  222526    5.0800191e+02   2.941110e+03   0.000000e+00   2667s
  222666    5.0800191e+02   6.403319e+02   0.000000e+00   2670s
  222936    5.0800191e+02   1.999131e+03   0.000000e+00   2677s
  223066    5.0800192e+02   3.617433e+02   0.000000e+00   2680s
  223336    5.0800192e+02   3.518028e+03   0.000000e+00   2687s
  223456    5.0800192e+02   2.225364e+03   0.000000e+00   2691s
  223696    5.0800192e+02   2.663254e+03   0.000000e+00   2697s
  223826    5.0800192e+02   4.013704e+03   0.000000e+00   2701s
  224076    5.0800192e+02   4.472847e+02   0.000000e+00   2707s
  224196    5.0800192e+02   9.895458e+02   0.000000e+00   2710s
  224466    5.0800192e+02   2.580052e+03   0.000000e+00   2717s
  224596    5.0800192e+02   1.863347e+03   0.000000e+00   2720s
  224866    5.0800192e+02   5.185758e+02   0.000000e+00   2727s
  224986    5.0800192e+02   2.142957e+03   0.000000e+00   2730s
  225256    5.0800192e+02   1.007545e+04   0.000000e+00   2737s
  225396    5.0800192e+02   9.258385e+02   0.000000e+00   2740s
  225666    5.0800192e+02   2.166573e+02   0.000000e+00   2747s
  225796    5.0800192e+02   8.166781e+02   0.000000e+00   2751s
  226056    5.0800192e+02   1.682257e+03   0.000000e+00   2758s
  226196    5.0800193e+02   6.744003e+02   0.000000e+00   2761s
  226466    5.0800193e+02   4.310478e+03   0.000000e+00   2768s
  226586    5.0800193e+02   1.460750e+03   0.000000e+00   2771s
  226836    5.0800193e+02   1.135007e+03   0.000000e+00   2778s
  226956    5.0800193e+02   9.484454e+02   0.000000e+00   2782s
  227196    5.0800193e+02   6.330117e+02   0.000000e+00   2788s
  227316    5.0800193e+02   6.910687e+02   0.000000e+00   2792s
  227546    5.0800193e+02   3.673551e+02   0.000000e+00   2798s
  227666    5.0800193e+02   2.978204e+03   0.000000e+00   2802s
  227926    5.0800193e+02   3.627375e+03   0.000000e+00   2808s
  228056    5.0800193e+02   4.463095e+02   0.000000e+00   2812s
  228186    5.0800193e+02   1.259218e+03   0.000000e+00   2815s
  228446    5.0800193e+02   6.509169e+02   0.000000e+00   2822s
  228576    5.0800193e+02   5.091595e+02   0.000000e+00   2826s
  228816    5.0800193e+02   4.608286e+02   0.000000e+00   2832s
  228946    5.0800193e+02   6.451801e+02   0.000000e+00   2836s
  229216    5.0800193e+02   1.786644e+03   0.000000e+00   2842s
  229336    5.0800194e+02   5.339386e+03   0.000000e+00   2846s
  229586    5.0800194e+02   2.193182e+02   0.000000e+00   2852s
  229706    5.0800194e+02   1.440682e+03   0.000000e+00   2855s
  229936    5.0800194e+02   8.299438e+02   0.000000e+00   2861s
  230176    5.0800194e+02   2.681510e+02   0.000000e+00   2868s
  230296    5.0800194e+02   5.157230e+02   0.000000e+00   2871s
  230536    5.0800194e+02   7.526932e+02   0.000000e+00   2878s
  230656    5.0800194e+02   3.259024e+03   0.000000e+00   2881s
  230896    5.0800194e+02   6.539014e+02   0.000000e+00   2888s
  231016    5.0800194e+02   7.671597e+02   0.000000e+00   2891s
  231276    5.0800194e+02   2.489324e+03   0.000000e+00   2898s
  231406    5.0800194e+02   2.729365e+03   0.000000e+00   2901s
  231656    5.0800194e+02   2.054035e+03   0.000000e+00   2908s
  231796    5.0800194e+02   7.753083e+02   0.000000e+00   2911s
  232076    5.0800194e+02   3.246155e+02   0.000000e+00   2918s
  232216    5.0800194e+02   2.957944e+03   0.000000e+00   2922s
  232346    5.0800194e+02   3.592376e+02   0.000000e+00   2925s
  232606    5.0800194e+02   2.108311e+03   0.000000e+00   2932s
  232726    5.0800194e+02   1.185151e+03   0.000000e+00   2936s
  232956    5.0800195e+02   4.965341e+03   0.000000e+00   2942s
  233066    5.0800195e+02   4.146452e+03   0.000000e+00   2946s
  233306    5.0800195e+02   2.260395e+03   0.000000e+00   2952s
  233416    5.0800195e+02   1.353191e+03   0.000000e+00   2956s
  233656    5.0800195e+02   6.108767e+03   0.000000e+00   2963s
  233766    5.0800195e+02   7.179845e+02   0.000000e+00   2966s
  234006    5.0800195e+02   6.226365e+02   0.000000e+00   2972s
  234116    5.0800195e+02   1.142027e+03   0.000000e+00   2976s
  234356    5.0800195e+02   8.369036e+02   0.000000e+00   2983s
  234476    5.0800195e+02   1.087407e+03   0.000000e+00   2986s
  234716    5.0800195e+02   1.488034e+03   0.000000e+00   2993s
  234846    5.0800195e+02   2.756892e+03   0.000000e+00   2996s
  235066    5.0800195e+02   8.301521e+02   0.000000e+00   3003s
  235176    5.0800195e+02   8.765627e+02   0.000000e+00   3006s
  235396    5.0800195e+02   5.853574e+02   0.000000e+00   3013s
  235516    5.0800195e+02   2.052509e+02   0.000000e+00   3016s
  235746    5.0800195e+02   1.574518e+02   0.000000e+00   3023s
  235866    5.0800195e+02   8.057283e+03   0.000000e+00   3027s
  236116    5.0800195e+02   2.264156e+02   0.000000e+00   3033s
  236246    5.0800195e+02   6.690534e+02   0.000000e+00   3037s
  236486    5.0800195e+02   3.086551e+03   0.000000e+00   3043s
  236616    5.0800196e+02   7.247135e+02   0.000000e+00   3047s
  236746    5.0800196e+02   5.306675e+02   0.000000e+00   3050s
  237006    5.0800196e+02   5.392163e+02   0.000000e+00   3057s
  237146    5.0800196e+02   8.076909e+02   0.000000e+00   3061s
  237426    5.0800196e+02   3.138278e+02   0.000000e+00   3068s
  237576    5.0800196e+02   1.657735e+03   0.000000e+00   3072s
  237716    5.0800196e+02   1.071274e+02   0.000000e+00   3075s
  237986    5.0800196e+02   3.267917e+02   0.000000e+00   3082s
  238106    5.0800196e+02   3.627929e+04   0.000000e+00   3086s
  238346    5.0800196e+02   2.083618e+02   0.000000e+00   3092s
  238466    5.0800196e+02   3.987153e+02   0.000000e+00   3096s
  238706    5.0800196e+02   1.212093e+03   0.000000e+00   3103s
  238836    5.0800196e+02   1.237382e+02   0.000000e+00   3106s
  239076    5.0800196e+02   1.685672e+03   0.000000e+00   3113s
  239196    5.0800196e+02   1.498088e+03   0.000000e+00   3116s
  239446    5.0800196e+02   3.534890e+02   0.000000e+00   3123s
  239566    5.0800196e+02   1.867302e+02   0.000000e+00   3127s
  239686    5.0800196e+02   1.656024e+02   0.000000e+00   3130s
  239906    5.0800196e+02   9.432897e+03   0.000000e+00   3137s
  240026    5.0800196e+02   1.903466e+03   0.000000e+00   3140s
  240256    5.0800196e+02   2.116816e+03   0.000000e+00   3147s
  240376    5.0800196e+02   4.747395e+02   0.000000e+00   3151s
  240606    5.0800196e+02   8.041704e+02   0.000000e+00   3158s
  240716    5.0800196e+02   3.622959e+03   0.000000e+00   3161s
  240936    5.0800196e+02   2.187574e+02   0.000000e+00   3168s
  241056    5.0800196e+02   5.329368e+02   0.000000e+00   3171s
  241276    5.0800196e+02   1.917851e+03   0.000000e+00   3178s
  241386    5.0800197e+02   1.591083e+03   0.000000e+00   3181s
  241606    5.0800197e+02   1.264359e+03   0.000000e+00   3188s
  241706    5.0800197e+02   3.163432e+02   0.000000e+00   3191s
  241906    5.0800197e+02   3.829330e+02   0.000000e+00   3198s
  242006    5.0800197e+02   6.991451e+02   0.000000e+00   3201s
  242226    5.0800197e+02   5.139942e+02   0.000000e+00   3208s
  242336    5.0800197e+02   4.301864e+02   0.000000e+00   3211s
  242536    5.0800197e+02   5.773483e+02   0.000000e+00   3218s
  242636    5.0800197e+02   4.033962e+02   0.000000e+00   3221s
  242846    5.0800197e+02   8.512803e+02   0.000000e+00   3228s
  242946    5.0800197e+02   3.390155e+02   0.000000e+00   3231s
  243136    5.0800197e+02   8.725941e+02   0.000000e+00   3237s
  243246    5.0800197e+02   2.039037e+03   0.000000e+00   3241s
  243466    5.0800197e+02   8.134011e+02   0.000000e+00   3247s
  243586    5.0800197e+02   3.636518e+02   0.000000e+00   3251s
  243816    5.0800197e+02   3.853738e+02   0.000000e+00   3258s
  243936    5.0800197e+02   1.947999e+03   0.000000e+00   3261s
  244166    5.0800197e+02   5.809025e+02   0.000000e+00   3268s
  244276    5.0800197e+02   1.892298e+02   0.000000e+00   3271s
  244476    5.0800197e+02   6.958987e+02   0.000000e+00   3278s
  244576    5.0800197e+02   1.374964e+02   0.000000e+00   3281s
  244796    5.0800197e+02   7.751754e+03   0.000000e+00   3288s
  244906    5.0800197e+02   4.384762e+03   0.000000e+00   3292s
  245026    5.0800197e+02   2.518696e+02   0.000000e+00   3295s
  245266    5.0800197e+02   3.162000e+02   0.000000e+00   3302s
  245376    5.0800197e+02   2.332363e+02   0.000000e+00   3305s
  245596    5.0800197e+02   3.182922e+03   0.000000e+00   3312s
  245706    5.0800197e+02   9.243319e+02   0.000000e+00   3315s
  245926    5.0800197e+02   1.163938e+02   0.000000e+00   3322s
  246036    5.0800197e+02   2.659052e+03   0.000000e+00   3325s
  246256    5.0800197e+02   3.282687e+02   0.000000e+00   3332s
  246376    5.0800197e+02   1.714831e+02   0.000000e+00   3336s
  246586    5.0800197e+02   1.125882e+02   0.000000e+00   3343s
  246686    5.0800197e+02   1.821217e+03   0.000000e+00   3346s
  246886    5.0800197e+02   2.806210e+03   0.000000e+00   3353s
  246986    5.0800197e+02   1.897875e+02   0.000000e+00   3356s
  247196    5.0800197e+02   3.494416e+02   0.000000e+00   3363s
  247296    5.0800197e+02   4.426284e+02   0.000000e+00   3367s
  247406    5.0800197e+02   2.652602e+03   0.000000e+00   3370s
  247616    5.0800198e+02   2.092265e+02   0.000000e+00   3377s
  247806    5.0800198e+02   2.317921e+02   0.000000e+00   3384s
  247996    5.0800198e+02   2.549544e+02   0.000000e+00   3391s
  248196    5.0800198e+02   2.597669e+02   0.000000e+00   3398s
  248296    5.0800198e+02   2.672360e+02   0.000000e+00   3401s
  248496    5.0800198e+02   6.572299e+02   0.000000e+00   3408s
  248596    5.0800198e+02   6.476458e+02   0.000000e+00   3411s
  248796    5.0800198e+02   6.234477e+02   0.000000e+00   3418s
  248896    5.0800198e+02   9.148363e+02   0.000000e+00   3421s
  249096    5.0800198e+02   4.202463e+02   0.000000e+00   3428s
  249196    5.0800198e+02   5.224290e+02   0.000000e+00   3432s
  249296    5.0800198e+02   2.373630e+03   0.000000e+00   3435s
  249516    5.0800198e+02   4.065269e+03   0.000000e+00   3442s
  249636    5.0800198e+02   1.799008e+02   0.000000e+00   3446s
  249856    5.0800198e+02   2.531841e+02   0.000000e+00   3453s
  249956    5.0800198e+02   2.654243e+02   0.000000e+00   3457s
  250156    5.0800198e+02   1.194892e+02   0.000000e+00   3463s
  250256    5.0800198e+02   3.494242e+02   0.000000e+00   3467s
  250366    5.0800198e+02   1.309582e+03   0.000000e+00   3471s
  250566    5.0800198e+02   7.372946e+01   0.000000e+00   3478s
  250666    5.0800198e+02   5.590443e+01   0.000000e+00   3481s
  250866    5.0800198e+02   1.994307e+02   0.000000e+00   3488s
  250966    5.0800198e+02   5.379936e+02   0.000000e+00   3492s
  251066    5.0800198e+02   2.891586e+02   0.000000e+00   3495s
  251266    5.0800198e+02   2.278135e+02   0.000000e+00   3502s
  251366    5.0800198e+02   3.694791e+02   0.000000e+00   3505s
  251566    5.0800198e+02   1.088556e+03   0.000000e+00   3512s
  251756    5.0800198e+02   8.035404e+02   0.000000e+00   3519s
