1.NAME: MIPSolver3
2.PARAMS: {'break_symmetry': True, 'break_symmetry_strong': True}
3.INSTANCE: /home/wx350715/Kobra/rehabiliation-admission-scheduling/data/comp_study_002/instance_1_short_timeframe_30.txt
4.REPETITION: 1
Current directory: /home/wx350715/Kobra/rehabiliation-admission-scheduling
[34m2025-01-07 02:23:35,558 - DEBUG - Solver: <class 'src.solvers.mip3.MIPSolver3'>[0m
[34m2025-01-07 02:23:35,558 - DEBUG - Args: {'break_symmetry': True, 'break_symmetry_strong': True}[0m
[34m2025-01-07 02:23:35,558 - DEBUG - File path /home/wx350715/Kobra/rehabiliation-admission-scheduling/data/comp_study_002/instance_1_short_timeframe_30.txt[0m
[34m2025-01-07 02:23:35,559 - DEBUG - ADD INSTANCE DATA[0m
[34m2025-01-07 02:23:35,559 - DEBUG - ADD INSTANCE DATA[0m
[34m2025-01-07 02:23:35,559 - DEBUG - ADD INSTANCE DATA[0m
[34m2025-01-07 02:23:35,559 - DEBUG - ADD INSTANCE DATA[0m
[34m2025-01-07 02:23:35,559 - DEBUG - ADD INSTANCE DATA[0m
[34m2025-01-07 02:23:35,559 - DEBUG - ADD INSTANCE DATA[0m
[34m2025-01-07 02:23:35,559 - DEBUG - ADD INSTANCE DATA[0m
[34m2025-01-07 02:23:35,559 - DEBUG - ADD INSTANCE DATA[0m
[34m2025-01-07 02:23:35,559 - DEBUG - ADD INSTANCE DATA[0m
[34m2025-01-07 02:23:35,559 - DEBUG - ADD INSTANCE DATA[0m
[34m2025-01-07 02:23:35,559 - DEBUG - ADD INSTANCE DATA[0m
[34m2025-01-07 02:23:35,559 - DEBUG - ADD RESOURCE_GROUPS[0m
[34m2025-01-07 02:23:35,559 - DEBUG - ADD RESOURCE_GROUPS[0m
[34m2025-01-07 02:23:35,559 - DEBUG - ADD RESOURCE_GROUPS[0m
[34m2025-01-07 02:23:35,559 - DEBUG - ADD RESOURCE_GROUPS[0m
[34m2025-01-07 02:23:35,560 - DEBUG - ADD RESOURCES[0m
[34m2025-01-07 02:23:35,560 - DEBUG - ADD RESOURCES[0m
[34m2025-01-07 02:23:35,560 - DEBUG - ADD RESOURCES[0m
[34m2025-01-07 02:23:35,560 - DEBUG - ADD RESOURCES[0m
[34m2025-01-07 02:23:35,560 - DEBUG - ADD RESOURCES[0m
[34m2025-01-07 02:23:35,560 - DEBUG - ADD RESOURCES[0m
[34m2025-01-07 02:23:35,560 - DEBUG - ADD RESOURCES[0m
[34m2025-01-07 02:23:35,560 - DEBUG - ADD RESOURCES[0m
[34m2025-01-07 02:23:35,560 - DEBUG - ADD RESOURCES[0m
[34m2025-01-07 02:23:35,560 - DEBUG - ADD TREATMENTS[0m
[34m2025-01-07 02:23:35,560 - DEBUG - ADD TREATMENTS[0m
[34m2025-01-07 02:23:35,561 - DEBUG - ADD TREATMENTS[0m
[34m2025-01-07 02:23:35,561 - DEBUG - ADD TREATMENTS[0m
[34m2025-01-07 02:23:35,561 - DEBUG - ADD TREATMENTS[0m
[34m2025-01-07 02:23:35,561 - DEBUG - ADD TREATMENTS[0m
[34m2025-01-07 02:23:35,561 - DEBUG - ADD TREATMENTS[0m
[34m2025-01-07 02:23:35,561 - DEBUG - ADD TREATMENTS[0m
[34m2025-01-07 02:23:35,561 - DEBUG - ADD PATIENTS[0m
[34m2025-01-07 02:23:35,561 - DEBUG - ADD PATIENTS[0m
[34m2025-01-07 02:23:35,561 - DEBUG - ADD PATIENTS[0m
[34m2025-01-07 02:23:35,561 - DEBUG - ADD PATIENTS[0m
[34m2025-01-07 02:23:35,562 - DEBUG - ADD PATIENTS[0m
[34m2025-01-07 02:23:35,562 - DEBUG - ADD PATIENTS[0m
[34m2025-01-07 02:23:35,562 - DEBUG - ADD PATIENTS[0m
[34m2025-01-07 02:23:35,562 - DEBUG - ADD PATIENTS[0m
[34m2025-01-07 02:23:35,562 - DEBUG - ADD PATIENTS[0m
[34m2025-01-07 02:23:35,562 - DEBUG - ADD PATIENTS[0m
[34m2025-01-07 02:23:35,562 - DEBUG - ADD PATIENTS[0m
[34m2025-01-07 02:23:35,562 - DEBUG - ADD PATIENTS[0m
[34m2025-01-07 02:23:35,562 - DEBUG - ADD PATIENTS[0m
[34m2025-01-07 02:23:35,563 - DEBUG - ADD PATIENTS[0m
[34m2025-01-07 02:23:35,563 - DEBUG - ADD PATIENTS[0m
[34m2025-01-07 02:23:35,563 - DEBUG - ADD PATIENTS[0m
[34m2025-01-07 02:23:35,563 - DEBUG - ADD PATIENTS[0m
[34m2025-01-07 02:23:35,563 - DEBUG - ADD PATIENTS[0m
[34m2025-01-07 02:23:35,563 - DEBUG - ADD PATIENTS[0m
[34m2025-01-07 02:23:35,563 - DEBUG - ADD PATIENTS[0m
[34m2025-01-07 02:23:35,563 - DEBUG - ADD PATIENTS[0m
[34m2025-01-07 02:23:35,563 - DEBUG - ADD PATIENTS[0m
[34m2025-01-07 02:23:35,563 - DEBUG - ADD PATIENTS[0m
[34m2025-01-07 02:23:35,564 - DEBUG - ADD PATIENTS[0m
[34m2025-01-07 02:23:35,564 - DEBUG - ADD PATIENTS[0m
[34m2025-01-07 02:23:35,564 - DEBUG - ADD PATIENTS[0m
[34m2025-01-07 02:23:35,565 - DEBUG - ADD PATIENTS[0m
[34m2025-01-07 02:23:35,565 - DEBUG - ADD PATIENTS[0m
[34m2025-01-07 02:23:35,565 - DEBUG - ADD PATIENTS[0m
[34m2025-01-07 02:23:35,565 - DEBUG - ADD PATIENTS[0m
[34m2025-01-07 02:23:35,565 - DEBUG - ADD PATIENTS[0m
[34m2025-01-07 02:23:35,565 - DEBUG - ADD PATIENTS[0m
[34m2025-01-07 02:23:35,566 - DEBUG - ADD PATIENTS[0m
[34m2025-01-07 02:23:35,566 - DEBUG - ADD PATIENTS[0m
[34m2025-01-07 02:23:35,566 - DEBUG - ADD PATIENTS[0m
[34m2025-01-07 02:23:35,566 - DEBUG - ADD PATIENTS[0m
[34m2025-01-07 02:23:35,566 - DEBUG - ADD PATIENTS[0m
[34m2025-01-07 02:23:35,566 - DEBUG - ADD PATIENTS[0m
[34m2025-01-07 02:23:35,566 - DEBUG - ADD PATIENTS[0m
[34m2025-01-07 02:23:35,566 - DEBUG - ADD PATIENTS[0m
[34m2025-01-07 02:23:35,567 - DEBUG - Instance data:[0m
[34m2025-01-07 02:23:35,567 - DEBUG - Number of patients: 40[0m
[34m2025-01-07 02:23:35,567 - DEBUG - Number of beds: 40[0m
[34m2025-01-07 02:23:35,567 - DEBUG - Average number of treatments per patient: 29.525[0m
[34m2025-01-07 02:23:35,567 - DEBUG - Average number of treatment per stayed day: 2.135623869801085[0m
[34m2025-01-07 02:23:35,567 - DEBUG - Number of treatments: 1181[0m
[34m2025-01-07 02:23:35,567 - DEBUG - Number of resources: 9[0m
[34m2025-01-07 02:23:35,567 - DEBUG - Number of resource groups: 4[0m
[34m2025-01-07 02:23:35,567 - DEBUG - Number of resource hours needed per all treatment by RG(therapists): 38.3375[0m
[34m2025-01-07 02:23:35,567 - DEBUG - Number of resource hours needed per all treatment by RG(rooms): 74.50000000000004[0m
[34m2025-01-07 02:23:35,567 - DEBUG - Number of resource hours needed per all treatment by RG(physiotherapist): 26.0[0m
[34m2025-01-07 02:23:35,567 - DEBUG - Number of resource hours needed per all treatment by RG(sport_room): 18.9375[0m
[32m2025-01-07 02:23:35,567 - INFO - {'solver': 'MIPSolver3', 'args': {'break_symmetry': True, 'break_symmetry_strong': True, 'enforce_min_treatments_per_day': True, 'enforce_max_treatments_per_e_w': True, 'enforce_min_patients_per_treatment': True, 'log_to_console': True}}[0m
[34m2025-01-07 02:23:35,567 - DEBUG - Setting options: MIPSolver3[0m
[34m2025-01-07 02:23:35,567 - DEBUG -  ---- break_symmetry to True[0m
[34m2025-01-07 02:23:35,567 - DEBUG -  ---- break_symmetry_strong to True[0m
[34m2025-01-07 02:23:35,567 - DEBUG - Setting options: Solver[0m
[34m2025-01-07 02:23:35,567 - DEBUG -  ---- number_of_threads to 1 (default)[0m
[34m2025-01-07 02:23:35,567 - DEBUG -  ---- treatment_value to 0 (default)[0m
[34m2025-01-07 02:23:35,567 - DEBUG -  ---- delay_value to 1 (default)[0m
[34m2025-01-07 02:23:35,568 - DEBUG -  ---- missing_treatment_value to 4 (default)[0m
[34m2025-01-07 02:23:35,568 - DEBUG -  ---- enforce_min_treatments_per_day to True[0m
[34m2025-01-07 02:23:35,568 - DEBUG -  ---- enforce_max_treatments_per_e_w to True[0m
[34m2025-01-07 02:23:35,568 - DEBUG -  ---- enforce_min_patients_per_treatment to True[0m
[34m2025-01-07 02:23:35,568 - DEBUG -  ---- log_to_console to True[0m
[34m2025-01-07 02:23:35,568 - DEBUG -  ---- log_to_file to True (default)[0m
[32m2025-01-07 02:23:35,576 - INFO - Create model: MIPSolver3[0m
Set parameter TSPort to value 50039
Set parameter TokenServer to value "license.itc.rwth-aachen.de"
Set parameter Threads to value 1
Set parameter Cuts to value 0
[34m2025-01-07 02:23:46,393 - DEBUG - Variables created.[0m
[34m2025-01-07 02:23:47,701 - DEBUG - Constraint (p1) created.[0m
[34m2025-01-07 02:24:04,245 - DEBUG - Constraint (when_admitted) created.[0m
[34m2025-01-07 02:24:05,829 - DEBUG - Constraint (p3) created.[0m
[34m2025-01-07 02:24:05,830 - DEBUG - Constraint (r1) created.[0m
[34m2025-01-07 02:24:07,586 - DEBUG - Constraint (r2) created.[0m
[34m2025-01-07 02:24:09,397 - DEBUG - Constraint (r3) created.[0m
[34m2025-01-07 02:24:21,143 - DEBUG - Constraint (r4) created.[0m
[34m2025-01-07 02:24:21,186 - DEBUG - Constraint (r5) created.[0m
[34m2025-01-07 02:24:23,128 - DEBUG - Constraint (r6) created.[0m
[34m2025-01-07 02:24:23,128 - DEBUG - Constraint (r7) created.[0m
[34m2025-01-07 02:24:24,115 - DEBUG - Constraint (a4) created.[0m
[34m2025-01-07 02:24:25,061 - DEBUG - Constraint (a5) created.[0m
[34m2025-01-07 02:24:26,056 - DEBUG - Constraint (a5) created.[0m
[34m2025-01-07 02:24:26,284 - DEBUG - Constraint (strong symmetry) created.[0m
[34m2025-01-07 02:24:26,374 - DEBUG - Constraint (symmetry) created.[0m
[32m2025-01-07 02:25:21,605 - INFO - Time to create model: 106.028[0m
[32m2025-01-07 02:25:21,607 - INFO - Solving model: MIPSolver3[0m
Gurobi Optimizer version 10.0.0 build v10.0.0rc2 (linux64)

CPU model: Intel(R) Xeon(R) Platinum 8468, instruction set [SSE2|AVX|AVX2|AVX512]
Thread count: 96 physical cores, 96 logical processors, using up to 1 threads

Optimize a model with 2986720 rows, 1962829 columns and 20411923 nonzeros
Model fingerprint: 0xb9d68329
Variable types: 2 continuous, 1962827 integer (1962827 binary)
Coefficient statistics:
  Matrix range     [1e+00, 1e+01]
  Objective range  [1e+00, 1e+01]
  Bounds range     [1e+00, 1e+00]
  RHS range        [1e+00, 5e+03]
Presolve removed 724699 rows and 466598 columns (presolve time = 5s) ...
Presolve removed 724699 rows and 466606 columns (presolve time = 11s) ...
Presolve removed 724699 rows and 466606 columns (presolve time = 15s) ...
Presolve removed 724701 rows and 466606 columns (presolve time = 20s) ...
Presolve removed 831740 rows and 466606 columns (presolve time = 25s) ...
Presolve removed 1253061 rows and 466606 columns (presolve time = 30s) ...
Presolve removed 1253797 rows and 466607 columns (presolve time = 35s) ...
Presolve removed 1253797 rows and 466608 columns (presolve time = 40s) ...
Presolve removed 1260031 rows and 466608 columns (presolve time = 46s) ...
Presolve removed 1260031 rows and 466608 columns (presolve time = 50s) ...
Presolve removed 1260854 rows and 466608 columns (presolve time = 55s) ...
Presolve removed 1260854 rows and 466608 columns (presolve time = 60s) ...
Presolve removed 1260854 rows and 466608 columns (presolve time = 65s) ...
Presolve removed 1260854 rows and 466608 columns (presolve time = 70s) ...
Presolve removed 1260854 rows and 466608 columns (presolve time = 75s) ...
Presolve removed 1260854 rows and 466608 columns (presolve time = 80s) ...
Presolve removed 1260854 rows and 466608 columns (presolve time = 85s) ...
Presolve removed 1260854 rows and 466608 columns (presolve time = 90s) ...
Presolve removed 1260854 rows and 466608 columns (presolve time = 95s) ...
Presolve removed 1260854 rows and 466608 columns (presolve time = 100s) ...
Presolve removed 1260854 rows and 466608 columns (presolve time = 105s) ...
Presolve removed 1260854 rows and 466608 columns (presolve time = 110s) ...
Presolve removed 1260854 rows and 466608 columns (presolve time = 115s) ...
Presolve removed 1260854 rows and 466608 columns (presolve time = 120s) ...
Presolve removed 1260854 rows and 466608 columns (presolve time = 125s) ...
Presolve removed 1260854 rows and 466608 columns (presolve time = 130s) ...
Presolve removed 1260854 rows and 466608 columns (presolve time = 135s) ...
Presolve removed 1260854 rows and 466608 columns (presolve time = 140s) ...
Presolve removed 1260854 rows and 466608 columns (presolve time = 145s) ...
Presolve removed 1260854 rows and 466608 columns (presolve time = 150s) ...
Presolve removed 1260854 rows and 466608 columns (presolve time = 155s) ...
Presolve removed 1260854 rows and 466608 columns (presolve time = 160s) ...
Presolve removed 1260854 rows and 466608 columns (presolve time = 165s) ...
Presolve removed 1260854 rows and 466608 columns (presolve time = 170s) ...
Presolve removed 1260854 rows and 466608 columns (presolve time = 175s) ...
Presolve removed 1260854 rows and 466608 columns (presolve time = 180s) ...
Presolve removed 1260854 rows and 466608 columns (presolve time = 185s) ...
Presolve removed 1260854 rows and 466608 columns (presolve time = 190s) ...
Presolve removed 1260854 rows and 466608 columns (presolve time = 195s) ...
Presolve removed 1260854 rows and 466608 columns (presolve time = 200s) ...
Presolve removed 1260854 rows and 466608 columns (presolve time = 205s) ...
Presolve removed 1260854 rows and 466608 columns (presolve time = 210s) ...
Presolve removed 1260854 rows and 466608 columns (presolve time = 215s) ...
Presolve removed 1260854 rows and 466608 columns (presolve time = 220s) ...
Presolve removed 1260854 rows and 466608 columns (presolve time = 225s) ...
Presolve removed 1260854 rows and 466608 columns (presolve time = 230s) ...
Presolve removed 1260854 rows and 466608 columns (presolve time = 235s) ...
Presolve removed 1260854 rows and 466608 columns (presolve time = 240s) ...
Presolve removed 1260854 rows and 466608 columns (presolve time = 245s) ...
Presolve removed 1260854 rows and 466608 columns (presolve time = 250s) ...
Presolve removed 1260854 rows and 466608 columns (presolve time = 255s) ...
Presolve removed 1260854 rows and 466608 columns (presolve time = 260s) ...
Presolve removed 1260854 rows and 466608 columns (presolve time = 265s) ...
Presolve removed 1260854 rows and 466608 columns (presolve time = 270s) ...
Presolve removed 1260854 rows and 466608 columns (presolve time = 275s) ...
Presolve removed 1260854 rows and 466608 columns (presolve time = 280s) ...
Presolve removed 1260854 rows and 466608 columns (presolve time = 285s) ...
Presolve removed 1260854 rows and 466608 columns (presolve time = 290s) ...
Presolve removed 1260854 rows and 466608 columns (presolve time = 295s) ...
Presolve removed 1260854 rows and 466608 columns (presolve time = 300s) ...
Presolve removed 1260854 rows and 466608 columns (presolve time = 305s) ...
Presolve removed 1260854 rows and 466608 columns (presolve time = 310s) ...
Presolve removed 1260854 rows and 466608 columns (presolve time = 315s) ...
Presolve removed 1260854 rows and 466608 columns (presolve time = 320s) ...
Presolve removed 1260854 rows and 466608 columns (presolve time = 325s) ...
Presolve removed 1260854 rows and 466608 columns (presolve time = 330s) ...
Presolve removed 1260854 rows and 466608 columns (presolve time = 335s) ...
Presolve removed 1260854 rows and 466608 columns (presolve time = 340s) ...
Presolve removed 1260854 rows and 466608 columns (presolve time = 345s) ...
Presolve removed 1260854 rows and 466608 columns (presolve time = 350s) ...
Presolve removed 1260854 rows and 466608 columns (presolve time = 355s) ...
Presolve removed 1260854 rows and 466608 columns (presolve time = 360s) ...
Presolve removed 1260854 rows and 466608 columns (presolve time = 365s) ...
Presolve removed 1260854 rows and 466608 columns (presolve time = 370s) ...
Presolve removed 1260854 rows and 466608 columns (presolve time = 375s) ...
Presolve removed 1260854 rows and 466608 columns (presolve time = 380s) ...
Presolve removed 1260854 rows and 466608 columns (presolve time = 385s) ...
Presolve removed 1260854 rows and 466608 columns (presolve time = 390s) ...
Presolve removed 1260854 rows and 466608 columns (presolve time = 395s) ...
Presolve removed 1260854 rows and 466608 columns (presolve time = 400s) ...
Presolve removed 1260854 rows and 466608 columns (presolve time = 405s) ...
Presolve removed 1260854 rows and 466608 columns (presolve time = 410s) ...
Presolve removed 1260854 rows and 466608 columns (presolve time = 415s) ...
Presolve removed 1260854 rows and 466608 columns (presolve time = 420s) ...
Presolve removed 1260854 rows and 466608 columns (presolve time = 425s) ...
Presolve removed 1260854 rows and 466608 columns (presolve time = 430s) ...
Presolve removed 1260854 rows and 466608 columns (presolve time = 435s) ...
Presolve removed 1260854 rows and 466608 columns (presolve time = 440s) ...
Presolve removed 1260854 rows and 466608 columns (presolve time = 445s) ...
Presolve removed 1260854 rows and 466608 columns (presolve time = 450s) ...
Presolve removed 1260854 rows and 466608 columns (presolve time = 455s) ...
Presolve removed 1260854 rows and 466608 columns (presolve time = 460s) ...
Presolve removed 1260854 rows and 471312 columns (presolve time = 465s) ...
Presolve removed 1260854 rows and 471312 columns (presolve time = 470s) ...
Presolve removed 1261011 rows and 471469 columns (presolve time = 475s) ...
Presolve removed 1260183 rows and 470641 columns
Presolve time: 475.30s
Presolved: 1726537 rows, 1492188 columns, 11149228 nonzeros
Variable types: 0 continuous, 1492188 integer (1492075 binary)

Root simplex log...

Iteration    Objective       Primal Inf.    Dual Inf.      Time
       0   -1.8924000e+04   3.201249e+04   0.000000e+00    499s
   16173    3.2520000e+03   1.507356e+04   0.000000e+00    500s
   32112    3.3000002e+03   3.519823e+03   0.000000e+00    505s
   41286    3.3000003e+03   3.017356e+03   0.000000e+00    510s
   47979    3.3000003e+03   1.349719e+03   0.000000e+00    515s
   50455    3.3000003e+03   1.163080e+03   0.000000e+00    521s
   52666    3.3000004e+03   4.632134e+03   0.000000e+00    527s
   53774    3.3000004e+03   8.269560e+03   0.000000e+00    530s
   55448    3.3000004e+03   1.551247e+03   0.000000e+00    536s
   57113    3.3000004e+03   5.707030e+03   0.000000e+00    541s
   58531    3.3000004e+03   2.203254e+04   0.000000e+00    546s
   58921    3.3000004e+03   1.040395e+04   0.000000e+00    551s
   59829    3.3000004e+03   2.600947e+03   0.000000e+00    556s
   62014    3.3000005e+03   3.583381e+03   0.000000e+00    561s
   63500    3.3000005e+03   3.537168e+03   0.000000e+00    567s
   64270    3.3000005e+03   1.941305e+03   0.000000e+00    571s
   64900    3.3000006e+03   1.294725e+04   0.000000e+00    577s
   66424    3.3000006e+03   1.503716e+03   0.000000e+00    581s
   67785    3.3000006e+03   2.101985e+03   0.000000e+00    585s
   68445    3.3000006e+03   3.164479e+03   0.000000e+00    590s
   69643    3.3000006e+03   4.144768e+03   0.000000e+00    597s
   70203    3.3000007e+03   4.955458e+03   0.000000e+00    602s
   71579    3.3000007e+03   4.345208e+03   0.000000e+00    607s
   71889    3.3000007e+03   4.563013e+03   0.000000e+00    610s
   72569    3.3000007e+03   3.804169e+03   0.000000e+00    616s
   73707    3.3000007e+03   8.915695e+02   0.000000e+00    621s
   74953    3.3000007e+03   2.995626e+03   0.000000e+00    626s
   75771    3.3000008e+03   2.480840e+03   0.000000e+00    631s
   76151    3.3000008e+03   7.767397e+02   0.000000e+00    635s
   77079    3.3000008e+03   1.107261e+03   0.000000e+00    642s
   78039    3.3000008e+03   7.641467e+02   0.000000e+00    647s
   78927    3.3000008e+03   1.121867e+03   0.000000e+00    651s
   79943    3.3000008e+03   1.033151e+03   0.000000e+00    656s
   80959    3.3000008e+03   1.285261e+03   0.000000e+00    660s
   81837    3.3000009e+03   3.268566e+03   0.000000e+00    666s
   83361    3.3000009e+03   4.148305e+03   0.000000e+00    672s
   83711    3.3000009e+03   7.128849e+03   0.000000e+00    675s
   84301    3.3000009e+03   8.061117e+03   0.000000e+00    681s
   85021    3.3000009e+03   4.468783e+03   0.000000e+00    687s
   85529    3.3000009e+03   5.882256e+03   0.000000e+00    690s
   86537    3.3000009e+03   2.627130e+03   0.000000e+00    697s
   86867    3.3000009e+03   1.319710e+03   0.000000e+00    700s
   87627    3.3000010e+03   2.799772e+03   0.000000e+00    706s
   88575    3.3000010e+03   2.661927e+03   0.000000e+00    711s
   89543    3.3000010e+03   1.764227e+03   0.000000e+00    717s
   89993    3.3000010e+03   7.767274e+03   0.000000e+00    720s
   91409    3.3000010e+03   1.599343e+03   0.000000e+00    727s
   92407    3.3000010e+03   2.011291e+03   0.000000e+00    731s
   93423    3.3000010e+03   9.484789e+03   0.000000e+00    737s
   94151    3.3000010e+03   1.872248e+03   0.000000e+00    742s
   94651    3.3000010e+03   1.229347e+03   0.000000e+00    747s
   95151    3.3000010e+03   2.657980e+03   0.000000e+00    753s
   95461    3.3000010e+03   3.526963e+03   0.000000e+00    755s
   95941    3.3000010e+03   2.479496e+03   0.000000e+00    760s
   96431    3.3000010e+03   3.944504e+03   0.000000e+00    765s
   96951    3.3000010e+03   9.623997e+02   0.000000e+00    770s
   97381    3.3000010e+03   2.029393e+03   0.000000e+00    776s
   97931    3.3000010e+03   2.711892e+03   0.000000e+00    781s
   98461    3.3000010e+03   9.206173e+02   0.000000e+00    787s
   99131    3.3000010e+03   2.557253e+03   0.000000e+00    792s
   99821    3.3000010e+03   1.144911e+03   0.000000e+00    797s
  100151    3.3000010e+03   1.159465e+03   0.000000e+00    800s
  100691    3.3000010e+03   3.830431e+03   0.000000e+00    806s
  101271    3.3000010e+03   9.347265e+02   0.000000e+00    811s
  101761    3.3000010e+03   1.350398e+03   0.000000e+00    817s
  102331    3.3000010e+03   2.500039e+03   0.000000e+00    823s
  102611    3.3000010e+03   9.457099e+02   0.000000e+00    826s
  103331    3.3000011e+03   8.083279e+02   0.000000e+00    832s
  103851    3.3000011e+03   5.132218e+03   0.000000e+00    838s
  104131    3.3000011e+03   7.175337e+02   0.000000e+00    840s
  104721    3.3000011e+03   1.389834e+03   0.000000e+00    846s
  105469    3.3000011e+03   9.919918e+02   0.000000e+00    852s
  106079    3.3000011e+03   2.273311e+03   0.000000e+00    857s
  106279    3.3000011e+03   7.646767e+02   0.000000e+00    860s
  106729    3.3000011e+03   1.110661e+04   0.000000e+00    866s
  107359    3.3000011e+03   1.991159e+03   0.000000e+00    871s
  108019    3.3000011e+03   1.588327e+03   0.000000e+00    877s
  108369    3.3000011e+03   8.697366e+02   0.000000e+00    880s
  108999    3.3000011e+03   1.240259e+03   0.000000e+00    886s
  109679    3.3000011e+03   1.295502e+03   0.000000e+00    891s
  110279    3.3000011e+03   1.923804e+03   0.000000e+00    897s
  110549    3.3000011e+03   1.722169e+03   0.000000e+00    900s
  111059    3.3000011e+03   6.892652e+02   0.000000e+00    906s
  111669    3.3000011e+03   3.438934e+03   0.000000e+00    912s
  112159    3.3000011e+03   1.797619e+03   0.000000e+00    918s
  112399    3.3000011e+03   1.332816e+03   0.000000e+00    921s
  113029    3.3000011e+03   5.416766e+03   0.000000e+00    927s
  113599    3.3000011e+03   5.002969e+02   0.000000e+00    933s
  113889    3.3000011e+03   1.969330e+03   0.000000e+00    936s
  114439    3.3000011e+03   9.668176e+02   0.000000e+00    942s
  115019    3.3000011e+03   1.938654e+03   0.000000e+00    948s
  115319    3.3000011e+03   1.521084e+03   0.000000e+00    951s
  116009    3.3000011e+03   5.292554e+02   0.000000e+00    956s
  116639    3.3000011e+03   8.740806e+03   0.000000e+00    963s
  117069    3.3000011e+03   1.498279e+04   0.000000e+00    966s
  117539    3.3000011e+03   7.601699e+03   0.000000e+00    972s
  117929    3.3000011e+03   4.723779e+03   0.000000e+00    977s
  118459    3.3000011e+03   1.043335e+03   0.000000e+00    983s
  118749    3.3000011e+03   5.962185e+03   0.000000e+00    986s
  119279    3.3000011e+03   7.510650e+02   0.000000e+00    992s
  119849    3.3000011e+03   1.091899e+03   0.000000e+00    998s
  120139    3.3000011e+03   2.033389e+03   0.000000e+00   1001s
  120609    3.3000011e+03   2.108667e+02   0.000000e+00   1007s
  121029    3.3000011e+03   2.260073e+03   0.000000e+00   1012s
  121269    3.3000011e+03   6.535681e+02   0.000000e+00   1015s
  121829    3.3000011e+03   3.807841e+03   0.000000e+00   1021s
  122449    3.3000011e+03   5.935271e+02   0.000000e+00   1028s
  122679    3.3000011e+03   3.171959e+03   0.000000e+00   1031s
  123179    3.3000011e+03   9.716607e+02   0.000000e+00   1037s
  123719    3.3000011e+03   1.184309e+03   0.000000e+00   1043s
  124069    3.3000011e+03   2.713248e+03   0.000000e+00   1046s
  124569    3.3000011e+03   1.457589e+03   0.000000e+00   1053s
  124889    3.3000011e+03   3.055398e+03   0.000000e+00   1056s
  125489    3.3000011e+03   2.944353e+03   0.000000e+00   1063s
  125729    3.3000011e+03   2.056596e+03   0.000000e+00   1066s
  126349    3.3000011e+03   2.411819e+03   0.000000e+00   1073s
  126789    3.3000011e+03   4.346486e+02   0.000000e+00   1076s
  127259    3.3000011e+03   3.887528e+03   0.000000e+00   1083s
  127559    3.3000011e+03   1.507719e+03   0.000000e+00   1087s
  127769    3.3000011e+03   1.592328e+03   0.000000e+00   1090s
  128169    3.3000011e+03   4.890326e+02   0.000000e+00   1096s
  128589    3.3000011e+03   8.155529e+02   0.000000e+00   1102s
  128789    3.3000011e+03   6.508267e+02   0.000000e+00   1105s
  129279    3.3000011e+03   3.670138e+02   0.000000e+00   1111s
  129719    3.3000011e+03   6.840948e+03   0.000000e+00   1117s
  130049    3.3000011e+03   4.594355e+03   0.000000e+00   1123s
  130219    3.3000011e+03   1.306587e+04   0.000000e+00   1125s
  130689    3.3000012e+03   4.347178e+02   0.000000e+00   1131s
  131249    3.3000012e+03   3.208983e+03   0.000000e+00   1136s
  131639    3.3000012e+03   4.562762e+02   0.000000e+00   1142s
  132099    3.3000012e+03   4.970332e+03   0.000000e+00   1147s
  132559    3.3000012e+03   1.340242e+03   0.000000e+00   1153s
  132789    3.3000012e+03   3.610947e+03   0.000000e+00   1155s
  133199    3.3000012e+03   9.585299e+02   0.000000e+00   1161s
  133599    3.3000012e+03   1.063640e+03   0.000000e+00   1166s
  134009    3.3000013e+03   3.792178e+03   0.000000e+00   1172s
  134369    3.3000013e+03   5.320483e+02   0.000000e+00   1177s
  134739    3.3000013e+03   7.647970e+02   0.000000e+00   1182s
  135129    3.3000013e+03   2.024125e+03   0.000000e+00   1187s
  135299    3.3000013e+03   7.047210e+02   0.000000e+00   1190s
  135669    3.3000013e+03   9.081107e+02   0.000000e+00   1196s
  136059    3.3000013e+03   2.725257e+02   0.000000e+00   1201s
  136459    3.3000013e+03   3.214423e+02   0.000000e+00   1206s
  136919    3.3000013e+03   5.939903e+02   0.000000e+00   1212s
  137319    3.3000013e+03   1.333774e+04   0.000000e+00   1218s
  137549    3.3000013e+03   2.857725e+03   0.000000e+00   1221s
  138129    3.3000013e+03   3.862159e+02   0.000000e+00   1226s
  138879    3.3000013e+03   7.615191e+02   0.000000e+00   1232s
  139169    3.3000013e+03   1.357992e+03   0.000000e+00   1235s
  139549    3.3000013e+03   1.867442e+03   0.000000e+00   1241s
  139919    3.3000013e+03   9.413901e+02   0.000000e+00   1247s
  140249    3.3000013e+03   2.703550e+02   0.000000e+00   1252s
  140409    3.3000013e+03   3.602811e+02   0.000000e+00   1255s
  140779    3.3000013e+03   6.574333e+02   0.000000e+00   1261s
  141159    3.3000013e+03   2.698093e+04   0.000000e+00   1267s
  141579    3.3000013e+03   3.160035e+03   0.000000e+00   1272s
  141769    3.3000013e+03   1.986723e+03   0.000000e+00   1275s
  142159    3.3000014e+03   2.487011e+03   0.000000e+00   1281s
  142509    3.3000014e+03   1.837998e+03   0.000000e+00   1286s
  142879    3.3000014e+03   7.816862e+02   0.000000e+00   1292s
  143279    3.3000014e+03   7.972596e+02   0.000000e+00   1297s
  143689    3.3000014e+03   2.702298e+02   0.000000e+00   1303s
  143889    3.3000014e+03   1.493200e+03   0.000000e+00   1306s
  144349    3.3000014e+03   3.214077e+03   0.000000e+00   1312s
  144799    3.3000014e+03   3.708438e+02   0.000000e+00   1318s
  145059    3.3000014e+03   8.137329e+02   0.000000e+00   1321s
  145529    3.3000014e+03   5.783940e+02   0.000000e+00   1328s
  145749    3.3000014e+03   3.745969e+02   0.000000e+00   1331s
  146209    3.3000014e+03   3.520938e+03   0.000000e+00   1337s
  146729    3.3000014e+03   9.760019e+02   0.000000e+00   1343s
  146989    3.3000014e+03   1.766919e+02   0.000000e+00   1346s
  147389    3.3000014e+03   6.179559e+02   0.000000e+00   1352s
  147839    3.3000014e+03   1.243879e+03   0.000000e+00   1358s
  148049    3.3000014e+03   1.883560e+02   0.000000e+00   1361s
  148449    3.3000014e+03   2.336311e+02   0.000000e+00   1367s
  148659    3.3000014e+03   3.026434e+03   0.000000e+00   1370s
  149039    3.3000014e+03   6.580400e+02   0.000000e+00   1376s
  149379    3.3000014e+03   2.711626e+02   0.000000e+00   1382s
  149729    3.3000014e+03   5.996305e+02   0.000000e+00   1388s
  149909    3.3000014e+03   3.098523e+02   0.000000e+00   1391s
  150239    3.3000014e+03   9.805410e+01   0.000000e+00   1397s
  150559    3.3000014e+03   1.868181e+03   0.000000e+00   1402s
  150719    3.3000014e+03   8.162499e+02   0.000000e+00   1405s
  151069    3.3000014e+03   7.674870e+02   0.000000e+00   1411s
  151419    3.3000014e+03   2.617862e+02   0.000000e+00   1416s
  151759    3.3000014e+03   1.591285e+04   0.000000e+00   1422s
  152119    3.3000014e+03   1.102870e+04   0.000000e+00   1428s
  152279    3.3000014e+03   5.902165e+02   0.000000e+00   1430s
  152599    3.3000014e+03   1.808497e+02   0.000000e+00   1436s
  152919    3.3000014e+03   3.007413e+02   0.000000e+00   1442s
  153089    3.3000014e+03   1.126681e+03   0.000000e+00   1445s
  153419    3.3000014e+03   1.304095e+02   0.000000e+00   1451s
  153739    3.3000014e+03   4.197266e+02   0.000000e+00   1457s
  153929    3.3000014e+03   4.193468e+02   0.000000e+00   1460s
  154299    3.3000014e+03   1.113341e+03   0.000000e+00   1466s
  154679    3.3000014e+03   2.275097e+02   0.000000e+00   1472s
  154829    3.3000014e+03   6.481117e+02   0.000000e+00   1475s
  155149    3.3000015e+03   7.291728e+02   0.000000e+00   1481s
  155499    3.3000015e+03   3.587155e+02   0.000000e+00   1487s
  155809    3.3000015e+03   5.745454e+02   0.000000e+00   1493s
  155969    3.3000015e+03   1.415686e+02   0.000000e+00   1495s
  156339    3.3000015e+03   1.292505e+02   0.000000e+00   1501s
  156679    3.3000015e+03   9.111707e+01   0.000000e+00   1507s
  156849    3.3000015e+03   3.247101e+02   0.000000e+00   1511s
  157189    3.3000015e+03   7.291753e+02   0.000000e+00   1517s
  157519    3.3000015e+03   9.941681e+02   0.000000e+00   1523s
  157669    3.3000015e+03   4.573735e+02   0.000000e+00   1525s
  157969    3.3000015e+03   1.575355e+03   0.000000e+00   1531s
  158269    3.3000015e+03   3.206326e+03   0.000000e+00   1537s
  158559    3.3000015e+03   1.509542e+02   0.000000e+00   1543s
  158699    3.3000015e+03   1.349642e+03   0.000000e+00   1546s
  158979    3.3000015e+03   5.663574e+02   0.000000e+00   1552s
  159299    3.3000015e+03   5.703055e+02   0.000000e+00   1558s
  159429    3.3000015e+03   5.387933e+02   0.000000e+00   1561s
  159719    3.3000015e+03   5.799193e+02   0.000000e+00   1567s
  159989    3.3000015e+03   2.554547e+02   0.000000e+00   1572s
  160289    3.3000015e+03   2.548215e+02   0.000000e+00   1578s
  160429    3.3000015e+03   9.195805e+02   0.000000e+00   1581s
  160679    3.3000015e+03   3.323553e+02   0.000000e+00   1586s
  160989    3.3000015e+03   1.280890e+02   0.000000e+00   1592s
  161269    3.3000015e+03   3.351909e+02   0.000000e+00   1598s
  161419    3.3000015e+03   4.902582e+02   0.000000e+00   1601s
  161719    3.3000015e+03   1.285667e+02   0.000000e+00   1607s
  162009    3.3000015e+03   1.400811e+02   0.000000e+00   1612s
  162149    3.3000015e+03   2.277800e+02   0.000000e+00   1615s
  162439    3.3000015e+03   2.643422e+02   0.000000e+00   1622s
  162739    3.3000015e+03   2.365872e+02   0.000000e+00   1628s
  162889    3.3000015e+03   8.256626e+02   0.000000e+00   1631s
  163179    3.3000015e+03   1.291768e+02   0.000000e+00   1637s
  163459    3.3000015e+03   2.440824e+02   0.000000e+00   1643s
  163599    3.3000015e+03   3.325855e+02   0.000000e+00   1646s
  163899    3.3000015e+03   1.096115e+03   0.000000e+00   1651s
  164199    3.3000015e+03   4.472673e+02   0.000000e+00   1657s
  164349    3.3000015e+03   6.655030e+02   0.000000e+00   1660s
  164649    3.3000015e+03   6.399648e+01   0.000000e+00   1666s
  164929    3.3000015e+03   7.542980e+01   0.000000e+00   1672s
  165059    3.3000015e+03   6.919692e+02   0.000000e+00   1675s
  165339    3.3000015e+03   1.638596e+02   0.000000e+00   1681s
  165579    3.3000015e+03   7.387266e+02   0.000000e+00   1687s
  165699    3.3000015e+03   3.618244e+02   0.000000e+00   1690s
  165949    3.3000015e+03   4.280944e+02   0.000000e+00   1696s
  166199    3.3000015e+03   2.579483e+02   0.000000e+00   1702s
  166429    3.3000015e+03   3.398554e+02   0.000000e+00   1707s
  166539    3.3000015e+03   5.355099e+02   0.000000e+00   1710s
  166779    3.3000015e+03   6.335196e+02   0.000000e+00   1716s
  167019    3.3000015e+03   3.802294e+02   0.000000e+00   1721s
  167269    3.3000015e+03   3.244335e+02   0.000000e+00   1727s
  167389    3.3000015e+03   3.530732e+02   0.000000e+00   1730s
  167619    3.3000015e+03   3.187086e+02   0.000000e+00   1736s
  167839    3.3000015e+03   3.244113e+02   0.000000e+00   1742s
  168069    3.3000015e+03   3.920925e+01   0.000000e+00   1748s
  168179    3.3000015e+03   2.988430e+02   0.000000e+00   1750s
  168399    3.3000015e+03   1.145051e+03   0.000000e+00   1756s
  168639    3.3000015e+03   5.732325e+01   0.000000e+00   1762s
  168899    3.3000015e+03   4.481788e+01   0.000000e+00   1768s
  169039    3.3000015e+03   4.163835e+01   0.000000e+00   1771s
  169289    3.3000015e+03   2.726740e+01   0.000000e+00   1777s
  169409    3.3000015e+03   1.107773e+02   0.000000e+00   1780s
  169639    3.3000015e+03   2.325815e+02   0.000000e+00   1786s
  169869    3.3000015e+03   1.169810e+02   0.000000e+00   1792s
  170119    3.3000015e+03   6.367730e+02   0.000000e+00   1798s
  170239    3.3000015e+03   7.616713e+01   0.000000e+00   1801s
  170489    3.3000015e+03   7.481074e+03   0.000000e+00   1807s
  170619    3.3000015e+03   2.002043e+02   0.000000e+00   1810s
  170889    3.3000015e+03   1.906039e+01   0.000000e+00   1816s
  171129    3.3000015e+03   6.730697e+01   0.000000e+00   1822s
  171249    3.3000015e+03   8.096139e+01   0.000000e+00   1825s
  171479    3.3000015e+03   5.419532e+01   0.000000e+00   1831s
  171729    3.3000015e+03   2.017510e+02   0.000000e+00   1838s
  171849    3.3000015e+03   1.552964e+02   0.000000e+00   1840s
  172069    3.3000015e+03   6.730804e+01   0.000000e+00   1846s
  172309    3.3000015e+03   1.151442e+02   0.000000e+00   1852s
  172429    3.3000015e+03   4.256543e+02   0.000000e+00   1855s
  172659    3.3000015e+03   5.356229e+01   0.000000e+00   1861s
  172879    3.3000015e+03   3.920658e+01   0.000000e+00   1867s
  173099    3.3000015e+03   1.982930e+01   0.000000e+00   1873s
  173209    3.3000015e+03   2.657755e+01   0.000000e+00   1876s
  173419    3.3000015e+03   3.772465e+01   0.000000e+00   1881s
  173639    3.3000015e+03   5.475385e+01   0.000000e+00   1887s
  173749    3.3000015e+03   8.557704e+01   0.000000e+00   1890s
  173969    3.3000015e+03   4.087412e+01   0.000000e+00   1896s
  174189    3.3000015e+03   2.555401e+01   0.000000e+00   1902s
  174299    3.3000015e+03   4.503972e+01   0.000000e+00   1905s
  174519    3.3000015e+03   1.011901e+02   0.000000e+00   1911s
  174739    3.3000015e+03   6.343779e+01   0.000000e+00   1917s
  174969    3.3000015e+03   8.071553e+02   0.000000e+00   1923s
  175089    3.3000015e+03   5.363175e+01   0.000000e+00   1926s
  175329    3.3000015e+03   1.274676e+02   0.000000e+00   1932s
  175439    3.3000015e+03   7.091724e+01   0.000000e+00   1935s
  175669    3.3000015e+03   4.212568e+01   0.000000e+00   1941s
  175929    3.3000015e+03   3.413342e+02   0.000000e+00   1948s
  176049    3.3000015e+03   2.658628e+01   0.000000e+00   1951s
  176279    3.3000015e+03   6.443366e+01   0.000000e+00   1957s
  176389    3.3000015e+03   4.935415e+01   0.000000e+00   1960s
  176689    3.3000015e+03   6.981047e+01   0.000000e+00   1969s
  176789    3.3000015e+03   4.904725e+01   0.000000e+00   1972s
  176999    3.3000015e+03   1.569672e+01   0.000000e+00   1978s
  177109    3.3000015e+03   1.693344e+01   0.000000e+00   1981s
  177329    3.3000015e+03   9.339337e+00   0.000000e+00   1987s
  177549    3.3000015e+03   1.076411e+01   0.000000e+00   1993s
  177659    3.3000015e+03   1.114079e+01   0.000000e+00   1996s
  177859    3.3000015e+03   1.258035e+01   0.000000e+00   2001s
  178079    3.3000015e+03   1.863963e+01   0.000000e+00   2007s
  178199    3.3000015e+03   2.402811e+01   0.000000e+00   2010s
  178399    3.3000015e+03   5.679651e+01   0.000000e+00   2016s
  178619    3.3000015e+03   1.433514e+01   0.000000e+00   2022s
  178849    3.3000015e+03   1.552636e+02   0.000000e+00   2028s
  178949    3.3000015e+03   2.190618e+01   0.000000e+00   2030s
  179169    3.3000015e+03   1.686833e+01   0.000000e+00   2036s
  179399    3.3000015e+03   4.939347e+02   0.000000e+00   2042s
  179519    3.3000015e+03   7.642386e+01   0.000000e+00   2045s
  179729    3.3000015e+03   6.512624e+00   0.000000e+00   2051s
  179929    3.3000015e+03   1.024380e+01   0.000000e+00   2057s
  180139    3.3000015e+03   3.482528e+00   0.000000e+00   2063s
  180249    3.3000015e+03   3.686922e+00   0.000000e+00   2066s
  180469    3.3000015e+03   1.826598e+01   0.000000e+00   2072s
  180579    3.3000015e+03   3.113189e+00   0.000000e+00   2075s
  180889    3.3000015e+03   3.943387e+00   0.000000e+00   2084s
  181089    3.3000015e+03   3.201353e+00   0.000000e+00   2090s
  181289    3.3000015e+03   3.930989e+00   0.000000e+00   2096s
  181489    3.3000015e+03   4.778024e+01   0.000000e+00   2102s
  181679    3.3000015e+03   1.219462e+01   0.000000e+00   2107s
  181889    3.3000015e+03   3.324143e+01   0.000000e+00   2114s
  181989    3.3000015e+03   1.361363e+00   0.000000e+00   2117s
  182189    3.3000015e+03   2.445850e+00   0.000000e+00   2123s
  182289    3.3000015e+03   2.673306e+00   0.000000e+00   2126s
  182489    3.3000015e+03   6.430243e+00   0.000000e+00   2132s
  182589    3.3000015e+03   2.438761e+01   0.000000e+00   2136s
  182799    3.3000015e+03   1.456305e+00   0.000000e+00   2142s
  182909    3.3000015e+03   2.898437e+00   0.000000e+00   2146s
  183109    3.3000000e+03   3.667194e-01   3.028938e+12   2152s
  183350    3.3000000e+03   0.000000e+00   0.000000e+00   2157s
  183350    3.3000000e+03   0.000000e+00   0.000000e+00   2157s

Use crossover to convert LP symmetric solution to basic solution...

Root crossover log...

      27 DPushes remaining with DInf 0.0000000e+00              2158s
       0 DPushes remaining with DInf 0.0000000e+00              2158s

   20584 PPushes remaining with PInf 0.0000000e+00              2158s
    1607 PPushes remaining with PInf 0.0000000e+00              2160s
       0 PPushes remaining with PInf 0.0000000e+00              2161s

  Push phase complete: Pinf 0.0000000e+00, Dinf 4.3386418e-10   2161s


Root simplex log...

Iteration    Objective       Primal Inf.    Dual Inf.      Time
  203954    3.3000000e+03   0.000000e+00   0.000000e+00   2162s
  203954    3.3000000e+03   0.000000e+00   0.000000e+00   2162s

Root relaxation: objective 3.300000e+03, 203954 iterations, 1672.81 seconds (2652.07 work units)
