0.JOB_NAME: LBBDSolver_1_7a087e1611
1.SOLVER: LBBDSolver
2.PARAMS: {'break_symmetry': False, 'add_constraints_to_symmetric_days': False, 'subsolver.restrict_obj_func_to_1': False, 'subsolver_cls': 'CPSubsolver'}
3.INSTANCE: /home/ir803925/Kobra/rehabiliation-admission-scheduling/data/comp_study_003/instance_p25_t15_extra.txt
4.REPETITION: 1
5.CPU_CORES: 8
Current directory: /home/ir803925/Kobra/rehabiliation-admission-scheduling
[34m2025-01-23 11:06:47,092 - DEBUG - Solver: <class 'src.solvers.benders.LBBDSolver'>[0m
[34m2025-01-23 11:06:47,092 - DEBUG - Args: {'break_symmetry': False, 'add_constraints_to_symmetric_days': False, 'subsolver.restrict_obj_func_to_1': False, 'subsolver_cls': <class 'src.solvers.subsolvers.cp_subsolver.CPSubsolver'>}[0m
[34m2025-01-23 11:06:47,092 - DEBUG - File path /home/ir803925/Kobra/rehabiliation-admission-scheduling/data/comp_study_003/instance_p25_t15_extra.txt[0m
[34m2025-01-23 11:06:47,093 - DEBUG - ADD INSTANCE DATA[0m
[34m2025-01-23 11:06:47,093 - DEBUG - ADD INSTANCE DATA[0m
[34m2025-01-23 11:06:47,093 - DEBUG - ADD INSTANCE DATA[0m
[34m2025-01-23 11:06:47,094 - DEBUG - ADD INSTANCE DATA[0m
[34m2025-01-23 11:06:47,094 - DEBUG - ADD INSTANCE DATA[0m
[34m2025-01-23 11:06:47,094 - DEBUG - ADD INSTANCE DATA[0m
[34m2025-01-23 11:06:47,094 - DEBUG - ADD INSTANCE DATA[0m
[34m2025-01-23 11:06:47,094 - DEBUG - ADD INSTANCE DATA[0m
[34m2025-01-23 11:06:47,094 - DEBUG - ADD INSTANCE DATA[0m
[34m2025-01-23 11:06:47,094 - DEBUG - ADD INSTANCE DATA[0m
[34m2025-01-23 11:06:47,094 - DEBUG - ADD INSTANCE DATA[0m
[34m2025-01-23 11:06:47,094 - DEBUG - ADD RESOURCE_GROUPS[0m
[34m2025-01-23 11:06:47,094 - DEBUG - ADD RESOURCE_GROUPS[0m
[34m2025-01-23 11:06:47,094 - DEBUG - ADD RESOURCE_GROUPS[0m
[34m2025-01-23 11:06:47,094 - DEBUG - ADD RESOURCE_GROUPS[0m
[34m2025-01-23 11:06:47,094 - DEBUG - ADD RESOURCES[0m
[34m2025-01-23 11:06:47,094 - DEBUG - ADD RESOURCES[0m
[34m2025-01-23 11:06:47,094 - DEBUG - ADD RESOURCES[0m
[34m2025-01-23 11:06:47,095 - DEBUG - ADD RESOURCES[0m
[34m2025-01-23 11:06:47,095 - DEBUG - ADD RESOURCES[0m
[34m2025-01-23 11:06:47,095 - DEBUG - ADD RESOURCES[0m
[34m2025-01-23 11:06:47,095 - DEBUG - ADD RESOURCES[0m
[34m2025-01-23 11:06:47,095 - DEBUG - ADD RESOURCES[0m
[34m2025-01-23 11:06:47,095 - DEBUG - ADD RESOURCES[0m
[34m2025-01-23 11:06:47,095 - DEBUG - ADD TREATMENTS[0m
[34m2025-01-23 11:06:47,095 - DEBUG - ADD TREATMENTS[0m
[34m2025-01-23 11:06:47,095 - DEBUG - ADD TREATMENTS[0m
[34m2025-01-23 11:06:47,096 - DEBUG - ADD TREATMENTS[0m
[34m2025-01-23 11:06:47,096 - DEBUG - ADD TREATMENTS[0m
[34m2025-01-23 11:06:47,096 - DEBUG - ADD TREATMENTS[0m
[34m2025-01-23 11:06:47,096 - DEBUG - ADD TREATMENTS[0m
[34m2025-01-23 11:06:47,096 - DEBUG - ADD TREATMENTS[0m
[34m2025-01-23 11:06:47,096 - DEBUG - ADD PATIENTS[0m
[34m2025-01-23 11:06:47,096 - DEBUG - ADD PATIENTS[0m
[34m2025-01-23 11:06:47,096 - DEBUG - ADD PATIENTS[0m
[34m2025-01-23 11:06:47,096 - DEBUG - ADD PATIENTS[0m
[34m2025-01-23 11:06:47,096 - DEBUG - ADD PATIENTS[0m
[34m2025-01-23 11:06:47,097 - DEBUG - ADD PATIENTS[0m
[34m2025-01-23 11:06:47,097 - DEBUG - ADD PATIENTS[0m
[34m2025-01-23 11:06:47,097 - DEBUG - ADD PATIENTS[0m
[34m2025-01-23 11:06:47,097 - DEBUG - ADD PATIENTS[0m
[34m2025-01-23 11:06:47,097 - DEBUG - ADD PATIENTS[0m
[34m2025-01-23 11:06:47,097 - DEBUG - ADD PATIENTS[0m
[34m2025-01-23 11:06:47,097 - DEBUG - ADD PATIENTS[0m
[34m2025-01-23 11:06:47,097 - DEBUG - ADD PATIENTS[0m
[34m2025-01-23 11:06:47,097 - DEBUG - ADD PATIENTS[0m
[34m2025-01-23 11:06:47,097 - DEBUG - ADD PATIENTS[0m
[34m2025-01-23 11:06:47,097 - DEBUG - ADD PATIENTS[0m
[34m2025-01-23 11:06:47,098 - DEBUG - ADD PATIENTS[0m
[34m2025-01-23 11:06:47,098 - DEBUG - ADD PATIENTS[0m
[34m2025-01-23 11:06:47,098 - DEBUG - ADD PATIENTS[0m
[34m2025-01-23 11:06:47,098 - DEBUG - ADD PATIENTS[0m
[34m2025-01-23 11:06:47,098 - DEBUG - ADD PATIENTS[0m
[34m2025-01-23 11:06:47,099 - DEBUG - ADD PATIENTS[0m
[34m2025-01-23 11:06:47,100 - DEBUG - ADD PATIENTS[0m
[34m2025-01-23 11:06:47,100 - DEBUG - ADD PATIENTS[0m
[34m2025-01-23 11:06:47,100 - DEBUG - Instance data:[0m
[34m2025-01-23 11:06:47,100 - DEBUG - 0[0m
[34m2025-01-23 11:06:47,100 - DEBUG - New Resource Group:frozenset({RG(therapists)})[0m
[34m2025-01-23 11:06:47,154 - DEBUG - 1[0m
[34m2025-01-23 11:06:47,154 - DEBUG - 2[0m
[34m2025-01-23 11:06:47,154 - DEBUG - 3[0m
[34m2025-01-23 11:06:47,154 - DEBUG - 4[0m
[34m2025-01-23 11:06:47,154 - DEBUG - New Resource Group:frozenset({RG(physiotherapist)})[0m
[34m2025-01-23 11:06:47,165 - DEBUG - New Resource Group:frozenset({RG(physiotherapist), RG(therapists)})[0m
[34m2025-01-23 11:06:47,165 - DEBUG - 5[0m
[34m2025-01-23 11:06:47,165 - DEBUG - 6[0m
[34m2025-01-23 11:06:47,165 - DEBUG - New Resource Group:frozenset({RG(rooms)})[0m
[34m2025-01-23 11:06:47,177 - DEBUG - 7[0m
[34m2025-01-23 11:06:47,177 - DEBUG - 8[0m
[34m2025-01-23 11:06:47,177 - DEBUG - New Resource Group:frozenset({RG(sport_room)})[0m
[34m2025-01-23 11:06:47,177 - DEBUG - New Resource Group:frozenset({RG(sport_room), RG(rooms)})[0m
[34m2025-01-23 11:06:47,177 - DEBUG - Number of patients: 24[0m
[34m2025-01-23 11:06:47,177 - DEBUG - Number of beds: 40[0m
[34m2025-01-23 11:06:47,177 - DEBUG - Average number of treatments per patient: 27.875[0m
[34m2025-01-23 11:06:47,177 - DEBUG - Average number of treatment per stayed day: 1.9970149253731344[0m
[34m2025-01-23 11:06:47,177 - DEBUG - Number of treatments: 669[0m
[34m2025-01-23 11:06:47,177 - DEBUG - Number of resources: 9[0m
[34m2025-01-23 11:06:47,177 - DEBUG - Number of resource groups: 4[0m
[34m2025-01-23 11:06:47,177 - DEBUG - Number of resource hours needed per all treatment by RG(therapists): 88.961248743087[0m
[34m2025-01-23 11:06:47,177 - DEBUG - Number of resource hours needed per all treatment by RG(rooms): 176.0672951231775[0m
[34m2025-01-23 11:06:47,177 - DEBUG - Number of resource hours needed per all treatment by RG(physiotherapist): 62.84128959276019[0m
[34m2025-01-23 11:06:47,177 - DEBUG - Number of resource hours needed per all treatment by RG(sport_room): 46.79099736048265[0m
[32m2025-01-23 11:06:47,177 - INFO - {'solver': 'LBBDSolver', 'args': {'use_helper_constraints': True, 'break_symmetry': False, 'add_constraints_to_symmetric_days': False, 'subsolver.restrict_obj_func_to_1': False, 'subsolver_cls': <class 'src.solvers.subsolvers.cp_subsolver.CPSubsolver'>, 'log_to_console': True}}[0m
[34m2025-01-23 11:06:47,177 - DEBUG - Setting options: LBBDSolver[0m
[34m2025-01-23 11:06:47,177 - DEBUG -  ---- break_symmetry to False[0m
[34m2025-01-23 11:06:47,177 - DEBUG -  ---- subsolver_cls to <class 'src.solvers.subsolvers.cp_subsolver.CPSubsolver'>[0m
[34m2025-01-23 11:06:47,177 - DEBUG -  ---- use_helper_constraints to True[0m
[34m2025-01-23 11:06:47,177 - DEBUG -  ---- add_constraints_to_symmetric_days to False[0m
[34m2025-01-23 11:06:47,177 - DEBUG - Setting options: Solver[0m
[34m2025-01-23 11:06:47,177 - DEBUG -  ---- number_of_threads to 8 (default)[0m
[34m2025-01-23 11:06:47,177 - DEBUG -  ---- treatment_value to 0 (default)[0m
[34m2025-01-23 11:06:47,177 - DEBUG -  ---- delay_value to 1 (default)[0m
[34m2025-01-23 11:06:47,177 - DEBUG -  ---- missing_treatment_value to 4 (default)[0m
[34m2025-01-23 11:06:47,177 - DEBUG -  ---- log_to_console to True[0m
[34m2025-01-23 11:06:47,177 - DEBUG -  ---- log_to_file to True (default)[0m
[34m2025-01-23 11:06:47,194 - DEBUG - Setting options: CPSubsolver[0m
[34m2025-01-23 11:06:47,194 - DEBUG -  ---- restrict_obj_func_to_1 to False[0m
[34m2025-01-23 11:06:47,194 - DEBUG - Setting Subsolver options: SubSolver[0m
[34m2025-01-23 11:06:47,194 - DEBUG -  ---- use_day_symmetry to True (default)[0m
[32m2025-01-23 11:06:47,219 - INFO - Create model: LBBDSolver[0m
Set parameter TSPort to value 50039
Set parameter TokenServer to value "license.itc.rwth-aachen.de"
Set parameter Threads to value 8
Set parameter LazyConstraints to value 1
[34m2025-01-23 11:06:47,591 - DEBUG - Variables created.[0m
[34m2025-01-23 11:06:48,913 - DEBUG - Constraint (not too many treatments) created.[0m
[34m2025-01-23 11:06:49,898 - DEBUG - Constraint (no_treatments_outside admittance) created.[0m
[34m2025-01-23 11:06:49,899 - DEBUG - Constraint (bed_usage) created.[0m
[34m2025-01-23 11:06:49,899 - DEBUG - Constraint (must be admitted) created.[0m
[34m2025-01-23 11:06:50,029 - DEBUG - Constraint (e_w_ub) created.[0m
[34m2025-01-23 11:06:50,068 - DEBUG - Constraint (day_ub) created.[0m
[34m2025-01-23 11:06:50,104 - DEBUG - Constraint (Day always) created.[0m
[34m2025-01-23 11:06:50,105 - DEBUG - Constraint (already_admitted) created.[0m
[32m2025-01-23 11:06:51,608 - INFO - Time to create model: 4.389[0m
[32m2025-01-23 11:06:51,608 - INFO - Solving model: LBBDSolver[0m
Gurobi Optimizer version 10.0.0 build v10.0.0rc2 (linux64)

CPU model: Intel(R) Xeon(R) Platinum 8468, instruction set [SSE2|AVX|AVX2|AVX512]
Thread count: 96 physical cores, 96 logical processors, using up to 8 threads

Optimize a model with 254940 rows, 104300 columns and 2096070 nonzeros
Model fingerprint: 0x6c367f13
Variable types: 3 continuous, 104297 integer (104297 binary)
Coefficient statistics:
  Matrix range     [1e+00, 2e+01]
  Objective range  [1e+00, 1e+01]
  Bounds range     [1e+00, 1e+00]
  RHS range        [1e+00, 3e+03]
Presolve removed 122529 rows and 106 columns
Presolve time: 2.45s
Presolved: 132411 rows, 104194 columns, 1634429 nonzeros
Variable types: 1 continuous, 104193 integer (104093 binary)
Root relaxation presolved: 132296 rows, 104309 columns, 1582781 nonzeros

Deterministic concurrent LP optimizer: primal simplex, dual simplex, and barrier
Showing barrier log only...

Root barrier log...

Ordering time: 0.11s

Barrier statistics:
 Dense cols : 110
 AA' NZ     : 1.767e+05
 Factor NZ  : 7.413e+05 (roughly 13 MB of memory)
 Factor Ops : 1.876e+08 (less than 1 second per iteration)
 Threads    : 6

                  Objective                Residual
Iter       Primal          Dual         Primal    Dual     Compl     Time
   0  -2.17793419e+06 -1.18534587e+04  5.55e+04 1.25e+00  1.48e+02     6s
   1  -9.96135190e+05 -3.83366433e+04  2.53e+04 7.54e-01  6.24e+01     6s
   2  -2.41059132e+05 -3.62916249e+04  6.14e+03 2.96e-02  1.60e+01     6s
   3  -5.06242491e+04 -2.00549387e+04  1.30e+03 6.15e-03  3.60e+00     6s
   4  -2.06490384e+04 -1.18617091e+04  5.36e+02 1.92e-03  1.53e+00     6s
   5  -1.15624155e+04 -8.12760107e+03  3.05e+02 1.08e-03  8.81e-01     6s
   6  -2.82247270e+03 -3.19298064e+03  8.40e+01 3.24e-04  2.70e-01     6s
   7   3.61358427e+02 -3.41946024e+02  3.84e+00 3.63e-05  4.23e-02     6s
   8   5.05330443e+02  4.94381973e+02  8.37e-02 1.30e-05  6.70e-04     6s
   9   5.07999524e+02  5.07995852e+02  1.52e-05 4.87e-06  2.00e-07     6s
  10   5.08000000e+02  5.08000000e+02  2.42e-11 2.69e-10  2.08e-13     6s

Barrier solved model in 10 iterations and 5.90 seconds (16.07 work units)
Optimal objective 5.08000000e+02


Root crossover log...

      59 DPushes remaining with DInf 0.0000000e+00                 6s
       0 DPushes remaining with DInf 0.0000000e+00                 6s

    4974 PPushes remaining with PInf 0.0000000e+00                 6s
Concurrent spin time: 0.05s

Solved with dual simplex

Root simplex log...

Iteration    Objective       Primal Inf.    Dual Inf.      Time
    4089    5.0800000e+02   0.000000e+00   0.000000e+00      6s

Use crossover to convert LP symmetric solution to basic solution...

Root crossover log...

       0 DPushes remaining with DInf 0.0000000e+00                 6s

   18140 PPushes remaining with PInf 0.0000000e+00                 6s
       0 PPushes remaining with PInf 0.0000000e+00                 6s

  Push phase complete: Pinf 0.0000000e+00, Dinf 2.3971936e-12      6s


Root simplex log...

Iteration    Objective       Primal Inf.    Dual Inf.      Time
   22234    5.0800000e+02   0.000000e+00   0.000000e+00      6s
   22234    5.0800000e+02   0.000000e+00   0.000000e+00      6s

Root relaxation: objective 5.080000e+02, 22234 iterations, 1.09 seconds (1.37 work units)
Total elapsed time = 10.86s
Total elapsed time = 15.75s

    Nodes    |    Current Node    |     Objective Bounds      |     Work
 Expl Unexpl |  Obj  Depth IntInf | Incumbent    BestBd   Gap | It/Node Time

     0     0  508.00000    0    5          -  508.00000      -     -   16s
[34m2025-01-23 11:07:08,527 - DEBUG - Checking day 0[0m
[34m2025-01-23 11:07:08,528 - DEBUG - ---------- SOLVE SUBSYSTEM ---------[0m
[34m2025-01-23 11:07:08,528 - DEBUG - SUBSOLVER DAY:0[0m
[34m2025-01-23 11:07:08,528 - DEBUG - SUBSOLVER PATIENTS:{T(music_therapy): {P(patient18): 1, P(patient19): 1}, T(bath): {P(patient18): 1}, T(group_therapy): {}, T(knitting): {}, T(trust_exercise): {P(patient19): 1}, T(massage): {P(patient18): 1, P(patient19): 1}, T(sport): {}, T(physio): {}}[0m
[34m2025-01-23 11:07:08,544 - DEBUG - ---------- END SUBSYSTEM ---------[0m
[34m2025-01-23 11:07:08,544 - DEBUG - Checking day 1[0m
[34m2025-01-23 11:07:08,544 - DEBUG - ---------- SOLVE SUBSYSTEM ---------[0m
[34m2025-01-23 11:07:08,544 - DEBUG - SUBSOLVER DAY:1[0m
[34m2025-01-23 11:07:08,544 - DEBUG - SUBSOLVER PATIENTS:{T(music_therapy): {}, T(bath): {}, T(group_therapy): {}, T(knitting): {}, T(trust_exercise): {P(patient18): 2, P(patient29): 2}, T(massage): {}, T(sport): {}, T(physio): {P(patient19): 3, P(patient38): 3}}[0m
[34m2025-01-23 11:07:08,562 - DEBUG - ---------- END SUBSYSTEM ---------[0m
[34m2025-01-23 11:07:08,562 - DEBUG - Checking day 2[0m
[34m2025-01-23 11:07:08,562 - DEBUG - ---------- SOLVE SUBSYSTEM ---------[0m
[34m2025-01-23 11:07:08,562 - DEBUG - SUBSOLVER DAY:2[0m
[34m2025-01-23 11:07:08,562 - DEBUG - SUBSOLVER PATIENTS:{T(music_therapy): {P(patient19): 2, P(patient25): 1, P(patient27): 2, P(patient38): 1}, T(bath): {}, T(group_therapy): {}, T(knitting): {}, T(trust_exercise): {P(patient19): 1, P(patient38): 1}, T(massage): {}, T(sport): {P(patient18): 1, P(patient25): 1, P(patient27): 1, P(patient29): 1, P(patient38): 1}, T(physio): {}}[0m
[34m2025-01-23 11:07:08,588 - DEBUG - ---------- END SUBSYSTEM ---------[0m
[34m2025-01-23 11:07:08,588 - DEBUG - Checking day 3[0m
[34m2025-01-23 11:07:08,588 - DEBUG - ---------- SOLVE SUBSYSTEM ---------[0m
[34m2025-01-23 11:07:08,588 - DEBUG - SUBSOLVER DAY:3[0m
[34m2025-01-23 11:07:08,588 - DEBUG - SUBSOLVER PATIENTS:{T(music_therapy): {P(patient20): 1, P(patient38): 1, P(patient39): 1}, T(bath): {P(patient25): 1, P(patient35): 1}, T(group_therapy): {P(patient18): 1, P(patient19): 1, P(patient20): 1, P(patient35): 1, P(patient39): 1}, T(knitting): {P(patient20): 1, P(patient29): 1, P(patient35): 1}, T(trust_exercise): {}, T(massage): {P(patient35): 1, P(patient39): 1}, T(sport): {}, T(physio): {P(patient18): 2, P(patient27): 3, P(patient29): 2, P(patient39): 1}}[0m
[34m2025-01-23 11:07:08,638 - DEBUG - ---------- END SUBSYSTEM ---------[0m
[34m2025-01-23 11:07:08,638 - DEBUG - Checking day 4[0m
[34m2025-01-23 11:07:08,638 - DEBUG - ---------- SOLVE SUBSYSTEM ---------[0m
[34m2025-01-23 11:07:08,638 - DEBUG - SUBSOLVER DAY:4[0m
[34m2025-01-23 11:07:08,639 - DEBUG - SUBSOLVER PATIENTS:{T(music_therapy): {P(patient35): 1, P(patient38): 1}, T(bath): {P(patient38): 1}, T(group_therapy): {P(patient16): 1, P(patient20): 1, P(patient21): 2, P(patient27): 2, P(patient28): 1, P(patient33): 3, P(patient34): 3, P(patient39): 2}, T(knitting): {P(patient18): 1, P(patient20): 1, P(patient25): 1}, T(trust_exercise): {}, T(massage): {P(patient28): 1}, T(sport): {}, T(physio): {P(patient16): 2, P(patient19): 1, P(patient20): 1, P(patient21): 1, P(patient28): 1, P(patient29): 3, P(patient33): 1, P(patient35): 1, P(patient39): 1}}[0m
[34m2025-01-23 11:07:08,745 - DEBUG - ---------- END SUBSYSTEM ---------[0m
[34m2025-01-23 11:07:08,745 - DEBUG - Checking day 5[0m
[34m2025-01-23 11:07:08,745 - DEBUG - ---------- SOLVE SUBSYSTEM ---------[0m
[34m2025-01-23 11:07:08,745 - DEBUG - SUBSOLVER DAY:5[0m
[34m2025-01-23 11:07:08,745 - DEBUG - SUBSOLVER PATIENTS:{T(music_therapy): {P(patient16): 2, P(patient21): 1, P(patient28): 1, P(patient33): 2, P(patient38): 1, P(patient39): 1}, T(bath): {P(patient19): 1}, T(group_therapy): {P(patient17): 2, P(patient18): 2, P(patient27): 1, P(patient28): 1, P(patient32): 2, P(patient34): 2, P(patient39): 1}, T(knitting): {}, T(trust_exercise): {P(patient20): 2, P(patient25): 2, P(patient26): 3, P(patient32): 1, P(patient33): 1, P(patient35): 1, P(patient38): 1, P(patient39): 1}, T(massage): {P(patient16): 1, P(patient17): 1, P(patient18): 1, P(patient19): 2, P(patient20): 1, P(patient28): 1, P(patient29): 1, P(patient33): 1, P(patient35): 3}, T(sport): {}, T(physio): {}}[0m
[34m2025-01-23 11:07:08,843 - DEBUG - ---------- END SUBSYSTEM ---------[0m
[34m2025-01-23 11:07:08,843 - DEBUG - Checking day 6[0m
[34m2025-01-23 11:07:08,843 - DEBUG - ---------- SOLVE SUBSYSTEM ---------[0m
[34m2025-01-23 11:07:08,843 - DEBUG - SUBSOLVER DAY:6[0m
[34m2025-01-23 11:07:08,843 - DEBUG - SUBSOLVER PATIENTS:{T(music_therapy): {P(patient16): 1, P(patient33): 1, P(patient35): 1}, T(bath): {P(patient27): 1, P(patient32): 3}, T(group_therapy): {}, T(knitting): {}, T(trust_exercise): {P(patient17): 2, P(patient20): 1, P(patient21): 1, P(patient26): 1, P(patient29): 1, P(patient35): 1, P(patient38): 2}, T(massage): {P(patient19): 1, P(patient21): 1, P(patient24): 1, P(patient35): 1, P(patient39): 1}, T(sport): {P(patient16): 1, P(patient18): 1, P(patient26): 1, P(patient34): 1, P(patient39): 1}, T(physio): {P(patient19): 2, P(patient24): 1, P(patient26): 1, P(patient27): 1, P(patient28): 1, P(patient33): 1, P(patient34): 1}}[0m
[34m2025-01-23 11:07:08,909 - DEBUG - ---------- END SUBSYSTEM ---------[0m
[34m2025-01-23 11:07:08,910 - DEBUG - Checking day 7[0m
[34m2025-01-23 11:07:08,910 - DEBUG - ---------- SOLVE SUBSYSTEM ---------[0m
[34m2025-01-23 11:07:08,910 - DEBUG - SUBSOLVER DAY:7[0m
[34m2025-01-23 11:07:08,910 - DEBUG - SUBSOLVER PATIENTS:{T(music_therapy): {}, T(bath): {P(patient19): 1, P(patient20): 1, P(patient22): 3, P(patient23): 1, P(patient28): 1, P(patient33): 1, P(patient34): 1}, T(group_therapy): {P(patient25): 1, P(patient26): 1, P(patient31): 1, P(patient34): 1, P(patient35): 1}, T(knitting): {P(patient28): 1, P(patient29): 1, P(patient31): 1, P(patient33): 1, P(patient39): 1}, T(trust_exercise): {P(patient19): 1, P(patient21): 2, P(patient23): 3, P(patient32): 1}, T(massage): {P(patient16): 2, P(patient17): 1, P(patient19): 1, P(patient20): 2, P(patient24): 1, P(patient26): 2, P(patient27): 3, P(patient31): 1, P(patient32): 2, P(patient33): 2, P(patient35): 1, P(patient37): 2, P(patient38): 2, P(patient39): 1}, T(sport): {P(patient17): 1, P(patient18): 1, P(patient29): 1, P(patient34): 1, P(patient38): 1}, T(physio): {P(patient18): 1, P(patient24): 1}}[0m
[34m2025-01-23 11:07:09,151 - DEBUG - ---------- END SUBSYSTEM ---------[0m
[34m2025-01-23 11:07:09,151 - DEBUG - Checking day 8[0m
[34m2025-01-23 11:07:09,151 - DEBUG - ---------- SOLVE SUBSYSTEM ---------[0m
[34m2025-01-23 11:07:09,152 - DEBUG - SUBSOLVER DAY:8[0m
[34m2025-01-23 11:07:09,152 - DEBUG - SUBSOLVER PATIENTS:{T(music_therapy): {P(patient30): 1, P(patient33): 1, P(patient34): 1, P(patient37): 1, P(patient39): 1}, T(bath): {P(patient19): 1, P(patient20): 1, P(patient22): 1, P(patient27): 1, P(patient28): 1, P(patient33): 1}, T(group_therapy): {P(patient16): 1, P(patient20): 1, P(patient23): 2, P(patient26): 1, P(patient30): 1, P(patient31): 2, P(patient39): 2}, T(knitting): {P(patient16): 1, P(patient22): 1, P(patient23): 1, P(patient26): 2, P(patient31): 1}, T(trust_exercise): {P(patient16): 1, P(patient17): 3, P(patient18): 2, P(patient20): 1, P(patient21): 2, P(patient22): 1, P(patient23): 1, P(patient24): 2, P(patient25): 1, P(patient28): 1, P(patient29): 1, P(patient30): 1, P(patient32): 1, P(patient33): 1, P(patient35): 2, P(patient37): 1, P(patient38): 3, P(patient39): 1}, T(massage): {}, T(sport): {}, T(physio): {}}[0m
[34m2025-01-23 11:07:09,302 - DEBUG - ---------- END SUBSYSTEM ---------[0m
[34m2025-01-23 11:07:09,302 - DEBUG - Checking day 9[0m
[34m2025-01-23 11:07:09,302 - DEBUG - ---------- SOLVE SUBSYSTEM ---------[0m
[34m2025-01-23 11:07:09,302 - DEBUG - SUBSOLVER DAY:9[0m
[34m2025-01-23 11:07:09,302 - DEBUG - SUBSOLVER PATIENTS:{T(music_therapy): {}, T(bath): {P(patient30): 1, P(patient33): 1, P(patient37): 1, P(patient38): 1, P(patient39): 1}, T(group_therapy): {P(patient24): 1, P(patient27): 1, P(patient31): 1, P(patient33): 1, P(patient34): 1}, T(knitting): {P(patient17): 1, P(patient35): 1}, T(trust_exercise): {P(patient23): 1}, T(massage): {P(patient22): 1, P(patient33): 1, P(patient39): 1}, T(sport): {P(patient16): 1, P(patient18): 2, P(patient19): 1, P(patient20): 2, P(patient21): 2, P(patient25): 2, P(patient26): 1, P(patient27): 2, P(patient28): 1, P(patient29): 2, P(patient30): 1, P(patient31): 2, P(patient32): 1, P(patient33): 1, P(patient34): 2, P(patient35): 2, P(patient37): 1, P(patient38): 2}, T(physio): {}}[0m
[34m2025-01-23 11:07:09,351 - DEBUG - ---------- END SUBSYSTEM ---------[0m
[34m2025-01-23 11:07:09,351 - DEBUG - Checking day 10[0m
[34m2025-01-23 11:07:09,351 - DEBUG - ---------- SOLVE SUBSYSTEM ---------[0m
[34m2025-01-23 11:07:09,351 - DEBUG - SUBSOLVER DAY:10[0m
[34m2025-01-23 11:07:09,352 - DEBUG - SUBSOLVER PATIENTS:{T(music_therapy): {P(patient17): 1, P(patient22): 1, P(patient33): 1, P(patient35): 1, P(patient39): 1}, T(bath): {P(patient18): 2, P(patient22): 1, P(patient23): 3, P(patient26): 1, P(patient27): 1, P(patient28): 1, P(patient30): 1, P(patient32): 3, P(patient35): 3, P(patient36): 2}, T(group_therapy): {P(patient21): 1, P(patient22): 1, P(patient26): 1, P(patient30): 1, P(patient37): 1}, T(knitting): {}, T(trust_exercise): {P(patient16): 3, P(patient20): 2, P(patient31): 1, P(patient38): 1}, T(massage): {}, T(sport): {}, T(physio): {P(patient19): 3, P(patient23): 1, P(patient26): 1, P(patient28): 1, P(patient29): 1, P(patient33): 1, P(patient34): 1, P(patient39): 1}}[0m
[34m2025-01-23 11:07:09,507 - DEBUG - ---------- END SUBSYSTEM ---------[0m
[34m2025-01-23 11:07:09,507 - DEBUG - Checking day 11[0m
[34m2025-01-23 11:07:09,507 - DEBUG - ---------- SOLVE SUBSYSTEM ---------[0m
[34m2025-01-23 11:07:09,507 - DEBUG - SUBSOLVER DAY:11[0m
[34m2025-01-23 11:07:09,508 - DEBUG - SUBSOLVER PATIENTS:{T(music_therapy): {P(patient17): 1, P(patient20): 1, P(patient22): 2, P(patient28): 1, P(patient29): 2, P(patient33): 1, P(patient34): 1, P(patient35): 2}, T(bath): {P(patient16): 1, P(patient32): 2, P(patient35): 1}, T(group_therapy): {P(patient16): 1, P(patient23): 1, P(patient24): 1, P(patient30): 1, P(patient32): 1}, T(knitting): {P(patient18): 2, P(patient31): 1, P(patient33): 2, P(patient34): 2, P(patient36): 1, P(patient38): 1, P(patient39): 1}, T(trust_exercise): {P(patient26): 2, P(patient33): 1, P(patient37): 1, P(patient39): 1}, T(massage): {P(patient20): 1, P(patient26): 1, P(patient29): 1, P(patient30): 1}, T(sport): {P(patient16): 1, P(patient17): 2, P(patient18): 1, P(patient19): 3, P(patient20): 1, P(patient21): 2, P(patient22): 1, P(patient24): 1, P(patient25): 1, P(patient27): 3, P(patient28): 2, P(patient30): 1, P(patient31): 1, P(patient36): 1, P(patient38): 1, P(patient39): 1}, T(physio): {}}[0m
[34m2025-01-23 11:07:09,670 - DEBUG - ---------- END SUBSYSTEM ---------[0m
[34m2025-01-23 11:07:09,670 - DEBUG - Checking day 12[0m
[34m2025-01-23 11:07:09,670 - DEBUG - ---------- SOLVE SUBSYSTEM ---------[0m
[34m2025-01-23 11:07:09,670 - DEBUG - SUBSOLVER DAY:12[0m
[34m2025-01-23 11:07:09,671 - DEBUG - SUBSOLVER PATIENTS:{T(music_therapy): {}, T(bath): {P(patient16): 1, P(patient19): 1, P(patient26): 1, P(patient27): 1, P(patient28): 1, P(patient31): 1, P(patient36): 2, P(patient37): 1}, T(group_therapy): {P(patient21): 1, P(patient22): 1, P(patient23): 1, P(patient24): 1, P(patient26): 2, P(patient32): 1, P(patient33): 2, P(patient34): 1}, T(knitting): {P(patient16): 2, P(patient17): 2, P(patient19): 2, P(patient20): 3, P(patient21): 2, P(patient23): 3, P(patient24): 1, P(patient29): 1, P(patient31): 2, P(patient33): 2, P(patient34): 2, P(patient37): 1, P(patient38): 3, P(patient39): 3}, T(trust_exercise): {P(patient18): 1, P(patient22): 2, P(patient25): 2, P(patient28): 1, P(patient29): 1, P(patient30): 2, P(patient32): 2, P(patient35): 1}, T(massage): {P(patient17): 1, P(patient18): 1, P(patient30): 1, P(patient35): 1}, T(sport): {}, T(physio): {}}[0m
[34m2025-01-23 11:07:10,242 - DEBUG - ---------- END SUBSYSTEM ---------[0m
[34m2025-01-23 11:07:10,243 - DEBUG - Checking day 13[0m
[34m2025-01-23 11:07:10,243 - DEBUG - ---------- SOLVE SUBSYSTEM ---------[0m
[34m2025-01-23 11:07:10,243 - DEBUG - SUBSOLVER DAY:13[0m
[34m2025-01-23 11:07:10,243 - DEBUG - SUBSOLVER PATIENTS:{T(music_therapy): {P(patient17): 1, P(patient23): 1, P(patient27): 1, P(patient28): 1, P(patient33): 1, P(patient34): 1, P(patient37): 1, P(patient39): 2}, T(bath): {P(patient16): 2, P(patient18): 1, P(patient19): 1, P(patient20): 2, P(patient22): 2, P(patient23): 1, P(patient26): 3, P(patient28): 1, P(patient30): 1, P(patient31): 3, P(patient36): 2}, T(group_therapy): {}, T(knitting): {P(patient18): 1, P(patient22): 1, P(patient23): 1, P(patient30): 1, P(patient32): 1, P(patient38): 1}, T(trust_exercise): {}, T(massage): {P(patient16): 1, P(patient17): 1, P(patient20): 1, P(patient21): 1, P(patient24): 2, P(patient30): 1, P(patient33): 1, P(patient35): 2}, T(sport): {}, T(physio): {P(patient21): 1, P(patient29): 2, P(patient33): 1, P(patient37): 1, P(patient39): 2}}[0m
[34m2025-01-23 11:07:10,508 - DEBUG - ---------- END SUBSYSTEM ---------[0m
H    0     0                     520.0000000  508.00000  2.31%     -   18s
[34m2025-01-23 11:07:10,719 - DEBUG - Checking day 0[0m
[34m2025-01-23 11:07:10,719 - DEBUG - Checking day 1[0m
[34m2025-01-23 11:07:10,719 - DEBUG - Checking day 2[0m
[34m2025-01-23 11:07:10,719 - DEBUG - Checking day 3[0m
[34m2025-01-23 11:07:10,719 - DEBUG - Checking day 4[0m
[34m2025-01-23 11:07:10,719 - DEBUG - Checking day 5[0m
[34m2025-01-23 11:07:10,719 - DEBUG - Checking day 6[0m
[34m2025-01-23 11:07:10,719 - DEBUG - Checking day 7[0m
[34m2025-01-23 11:07:10,719 - DEBUG - Checking day 8[0m
[34m2025-01-23 11:07:10,719 - DEBUG - Checking day 9[0m
[34m2025-01-23 11:07:10,719 - DEBUG - Checking day 10[0m
[34m2025-01-23 11:07:10,719 - DEBUG - Checking day 11[0m
[34m2025-01-23 11:07:10,719 - DEBUG - Checking day 12[0m
[34m2025-01-23 11:07:10,719 - DEBUG - Checking day 13[0m
[34m2025-01-23 11:07:10,720 - DEBUG - ---------- SOLVE SUBSYSTEM ---------[0m
[34m2025-01-23 11:07:10,720 - DEBUG - SUBSOLVER DAY:13[0m
[34m2025-01-23 11:07:10,720 - DEBUG - SUBSOLVER PATIENTS:{T(music_therapy): {P(patient17): 1, P(patient23): 1, P(patient27): 1, P(patient28): 1, P(patient33): 1, P(patient34): 1, P(patient37): 1, P(patient39): 2}, T(bath): {P(patient16): 2, P(patient17): 1, P(patient18): 1, P(patient19): 1, P(patient20): 2, P(patient22): 2, P(patient23): 2, P(patient26): 3, P(patient28): 1, P(patient30): 1, P(patient31): 3, P(patient36): 2}, T(group_therapy): {}, T(knitting): {P(patient18): 1, P(patient22): 1, P(patient23): 1, P(patient30): 1, P(patient32): 1, P(patient38): 1}, T(trust_exercise): {}, T(massage): {P(patient16): 1, P(patient17): 1, P(patient20): 1, P(patient21): 1, P(patient24): 2, P(patient30): 1, P(patient33): 1, P(patient35): 2}, T(sport): {}, T(physio): {P(patient21): 1, P(patient29): 2, P(patient33): 1, P(patient39): 2}}[0m
[34m2025-01-23 11:07:11,137 - DEBUG - ---------- END SUBSYSTEM ---------[0m
H    0     0                     516.0000000  508.00000  1.55%     -   19s
[34m2025-01-23 11:07:11,250 - DEBUG - Checking day 0[0m
[34m2025-01-23 11:07:11,250 - DEBUG - Checking day 1[0m
[34m2025-01-23 11:07:11,250 - DEBUG - Checking day 2[0m
[34m2025-01-23 11:07:11,250 - DEBUG - Checking day 3[0m
[34m2025-01-23 11:07:11,250 - DEBUG - Checking day 4[0m
[34m2025-01-23 11:07:11,250 - DEBUG - Checking day 5[0m
[34m2025-01-23 11:07:11,250 - DEBUG - Checking day 6[0m
[34m2025-01-23 11:07:11,250 - DEBUG - Checking day 7[0m
[34m2025-01-23 11:07:11,250 - DEBUG - Checking day 8[0m
[34m2025-01-23 11:07:11,250 - DEBUG - Checking day 9[0m
[34m2025-01-23 11:07:11,250 - DEBUG - ---------- SOLVE SUBSYSTEM ---------[0m
[34m2025-01-23 11:07:11,250 - DEBUG - SUBSOLVER DAY:9[0m
[34m2025-01-23 11:07:11,250 - DEBUG - SUBSOLVER PATIENTS:{T(music_therapy): {}, T(bath): {P(patient30): 1, P(patient33): 1, P(patient37): 1, P(patient38): 1, P(patient39): 1}, T(group_therapy): {P(patient24): 1, P(patient27): 1, P(patient31): 1, P(patient33): 1, P(patient34): 1}, T(knitting): {P(patient17): 1, P(patient35): 1}, T(trust_exercise): {P(patient23): 1}, T(massage): {P(patient22): 1, P(patient28): 1, P(patient33): 1, P(patient39): 1}, T(sport): {P(patient16): 1, P(patient18): 2, P(patient19): 1, P(patient20): 2, P(patient21): 2, P(patient25): 2, P(patient26): 1, P(patient27): 2, P(patient28): 1, P(patient29): 2, P(patient30): 1, P(patient31): 2, P(patient32): 1, P(patient33): 1, P(patient34): 2, P(patient35): 2, P(patient37): 1, P(patient38): 2}, T(physio): {}}[0m
[34m2025-01-23 11:07:11,309 - DEBUG - ---------- END SUBSYSTEM ---------[0m
[34m2025-01-23 11:07:11,309 - DEBUG - Checking day 10[0m
[34m2025-01-23 11:07:11,309 - DEBUG - Checking day 11[0m
[34m2025-01-23 11:07:11,309 - DEBUG - Checking day 12[0m
[34m2025-01-23 11:07:11,309 - DEBUG - Checking day 13[0m
[34m2025-01-23 11:07:11,309 - DEBUG - ---------- SOLVE SUBSYSTEM ---------[0m
[34m2025-01-23 11:07:11,309 - DEBUG - SUBSOLVER DAY:13[0m
[34m2025-01-23 11:07:11,309 - DEBUG - SUBSOLVER PATIENTS:{T(music_therapy): {P(patient17): 1, P(patient23): 1, P(patient27): 1, P(patient28): 1, P(patient33): 1, P(patient34): 1, P(patient37): 2, P(patient39): 2}, T(bath): {P(patient16): 2, P(patient17): 1, P(patient18): 1, P(patient19): 1, P(patient20): 2, P(patient22): 2, P(patient23): 2, P(patient26): 3, P(patient28): 1, P(patient30): 1, P(patient31): 3, P(patient36): 2}, T(group_therapy): {}, T(knitting): {P(patient18): 1, P(patient22): 1, P(patient23): 1, P(patient30): 1, P(patient32): 1, P(patient38): 1}, T(trust_exercise): {}, T(massage): {P(patient16): 1, P(patient17): 1, P(patient20): 1, P(patient21): 1, P(patient24): 2, P(patient30): 1, P(patient33): 1, P(patient35): 2}, T(sport): {}, T(physio): {P(patient21): 1, P(patient29): 2, P(patient33): 1, P(patient39): 2}}[0m
[34m2025-01-23 11:07:11,812 - DEBUG - ---------- END SUBSYSTEM ---------[0m
H    0     0                     508.0000000  508.00000  0.00%     -   20s
     0     0  508.00000    0    5  508.00000  508.00000  0.00%     -   20s

Explored 1 nodes (76489 simplex iterations) in 20.15 seconds (39.39 work units)
Thread count was 8 (of 96 available processors)

Solution count 3: 508 516 520 

Optimal solution found (tolerance 1.00e-04)
Best objective 5.080000000000e+02, best bound 5.080000000000e+02, gap 0.0000%

User-callback calls 2332, time in user-callback 3.08 sec
Set parameter DegenMoves to value 0
[34m2025-01-23 11:07:11,837 - DEBUG - Finished optimization[0m
[34m2025-01-23 11:07:11,838 - DEBUG - Subsolver stats:[0m
[32m2025-01-23 11:07:11,838 - INFO - Number of cuts added: 0 (bad=0, good=0)[0m
[32m2025-01-23 11:07:11,838 - INFO - Return infeasible: 0[0m
[32m2025-01-23 11:07:11,838 - INFO - Return feasible: 42[0m
[32m2025-01-23 11:07:11,838 - INFO - Unnecessary comps: (0 / 0)[0m
[32m2025-01-23 11:07:11,838 - INFO - Calls to is_day_infeasible: cp_solver=17/ total=42 stored=25[0m
[32m2025-01-23 11:07:11,838 - INFO - Num_constraints-added: 0[0m
[32m2025-01-23 11:07:11,838 - INFO - Is feasible: 2.9594855308532715 0.9637091139235789[0m
[32m2025-01-23 11:07:11,838 - INFO - Subsolver: Solve Model: 2.5919137001037598/0.8791195408282956[0m
[32m2025-01-23 11:07:11,838 - INFO - Subsolver: Create Model: 0.35639262199401855/0.12088045917170444[0m
[32m2025-01-23 11:07:11,838 - INFO - Optimal solution found.[0m
[34m2025-01-23 11:07:11,838 - DEBUG - Sub Objectives:[0m
[34m2025-01-23 11:07:11,838 - DEBUG - (SOLVER):Minimize Delay: 0.0[0m
[34m2025-01-23 11:07:11,838 - DEBUG - (SOLVER):Minimize Missing Treatments: 508.0[0m
[32m2025-01-23 11:07:11,838 - INFO - All cuts [][0m
[32m2025-01-23 11:07:11,838 - INFO - All cuts [][0m
[34m2025-01-23 11:07:11,967 - DEBUG - SUBSOLVER DAY:0[0m
[34m2025-01-23 11:07:11,968 - DEBUG - SUBSOLVER PATIENTS:{T(music_therapy): {P(patient18): 1, P(patient19): 1}, T(bath): {P(patient18): 1}, T(group_therapy): {}, T(knitting): {}, T(trust_exercise): {P(patient19): 1}, T(massage): {P(patient18): 1, P(patient19): 1}, T(sport): {}, T(physio): {}}[0m
[34m2025-01-23 11:07:11,977 - DEBUG - SUBSOLVER DAY:1[0m
[34m2025-01-23 11:07:11,977 - DEBUG - SUBSOLVER PATIENTS:{T(music_therapy): {}, T(bath): {}, T(group_therapy): {}, T(knitting): {}, T(trust_exercise): {P(patient18): 2, P(patient29): 2}, T(massage): {}, T(sport): {}, T(physio): {P(patient19): 3, P(patient38): 3}}[0m
[34m2025-01-23 11:07:11,994 - DEBUG - SUBSOLVER DAY:2[0m
[34m2025-01-23 11:07:11,994 - DEBUG - SUBSOLVER PATIENTS:{T(music_therapy): {P(patient19): 2, P(patient25): 1, P(patient27): 2, P(patient38): 1}, T(bath): {}, T(group_therapy): {}, T(knitting): {}, T(trust_exercise): {P(patient19): 1, P(patient38): 1}, T(massage): {}, T(sport): {P(patient18): 1, P(patient25): 1, P(patient27): 1, P(patient29): 1, P(patient38): 1}, T(physio): {}}[0m
[34m2025-01-23 11:07:12,025 - DEBUG - SUBSOLVER DAY:3[0m
[34m2025-01-23 11:07:12,025 - DEBUG - SUBSOLVER PATIENTS:{T(music_therapy): {P(patient20): 1, P(patient38): 1, P(patient39): 1}, T(bath): {P(patient25): 1, P(patient35): 1}, T(group_therapy): {P(patient18): 1, P(patient19): 1, P(patient20): 1, P(patient35): 1, P(patient39): 1}, T(knitting): {P(patient20): 1, P(patient29): 1, P(patient35): 1}, T(trust_exercise): {}, T(massage): {P(patient35): 1, P(patient39): 1}, T(sport): {}, T(physio): {P(patient18): 2, P(patient27): 3, P(patient29): 2, P(patient39): 1}}[0m
[34m2025-01-23 11:07:12,070 - DEBUG - SUBSOLVER DAY:4[0m
[34m2025-01-23 11:07:12,070 - DEBUG - SUBSOLVER PATIENTS:{T(music_therapy): {P(patient35): 1, P(patient38): 1}, T(bath): {P(patient38): 1}, T(group_therapy): {P(patient16): 1, P(patient20): 1, P(patient21): 2, P(patient27): 2, P(patient28): 1, P(patient33): 3, P(patient34): 3, P(patient39): 2}, T(knitting): {P(patient18): 1, P(patient20): 1, P(patient25): 1}, T(trust_exercise): {}, T(massage): {P(patient28): 1}, T(sport): {}, T(physio): {P(patient16): 2, P(patient19): 1, P(patient20): 1, P(patient21): 1, P(patient28): 1, P(patient29): 3, P(patient33): 1, P(patient35): 1, P(patient39): 1}}[0m
[34m2025-01-23 11:07:12,174 - DEBUG - SUBSOLVER DAY:5[0m
[34m2025-01-23 11:07:12,174 - DEBUG - SUBSOLVER PATIENTS:{T(music_therapy): {P(patient16): 2, P(patient21): 1, P(patient28): 1, P(patient33): 2, P(patient38): 1, P(patient39): 1}, T(bath): {P(patient19): 1}, T(group_therapy): {P(patient17): 2, P(patient18): 2, P(patient27): 1, P(patient28): 1, P(patient32): 2, P(patient34): 2, P(patient39): 1}, T(knitting): {}, T(trust_exercise): {P(patient20): 2, P(patient25): 2, P(patient26): 3, P(patient32): 1, P(patient33): 1, P(patient35): 1, P(patient38): 1, P(patient39): 1}, T(massage): {P(patient16): 1, P(patient17): 1, P(patient18): 1, P(patient19): 2, P(patient20): 1, P(patient28): 1, P(patient29): 1, P(patient33): 1, P(patient35): 3}, T(sport): {}, T(physio): {}}[0m
[34m2025-01-23 11:07:12,271 - DEBUG - SUBSOLVER DAY:6[0m
[34m2025-01-23 11:07:12,271 - DEBUG - SUBSOLVER PATIENTS:{T(music_therapy): {P(patient16): 1, P(patient33): 1, P(patient35): 1}, T(bath): {P(patient27): 1, P(patient32): 3}, T(group_therapy): {}, T(knitting): {}, T(trust_exercise): {P(patient17): 2, P(patient20): 1, P(patient21): 1, P(patient26): 1, P(patient29): 1, P(patient35): 1, P(patient38): 2}, T(massage): {P(patient19): 1, P(patient21): 1, P(patient24): 1, P(patient35): 1, P(patient39): 1}, T(sport): {P(patient16): 1, P(patient18): 1, P(patient26): 1, P(patient34): 1, P(patient39): 1}, T(physio): {P(patient19): 2, P(patient24): 1, P(patient26): 1, P(patient27): 1, P(patient28): 1, P(patient33): 1, P(patient34): 1}}[0m
[34m2025-01-23 11:07:12,339 - DEBUG - SUBSOLVER DAY:7[0m
[34m2025-01-23 11:07:12,339 - DEBUG - SUBSOLVER PATIENTS:{T(music_therapy): {}, T(bath): {P(patient19): 1, P(patient20): 1, P(patient22): 3, P(patient23): 1, P(patient28): 1, P(patient33): 1, P(patient34): 1}, T(group_therapy): {P(patient25): 1, P(patient26): 1, P(patient31): 1, P(patient34): 1, P(patient35): 1}, T(knitting): {P(patient28): 1, P(patient29): 1, P(patient31): 1, P(patient33): 1, P(patient39): 1}, T(trust_exercise): {P(patient19): 1, P(patient21): 2, P(patient23): 3, P(patient32): 1}, T(massage): {P(patient16): 2, P(patient17): 1, P(patient19): 1, P(patient20): 2, P(patient24): 1, P(patient26): 2, P(patient27): 3, P(patient31): 1, P(patient32): 2, P(patient33): 2, P(patient35): 1, P(patient37): 2, P(patient38): 2, P(patient39): 1}, T(sport): {P(patient17): 1, P(patient18): 1, P(patient29): 1, P(patient34): 1, P(patient38): 1}, T(physio): {P(patient18): 1, P(patient24): 1}}[0m
[34m2025-01-23 11:07:12,573 - DEBUG - SUBSOLVER DAY:8[0m
[34m2025-01-23 11:07:12,573 - DEBUG - SUBSOLVER PATIENTS:{T(music_therapy): {P(patient30): 1, P(patient33): 1, P(patient34): 1, P(patient37): 1, P(patient39): 1}, T(bath): {P(patient19): 1, P(patient20): 1, P(patient22): 1, P(patient27): 1, P(patient28): 1, P(patient33): 1}, T(group_therapy): {P(patient16): 1, P(patient20): 1, P(patient23): 2, P(patient26): 1, P(patient30): 1, P(patient31): 2, P(patient39): 2}, T(knitting): {P(patient16): 1, P(patient22): 1, P(patient23): 1, P(patient26): 2, P(patient31): 1}, T(trust_exercise): {P(patient16): 1, P(patient17): 3, P(patient18): 2, P(patient20): 1, P(patient21): 2, P(patient22): 1, P(patient23): 1, P(patient24): 2, P(patient25): 1, P(patient28): 1, P(patient29): 1, P(patient30): 1, P(patient32): 1, P(patient33): 1, P(patient35): 2, P(patient37): 1, P(patient38): 3, P(patient39): 1}, T(massage): {}, T(sport): {}, T(physio): {}}[0m
[34m2025-01-23 11:07:12,714 - DEBUG - SUBSOLVER DAY:9[0m
[34m2025-01-23 11:07:12,715 - DEBUG - SUBSOLVER PATIENTS:{T(music_therapy): {}, T(bath): {P(patient30): 1, P(patient33): 1, P(patient37): 1, P(patient38): 1, P(patient39): 1}, T(group_therapy): {P(patient24): 1, P(patient27): 1, P(patient31): 1, P(patient33): 1, P(patient34): 1}, T(knitting): {P(patient17): 1, P(patient35): 1}, T(trust_exercise): {P(patient23): 1}, T(massage): {P(patient22): 1, P(patient28): 1, P(patient33): 1, P(patient39): 1}, T(sport): {P(patient16): 1, P(patient18): 2, P(patient19): 1, P(patient20): 2, P(patient21): 2, P(patient25): 2, P(patient26): 1, P(patient27): 2, P(patient28): 1, P(patient29): 2, P(patient30): 1, P(patient31): 2, P(patient32): 1, P(patient33): 1, P(patient34): 2, P(patient35): 2, P(patient37): 1, P(patient38): 2}, T(physio): {}}[0m
[34m2025-01-23 11:07:12,765 - DEBUG - SUBSOLVER DAY:10[0m
[34m2025-01-23 11:07:12,765 - DEBUG - SUBSOLVER PATIENTS:{T(music_therapy): {P(patient17): 1, P(patient22): 1, P(patient33): 1, P(patient35): 1, P(patient39): 1}, T(bath): {P(patient18): 2, P(patient22): 1, P(patient23): 3, P(patient26): 1, P(patient27): 1, P(patient28): 1, P(patient30): 1, P(patient32): 3, P(patient35): 3, P(patient36): 2}, T(group_therapy): {P(patient21): 1, P(patient22): 1, P(patient26): 1, P(patient30): 1, P(patient37): 1}, T(knitting): {}, T(trust_exercise): {P(patient16): 3, P(patient20): 2, P(patient31): 1, P(patient38): 1}, T(massage): {}, T(sport): {}, T(physio): {P(patient19): 3, P(patient23): 1, P(patient26): 1, P(patient28): 1, P(patient29): 1, P(patient33): 1, P(patient34): 1, P(patient39): 1}}[0m
[34m2025-01-23 11:07:12,915 - DEBUG - SUBSOLVER DAY:11[0m
[34m2025-01-23 11:07:12,916 - DEBUG - SUBSOLVER PATIENTS:{T(music_therapy): {P(patient17): 1, P(patient20): 1, P(patient22): 2, P(patient28): 1, P(patient29): 2, P(patient33): 1, P(patient34): 1, P(patient35): 2}, T(bath): {P(patient16): 1, P(patient32): 2, P(patient35): 1}, T(group_therapy): {P(patient16): 1, P(patient23): 1, P(patient24): 1, P(patient30): 1, P(patient32): 1}, T(knitting): {P(patient18): 2, P(patient31): 1, P(patient33): 2, P(patient34): 2, P(patient36): 1, P(patient38): 1, P(patient39): 1}, T(trust_exercise): {P(patient26): 2, P(patient33): 1, P(patient37): 1, P(patient39): 1}, T(massage): {P(patient20): 1, P(patient26): 1, P(patient29): 1, P(patient30): 1}, T(sport): {P(patient16): 1, P(patient17): 2, P(patient18): 1, P(patient19): 3, P(patient20): 1, P(patient21): 2, P(patient22): 1, P(patient24): 1, P(patient25): 1, P(patient27): 3, P(patient28): 2, P(patient30): 1, P(patient31): 1, P(patient36): 1, P(patient38): 1, P(patient39): 1}, T(physio): {}}[0m
[34m2025-01-23 11:07:13,074 - DEBUG - SUBSOLVER DAY:12[0m
[34m2025-01-23 11:07:13,074 - DEBUG - SUBSOLVER PATIENTS:{T(music_therapy): {}, T(bath): {P(patient16): 1, P(patient19): 1, P(patient26): 1, P(patient27): 1, P(patient28): 1, P(patient31): 1, P(patient36): 2, P(patient37): 1}, T(group_therapy): {P(patient21): 1, P(patient22): 1, P(patient23): 1, P(patient24): 1, P(patient26): 2, P(patient32): 1, P(patient33): 2, P(patient34): 1}, T(knitting): {P(patient16): 2, P(patient17): 2, P(patient19): 2, P(patient20): 3, P(patient21): 2, P(patient23): 3, P(patient24): 1, P(patient29): 1, P(patient31): 2, P(patient33): 2, P(patient34): 2, P(patient37): 1, P(patient38): 3, P(patient39): 3}, T(trust_exercise): {P(patient18): 1, P(patient22): 2, P(patient25): 2, P(patient28): 1, P(patient29): 1, P(patient30): 2, P(patient32): 2, P(patient35): 1}, T(massage): {P(patient17): 1, P(patient18): 1, P(patient30): 1, P(patient35): 1}, T(sport): {}, T(physio): {}}[0m
[34m2025-01-23 11:07:13,252 - DEBUG - SUBSOLVER DAY:13[0m
[34m2025-01-23 11:07:13,252 - DEBUG - SUBSOLVER PATIENTS:{T(music_therapy): {P(patient17): 1, P(patient23): 1, P(patient27): 1, P(patient28): 1, P(patient33): 1, P(patient34): 1, P(patient37): 2, P(patient39): 2}, T(bath): {P(patient16): 2, P(patient17): 1, P(patient18): 1, P(patient19): 1, P(patient20): 2, P(patient22): 2, P(patient23): 2, P(patient26): 3, P(patient28): 1, P(patient30): 1, P(patient31): 3, P(patient36): 2}, T(group_therapy): {}, T(knitting): {P(patient18): 1, P(patient22): 1, P(patient23): 1, P(patient30): 1, P(patient32): 1, P(patient38): 1}, T(trust_exercise): {}, T(massage): {P(patient16): 1, P(patient17): 1, P(patient20): 1, P(patient21): 1, P(patient24): 2, P(patient30): 1, P(patient33): 1, P(patient35): 2}, T(sport): {}, T(physio): {P(patient21): 1, P(patient29): 2, P(patient33): 1, P(patient39): 2}}[0m
[34m2025-01-23 11:07:13,856 - DEBUG - Patient 16 is admitted at day 4.[0m
[34m2025-01-23 11:07:13,856 - DEBUG - Patient 17 is admitted at day 5.[0m
[34m2025-01-23 11:07:13,856 - DEBUG - Patient 18 is admitted at day 0.[0m
[34m2025-01-23 11:07:13,856 - DEBUG - Patient 19 is admitted at day 0.[0m
[34m2025-01-23 11:07:13,857 - DEBUG - Patient 20 is admitted at day 3.[0m
[34m2025-01-23 11:07:13,857 - DEBUG - Patient 21 is admitted at day 4.[0m
[34m2025-01-23 11:07:13,857 - DEBUG - Patient 22 is admitted at day 7.[0m
[34m2025-01-23 11:07:13,857 - DEBUG - Patient 23 is admitted at day 7.[0m
[34m2025-01-23 11:07:13,857 - DEBUG - Patient 24 is admitted at day 6.[0m
[34m2025-01-23 11:07:13,857 - DEBUG - Patient 25 is admitted at day 1.[0m
[34m2025-01-23 11:07:13,857 - DEBUG - Patient 26 is admitted at day 5.[0m
[34m2025-01-23 11:07:13,857 - DEBUG - Patient 27 is admitted at day 2.[0m
[34m2025-01-23 11:07:13,857 - DEBUG - Patient 28 is admitted at day 4.[0m
[34m2025-01-23 11:07:13,857 - DEBUG - Patient 29 is admitted at day 1.[0m
[34m2025-01-23 11:07:13,857 - DEBUG - Patient 30 is admitted at day 8.[0m
[34m2025-01-23 11:07:13,857 - DEBUG - Patient 31 is admitted at day 7.[0m
[34m2025-01-23 11:07:13,857 - DEBUG - Patient 32 is admitted at day 5.[0m
[34m2025-01-23 11:07:13,857 - DEBUG - Patient 33 is admitted at day 4.[0m
[34m2025-01-23 11:07:13,857 - DEBUG - Patient 34 is admitted at day 4.[0m
[34m2025-01-23 11:07:13,857 - DEBUG - Patient 35 is admitted at day 3.[0m
[34m2025-01-23 11:07:13,857 - DEBUG - Patient 36 is admitted at day 10.[0m
[34m2025-01-23 11:07:13,857 - DEBUG - Patient 37 is admitted at day 7.[0m
[34m2025-01-23 11:07:13,857 - DEBUG - Patient 38 is admitted at day 1.[0m
[34m2025-01-23 11:07:13,857 - DEBUG - Patient 39 is admitted at day 3.[0m
[34m2025-01-23 11:07:13,857 - DEBUG - Patients [18, 19] have treatment 0 starting at day 0, hour 8.0 using resources [1, 2, 8].[0m
[34m2025-01-23 11:07:13,857 - DEBUG - Patients [18] have treatment 1 starting at day 0, hour 9.5 using resources [6].[0m
[34m2025-01-23 11:07:13,857 - DEBUG - Patients [19] have treatment 4 starting at day 0, hour 10.0 using resources [0, 6].[0m
[34m2025-01-23 11:07:13,857 - DEBUG - Patients [18] have treatment 5 starting at day 0, hour 9.0 using resources [5, 6].[0m
[34m2025-01-23 11:07:13,857 - DEBUG - Patients [19] have treatment 5 starting at day 0, hour 10.5 using resources [4, 6].[0m
[34m2025-01-23 11:07:13,857 - DEBUG - Patients [18, 29] have treatment 4 starting at day 1, hour 9.0 using resources [1, 8].[0m
[34m2025-01-23 11:07:13,857 - DEBUG - Patients [18, 29] have treatment 4 starting at day 1, hour 11.5 using resources [0, 6].[0m
[34m2025-01-23 11:07:13,857 - DEBUG - Patients [19, 38] have treatment 7 starting at day 1, hour 8.0 using resources [8, 6, 5].[0m
[34m2025-01-23 11:07:13,857 - DEBUG - Patients [19, 38] have treatment 7 starting at day 1, hour 9.5 using resources [8, 6, 5].[0m
[34m2025-01-23 11:07:13,857 - DEBUG - Patients [19, 38] have treatment 7 starting at day 1, hour 10.5 using resources [8, 6, 5].[0m
[34m2025-01-23 11:07:13,858 - DEBUG - Patients [19, 25, 27, 38] have treatment 0 starting at day 2, hour 9.5 using resources [1, 2, 6].[0m
[34m2025-01-23 11:07:13,858 - DEBUG - Patients [19, 27] have treatment 0 starting at day 2, hour 10.5 using resources [0, 1, 6].[0m
[34m2025-01-23 11:07:13,858 - DEBUG - Patients [19] have treatment 4 starting at day 2, hour 11.5 using resources [0, 6].[0m
[34m2025-01-23 11:07:13,858 - DEBUG - Patients [38] have treatment 4 starting at day 2, hour 13.0 using resources [0, 6].[0m
[34m2025-01-23 11:07:13,858 - DEBUG - Patients [18, 25, 27, 29, 38] have treatment 6 starting at day 2, hour 8.0 using resources [0, 8].[0m
[34m2025-01-23 11:07:13,858 - DEBUG - Patients [20, 38, 39] have treatment 0 starting at day 3, hour 14.5 using resources [1, 2, 6].[0m
[34m2025-01-23 11:07:13,858 - DEBUG - Patients [35] have treatment 1 starting at day 3, hour 8.0 using resources [7].[0m
[34m2025-01-23 11:07:13,858 - DEBUG - Patients [25] have treatment 1 starting at day 3, hour 8.5 using resources [7].[0m
[34m2025-01-23 11:07:13,858 - DEBUG - Patients [18, 19, 20, 35, 39] have treatment 2 starting at day 3, hour 13.0 using resources [4, 6].[0m
[34m2025-01-23 11:07:13,858 - DEBUG - Patients [20, 29, 35] have treatment 3 starting at day 3, hour 10.0 using resources [0, 7].[0m
[34m2025-01-23 11:07:13,858 - DEBUG - Patients [35] have treatment 5 starting at day 3, hour 9.5 using resources [5, 6].[0m
[34m2025-01-23 11:07:13,858 - DEBUG - Patients [39] have treatment 5 starting at day 3, hour 10.5 using resources [4, 6].[0m
[34m2025-01-23 11:07:13,858 - DEBUG - Patients [29, 39] have treatment 7 starting at day 3, hour 8.0 using resources [8, 6, 5].[0m
[34m2025-01-23 11:07:13,858 - DEBUG - Patients [27, 29] have treatment 7 starting at day 3, hour 13.0 using resources [8, 7, 5].[0m
[34m2025-01-23 11:07:13,858 - DEBUG - Patients [18, 27] have treatment 7 starting at day 3, hour 14.0 using resources [8, 7, 4].[0m
[34m2025-01-23 11:07:13,858 - DEBUG - Patients [18, 27] have treatment 7 starting at day 3, hour 15.0 using resources [8, 7, 4].[0m
[34m2025-01-23 11:07:13,858 - DEBUG - Patients [35, 38] have treatment 0 starting at day 4, hour 10.0 using resources [0, 2, 6].[0m
[34m2025-01-23 11:07:13,858 - DEBUG - Patients [38] have treatment 1 starting at day 4, hour 12.0 using resources [7].[0m
[34m2025-01-23 11:07:13,858 - DEBUG - Patients [27, 28, 33, 34, 39] have treatment 2 starting at day 4, hour 11.0 using resources [1, 7].[0m
[34m2025-01-23 11:07:13,858 - DEBUG - Patients [21, 27, 33, 34, 39] have treatment 2 starting at day 4, hour 13.0 using resources [0, 7].[0m
[34m2025-01-23 11:07:13,858 - DEBUG - Patients [16, 20, 21, 33, 34] have treatment 2 starting at day 4, hour 15.0 using resources [4, 6].[0m
[34m2025-01-23 11:07:13,858 - DEBUG - Patients [18, 20, 25] have treatment 3 starting at day 4, hour 8.0 using resources [0, 7].[0m
[34m2025-01-23 11:07:13,858 - DEBUG - Patients [28] have treatment 5 starting at day 4, hour 14.5 using resources [5, 7].[0m
[34m2025-01-23 11:07:13,858 - DEBUG - Patients [21, 35] have treatment 7 starting at day 4, hour 8.0 using resources [8, 6, 5].[0m
[34m2025-01-23 11:07:13,858 - DEBUG - Patients [29, 33] have treatment 7 starting at day 4, hour 9.0 using resources [8, 6, 5].[0m
[34m2025-01-23 11:07:13,858 - DEBUG - Patients [16, 29] have treatment 7 starting at day 4, hour 10.0 using resources [8, 7, 5].[0m
[34m2025-01-23 11:07:13,858 - DEBUG - Patients [29] have treatment 7 starting at day 4, hour 11.0 using resources [8, 6, 5].[0m
[34m2025-01-23 11:07:13,858 - DEBUG - Patients [19, 20] have treatment 7 starting at day 4, hour 13.0 using resources [8, 6, 4].[0m
[34m2025-01-23 11:07:13,858 - DEBUG - Patients [16] have treatment 7 starting at day 4, hour 14.0 using resources [8, 6, 4].[0m
[34m2025-01-23 11:07:13,859 - DEBUG - Patients [28, 39] have treatment 7 starting at day 4, hour 15.0 using resources [8, 7, 5].[0m
[34m2025-01-23 11:07:13,859 - DEBUG - Patients [16, 28, 33, 38, 39] have treatment 0 starting at day 5, hour 11.0 using resources [1, 2, 8].[0m
[34m2025-01-23 11:07:13,859 - DEBUG - Patients [16, 21, 33] have treatment 0 starting at day 5, hour 14.5 using resources [2, 3, 8].[0m
[34m2025-01-23 11:07:13,859 - DEBUG - Patients [19] have treatment 1 starting at day 5, hour 9.0 using resources [6].[0m
[34m2025-01-23 11:07:13,859 - DEBUG - Patients [17, 18, 32, 34, 39] have treatment 2 starting at day 5, hour 9.5 using resources [0, 7].[0m
[34m2025-01-23 11:07:13,859 - DEBUG - Patients [17, 18, 27, 28, 32, 34] have treatment 2 starting at day 5, hour 14.5 using resources [0, 6].[0m
[34m2025-01-23 11:07:13,859 - DEBUG - Patients [38, 39] have treatment 4 starting at day 5, hour 8.0 using resources [0, 6].[0m
[34m2025-01-23 11:07:13,859 - DEBUG - Patients [33, 35] have treatment 4 starting at day 5, hour 10.5 using resources [0, 7].[0m
[34m2025-01-23 11:07:13,859 - DEBUG - Patients [26, 32] have treatment 4 starting at day 5, hour 11.0 using resources [0, 6].[0m
[34m2025-01-23 11:07:13,859 - DEBUG - Patients [25, 26] have treatment 4 starting at day 5, hour 11.5 using resources [0, 6].[0m
[34m2025-01-23 11:07:13,859 - DEBUG - Patients [25, 26] have treatment 4 starting at day 5, hour 13.0 using resources [0, 6].[0m
[34m2025-01-23 11:07:13,859 - DEBUG - Patients [20] have treatment 4 starting at day 5, hour 13.5 using resources [0, 7].[0m
[34m2025-01-23 11:07:13,859 - DEBUG - Patients [20] have treatment 4 starting at day 5, hour 15.5 using resources [0, 6].[0m
[34m2025-01-23 11:07:13,859 - DEBUG - Patients [33, 35] have treatment 5 starting at day 5, hour 8.5 using resources [5, 6].[0m
[34m2025-01-23 11:07:13,859 - DEBUG - Patients [29, 35] have treatment 5 starting at day 5, hour 9.5 using resources [5, 6].[0m
[34m2025-01-23 11:07:13,859 - DEBUG - Patients [28, 35] have treatment 5 starting at day 5, hour 10.0 using resources [5, 6].[0m
[34m2025-01-23 11:07:13,859 - DEBUG - Patients [19, 20] have treatment 5 starting at day 5, hour 10.5 using resources [4, 6].[0m
[34m2025-01-23 11:07:13,859 - DEBUG - Patients [18, 19] have treatment 5 starting at day 5, hour 13.5 using resources [4, 6].[0m
[34m2025-01-23 11:07:13,859 - DEBUG - Patients [16, 17] have treatment 5 starting at day 5, hour 14.0 using resources [4, 6].[0m
[34m2025-01-23 11:07:13,859 - DEBUG - Patients [16, 33, 35] have treatment 0 starting at day 6, hour 13.0 using resources [1, 2, 7].[0m
[34m2025-01-23 11:07:13,859 - DEBUG - Patients [27] have treatment 1 starting at day 6, hour 10.0 using resources [7].[0m
[34m2025-01-23 11:07:13,859 - DEBUG - Patients [32] have treatment 1 starting at day 6, hour 10.5 using resources [7].[0m
[34m2025-01-23 11:07:13,859 - DEBUG - Patients [32] have treatment 1 starting at day 6, hour 12.0 using resources [6].[0m
[34m2025-01-23 11:07:13,859 - DEBUG - Patients [32] have treatment 1 starting at day 6, hour 12.5 using resources [6].[0m
[34m2025-01-23 11:07:13,859 - DEBUG - Patients [35, 38] have treatment 4 starting at day 6, hour 8.0 using resources [0, 7].[0m
[34m2025-01-23 11:07:13,859 - DEBUG - Patients [29, 38] have treatment 4 starting at day 6, hour 8.5 using resources [0, 7].[0m
[34m2025-01-23 11:07:13,859 - DEBUG - Patients [21, 26] have treatment 4 starting at day 6, hour 9.0 using resources [0, 7].[0m
[34m2025-01-23 11:07:13,859 - DEBUG - Patients [17, 20] have treatment 4 starting at day 6, hour 9.5 using resources [0, 7].[0m
[34m2025-01-23 11:07:13,859 - DEBUG - Patients [17] have treatment 4 starting at day 6, hour 10.5 using resources [1, 6].[0m
[34m2025-01-23 11:07:13,859 - DEBUG - Patients [35, 39] have treatment 5 starting at day 6, hour 10.0 using resources [5, 6].[0m
[34m2025-01-23 11:07:13,860 - DEBUG - Patients [21, 24] have treatment 5 starting at day 6, hour 11.0 using resources [5, 6].[0m
[34m2025-01-23 11:07:13,860 - DEBUG - Patients [19] have treatment 5 starting at day 6, hour 11.5 using resources [4, 6].[0m
[34m2025-01-23 11:07:13,860 - DEBUG - Patients [16, 18, 26, 34, 39] have treatment 6 starting at day 6, hour 10.5 using resources [0, 8].[0m
[34m2025-01-23 11:07:13,860 - DEBUG - Patients [33, 34] have treatment 7 starting at day 6, hour 8.0 using resources [8, 6, 5].[0m
[34m2025-01-23 11:07:13,860 - DEBUG - Patients [27, 28] have treatment 7 starting at day 6, hour 9.0 using resources [8, 6, 5].[0m
[34m2025-01-23 11:07:13,860 - DEBUG - Patients [24, 26] have treatment 7 starting at day 6, hour 13.0 using resources [8, 6, 4].[0m
[34m2025-01-23 11:07:13,860 - DEBUG - Patients [19] have treatment 7 starting at day 6, hour 14.0 using resources [8, 6, 4].[0m
[34m2025-01-23 11:07:13,860 - DEBUG - Patients [19] have treatment 7 starting at day 6, hour 15.0 using resources [8, 6, 4].[0m
[34m2025-01-23 11:07:13,860 - DEBUG - Patients [23] have treatment 1 starting at day 7, hour 8.0 using resources [6].[0m
[34m2025-01-23 11:07:13,860 - DEBUG - Patients [33] have treatment 1 starting at day 7, hour 9.0 using resources [6].[0m
[34m2025-01-23 11:07:13,860 - DEBUG - Patients [22] have treatment 1 starting at day 7, hour 9.5 using resources [6].[0m
[34m2025-01-23 11:07:13,860 - DEBUG - Patients [28] have treatment 1 starting at day 7, hour 11.0 using resources [7].[0m
[34m2025-01-23 11:07:13,860 - DEBUG - Patients [22] have treatment 1 starting at day 7, hour 12.0 using resources [7].[0m
[34m2025-01-23 11:07:13,860 - DEBUG - Patients [34] have treatment 1 starting at day 7, hour 12.0 using resources [6].[0m
[34m2025-01-23 11:07:13,860 - DEBUG - Patients [22] have treatment 1 starting at day 7, hour 12.5 using resources [7].[0m
[34m2025-01-23 11:07:13,860 - DEBUG - Patients [19] have treatment 1 starting at day 7, hour 12.5 using resources [6].[0m
[34m2025-01-23 11:07:13,860 - DEBUG - Patients [20] have treatment 1 starting at day 7, hour 12.5 using resources [8].[0m
[34m2025-01-23 11:07:13,860 - DEBUG - Patients [25, 26, 31, 34, 35] have treatment 2 starting at day 7, hour 10.0 using resources [0, 6].[0m
[34m2025-01-23 11:07:13,860 - DEBUG - Patients [28, 29, 31, 33, 39] have treatment 3 starting at day 7, hour 13.0 using resources [3, 7].[0m
[34m2025-01-23 11:07:13,860 - DEBUG - Patients [19] have treatment 4 starting at day 7, hour 9.5 using resources [0, 8].[0m
[34m2025-01-23 11:07:13,860 - DEBUG - Patients [23, 32] have treatment 4 starting at day 7, hour 13.0 using resources [2, 6].[0m
[34m2025-01-23 11:07:13,860 - DEBUG - Patients [21, 23] have treatment 4 starting at day 7, hour 13.5 using resources [2, 8].[0m
[34m2025-01-23 11:07:13,860 - DEBUG - Patients [21, 23] have treatment 4 starting at day 7, hour 14.0 using resources [1, 8].[0m
[34m2025-01-23 11:07:13,860 - DEBUG - Patients [27, 39] have treatment 5 starting at day 7, hour 8.0 using resources [5, 7].[0m
[34m2025-01-23 11:07:13,860 - DEBUG - Patients [31, 37] have treatment 5 starting at day 7, hour 8.5 using resources [5, 6].[0m
[34m2025-01-23 11:07:13,860 - DEBUG - Patients [27] have treatment 5 starting at day 7, hour 8.5 using resources [4, 7].[0m
[34m2025-01-23 11:07:13,860 - DEBUG - Patients [32, 33] have treatment 5 starting at day 7, hour 9.5 using resources [5, 7].[0m
[34m2025-01-23 11:07:13,860 - DEBUG - Patients [32, 33] have treatment 5 starting at day 7, hour 10.0 using resources [5, 7].[0m
[34m2025-01-23 11:07:13,860 - DEBUG - Patients [38] have treatment 5 starting at day 7, hour 10.5 using resources [5, 7].[0m
[34m2025-01-23 11:07:13,860 - DEBUG - Patients [27] have treatment 5 starting at day 7, hour 10.5 using resources [4, 8].[0m
[34m2025-01-23 11:07:13,861 - DEBUG - Patients [19, 38] have treatment 5 starting at day 7, hour 11.5 using resources [4, 7].[0m
[34m2025-01-23 11:07:13,861 - DEBUG - Patients [20] have treatment 5 starting at day 7, hour 13.0 using resources [4, 8].[0m
[34m2025-01-23 11:07:13,861 - DEBUG - Patients [20, 35] have treatment 5 starting at day 7, hour 13.5 using resources [4, 6].[0m
[34m2025-01-23 11:07:13,861 - DEBUG - Patients [16] have treatment 5 starting at day 7, hour 14.0 using resources [4, 6].[0m
[34m2025-01-23 11:07:13,861 - DEBUG - Patients [16] have treatment 5 starting at day 7, hour 14.5 using resources [4, 6].[0m
[34m2025-01-23 11:07:13,861 - DEBUG - Patients [24, 26] have treatment 5 starting at day 7, hour 14.5 using resources [5, 8].[0m
[34m2025-01-23 11:07:13,861 - DEBUG - Patients [17, 26] have treatment 5 starting at day 7, hour 15.0 using resources [5, 7].[0m
[34m2025-01-23 11:07:13,861 - DEBUG - Patients [37] have treatment 5 starting at day 7, hour 15.5 using resources [5, 7].[0m
[34m2025-01-23 11:07:13,861 - DEBUG - Patients [17, 18, 29, 34, 38] have treatment 6 starting at day 7, hour 8.0 using resources [3, 8].[0m
[34m2025-01-23 11:07:13,861 - DEBUG - Patients [24] have treatment 7 starting at day 7, hour 11.0 using resources [8, 6, 5].[0m
[34m2025-01-23 11:07:13,861 - DEBUG - Patients [18] have treatment 7 starting at day 7, hour 15.0 using resources [8, 6, 4].[0m
[34m2025-01-23 11:07:13,861 - DEBUG - Patients [30, 33, 34, 37, 39] have treatment 0 starting at day 8, hour 15.0 using resources [2, 3, 7].[0m
[34m2025-01-23 11:07:13,861 - DEBUG - Patients [33] have treatment 1 starting at day 8, hour 8.0 using resources [7].[0m
[34m2025-01-23 11:07:13,861 - DEBUG - Patients [28] have treatment 1 starting at day 8, hour 8.5 using resources [7].[0m
[34m2025-01-23 11:07:13,861 - DEBUG - Patients [27] have treatment 1 starting at day 8, hour 9.0 using resources [7].[0m
[34m2025-01-23 11:07:13,861 - DEBUG - Patients [22] have treatment 1 starting at day 8, hour 12.0 using resources [6].[0m
[34m2025-01-23 11:07:13,861 - DEBUG - Patients [20] have treatment 1 starting at day 8, hour 12.5 using resources [6].[0m
[34m2025-01-23 11:07:13,861 - DEBUG - Patients [19] have treatment 1 starting at day 8, hour 14.0 using resources [6].[0m
[34m2025-01-23 11:07:13,861 - DEBUG - Patients [23, 26, 30, 31, 39] have treatment 2 starting at day 8, hour 13.0 using resources [4, 8].[0m
[34m2025-01-23 11:07:13,861 - DEBUG - Patients [16, 20, 23, 31, 39] have treatment 2 starting at day 8, hour 14.0 using resources [4, 7].[0m
[34m2025-01-23 11:07:13,861 - DEBUG - Patients [22, 23, 26, 31] have treatment 3 starting at day 8, hour 8.0 using resources [1, 8].[0m
[34m2025-01-23 11:07:13,861 - DEBUG - Patients [16, 26] have treatment 3 starting at day 8, hour 10.0 using resources [1, 7].[0m
[34m2025-01-23 11:07:13,861 - DEBUG - Patients [38, 39] have treatment 4 starting at day 8, hour 8.0 using resources [0, 6].[0m
[34m2025-01-23 11:07:13,861 - DEBUG - Patients [37, 38] have treatment 4 starting at day 8, hour 8.5 using resources [0, 6].[0m
[34m2025-01-23 11:07:13,861 - DEBUG - Patients [35, 38] have treatment 4 starting at day 8, hour 9.0 using resources [0, 6].[0m
[34m2025-01-23 11:07:13,861 - DEBUG - Patients [33, 35] have treatment 4 starting at day 8, hour 9.5 using resources [0, 6].[0m
[34m2025-01-23 11:07:13,861 - DEBUG - Patients [30, 32] have treatment 4 starting at day 8, hour 10.0 using resources [0, 6].[0m
[34m2025-01-23 11:07:13,861 - DEBUG - Patients [28, 29] have treatment 4 starting at day 8, hour 10.5 using resources [0, 6].[0m
[34m2025-01-23 11:07:13,861 - DEBUG - Patients [24, 25] have treatment 4 starting at day 8, hour 11.0 using resources [0, 6].[0m
[34m2025-01-23 11:07:13,861 - DEBUG - Patients [23, 24] have treatment 4 starting at day 8, hour 11.5 using resources [0, 6].[0m
[34m2025-01-23 11:07:13,862 - DEBUG - Patients [21, 22] have treatment 4 starting at day 8, hour 13.0 using resources [0, 6].[0m
[34m2025-01-23 11:07:13,862 - DEBUG - Patients [20, 21] have treatment 4 starting at day 8, hour 13.5 using resources [0, 6].[0m
[34m2025-01-23 11:07:13,862 - DEBUG - Patients [17, 18] have treatment 4 starting at day 8, hour 14.5 using resources [0, 6].[0m
[34m2025-01-23 11:07:13,862 - DEBUG - Patients [17, 18] have treatment 4 starting at day 8, hour 15.0 using resources [0, 6].[0m
[34m2025-01-23 11:07:13,862 - DEBUG - Patients [16, 17] have treatment 4 starting at day 8, hour 15.5 using resources [0, 6].[0m
[34m2025-01-23 11:07:13,862 - DEBUG - Patients [39] have treatment 1 starting at day 9, hour 8.0 using resources [7].[0m
[34m2025-01-23 11:07:13,862 - DEBUG - Patients [38] have treatment 1 starting at day 9, hour 11.0 using resources [6].[0m
[34m2025-01-23 11:07:13,862 - DEBUG - Patients [37] have treatment 1 starting at day 9, hour 11.5 using resources [6].[0m
[34m2025-01-23 11:07:13,862 - DEBUG - Patients [33] have treatment 1 starting at day 9, hour 12.0 using resources [7].[0m
[34m2025-01-23 11:07:13,862 - DEBUG - Patients [30] have treatment 1 starting at day 9, hour 12.0 using resources [6].[0m
[34m2025-01-23 11:07:13,862 - DEBUG - Patients [24, 27, 31, 33, 34] have treatment 2 starting at day 9, hour 11.0 using resources [0, 7].[0m
[34m2025-01-23 11:07:13,862 - DEBUG - Patients [17, 35] have treatment 3 starting at day 9, hour 13.0 using resources [4, 6].[0m
[34m2025-01-23 11:07:13,862 - DEBUG - Patients [23] have treatment 4 starting at day 9, hour 8.0 using resources [0, 6].[0m
[34m2025-01-23 11:07:13,862 - DEBUG - Patients [33, 39] have treatment 5 starting at day 9, hour 9.5 using resources [5, 6].[0m
[34m2025-01-23 11:07:13,862 - DEBUG - Patients [22, 28] have treatment 5 starting at day 9, hour 10.0 using resources [5, 6].[0m
[34m2025-01-23 11:07:13,862 - DEBUG - Patients [16, 18, 19, 20, 21, 25, 26, 27, 28, 29, 30, 31, 32, 33, 34, 35, 37, 38] have treatment 6 starting at day 9, hour 8.0 using resources [1, 8].[0m
[34m2025-01-23 11:07:13,862 - DEBUG - Patients [18, 20, 21, 25, 27, 29, 31, 34, 35, 38] have treatment 6 starting at day 9, hour 9.5 using resources [0, 8].[0m
[34m2025-01-23 11:07:13,862 - DEBUG - Patients [17, 22, 33, 35, 39] have treatment 0 starting at day 10, hour 11.0 using resources [1, 3, 8].[0m
[34m2025-01-23 11:07:13,862 - DEBUG - Patients [35] have treatment 1 starting at day 10, hour 8.0 using resources [7].[0m
[34m2025-01-23 11:07:13,862 - DEBUG - Patients [36] have treatment 1 starting at day 10, hour 8.5 using resources [7].[0m
[34m2025-01-23 11:07:13,862 - DEBUG - Patients [36] have treatment 1 starting at day 10, hour 9.0 using resources [7].[0m
[34m2025-01-23 11:07:13,862 - DEBUG - Patients [35] have treatment 1 starting at day 10, hour 9.5 using resources [7].[0m
[34m2025-01-23 11:07:13,862 - DEBUG - Patients [35] have treatment 1 starting at day 10, hour 10.0 using resources [7].[0m
[34m2025-01-23 11:07:13,862 - DEBUG - Patients [32] have treatment 1 starting at day 10, hour 11.0 using resources [6].[0m
[34m2025-01-23 11:07:13,862 - DEBUG - Patients [32] have treatment 1 starting at day 10, hour 11.5 using resources [6].[0m
[34m2025-01-23 11:07:13,862 - DEBUG - Patients [32] have treatment 1 starting at day 10, hour 12.0 using resources [6].[0m
[34m2025-01-23 11:07:13,862 - DEBUG - Patients [30] have treatment 1 starting at day 10, hour 12.0 using resources [7].[0m
[34m2025-01-23 11:07:13,862 - DEBUG - Patients [28] have treatment 1 starting at day 10, hour 12.5 using resources [6].[0m
[34m2025-01-23 11:07:13,862 - DEBUG - Patients [27] have treatment 1 starting at day 10, hour 12.5 using resources [8].[0m
[34m2025-01-23 11:07:13,862 - DEBUG - Patients [26] have treatment 1 starting at day 10, hour 12.5 using resources [7].[0m
[34m2025-01-23 11:07:13,863 - DEBUG - Patients [23] have treatment 1 starting at day 10, hour 13.0 using resources [8].[0m
[34m2025-01-23 11:07:13,863 - DEBUG - Patients [23] have treatment 1 starting at day 10, hour 13.5 using resources [8].[0m
[34m2025-01-23 11:07:13,863 - DEBUG - Patients [23] have treatment 1 starting at day 10, hour 14.0 using resources [7].[0m
[34m2025-01-23 11:07:13,863 - DEBUG - Patients [18] have treatment 1 starting at day 10, hour 14.5 using resources [7].[0m
[34m2025-01-23 11:07:13,863 - DEBUG - Patients [22] have treatment 1 starting at day 10, hour 15.0 using resources [7].[0m
[34m2025-01-23 11:07:13,863 - DEBUG - Patients [18] have treatment 1 starting at day 10, hour 15.5 using resources [7].[0m
[34m2025-01-23 11:07:13,863 - DEBUG - Patients [21, 22, 26, 30, 37] have treatment 2 starting at day 10, hour 13.0 using resources [4, 7].[0m
[34m2025-01-23 11:07:13,863 - DEBUG - Patients [31, 38] have treatment 4 starting at day 10, hour 10.5 using resources [0, 7].[0m
[34m2025-01-23 11:07:13,863 - DEBUG - Patients [16, 20] have treatment 4 starting at day 10, hour 11.0 using resources [0, 7].[0m
[34m2025-01-23 11:07:13,863 - DEBUG - Patients [16, 20] have treatment 4 starting at day 10, hour 13.0 using resources [0, 6].[0m
[34m2025-01-23 11:07:13,863 - DEBUG - Patients [16] have treatment 4 starting at day 10, hour 13.5 using resources [0, 6].[0m
[34m2025-01-23 11:07:13,863 - DEBUG - Patients [34, 39] have treatment 7 starting at day 10, hour 8.0 using resources [8, 6, 5].[0m
[34m2025-01-23 11:07:13,863 - DEBUG - Patients [29, 33] have treatment 7 starting at day 10, hour 9.0 using resources [8, 6, 5].[0m
[34m2025-01-23 11:07:13,863 - DEBUG - Patients [19, 28] have treatment 7 starting at day 10, hour 10.0 using resources [8, 6, 5].[0m
[34m2025-01-23 11:07:13,863 - DEBUG - Patients [19, 26] have treatment 7 starting at day 10, hour 14.0 using resources [8, 6, 4].[0m
[34m2025-01-23 11:07:13,863 - DEBUG - Patients [19, 23] have treatment 7 starting at day 10, hour 15.0 using resources [8, 6, 4].[0m
[34m2025-01-23 11:07:13,863 - DEBUG - Patients [28, 29, 34, 35] have treatment 0 starting at day 11, hour 8.0 using resources [0, 2, 7].[0m
[34m2025-01-23 11:07:13,863 - DEBUG - Patients [17, 20, 22, 29, 35] have treatment 0 starting at day 11, hour 10.5 using resources [1, 3, 7].[0m
[34m2025-01-23 11:07:13,863 - DEBUG - Patients [22, 33] have treatment 0 starting at day 11, hour 15.0 using resources [1, 4, 7].[0m
[34m2025-01-23 11:07:13,863 - DEBUG - Patients [35] have treatment 1 starting at day 11, hour 9.0 using resources [7].[0m
[34m2025-01-23 11:07:13,863 - DEBUG - Patients [32] have treatment 1 starting at day 11, hour 9.0 using resources [6].[0m
[34m2025-01-23 11:07:13,863 - DEBUG - Patients [32] have treatment 1 starting at day 11, hour 11.5 using resources [6].[0m
[34m2025-01-23 11:07:13,863 - DEBUG - Patients [16] have treatment 1 starting at day 11, hour 12.0 using resources [7].[0m
[34m2025-01-23 11:07:13,863 - DEBUG - Patients [16, 23, 24, 30, 32] have treatment 2 starting at day 11, hour 8.0 using resources [4, 6].[0m
[34m2025-01-23 11:07:13,863 - DEBUG - Patients [36, 38] have treatment 3 starting at day 11, hour 9.5 using resources [0, 8].[0m
[34m2025-01-23 11:07:13,863 - DEBUG - Patients [18, 33, 34] have treatment 3 starting at day 11, hour 9.5 using resources [2, 6].[0m
[34m2025-01-23 11:07:13,863 - DEBUG - Patients [31, 39] have treatment 3 starting at day 11, hour 13.0 using resources [1, 6].[0m
[34m2025-01-23 11:07:13,863 - DEBUG - Patients [18, 33, 34] have treatment 3 starting at day 11, hour 13.0 using resources [3, 7].[0m
[34m2025-01-23 11:07:13,863 - DEBUG - Patients [26, 39] have treatment 4 starting at day 11, hour 11.5 using resources [1, 7].[0m
[34m2025-01-23 11:07:13,863 - DEBUG - Patients [33, 37] have treatment 4 starting at day 11, hour 11.5 using resources [4, 8].[0m
[34m2025-01-23 11:07:13,864 - DEBUG - Patients [26] have treatment 4 starting at day 11, hour 15.0 using resources [0, 6].[0m
[34m2025-01-23 11:07:13,864 - DEBUG - Patients [29, 30] have treatment 5 starting at day 11, hour 9.5 using resources [5, 7].[0m
[34m2025-01-23 11:07:13,864 - DEBUG - Patients [20, 26] have treatment 5 starting at day 11, hour 10.0 using resources [5, 7].[0m
[34m2025-01-23 11:07:13,864 - DEBUG - Patients [18, 19, 20, 21, 22, 25, 27, 31, 36, 38, 39] have treatment 6 starting at day 11, hour 8.0 using resources [3, 8].[0m
[34m2025-01-23 11:07:13,864 - DEBUG - Patients [17, 19, 21, 27, 28, 30] have treatment 6 starting at day 11, hour 13.0 using resources [4, 8].[0m
[34m2025-01-23 11:07:13,864 - DEBUG - Patients [16, 17, 19, 24, 27, 28] have treatment 6 starting at day 11, hour 14.5 using resources [2, 8].[0m
[34m2025-01-23 11:07:13,864 - DEBUG - Patients [16] have treatment 1 starting at day 12, hour 12.0 using resources [7].[0m
[34m2025-01-23 11:07:13,864 - DEBUG - Patients [26] have treatment 1 starting at day 12, hour 12.0 using resources [6].[0m
[34m2025-01-23 11:07:13,864 - DEBUG - Patients [28] have treatment 1 starting at day 12, hour 12.0 using resources [8].[0m
[34m2025-01-23 11:07:13,864 - DEBUG - Patients [27] have treatment 1 starting at day 12, hour 12.5 using resources [8].[0m
[34m2025-01-23 11:07:13,864 - DEBUG - Patients [19] have treatment 1 starting at day 12, hour 12.5 using resources [7].[0m
[34m2025-01-23 11:07:13,864 - DEBUG - Patients [31] have treatment 1 starting at day 12, hour 14.0 using resources [7].[0m
[34m2025-01-23 11:07:13,864 - DEBUG - Patients [37] have treatment 1 starting at day 12, hour 14.0 using resources [6].[0m
[34m2025-01-23 11:07:13,864 - DEBUG - Patients [36] have treatment 1 starting at day 12, hour 14.5 using resources [6].[0m
[34m2025-01-23 11:07:13,864 - DEBUG - Patients [36] have treatment 1 starting at day 12, hour 15.0 using resources [8].[0m
[34m2025-01-23 11:07:13,864 - DEBUG - Patients [22, 24, 26, 32, 33] have treatment 2 starting at day 12, hour 10.5 using resources [3, 8].[0m
[34m2025-01-23 11:07:13,864 - DEBUG - Patients [21, 23, 26, 33, 34] have treatment 2 starting at day 12, hour 15.0 using resources [1, 7].[0m
[34m2025-01-23 11:07:13,864 - DEBUG - Patients [17, 20, 21, 33, 38, 39] have treatment 3 starting at day 12, hour 8.0 using resources [2, 8].[0m
[34m2025-01-23 11:07:13,864 - DEBUG - Patients [16, 23, 31, 37] have treatment 3 starting at day 12, hour 8.0 using resources [1, 7].[0m
[34m2025-01-23 11:07:13,864 - DEBUG - Patients [19, 24, 29, 34] have treatment 3 starting at day 12, hour 8.0 using resources [0, 6].[0m
[34m2025-01-23 11:07:13,864 - DEBUG - Patients [16, 23, 31, 34, 38, 39] have treatment 3 starting at day 12, hour 10.0 using resources [0, 6].[0m
[34m2025-01-23 11:07:13,864 - DEBUG - Patients [17, 20, 21] have treatment 3 starting at day 12, hour 10.0 using resources [2, 7].[0m
[34m2025-01-23 11:07:13,864 - DEBUG - Patients [19, 20, 23, 33, 38, 39] have treatment 3 starting at day 12, hour 13.0 using resources [4, 8].[0m
[34m2025-01-23 11:07:13,864 - DEBUG - Patients [22, 32] have treatment 4 starting at day 12, hour 11.5 using resources [4, 8].[0m
[34m2025-01-23 11:07:13,864 - DEBUG - Patients [25, 32] have treatment 4 starting at day 12, hour 13.0 using resources [2, 6].[0m
[34m2025-01-23 11:07:13,864 - DEBUG - Patients [18, 30] have treatment 4 starting at day 12, hour 13.0 using resources [3, 7].[0m
[34m2025-01-23 11:07:13,864 - DEBUG - Patients [22, 28] have treatment 4 starting at day 12, hour 13.5 using resources [0, 7].[0m
[34m2025-01-23 11:07:13,864 - DEBUG - Patients [30] have treatment 4 starting at day 12, hour 13.5 using resources [3, 6].[0m
[34m2025-01-23 11:07:13,864 - DEBUG - Patients [35] have treatment 4 starting at day 12, hour 15.0 using resources [4, 6].[0m
[34m2025-01-23 11:07:13,865 - DEBUG - Patients [25, 29] have treatment 4 starting at day 12, hour 15.5 using resources [4, 6].[0m
[34m2025-01-23 11:07:13,865 - DEBUG - Patients [30, 35] have treatment 5 starting at day 12, hour 14.5 using resources [5, 7].[0m
[34m2025-01-23 11:07:13,865 - DEBUG - Patients [17, 18] have treatment 5 starting at day 12, hour 15.5 using resources [5, 8].[0m
[34m2025-01-23 11:07:13,865 - DEBUG - Patients [17, 28, 33, 34, 39] have treatment 0 starting at day 13, hour 8.0 using resources [0, 1, 6].[0m
[34m2025-01-23 11:07:13,865 - DEBUG - Patients [27, 37] have treatment 0 starting at day 13, hour 10.0 using resources [0, 2, 7].[0m
[34m2025-01-23 11:07:13,865 - DEBUG - Patients [23, 37, 39] have treatment 0 starting at day 13, hour 11.0 using resources [0, 3, 8].[0m
[34m2025-01-23 11:07:13,865 - DEBUG - Patients [18] have treatment 1 starting at day 13, hour 9.0 using resources [6].[0m
[34m2025-01-23 11:07:13,865 - DEBUG - Patients [22] have treatment 1 starting at day 13, hour 9.0 using resources [7].[0m
[34m2025-01-23 11:07:13,865 - DEBUG - Patients [36] have treatment 1 starting at day 13, hour 9.0 using resources [8].[0m
[34m2025-01-23 11:07:13,865 - DEBUG - Patients [36] have treatment 1 starting at day 13, hour 9.5 using resources [7].[0m
[34m2025-01-23 11:07:13,865 - DEBUG - Patients [16] have treatment 1 starting at day 13, hour 10.5 using resources [6].[0m
[34m2025-01-23 11:07:13,865 - DEBUG - Patients [26] have treatment 1 starting at day 13, hour 11.0 using resources [7].[0m
[34m2025-01-23 11:07:13,865 - DEBUG - Patients [26] have treatment 1 starting at day 13, hour 11.5 using resources [7].[0m
[34m2025-01-23 11:07:13,865 - DEBUG - Patients [22] have treatment 1 starting at day 13, hour 11.5 using resources [6].[0m
[34m2025-01-23 11:07:13,865 - DEBUG - Patients [31] have treatment 1 starting at day 13, hour 12.0 using resources [7].[0m
[34m2025-01-23 11:07:13,865 - DEBUG - Patients [19] have treatment 1 starting at day 13, hour 12.0 using resources [8].[0m
[34m2025-01-23 11:07:13,865 - DEBUG - Patients [30] have treatment 1 starting at day 13, hour 12.0 using resources [6].[0m
[34m2025-01-23 11:07:13,865 - DEBUG - Patients [31] have treatment 1 starting at day 13, hour 12.5 using resources [7].[0m
[34m2025-01-23 11:07:13,865 - DEBUG - Patients [17] have treatment 1 starting at day 13, hour 12.5 using resources [8].[0m
[34m2025-01-23 11:07:13,865 - DEBUG - Patients [28] have treatment 1 starting at day 13, hour 12.5 using resources [6].[0m
[34m2025-01-23 11:07:13,865 - DEBUG - Patients [31] have treatment 1 starting at day 13, hour 14.0 using resources [8].[0m
[34m2025-01-23 11:07:13,865 - DEBUG - Patients [20] have treatment 1 starting at day 13, hour 14.0 using resources [6].[0m
[34m2025-01-23 11:07:13,865 - DEBUG - Patients [16] have treatment 1 starting at day 13, hour 14.5 using resources [6].[0m
[34m2025-01-23 11:07:13,865 - DEBUG - Patients [20] have treatment 1 starting at day 13, hour 14.5 using resources [8].[0m
[34m2025-01-23 11:07:13,865 - DEBUG - Patients [23] have treatment 1 starting at day 13, hour 15.0 using resources [8].[0m
[34m2025-01-23 11:07:13,865 - DEBUG - Patients [26] have treatment 1 starting at day 13, hour 15.5 using resources [7].[0m
[34m2025-01-23 11:07:13,865 - DEBUG - Patients [23] have treatment 1 starting at day 13, hour 15.5 using resources [8].[0m
[34m2025-01-23 11:07:13,865 - DEBUG - Patients [18, 22, 23, 30, 32, 38] have treatment 3 starting at day 13, hour 13.0 using resources [4, 7].[0m
[34m2025-01-23 11:07:13,865 - DEBUG - Patients [17, 33] have treatment 5 starting at day 13, hour 10.5 using resources [4, 8].[0m
[34m2025-01-23 11:07:13,866 - DEBUG - Patients [24, 30] have treatment 5 starting at day 13, hour 11.0 using resources [5, 6].[0m
[34m2025-01-23 11:07:13,866 - DEBUG - Patients [20, 24] have treatment 5 starting at day 13, hour 15.0 using resources [4, 7].[0m
[34m2025-01-23 11:07:13,866 - DEBUG - Patients [21, 35] have treatment 5 starting at day 13, hour 15.0 using resources [5, 6].[0m
[34m2025-01-23 11:07:13,866 - DEBUG - Patients [16, 35] have treatment 5 starting at day 13, hour 15.5 using resources [5, 6].[0m
[34m2025-01-23 11:07:13,866 - DEBUG - Patients [21, 29] have treatment 7 starting at day 13, hour 8.0 using resources [8, 7, 5].[0m
[34m2025-01-23 11:07:13,866 - DEBUG - Patients [29, 39] have treatment 7 starting at day 13, hour 9.5 using resources [8, 6, 5].[0m
[34m2025-01-23 11:07:13,866 - DEBUG - Patients [33, 39] have treatment 7 starting at day 13, hour 13.0 using resources [8, 6, 5].[0m
[34m2025-01-23 11:07:15,032 - DEBUG - Resource utilization factors:[0m
[34m2025-01-23 11:07:15,032 - DEBUG - Resource 0: 0.45[0m
[34m2025-01-23 11:07:15,032 - DEBUG - Resource 1: 0.24[0m
[34m2025-01-23 11:07:15,032 - DEBUG - Resource 2: 0.18[0m
[34m2025-01-23 11:07:15,032 - DEBUG - Resource 3: 0.14[0m
[34m2025-01-23 11:07:15,032 - DEBUG - Resource 4: 0.48[0m
[34m2025-01-23 11:07:15,032 - DEBUG - Resource 5: 0.35[0m
[34m2025-01-23 11:07:15,032 - DEBUG - Resource 6: 0.74[0m
[34m2025-01-23 11:07:15,032 - DEBUG - Resource 7: 0.55[0m
[34m2025-01-23 11:07:15,032 - DEBUG - Resource 8: 0.58[0m
[34m2025-01-23 11:07:15,032 - DEBUG - Average utilization factor: 0.41[0m
[34m2025-01-23 11:07:15,033 - DEBUG - Schedule Hash: 32cd45513f8387ff4f82127993c63ebf[0m
[34m2025-01-23 11:07:15,033 - DEBUG - Patients Arrival Hash: 231d4a425567b16428f158d07b1f7b9e[0m
[34m2025-01-23 11:07:15,033 - DEBUG - Solver Hash: cebd30dccff97b6342ef1a22916edfde[0m
[34m2025-01-23 11:07:15,034 - DEBUG - Solution Hash: b7b9e4895e63d5d015c3942694b4a57e[0m
[34m2025-01-23 11:07:15,034 - DEBUG - Checking solution value.[0m
[34m2025-01-23 11:07:15,034 - DEBUG - Solvers objective function value: 508.0[0m
[34m2025-01-23 11:07:15,036 - DEBUG - (VERIFIER):Treatment value: 0[0m
[34m2025-01-23 11:07:15,036 - DEBUG - (VERIFIER):Delay value: 0[0m
[34m2025-01-23 11:07:15,036 - DEBUG - (VERIFIER):Missing treatment value: 508[0m
[34m2025-01-23 11:07:15,036 - DEBUG - Correct objective function value: 508[0m
[34m2025-01-23 11:07:15,036 - DEBUG - Solution is valid.[0m
[34m2025-01-23 11:07:15,036 - DEBUG - All solvers accepted the solution.[0m
[32m2025-01-23 11:07:15,036 - INFO - Time to find solution: 23.428s with value 508.000000[0m
[32m2025-01-23 11:07:15,036 - INFO - Extract solution time: 3.198s[0m
[32m2025-01-23 11:07:15,036 - INFO - Total Time: 27.817s[0m
