0.JOB_NAME: MIPSolver3_1_e491473888
1.SOLVER: MIPSolver3
2.PARAMS: {'break_symmetry': False}
3.INSTANCE: /home/ir803925/Kobra/rehabiliation-admission-scheduling/data/comp_study_003/instance_p20_t15_low.txt
4.REPETITION: 1
5.CPU_CORES: 8
Current directory: /home/ir803925/Kobra/rehabiliation-admission-scheduling
[34m2025-01-23 11:08:51,375 - DEBUG - Solver: <class 'src.solvers.mip3.MIPSolver3'>[0m
[34m2025-01-23 11:08:51,375 - DEBUG - Args: {'break_symmetry': False}[0m
[34m2025-01-23 11:08:51,375 - DEBUG - File path /home/ir803925/Kobra/rehabiliation-admission-scheduling/data/comp_study_003/instance_p20_t15_low.txt[0m
[34m2025-01-23 11:08:51,375 - DEBUG - ADD INSTANCE DATA[0m
[34m2025-01-23 11:08:51,376 - DEBUG - ADD INSTANCE DATA[0m
[34m2025-01-23 11:08:51,376 - DEBUG - ADD INSTANCE DATA[0m
[34m2025-01-23 11:08:51,376 - DEBUG - ADD INSTANCE DATA[0m
[34m2025-01-23 11:08:51,376 - DEBUG - ADD INSTANCE DATA[0m
[34m2025-01-23 11:08:51,376 - DEBUG - ADD INSTANCE DATA[0m
[34m2025-01-23 11:08:51,376 - DEBUG - ADD INSTANCE DATA[0m
[34m2025-01-23 11:08:51,376 - DEBUG - ADD INSTANCE DATA[0m
[34m2025-01-23 11:08:51,376 - DEBUG - ADD INSTANCE DATA[0m
[34m2025-01-23 11:08:51,376 - DEBUG - ADD INSTANCE DATA[0m
[34m2025-01-23 11:08:51,376 - DEBUG - ADD INSTANCE DATA[0m
[34m2025-01-23 11:08:51,376 - DEBUG - ADD RESOURCE_GROUPS[0m
[34m2025-01-23 11:08:51,376 - DEBUG - ADD RESOURCE_GROUPS[0m
[34m2025-01-23 11:08:51,376 - DEBUG - ADD RESOURCE_GROUPS[0m
[34m2025-01-23 11:08:51,376 - DEBUG - ADD RESOURCE_GROUPS[0m
[34m2025-01-23 11:08:51,376 - DEBUG - ADD RESOURCE_GROUPS[0m
[34m2025-01-23 11:08:51,376 - DEBUG - ADD RESOURCE_GROUPS[0m
[34m2025-01-23 11:08:51,376 - DEBUG - ADD RESOURCE_GROUPS[0m
[34m2025-01-23 11:08:51,376 - DEBUG - ADD RESOURCE_GROUPS[0m
[34m2025-01-23 11:08:51,376 - DEBUG - ADD RESOURCE_GROUPS[0m
[34m2025-01-23 11:08:51,376 - DEBUG - ADD RESOURCE_GROUPS[0m
[34m2025-01-23 11:08:51,377 - DEBUG - ADD RESOURCE_GROUPS[0m
[34m2025-01-23 11:08:51,377 - DEBUG - ADD RESOURCE_GROUPS[0m
[34m2025-01-23 11:08:51,377 - DEBUG - ADD RESOURCES[0m
[34m2025-01-23 11:08:51,377 - DEBUG - ADD RESOURCES[0m
[34m2025-01-23 11:08:51,377 - DEBUG - ADD RESOURCES[0m
[34m2025-01-23 11:08:51,377 - DEBUG - ADD RESOURCES[0m
[34m2025-01-23 11:08:51,377 - DEBUG - ADD RESOURCES[0m
[34m2025-01-23 11:08:51,377 - DEBUG - ADD RESOURCES[0m
[34m2025-01-23 11:08:51,377 - DEBUG - ADD RESOURCES[0m
[34m2025-01-23 11:08:51,378 - DEBUG - ADD RESOURCES[0m
[34m2025-01-23 11:08:51,378 - DEBUG - ADD RESOURCES[0m
[34m2025-01-23 11:08:51,378 - DEBUG - ADD RESOURCES[0m
[34m2025-01-23 11:08:51,378 - DEBUG - ADD RESOURCES[0m
[34m2025-01-23 11:08:51,378 - DEBUG - ADD RESOURCES[0m
[34m2025-01-23 11:08:51,378 - DEBUG - ADD RESOURCES[0m
[34m2025-01-23 11:08:51,378 - DEBUG - ADD RESOURCES[0m
[34m2025-01-23 11:08:51,378 - DEBUG - ADD RESOURCES[0m
[34m2025-01-23 11:08:51,378 - DEBUG - ADD RESOURCES[0m
[34m2025-01-23 11:08:51,378 - DEBUG - ADD RESOURCES[0m
[34m2025-01-23 11:08:51,378 - DEBUG - ADD TREATMENTS[0m
[34m2025-01-23 11:08:51,378 - DEBUG - ADD TREATMENTS[0m
[34m2025-01-23 11:08:51,378 - DEBUG - ADD TREATMENTS[0m
[34m2025-01-23 11:08:51,379 - DEBUG - ADD TREATMENTS[0m
[34m2025-01-23 11:08:51,379 - DEBUG - ADD TREATMENTS[0m
[34m2025-01-23 11:08:51,379 - DEBUG - ADD TREATMENTS[0m
[34m2025-01-23 11:08:51,379 - DEBUG - ADD TREATMENTS[0m
[34m2025-01-23 11:08:51,379 - DEBUG - ADD TREATMENTS[0m
[34m2025-01-23 11:08:51,379 - DEBUG - ADD TREATMENTS[0m
[34m2025-01-23 11:08:51,379 - DEBUG - ADD TREATMENTS[0m
[34m2025-01-23 11:08:51,379 - DEBUG - ADD TREATMENTS[0m
[34m2025-01-23 11:08:51,379 - DEBUG - ADD TREATMENTS[0m
[34m2025-01-23 11:08:51,379 - DEBUG - ADD TREATMENTS[0m
[34m2025-01-23 11:08:51,379 - DEBUG - ADD TREATMENTS[0m
[34m2025-01-23 11:08:51,379 - DEBUG - ADD TREATMENTS[0m
[34m2025-01-23 11:08:51,379 - DEBUG - ADD TREATMENTS[0m
[34m2025-01-23 11:08:51,379 - DEBUG - ADD TREATMENTS[0m
[34m2025-01-23 11:08:51,382 - DEBUG - ADD TREATMENTS[0m
[34m2025-01-23 11:08:51,382 - DEBUG - ADD TREATMENTS[0m
[34m2025-01-23 11:08:51,382 - DEBUG - ADD TREATMENTS[0m
[34m2025-01-23 11:08:51,383 - DEBUG - ADD TREATMENTS[0m
[34m2025-01-23 11:08:51,383 - DEBUG - ADD TREATMENTS[0m
[34m2025-01-23 11:08:51,383 - DEBUG - ADD PATIENTS[0m
[34m2025-01-23 11:08:51,383 - DEBUG - ADD PATIENTS[0m
[34m2025-01-23 11:08:51,383 - DEBUG - ADD PATIENTS[0m
[34m2025-01-23 11:08:51,383 - DEBUG - ADD PATIENTS[0m
[34m2025-01-23 11:08:51,383 - DEBUG - ADD PATIENTS[0m
[34m2025-01-23 11:08:51,383 - DEBUG - ADD PATIENTS[0m
[34m2025-01-23 11:08:51,384 - DEBUG - ADD PATIENTS[0m
[34m2025-01-23 11:08:51,384 - DEBUG - ADD PATIENTS[0m
[34m2025-01-23 11:08:51,384 - DEBUG - ADD PATIENTS[0m
[34m2025-01-23 11:08:51,384 - DEBUG - ADD PATIENTS[0m
[34m2025-01-23 11:08:51,384 - DEBUG - ADD PATIENTS[0m
[34m2025-01-23 11:08:51,384 - DEBUG - ADD PATIENTS[0m
[34m2025-01-23 11:08:51,384 - DEBUG - ADD PATIENTS[0m
[34m2025-01-23 11:08:51,384 - DEBUG - ADD PATIENTS[0m
[34m2025-01-23 11:08:51,384 - DEBUG - ADD PATIENTS[0m
[34m2025-01-23 11:08:51,385 - DEBUG - ADD PATIENTS[0m
[34m2025-01-23 11:08:51,385 - DEBUG - ADD PATIENTS[0m
[34m2025-01-23 11:08:51,385 - DEBUG - ADD PATIENTS[0m
[34m2025-01-23 11:08:51,385 - DEBUG - ADD PATIENTS[0m
[34m2025-01-23 11:08:51,385 - DEBUG - ADD PATIENTS[0m
[34m2025-01-23 11:08:51,385 - DEBUG - Instance data:[0m
[34m2025-01-23 11:08:51,385 - DEBUG - 0[0m
[34m2025-01-23 11:08:51,386 - DEBUG - New Resource Group:frozenset({RG(therapists)})[0m
[34m2025-01-23 11:08:51,449 - DEBUG - 1[0m
[34m2025-01-23 11:08:51,449 - DEBUG - New Resource Group:frozenset({RG(physiotherapists)})[0m
[34m2025-01-23 11:08:51,449 - DEBUG - New Resource Group:frozenset({RG(therapists), RG(physiotherapists)})[0m
[34m2025-01-23 11:08:51,449 - DEBUG - 2[0m
[34m2025-01-23 11:08:51,449 - DEBUG - New Resource Group:frozenset({RG(massage_therapist)})[0m
[34m2025-01-23 11:08:51,449 - DEBUG - New Resource Group:frozenset({RG(therapists), RG(massage_therapist)})[0m
[34m2025-01-23 11:08:51,449 - DEBUG - New Resource Group:frozenset({RG(physiotherapists), RG(massage_therapist)})[0m
[34m2025-01-23 11:08:51,449 - DEBUG - New Resource Group:frozenset({RG(therapists), RG(physiotherapists), RG(massage_therapist)})[0m
[34m2025-01-23 11:08:51,449 - DEBUG - 3[0m
[34m2025-01-23 11:08:51,449 - DEBUG - New Resource Group:frozenset({RG(psychotherapists)})[0m
[34m2025-01-23 11:08:51,449 - DEBUG - New Resource Group:frozenset({RG(therapists), RG(psychotherapists)})[0m
[34m2025-01-23 11:08:51,449 - DEBUG - 4[0m
[34m2025-01-23 11:08:51,449 - DEBUG - New Resource Group:frozenset({RG(lifeguards)})[0m
[34m2025-01-23 11:08:51,449 - DEBUG - New Resource Group:frozenset({RG(therapists), RG(lifeguards)})[0m
[34m2025-01-23 11:08:51,449 - DEBUG - 5[0m
[34m2025-01-23 11:08:51,450 - DEBUG - New Resource Group:frozenset({RG(rooms)})[0m
[34m2025-01-23 11:08:51,463 - DEBUG - 6[0m
[34m2025-01-23 11:08:51,463 - DEBUG - 7[0m
[34m2025-01-23 11:08:51,463 - DEBUG - New Resource Group:frozenset({RG(rooms_with_beamer)})[0m
[34m2025-01-23 11:08:51,463 - DEBUG - New Resource Group:frozenset({RG(rooms), RG(rooms_with_beamer)})[0m
[34m2025-01-23 11:08:51,463 - DEBUG - 8[0m
[34m2025-01-23 11:08:51,463 - DEBUG - New Resource Group:frozenset({RG(sport_room)})[0m
[34m2025-01-23 11:08:51,467 - DEBUG - 9[0m
[34m2025-01-23 11:08:51,467 - DEBUG - New Resource Group:frozenset({RG(swimming_pool)})[0m
[34m2025-01-23 11:08:51,472 - DEBUG - 10[0m
[34m2025-01-23 11:08:51,472 - DEBUG - New Resource Group:frozenset({RG(arts_crafts_materials)})[0m
[34m2025-01-23 11:08:51,481 - DEBUG - 11[0m
[34m2025-01-23 11:08:51,481 - DEBUG - 12[0m
[34m2025-01-23 11:08:51,481 - DEBUG - New Resource Group:frozenset({RG(fitness_machines)})[0m
[34m2025-01-23 11:08:51,499 - DEBUG - 13[0m
[34m2025-01-23 11:08:51,499 - DEBUG - 14[0m
[34m2025-01-23 11:08:51,499 - DEBUG - 15[0m
[34m2025-01-23 11:08:51,499 - DEBUG - 16[0m
[34m2025-01-23 11:08:51,499 - DEBUG - New Resource Group:frozenset({RG(hydrotherapy_bath)})[0m
[34m2025-01-23 11:08:51,503 - DEBUG - Number of patients: 20[0m
[34m2025-01-23 11:08:51,503 - DEBUG - Number of beds: 20[0m
[34m2025-01-23 11:08:51,503 - DEBUG - Average number of treatments per patient: 54.75[0m
[34m2025-01-23 11:08:51,503 - DEBUG - Average number of treatment per stayed day: 3.0416666666666665[0m
[34m2025-01-23 11:08:51,503 - DEBUG - Number of treatments: 1095[0m
[34m2025-01-23 11:08:51,503 - DEBUG - Number of resources: 17[0m
[34m2025-01-23 11:08:51,503 - DEBUG - Number of resource groups: 12[0m
[34m2025-01-23 11:08:51,503 - DEBUG - Number of resource hours needed per all treatment by RG(therapists): 26.318055555555546[0m
[34m2025-01-23 11:08:51,503 - DEBUG - Number of resource hours needed per all treatment by RG(rooms): 59.24722222222225[0m
[34m2025-01-23 11:08:51,503 - DEBUG - Number of resource hours needed per all treatment by RG(arts_crafts_materials): 4.375000000000001[0m
[34m2025-01-23 11:08:51,503 - DEBUG - Number of resource hours needed per all treatment by RG(physiotherapists): 83.92222222222223[0m
[34m2025-01-23 11:08:51,504 - DEBUG - Number of resource hours needed per all treatment by RG(lifeguards): 3.4027777777777786[0m
[34m2025-01-23 11:08:51,504 - DEBUG - Number of resource hours needed per all treatment by RG(swimming_pool): 3.4027777777777786[0m
[34m2025-01-23 11:08:51,504 - DEBUG - Number of resource hours needed per all treatment by RG(hydrotherapy_bath): 6.805555555555556[0m
[34m2025-01-23 11:08:51,504 - DEBUG - Number of resource hours needed per all treatment by RG(sport_room): 64.98333333333332[0m
[34m2025-01-23 11:08:51,504 - DEBUG - Number of resource hours needed per all treatment by RG(rooms_with_beamer): 3.5583333333333327[0m
[34m2025-01-23 11:08:51,504 - DEBUG - Number of resource hours needed per all treatment by RG(psychotherapists): 29.944444444444432[0m
[34m2025-01-23 11:08:51,504 - DEBUG - Number of resource hours needed per all treatment by RG(massage_therapist): 16.13888888888889[0m
[34m2025-01-23 11:08:51,504 - DEBUG - Number of resource hours needed per all treatment by RG(fitness_machines): 18.666666666666668[0m
[32m2025-01-23 11:08:51,504 - INFO - {'solver': 'MIPSolver3', 'args': {'break_symmetry': False, 'log_to_console': True}}[0m
[34m2025-01-23 11:08:51,504 - DEBUG - Setting options: MIPSolver3[0m
[34m2025-01-23 11:08:51,504 - DEBUG -  ---- break_symmetry to False[0m
[34m2025-01-23 11:08:51,504 - DEBUG - Setting options: Solver[0m
[34m2025-01-23 11:08:51,504 - DEBUG -  ---- number_of_threads to 8 (default)[0m
[34m2025-01-23 11:08:51,504 - DEBUG -  ---- treatment_value to 0 (default)[0m
[34m2025-01-23 11:08:51,504 - DEBUG -  ---- delay_value to 1 (default)[0m
[34m2025-01-23 11:08:51,504 - DEBUG -  ---- missing_treatment_value to 4 (default)[0m
[34m2025-01-23 11:08:51,504 - DEBUG -  ---- log_to_console to True[0m
[34m2025-01-23 11:08:51,504 - DEBUG -  ---- log_to_file to True (default)[0m
[32m2025-01-23 11:08:51,533 - INFO - Create model: MIPSolver3[0m
Set parameter TSPort to value 50039
Set parameter TokenServer to value "license.itc.rwth-aachen.de"
Set parameter Threads to value 8
[34m2025-01-23 11:08:52,125 - DEBUG - Variables created.[0m
[34m2025-01-23 11:08:52,174 - DEBUG - Constraint (p1) created.[0m
[34m2025-01-23 11:08:52,752 - DEBUG - Constraint (when_admitted) created.[0m
[34m2025-01-23 11:08:53,024 - DEBUG - Constraint (p3) created.[0m
[34m2025-01-23 11:08:53,024 - DEBUG - Constraint (r1) created.[0m
[34m2025-01-23 11:08:53,248 - DEBUG - Constraint (r2) created.[0m
[34m2025-01-23 11:08:53,401 - DEBUG - Constraint (r3) created.[0m
[34m2025-01-23 11:08:53,845 - DEBUG - Constraint (r4) created.[0m
[34m2025-01-23 11:08:54,249 - DEBUG - Constraint (r6) created.[0m
[34m2025-01-23 11:08:54,250 - DEBUG - Constraint (r7) created.[0m
[34m2025-01-23 11:08:54,338 - DEBUG - Constraint (a4) created.[0m
[34m2025-01-23 11:08:54,369 - DEBUG - Constraint (a5) created.[0m
[34m2025-01-23 11:08:54,395 - DEBUG - Constraint (a5) created.[0m
[32m2025-01-23 11:08:55,189 - INFO - Time to create model: 3.656[0m
[32m2025-01-23 11:08:55,189 - INFO - Solving model: MIPSolver3[0m
Gurobi Optimizer version 10.0.0 build v10.0.0rc2 (linux64)

CPU model: Intel(R) Xeon(R) Platinum 8468, instruction set [SSE2|AVX|AVX2|AVX512]
Thread count: 96 physical cores, 96 logical processors, using up to 8 threads

Optimize a model with 148055 rows, 107061 columns and 1141520 nonzeros
Model fingerprint: 0xe03f43ef
Variable types: 2 continuous, 107059 integer (107059 binary)
Coefficient statistics:
  Matrix range     [1e+00, 1e+01]
  Objective range  [1e+00, 4e+00]
  Bounds range     [1e+00, 1e+00]
  RHS range        [1e+00, 4e+03]
Presolve removed 105780 rows and 48843 columns
Presolve time: 2.09s
Presolved: 42275 rows, 58218 columns, 509432 nonzeros
Variable types: 0 continuous, 58218 integer (58218 binary)
Deterministic concurrent LP optimizer: primal simplex, dual simplex, and barrier
Showing barrier log only...

Root barrier log...

Ordering time: 0.15s

Barrier statistics:
 Dense cols : 6
 AA' NZ     : 5.375e+05
 Factor NZ  : 2.705e+06 (roughly 50 MB of memory)
 Factor Ops : 5.329e+08 (less than 1 second per iteration)
 Threads    : 5

                  Objective                Residual
Iter       Primal          Dual         Primal    Dual     Compl     Time
   0  -3.72468766e+06 -2.89771713e+04  5.82e+04 5.57e+00  2.35e+02     3s
   1  -1.90069745e+06 -3.95156669e+04  2.97e+04 7.27e+00  1.21e+02     3s
   2  -1.60823997e+06 -5.08539135e+04  2.51e+04 3.55e+00  9.82e+01     3s
   3  -1.18701372e+06 -6.08528505e+04  1.85e+04 8.76e-12  7.41e+01     3s
   4  -1.26583031e+05 -5.21177257e+04  1.98e+03 2.53e-03  8.50e+00     3s
   5  -4.94588646e+04 -3.38987113e+04  7.73e+02 2.71e-04  3.46e+00     3s
   6  -1.60608887e+04 -2.65866382e+04  2.51e+02 1.65e-04  1.41e+00     3s
   7  -7.18764846e+03 -2.18292183e+04  1.12e+02 1.22e-04  8.41e-01     3s
   8  -3.29386589e+03 -1.78404302e+04  5.15e+01 8.55e-05  5.71e-01     3s
   9   7.27970185e+02 -1.07000327e+04  7.22e+00 8.43e-05  2.64e-01     3s
  10   2.71120775e+03 -2.94937441e+03  1.10e+00 4.40e-05  7.99e-02     3s
  11   2.96495472e+03  1.24716936e+03  3.06e-01 1.15e-05  2.21e-02     3s
  12   3.05434781e+03  2.87137982e+03  1.93e-03 9.95e-14  2.13e-03     3s
  13   3.05201872e+03  3.04968643e+03  6.72e-12 1.48e-06  2.71e-05     3s
  14   3.05200002e+03  3.05199769e+03  7.89e-14 4.47e-08  2.71e-08     3s
  15   3.05200000e+03  3.05200000e+03  3.16e-14 1.95e-11  2.71e-11     3s

Barrier solved model in 15 iterations and 3.29 seconds (5.36 work units)
Optimal objective 3.05200000e+03

Concurrent spin time: 0.00s

Solved with dual simplex

Use crossover to convert LP symmetric solution to basic solution...

Root relaxation: objective 3.052000e+03, 14780 iterations, 2.51 seconds (3.67 work units)

    Nodes    |    Current Node    |     Objective Bounds      |     Work
 Expl Unexpl |  Obj  Depth IntInf | Incumbent    BestBd   Gap | It/Node Time

*    0     0               0    3052.0000000 3052.00000  0.00%     -    5s

Explored 1 nodes (23048 simplex iterations) in 5.91 seconds (9.36 work units)
Thread count was 8 (of 96 available processors)

Solution count 1: 3052 

Optimal solution found (tolerance 1.00e-04)
Best objective 3.052000000000e+03, best bound 3.052000000000e+03, gap 0.0000%
[32m2025-01-23 11:09:01,156 - INFO - Optimal solution found.[0m
[34m2025-01-23 11:09:01,157 - DEBUG - Sub Objectives:[0m
[34m2025-01-23 11:09:01,157 - DEBUG - (SOLVER):Minimize Delay: 0.0[0m
[34m2025-01-23 11:09:01,157 - DEBUG - (SOLVER):Minimize Missing Treatments: 3052.0[0m
[34m2025-01-23 11:09:01,239 - DEBUG - Patient 0 is admitted at day 0.[0m
[34m2025-01-23 11:09:01,239 - DEBUG - Patient 1 is admitted at day 3.[0m
[34m2025-01-23 11:09:01,239 - DEBUG - Patient 2 is admitted at day 0.[0m
[34m2025-01-23 11:09:01,239 - DEBUG - Patient 3 is admitted at day 2.[0m
[34m2025-01-23 11:09:01,239 - DEBUG - Patient 4 is admitted at day 0.[0m
[34m2025-01-23 11:09:01,239 - DEBUG - Patient 5 is admitted at day 0.[0m
[34m2025-01-23 11:09:01,239 - DEBUG - Patient 6 is admitted at day 4.[0m
[34m2025-01-23 11:09:01,239 - DEBUG - Patient 7 is admitted at day 10.[0m
[34m2025-01-23 11:09:01,239 - DEBUG - Patient 8 is admitted at day 14.[0m
[34m2025-01-23 11:09:01,239 - DEBUG - Patient 9 is admitted at day 0.[0m
[34m2025-01-23 11:09:01,239 - DEBUG - Patient 10 is admitted at day 0.[0m
[34m2025-01-23 11:09:01,239 - DEBUG - Patient 11 is admitted at day 1.[0m
[34m2025-01-23 11:09:01,239 - DEBUG - Patient 12 is admitted at day 6.[0m
[34m2025-01-23 11:09:01,239 - DEBUG - Patient 13 is admitted at day 8.[0m
[34m2025-01-23 11:09:01,239 - DEBUG - Patient 14 is admitted at day 2.[0m
[34m2025-01-23 11:09:01,239 - DEBUG - Patient 15 is admitted at day 0.[0m
[34m2025-01-23 11:09:01,239 - DEBUG - Patient 16 is admitted at day 6.[0m
[34m2025-01-23 11:09:01,239 - DEBUG - Patient 17 is admitted at day 0.[0m
[34m2025-01-23 11:09:01,240 - DEBUG - Patient 18 is admitted at day 3.[0m
[34m2025-01-23 11:09:01,240 - DEBUG - Patient 19 is admitted at day 7.[0m
[34m2025-01-23 11:09:01,240 - DEBUG - Patients [4, 5] have treatment 0 starting at day 0, hour 10.75 using resources [0, 5].[0m
[34m2025-01-23 11:09:01,240 - DEBUG - Patients [0] have treatment 0 starting at day 0, hour 14.75 using resources [2, 6].[0m
[34m2025-01-23 11:09:01,240 - DEBUG - Patients [2, 5, 9, 10] have treatment 0 starting at day 1, hour 15.0 using resources [0, 5].[0m
[34m2025-01-23 11:09:01,240 - DEBUG - Patients [4] have treatment 0 starting at day 2, hour 10.25 using resources [3, 6].[0m
[34m2025-01-23 11:09:01,240 - DEBUG - Patients [1, 3, 10, 11] have treatment 0 starting at day 3, hour 13.75 using resources [4, 5].[0m
[34m2025-01-23 11:09:01,240 - DEBUG - Patients [1, 3, 9, 11] have treatment 0 starting at day 4, hour 14.25 using resources [4, 6].[0m
[34m2025-01-23 11:09:01,240 - DEBUG - Patients [2] have treatment 0 starting at day 6, hour 11.0 using resources [0, 6].[0m
[34m2025-01-23 11:09:01,240 - DEBUG - Patients [4, 5, 10] have treatment 1 starting at day 0, hour 13.75 using resources [4, 7, 10].[0m
[34m2025-01-23 11:09:01,240 - DEBUG - Patients [2, 4] have treatment 1 starting at day 0, hour 14.75 using resources [4, 7, 10].[0m
[34m2025-01-23 11:09:01,240 - DEBUG - Patients [9, 14] have treatment 1 starting at day 2, hour 9.0 using resources [0, 5, 10].[0m
[34m2025-01-23 11:09:01,240 - DEBUG - Patients [2, 10] have treatment 1 starting at day 2, hour 14.25 using resources [4, 5, 11].[0m
[34m2025-01-23 11:09:01,240 - DEBUG - Patients [0, 3, 4, 6, 11, 15, 16, 17] have treatment 1 starting at day 6, hour 14.25 using resources [4, 5, 10].[0m
[34m2025-01-23 11:09:01,240 - DEBUG - Patients [14, 15, 17] have treatment 2 starting at day 2, hour 13.75 using resources [3, 6].[0m
[34m2025-01-23 11:09:01,240 - DEBUG - Patients [14, 15, 17, 18] have treatment 2 starting at day 3, hour 9.5 using resources [0, 6].[0m
[34m2025-01-23 11:09:01,240 - DEBUG - Patients [14, 15, 17] have treatment 2 starting at day 5, hour 10.75 using resources [1, 6].[0m
[34m2025-01-23 11:09:01,240 - DEBUG - Patients [14, 17, 18] have treatment 2 starting at day 5, hour 14.25 using resources [3, 6].[0m
[34m2025-01-23 11:09:01,240 - DEBUG - Patients [14, 15, 16, 17, 18] have treatment 2 starting at day 6, hour 11.5 using resources [1, 5].[0m
[34m2025-01-23 11:09:01,240 - DEBUG - Patients [15, 16, 18] have treatment 2 starting at day 6, hour 13.75 using resources [3, 6].[0m
[34m2025-01-23 11:09:01,240 - DEBUG - Patients [2, 3] have treatment 3 starting at day 2, hour 11.25 using resources [1, 6].[0m
[34m2025-01-23 11:09:01,240 - DEBUG - Patients [3] have treatment 3 starting at day 2, hour 15.25 using resources [1, 5].[0m
[34m2025-01-23 11:09:01,240 - DEBUG - Patients [2, 3] have treatment 3 starting at day 2, hour 8.5 using resources [2, 6].[0m
[34m2025-01-23 11:09:01,240 - DEBUG - Patients [1] have treatment 3 starting at day 3, hour 15.25 using resources [1, 6].[0m
[34m2025-01-23 11:09:01,240 - DEBUG - Patients [9] have treatment 4 starting at day 0, hour 9.5 using resources [1, 6].[0m
[34m2025-01-23 11:09:01,240 - DEBUG - Patients [9] have treatment 4 starting at day 0, hour 9.75 using resources [1, 5].[0m
[34m2025-01-23 11:09:01,240 - DEBUG - Patients [9] have treatment 4 starting at day 0, hour 11.75 using resources [1, 5].[0m
[34m2025-01-23 11:09:01,240 - DEBUG - Patients [9] have treatment 4 starting at day 0, hour 13.5 using resources [1, 6].[0m
[34m2025-01-23 11:09:01,241 - DEBUG - Patients [4] have treatment 4 starting at day 0, hour 13.5 using resources [2, 7].[0m
[34m2025-01-23 11:09:01,241 - DEBUG - Patients [11] have treatment 4 starting at day 2, hour 9.75 using resources [1, 6].[0m
[34m2025-01-23 11:09:01,241 - DEBUG - Patients [10] have treatment 4 starting at day 2, hour 13.5 using resources [1, 7].[0m
[34m2025-01-23 11:09:01,241 - DEBUG - Patients [10] have treatment 4 starting at day 3, hour 10.25 using resources [1, 5].[0m
[34m2025-01-23 11:09:01,241 - DEBUG - Patients [4] have treatment 4 starting at day 3, hour 11.5 using resources [1, 5].[0m
[34m2025-01-23 11:09:01,241 - DEBUG - Patients [11] have treatment 4 starting at day 3, hour 13.25 using resources [1, 5].[0m
[34m2025-01-23 11:09:01,241 - DEBUG - Patients [10] have treatment 4 starting at day 3, hour 15.0 using resources [1, 6].[0m
[34m2025-01-23 11:09:01,241 - DEBUG - Patients [6] have treatment 4 starting at day 4, hour 10.25 using resources [1, 5].[0m
[34m2025-01-23 11:09:01,241 - DEBUG - Patients [11] have treatment 4 starting at day 5, hour 9.25 using resources [1, 5].[0m
[34m2025-01-23 11:09:01,241 - DEBUG - Patients [6] have treatment 4 starting at day 5, hour 14.25 using resources [1, 5].[0m
[34m2025-01-23 11:09:01,241 - DEBUG - Patients [6] have treatment 4 starting at day 5, hour 14.75 using resources [2, 6].[0m
[34m2025-01-23 11:09:01,241 - DEBUG - Patients [4] have treatment 4 starting at day 5, hour 10.25 using resources [1, 5].[0m
[34m2025-01-23 11:09:01,241 - DEBUG - Patients [12] have treatment 4 starting at day 6, hour 13.75 using resources [1, 5].[0m
[34m2025-01-23 11:09:01,241 - DEBUG - Patients [10] have treatment 5 starting at day 0, hour 8.5 using resources [1, 8].[0m
[34m2025-01-23 11:09:01,241 - DEBUG - Patients [9] have treatment 5 starting at day 1, hour 10.25 using resources [1, 8].[0m
[34m2025-01-23 11:09:01,241 - DEBUG - Patients [11] have treatment 5 starting at day 1, hour 13.0 using resources [1, 8].[0m
[34m2025-01-23 11:09:01,241 - DEBUG - Patients [6] have treatment 5 starting at day 4, hour 8.0 using resources [1, 8].[0m
[34m2025-01-23 11:09:01,241 - DEBUG - Patients [6] have treatment 5 starting at day 4, hour 11.25 using resources [1, 8].[0m
[34m2025-01-23 11:09:01,241 - DEBUG - Patients [6] have treatment 5 starting at day 4, hour 15.25 using resources [1, 8].[0m
[34m2025-01-23 11:09:01,241 - DEBUG - Patients [9] have treatment 5 starting at day 5, hour 8.5 using resources [1, 8].[0m
[34m2025-01-23 11:09:01,241 - DEBUG - Patients [10] have treatment 5 starting at day 5, hour 10.0 using resources [2, 8].[0m
[34m2025-01-23 11:09:01,241 - DEBUG - Patients [5] have treatment 5 starting at day 5, hour 14.5 using resources [1, 8].[0m
[34m2025-01-23 11:09:01,241 - DEBUG - Patients [6] have treatment 5 starting at day 5, hour 15.25 using resources [1, 8].[0m
[34m2025-01-23 11:09:01,241 - DEBUG - Patients [5] have treatment 5 starting at day 6, hour 13.0 using resources [1, 8].[0m
[34m2025-01-23 11:09:01,241 - DEBUG - Patients [10] have treatment 5 starting at day 6, hour 14.5 using resources [2, 8].[0m
[34m2025-01-23 11:09:01,241 - DEBUG - Patients [10] have treatment 6 starting at day 0, hour 11.0 using resources [1, 8].[0m
[34m2025-01-23 11:09:01,241 - DEBUG - Patients [5] have treatment 6 starting at day 1, hour 8.0 using resources [2, 8].[0m
[34m2025-01-23 11:09:01,241 - DEBUG - Patients [5] have treatment 6 starting at day 1, hour 9.25 using resources [2, 8].[0m
[34m2025-01-23 11:09:01,241 - DEBUG - Patients [5] have treatment 6 starting at day 2, hour 8.75 using resources [1, 8].[0m
[34m2025-01-23 11:09:01,241 - DEBUG - Patients [11] have treatment 6 starting at day 3, hour 9.25 using resources [2, 8].[0m
[34m2025-01-23 11:09:01,242 - DEBUG - Patients [6] have treatment 6 starting at day 4, hour 13.0 using resources [1, 8].[0m
[34m2025-01-23 11:09:01,242 - DEBUG - Patients [11] have treatment 6 starting at day 6, hour 15.25 using resources [2, 8].[0m
[34m2025-01-23 11:09:01,242 - DEBUG - Patients [4, 11, 17] have treatment 7 starting at day 1, hour 14.5 using resources [4, 9].[0m
[34m2025-01-23 11:09:01,242 - DEBUG - Patients [0, 2, 4, 9] have treatment 7 starting at day 2, hour 13.0 using resources [4, 9].[0m
[34m2025-01-23 11:09:01,242 - DEBUG - Patients [2, 9, 15] have treatment 7 starting at day 5, hour 13.5 using resources [4, 9].[0m
[34m2025-01-23 11:09:01,242 - DEBUG - Patients [0] have treatment 8 starting at day 0, hour 9.5 using resources [0, 16].[0m
[34m2025-01-23 11:09:01,242 - DEBUG - Patients [2] have treatment 8 starting at day 0, hour 13.25 using resources [4, 16].[0m
[34m2025-01-23 11:09:01,242 - DEBUG - Patients [10] have treatment 8 starting at day 1, hour 10.5 using resources [4, 16].[0m
[34m2025-01-23 11:09:01,242 - DEBUG - Patients [11] have treatment 8 starting at day 2, hour 11.5 using resources [3, 16].[0m
[34m2025-01-23 11:09:01,242 - DEBUG - Patients [2] have treatment 8 starting at day 3, hour 10.0 using resources [0, 16].[0m
[34m2025-01-23 11:09:01,242 - DEBUG - Patients [5] have treatment 8 starting at day 3, hour 10.75 using resources [0, 16].[0m
[34m2025-01-23 11:09:01,242 - DEBUG - Patients [0] have treatment 8 starting at day 3, hour 13.75 using resources [1, 16].[0m
[34m2025-01-23 11:09:01,242 - DEBUG - Patients [3] have treatment 8 starting at day 4, hour 8.25 using resources [4, 16].[0m
[34m2025-01-23 11:09:01,242 - DEBUG - Patients [9] have treatment 8 starting at day 4, hour 9.25 using resources [2, 16].[0m
[34m2025-01-23 11:09:01,242 - DEBUG - Patients [11] have treatment 8 starting at day 4, hour 9.75 using resources [0, 16].[0m
[34m2025-01-23 11:09:01,242 - DEBUG - Patients [9] have treatment 8 starting at day 4, hour 10.25 using resources [3, 16].[0m
[34m2025-01-23 11:09:01,242 - DEBUG - Patients [10] have treatment 8 starting at day 4, hour 11.0 using resources [0, 16].[0m
[34m2025-01-23 11:09:01,242 - DEBUG - Patients [5] have treatment 8 starting at day 4, hour 13.25 using resources [0, 16].[0m
[34m2025-01-23 11:09:01,242 - DEBUG - Patients [4] have treatment 8 starting at day 4, hour 15.5 using resources [4, 16].[0m
[34m2025-01-23 11:09:01,242 - DEBUG - Patients [2] have treatment 8 starting at day 5, hour 10.75 using resources [0, 16].[0m
[34m2025-01-23 11:09:01,242 - DEBUG - Patients [1] have treatment 8 starting at day 5, hour 11.5 using resources [4, 16].[0m
[34m2025-01-23 11:09:01,242 - DEBUG - Patients [5] have treatment 8 starting at day 5, hour 13.75 using resources [1, 16].[0m
[34m2025-01-23 11:09:01,242 - DEBUG - Patients [12] have treatment 8 starting at day 6, hour 8.0 using resources [4, 16].[0m
[34m2025-01-23 11:09:01,242 - DEBUG - Patients [10] have treatment 8 starting at day 6, hour 9.75 using resources [0, 16].[0m
[34m2025-01-23 11:09:01,242 - DEBUG - Patients [3] have treatment 8 starting at day 6, hour 10.5 using resources [4, 16].[0m
[34m2025-01-23 11:09:01,242 - DEBUG - Patients [4] have treatment 8 starting at day 6, hour 13.0 using resources [0, 16].[0m
[34m2025-01-23 11:09:01,242 - DEBUG - Patients [0] have treatment 8 starting at day 6, hour 15.25 using resources [0, 16].[0m
[34m2025-01-23 11:09:01,242 - DEBUG - Patients [2, 17] have treatment 9 starting at day 0, hour 10.75 using resources [4].[0m
[34m2025-01-23 11:09:01,242 - DEBUG - Patients [0, 4] have treatment 9 starting at day 2, hour 14.5 using resources [0].[0m
[34m2025-01-23 11:09:01,243 - DEBUG - Patients [15, 17] have treatment 9 starting at day 5, hour 14.75 using resources [4].[0m
[34m2025-01-23 11:09:01,243 - DEBUG - Patients [1, 9, 11, 14, 17] have treatment 9 starting at day 6, hour 8.25 using resources [0].[0m
[34m2025-01-23 11:09:01,243 - DEBUG - Patients [5] have treatment 10 starting at day 0, hour 8.5 using resources [2, 14].[0m
[34m2025-01-23 11:09:01,243 - DEBUG - Patients [4] have treatment 10 starting at day 0, hour 10.0 using resources [1, 15].[0m
[34m2025-01-23 11:09:01,243 - DEBUG - Patients [5] have treatment 10 starting at day 0, hour 15.0 using resources [1, 14].[0m
[34m2025-01-23 11:09:01,243 - DEBUG - Patients [10] have treatment 10 starting at day 0, hour 9.25 using resources [2, 15].[0m
[34m2025-01-23 11:09:01,243 - DEBUG - Patients [10] have treatment 10 starting at day 1, hour 11.25 using resources [1, 14].[0m
[34m2025-01-23 11:09:01,243 - DEBUG - Patients [4] have treatment 10 starting at day 1, hour 8.25 using resources [1, 13].[0m
[34m2025-01-23 11:09:01,243 - DEBUG - Patients [15] have treatment 10 starting at day 1, hour 13.0 using resources [2, 12].[0m
[34m2025-01-23 11:09:01,243 - DEBUG - Patients [15] have treatment 10 starting at day 1, hour 14.75 using resources [2, 15].[0m
[34m2025-01-23 11:09:01,243 - DEBUG - Patients [15] have treatment 10 starting at day 2, hour 8.0 using resources [1, 15].[0m
[34m2025-01-23 11:09:01,243 - DEBUG - Patients [5] have treatment 10 starting at day 3, hour 14.25 using resources [1, 14].[0m
[34m2025-01-23 11:09:01,243 - DEBUG - Patients [17] have treatment 10 starting at day 3, hour 8.75 using resources [1, 13].[0m
[34m2025-01-23 11:09:01,243 - DEBUG - Patients [10] have treatment 10 starting at day 4, hour 9.5 using resources [1, 14].[0m
[34m2025-01-23 11:09:01,243 - DEBUG - Patients [15] have treatment 10 starting at day 4, hour 10.5 using resources [1, 14].[0m
[34m2025-01-23 11:09:01,243 - DEBUG - Patients [15] have treatment 10 starting at day 5, hour 9.25 using resources [2, 12].[0m
[34m2025-01-23 11:09:01,243 - DEBUG - Patients [6] have treatment 10 starting at day 5, hour 11.25 using resources [1, 13].[0m
[34m2025-01-23 11:09:01,243 - DEBUG - Patients [10] have treatment 10 starting at day 5, hour 13.0 using resources [1, 12].[0m
[34m2025-01-23 11:09:01,243 - DEBUG - Patients [4] have treatment 10 starting at day 6, hour 9.5 using resources [1, 13].[0m
[34m2025-01-23 11:09:01,243 - DEBUG - Patients [17] have treatment 10 starting at day 6, hour 10.0 using resources [2, 14].[0m
[34m2025-01-23 11:09:01,243 - DEBUG - Patients [12] have treatment 10 starting at day 6, hour 10.75 using resources [1, 14].[0m
[34m2025-01-23 11:09:01,243 - DEBUG - Patients [4] have treatment 10 starting at day 6, hour 11.25 using resources [2, 12].[0m
[34m2025-01-23 11:09:01,243 - DEBUG - Patients [9] have treatment 10 starting at day 6, hour 15.25 using resources [1, 12].[0m
[34m2025-01-23 11:09:01,243 - DEBUG - Patients [0] have treatment 11 starting at day 0, hour 10.0 using resources [0, 8].[0m
[34m2025-01-23 11:09:01,243 - DEBUG - Patients [15, 17] have treatment 11 starting at day 0, hour 13.25 using resources [0, 8].[0m
[34m2025-01-23 11:09:01,243 - DEBUG - Patients [0, 2, 15, 17] have treatment 11 starting at day 0, hour 14.0 using resources [0, 8].[0m
[34m2025-01-23 11:09:01,243 - DEBUG - Patients [15, 17] have treatment 11 starting at day 0, hour 14.75 using resources [0, 8].[0m
[34m2025-01-23 11:09:01,243 - DEBUG - Patients [4, 11, 15] have treatment 11 starting at day 1, hour 13.75 using resources [4, 8].[0m
[34m2025-01-23 11:09:01,243 - DEBUG - Patients [0, 5, 9, 10, 11] have treatment 11 starting at day 2, hour 10.5 using resources [0, 8].[0m
[34m2025-01-23 11:09:01,243 - DEBUG - Patients [5, 9] have treatment 11 starting at day 2, hour 15.0 using resources [2, 8].[0m
[34m2025-01-23 11:09:01,244 - DEBUG - Patients [2, 4, 14, 17] have treatment 11 starting at day 3, hour 8.0 using resources [4, 8].[0m
[34m2025-01-23 11:09:01,244 - DEBUG - Patients [0, 2, 5, 9, 18] have treatment 11 starting at day 3, hour 15.0 using resources [0, 8].[0m
[34m2025-01-23 11:09:01,244 - DEBUG - Patients [6, 10, 12, 16, 18] have treatment 11 starting at day 6, hour 8.5 using resources [1, 8].[0m
[34m2025-01-23 11:09:01,244 - DEBUG - Patients [1, 2, 6, 9, 15] have treatment 11 starting at day 6, hour 10.25 using resources [3, 8].[0m
[34m2025-01-23 11:09:01,244 - DEBUG - Patients [15] have treatment 12 starting at day 0, hour 8.0 using resources [3, 5].[0m
[34m2025-01-23 11:09:01,244 - DEBUG - Patients [15] have treatment 12 starting at day 1, hour 11.0 using resources [3, 5].[0m
[34m2025-01-23 11:09:01,244 - DEBUG - Patients [14] have treatment 12 starting at day 2, hour 8.0 using resources [3, 7].[0m
[34m2025-01-23 11:09:01,244 - DEBUG - Patients [17] have treatment 12 starting at day 2, hour 13.0 using resources [3, 6].[0m
[34m2025-01-23 11:09:01,244 - DEBUG - Patients [18] have treatment 12 starting at day 3, hour 8.5 using resources [3, 6].[0m
[34m2025-01-23 11:09:01,244 - DEBUG - Patients [18] have treatment 12 starting at day 3, hour 13.0 using resources [3, 7].[0m
[34m2025-01-23 11:09:01,244 - DEBUG - Patients [14] have treatment 12 starting at day 3, hour 14.75 using resources [3, 5].[0m
[34m2025-01-23 11:09:01,244 - DEBUG - Patients [18] have treatment 12 starting at day 4, hour 8.5 using resources [3, 6].[0m
[34m2025-01-23 11:09:01,244 - DEBUG - Patients [18] have treatment 12 starting at day 4, hour 11.0 using resources [3, 5].[0m
[34m2025-01-23 11:09:01,244 - DEBUG - Patients [14] have treatment 12 starting at day 4, hour 15.25 using resources [3, 7].[0m
[34m2025-01-23 11:09:01,244 - DEBUG - Patients [18] have treatment 12 starting at day 5, hour 11.25 using resources [3, 5].[0m
[34m2025-01-23 11:09:01,244 - DEBUG - Patients [18] have treatment 12 starting at day 5, hour 13.25 using resources [3, 5].[0m
[34m2025-01-23 11:09:01,244 - DEBUG - Patients [0, 2, 4, 9] have treatment 17 starting at day 1, hour 9.75 using resources [0, 7].[0m
[34m2025-01-23 11:09:01,244 - DEBUG - Patients [2, 4, 5, 9] have treatment 17 starting at day 4, hour 8.5 using resources [0, 7].[0m
[34m2025-01-23 11:09:01,244 - DEBUG - Patients [0, 4, 5, 9] have treatment 17 starting at day 5, hour 11.25 using resources [0, 7].[0m
[34m2025-01-23 11:09:01,244 - DEBUG - Patients [0, 2, 4, 5] have treatment 17 starting at day 6, hour 9.0 using resources [3, 7].[0m
[34m2025-01-23 11:09:01,244 - DEBUG - Patients [2, 5, 9, 14] have treatment 17 starting at day 6, hour 13.75 using resources [4, 7].[0m
[34m2025-01-23 11:09:01,244 - DEBUG - Patients [2, 10, 17] have treatment 18 starting at day 1, hour 8.75 using resources [3, 7].[0m
[34m2025-01-23 11:09:01,244 - DEBUG - Patients [0, 2, 4] have treatment 18 starting at day 1, hour 11.0 using resources [0, 7].[0m
[34m2025-01-23 11:09:01,244 - DEBUG - Patients [0, 2, 9, 10] have treatment 18 starting at day 1, hour 14.0 using resources [1, 7].[0m
[34m2025-01-23 11:09:01,244 - DEBUG - Patients [0, 4, 5, 6, 11, 14] have treatment 18 starting at day 5, hour 13.0 using resources [0, 7].[0m
[34m2025-01-23 11:09:01,244 - DEBUG - Patients [2, 4, 5, 9, 11, 18] have treatment 18 starting at day 5, hour 15.25 using resources [0, 7].[0m
[34m2025-01-23 11:09:01,244 - DEBUG - Patients [0, 1, 3, 5, 6, 9, 10, 11] have treatment 18 starting at day 6, hour 11.0 using resources [3, 7].[0m
[34m2025-01-23 11:09:01,244 - DEBUG - Patients [1, 2, 3] have treatment 19 starting at day 4, hour 9.0 using resources [0, 7].[0m
[34m2025-01-23 11:09:01,244 - DEBUG - Patients [1, 2, 3] have treatment 19 starting at day 4, hour 13.5 using resources [3, 7].[0m
[34m2025-01-23 11:09:01,244 - DEBUG - Patients [0, 1, 2] have treatment 19 starting at day 5, hour 9.25 using resources [0, 7].[0m
[34m2025-01-23 11:09:01,245 - DEBUG - Patients [0, 2, 3] have treatment 19 starting at day 5, hour 10.0 using resources [0, 7].[0m
[34m2025-01-23 11:09:01,245 - DEBUG - Patients [0, 1, 3] have treatment 19 starting at day 5, hour 14.5 using resources [0, 7].[0m
[34m2025-01-23 11:09:01,245 - DEBUG - Patients [0, 1, 3] have treatment 19 starting at day 6, hour 13.0 using resources [4, 7].[0m
[34m2025-01-23 11:09:01,245 - DEBUG - Patients [2] have treatment 20 starting at day 0, hour 9.0 using resources [3, 5].[0m
[34m2025-01-23 11:09:01,245 - DEBUG - Patients [0] have treatment 20 starting at day 0, hour 13.25 using resources [3, 5].[0m
[34m2025-01-23 11:09:01,245 - DEBUG - Patients [9] have treatment 20 starting at day 0, hour 15.25 using resources [3, 5].[0m
[34m2025-01-23 11:09:01,245 - DEBUG - Patients [11] have treatment 20 starting at day 1, hour 8.0 using resources [3, 7].[0m
[34m2025-01-23 11:09:01,245 - DEBUG - Patients [11] have treatment 20 starting at day 1, hour 10.25 using resources [3, 7].[0m
[34m2025-01-23 11:09:01,245 - DEBUG - Patients [0] have treatment 20 starting at day 1, hour 13.25 using resources [3, 5].[0m
[34m2025-01-23 11:09:01,245 - DEBUG - Patients [5] have treatment 20 starting at day 1, hour 14.0 using resources [3, 6].[0m
[34m2025-01-23 11:09:01,245 - DEBUG - Patients [0] have treatment 20 starting at day 1, hour 15.0 using resources [3, 6].[0m
[34m2025-01-23 11:09:01,245 - DEBUG - Patients [11] have treatment 20 starting at day 2, hour 15.0 using resources [3, 6].[0m
[34m2025-01-23 11:09:01,245 - DEBUG - Patients [1] have treatment 20 starting at day 3, hour 10.5 using resources [3, 5].[0m
[34m2025-01-23 11:09:01,245 - DEBUG - Patients [9] have treatment 20 starting at day 3, hour 13.75 using resources [3, 6].[0m
[34m2025-01-23 11:09:01,245 - DEBUG - Patients [4] have treatment 20 starting at day 5, hour 8.25 using resources [3, 5].[0m
[34m2025-01-23 11:09:01,245 - DEBUG - Patients [11] have treatment 20 starting at day 5, hour 10.5 using resources [3, 5].[0m
[34m2025-01-23 11:09:01,245 - DEBUG - Patients [10] have treatment 20 starting at day 5, hour 15.25 using resources [3, 6].[0m
[34m2025-01-23 11:09:01,245 - DEBUG - Patients [5] have treatment 20 starting at day 6, hour 8.25 using resources [3, 5].[0m
[34m2025-01-23 11:09:01,245 - DEBUG - Patients [11] have treatment 20 starting at day 6, hour 13.0 using resources [3, 6].[0m
[34m2025-01-23 11:09:01,245 - DEBUG - Patients [10] have treatment 20 starting at day 6, hour 15.25 using resources [3, 7].[0m
[34m2025-01-23 11:09:01,245 - DEBUG - Patients [10] have treatment 21 starting at day 0, hour 8.0 using resources [2, 7].[0m
[34m2025-01-23 11:09:01,245 - DEBUG - Patients [5] have treatment 21 starting at day 0, hour 10.25 using resources [2, 6].[0m
[34m2025-01-23 11:09:01,245 - DEBUG - Patients [5] have treatment 21 starting at day 1, hour 10.0 using resources [2, 5].[0m
[34m2025-01-23 11:09:01,245 - DEBUG - Patients [17] have treatment 21 starting at day 1, hour 10.5 using resources [2, 5].[0m
[34m2025-01-23 11:09:01,245 - DEBUG - Patients [9] have treatment 21 starting at day 1, hour 11.0 using resources [2, 6].[0m
[34m2025-01-23 11:09:01,245 - DEBUG - Patients [17] have treatment 21 starting at day 1, hour 11.5 using resources [2, 6].[0m
[34m2025-01-23 11:09:01,245 - DEBUG - Patients [3] have treatment 21 starting at day 2, hour 8.0 using resources [2, 6].[0m
[34m2025-01-23 11:09:01,245 - DEBUG - Patients [11] have treatment 21 starting at day 2, hour 10.0 using resources [2, 5].[0m
[34m2025-01-23 11:09:01,245 - DEBUG - Patients [4] have treatment 21 starting at day 2, hour 11.25 using resources [2, 5].[0m
[34m2025-01-23 11:09:01,245 - DEBUG - Patients [14] have treatment 21 starting at day 2, hour 13.25 using resources [2, 5].[0m
[34m2025-01-23 11:09:01,246 - DEBUG - Patients [10] have treatment 21 starting at day 3, hour 8.0 using resources [2, 6].[0m
[34m2025-01-23 11:09:01,246 - DEBUG - Patients [9] have treatment 21 starting at day 3, hour 8.5 using resources [2, 5].[0m
[34m2025-01-23 11:09:01,246 - DEBUG - Patients [3] have treatment 21 starting at day 3, hour 10.0 using resources [2, 6].[0m
[34m2025-01-23 11:09:01,246 - DEBUG - Patients [15] have treatment 21 starting at day 3, hour 10.75 using resources [2, 6].[0m
[34m2025-01-23 11:09:01,246 - DEBUG - Patients [1] have treatment 21 starting at day 3, hour 11.5 using resources [2, 6].[0m
[34m2025-01-23 11:09:01,246 - DEBUG - Patients [0] have treatment 21 starting at day 3, hour 13.25 using resources [2, 6].[0m
[34m2025-01-23 11:09:01,246 - DEBUG - Patients [0] have treatment 21 starting at day 3, hour 14.5 using resources [2, 6].[0m
[34m2025-01-23 11:09:01,246 - DEBUG - Patients [15] have treatment 21 starting at day 3, hour 15.0 using resources [2, 7].[0m
[34m2025-01-23 11:09:01,246 - DEBUG - Patients [1] have treatment 21 starting at day 4, hour 8.25 using resources [2, 5].[0m
[34m2025-01-23 11:09:01,246 - DEBUG - Patients [0] have treatment 21 starting at day 4, hour 8.75 using resources [2, 5].[0m
[34m2025-01-23 11:09:01,246 - DEBUG - Patients [0] have treatment 21 starting at day 4, hour 10.25 using resources [2, 6].[0m
[34m2025-01-23 11:09:01,246 - DEBUG - Patients [14] have treatment 21 starting at day 4, hour 10.75 using resources [2, 6].[0m
[34m2025-01-23 11:09:01,246 - DEBUG - Patients [15] have treatment 21 starting at day 4, hour 11.25 using resources [2, 6].[0m
[34m2025-01-23 11:09:01,246 - DEBUG - Patients [17] have treatment 21 starting at day 4, hour 13.0 using resources [2, 5].[0m
[34m2025-01-23 11:09:01,246 - DEBUG - Patients [17] have treatment 21 starting at day 4, hour 13.5 using resources [2, 6].[0m
[34m2025-01-23 11:09:01,246 - DEBUG - Patients [18] have treatment 21 starting at day 4, hour 14.75 using resources [2, 5].[0m
[34m2025-01-23 11:09:01,246 - DEBUG - Patients [18] have treatment 21 starting at day 4, hour 15.5 using resources [2, 6].[0m
[34m2025-01-23 11:09:01,246 - DEBUG - Patients [10] have treatment 21 starting at day 5, hour 8.25 using resources [2, 7].[0m
[34m2025-01-23 11:09:01,246 - DEBUG - Patients [9] have treatment 21 starting at day 5, hour 10.75 using resources [2, 7].[0m
[34m2025-01-23 11:09:01,246 - DEBUG - Patients [10] have treatment 21 starting at day 5, hour 11.5 using resources [2, 6].[0m
[34m2025-01-23 11:09:01,246 - DEBUG - Patients [1] have treatment 21 starting at day 5, hour 13.0 using resources [2, 6].[0m
[34m2025-01-23 11:09:01,246 - DEBUG - Patients [17] have treatment 21 starting at day 5, hour 13.5 using resources [2, 6].[0m
[34m2025-01-23 11:09:01,246 - DEBUG - Patients [14] have treatment 21 starting at day 5, hour 15.25 using resources [2, 5].[0m
[34m2025-01-23 11:09:01,246 - DEBUG - Patients [2] have treatment 21 starting at day 6, hour 9.5 using resources [2, 7].[0m
[34m2025-01-23 11:09:01,246 - DEBUG - Patients [18] have treatment 21 starting at day 6, hour 10.75 using resources [2, 5].[0m
[34m2025-01-23 11:09:01,246 - DEBUG - Patients [6] have treatment 21 starting at day 6, hour 13.0 using resources [2, 5].[0m
[34m2025-01-23 11:09:02,044 - DEBUG - Resource utilization factors:[0m
[34m2025-01-23 11:09:02,044 - DEBUG - Resource 0: 0.50[0m
[34m2025-01-23 11:09:02,044 - DEBUG - Resource 1: 0.70[0m
[34m2025-01-23 11:09:02,044 - DEBUG - Resource 2: 0.69[0m
[34m2025-01-23 11:09:02,044 - DEBUG - Resource 3: 0.67[0m
[34m2025-01-23 11:09:02,044 - DEBUG - Resource 4: 0.53[0m
[34m2025-01-23 11:09:02,044 - DEBUG - Resource 5: 0.46[0m
[34m2025-01-23 11:09:02,044 - DEBUG - Resource 6: 0.44[0m
[34m2025-01-23 11:09:02,044 - DEBUG - Resource 7: 0.38[0m
[34m2025-01-23 11:09:02,044 - DEBUG - Resource 8: 0.40[0m
[34m2025-01-23 11:09:02,044 - DEBUG - Resource 9: 0.07[0m
[34m2025-01-23 11:09:02,044 - DEBUG - Resource 10: 0.07[0m
[34m2025-01-23 11:09:02,044 - DEBUG - Resource 11: 0.02[0m
[34m2025-01-23 11:09:02,044 - DEBUG - Resource 12: 0.07[0m
[34m2025-01-23 11:09:02,044 - DEBUG - Resource 13: 0.05[0m
[34m2025-01-23 11:09:02,044 - DEBUG - Resource 14: 0.11[0m
[34m2025-01-23 11:09:02,044 - DEBUG - Resource 15: 0.05[0m
[34m2025-01-23 11:09:02,044 - DEBUG - Resource 16: 0.20[0m
[34m2025-01-23 11:09:02,044 - DEBUG - Average utilization factor: 0.32[0m
[34m2025-01-23 11:09:02,045 - DEBUG - Schedule Hash: b78a0c42af955c057b9f1694d1dded61[0m
[34m2025-01-23 11:09:02,045 - DEBUG - Patients Arrival Hash: a691802b12a8f43cd4909f6d85e8c585[0m
[34m2025-01-23 11:09:02,045 - DEBUG - Solver Hash: 3a1d8a865aafb4afd3273af9b81a47c0[0m
[34m2025-01-23 11:09:02,045 - DEBUG - Solution Hash: 69a80a009d1a0890f5d4865d88a976ea[0m
[34m2025-01-23 11:09:02,045 - DEBUG - Checking solution value.[0m
[34m2025-01-23 11:09:02,045 - DEBUG - Solvers objective function value: 3052.0[0m
[34m2025-01-23 11:09:02,048 - DEBUG - (VERIFIER):Treatment value: 0[0m
[34m2025-01-23 11:09:02,048 - DEBUG - (VERIFIER):Delay value: 0[0m
[34m2025-01-23 11:09:02,048 - DEBUG - (VERIFIER):Missing treatment value: 3052[0m
[34m2025-01-23 11:09:02,048 - DEBUG - Correct objective function value: 3052[0m
[34m2025-01-23 11:09:02,048 - DEBUG - Solution is valid.[0m
[34m2025-01-23 11:09:02,049 - DEBUG - All solvers accepted the solution.[0m
[32m2025-01-23 11:09:02,049 - INFO - Time to find solution: 6.86s with value 3052.000000[0m
[32m2025-01-23 11:09:02,049 - INFO - Extract solution time: 0.892s[0m
[32m2025-01-23 11:09:02,049 - INFO - Total Time: 10.517s[0m
