0.JOB_NAME: MIPSolver3_1_ab87f27c07
1.SOLVER: MIPSolver3
2.PARAMS: {'break_symmetry': True}
3.INSTANCE: /home/ir803925/Kobra/rehabiliation-admission-scheduling/data/comp_study_003/instance_p20_t15_low.txt
4.REPETITION: 1
5.CPU_CORES: 8
Current directory: /home/ir803925/Kobra/rehabiliation-admission-scheduling
[34m2025-01-23 11:06:47,092 - DEBUG - Solver: <class 'src.solvers.mip3.MIPSolver3'>[0m
[34m2025-01-23 11:06:47,092 - DEBUG - Args: {'break_symmetry': True}[0m
[34m2025-01-23 11:06:47,092 - DEBUG - File path /home/ir803925/Kobra/rehabiliation-admission-scheduling/data/comp_study_003/instance_p20_t15_low.txt[0m
[34m2025-01-23 11:06:47,093 - DEBUG - ADD INSTANCE DATA[0m
[34m2025-01-23 11:06:47,093 - DEBUG - ADD INSTANCE DATA[0m
[34m2025-01-23 11:06:47,093 - DEBUG - ADD INSTANCE DATA[0m
[34m2025-01-23 11:06:47,093 - DEBUG - ADD INSTANCE DATA[0m
[34m2025-01-23 11:06:47,093 - DEBUG - ADD INSTANCE DATA[0m
[34m2025-01-23 11:06:47,093 - DEBUG - ADD INSTANCE DATA[0m
[34m2025-01-23 11:06:47,093 - DEBUG - ADD INSTANCE DATA[0m
[34m2025-01-23 11:06:47,093 - DEBUG - ADD INSTANCE DATA[0m
[34m2025-01-23 11:06:47,093 - DEBUG - ADD INSTANCE DATA[0m
[34m2025-01-23 11:06:47,093 - DEBUG - ADD INSTANCE DATA[0m
[34m2025-01-23 11:06:47,094 - DEBUG - ADD INSTANCE DATA[0m
[34m2025-01-23 11:06:47,094 - DEBUG - ADD RESOURCE_GROUPS[0m
[34m2025-01-23 11:06:47,094 - DEBUG - ADD RESOURCE_GROUPS[0m
[34m2025-01-23 11:06:47,094 - DEBUG - ADD RESOURCE_GROUPS[0m
[34m2025-01-23 11:06:47,094 - DEBUG - ADD RESOURCE_GROUPS[0m
[34m2025-01-23 11:06:47,094 - DEBUG - ADD RESOURCE_GROUPS[0m
[34m2025-01-23 11:06:47,094 - DEBUG - ADD RESOURCE_GROUPS[0m
[34m2025-01-23 11:06:47,094 - DEBUG - ADD RESOURCE_GROUPS[0m
[34m2025-01-23 11:06:47,094 - DEBUG - ADD RESOURCE_GROUPS[0m
[34m2025-01-23 11:06:47,094 - DEBUG - ADD RESOURCE_GROUPS[0m
[34m2025-01-23 11:06:47,094 - DEBUG - ADD RESOURCE_GROUPS[0m
[34m2025-01-23 11:06:47,094 - DEBUG - ADD RESOURCE_GROUPS[0m
[34m2025-01-23 11:06:47,094 - DEBUG - ADD RESOURCE_GROUPS[0m
[34m2025-01-23 11:06:47,094 - DEBUG - ADD RESOURCES[0m
[34m2025-01-23 11:06:47,094 - DEBUG - ADD RESOURCES[0m
[34m2025-01-23 11:06:47,094 - DEBUG - ADD RESOURCES[0m
[34m2025-01-23 11:06:47,095 - DEBUG - ADD RESOURCES[0m
[34m2025-01-23 11:06:47,095 - DEBUG - ADD RESOURCES[0m
[34m2025-01-23 11:06:47,095 - DEBUG - ADD RESOURCES[0m
[34m2025-01-23 11:06:47,095 - DEBUG - ADD RESOURCES[0m
[34m2025-01-23 11:06:47,095 - DEBUG - ADD RESOURCES[0m
[34m2025-01-23 11:06:47,095 - DEBUG - ADD RESOURCES[0m
[34m2025-01-23 11:06:47,095 - DEBUG - ADD RESOURCES[0m
[34m2025-01-23 11:06:47,095 - DEBUG - ADD RESOURCES[0m
[34m2025-01-23 11:06:47,095 - DEBUG - ADD RESOURCES[0m
[34m2025-01-23 11:06:47,095 - DEBUG - ADD RESOURCES[0m
[34m2025-01-23 11:06:47,095 - DEBUG - ADD RESOURCES[0m
[34m2025-01-23 11:06:47,095 - DEBUG - ADD RESOURCES[0m
[34m2025-01-23 11:06:47,095 - DEBUG - ADD RESOURCES[0m
[34m2025-01-23 11:06:47,095 - DEBUG - ADD RESOURCES[0m
[34m2025-01-23 11:06:47,096 - DEBUG - ADD TREATMENTS[0m
[34m2025-01-23 11:06:47,096 - DEBUG - ADD TREATMENTS[0m
[34m2025-01-23 11:06:47,096 - DEBUG - ADD TREATMENTS[0m
[34m2025-01-23 11:06:47,096 - DEBUG - ADD TREATMENTS[0m
[34m2025-01-23 11:06:47,096 - DEBUG - ADD TREATMENTS[0m
[34m2025-01-23 11:06:47,096 - DEBUG - ADD TREATMENTS[0m
[34m2025-01-23 11:06:47,096 - DEBUG - ADD TREATMENTS[0m
[34m2025-01-23 11:06:47,096 - DEBUG - ADD TREATMENTS[0m
[34m2025-01-23 11:06:47,096 - DEBUG - ADD TREATMENTS[0m
[34m2025-01-23 11:06:47,096 - DEBUG - ADD TREATMENTS[0m
[34m2025-01-23 11:06:47,096 - DEBUG - ADD TREATMENTS[0m
[34m2025-01-23 11:06:47,096 - DEBUG - ADD TREATMENTS[0m
[34m2025-01-23 11:06:47,096 - DEBUG - ADD TREATMENTS[0m
[34m2025-01-23 11:06:47,097 - DEBUG - ADD TREATMENTS[0m
[34m2025-01-23 11:06:47,097 - DEBUG - ADD TREATMENTS[0m
[34m2025-01-23 11:06:47,097 - DEBUG - ADD TREATMENTS[0m
[34m2025-01-23 11:06:47,097 - DEBUG - ADD TREATMENTS[0m
[34m2025-01-23 11:06:47,098 - DEBUG - ADD TREATMENTS[0m
[34m2025-01-23 11:06:47,098 - DEBUG - ADD TREATMENTS[0m
[34m2025-01-23 11:06:47,098 - DEBUG - ADD TREATMENTS[0m
[34m2025-01-23 11:06:47,098 - DEBUG - ADD TREATMENTS[0m
[34m2025-01-23 11:06:47,099 - DEBUG - ADD TREATMENTS[0m
[34m2025-01-23 11:06:47,099 - DEBUG - ADD PATIENTS[0m
[34m2025-01-23 11:06:47,099 - DEBUG - ADD PATIENTS[0m
[34m2025-01-23 11:06:47,099 - DEBUG - ADD PATIENTS[0m
[34m2025-01-23 11:06:47,099 - DEBUG - ADD PATIENTS[0m
[34m2025-01-23 11:06:47,099 - DEBUG - ADD PATIENTS[0m
[34m2025-01-23 11:06:47,099 - DEBUG - ADD PATIENTS[0m
[34m2025-01-23 11:06:47,099 - DEBUG - ADD PATIENTS[0m
[34m2025-01-23 11:06:47,099 - DEBUG - ADD PATIENTS[0m
[34m2025-01-23 11:06:47,100 - DEBUG - ADD PATIENTS[0m
[34m2025-01-23 11:06:47,100 - DEBUG - ADD PATIENTS[0m
[34m2025-01-23 11:06:47,100 - DEBUG - ADD PATIENTS[0m
[34m2025-01-23 11:06:47,100 - DEBUG - ADD PATIENTS[0m
[34m2025-01-23 11:06:47,100 - DEBUG - ADD PATIENTS[0m
[34m2025-01-23 11:06:47,100 - DEBUG - ADD PATIENTS[0m
[34m2025-01-23 11:06:47,100 - DEBUG - ADD PATIENTS[0m
[34m2025-01-23 11:06:47,100 - DEBUG - ADD PATIENTS[0m
[34m2025-01-23 11:06:47,100 - DEBUG - ADD PATIENTS[0m
[34m2025-01-23 11:06:47,101 - DEBUG - ADD PATIENTS[0m
[34m2025-01-23 11:06:47,101 - DEBUG - ADD PATIENTS[0m
[34m2025-01-23 11:06:47,101 - DEBUG - ADD PATIENTS[0m
[34m2025-01-23 11:06:47,101 - DEBUG - Instance data:[0m
[34m2025-01-23 11:06:47,101 - DEBUG - 0[0m
[34m2025-01-23 11:06:47,101 - DEBUG - New Resource Group:frozenset({RG(therapists)})[0m
[34m2025-01-23 11:06:47,155 - DEBUG - 1[0m
[34m2025-01-23 11:06:47,155 - DEBUG - New Resource Group:frozenset({RG(physiotherapists)})[0m
[34m2025-01-23 11:06:47,155 - DEBUG - New Resource Group:frozenset({RG(therapists), RG(physiotherapists)})[0m
[34m2025-01-23 11:06:47,155 - DEBUG - 2[0m
[34m2025-01-23 11:06:47,155 - DEBUG - New Resource Group:frozenset({RG(massage_therapist)})[0m
[34m2025-01-23 11:06:47,155 - DEBUG - New Resource Group:frozenset({RG(therapists), RG(massage_therapist)})[0m
[34m2025-01-23 11:06:47,155 - DEBUG - New Resource Group:frozenset({RG(physiotherapists), RG(massage_therapist)})[0m
[34m2025-01-23 11:06:47,155 - DEBUG - New Resource Group:frozenset({RG(therapists), RG(physiotherapists), RG(massage_therapist)})[0m
[34m2025-01-23 11:06:47,155 - DEBUG - 3[0m
[34m2025-01-23 11:06:47,155 - DEBUG - New Resource Group:frozenset({RG(psychotherapists)})[0m
[34m2025-01-23 11:06:47,155 - DEBUG - New Resource Group:frozenset({RG(therapists), RG(psychotherapists)})[0m
[34m2025-01-23 11:06:47,155 - DEBUG - 4[0m
[34m2025-01-23 11:06:47,155 - DEBUG - New Resource Group:frozenset({RG(lifeguards)})[0m
[34m2025-01-23 11:06:47,155 - DEBUG - New Resource Group:frozenset({RG(therapists), RG(lifeguards)})[0m
[34m2025-01-23 11:06:47,155 - DEBUG - 5[0m
[34m2025-01-23 11:06:47,155 - DEBUG - New Resource Group:frozenset({RG(rooms)})[0m
[34m2025-01-23 11:06:47,166 - DEBUG - 6[0m
[34m2025-01-23 11:06:47,166 - DEBUG - 7[0m
[34m2025-01-23 11:06:47,166 - DEBUG - New Resource Group:frozenset({RG(rooms_with_beamer)})[0m
[34m2025-01-23 11:06:47,166 - DEBUG - New Resource Group:frozenset({RG(rooms), RG(rooms_with_beamer)})[0m
[34m2025-01-23 11:06:47,167 - DEBUG - 8[0m
[34m2025-01-23 11:06:47,167 - DEBUG - New Resource Group:frozenset({RG(sport_room)})[0m
[34m2025-01-23 11:06:47,170 - DEBUG - 9[0m
[34m2025-01-23 11:06:47,170 - DEBUG - New Resource Group:frozenset({RG(swimming_pool)})[0m
[34m2025-01-23 11:06:47,174 - DEBUG - 10[0m
[34m2025-01-23 11:06:47,174 - DEBUG - New Resource Group:frozenset({RG(arts_crafts_materials)})[0m
[34m2025-01-23 11:06:47,181 - DEBUG - 11[0m
[34m2025-01-23 11:06:47,181 - DEBUG - 12[0m
[34m2025-01-23 11:06:47,181 - DEBUG - New Resource Group:frozenset({RG(fitness_machines)})[0m
[34m2025-01-23 11:06:47,196 - DEBUG - 13[0m
[34m2025-01-23 11:06:47,196 - DEBUG - 14[0m
[34m2025-01-23 11:06:47,196 - DEBUG - 15[0m
[34m2025-01-23 11:06:47,196 - DEBUG - 16[0m
[34m2025-01-23 11:06:47,196 - DEBUG - New Resource Group:frozenset({RG(hydrotherapy_bath)})[0m
[34m2025-01-23 11:06:47,200 - DEBUG - Number of patients: 20[0m
[34m2025-01-23 11:06:47,200 - DEBUG - Number of beds: 20[0m
[34m2025-01-23 11:06:47,200 - DEBUG - Average number of treatments per patient: 54.75[0m
[34m2025-01-23 11:06:47,200 - DEBUG - Average number of treatment per stayed day: 3.0416666666666665[0m
[34m2025-01-23 11:06:47,200 - DEBUG - Number of treatments: 1095[0m
[34m2025-01-23 11:06:47,200 - DEBUG - Number of resources: 17[0m
[34m2025-01-23 11:06:47,200 - DEBUG - Number of resource groups: 12[0m
[34m2025-01-23 11:06:47,200 - DEBUG - Number of resource hours needed per all treatment by RG(therapists): 26.318055555555546[0m
[34m2025-01-23 11:06:47,200 - DEBUG - Number of resource hours needed per all treatment by RG(rooms): 59.24722222222225[0m
[34m2025-01-23 11:06:47,200 - DEBUG - Number of resource hours needed per all treatment by RG(arts_crafts_materials): 4.375000000000001[0m
[34m2025-01-23 11:06:47,200 - DEBUG - Number of resource hours needed per all treatment by RG(physiotherapists): 83.92222222222223[0m
[34m2025-01-23 11:06:47,200 - DEBUG - Number of resource hours needed per all treatment by RG(lifeguards): 3.4027777777777786[0m
[34m2025-01-23 11:06:47,200 - DEBUG - Number of resource hours needed per all treatment by RG(swimming_pool): 3.4027777777777786[0m
[34m2025-01-23 11:06:47,200 - DEBUG - Number of resource hours needed per all treatment by RG(hydrotherapy_bath): 6.805555555555556[0m
[34m2025-01-23 11:06:47,200 - DEBUG - Number of resource hours needed per all treatment by RG(sport_room): 64.98333333333332[0m
[34m2025-01-23 11:06:47,201 - DEBUG - Number of resource hours needed per all treatment by RG(rooms_with_beamer): 3.5583333333333327[0m
[34m2025-01-23 11:06:47,201 - DEBUG - Number of resource hours needed per all treatment by RG(psychotherapists): 29.944444444444432[0m
[34m2025-01-23 11:06:47,201 - DEBUG - Number of resource hours needed per all treatment by RG(massage_therapist): 16.13888888888889[0m
[34m2025-01-23 11:06:47,201 - DEBUG - Number of resource hours needed per all treatment by RG(fitness_machines): 18.666666666666668[0m
[32m2025-01-23 11:06:47,201 - INFO - {'solver': 'MIPSolver3', 'args': {'break_symmetry': True, 'log_to_console': True}}[0m
[34m2025-01-23 11:06:47,201 - DEBUG - Setting options: MIPSolver3[0m
[34m2025-01-23 11:06:47,201 - DEBUG -  ---- break_symmetry to True[0m
[34m2025-01-23 11:06:47,201 - DEBUG - Setting options: Solver[0m
[34m2025-01-23 11:06:47,201 - DEBUG -  ---- number_of_threads to 8 (default)[0m
[34m2025-01-23 11:06:47,201 - DEBUG -  ---- treatment_value to 0 (default)[0m
[34m2025-01-23 11:06:47,201 - DEBUG -  ---- delay_value to 1 (default)[0m
[34m2025-01-23 11:06:47,201 - DEBUG -  ---- missing_treatment_value to 4 (default)[0m
[34m2025-01-23 11:06:47,201 - DEBUG -  ---- log_to_console to True[0m
[34m2025-01-23 11:06:47,201 - DEBUG -  ---- log_to_file to True (default)[0m
[32m2025-01-23 11:06:47,225 - INFO - Create model: MIPSolver3[0m
Set parameter TSPort to value 50039
Set parameter TokenServer to value "license.itc.rwth-aachen.de"
Set parameter Threads to value 8
[34m2025-01-23 11:06:47,675 - DEBUG - Variables created.[0m
[34m2025-01-23 11:06:47,718 - DEBUG - Constraint (p1) created.[0m
[34m2025-01-23 11:06:48,208 - DEBUG - Constraint (when_admitted) created.[0m
[34m2025-01-23 11:06:48,434 - DEBUG - Constraint (p3) created.[0m
[34m2025-01-23 11:06:48,435 - DEBUG - Constraint (r1) created.[0m
[34m2025-01-23 11:06:48,622 - DEBUG - Constraint (r2) created.[0m
[34m2025-01-23 11:06:48,745 - DEBUG - Constraint (r3) created.[0m
[34m2025-01-23 11:06:49,115 - DEBUG - Constraint (r4) created.[0m
[34m2025-01-23 11:06:49,443 - DEBUG - Constraint (r6) created.[0m
[34m2025-01-23 11:06:49,444 - DEBUG - Constraint (r7) created.[0m
[34m2025-01-23 11:06:49,516 - DEBUG - Constraint (a4) created.[0m
[34m2025-01-23 11:06:49,540 - DEBUG - Constraint (a5) created.[0m
[34m2025-01-23 11:06:49,561 - DEBUG - Constraint (a5) created.[0m
[34m2025-01-23 11:06:49,577 - DEBUG - Constraint (symmetry) created.[0m
[32m2025-01-23 11:06:50,261 - INFO - Time to create model: 3.036[0m
[32m2025-01-23 11:06:50,261 - INFO - Solving model: MIPSolver3[0m
Gurobi Optimizer version 10.0.0 build v10.0.0rc2 (linux64)

CPU model: Intel(R) Xeon(R) Platinum 8468, instruction set [SSE2|AVX|AVX2|AVX512]
Thread count: 96 physical cores, 96 logical processors, using up to 8 threads

Optimize a model with 150827 rows, 107061 columns and 1147064 nonzeros
Model fingerprint: 0xf18b2a2c
Variable types: 2 continuous, 107059 integer (107059 binary)
Coefficient statistics:
  Matrix range     [1e+00, 1e+01]
  Objective range  [1e+00, 4e+00]
  Bounds range     [1e+00, 1e+00]
  RHS range        [1e+00, 4e+03]
Presolve removed 111664 rows and 54879 columns
Presolve time: 2.37s
Presolved: 39163 rows, 52182 columns, 460246 nonzeros
Variable types: 0 continuous, 52182 integer (52182 binary)
Deterministic concurrent LP optimizer: primal and dual simplex
Showing first log only...


Root simplex log...

Iteration    Objective       Primal Inf.    Dual Inf.      Time
   24156    3.2193951e+03   9.998410e-01   1.399516e+06      5s
   38425    3.1280572e+03   0.000000e+00   2.248130e+06     10s
Concurrent spin time: 0.00s

Solved with dual simplex

Root simplex log...

Iteration    Objective       Primal Inf.    Dual Inf.      Time
   23509    3.0520000e+03   0.000000e+00   0.000000e+00     10s

Root relaxation: objective 3.052000e+03, 23509 iterations, 7.73 seconds (14.30 work units)

    Nodes    |    Current Node    |     Objective Bounds      |     Work
 Expl Unexpl |  Obj  Depth IntInf | Incumbent    BestBd   Gap | It/Node Time

H    0     0                    3052.0000000 -120319.00  4042%     -   11s
     0     0          -    0      3052.00000 3052.00000  0.00%     -   11s

Explored 1 nodes (39113 simplex iterations) in 11.36 seconds (21.97 work units)
Thread count was 8 (of 96 available processors)

Solution count 1: 3052 

Optimal solution found (tolerance 1.00e-04)
Best objective 3.052000000000e+03, best bound 3.052000000000e+03, gap 0.0000%
[32m2025-01-23 11:07:01,661 - INFO - Optimal solution found.[0m
[34m2025-01-23 11:07:01,661 - DEBUG - Sub Objectives:[0m
[34m2025-01-23 11:07:01,662 - DEBUG - (SOLVER):Minimize Delay: 0.0[0m
[34m2025-01-23 11:07:01,662 - DEBUG - (SOLVER):Minimize Missing Treatments: 3052.0[0m
[34m2025-01-23 11:07:01,739 - DEBUG - Patient 0 is admitted at day 0.[0m
[34m2025-01-23 11:07:01,739 - DEBUG - Patient 1 is admitted at day 3.[0m
[34m2025-01-23 11:07:01,739 - DEBUG - Patient 2 is admitted at day 0.[0m
[34m2025-01-23 11:07:01,739 - DEBUG - Patient 3 is admitted at day 2.[0m
[34m2025-01-23 11:07:01,739 - DEBUG - Patient 4 is admitted at day 0.[0m
[34m2025-01-23 11:07:01,739 - DEBUG - Patient 5 is admitted at day 0.[0m
[34m2025-01-23 11:07:01,739 - DEBUG - Patient 6 is admitted at day 4.[0m
[34m2025-01-23 11:07:01,739 - DEBUG - Patient 7 is admitted at day 10.[0m
[34m2025-01-23 11:07:01,739 - DEBUG - Patient 8 is admitted at day 14.[0m
[34m2025-01-23 11:07:01,739 - DEBUG - Patient 9 is admitted at day 0.[0m
[34m2025-01-23 11:07:01,739 - DEBUG - Patient 10 is admitted at day 0.[0m
[34m2025-01-23 11:07:01,739 - DEBUG - Patient 11 is admitted at day 1.[0m
[34m2025-01-23 11:07:01,739 - DEBUG - Patient 12 is admitted at day 6.[0m
[34m2025-01-23 11:07:01,739 - DEBUG - Patient 13 is admitted at day 8.[0m
[34m2025-01-23 11:07:01,739 - DEBUG - Patient 14 is admitted at day 2.[0m
[34m2025-01-23 11:07:01,739 - DEBUG - Patient 15 is admitted at day 0.[0m
[34m2025-01-23 11:07:01,739 - DEBUG - Patient 16 is admitted at day 6.[0m
[34m2025-01-23 11:07:01,739 - DEBUG - Patient 17 is admitted at day 0.[0m
[34m2025-01-23 11:07:01,739 - DEBUG - Patient 18 is admitted at day 3.[0m
[34m2025-01-23 11:07:01,739 - DEBUG - Patient 19 is admitted at day 7.[0m
[34m2025-01-23 11:07:01,739 - DEBUG - Patients [0, 2, 5] have treatment 0 starting at day 0, hour 13.25 using resources [0, 5].[0m
[34m2025-01-23 11:07:01,739 - DEBUG - Patients [9] have treatment 0 starting at day 1, hour 11.0 using resources [0, 6].[0m
[34m2025-01-23 11:07:01,740 - DEBUG - Patients [3, 5, 9] have treatment 0 starting at day 2, hour 10.5 using resources [3, 7].[0m
[34m2025-01-23 11:07:01,740 - DEBUG - Patients [10] have treatment 0 starting at day 4, hour 9.5 using resources [0, 6].[0m
[34m2025-01-23 11:07:01,740 - DEBUG - Patients [2, 4, 5, 9, 11] have treatment 0 starting at day 4, hour 10.5 using resources [0, 5].[0m
[34m2025-01-23 11:07:01,740 - DEBUG - Patients [4, 5] have treatment 0 starting at day 4, hour 14.5 using resources [0, 7].[0m
[34m2025-01-23 11:07:01,740 - DEBUG - Patients [2, 6, 9, 10, 11] have treatment 0 starting at day 5, hour 8.25 using resources [0, 6].[0m
[34m2025-01-23 11:07:01,740 - DEBUG - Patients [3] have treatment 0 starting at day 5, hour 8.5 using resources [3, 7].[0m
[34m2025-01-23 11:07:01,740 - DEBUG - Patients [0, 3, 4, 5, 10] have treatment 0 starting at day 5, hour 15.0 using resources [3, 7].[0m
[34m2025-01-23 11:07:01,740 - DEBUG - Patients [1, 2, 9] have treatment 0 starting at day 5, hour 15.0 using resources [4, 5].[0m
[34m2025-01-23 11:07:01,740 - DEBUG - Patients [4, 6, 10] have treatment 0 starting at day 6, hour 9.0 using resources [0, 5].[0m
[34m2025-01-23 11:07:01,740 - DEBUG - Patients [15, 17] have treatment 1 starting at day 0, hour 10.25 using resources [0, 6, 10].[0m
[34m2025-01-23 11:07:01,740 - DEBUG - Patients [15] have treatment 1 starting at day 0, hour 13.0 using resources [3, 6, 10].[0m
[34m2025-01-23 11:07:01,740 - DEBUG - Patients [17] have treatment 1 starting at day 0, hour 13.0 using resources [4, 7, 11].[0m
[34m2025-01-23 11:07:01,740 - DEBUG - Patients [9, 10, 15] have treatment 1 starting at day 3, hour 14.25 using resources [1, 5, 10].[0m
[34m2025-01-23 11:07:01,740 - DEBUG - Patients [1, 4, 18] have treatment 1 starting at day 4, hour 8.5 using resources [3, 5, 10].[0m
[34m2025-01-23 11:07:01,740 - DEBUG - Patients [0, 1, 5, 17] have treatment 1 starting at day 5, hour 8.25 using resources [1, 5, 10].[0m
[34m2025-01-23 11:07:01,740 - DEBUG - Patients [3, 4, 10, 15, 18] have treatment 1 starting at day 6, hour 9.75 using resources [1, 5, 10].[0m
[34m2025-01-23 11:07:01,740 - DEBUG - Patients [0, 5, 15] have treatment 1 starting at day 6, hour 13.5 using resources [3, 5, 10].[0m
[34m2025-01-23 11:07:01,740 - DEBUG - Patients [0, 1, 2, 4, 6, 9, 12, 17] have treatment 1 starting at day 6, hour 15.0 using resources [3, 5, 10].[0m
[34m2025-01-23 11:07:01,740 - DEBUG - Patients [14, 15, 17, 18] have treatment 2 starting at day 3, hour 8.75 using resources [3, 5].[0m
[34m2025-01-23 11:07:01,740 - DEBUG - Patients [14, 15, 17] have treatment 2 starting at day 3, hour 15.25 using resources [2, 5].[0m
[34m2025-01-23 11:07:01,740 - DEBUG - Patients [14, 17, 18] have treatment 2 starting at day 4, hour 14.0 using resources [3, 5].[0m
[34m2025-01-23 11:07:01,740 - DEBUG - Patients [14, 15, 17, 18] have treatment 2 starting at day 5, hour 14.5 using resources [0, 5].[0m
[34m2025-01-23 11:07:01,740 - DEBUG - Patients [15, 17, 18] have treatment 2 starting at day 5, hour 15.25 using resources [2, 6].[0m
[34m2025-01-23 11:07:01,740 - DEBUG - Patients [14, 15, 16] have treatment 2 starting at day 6, hour 15.25 using resources [0, 6].[0m
[34m2025-01-23 11:07:01,740 - DEBUG - Patients [1] have treatment 3 starting at day 3, hour 10.25 using resources [1, 6].[0m
[34m2025-01-23 11:07:01,740 - DEBUG - Patients [0, 2] have treatment 3 starting at day 4, hour 8.75 using resources [2, 6].[0m
[34m2025-01-23 11:07:01,740 - DEBUG - Patients [0] have treatment 3 starting at day 4, hour 11.25 using resources [1, 5].[0m
[34m2025-01-23 11:07:01,740 - DEBUG - Patients [1] have treatment 3 starting at day 4, hour 15.0 using resources [1, 5].[0m
[34m2025-01-23 11:07:01,740 - DEBUG - Patients [0, 1, 2] have treatment 3 starting at day 5, hour 9.5 using resources [2, 5].[0m
[34m2025-01-23 11:07:01,741 - DEBUG - Patients [4] have treatment 4 starting at day 2, hour 11.75 using resources [1, 5].[0m
[34m2025-01-23 11:07:01,741 - DEBUG - Patients [11] have treatment 4 starting at day 2, hour 13.75 using resources [2, 7].[0m
[34m2025-01-23 11:07:01,741 - DEBUG - Patients [10] have treatment 4 starting at day 2, hour 15.75 using resources [1, 5].[0m
[34m2025-01-23 11:07:01,741 - DEBUG - Patients [10] have treatment 4 starting at day 2, hour 13.75 using resources [1, 5].[0m
[34m2025-01-23 11:07:01,741 - DEBUG - Patients [4] have treatment 4 starting at day 3, hour 14.5 using resources [2, 6].[0m
[34m2025-01-23 11:07:01,741 - DEBUG - Patients [11] have treatment 4 starting at day 4, hour 11.75 using resources [2, 6].[0m
[34m2025-01-23 11:07:01,741 - DEBUG - Patients [6] have treatment 4 starting at day 4, hour 15.75 using resources [1, 5].[0m
[34m2025-01-23 11:07:01,741 - DEBUG - Patients [9] have treatment 4 starting at day 5, hour 9.25 using resources [1, 5].[0m
[34m2025-01-23 11:07:01,741 - DEBUG - Patients [9] have treatment 4 starting at day 6, hour 11.75 using resources [2, 5].[0m
[34m2025-01-23 11:07:01,741 - DEBUG - Patients [12] have treatment 4 starting at day 6, hour 13.0 using resources [1, 5].[0m
[34m2025-01-23 11:07:01,741 - DEBUG - Patients [9] have treatment 5 starting at day 0, hour 10.0 using resources [1, 8].[0m
[34m2025-01-23 11:07:01,741 - DEBUG - Patients [10] have treatment 5 starting at day 0, hour 10.75 using resources [1, 8].[0m
[34m2025-01-23 11:07:01,741 - DEBUG - Patients [4] have treatment 5 starting at day 1, hour 11.25 using resources [1, 8].[0m
[34m2025-01-23 11:07:01,741 - DEBUG - Patients [11] have treatment 5 starting at day 2, hour 8.0 using resources [1, 8].[0m
[34m2025-01-23 11:07:01,741 - DEBUG - Patients [11] have treatment 5 starting at day 2, hour 9.0 using resources [1, 8].[0m
[34m2025-01-23 11:07:01,741 - DEBUG - Patients [9] have treatment 5 starting at day 2, hour 13.0 using resources [1, 8].[0m
[34m2025-01-23 11:07:01,741 - DEBUG - Patients [10] have treatment 5 starting at day 2, hour 15.0 using resources [1, 8].[0m
[34m2025-01-23 11:07:01,741 - DEBUG - Patients [4] have treatment 5 starting at day 5, hour 14.0 using resources [1, 8].[0m
[34m2025-01-23 11:07:01,741 - DEBUG - Patients [10] have treatment 6 starting at day 0, hour 13.0 using resources [1, 8].[0m
[34m2025-01-23 11:07:01,741 - DEBUG - Patients [5] have treatment 6 starting at day 0, hour 15.25 using resources [1, 8].[0m
[34m2025-01-23 11:07:01,741 - DEBUG - Patients [5] have treatment 6 starting at day 1, hour 10.25 using resources [1, 8].[0m
[34m2025-01-23 11:07:01,741 - DEBUG - Patients [10] have treatment 6 starting at day 1, hour 13.0 using resources [1, 8].[0m
[34m2025-01-23 11:07:01,741 - DEBUG - Patients [10] have treatment 6 starting at day 1, hour 15.25 using resources [1, 8].[0m
[34m2025-01-23 11:07:01,741 - DEBUG - Patients [11] have treatment 6 starting at day 2, hour 10.5 using resources [1, 8].[0m
[34m2025-01-23 11:07:01,741 - DEBUG - Patients [9] have treatment 6 starting at day 3, hour 13.5 using resources [1, 8].[0m
[34m2025-01-23 11:07:01,741 - DEBUG - Patients [9] have treatment 6 starting at day 3, hour 15.25 using resources [1, 8].[0m
[34m2025-01-23 11:07:01,741 - DEBUG - Patients [6] have treatment 6 starting at day 4, hour 8.0 using resources [1, 8].[0m
[34m2025-01-23 11:07:01,741 - DEBUG - Patients [6] have treatment 6 starting at day 4, hour 8.75 using resources [1, 8].[0m
[34m2025-01-23 11:07:01,741 - DEBUG - Patients [6] have treatment 6 starting at day 4, hour 10.5 using resources [1, 8].[0m
[34m2025-01-23 11:07:01,741 - DEBUG - Patients [4] have treatment 6 starting at day 5, hour 8.0 using resources [2, 8].[0m
[34m2025-01-23 11:07:01,741 - DEBUG - Patients [10] have treatment 6 starting at day 5, hour 10.5 using resources [2, 8].[0m
[34m2025-01-23 11:07:01,742 - DEBUG - Patients [6] have treatment 6 starting at day 5, hour 15.25 using resources [1, 8].[0m
[34m2025-01-23 11:07:01,742 - DEBUG - Patients [11] have treatment 6 starting at day 6, hour 9.5 using resources [2, 8].[0m
[34m2025-01-23 11:07:01,742 - DEBUG - Patients [10] have treatment 6 starting at day 6, hour 15.25 using resources [1, 8].[0m
[34m2025-01-23 11:07:01,742 - DEBUG - Patients [0, 2, 4, 9, 11, 15] have treatment 7 starting at day 1, hour 13.0 using resources [4, 9].[0m
[34m2025-01-23 11:07:01,742 - DEBUG - Patients [1, 11, 18] have treatment 7 starting at day 3, hour 13.0 using resources [4, 9].[0m
[34m2025-01-23 11:07:01,742 - DEBUG - Patients [3, 9, 15] have treatment 7 starting at day 4, hour 14.0 using resources [4, 9].[0m
[34m2025-01-23 11:07:01,742 - DEBUG - Patients [1, 3, 9, 16, 18] have treatment 7 starting at day 6, hour 13.75 using resources [4, 9].[0m
[34m2025-01-23 11:07:01,742 - DEBUG - Patients [4] have treatment 8 starting at day 0, hour 8.25 using resources [4, 16].[0m
[34m2025-01-23 11:07:01,742 - DEBUG - Patients [4] have treatment 8 starting at day 0, hour 9.0 using resources [0, 16].[0m
[34m2025-01-23 11:07:01,742 - DEBUG - Patients [10] have treatment 8 starting at day 0, hour 9.75 using resources [0, 16].[0m
[34m2025-01-23 11:07:01,742 - DEBUG - Patients [0] have treatment 8 starting at day 0, hour 11.25 using resources [0, 16].[0m
[34m2025-01-23 11:07:01,742 - DEBUG - Patients [9] have treatment 8 starting at day 0, hour 13.0 using resources [2, 16].[0m
[34m2025-01-23 11:07:01,742 - DEBUG - Patients [2] have treatment 8 starting at day 0, hour 14.0 using resources [4, 16].[0m
[34m2025-01-23 11:07:01,742 - DEBUG - Patients [9] have treatment 8 starting at day 0, hour 15.25 using resources [0, 16].[0m
[34m2025-01-23 11:07:01,742 - DEBUG - Patients [0] have treatment 8 starting at day 1, hour 11.5 using resources [4, 16].[0m
[34m2025-01-23 11:07:01,742 - DEBUG - Patients [5] have treatment 8 starting at day 1, hour 13.25 using resources [0, 16].[0m
[34m2025-01-23 11:07:01,742 - DEBUG - Patients [3] have treatment 8 starting at day 2, hour 8.75 using resources [0, 16].[0m
[34m2025-01-23 11:07:01,742 - DEBUG - Patients [0] have treatment 8 starting at day 2, hour 15.25 using resources [3, 16].[0m
[34m2025-01-23 11:07:01,742 - DEBUG - Patients [11] have treatment 8 starting at day 3, hour 8.25 using resources [4, 16].[0m
[34m2025-01-23 11:07:01,742 - DEBUG - Patients [3] have treatment 8 starting at day 3, hour 9.5 using resources [0, 16].[0m
[34m2025-01-23 11:07:01,742 - DEBUG - Patients [2] have treatment 8 starting at day 3, hour 10.5 using resources [4, 16].[0m
[34m2025-01-23 11:07:01,742 - DEBUG - Patients [3] have treatment 8 starting at day 4, hour 8.5 using resources [0, 16].[0m
[34m2025-01-23 11:07:01,742 - DEBUG - Patients [3] have treatment 8 starting at day 4, hour 10.5 using resources [4, 16].[0m
[34m2025-01-23 11:07:01,742 - DEBUG - Patients [1] have treatment 8 starting at day 4, hour 13.0 using resources [0, 16].[0m
[34m2025-01-23 11:07:01,742 - DEBUG - Patients [10] have treatment 8 starting at day 5, hour 11.25 using resources [3, 16].[0m
[34m2025-01-23 11:07:01,742 - DEBUG - Patients [1] have treatment 8 starting at day 6, hour 8.25 using resources [4, 16].[0m
[34m2025-01-23 11:07:01,742 - DEBUG - Patients [11] have treatment 8 starting at day 6, hour 9.0 using resources [3, 16].[0m
[34m2025-01-23 11:07:01,742 - DEBUG - Patients [5] have treatment 8 starting at day 6, hour 15.25 using resources [2, 16].[0m
[34m2025-01-23 11:07:01,742 - DEBUG - Patients [2, 10, 17] have treatment 9 starting at day 0, hour 8.5 using resources [1].[0m
[34m2025-01-23 11:07:01,742 - DEBUG - Patients [0, 2, 10, 11, 15, 17] have treatment 9 starting at day 1, hour 10.25 using resources [3].[0m
[34m2025-01-23 11:07:01,743 - DEBUG - Patients [14, 17] have treatment 9 starting at day 2, hour 10.5 using resources [0].[0m
[34m2025-01-23 11:07:01,743 - DEBUG - Patients [1, 6, 9, 10, 11, 15, 18] have treatment 9 starting at day 5, hour 13.0 using resources [3].[0m
[34m2025-01-23 11:07:01,743 - DEBUG - Patients [0, 2, 9, 12] have treatment 9 starting at day 6, hour 8.5 using resources [1].[0m
[34m2025-01-23 11:07:01,743 - DEBUG - Patients [0, 1, 9, 11] have treatment 9 starting at day 6, hour 10.5 using resources [0].[0m
[34m2025-01-23 11:07:01,743 - DEBUG - Patients [9] have treatment 10 starting at day 0, hour 8.25 using resources [2, 13].[0m
[34m2025-01-23 11:07:01,743 - DEBUG - Patients [4] have treatment 10 starting at day 0, hour 13.75 using resources [2, 12].[0m
[34m2025-01-23 11:07:01,743 - DEBUG - Patients [4] have treatment 10 starting at day 0, hour 15.25 using resources [2, 13].[0m
[34m2025-01-23 11:07:01,743 - DEBUG - Patients [5] have treatment 10 starting at day 1, hour 8.5 using resources [1, 12].[0m
[34m2025-01-23 11:07:01,743 - DEBUG - Patients [9] have treatment 10 starting at day 1, hour 14.5 using resources [2, 15].[0m
[34m2025-01-23 11:07:01,743 - DEBUG - Patients [11] have treatment 10 starting at day 1, hour 14.5 using resources [1, 14].[0m
[34m2025-01-23 11:07:01,743 - DEBUG - Patients [4] have treatment 10 starting at day 2, hour 8.75 using resources [2, 15].[0m
[34m2025-01-23 11:07:01,743 - DEBUG - Patients [5] have treatment 10 starting at day 3, hour 8.5 using resources [1, 12].[0m
[34m2025-01-23 11:07:01,743 - DEBUG - Patients [5] have treatment 10 starting at day 3, hour 9.5 using resources [2, 12].[0m
[34m2025-01-23 11:07:01,743 - DEBUG - Patients [4] have treatment 10 starting at day 4, hour 13.25 using resources [1, 12].[0m
[34m2025-01-23 11:07:01,743 - DEBUG - Patients [6] have treatment 10 starting at day 5, hour 11.0 using resources [1, 15].[0m
[34m2025-01-23 11:07:01,743 - DEBUG - Patients [14] have treatment 10 starting at day 6, hour 10.75 using resources [1, 12].[0m
[34m2025-01-23 11:07:01,743 - DEBUG - Patients [15] have treatment 10 starting at day 6, hour 10.75 using resources [2, 13].[0m
[34m2025-01-23 11:07:01,743 - DEBUG - Patients [0, 5] have treatment 11 starting at day 0, hour 8.25 using resources [0, 8].[0m
[34m2025-01-23 11:07:01,743 - DEBUG - Patients [4, 9, 15, 17] have treatment 11 starting at day 1, hour 8.25 using resources [0, 8].[0m
[34m2025-01-23 11:07:01,743 - DEBUG - Patients [0, 2, 14] have treatment 11 starting at day 2, hour 14.25 using resources [4, 8].[0m
[34m2025-01-23 11:07:01,743 - DEBUG - Patients [0, 1, 18] have treatment 11 starting at day 3, hour 11.0 using resources [0, 8].[0m
[34m2025-01-23 11:07:01,743 - DEBUG - Patients [9, 15] have treatment 11 starting at day 4, hour 9.75 using resources [1, 8].[0m
[34m2025-01-23 11:07:01,743 - DEBUG - Patients [5, 6, 11, 15, 18] have treatment 11 starting at day 5, hour 9.25 using resources [0, 8].[0m
[34m2025-01-23 11:07:01,743 - DEBUG - Patients [4, 6, 10, 16, 18] have treatment 11 starting at day 6, hour 8.25 using resources [0, 8].[0m
[34m2025-01-23 11:07:01,743 - DEBUG - Patients [2, 5, 6, 16] have treatment 11 starting at day 6, hour 10.25 using resources [3, 8].[0m
[34m2025-01-23 11:07:01,743 - DEBUG - Patients [2, 10, 11, 12, 17] have treatment 11 starting at day 6, hour 13.25 using resources [0, 8].[0m
[34m2025-01-23 11:07:01,743 - DEBUG - Patients [15] have treatment 12 starting at day 0, hour 8.75 using resources [3, 7].[0m
[34m2025-01-23 11:07:01,743 - DEBUG - Patients [15] have treatment 12 starting at day 0, hour 11.25 using resources [3, 5].[0m
[34m2025-01-23 11:07:01,743 - DEBUG - Patients [17] have treatment 12 starting at day 1, hour 13.0 using resources [3, 7].[0m
[34m2025-01-23 11:07:01,743 - DEBUG - Patients [17] have treatment 12 starting at day 4, hour 10.25 using resources [3, 6].[0m
[34m2025-01-23 11:07:01,744 - DEBUG - Patients [18] have treatment 12 starting at day 4, hour 13.25 using resources [3, 6].[0m
[34m2025-01-23 11:07:01,744 - DEBUG - Patients [18] have treatment 12 starting at day 6, hour 11.0 using resources [3, 5].[0m
[34m2025-01-23 11:07:01,744 - DEBUG - Patients [0, 2, 5] have treatment 17 starting at day 0, hour 10.25 using resources [3, 7].[0m
[34m2025-01-23 11:07:01,744 - DEBUG - Patients [0, 2, 4, 14] have treatment 17 starting at day 5, hour 11.5 using resources [4, 7].[0m
[34m2025-01-23 11:07:01,744 - DEBUG - Patients [2, 4, 5, 14] have treatment 17 starting at day 5, hour 13.5 using resources [0, 7].[0m
[34m2025-01-23 11:07:01,744 - DEBUG - Patients [0, 2, 4, 5, 14] have treatment 17 starting at day 6, hour 14.5 using resources [0, 7].[0m
[34m2025-01-23 11:07:01,744 - DEBUG - Patients [0, 2, 4, 9] have treatment 18 starting at day 0, hour 14.5 using resources [0, 7].[0m
[34m2025-01-23 11:07:01,744 - DEBUG - Patients [2, 5, 9] have treatment 18 starting at day 1, hour 9.5 using resources [0, 7].[0m
[34m2025-01-23 11:07:01,744 - DEBUG - Patients [0, 2, 4, 5, 17] have treatment 18 starting at day 1, hour 14.75 using resources [0, 7].[0m
[34m2025-01-23 11:07:01,744 - DEBUG - Patients [2, 10, 17] have treatment 18 starting at day 2, hour 8.75 using resources [3, 7].[0m
[34m2025-01-23 11:07:01,744 - DEBUG - Patients [0, 2, 9] have treatment 18 starting at day 2, hour 9.5 using resources [0, 7].[0m
[34m2025-01-23 11:07:01,744 - DEBUG - Patients [5, 14, 17] have treatment 18 starting at day 2, hour 15.25 using resources [0, 7].[0m
[34m2025-01-23 11:07:01,744 - DEBUG - Patients [0, 2, 3] have treatment 19 starting at day 2, hour 13.0 using resources [0, 7].[0m
[34m2025-01-23 11:07:01,744 - DEBUG - Patients [0, 1, 2, 3] have treatment 19 starting at day 3, hour 14.75 using resources [0, 7].[0m
[34m2025-01-23 11:07:01,744 - DEBUG - Patients [0, 2, 3] have treatment 19 starting at day 4, hour 9.75 using resources [2, 7].[0m
[34m2025-01-23 11:07:01,744 - DEBUG - Patients [11] have treatment 20 starting at day 1, hour 8.0 using resources [3, 7].[0m
[34m2025-01-23 11:07:01,744 - DEBUG - Patients [2] have treatment 20 starting at day 1, hour 8.75 using resources [3, 6].[0m
[34m2025-01-23 11:07:01,744 - DEBUG - Patients [10] have treatment 20 starting at day 1, hour 13.75 using resources [3, 5].[0m
[34m2025-01-23 11:07:01,744 - DEBUG - Patients [10] have treatment 20 starting at day 1, hour 14.5 using resources [3, 5].[0m
[34m2025-01-23 11:07:01,744 - DEBUG - Patients [3] have treatment 20 starting at day 2, hour 11.25 using resources [3, 6].[0m
[34m2025-01-23 11:07:01,744 - DEBUG - Patients [5] have treatment 20 starting at day 2, hour 13.75 using resources [3, 6].[0m
[34m2025-01-23 11:07:01,744 - DEBUG - Patients [9] have treatment 20 starting at day 3, hour 11.0 using resources [3, 6].[0m
[34m2025-01-23 11:07:01,744 - DEBUG - Patients [4] have treatment 20 starting at day 3, hour 13.25 using resources [3, 5].[0m
[34m2025-01-23 11:07:01,744 - DEBUG - Patients [3] have treatment 20 starting at day 3, hour 14.0 using resources [3, 7].[0m
[34m2025-01-23 11:07:01,744 - DEBUG - Patients [11] have treatment 20 starting at day 3, hour 15.0 using resources [3, 6].[0m
[34m2025-01-23 11:07:01,744 - DEBUG - Patients [1] have treatment 20 starting at day 4, hour 11.25 using resources [3, 7].[0m
[34m2025-01-23 11:07:01,744 - DEBUG - Patients [9] have treatment 20 starting at day 4, hour 15.25 using resources [3, 7].[0m
[34m2025-01-23 11:07:01,744 - DEBUG - Patients [11] have treatment 20 starting at day 6, hour 8.0 using resources [3, 5].[0m
[34m2025-01-23 11:07:01,744 - DEBUG - Patients [5] have treatment 21 starting at day 0, hour 9.25 using resources [2, 5].[0m
[34m2025-01-23 11:07:01,744 - DEBUG - Patients [10] have treatment 21 starting at day 0, hour 10.25 using resources [2, 5].[0m
[34m2025-01-23 11:07:01,745 - DEBUG - Patients [17] have treatment 21 starting at day 0, hour 11.25 using resources [2, 7].[0m
[34m2025-01-23 11:07:01,745 - DEBUG - Patients [0] have treatment 21 starting at day 1, hour 8.5 using resources [2, 5].[0m
[34m2025-01-23 11:07:01,745 - DEBUG - Patients [4] have treatment 21 starting at day 1, hour 9.5 using resources [2, 6].[0m
[34m2025-01-23 11:07:01,745 - DEBUG - Patients [11] have treatment 21 starting at day 1, hour 11.5 using resources [2, 5].[0m
[34m2025-01-23 11:07:01,745 - DEBUG - Patients [15] have treatment 21 starting at day 1, hour 15.25 using resources [2, 5].[0m
[34m2025-01-23 11:07:01,745 - DEBUG - Patients [15] have treatment 21 starting at day 2, hour 8.25 using resources [2, 5].[0m
[34m2025-01-23 11:07:01,745 - DEBUG - Patients [10] have treatment 21 starting at day 2, hour 9.5 using resources [2, 5].[0m
[34m2025-01-23 11:07:01,745 - DEBUG - Patients [14] have treatment 21 starting at day 2, hour 10.0 using resources [2, 5].[0m
[34m2025-01-23 11:07:01,745 - DEBUG - Patients [2] have treatment 21 starting at day 2, hour 10.75 using resources [2, 5].[0m
[34m2025-01-23 11:07:01,745 - DEBUG - Patients [11] have treatment 21 starting at day 2, hour 11.25 using resources [2, 5].[0m
[34m2025-01-23 11:07:01,745 - DEBUG - Patients [5] have treatment 21 starting at day 2, hour 14.5 using resources [2, 5].[0m
[34m2025-01-23 11:07:01,745 - DEBUG - Patients [15] have treatment 21 starting at day 2, hour 15.0 using resources [2, 5].[0m
[34m2025-01-23 11:07:01,745 - DEBUG - Patients [14] have treatment 21 starting at day 3, hour 8.25 using resources [2, 5].[0m
[34m2025-01-23 11:07:01,745 - DEBUG - Patients [18] have treatment 21 starting at day 3, hour 10.25 using resources [2, 5].[0m
[34m2025-01-23 11:07:01,745 - DEBUG - Patients [14] have treatment 21 starting at day 3, hour 10.75 using resources [2, 5].[0m
[34m2025-01-23 11:07:01,745 - DEBUG - Patients [3] have treatment 21 starting at day 3, hour 11.5 using resources [2, 5].[0m
[34m2025-01-23 11:07:01,745 - DEBUG - Patients [10] have treatment 21 starting at day 3, hour 13.25 using resources [2, 6].[0m
[34m2025-01-23 11:07:01,745 - DEBUG - Patients [18] have treatment 21 starting at day 4, hour 10.5 using resources [2, 7].[0m
[34m2025-01-23 11:07:01,745 - DEBUG - Patients [14] have treatment 21 starting at day 4, hour 11.0 using resources [2, 6].[0m
[34m2025-01-23 11:07:01,745 - DEBUG - Patients [11] have treatment 21 starting at day 4, hour 13.5 using resources [2, 5].[0m
[34m2025-01-23 11:07:01,745 - DEBUG - Patients [10] have treatment 21 starting at day 4, hour 14.5 using resources [2, 5].[0m
[34m2025-01-23 11:07:01,745 - DEBUG - Patients [6] have treatment 21 starting at day 4, hour 15.0 using resources [2, 6].[0m
[34m2025-01-23 11:07:01,745 - DEBUG - Patients [9] have treatment 21 starting at day 5, hour 11.25 using resources [2, 6].[0m
[34m2025-01-23 11:07:01,745 - DEBUG - Patients [17] have treatment 21 starting at day 5, hour 13.0 using resources [2, 5].[0m
[34m2025-01-23 11:07:01,745 - DEBUG - Patients [0] have treatment 21 starting at day 5, hour 13.5 using resources [2, 5].[0m
[34m2025-01-23 11:07:01,745 - DEBUG - Patients [5] have treatment 21 starting at day 5, hour 14.5 using resources [2, 6].[0m
[34m2025-01-23 11:07:01,745 - DEBUG - Patients [17] have treatment 21 starting at day 6, hour 8.25 using resources [2, 7].[0m
[34m2025-01-23 11:07:01,745 - DEBUG - Patients [17] have treatment 21 starting at day 6, hour 10.25 using resources [2, 7].[0m
[34m2025-01-23 11:07:01,745 - DEBUG - Patients [5] have treatment 21 starting at day 6, hour 13.0 using resources [2, 6].[0m
[34m2025-01-23 11:07:01,745 - DEBUG - Patients [6] have treatment 21 starting at day 6, hour 13.5 using resources [2, 7].[0m
[34m2025-01-23 11:07:02,534 - DEBUG - Resource utilization factors:[0m
[34m2025-01-23 11:07:02,534 - DEBUG - Resource 0: 0.55[0m
[34m2025-01-23 11:07:02,534 - DEBUG - Resource 1: 0.71[0m
[34m2025-01-23 11:07:02,534 - DEBUG - Resource 2: 0.64[0m
[34m2025-01-23 11:07:02,534 - DEBUG - Resource 3: 0.65[0m
[34m2025-01-23 11:07:02,534 - DEBUG - Resource 4: 0.34[0m
[34m2025-01-23 11:07:02,534 - DEBUG - Resource 5: 0.53[0m
[34m2025-01-23 11:07:02,535 - DEBUG - Resource 6: 0.29[0m
[34m2025-01-23 11:07:02,535 - DEBUG - Resource 7: 0.36[0m
[34m2025-01-23 11:07:02,535 - DEBUG - Resource 8: 0.44[0m
[34m2025-01-23 11:07:02,535 - DEBUG - Resource 9: 0.09[0m
[34m2025-01-23 11:07:02,535 - DEBUG - Resource 10: 0.14[0m
[34m2025-01-23 11:07:02,535 - DEBUG - Resource 11: 0.02[0m
[34m2025-01-23 11:07:02,535 - DEBUG - Resource 12: 0.08[0m
[34m2025-01-23 11:07:02,535 - DEBUG - Resource 13: 0.04[0m
[34m2025-01-23 11:07:02,535 - DEBUG - Resource 14: 0.01[0m
[34m2025-01-23 11:07:02,535 - DEBUG - Resource 15: 0.04[0m
[34m2025-01-23 11:07:02,535 - DEBUG - Resource 16: 0.19[0m
[34m2025-01-23 11:07:02,535 - DEBUG - Average utilization factor: 0.30[0m
[34m2025-01-23 11:07:02,536 - DEBUG - Schedule Hash: fa1faf5b6cf59bbecd70b09fa4e26fda[0m
[34m2025-01-23 11:07:02,536 - DEBUG - Patients Arrival Hash: a691802b12a8f43cd4909f6d85e8c585[0m
[34m2025-01-23 11:07:02,536 - DEBUG - Solver Hash: 367fed62934309069c3190172972a102[0m
[34m2025-01-23 11:07:02,536 - DEBUG - Solution Hash: 2ed9945f60da010959a2af18e1d8c381[0m
[34m2025-01-23 11:07:02,536 - DEBUG - Checking solution value.[0m
[34m2025-01-23 11:07:02,536 - DEBUG - Solvers objective function value: 3052.0[0m
[34m2025-01-23 11:07:02,538 - DEBUG - (VERIFIER):Treatment value: 0[0m
[34m2025-01-23 11:07:02,538 - DEBUG - (VERIFIER):Delay value: 0[0m
[34m2025-01-23 11:07:02,538 - DEBUG - (VERIFIER):Missing treatment value: 3052[0m
[34m2025-01-23 11:07:02,538 - DEBUG - Correct objective function value: 3052[0m
[34m2025-01-23 11:07:02,538 - DEBUG - Solution is valid.[0m
[34m2025-01-23 11:07:02,539 - DEBUG - All solvers accepted the solution.[0m
[32m2025-01-23 11:07:02,539 - INFO - Time to find solution: 12.278s with value 3052.000000[0m
[32m2025-01-23 11:07:02,539 - INFO - Extract solution time: 0.877s[0m
[32m2025-01-23 11:07:02,539 - INFO - Total Time: 15.314s[0m
