0.JOB_NAME: LBBDSolver_1_13e61bbe77
1.SOLVER: LBBDSolver
2.PARAMS: {'break_symmetry': False, 'add_constraints_to_symmetric_days': True, 'subsolver.restrict_obj_func_to_1': True, 'subsolver_cls': 'MIPSubsolver'}
3.INSTANCE: /home/ir803925/Kobra/rehabiliation-admission-scheduling/data/comp_study_004/instance_p10_t05_high.txt
4.REPETITION: 1
5.CPU_CORES: 8
Current directory: /home/ir803925/Kobra/rehabiliation-admission-scheduling
[34m2025-01-24 11:03:35,257 - DEBUG - Solver: <class 'src.solvers.benders.LBBDSolver'>[0m
[34m2025-01-24 11:03:35,257 - DEBUG - Args: {'break_symmetry': False, 'add_constraints_to_symmetric_days': True, 'subsolver.restrict_obj_func_to_1': True, 'subsolver_cls': <class 'src.solvers.subsolvers.mip_subsolver.MIPSubsolver'>}[0m
[34m2025-01-24 11:03:35,257 - DEBUG - File path /home/ir803925/Kobra/rehabiliation-admission-scheduling/data/comp_study_004/instance_p10_t05_high.txt[0m
[34m2025-01-24 11:03:35,270 - DEBUG - ADD INSTANCE DATA[0m
[34m2025-01-24 11:03:35,270 - DEBUG - ADD INSTANCE DATA[0m
[34m2025-01-24 11:03:35,270 - DEBUG - ADD INSTANCE DATA[0m
[34m2025-01-24 11:03:35,270 - DEBUG - ADD INSTANCE DATA[0m
[34m2025-01-24 11:03:35,271 - DEBUG - ADD INSTANCE DATA[0m
[34m2025-01-24 11:03:35,271 - DEBUG - ADD INSTANCE DATA[0m
[34m2025-01-24 11:03:35,271 - DEBUG - ADD INSTANCE DATA[0m
[34m2025-01-24 11:03:35,271 - DEBUG - ADD INSTANCE DATA[0m
[34m2025-01-24 11:03:35,271 - DEBUG - ADD INSTANCE DATA[0m
[34m2025-01-24 11:03:35,271 - DEBUG - ADD INSTANCE DATA[0m
[34m2025-01-24 11:03:35,271 - DEBUG - ADD INSTANCE DATA[0m
[34m2025-01-24 11:03:35,271 - DEBUG - ADD RESOURCE_GROUPS[0m
[34m2025-01-24 11:03:35,271 - DEBUG - ADD RESOURCE_GROUPS[0m
[34m2025-01-24 11:03:35,271 - DEBUG - ADD RESOURCE_GROUPS[0m
[34m2025-01-24 11:03:35,271 - DEBUG - ADD RESOURCE_GROUPS[0m
[34m2025-01-24 11:03:35,271 - DEBUG - ADD RESOURCE_GROUPS[0m
[34m2025-01-24 11:03:35,271 - DEBUG - ADD RESOURCE_GROUPS[0m
[34m2025-01-24 11:03:35,271 - DEBUG - ADD RESOURCE_GROUPS[0m
[34m2025-01-24 11:03:35,271 - DEBUG - ADD RESOURCE_GROUPS[0m
[34m2025-01-24 11:03:35,271 - DEBUG - ADD RESOURCE_GROUPS[0m
[34m2025-01-24 11:03:35,271 - DEBUG - ADD RESOURCE_GROUPS[0m
[34m2025-01-24 11:03:35,271 - DEBUG - ADD RESOURCE_GROUPS[0m
[34m2025-01-24 11:03:35,271 - DEBUG - ADD RESOURCE_GROUPS[0m
[34m2025-01-24 11:03:35,271 - DEBUG - ADD RESOURCES[0m
[34m2025-01-24 11:03:35,272 - DEBUG - ADD RESOURCES[0m
[34m2025-01-24 11:03:35,272 - DEBUG - ADD RESOURCES[0m
[34m2025-01-24 11:03:35,272 - DEBUG - ADD RESOURCES[0m
[34m2025-01-24 11:03:35,272 - DEBUG - ADD RESOURCES[0m
[34m2025-01-24 11:03:35,272 - DEBUG - ADD RESOURCES[0m
[34m2025-01-24 11:03:35,272 - DEBUG - ADD RESOURCES[0m
[34m2025-01-24 11:03:35,272 - DEBUG - ADD RESOURCES[0m
[34m2025-01-24 11:03:35,272 - DEBUG - ADD RESOURCES[0m
[34m2025-01-24 11:03:35,272 - DEBUG - ADD RESOURCES[0m
[34m2025-01-24 11:03:35,272 - DEBUG - ADD RESOURCES[0m
[34m2025-01-24 11:03:35,272 - DEBUG - ADD RESOURCES[0m
[34m2025-01-24 11:03:35,272 - DEBUG - ADD RESOURCES[0m
[34m2025-01-24 11:03:35,273 - DEBUG - ADD TREATMENTS[0m
[34m2025-01-24 11:03:35,273 - DEBUG - ADD TREATMENTS[0m
[34m2025-01-24 11:03:35,273 - DEBUG - ADD TREATMENTS[0m
[34m2025-01-24 11:03:35,273 - DEBUG - ADD TREATMENTS[0m
[34m2025-01-24 11:03:35,273 - DEBUG - ADD TREATMENTS[0m
[34m2025-01-24 11:03:35,273 - DEBUG - ADD TREATMENTS[0m
[34m2025-01-24 11:03:35,273 - DEBUG - ADD TREATMENTS[0m
[34m2025-01-24 11:03:35,273 - DEBUG - ADD TREATMENTS[0m
[34m2025-01-24 11:03:35,273 - DEBUG - ADD TREATMENTS[0m
[34m2025-01-24 11:03:35,273 - DEBUG - ADD TREATMENTS[0m
[34m2025-01-24 11:03:35,273 - DEBUG - ADD TREATMENTS[0m
[34m2025-01-24 11:03:35,273 - DEBUG - ADD TREATMENTS[0m
[34m2025-01-24 11:03:35,273 - DEBUG - ADD TREATMENTS[0m
[34m2025-01-24 11:03:35,273 - DEBUG - ADD TREATMENTS[0m
[34m2025-01-24 11:03:35,274 - DEBUG - ADD TREATMENTS[0m
[34m2025-01-24 11:03:35,274 - DEBUG - ADD TREATMENTS[0m
[34m2025-01-24 11:03:35,274 - DEBUG - ADD TREATMENTS[0m
[34m2025-01-24 11:03:35,275 - DEBUG - ADD TREATMENTS[0m
[34m2025-01-24 11:03:35,275 - DEBUG - ADD TREATMENTS[0m
[34m2025-01-24 11:03:35,275 - DEBUG - ADD TREATMENTS[0m
[34m2025-01-24 11:03:35,275 - DEBUG - ADD TREATMENTS[0m
[34m2025-01-24 11:03:35,275 - DEBUG - ADD TREATMENTS[0m
[34m2025-01-24 11:03:35,275 - DEBUG - ADD PATIENTS[0m
[34m2025-01-24 11:03:35,275 - DEBUG - ADD PATIENTS[0m
[34m2025-01-24 11:03:35,275 - DEBUG - ADD PATIENTS[0m
[34m2025-01-24 11:03:35,275 - DEBUG - ADD PATIENTS[0m
[34m2025-01-24 11:03:35,275 - DEBUG - ADD PATIENTS[0m
[34m2025-01-24 11:03:35,276 - DEBUG - ADD PATIENTS[0m
[34m2025-01-24 11:03:35,276 - DEBUG - ADD PATIENTS[0m
[34m2025-01-24 11:03:35,276 - DEBUG - ADD PATIENTS[0m
[34m2025-01-24 11:03:35,276 - DEBUG - ADD PATIENTS[0m
[34m2025-01-24 11:03:35,276 - DEBUG - ADD PATIENTS[0m
[34m2025-01-24 11:03:35,276 - DEBUG - Instance data:[0m
[34m2025-01-24 11:03:35,276 - DEBUG - 0[0m
[34m2025-01-24 11:03:35,276 - DEBUG - New Resource Group:frozenset({RG(therapists)})[0m
[34m2025-01-24 11:03:35,330 - DEBUG - 1[0m
[34m2025-01-24 11:03:35,330 - DEBUG - New Resource Group:frozenset({RG(physiotherapists)})[0m
[34m2025-01-24 11:03:35,330 - DEBUG - New Resource Group:frozenset({RG(therapists), RG(physiotherapists)})[0m
[34m2025-01-24 11:03:35,330 - DEBUG - 2[0m
[34m2025-01-24 11:03:35,330 - DEBUG - New Resource Group:frozenset({RG(massage_therapist)})[0m
[34m2025-01-24 11:03:35,330 - DEBUG - New Resource Group:frozenset({RG(therapists), RG(massage_therapist)})[0m
[34m2025-01-24 11:03:35,330 - DEBUG - New Resource Group:frozenset({RG(massage_therapist), RG(physiotherapists)})[0m
[34m2025-01-24 11:03:35,330 - DEBUG - New Resource Group:frozenset({RG(therapists), RG(massage_therapist), RG(physiotherapists)})[0m
[34m2025-01-24 11:03:35,330 - DEBUG - 3[0m
[34m2025-01-24 11:03:35,330 - DEBUG - New Resource Group:frozenset({RG(psychotherapists)})[0m
[34m2025-01-24 11:03:35,330 - DEBUG - New Resource Group:frozenset({RG(therapists), RG(psychotherapists)})[0m
[34m2025-01-24 11:03:35,330 - DEBUG - 4[0m
[34m2025-01-24 11:03:35,330 - DEBUG - New Resource Group:frozenset({RG(lifeguards)})[0m
[34m2025-01-24 11:03:35,330 - DEBUG - New Resource Group:frozenset({RG(therapists), RG(lifeguards)})[0m
[34m2025-01-24 11:03:35,330 - DEBUG - 5[0m
[34m2025-01-24 11:03:35,330 - DEBUG - New Resource Group:frozenset({RG(rooms)})[0m
[34m2025-01-24 11:03:35,341 - DEBUG - 6[0m
[34m2025-01-24 11:03:35,341 - DEBUG - 7[0m
[34m2025-01-24 11:03:35,341 - DEBUG - New Resource Group:frozenset({RG(rooms_with_beamer)})[0m
[34m2025-01-24 11:03:35,341 - DEBUG - New Resource Group:frozenset({RG(rooms_with_beamer), RG(rooms)})[0m
[34m2025-01-24 11:03:35,341 - DEBUG - 8[0m
[34m2025-01-24 11:03:35,342 - DEBUG - New Resource Group:frozenset({RG(sport_room)})[0m
[34m2025-01-24 11:03:35,345 - DEBUG - 9[0m
[34m2025-01-24 11:03:35,345 - DEBUG - New Resource Group:frozenset({RG(swimming_pool)})[0m
[34m2025-01-24 11:03:35,349 - DEBUG - 10[0m
[34m2025-01-24 11:03:35,349 - DEBUG - New Resource Group:frozenset({RG(arts_crafts_materials)})[0m
[34m2025-01-24 11:03:35,353 - DEBUG - 11[0m
[34m2025-01-24 11:03:35,353 - DEBUG - New Resource Group:frozenset({RG(fitness_machines)})[0m
[34m2025-01-24 11:03:35,357 - DEBUG - 12[0m
[34m2025-01-24 11:03:35,357 - DEBUG - New Resource Group:frozenset({RG(hydrotherapy_bath)})[0m
[34m2025-01-24 11:03:35,360 - DEBUG - Number of patients: 10[0m
[34m2025-01-24 11:03:35,360 - DEBUG - Number of beds: 10[0m
[34m2025-01-24 11:03:35,360 - DEBUG - Average number of treatments per patient: 107.8[0m
[34m2025-01-24 11:03:35,360 - DEBUG - Average number of treatment per stayed day: 5.988888888888889[0m
[34m2025-01-24 11:03:35,360 - DEBUG - Number of treatments: 1078[0m
[34m2025-01-24 11:03:35,360 - DEBUG - Number of resources: 13[0m
[34m2025-01-24 11:03:35,360 - DEBUG - Number of resource groups: 12[0m
[34m2025-01-24 11:03:35,361 - DEBUG - Number of resource hours needed per all treatment by RG(therapists): 25.783333333333335[0m
[34m2025-01-24 11:03:35,361 - DEBUG - Number of resource hours needed per all treatment by RG(rooms): 58.022222222222226[0m
[34m2025-01-24 11:03:35,361 - DEBUG - Number of resource hours needed per all treatment by RG(arts_crafts_materials): 4.472222222222222[0m
[34m2025-01-24 11:03:35,361 - DEBUG - Number of resource hours needed per all treatment by RG(physiotherapists): 82.56111111111112[0m
[34m2025-01-24 11:03:35,361 - DEBUG - Number of resource hours needed per all treatment by RG(lifeguards): 3.0138888888888884[0m
[34m2025-01-24 11:03:35,361 - DEBUG - Number of resource hours needed per all treatment by RG(swimming_pool): 3.0138888888888884[0m
[34m2025-01-24 11:03:35,361 - DEBUG - Number of resource hours needed per all treatment by RG(hydrotherapy_bath): 6.222222222222222[0m
[34m2025-01-24 11:03:35,361 - DEBUG - Number of resource hours needed per all treatment by RG(sport_room): 64.51666666666667[0m
[34m2025-01-24 11:03:35,361 - DEBUG - Number of resource hours needed per all treatment by RG(rooms_with_beamer): 3.597222222222221[0m
[34m2025-01-24 11:03:35,361 - DEBUG - Number of resource hours needed per all treatment by RG(psychotherapists): 29.94444444444445[0m
[34m2025-01-24 11:03:35,361 - DEBUG - Number of resource hours needed per all treatment by RG(massage_therapist): 15.555555555555554[0m
[34m2025-01-24 11:03:35,361 - DEBUG - Number of resource hours needed per all treatment by RG(fitness_machines): 18.666666666666668[0m
[32m2025-01-24 11:03:35,361 - INFO - {'solver': 'LBBDSolver', 'args': {'use_helper_constraints': True, 'break_symmetry': False, 'add_constraints_to_symmetric_days': True, 'subsolver.restrict_obj_func_to_1': True, 'subsolver_cls': <class 'src.solvers.subsolvers.mip_subsolver.MIPSubsolver'>, 'log_to_console': True}}[0m
[34m2025-01-24 11:03:35,361 - DEBUG - Setting options: LBBDSolver[0m
[34m2025-01-24 11:03:35,361 - DEBUG -  ---- break_symmetry to False[0m
[34m2025-01-24 11:03:35,361 - DEBUG -  ---- subsolver_cls to <class 'src.solvers.subsolvers.mip_subsolver.MIPSubsolver'>[0m
[34m2025-01-24 11:03:35,361 - DEBUG -  ---- use_helper_constraints to True[0m
[34m2025-01-24 11:03:35,361 - DEBUG -  ---- add_constraints_to_symmetric_days to True[0m
[34m2025-01-24 11:03:35,361 - DEBUG - Setting options: Solver[0m
[34m2025-01-24 11:03:35,361 - DEBUG -  ---- number_of_threads to 8 (default)[0m
[34m2025-01-24 11:03:35,361 - DEBUG -  ---- treatment_value to 0 (default)[0m
[34m2025-01-24 11:03:35,361 - DEBUG -  ---- delay_value to 1 (default)[0m
[34m2025-01-24 11:03:35,361 - DEBUG -  ---- missing_treatment_value to 4 (default)[0m
[34m2025-01-24 11:03:35,361 - DEBUG -  ---- log_to_console to True[0m
[34m2025-01-24 11:03:35,361 - DEBUG -  ---- log_to_file to True (default)[0m
[34m2025-01-24 11:03:35,416 - DEBUG - Setting options: MIPSubsolver[0m
[34m2025-01-24 11:03:35,417 - DEBUG -  ---- restrict_obj_func_to_1 to True[0m
[34m2025-01-24 11:03:35,417 - DEBUG - Setting Subsolver options: SubSolver[0m
[34m2025-01-24 11:03:35,417 - DEBUG -  ---- use_day_symmetry to True (default)[0m
[32m2025-01-24 11:03:35,462 - INFO - Create model: LBBDSolver[0m
Set parameter TSPort to value 50039
Set parameter TokenServer to value "license.itc.rwth-aachen.de"
Set parameter Threads to value 8
Set parameter LazyConstraints to value 1
[34m2025-01-24 11:03:35,697 - DEBUG - Variables created.[0m
[34m2025-01-24 11:03:36,488 - DEBUG - Constraint (not too many treatments) created.[0m
[34m2025-01-24 11:03:37,015 - DEBUG - Constraint (no_treatments_outside admittance) created.[0m
[34m2025-01-24 11:03:37,015 - DEBUG - Constraint (bed_usage) created.[0m
[34m2025-01-24 11:03:37,015 - DEBUG - Constraint (must be admitted) created.[0m
[34m2025-01-24 11:03:37,086 - DEBUG - Constraint (e_w_ub) created.[0m
[34m2025-01-24 11:03:37,107 - DEBUG - Constraint (day_ub) created.[0m
[34m2025-01-24 11:03:37,128 - DEBUG - Constraint (Day always) created.[0m
[34m2025-01-24 11:03:37,128 - DEBUG - Constraint (already_admitted) created.[0m
[32m2025-01-24 11:03:37,568 - INFO - Time to create model: 2.106[0m
[32m2025-01-24 11:03:37,568 - INFO - Solving model: LBBDSolver[0m
Gurobi Optimizer version 10.0.0 build v10.0.0rc2 (linux64)

CPU model: Intel(R) Xeon(R) Platinum 8468, instruction set [SSE2|AVX|AVX2|AVX512]
Thread count: 96 physical cores, 96 logical processors, using up to 8 threads

Optimize a model with 153580 rows, 67766 columns and 1208918 nonzeros
Model fingerprint: 0xfb316876
Variable types: 3 continuous, 67763 integer (67763 binary)
Coefficient statistics:
  Matrix range     [1e+00, 2e+01]
  Objective range  [1e+00, 4e+00]
  Bounds range     [1e+00, 1e+00]
  RHS range        [1e+00, 4e+03]
Presolve removed 134701 rows and 3348 columns
Presolve time: 1.01s
Presolved: 18879 rows, 64418 columns, 676339 nonzeros
Variable types: 1 continuous, 64417 integer (64405 binary)
Root relaxation presolved: 18827 rows, 64470 columns, 617654 nonzeros

Deterministic concurrent LP optimizer: primal simplex, dual simplex, and barrier
Showing barrier log only...

Root barrier log...

Ordering time: 0.01s

Barrier statistics:
 Dense cols : 5
 AA' NZ     : 6.836e+04
 Factor NZ  : 1.439e+05 (roughly 7 MB of memory)
 Factor Ops : 6.999e+06 (less than 1 second per iteration)
 Threads    : 6

                  Objective                Residual
Iter       Primal          Dual         Primal    Dual     Compl     Time
   0  -2.99557115e+06 -1.88029277e+04  3.39e+04 1.01e+00  3.22e+02     2s
   1  -1.58213870e+06 -2.56672623e+04  1.80e+04 8.56e-01  1.71e+02     2s
   2  -2.78104734e+05 -3.01493552e+04  3.20e+03 1.41e-02  3.31e+01     2s
   3  -6.42127466e+04 -2.26489684e+04  7.61e+02 4.63e-04  8.30e+00     2s
   4  -9.75462070e+03 -1.19663197e+04  1.40e+02 3.38e-04  1.85e+00     2s
   5   6.51127908e+02 -6.84945380e+03  2.31e+01 1.80e-04  6.33e-01     2s
   6   2.23200322e+03 -1.82440328e+03  4.95e+00 7.05e-05  2.47e-01     2s
   7   2.60103700e+03 -2.71837420e+01  7.41e-01 4.14e-05  1.35e-01     2s
   8   2.66205948e+03  2.20045332e+03  3.13e-02 5.95e-06  2.29e-02     2s
   9   2.66415342e+03  2.66336626e+03  5.69e-05 1.43e-05  3.90e-05     2s
  10   2.66400082e+03  2.66399780e+03  2.46e-07 8.64e-08  1.49e-07     2s
  11   2.66400000e+03  2.66400000e+03  3.13e-13 3.11e-12  1.89e-13     2s

Barrier solved model in 11 iterations and 1.79 seconds (5.35 work units)
Optimal objective 2.66400000e+03

Concurrent spin time: 0.00s

Solved with barrier

Use crossover to convert LP symmetric solution to basic solution...

Root relaxation: objective 2.664000e+03, 12681 iterations, 0.31 seconds (0.41 work units)

    Nodes    |    Current Node    |     Objective Bounds      |     Work
 Expl Unexpl |  Obj  Depth IntInf | Incumbent    BestBd   Gap | It/Node Time

     0     0 2664.00000    0   15          - 2664.00000      -     -    3s
[34m2025-01-24 11:03:40,766 - DEBUG - Checking day 0[0m
[34m2025-01-24 11:03:40,766 - DEBUG - ---------- SOLVE SUBSYSTEM ---------[0m
[34m2025-01-24 11:03:40,767 - DEBUG - SUBSOLVER DAY:0[0m
[34m2025-01-24 11:03:40,767 - DEBUG - SUBSOLVER PATIENTS:{T(ergotherapy_a): {P(patient0_o): 3, P(patient4_o): 1}, T(ergotherapy_b): {P(patient1_o): 1, P(patient4_o): 3, P(patient1_p): 3}, T(ergotherapy_c): {}, T(physiotherapy_a): {}, T(physiotherapy_b): {}, T(physiotherapy_c): {P(patient1_o): 3, P(patient4_o): 2}, T(physiotherapy_d): {}, T(watergymnastics): {P(patient0_c): 1, P(patient4_o): 1, P(patient1_p): 1}, T(hydrotherapy): {}, T(nordic_walking): {}, T(fitness_training): {P(patient0_o): 2}, T(yoga): {P(patient0_c): 2, P(patient1_o): 1, P(patient1_p): 3}, T(psychotherapy_single): {}, T(psychotherapy_group_a): {}, T(psychotherapy_group_b): {}, T(psychotherapy_group_c): {}, T(psychotherapy_group_d): {}, T(smoking_cessation): {}, T(nutritional_advice): {P(patient0_c): 2, P(patient0_o): 1, P(patient1_o): 2, P(patient4_o): 1}, T(cardiological_health_seminar): {}, T(general_psychological_support): {P(patient0_c): 3, P(patient0_o): 1, P(patient1_o): 1}, T(massage): {P(patient0_c): 1, P(patient0_o): 2, P(patient1_o): 1, P(patient4_o): 1}}[0m
Gurobi Optimizer version 10.0.0 build v10.0.0rc2 (linux64)

CPU model: Intel(R) Xeon(R) Platinum 8468, instruction set [SSE2|AVX|AVX2|AVX512]
Thread count: 96 physical cores, 96 logical processors, using up to 32 threads

Optimize a model with 456 rows, 3667 columns and 4315 nonzeros
Model fingerprint: 0x540129d4
Model has 1649 quadratic constraints
Variable types: 0 continuous, 3667 integer (3667 binary)
Coefficient statistics:
  Matrix range     [1e+00, 1e+01]
  QMatrix range    [1e+00, 1e+00]
  Objective range  [1e+00, 1e+00]
  Bounds range     [1e+00, 1e+00]
  RHS range        [1e+00, 3e+00]
  QRHS range       [1e+00, 1e+00]
Presolve removed 181 rows and 150 columns
Presolve time: 0.23s
Presolved: 28276 rows, 29535 columns, 341687 nonzeros
Variable types: 0 continuous, 29535 integer (29535 binary)
Deterministic concurrent LP optimizer: primal and dual simplex
Showing first log only...

Concurrent spin time: 0.00s

Solved with dual simplex

Use crossover to convert LP symmetric solution to basic solution...

Root relaxation: objective 0.000000e+00, 537 iterations, 0.11 seconds (0.17 work units)

    Nodes    |    Current Node    |     Objective Bounds      |     Work
 Expl Unexpl |  Obj  Depth IntInf | Incumbent    BestBd   Gap | It/Node Time

     0     0    0.00000    0  284          -    0.00000      -     -    1s
     0     0    0.00000    0  650          -    0.00000      -     -    2s
     0     0    0.00000    0  644          -    0.00000      -     -    5s
     0     0    0.00000    0  260          -    0.00000      -     -   13s
     0     0    0.00000    0  397          -    0.00000      -     -   13s
     0     0 infeasible    0               - infeasible      -     -   14s

Cutting planes:
  Gomory: 1
  Clique: 17
  MIR: 103
  Zero half: 108
  RLT: 613
  BQP: 348

Explored 1 nodes (38878 simplex iterations) in 14.50 seconds (24.08 work units)
Thread count was 32 (of 96 available processors)

Solution count 0

Model is infeasible
Best objective -, best bound -, gap -
[34m2025-01-24 11:03:56,923 - DEBUG - ---------- END SUBSYSTEM ---------[0m
[34m2025-01-24 11:03:56,924 - DEBUG - Infeasible day 0[0m
[32m2025-01-24 11:03:56,924 - INFO - d_prime: 0 d: 0[0m
[32m2025-01-24 11:03:56,926 - INFO - forbidden_vars: ([{1:3,7:1,11:3},{0:3,10:2,18:1,20:1,21:2},{0:1,1:3,5:2,7:1,18:1,21:1},{1:1,5:3,11:1,18:2,20:1,21:1},{7:1,11:2,18:2,20:3,21:1}])[0m
[32m2025-01-24 11:03:56,926 - INFO - False[0m
[34m2025-01-24 11:03:56,926 - DEBUG - Checking day 1[0m
[34m2025-01-24 11:03:56,926 - DEBUG - ---------- SOLVE SUBSYSTEM ---------[0m
[34m2025-01-24 11:03:56,926 - DEBUG - SUBSOLVER DAY:1[0m
[34m2025-01-24 11:03:56,926 - DEBUG - SUBSOLVER PATIENTS:{T(ergotherapy_a): {P(patient1_o): 1}, T(ergotherapy_b): {P(patient0_c): 3, P(patient0_o): 3, P(patient3_o): 3, P(patient1_p): 3}, T(ergotherapy_c): {}, T(physiotherapy_a): {}, T(physiotherapy_b): {}, T(physiotherapy_c): {}, T(physiotherapy_d): {P(patient0_o): 1, P(patient1_o): 1, P(patient3_o): 1}, T(watergymnastics): {P(patient0_o): 1, P(patient4_o): 1, P(patient1_p): 1}, T(hydrotherapy): {}, T(nordic_walking): {P(patient4_o): 1, P(patient1_p): 1}, T(fitness_training): {P(patient0_o): 1, P(patient4_o): 4}, T(yoga): {P(patient1_o): 1, P(patient3_o): 1}, T(psychotherapy_single): {P(patient1_p): 1}, T(psychotherapy_group_a): {}, T(psychotherapy_group_b): {}, T(psychotherapy_group_c): {}, T(psychotherapy_group_d): {}, T(smoking_cessation): {P(patient0_c): 1, P(patient0_o): 1, P(patient1_o): 1}, T(nutritional_advice): {P(patient0_c): 2, P(patient0_o): 1, P(patient1_o): 1, P(patient3_o): 1, P(patient4_o): 1}, T(cardiological_health_seminar): {}, T(general_psychological_support): {P(patient1_o): 1, P(patient3_o): 1}, T(massage): {P(patient0_c): 3, P(patient0_o): 1, P(patient1_o): 3, P(patient3_o): 1, P(patient4_o): 2, P(patient1_p): 1}}[0m
Gurobi Optimizer version 10.0.0 build v10.0.0rc2 (linux64)

CPU model: Intel(R) Xeon(R) Platinum 8468, instruction set [SSE2|AVX|AVX2|AVX512]
Thread count: 96 physical cores, 96 logical processors, using up to 32 threads

Optimize a model with 511 rows, 3801 columns and 4615 nonzeros
Model fingerprint: 0xd0663725
Model has 1746 quadratic constraints
Variable types: 0 continuous, 3801 integer (3801 binary)
Coefficient statistics:
  Matrix range     [1e+00, 1e+01]
  QMatrix range    [1e+00, 1e+00]
  Objective range  [1e+00, 1e+00]
  Bounds range     [1e+00, 1e+00]
  RHS range        [1e+00, 4e+00]
  QRHS range       [1e+00, 1e+00]
Presolve removed 251 rows and 298 columns
Presolve time: 0.25s
Presolved: 30563 rows, 30640 columns, 359741 nonzeros
Variable types: 0 continuous, 30640 integer (30640 binary)
Deterministic concurrent LP optimizer: primal and dual simplex
Showing first log only...

Concurrent spin time: 0.07s

Solved with dual simplex

Use crossover to convert LP symmetric solution to basic solution...

Root relaxation: objective 0.000000e+00, 1401 iterations, 0.25 seconds (0.24 work units)

    Nodes    |    Current Node    |     Objective Bounds      |     Work
 Expl Unexpl |  Obj  Depth IntInf | Incumbent    BestBd   Gap | It/Node Time

     0     0    0.00000    0  433          -    0.00000      -     -    1s
     0     0    0.00000    0  543          -    0.00000      -     -    3s
     0     0    0.00000    0  593          -    0.00000      -     -    5s
     0     0    0.00000    0  651          -    0.00000      -     -    8s
     0     0    0.00000    0  395          -    0.00000      -     -   11s
     0     0    0.00000    0  554          -    0.00000      -     -   13s
     0     0    0.00000    0  550          -    0.00000      -     -   14s
     0     0    0.00000    0  265          -    0.00000      -     -   26s
     0     0    0.00000    0  447          -    0.00000      -     -   29s
     0     0    0.00000    0  407          -    0.00000      -     -   43s
     0     0    0.00000    0  480          -    0.00000      -     -   46s
     0     0    0.00000    0  482          -    0.00000      -     -   62s
     0     0    0.00000    0  540          -    0.00000      -     -   64s
     0     0    0.00000    0  540          -    0.00000      -     -   64s
     0     0    0.00000    0  472          -    0.00000      -     -   77s
     0     0    0.00000    0  408          -    0.00000      -     -   80s
     0     2    0.00000    0  336          -    0.00000      -     -   89s
     3     8    0.00000    2  472          -    0.00000      -  4286   91s
     7    16    0.00000    3  410          -    0.00000      -  3511   95s
    15    32    0.00000    4  509          -    0.00000      -  3796  102s
    31    64    0.00000    5  455          -    0.00000      -  6045  110s
    63    94    0.00000    6  517          -    0.00000      -  4794  116s
    95   126    0.00000    7  431          -    0.00000      -  4115  122s
   127   154    0.00000    7  395          -    0.00000      -  3785  128s
   159   186    0.00000    8  368          -    0.00000      -  3499  133s
   191   216    0.00000    8  422          -    0.00000      -  3192  146s
   223   251    0.00000    9  346          -    0.00000      -  3071  151s
   265   300    0.00000    9  359          -    0.00000      -  2895  158s
   318   384    0.00000   10  363          -    0.00000      -  2661  168s
   416   539    0.00000   11  356          -    0.00000      -  2433  188s
   670   820    0.00000   17  333          -    0.00000      -  2133  220s
  1219  1025 infeasible   22               -    0.00000      -  1751  269s
  2010  1375    0.00000   30  321          -    0.00000      -  1650  330s
  3540  1112 infeasible   41               -    0.00000      -  1403  394s
  4715  1142 infeasible   32               -    0.00000      -  1406  444s
  5530   959 infeasible   40               -    0.00000      -  1428  493s
  6125   750 infeasible   18               -    0.00000      -  1491  538s
  6530   535 infeasible   29               -    0.00000      -  1557  576s
  6805   372 infeasible   16               -    0.00000      -  1615  603s
  7050   207 infeasible   11               -    0.00000      -  1641  640s
  7247    31    0.50000   12  468          -    0.00000      -  1657  649s
  7463     0 infeasible   17               -    0.25222      -  1634  652s

Cutting planes:
  Gomory: 1
  Lift-and-project: 3
  Cover: 53
  Implied bound: 39
  Clique: 15
  MIR: 456
  Inf proof: 11
  Zero half: 10
  RLT: 1673
  BQP: 671

Explored 7496 nodes (12427269 simplex iterations) in 653.01 seconds (765.65 work units)
Thread count was 32 (of 96 available processors)

Solution count 0

Model is infeasible
Best objective -, best bound -, gap -
[34m2025-01-24 11:14:51,713 - DEBUG - ---------- END SUBSYSTEM ---------[0m
[34m2025-01-24 11:14:51,713 - DEBUG - Infeasible day 1[0m
[32m2025-01-24 11:14:51,714 - INFO - d_prime: 1 d: 1[0m
[32m2025-01-24 11:14:51,715 - INFO - d_prime: 3 d: 1[0m
[32m2025-01-24 11:14:51,716 - INFO - d_prime: 5 d: 1[0m
[32m2025-01-24 11:14:51,717 - INFO - forbidden_vars: ([{1:3,7:1,9:1,12:1,21:1},{1:3,6:1,11:1,18:1,20:1,21:1},{0:1,6:1,11:1,17:1,18:1,20:1,21:3},{1:3,17:1,18:2,21:3},{1:3,6:1,7:1,10:1,17:1,18:1,21:1},{7:1,9:1,10:4,18:1,21:2}])[0m
[32m2025-01-24 11:14:51,717 - INFO - False[0m
[34m2025-01-24 11:14:51,717 - DEBUG - Checking day 2[0m
[34m2025-01-24 11:14:51,717 - DEBUG - ---------- SOLVE SUBSYSTEM ---------[0m
[34m2025-01-24 11:14:51,717 - DEBUG - SUBSOLVER DAY:2[0m
[34m2025-01-24 11:14:51,717 - DEBUG - SUBSOLVER PATIENTS:{T(ergotherapy_a): {P(patient0_c): 3, P(patient0_o): 2, P(patient1_o): 3, P(patient4_o): 2}, T(ergotherapy_b): {P(patient4_o): 1, P(patient0_p): 2, P(patient1_p): 1}, T(ergotherapy_c): {}, T(physiotherapy_a): {P(patient0_c): 1}, T(physiotherapy_b): {}, T(physiotherapy_c): {}, T(physiotherapy_d): {P(patient0_o): 2, P(patient3_o): 5, P(patient4_o): 1}, T(watergymnastics): {}, T(hydrotherapy): {P(patient3_o): 2, P(patient4_o): 2}, T(nordic_walking): {P(patient4_o): 1, P(patient1_p): 1}, T(fitness_training): {P(patient0_p): 2}, T(yoga): {P(patient1_p): 1}, T(psychotherapy_single): {}, T(psychotherapy_group_a): {}, T(psychotherapy_group_b): {}, T(psychotherapy_group_c): {}, T(psychotherapy_group_d): {}, T(smoking_cessation): {}, T(nutritional_advice): {P(patient0_c): 1, P(patient0_o): 2, P(patient4_o): 1, P(patient0_p): 2}, T(cardiological_health_seminar): {}, T(general_psychological_support): {}, T(massage): {P(patient0_c): 2, P(patient1_o): 3, P(patient4_o): 1, P(patient1_p): 1}}[0m
Gurobi Optimizer version 10.0.0 build v10.0.0rc2 (linux64)

CPU model: Intel(R) Xeon(R) Platinum 8468, instruction set [SSE2|AVX|AVX2|AVX512]
Thread count: 96 physical cores, 96 logical processors, using up to 32 threads

Optimize a model with 491 rows, 4008 columns and 4754 nonzeros
Model fingerprint: 0xdc81b033
Model has 1843 quadratic constraints
Variable types: 0 continuous, 4008 integer (4008 binary)
Coefficient statistics:
  Matrix range     [1e+00, 1e+01]
  QMatrix range    [1e+00, 1e+00]
  Objective range  [1e+00, 1e+00]
  Bounds range     [1e+00, 1e+00]
  RHS range        [1e+00, 5e+00]
  QRHS range       [1e+00, 1e+00]
Presolve removed 197 rows and 95 columns
Presolve time: 0.25s
Presolved: 32541 rows, 33708 columns, 372688 nonzeros
Variable types: 0 continuous, 33708 integer (33708 binary)
Deterministic concurrent LP optimizer: primal and dual simplex
Showing first log only...

Concurrent spin time: 0.00s

Solved with dual simplex

Use crossover to convert LP symmetric solution to basic solution...

Root relaxation: objective 0.000000e+00, 732 iterations, 0.13 seconds (0.19 work units)

    Nodes    |    Current Node    |     Objective Bounds      |     Work
 Expl Unexpl |  Obj  Depth IntInf | Incumbent    BestBd   Gap | It/Node Time

     0     0    0.00000    0  446          -    0.00000      -     -    2s
     0     0    0.00000    0  583          -    0.00000      -     -    3s
     0     0    0.00000    0  715          -    0.00000      -     -    5s
     0     0    0.00000    0  692          -    0.00000      -     -    5s
     0     0    0.00000    0  640          -    0.00000      -     -   14s
     0     0    0.00000    0  629          -    0.00000      -     -   14s
     0     0    0.00000    0  713          -    0.00000      -     -   15s
     0     0    0.00000    0  464          -    0.00000      -     -   22s
     0     0    0.00000    0  445          -    0.00000      -     -   22s
     0     0    0.00000    0  437          -    0.00000      -     -   22s
     0     0    0.00000    0  734          -    0.00000      -     -   24s
     0     0    0.00000    0  437          -    0.00000      -     -   36s
     0     0    0.00000    0  267          -    0.00000      -     -   38s
     0     0    0.00000    0  249          -    0.00000      -     -   44s
     0     0    0.00000    0  362          -    0.00000      -     -   45s
     0     0    0.00000    0  408          -    0.00000      -     -   46s
     0     0    0.00000    0  337          -    0.00000      -     -   51s
H    0     0                       0.0000000    0.00000  0.00%     -   52s
     0     0    0.00000    0  402    0.00000    0.00000  0.00%     -   52s

Cutting planes:
  Gomory: 3
  Implied bound: 1
  Clique: 46
  MIR: 57
  Zero half: 10
  RLT: 499
  BQP: 137

Explored 1 nodes (117003 simplex iterations) in 52.27 seconds (77.06 work units)
Thread count was 32 (of 96 available processors)

Solution count 1: 0 

Optimal solution found (tolerance 1.00e-04)
Best objective 0.000000000000e+00, best bound 0.000000000000e+00, gap 0.0000%
[34m2025-01-24 11:15:45,702 - DEBUG - ---------- END SUBSYSTEM ---------[0m
[34m2025-01-24 11:15:45,703 - DEBUG - Checking day 3[0m
[34m2025-01-24 11:15:45,703 - DEBUG - ---------- SOLVE SUBSYSTEM ---------[0m
[34m2025-01-24 11:15:45,703 - DEBUG - SUBSOLVER DAY:3[0m
[34m2025-01-24 11:15:45,703 - DEBUG - SUBSOLVER PATIENTS:{T(ergotherapy_a): {P(patient0_o): 1, P(patient1_o): 3}, T(ergotherapy_b): {P(patient1_c): 1, P(patient0_o): 1, P(patient4_o): 2, P(patient0_p): 1, P(patient1_p): 1}, T(ergotherapy_c): {}, T(physiotherapy_a): {}, T(physiotherapy_b): {}, T(physiotherapy_c): {}, T(physiotherapy_d): {}, T(watergymnastics): {P(patient0_c): 1, P(patient1_c): 1, P(patient0_o): 2, P(patient3_o): 2, P(patient4_o): 2, P(patient0_p): 1}, T(hydrotherapy): {P(patient1_o): 2}, T(nordic_walking): {}, T(fitness_training): {P(patient1_o): 2, P(patient1_p): 2}, T(yoga): {P(patient0_c): 4, P(patient1_c): 1, P(patient0_o): 1, P(patient3_o): 2, P(patient0_p): 2}, T(psychotherapy_single): {P(patient0_p): 1, P(patient1_p): 1}, T(psychotherapy_group_a): {}, T(psychotherapy_group_b): {}, T(psychotherapy_group_c): {}, T(psychotherapy_group_d): {}, T(smoking_cessation): {}, T(nutritional_advice): {P(patient0_c): 2, P(patient1_c): 3, P(patient3_o): 2, P(patient4_o): 2, P(patient0_p): 3}, T(cardiological_health_seminar): {}, T(general_psychological_support): {P(patient1_c): 2, P(patient0_o): 2, P(patient3_o): 1}, T(massage): {}}[0m
Gurobi Optimizer version 10.0.0 build v10.0.0rc2 (linux64)

CPU model: Intel(R) Xeon(R) Platinum 8468, instruction set [SSE2|AVX|AVX2|AVX512]
Thread count: 96 physical cores, 96 logical processors, using up to 32 threads

Optimize a model with 432 rows, 3994 columns and 4859 nonzeros
Model fingerprint: 0xb831d3ee
Model has 2037 quadratic constraints
Variable types: 0 continuous, 3994 integer (3994 binary)
Coefficient statistics:
  Matrix range     [1e+00, 1e+01]
  QMatrix range    [1e+00, 1e+00]
  Objective range  [1e+00, 1e+00]
  Bounds range     [1e+00, 1e+00]
  RHS range        [1e+00, 4e+00]
  QRHS range       [1e+00, 1e+00]
Presolve removed 60 rows and 166 columns
Presolve time: 0.29s
Presolved: 34962 rows, 36274 columns, 432147 nonzeros
Variable types: 0 continuous, 36274 integer (36274 binary)
Deterministic concurrent LP optimizer: primal and dual simplex
Showing first log only...

Concurrent spin time: 0.00s

Solved with dual simplex

Use crossover to convert LP symmetric solution to basic solution...

Root relaxation: objective 0.000000e+00, 488 iterations, 0.11 seconds (0.18 work units)

    Nodes    |    Current Node    |     Objective Bounds      |     Work
 Expl Unexpl |  Obj  Depth IntInf | Incumbent    BestBd   Gap | It/Node Time

     0     0    0.00000    0  293          -    0.00000      -     -    1s
     0     0    0.00000    0  279          -    0.00000      -     -    1s
     0     0    0.00000    0  593          -    0.00000      -     -    2s
     0     0    0.00000    0  589          -    0.00000      -     -    2s
     0     0    0.00000    0  628          -    0.00000      -     -    3s
     0     0    0.00000    0  621          -    0.00000      -     -    3s
     0     0    0.00000    0  585          -    0.00000      -     -    5s
     0     0    0.00000    0  577          -    0.00000      -     -    5s
     0     0    0.00000    0  637          -    0.00000      -     -    7s
     0     0    0.00000    0  621          -    0.00000      -     -    7s
     0     0    0.00000    0  621          -    0.00000      -     -    7s
     0     0    0.00000    0  393          -    0.00000      -     -   12s
     0     0    0.00000    0  371          -    0.00000      -     -   12s
     0     0    0.00000    0  411          -    0.00000      -     -   14s
     0     0    0.00000    0  366          -    0.00000      -     -   16s
     0     0    0.00000    0  223          -    0.00000      -     -   20s
     0     0    0.00000    0  330          -    0.00000      -     -   20s
     0     0    0.00000    0  457          -    0.00000      -     -   21s
     0     0    0.00000    0  379          -    0.00000      -     -   23s
     0     0    0.00000    0  466          -    0.00000      -     -   23s
     0     0    0.00000    0  378          -    0.00000      -     -   25s
     0     0    0.00000    0  468          -    0.00000      -     -   26s
     0     0    0.00000    0  378          -    0.00000      -     -   30s
     0     0    0.00000    0  337          -    0.00000      -     -   30s
     0     2    0.00000    0  313          -    0.00000      -     -   33s
     3     8    0.00000    2  357          -    0.00000      -  1906   35s
    63    94    0.00000    6  338          -    0.00000      -  1017   41s
   159   190    0.00000    8  325          -    0.00000      -   675   45s
   263   297    0.00000   12  270          -    0.00000      -   580   50s
   376   416    0.00000   17  297          -    0.00000      -   541   57s
   425   642 infeasible   18               -    0.00000      -   515   61s
   669  1086    0.00000   30  226          -    0.00000      -   478   69s
  1157  1805    0.00000   40  336          -    0.00000      -   500   84s
  2159  3073    0.00000   50  347          -    0.00000      -   486  113s
  6100  3613    0.00000   29  305          -    0.00000      -   431  133s
  9576  4015    0.00000   51  174          -    0.00000      -   390  150s
 12134  4016    1.00000   60 5530          -    0.00000      -   388  156s
 12139  4019    0.00000   45  195          -    0.00000      -   388  160s
 12143  4022    0.00000   22  191          -    0.00000      -   388  165s
H12144  3821                       0.0000000    0.00000  0.00%   388  169s

Cutting planes:
  Gomory: 4
  Lift-and-project: 31
  Cover: 7
  Implied bound: 1
  Clique: 10
  MIR: 6
  Flow cover: 83
  Inf proof: 2
  Zero half: 22
  RLT: 549
  BQP: 142

Explored 12144 nodes (4860928 simplex iterations) in 169.40 seconds (161.63 work units)
Thread count was 32 (of 96 available processors)

Solution count 1: 0 

Optimal solution found (tolerance 1.00e-04)
Best objective 0.000000000000e+00, best bound 0.000000000000e+00, gap 0.0000%
[34m2025-01-24 11:18:37,245 - DEBUG - ---------- END SUBSYSTEM ---------[0m
[34m2025-01-24 11:18:37,245 - DEBUG - Checking day 4[0m
[34m2025-01-24 11:18:37,246 - DEBUG - ---------- SOLVE SUBSYSTEM ---------[0m
[34m2025-01-24 11:18:37,246 - DEBUG - SUBSOLVER DAY:4[0m
[34m2025-01-24 11:18:37,246 - DEBUG - SUBSOLVER PATIENTS:{T(ergotherapy_a): {P(patient0_o): 1}, T(ergotherapy_b): {P(patient1_c): 2, P(patient0_o): 1, P(patient1_o): 1, P(patient2_o): 4, P(patient2_p): 2}, T(ergotherapy_c): {}, T(physiotherapy_a): {P(patient0_c): 1}, T(physiotherapy_b): {}, T(physiotherapy_c): {P(patient1_o): 2, P(patient2_o): 1, P(patient3_o): 1, P(patient4_o): 1}, T(physiotherapy_d): {P(patient0_o): 2}, T(watergymnastics): {P(patient0_c): 1, P(patient1_c): 1, P(patient4_o): 3, P(patient1_p): 3, P(patient2_p): 1}, T(hydrotherapy): {P(patient1_c): 1}, T(nordic_walking): {}, T(fitness_training): {P(patient4_o): 1}, T(yoga): {P(patient1_c): 2, P(patient1_o): 1, P(patient2_o): 1}, T(psychotherapy_single): {P(patient2_p): 1}, T(psychotherapy_group_a): {P(patient0_p): 2, P(patient1_p): 2, P(patient2_p): 2}, T(psychotherapy_group_b): {}, T(psychotherapy_group_c): {}, T(psychotherapy_group_d): {}, T(smoking_cessation): {P(patient0_c): 1, P(patient0_o): 1, P(patient0_p): 1}, T(nutritional_advice): {P(patient0_c): 2, P(patient1_c): 2, P(patient2_o): 2, P(patient3_o): 2, P(patient0_p): 1, P(patient2_p): 1}, T(cardiological_health_seminar): {}, T(general_psychological_support): {P(patient2_o): 1, P(patient3_o): 2}, T(massage): {P(patient3_o): 1}}[0m
Gurobi Optimizer version 10.0.0 build v10.0.0rc2 (linux64)

CPU model: Intel(R) Xeon(R) Platinum 8468, instruction set [SSE2|AVX|AVX2|AVX512]
Thread count: 96 physical cores, 96 logical processors, using up to 32 threads

Optimize a model with 396 rows, 3654 columns and 4395 nonzeros
Model fingerprint: 0xa942f8d9
Model has 2231 quadratic constraints
Variable types: 0 continuous, 3654 integer (3654 binary)
Coefficient statistics:
  Matrix range     [1e+00, 1e+01]
  QMatrix range    [1e+00, 1e+00]
  Objective range  [1e+00, 1e+00]
  Bounds range     [1e+00, 1e+00]
  RHS range        [1e+00, 4e+00]
  QRHS range       [1e+00, 1e+00]
Presolve removed 184 rows and 696 columns
Presolve time: 0.23s
Presolved: 25271 rows, 25468 columns, 321631 nonzeros
Variable types: 0 continuous, 25468 integer (25468 binary)
Deterministic concurrent LP optimizer: primal and dual simplex
Showing first log only...

Concurrent spin time: 0.00s

Solved with dual simplex
Deterministic concurrent LP optimizer: primal and dual simplex
Showing first log only...

Concurrent spin time: 0.00s

Solved with dual simplex

Root relaxation: infeasible, 161 iterations, 0.15 seconds (0.16 work units)

    Nodes    |    Current Node    |     Objective Bounds      |     Work
 Expl Unexpl |  Obj  Depth IntInf | Incumbent    BestBd   Gap | It/Node Time

     0     0 infeasible    0               - infeasible      -     -    1s

Explored 1 nodes (161 simplex iterations) in 1.44 seconds (1.24 work units)
Thread count was 32 (of 96 available processors)

Solution count 0

Model is infeasible
Best objective -, best bound -, gap -
[34m2025-01-24 11:18:40,518 - DEBUG - ---------- END SUBSYSTEM ---------[0m
[34m2025-01-24 11:18:40,518 - DEBUG - Infeasible day 4[0m
[32m2025-01-24 11:18:40,519 - INFO - d_prime: 4 d: 4[0m
[32m2025-01-24 11:18:40,520 - INFO - d_prime: 6 d: 4[0m
[32m2025-01-24 11:18:40,521 - INFO - forbidden_vars: ([{1:1,5:2,11:1},{13:2,17:1,18:1},{0:1,1:1,6:2,17:1},{3:1,7:1,17:1,18:2},{5:1,7:3,10:1},{7:3,13:2},{5:1,18:2,20:2,21:1},{1:2,7:1,12:1,13:2,18:1},{1:2,7:1,8:1,11:2,18:2},{1:4,5:1,11:1,18:2,20:1}])[0m
[32m2025-01-24 11:18:40,521 - INFO - False[0m
[34m2025-01-24 11:18:40,521 - DEBUG - Checking day 5[0m
[34m2025-01-24 11:18:40,522 - DEBUG - ---------- SOLVE SUBSYSTEM ---------[0m
[34m2025-01-24 11:18:40,522 - DEBUG - SUBSOLVER DAY:5[0m
[34m2025-01-24 11:18:40,522 - DEBUG - SUBSOLVER PATIENTS:{T(ergotherapy_a): {P(patient1_c): 2, P(patient1_o): 1, P(patient4_o): 4}, T(ergotherapy_b): {P(patient0_o): 1, P(patient1_o): 2, P(patient2_o): 4, P(patient3_o): 1, P(patient4_o): 1, P(patient2_p): 2}, T(ergotherapy_c): {P(patient0_p): 1, P(patient1_p): 1, P(patient2_p): 1}, T(physiotherapy_a): {P(patient0_c): 1, P(patient1_c): 4}, T(physiotherapy_b): {P(patient0_o): 1, P(patient3_o): 1}, T(physiotherapy_c): {P(patient0_o): 1, P(patient1_o): 1, P(patient4_o): 1}, T(physiotherapy_d): {P(patient2_o): 2, P(patient4_o): 2}, T(watergymnastics): {P(patient0_c): 2, P(patient1_c): 1, P(patient3_o): 2, P(patient1_p): 2, P(patient2_p): 2}, T(hydrotherapy): {P(patient0_c): 1, P(patient4_o): 1}, T(nordic_walking): {}, T(fitness_training): {P(patient1_o): 2}, T(yoga): {P(patient0_c): 2, P(patient1_o): 1, P(patient2_o): 2, P(patient1_p): 1}, T(psychotherapy_single): {P(patient1_p): 1}, T(psychotherapy_group_a): {P(patient0_p): 2, P(patient1_p): 2, P(patient2_p): 2}, T(psychotherapy_group_b): {}, T(psychotherapy_group_c): {}, T(psychotherapy_group_d): {}, T(smoking_cessation): {P(patient0_c): 3, P(patient0_o): 3, P(patient1_o): 1, P(patient0_p): 2}, T(nutritional_advice): {}, T(cardiological_health_seminar): {}, T(general_psychological_support): {P(patient1_c): 1, P(patient0_o): 1, P(patient1_o): 1, P(patient2_o): 1}, T(massage): {}}[0m
Gurobi Optimizer version 10.0.0 build v10.0.0rc2 (linux64)

CPU model: Intel(R) Xeon(R) Platinum 8468, instruction set [SSE2|AVX|AVX2|AVX512]
Thread count: 96 physical cores, 96 logical processors, using up to 32 threads

Optimize a model with 554 rows, 5287 columns and 6344 nonzeros
Model fingerprint: 0x0f22754e
Model has 2231 quadratic constraints
Variable types: 0 continuous, 5287 integer (5287 binary)
Coefficient statistics:
  Matrix range     [1e+00, 1e+01]
  QMatrix range    [1e+00, 1e+00]
  Objective range  [1e+00, 1e+00]
  Bounds range     [1e+00, 1e+00]
  RHS range        [1e+00, 4e+00]
  QRHS range       [1e+00, 1e+00]
Presolve removed 63 rows and 268 columns
Presolve time: 0.41s
Presolved: 42625 rows, 43641 columns, 522710 nonzeros
Variable types: 0 continuous, 43641 integer (43641 binary)
Deterministic concurrent LP optimizer: primal and dual simplex
Showing first log only...

Concurrent spin time: 0.01s

Solved with dual simplex

Use crossover to convert LP symmetric solution to basic solution...

Root relaxation: objective 0.000000e+00, 926 iterations, 0.17 seconds (0.25 work units)

    Nodes    |    Current Node    |     Objective Bounds      |     Work
 Expl Unexpl |  Obj  Depth IntInf | Incumbent    BestBd   Gap | It/Node Time

     0     0    0.00000    0  545          -    0.00000      -     -    2s
     0     0    0.00000    0  611          -    0.00000      -     -    3s
     0     0    0.00000    0  897          -    0.00000      -     -   10s
     0     0    0.00000    0  848          -    0.00000      -     -   10s
     0     0    0.00000    0  896          -    0.00000      -     -   29s
     0     0    0.00000    0  867          -    0.00000      -     -   29s
     0     0    0.00000    0  867          -    0.00000      -     -   29s
     0     0    0.00000    0  978          -    0.00000      -     -   37s
     0     0    0.00000    0  954          -    0.00000      -     -   38s
     0     0    0.00000    0  951          -    0.00000      -     -   38s
     0     0    0.00000    0 1023          -    0.00000      -     -   60s
     0     0    0.00000    0  995          -    0.00000      -     -   69s
     0     0    0.00000    0  979          -    0.00000      -     -   89s
     0     0    0.00000    0  869          -    0.00000      -     -   97s
     0     0    0.00000    0  865          -    0.00000      -     -   97s
     0     0    0.00000    0  526          -    0.00000      -     -  108s
     0     0    0.00000    0  657          -    0.00000      -     -  111s
     0     0    0.00000    0  685          -    0.00000      -     -  115s
     0     0    0.00000    0  522          -    0.00000      -     -  128s
     0     0 infeasible    0               - infeasible      -     -  135s

Cutting planes:
  Gomory: 1
  Lift-and-project: 2
  Clique: 9
  MIR: 216
  Zero half: 27
  RLT: 786
  BQP: 103

Explored 1 nodes (220839 simplex iterations) in 135.28 seconds (243.37 work units)
Thread count was 32 (of 96 available processors)

Solution count 0

Model is infeasible
Best objective -, best bound -, gap -
[34m2025-01-24 11:20:58,314 - DEBUG - ---------- END SUBSYSTEM ---------[0m
[34m2025-01-24 11:20:58,314 - DEBUG - Infeasible day 5[0m
[32m2025-01-24 11:20:58,317 - INFO - d_prime: 5 d: 5[0m
[32m2025-01-24 11:20:58,319 - INFO - forbidden_vars: ([{1:1,4:1,7:2},{2:1,13:2,17:2},{1:1,4:1,5:1,17:3,20:1},{1:2,2:1,7:2,13:2},{2:1,7:2,11:1,12:1,13:2},{0:2,3:4,7:1,20:1},{0:1,1:2,5:1,10:2,11:1,17:1,20:1},{0:4,1:1,5:1,6:2,8:1},{1:4,6:2,11:2,20:1},{3:1,7:2,8:1,11:2,17:3}])[0m
[32m2025-01-24 11:20:58,319 - INFO - False[0m
[34m2025-01-24 11:20:58,319 - DEBUG - Checking day 6[0m
[34m2025-01-24 11:20:58,319 - DEBUG - ---------- SOLVE SUBSYSTEM ---------[0m
[34m2025-01-24 11:20:58,319 - DEBUG - SUBSOLVER DAY:6[0m
[34m2025-01-24 11:20:58,319 - DEBUG - SUBSOLVER PATIENTS:{T(ergotherapy_a): {P(patient0_c): 4, P(patient1_c): 3, P(patient1_o): 2, P(patient4_o): 1}, T(ergotherapy_b): {P(patient0_c): 3, P(patient1_c): 3, P(patient3_o): 2, P(patient0_p): 1, P(patient1_p): 1, P(patient2_p): 2}, T(ergotherapy_c): {P(patient0_p): 1, P(patient1_p): 1, P(patient2_p): 1}, T(physiotherapy_a): {P(patient0_c): 1}, T(physiotherapy_b): {P(patient0_o): 2}, T(physiotherapy_c): {}, T(physiotherapy_d): {}, T(watergymnastics): {P(patient0_o): 1, P(patient3_o): 2, P(patient4_o): 3, P(patient1_p): 1, P(patient2_p): 2}, T(hydrotherapy): {P(patient1_o): 3, P(patient3_o): 1, P(patient4_o): 2}, T(nordic_walking): {P(patient0_c): 1, P(patient2_o): 1}, T(fitness_training): {P(patient0_o): 1, P(patient1_o): 1, P(patient4_o): 1}, T(yoga): {P(patient1_c): 1, P(patient0_o): 3, P(patient1_o): 2, P(patient2_o): 5, P(patient3_o): 2, P(patient1_p): 1}, T(psychotherapy_single): {P(patient1_p): 2, P(patient2_p): 1}, T(psychotherapy_group_a): {P(patient0_p): 1, P(patient1_p): 1, P(patient2_p): 1}, T(psychotherapy_group_b): {}, T(psychotherapy_group_c): {}, T(psychotherapy_group_d): {}, T(smoking_cessation): {}, T(nutritional_advice): {P(patient1_c): 1, P(patient0_o): 2, P(patient1_o): 1, P(patient2_o): 3, P(patient3_o): 1, P(patient4_o): 1}, T(cardiological_health_seminar): {}, T(general_psychological_support): {}, T(massage): {P(patient4_o): 1, P(patient0_p): 5}}[0m
Gurobi Optimizer version 10.0.0 build v10.0.0rc2 (linux64)

CPU model: Intel(R) Xeon(R) Platinum 8468, instruction set [SSE2|AVX|AVX2|AVX512]
Thread count: 96 physical cores, 96 logical processors, using up to 32 threads

Optimize a model with 639 rows, 5865 columns and 7167 nonzeros
Model fingerprint: 0x14daa6b4
Model has 2231 quadratic constraints
Variable types: 0 continuous, 5865 integer (5865 binary)
Coefficient statistics:
  Matrix range     [1e+00, 1e+01]
  QMatrix range    [1e+00, 1e+00]
  Objective range  [1e+00, 1e+00]
  Bounds range     [1e+00, 1e+00]
  RHS range        [1e+00, 5e+00]
  QRHS range       [1e+00, 1e+00]
Presolve removed 238 rows and 578 columns
Presolve time: 0.43s
Presolved: 49784 rows, 51978 columns, 591760 nonzeros
Variable types: 0 continuous, 51978 integer (51978 binary)
Deterministic concurrent LP optimizer: primal and dual simplex
Showing first log only...

Concurrent spin time: 0.00s

Solved with dual simplex
Deterministic concurrent LP optimizer: primal and dual simplex
Showing first log only...

Concurrent spin time: 0.00s

Solved with dual simplex

Root relaxation: infeasible, 282 iterations, 0.26 seconds (0.29 work units)

    Nodes    |    Current Node    |     Objective Bounds      |     Work
 Expl Unexpl |  Obj  Depth IntInf | Incumbent    BestBd   Gap | It/Node Time

     0     0 infeasible    0               - infeasible      -     -    2s

Explored 1 nodes (282 simplex iterations) in 2.64 seconds (2.24 work units)
Thread count was 32 (of 96 available processors)

Solution count 0

Model is infeasible
Best objective -, best bound -, gap -
[34m2025-01-24 11:21:03,936 - DEBUG - ---------- END SUBSYSTEM ---------[0m
[34m2025-01-24 11:21:03,937 - DEBUG - Infeasible day 6[0m
[32m2025-01-24 11:21:03,939 - INFO - d_prime: 4 d: 6[0m
[32m2025-01-24 11:21:03,941 - INFO - d_prime: 6 d: 6[0m
[32m2025-01-24 11:21:03,943 - INFO - forbidden_vars: ([{1:1,2:1,7:1,11:1,12:2,13:1},{1:2,2:1,7:2,12:1,13:1},{0:3,1:3,11:1,18:1},{1:2,7:2,8:1,11:2,18:1},{1:1,2:1,13:1,21:5},{0:4,1:3,3:1,9:1},{0:2,8:3,10:1,11:2,18:1},{0:1,7:3,8:2,10:1,18:1,21:1},{4:2,7:1,10:1,11:3,18:2},{9:1,11:5,18:3}])[0m
[32m2025-01-24 11:21:03,943 - INFO - False[0m
     0     0 2664.00000    0   15          - 2664.00000      -     - 1046s
[34m2025-01-24 11:21:04,686 - DEBUG - Last day infeasible: 0[0m
[34m2025-01-24 11:21:04,686 - DEBUG - Checking day 0[0m
[34m2025-01-24 11:21:04,686 - DEBUG - ---------- SOLVE SUBSYSTEM ---------[0m
[34m2025-01-24 11:21:04,686 - DEBUG - SUBSOLVER DAY:0[0m
[34m2025-01-24 11:21:04,686 - DEBUG - SUBSOLVER PATIENTS:{T(ergotherapy_a): {P(patient0_o): 3, P(patient4_o): 1}, T(ergotherapy_b): {P(patient1_o): 1, P(patient4_o): 3, P(patient1_p): 2}, T(ergotherapy_c): {}, T(physiotherapy_a): {}, T(physiotherapy_b): {}, T(physiotherapy_c): {P(patient1_o): 3, P(patient4_o): 2}, T(physiotherapy_d): {}, T(watergymnastics): {P(patient0_c): 1, P(patient4_o): 1, P(patient1_p): 1}, T(hydrotherapy): {}, T(nordic_walking): {}, T(fitness_training): {P(patient0_o): 2}, T(yoga): {P(patient0_c): 2, P(patient1_o): 1, P(patient1_p): 3}, T(psychotherapy_single): {}, T(psychotherapy_group_a): {}, T(psychotherapy_group_b): {}, T(psychotherapy_group_c): {}, T(psychotherapy_group_d): {}, T(smoking_cessation): {}, T(nutritional_advice): {P(patient0_c): 2, P(patient0_o): 1, P(patient1_o): 2, P(patient4_o): 1}, T(cardiological_health_seminar): {}, T(general_psychological_support): {P(patient0_c): 3, P(patient0_o): 1, P(patient1_o): 1}, T(massage): {P(patient0_c): 1, P(patient0_o): 2, P(patient1_o): 1, P(patient4_o): 1}}[0m
Gurobi Optimizer version 10.0.0 build v10.0.0rc2 (linux64)

CPU model: Intel(R) Xeon(R) Platinum 8468, instruction set [SSE2|AVX|AVX2|AVX512]
Thread count: 96 physical cores, 96 logical processors, using up to 32 threads

Optimize a model with 446 rows, 3567 columns and 4196 nonzeros
Model fingerprint: 0x856676ec
Model has 1649 quadratic constraints
Variable types: 0 continuous, 3567 integer (3567 binary)
Coefficient statistics:
  Matrix range     [1e+00, 1e+01]
  QMatrix range    [1e+00, 1e+00]
  Objective range  [1e+00, 1e+00]
  Bounds range     [1e+00, 1e+00]
  RHS range        [1e+00, 3e+00]
  QRHS range       [1e+00, 1e+00]
Presolve removed 178 rows and 148 columns
Presolve time: 0.21s
Presolved: 27237 rows, 28405 columns, 326096 nonzeros
Variable types: 0 continuous, 28405 integer (28405 binary)
Deterministic concurrent LP optimizer: primal and dual simplex
Showing first log only...

Concurrent spin time: 0.00s

Solved with dual simplex

Use crossover to convert LP symmetric solution to basic solution...

Root relaxation: objective 0.000000e+00, 608 iterations, 0.13 seconds (0.21 work units)

    Nodes    |    Current Node    |     Objective Bounds      |     Work
 Expl Unexpl |  Obj  Depth IntInf | Incumbent    BestBd   Gap | It/Node Time

     0     0    0.00000    0  332          -    0.00000      -     -    2s
     0     0    0.00000    0  506          -    0.00000      -     -    2s
     0     0    0.00000    0  617          -    0.00000      -     -    4s
     0     0    0.00000    0  653          -    0.00000      -     -   12s
     0     0    0.00000    0  593          -    0.00000      -     -   14s
     0     0    0.00000    0  746          -    0.00000      -     -   20s
     0     0    0.00000    0  743          -    0.00000      -     -   20s
     0     0    0.00000    0  784          -    0.00000      -     -   23s
     0     0    0.00000    0  648          -    0.00000      -     -   42s
     0     0    0.00000    0  634          -    0.00000      -     -   45s
     0     0    0.00000    0  395          -    0.00000      -     -   53s
     0     0    0.00000    0  489          -    0.00000      -     -   54s
     0     0    0.00000    0  552          -    0.00000      -     -   55s
     0     0    0.00000    0  345          -    0.00000      -     -   61s
     0     0 infeasible    0               - infeasible      -     -   62s

Cutting planes:
  Gomory: 2
  Lift-and-project: 1
  Clique: 3
  MIR: 135
  Zero half: 4
  RLT: 674
  BQP: 105

Explored 1 nodes (148482 simplex iterations) in 63.00 seconds (118.61 work units)
Thread count was 32 (of 96 available processors)

Solution count 0

Model is infeasible
Best objective -, best bound -, gap -
[34m2025-01-24 11:22:09,239 - DEBUG - ---------- END SUBSYSTEM ---------[0m
[34m2025-01-24 11:22:09,239 - DEBUG - Infeasible day 0[0m
[32m2025-01-24 11:22:09,240 - INFO - d_prime: 0 d: 0[0m
[32m2025-01-24 11:22:09,241 - INFO - forbidden_vars: ([{1:2,7:1,11:3},{0:3,10:2,18:1,20:1,21:2},{0:1,1:3,5:2,7:1,18:1,21:1},{1:1,5:3,11:1,18:2,20:1,21:1},{7:1,11:2,18:2,20:3,21:1}])[0m
[32m2025-01-24 11:22:09,241 - INFO - False[0m
[34m2025-01-24 11:22:09,241 - DEBUG - Last day infeasible: 1[0m
[34m2025-01-24 11:22:09,241 - DEBUG - Checking day 1[0m
[34m2025-01-24 11:22:09,241 - DEBUG - ---------- SOLVE SUBSYSTEM ---------[0m
[34m2025-01-24 11:22:09,241 - DEBUG - SUBSOLVER DAY:1[0m
[34m2025-01-24 11:22:09,241 - DEBUG - SUBSOLVER PATIENTS:{T(ergotherapy_a): {P(patient1_o): 1}, T(ergotherapy_b): {P(patient0_c): 3, P(patient0_o): 3, P(patient3_o): 3, P(patient1_p): 2}, T(ergotherapy_c): {}, T(physiotherapy_a): {}, T(physiotherapy_b): {}, T(physiotherapy_c): {}, T(physiotherapy_d): {P(patient0_o): 1, P(patient1_o): 1, P(patient3_o): 1}, T(watergymnastics): {P(patient0_o): 1, P(patient4_o): 1, P(patient1_p): 1}, T(hydrotherapy): {}, T(nordic_walking): {P(patient4_o): 1, P(patient1_p): 1}, T(fitness_training): {P(patient0_o): 1, P(patient4_o): 4}, T(yoga): {P(patient1_o): 1, P(patient3_o): 1}, T(psychotherapy_single): {P(patient1_p): 1}, T(psychotherapy_group_a): {}, T(psychotherapy_group_b): {}, T(psychotherapy_group_c): {}, T(psychotherapy_group_d): {}, T(smoking_cessation): {P(patient0_c): 1, P(patient0_o): 1, P(patient1_o): 1}, T(nutritional_advice): {P(patient0_c): 2, P(patient0_o): 1, P(patient1_o): 1, P(patient3_o): 1, P(patient4_o): 1}, T(cardiological_health_seminar): {}, T(general_psychological_support): {P(patient1_o): 1, P(patient3_o): 1}, T(massage): {P(patient0_c): 3, P(patient0_o): 1, P(patient1_o): 3, P(patient3_o): 1, P(patient4_o): 2, P(patient1_p): 1}}[0m
Gurobi Optimizer version 10.0.0 build v10.0.0rc2 (linux64)

CPU model: Intel(R) Xeon(R) Platinum 8468, instruction set [SSE2|AVX|AVX2|AVX512]
Thread count: 96 physical cores, 96 logical processors, using up to 32 threads

Optimize a model with 511 rows, 3801 columns and 4615 nonzeros
Model fingerprint: 0x6248d7dd
Model has 1746 quadratic constraints
Variable types: 0 continuous, 3801 integer (3801 binary)
Coefficient statistics:
  Matrix range     [1e+00, 1e+01]
  QMatrix range    [1e+00, 1e+00]
  Objective range  [1e+00, 1e+00]
  Bounds range     [1e+00, 1e+00]
  RHS range        [1e+00, 4e+00]
  QRHS range       [1e+00, 1e+00]
Presolve removed 251 rows and 298 columns
Presolve time: 0.26s
Presolved: 30563 rows, 30640 columns, 359741 nonzeros
Variable types: 0 continuous, 30640 integer (30640 binary)
Deterministic concurrent LP optimizer: primal and dual simplex
Showing first log only...

Concurrent spin time: 0.01s

Solved with dual simplex

Use crossover to convert LP symmetric solution to basic solution...

Root relaxation: objective 0.000000e+00, 1401 iterations, 0.16 seconds (0.24 work units)

    Nodes    |    Current Node    |     Objective Bounds      |     Work
 Expl Unexpl |  Obj  Depth IntInf | Incumbent    BestBd   Gap | It/Node Time

     0     0    0.00000    0  439          -    0.00000      -     -    2s
     0     0    0.00000    0  534          -    0.00000      -     -    3s
     0     0    0.00000    0  678          -    0.00000      -     -    6s
     0     0    0.00000    0  675          -    0.00000      -     -   10s
     0     0    0.00000    0  223          -    0.00000      -     -   13s
     0     0    0.00000    0  417          -    0.00000      -     -   14s
     0     0    0.00000    0  522          -    0.00000      -     -   15s
     0     0    0.00000    0  266          -    0.00000      -     -   24s
     0     0    0.00000    0  436          -    0.00000      -     -   26s
     0     0    0.00000    0  320          -    0.00000      -     -   32s
     0     0    0.00000    0  543          -    0.00000      -     -   34s
     0     0    0.00000    0  385          -    0.00000      -     -   44s
     0     0    0.00000    0  383          -    0.00000      -     -   45s
     0     0    0.00000    0  252          -    0.00000      -     -   52s
     0     0    0.00000    0  418          -    0.00000      -     -   53s
     0     0    0.00000    0  412          -    0.00000      -     -   53s
     0     0    0.00000    0  358          -    0.00000      -     -   58s
     0     0    0.00000    0  392          -    0.00000      -     -   58s
     0     0    0.00000    0  299          -    0.00000      -     -   63s
     0     0    0.00000    0  374          -    0.00000      -     -   64s
     0     0    0.00000    0  352          -    0.00000      -     -   69s
     0     0    0.00000    0  352          -    0.00000      -     -   70s
     0     2    0.00000    0  306          -    0.00000      -     -   78s
     3     8    0.00000    2  391          -    0.00000      -  5135   81s
    15    28 infeasible    4               -    0.00000      -  3578   88s
    31    27    0.00000    5  465          -    0.00000      -  4966   94s
    59     0 infeasible    6               -    0.00000      -  4120   96s

Cutting planes:
  Gomory: 2
  Lift-and-project: 4
  Cover: 1
  Implied bound: 9
  Clique: 5
  MIR: 187
  Inf proof: 2
  Zero half: 32
  RLT: 795
  BQP: 216

Explored 86 nodes (470083 simplex iterations) in 96.38 seconds (182.72 work units)
Thread count was 32 (of 96 available processors)

Solution count 0

Model is infeasible
Best objective -, best bound -, gap -
[34m2025-01-24 11:23:47,376 - DEBUG - ---------- END SUBSYSTEM ---------[0m
[34m2025-01-24 11:23:47,377 - DEBUG - Infeasible day 1[0m
[32m2025-01-24 11:23:47,379 - INFO - d_prime: 1 d: 1[0m
[32m2025-01-24 11:23:47,380 - INFO - d_prime: 3 d: 1[0m
[32m2025-01-24 11:23:47,381 - INFO - d_prime: 5 d: 1[0m
[32m2025-01-24 11:23:47,383 - INFO - forbidden_vars: ([{1:2,7:1,9:1,12:1,21:1},{1:3,6:1,11:1,18:1,20:1,21:1},{0:1,6:1,11:1,17:1,18:1,20:1,21:3},{1:3,17:1,18:2,21:3},{1:3,6:1,7:1,10:1,17:1,18:1,21:1},{7:1,9:1,10:4,18:1,21:2}])[0m
[32m2025-01-24 11:23:47,383 - INFO - False[0m
[34m2025-01-24 11:23:47,383 - DEBUG - Last day infeasible: 4[0m
[34m2025-01-24 11:23:47,383 - DEBUG - Checking day 4[0m
[34m2025-01-24 11:23:47,383 - DEBUG - ---------- SOLVE SUBSYSTEM ---------[0m
[34m2025-01-24 11:23:47,383 - DEBUG - SUBSOLVER DAY:4[0m
[34m2025-01-24 11:23:47,383 - DEBUG - SUBSOLVER PATIENTS:{T(ergotherapy_a): {P(patient0_o): 1}, T(ergotherapy_b): {P(patient1_c): 2, P(patient0_o): 1, P(patient1_o): 1, P(patient2_o): 4, P(patient2_p): 2}, T(ergotherapy_c): {}, T(physiotherapy_a): {P(patient0_c): 1}, T(physiotherapy_b): {}, T(physiotherapy_c): {P(patient1_o): 2, P(patient2_o): 1, P(patient3_o): 1, P(patient4_o): 1}, T(physiotherapy_d): {P(patient0_o): 2}, T(watergymnastics): {P(patient0_c): 1, P(patient1_c): 1, P(patient4_o): 3, P(patient1_p): 3, P(patient2_p): 1}, T(hydrotherapy): {P(patient1_c): 1}, T(nordic_walking): {}, T(fitness_training): {P(patient4_o): 1}, T(yoga): {P(patient1_c): 1, P(patient1_o): 1, P(patient2_o): 1}, T(psychotherapy_single): {P(patient2_p): 1}, T(psychotherapy_group_a): {P(patient0_p): 2, P(patient1_p): 2, P(patient2_p): 2}, T(psychotherapy_group_b): {}, T(psychotherapy_group_c): {}, T(psychotherapy_group_d): {}, T(smoking_cessation): {P(patient0_c): 1, P(patient0_o): 1, P(patient0_p): 1}, T(nutritional_advice): {P(patient0_c): 2, P(patient1_c): 2, P(patient2_o): 2, P(patient3_o): 2, P(patient0_p): 1, P(patient2_p): 1}, T(cardiological_health_seminar): {}, T(general_psychological_support): {P(patient2_o): 1, P(patient3_o): 2}, T(massage): {P(patient3_o): 1}}[0m
Gurobi Optimizer version 10.0.0 build v10.0.0rc2 (linux64)

CPU model: Intel(R) Xeon(R) Platinum 8468, instruction set [SSE2|AVX|AVX2|AVX512]
Thread count: 96 physical cores, 96 logical processors, using up to 32 threads

Optimize a model with 387 rows, 3554 columns and 4277 nonzeros
Model fingerprint: 0xa98d2019
Model has 2231 quadratic constraints
Variable types: 0 continuous, 3554 integer (3554 binary)
Coefficient statistics:
  Matrix range     [1e+00, 1e+01]
  QMatrix range    [1e+00, 1e+00]
  Objective range  [1e+00, 1e+00]
  Bounds range     [1e+00, 1e+00]
  RHS range        [1e+00, 4e+00]
  QRHS range       [1e+00, 1e+00]
Presolve removed 181 rows and 694 columns
Presolve time: 0.25s
Presolved: 24464 rows, 24569 columns, 311909 nonzeros
Variable types: 0 continuous, 24569 integer (24569 binary)
Deterministic concurrent LP optimizer: primal and dual simplex
Showing first log only...

Concurrent spin time: 0.00s

Solved with dual simplex
Deterministic concurrent LP optimizer: primal and dual simplex
Showing first log only...

Concurrent spin time: 0.00s

Solved with dual simplex

Root relaxation: infeasible, 158 iterations, 0.15 seconds (0.15 work units)

    Nodes    |    Current Node    |     Objective Bounds      |     Work
 Expl Unexpl |  Obj  Depth IntInf | Incumbent    BestBd   Gap | It/Node Time

     0     0 infeasible    0               - infeasible      -     -    1s

Explored 1 nodes (158 simplex iterations) in 1.43 seconds (1.19 work units)
Thread count was 32 (of 96 available processors)

Solution count 0

Model is infeasible
Best objective -, best bound -, gap -
[34m2025-01-24 11:23:50,778 - DEBUG - ---------- END SUBSYSTEM ---------[0m
[34m2025-01-24 11:23:50,778 - DEBUG - Infeasible day 4[0m
[32m2025-01-24 11:23:50,779 - INFO - d_prime: 4 d: 4[0m
[32m2025-01-24 11:23:50,780 - INFO - d_prime: 6 d: 4[0m
[32m2025-01-24 11:23:50,781 - INFO - forbidden_vars: ([{1:1,5:2,11:1},{13:2,17:1,18:1},{0:1,1:1,6:2,17:1},{3:1,7:1,17:1,18:2},{5:1,7:3,10:1},{7:3,13:2},{5:1,18:2,20:2,21:1},{1:2,7:1,8:1,11:1,18:2},{1:2,7:1,12:1,13:2,18:1},{1:4,5:1,11:1,18:2,20:1}])[0m
[32m2025-01-24 11:23:50,781 - INFO - False[0m
[34m2025-01-24 11:23:50,781 - DEBUG - Last day infeasible: 5[0m
[34m2025-01-24 11:23:50,781 - DEBUG - Checking day 5[0m
[34m2025-01-24 11:23:50,781 - DEBUG - ---------- SOLVE SUBSYSTEM ---------[0m
[34m2025-01-24 11:23:50,781 - DEBUG - SUBSOLVER DAY:5[0m
[34m2025-01-24 11:23:50,781 - DEBUG - SUBSOLVER PATIENTS:{T(ergotherapy_a): {P(patient0_c): 1, P(patient1_c): 2, P(patient1_o): 1, P(patient4_o): 4}, T(ergotherapy_b): {P(patient0_o): 1, P(patient1_o): 2, P(patient2_o): 4, P(patient3_o): 1, P(patient4_o): 1, P(patient2_p): 2}, T(ergotherapy_c): {P(patient0_p): 1, P(patient1_p): 1, P(patient2_p): 1}, T(physiotherapy_a): {P(patient0_c): 1, P(patient1_c): 4}, T(physiotherapy_b): {P(patient0_o): 1, P(patient3_o): 1}, T(physiotherapy_c): {P(patient0_o): 1, P(patient1_o): 1, P(patient4_o): 1}, T(physiotherapy_d): {P(patient2_o): 2, P(patient4_o): 2}, T(watergymnastics): {P(patient0_c): 1, P(patient1_c): 1, P(patient0_o): 1, P(patient3_o): 2, P(patient1_p): 2, P(patient2_p): 2}, T(hydrotherapy): {P(patient0_c): 1, P(patient4_o): 1}, T(nordic_walking): {}, T(fitness_training): {P(patient1_o): 2}, T(yoga): {P(patient0_c): 2, P(patient1_o): 1, P(patient2_o): 2, P(patient1_p): 1}, T(psychotherapy_single): {P(patient1_p): 1}, T(psychotherapy_group_a): {P(patient0_p): 2, P(patient1_p): 2, P(patient2_p): 2}, T(psychotherapy_group_b): {}, T(psychotherapy_group_c): {}, T(psychotherapy_group_d): {}, T(smoking_cessation): {P(patient0_c): 3, P(patient0_o): 3, P(patient1_o): 1, P(patient0_p): 2}, T(nutritional_advice): {}, T(cardiological_health_seminar): {}, T(general_psychological_support): {P(patient1_c): 1, P(patient0_o): 1, P(patient1_o): 1, P(patient2_o): 1}, T(massage): {}}[0m
Gurobi Optimizer version 10.0.0 build v10.0.0rc2 (linux64)

CPU model: Intel(R) Xeon(R) Platinum 8468, instruction set [SSE2|AVX|AVX2|AVX512]
Thread count: 96 physical cores, 96 logical processors, using up to 32 threads

Optimize a model with 576 rows, 5400 columns and 6519 nonzeros
Model fingerprint: 0xf9c16a37
Model has 2231 quadratic constraints
Variable types: 0 continuous, 5400 integer (5400 binary)
Coefficient statistics:
  Matrix range     [1e+00, 1e+01]
  QMatrix range    [1e+00, 1e+00]
  Objective range  [1e+00, 1e+00]
  Bounds range     [1e+00, 1e+00]
  RHS range        [1e+00, 4e+00]
  QRHS range       [1e+00, 1e+00]
Presolve removed 65 rows and 269 columns
Presolve time: 0.40s
Presolved: 44585 rows, 45693 columns, 547642 nonzeros
Variable types: 0 continuous, 45693 integer (45693 binary)
Deterministic concurrent LP optimizer: primal and dual simplex
Showing first log only...

Concurrent spin time: 0.00s

Solved with dual simplex

Use crossover to convert LP symmetric solution to basic solution...

Root relaxation: objective 0.000000e+00, 688 iterations, 0.18 seconds (0.25 work units)

    Nodes    |    Current Node    |     Objective Bounds      |     Work
 Expl Unexpl |  Obj  Depth IntInf | Incumbent    BestBd   Gap | It/Node Time

     0     0    0.00000    0  420          -    0.00000      -     -    2s
     0     0    0.00000    0  742          -    0.00000      -     -    3s
     0     0    0.00000    0  971          -    0.00000      -     -    8s
     0     0    0.00000    0  997          -    0.00000      -     -   33s
     0     0    0.00000    0  963          -    0.00000      -     -   35s
     0     0    0.00000    0  928          -    0.00000      -     -   35s
     0     0    0.00000    0  915          -    0.00000      -     -   35s
     0     0    0.00000    0  896          -    0.00000      -     -   35s
     0     0    0.00000    0  915          -    0.00000      -     -   56s
     0     0    0.00000    0  870          -    0.00000      -     -   56s
     0     0    0.00000    0  866          -    0.00000      -     -   56s
     0     0    0.00000    0  968          -    0.00000      -     -   81s
     0     0    0.00000    0  938          -    0.00000      -     -   82s
     0     0    0.00000    0  913          -    0.00000      -     -   82s
     0     0    0.00000    0 1002          -    0.00000      -     -   93s
     0     0    0.00000    0  973          -    0.00000      -     -   94s
     0     0    0.00000    0  962          -    0.00000      -     -   94s
     0     0    0.00000    0 1028          -    0.00000      -     -  120s
     0     0    0.00000    0  977          -    0.00000      -     -  121s
     0     0    0.00000    0  959          -    0.00000      -     -  122s
     0     0    0.00000    0  933          -    0.00000      -     -  131s
     0     0    0.00000    0  442          -    0.00000      -     -  149s
     0     0    0.00000    0  622          -    0.00000      -     -  153s
     0     0 infeasible    0               - infeasible      -     -  156s

Cutting planes:
  Clique: 11
  MIR: 172
  Zero half: 31
  RLT: 367
  BQP: 86

Explored 1 nodes (219742 simplex iterations) in 156.77 seconds (265.85 work units)
Thread count was 32 (of 96 available processors)

Solution count 0

Model is infeasible
Best objective -, best bound -, gap -
[34m2025-01-24 11:26:30,344 - DEBUG - ---------- END SUBSYSTEM ---------[0m
[34m2025-01-24 11:26:30,344 - DEBUG - Infeasible day 5[0m
[32m2025-01-24 11:26:30,346 - INFO - d_prime: 5 d: 5[0m
[32m2025-01-24 11:26:30,348 - INFO - forbidden_vars: ([{1:1,4:1,7:2},{2:1,13:2,17:2},{1:2,2:1,7:2,13:2},{2:1,7:2,11:1,12:1,13:2},{0:2,3:4,7:1,20:1},{1:1,4:1,5:1,7:1,17:3,20:1},{0:1,3:1,7:1,8:1,11:2,17:3},{0:1,1:2,5:1,10:2,11:1,17:1,20:1},{0:4,1:1,5:1,6:2,8:1},{1:4,6:2,11:2,20:1}])[0m
[32m2025-01-24 11:26:30,348 - INFO - False[0m
[34m2025-01-24 11:26:30,348 - DEBUG - Last day infeasible: 6[0m
[34m2025-01-24 11:26:30,348 - DEBUG - Checking day 6[0m
[34m2025-01-24 11:26:30,348 - DEBUG - ---------- SOLVE SUBSYSTEM ---------[0m
[34m2025-01-24 11:26:30,348 - DEBUG - SUBSOLVER DAY:6[0m
[34m2025-01-24 11:26:30,349 - DEBUG - SUBSOLVER PATIENTS:{T(ergotherapy_a): {P(patient0_c): 4, P(patient1_c): 3, P(patient1_o): 2, P(patient4_o): 1}, T(ergotherapy_b): {P(patient0_c): 3, P(patient1_c): 3, P(patient3_o): 2, P(patient0_p): 1, P(patient1_p): 1, P(patient2_p): 2}, T(ergotherapy_c): {P(patient0_p): 1, P(patient1_p): 1, P(patient2_p): 1}, T(physiotherapy_a): {P(patient0_c): 1}, T(physiotherapy_b): {P(patient0_o): 2}, T(physiotherapy_c): {}, T(physiotherapy_d): {}, T(watergymnastics): {P(patient0_o): 1, P(patient3_o): 2, P(patient4_o): 3, P(patient1_p): 1, P(patient2_p): 2}, T(hydrotherapy): {P(patient1_o): 3, P(patient3_o): 1, P(patient4_o): 2}, T(nordic_walking): {P(patient0_c): 1, P(patient2_o): 1}, T(fitness_training): {P(patient0_o): 1, P(patient1_o): 1, P(patient4_o): 1}, T(yoga): {P(patient1_c): 1, P(patient0_o): 3, P(patient1_o): 2, P(patient2_o): 5, P(patient3_o): 2}, T(psychotherapy_single): {P(patient1_p): 2, P(patient2_p): 1}, T(psychotherapy_group_a): {P(patient0_p): 1, P(patient1_p): 1, P(patient2_p): 1}, T(psychotherapy_group_b): {}, T(psychotherapy_group_c): {}, T(psychotherapy_group_d): {}, T(smoking_cessation): {}, T(nutritional_advice): {P(patient1_c): 1, P(patient0_o): 2, P(patient1_o): 1, P(patient2_o): 3, P(patient3_o): 1, P(patient4_o): 1}, T(cardiological_health_seminar): {}, T(general_psychological_support): {}, T(massage): {P(patient4_o): 1, P(patient0_p): 5}}[0m
Gurobi Optimizer version 10.0.0 build v10.0.0rc2 (linux64)

CPU model: Intel(R) Xeon(R) Platinum 8468, instruction set [SSE2|AVX|AVX2|AVX512]
Thread count: 96 physical cores, 96 logical processors, using up to 32 threads

Optimize a model with 628 rows, 5855 columns and 7117 nonzeros
Model fingerprint: 0x20117d1a
Model has 2231 quadratic constraints
Variable types: 0 continuous, 5855 integer (5855 binary)
Coefficient statistics:
  Matrix range     [1e+00, 1e+01]
  QMatrix range    [1e+00, 1e+00]
  Objective range  [1e+00, 1e+00]
  Bounds range     [1e+00, 1e+00]
  RHS range        [1e+00, 5e+00]
  QRHS range       [1e+00, 1e+00]
Presolve removed 248 rows and 578 columns
Presolve time: 0.43s
Presolved: 48873 rows, 51078 columns, 580970 nonzeros
Variable types: 0 continuous, 51078 integer (51078 binary)
Deterministic concurrent LP optimizer: primal and dual simplex
Showing first log only...

Concurrent spin time: 0.00s

Solved with dual simplex
Deterministic concurrent LP optimizer: primal and dual simplex
Showing first log only...

Concurrent spin time: 0.00s

Solved with dual simplex

Root relaxation: infeasible, 294 iterations, 0.27 seconds (0.32 work units)

    Nodes    |    Current Node    |     Objective Bounds      |     Work
 Expl Unexpl |  Obj  Depth IntInf | Incumbent    BestBd   Gap | It/Node Time

     0     0 infeasible    0               - infeasible      -     -    2s

Explored 1 nodes (294 simplex iterations) in 2.64 seconds (2.24 work units)
Thread count was 32 (of 96 available processors)

Solution count 0

Model is infeasible
Best objective -, best bound -, gap -
[34m2025-01-24 11:26:35,904 - DEBUG - ---------- END SUBSYSTEM ---------[0m
[34m2025-01-24 11:26:35,904 - DEBUG - Infeasible day 6[0m
[32m2025-01-24 11:26:35,905 - INFO - d_prime: 4 d: 6[0m
[32m2025-01-24 11:26:35,907 - INFO - d_prime: 6 d: 6[0m
[32m2025-01-24 11:26:35,908 - INFO - forbidden_vars: ([{1:1,2:1,7:1,12:2,13:1},{1:2,2:1,7:2,12:1,13:1},{0:3,1:3,11:1,18:1},{1:2,7:2,8:1,11:2,18:1},{1:1,2:1,13:1,21:5},{0:4,1:3,3:1,9:1},{0:2,8:3,10:1,11:2,18:1},{0:1,7:3,8:2,10:1,18:1,21:1},{4:2,7:1,10:1,11:3,18:2},{9:1,11:5,18:3}])[0m
[32m2025-01-24 11:26:35,908 - INFO - False[0m
     0     0 2664.00000    0   15          - 2664.00000      -     - 1378s
[34m2025-01-24 11:26:35,937 - DEBUG - Last day infeasible: 0[0m
[34m2025-01-24 11:26:35,937 - DEBUG - Checking day 0[0m
[34m2025-01-24 11:26:35,937 - DEBUG - ---------- SOLVE SUBSYSTEM ---------[0m
[34m2025-01-24 11:26:35,937 - DEBUG - SUBSOLVER DAY:0[0m
[34m2025-01-24 11:26:35,937 - DEBUG - SUBSOLVER PATIENTS:{T(ergotherapy_a): {P(patient0_o): 3}, T(ergotherapy_b): {P(patient1_o): 1, P(patient4_o): 3, P(patient1_p): 3}, T(ergotherapy_c): {}, T(physiotherapy_a): {}, T(physiotherapy_b): {}, T(physiotherapy_c): {P(patient1_o): 3, P(patient4_o): 2}, T(physiotherapy_d): {}, T(watergymnastics): {P(patient0_c): 1, P(patient4_o): 1, P(patient1_p): 1}, T(hydrotherapy): {}, T(nordic_walking): {}, T(fitness_training): {P(patient0_o): 2}, T(yoga): {P(patient0_c): 2, P(patient1_o): 1, P(patient1_p): 3}, T(psychotherapy_single): {}, T(psychotherapy_group_a): {}, T(psychotherapy_group_b): {}, T(psychotherapy_group_c): {}, T(psychotherapy_group_d): {}, T(smoking_cessation): {}, T(nutritional_advice): {P(patient0_c): 2, P(patient0_o): 1, P(patient1_o): 2, P(patient4_o): 1}, T(cardiological_health_seminar): {}, T(general_psychological_support): {P(patient0_c): 3, P(patient0_o): 1, P(patient1_o): 1}, T(massage): {P(patient0_c): 1, P(patient0_o): 2, P(patient1_o): 1, P(patient4_o): 1}}[0m
Gurobi Optimizer version 10.0.0 build v10.0.0rc2 (linux64)

CPU model: Intel(R) Xeon(R) Platinum 8468, instruction set [SSE2|AVX|AVX2|AVX512]
Thread count: 96 physical cores, 96 logical processors, using up to 32 threads

Optimize a model with 444 rows, 3563 columns and 4185 nonzeros
Model fingerprint: 0x69894531
Model has 1649 quadratic constraints
Variable types: 0 continuous, 3563 integer (3563 binary)
Coefficient statistics:
  Matrix range     [1e+00, 1e+01]
  QMatrix range    [1e+00, 1e+00]
  Objective range  [1e+00, 1e+00]
  Bounds range     [1e+00, 1e+00]
  RHS range        [1e+00, 3e+00]
  QRHS range       [1e+00, 1e+00]
Presolve removed 186 rows and 155 columns
Presolve time: 0.21s
Presolved: 26835 rows, 28002 columns, 326853 nonzeros
Variable types: 0 continuous, 28002 integer (28002 binary)
Deterministic concurrent LP optimizer: primal and dual simplex
Showing first log only...

Concurrent spin time: 0.00s

Solved with dual simplex

Use crossover to convert LP symmetric solution to basic solution...

Root relaxation: objective 0.000000e+00, 543 iterations, 0.10 seconds (0.17 work units)

    Nodes    |    Current Node    |     Objective Bounds      |     Work
 Expl Unexpl |  Obj  Depth IntInf | Incumbent    BestBd   Gap | It/Node Time

     0     0    0.00000    0  293          -    0.00000      -     -    1s
     0     0    0.00000    0  400          -    0.00000      -     -    2s
     0     0    0.00000    0  556          -    0.00000      -     -    3s
     0     0    0.00000    0  458          -    0.00000      -     -   11s
     0     0    0.00000    0  497          -    0.00000      -     -   12s
     0     0    0.00000    0  394          -    0.00000      -     -   17s
     0     0    0.00000    0  556          -    0.00000      -     -   19s
     0     0    0.00000    0  418          -    0.00000      -     -   29s
     0     0    0.00000    0  418          -    0.00000      -     -   31s
     0     0    0.00000    0  255          -    0.00000      -     -   39s
     0     0    0.00000    0  421          -    0.00000      -     -   40s
     0     0    0.00000    0  410          -    0.00000      -     -   42s
     0     0    0.00000    0  298          -    0.00000      -     -   48s
     0     0    0.00000    0  358          -    0.00000      -     -   49s
     0     0    0.00000    0  311          -    0.00000      -     -   53s
     0     0    0.00000    0  339          -    0.00000      -     -   54s
     0     0    0.00000    0  259          -    0.00000      -     -   61s
     0     0    0.00000    0  198          -    0.00000      -     -   62s
     0     2    0.00000    0  178          -    0.00000      -     -   66s
     7    16    0.00000    3  401          -    0.00000      -  2946   70s
    31    64    0.00000    5  365          -    0.00000      -  3752   76s
    63    95    0.00000    6  361          -    0.00000      -  2719   80s
   159   190    0.00000    8  303          -    0.00000      -  1830   86s
   191   221    0.00000    9  313          -    0.00000      -  1668   93s
   224   261    0.00000   10  296          -    0.00000      -  1518   95s
   319   498    0.00000   13  301          -    0.00000      -  1278  102s
   525   950 infeasible   17               -    0.00000      -  1040  111s
  1154  1482    0.00000   25  242          -    0.00000      -   775  128s
* 1765  1482              27       0.0000000    0.00000  0.00%   682  128s

Cutting planes:
  Gomory: 1
  Lift-and-project: 1
  Cover: 4
  Implied bound: 4
  Clique: 17
  MIR: 237
  Zero half: 24
  RLT: 919
  BQP: 135

Explored 2532 nodes (1811932 simplex iterations) in 128.22 seconds (189.07 work units)
Thread count was 32 (of 96 available processors)

Solution count 1: 0 

Optimal solution found (tolerance 1.00e-04)
Best objective 0.000000000000e+00, best bound 0.000000000000e+00, gap 0.0000%
[34m2025-01-24 11:28:45,769 - DEBUG - ---------- END SUBSYSTEM ---------[0m
[34m2025-01-24 11:28:45,769 - DEBUG - Last day infeasible: 1[0m
[34m2025-01-24 11:28:45,769 - DEBUG - Checking day 1[0m
[34m2025-01-24 11:28:45,769 - DEBUG - ---------- SOLVE SUBSYSTEM ---------[0m
[34m2025-01-24 11:28:45,769 - DEBUG - SUBSOLVER DAY:1[0m
[34m2025-01-24 11:28:45,769 - DEBUG - SUBSOLVER PATIENTS:{T(ergotherapy_a): {P(patient1_o): 1}, T(ergotherapy_b): {P(patient0_c): 3, P(patient0_o): 3, P(patient3_o): 3, P(patient1_p): 3}, T(ergotherapy_c): {}, T(physiotherapy_a): {}, T(physiotherapy_b): {}, T(physiotherapy_c): {}, T(physiotherapy_d): {P(patient0_o): 1, P(patient1_o): 1, P(patient3_o): 1}, T(watergymnastics): {P(patient0_o): 1, P(patient4_o): 1, P(patient1_p): 1}, T(hydrotherapy): {}, T(nordic_walking): {P(patient4_o): 1, P(patient1_p): 1}, T(fitness_training): {P(patient0_o): 1, P(patient4_o): 4}, T(yoga): {P(patient1_o): 1, P(patient3_o): 1}, T(psychotherapy_single): {}, T(psychotherapy_group_a): {}, T(psychotherapy_group_b): {}, T(psychotherapy_group_c): {}, T(psychotherapy_group_d): {}, T(smoking_cessation): {P(patient0_c): 1, P(patient0_o): 1, P(patient1_o): 1}, T(nutritional_advice): {P(patient0_c): 2, P(patient0_o): 1, P(patient1_o): 1, P(patient3_o): 1, P(patient4_o): 1}, T(cardiological_health_seminar): {}, T(general_psychological_support): {P(patient1_o): 1, P(patient3_o): 1}, T(massage): {P(patient0_c): 3, P(patient0_o): 1, P(patient1_o): 3, P(patient3_o): 1, P(patient4_o): 2, P(patient1_p): 1}}[0m
Gurobi Optimizer version 10.0.0 build v10.0.0rc2 (linux64)

CPU model: Intel(R) Xeon(R) Platinum 8468, instruction set [SSE2|AVX|AVX2|AVX512]
Thread count: 96 physical cores, 96 logical processors, using up to 32 threads

Optimize a model with 503 rows, 3705 columns and 4509 nonzeros
Model fingerprint: 0x5640bd8d
Model has 1746 quadratic constraints
Variable types: 0 continuous, 3705 integer (3705 binary)
Coefficient statistics:
  Matrix range     [1e+00, 1e+01]
  QMatrix range    [1e+00, 1e+00]
  Objective range  [1e+00, 1e+00]
  Bounds range     [1e+00, 1e+00]
  RHS range        [1e+00, 4e+00]
  QRHS range       [1e+00, 1e+00]
Presolve removed 245 rows and 256 columns
Presolve time: 0.25s
Presolved: 30408 rows, 30433 columns, 356933 nonzeros
Variable types: 0 continuous, 30433 integer (30433 binary)
Deterministic concurrent LP optimizer: primal and dual simplex
Showing first log only...

Concurrent spin time: 0.01s

Solved with dual simplex

Use crossover to convert LP symmetric solution to basic solution...

Root relaxation: objective 0.000000e+00, 1271 iterations, 0.18 seconds (0.24 work units)

    Nodes    |    Current Node    |     Objective Bounds      |     Work
 Expl Unexpl |  Obj  Depth IntInf | Incumbent    BestBd   Gap | It/Node Time

     0     0    0.00000    0  525          -    0.00000      -     -    2s
     0     0    0.00000    0  422          -    0.00000      -     -    3s
     0     0    0.00000    0  584          -    0.00000      -     -    5s
     0     0    0.00000    0  637          -    0.00000      -     -    9s
     0     0    0.00000    0  222          -    0.00000      -     -   11s
     0     0    0.00000    0  350          -    0.00000      -     -   13s
     0     0    0.00000    0  427          -    0.00000      -     -   14s
     0     0    0.00000    0  389          -    0.00000      -     -   22s
     0     0    0.00000    0  506          -    0.00000      -     -   24s
     0     0    0.00000    0  373          -    0.00000      -     -   35s
     0     0    0.00000    0  462          -    0.00000      -     -   36s
     0     0    0.00000    0  420          -    0.00000      -     -   44s
     0     0    0.00000    0  377          -    0.00000      -     -   48s
     0     2    0.00000    0  376          -    0.00000      -     -   54s
     1     5    0.00000    1  306          -    0.00000      -  6492   55s
     7    16    0.00000    3  391          -    0.00000      -  3107   60s
    15    32    0.00000    4  436          -    0.00000      -  3295   65s
    63    96    0.00000    6  392          -    0.00000      -  3211   73s
    95   128    0.00000    6  392          -    0.00000      -  2794   78s
   127   160    0.00000    7  366          -    0.00000      -  2755   81s
   159   192    0.00000    7  358          -    0.00000      -  2533   87s
   191   216    0.00000    8  389          -    0.00000      -  2554   96s
   227   248    0.00000    8  311          -    0.00000      -  2462  101s
   264   287    0.00000    9  333          -    0.00000      -  2405  107s
   307   373 infeasible   10               -    0.00000      -  2436  113s
   411   568    0.00000   13  279          -    0.00000      -  2145  129s
   746   780    0.00000   16  337          -    0.00000      -  1697  155s
  1838   419 infeasible   15               -    0.00000      -  1095  182s
  2598   365 infeasible   10               -    0.00000      -  1044  198s
  2879   224 infeasible   10               -    0.00000      -  1063  212s
  3142   109    0.00000    8  360          -    0.00000      -  1082  224s
  3321    43 infeasible   11               -    0.00000      -  1103  233s
  3413    21 infeasible   17               -    0.00000      -  1120  238s
  3463     0 infeasible   10               -    0.00000      -  1126  242s

Cutting planes:
  Lift-and-project: 2
  Cover: 47
  Implied bound: 109
  Clique: 15
  MIR: 345
  Inf proof: 8
  Zero half: 10
  RLT: 1166
  BQP: 374

Explored 3484 nodes (4072785 simplex iterations) in 242.44 seconds (332.81 work units)
Thread count was 32 (of 96 available processors)

Solution count 0

Model is infeasible
Best objective -, best bound -, gap -
[34m2025-01-24 11:32:49,963 - DEBUG - ---------- END SUBSYSTEM ---------[0m
[34m2025-01-24 11:32:49,963 - DEBUG - Infeasible day 1[0m
[32m2025-01-24 11:32:49,964 - INFO - d_prime: 1 d: 1[0m
[32m2025-01-24 11:32:49,965 - INFO - d_prime: 3 d: 1[0m
[32m2025-01-24 11:32:49,966 - INFO - d_prime: 5 d: 1[0m
[32m2025-01-24 11:32:49,967 - INFO - forbidden_vars: ([{1:3,7:1,9:1,21:1},{1:3,6:1,11:1,18:1,20:1,21:1},{0:1,6:1,11:1,17:1,18:1,20:1,21:3},{1:3,17:1,18:2,21:3},{1:3,6:1,7:1,10:1,17:1,18:1,21:1},{7:1,9:1,10:4,18:1,21:2}])[0m
[32m2025-01-24 11:32:49,967 - INFO - False[0m
[34m2025-01-24 11:32:49,967 - DEBUG - Last day infeasible: 4[0m
[34m2025-01-24 11:32:49,967 - DEBUG - Checking day 4[0m
[34m2025-01-24 11:32:49,967 - DEBUG - ---------- SOLVE SUBSYSTEM ---------[0m
[34m2025-01-24 11:32:49,967 - DEBUG - SUBSOLVER DAY:4[0m
[34m2025-01-24 11:32:49,967 - DEBUG - SUBSOLVER PATIENTS:{T(ergotherapy_a): {P(patient0_o): 1}, T(ergotherapy_b): {P(patient1_c): 2, P(patient0_o): 1, P(patient1_o): 1, P(patient2_o): 4, P(patient2_p): 2}, T(ergotherapy_c): {}, T(physiotherapy_a): {P(patient0_c): 1}, T(physiotherapy_b): {}, T(physiotherapy_c): {P(patient1_o): 2, P(patient2_o): 1, P(patient3_o): 1, P(patient4_o): 1}, T(physiotherapy_d): {P(patient0_o): 2}, T(watergymnastics): {P(patient0_c): 1, P(patient1_c): 1, P(patient4_o): 3, P(patient1_p): 3, P(patient2_p): 1}, T(hydrotherapy): {P(patient1_c): 1}, T(nordic_walking): {}, T(fitness_training): {P(patient4_o): 1}, T(yoga): {P(patient1_c): 2, P(patient1_o): 1}, T(psychotherapy_single): {P(patient2_p): 1}, T(psychotherapy_group_a): {P(patient0_p): 2, P(patient1_p): 2, P(patient2_p): 2}, T(psychotherapy_group_b): {}, T(psychotherapy_group_c): {}, T(psychotherapy_group_d): {}, T(smoking_cessation): {P(patient0_c): 1, P(patient0_o): 1, P(patient0_p): 1}, T(nutritional_advice): {P(patient0_c): 2, P(patient1_c): 2, P(patient2_o): 2, P(patient3_o): 2, P(patient0_p): 1, P(patient2_p): 1}, T(cardiological_health_seminar): {}, T(general_psychological_support): {P(patient2_o): 1, P(patient3_o): 2}, T(massage): {P(patient3_o): 1}}[0m
Gurobi Optimizer version 10.0.0 build v10.0.0rc2 (linux64)

CPU model: Intel(R) Xeon(R) Platinum 8468, instruction set [SSE2|AVX|AVX2|AVX512]
Thread count: 96 physical cores, 96 logical processors, using up to 32 threads

Optimize a model with 383 rows, 3551 columns and 4262 nonzeros
Model fingerprint: 0x27352b97
Model has 2231 quadratic constraints
Variable types: 0 continuous, 3551 integer (3551 binary)
Coefficient statistics:
  Matrix range     [1e+00, 1e+01]
  QMatrix range    [1e+00, 1e+00]
  Objective range  [1e+00, 1e+00]
  Bounds range     [1e+00, 1e+00]
  RHS range        [1e+00, 4e+00]
  QRHS range       [1e+00, 1e+00]
Presolve removed 181 rows and 694 columns
Presolve time: 0.24s
Presolved: 24193 rows, 24299 columns, 308693 nonzeros
Variable types: 0 continuous, 24299 integer (24299 binary)
Deterministic concurrent LP optimizer: primal and dual simplex
Showing first log only...

Concurrent spin time: 0.00s

Solved with dual simplex
Deterministic concurrent LP optimizer: primal and dual simplex
Showing first log only...

Concurrent spin time: 0.00s

Solved with dual simplex

Root relaxation: infeasible, 162 iterations, 0.09 seconds (0.11 work units)

    Nodes    |    Current Node    |     Objective Bounds      |     Work
 Expl Unexpl |  Obj  Depth IntInf | Incumbent    BestBd   Gap | It/Node Time

     0     0 infeasible    0               - infeasible      -     -    1s

Explored 1 nodes (162 simplex iterations) in 1.49 seconds (1.51 work units)
Thread count was 32 (of 96 available processors)

Solution count 0

Model is infeasible
Best objective -, best bound -, gap -
[34m2025-01-24 11:32:53,219 - DEBUG - ---------- END SUBSYSTEM ---------[0m
[34m2025-01-24 11:32:53,220 - DEBUG - Infeasible day 4[0m
[32m2025-01-24 11:32:53,220 - INFO - d_prime: 4 d: 4[0m
[32m2025-01-24 11:32:53,221 - INFO - d_prime: 6 d: 4[0m
[32m2025-01-24 11:32:53,222 - INFO - forbidden_vars: ([{1:1,5:2,11:1},{13:2,17:1,18:1},{0:1,1:1,6:2,17:1},{3:1,7:1,17:1,18:2},{5:1,7:3,10:1},{7:3,13:2},{5:1,18:2,20:2,21:1},{1:2,7:1,12:1,13:2,18:1},{1:2,7:1,8:1,11:2,18:2},{1:4,5:1,18:2,20:1}])[0m
[32m2025-01-24 11:32:53,222 - INFO - False[0m
[34m2025-01-24 11:32:53,222 - DEBUG - Last day infeasible: 5[0m
[34m2025-01-24 11:32:53,222 - DEBUG - Checking day 5[0m
[34m2025-01-24 11:32:53,222 - DEBUG - ---------- SOLVE SUBSYSTEM ---------[0m
[34m2025-01-24 11:32:53,222 - DEBUG - SUBSOLVER DAY:5[0m
[34m2025-01-24 11:32:53,223 - DEBUG - SUBSOLVER PATIENTS:{T(ergotherapy_a): {P(patient0_c): 1, P(patient1_c): 2, P(patient1_o): 1, P(patient4_o): 4}, T(ergotherapy_b): {P(patient0_o): 1, P(patient1_o): 2, P(patient2_o): 4, P(patient3_o): 1, P(patient4_o): 1, P(patient2_p): 2}, T(ergotherapy_c): {P(patient0_p): 1, P(patient1_p): 1, P(patient2_p): 1}, T(physiotherapy_a): {P(patient0_c): 1, P(patient1_c): 4}, T(physiotherapy_b): {P(patient0_o): 1, P(patient3_o): 1}, T(physiotherapy_c): {P(patient0_o): 1, P(patient1_o): 1, P(patient4_o): 1}, T(physiotherapy_d): {P(patient2_o): 2, P(patient4_o): 2}, T(watergymnastics): {P(patient0_c): 1, P(patient1_c): 1, P(patient0_o): 1, P(patient3_o): 2, P(patient1_p): 2, P(patient2_p): 2}, T(hydrotherapy): {P(patient0_c): 1, P(patient4_o): 1}, T(nordic_walking): {}, T(fitness_training): {P(patient1_o): 2}, T(yoga): {P(patient0_c): 2, P(patient1_o): 1, P(patient2_o): 2, P(patient1_p): 1}, T(psychotherapy_single): {}, T(psychotherapy_group_a): {P(patient0_p): 2, P(patient1_p): 2, P(patient2_p): 2}, T(psychotherapy_group_b): {}, T(psychotherapy_group_c): {}, T(psychotherapy_group_d): {}, T(smoking_cessation): {P(patient0_c): 3, P(patient0_o): 3, P(patient1_o): 1, P(patient0_p): 2}, T(nutritional_advice): {}, T(cardiological_health_seminar): {}, T(general_psychological_support): {P(patient1_c): 1, P(patient0_o): 1, P(patient1_o): 1, P(patient2_o): 1}, T(massage): {}}[0m
Gurobi Optimizer version 10.0.0 build v10.0.0rc2 (linux64)

CPU model: Intel(R) Xeon(R) Platinum 8468, instruction set [SSE2|AVX|AVX2|AVX512]
Thread count: 96 physical cores, 96 logical processors, using up to 32 threads

Optimize a model with 568 rows, 5304 columns and 6413 nonzeros
Model fingerprint: 0x3657a374
Model has 2231 quadratic constraints
Variable types: 0 continuous, 5304 integer (5304 binary)
Coefficient statistics:
  Matrix range     [1e+00, 1e+01]
  QMatrix range    [1e+00, 1e+00]
  Objective range  [1e+00, 1e+00]
  Bounds range     [1e+00, 1e+00]
  RHS range        [1e+00, 4e+00]
  QRHS range       [1e+00, 1e+00]
Presolve removed 59 rows and 227 columns
Presolve time: 0.38s
Presolved: 44430 rows, 45486 columns, 544834 nonzeros
Variable types: 0 continuous, 45486 integer (45486 binary)
Deterministic concurrent LP optimizer: primal and dual simplex
Showing first log only...

Concurrent spin time: 0.02s

Solved with dual simplex

Use crossover to convert LP symmetric solution to basic solution...

Root relaxation: objective 0.000000e+00, 777 iterations, 0.19 seconds (0.25 work units)

    Nodes    |    Current Node    |     Objective Bounds      |     Work
 Expl Unexpl |  Obj  Depth IntInf | Incumbent    BestBd   Gap | It/Node Time

     0     0    0.00000    0  435          -    0.00000      -     -    2s
     0     0    0.00000    0  657          -    0.00000      -     -    2s
     0     0    0.00000    0  918          -    0.00000      -     -    6s
     0     0    0.00000    0  873          -    0.00000      -     -    7s
     0     0    0.00000    0  854          -    0.00000      -     -    7s
     0     0    0.00000    0  875          -    0.00000      -     -   23s
     0     0    0.00000    0  865          -    0.00000      -     -   24s
     0     0    0.00000    0 1044          -    0.00000      -     -   31s
     0     0    0.00000    0 1005          -    0.00000      -     -   31s
     0     0    0.00000    0  979          -    0.00000      -     -   31s
     0     0    0.00000    0 1050          -    0.00000      -     -   53s
     0     0    0.00000    0 1035          -    0.00000      -     -   53s
     0     0    0.00000    0 1033          -    0.00000      -     -   62s
     0     0    0.00000    0 1011          -    0.00000      -     -   62s
     0     0    0.00000    0 1002          -    0.00000      -     -   77s
     0     0    0.00000    0  991          -    0.00000      -     -   78s
     0     0    0.00000    0  944          -    0.00000      -     -   84s
     0     2    0.00000    0  942          -    0.00000      -     -  100s
     3     6 infeasible    2               -    0.00000      -  6097  110s
    13    18 infeasible    4               -    0.00000      -  3519  120s
    41    64    0.00000    6  678          -    0.00000      -  3706  134s
    73    96    0.00000    7  706          -    0.00000      -  3296  138s
   105   128    0.00000    8  690          -    0.00000      -  2577  141s
   169   193    0.00000    8  654          -    0.00000      -  2040  148s
   206   236    0.00000    9  643          -    0.00000      -  1903  155s
   249   271    0.00000    9  650          -    0.00000      -  1794  162s
   286   314    0.00000   10  628          -    0.00000      -  1820  166s
   329   399    0.00000   11  604          -    0.00000      -  1760  179s
   422   476    0.00000   13  638          -    0.00000      -  1694  201s
   513   694    0.00000   17  675          -    0.00000      -  2000  246s
   780   936    0.00000   20  621          -    0.00000      -  1916  322s
  1138  1369    0.00000   22  588          -    0.00000      -  2054  442s
  1858  1717 infeasible   42               -    0.00000      -  2040  652s
  2728  2365 infeasible   43               -    0.00000      -  2271 1019s
  4181  2365 infeasible   37               -    0.00000      -  2313 1020s
  4628  2753 infeasible   51               -    0.00000      -  2370 1362s
  6705  3068 infeasible   61               -    0.00000      -  2388 1725s

SLURM STATS:
JobID     MaxRSS    Elapsed      State 
------------------------------------------------------------ ---------- ---------- ---------- 
                                                    53352896              01:00:24    TIMEOUT 
                                              53352896.batch   8504456K   01:00:25  CANCELLED 
                                             53352896.extern          0   01:00:24  COMPLETED
