0.JOB_NAME: MIPSolver3_1_dfa767c0cf
1.SOLVER: MIPSolver3
2.PARAMS: {'break_symmetry': False}
3.INSTANCE: /home/ir803925/Kobra/rehabiliation-admission-scheduling/data/comp_study_004/instance_p20_t30_vigh.txt
4.REPETITION: 1
5.CPU_CORES: 8
Current directory: /home/ir803925/Kobra/rehabiliation-admission-scheduling
[34m2025-01-24 11:02:02,203 - DEBUG - Solver: <class 'src.solvers.mip3.MIPSolver3'>[0m
[34m2025-01-24 11:02:02,203 - DEBUG - Args: {'break_symmetry': False}[0m
[34m2025-01-24 11:02:02,203 - DEBUG - File path /home/ir803925/Kobra/rehabiliation-admission-scheduling/data/comp_study_004/instance_p20_t30_vigh.txt[0m
[34m2025-01-24 11:02:02,215 - DEBUG - ADD INSTANCE DATA[0m
[34m2025-01-24 11:02:02,216 - DEBUG - ADD INSTANCE DATA[0m
[34m2025-01-24 11:02:02,216 - DEBUG - ADD INSTANCE DATA[0m
[34m2025-01-24 11:02:02,216 - DEBUG - ADD INSTANCE DATA[0m
[34m2025-01-24 11:02:02,216 - DEBUG - ADD INSTANCE DATA[0m
[34m2025-01-24 11:02:02,216 - DEBUG - ADD INSTANCE DATA[0m
[34m2025-01-24 11:02:02,216 - DEBUG - ADD INSTANCE DATA[0m
[34m2025-01-24 11:02:02,216 - DEBUG - ADD INSTANCE DATA[0m
[34m2025-01-24 11:02:02,216 - DEBUG - ADD INSTANCE DATA[0m
[34m2025-01-24 11:02:02,216 - DEBUG - ADD INSTANCE DATA[0m
[34m2025-01-24 11:02:02,216 - DEBUG - ADD INSTANCE DATA[0m
[34m2025-01-24 11:02:02,216 - DEBUG - ADD RESOURCE_GROUPS[0m
[34m2025-01-24 11:02:02,216 - DEBUG - ADD RESOURCE_GROUPS[0m
[34m2025-01-24 11:02:02,216 - DEBUG - ADD RESOURCE_GROUPS[0m
[34m2025-01-24 11:02:02,216 - DEBUG - ADD RESOURCE_GROUPS[0m
[34m2025-01-24 11:02:02,216 - DEBUG - ADD RESOURCE_GROUPS[0m
[34m2025-01-24 11:02:02,216 - DEBUG - ADD RESOURCE_GROUPS[0m
[34m2025-01-24 11:02:02,216 - DEBUG - ADD RESOURCE_GROUPS[0m
[34m2025-01-24 11:02:02,216 - DEBUG - ADD RESOURCE_GROUPS[0m
[34m2025-01-24 11:02:02,216 - DEBUG - ADD RESOURCE_GROUPS[0m
[34m2025-01-24 11:02:02,216 - DEBUG - ADD RESOURCE_GROUPS[0m
[34m2025-01-24 11:02:02,216 - DEBUG - ADD RESOURCE_GROUPS[0m
[34m2025-01-24 11:02:02,216 - DEBUG - ADD RESOURCE_GROUPS[0m
[34m2025-01-24 11:02:02,217 - DEBUG - ADD RESOURCES[0m
[34m2025-01-24 11:02:02,217 - DEBUG - ADD RESOURCES[0m
[34m2025-01-24 11:02:02,217 - DEBUG - ADD RESOURCES[0m
[34m2025-01-24 11:02:02,217 - DEBUG - ADD RESOURCES[0m
[34m2025-01-24 11:02:02,217 - DEBUG - ADD RESOURCES[0m
[34m2025-01-24 11:02:02,217 - DEBUG - ADD RESOURCES[0m
[34m2025-01-24 11:02:02,217 - DEBUG - ADD RESOURCES[0m
[34m2025-01-24 11:02:02,217 - DEBUG - ADD RESOURCES[0m
[34m2025-01-24 11:02:02,217 - DEBUG - ADD RESOURCES[0m
[34m2025-01-24 11:02:02,217 - DEBUG - ADD RESOURCES[0m
[34m2025-01-24 11:02:02,218 - DEBUG - ADD RESOURCES[0m
[34m2025-01-24 11:02:02,218 - DEBUG - ADD RESOURCES[0m
[34m2025-01-24 11:02:02,218 - DEBUG - ADD RESOURCES[0m
[34m2025-01-24 11:02:02,218 - DEBUG - ADD RESOURCES[0m
[34m2025-01-24 11:02:02,218 - DEBUG - ADD RESOURCES[0m
[34m2025-01-24 11:02:02,218 - DEBUG - ADD RESOURCES[0m
[34m2025-01-24 11:02:02,218 - DEBUG - ADD RESOURCES[0m
[34m2025-01-24 11:02:02,218 - DEBUG - ADD TREATMENTS[0m
[34m2025-01-24 11:02:02,218 - DEBUG - ADD TREATMENTS[0m
[34m2025-01-24 11:02:02,218 - DEBUG - ADD TREATMENTS[0m
[34m2025-01-24 11:02:02,218 - DEBUG - ADD TREATMENTS[0m
[34m2025-01-24 11:02:02,218 - DEBUG - ADD TREATMENTS[0m
[34m2025-01-24 11:02:02,218 - DEBUG - ADD TREATMENTS[0m
[34m2025-01-24 11:02:02,218 - DEBUG - ADD TREATMENTS[0m
[34m2025-01-24 11:02:02,218 - DEBUG - ADD TREATMENTS[0m
[34m2025-01-24 11:02:02,219 - DEBUG - ADD TREATMENTS[0m
[34m2025-01-24 11:02:02,219 - DEBUG - ADD TREATMENTS[0m
[34m2025-01-24 11:02:02,219 - DEBUG - ADD TREATMENTS[0m
[34m2025-01-24 11:02:02,219 - DEBUG - ADD TREATMENTS[0m
[34m2025-01-24 11:02:02,219 - DEBUG - ADD TREATMENTS[0m
[34m2025-01-24 11:02:02,219 - DEBUG - ADD TREATMENTS[0m
[34m2025-01-24 11:02:02,219 - DEBUG - ADD TREATMENTS[0m
[34m2025-01-24 11:02:02,219 - DEBUG - ADD TREATMENTS[0m
[34m2025-01-24 11:02:02,219 - DEBUG - ADD TREATMENTS[0m
[34m2025-01-24 11:02:02,220 - DEBUG - ADD TREATMENTS[0m
[34m2025-01-24 11:02:02,220 - DEBUG - ADD TREATMENTS[0m
[34m2025-01-24 11:02:02,220 - DEBUG - ADD TREATMENTS[0m
[34m2025-01-24 11:02:02,220 - DEBUG - ADD TREATMENTS[0m
[34m2025-01-24 11:02:02,220 - DEBUG - ADD TREATMENTS[0m
[34m2025-01-24 11:02:02,220 - DEBUG - ADD PATIENTS[0m
[34m2025-01-24 11:02:02,221 - DEBUG - ADD PATIENTS[0m
[34m2025-01-24 11:02:02,221 - DEBUG - ADD PATIENTS[0m
[34m2025-01-24 11:02:02,221 - DEBUG - ADD PATIENTS[0m
[34m2025-01-24 11:02:02,221 - DEBUG - ADD PATIENTS[0m
[34m2025-01-24 11:02:02,221 - DEBUG - ADD PATIENTS[0m
[34m2025-01-24 11:02:02,221 - DEBUG - ADD PATIENTS[0m
[34m2025-01-24 11:02:02,221 - DEBUG - ADD PATIENTS[0m
[34m2025-01-24 11:02:02,221 - DEBUG - ADD PATIENTS[0m
[34m2025-01-24 11:02:02,221 - DEBUG - ADD PATIENTS[0m
[34m2025-01-24 11:02:02,221 - DEBUG - ADD PATIENTS[0m
[34m2025-01-24 11:02:02,222 - DEBUG - ADD PATIENTS[0m
[34m2025-01-24 11:02:02,222 - DEBUG - ADD PATIENTS[0m
[34m2025-01-24 11:02:02,222 - DEBUG - ADD PATIENTS[0m
[34m2025-01-24 11:02:02,222 - DEBUG - ADD PATIENTS[0m
[34m2025-01-24 11:02:02,222 - DEBUG - ADD PATIENTS[0m
[34m2025-01-24 11:02:02,222 - DEBUG - ADD PATIENTS[0m
[34m2025-01-24 11:02:02,222 - DEBUG - ADD PATIENTS[0m
[34m2025-01-24 11:02:02,222 - DEBUG - ADD PATIENTS[0m
[34m2025-01-24 11:02:02,222 - DEBUG - ADD PATIENTS[0m
[34m2025-01-24 11:02:02,222 - DEBUG - Instance data:[0m
[34m2025-01-24 11:02:02,223 - DEBUG - 0[0m
[34m2025-01-24 11:02:02,223 - DEBUG - New Resource Group:frozenset({RG(therapists)})[0m
[34m2025-01-24 11:02:02,297 - DEBUG - 1[0m
[34m2025-01-24 11:02:02,297 - DEBUG - New Resource Group:frozenset({RG(physiotherapists)})[0m
[34m2025-01-24 11:02:02,297 - DEBUG - New Resource Group:frozenset({RG(therapists), RG(physiotherapists)})[0m
[34m2025-01-24 11:02:02,297 - DEBUG - 2[0m
[34m2025-01-24 11:02:02,297 - DEBUG - New Resource Group:frozenset({RG(massage_therapist)})[0m
[34m2025-01-24 11:02:02,297 - DEBUG - New Resource Group:frozenset({RG(therapists), RG(massage_therapist)})[0m
[34m2025-01-24 11:02:02,297 - DEBUG - New Resource Group:frozenset({RG(physiotherapists), RG(massage_therapist)})[0m
[34m2025-01-24 11:02:02,297 - DEBUG - New Resource Group:frozenset({RG(therapists), RG(physiotherapists), RG(massage_therapist)})[0m
[34m2025-01-24 11:02:02,297 - DEBUG - 3[0m
[34m2025-01-24 11:02:02,297 - DEBUG - 4[0m
[34m2025-01-24 11:02:02,297 - DEBUG - New Resource Group:frozenset({RG(psychotherapists)})[0m
[34m2025-01-24 11:02:02,297 - DEBUG - New Resource Group:frozenset({RG(therapists), RG(psychotherapists)})[0m
[34m2025-01-24 11:02:02,298 - DEBUG - 5[0m
[34m2025-01-24 11:02:02,298 - DEBUG - 6[0m
[34m2025-01-24 11:02:02,298 - DEBUG - New Resource Group:frozenset({RG(lifeguards)})[0m
[34m2025-01-24 11:02:02,298 - DEBUG - New Resource Group:frozenset({RG(therapists), RG(lifeguards)})[0m
[34m2025-01-24 11:02:02,298 - DEBUG - 7[0m
[34m2025-01-24 11:02:02,298 - DEBUG - New Resource Group:frozenset({RG(rooms)})[0m
[34m2025-01-24 11:02:02,312 - DEBUG - 8[0m
[34m2025-01-24 11:02:02,312 - DEBUG - 9[0m
[34m2025-01-24 11:02:02,312 - DEBUG - 10[0m
[34m2025-01-24 11:02:02,312 - DEBUG - New Resource Group:frozenset({RG(rooms_with_beamer)})[0m
[34m2025-01-24 11:02:02,313 - DEBUG - New Resource Group:frozenset({RG(rooms), RG(rooms_with_beamer)})[0m
[34m2025-01-24 11:02:02,313 - DEBUG - 11[0m
[34m2025-01-24 11:02:02,313 - DEBUG - New Resource Group:frozenset({RG(sport_room)})[0m
[34m2025-01-24 11:02:02,320 - DEBUG - 12[0m
[34m2025-01-24 11:02:02,320 - DEBUG - 13[0m
[34m2025-01-24 11:02:02,320 - DEBUG - New Resource Group:frozenset({RG(swimming_pool)})[0m
[34m2025-01-24 11:02:02,324 - DEBUG - 14[0m
[34m2025-01-24 11:02:02,324 - DEBUG - New Resource Group:frozenset({RG(arts_crafts_materials)})[0m
[34m2025-01-24 11:02:02,328 - DEBUG - 15[0m
[34m2025-01-24 11:02:02,328 - DEBUG - New Resource Group:frozenset({RG(fitness_machines)})[0m
[34m2025-01-24 11:02:02,332 - DEBUG - 16[0m
[34m2025-01-24 11:02:02,332 - DEBUG - New Resource Group:frozenset({RG(hydrotherapy_bath)})[0m
[34m2025-01-24 11:02:02,335 - DEBUG - Number of patients: 20[0m
[34m2025-01-24 11:02:02,335 - DEBUG - Number of beds: 20[0m
[34m2025-01-24 11:02:02,335 - DEBUG - Average number of treatments per patient: 164.25[0m
[34m2025-01-24 11:02:02,335 - DEBUG - Average number of treatment per stayed day: 9.125[0m
[34m2025-01-24 11:02:02,335 - DEBUG - Number of treatments: 3285[0m
[34m2025-01-24 11:02:02,335 - DEBUG - Number of resources: 17[0m
[34m2025-01-24 11:02:02,335 - DEBUG - Number of resource groups: 12[0m
[34m2025-01-24 11:02:02,336 - DEBUG - Number of resource hours needed per all treatment by RG(therapists): 78.95416666666671[0m
[34m2025-01-24 11:02:02,336 - DEBUG - Number of resource hours needed per all treatment by RG(rooms): 177.7416666666667[0m
[34m2025-01-24 11:02:02,336 - DEBUG - Number of resource hours needed per all treatment by RG(arts_crafts_materials): 13.125[0m
[34m2025-01-24 11:02:02,336 - DEBUG - Number of resource hours needed per all treatment by RG(physiotherapists): 251.76666666666668[0m
[34m2025-01-24 11:02:02,336 - DEBUG - Number of resource hours needed per all treatment by RG(lifeguards): 10.208333333333334[0m
[34m2025-01-24 11:02:02,336 - DEBUG - Number of resource hours needed per all treatment by RG(swimming_pool): 10.208333333333334[0m
[34m2025-01-24 11:02:02,336 - DEBUG - Number of resource hours needed per all treatment by RG(hydrotherapy_bath): 20.416666666666668[0m
[34m2025-01-24 11:02:02,336 - DEBUG - Number of resource hours needed per all treatment by RG(sport_room): 194.95[0m
[34m2025-01-24 11:02:02,336 - DEBUG - Number of resource hours needed per all treatment by RG(rooms_with_beamer): 10.674999999999995[0m
[34m2025-01-24 11:02:02,336 - DEBUG - Number of resource hours needed per all treatment by RG(psychotherapists): 89.83333333333336[0m
[34m2025-01-24 11:02:02,336 - DEBUG - Number of resource hours needed per all treatment by RG(massage_therapist): 48.41666666666667[0m
[34m2025-01-24 11:02:02,336 - DEBUG - Number of resource hours needed per all treatment by RG(fitness_machines): 56.0[0m
[32m2025-01-24 11:02:02,336 - INFO - {'solver': 'MIPSolver3', 'args': {'break_symmetry': False, 'log_to_console': True}}[0m
[34m2025-01-24 11:02:02,336 - DEBUG - Setting options: MIPSolver3[0m
[34m2025-01-24 11:02:02,336 - DEBUG -  ---- break_symmetry to False[0m
[34m2025-01-24 11:02:02,336 - DEBUG - Setting options: Solver[0m
[34m2025-01-24 11:02:02,336 - DEBUG -  ---- number_of_threads to 8 (default)[0m
[34m2025-01-24 11:02:02,336 - DEBUG -  ---- treatment_value to 0 (default)[0m
[34m2025-01-24 11:02:02,336 - DEBUG -  ---- delay_value to 1 (default)[0m
[34m2025-01-24 11:02:02,336 - DEBUG -  ---- missing_treatment_value to 4 (default)[0m
[34m2025-01-24 11:02:02,336 - DEBUG -  ---- log_to_console to True[0m
[34m2025-01-24 11:02:02,336 - DEBUG -  ---- log_to_file to True (default)[0m
[32m2025-01-24 11:02:02,350 - INFO - Create model: MIPSolver3[0m
Set parameter TSPort to value 50039
Set parameter TokenServer to value "license.itc.rwth-aachen.de"
Set parameter Threads to value 8
[34m2025-01-24 11:02:02,742 - DEBUG - Variables created.[0m
[34m2025-01-24 11:02:02,776 - DEBUG - Constraint (p1) created.[0m
[34m2025-01-24 11:02:03,199 - DEBUG - Constraint (when_admitted) created.[0m
[34m2025-01-24 11:02:03,308 - DEBUG - Constraint (p3) created.[0m
[34m2025-01-24 11:02:03,309 - DEBUG - Constraint (r1) created.[0m
[34m2025-01-24 11:02:03,398 - DEBUG - Constraint (r2) created.[0m
[34m2025-01-24 11:02:03,488 - DEBUG - Constraint (r3) created.[0m
[34m2025-01-24 11:02:03,762 - DEBUG - Constraint (r4) created.[0m
[34m2025-01-24 11:02:04,012 - DEBUG - Constraint (r6) created.[0m
[34m2025-01-24 11:02:04,012 - DEBUG - Constraint (r7) created.[0m
[34m2025-01-24 11:02:04,069 - DEBUG - Constraint (a4) created.[0m
[34m2025-01-24 11:02:04,087 - DEBUG - Constraint (a5) created.[0m
[34m2025-01-24 11:02:04,105 - DEBUG - Constraint (a5) created.[0m
[32m2025-01-24 11:02:04,662 - INFO - Time to create model: 2.312[0m
[32m2025-01-24 11:02:04,662 - INFO - Solving model: MIPSolver3[0m
Gurobi Optimizer version 10.0.0 build v10.0.0rc2 (linux64)

CPU model: Intel(R) Xeon(R) Platinum 8468, instruction set [SSE2|AVX|AVX2|AVX512]
Thread count: 96 physical cores, 96 logical processors, using up to 8 threads

Optimize a model with 120108 rows, 94278 columns and 866375 nonzeros
Model fingerprint: 0x6b965b8e
Variable types: 2 continuous, 94276 integer (94276 binary)
Coefficient statistics:
  Matrix range     [1e+00, 2e+01]
  Objective range  [1e+00, 4e+00]
  Bounds range     [1e+00, 1e+00]
  RHS range        [1e+00, 1e+04]
Presolve removed 88016 rows and 43519 columns
Presolve time: 0.82s
Presolved: 32092 rows, 50759 columns, 330186 nonzeros
Variable types: 0 continuous, 50759 integer (50759 binary)
Deterministic concurrent LP optimizer: primal and dual simplex
Showing first log only...


Root simplex log...

Iteration    Objective       Primal Inf.    Dual Inf.      Time
   28907    9.9768147e+03   0.000000e+00   7.329065e+05      5s
   38208    9.6787900e+03   0.000000e+00   3.454039e+06     10s
   45558    9.5402704e+03   0.000000e+00   3.060173e+06     15s
   52758    9.4559927e+03   0.000000e+00   1.472303e+06     20s
   58748    9.3143923e+03   0.000000e+00   1.074128e+07     25s
   64828    9.2297530e+03   0.000000e+00   2.256454e+05     30s
Concurrent spin time: 0.00s

Solved with dual simplex

Root simplex log...

Iteration    Objective       Primal Inf.    Dual Inf.      Time
   79620    9.1388229e+03   0.000000e+00   0.000000e+00     35s

Use crossover to convert LP symmetric solution to basic solution...

Root crossover log...

    1516 DPushes remaining with DInf 0.0000000e+00                35s
       0 DPushes remaining with DInf 0.0000000e+00                35s

    4101 PPushes remaining with PInf 0.0000000e+00                35s
       0 PPushes remaining with PInf 0.0000000e+00                35s

  Push phase complete: Pinf 0.0000000e+00, Dinf 1.3345991e-12     35s


Root simplex log...

Iteration    Objective       Primal Inf.    Dual Inf.      Time
   84902    9.1388229e+03   0.000000e+00   0.000000e+00     35s
   84902    9.1388229e+03   0.000000e+00   0.000000e+00     35s

Root relaxation: objective 9.138823e+03, 84902 iterations, 34.36 seconds (43.89 work units)
Total elapsed time = 41.55s
Total elapsed time = 45.36s
Total elapsed time = 52.12s

    Nodes    |    Current Node    |     Objective Bounds      |     Work
 Expl Unexpl |  Obj  Depth IntInf | Incumbent    BestBd   Gap | It/Node Time

     0     0 9138.82291    0 2319          - 9138.82291      -     -   55s
H    0     0                    9500.0000000 9138.82291  3.80%     -   55s
H    0     0                    9460.0000000 9138.82291  3.40%     -   55s
H    0     0                    9424.0000000 9138.82291  3.03%     -   57s
     0     0 9140.79393    0 2528 9424.00000 9140.79393  3.01%     -   67s
H    0     0                    9208.0000000 9140.79393  0.73%     -  139s
H    0     0                    9200.0000000 9140.79393  0.64%     -  140s
     0     0 9140.79393    0 2612 9200.00000 9140.79393  0.64%     -  140s
     0     0 9142.08476    0 2931 9200.00000 9142.08476  0.63%     -  153s
     0     0 9142.49493    0 3173 9200.00000 9142.49493  0.63%     -  161s
     0     0 9142.61089    0 3171 9200.00000 9142.61089  0.62%     -  166s
     0     0 9142.61089    0 3123 9200.00000 9142.61089  0.62%     -  167s
     0     0 9142.61089    0 3274 9200.00000 9142.61089  0.62%     -  172s
     0     0 9142.61445    0 3226 9200.00000 9142.61445  0.62%     -  174s
     0     0 9142.61445    0 3210 9200.00000 9142.61445  0.62%     -  174s
     0     0 9142.61445    0 3286 9200.00000 9142.61445  0.62%     -  179s
H    0     0                    9196.0000000 9142.61445  0.58%     -  179s
     0     0 9142.63856    0 3306 9196.00000 9142.63856  0.58%     -  181s
     0     0 9142.63856    0 3275 9196.00000 9142.63856  0.58%     -  182s
     0     0 9142.63856    0 3444 9196.00000 9142.63856  0.58%     -  184s
     0     0 9142.63856    0 3346 9196.00000 9142.63856  0.58%     -  185s
     0     0 9142.63856    0 3390 9196.00000 9142.63856  0.58%     -  187s
     0     0 9142.63856    0 2336 9196.00000 9142.63856  0.58%     -  203s
     0     2 9142.63856    0 2306 9196.00000 9142.63856  0.58%     -  255s
     1     4 9143.70022    1 2658 9196.00000 9142.64014  0.58% 48423  279s
     3     8 9144.68265    2 2951 9196.00000 9142.89793  0.58% 28040  295s
     7    16 9145.80791    3 2924 9196.00000 9143.00383  0.58% 16139  311s
    15    24 9146.09486    4 2825 9196.00000 9143.22680  0.57% 11739  324s
    23    32 9146.19514    4 3079 9196.00000 9143.27659  0.57% 11036  336s
    31    40 9146.73608    5 3038 9196.00000 9143.27659  0.57% 14933  360s
    39    48 9146.93796    5 2864 9196.00000 9143.27659  0.57% 14078  375s
    47    56 9146.83058    6 2915 9196.00000 9143.75936  0.57% 13096  382s
    55    64 9147.31922    7 2787 9196.00000 9143.75936  0.57% 12854  401s
    63    72 9149.46662    7 2893 9196.00000 9143.75936  0.57% 12525  430s
    71    80 9147.42736    8 2867 9196.00000 9143.75936  0.57% 12364  605s
    79    89 9147.43641    9 2974 9196.00000 9143.86504  0.57% 11759  613s
    88    98 9147.88992   11 2746 9196.00000 9143.91598  0.57% 11360  650s
    97   108 9148.30747   11 2927 9196.00000 9143.91598  0.57% 11579  661s
   107   117 9148.00745   12 2944 9196.00000 9143.91598  0.57% 11199  682s
   116   128 9148.09283   12 2685 9196.00000 9143.91598  0.57% 11012  703s
   127   143 9148.35259   13 2843 9196.00000 9143.91598  0.57% 10688  726s
   142   152 9149.76441   14 2970 9196.00000 9143.91598  0.57% 10419  755s
H  145   152                    9192.0000000 9143.91598  0.52% 10310  755s
   151   165 9148.92775   15 2985 9192.00000 9143.91598  0.52% 10213  772s
   164   183 9149.12333   17 2896 9192.00000 9143.91598  0.52%  9948  796s
   182   197 9149.21929   18 2815 9192.00000 9143.91598  0.52%  9488  818s
   196   212 9150.03612   19 3000 9192.00000 9143.91598  0.52%  9369  844s
   211   227 9149.78427   20 2924 9192.00000 9143.91598  0.52%  9164  873s
   226   239 9149.80723   20 2711 9192.00000 9143.91598  0.52%  9074  927s
   238   261 9150.13215   21 2938 9192.00000 9143.91598  0.52%  8911  942s
   260   275 9150.17359   22 2892 9192.00000 9143.91598  0.52%  8692  973s
   274   293 9150.60724   23 2915 9192.00000 9143.91598  0.52%  8682  996s
   292   314 9152.41324   25 2889 9192.00000 9143.91598  0.52%  8632 1029s
   313   342 9151.37768   27 2915 9192.00000 9143.91598  0.52%  8493 1049s
   341   362 9151.38555   28 2716 9192.00000 9143.91598  0.52%  8319 1078s
   361   382 9151.39336   29 2682 9192.00000 9143.91598  0.52%  8178 1114s
   381   405 9151.67849   30 2799 9192.00000 9143.91598  0.52%  8152 1135s
   404   427 9151.78231   31 2684 9192.00000 9143.91598  0.52%  8035 1164s
   426   454 9152.04033   32 2728 9192.00000 9143.91598  0.52%  7803 1195s
   453   483 9153.30321   34 2660 9192.00000 9143.91598  0.52%  7678 1223s
   482   522 9152.92713   36 2556 9192.00000 9143.91598  0.52%  7534 1261s
   521   561 9154.21988   37 2484 9192.00000 9143.91598  0.52%  7314 1310s
   560   599 9154.80482   43 2580 9192.00000 9143.91598  0.52%  7192 1382s
   598   625 9156.26187   48 2461 9192.00000 9143.91598  0.52%  7004 1429s
H  606   625                    9188.0000000 9143.91598  0.48%  6965 1429s
   624   677 9156.72543   48 2495 9188.00000 9143.91598  0.48%  6904 1469s
   676   738 9157.64933   54 2368 9188.00000 9143.91598  0.48%  6666 1508s
   737   801 9157.92975   58 2341 9188.00000 9143.91598  0.48%  6387 1551s
   800   872 9158.06203   64 2397 9188.00000 9143.91598  0.48%  6149 1600s
   871   942 9160.07143   73 2290 9188.00000 9143.91598  0.48%  5891 1657s
   941  1012 9160.42922   76 2321 9188.00000 9143.91598  0.48%  5694 1708s
  1011  1100 9160.92724   84 2149 9188.00000 9143.91598  0.48%  5529 1759s
  1099  1192 9161.24423   92 2227 9188.00000 9143.91598  0.48%  5301 1808s
  1191  1235 9161.78445   99 2158 9188.00000 9143.91598  0.48%  5095 1919s
  1234  1311 9162.27063  110 2229 9188.00000 9143.91598  0.48%  5037 1977s
  1310  1387 9163.23533  118 2111 9188.00000 9143.91598  0.48%  4960 2031s
  1388  1433 9163.94141  121 2221 9188.00000 9143.91598  0.48%  4892 2103s
  1438  1483 9166.40741  125 2400 9188.00000 9143.91598  0.48%  4954 2167s
  1498  1534 9166.88874  133 2374 9188.00000 9143.91598  0.48%  4970 2232s
  1549  1622 9167.77278  143 2225 9188.00000 9143.91598  0.48%  5020 2298s
  1637  1729 9168.30076  162 2245 9188.00000 9143.91598  0.48%  4957 2369s
  1744  1828 9170.30075  186 2167 9188.00000 9143.91598  0.48%  4857 2444s
  1843  1933 9173.14858  190 2088 9188.00000 9143.91598  0.48%  4802 2518s
  1948  2022 9174.01416  197 2067 9188.00000 9143.91598  0.48%  4751 2597s
  2037  2155 9176.69527  209 2028 9188.00000 9143.91598  0.48%  4743 2676s
  2177  2262 9177.57158  230 1943 9188.00000 9143.91598  0.48%  4636 2749s
  2311  2376 9178.64676  241 1822 9188.00000 9143.91598  0.48%  4568 2843s
  2425  2406 9179.34322  248 1893 9188.00000 9143.91598  0.48%  4504 2952s
  2455  2596 9179.47487  250 1745 9188.00000 9143.91598  0.48%  4516 3045s
  2645  2765 9180.58958  291 1678 9188.00000 9143.91598  0.48%  4383 3149s
  2823  3003 9182.30935  300 1742 9188.00000 9143.91598  0.48%  4296 3242s
  3063  3176 9184.07551  341 1728 9188.00000 9143.99046  0.48%  4128 3340s
  3250  3261 9144.67808    6 2987 9188.00000 9144.19832  0.48%  4067 3445s
  3350  3493 9147.90355    9 2879 9188.00000 9144.19832  0.48%  4090 3583s

SLURM STATS:
JobID     MaxRSS    Elapsed      State 
------------------------------------------------------------ ---------- ---------- ---------- 
                                                    53352843              01:00:24    TIMEOUT 
                                              53352843.batch   2343168K   01:00:25  CANCELLED 
                                             53352843.extern        80K   01:00:24  COMPLETED
