0.JOB_NAME: MIPSolver3_1_9f6000b4a2
1.SOLVER: MIPSolver3
2.PARAMS: {'break_symmetry': False}
3.INSTANCE: /home/ir803925/Kobra/rehabiliation-admission-scheduling/data/comp_study_004/instance_p60_t15_medium.txt
4.REPETITION: 1
5.CPU_CORES: 8
Current directory: /home/ir803925/Kobra/rehabiliation-admission-scheduling
[34m2025-01-24 00:41:03,008 - DEBUG - Solver: <class 'src.solvers.mip3.MIPSolver3'>[0m
[34m2025-01-24 00:41:03,008 - DEBUG - Args: {'break_symmetry': False}[0m
[34m2025-01-24 00:41:03,008 - DEBUG - File path /home/ir803925/Kobra/rehabiliation-admission-scheduling/data/comp_study_004/instance_p60_t15_medium.txt[0m
[34m2025-01-24 00:41:03,009 - DEBUG - ADD INSTANCE DATA[0m
[34m2025-01-24 00:41:03,009 - DEBUG - ADD INSTANCE DATA[0m
[34m2025-01-24 00:41:03,009 - DEBUG - ADD INSTANCE DATA[0m
[34m2025-01-24 00:41:03,009 - DEBUG - ADD INSTANCE DATA[0m
[34m2025-01-24 00:41:03,009 - DEBUG - ADD INSTANCE DATA[0m
[34m2025-01-24 00:41:03,009 - DEBUG - ADD INSTANCE DATA[0m
[34m2025-01-24 00:41:03,009 - DEBUG - ADD INSTANCE DATA[0m
[34m2025-01-24 00:41:03,009 - DEBUG - ADD INSTANCE DATA[0m
[34m2025-01-24 00:41:03,009 - DEBUG - ADD INSTANCE DATA[0m
[34m2025-01-24 00:41:03,009 - DEBUG - ADD INSTANCE DATA[0m
[34m2025-01-24 00:41:03,010 - DEBUG - ADD INSTANCE DATA[0m
[34m2025-01-24 00:41:03,010 - DEBUG - ADD RESOURCE_GROUPS[0m
[34m2025-01-24 00:41:03,010 - DEBUG - ADD RESOURCE_GROUPS[0m
[34m2025-01-24 00:41:03,010 - DEBUG - ADD RESOURCE_GROUPS[0m
[34m2025-01-24 00:41:03,010 - DEBUG - ADD RESOURCE_GROUPS[0m
[34m2025-01-24 00:41:03,010 - DEBUG - ADD RESOURCE_GROUPS[0m
[34m2025-01-24 00:41:03,010 - DEBUG - ADD RESOURCE_GROUPS[0m
[34m2025-01-24 00:41:03,010 - DEBUG - ADD RESOURCE_GROUPS[0m
[34m2025-01-24 00:41:03,010 - DEBUG - ADD RESOURCE_GROUPS[0m
[34m2025-01-24 00:41:03,010 - DEBUG - ADD RESOURCE_GROUPS[0m
[34m2025-01-24 00:41:03,010 - DEBUG - ADD RESOURCE_GROUPS[0m
[34m2025-01-24 00:41:03,010 - DEBUG - ADD RESOURCE_GROUPS[0m
[34m2025-01-24 00:41:03,010 - DEBUG - ADD RESOURCE_GROUPS[0m
[34m2025-01-24 00:41:03,010 - DEBUG - ADD RESOURCES[0m
[34m2025-01-24 00:41:03,010 - DEBUG - ADD RESOURCES[0m
[34m2025-01-24 00:41:03,011 - DEBUG - ADD RESOURCES[0m
[34m2025-01-24 00:41:03,011 - DEBUG - ADD RESOURCES[0m
[34m2025-01-24 00:41:03,011 - DEBUG - ADD RESOURCES[0m
[34m2025-01-24 00:41:03,011 - DEBUG - ADD RESOURCES[0m
[34m2025-01-24 00:41:03,011 - DEBUG - ADD RESOURCES[0m
[34m2025-01-24 00:41:03,011 - DEBUG - ADD RESOURCES[0m
[34m2025-01-24 00:41:03,011 - DEBUG - ADD RESOURCES[0m
[34m2025-01-24 00:41:03,011 - DEBUG - ADD RESOURCES[0m
[34m2025-01-24 00:41:03,011 - DEBUG - ADD RESOURCES[0m
[34m2025-01-24 00:41:03,012 - DEBUG - ADD RESOURCES[0m
[34m2025-01-24 00:41:03,012 - DEBUG - ADD RESOURCES[0m
[34m2025-01-24 00:41:03,012 - DEBUG - ADD RESOURCES[0m
[34m2025-01-24 00:41:03,012 - DEBUG - ADD RESOURCES[0m
[34m2025-01-24 00:41:03,012 - DEBUG - ADD RESOURCES[0m
[34m2025-01-24 00:41:03,012 - DEBUG - ADD RESOURCES[0m
[34m2025-01-24 00:41:03,012 - DEBUG - ADD RESOURCES[0m
[34m2025-01-24 00:41:03,012 - DEBUG - ADD RESOURCES[0m
[34m2025-01-24 00:41:03,012 - DEBUG - ADD RESOURCES[0m
[34m2025-01-24 00:41:03,012 - DEBUG - ADD RESOURCES[0m
[34m2025-01-24 00:41:03,012 - DEBUG - ADD RESOURCES[0m
[34m2025-01-24 00:41:03,012 - DEBUG - ADD RESOURCES[0m
[34m2025-01-24 00:41:03,012 - DEBUG - ADD RESOURCES[0m
[34m2025-01-24 00:41:03,012 - DEBUG - ADD RESOURCES[0m
[34m2025-01-24 00:41:03,012 - DEBUG - ADD RESOURCES[0m
[34m2025-01-24 00:41:03,012 - DEBUG - ADD RESOURCES[0m
[34m2025-01-24 00:41:03,013 - DEBUG - ADD RESOURCES[0m
[34m2025-01-24 00:41:03,013 - DEBUG - ADD RESOURCES[0m
[34m2025-01-24 00:41:03,013 - DEBUG - ADD RESOURCES[0m
[34m2025-01-24 00:41:03,013 - DEBUG - ADD RESOURCES[0m
[34m2025-01-24 00:41:03,013 - DEBUG - ADD RESOURCES[0m
[34m2025-01-24 00:41:03,013 - DEBUG - ADD RESOURCES[0m
[34m2025-01-24 00:41:03,013 - DEBUG - ADD RESOURCES[0m
[34m2025-01-24 00:41:03,015 - DEBUG - ADD TREATMENTS[0m
[34m2025-01-24 00:41:03,015 - DEBUG - ADD TREATMENTS[0m
[34m2025-01-24 00:41:03,015 - DEBUG - ADD TREATMENTS[0m
[34m2025-01-24 00:41:03,015 - DEBUG - ADD TREATMENTS[0m
[34m2025-01-24 00:41:03,015 - DEBUG - ADD TREATMENTS[0m
[34m2025-01-24 00:41:03,015 - DEBUG - ADD TREATMENTS[0m
[34m2025-01-24 00:41:03,015 - DEBUG - ADD TREATMENTS[0m
[34m2025-01-24 00:41:03,015 - DEBUG - ADD TREATMENTS[0m
[34m2025-01-24 00:41:03,015 - DEBUG - ADD TREATMENTS[0m
[34m2025-01-24 00:41:03,015 - DEBUG - ADD TREATMENTS[0m
[34m2025-01-24 00:41:03,015 - DEBUG - ADD TREATMENTS[0m
[34m2025-01-24 00:41:03,015 - DEBUG - ADD TREATMENTS[0m
[34m2025-01-24 00:41:03,015 - DEBUG - ADD TREATMENTS[0m
[34m2025-01-24 00:41:03,015 - DEBUG - ADD TREATMENTS[0m
[34m2025-01-24 00:41:03,015 - DEBUG - ADD TREATMENTS[0m
[34m2025-01-24 00:41:03,016 - DEBUG - ADD TREATMENTS[0m
[34m2025-01-24 00:41:03,016 - DEBUG - ADD TREATMENTS[0m
[34m2025-01-24 00:41:03,016 - DEBUG - ADD TREATMENTS[0m
[34m2025-01-24 00:41:03,016 - DEBUG - ADD TREATMENTS[0m
[34m2025-01-24 00:41:03,016 - DEBUG - ADD TREATMENTS[0m
[34m2025-01-24 00:41:03,016 - DEBUG - ADD TREATMENTS[0m
[34m2025-01-24 00:41:03,016 - DEBUG - ADD TREATMENTS[0m
[34m2025-01-24 00:41:03,016 - DEBUG - ADD PATIENTS[0m
[34m2025-01-24 00:41:03,016 - DEBUG - ADD PATIENTS[0m
[34m2025-01-24 00:41:03,016 - DEBUG - ADD PATIENTS[0m
[34m2025-01-24 00:41:03,016 - DEBUG - ADD PATIENTS[0m
[34m2025-01-24 00:41:03,017 - DEBUG - ADD PATIENTS[0m
[34m2025-01-24 00:41:03,017 - DEBUG - ADD PATIENTS[0m
[34m2025-01-24 00:41:03,017 - DEBUG - ADD PATIENTS[0m
[34m2025-01-24 00:41:03,017 - DEBUG - ADD PATIENTS[0m
[34m2025-01-24 00:41:03,017 - DEBUG - ADD PATIENTS[0m
[34m2025-01-24 00:41:03,017 - DEBUG - ADD PATIENTS[0m
[34m2025-01-24 00:41:03,017 - DEBUG - ADD PATIENTS[0m
[34m2025-01-24 00:41:03,017 - DEBUG - ADD PATIENTS[0m
[34m2025-01-24 00:41:03,017 - DEBUG - ADD PATIENTS[0m
[34m2025-01-24 00:41:03,017 - DEBUG - ADD PATIENTS[0m
[34m2025-01-24 00:41:03,017 - DEBUG - ADD PATIENTS[0m
[34m2025-01-24 00:41:03,018 - DEBUG - ADD PATIENTS[0m
[34m2025-01-24 00:41:03,018 - DEBUG - ADD PATIENTS[0m
[34m2025-01-24 00:41:03,018 - DEBUG - ADD PATIENTS[0m
[34m2025-01-24 00:41:03,018 - DEBUG - ADD PATIENTS[0m
[34m2025-01-24 00:41:03,018 - DEBUG - ADD PATIENTS[0m
[34m2025-01-24 00:41:03,018 - DEBUG - ADD PATIENTS[0m
[34m2025-01-24 00:41:03,018 - DEBUG - ADD PATIENTS[0m
[34m2025-01-24 00:41:03,018 - DEBUG - ADD PATIENTS[0m
[34m2025-01-24 00:41:03,018 - DEBUG - ADD PATIENTS[0m
[34m2025-01-24 00:41:03,018 - DEBUG - ADD PATIENTS[0m
[34m2025-01-24 00:41:03,018 - DEBUG - ADD PATIENTS[0m
[34m2025-01-24 00:41:03,019 - DEBUG - ADD PATIENTS[0m
[34m2025-01-24 00:41:03,019 - DEBUG - ADD PATIENTS[0m
[34m2025-01-24 00:41:03,019 - DEBUG - ADD PATIENTS[0m
[34m2025-01-24 00:41:03,019 - DEBUG - ADD PATIENTS[0m
[34m2025-01-24 00:41:03,019 - DEBUG - ADD PATIENTS[0m
[34m2025-01-24 00:41:03,019 - DEBUG - ADD PATIENTS[0m
[34m2025-01-24 00:41:03,019 - DEBUG - ADD PATIENTS[0m
[34m2025-01-24 00:41:03,019 - DEBUG - ADD PATIENTS[0m
[34m2025-01-24 00:41:03,019 - DEBUG - ADD PATIENTS[0m
[34m2025-01-24 00:41:03,019 - DEBUG - ADD PATIENTS[0m
[34m2025-01-24 00:41:03,019 - DEBUG - ADD PATIENTS[0m
[34m2025-01-24 00:41:03,020 - DEBUG - ADD PATIENTS[0m
[34m2025-01-24 00:41:03,020 - DEBUG - ADD PATIENTS[0m
[34m2025-01-24 00:41:03,020 - DEBUG - ADD PATIENTS[0m
[34m2025-01-24 00:41:03,020 - DEBUG - ADD PATIENTS[0m
[34m2025-01-24 00:41:03,020 - DEBUG - ADD PATIENTS[0m
[34m2025-01-24 00:41:03,020 - DEBUG - ADD PATIENTS[0m
[34m2025-01-24 00:41:03,020 - DEBUG - ADD PATIENTS[0m
[34m2025-01-24 00:41:03,020 - DEBUG - ADD PATIENTS[0m
[34m2025-01-24 00:41:03,020 - DEBUG - ADD PATIENTS[0m
[34m2025-01-24 00:41:03,020 - DEBUG - ADD PATIENTS[0m
[34m2025-01-24 00:41:03,020 - DEBUG - ADD PATIENTS[0m
[34m2025-01-24 00:41:03,021 - DEBUG - ADD PATIENTS[0m
[34m2025-01-24 00:41:03,021 - DEBUG - ADD PATIENTS[0m
[34m2025-01-24 00:41:03,021 - DEBUG - ADD PATIENTS[0m
[34m2025-01-24 00:41:03,021 - DEBUG - ADD PATIENTS[0m
[34m2025-01-24 00:41:03,021 - DEBUG - ADD PATIENTS[0m
[34m2025-01-24 00:41:03,021 - DEBUG - ADD PATIENTS[0m
[34m2025-01-24 00:41:03,021 - DEBUG - ADD PATIENTS[0m
[34m2025-01-24 00:41:03,021 - DEBUG - ADD PATIENTS[0m
[34m2025-01-24 00:41:03,021 - DEBUG - ADD PATIENTS[0m
[34m2025-01-24 00:41:03,021 - DEBUG - ADD PATIENTS[0m
[34m2025-01-24 00:41:03,021 - DEBUG - ADD PATIENTS[0m
[34m2025-01-24 00:41:03,021 - DEBUG - ADD PATIENTS[0m
[34m2025-01-24 00:41:03,022 - DEBUG - Instance data:[0m
[34m2025-01-24 00:41:03,022 - DEBUG - 0[0m
[34m2025-01-24 00:41:03,022 - DEBUG - New Resource Group:frozenset({RG(therapists)})[0m
[34m2025-01-24 00:41:03,186 - DEBUG - 1[0m
[34m2025-01-24 00:41:03,186 - DEBUG - 2[0m
[34m2025-01-24 00:41:03,186 - DEBUG - New Resource Group:frozenset({RG(physiotherapists)})[0m
[34m2025-01-24 00:41:03,186 - DEBUG - New Resource Group:frozenset({RG(therapists), RG(physiotherapists)})[0m
[34m2025-01-24 00:41:03,186 - DEBUG - 3[0m
[34m2025-01-24 00:41:03,186 - DEBUG - 4[0m
[34m2025-01-24 00:41:03,186 - DEBUG - 5[0m
[34m2025-01-24 00:41:03,186 - DEBUG - New Resource Group:frozenset({RG(massage_therapist)})[0m
[34m2025-01-24 00:41:03,186 - DEBUG - New Resource Group:frozenset({RG(therapists), RG(massage_therapist)})[0m
[34m2025-01-24 00:41:03,186 - DEBUG - New Resource Group:frozenset({RG(physiotherapists), RG(massage_therapist)})[0m
[34m2025-01-24 00:41:03,186 - DEBUG - New Resource Group:frozenset({RG(therapists), RG(physiotherapists), RG(massage_therapist)})[0m
[34m2025-01-24 00:41:03,187 - DEBUG - 6[0m
[34m2025-01-24 00:41:03,187 - DEBUG - 7[0m
[34m2025-01-24 00:41:03,187 - DEBUG - 8[0m
[34m2025-01-24 00:41:03,187 - DEBUG - New Resource Group:frozenset({RG(psychotherapists)})[0m
[34m2025-01-24 00:41:03,187 - DEBUG - New Resource Group:frozenset({RG(therapists), RG(psychotherapists)})[0m
[34m2025-01-24 00:41:03,187 - DEBUG - 9[0m
[34m2025-01-24 00:41:03,187 - DEBUG - 10[0m
[34m2025-01-24 00:41:03,187 - DEBUG - 11[0m
[34m2025-01-24 00:41:03,187 - DEBUG - 12[0m
[34m2025-01-24 00:41:03,187 - DEBUG - 13[0m
[34m2025-01-24 00:41:03,187 - DEBUG - New Resource Group:frozenset({RG(lifeguards)})[0m
[34m2025-01-24 00:41:03,187 - DEBUG - New Resource Group:frozenset({RG(therapists), RG(lifeguards)})[0m
[34m2025-01-24 00:41:03,187 - DEBUG - 14[0m
[34m2025-01-24 00:41:03,187 - DEBUG - 15[0m
[34m2025-01-24 00:41:03,187 - DEBUG - New Resource Group:frozenset({RG(rooms)})[0m
[34m2025-01-24 00:41:03,213 - DEBUG - 16[0m
[34m2025-01-24 00:41:03,213 - DEBUG - 17[0m
[34m2025-01-24 00:41:03,213 - DEBUG - 18[0m
[34m2025-01-24 00:41:03,213 - DEBUG - 19[0m
[34m2025-01-24 00:41:03,213 - DEBUG - 20[0m
[34m2025-01-24 00:41:03,213 - DEBUG - New Resource Group:frozenset({RG(rooms_with_beamer)})[0m
[34m2025-01-24 00:41:03,213 - DEBUG - New Resource Group:frozenset({RG(rooms), RG(rooms_with_beamer)})[0m
[34m2025-01-24 00:41:03,213 - DEBUG - 21[0m
[34m2025-01-24 00:41:03,214 - DEBUG - 22[0m
[34m2025-01-24 00:41:03,214 - DEBUG - New Resource Group:frozenset({RG(sport_room)})[0m
[34m2025-01-24 00:41:03,229 - DEBUG - 23[0m
[34m2025-01-24 00:41:03,229 - DEBUG - 24[0m
[34m2025-01-24 00:41:03,229 - DEBUG - 25[0m
[34m2025-01-24 00:41:03,229 - DEBUG - 26[0m
[34m2025-01-24 00:41:03,229 - DEBUG - New Resource Group:frozenset({RG(swimming_pool)})[0m
[34m2025-01-24 00:41:03,232 - DEBUG - 27[0m
[34m2025-01-24 00:41:03,233 - DEBUG - New Resource Group:frozenset({RG(arts_crafts_materials)})[0m
[34m2025-01-24 00:41:03,240 - DEBUG - 28[0m
[34m2025-01-24 00:41:03,240 - DEBUG - 29[0m
[34m2025-01-24 00:41:03,240 - DEBUG - New Resource Group:frozenset({RG(fitness_machines)})[0m
[34m2025-01-24 00:41:03,251 - DEBUG - 30[0m
[34m2025-01-24 00:41:03,251 - DEBUG - 31[0m
[34m2025-01-24 00:41:03,251 - DEBUG - 32[0m
[34m2025-01-24 00:41:03,252 - DEBUG - New Resource Group:frozenset({RG(hydrotherapy_bath)})[0m
[34m2025-01-24 00:41:03,259 - DEBUG - 33[0m
[34m2025-01-24 00:41:03,259 - DEBUG - Number of patients: 60[0m
[34m2025-01-24 00:41:03,259 - DEBUG - Number of beds: 60[0m
[34m2025-01-24 00:41:03,259 - DEBUG - Average number of treatments per patient: 84.75[0m
[34m2025-01-24 00:41:03,259 - DEBUG - Average number of treatment per stayed day: 4.708333333333333[0m
[34m2025-01-24 00:41:03,259 - DEBUG - Number of treatments: 5085[0m
[34m2025-01-24 00:41:03,259 - DEBUG - Number of resources: 34[0m
[34m2025-01-24 00:41:03,259 - DEBUG - Number of resource groups: 12[0m
[34m2025-01-24 00:41:03,259 - DEBUG - Number of resource hours needed per all treatment by RG(therapists): 122.61666666666652[0m
[34m2025-01-24 00:41:03,259 - DEBUG - Number of resource hours needed per all treatment by RG(rooms): 276.363888888889[0m
[34m2025-01-24 00:41:03,259 - DEBUG - Number of resource hours needed per all treatment by RG(arts_crafts_materials): 21.388888888888882[0m
[34m2025-01-24 00:41:03,259 - DEBUG - Number of resource hours needed per all treatment by RG(physiotherapists): 379.82777777777744[0m
[34m2025-01-24 00:41:03,259 - DEBUG - Number of resource hours needed per all treatment by RG(lifeguards): 16.28472222222222[0m
[34m2025-01-24 00:41:03,259 - DEBUG - Number of resource hours needed per all treatment by RG(swimming_pool): 16.28472222222222[0m
[34m2025-01-24 00:41:03,259 - DEBUG - Number of resource hours needed per all treatment by RG(hydrotherapy_bath): 30.72222222222221[0m
[34m2025-01-24 00:41:03,259 - DEBUG - Number of resource hours needed per all treatment by RG(sport_room): 292.6[0m
[34m2025-01-24 00:41:03,259 - DEBUG - Number of resource hours needed per all treatment by RG(rooms_with_beamer): 17.09166666666669[0m
[34m2025-01-24 00:41:03,260 - DEBUG - Number of resource hours needed per all treatment by RG(psychotherapists): 140.5833333333333[0m
[34m2025-01-24 00:41:03,260 - DEBUG - Number of resource hours needed per all treatment by RG(massage_therapist): 73.50000000000001[0m
[34m2025-01-24 00:41:03,260 - DEBUG - Number of resource hours needed per all treatment by RG(fitness_machines): 85.74999999999997[0m
[32m2025-01-24 00:41:03,260 - INFO - {'solver': 'MIPSolver3', 'args': {'break_symmetry': False, 'log_to_console': True}}[0m
[34m2025-01-24 00:41:03,260 - DEBUG - Setting options: MIPSolver3[0m
[34m2025-01-24 00:41:03,260 - DEBUG -  ---- break_symmetry to False[0m
[34m2025-01-24 00:41:03,260 - DEBUG - Setting options: Solver[0m
[34m2025-01-24 00:41:03,260 - DEBUG -  ---- number_of_threads to 8 (default)[0m
[34m2025-01-24 00:41:03,260 - DEBUG -  ---- treatment_value to 0 (default)[0m
[34m2025-01-24 00:41:03,260 - DEBUG -  ---- delay_value to 1 (default)[0m
[34m2025-01-24 00:41:03,260 - DEBUG -  ---- missing_treatment_value to 4 (default)[0m
[34m2025-01-24 00:41:03,260 - DEBUG -  ---- log_to_console to True[0m
[34m2025-01-24 00:41:03,260 - DEBUG -  ---- log_to_file to True (default)[0m
[32m2025-01-24 00:41:03,314 - INFO - Create model: MIPSolver3[0m
Set parameter TSPort to value 50039
Set parameter TokenServer to value "license.itc.rwth-aachen.de"
Set parameter Threads to value 8
[34m2025-01-24 00:41:07,299 - DEBUG - Variables created.[0m
[34m2025-01-24 00:41:07,675 - DEBUG - Constraint (p1) created.[0m
[34m2025-01-24 00:41:12,790 - DEBUG - Constraint (when_admitted) created.[0m
[34m2025-01-24 00:41:14,163 - DEBUG - Constraint (p3) created.[0m
[34m2025-01-24 00:41:14,164 - DEBUG - Constraint (r1) created.[0m
[34m2025-01-24 00:41:14,967 - DEBUG - Constraint (r2) created.[0m
[34m2025-01-24 00:41:15,487 - DEBUG - Constraint (r3) created.[0m
[34m2025-01-24 00:41:19,465 - DEBUG - Constraint (r4) created.[0m
[34m2025-01-24 00:41:21,987 - DEBUG - Constraint (r6) created.[0m
[34m2025-01-24 00:41:21,988 - DEBUG - Constraint (r7) created.[0m
[34m2025-01-24 00:41:22,696 - DEBUG - Constraint (a4) created.[0m
[34m2025-01-24 00:41:22,925 - DEBUG - Constraint (a5) created.[0m
[34m2025-01-24 00:41:23,153 - DEBUG - Constraint (a5) created.[0m
[32m2025-01-24 00:41:46,138 - INFO - Time to create model: 42.823[0m
[32m2025-01-24 00:41:46,140 - INFO - Solving model: MIPSolver3[0m
Gurobi Optimizer version 10.0.0 build v10.0.0rc2 (linux64)

CPU model: Intel(R) Xeon(R) Platinum 8468, instruction set [SSE2|AVX|AVX2|AVX512]
Thread count: 96 physical cores, 96 logical processors, using up to 8 threads

Optimize a model with 1185228 rows, 895705 columns and 10451150 nonzeros
Model fingerprint: 0xd0a33b60
Variable types: 2 continuous, 895703 integer (895703 binary)
Coefficient statistics:
  Matrix range     [1e+00, 1e+01]
  Objective range  [1e+00, 4e+00]
  Bounds range     [1e+00, 1e+00]
  RHS range        [1e+00, 2e+04]
Presolve removed 752392 rows and 370907 columns (presolve time = 5s) ...
Presolve removed 838844 rows and 370907 columns (presolve time = 10s) ...
Presolve removed 903727 rows and 371642 columns (presolve time = 15s) ...
Presolve removed 903650 rows and 371565 columns
Presolve time: 19.46s
Presolved: 281578 rows, 524140 columns, 4661691 nonzeros
Variable types: 0 continuous, 524140 integer (524140 binary)
Deterministic concurrent LP optimizer: primal simplex, dual simplex, and barrier
Showing barrier log only...

Root barrier log...

Ordering time: 2.10s

Barrier statistics:
 Dense cols : 10
 AA' NZ     : 1.919e+06
 Factor NZ  : 1.426e+07 (roughly 180 MB of memory)
 Factor Ops : 6.600e+09 (less than 1 second per iteration)
 Threads    : 5

                  Objective                Residual
Iter       Primal          Dual         Primal    Dual     Compl     Time
   0  -9.97139805e+07 -7.47645752e+04  7.75e+05 1.30e+00  5.56e+02    25s
   1  -6.87846267e+07 -9.87953936e+04  5.34e+05 5.59e+00  3.73e+02    25s
   2  -4.81731301e+07 -1.26372204e+05  3.74e+05 2.58e+00  2.64e+02    25s
   3  -9.84764452e+06 -1.85219639e+05  7.61e+04 3.03e-02  5.93e+01    26s
   4  -6.09533293e+05 -1.52741773e+05  4.62e+03 8.07e-03  4.27e+00    26s
   5  -3.23219288e+05 -8.54831021e+04  2.41e+03 1.45e-03  2.17e+00    26s
   6  -1.65338982e+05 -5.29160898e+04  1.18e+03 6.96e-04  1.16e+00    26s
   7  -4.73051937e+04 -3.72908983e+04  2.65e+02 4.52e-04  4.94e-01    26s
   8  -1.36298863e+04 -2.25037859e+04  2.33e+01 2.90e-04  2.63e-01    26s
   9  -6.98927095e+02 -1.00182154e+04  1.20e+01 1.84e-04  1.47e-01    26s
  10   7.36772089e+03  8.00806531e+02  4.89e+00 9.64e-05  6.68e-02    27s
  11   1.13569350e+04  8.53869395e+03  1.37e+00 2.52e-05  2.10e-02    27s
  12   1.28360371e+04  1.06803254e+04  6.36e-02 1.18e-05  9.29e-03    27s
  13   1.29046589e+04  1.22604386e+04  7.81e-05 3.63e-06  2.66e-03    27s
  14   1.29043749e+04  1.27526586e+04  1.26e-11 8.58e-07  6.27e-04    27s
  15   1.29040204e+04  1.29006873e+04  5.97e-14 1.30e-07  1.38e-05    27s
  16   1.29040000e+04  1.29039967e+04  3.77e-15 2.21e-09  1.39e-08    27s
  17   1.29040000e+04  1.29040000e+04  1.29e-14 8.17e-10  1.39e-11    28s

Barrier solved model in 17 iterations and 27.57 seconds (64.53 work units)
Optimal objective 1.29040000e+04


Root crossover log...

    2567 DPushes remaining with DInf 0.0000000e+00                28s
       0 DPushes remaining with DInf 0.0000000e+00                28s

   88668 PPushes remaining with PInf 0.0000000e+00                28s
   30501 PPushes remaining with PInf 0.0000000e+00                30s
   10817 PPushes remaining with PInf 0.0000000e+00                35s
       0 PPushes remaining with PInf 0.0000000e+00                39s

  Push phase complete: Pinf 0.0000000e+00, Dinf 1.6917254e-10     39s


Root simplex log...

Iteration    Objective       Primal Inf.    Dual Inf.      Time
   91229    1.2904000e+04   0.000000e+00   0.000000e+00     39s
Concurrent spin time: 10.73s (can be avoided by choosing Method=3)

Solved with barrier
   91229    1.2904000e+04   0.000000e+00   0.000000e+00     50s

Use crossover to convert LP symmetric solution to basic solution...

Root crossover log...

   13808 DPushes remaining with DInf 0.0000000e+00                50s
       0 DPushes remaining with DInf 0.0000000e+00                50s

   72317 PPushes remaining with PInf 0.0000000e+00                50s
   19149 PPushes remaining with PInf 0.0000000e+00                55s
    6640 PPushes remaining with PInf 0.0000000e+00                60s
       0 PPushes remaining with PInf 0.0000000e+00                64s

  Push phase complete: Pinf 0.0000000e+00, Dinf 1.1215882e-10     64s


Root simplex log...

Iteration    Objective       Primal Inf.    Dual Inf.      Time
  163552    1.2904000e+04   0.000000e+00   0.000000e+00     64s
  163552    1.2904000e+04   0.000000e+00   0.000000e+00     64s

Root relaxation: objective 1.290400e+04, 163552 iterations, 43.26 seconds (100.81 work units)

    Nodes    |    Current Node    |     Objective Bounds      |     Work
 Expl Unexpl |  Obj  Depth IntInf | Incumbent    BestBd   Gap | It/Node Time

     0     0 12904.0000    0 23278          - 12904.0000      -     -  447s
H    0     0                    13044.000000 12904.0000  1.07%     -  871s
H    0     0                    12952.000000 12904.0000  0.37%     -  874s

SLURM STATS:
JobID     MaxRSS    Elapsed      State 
------------------------------------------------------------ ---------- ---------- ---------- 
                                                    53350862              01:00:15    TIMEOUT 
                                              53350862.batch  10128352K   01:00:16  CANCELLED 
                                             53350862.extern          0   01:00:15  COMPLETED
