0.JOB_NAME: MIPSolver_1_e869a4b16a
1.SOLVER: MIPSolver
2.PARAMS: {'use_lazy_constraints': True, 'substitute_x_pmdt': False}
3.INSTANCE: /home/ir803925/Kobra/rehabiliation-admission-scheduling/data/comp_study_004/instance_p10_t05_vigh.txt
4.REPETITION: 1
5.CPU_CORES: 8
Current directory: /home/ir803925/Kobra/rehabiliation-admission-scheduling
[34m2025-01-24 11:03:35,258 - DEBUG - Solver: <class 'src.solvers.mip.MIPSolver'>[0m
[34m2025-01-24 11:03:35,258 - DEBUG - Args: {'use_lazy_constraints': True, 'substitute_x_pmdt': False}[0m
[34m2025-01-24 11:03:35,258 - DEBUG - File path /home/ir803925/Kobra/rehabiliation-admission-scheduling/data/comp_study_004/instance_p10_t05_vigh.txt[0m
[34m2025-01-24 11:03:35,262 - DEBUG - ADD INSTANCE DATA[0m
[34m2025-01-24 11:03:35,262 - DEBUG - ADD INSTANCE DATA[0m
[34m2025-01-24 11:03:35,262 - DEBUG - ADD INSTANCE DATA[0m
[34m2025-01-24 11:03:35,262 - DEBUG - ADD INSTANCE DATA[0m
[34m2025-01-24 11:03:35,262 - DEBUG - ADD INSTANCE DATA[0m
[34m2025-01-24 11:03:35,262 - DEBUG - ADD INSTANCE DATA[0m
[34m2025-01-24 11:03:35,262 - DEBUG - ADD INSTANCE DATA[0m
[34m2025-01-24 11:03:35,262 - DEBUG - ADD INSTANCE DATA[0m
[34m2025-01-24 11:03:35,262 - DEBUG - ADD INSTANCE DATA[0m
[34m2025-01-24 11:03:35,262 - DEBUG - ADD INSTANCE DATA[0m
[34m2025-01-24 11:03:35,262 - DEBUG - ADD INSTANCE DATA[0m
[34m2025-01-24 11:03:35,262 - DEBUG - ADD RESOURCE_GROUPS[0m
[34m2025-01-24 11:03:35,262 - DEBUG - ADD RESOURCE_GROUPS[0m
[34m2025-01-24 11:03:35,262 - DEBUG - ADD RESOURCE_GROUPS[0m
[34m2025-01-24 11:03:35,262 - DEBUG - ADD RESOURCE_GROUPS[0m
[34m2025-01-24 11:03:35,262 - DEBUG - ADD RESOURCE_GROUPS[0m
[34m2025-01-24 11:03:35,262 - DEBUG - ADD RESOURCE_GROUPS[0m
[34m2025-01-24 11:03:35,262 - DEBUG - ADD RESOURCE_GROUPS[0m
[34m2025-01-24 11:03:35,262 - DEBUG - ADD RESOURCE_GROUPS[0m
[34m2025-01-24 11:03:35,262 - DEBUG - ADD RESOURCE_GROUPS[0m
[34m2025-01-24 11:03:35,262 - DEBUG - ADD RESOURCE_GROUPS[0m
[34m2025-01-24 11:03:35,262 - DEBUG - ADD RESOURCE_GROUPS[0m
[34m2025-01-24 11:03:35,262 - DEBUG - ADD RESOURCE_GROUPS[0m
[34m2025-01-24 11:03:35,262 - DEBUG - ADD RESOURCES[0m
[34m2025-01-24 11:03:35,263 - DEBUG - ADD RESOURCES[0m
[34m2025-01-24 11:03:35,263 - DEBUG - ADD RESOURCES[0m
[34m2025-01-24 11:03:35,263 - DEBUG - ADD RESOURCES[0m
[34m2025-01-24 11:03:35,263 - DEBUG - ADD RESOURCES[0m
[34m2025-01-24 11:03:35,263 - DEBUG - ADD RESOURCES[0m
[34m2025-01-24 11:03:35,263 - DEBUG - ADD RESOURCES[0m
[34m2025-01-24 11:03:35,263 - DEBUG - ADD RESOURCES[0m
[34m2025-01-24 11:03:35,263 - DEBUG - ADD RESOURCES[0m
[34m2025-01-24 11:03:35,263 - DEBUG - ADD RESOURCES[0m
[34m2025-01-24 11:03:35,263 - DEBUG - ADD RESOURCES[0m
[34m2025-01-24 11:03:35,263 - DEBUG - ADD RESOURCES[0m
[34m2025-01-24 11:03:35,263 - DEBUG - ADD RESOURCES[0m
[34m2025-01-24 11:03:35,264 - DEBUG - ADD TREATMENTS[0m
[34m2025-01-24 11:03:35,264 - DEBUG - ADD TREATMENTS[0m
[34m2025-01-24 11:03:35,264 - DEBUG - ADD TREATMENTS[0m
[34m2025-01-24 11:03:35,264 - DEBUG - ADD TREATMENTS[0m
[34m2025-01-24 11:03:35,264 - DEBUG - ADD TREATMENTS[0m
[34m2025-01-24 11:03:35,264 - DEBUG - ADD TREATMENTS[0m
[34m2025-01-24 11:03:35,264 - DEBUG - ADD TREATMENTS[0m
[34m2025-01-24 11:03:35,264 - DEBUG - ADD TREATMENTS[0m
[34m2025-01-24 11:03:35,264 - DEBUG - ADD TREATMENTS[0m
[34m2025-01-24 11:03:35,264 - DEBUG - ADD TREATMENTS[0m
[34m2025-01-24 11:03:35,264 - DEBUG - ADD TREATMENTS[0m
[34m2025-01-24 11:03:35,264 - DEBUG - ADD TREATMENTS[0m
[34m2025-01-24 11:03:35,264 - DEBUG - ADD TREATMENTS[0m
[34m2025-01-24 11:03:35,264 - DEBUG - ADD TREATMENTS[0m
[34m2025-01-24 11:03:35,264 - DEBUG - ADD TREATMENTS[0m
[34m2025-01-24 11:03:35,265 - DEBUG - ADD TREATMENTS[0m
[34m2025-01-24 11:03:35,265 - DEBUG - ADD TREATMENTS[0m
[34m2025-01-24 11:03:35,265 - DEBUG - ADD TREATMENTS[0m
[34m2025-01-24 11:03:35,265 - DEBUG - ADD TREATMENTS[0m
[34m2025-01-24 11:03:35,265 - DEBUG - ADD TREATMENTS[0m
[34m2025-01-24 11:03:35,266 - DEBUG - ADD TREATMENTS[0m
[34m2025-01-24 11:03:35,266 - DEBUG - ADD TREATMENTS[0m
[34m2025-01-24 11:03:35,266 - DEBUG - ADD PATIENTS[0m
[34m2025-01-24 11:03:35,266 - DEBUG - ADD PATIENTS[0m
[34m2025-01-24 11:03:35,266 - DEBUG - ADD PATIENTS[0m
[34m2025-01-24 11:03:35,267 - DEBUG - ADD PATIENTS[0m
[34m2025-01-24 11:03:35,267 - DEBUG - ADD PATIENTS[0m
[34m2025-01-24 11:03:35,267 - DEBUG - ADD PATIENTS[0m
[34m2025-01-24 11:03:35,267 - DEBUG - ADD PATIENTS[0m
[34m2025-01-24 11:03:35,267 - DEBUG - ADD PATIENTS[0m
[34m2025-01-24 11:03:35,267 - DEBUG - ADD PATIENTS[0m
[34m2025-01-24 11:03:35,267 - DEBUG - ADD PATIENTS[0m
[34m2025-01-24 11:03:35,267 - DEBUG - Instance data:[0m
[34m2025-01-24 11:03:35,267 - DEBUG - 0[0m
[34m2025-01-24 11:03:35,268 - DEBUG - New Resource Group:frozenset({RG(therapists)})[0m
[34m2025-01-24 11:03:35,321 - DEBUG - 1[0m
[34m2025-01-24 11:03:35,321 - DEBUG - New Resource Group:frozenset({RG(physiotherapists)})[0m
[34m2025-01-24 11:03:35,321 - DEBUG - New Resource Group:frozenset({RG(therapists), RG(physiotherapists)})[0m
[34m2025-01-24 11:03:35,321 - DEBUG - 2[0m
[34m2025-01-24 11:03:35,321 - DEBUG - New Resource Group:frozenset({RG(massage_therapist)})[0m
[34m2025-01-24 11:03:35,321 - DEBUG - New Resource Group:frozenset({RG(therapists), RG(massage_therapist)})[0m
[34m2025-01-24 11:03:35,321 - DEBUG - New Resource Group:frozenset({RG(physiotherapists), RG(massage_therapist)})[0m
[34m2025-01-24 11:03:35,321 - DEBUG - New Resource Group:frozenset({RG(therapists), RG(massage_therapist), RG(physiotherapists)})[0m
[34m2025-01-24 11:03:35,321 - DEBUG - 3[0m
[34m2025-01-24 11:03:35,321 - DEBUG - New Resource Group:frozenset({RG(psychotherapists)})[0m
[34m2025-01-24 11:03:35,321 - DEBUG - New Resource Group:frozenset({RG(psychotherapists), RG(therapists)})[0m
[34m2025-01-24 11:03:35,321 - DEBUG - 4[0m
[34m2025-01-24 11:03:35,321 - DEBUG - New Resource Group:frozenset({RG(lifeguards)})[0m
[34m2025-01-24 11:03:35,321 - DEBUG - New Resource Group:frozenset({RG(therapists), RG(lifeguards)})[0m
[34m2025-01-24 11:03:35,321 - DEBUG - 5[0m
[34m2025-01-24 11:03:35,321 - DEBUG - New Resource Group:frozenset({RG(rooms)})[0m
[34m2025-01-24 11:03:35,332 - DEBUG - 6[0m
[34m2025-01-24 11:03:35,333 - DEBUG - 7[0m
[34m2025-01-24 11:03:35,333 - DEBUG - New Resource Group:frozenset({RG(rooms_with_beamer)})[0m
[34m2025-01-24 11:03:35,333 - DEBUG - New Resource Group:frozenset({RG(rooms_with_beamer), RG(rooms)})[0m
[34m2025-01-24 11:03:35,333 - DEBUG - 8[0m
[34m2025-01-24 11:03:35,333 - DEBUG - New Resource Group:frozenset({RG(sport_room)})[0m
[34m2025-01-24 11:03:35,336 - DEBUG - 9[0m
[34m2025-01-24 11:03:35,336 - DEBUG - New Resource Group:frozenset({RG(swimming_pool)})[0m
[34m2025-01-24 11:03:35,340 - DEBUG - 10[0m
[34m2025-01-24 11:03:35,340 - DEBUG - New Resource Group:frozenset({RG(arts_crafts_materials)})[0m
[34m2025-01-24 11:03:35,344 - DEBUG - 11[0m
[34m2025-01-24 11:03:35,344 - DEBUG - New Resource Group:frozenset({RG(fitness_machines)})[0m
[34m2025-01-24 11:03:35,348 - DEBUG - 12[0m
[34m2025-01-24 11:03:35,348 - DEBUG - New Resource Group:frozenset({RG(hydrotherapy_bath)})[0m
[34m2025-01-24 11:03:35,351 - DEBUG - Number of patients: 10[0m
[34m2025-01-24 11:03:35,351 - DEBUG - Number of beds: 10[0m
[34m2025-01-24 11:03:35,351 - DEBUG - Average number of treatments per patient: 161.7[0m
[34m2025-01-24 11:03:35,351 - DEBUG - Average number of treatment per stayed day: 8.983333333333333[0m
[34m2025-01-24 11:03:35,352 - DEBUG - Number of treatments: 1617[0m
[34m2025-01-24 11:03:35,352 - DEBUG - Number of resources: 13[0m
[34m2025-01-24 11:03:35,352 - DEBUG - Number of resource groups: 12[0m
[34m2025-01-24 11:03:35,352 - DEBUG - Number of resource hours needed per all treatment by RG(therapists): 38.675[0m
[34m2025-01-24 11:03:35,352 - DEBUG - Number of resource hours needed per all treatment by RG(rooms): 87.03333333333335[0m
[34m2025-01-24 11:03:35,352 - DEBUG - Number of resource hours needed per all treatment by RG(arts_crafts_materials): 6.708333333333333[0m
[34m2025-01-24 11:03:35,352 - DEBUG - Number of resource hours needed per all treatment by RG(physiotherapists): 123.84166666666667[0m
[34m2025-01-24 11:03:35,352 - DEBUG - Number of resource hours needed per all treatment by RG(lifeguards): 4.520833333333333[0m
[34m2025-01-24 11:03:35,352 - DEBUG - Number of resource hours needed per all treatment by RG(swimming_pool): 4.520833333333333[0m
[34m2025-01-24 11:03:35,352 - DEBUG - Number of resource hours needed per all treatment by RG(hydrotherapy_bath): 9.333333333333334[0m
[34m2025-01-24 11:03:35,352 - DEBUG - Number of resource hours needed per all treatment by RG(sport_room): 96.775[0m
[34m2025-01-24 11:03:35,352 - DEBUG - Number of resource hours needed per all treatment by RG(rooms_with_beamer): 5.395833333333335[0m
[34m2025-01-24 11:03:35,352 - DEBUG - Number of resource hours needed per all treatment by RG(psychotherapists): 44.916666666666664[0m
[34m2025-01-24 11:03:35,352 - DEBUG - Number of resource hours needed per all treatment by RG(massage_therapist): 23.333333333333336[0m
[34m2025-01-24 11:03:35,352 - DEBUG - Number of resource hours needed per all treatment by RG(fitness_machines): 28.0[0m
[32m2025-01-24 11:03:35,352 - INFO - {'solver': 'MIPSolver', 'args': {'use_lazy_constraints': True, 'substitute_x_pmdt': False, 'log_to_console': True}}[0m
[34m2025-01-24 11:03:35,352 - DEBUG - Setting options: MIPSolver[0m
[34m2025-01-24 11:03:35,352 - DEBUG -  ---- use_lazy_constraints to True[0m
[34m2025-01-24 11:03:35,352 - DEBUG -  ---- substitute_x_pmdt to False[0m
[34m2025-01-24 11:03:35,352 - DEBUG -  ---- substitute_x_small to False (default)[0m
[34m2025-01-24 11:03:35,352 - DEBUG - Setting options: Solver[0m
[34m2025-01-24 11:03:35,352 - DEBUG -  ---- number_of_threads to 8 (default)[0m
[34m2025-01-24 11:03:35,352 - DEBUG -  ---- treatment_value to 0 (default)[0m
[34m2025-01-24 11:03:35,352 - DEBUG -  ---- delay_value to 1 (default)[0m
[34m2025-01-24 11:03:35,352 - DEBUG -  ---- missing_treatment_value to 4 (default)[0m
[34m2025-01-24 11:03:35,352 - DEBUG -  ---- log_to_console to True[0m
[34m2025-01-24 11:03:35,352 - DEBUG -  ---- log_to_file to True (default)[0m
[32m2025-01-24 11:03:35,408 - INFO - Create model: MIPSolver[0m
Set parameter TSPort to value 50039
Set parameter TokenServer to value "license.itc.rwth-aachen.de"
Set parameter Threads to value 8
Set parameter LazyConstraints to value 1
[34m2025-01-24 11:03:37,997 - DEBUG - Variables created.[0m
[34m2025-01-24 11:03:41,101 - DEBUG - Constraint (p1) created.[0m
[34m2025-01-24 11:03:41,617 - DEBUG - Constraint (when_admitted) created.[0m
[34m2025-01-24 11:03:42,506 - DEBUG - Constraint (p3) created.[0m
[34m2025-01-24 11:03:42,506 - DEBUG - Constraint (p4) created.[0m
[34m2025-01-24 11:03:42,506 - DEBUG - Constraint (p7) created.[0m
[34m2025-01-24 11:03:43,589 - DEBUG - Constraint (r3) created.[0m
[34m2025-01-24 11:03:44,740 - DEBUG - Constraint (r4) created.[0m
[34m2025-01-24 11:03:46,524 - DEBUG - Constraint (a1) created.[0m
[34m2025-01-24 11:03:46,624 - DEBUG - Constraint (a4) created.[0m
[34m2025-01-24 11:03:46,645 - DEBUG - Constraint (a5) created.[0m
[34m2025-01-24 11:03:46,648 - DEBUG - Constraint (a5) created.[0m
[34m2025-01-24 11:03:46,650 - DEBUG - Constraint (a5) created.[0m
[34m2025-01-24 11:03:46,653 - DEBUG - Constraint (a5) created.[0m
[34m2025-01-24 11:03:46,656 - DEBUG - Constraint (a5) created.[0m
[34m2025-01-24 11:03:46,657 - DEBUG - Constraint (a5) created.[0m
[34m2025-01-24 11:03:46,659 - DEBUG - Constraint (a5) created.[0m
[34m2025-01-24 11:03:46,662 - DEBUG - Constraint (a5) created.[0m
[34m2025-01-24 11:03:46,664 - DEBUG - Constraint (a5) created.[0m
[34m2025-01-24 11:03:46,666 - DEBUG - Constraint (a5) created.[0m
[34m2025-01-24 11:03:46,667 - DEBUG - Constraint (a5) created.[0m
[34m2025-01-24 11:03:46,667 - DEBUG - Constraint (already_admitted) created.[0m
[32m2025-01-24 11:03:47,036 - INFO - Time to create model: 11.628[0m
[32m2025-01-24 11:03:47,036 - INFO - Solving model: MIPSolver[0m
Gurobi Optimizer version 10.0.0 build v10.0.0rc2 (linux64)

CPU model: Intel(R) Xeon(R) Platinum 8468, instruction set [SSE2|AVX|AVX2|AVX512]
Thread count: 96 physical cores, 96 logical processors, using up to 8 threads

Optimize a model with 661644 rows, 449999 columns and 3541188 nonzeros
Model fingerprint: 0x75d634d0
Variable types: 2 continuous, 449997 integer (449997 binary)
Coefficient statistics:
  Matrix range     [1e+00, 1e+01]
  Objective range  [1e+00, 4e+00]
  Bounds range     [1e+00, 1e+00]
  RHS range        [1e+00, 6e+03]
Presolve removed 499509 rows and 273494 columns (presolve time = 5s) ...
Presolve removed 499503 rows and 273488 columns
Presolve time: 5.91s
Presolved: 162141 rows, 176511 columns, 1244037 nonzeros
Variable types: 0 continuous, 176511 integer (176508 binary)
Root relaxation presolved: 162088 rows, 176558 columns, 1212133 nonzeros

Deterministic concurrent LP optimizer: primal simplex, dual simplex, and barrier
Showing barrier log only...

Root barrier log...

Ordering time: 0.84s

Barrier statistics:
 Dense cols : 3
 AA' NZ     : 2.972e+06
 Factor NZ  : 1.119e+07 (roughly 230 MB of memory)
 Factor Ops : 2.054e+09 (less than 1 second per iteration)
 Threads    : 6

                  Objective                Residual
Iter       Primal          Dual         Primal    Dual     Compl     Time
   0  -9.45177161e+06 -8.39870827e+05  2.86e+05 2.00e+00  4.12e+02     9s
   1  -8.17560513e+06 -8.63936478e+05  2.48e+05 4.24e+00  3.58e+02     9s
   2  -6.04902081e+06 -8.91697187e+05  1.84e+05 4.34e+00  2.68e+02     9s
   3  -3.98360846e+06 -9.45894848e+05  1.21e+05 2.26e+00  1.78e+02    10s
   4  -8.65900497e+05 -9.98109113e+05  2.64e+04 2.62e-04  4.30e+01    10s
   5  -1.24991822e+05 -7.38289480e+05  3.94e+03 1.98e-04  7.45e+00    10s
   6  -7.38603907e+04 -5.73579607e+05  2.39e+03 1.07e-04  4.65e+00    10s
   7  -4.16441447e+04 -5.19091890e+05  1.41e+03 8.87e-05  3.10e+00    10s
   8  -2.28015047e+04 -4.26911011e+05  8.39e+02 6.01e-05  2.06e+00    10s
   9  -1.37614680e+04 -3.72667624e+05  5.64e+02 5.16e-05  1.56e+00    10s
  10  -9.68403917e+03 -3.01509390e+05  4.40e+02 4.76e-05  1.22e+00    11s
  11  -3.22177564e+03 -2.38527030e+05  2.44e+02 3.72e-05  8.23e-01    11s
  12   1.27173041e+03 -1.36004187e+05  1.06e+02 1.77e-05  4.22e-01    11s
  13   3.82535960e+03 -7.28228748e+04  2.51e+01 9.88e-06  1.91e-01    11s
  14   4.44636731e+03 -2.82215109e+04  4.03e+00 3.64e-06  7.32e-02    11s
  15   4.51405763e+03 -1.27180808e+04  4.90e-01 1.69e-06  3.72e-02    11s
  16   4.47885162e+03 -5.75004711e+03  1.90e-01 8.36e-07  2.20e-02    11s
  17   4.46598321e+03 -2.70277802e+03  1.65e-01 6.82e-07  1.54e-02    12s
  18   4.46041135e+03 -2.12370003e+03  1.50e-01 6.10e-07  1.42e-02    12s
  19   4.40649723e+03 -3.67201103e+02  9.75e-02 3.55e-07  1.03e-02    12s
  20   4.37985441e+03  1.36042860e+03  7.48e-02 6.97e-08  6.49e-03    12s
  21   4.33346782e+03  2.07913283e+03  5.00e-02 1.00e-08  4.84e-03    12s
  22   4.28863068e+03  2.96371302e+03  3.06e-02 1.66e-07  2.84e-03    12s
  23   4.27052347e+03  3.33447719e+03  2.62e-02 1.30e-07  2.01e-03    12s
  24   4.23968127e+03  3.52984200e+03  2.08e-02 1.04e-07  1.52e-03    13s
  25   4.22957916e+03  3.59314412e+03  1.89e-02 9.70e-08  1.37e-03    13s
  26   4.20371158e+03  3.71055230e+03  1.45e-02 1.09e-07  1.06e-03    13s
  27   4.17215663e+03  3.84181563e+03  9.67e-03 6.70e-08  7.09e-04    13s
  28   4.16186518e+03  3.90172239e+03  8.32e-03 7.78e-08  5.59e-04    13s
  29   4.14672859e+03  3.94387800e+03  6.48e-03 7.08e-08  4.36e-04    13s
  30   4.14241809e+03  3.97392769e+03  5.70e-03 6.33e-08  3.62e-04    14s
  31   4.13327775e+03  3.99707280e+03  4.35e-03 5.75e-08  2.92e-04    14s
  32   4.12701612e+03  4.00888979e+03  3.39e-03 5.43e-08  2.54e-04    14s
  33   4.11939691e+03  4.03039596e+03  2.19e-03 3.98e-08  1.91e-04    14s
  34   4.11628044e+03  4.04804782e+03  1.67e-03 2.82e-08  1.46e-04    14s
  35   4.11581011e+03  4.05710507e+03  1.58e-03 2.43e-08  1.26e-04    14s
  36   4.11412250e+03  4.06792690e+03  1.18e-03 2.14e-08  9.92e-05    15s
  37   4.11175805e+03  4.08918020e+03  6.06e-04 6.38e-09  4.85e-05    15s
  38   4.11000588e+03  4.09664917e+03  1.73e-04 4.46e-09  2.87e-05    15s
  39   4.10918473e+03  4.10757616e+03  2.33e-05 8.96e-10  3.45e-06    15s
  40   4.10901005e+03  4.10897120e+03  9.59e-07 3.46e-12  8.34e-08    15s
  41   4.10900000e+03  4.10900000e+03  4.76e-11 8.88e-15  4.25e-12    15s

Barrier solved model in 41 iterations and 15.43 seconds (24.14 work units)
Optimal objective 4.10900000e+03


Root crossover log...

   31665 DPushes remaining with DInf 0.0000000e+00                16s
       0 DPushes remaining with DInf 0.0000000e+00                16s

   73080 PPushes remaining with PInf 0.0000000e+00                16s
   11198 PPushes remaining with PInf 0.0000000e+00                20s
    2749 PPushes remaining with PInf 0.0000000e+00                25s
       0 PPushes remaining with PInf 0.0000000e+00                28s

  Push phase complete: Pinf 0.0000000e+00, Dinf 7.1705108e-10     28s


Root simplex log...

Iteration    Objective       Primal Inf.    Dual Inf.      Time
  100100    4.1090000e+03   0.000000e+00   0.000000e+00     28s
Concurrent spin time: 6.12s (can be avoided by choosing Method=3)

Solved with barrier
  100100    4.1090000e+03   0.000000e+00   0.000000e+00     34s

Root relaxation: objective 4.109000e+03, 100100 iterations, 26.66 seconds (41.90 work units)

    Nodes    |    Current Node    |     Objective Bounds      |     Work
 Expl Unexpl |  Obj  Depth IntInf | Incumbent    BestBd   Gap | It/Node Time

     0     0 4109.00000    0 19829          - 4109.00000      -     -  181s
H    0     0                    4764.0000000 4109.00000  13.7%     -  197s
H    0     0                    4660.0000000 4109.00000  11.8%     -  197s
H    0     0                    4636.0000000 4109.00000  11.4%     -  197s
H    0     0                    4440.0000000 4109.00000  7.45%     -  212s
     0     0 4109.00000    0 18929 4440.00000 4109.00000  7.45%     -  356s
H    0     0                    4436.0000000 4109.00000  7.37%     -  356s
H    0     0                    4344.0000000 4109.00000  5.41%     -  640s
     0     0 4109.00000    0 17511 4344.00000 4109.00000  5.41%     -  703s
     0     0 4109.00000    0 16386 4344.00000 4109.00000  5.41%     - 1019s
H    0     0                    4336.0000000 4109.00000  5.24%     - 1020s
H    0     0                    4264.0000000 4109.00000  3.64%     - 1029s
     0     0 4109.00000    0 15837 4264.00000 4109.00000  3.64%     - 1057s
     0     0 4109.00000    0 14230 4264.00000 4109.00000  3.64%     - 1386s
     0     0 4109.00000    0 13655 4264.00000 4109.00000  3.64%     - 1419s
     0     0 4109.00000    0 12213 4264.00000 4109.00000  3.64%     - 1723s
     0     0 4109.00000    0 12213 4264.00000 4109.00000  3.64%     - 1727s
     0     0 4109.00000    0 12213 4264.00000 4109.00000  3.64%     - 1740s
     0     0 4109.00000    0 12213 4264.00000 4109.00000  3.64%     - 1751s
H    0     0                    4224.0000000 4109.00000  2.72%     - 1755s
     0     0 4109.00000    0 11936 4224.00000 4109.00000  2.72%     - 1776s
     0     0 4109.00000    0 11303 4224.00000 4109.00000  2.72%     - 2025s
     0     0 4109.00000    0 11281 4224.00000 4109.00000  2.72%     - 2029s
     0     0 4109.00000    0 10727 4224.00000 4109.00000  2.72%     - 2263s
     0     0 4109.00000    0 10727 4224.00000 4109.00000  2.72%     - 2307s
H    0     0                    4196.0000000 4109.00000  2.07%     - 2351s
     0     0 4109.00000    0 10677 4196.00000 4109.00000  2.07%     - 2354s
     0     0 4109.00000    0 10060 4196.00000 4109.00000  2.07%     - 2576s
     0     0 4109.00000    0 10018 4196.00000 4109.00000  2.07%     - 2580s
     0     0 4109.00000    0 9314 4196.00000 4109.00000  2.07%     - 2826s
     0     0 4109.00000    0 9314 4196.00000 4109.00000  2.07%     - 2832s
H    0     0                    4180.0000000 4109.00000  1.70%     - 2846s
     0     0 4109.00000    0 9287 4180.00000 4109.00000  1.70%     - 2847s
     0     0 4109.00000    0 8571 4180.00000 4109.00000  1.70%     - 3066s

SLURM STATS:
JobID     MaxRSS    Elapsed      State 
------------------------------------------------------------ ---------- ---------- ---------- 
                                                    53352904              01:00:24    TIMEOUT 
                                              53352904.batch   6384376K   01:00:25  CANCELLED 
                                             53352904.extern          0   01:00:24  COMPLETED
